Warning, the following versions were found for 3to2
1.1.1
1.1
1.0
0.1
0.1b1
0.1a3
0.1a2
0.1a1
Using 1.1.1
Use --version to specify a different version.
Using url https://pypi.python.org/packages/source/3/3to2/3to2-1.1.1.zip (77 KB) for 3to2.
Downloading 3to2 (use --no-download to skip this step)
Using cached download
Unpacking 3to2...
done
working in /tmp/tmpoW7Izsconda_skeleton_3to2-1.1.1.zip
Fetching package metadata: ......
Solving package specifications: .patching file core.py
Hunk #1 succeeded at 168 with fuzz 2 (offset 2 lines).

The following NEW packages will be INSTALLED:

    numpy:  1.9.2-py27_0
    pyyaml: 3.11-py27_0 
    yaml:   0.1.4-0     

Linking packages ...
[                    ]|                                                  |   0%[yaml                ]|                                                  |   0%[numpy               ]|################                                  |  33%[pyyaml              ]|#################################                 |  66%[      COMPLETE      ]|##################################################| 100%
Applying patch: '/tmp/tmpoW7Izsconda_skeleton_3to2-1.1.1.zip/pypi-distutils.patch'
Writing recipe for 3to2
Done
