Warning, the following versions were found for AccessControl
3.0.11
3.0.10
3.0.9
3.0.8
3.0.7
3.0.6
3.0.5
3.0.4
3.0.3
3.0.2
3.0.1
3.0
2.13.13
2.13.12
2.13.11
2.13.10
2.13.9
2.13.8
2.13.7
2.13.6
2.13.5
2.13.4
2.13.3
2.13.2
2.13.1
2.13.0
Using 3.0.11
Use --version to specify a different version.
Using url https://pypi.python.org/packages/source/A/AccessControl/AccessControl-3.0.11.tar.gz (98 KB) for AccessControl.
Downloading AccessControl (use --no-download to skip this step)
Using cached download
Unpacking AccessControl...
done
working in /tmp/tmpXAbjP0conda_skeleton_AccessControl-3.0.11.tar.gz
Fetching package metadata: ......
Solving package specifications: .patching file core.py
Hunk #1 succeeded at 168 with fuzz 2 (offset 2 lines).
Traceback (most recent call last):
  File "setup.py", line 16, in <module>
    from setuptools import setup, find_packages, Extension
ImportError: No module named setuptools

Applying patch: '/tmp/tmpXAbjP0conda_skeleton_AccessControl-3.0.11.tar.gz/pypi-distutils.patch'
$PYTHONPATH = /tmp/tmpXAbjP0conda_skeleton_AccessControl-3.0.11.tar.gz/AccessControl-3.0.11
Error: command failed: /home/ubuntu/miniconda/envs/_build/bin/python setup.py install
