Warning, the following versions were found for Acquisition
4.2.2
4.2.1
4.2
4.1
4.0.3
4.0.2
4.0.1
4.0
4.0a1
2.13.9
2.13.8
2.13.7
2.13.6
2.13.5
2.13.4
2.13.3
2.13.2
2.13.1
2.13.0
2.12.4
2.12.3
2.12.2
2.12.1
2.12.0a1
2.11.3
2.11.2
2.11.1
2.11.0b1
Using 4.2.2
Use --version to specify a different version.
Using url https://pypi.python.org/packages/source/A/Acquisition/Acquisition-4.2.2.tar.gz (64 KB) for Acquisition.
Downloading Acquisition (use --no-download to skip this step)
Using cached download
Unpacking Acquisition...
done
working in /tmp/tmpQkTqB8conda_skeleton_Acquisition-4.2.2.tar.gz
Fetching package metadata: ......
Solving package specifications: .patching file core.py
Hunk #1 succeeded at 168 with fuzz 2 (offset 2 lines).

The following NEW packages will be INSTALLED:

    numpy:      1.9.2-py27_0
    openssl:    1.0.1k-1    
    pip:        7.0.3-py27_0
    python:     2.7.10-0    
    pyyaml:     3.11-py27_0 
    readline:   6.2-2       
    setuptools: 17.0-py27_0 
    sqlite:     3.8.4.1-1   
    system:     5.8-2       
    tk:         8.5.18-0    
    zlib:       1.2.8-0     

Linking packages ...
[                    ]|                                                  |   0%[openssl             ]|                                                  |   0%[readline            ]|####                                              |   9%[sqlite              ]|#########                                         |  18%[system              ]|#############                                     |  27%[tk                  ]|##################                                |  36%[zlib                ]|######################                            |  45%[numpy               ]|###########################                       |  54%[python              ]|###############################                   |  63%[pyyaml              ]|####################################              |  72%[setuptools          ]|########################################          |  81%[pip                 ]|#############################################     |  90%[      COMPLETE      ]|##################################################| 100%
Applying patch: '/tmp/tmpQkTqB8conda_skeleton_Acquisition-4.2.2.tar.gz/pypi-distutils.patch'
extensionclass not found, trying ExtensionClass
Warning, the following versions were found for ExtensionClass
4.1.2
4.1.1
4.1
4.1b1
4.1a1
4.0
4.0a1
2.13.2
2.13.1
2.13.0
2.12.0
2.11.3
2.11.2
2.11.1
2.11.0b1
Using 4.1.2
Use --version to specify a different version.
Using url https://pypi.python.org/packages/source/E/ExtensionClass/ExtensionClass-4.1.2.tar.gz (30 KB) for ExtensionClass.
Downloading ExtensionClass (use --no-download to skip this step)
Using cached download
Unpacking ExtensionClass...
done
working in /tmp/tmphp3mC5conda_skeleton_ExtensionClass-4.1.2.tar.gz
Solving package specifications: .patching file core.py
Hunk #1 succeeded at 168 with fuzz 2 (offset 2 lines).

Applying patch: '/tmp/tmphp3mC5conda_skeleton_ExtensionClass-4.1.2.tar.gz/pypi-distutils.patch'
Writing recipe for extensionclass
Writing recipe for acquisition
Done
