Warning, the following versions were found for adrest
3.3.2
3.3.1
3.3.0
3.2.3
3.2.1
3.1.0
3.0.3
3.0.2
3.0.1
3.0.0
2.2.2
2.2.1
2.2.0
2.1.14
2.1.13
2.1.12
2.1.11
2.1.10
2.1.9
2.1.8
2.1.7
2.1.6
2.1.5
2.1.4
2.1.3
2.1.2
2.1.1
2.1.0
2.0.11
2.0.10
2.0.9
2.0.8
2.0.7
2.0.6
2.0.5
2.0.4
2.0.3
2.0.2
2.0.1
2.0.0
1.9.10
1.9.9
1.9.8
1.9.7
1.9.6
1.9.5
1.9.2
1.9.1
1.9.0
1.8.9
1.8.8
1.8.7
1.8.6
1.8.5
1.8.4
1.8.3
1.8.2
1.8.1
1.8.0
1.7.0
1.6.0
1.5.0
1.4.3
1.4.2
1.4.1
1.4.0
1.3.0
1.2.11
1.2.10
1.2.9
1.2.8
1.2.7
1.2.6
1.2.5
1.2.4
1.2.3
1.2.2
1.2.1
1.2.0
1.1.21
1.1.20
1.1.19
1.1.18
1.1.17
1.1.16
1.1.15
1.1.14
1.1.12
1.1.11
1.1.10
1.1.9
1.1.8
1.1.7
1.1.6
1.1.5
1.1.4
1.1.3
1.1.2
1.1.1
1.0.19
1.0.18
1.0.17
1.0.16
1.0.15
1.0.14
1.0.13
1.0.12
1.0.11
1.0.10
1.0.9
1.0.8
1.0.7
1.0.6
1.0.5
1.0.4
1.0.3
1.0.2
1.0.1
1.0.0
0.7.93
0.7.92
0.7.91
0.7.9
0.7.8
0.7.7
0.7.6
0.7.5
0.7.4
0.7.3
0.7.2
0.7.1
0.7.0
0.6.62
0.6.61
0.6.6
0.6.5
0.6.4
0.6.3
0.6.2
0.6.1
0.6.0
0.5.97
0.5.96
0.5.95
0.5.94
0.5.93
0.5.92
0.5.91
0.5.9
0.5.8
0.5.7
0.5.6
0.5.5
0.5.4
0.5.3
0.5.2
0.5.1
0.5.0
0.4.7
0.4.6
0.4.5
0.4.4
0.4.3
0.4.2
0.4.1
0.4.0
0.3.11
0.3.1
0.2.95
0.2.94
0.2.93
0.2.92
0.2.91
0.2.9
0.2.8
0.2.7
0.2.6
0.2.5
0.2.4
0.2.3
0.2.2
0.2.1
0.2.0
Using 3.3.2
Use --version to specify a different version.
Using url https://pypi.python.org/packages/source/a/adrest/adrest-3.3.2.tar.gz (95 KB) for adrest.
Downloading adrest (use --no-download to skip this step)
Using cached download
Unpacking adrest...
done
working in /tmp/tmpjWTDGVconda_skeleton_adrest-3.3.2.tar.gz
Fetching package metadata: ......
Solving package specifications: .patching file core.py
Hunk #1 succeeded at 168 with fuzz 2 (offset 2 lines).
Traceback (most recent call last):
  File "setup.py", line 6, in <module>
    from setuptools import setup, find_packages
ImportError: No module named setuptools

The following NEW packages will be INSTALLED:

    numpy:  1.9.2-py27_0
    pyyaml: 3.11-py27_0 

Linking packages ...
[                    ]|                                                  |   0%[numpy               ]|                                                  |   0%[pyyaml              ]|#########################                         |  50%[      COMPLETE      ]|##################################################| 100%
Applying patch: '/tmp/tmpjWTDGVconda_skeleton_adrest-3.3.2.tar.gz/pypi-distutils.patch'
$PYTHONPATH = /tmp/tmpjWTDGVconda_skeleton_adrest-3.3.2.tar.gz/adrest-3.3.2
Error: command failed: /home/ubuntu/miniconda/envs/_build/bin/python setup.py install
