Warning, the following versions were found for affine
1.2.0
1.1.0
1.0.1
1.0
Using 1.2.0
Use --version to specify a different version.
Using url https://pypi.python.org/packages/source/a/affine/affine-1.2.0.tar.gz (11 KB) for affine.
Downloading affine (use --no-download to skip this step)
Unpacking affine...
done
working in /tmp/tmp41e1ghconda_skeleton_affine-1.2.0.tar.gz
Fetching package metadata: ......
Solving package specifications: .patching file core.py
Hunk #1 succeeded at 168 with fuzz 2 (offset 2 lines).
Traceback (most recent call last):
  File "setup.py", line 2, in <module>
    from setuptools import setup, find_packages
ImportError: No module named setuptools

The following NEW packages will be INSTALLED:

    numpy:  1.9.2-py27_0
    pyyaml: 3.11-py27_0 

Linking packages ...
[                    ]|                                                  |   0%[numpy               ]|                                                  |   0%[pyyaml              ]|#########################                         |  50%[      COMPLETE      ]|##################################################| 100%
Applying patch: '/tmp/tmp41e1ghconda_skeleton_affine-1.2.0.tar.gz/pypi-distutils.patch'
$PYTHONPATH = /tmp/tmp41e1ghconda_skeleton_affine-1.2.0.tar.gz/affine-1.2.0
Error: command failed: /home/ubuntu/miniconda/envs/_build/bin/python setup.py install
