Removing old build directory
Removing old work directory
BUILD START: aioeventlet-0.4-py_0
Fetching package metadata: ......
Solving package specifications: .+ pip install aioeventlet
Collecting aioeventlet
  Downloading http://localhost/packages/2.7/a/aioeventlet/aioeventlet-0.4-py2-none-any.whl
Collecting eventlet (from aioeventlet)
  Downloading http://localhost/packages/3.4/e/eventlet/eventlet-0.17.4-py2.py3-none-any.whl (136kB)
Collecting trollius>=0.3 (from aioeventlet)
  Downloading http://localhost/packages/2.7/t/trollius/trollius-1.0.4-py27-none-any.whl (107kB)
Collecting greenlet>=0.3 (from eventlet->aioeventlet)
  Downloading http://localhost/packages/source/g/greenlet/greenlet-0.4.6.zip (77kB)
setuptools must be installed to install from a source distribution

The following NEW packages will be INSTALLED:

    openssl:    1.0.1k-1     
    pip:        7.0.3-py27_0 
    python:     2.7.10-0     
    readline:   6.2-2        
    setuptools: 17.1.1-py27_0
    sqlite:     3.8.4.1-1    
    system:     5.8-2        
    tk:         8.5.18-0     
    zlib:       1.2.8-0      

Linking packages ...
[                    ]|                                                  |   0%[openssl             ]|                                                  |   0%[readline            ]|#####                                             |  11%[sqlite              ]|###########                                       |  22%[system              ]|################                                  |  33%[tk                  ]|######################                            |  44%[zlib                ]|###########################                       |  55%[python              ]|#################################                 |  66%[setuptools          ]|######################################            |  77%[pip                 ]|############################################      |  88%[      COMPLETE      ]|##################################################| 100%
Removing old work directory
Copying /home/ubuntu/pypi-conda-builds/aioeventlet to /home/ubuntu/miniconda/conda-bld/work
Package: aioeventlet-0.4-py_0
source tree in: /home/ubuntu/miniconda/conda-bld/work
Command failed: /bin/bash -x -e /home/ubuntu/pypi-conda-builds/aioeventlet/build.sh
Package search: {'_pypi_ordering': False, 'version': '0.4', 'name': 'aioeventlet', 'summary': 'asyncio event loop scheduling callbacks in eventlet.'}
Creating standard recipe for aioeventlet-0.4
Converting recipe in /home/ubuntu/pypi-conda-builds/aioeventlet
package = aioeventlet
   dependencies = []
Building conda package for aioeventlet
