Warning, the following versions were found for aiohttp
0.16.5
0.16.4
0.16.3
0.16.2
0.16.1
0.16.0
0.15.3
0.15.2
0.15.1
0.15.0
0.14.4
0.14.3
0.14.2
0.14.1
0.14.0
0.13.1
0.13.0
0.12.0
0.11.0
0.10.2
0.10.1
0.10.0
0.9.3
0.9.2
0.9.1
0.9.0
0.8.4
0.8.3
0.8.2
0.8.1
0.8.0
0.7.3
0.7.2
0.7.1
0.7.0
0.6.5
0.6.4
0.6.3
0.6.2
0.6.1
0.6.0
0.5.0
0.4.4
0.4.3
0.4.2
0.4.1
0.4
0.3
0.2
0.1
Using 0.16.5
Use --version to specify a different version.
Using url https://pypi.python.org/packages/source/a/aiohttp/aiohttp-0.16.5.tar.gz (1.5 MB) for aiohttp.
Downloading aiohttp (use --no-download to skip this step)
Unpacking aiohttp...
done
working in /tmp/tmpzetrUcconda_skeleton_aiohttp-0.16.5.tar.gz
Fetching package metadata: ......
Solving package specifications: .patching file core.py
Hunk #1 succeeded at 168 with fuzz 2 (offset 2 lines).
Traceback (most recent call last):
  File "setup.py", line 5, in <module>
    from setuptools import setup, find_packages, Extension
ImportError: No module named setuptools

Applying patch: '/tmp/tmpzetrUcconda_skeleton_aiohttp-0.16.5.tar.gz/pypi-distutils.patch'
$PYTHONPATH = /tmp/tmpzetrUcconda_skeleton_aiohttp-0.16.5.tar.gz/aiohttp-0.16.5
Error: command failed: /home/ubuntu/miniconda/envs/_build/bin/python setup.py install
