Warning, the following versions were found for alembic
0.7.6
0.7.5.post2
0.7.5.post1
0.7.4
0.7.3
0.7.2
0.7.1
0.7.0
0.6.7
0.6.6
0.6.5
0.6.4
0.6.3
0.6.2
0.6.1
0.6.0
0.5.0
0.4.2
0.4.1
0.4.0
0.3.6
0.3.5
0.3.4
0.3.2
0.3.1
0.3.0
0.2.2
0.2.1
0.2.0
0.1.1
0.1.0
0.1alphadev
0.1.0dev
Using 0.7.6
Use --version to specify a different version.
Using url https://pypi.python.org/packages/source/a/alembic/alembic-0.7.6.tar.gz (609 KB) for alembic.
Downloading alembic (use --no-download to skip this step)
Using cached download
Unpacking alembic...
done
working in /tmp/tmpA7iLP9conda_skeleton_alembic-0.7.6.tar.gz
Fetching package metadata: ......
Solving package specifications: .patching file core.py
Hunk #1 succeeded at 168 with fuzz 2 (offset 2 lines).

Applying patch: '/tmp/tmpA7iLP9conda_skeleton_alembic-0.7.6.tar.gz/pypi-distutils.patch'
Writing recipe for alembic
Done
