Warning, the following versions were found for amqplib
1.0.2
1.0.1
1.0.0
0.6.1
0.6
0.5
0.3
0.2
0.1
Using 1.0.2
Use --version to specify a different version.
Using url https://pypi.python.org/packages/source/a/amqplib/amqplib-1.0.2.tgz (57 KB) for amqplib.
Downloading amqplib (use --no-download to skip this step)
Using cached download
Unpacking amqplib...
done
working in /tmp/tmp0YMHnJconda_skeleton_amqplib-1.0.2.tgz
Fetching package metadata: ......
Solving package specifications: .patching file core.py
Hunk #1 succeeded at 168 with fuzz 2 (offset 2 lines).

Applying patch: '/tmp/tmp0YMHnJconda_skeleton_amqplib-1.0.2.tgz/pypi-distutils.patch'
Writing recipe for amqplib
Done
