Package search: {'_pypi_ordering': False, 'version': '1.4.6', 'name': 'amqp', 'summary': 'Low-level AMQP client for Python (fork of amqplib)'}
Fetching package metadata: ....
Removing old build directory
Removing old work directory
BUILD START: amqp-1.4.6-py27_0
Fetching package metadata: ......
Solving package specifications: .+ pip install amqp
Collecting amqp
  Downloading http://localhost/packages/2.7/a/amqp/amqp-1.4.6-py2-none-any.whl (49kB)
Installing collected packages: amqp
Successfully installed amqp-1.4.6

The following NEW packages will be INSTALLED:

    openssl:    1.0.1k-1    
    pip:        7.0.3-py27_0
    python:     2.7.10-0    
    readline:   6.2-2       
    setuptools: 17.0-py27_0 
    sqlite:     3.8.4.1-1   
    system:     5.8-2       
    tk:         8.5.18-0    
    zlib:       1.2.8-0     

Linking packages ...
[                    ]|                                                  |   0%[openssl             ]|                                                  |   0%[readline            ]|#####                                             |  11%[sqlite              ]|###########                                       |  22%[system              ]|################                                  |  33%[tk                  ]|######################                            |  44%[zlib                ]|###########################                       |  55%[python              ]|#################################                 |  66%[setuptools          ]|######################################            |  77%[pip                 ]|############################################      |  88%[      COMPLETE      ]|##################################################| 100%
Removing old work directory
Copying /home/ubuntu/pypi-conda-builds/amqp to /home/ubuntu/miniconda/conda-bld/work
Package: amqp-1.4.6-py27_0
source tree in: /home/ubuntu/miniconda/conda-bld/work
number of files: 30
Fixing permissions
Fixing permissions
BUILD END: amqp-1.4.6-py27_0
# If you want to upload this package to binstar.org later, type:
#
# $ binstar upload /home/ubuntu/miniconda/conda-bld/linux-64/amqp-1.4.6-py27_0.tar.bz2
#
# To have conda build upload to binstar automatically, use
# $ conda config --set binstar_upload yes

Creating standard recipe for amqp-1.4.6
Converting recipe in /home/ubuntu/pypi-conda-builds/amqp
package = amqp
   dependencies = []
Building conda package for amqp
