Warning, the following versions were found for androidviewclient
10.5.1
10.5.0
10.4.0
10.3.0
10.2.1
10.2.0
10.1.8
10.1.5
10.1.0
10.0.0
9.6.1
9.6.0
9.2.1
9.2.0
9.0.1
9.0.0
8.27.1
8.26.0
8.25.0
8.24.6
8.24.5
8.23.0
8.19.0
8.18.1
8.17.3
8.15.3
8.15.2
8.15.1
8.15.0
8.14.3
8.14.2
8.13.1
8.12.3
8.12.2
8.11.1
8.11.0
8.10.1
8.10.0
8.9.0
8.7.0
8.6.0
8.5.0
8.4.1
8.3.6
8.3.5
8.3.4
8.3.2
8.3.1
8.1.1
8.1.0
8.0.5
8.0.4
8.0.3
8.0.2
8.0.1
8.0.0
7.6.1
7.6.0
7.5.2
7.5.1
7.5.0
7.4.0
7.3.3
7.3.2
7.3.1
7.3.0
7.2.0
7.1.3
7.1.2
7.1.1
7.1.0
7.0.4
7.0.3
7.0.2
7.0.1
7.0.0
6.1.0
6.0.0
5.6.2
5.6.0
5.5.0
5.4.7
5.4.6
5.4.5
5.4.4
5.4.3
5.4.2
5.4.1
5.4.0
5.3.2
5.3.1
5.3.0
5.2.0
5.1.1
5.1.0
5.0.0
4.11.0
4.10.2
4.10.1
4.10.0
4.8.0
4.7.2
4.7.1
4.6.0
4.5.3
Using 10.5.1
Use --version to specify a different version.
Error: Could not parse url for androidviewclient: UNKNOWN
