Package search: {'_pypi_ordering': False, 'version': '1.0.0', 'name': 'aniso8601', 'summary': 'A library for parsing ISO 8601 strings.'}
Fetching package metadata: ....
Removing old build directory
Removing old work directory
BUILD START: aniso8601-1.0.0-py27_0
Fetching package metadata: ......
Solving package specifications: .+ pip install aniso8601
Collecting aniso8601
  Downloading http://localhost/packages/source/a/aniso8601/aniso8601-1.0.0.tar.gz (44kB)
Installing collected packages: aniso8601
  Running setup.py install for aniso8601
Successfully installed aniso8601-1.0.0

The following NEW packages will be INSTALLED:

    openssl:    1.0.1k-1    
    pip:        7.0.3-py27_0
    python:     2.7.10-0    
    readline:   6.2-2       
    setuptools: 17.0-py27_0 
    sqlite:     3.8.4.1-1   
    system:     5.8-2       
    tk:         8.5.18-0    
    zlib:       1.2.8-0     

Linking packages ...
[                    ]|                                                  |   0%[openssl             ]|                                                  |   0%[readline            ]|#####                                             |  11%[sqlite              ]|###########                                       |  22%[system              ]|################                                  |  33%[tk                  ]|######################                            |  44%[zlib                ]|###########################                       |  55%[python              ]|#################################                 |  66%[setuptools          ]|######################################            |  77%[pip                 ]|############################################      |  88%[      COMPLETE      ]|##################################################| 100%
Removing old work directory
Copying /home/ubuntu/pypi-conda-builds/aniso8601 to /home/ubuntu/miniconda/conda-bld/work
Package: aniso8601-1.0.0-py27_0
source tree in: /home/ubuntu/miniconda/conda-bld/work
number of files: 21
Fixing permissions
Fixing permissions
BUILD END: aniso8601-1.0.0-py27_0
# If you want to upload this package to binstar.org later, type:
#
# $ binstar upload /home/ubuntu/miniconda/conda-bld/linux-64/aniso8601-1.0.0-py27_0.tar.bz2
#
# To have conda build upload to binstar automatically, use
# $ conda config --set binstar_upload yes

Creating standard recipe for aniso8601-1.0.0
Converting recipe in /home/ubuntu/pypi-conda-builds/aniso8601
package = aniso8601
   dependencies = []
Building conda package for aniso8601
