Warning, the following versions were found for aniso8601
1.0.0
0.92
0.91
0.90
0.85
0.84
0.83
0.82
0.81
0.80
0.70
0.60
0.50
0.49
0.48
Using 1.0.0
Use --version to specify a different version.
Using url https://pypi.python.org/packages/source/a/aniso8601/aniso8601-1.0.0.tar.gz (43 KB) for aniso8601.
Downloading aniso8601 (use --no-download to skip this step)
Using cached download
Unpacking aniso8601...
done
working in /tmp/tmpAu_1Y_conda_skeleton_aniso8601-1.0.0.tar.gz
Fetching package metadata: ......
Solving package specifications: .patching file core.py
Hunk #1 succeeded at 168 with fuzz 2 (offset 2 lines).

The following NEW packages will be INSTALLED:

    numpy:  1.9.2-py27_0
    pyyaml: 3.11-py27_0 
    yaml:   0.1.4-0     

Linking packages ...
[                    ]|                                                  |   0%[yaml                ]|                                                  |   0%[numpy               ]|################                                  |  33%[pyyaml              ]|#################################                 |  66%[      COMPLETE      ]|##################################################| 100%
Applying patch: '/tmp/tmpAu_1Y_conda_skeleton_aniso8601-1.0.0.tar.gz/pypi-distutils.patch'
Writing recipe for aniso8601
Done
