Warning, the following versions were found for ansi2html
1.1.0
1.0.9
1.0.7
1.0.6
1.0.5
1.0.4
1.0.3
1.0.2
1.0.1
1.0.0
0.10.0
0.9.4
0.9.3
0.9.2
0.9.1
0.9.0
0.8.7
0.8.6
0.8.5
0.8.4
0.8.4b
0.8.4a
0.8.3
0.8.2
0.8.1
0.8.0
0.7.0
0.6.9
0.6.8
0.6.7
0.6.5
0.6.4
0.6.3
0.6.2
0.6.1
0.6.0
0.5.2
Using 1.1.0
Use --version to specify a different version.
Using url https://pypi.python.org/packages/source/a/ansi2html/ansi2html-1.1.0.tar.gz (50 KB) for ansi2html.
Downloading ansi2html (use --no-download to skip this step)
Using cached download
Unpacking ansi2html...
done
working in /tmp/tmpeOJuxBconda_skeleton_ansi2html-1.1.0.tar.gz
Fetching package metadata: ......
Solving package specifications: .patching file core.py
Hunk #1 succeeded at 168 with fuzz 2 (offset 2 lines).
Traceback (most recent call last):
  File "setup.py", line 25, in <module>
    from ez_setup import use_setuptools
ImportError: No module named ez_setup

The following NEW packages will be INSTALLED:

    numpy:  1.9.2-py27_0
    pyyaml: 3.11-py27_0 

Linking packages ...
[                    ]|                                                  |   0%[numpy               ]|                                                  |   0%[pyyaml              ]|#########################                         |  50%[      COMPLETE      ]|##################################################| 100%
Applying patch: '/tmp/tmpeOJuxBconda_skeleton_ansi2html-1.1.0.tar.gz/pypi-distutils.patch'
$PYTHONPATH = /tmp/tmpeOJuxBconda_skeleton_ansi2html-1.1.0.tar.gz/ansi2html-1.1.0
Error: command failed: /home/ubuntu/miniconda/envs/_build/bin/python setup.py install
