Package search: {'_pypi_ordering': False, 'version': '1.9.1', 'name': 'ansible', 'summary': 'Radically simple IT automation'}
Fetching package metadata: ....
Removing old build directory
Removing old work directory
BUILD START: ansible-1.9.1-py27_0
Fetching package metadata: ......
Solving package specifications: .................+ pip install ansible
Collecting ansible
  Downloading http://localhost/packages/source/a/ansible/ansible-1.9.1.tar.gz (917kB)
Requirement already satisfied (use --upgrade to upgrade): paramiko in /home/ubuntu/miniconda/envs/_build/lib/python2.7/site-packages/paramiko-1.15.2-py2.7.egg (from ansible)
Requirement already satisfied (use --upgrade to upgrade): jinja2 in /home/ubuntu/miniconda/envs/_build/lib/python2.7/site-packages (from ansible)
Requirement already satisfied (use --upgrade to upgrade): PyYAML in /home/ubuntu/miniconda/envs/_build/lib/python2.7/site-packages (from ansible)
Requirement already satisfied (use --upgrade to upgrade): setuptools in /home/ubuntu/miniconda/envs/_build/lib/python2.7/site-packages/setuptools-17.0-py2.7.egg (from ansible)
Requirement already satisfied (use --upgrade to upgrade): pycrypto>=2.6 in /home/ubuntu/miniconda/envs/_build/lib/python2.7/site-packages (from ansible)
Requirement already satisfied (use --upgrade to upgrade): ecdsa>=0.11 in /home/ubuntu/miniconda/envs/_build/lib/python2.7/site-packages/ecdsa-0.13-py2.7.egg (from paramiko->ansible)
Installing collected packages: ansible
  Running setup.py install for ansible
Successfully installed ansible-1.9.1

The following NEW packages will be INSTALLED:

    ecdsa:      0.13-py27_0  
    jinja2:     2.7.3-py27_1 
    markupsafe: 0.23-py27_0  
    openssl:    1.0.1k-1     
    paramiko:   1.15.2-py27_0
    pip:        7.0.3-py27_0 
    pycrypto:   2.6.1-py27_0 
    python:     2.7.10-0     
    pyyaml:     3.11-py27_0  
    readline:   6.2-2        
    setuptools: 17.0-py27_0  
    sqlite:     3.8.4.1-1    
    system:     5.8-2        
    tk:         8.5.18-0     
    zlib:       1.2.8-0      

Linking packages ...
[                    ]|                                                  |   0%[openssl             ]|                                                  |   0%[readline            ]|###                                               |   6%[sqlite              ]|######                                            |  13%[system              ]|##########                                        |  20%[tk                  ]|#############                                     |  26%[zlib                ]|################                                  |  33%[ecdsa               ]|####################                              |  40%[markupsafe          ]|#######################                           |  46%[pycrypto            ]|##########################                        |  53%[paramiko            ]|##############################                    |  60%[python              ]|#################################                 |  66%[pyyaml              ]|####################################              |  73%[setuptools          ]|########################################          |  80%[jinja2              ]|###########################################       |  86%[pip                 ]|##############################################    |  93%[      COMPLETE      ]|##################################################| 100%
Removing old work directory
Copying /home/ubuntu/pypi-conda-builds/ansible to /home/ubuntu/miniconda/conda-bld/work
Package: ansible-1.9.1-py27_0
source tree in: /home/ubuntu/miniconda/conda-bld/work
number of files: 915
Fixing permissions
Detected hard-coded path in text file bin/ansible
Detected hard-coded path in text file bin/ansible-doc
Detected hard-coded path in text file bin/ansible-galaxy
Detected hard-coded path in text file bin/ansible-playbook
Detected hard-coded path in text file bin/ansible-pull
Detected hard-coded path in text file bin/ansible-vault
Fixing permissions
BUILD END: ansible-1.9.1-py27_0
# If you want to upload this package to binstar.org later, type:
#
# $ binstar upload /home/ubuntu/miniconda/conda-bld/linux-64/ansible-1.9.1-py27_0.tar.bz2
#
# To have conda build upload to binstar automatically, use
# $ conda config --set binstar_upload yes

Creating standard recipe for ansible-1.9.1
Converting recipe in /home/ubuntu/pypi-conda-builds/ansible
package = ansible
   dependencies = [u'paramiko', u'jinja2', u'pyyaml', u'pycrypto >=2.6']
Building conda package for ansible
