Warning, the following versions were found for ansible
1.9.1
1.9.0.1
1.9.0
1.8.4
1.8.3
1.8.2
1.8.1
1.8
1.7.2
1.7.1
1.7
1.6.10
1.6.9
1.6.8
1.6.7
1.6.6
1.6.5
1.6.4
1.6.3
1.6.2
1.6.1
1.6
1.5.5
1.5.4
1.5.3
1.5.2
1.5.1
1.5
1.4.5
1.4.4
1.4.3
1.4.2
1.4.1
1.4
1.3.4
1.3.3
1.3.2
1.3.1
1.3.0
1.2.3
1.2.2
1.2.1
1.2
1.1
1.0
Using 1.9.1
Use --version to specify a different version.
Using url https://pypi.python.org/packages/source/a/ansible/ansible-1.9.1.tar.gz (896 KB) for ansible.
Downloading ansible (use --no-download to skip this step)
Using cached download
Unpacking ansible...
done
working in /tmp/tmpiDjFs4conda_skeleton_ansible-1.9.1.tar.gz
Fetching package metadata: ......
Solving package specifications: .patching file core.py
Hunk #1 succeeded at 168 with fuzz 2 (offset 2 lines).
Ansible now needs setuptools in order to build. Install it using your package manager (usually python-setuptools) or via pip (pip install setuptools).

Applying patch: '/tmp/tmpiDjFs4conda_skeleton_ansible-1.9.1.tar.gz/pypi-distutils.patch'
$PYTHONPATH = /tmp/tmpiDjFs4conda_skeleton_ansible-1.9.1.tar.gz/ansible-1.9.1
Error: command failed: /home/ubuntu/miniconda/envs/_build/bin/python setup.py install
