Warning, the following versions were found for apache-libcloud
0.17.0
0.16.0
0.15.1
0.15.0
0.14.1
0.14.0
0.14.0-beta3
0.13.3
0.13.2
0.13.1
0.13.0
0.12.4
0.12.3
0.12.1
0.11.4
0.11.3
0.11.1
0.11.0
0.10.1
0.9.1
0.8.0
0.7.1
0.6.2
0.6.1
0.5.2
0.5.0
0.4.2
0.4.0
0.3.1
Using 0.17.0
Use --version to specify a different version.
Using url https://pypi.python.org/packages/source/a/apache-libcloud/apache-libcloud-0.17.0.tar.bz2 (648 KB) for apache-libcloud.
Downloading apache-libcloud (use --no-download to skip this step)
Using cached download
Unpacking apache-libcloud...
done
working in /tmp/tmp73go0Uconda_skeleton_apache-libcloud-0.17.0.tar.bz2
Fetching package metadata: ......
Solving package specifications: .patching file core.py
Hunk #1 succeeded at 168 with fuzz 2 (offset 2 lines).
Traceback (most recent call last):
  File "setup.py", line 19, in <module>
    from setuptools import setup
ImportError: No module named setuptools

Applying patch: '/tmp/tmp73go0Uconda_skeleton_apache-libcloud-0.17.0.tar.bz2/pypi-distutils.patch'
$PYTHONPATH = /tmp/tmp73go0Uconda_skeleton_apache-libcloud-0.17.0.tar.bz2/apache-libcloud-0.17.0
Error: command failed: /home/ubuntu/miniconda/envs/_build/bin/python setup.py install
