Warning, the following versions were found for appier
0.9.22
0.9.21
0.9.20
0.9.19
0.9.18
0.9.17
0.9.16
0.9.15
0.9.14
0.9.13
0.9.12
0.9.11
0.9.10
0.9.9
0.9.8
0.9.7
0.9.6
0.9.5
0.9.4
0.9.3
0.9.2
0.9.1
0.9.0
0.8.42
0.8.41
0.8.40
0.8.39
0.8.38
0.8.37
0.8.36
0.8.35
0.8.34
0.8.33
0.8.32
0.8.31
0.8.30
0.8.29
0.8.28
0.8.27
0.8.26
0.8.25
0.8.24
0.8.23
0.8.22
0.8.21
0.8.20
0.8.19
0.8.18
0.8.17
0.8.16
0.8.15
0.8.14
0.8.13
0.8.12
0.8.11
0.8.10
0.8.9
0.8.8
0.8.7
0.8.6
0.8.5
0.8.4
0.8.3
0.8.2
0.8.1
0.8.0
0.7.15
0.7.14
0.7.13
0.7.12
0.7.11
0.7.10
0.7.9
0.7.8
0.7.7
0.7.6
0.7.5
0.7.4
0.7.3
0.7.2
0.7.1
0.7.0
0.6.26
0.6.25
0.6.24
0.6.23
0.6.22
0.6.21
0.6.20
0.6.19
0.6.18
0.6.17
0.6.16
0.6.15
0.6.14
0.6.13
0.6.12
0.6.11
0.6.10
0.6.9
0.6.8
0.6.7
0.6.6
0.6.5
0.6.4
0.6.3
0.6.2
0.6.1
0.6.0
0.5.10
0.5.9
0.5.8
0.5.7
0.5.6
0.5.5
0.5.4
0.5.3
0.5.2
0.5.1
0.5.0
0.4.12
0.4.11
0.4.10
0.4.9
0.4.8
0.4.7
0.4.6
0.4.5
0.4.4
0.4.3
0.4.2
0.4.1
0.4.0
0.3.29
0.3.28
0.3.27
0.3.26
0.3.25
0.3.24
0.3.23
0.3.22
0.3.21
0.3.20
0.3.19
0.3.18
0.3.17
0.3.16
0.3.15
0.3.14
0.3.13
0.3.12
0.3.11
0.3.10
0.3.9
0.3.8
0.3.7
0.3.6
0.3.5
0.3.4
0.3.3
0.3.2
0.3.1
0.3.0
0.2.14
0.2.13
0.2.12
0.2.11
0.2.10
0.2.9
0.2.8
0.2.7
0.2.6
0.2.5
0.2.4
0.2.3
0.2.2
0.2.1
0.2.0
0.1.24
0.1.23
0.1.22
0.1.21
0.1.20
0.1.19
0.1.18
0.1.17
0.1.16
0.1.15
0.1.14
0.1.13
0.1.12
0.1.11
0.1.10
0.1.9
0.1.8
0.1.7
0.1.6
0.1.5
0.1.4
0.1.3
0.1.2
0.1.1
0.1.0
Using 0.9.22
Use --version to specify a different version.
Using url https://pypi.python.org/packages/source/a/appier/appier-0.9.22.zip (129 KB) for appier.
Downloading appier (use --no-download to skip this step)
Using cached download
Unpacking appier...
done
working in /tmp/tmpx8QsDQconda_skeleton_appier-0.9.22.zip
Fetching package metadata: ......
Solving package specifications: .patching file core.py
Hunk #1 succeeded at 168 with fuzz 2 (offset 2 lines).
Traceback (most recent call last):
  File "setup.py", line 41, in <module>
    import setuptools
ImportError: No module named setuptools

The following NEW packages will be INSTALLED:

    numpy:      1.9.2-py27_0 
    openssl:    1.0.1k-1     
    pip:        7.0.3-py27_0 
    python:     2.7.10-0     
    pyyaml:     3.11-py27_0  
    readline:   6.2-2        
    setuptools: 17.1.1-py27_0
    sqlite:     3.8.4.1-1    
    system:     5.8-2        
    tk:         8.5.18-0     
    zlib:       1.2.8-0      

Linking packages ...
[                    ]|                                                  |   0%[openssl             ]|                                                  |   0%[readline            ]|####                                              |   9%[sqlite              ]|#########                                         |  18%[system              ]|#############                                     |  27%[tk                  ]|##################                                |  36%[zlib                ]|######################                            |  45%[numpy               ]|###########################                       |  54%[python              ]|###############################                   |  63%[pyyaml              ]|####################################              |  72%[setuptools          ]|########################################          |  81%[pip                 ]|#############################################     |  90%[      COMPLETE      ]|##################################################| 100%
Applying patch: '/tmp/tmpx8QsDQconda_skeleton_appier-0.9.22.zip/pypi-distutils.patch'
$PYTHONPATH = /tmp/tmpx8QsDQconda_skeleton_appier-0.9.22.zip/appier-0.9.22
Error: command failed: /home/ubuntu/miniconda/envs/_build/bin/python setup.py install
