Warning, the following versions were found for argh
0.26.1
0.26.0
0.26.0-dev
0.25.0
0.24.1
0.24.0
0.23.3
0.23.2
0.23.1
0.23.0
0.22.0
0.21.2
0.21.1
0.21.0
0.20.0
0.19.0
0.18.0
0.17.2
0.17.1
0.17.0
0.16.0
0.15.1
0.15.0
0.14.2
0.14.1
0.14.0
0.13.0
0.12.0
0.11.0
0.10.2
0.10.1
0.10.0
0.9.0
0.8.1
0.8.0
0.7.0
0.6.0
0.5.2
0.5.1
0.5.0
0.4.0
0.2.0
0.1.1
0.1.0
Using 0.26.1
Use --version to specify a different version.
Using url https://pypi.python.org/packages/source/a/argh/argh-0.26.1.tar.gz (32 KB) for argh.
Downloading argh (use --no-download to skip this step)
Using cached download
Unpacking argh...
done
working in /tmp/tmpo7khCkconda_skeleton_argh-0.26.1.tar.gz
Fetching package metadata: ......
Solving package specifications: .patching file core.py
Hunk #1 succeeded at 168 with fuzz 2 (offset 2 lines).

Applying patch: '/tmp/tmpo7khCkconda_skeleton_argh-0.26.1.tar.gz/pypi-distutils.patch'
Writing recipe for argh
Done
