Warning, the following versions were found for argparse
1.3.0
1.2.2
1.2.1
1.2
1.1
1.0.1
1.0
0.9.1
0.9.0
0.8.0
0.7.0
0.6.0
0.5.0
0.4.0
0.3.0
0.2.0
0.1.0
0.0.1
Using 1.3.0
Use --version to specify a different version.
Using url https://pypi.python.org/packages/source/a/argparse/argparse-1.3.0.tar.gz (91 KB) for argparse.
Downloading argparse (use --no-download to skip this step)
Using cached download
Unpacking argparse...
done
working in /tmp/tmpJld1Bwconda_skeleton_argparse-1.3.0.tar.gz
Fetching package metadata: ......
Solving package specifications: .patching file core.py
Hunk #1 succeeded at 168 with fuzz 2 (offset 2 lines).
Traceback (most recent call last):
  File "setup.py", line 3, in <module>
    from setuptools import setup, find_packages
ImportError: No module named setuptools

Applying patch: '/tmp/tmpJld1Bwconda_skeleton_argparse-1.3.0.tar.gz/pypi-distutils.patch'
$PYTHONPATH = /tmp/tmpJld1Bwconda_skeleton_argparse-1.3.0.tar.gz/argparse-1.3.0
Error: command failed: /home/ubuntu/miniconda/envs/_build/bin/python setup.py install
