Warning, the following versions were found for arrow
0.5.4
0.5.0
0.4.6
0.4.4
0.4.3
0.4.2
0.4.1
0.4.0
0.3.5
0.3.4
0.3.3
0.3.2
0.3.1
0.3.0
0.2.1
0.2.0
0.1.6
0.1.5
0.1.4
0.1.3
0.1.2
0.1.1
0.1
Using 0.5.4
Use --version to specify a different version.
Using url https://pypi.python.org/packages/source/a/arrow/arrow-0.5.4.tar.gz (80 KB) for arrow.
Downloading arrow (use --no-download to skip this step)
Using cached download
Unpacking arrow...
done
working in /tmp/tmpdqzxJkconda_skeleton_arrow-0.5.4.tar.gz
Fetching package metadata: ......
Solving package specifications: .patching file core.py
Hunk #1 succeeded at 168 with fuzz 2 (offset 2 lines).

Applying patch: '/tmp/tmpdqzxJkconda_skeleton_arrow-0.5.4.tar.gz/pypi-distutils.patch'
Writing recipe for arrow
Done
