Package search: {'_pypi_ordering': False, 'version': '0.1.20150602202322', 'name': 'arvados-python-client', 'summary': 'Arvados client library'}
Fetching package metadata: ....
Error: prefix already exists: /home/ubuntu/miniconda/envs/_pipbuild_
You are using pip version 7.0.1, however version 7.0.3 is available.
You should consider upgrading via the 'pip install --upgrade pip' command.
Exception:
Traceback (most recent call last):
  File "/home/ubuntu/miniconda/envs/_pipbuild_/lib/python2.7/site-packages/pip/basecommand.py", line 223, in main
    status = self.run(options, args)
  File "/home/ubuntu/miniconda/envs/_pipbuild_/lib/python2.7/site-packages/pip/commands/install.py", line 268, in run
    wheel_cache
  File "/home/ubuntu/miniconda/envs/_pipbuild_/lib/python2.7/site-packages/pip/basecommand.py", line 268, in populate_requirement_set
    wheel_cache=wheel_cache
  File "/home/ubuntu/miniconda/envs/_pipbuild_/lib/python2.7/site-packages/pip/req/req_install.py", line 207, in from_line
    wheel_cache=wheel_cache)
  File "/home/ubuntu/miniconda/envs/_pipbuild_/lib/python2.7/site-packages/pip/req/req_install.py", line 66, in __init__
    req = pkg_resources.Requirement.parse(req)
  File "/home/ubuntu/miniconda/envs/_pipbuild_/lib/python2.7/site-packages/pip/_vendor/pkg_resources/__init__.py", line 2960, in parse
    reqs = list(parse_requirements(s))
  File "/home/ubuntu/miniconda/envs/_pipbuild_/lib/python2.7/site-packages/pip/_vendor/pkg_resources/__init__.py", line 2904, in parse_requirements
    "version spec")
  File "/home/ubuntu/miniconda/envs/_pipbuild_/lib/python2.7/site-packages/pip/_vendor/pkg_resources/__init__.py", line 2869, in scan_list
    raise ValueError(msg, line, "at", line[p:])
ValueError: ('Expected version spec in', 'httplib2==>=0.8', 'at', '==>=0.8')

Creating standard recipe for arvados-python-client-0.1.20150602202322
Converting recipe in /home/ubuntu/pypi-conda-builds/arvados-python-client
package = arvados-python-client
   dependencies = [u'google-api-python-client', u'httplib2', u'pycurl >=7.19.5.1', u'python-gflags', u'requests >=2.4', u'urllib3', u'ws4py']
Creating standard recipe for google-api-python-client
Converting recipe in /home/ubuntu/pypi-conda-builds/google-api-python-client
package = google-api-python-client
   dependencies = [u'httplib2 >=0.8', u'oauth2client >=1.4.6', u'six >=1.6.1', u'uritemplate >=0.6']
Creating standard recipe for httplib2->=0.8
Error: Version >=0.8 of httplib2 is not available on PyPI.

conda create -n _pipbuild_ --yes python pip
/home/ubuntu/miniconda/envs/_pipbuild_/bin/pip install httplib2==>=0.8
Error: Could not pip install httplib2==>=0.8
