Using url https://pypi.python.org/packages/source/a/arvados-python-client/arvados-python-client-0.1.20150602202322.tar.gz (113 KB) for arvados-python-client.
Downloading arvados-python-client (use --no-download to skip this step)
Unpacking arvados-python-client...
done
working in /tmp/tmp6DqqHSconda_skeleton_arvados-python-client-0.1.20150602202322.tar.gz
Fetching package metadata: ......
Solving package specifications: .patching file core.py
Hunk #1 succeeded at 168 with fuzz 2 (offset 2 lines).

The following NEW packages will be INSTALLED:

    numpy:  1.9.2-py27_0
    pyyaml: 3.11-py27_0 
    yaml:   0.1.4-0     

Linking packages ...
[                    ]|                                                  |   0%[yaml                ]|                                                  |   0%[numpy               ]|################                                  |  33%[pyyaml              ]|#################################                 |  66%[      COMPLETE      ]|##################################################| 100%
Applying patch: '/tmp/tmp6DqqHSconda_skeleton_arvados-python-client-0.1.20150602202322.tar.gz/pypi-distutils.patch'
Using url https://pypi.python.org/packages/source/w/ws4py/ws4py-0.3.4.tar.gz (38 KB) for ws4py.
Downloading ws4py (use --no-download to skip this step)
Using cached download
Unpacking ws4py...
done
working in /tmp/tmpXa5H0econda_skeleton_ws4py-0.3.4.tar.gz
Solving package specifications: .patching file core.py
Hunk #1 succeeded at 168 with fuzz 2 (offset 2 lines).

Applying patch: '/tmp/tmpXa5H0econda_skeleton_ws4py-0.3.4.tar.gz/pypi-distutils.patch'
Using url https://pypi.python.org/packages/source/p/pycurl/pycurl-7.19.5.1.tar.gz (139 KB) for pycurl.
Downloading pycurl (use --no-download to skip this step)
Using cached download
Unpacking pycurl...
done
working in /tmp/tmpByA9nlconda_skeleton_pycurl-7.19.5.1.tar.gz
Solving package specifications: .patching file core.py
Hunk #1 succeeded at 168 with fuzz 2 (offset 2 lines).
Using curl-config (libcurl 7.38.0)

Applying patch: '/tmp/tmpByA9nlconda_skeleton_pycurl-7.19.5.1.tar.gz/pypi-distutils.patch'
Using url https://pypi.python.org/packages/source/g/google-api-python-client/google-api-python-client-1.4.0.tar.gz (40 KB) for google-api-python-client.
Downloading google-api-python-client (use --no-download to skip this step)
Using cached download
Unpacking google-api-python-client...
done
working in /tmp/tmpLpGlDaconda_skeleton_google-api-python-client-1.4.0.tar.gz
Solving package specifications: .patching file core.py
Hunk #1 succeeded at 168 with fuzz 2 (offset 2 lines).

Applying patch: '/tmp/tmpLpGlDaconda_skeleton_google-api-python-client-1.4.0.tar.gz/pypi-distutils.patch'
Using url https://pypi.python.org/packages/source/o/oauth2client/oauth2client-1.4.11.tar.gz (48 KB) for oauth2client.
Downloading oauth2client (use --no-download to skip this step)
Using cached download
Unpacking oauth2client...
done
working in /tmp/tmpvpAWPNconda_skeleton_oauth2client-1.4.11.tar.gz
Solving package specifications: .patching file core.py
Hunk #1 succeeded at 168 with fuzz 2 (offset 2 lines).

Applying patch: '/tmp/tmpvpAWPNconda_skeleton_oauth2client-1.4.11.tar.gz/pypi-distutils.patch'
Error: Could not find any versions of package pyasn1_modules
