More than one source version is available for aspen:
Using the one with the least source size
use --manual-url to override this behavior
Using url https://pypi.python.org/packages/source/a/aspen/aspen-0.37.tar.bz2 (49 KB) for aspen.
Downloading aspen (use --no-download to skip this step)
Unpacking aspen...
done
working in /tmp/tmpykRlgbconda_skeleton_aspen-0.37.tar.bz2
Fetching package metadata: ......
Solving package specifications: .patching file core.py
Hunk #1 succeeded at 168 with fuzz 2 (offset 2 lines).

The following NEW packages will be INSTALLED:

    numpy:  1.9.2-py27_0
    pyyaml: 3.11-py27_0 
    yaml:   0.1.4-0     

Linking packages ...
[                    ]|                                                  |   0%[yaml                ]|                                                  |   0%[numpy               ]|################                                  |  33%[pyyaml              ]|#################################                 |  66%[      COMPLETE      ]|##################################################| 100%
Applying patch: '/tmp/tmpykRlgbconda_skeleton_aspen-0.37.tar.bz2/pypi-distutils.patch'
Using url https://pypi.python.org/packages/source/f/filesystem_tree/filesystem_tree-1.0.1.tar.gz (3 KB) for filesystem_tree.
Downloading filesystem_tree (use --no-download to skip this step)
filesystem_tre   0% |                              | ETA:  --:--:--   0.00  B/sfilesystem_tre 100% |###############################| ETA:  0:00:00   9.05 MB/sfilesystem_tre 100% |###############################| Time: 0:00:00   5.30 MB/s
Unpacking filesystem_tree...
done
working in /tmp/tmp9IQ9Pkconda_skeleton_filesystem_tree-1.0.1.tar.gz
Solving package specifications: .patching file core.py
Hunk #1 succeeded at 168 with fuzz 2 (offset 2 lines).

Applying patch: '/tmp/tmp9IQ9Pkconda_skeleton_filesystem_tree-1.0.1.tar.gz/pypi-distutils.patch'
Using url https://pypi.python.org/packages/source/a/algorithm/algorithm-1.0.0.tar.gz (8 KB) for algorithm.
Downloading algorithm (use --no-download to skip this step)
algorithm-1.0.   0% |                              | ETA:  --:--:--   0.00  B/salgorithm-1.0. 100% |###############################| Time: 0:00:00  26.95 MB/salgorithm-1.0. 100% |###############################| Time: 0:00:00  17.51 MB/salgorithm-1.0. 100% |###############################| Time: 0:00:00  12.75 MB/s
Unpacking algorithm...
done
working in /tmp/tmpnYThSxconda_skeleton_algorithm-1.0.0.tar.gz
Solving package specifications: .patching file core.py
Hunk #1 succeeded at 168 with fuzz 2 (offset 2 lines).

Applying patch: '/tmp/tmpnYThSxconda_skeleton_algorithm-1.0.0.tar.gz/pypi-distutils.patch'
Using url https://pypi.python.org/packages/source/d/dependency_injection/dependency_injection-1.1.0.tar.gz (3 KB) for dependency_injection.
Downloading dependency_injection (use --no-download to skip this step)
dependency_inj   0% |                              | ETA:  --:--:--   0.00  B/sdependency_inj 100% |###############################| Time: 0:00:00  12.19 MB/sdependency_inj 100% |###############################| Time: 0:00:00   7.70 MB/sdependency_inj 100% |###############################| Time: 0:00:00   5.42 MB/s
Unpacking dependency_injection...
done
working in /tmp/tmpDdqAh1conda_skeleton_dependency_injection-1.1.0.tar.gz
Solving package specifications: .patching file core.py
Hunk #1 succeeded at 168 with fuzz 2 (offset 2 lines).

Applying patch: '/tmp/tmpDdqAh1conda_skeleton_dependency_injection-1.1.0.tar.gz/pypi-distutils.patch'
Using url https://pypi.python.org/packages/source/f/first/first-2.0.1.tar.gz (5 KB) for first.
Downloading first (use --no-download to skip this step)
first-2.0.1.ta   0% |                              | ETA:  --:--:--   0.00  B/sfirst-2.0.1.ta 100% |###############################| Time: 0:00:00  18.82 MB/sfirst-2.0.1.ta 100% |###############################| Time: 0:00:00  11.99 MB/sfirst-2.0.1.ta 100% |###############################| Time: 0:00:00   8.55 MB/s
Unpacking first...
done
working in /tmp/tmpieLFaHconda_skeleton_first-2.0.1.tar.gz
Solving package specifications: .patching file core.py
Hunk #1 succeeded at 168 with fuzz 2 (offset 2 lines).

Applying patch: '/tmp/tmpieLFaHconda_skeleton_first-2.0.1.tar.gz/pypi-distutils.patch'
Error: Could not parse url for mimeparse: UNKNOWN
