Removing old build directory
Removing old work directory
BUILD START: astroid-1.3.6-py27_0
Fetching package metadata: ........
Solving package specifications: .+ /home/hargup/anaconda/envs/_build/bin/python setup.py install
running install
running bdist_egg
running egg_info
writing requirements to astroid.egg-info/requires.txt
writing astroid.egg-info/PKG-INFO
writing top-level names to astroid.egg-info/top_level.txt
writing dependency_links to astroid.egg-info/dependency_links.txt
reading manifest file 'astroid.egg-info/SOURCES.txt'
reading manifest template 'MANIFEST.in'
writing manifest file 'astroid.egg-info/SOURCES.txt'
installing library code to build/bdist.linux-x86_64/egg
running install_lib
running build_py
creating build
creating build/lib
creating build/lib/astroid
copying astroid/rebuilder.py -> build/lib/astroid
copying astroid/manager.py -> build/lib/astroid
copying astroid/nodes.py -> build/lib/astroid
copying astroid/astpeephole.py -> build/lib/astroid
copying astroid/modutils.py -> build/lib/astroid
copying astroid/utils.py -> build/lib/astroid
copying astroid/mixins.py -> build/lib/astroid
copying astroid/scoped_nodes.py -> build/lib/astroid
copying astroid/inspector.py -> build/lib/astroid
copying astroid/builder.py -> build/lib/astroid
copying astroid/test_utils.py -> build/lib/astroid
copying astroid/__pkginfo__.py -> build/lib/astroid
copying astroid/protocols.py -> build/lib/astroid
copying astroid/node_classes.py -> build/lib/astroid
copying astroid/bases.py -> build/lib/astroid
copying astroid/exceptions.py -> build/lib/astroid
copying astroid/as_string.py -> build/lib/astroid
copying astroid/inference.py -> build/lib/astroid
copying astroid/raw_building.py -> build/lib/astroid
copying astroid/__init__.py -> build/lib/astroid
creating build/lib/astroid/tests
copying astroid/tests/unittest_inspector.py -> build/lib/astroid/tests
copying astroid/tests/unittest_brain.py -> build/lib/astroid/tests
copying astroid/tests/unittest_regrtest.py -> build/lib/astroid/tests
copying astroid/tests/unittest_modutils.py -> build/lib/astroid/tests
copying astroid/tests/unittest_raw_building.py -> build/lib/astroid/tests
copying astroid/tests/unittest_lookup.py -> build/lib/astroid/tests
copying astroid/tests/unittest_python3.py -> build/lib/astroid/tests
copying astroid/tests/unittest_builder.py -> build/lib/astroid/tests
copying astroid/tests/unittest_nodes.py -> build/lib/astroid/tests
copying astroid/tests/unittest_manager.py -> build/lib/astroid/tests
copying astroid/tests/unittest_scoped_nodes.py -> build/lib/astroid/tests
copying astroid/tests/resources.py -> build/lib/astroid/tests
copying astroid/tests/unittest_protocols.py -> build/lib/astroid/tests
copying astroid/tests/unittest_peephole.py -> build/lib/astroid/tests
copying astroid/tests/__init__.py -> build/lib/astroid/tests
copying astroid/tests/unittest_inference.py -> build/lib/astroid/tests
copying astroid/tests/unittest_utils.py -> build/lib/astroid/tests
creating build/lib/astroid/brain
copying astroid/brain/builtin_inference.py -> build/lib/astroid/brain
copying astroid/brain/py2gi.py -> build/lib/astroid/brain
copying astroid/brain/py2mechanize.py -> build/lib/astroid/brain
copying astroid/brain/py2pytest.py -> build/lib/astroid/brain
copying astroid/brain/py2qt4.py -> build/lib/astroid/brain
copying astroid/brain/py2stdlib.py -> build/lib/astroid/brain
copying astroid/brain/pynose.py -> build/lib/astroid/brain
copying astroid/brain/pysix_moves.py -> build/lib/astroid/brain
creating build/lib/astroid/tests/testdata
creating build/lib/astroid/tests/testdata/python2
creating build/lib/astroid/tests/testdata/python2/data
copying astroid/tests/testdata/python2/data/MyPyPa-0.1.0-py2.5.egg -> build/lib/astroid/tests/testdata/python2/data
copying astroid/tests/testdata/python2/data/MyPyPa-0.1.0-py2.5.zip -> build/lib/astroid/tests/testdata/python2/data
copying astroid/tests/testdata/python2/data/__init__.py -> build/lib/astroid/tests/testdata/python2/data
copying astroid/tests/testdata/python2/data/absimport.py -> build/lib/astroid/tests/testdata/python2/data
copying astroid/tests/testdata/python2/data/all.py -> build/lib/astroid/tests/testdata/python2/data
copying astroid/tests/testdata/python2/data/clientmodule_test.py -> build/lib/astroid/tests/testdata/python2/data
copying astroid/tests/testdata/python2/data/descriptor_crash.py -> build/lib/astroid/tests/testdata/python2/data
copying astroid/tests/testdata/python2/data/email.py -> build/lib/astroid/tests/testdata/python2/data
copying astroid/tests/testdata/python2/data/format.py -> build/lib/astroid/tests/testdata/python2/data
copying astroid/tests/testdata/python2/data/joined_strings.py -> build/lib/astroid/tests/testdata/python2/data
copying astroid/tests/testdata/python2/data/module.py -> build/lib/astroid/tests/testdata/python2/data
copying astroid/tests/testdata/python2/data/module2.py -> build/lib/astroid/tests/testdata/python2/data
copying astroid/tests/testdata/python2/data/noendingnewline.py -> build/lib/astroid/tests/testdata/python2/data
copying astroid/tests/testdata/python2/data/nonregr.py -> build/lib/astroid/tests/testdata/python2/data
copying astroid/tests/testdata/python2/data/notall.py -> build/lib/astroid/tests/testdata/python2/data
copying astroid/tests/testdata/python2/data/recursion.py -> build/lib/astroid/tests/testdata/python2/data
copying astroid/tests/testdata/python2/data/suppliermodule_test.py -> build/lib/astroid/tests/testdata/python2/data
creating build/lib/astroid/tests/testdata/python2/data/SSL1
copying astroid/tests/testdata/python2/data/SSL1/Connection1.py -> build/lib/astroid/tests/testdata/python2/data/SSL1
copying astroid/tests/testdata/python2/data/SSL1/__init__.py -> build/lib/astroid/tests/testdata/python2/data/SSL1
creating build/lib/astroid/tests/testdata/python2/data/absimp
copying astroid/tests/testdata/python2/data/absimp/__init__.py -> build/lib/astroid/tests/testdata/python2/data/absimp
copying astroid/tests/testdata/python2/data/absimp/string.py -> build/lib/astroid/tests/testdata/python2/data/absimp
creating build/lib/astroid/tests/testdata/python2/data/absimp/sidepackage
copying astroid/tests/testdata/python2/data/absimp/sidepackage/__init__.py -> build/lib/astroid/tests/testdata/python2/data/absimp/sidepackage
creating build/lib/astroid/tests/testdata/python2/data/appl
copying astroid/tests/testdata/python2/data/appl/__init__.py -> build/lib/astroid/tests/testdata/python2/data/appl
copying astroid/tests/testdata/python2/data/appl/myConnection.py -> build/lib/astroid/tests/testdata/python2/data/appl
creating build/lib/astroid/tests/testdata/python2/data/find_test
copying astroid/tests/testdata/python2/data/find_test/__init__.py -> build/lib/astroid/tests/testdata/python2/data/find_test
copying astroid/tests/testdata/python2/data/find_test/module.py -> build/lib/astroid/tests/testdata/python2/data/find_test
copying astroid/tests/testdata/python2/data/find_test/module2.py -> build/lib/astroid/tests/testdata/python2/data/find_test
copying astroid/tests/testdata/python2/data/find_test/noendingnewline.py -> build/lib/astroid/tests/testdata/python2/data/find_test
copying astroid/tests/testdata/python2/data/find_test/nonregr.py -> build/lib/astroid/tests/testdata/python2/data/find_test
creating build/lib/astroid/tests/testdata/python2/data/lmfp
copying astroid/tests/testdata/python2/data/lmfp/__init__.py -> build/lib/astroid/tests/testdata/python2/data/lmfp
copying astroid/tests/testdata/python2/data/lmfp/foo.py -> build/lib/astroid/tests/testdata/python2/data/lmfp
creating build/lib/astroid/tests/testdata/python2/data/module1abs
copying astroid/tests/testdata/python2/data/module1abs/__init__.py -> build/lib/astroid/tests/testdata/python2/data/module1abs
copying astroid/tests/testdata/python2/data/module1abs/core.py -> build/lib/astroid/tests/testdata/python2/data/module1abs
creating build/lib/astroid/tests/testdata/python2/data/package
copying astroid/tests/testdata/python2/data/package/__init__.py -> build/lib/astroid/tests/testdata/python2/data/package
copying astroid/tests/testdata/python2/data/package/absimport.py -> build/lib/astroid/tests/testdata/python2/data/package
copying astroid/tests/testdata/python2/data/package/hello.py -> build/lib/astroid/tests/testdata/python2/data/package
copying astroid/tests/testdata/python2/data/package/import_package_subpackage_module.py -> build/lib/astroid/tests/testdata/python2/data/package
creating build/lib/astroid/tests/testdata/python2/data/package/subpackage
copying astroid/tests/testdata/python2/data/package/subpackage/__init__.py -> build/lib/astroid/tests/testdata/python2/data/package/subpackage
copying astroid/tests/testdata/python2/data/package/subpackage/module.py -> build/lib/astroid/tests/testdata/python2/data/package/subpackage
creating build/lib/astroid/tests/testdata/python2/data/unicode_package
copying astroid/tests/testdata/python2/data/unicode_package/__init__.py -> build/lib/astroid/tests/testdata/python2/data/unicode_package
creating build/lib/astroid/tests/testdata/python2/data/unicode_package/core
copying astroid/tests/testdata/python2/data/unicode_package/core/__init__.py -> build/lib/astroid/tests/testdata/python2/data/unicode_package/core
creating build/lib/astroid/tests/testdata/python3
creating build/lib/astroid/tests/testdata/python3/data
copying astroid/tests/testdata/python3/data/MyPyPa-0.1.0-py2.5.egg -> build/lib/astroid/tests/testdata/python3/data
copying astroid/tests/testdata/python3/data/MyPyPa-0.1.0-py2.5.zip -> build/lib/astroid/tests/testdata/python3/data
copying astroid/tests/testdata/python3/data/__init__.py -> build/lib/astroid/tests/testdata/python3/data
copying astroid/tests/testdata/python3/data/absimport.py -> build/lib/astroid/tests/testdata/python3/data
copying astroid/tests/testdata/python3/data/all.py -> build/lib/astroid/tests/testdata/python3/data
copying astroid/tests/testdata/python3/data/clientmodule_test.py -> build/lib/astroid/tests/testdata/python3/data
copying astroid/tests/testdata/python3/data/descriptor_crash.py -> build/lib/astroid/tests/testdata/python3/data
copying astroid/tests/testdata/python3/data/email.py -> build/lib/astroid/tests/testdata/python3/data
copying astroid/tests/testdata/python3/data/format.py -> build/lib/astroid/tests/testdata/python3/data
copying astroid/tests/testdata/python3/data/joined_strings.py -> build/lib/astroid/tests/testdata/python3/data
copying astroid/tests/testdata/python3/data/module.py -> build/lib/astroid/tests/testdata/python3/data
copying astroid/tests/testdata/python3/data/module2.py -> build/lib/astroid/tests/testdata/python3/data
copying astroid/tests/testdata/python3/data/noendingnewline.py -> build/lib/astroid/tests/testdata/python3/data
copying astroid/tests/testdata/python3/data/nonregr.py -> build/lib/astroid/tests/testdata/python3/data
copying astroid/tests/testdata/python3/data/notall.py -> build/lib/astroid/tests/testdata/python3/data
copying astroid/tests/testdata/python3/data/recursion.py -> build/lib/astroid/tests/testdata/python3/data
copying astroid/tests/testdata/python3/data/suppliermodule_test.py -> build/lib/astroid/tests/testdata/python3/data
creating build/lib/astroid/tests/testdata/python3/data/SSL1
copying astroid/tests/testdata/python3/data/SSL1/Connection1.py -> build/lib/astroid/tests/testdata/python3/data/SSL1
copying astroid/tests/testdata/python3/data/SSL1/__init__.py -> build/lib/astroid/tests/testdata/python3/data/SSL1
creating build/lib/astroid/tests/testdata/python3/data/absimp
copying astroid/tests/testdata/python3/data/absimp/__init__.py -> build/lib/astroid/tests/testdata/python3/data/absimp
copying astroid/tests/testdata/python3/data/absimp/string.py -> build/lib/astroid/tests/testdata/python3/data/absimp
creating build/lib/astroid/tests/testdata/python3/data/absimp/sidepackage
copying astroid/tests/testdata/python3/data/absimp/sidepackage/__init__.py -> build/lib/astroid/tests/testdata/python3/data/absimp/sidepackage
creating build/lib/astroid/tests/testdata/python3/data/appl
copying astroid/tests/testdata/python3/data/appl/__init__.py -> build/lib/astroid/tests/testdata/python3/data/appl
copying astroid/tests/testdata/python3/data/appl/myConnection.py -> build/lib/astroid/tests/testdata/python3/data/appl
creating build/lib/astroid/tests/testdata/python3/data/find_test
copying astroid/tests/testdata/python3/data/find_test/__init__.py -> build/lib/astroid/tests/testdata/python3/data/find_test
copying astroid/tests/testdata/python3/data/find_test/module.py -> build/lib/astroid/tests/testdata/python3/data/find_test
copying astroid/tests/testdata/python3/data/find_test/module2.py -> build/lib/astroid/tests/testdata/python3/data/find_test
copying astroid/tests/testdata/python3/data/find_test/noendingnewline.py -> build/lib/astroid/tests/testdata/python3/data/find_test
copying astroid/tests/testdata/python3/data/find_test/nonregr.py -> build/lib/astroid/tests/testdata/python3/data/find_test
creating build/lib/astroid/tests/testdata/python3/data/lmfp
copying astroid/tests/testdata/python3/data/lmfp/__init__.py -> build/lib/astroid/tests/testdata/python3/data/lmfp
copying astroid/tests/testdata/python3/data/lmfp/foo.py -> build/lib/astroid/tests/testdata/python3/data/lmfp
creating build/lib/astroid/tests/testdata/python3/data/module1abs
copying astroid/tests/testdata/python3/data/module1abs/__init__.py -> build/lib/astroid/tests/testdata/python3/data/module1abs
copying astroid/tests/testdata/python3/data/module1abs/core.py -> build/lib/astroid/tests/testdata/python3/data/module1abs
creating build/lib/astroid/tests/testdata/python3/data/package
copying astroid/tests/testdata/python3/data/package/__init__.py -> build/lib/astroid/tests/testdata/python3/data/package
copying astroid/tests/testdata/python3/data/package/absimport.py -> build/lib/astroid/tests/testdata/python3/data/package
copying astroid/tests/testdata/python3/data/package/hello.py -> build/lib/astroid/tests/testdata/python3/data/package
copying astroid/tests/testdata/python3/data/package/import_package_subpackage_module.py -> build/lib/astroid/tests/testdata/python3/data/package
creating build/lib/astroid/tests/testdata/python3/data/package/subpackage
copying astroid/tests/testdata/python3/data/package/subpackage/__init__.py -> build/lib/astroid/tests/testdata/python3/data/package/subpackage
copying astroid/tests/testdata/python3/data/package/subpackage/module.py -> build/lib/astroid/tests/testdata/python3/data/package/subpackage
creating build/lib/astroid/tests/testdata/python3/data/unicode_package
copying astroid/tests/testdata/python3/data/unicode_package/__init__.py -> build/lib/astroid/tests/testdata/python3/data/unicode_package
creating build/lib/astroid/tests/testdata/python3/data/unicode_package/core
copying astroid/tests/testdata/python3/data/unicode_package/core/__init__.py -> build/lib/astroid/tests/testdata/python3/data/unicode_package/core
creating build/bdist.linux-x86_64
creating build/bdist.linux-x86_64/egg
creating build/bdist.linux-x86_64/egg/astroid
copying build/lib/astroid/rebuilder.py -> build/bdist.linux-x86_64/egg/astroid
copying build/lib/astroid/manager.py -> build/bdist.linux-x86_64/egg/astroid
copying build/lib/astroid/nodes.py -> build/bdist.linux-x86_64/egg/astroid
copying build/lib/astroid/astpeephole.py -> build/bdist.linux-x86_64/egg/astroid
copying build/lib/astroid/modutils.py -> build/bdist.linux-x86_64/egg/astroid
copying build/lib/astroid/utils.py -> build/bdist.linux-x86_64/egg/astroid
copying build/lib/astroid/mixins.py -> build/bdist.linux-x86_64/egg/astroid
copying build/lib/astroid/scoped_nodes.py -> build/bdist.linux-x86_64/egg/astroid
copying build/lib/astroid/inspector.py -> build/bdist.linux-x86_64/egg/astroid
copying build/lib/astroid/builder.py -> build/bdist.linux-x86_64/egg/astroid
copying build/lib/astroid/test_utils.py -> build/bdist.linux-x86_64/egg/astroid
copying build/lib/astroid/__pkginfo__.py -> build/bdist.linux-x86_64/egg/astroid
copying build/lib/astroid/protocols.py -> build/bdist.linux-x86_64/egg/astroid
copying build/lib/astroid/node_classes.py -> build/bdist.linux-x86_64/egg/astroid
copying build/lib/astroid/bases.py -> build/bdist.linux-x86_64/egg/astroid
copying build/lib/astroid/exceptions.py -> build/bdist.linux-x86_64/egg/astroid
creating build/bdist.linux-x86_64/egg/astroid/brain
copying build/lib/astroid/brain/builtin_inference.py -> build/bdist.linux-x86_64/egg/astroid/brain
copying build/lib/astroid/brain/py2gi.py -> build/bdist.linux-x86_64/egg/astroid/brain
copying build/lib/astroid/brain/pysix_moves.py -> build/bdist.linux-x86_64/egg/astroid/brain
copying build/lib/astroid/brain/py2stdlib.py -> build/bdist.linux-x86_64/egg/astroid/brain
copying build/lib/astroid/brain/py2pytest.py -> build/bdist.linux-x86_64/egg/astroid/brain
copying build/lib/astroid/brain/py2qt4.py -> build/bdist.linux-x86_64/egg/astroid/brain
copying build/lib/astroid/brain/pynose.py -> build/bdist.linux-x86_64/egg/astroid/brain
copying build/lib/astroid/brain/py2mechanize.py -> build/bdist.linux-x86_64/egg/astroid/brain
copying build/lib/astroid/as_string.py -> build/bdist.linux-x86_64/egg/astroid
creating build/bdist.linux-x86_64/egg/astroid/tests
copying build/lib/astroid/tests/unittest_inspector.py -> build/bdist.linux-x86_64/egg/astroid/tests
copying build/lib/astroid/tests/unittest_brain.py -> build/bdist.linux-x86_64/egg/astroid/tests
copying build/lib/astroid/tests/unittest_regrtest.py -> build/bdist.linux-x86_64/egg/astroid/tests
copying build/lib/astroid/tests/unittest_modutils.py -> build/bdist.linux-x86_64/egg/astroid/tests
copying build/lib/astroid/tests/unittest_raw_building.py -> build/bdist.linux-x86_64/egg/astroid/tests
creating build/bdist.linux-x86_64/egg/astroid/tests/testdata
creating build/bdist.linux-x86_64/egg/astroid/tests/testdata/python3
creating build/bdist.linux-x86_64/egg/astroid/tests/testdata/python3/data
creating build/bdist.linux-x86_64/egg/astroid/tests/testdata/python3/data/find_test
copying build/lib/astroid/tests/testdata/python3/data/find_test/noendingnewline.py -> build/bdist.linux-x86_64/egg/astroid/tests/testdata/python3/data/find_test
copying build/lib/astroid/tests/testdata/python3/data/find_test/module.py -> build/bdist.linux-x86_64/egg/astroid/tests/testdata/python3/data/find_test
copying build/lib/astroid/tests/testdata/python3/data/find_test/module2.py -> build/bdist.linux-x86_64/egg/astroid/tests/testdata/python3/data/find_test
copying build/lib/astroid/tests/testdata/python3/data/find_test/__init__.py -> build/bdist.linux-x86_64/egg/astroid/tests/testdata/python3/data/find_test
copying build/lib/astroid/tests/testdata/python3/data/find_test/nonregr.py -> build/bdist.linux-x86_64/egg/astroid/tests/testdata/python3/data/find_test
creating build/bdist.linux-x86_64/egg/astroid/tests/testdata/python3/data/appl
copying build/lib/astroid/tests/testdata/python3/data/appl/myConnection.py -> build/bdist.linux-x86_64/egg/astroid/tests/testdata/python3/data/appl
copying build/lib/astroid/tests/testdata/python3/data/appl/__init__.py -> build/bdist.linux-x86_64/egg/astroid/tests/testdata/python3/data/appl
copying build/lib/astroid/tests/testdata/python3/data/suppliermodule_test.py -> build/bdist.linux-x86_64/egg/astroid/tests/testdata/python3/data
creating build/bdist.linux-x86_64/egg/astroid/tests/testdata/python3/data/lmfp
copying build/lib/astroid/tests/testdata/python3/data/lmfp/foo.py -> build/bdist.linux-x86_64/egg/astroid/tests/testdata/python3/data/lmfp
copying build/lib/astroid/tests/testdata/python3/data/lmfp/__init__.py -> build/bdist.linux-x86_64/egg/astroid/tests/testdata/python3/data/lmfp
copying build/lib/astroid/tests/testdata/python3/data/joined_strings.py -> build/bdist.linux-x86_64/egg/astroid/tests/testdata/python3/data
copying build/lib/astroid/tests/testdata/python3/data/all.py -> build/bdist.linux-x86_64/egg/astroid/tests/testdata/python3/data
copying build/lib/astroid/tests/testdata/python3/data/notall.py -> build/bdist.linux-x86_64/egg/astroid/tests/testdata/python3/data
copying build/lib/astroid/tests/testdata/python3/data/noendingnewline.py -> build/bdist.linux-x86_64/egg/astroid/tests/testdata/python3/data
creating build/bdist.linux-x86_64/egg/astroid/tests/testdata/python3/data/SSL1
copying build/lib/astroid/tests/testdata/python3/data/SSL1/Connection1.py -> build/bdist.linux-x86_64/egg/astroid/tests/testdata/python3/data/SSL1
copying build/lib/astroid/tests/testdata/python3/data/SSL1/__init__.py -> build/bdist.linux-x86_64/egg/astroid/tests/testdata/python3/data/SSL1
copying build/lib/astroid/tests/testdata/python3/data/module.py -> build/bdist.linux-x86_64/egg/astroid/tests/testdata/python3/data
creating build/bdist.linux-x86_64/egg/astroid/tests/testdata/python3/data/package
copying build/lib/astroid/tests/testdata/python3/data/package/import_package_subpackage_module.py -> build/bdist.linux-x86_64/egg/astroid/tests/testdata/python3/data/package
creating build/bdist.linux-x86_64/egg/astroid/tests/testdata/python3/data/package/subpackage
copying build/lib/astroid/tests/testdata/python3/data/package/subpackage/module.py -> build/bdist.linux-x86_64/egg/astroid/tests/testdata/python3/data/package/subpackage
copying build/lib/astroid/tests/testdata/python3/data/package/subpackage/__init__.py -> build/bdist.linux-x86_64/egg/astroid/tests/testdata/python3/data/package/subpackage
copying build/lib/astroid/tests/testdata/python3/data/package/absimport.py -> build/bdist.linux-x86_64/egg/astroid/tests/testdata/python3/data/package
copying build/lib/astroid/tests/testdata/python3/data/package/hello.py -> build/bdist.linux-x86_64/egg/astroid/tests/testdata/python3/data/package
copying build/lib/astroid/tests/testdata/python3/data/package/__init__.py -> build/bdist.linux-x86_64/egg/astroid/tests/testdata/python3/data/package
copying build/lib/astroid/tests/testdata/python3/data/email.py -> build/bdist.linux-x86_64/egg/astroid/tests/testdata/python3/data
copying build/lib/astroid/tests/testdata/python3/data/absimport.py -> build/bdist.linux-x86_64/egg/astroid/tests/testdata/python3/data
copying build/lib/astroid/tests/testdata/python3/data/MyPyPa-0.1.0-py2.5.egg -> build/bdist.linux-x86_64/egg/astroid/tests/testdata/python3/data
creating build/bdist.linux-x86_64/egg/astroid/tests/testdata/python3/data/module1abs
copying build/lib/astroid/tests/testdata/python3/data/module1abs/core.py -> build/bdist.linux-x86_64/egg/astroid/tests/testdata/python3/data/module1abs
copying build/lib/astroid/tests/testdata/python3/data/module1abs/__init__.py -> build/bdist.linux-x86_64/egg/astroid/tests/testdata/python3/data/module1abs
copying build/lib/astroid/tests/testdata/python3/data/clientmodule_test.py -> build/bdist.linux-x86_64/egg/astroid/tests/testdata/python3/data
copying build/lib/astroid/tests/testdata/python3/data/module2.py -> build/bdist.linux-x86_64/egg/astroid/tests/testdata/python3/data
copying build/lib/astroid/tests/testdata/python3/data/recursion.py -> build/bdist.linux-x86_64/egg/astroid/tests/testdata/python3/data
copying build/lib/astroid/tests/testdata/python3/data/format.py -> build/bdist.linux-x86_64/egg/astroid/tests/testdata/python3/data
creating build/bdist.linux-x86_64/egg/astroid/tests/testdata/python3/data/unicode_package
creating build/bdist.linux-x86_64/egg/astroid/tests/testdata/python3/data/unicode_package/core
copying build/lib/astroid/tests/testdata/python3/data/unicode_package/core/__init__.py -> build/bdist.linux-x86_64/egg/astroid/tests/testdata/python3/data/unicode_package/core
copying build/lib/astroid/tests/testdata/python3/data/unicode_package/__init__.py -> build/bdist.linux-x86_64/egg/astroid/tests/testdata/python3/data/unicode_package
creating build/bdist.linux-x86_64/egg/astroid/tests/testdata/python3/data/absimp
copying build/lib/astroid/tests/testdata/python3/data/absimp/string.py -> build/bdist.linux-x86_64/egg/astroid/tests/testdata/python3/data/absimp
creating build/bdist.linux-x86_64/egg/astroid/tests/testdata/python3/data/absimp/sidepackage
copying build/lib/astroid/tests/testdata/python3/data/absimp/sidepackage/__init__.py -> build/bdist.linux-x86_64/egg/astroid/tests/testdata/python3/data/absimp/sidepackage
copying build/lib/astroid/tests/testdata/python3/data/absimp/__init__.py -> build/bdist.linux-x86_64/egg/astroid/tests/testdata/python3/data/absimp
copying build/lib/astroid/tests/testdata/python3/data/descriptor_crash.py -> build/bdist.linux-x86_64/egg/astroid/tests/testdata/python3/data
copying build/lib/astroid/tests/testdata/python3/data/MyPyPa-0.1.0-py2.5.zip -> build/bdist.linux-x86_64/egg/astroid/tests/testdata/python3/data
copying build/lib/astroid/tests/testdata/python3/data/__init__.py -> build/bdist.linux-x86_64/egg/astroid/tests/testdata/python3/data
copying build/lib/astroid/tests/testdata/python3/data/nonregr.py -> build/bdist.linux-x86_64/egg/astroid/tests/testdata/python3/data
creating build/bdist.linux-x86_64/egg/astroid/tests/testdata/python2
creating build/bdist.linux-x86_64/egg/astroid/tests/testdata/python2/data
creating build/bdist.linux-x86_64/egg/astroid/tests/testdata/python2/data/find_test
copying build/lib/astroid/tests/testdata/python2/data/find_test/noendingnewline.py -> build/bdist.linux-x86_64/egg/astroid/tests/testdata/python2/data/find_test
copying build/lib/astroid/tests/testdata/python2/data/find_test/module.py -> build/bdist.linux-x86_64/egg/astroid/tests/testdata/python2/data/find_test
copying build/lib/astroid/tests/testdata/python2/data/find_test/module2.py -> build/bdist.linux-x86_64/egg/astroid/tests/testdata/python2/data/find_test
copying build/lib/astroid/tests/testdata/python2/data/find_test/__init__.py -> build/bdist.linux-x86_64/egg/astroid/tests/testdata/python2/data/find_test
copying build/lib/astroid/tests/testdata/python2/data/find_test/nonregr.py -> build/bdist.linux-x86_64/egg/astroid/tests/testdata/python2/data/find_test
creating build/bdist.linux-x86_64/egg/astroid/tests/testdata/python2/data/appl
copying build/lib/astroid/tests/testdata/python2/data/appl/myConnection.py -> build/bdist.linux-x86_64/egg/astroid/tests/testdata/python2/data/appl
copying build/lib/astroid/tests/testdata/python2/data/appl/__init__.py -> build/bdist.linux-x86_64/egg/astroid/tests/testdata/python2/data/appl
copying build/lib/astroid/tests/testdata/python2/data/suppliermodule_test.py -> build/bdist.linux-x86_64/egg/astroid/tests/testdata/python2/data
creating build/bdist.linux-x86_64/egg/astroid/tests/testdata/python2/data/lmfp
copying build/lib/astroid/tests/testdata/python2/data/lmfp/foo.py -> build/bdist.linux-x86_64/egg/astroid/tests/testdata/python2/data/lmfp
copying build/lib/astroid/tests/testdata/python2/data/lmfp/__init__.py -> build/bdist.linux-x86_64/egg/astroid/tests/testdata/python2/data/lmfp
copying build/lib/astroid/tests/testdata/python2/data/joined_strings.py -> build/bdist.linux-x86_64/egg/astroid/tests/testdata/python2/data
copying build/lib/astroid/tests/testdata/python2/data/all.py -> build/bdist.linux-x86_64/egg/astroid/tests/testdata/python2/data
copying build/lib/astroid/tests/testdata/python2/data/notall.py -> build/bdist.linux-x86_64/egg/astroid/tests/testdata/python2/data
copying build/lib/astroid/tests/testdata/python2/data/noendingnewline.py -> build/bdist.linux-x86_64/egg/astroid/tests/testdata/python2/data
creating build/bdist.linux-x86_64/egg/astroid/tests/testdata/python2/data/SSL1
copying build/lib/astroid/tests/testdata/python2/data/SSL1/Connection1.py -> build/bdist.linux-x86_64/egg/astroid/tests/testdata/python2/data/SSL1
copying build/lib/astroid/tests/testdata/python2/data/SSL1/__init__.py -> build/bdist.linux-x86_64/egg/astroid/tests/testdata/python2/data/SSL1
copying build/lib/astroid/tests/testdata/python2/data/module.py -> build/bdist.linux-x86_64/egg/astroid/tests/testdata/python2/data
creating build/bdist.linux-x86_64/egg/astroid/tests/testdata/python2/data/package
copying build/lib/astroid/tests/testdata/python2/data/package/import_package_subpackage_module.py -> build/bdist.linux-x86_64/egg/astroid/tests/testdata/python2/data/package
creating build/bdist.linux-x86_64/egg/astroid/tests/testdata/python2/data/package/subpackage
copying build/lib/astroid/tests/testdata/python2/data/package/subpackage/module.py -> build/bdist.linux-x86_64/egg/astroid/tests/testdata/python2/data/package/subpackage
copying build/lib/astroid/tests/testdata/python2/data/package/subpackage/__init__.py -> build/bdist.linux-x86_64/egg/astroid/tests/testdata/python2/data/package/subpackage
copying build/lib/astroid/tests/testdata/python2/data/package/absimport.py -> build/bdist.linux-x86_64/egg/astroid/tests/testdata/python2/data/package
copying build/lib/astroid/tests/testdata/python2/data/package/hello.py -> build/bdist.linux-x86_64/egg/astroid/tests/testdata/python2/data/package
copying build/lib/astroid/tests/testdata/python2/data/package/__init__.py -> build/bdist.linux-x86_64/egg/astroid/tests/testdata/python2/data/package
copying build/lib/astroid/tests/testdata/python2/data/email.py -> build/bdist.linux-x86_64/egg/astroid/tests/testdata/python2/data
copying build/lib/astroid/tests/testdata/python2/data/absimport.py -> build/bdist.linux-x86_64/egg/astroid/tests/testdata/python2/data
copying build/lib/astroid/tests/testdata/python2/data/MyPyPa-0.1.0-py2.5.egg -> build/bdist.linux-x86_64/egg/astroid/tests/testdata/python2/data
creating build/bdist.linux-x86_64/egg/astroid/tests/testdata/python2/data/module1abs
copying build/lib/astroid/tests/testdata/python2/data/module1abs/core.py -> build/bdist.linux-x86_64/egg/astroid/tests/testdata/python2/data/module1abs
copying build/lib/astroid/tests/testdata/python2/data/module1abs/__init__.py -> build/bdist.linux-x86_64/egg/astroid/tests/testdata/python2/data/module1abs
copying build/lib/astroid/tests/testdata/python2/data/clientmodule_test.py -> build/bdist.linux-x86_64/egg/astroid/tests/testdata/python2/data
copying build/lib/astroid/tests/testdata/python2/data/module2.py -> build/bdist.linux-x86_64/egg/astroid/tests/testdata/python2/data
copying build/lib/astroid/tests/testdata/python2/data/recursion.py -> build/bdist.linux-x86_64/egg/astroid/tests/testdata/python2/data
copying build/lib/astroid/tests/testdata/python2/data/format.py -> build/bdist.linux-x86_64/egg/astroid/tests/testdata/python2/data
creating build/bdist.linux-x86_64/egg/astroid/tests/testdata/python2/data/unicode_package
creating build/bdist.linux-x86_64/egg/astroid/tests/testdata/python2/data/unicode_package/core
copying build/lib/astroid/tests/testdata/python2/data/unicode_package/core/__init__.py -> build/bdist.linux-x86_64/egg/astroid/tests/testdata/python2/data/unicode_package/core
copying build/lib/astroid/tests/testdata/python2/data/unicode_package/__init__.py -> build/bdist.linux-x86_64/egg/astroid/tests/testdata/python2/data/unicode_package
creating build/bdist.linux-x86_64/egg/astroid/tests/testdata/python2/data/absimp
copying build/lib/astroid/tests/testdata/python2/data/absimp/string.py -> build/bdist.linux-x86_64/egg/astroid/tests/testdata/python2/data/absimp
creating build/bdist.linux-x86_64/egg/astroid/tests/testdata/python2/data/absimp/sidepackage
copying build/lib/astroid/tests/testdata/python2/data/absimp/sidepackage/__init__.py -> build/bdist.linux-x86_64/egg/astroid/tests/testdata/python2/data/absimp/sidepackage
copying build/lib/astroid/tests/testdata/python2/data/absimp/__init__.py -> build/bdist.linux-x86_64/egg/astroid/tests/testdata/python2/data/absimp
copying build/lib/astroid/tests/testdata/python2/data/descriptor_crash.py -> build/bdist.linux-x86_64/egg/astroid/tests/testdata/python2/data
copying build/lib/astroid/tests/testdata/python2/data/MyPyPa-0.1.0-py2.5.zip -> build/bdist.linux-x86_64/egg/astroid/tests/testdata/python2/data
copying build/lib/astroid/tests/testdata/python2/data/__init__.py -> build/bdist.linux-x86_64/egg/astroid/tests/testdata/python2/data
copying build/lib/astroid/tests/testdata/python2/data/nonregr.py -> build/bdist.linux-x86_64/egg/astroid/tests/testdata/python2/data
copying build/lib/astroid/tests/unittest_lookup.py -> build/bdist.linux-x86_64/egg/astroid/tests
copying build/lib/astroid/tests/unittest_python3.py -> build/bdist.linux-x86_64/egg/astroid/tests
copying build/lib/astroid/tests/unittest_builder.py -> build/bdist.linux-x86_64/egg/astroid/tests
copying build/lib/astroid/tests/unittest_nodes.py -> build/bdist.linux-x86_64/egg/astroid/tests
copying build/lib/astroid/tests/unittest_manager.py -> build/bdist.linux-x86_64/egg/astroid/tests
copying build/lib/astroid/tests/unittest_scoped_nodes.py -> build/bdist.linux-x86_64/egg/astroid/tests
copying build/lib/astroid/tests/resources.py -> build/bdist.linux-x86_64/egg/astroid/tests
copying build/lib/astroid/tests/unittest_protocols.py -> build/bdist.linux-x86_64/egg/astroid/tests
copying build/lib/astroid/tests/unittest_peephole.py -> build/bdist.linux-x86_64/egg/astroid/tests
copying build/lib/astroid/tests/__init__.py -> build/bdist.linux-x86_64/egg/astroid/tests
copying build/lib/astroid/tests/unittest_inference.py -> build/bdist.linux-x86_64/egg/astroid/tests
copying build/lib/astroid/tests/unittest_utils.py -> build/bdist.linux-x86_64/egg/astroid/tests
copying build/lib/astroid/inference.py -> build/bdist.linux-x86_64/egg/astroid
copying build/lib/astroid/raw_building.py -> build/bdist.linux-x86_64/egg/astroid
copying build/lib/astroid/__init__.py -> build/bdist.linux-x86_64/egg/astroid
byte-compiling build/bdist.linux-x86_64/egg/astroid/rebuilder.py to rebuilder.pyc
byte-compiling build/bdist.linux-x86_64/egg/astroid/manager.py to manager.pyc
byte-compiling build/bdist.linux-x86_64/egg/astroid/nodes.py to nodes.pyc
byte-compiling build/bdist.linux-x86_64/egg/astroid/astpeephole.py to astpeephole.pyc
byte-compiling build/bdist.linux-x86_64/egg/astroid/modutils.py to modutils.pyc
byte-compiling build/bdist.linux-x86_64/egg/astroid/utils.py to utils.pyc
byte-compiling build/bdist.linux-x86_64/egg/astroid/mixins.py to mixins.pyc
byte-compiling build/bdist.linux-x86_64/egg/astroid/scoped_nodes.py to scoped_nodes.pyc
byte-compiling build/bdist.linux-x86_64/egg/astroid/inspector.py to inspector.pyc
byte-compiling build/bdist.linux-x86_64/egg/astroid/builder.py to builder.pyc
byte-compiling build/bdist.linux-x86_64/egg/astroid/test_utils.py to test_utils.pyc
byte-compiling build/bdist.linux-x86_64/egg/astroid/__pkginfo__.py to __pkginfo__.pyc
byte-compiling build/bdist.linux-x86_64/egg/astroid/protocols.py to protocols.pyc
byte-compiling build/bdist.linux-x86_64/egg/astroid/node_classes.py to node_classes.pyc
byte-compiling build/bdist.linux-x86_64/egg/astroid/bases.py to bases.pyc
byte-compiling build/bdist.linux-x86_64/egg/astroid/exceptions.py to exceptions.pyc
byte-compiling build/bdist.linux-x86_64/egg/astroid/brain/builtin_inference.py to builtin_inference.pyc
byte-compiling build/bdist.linux-x86_64/egg/astroid/brain/py2gi.py to py2gi.pyc
byte-compiling build/bdist.linux-x86_64/egg/astroid/brain/pysix_moves.py to pysix_moves.pyc
byte-compiling build/bdist.linux-x86_64/egg/astroid/brain/py2stdlib.py to py2stdlib.pyc
byte-compiling build/bdist.linux-x86_64/egg/astroid/brain/py2pytest.py to py2pytest.pyc
byte-compiling build/bdist.linux-x86_64/egg/astroid/brain/py2qt4.py to py2qt4.pyc
byte-compiling build/bdist.linux-x86_64/egg/astroid/brain/pynose.py to pynose.pyc
byte-compiling build/bdist.linux-x86_64/egg/astroid/brain/py2mechanize.py to py2mechanize.pyc
byte-compiling build/bdist.linux-x86_64/egg/astroid/as_string.py to as_string.pyc
byte-compiling build/bdist.linux-x86_64/egg/astroid/tests/unittest_inspector.py to unittest_inspector.pyc
byte-compiling build/bdist.linux-x86_64/egg/astroid/tests/unittest_brain.py to unittest_brain.pyc
byte-compiling build/bdist.linux-x86_64/egg/astroid/tests/unittest_regrtest.py to unittest_regrtest.pyc
byte-compiling build/bdist.linux-x86_64/egg/astroid/tests/unittest_modutils.py to unittest_modutils.pyc
byte-compiling build/bdist.linux-x86_64/egg/astroid/tests/unittest_raw_building.py to unittest_raw_building.pyc
byte-compiling build/bdist.linux-x86_64/egg/astroid/tests/unittest_lookup.py to unittest_lookup.pyc
byte-compiling build/bdist.linux-x86_64/egg/astroid/tests/unittest_python3.py to unittest_python3.pyc
byte-compiling build/bdist.linux-x86_64/egg/astroid/tests/unittest_builder.py to unittest_builder.pyc
byte-compiling build/bdist.linux-x86_64/egg/astroid/tests/unittest_nodes.py to unittest_nodes.pyc
byte-compiling build/bdist.linux-x86_64/egg/astroid/tests/unittest_manager.py to unittest_manager.pyc
byte-compiling build/bdist.linux-x86_64/egg/astroid/tests/unittest_scoped_nodes.py to unittest_scoped_nodes.pyc
byte-compiling build/bdist.linux-x86_64/egg/astroid/tests/resources.py to resources.pyc
byte-compiling build/bdist.linux-x86_64/egg/astroid/tests/unittest_protocols.py to unittest_protocols.pyc
byte-compiling build/bdist.linux-x86_64/egg/astroid/tests/unittest_peephole.py to unittest_peephole.pyc
byte-compiling build/bdist.linux-x86_64/egg/astroid/tests/__init__.py to __init__.pyc
byte-compiling build/bdist.linux-x86_64/egg/astroid/tests/unittest_inference.py to unittest_inference.pyc
byte-compiling build/bdist.linux-x86_64/egg/astroid/tests/unittest_utils.py to unittest_utils.pyc
byte-compiling build/bdist.linux-x86_64/egg/astroid/inference.py to inference.pyc
byte-compiling build/bdist.linux-x86_64/egg/astroid/raw_building.py to raw_building.pyc
byte-compiling build/bdist.linux-x86_64/egg/astroid/__init__.py to __init__.pyc
creating build/bdist.linux-x86_64/egg/EGG-INFO
copying astroid.egg-info/PKG-INFO -> build/bdist.linux-x86_64/egg/EGG-INFO
copying astroid.egg-info/SOURCES.txt -> build/bdist.linux-x86_64/egg/EGG-INFO
copying astroid.egg-info/dependency_links.txt -> build/bdist.linux-x86_64/egg/EGG-INFO
copying astroid.egg-info/requires.txt -> build/bdist.linux-x86_64/egg/EGG-INFO
copying astroid.egg-info/top_level.txt -> build/bdist.linux-x86_64/egg/EGG-INFO
zip_safe flag not set; analyzing archive contents...
astroid.raw_building: module references __file__
astroid.raw_building: module references __path__
astroid.manager: module references __file__
astroid.modutils: module references __file__
astroid.modutils: module references __path__
astroid.scoped_nodes: module references __file__
astroid.scoped_nodes: module references __path__
astroid.__init__: module references __file__
astroid.builder: module references __file__
astroid.tests.unittest_regrtest: module references __file__
astroid.tests.unittest_scoped_nodes: module references __file__
astroid.tests.unittest_scoped_nodes: module references __path__
astroid.tests.unittest_manager: module references __file__
astroid.tests.unittest_utils: module references __file__
astroid.tests.unittest_lookup: module references __path__
astroid.tests.unittest_inference: module references __file__
astroid.tests.unittest_modutils: module references __file__
astroid.tests.unittest_modutils: module references __path__
creating dist
creating 'dist/astroid-1.3.6-py2.7.egg' and adding 'build/bdist.linux-x86_64/egg' to it
removing 'build/bdist.linux-x86_64/egg' (and everything under it)
Processing astroid-1.3.6-py2.7.egg
creating /home/hargup/anaconda/envs/_build/lib/python2.7/site-packages/astroid-1.3.6-py2.7.egg
Extracting astroid-1.3.6-py2.7.egg to /home/hargup/anaconda/envs/_build/lib/python2.7/site-packages
  File "/home/hargup/anaconda/envs/_build/lib/python2.7/site-packages/astroid-1.3.6-py2.7.egg/astroid/tests/testdata/python3/data/module.py", line 55
    print('yo', end=' ')
                   ^
SyntaxError: invalid syntax

  File "/home/hargup/anaconda/envs/_build/lib/python2.7/site-packages/astroid-1.3.6-py2.7.egg/astroid/tests/testdata/python3/data/module2.py", line 100
    print('bonjour', file=stream)
                         ^
SyntaxError: invalid syntax

Adding astroid 1.3.6 to easy-install.pth file

Installed /home/hargup/anaconda/envs/_build/lib/python2.7/site-packages/astroid-1.3.6-py2.7.egg
Processing dependencies for astroid==1.3.6
Searching for six==1.9.0
Best match: six 1.9.0
Adding six 1.9.0 to easy-install.pth file

Using /home/hargup/anaconda/envs/_build/lib/python2.7/site-packages
Searching for logilab-common==0.63.2
Best match: logilab-common 0.63.2
Adding logilab-common 0.63.2 to easy-install.pth file

Using /home/hargup/anaconda/envs/_build/lib/python2.7/site-packages
Finished processing dependencies for astroid==1.3.6
Compiling /home/hargup/anaconda/envs/_build/lib/python2.7/site-packages/astroid/tests/testdata/python3/data/module.py ...
  File "/home/hargup/anaconda/envs/_build/lib/python2.7/site-packages/astroid/tests/testdata/python3/data/module.py", line 55
    print('yo', end=' ')
                   ^
SyntaxError: invalid syntax

Compiling /home/hargup/anaconda/envs/_build/lib/python2.7/site-packages/astroid/tests/testdata/python3/data/module2.py ...
  File "/home/hargup/anaconda/envs/_build/lib/python2.7/site-packages/astroid/tests/testdata/python3/data/module2.py", line 100
    print('bonjour', file=stream)
                         ^
SyntaxError: invalid syntax


The following packages will be downloaded:

    package                    |            build
    ---------------------------|-----------------
    logilab-common-0.63.2      |           py27_0         286 KB

The following NEW packages will be INSTALLED:

    logilab-common: 0.63.2-py27_0
    openssl:        1.0.1k-1     
    pip:            6.1.1-py27_0 
    python:         2.7.9-3      
    readline:       6.2-2        
    setuptools:     16.0-py27_0  
    six:            1.9.0-py27_0 
    sqlite:         3.8.4.1-1    
    system:         5.8-2        
    tk:             8.5.18-0     
    zlib:           1.2.8-0      

Fetching packages ...
logilab-common   0% |                              | ETA:  --:--:--   0.00  B/slogilab-common   5% |#                              | ETA:  0:00:03  70.84 kB/slogilab-common  11% |###                            | ETA:  0:00:03  72.57 kB/slogilab-common  16% |#####                          | ETA:  0:00:02 107.77 kB/slogilab-common  22% |######                         | ETA:  0:00:02  97.02 kB/slogilab-common  27% |########                       | ETA:  0:00:01 120.51 kB/slogilab-common  33% |##########                     | ETA:  0:00:01 142.58 kB/slogilab-common  39% |############                   | ETA:  0:00:01 165.66 kB/slogilab-common  44% |#############                  | ETA:  0:00:01 146.61 kB/slogilab-common  50% |###############                | ETA:  0:00:00 163.28 kB/slogilab-common  55% |#################              | ETA:  0:00:00 180.26 kB/slogilab-common  61% |###################            | ETA:  0:00:00 196.56 kB/slogilab-common  67% |####################           | ETA:  0:00:00 213.77 kB/slogilab-common  72% |######################         | ETA:  0:00:00 229.57 kB/slogilab-common  78% |########################       | ETA:  0:00:00 205.69 kB/slogilab-common  83% |##########################     | ETA:  0:00:00 218.42 kB/slogilab-common  89% |###########################    | ETA:  0:00:00 231.69 kB/slogilab-common  95% |#############################  | ETA:  0:00:00 242.47 kB/slogilab-common 100% |###############################| ETA:  0:00:00 254.53 kB/slogilab-common 100% |###############################| Time: 0:00:01 254.37 kB/s
Extracting packages ...
[                    ]|                                                  |   0%[logilab-common      ]|                                                  |   0%[      COMPLETE      ]|##################################################| 100%
Linking packages ...
[      COMPLETE      ]|                                                  |   0%[openssl             ]|                                                  |   0%[openssl             ]|                                                  |   0%[readline            ]|####                                              |   9%[sqlite              ]|#########                                         |  18%[system              ]|#############                                     |  27%[tk                  ]|##################                                |  36%[zlib                ]|######################                            |  45%[python              ]|###########################                       |  54%[setuptools          ]|###############################                   |  63%[six                 ]|####################################              |  72%[logilab-common      ]|########################################          |  81%[pip                 ]|#############################################     |  90%[      COMPLETE      ]|##################################################| 100%
Removing old work directory
Source cache directory is: /home/hargup/anaconda/conda-bld/src_cache
Found source in cache: astroid-1.3.6.tar.gz
Extracting download
Package: astroid-1.3.6-py27_0
source tree in: /home/hargup/anaconda/conda-bld/work/astroid-1.3.6
found egg dir: /home/hargup/anaconda/envs/_build/lib/python2.7/site-packages/astroid-1.3.6-py2.7.egg
compiling .pyc files...
Command failed: /home/hargup/anaconda/envs/_build/bin/python -Wi /home/hargup/anaconda/envs/_build/lib/python2.7/compileall.py -q -x port_v3 /home/hargup/anaconda/envs/_build/lib/python2.7/site-packages
