Warning, the following versions were found for astroid
1.3.6
1.3.5
1.3.4
1.3.3
1.3.2
1.3.1
1.3.0
1.2.1
1.2.0
1.1.1
1.1.0
1.0.1
1.0.0
Using 1.3.6
Use --version to specify a different version.
Using url https://pypi.python.org/packages/source/a/astroid/astroid-1.3.6.tar.gz (150 KB) for astroid.
Downloading astroid (use --no-download to skip this step)
Using cached download
Unpacking astroid...
done
working in /tmp/tmpzjzoHaconda_skeleton_astroid-1.3.6.tar.gz
Fetching package metadata: ......
Solving package specifications: .patching file core.py
Hunk #1 succeeded at 168 with fuzz 2 (offset 2 lines).

Applying patch: '/tmp/tmpzjzoHaconda_skeleton_astroid-1.3.6.tar.gz/pypi-distutils.patch'
Writing recipe for astroid
Done
