Warning, the following versions were found for autopep8
1.1.1
1.1
1.0.4
1.0.3
1.0.2
1.0.1
1.0
0.9.7
0.9.6
0.9.5
0.9.4
0.9.3
0.9.2
0.9.1
0.9
0.8.7
0.8.6
0.8.5
0.8.4
0.8.3
0.8.2
0.8.1
0.8
0.7.3
0.7.2
0.7.1
0.7
0.6.5
0.6.4
0.6.3
0.6.2
0.6.1
0.6
0.5.2
0.5.1
0.5
0.4
0.3
0.2
0.1.3
0.1.2
0.1.1
0.1
Using 1.1.1
Use --version to specify a different version.
Using url https://pypi.python.org/packages/source/a/autopep8/autopep8-1.1.1.tar.gz (104 KB) for autopep8.
Downloading autopep8 (use --no-download to skip this step)
Using cached download
Unpacking autopep8...
done
working in /tmp/tmpWC0dCiconda_skeleton_autopep8-1.1.1.tar.gz
Fetching package metadata: ......
Solving package specifications: .patching file core.py
Hunk #1 succeeded at 168 with fuzz 2 (offset 2 lines).

The following NEW packages will be INSTALLED:

    numpy:      1.9.2-py27_0
    openssl:    1.0.1k-1    
    pip:        7.0.3-py27_0
    python:     2.7.10-0    
    pyyaml:     3.11-py27_0 
    readline:   6.2-2       
    setuptools: 17.0-py27_0 
    sqlite:     3.8.4.1-1   
    system:     5.8-2       
    tk:         8.5.18-0    
    zlib:       1.2.8-0     

Linking packages ...
[                    ]|                                                  |   0%[openssl             ]|                                                  |   0%[readline            ]|####                                              |   9%[sqlite              ]|#########                                         |  18%[system              ]|#############                                     |  27%[tk                  ]|##################                                |  36%[zlib                ]|######################                            |  45%[numpy               ]|###########################                       |  54%[python              ]|###############################                   |  63%[pyyaml              ]|####################################              |  72%[setuptools          ]|########################################          |  81%[pip                 ]|#############################################     |  90%[      COMPLETE      ]|##################################################| 100%
Applying patch: '/tmp/tmpWC0dCiconda_skeleton_autopep8-1.1.1.tar.gz/pypi-distutils.patch'
Writing recipe for autopep8
Done
