Warning, the following versions were found for avro_json_serializer
0.4.1
0.4
Using 0.4.1
Use --version to specify a different version.
Using url https://pypi.python.org/packages/source/a/avro_json_serializer/avro_json_serializer-0.4.1.tar.gz (3 KB) for avro_json_serializer.
Downloading avro_json_serializer (use --no-download to skip this step)
Using cached download
Unpacking avro_json_serializer...
done
working in /tmp/tmpYWmqLxconda_skeleton_avro_json_serializer-0.4.1.tar.gz
Fetching package metadata: ......
Solving package specifications: .patching file core.py
Hunk #1 succeeded at 168 with fuzz 2 (offset 2 lines).
Traceback (most recent call last):
  File "setup.py", line 13, in <module>
    import setuptools
ImportError: No module named setuptools

Applying patch: '/tmp/tmpYWmqLxconda_skeleton_avro_json_serializer-0.4.1.tar.gz/pypi-distutils.patch'
$PYTHONPATH = /tmp/tmpYWmqLxconda_skeleton_avro_json_serializer-0.4.1.tar.gz/avro_json_serializer-0.4.1
Error: command failed: /home/ubuntu/miniconda/envs/_build/bin/python setup.py install
