Warning, the following versions were found for avro
1.7.7
1.7.6
1.7.5
1.7.4
1.7.3
1.7.2
1.7.1
1.7.0
1.6.3
1.6.2
1.6.1
1.6.0
1.5.4
1.5.3
1.5.2
1.5.1
1.5.0
1.4.1
1.3.3
Using 1.7.7
Use --version to specify a different version.
Using url https://pypi.python.org/packages/source/a/avro/avro-1.7.7.tar.gz (35 KB) for avro.
Downloading avro (use --no-download to skip this step)
Using cached download
Unpacking avro...
done
working in /tmp/tmp9URkOEconda_skeleton_avro-1.7.7.tar.gz
Fetching package metadata: ......
Solving package specifications: .patching file core.py
Hunk #1 succeeded at 168 with fuzz 2 (offset 2 lines).

The following NEW packages will be INSTALLED:

    numpy:      1.9.2-py27_0
    openssl:    1.0.1k-1    
    pip:        7.0.3-py27_0
    python:     2.7.10-0    
    pyyaml:     3.11-py27_0 
    readline:   6.2-2       
    setuptools: 17.0-py27_0 
    sqlite:     3.8.4.1-1   
    system:     5.8-2       
    tk:         8.5.18-0    
    yaml:       0.1.4-0     
    zlib:       1.2.8-0     

Linking packages ...
[                    ]|                                                  |   0%[openssl             ]|                                                  |   0%[readline            ]|####                                              |   8%[sqlite              ]|########                                          |  16%[system              ]|############                                      |  25%[tk                  ]|################                                  |  33%[yaml                ]|####################                              |  41%[zlib                ]|#########################                         |  50%[numpy               ]|#############################                     |  58%[python              ]|#################################                 |  66%[pyyaml              ]|#####################################             |  75%[setuptools          ]|#########################################         |  83%[pip                 ]|#############################################     |  91%[      COMPLETE      ]|##################################################| 100%
Applying patch: '/tmp/tmp9URkOEconda_skeleton_avro-1.7.7.tar.gz/pypi-distutils.patch'
Writing recipe for avro
Done
