Warning, the following versions were found for awsebcli
3.4.5
3.4.4
3.4.3
3.4.2
3.4
3.3.2
3.3.1
3.3
3.2.2
3.2.1
3.2
3.1.4
3.1.3
3.1.2
3.1.1
3.1
3.0.11
3.0.10
3.0.9
3.0.8
3.0.7
3.0.6
3.0.5
3.0.4
3.0.3
3.0.2
3.0.1
Using 3.4.5
Use --version to specify a different version.
Using url https://pypi.python.org/packages/source/a/awsebcli/awsebcli-3.4.5.tar.gz (855 KB) for awsebcli.
Downloading awsebcli (use --no-download to skip this step)
Unpacking awsebcli...
done
working in /tmp/tmpqKJDbGconda_skeleton_awsebcli-3.4.5.tar.gz
Fetching package metadata: ......
Solving package specifications: .patching file core.py
Hunk #1 succeeded at 168 with fuzz 2 (offset 2 lines).
Traceback (most recent call last):
  File "setup.py", line 4, in <module>
    from setuptools import setup, find_packages
ImportError: No module named setuptools

The following NEW packages will be INSTALLED:

    numpy:  1.9.2-py27_0
    pyyaml: 3.11-py27_0 

Linking packages ...
[                    ]|                                                  |   0%[numpy               ]|                                                  |   0%[pyyaml              ]|#########################                         |  50%[      COMPLETE      ]|##################################################| 100%
Applying patch: '/tmp/tmpqKJDbGconda_skeleton_awsebcli-3.4.5.tar.gz/pypi-distutils.patch'
$PYTHONPATH = /tmp/tmpqKJDbGconda_skeleton_awsebcli-3.4.5.tar.gz/awsebcli-3.4.5
Error: command failed: /home/ubuntu/miniconda/envs/_build/bin/python setup.py install
