Warning, the following versions were found for azure
0.11.0
0.10.2
0.10.0
0.9.0
0.8.4
0.8.3
0.8.2
0.8.1
0.8.0
0.7.1
0.7.0
0.6.2
0.6.1
0.6
0.5.2
0.5.1
0.5
0.2
0.1
0.8.0pr1
Using 0.11.0
Use --version to specify a different version.
Using url https://pypi.python.org/packages/source/a/azure/azure-0.11.0.zip (132 KB) for azure.
Downloading azure (use --no-download to skip this step)
Using cached download
Unpacking azure...
done
working in /tmp/tmp608U5Dconda_skeleton_azure-0.11.0.zip
Fetching package metadata: ......
Solving package specifications: .patching file core.py
Hunk #1 succeeded at 168 with fuzz 2 (offset 2 lines).

Applying patch: '/tmp/tmp608U5Dconda_skeleton_azure-0.11.0.zip/pypi-distutils.patch'
Writing recipe for azure
Done
