Package search: {'_pypi_ordering': False, 'version': '1.3', 'name': 'Babel', 'summary': 'Internationalization utilities'}
Fetching package metadata: ....
Removing old build directory
Removing old work directory
BUILD START: babel-1.3-py27_0
Fetching package metadata: ......
Solving package specifications: .+ pip install Babel
Collecting Babel
  Downloading http://localhost/packages/source/B/Babel/Babel-1.3.tar.gz (3.4MB)
Requirement already satisfied (use --upgrade to upgrade): pytz>=0a in /home/ubuntu/miniconda/envs/_build/lib/python2.7/site-packages/pytz-2015.4-py2.7.egg (from Babel)
Installing collected packages: Babel
  Running setup.py install for Babel
Successfully installed Babel-1.3

The following NEW packages will be INSTALLED:

    openssl:    1.0.1k-1     
    pip:        7.0.3-py27_0 
    python:     2.7.10-0     
    pytz:       2015.4-py27_0
    readline:   6.2-2        
    setuptools: 17.0-py27_0  
    sqlite:     3.8.4.1-1    
    system:     5.8-2        
    tk:         8.5.18-0     
    zlib:       1.2.8-0      

Linking packages ...
[                    ]|                                                  |   0%[openssl             ]|                                                  |   0%[readline            ]|#####                                             |  10%[sqlite              ]|##########                                        |  20%[system              ]|###############                                   |  30%[tk                  ]|####################                              |  40%[zlib                ]|#########################                         |  50%[python              ]|##############################                    |  60%[pytz                ]|###################################               |  70%[setuptools          ]|########################################          |  80%[pip                 ]|#############################################     |  90%[      COMPLETE      ]|##################################################| 100%
Removing old work directory
Copying /home/ubuntu/pypi-conda-builds/babel to /home/ubuntu/miniconda/conda-bld/work
Package: babel-1.3-py27_0
source tree in: /home/ubuntu/miniconda/conda-bld/work
number of files: 716
Fixing permissions
Detected hard-coded path in text file bin/pybabel
Fixing permissions
BUILD END: babel-1.3-py27_0
# If you want to upload this package to binstar.org later, type:
#
# $ binstar upload /home/ubuntu/miniconda/conda-bld/linux-64/babel-1.3-py27_0.tar.bz2
#
# To have conda build upload to binstar automatically, use
# $ conda config --set binstar_upload yes

Creating standard recipe for babel-1.3
Converting recipe in /home/ubuntu/pypi-conda-builds/babel
package = Babel
   dependencies = [u'pytz >=0a']
Building conda package for babel
