Warning, the following versions were found for backports.ssl_match_hostname
3.4.0.2
3.4.0.1
3.2a3
Using 3.4.0.2
Use --version to specify a different version.
Using url https://pypi.python.org/packages/source/b/backports.ssl_match_hostname/backports.ssl_match_hostname-3.4.0.2.tar.gz (5 KB) for backports.ssl_match_hostname.
Downloading backports.ssl_match_hostname (use --no-download to skip this step)
Using cached download
Unpacking backports.ssl_match_hostname...
done
working in /tmp/tmpwdU3ZIconda_skeleton_backports.ssl_match_hostname-3.4.0.2.tar.gz
Fetching package metadata: ......
Solving package specifications: .patching file core.py
Hunk #1 succeeded at 168 with fuzz 2 (offset 2 lines).

The following NEW packages will be INSTALLED:

    numpy:  1.9.2-py27_0
    pyyaml: 3.11-py27_0 

Linking packages ...
[                    ]|                                                  |   0%[numpy               ]|                                                  |   0%[pyyaml              ]|#########################                         |  50%[      COMPLETE      ]|##################################################| 100%
Applying patch: '/tmp/tmpwdU3ZIconda_skeleton_backports.ssl_match_hostname-3.4.0.2.tar.gz/pypi-distutils.patch'
Writing recipe for backports.ssl_match_hostname
Done
