Warning, the following versions were found for bbarchivist
1.7.2
1.7.1
1.7.0
1.6.2
1.6.1
1.6.0
1.5.2
1.5.1
1.5.0
1.4.2
1.4.1
1.4.0
1.3.2
1.3.1
1.3.0
1.2.4
1.2.3
1.2.2
1.2.1
1.2.0
1.1.3
1.1.2
1.1.1
1.1.0
1.0.1
1.0
Using 1.7.2
Use --version to specify a different version.
Using url https://pypi.python.org/packages/source/b/bbarchivist/bbarchivist-1.7.2.zip (8.2 MB) for bbarchivist.
Downloading bbarchivist (use --no-download to skip this step)
Unpacking bbarchivist...
done
working in /tmp/tmprv_15nconda_skeleton_bbarchivist-1.7.2.zip
Fetching package metadata: ......
Solving package specifications: .patching file core.py
Hunk #1 succeeded at 168 with fuzz 2 (offset 2 lines).
Traceback (most recent call last):
  File "setup.py", line 1, in <module>
    from setuptools import setup
ImportError: No module named setuptools

The following NEW packages will be INSTALLED:

    numpy:  1.9.2-py27_0
    pyyaml: 3.11-py27_0 

Linking packages ...
[                    ]|                                                  |   0%[numpy               ]|                                                  |   0%[pyyaml              ]|#########################                         |  50%[      COMPLETE      ]|##################################################| 100%
Applying patch: '/tmp/tmprv_15nconda_skeleton_bbarchivist-1.7.2.zip/pypi-distutils.patch'
$PYTHONPATH = /tmp/tmprv_15nconda_skeleton_bbarchivist-1.7.2.zip/bbarchivist-1.7.2
Error: command failed: /home/ubuntu/miniconda/envs/_build/bin/python setup.py install
