Warning, the following versions were found for bcdoc
0.16.0
0.15.0
0.14.0
0.13.0
0.12.2
0.12.1
0.12.0
0.11.0
0.10.0
0.9.0
0.8.0
0.7.0
0.6.0
0.5.0
0.4.3
0.4.2
0.4.1
0.3.0
0.2.0
0.1
Using 0.16.0
Use --version to specify a different version.
Using url https://pypi.python.org/packages/source/b/bcdoc/bcdoc-0.16.0.tar.gz (11 KB) for bcdoc.
Downloading bcdoc (use --no-download to skip this step)
Unpacking bcdoc...
done
working in /tmp/tmpnyoKc9conda_skeleton_bcdoc-0.16.0.tar.gz
Fetching package metadata: ......
Solving package specifications: .patching file core.py
Hunk #1 succeeded at 168 with fuzz 2 (offset 2 lines).
Traceback (most recent call last):
  File "setup.py", line 5, in <module>
    from setuptools import setup
ImportError: No module named setuptools

Applying patch: '/tmp/tmpnyoKc9conda_skeleton_bcdoc-0.16.0.tar.gz/pypi-distutils.patch'
$PYTHONPATH = /tmp/tmpnyoKc9conda_skeleton_bcdoc-0.16.0.tar.gz/bcdoc-0.16.0
Error: command failed: /home/ubuntu/miniconda/envs/_build/bin/python setup.py install
