Package search: {'_pypi_ordering': False, 'version': '0.15.0', 'name': 'bcdoc', 'summary': 'ReST document generation tools for botocore.'}
Fetching package metadata: ....
Removing old build directory
Removing old work directory
BUILD START: bcdoc-0.15.0-py27_0
Fetching package metadata: ......
Solving package specifications: .+ pip install bcdoc
Collecting bcdoc
  Downloading http://localhost/packages/2.7/b/bcdoc/bcdoc-0.14.0-py2.py3-none-any.whl
Requirement already satisfied (use --upgrade to upgrade): six<2.0.0,>=1.8.0 in /home/ubuntu/miniconda/envs/_build/lib/python2.7/site-packages (from bcdoc)
Requirement already satisfied (use --upgrade to upgrade): docutils>=0.10 in /home/ubuntu/miniconda/envs/_build/lib/python2.7/site-packages (from bcdoc)
Installing collected packages: bcdoc
Successfully installed bcdoc-0.14.0

The following NEW packages will be INSTALLED:

    docutils:   0.12-py27_0 
    openssl:    1.0.1k-1    
    pip:        7.0.3-py27_0
    python:     2.7.10-0    
    readline:   6.2-2       
    setuptools: 17.0-py27_0 
    six:        1.9.0-py27_0
    sqlite:     3.8.4.1-1   
    system:     5.8-2       
    tk:         8.5.18-0    
    zlib:       1.2.8-0     

Linking packages ...
[                    ]|                                                  |   0%[openssl             ]|                                                  |   0%[readline            ]|####                                              |   9%[sqlite              ]|#########                                         |  18%[system              ]|#############                                     |  27%[tk                  ]|##################                                |  36%[zlib                ]|######################                            |  45%[docutils            ]|###########################                       |  54%[python              ]|###############################                   |  63%[setuptools          ]|####################################              |  72%[six                 ]|########################################          |  81%[pip                 ]|#############################################     |  90%[      COMPLETE      ]|##################################################| 100%
Removing old work directory
Copying /home/ubuntu/pypi-conda-builds/bcdoc to /home/ubuntu/miniconda/conda-bld/work
Package: bcdoc-0.15.0-py27_0
source tree in: /home/ubuntu/miniconda/conda-bld/work
number of files: 18
Fixing permissions
Fixing permissions
BUILD END: bcdoc-0.15.0-py27_0
# If you want to upload this package to binstar.org later, type:
#
# $ binstar upload /home/ubuntu/miniconda/conda-bld/linux-64/bcdoc-0.15.0-py27_0.tar.bz2
#
# To have conda build upload to binstar automatically, use
# $ conda config --set binstar_upload yes

Creating standard recipe for bcdoc-0.15.0
Converting recipe in /home/ubuntu/pypi-conda-builds/bcdoc
package = bcdoc
   dependencies = [u'six >=1.8.0,<2.0.0', u'docutils >=0.10']
Building conda package for bcdoc
