Warning, the following versions were found for bdist_venv
0.1.2
0.1.1
0.1.0
Using 0.1.2
Use --version to specify a different version.
Using url https://pypi.python.org/packages/source/b/bdist_venv/bdist_venv-0.1.2.tar.gz (3 KB) for bdist_venv.
Downloading bdist_venv (use --no-download to skip this step)
Using cached download
Unpacking bdist_venv...
done
working in /tmp/tmpYmLHeOconda_skeleton_bdist_venv-0.1.2.tar.gz
Fetching package metadata: ......
Solving package specifications: .patching file core.py
Hunk #1 succeeded at 168 with fuzz 2 (offset 2 lines).

The following NEW packages will be INSTALLED:

    numpy:  1.9.2-py27_0
    pyyaml: 3.11-py27_0 

Linking packages ...
[                    ]|                                                  |   0%[numpy               ]|                                                  |   0%[pyyaml              ]|#########################                         |  50%[      COMPLETE      ]|##################################################| 100%
Applying patch: '/tmp/tmpYmLHeOconda_skeleton_bdist_venv-0.1.2.tar.gz/pypi-distutils.patch'
Writing recipe for bdist_venv
Done
