Removing old build directory
Removing old work directory
BUILD START: bdist_venv-0.1.2-py_0
Fetching package metadata: ......
Solving package specifications: .................
Warning: 2 possible package resolutions (only showing differing packages):
	[u'virtualenv-13.0.3-py_0.tar.bz2'],
	[u'virtualenv-13.0.3-py27_0.tar.bz2'],
+ /home/ubuntu/miniconda/envs/_build/bin/python setup.py install
running install
running bdist_egg
running egg_info
writing requirements to bdist_venv.egg-info/requires.txt
writing bdist_venv.egg-info/PKG-INFO
writing top-level names to bdist_venv.egg-info/top_level.txt
writing dependency_links to bdist_venv.egg-info/dependency_links.txt
writing entry points to bdist_venv.egg-info/entry_points.txt
reading manifest file 'bdist_venv.egg-info/SOURCES.txt'
writing manifest file 'bdist_venv.egg-info/SOURCES.txt'
installing library code to build/bdist.linux-x86_64/egg
running install_lib
running build_py
creating build
creating build/lib
copying bdist_venv.py -> build/lib
creating build/bdist.linux-x86_64
creating build/bdist.linux-x86_64/egg
copying build/lib/bdist_venv.py -> build/bdist.linux-x86_64/egg
byte-compiling build/bdist.linux-x86_64/egg/bdist_venv.py to bdist_venv.pyc
creating build/bdist.linux-x86_64/egg/EGG-INFO
copying bdist_venv.egg-info/PKG-INFO -> build/bdist.linux-x86_64/egg/EGG-INFO
copying bdist_venv.egg-info/SOURCES.txt -> build/bdist.linux-x86_64/egg/EGG-INFO
copying bdist_venv.egg-info/dependency_links.txt -> build/bdist.linux-x86_64/egg/EGG-INFO
copying bdist_venv.egg-info/entry_points.txt -> build/bdist.linux-x86_64/egg/EGG-INFO
copying bdist_venv.egg-info/requires.txt -> build/bdist.linux-x86_64/egg/EGG-INFO
copying bdist_venv.egg-info/top_level.txt -> build/bdist.linux-x86_64/egg/EGG-INFO
copying bdist_venv.egg-info/zip-safe -> build/bdist.linux-x86_64/egg/EGG-INFO
creating dist
creating 'dist/bdist_venv-0.1.2-py2.7.egg' and adding 'build/bdist.linux-x86_64/egg' to it
removing 'build/bdist.linux-x86_64/egg' (and everything under it)
Processing bdist_venv-0.1.2-py2.7.egg
Copying bdist_venv-0.1.2-py2.7.egg to /home/ubuntu/miniconda/envs/_build/lib/python2.7/site-packages
Adding bdist-venv 0.1.2 to easy-install.pth file

Installed /home/ubuntu/miniconda/envs/_build/lib/python2.7/site-packages/bdist_venv-0.1.2-py2.7.egg
Processing dependencies for bdist-venv==0.1.2
Searching for virtualenv
Traceback (most recent call last):
  File "setup.py", line 40, in <module>
    'bdist_venv = bdist_venv:bdist_venv',
  File "/home/ubuntu/miniconda/envs/_build/lib/python2.7/distutils/core.py", line 151, in setup
    dist.run_commands()
  File "/home/ubuntu/miniconda/envs/_build/lib/python2.7/distutils/dist.py", line 953, in run_commands
    self.run_command(cmd)
  File "/home/ubuntu/miniconda/envs/_build/lib/python2.7/distutils/dist.py", line 972, in run_command
    cmd_obj.run()
  File "/home/ubuntu/miniconda/envs/_build/lib/python2.7/site-packages/setuptools-17.0-py2.7.egg/setuptools/command/install.py", line 67, in run
  File "/home/ubuntu/miniconda/envs/_build/lib/python2.7/site-packages/setuptools-17.0-py2.7.egg/setuptools/command/install.py", line 117, in do_egg_install
  File "/home/ubuntu/miniconda/envs/_build/lib/python2.7/site-packages/setuptools-17.0-py2.7.egg/setuptools/command/easy_install.py", line 380, in run
  File "/home/ubuntu/miniconda/envs/_build/lib/python2.7/site-packages/setuptools-17.0-py2.7.egg/setuptools/command/easy_install.py", line 610, in easy_install
  File "/home/ubuntu/miniconda/envs/_build/lib/python2.7/site-packages/setuptools-17.0-py2.7.egg/setuptools/command/easy_install.py", line 661, in install_item
  File "/home/ubuntu/miniconda/envs/_build/lib/python2.7/site-packages/setuptools-17.0-py2.7.egg/setuptools/command/easy_install.py", line 709, in process_distribution
  File "/home/ubuntu/miniconda/envs/_build/lib/python2.7/site-packages/setuptools-17.0-py2.7.egg/pkg_resources/__init__.py", line 830, in resolve
  File "/home/ubuntu/miniconda/envs/_build/lib/python2.7/site-packages/setuptools-17.0-py2.7.egg/pkg_resources/__init__.py", line 1075, in best_match
  File "/home/ubuntu/miniconda/envs/_build/lib/python2.7/site-packages/setuptools-17.0-py2.7.egg/pkg_resources/__init__.py", line 1087, in obtain
  File "/home/ubuntu/miniconda/envs/_build/lib/python2.7/site-packages/setuptools-17.0-py2.7.egg/setuptools/command/easy_install.py", line 617, in easy_install
  File "/home/ubuntu/miniconda/envs/_build/lib/python2.7/site-packages/setuptools-17.0-py2.7.egg/setuptools/package_index.py", line 594, in fetch_distribution
  File "/home/ubuntu/miniconda/envs/_build/lib/python2.7/site-packages/setuptools-17.0-py2.7.egg/setuptools/package_index.py", line 431, in find_packages
  File "/home/ubuntu/miniconda/envs/_build/lib/python2.7/site-packages/setuptools-17.0-py2.7.egg/setuptools/package_index.py", line 765, in scan_url
  File "/home/ubuntu/miniconda/envs/_build/lib/python2.7/site-packages/setuptools-17.0-py2.7.egg/setuptools/package_index.py", line 283, in process_url
RuntimeError: Setuptools downloading is disabled in conda build. Be sure to add all dependencies in the meta.yaml  url=https://pypi.python.org/simple/virtualenv/r

The following NEW packages will be INSTALLED:

    openssl:    1.0.1k-1    
    pip:        7.0.3-py27_0
    python:     2.7.10-0    
    readline:   6.2-2       
    setuptools: 17.0-py27_0 
    sqlite:     3.8.4.1-1   
    system:     5.8-2       
    tk:         8.5.18-0    
    virtualenv: 13.0.3-py_0 
    zlib:       1.2.8-0     

Linking packages ...
[                    ]|                                                  |   0%[openssl             ]|                                                  |   0%[readline            ]|#####                                             |  10%[sqlite              ]|##########                                        |  20%[system              ]|###############                                   |  30%[tk                  ]|####################                              |  40%[zlib                ]|#########################                         |  50%[python              ]|##############################                    |  60%[setuptools          ]|###################################               |  70%[virtualenv          ]|########################################          |  80%[pip                 ]|#############################################     |  90%[      COMPLETE      ]|##################################################| 100%
Removing old work directory
Source cache directory is: /home/ubuntu/miniconda/conda-bld/src_cache
Found source in cache: bdist_venv-0.1.2.tar.gz
Extracting download
Package: bdist_venv-0.1.2-py_0
source tree in: /home/ubuntu/miniconda/conda-bld/work/bdist_venv-0.1.2
Command failed: /bin/bash -x -e /home/ubuntu/pypi-conda-builds/recipes/bdist_venv/build.sh
