beautifulsoup not found, trying BeautifulSoup
0
Warning, the following versions were found for BeautifulSoup
3.2.1
3.2.0
3.0.8.1
3.0.8
3.0.7a
3.0.5
3.0.4
3.0.3
3.0.0
2.1.1
2.1.0
2.0.2
Using 3.2.1
Use --version to specify a different version.
Using url https://pypi.python.org/packages/source/B/BeautifulSoup/BeautifulSoup-3.2.1.tar.gz (30 KB) for BeautifulSoup.
Downloading BeautifulSoup (use --no-download to skip this step)
Using cached download
Unpacking BeautifulSoup...
done
working in /tmp/tmpbg1bTBconda_skeleton_BeautifulSoup-3.2.1.tar.gz
Fetching package metadata: ......
Solving package specifications: .patching file core.py
Hunk #1 succeeded at 168 with fuzz 2 (offset 2 lines).

The following NEW packages will be INSTALLED:

    numpy:  1.9.2-py27_0
    pyyaml: 3.11-py27_0 
    yaml:   0.1.4-0     

Linking packages ...
[                    ]|                                                  |   0%[yaml                ]|                                                  |   0%[numpy               ]|################                                  |  33%[pyyaml              ]|#################################                 |  66%[      COMPLETE      ]|##################################################| 100%
Applying patch: '/tmp/tmpbg1bTBconda_skeleton_BeautifulSoup-3.2.1.tar.gz/pypi-distutils.patch'
Writing recipe for beautifulsoup
Done
