beaver not found, trying Beaver
0
Using url https://pypi.python.org/packages/source/B/Beaver/Beaver-33.3.0.tar.gz (81 KB) for Beaver.
Downloading Beaver (use --no-download to skip this step)
Using cached download
Unpacking Beaver...
done
working in /tmp/tmpc1B22uconda_skeleton_Beaver-33.3.0.tar.gz
Fetching package metadata: ......
Solving package specifications: .patching file core.py
Hunk #1 succeeded at 168 with fuzz 2 (offset 2 lines).

The following NEW packages will be INSTALLED:

    numpy:      1.9.2-py27_0
    openssl:    1.0.1k-1    
    pip:        6.1.1-py27_0
    python:     2.7.9-3     
    pyyaml:     3.11-py27_0 
    readline:   6.2-2       
    setuptools: 16.0-py27_0 
    sqlite:     3.8.4.1-1   
    system:     5.8-2       
    tk:         8.5.18-0    
    yaml:       0.1.4-0     
    zlib:       1.2.8-0     

Linking packages ...
[                    ]|                                                  |   0%[openssl             ]|                                                  |   0%[readline            ]|####                                              |   8%[sqlite              ]|########                                          |  16%[system              ]|############                                      |  25%[tk                  ]|################                                  |  33%[yaml                ]|####################                              |  41%[zlib                ]|#########################                         |  50%[numpy               ]|#############################                     |  58%[python              ]|#################################                 |  66%[pyyaml              ]|#####################################             |  75%[setuptools          ]|#########################################         |  83%[pip                 ]|#############################################     |  91%[      COMPLETE      ]|##################################################| 100%
Applying patch: '/tmp/tmpc1B22uconda_skeleton_Beaver-33.3.0.tar.gz/pypi-distutils.patch'
Using url https://pypi.python.org/packages/source/m/msgpack-pure/msgpack-pure-0.1.3.tar.gz (4 KB) for msgpack-pure.
Downloading msgpack-pure (use --no-download to skip this step)
Using cached download
Unpacking msgpack-pure...
done
working in /tmp/tmppUqubuconda_skeleton_msgpack-pure-0.1.3.tar.gz
Solving package specifications: .patching file core.py
Hunk #1 succeeded at 168 with fuzz 2 (offset 2 lines).

Applying patch: '/tmp/tmppUqubuconda_skeleton_msgpack-pure-0.1.3.tar.gz/pypi-distutils.patch'
Using url https://pypi.python.org/packages/source/m/mosquitto/mosquitto-1.2.3.tar.gz (17 KB) for mosquitto.
Downloading mosquitto (use --no-download to skip this step)
Using cached download
Unpacking mosquitto...
done
working in /tmp/tmpQRuQ86conda_skeleton_mosquitto-1.2.3.tar.gz
Solving package specifications: .patching file core.py
Hunk #1 succeeded at 168 with fuzz 2 (offset 2 lines).

Applying patch: '/tmp/tmpQRuQ86conda_skeleton_mosquitto-1.2.3.tar.gz/pypi-distutils.patch'
Using url https://pypi.python.org/packages/source/c/conf_d/conf_d-0.0.4.tar.gz (4 KB) for conf_d.
Downloading conf_d (use --no-download to skip this step)
Using cached download
Unpacking conf_d...
done
working in /tmp/tmpextkyRconda_skeleton_conf_d-0.0.4.tar.gz
Solving package specifications: .patching file core.py
Hunk #1 succeeded at 168 with fuzz 2 (offset 2 lines).

Applying patch: '/tmp/tmpextkyRconda_skeleton_conf_d-0.0.4.tar.gz/pypi-distutils.patch'
Writing recipe for beaver
Writing recipe for msgpack-pure
Writing recipe for mosquitto
Writing recipe for conf_d
Done
