Warning, the following versions were found for Beaver
33.3.0
33.2.0
33.1.0
33.0.0
32
31
30
29
28
27
26
25
24
23
22
21
20
19
18
17
16
15
14
13
12
11
10
9
8
7
6
5
4
3
2
1
Using 33.3.0
Use --version to specify a different version.
Using url https://pypi.python.org/packages/source/B/Beaver/Beaver-33.3.0.tar.gz (81 KB) for Beaver.
Downloading Beaver (use --no-download to skip this step)
Using cached download
Unpacking Beaver...
done
working in /tmp/tmpiJVrVNconda_skeleton_Beaver-33.3.0.tar.gz
Fetching package metadata: ......
Solving package specifications: .patching file core.py
Hunk #1 succeeded at 168 with fuzz 2 (offset 2 lines).

Applying patch: '/tmp/tmpiJVrVNconda_skeleton_Beaver-33.3.0.tar.gz/pypi-distutils.patch'
Warning, the following versions were found for pika
0.9.14
0.9.13
0.9.12
0.9.11
0.9.10
0.9.9
0.9.8
0.9.7
0.9.6
0.9.5
0.9.4
0.9.3
0.9.2a
0.9.1a
0.5.2
0.5.1
0.5
Using 0.9.14
Use --version to specify a different version.
Using url https://pypi.python.org/packages/source/p/pika/pika-0.9.14.tar.gz (71 KB) for pika.
Downloading pika (use --no-download to skip this step)
Using cached download
Unpacking pika...
done
working in /tmp/tmpQZvxtQconda_skeleton_pika-0.9.14.tar.gz
Solving package specifications: .patching file core.py
Hunk #1 succeeded at 168 with fuzz 2 (offset 2 lines).
Traceback (most recent call last):
  File "setup.py", line 6, in <module>
    from setuptools import setup
ImportError: No module named setuptools

Applying patch: '/tmp/tmpQZvxtQconda_skeleton_pika-0.9.14.tar.gz/pypi-distutils.patch'
$PYTHONPATH = /tmp/tmpQZvxtQconda_skeleton_pika-0.9.14.tar.gz/pika-0.9.14
Error: command failed: /home/ubuntu/miniconda/envs/_build/bin/python setup.py install
