More than one source version is available for behave:
Using the one with the least source size
use --manual-url to override this behavior
Using url https://pypi.python.org/packages/source/b/behave/behave-1.2.5.tar.bz2 (341 KB) for behave.
Downloading behave (use --no-download to skip this step)
Unpacking behave...
done
working in /tmp/tmp2cmIezconda_skeleton_behave-1.2.5.tar.bz2
Fetching package metadata: ......
Solving package specifications: .patching file core.py
Hunk #1 succeeded at 168 with fuzz 2 (offset 2 lines).

The following NEW packages will be INSTALLED:

    numpy:      1.9.2-py27_0
    openssl:    1.0.1k-1    
    pip:        6.1.1-py27_0
    python:     2.7.9-3     
    pyyaml:     3.11-py27_0 
    readline:   6.2-2       
    setuptools: 16.0-py27_0 
    sqlite:     3.8.4.1-1   
    system:     5.8-2       
    tk:         8.5.18-0    
    yaml:       0.1.4-0     
    zlib:       1.2.8-0     

Linking packages ...
[                    ]|                                                  |   0%[openssl             ]|                                                  |   0%[readline            ]|####                                              |   8%[sqlite              ]|########                                          |  16%[system              ]|############                                      |  25%[tk                  ]|################                                  |  33%[yaml                ]|####################                              |  41%[zlib                ]|#########################                         |  50%[numpy               ]|#############################                     |  58%[python              ]|#################################                 |  66%[pyyaml              ]|#####################################             |  75%[setuptools          ]|#########################################         |  83%[pip                 ]|#############################################     |  91%[      COMPLETE      ]|##################################################| 100%
Applying patch: '/tmp/tmp2cmIezconda_skeleton_behave-1.2.5.tar.bz2/pypi-distutils.patch'
Using url https://pypi.python.org/packages/source/p/parse_type/parse_type-0.3.4.tar.gz (61 KB) for parse_type.
Downloading parse_type (use --no-download to skip this step)
parse_type-0.3   0% |                              | ETA:  --:--:--   0.00  B/sparse_type-0.3  26% |########                       | ETA:  0:00:00  34.79 MB/sparse_type-0.3  52% |################               | ETA:  0:00:00   5.60 MB/sparse_type-0.3  79% |########################       | ETA:  0:00:00   4.16 MB/sparse_type-0.3 100% |###############################| ETA:  0:00:00   5.17 MB/sparse_type-0.3 100% |###############################| Time: 0:00:00   5.06 MB/s
Unpacking parse_type...
done
working in /tmp/tmpeydKKTconda_skeleton_parse_type-0.3.4.tar.gz
Solving package specifications: .patching file core.py
Hunk #1 succeeded at 168 with fuzz 2 (offset 2 lines).

Applying patch: '/tmp/tmpeydKKTconda_skeleton_parse_type-0.3.4.tar.gz/pypi-distutils.patch'
Writing recipe for parse_type
Writing recipe for behave
Done
