Warning, the following versions were found for bernhard
0.2.3
0.2.2
0.2.1
0.2.0
0.1.1
0.1.0
0.0.5
0.0.4
0.0.3
0.0.2
0.0.1
Using 0.2.3
Use --version to specify a different version.
Using url https://pypi.python.org/packages/source/b/bernhard/bernhard-0.2.3.tar.gz (9 KB) for bernhard.
Downloading bernhard (use --no-download to skip this step)
Using cached download
Unpacking bernhard...
done
working in /tmp/tmphmYeRfconda_skeleton_bernhard-0.2.3.tar.gz
Fetching package metadata: ......
Solving package specifications: .patching file core.py
Hunk #1 succeeded at 168 with fuzz 2 (offset 2 lines).

Applying patch: '/tmp/tmphmYeRfconda_skeleton_bernhard-0.2.3.tar.gz/pypi-distutils.patch'
Writing recipe for bernhard
Done
