Package search: {'_pypi_ordering': False, 'version': '1.4.1', 'name': 'bleach', 'summary': 'An easy whitelist-based HTML-sanitizing tool.'}
Fetching package metadata: ....
Removing old build directory
Removing old work directory
BUILD START: bleach-1.4.1-py27_0
Fetching package metadata: ......
Solving package specifications: .+ pip install bleach
Collecting bleach
  Downloading http://localhost/packages/source/b/bleach/bleach-1.4.1.tar.gz
Requirement already satisfied (use --upgrade to upgrade): six in /home/ubuntu/miniconda/envs/_build/lib/python2.7/site-packages (from bleach)
Requirement already satisfied (use --upgrade to upgrade): html5lib>=0.999 in /home/ubuntu/miniconda/envs/_build/lib/python2.7/site-packages (from bleach)
Installing collected packages: bleach
  Running setup.py install for bleach
Successfully installed bleach-1.4.1

The following NEW packages will be INSTALLED:

    html5lib:   1.0b6-py27_0
    openssl:    1.0.1k-1    
    pip:        7.0.3-py27_0
    python:     2.7.10-0    
    readline:   6.2-2       
    setuptools: 17.0-py27_0 
    six:        1.9.0-py27_0
    sqlite:     3.8.4.1-1   
    system:     5.8-2       
    tk:         8.5.18-0    
    zlib:       1.2.8-0     

Linking packages ...
[                    ]|                                                  |   0%[openssl             ]|                                                  |   0%[readline            ]|####                                              |   9%[sqlite              ]|#########                                         |  18%[system              ]|#############                                     |  27%[tk                  ]|##################                                |  36%[zlib                ]|######################                            |  45%[python              ]|###########################                       |  54%[setuptools          ]|###############################                   |  63%[six                 ]|####################################              |  72%[html5lib            ]|########################################          |  81%[pip                 ]|#############################################     |  90%[      COMPLETE      ]|##################################################| 100%
Removing old work directory
Copying /home/ubuntu/pypi-conda-builds/bleach to /home/ubuntu/miniconda/conda-bld/work
Package: bleach-1.4.1-py27_0
source tree in: /home/ubuntu/miniconda/conda-bld/work
number of files: 29
Fixing permissions
Fixing permissions
BUILD END: bleach-1.4.1-py27_0
# If you want to upload this package to binstar.org later, type:
#
# $ binstar upload /home/ubuntu/miniconda/conda-bld/linux-64/bleach-1.4.1-py27_0.tar.bz2
#
# To have conda build upload to binstar automatically, use
# $ conda config --set binstar_upload yes

Creating standard recipe for bleach-1.4.1
Converting recipe in /home/ubuntu/pypi-conda-builds/bleach
package = bleach
   dependencies = [u'six', u'html5lib >=0.999']
Building conda package for bleach
