Warning, the following versions were found for bleach
1.4.1
1.4
1.2.2
1.2.1
1.2
1.1.5
1.1.4
1.1.3
1.1.2
1.1.1
1.1.0
1.0.4
1.0.3
1.0.2
1.0.1
1.0.0
0.5.1
0.5.0
0.3.4
0.3.3
0.3.1
0.3
0.2.2
0.2.1
0.2
0.1.2
0.1.1
0.1
Using 1.4.1
Use --version to specify a different version.
Using url https://pypi.python.org/packages/source/b/bleach/bleach-1.4.1.tar.gz (17 KB) for bleach.
Downloading bleach (use --no-download to skip this step)
Using cached download
Unpacking bleach...
done
working in /tmp/tmp8hgM1yconda_skeleton_bleach-1.4.1.tar.gz
Fetching package metadata: ......
Solving package specifications: .patching file core.py
Hunk #1 succeeded at 168 with fuzz 2 (offset 2 lines).

Applying patch: '/tmp/tmp8hgM1yconda_skeleton_bleach-1.4.1.tar.gz/pypi-distutils.patch'
Writing recipe for bleach
Done
