Warning, the following versions were found for blessings
1.6
1.5.1
1.5
1.4
1.3
1.2
1.1
1.0
Using 1.6
Use --version to specify a different version.
Using url https://pypi.python.org/packages/source/b/blessings/blessings-1.6.tar.gz (20 KB) for blessings.
Downloading blessings (use --no-download to skip this step)
Using cached download
Unpacking blessings...
done
working in /tmp/tmpXVn2BNconda_skeleton_blessings-1.6.tar.gz
Fetching package metadata: ......
Solving package specifications: .patching file core.py
Hunk #1 succeeded at 168 with fuzz 2 (offset 2 lines).

Applying patch: '/tmp/tmpXVn2BNconda_skeleton_blessings-1.6.tar.gz/pypi-distutils.patch'
Writing recipe for blessings
Done
