Warning, the following versions were found for blinker
1.3
1.2
1.1
1.0
0.9
0.8
Using 1.3
Use --version to specify a different version.
Using url https://pypi.python.org/packages/source/b/blinker/blinker-1.3.tar.gz (89 KB) for blinker.
Downloading blinker (use --no-download to skip this step)
Using cached download
Unpacking blinker...
done
working in /tmp/tmp2m6S4Zconda_skeleton_blinker-1.3.tar.gz
Fetching package metadata: ......
Solving package specifications: .patching file core.py
Hunk #1 succeeded at 168 with fuzz 2 (offset 2 lines).

Applying patch: '/tmp/tmp2m6S4Zconda_skeleton_blinker-1.3.tar.gz/pypi-distutils.patch'
Writing recipe for blinker
Done
