Warning, the following versions were found for blist
1.3.6
1.3.5
1.3.4
1.3.3
1.3.2
1.3.1
1.3.0
1.2.1
1.2.0
1.1.1
1.1.0
1.0.2
1.0.1
1.0.0
0.9.17
0.9.16
0.9.15
0.9.14
0.9.13
0.9.12
0.9.11
0.9.10
0.9.9
0.9.8
0.9.7
0.9.6
0.9.5
0.9.4
0.9.3
0.9.2
Using 1.3.6
Use --version to specify a different version.
Using url https://pypi.python.org/packages/source/b/blist/blist-1.3.6.tar.gz (120 KB) for blist.
Downloading blist (use --no-download to skip this step)
Using cached download
Unpacking blist...
done
working in /tmp/tmp9VYrWPconda_skeleton_blist-1.3.6.tar.gz
Fetching package metadata: ......
Solving package specifications: .patching file core.py
Hunk #1 succeeded at 168 with fuzz 2 (offset 2 lines).
Downloading https://pypi.python.org/packages/source/s/setuptools/setuptools-1.1.6.tar.gz
Traceback (most recent call last):
  File "setup.py", line 6, in <module>
    ez_setup.use_setuptools()
  File "/tmp/tmp9VYrWPconda_skeleton_blist-1.3.6.tar.gz/blist-1.3.6/ez_setup.py", line 132, in use_setuptools
    return _do_download(version, download_base, to_dir, download_delay)
  File "/tmp/tmp9VYrWPconda_skeleton_blist-1.3.6.tar.gz/blist-1.3.6/ez_setup.py", line 110, in _do_download
    to_dir, download_delay)
  File "/tmp/tmp9VYrWPconda_skeleton_blist-1.3.6.tar.gz/blist-1.3.6/ez_setup.py", line 278, in download_setuptools
    downloader(url, saveto)
  File "/tmp/tmp9VYrWPconda_skeleton_blist-1.3.6.tar.gz/blist-1.3.6/ez_setup.py", line 185, in download_file_curl
    subprocess.check_call(cmd)
  File "/home/ubuntu/miniconda/envs/_build/lib/python2.7/subprocess.py", line 540, in check_call
    raise CalledProcessError(retcode, cmd)
subprocess.CalledProcessError: Command '['curl', 'https://pypi.python.org/packages/source/s/setuptools/setuptools-1.1.6.tar.gz', '--silent', '--output', '/tmp/tmp9VYrWPconda_skeleton_blist-1.3.6.tar.gz/blist-1.3.6/setuptools-1.1.6.tar.gz']' returned non-zero exit status 77

Applying patch: '/tmp/tmp9VYrWPconda_skeleton_blist-1.3.6.tar.gz/pypi-distutils.patch'
$PYTHONPATH = /tmp/tmp9VYrWPconda_skeleton_blist-1.3.6.tar.gz/blist-1.3.6
Error: command failed: /home/ubuntu/miniconda/envs/_build/bin/python setup.py install
