Warning, the following versions were found for blockdiag
1.5.2
1.5.1
1.5.0
1.4.7
1.4.6
1.4.5
1.4.4
1.4.3
1.4.2
1.4.1
1.4.0
1.3.3
1.3.2
1.3.1
1.3.0
1.2.4
1.2.3
1.2.2
1.2.1
1.2.0
1.1.8
1.1.7
1.1.6
1.1.5
1.1.4
1.1.3
1.1.2
1.1.1
1.1.0
1.0.3
1.0.2
1.0.1
1.0.0
0.9.7
0.9.6
0.9.5
0.9.4
0.9.3
0.9.2
0.9.1
0.9.0
0.8.9
0.8.8
0.8.7
0.8.6
0.8.5
0.8.4
0.8.3
0.8.2
0.8.1
0.8.0
0.7.8
0.7.7
0.7.6
0.7.5
0.7.4
0.7.3
0.7.2
0.7.1
0.7.0
0.6.7
0.6.6
0.6.5
0.6.4
0.6.3
0.6.2
0.6.1
Using 1.5.2
Use --version to specify a different version.
Using url https://pypi.python.org/packages/source/b/blockdiag/blockdiag-1.5.2.tar.gz (2.6 MB) for blockdiag.
Downloading blockdiag (use --no-download to skip this step)
Using cached download
Unpacking blockdiag...
done
working in /tmp/tmpEqUvUjconda_skeleton_blockdiag-1.5.2.tar.gz
Fetching package metadata: ......
Solving package specifications: .patching file core.py
Hunk #1 succeeded at 168 with fuzz 2 (offset 2 lines).
Traceback (most recent call last):
  File "setup.py", line 3, in <module>
    from setuptools import setup, find_packages
ImportError: No module named setuptools

Applying patch: '/tmp/tmpEqUvUjconda_skeleton_blockdiag-1.5.2.tar.gz/pypi-distutils.patch'
$PYTHONPATH = /tmp/tmpEqUvUjconda_skeleton_blockdiag-1.5.2.tar.gz/blockdiag-1.5.2
Error: command failed: /home/ubuntu/miniconda/envs/_build/bin/python setup.py install
