Using url https://pypi.python.org/packages/source/b/botocore/botocore-0.109.0.tar.gz (1.5 MB) for botocore.
Downloading botocore (use --no-download to skip this step)
Using cached download
Unpacking botocore...
done
working in /tmp/tmpObWRDxconda_skeleton_botocore-0.109.0.tar.gz
Fetching package metadata: ......
Solving package specifications: .patching file core.py
Hunk #1 succeeded at 168 with fuzz 2 (offset 2 lines).

The following NEW packages will be INSTALLED:

    numpy:      1.9.2-py27_0
    openssl:    1.0.1k-1    
    pip:        6.1.1-py27_0
    python:     2.7.9-3     
    pyyaml:     3.11-py27_0 
    readline:   6.2-2       
    setuptools: 16.0-py27_0 
    sqlite:     3.8.4.1-1   
    system:     5.8-2       
    tk:         8.5.18-0    
    yaml:       0.1.4-0     
    zlib:       1.2.8-0     

Linking packages ...
[                    ]|                                                  |   0%[openssl             ]|                                                  |   0%[readline            ]|####                                              |   8%[sqlite              ]|########                                          |  16%[system              ]|############                                      |  25%[tk                  ]|################                                  |  33%[yaml                ]|####################                              |  41%[zlib                ]|#########################                         |  50%[numpy               ]|#############################                     |  58%[python              ]|#################################                 |  66%[pyyaml              ]|#####################################             |  75%[setuptools          ]|#########################################         |  83%[pip                 ]|#############################################     |  91%[      COMPLETE      ]|##################################################| 100%
Applying patch: '/tmp/tmpObWRDxconda_skeleton_botocore-0.109.0.tar.gz/pypi-distutils.patch'
Using url https://pypi.python.org/packages/source/p/python-dateutil/python-dateutil-2.4.2.tar.gz (204 KB) for python-dateutil.
Downloading python-dateutil (use --no-download to skip this step)
Using cached download
Unpacking python-dateutil...
done
working in /tmp/tmpyBV3T3conda_skeleton_python-dateutil-2.4.2.tar.gz
Solving package specifications: .patching file core.py
Hunk #1 succeeded at 168 with fuzz 2 (offset 2 lines).

Applying patch: '/tmp/tmpyBV3T3conda_skeleton_python-dateutil-2.4.2.tar.gz/pypi-distutils.patch'
Using url https://pypi.python.org/packages/source/s/six/six-1.9.0.tar.gz (28 KB) for six.
Downloading six (use --no-download to skip this step)
Using cached download
Unpacking six...
done
working in /tmp/tmpGjwIkOconda_skeleton_six-1.9.0.tar.gz
Solving package specifications: .patching file core.py
Hunk #1 succeeded at 168 with fuzz 2 (offset 2 lines).

Applying patch: '/tmp/tmpGjwIkOconda_skeleton_six-1.9.0.tar.gz/pypi-distutils.patch'
Writing recipe for python-dateutil
Writing recipe for botocore
Writing recipe for six
Done
