Warning, the following versions were found for boto_rsync
0.8.1
0.8
0.7
0.6
0.5.3
0.5.2
0.5.1
0.5
Using 0.8.1
Use --version to specify a different version.
Using url https://pypi.python.org/packages/source/b/boto_rsync/boto_rsync-0.8.1.tar.gz (13 KB) for boto_rsync.
Downloading boto_rsync (use --no-download to skip this step)
Using cached download
Unpacking boto_rsync...
done
working in /tmp/tmpVhDV0Bconda_skeleton_boto_rsync-0.8.1.tar.gz
Fetching package metadata: ......
Solving package specifications: .patching file core.py
Hunk #1 succeeded at 168 with fuzz 2 (offset 2 lines).

Applying patch: '/tmp/tmpVhDV0Bconda_skeleton_boto_rsync-0.8.1.tar.gz/pypi-distutils.patch'
Writing recipe for boto_rsync
Done
