Removing old build directory
Removing old work directory
BUILD START: boto_rsync-0.8.1-py27_0
Fetching package metadata: ......
Solving package specifications: .+ /home/ubuntu/miniconda/envs/_build/bin/python setup.py install
/home/ubuntu/miniconda/envs/_build/lib/python2.7/distutils/dist.py:267: UserWarning: Unknown distribution option: 'install_requires'
  warnings.warn(msg)
running install
running build
running build_scripts
creating build
creating build/scripts-2.7
copying and adjusting bin/boto-rsync -> build/scripts-2.7
changing mode of build/scripts-2.7/boto-rsync from 664 to 775
running install_scripts
copying build/scripts-2.7/boto-rsync -> /home/ubuntu/miniconda/envs/_build/bin
changing mode of /home/ubuntu/miniconda/envs/_build/bin/boto-rsync to 775
running install_egg_info
Writing /home/ubuntu/miniconda/envs/_build/lib/python2.7/site-packages/boto_rsync-0.8.1-py2.7.egg-info

The following NEW packages will be INSTALLED:

    boto:       2.38.0-py27_0
    openssl:    1.0.1k-1     
    pip:        7.0.3-py27_0 
    python:     2.7.10-0     
    readline:   6.2-2        
    setuptools: 17.1.1-py27_0
    sqlite:     3.8.4.1-1    
    system:     5.8-2        
    tk:         8.5.18-0     
    zlib:       1.2.8-0      

Linking packages ...
[                    ]|                                                  |   0%[openssl             ]|                                                  |   0%[readline            ]|#####                                             |  10%[sqlite              ]|##########                                        |  20%[system              ]|###############                                   |  30%[tk                  ]|####################                              |  40%[zlib                ]|#########################                         |  50%[boto                ]|##############################                    |  60%[python              ]|###################################               |  70%[setuptools          ]|########################################          |  80%[pip                 ]|#############################################     |  90%[      COMPLETE      ]|##################################################| 100%
Removing old work directory
Source cache directory is: /home/ubuntu/miniconda/conda-bld/src_cache
Found source in cache: boto_rsync-0.8.1.tar.gz
Extracting download
Package: boto_rsync-0.8.1-py27_0
source tree in: /home/ubuntu/miniconda/conda-bld/work/boto_rsync-0.8.1
number of files: 2
Fixing permissions
Detected hard-coded path in text file bin/boto-rsync
Fixing permissions
BUILD END: boto_rsync-0.8.1-py27_0
Nothing to test for: boto_rsync-0.8.1-py27_0
# If you want to upload this package to binstar.org later, type:
#
# $ binstar upload /home/ubuntu/miniconda/conda-bld/linux-64/boto_rsync-0.8.1-py27_0.tar.bz2
#
# To have conda build upload to binstar automatically, use
# $ conda config --set binstar_upload yes

