Removing old build directory
Removing old work directory
BUILD START: botocore-1.0.0b1-py27_0
Fetching package metadata: ......
Solving package specifications: .+ /home/ubuntu/miniconda/envs/_build/bin/python setup.py install
running install
running bdist_egg
running egg_info
writing requirements to botocore.egg-info/requires.txt
writing botocore.egg-info/PKG-INFO
writing top-level names to botocore.egg-info/top_level.txt
writing dependency_links to botocore.egg-info/dependency_links.txt
reading manifest file 'botocore.egg-info/SOURCES.txt'
reading manifest template 'MANIFEST.in'
writing manifest file 'botocore.egg-info/SOURCES.txt'
installing library code to build/bdist.linux-x86_64/egg
running install_lib
running build_py
creating build
creating build/lib
creating build/lib/botocore
copying botocore/translate.py -> build/lib/botocore
copying botocore/awsrequest.py -> build/lib/botocore
copying botocore/waiter.py -> build/lib/botocore
copying botocore/regions.py -> build/lib/botocore
copying botocore/utils.py -> build/lib/botocore
copying botocore/response.py -> build/lib/botocore
copying botocore/compat.py -> build/lib/botocore
copying botocore/provider.py -> build/lib/botocore
copying botocore/model.py -> build/lib/botocore
copying botocore/config.py -> build/lib/botocore
copying botocore/paginate.py -> build/lib/botocore
copying botocore/validate.py -> build/lib/botocore
copying botocore/serialize.py -> build/lib/botocore
copying botocore/parsers.py -> build/lib/botocore
copying botocore/endpoint.py -> build/lib/botocore
copying botocore/session.py -> build/lib/botocore
copying botocore/loaders.py -> build/lib/botocore
copying botocore/client.py -> build/lib/botocore
copying botocore/hooks.py -> build/lib/botocore
copying botocore/credentials.py -> build/lib/botocore
copying botocore/__init__.py -> build/lib/botocore
copying botocore/retryhandler.py -> build/lib/botocore
copying botocore/auth.py -> build/lib/botocore
copying botocore/signers.py -> build/lib/botocore
copying botocore/exceptions.py -> build/lib/botocore
copying botocore/handlers.py -> build/lib/botocore
creating build/lib/botocore/docs
copying botocore/docs/paginator.py -> build/lib/botocore/docs
copying botocore/docs/waiter.py -> build/lib/botocore/docs
copying botocore/docs/utils.py -> build/lib/botocore/docs
copying botocore/docs/params.py -> build/lib/botocore/docs
copying botocore/docs/method.py -> build/lib/botocore/docs
copying botocore/docs/client.py -> build/lib/botocore/docs
copying botocore/docs/service.py -> build/lib/botocore/docs
copying botocore/docs/__init__.py -> build/lib/botocore/docs
copying botocore/docs/example.py -> build/lib/botocore/docs
creating build/lib/botocore/vendored
copying botocore/vendored/six.py -> build/lib/botocore/vendored
copying botocore/vendored/__init__.py -> build/lib/botocore/vendored
creating build/lib/botocore/vendored/requests
copying botocore/vendored/requests/cookies.py -> build/lib/botocore/vendored/requests
copying botocore/vendored/requests/utils.py -> build/lib/botocore/vendored/requests
copying botocore/vendored/requests/compat.py -> build/lib/botocore/vendored/requests
copying botocore/vendored/requests/api.py -> build/lib/botocore/vendored/requests
copying botocore/vendored/requests/structures.py -> build/lib/botocore/vendored/requests
copying botocore/vendored/requests/status_codes.py -> build/lib/botocore/vendored/requests
copying botocore/vendored/requests/adapters.py -> build/lib/botocore/vendored/requests
copying botocore/vendored/requests/sessions.py -> build/lib/botocore/vendored/requests
copying botocore/vendored/requests/certs.py -> build/lib/botocore/vendored/requests
copying botocore/vendored/requests/hooks.py -> build/lib/botocore/vendored/requests
copying botocore/vendored/requests/__init__.py -> build/lib/botocore/vendored/requests
copying botocore/vendored/requests/models.py -> build/lib/botocore/vendored/requests
copying botocore/vendored/requests/auth.py -> build/lib/botocore/vendored/requests
copying botocore/vendored/requests/exceptions.py -> build/lib/botocore/vendored/requests
creating build/lib/botocore/vendored/requests/packages
copying botocore/vendored/requests/packages/__init__.py -> build/lib/botocore/vendored/requests/packages
creating build/lib/botocore/vendored/requests/packages/chardet
copying botocore/vendored/requests/packages/chardet/langhungarianmodel.py -> build/lib/botocore/vendored/requests/packages/chardet
copying botocore/vendored/requests/packages/chardet/compat.py -> build/lib/botocore/vendored/requests/packages/chardet
copying botocore/vendored/requests/packages/chardet/sjisprober.py -> build/lib/botocore/vendored/requests/packages/chardet
copying botocore/vendored/requests/packages/chardet/euckrfreq.py -> build/lib/botocore/vendored/requests/packages/chardet
copying botocore/vendored/requests/packages/chardet/universaldetector.py -> build/lib/botocore/vendored/requests/packages/chardet
copying botocore/vendored/requests/packages/chardet/charsetprober.py -> build/lib/botocore/vendored/requests/packages/chardet
copying botocore/vendored/requests/packages/chardet/sbcsgroupprober.py -> build/lib/botocore/vendored/requests/packages/chardet
copying botocore/vendored/requests/packages/chardet/langhebrewmodel.py -> build/lib/botocore/vendored/requests/packages/chardet
copying botocore/vendored/requests/packages/chardet/charsetgroupprober.py -> build/lib/botocore/vendored/requests/packages/chardet
copying botocore/vendored/requests/packages/chardet/jpcntx.py -> build/lib/botocore/vendored/requests/packages/chardet
copying botocore/vendored/requests/packages/chardet/langbulgarianmodel.py -> build/lib/botocore/vendored/requests/packages/chardet
copying botocore/vendored/requests/packages/chardet/langcyrillicmodel.py -> build/lib/botocore/vendored/requests/packages/chardet
copying botocore/vendored/requests/packages/chardet/chardistribution.py -> build/lib/botocore/vendored/requests/packages/chardet
copying botocore/vendored/requests/packages/chardet/langgreekmodel.py -> build/lib/botocore/vendored/requests/packages/chardet
copying botocore/vendored/requests/packages/chardet/gb2312prober.py -> build/lib/botocore/vendored/requests/packages/chardet
copying botocore/vendored/requests/packages/chardet/chardetect.py -> build/lib/botocore/vendored/requests/packages/chardet
copying botocore/vendored/requests/packages/chardet/latin1prober.py -> build/lib/botocore/vendored/requests/packages/chardet
copying botocore/vendored/requests/packages/chardet/mbcssm.py -> build/lib/botocore/vendored/requests/packages/chardet
copying botocore/vendored/requests/packages/chardet/constants.py -> build/lib/botocore/vendored/requests/packages/chardet
copying botocore/vendored/requests/packages/chardet/hebrewprober.py -> build/lib/botocore/vendored/requests/packages/chardet
copying botocore/vendored/requests/packages/chardet/cp949prober.py -> build/lib/botocore/vendored/requests/packages/chardet
copying botocore/vendored/requests/packages/chardet/__init__.py -> build/lib/botocore/vendored/requests/packages/chardet
copying botocore/vendored/requests/packages/chardet/escprober.py -> build/lib/botocore/vendored/requests/packages/chardet
copying botocore/vendored/requests/packages/chardet/langthaimodel.py -> build/lib/botocore/vendored/requests/packages/chardet
copying botocore/vendored/requests/packages/chardet/big5freq.py -> build/lib/botocore/vendored/requests/packages/chardet
copying botocore/vendored/requests/packages/chardet/jisfreq.py -> build/lib/botocore/vendored/requests/packages/chardet
copying botocore/vendored/requests/packages/chardet/euctwfreq.py -> build/lib/botocore/vendored/requests/packages/chardet
copying botocore/vendored/requests/packages/chardet/codingstatemachine.py -> build/lib/botocore/vendored/requests/packages/chardet
copying botocore/vendored/requests/packages/chardet/utf8prober.py -> build/lib/botocore/vendored/requests/packages/chardet
copying botocore/vendored/requests/packages/chardet/big5prober.py -> build/lib/botocore/vendored/requests/packages/chardet
copying botocore/vendored/requests/packages/chardet/euckrprober.py -> build/lib/botocore/vendored/requests/packages/chardet
copying botocore/vendored/requests/packages/chardet/escsm.py -> build/lib/botocore/vendored/requests/packages/chardet
copying botocore/vendored/requests/packages/chardet/sbcharsetprober.py -> build/lib/botocore/vendored/requests/packages/chardet
copying botocore/vendored/requests/packages/chardet/gb2312freq.py -> build/lib/botocore/vendored/requests/packages/chardet
copying botocore/vendored/requests/packages/chardet/mbcharsetprober.py -> build/lib/botocore/vendored/requests/packages/chardet
copying botocore/vendored/requests/packages/chardet/euctwprober.py -> build/lib/botocore/vendored/requests/packages/chardet
copying botocore/vendored/requests/packages/chardet/eucjpprober.py -> build/lib/botocore/vendored/requests/packages/chardet
copying botocore/vendored/requests/packages/chardet/mbcsgroupprober.py -> build/lib/botocore/vendored/requests/packages/chardet
creating build/lib/botocore/vendored/requests/packages/urllib3
copying botocore/vendored/requests/packages/urllib3/response.py -> build/lib/botocore/vendored/requests/packages/urllib3
copying botocore/vendored/requests/packages/urllib3/connectionpool.py -> build/lib/botocore/vendored/requests/packages/urllib3
copying botocore/vendored/requests/packages/urllib3/fields.py -> build/lib/botocore/vendored/requests/packages/urllib3
copying botocore/vendored/requests/packages/urllib3/poolmanager.py -> build/lib/botocore/vendored/requests/packages/urllib3
copying botocore/vendored/requests/packages/urllib3/connection.py -> build/lib/botocore/vendored/requests/packages/urllib3
copying botocore/vendored/requests/packages/urllib3/__init__.py -> build/lib/botocore/vendored/requests/packages/urllib3
copying botocore/vendored/requests/packages/urllib3/_collections.py -> build/lib/botocore/vendored/requests/packages/urllib3
copying botocore/vendored/requests/packages/urllib3/request.py -> build/lib/botocore/vendored/requests/packages/urllib3
copying botocore/vendored/requests/packages/urllib3/exceptions.py -> build/lib/botocore/vendored/requests/packages/urllib3
copying botocore/vendored/requests/packages/urllib3/filepost.py -> build/lib/botocore/vendored/requests/packages/urllib3
creating build/lib/botocore/vendored/requests/packages/urllib3/util
copying botocore/vendored/requests/packages/urllib3/util/response.py -> build/lib/botocore/vendored/requests/packages/urllib3/util
copying botocore/vendored/requests/packages/urllib3/util/ssl_.py -> build/lib/botocore/vendored/requests/packages/urllib3/util
copying botocore/vendored/requests/packages/urllib3/util/connection.py -> build/lib/botocore/vendored/requests/packages/urllib3/util
copying botocore/vendored/requests/packages/urllib3/util/timeout.py -> build/lib/botocore/vendored/requests/packages/urllib3/util
copying botocore/vendored/requests/packages/urllib3/util/url.py -> build/lib/botocore/vendored/requests/packages/urllib3/util
copying botocore/vendored/requests/packages/urllib3/util/__init__.py -> build/lib/botocore/vendored/requests/packages/urllib3/util
copying botocore/vendored/requests/packages/urllib3/util/request.py -> build/lib/botocore/vendored/requests/packages/urllib3/util
copying botocore/vendored/requests/packages/urllib3/util/retry.py -> build/lib/botocore/vendored/requests/packages/urllib3/util
creating build/lib/botocore/vendored/requests/packages/urllib3/contrib
copying botocore/vendored/requests/packages/urllib3/contrib/pyopenssl.py -> build/lib/botocore/vendored/requests/packages/urllib3/contrib
copying botocore/vendored/requests/packages/urllib3/contrib/ntlmpool.py -> build/lib/botocore/vendored/requests/packages/urllib3/contrib
copying botocore/vendored/requests/packages/urllib3/contrib/__init__.py -> build/lib/botocore/vendored/requests/packages/urllib3/contrib
creating build/lib/botocore/vendored/requests/packages/urllib3/packages
copying botocore/vendored/requests/packages/urllib3/packages/six.py -> build/lib/botocore/vendored/requests/packages/urllib3/packages
copying botocore/vendored/requests/packages/urllib3/packages/ordered_dict.py -> build/lib/botocore/vendored/requests/packages/urllib3/packages
copying botocore/vendored/requests/packages/urllib3/packages/__init__.py -> build/lib/botocore/vendored/requests/packages/urllib3/packages
creating build/lib/botocore/vendored/requests/packages/urllib3/packages/ssl_match_hostname
copying botocore/vendored/requests/packages/urllib3/packages/ssl_match_hostname/_implementation.py -> build/lib/botocore/vendored/requests/packages/urllib3/packages/ssl_match_hostname
copying botocore/vendored/requests/packages/urllib3/packages/ssl_match_hostname/__init__.py -> build/lib/botocore/vendored/requests/packages/urllib3/packages/ssl_match_hostname
creating build/lib/botocore/data
copying botocore/data/_endpoints.json -> build/lib/botocore/data
copying botocore/data/_retry.json -> build/lib/botocore/data
creating build/lib/botocore/data/autoscaling
creating build/lib/botocore/data/autoscaling/2011-01-01
copying botocore/data/autoscaling/2011-01-01/paginators-1.json -> build/lib/botocore/data/autoscaling/2011-01-01
copying botocore/data/autoscaling/2011-01-01/service-2.json -> build/lib/botocore/data/autoscaling/2011-01-01
creating build/lib/botocore/data/cloudformation
creating build/lib/botocore/data/cloudformation/2010-05-15
copying botocore/data/cloudformation/2010-05-15/paginators-1.json -> build/lib/botocore/data/cloudformation/2010-05-15
copying botocore/data/cloudformation/2010-05-15/service-2.json -> build/lib/botocore/data/cloudformation/2010-05-15
creating build/lib/botocore/data/cloudfront
creating build/lib/botocore/data/cloudfront/2014-05-31
copying botocore/data/cloudfront/2014-05-31/paginators-1.json -> build/lib/botocore/data/cloudfront/2014-05-31
copying botocore/data/cloudfront/2014-05-31/service-2.json -> build/lib/botocore/data/cloudfront/2014-05-31
copying botocore/data/cloudfront/2014-05-31/waiters-2.json -> build/lib/botocore/data/cloudfront/2014-05-31
creating build/lib/botocore/data/cloudfront/2014-10-21
copying botocore/data/cloudfront/2014-10-21/paginators-1.json -> build/lib/botocore/data/cloudfront/2014-10-21
copying botocore/data/cloudfront/2014-10-21/service-2.json -> build/lib/botocore/data/cloudfront/2014-10-21
copying botocore/data/cloudfront/2014-10-21/waiters-2.json -> build/lib/botocore/data/cloudfront/2014-10-21
creating build/lib/botocore/data/cloudfront/2014-11-06
copying botocore/data/cloudfront/2014-11-06/paginators-1.json -> build/lib/botocore/data/cloudfront/2014-11-06
copying botocore/data/cloudfront/2014-11-06/service-2.json -> build/lib/botocore/data/cloudfront/2014-11-06
copying botocore/data/cloudfront/2014-11-06/waiters-2.json -> build/lib/botocore/data/cloudfront/2014-11-06
creating build/lib/botocore/data/cloudhsm
creating build/lib/botocore/data/cloudhsm/2014-05-30
copying botocore/data/cloudhsm/2014-05-30/service-2.json -> build/lib/botocore/data/cloudhsm/2014-05-30
creating build/lib/botocore/data/cloudsearch
creating build/lib/botocore/data/cloudsearch/2013-01-01
copying botocore/data/cloudsearch/2013-01-01/service-2.json -> build/lib/botocore/data/cloudsearch/2013-01-01
creating build/lib/botocore/data/cloudsearchdomain
creating build/lib/botocore/data/cloudsearchdomain/2013-01-01
copying botocore/data/cloudsearchdomain/2013-01-01/service-2.json -> build/lib/botocore/data/cloudsearchdomain/2013-01-01
creating build/lib/botocore/data/cloudtrail
creating build/lib/botocore/data/cloudtrail/2013-11-01
copying botocore/data/cloudtrail/2013-11-01/service-2.json -> build/lib/botocore/data/cloudtrail/2013-11-01
creating build/lib/botocore/data/cloudwatch
creating build/lib/botocore/data/cloudwatch/2010-08-01
copying botocore/data/cloudwatch/2010-08-01/paginators-1.json -> build/lib/botocore/data/cloudwatch/2010-08-01
copying botocore/data/cloudwatch/2010-08-01/service-2.json -> build/lib/botocore/data/cloudwatch/2010-08-01
creating build/lib/botocore/data/codedeploy
creating build/lib/botocore/data/codedeploy/2014-10-06
copying botocore/data/codedeploy/2014-10-06/service-2.json -> build/lib/botocore/data/codedeploy/2014-10-06
creating build/lib/botocore/data/cognito-identity
creating build/lib/botocore/data/cognito-identity/2014-06-30
copying botocore/data/cognito-identity/2014-06-30/service-2.json -> build/lib/botocore/data/cognito-identity/2014-06-30
creating build/lib/botocore/data/cognito-sync
creating build/lib/botocore/data/cognito-sync/2014-06-30
copying botocore/data/cognito-sync/2014-06-30/service-2.json -> build/lib/botocore/data/cognito-sync/2014-06-30
creating build/lib/botocore/data/config
creating build/lib/botocore/data/config/2014-11-12
copying botocore/data/config/2014-11-12/service-2.json -> build/lib/botocore/data/config/2014-11-12
creating build/lib/botocore/data/datapipeline
creating build/lib/botocore/data/datapipeline/2012-10-29
copying botocore/data/datapipeline/2012-10-29/paginators-1.json -> build/lib/botocore/data/datapipeline/2012-10-29
copying botocore/data/datapipeline/2012-10-29/service-2.json -> build/lib/botocore/data/datapipeline/2012-10-29
creating build/lib/botocore/data/directconnect
creating build/lib/botocore/data/directconnect/2012-10-25
copying botocore/data/directconnect/2012-10-25/service-2.json -> build/lib/botocore/data/directconnect/2012-10-25
creating build/lib/botocore/data/ds
creating build/lib/botocore/data/ds/2015-04-16
copying botocore/data/ds/2015-04-16/service-2.json -> build/lib/botocore/data/ds/2015-04-16
creating build/lib/botocore/data/dynamodb
creating build/lib/botocore/data/dynamodb/2012-08-10
copying botocore/data/dynamodb/2012-08-10/paginators-1.json -> build/lib/botocore/data/dynamodb/2012-08-10
copying botocore/data/dynamodb/2012-08-10/service-2.json -> build/lib/botocore/data/dynamodb/2012-08-10
copying botocore/data/dynamodb/2012-08-10/waiters-2.json -> build/lib/botocore/data/dynamodb/2012-08-10
creating build/lib/botocore/data/ec2
creating build/lib/botocore/data/ec2/2014-09-01
copying botocore/data/ec2/2014-09-01/paginators-1.json -> build/lib/botocore/data/ec2/2014-09-01
copying botocore/data/ec2/2014-09-01/service-2.json -> build/lib/botocore/data/ec2/2014-09-01
copying botocore/data/ec2/2014-09-01/waiters-2.json -> build/lib/botocore/data/ec2/2014-09-01
creating build/lib/botocore/data/ec2/2014-10-01
copying botocore/data/ec2/2014-10-01/paginators-1.json -> build/lib/botocore/data/ec2/2014-10-01
copying botocore/data/ec2/2014-10-01/service-2.json -> build/lib/botocore/data/ec2/2014-10-01
copying botocore/data/ec2/2014-10-01/waiters-2.json -> build/lib/botocore/data/ec2/2014-10-01
creating build/lib/botocore/data/ec2/2015-03-01
copying botocore/data/ec2/2015-03-01/paginators-1.json -> build/lib/botocore/data/ec2/2015-03-01
copying botocore/data/ec2/2015-03-01/service-2.json -> build/lib/botocore/data/ec2/2015-03-01
copying botocore/data/ec2/2015-03-01/waiters-2.json -> build/lib/botocore/data/ec2/2015-03-01
creating build/lib/botocore/data/ec2/2015-04-15
copying botocore/data/ec2/2015-04-15/paginators-1.json -> build/lib/botocore/data/ec2/2015-04-15
copying botocore/data/ec2/2015-04-15/service-2.json -> build/lib/botocore/data/ec2/2015-04-15
copying botocore/data/ec2/2015-04-15/waiters-2.json -> build/lib/botocore/data/ec2/2015-04-15
creating build/lib/botocore/data/ecs
creating build/lib/botocore/data/ecs/2014-11-13
copying botocore/data/ecs/2014-11-13/paginators-1.json -> build/lib/botocore/data/ecs/2014-11-13
copying botocore/data/ecs/2014-11-13/service-2.json -> build/lib/botocore/data/ecs/2014-11-13
copying botocore/data/ecs/2014-11-13/waiters-2.json -> build/lib/botocore/data/ecs/2014-11-13
creating build/lib/botocore/data/efs
creating build/lib/botocore/data/efs/2015-02-01
copying botocore/data/efs/2015-02-01/service-2.json -> build/lib/botocore/data/efs/2015-02-01
creating build/lib/botocore/data/elasticache
creating build/lib/botocore/data/elasticache/2014-09-30
copying botocore/data/elasticache/2014-09-30/paginators-1.json -> build/lib/botocore/data/elasticache/2014-09-30
copying botocore/data/elasticache/2014-09-30/service-2.json -> build/lib/botocore/data/elasticache/2014-09-30
copying botocore/data/elasticache/2014-09-30/waiters-2.json -> build/lib/botocore/data/elasticache/2014-09-30
creating build/lib/botocore/data/elasticache/2015-02-02
copying botocore/data/elasticache/2015-02-02/paginators-1.json -> build/lib/botocore/data/elasticache/2015-02-02
copying botocore/data/elasticache/2015-02-02/service-2.json -> build/lib/botocore/data/elasticache/2015-02-02
copying botocore/data/elasticache/2015-02-02/waiters-2.json -> build/lib/botocore/data/elasticache/2015-02-02
creating build/lib/botocore/data/elasticbeanstalk
creating build/lib/botocore/data/elasticbeanstalk/2010-12-01
copying botocore/data/elasticbeanstalk/2010-12-01/paginators-1.json -> build/lib/botocore/data/elasticbeanstalk/2010-12-01
copying botocore/data/elasticbeanstalk/2010-12-01/service-2.json -> build/lib/botocore/data/elasticbeanstalk/2010-12-01
creating build/lib/botocore/data/elastictranscoder
creating build/lib/botocore/data/elastictranscoder/2012-09-25
copying botocore/data/elastictranscoder/2012-09-25/paginators-1.json -> build/lib/botocore/data/elastictranscoder/2012-09-25
copying botocore/data/elastictranscoder/2012-09-25/service-2.json -> build/lib/botocore/data/elastictranscoder/2012-09-25
copying botocore/data/elastictranscoder/2012-09-25/waiters-2.json -> build/lib/botocore/data/elastictranscoder/2012-09-25
creating build/lib/botocore/data/elb
creating build/lib/botocore/data/elb/2012-06-01
copying botocore/data/elb/2012-06-01/paginators-1.json -> build/lib/botocore/data/elb/2012-06-01
copying botocore/data/elb/2012-06-01/service-2.json -> build/lib/botocore/data/elb/2012-06-01
creating build/lib/botocore/data/emr
creating build/lib/botocore/data/emr/2009-03-31
copying botocore/data/emr/2009-03-31/paginators-1.json -> build/lib/botocore/data/emr/2009-03-31
copying botocore/data/emr/2009-03-31/service-2.json -> build/lib/botocore/data/emr/2009-03-31
copying botocore/data/emr/2009-03-31/waiters-2.json -> build/lib/botocore/data/emr/2009-03-31
creating build/lib/botocore/data/glacier
creating build/lib/botocore/data/glacier/2012-06-01
copying botocore/data/glacier/2012-06-01/service-2.json -> build/lib/botocore/data/glacier/2012-06-01
creating build/lib/botocore/data/iam
creating build/lib/botocore/data/iam/2010-05-08
copying botocore/data/iam/2010-05-08/paginators-1.json -> build/lib/botocore/data/iam/2010-05-08
copying botocore/data/iam/2010-05-08/service-2.json -> build/lib/botocore/data/iam/2010-05-08
creating build/lib/botocore/data/importexport
creating build/lib/botocore/data/importexport/2010-06-01
copying botocore/data/importexport/2010-06-01/paginators-1.json -> build/lib/botocore/data/importexport/2010-06-01
copying botocore/data/importexport/2010-06-01/service-2.json -> build/lib/botocore/data/importexport/2010-06-01
creating build/lib/botocore/data/kinesis
creating build/lib/botocore/data/kinesis/2013-12-02
copying botocore/data/kinesis/2013-12-02/paginators-1.json -> build/lib/botocore/data/kinesis/2013-12-02
copying botocore/data/kinesis/2013-12-02/service-2.json -> build/lib/botocore/data/kinesis/2013-12-02
copying botocore/data/kinesis/2013-12-02/waiters-2.json -> build/lib/botocore/data/kinesis/2013-12-02
creating build/lib/botocore/data/kms
creating build/lib/botocore/data/kms/2014-11-01
copying botocore/data/kms/2014-11-01/service-2.json -> build/lib/botocore/data/kms/2014-11-01
creating build/lib/botocore/data/lambda
creating build/lib/botocore/data/lambda/2014-11-11
copying botocore/data/lambda/2014-11-11/service-2.json -> build/lib/botocore/data/lambda/2014-11-11
creating build/lib/botocore/data/lambda/2015-03-31
copying botocore/data/lambda/2015-03-31/paginators-1.json -> build/lib/botocore/data/lambda/2015-03-31
copying botocore/data/lambda/2015-03-31/service-2.json -> build/lib/botocore/data/lambda/2015-03-31
creating build/lib/botocore/data/logs
creating build/lib/botocore/data/logs/2014-03-28
copying botocore/data/logs/2014-03-28/service-2.json -> build/lib/botocore/data/logs/2014-03-28
creating build/lib/botocore/data/machinelearning
creating build/lib/botocore/data/machinelearning/2014-12-12
copying botocore/data/machinelearning/2014-12-12/paginators-1.json -> build/lib/botocore/data/machinelearning/2014-12-12
copying botocore/data/machinelearning/2014-12-12/service-2.json -> build/lib/botocore/data/machinelearning/2014-12-12
creating build/lib/botocore/data/opsworks
creating build/lib/botocore/data/opsworks/2013-02-18
copying botocore/data/opsworks/2013-02-18/service-2.json -> build/lib/botocore/data/opsworks/2013-02-18
creating build/lib/botocore/data/rds
creating build/lib/botocore/data/rds/2014-09-01
copying botocore/data/rds/2014-09-01/paginators-1.json -> build/lib/botocore/data/rds/2014-09-01
copying botocore/data/rds/2014-09-01/service-2.json -> build/lib/botocore/data/rds/2014-09-01
copying botocore/data/rds/2014-09-01/waiters-2.json -> build/lib/botocore/data/rds/2014-09-01
creating build/lib/botocore/data/rds/2014-10-31
copying botocore/data/rds/2014-10-31/paginators-1.json -> build/lib/botocore/data/rds/2014-10-31
copying botocore/data/rds/2014-10-31/service-2.json -> build/lib/botocore/data/rds/2014-10-31
copying botocore/data/rds/2014-10-31/waiters-2.json -> build/lib/botocore/data/rds/2014-10-31
creating build/lib/botocore/data/redshift
creating build/lib/botocore/data/redshift/2012-12-01
copying botocore/data/redshift/2012-12-01/paginators-1.json -> build/lib/botocore/data/redshift/2012-12-01
copying botocore/data/redshift/2012-12-01/service-2.json -> build/lib/botocore/data/redshift/2012-12-01
copying botocore/data/redshift/2012-12-01/waiters-2.json -> build/lib/botocore/data/redshift/2012-12-01
creating build/lib/botocore/data/route53
creating build/lib/botocore/data/route53/2013-04-01
copying botocore/data/route53/2013-04-01/paginators-1.json -> build/lib/botocore/data/route53/2013-04-01
copying botocore/data/route53/2013-04-01/service-2.json -> build/lib/botocore/data/route53/2013-04-01
creating build/lib/botocore/data/route53domains
creating build/lib/botocore/data/route53domains/2014-05-15
copying botocore/data/route53domains/2014-05-15/paginators-1.json -> build/lib/botocore/data/route53domains/2014-05-15
copying botocore/data/route53domains/2014-05-15/service-2.json -> build/lib/botocore/data/route53domains/2014-05-15
creating build/lib/botocore/data/s3
creating build/lib/botocore/data/s3/2006-03-01
copying botocore/data/s3/2006-03-01/paginators-1.json -> build/lib/botocore/data/s3/2006-03-01
copying botocore/data/s3/2006-03-01/service-2.json -> build/lib/botocore/data/s3/2006-03-01
copying botocore/data/s3/2006-03-01/waiters-2.json -> build/lib/botocore/data/s3/2006-03-01
creating build/lib/botocore/data/sdb
creating build/lib/botocore/data/sdb/2009-04-15
copying botocore/data/sdb/2009-04-15/paginators-1.json -> build/lib/botocore/data/sdb/2009-04-15
copying botocore/data/sdb/2009-04-15/service-2.json -> build/lib/botocore/data/sdb/2009-04-15
creating build/lib/botocore/data/ses
creating build/lib/botocore/data/ses/2010-12-01
copying botocore/data/ses/2010-12-01/paginators-1.json -> build/lib/botocore/data/ses/2010-12-01
copying botocore/data/ses/2010-12-01/service-2.json -> build/lib/botocore/data/ses/2010-12-01
copying botocore/data/ses/2010-12-01/waiters-2.json -> build/lib/botocore/data/ses/2010-12-01
creating build/lib/botocore/data/sns
creating build/lib/botocore/data/sns/2010-03-31
copying botocore/data/sns/2010-03-31/paginators-1.json -> build/lib/botocore/data/sns/2010-03-31
copying botocore/data/sns/2010-03-31/service-2.json -> build/lib/botocore/data/sns/2010-03-31
creating build/lib/botocore/data/sqs
creating build/lib/botocore/data/sqs/2012-11-05
copying botocore/data/sqs/2012-11-05/service-2.json -> build/lib/botocore/data/sqs/2012-11-05
creating build/lib/botocore/data/ssm
creating build/lib/botocore/data/ssm/2014-11-06
copying botocore/data/ssm/2014-11-06/service-2.json -> build/lib/botocore/data/ssm/2014-11-06
creating build/lib/botocore/data/storagegateway
creating build/lib/botocore/data/storagegateway/2013-06-30
copying botocore/data/storagegateway/2013-06-30/paginators-1.json -> build/lib/botocore/data/storagegateway/2013-06-30
copying botocore/data/storagegateway/2013-06-30/service-2.json -> build/lib/botocore/data/storagegateway/2013-06-30
creating build/lib/botocore/data/sts
creating build/lib/botocore/data/sts/2011-06-15
copying botocore/data/sts/2011-06-15/service-2.json -> build/lib/botocore/data/sts/2011-06-15
creating build/lib/botocore/data/support
creating build/lib/botocore/data/support/2013-04-15
copying botocore/data/support/2013-04-15/paginators-1.json -> build/lib/botocore/data/support/2013-04-15
copying botocore/data/support/2013-04-15/service-2.json -> build/lib/botocore/data/support/2013-04-15
creating build/lib/botocore/data/swf
creating build/lib/botocore/data/swf/2012-01-25
copying botocore/data/swf/2012-01-25/paginators-1.json -> build/lib/botocore/data/swf/2012-01-25
copying botocore/data/swf/2012-01-25/service-2.json -> build/lib/botocore/data/swf/2012-01-25
creating build/lib/botocore/data/workspaces
creating build/lib/botocore/data/workspaces/2015-04-08
copying botocore/data/workspaces/2015-04-08/service-2.json -> build/lib/botocore/data/workspaces/2015-04-08
copying botocore/vendored/requests/cacert.pem -> build/lib/botocore/vendored/requests
creating build/bdist.linux-x86_64
creating build/bdist.linux-x86_64/egg
creating build/bdist.linux-x86_64/egg/botocore
copying build/lib/botocore/translate.py -> build/bdist.linux-x86_64/egg/botocore
copying build/lib/botocore/awsrequest.py -> build/bdist.linux-x86_64/egg/botocore
creating build/bdist.linux-x86_64/egg/botocore/docs
copying build/lib/botocore/docs/paginator.py -> build/bdist.linux-x86_64/egg/botocore/docs
copying build/lib/botocore/docs/waiter.py -> build/bdist.linux-x86_64/egg/botocore/docs
copying build/lib/botocore/docs/utils.py -> build/bdist.linux-x86_64/egg/botocore/docs
copying build/lib/botocore/docs/params.py -> build/bdist.linux-x86_64/egg/botocore/docs
copying build/lib/botocore/docs/method.py -> build/bdist.linux-x86_64/egg/botocore/docs
copying build/lib/botocore/docs/client.py -> build/bdist.linux-x86_64/egg/botocore/docs
copying build/lib/botocore/docs/service.py -> build/bdist.linux-x86_64/egg/botocore/docs
copying build/lib/botocore/docs/__init__.py -> build/bdist.linux-x86_64/egg/botocore/docs
copying build/lib/botocore/docs/example.py -> build/bdist.linux-x86_64/egg/botocore/docs
copying build/lib/botocore/waiter.py -> build/bdist.linux-x86_64/egg/botocore
copying build/lib/botocore/regions.py -> build/bdist.linux-x86_64/egg/botocore
copying build/lib/botocore/utils.py -> build/bdist.linux-x86_64/egg/botocore
copying build/lib/botocore/response.py -> build/bdist.linux-x86_64/egg/botocore
copying build/lib/botocore/compat.py -> build/bdist.linux-x86_64/egg/botocore
copying build/lib/botocore/provider.py -> build/bdist.linux-x86_64/egg/botocore
copying build/lib/botocore/model.py -> build/bdist.linux-x86_64/egg/botocore
copying build/lib/botocore/config.py -> build/bdist.linux-x86_64/egg/botocore
copying build/lib/botocore/paginate.py -> build/bdist.linux-x86_64/egg/botocore
copying build/lib/botocore/validate.py -> build/bdist.linux-x86_64/egg/botocore
copying build/lib/botocore/serialize.py -> build/bdist.linux-x86_64/egg/botocore
copying build/lib/botocore/parsers.py -> build/bdist.linux-x86_64/egg/botocore
copying build/lib/botocore/endpoint.py -> build/bdist.linux-x86_64/egg/botocore
copying build/lib/botocore/session.py -> build/bdist.linux-x86_64/egg/botocore
copying build/lib/botocore/loaders.py -> build/bdist.linux-x86_64/egg/botocore
creating build/bdist.linux-x86_64/egg/botocore/data
creating build/bdist.linux-x86_64/egg/botocore/data/opsworks
creating build/bdist.linux-x86_64/egg/botocore/data/opsworks/2013-02-18
copying build/lib/botocore/data/opsworks/2013-02-18/service-2.json -> build/bdist.linux-x86_64/egg/botocore/data/opsworks/2013-02-18
creating build/bdist.linux-x86_64/egg/botocore/data/importexport
creating build/bdist.linux-x86_64/egg/botocore/data/importexport/2010-06-01
copying build/lib/botocore/data/importexport/2010-06-01/paginators-1.json -> build/bdist.linux-x86_64/egg/botocore/data/importexport/2010-06-01
copying build/lib/botocore/data/importexport/2010-06-01/service-2.json -> build/bdist.linux-x86_64/egg/botocore/data/importexport/2010-06-01
creating build/bdist.linux-x86_64/egg/botocore/data/workspaces
creating build/bdist.linux-x86_64/egg/botocore/data/workspaces/2015-04-08
copying build/lib/botocore/data/workspaces/2015-04-08/service-2.json -> build/bdist.linux-x86_64/egg/botocore/data/workspaces/2015-04-08
creating build/bdist.linux-x86_64/egg/botocore/data/cloudhsm
creating build/bdist.linux-x86_64/egg/botocore/data/cloudhsm/2014-05-30
copying build/lib/botocore/data/cloudhsm/2014-05-30/service-2.json -> build/bdist.linux-x86_64/egg/botocore/data/cloudhsm/2014-05-30
creating build/bdist.linux-x86_64/egg/botocore/data/glacier
creating build/bdist.linux-x86_64/egg/botocore/data/glacier/2012-06-01
copying build/lib/botocore/data/glacier/2012-06-01/service-2.json -> build/bdist.linux-x86_64/egg/botocore/data/glacier/2012-06-01
creating build/bdist.linux-x86_64/egg/botocore/data/logs
creating build/bdist.linux-x86_64/egg/botocore/data/logs/2014-03-28
copying build/lib/botocore/data/logs/2014-03-28/service-2.json -> build/bdist.linux-x86_64/egg/botocore/data/logs/2014-03-28
creating build/bdist.linux-x86_64/egg/botocore/data/rds
creating build/bdist.linux-x86_64/egg/botocore/data/rds/2014-09-01
copying build/lib/botocore/data/rds/2014-09-01/paginators-1.json -> build/bdist.linux-x86_64/egg/botocore/data/rds/2014-09-01
copying build/lib/botocore/data/rds/2014-09-01/waiters-2.json -> build/bdist.linux-x86_64/egg/botocore/data/rds/2014-09-01
copying build/lib/botocore/data/rds/2014-09-01/service-2.json -> build/bdist.linux-x86_64/egg/botocore/data/rds/2014-09-01
creating build/bdist.linux-x86_64/egg/botocore/data/rds/2014-10-31
copying build/lib/botocore/data/rds/2014-10-31/paginators-1.json -> build/bdist.linux-x86_64/egg/botocore/data/rds/2014-10-31
copying build/lib/botocore/data/rds/2014-10-31/waiters-2.json -> build/bdist.linux-x86_64/egg/botocore/data/rds/2014-10-31
copying build/lib/botocore/data/rds/2014-10-31/service-2.json -> build/bdist.linux-x86_64/egg/botocore/data/rds/2014-10-31
creating build/bdist.linux-x86_64/egg/botocore/data/lambda
creating build/bdist.linux-x86_64/egg/botocore/data/lambda/2014-11-11
copying build/lib/botocore/data/lambda/2014-11-11/service-2.json -> build/bdist.linux-x86_64/egg/botocore/data/lambda/2014-11-11
creating build/bdist.linux-x86_64/egg/botocore/data/lambda/2015-03-31
copying build/lib/botocore/data/lambda/2015-03-31/paginators-1.json -> build/bdist.linux-x86_64/egg/botocore/data/lambda/2015-03-31
copying build/lib/botocore/data/lambda/2015-03-31/service-2.json -> build/bdist.linux-x86_64/egg/botocore/data/lambda/2015-03-31
creating build/bdist.linux-x86_64/egg/botocore/data/efs
creating build/bdist.linux-x86_64/egg/botocore/data/efs/2015-02-01
copying build/lib/botocore/data/efs/2015-02-01/service-2.json -> build/bdist.linux-x86_64/egg/botocore/data/efs/2015-02-01
creating build/bdist.linux-x86_64/egg/botocore/data/cognito-sync
creating build/bdist.linux-x86_64/egg/botocore/data/cognito-sync/2014-06-30
copying build/lib/botocore/data/cognito-sync/2014-06-30/service-2.json -> build/bdist.linux-x86_64/egg/botocore/data/cognito-sync/2014-06-30
creating build/bdist.linux-x86_64/egg/botocore/data/dynamodb
creating build/bdist.linux-x86_64/egg/botocore/data/dynamodb/2012-08-10
copying build/lib/botocore/data/dynamodb/2012-08-10/paginators-1.json -> build/bdist.linux-x86_64/egg/botocore/data/dynamodb/2012-08-10
copying build/lib/botocore/data/dynamodb/2012-08-10/waiters-2.json -> build/bdist.linux-x86_64/egg/botocore/data/dynamodb/2012-08-10
copying build/lib/botocore/data/dynamodb/2012-08-10/service-2.json -> build/bdist.linux-x86_64/egg/botocore/data/dynamodb/2012-08-10
creating build/bdist.linux-x86_64/egg/botocore/data/codedeploy
creating build/bdist.linux-x86_64/egg/botocore/data/codedeploy/2014-10-06
copying build/lib/botocore/data/codedeploy/2014-10-06/service-2.json -> build/bdist.linux-x86_64/egg/botocore/data/codedeploy/2014-10-06
creating build/bdist.linux-x86_64/egg/botocore/data/cloudformation
creating build/bdist.linux-x86_64/egg/botocore/data/cloudformation/2010-05-15
copying build/lib/botocore/data/cloudformation/2010-05-15/paginators-1.json -> build/bdist.linux-x86_64/egg/botocore/data/cloudformation/2010-05-15
copying build/lib/botocore/data/cloudformation/2010-05-15/service-2.json -> build/bdist.linux-x86_64/egg/botocore/data/cloudformation/2010-05-15
creating build/bdist.linux-x86_64/egg/botocore/data/machinelearning
creating build/bdist.linux-x86_64/egg/botocore/data/machinelearning/2014-12-12
copying build/lib/botocore/data/machinelearning/2014-12-12/paginators-1.json -> build/bdist.linux-x86_64/egg/botocore/data/machinelearning/2014-12-12
copying build/lib/botocore/data/machinelearning/2014-12-12/service-2.json -> build/bdist.linux-x86_64/egg/botocore/data/machinelearning/2014-12-12
creating build/bdist.linux-x86_64/egg/botocore/data/config
creating build/bdist.linux-x86_64/egg/botocore/data/config/2014-11-12
copying build/lib/botocore/data/config/2014-11-12/service-2.json -> build/bdist.linux-x86_64/egg/botocore/data/config/2014-11-12
creating build/bdist.linux-x86_64/egg/botocore/data/elasticache
creating build/bdist.linux-x86_64/egg/botocore/data/elasticache/2015-02-02
copying build/lib/botocore/data/elasticache/2015-02-02/paginators-1.json -> build/bdist.linux-x86_64/egg/botocore/data/elasticache/2015-02-02
copying build/lib/botocore/data/elasticache/2015-02-02/waiters-2.json -> build/bdist.linux-x86_64/egg/botocore/data/elasticache/2015-02-02
copying build/lib/botocore/data/elasticache/2015-02-02/service-2.json -> build/bdist.linux-x86_64/egg/botocore/data/elasticache/2015-02-02
creating build/bdist.linux-x86_64/egg/botocore/data/elasticache/2014-09-30
copying build/lib/botocore/data/elasticache/2014-09-30/paginators-1.json -> build/bdist.linux-x86_64/egg/botocore/data/elasticache/2014-09-30
copying build/lib/botocore/data/elasticache/2014-09-30/waiters-2.json -> build/bdist.linux-x86_64/egg/botocore/data/elasticache/2014-09-30
copying build/lib/botocore/data/elasticache/2014-09-30/service-2.json -> build/bdist.linux-x86_64/egg/botocore/data/elasticache/2014-09-30
creating build/bdist.linux-x86_64/egg/botocore/data/cloudfront
creating build/bdist.linux-x86_64/egg/botocore/data/cloudfront/2014-11-06
copying build/lib/botocore/data/cloudfront/2014-11-06/paginators-1.json -> build/bdist.linux-x86_64/egg/botocore/data/cloudfront/2014-11-06
copying build/lib/botocore/data/cloudfront/2014-11-06/waiters-2.json -> build/bdist.linux-x86_64/egg/botocore/data/cloudfront/2014-11-06
copying build/lib/botocore/data/cloudfront/2014-11-06/service-2.json -> build/bdist.linux-x86_64/egg/botocore/data/cloudfront/2014-11-06
creating build/bdist.linux-x86_64/egg/botocore/data/cloudfront/2014-10-21
copying build/lib/botocore/data/cloudfront/2014-10-21/paginators-1.json -> build/bdist.linux-x86_64/egg/botocore/data/cloudfront/2014-10-21
copying build/lib/botocore/data/cloudfront/2014-10-21/waiters-2.json -> build/bdist.linux-x86_64/egg/botocore/data/cloudfront/2014-10-21
copying build/lib/botocore/data/cloudfront/2014-10-21/service-2.json -> build/bdist.linux-x86_64/egg/botocore/data/cloudfront/2014-10-21
creating build/bdist.linux-x86_64/egg/botocore/data/cloudfront/2014-05-31
copying build/lib/botocore/data/cloudfront/2014-05-31/paginators-1.json -> build/bdist.linux-x86_64/egg/botocore/data/cloudfront/2014-05-31
copying build/lib/botocore/data/cloudfront/2014-05-31/waiters-2.json -> build/bdist.linux-x86_64/egg/botocore/data/cloudfront/2014-05-31
copying build/lib/botocore/data/cloudfront/2014-05-31/service-2.json -> build/bdist.linux-x86_64/egg/botocore/data/cloudfront/2014-05-31
creating build/bdist.linux-x86_64/egg/botocore/data/elastictranscoder
creating build/bdist.linux-x86_64/egg/botocore/data/elastictranscoder/2012-09-25
copying build/lib/botocore/data/elastictranscoder/2012-09-25/paginators-1.json -> build/bdist.linux-x86_64/egg/botocore/data/elastictranscoder/2012-09-25
copying build/lib/botocore/data/elastictranscoder/2012-09-25/waiters-2.json -> build/bdist.linux-x86_64/egg/botocore/data/elastictranscoder/2012-09-25
copying build/lib/botocore/data/elastictranscoder/2012-09-25/service-2.json -> build/bdist.linux-x86_64/egg/botocore/data/elastictranscoder/2012-09-25
creating build/bdist.linux-x86_64/egg/botocore/data/elb
creating build/bdist.linux-x86_64/egg/botocore/data/elb/2012-06-01
copying build/lib/botocore/data/elb/2012-06-01/paginators-1.json -> build/bdist.linux-x86_64/egg/botocore/data/elb/2012-06-01
copying build/lib/botocore/data/elb/2012-06-01/service-2.json -> build/bdist.linux-x86_64/egg/botocore/data/elb/2012-06-01
creating build/bdist.linux-x86_64/egg/botocore/data/route53
creating build/bdist.linux-x86_64/egg/botocore/data/route53/2013-04-01
copying build/lib/botocore/data/route53/2013-04-01/paginators-1.json -> build/bdist.linux-x86_64/egg/botocore/data/route53/2013-04-01
copying build/lib/botocore/data/route53/2013-04-01/service-2.json -> build/bdist.linux-x86_64/egg/botocore/data/route53/2013-04-01
creating build/bdist.linux-x86_64/egg/botocore/data/ds
creating build/bdist.linux-x86_64/egg/botocore/data/ds/2015-04-16
copying build/lib/botocore/data/ds/2015-04-16/service-2.json -> build/bdist.linux-x86_64/egg/botocore/data/ds/2015-04-16
creating build/bdist.linux-x86_64/egg/botocore/data/route53domains
creating build/bdist.linux-x86_64/egg/botocore/data/route53domains/2014-05-15
copying build/lib/botocore/data/route53domains/2014-05-15/paginators-1.json -> build/bdist.linux-x86_64/egg/botocore/data/route53domains/2014-05-15
copying build/lib/botocore/data/route53domains/2014-05-15/service-2.json -> build/bdist.linux-x86_64/egg/botocore/data/route53domains/2014-05-15
creating build/bdist.linux-x86_64/egg/botocore/data/cloudtrail
creating build/bdist.linux-x86_64/egg/botocore/data/cloudtrail/2013-11-01
copying build/lib/botocore/data/cloudtrail/2013-11-01/service-2.json -> build/bdist.linux-x86_64/egg/botocore/data/cloudtrail/2013-11-01
creating build/bdist.linux-x86_64/egg/botocore/data/cloudwatch
creating build/bdist.linux-x86_64/egg/botocore/data/cloudwatch/2010-08-01
copying build/lib/botocore/data/cloudwatch/2010-08-01/paginators-1.json -> build/bdist.linux-x86_64/egg/botocore/data/cloudwatch/2010-08-01
copying build/lib/botocore/data/cloudwatch/2010-08-01/service-2.json -> build/bdist.linux-x86_64/egg/botocore/data/cloudwatch/2010-08-01
creating build/bdist.linux-x86_64/egg/botocore/data/emr
creating build/bdist.linux-x86_64/egg/botocore/data/emr/2009-03-31
copying build/lib/botocore/data/emr/2009-03-31/paginators-1.json -> build/bdist.linux-x86_64/egg/botocore/data/emr/2009-03-31
copying build/lib/botocore/data/emr/2009-03-31/waiters-2.json -> build/bdist.linux-x86_64/egg/botocore/data/emr/2009-03-31
copying build/lib/botocore/data/emr/2009-03-31/service-2.json -> build/bdist.linux-x86_64/egg/botocore/data/emr/2009-03-31
creating build/bdist.linux-x86_64/egg/botocore/data/cognito-identity
creating build/bdist.linux-x86_64/egg/botocore/data/cognito-identity/2014-06-30
copying build/lib/botocore/data/cognito-identity/2014-06-30/service-2.json -> build/bdist.linux-x86_64/egg/botocore/data/cognito-identity/2014-06-30
creating build/bdist.linux-x86_64/egg/botocore/data/cloudsearchdomain
creating build/bdist.linux-x86_64/egg/botocore/data/cloudsearchdomain/2013-01-01
copying build/lib/botocore/data/cloudsearchdomain/2013-01-01/service-2.json -> build/bdist.linux-x86_64/egg/botocore/data/cloudsearchdomain/2013-01-01
creating build/bdist.linux-x86_64/egg/botocore/data/ec2
creating build/bdist.linux-x86_64/egg/botocore/data/ec2/2014-10-01
copying build/lib/botocore/data/ec2/2014-10-01/paginators-1.json -> build/bdist.linux-x86_64/egg/botocore/data/ec2/2014-10-01
copying build/lib/botocore/data/ec2/2014-10-01/waiters-2.json -> build/bdist.linux-x86_64/egg/botocore/data/ec2/2014-10-01
copying build/lib/botocore/data/ec2/2014-10-01/service-2.json -> build/bdist.linux-x86_64/egg/botocore/data/ec2/2014-10-01
creating build/bdist.linux-x86_64/egg/botocore/data/ec2/2015-04-15
copying build/lib/botocore/data/ec2/2015-04-15/paginators-1.json -> build/bdist.linux-x86_64/egg/botocore/data/ec2/2015-04-15
copying build/lib/botocore/data/ec2/2015-04-15/waiters-2.json -> build/bdist.linux-x86_64/egg/botocore/data/ec2/2015-04-15
copying build/lib/botocore/data/ec2/2015-04-15/service-2.json -> build/bdist.linux-x86_64/egg/botocore/data/ec2/2015-04-15
creating build/bdist.linux-x86_64/egg/botocore/data/ec2/2015-03-01
copying build/lib/botocore/data/ec2/2015-03-01/paginators-1.json -> build/bdist.linux-x86_64/egg/botocore/data/ec2/2015-03-01
copying build/lib/botocore/data/ec2/2015-03-01/waiters-2.json -> build/bdist.linux-x86_64/egg/botocore/data/ec2/2015-03-01
copying build/lib/botocore/data/ec2/2015-03-01/service-2.json -> build/bdist.linux-x86_64/egg/botocore/data/ec2/2015-03-01
creating build/bdist.linux-x86_64/egg/botocore/data/ec2/2014-09-01
copying build/lib/botocore/data/ec2/2014-09-01/paginators-1.json -> build/bdist.linux-x86_64/egg/botocore/data/ec2/2014-09-01
copying build/lib/botocore/data/ec2/2014-09-01/waiters-2.json -> build/bdist.linux-x86_64/egg/botocore/data/ec2/2014-09-01
copying build/lib/botocore/data/ec2/2014-09-01/service-2.json -> build/bdist.linux-x86_64/egg/botocore/data/ec2/2014-09-01
creating build/bdist.linux-x86_64/egg/botocore/data/sdb
creating build/bdist.linux-x86_64/egg/botocore/data/sdb/2009-04-15
copying build/lib/botocore/data/sdb/2009-04-15/paginators-1.json -> build/bdist.linux-x86_64/egg/botocore/data/sdb/2009-04-15
copying build/lib/botocore/data/sdb/2009-04-15/service-2.json -> build/bdist.linux-x86_64/egg/botocore/data/sdb/2009-04-15
copying build/lib/botocore/data/_endpoints.json -> build/bdist.linux-x86_64/egg/botocore/data
creating build/bdist.linux-x86_64/egg/botocore/data/swf
creating build/bdist.linux-x86_64/egg/botocore/data/swf/2012-01-25
copying build/lib/botocore/data/swf/2012-01-25/paginators-1.json -> build/bdist.linux-x86_64/egg/botocore/data/swf/2012-01-25
copying build/lib/botocore/data/swf/2012-01-25/service-2.json -> build/bdist.linux-x86_64/egg/botocore/data/swf/2012-01-25
creating build/bdist.linux-x86_64/egg/botocore/data/support
creating build/bdist.linux-x86_64/egg/botocore/data/support/2013-04-15
copying build/lib/botocore/data/support/2013-04-15/paginators-1.json -> build/bdist.linux-x86_64/egg/botocore/data/support/2013-04-15
copying build/lib/botocore/data/support/2013-04-15/service-2.json -> build/bdist.linux-x86_64/egg/botocore/data/support/2013-04-15
creating build/bdist.linux-x86_64/egg/botocore/data/sts
creating build/bdist.linux-x86_64/egg/botocore/data/sts/2011-06-15
copying build/lib/botocore/data/sts/2011-06-15/service-2.json -> build/bdist.linux-x86_64/egg/botocore/data/sts/2011-06-15
creating build/bdist.linux-x86_64/egg/botocore/data/sqs
creating build/bdist.linux-x86_64/egg/botocore/data/sqs/2012-11-05
copying build/lib/botocore/data/sqs/2012-11-05/service-2.json -> build/bdist.linux-x86_64/egg/botocore/data/sqs/2012-11-05
creating build/bdist.linux-x86_64/egg/botocore/data/cloudsearch
creating build/bdist.linux-x86_64/egg/botocore/data/cloudsearch/2013-01-01
copying build/lib/botocore/data/cloudsearch/2013-01-01/service-2.json -> build/bdist.linux-x86_64/egg/botocore/data/cloudsearch/2013-01-01
copying build/lib/botocore/data/_retry.json -> build/bdist.linux-x86_64/egg/botocore/data
creating build/bdist.linux-x86_64/egg/botocore/data/kinesis
creating build/bdist.linux-x86_64/egg/botocore/data/kinesis/2013-12-02
copying build/lib/botocore/data/kinesis/2013-12-02/paginators-1.json -> build/bdist.linux-x86_64/egg/botocore/data/kinesis/2013-12-02
copying build/lib/botocore/data/kinesis/2013-12-02/waiters-2.json -> build/bdist.linux-x86_64/egg/botocore/data/kinesis/2013-12-02
copying build/lib/botocore/data/kinesis/2013-12-02/service-2.json -> build/bdist.linux-x86_64/egg/botocore/data/kinesis/2013-12-02
creating build/bdist.linux-x86_64/egg/botocore/data/ecs
creating build/bdist.linux-x86_64/egg/botocore/data/ecs/2014-11-13
copying build/lib/botocore/data/ecs/2014-11-13/paginators-1.json -> build/bdist.linux-x86_64/egg/botocore/data/ecs/2014-11-13
copying build/lib/botocore/data/ecs/2014-11-13/waiters-2.json -> build/bdist.linux-x86_64/egg/botocore/data/ecs/2014-11-13
copying build/lib/botocore/data/ecs/2014-11-13/service-2.json -> build/bdist.linux-x86_64/egg/botocore/data/ecs/2014-11-13
creating build/bdist.linux-x86_64/egg/botocore/data/storagegateway
creating build/bdist.linux-x86_64/egg/botocore/data/storagegateway/2013-06-30
copying build/lib/botocore/data/storagegateway/2013-06-30/paginators-1.json -> build/bdist.linux-x86_64/egg/botocore/data/storagegateway/2013-06-30
copying build/lib/botocore/data/storagegateway/2013-06-30/service-2.json -> build/bdist.linux-x86_64/egg/botocore/data/storagegateway/2013-06-30
creating build/bdist.linux-x86_64/egg/botocore/data/ssm
creating build/bdist.linux-x86_64/egg/botocore/data/ssm/2014-11-06
copying build/lib/botocore/data/ssm/2014-11-06/service-2.json -> build/bdist.linux-x86_64/egg/botocore/data/ssm/2014-11-06
creating build/bdist.linux-x86_64/egg/botocore/data/ses
creating build/bdist.linux-x86_64/egg/botocore/data/ses/2010-12-01
copying build/lib/botocore/data/ses/2010-12-01/paginators-1.json -> build/bdist.linux-x86_64/egg/botocore/data/ses/2010-12-01
copying build/lib/botocore/data/ses/2010-12-01/waiters-2.json -> build/bdist.linux-x86_64/egg/botocore/data/ses/2010-12-01
copying build/lib/botocore/data/ses/2010-12-01/service-2.json -> build/bdist.linux-x86_64/egg/botocore/data/ses/2010-12-01
creating build/bdist.linux-x86_64/egg/botocore/data/autoscaling
creating build/bdist.linux-x86_64/egg/botocore/data/autoscaling/2011-01-01
copying build/lib/botocore/data/autoscaling/2011-01-01/paginators-1.json -> build/bdist.linux-x86_64/egg/botocore/data/autoscaling/2011-01-01
copying build/lib/botocore/data/autoscaling/2011-01-01/service-2.json -> build/bdist.linux-x86_64/egg/botocore/data/autoscaling/2011-01-01
creating build/bdist.linux-x86_64/egg/botocore/data/directconnect
creating build/bdist.linux-x86_64/egg/botocore/data/directconnect/2012-10-25
copying build/lib/botocore/data/directconnect/2012-10-25/service-2.json -> build/bdist.linux-x86_64/egg/botocore/data/directconnect/2012-10-25
creating build/bdist.linux-x86_64/egg/botocore/data/sns
creating build/bdist.linux-x86_64/egg/botocore/data/sns/2010-03-31
copying build/lib/botocore/data/sns/2010-03-31/paginators-1.json -> build/bdist.linux-x86_64/egg/botocore/data/sns/2010-03-31
copying build/lib/botocore/data/sns/2010-03-31/service-2.json -> build/bdist.linux-x86_64/egg/botocore/data/sns/2010-03-31
creating build/bdist.linux-x86_64/egg/botocore/data/datapipeline
creating build/bdist.linux-x86_64/egg/botocore/data/datapipeline/2012-10-29
copying build/lib/botocore/data/datapipeline/2012-10-29/paginators-1.json -> build/bdist.linux-x86_64/egg/botocore/data/datapipeline/2012-10-29
copying build/lib/botocore/data/datapipeline/2012-10-29/service-2.json -> build/bdist.linux-x86_64/egg/botocore/data/datapipeline/2012-10-29
creating build/bdist.linux-x86_64/egg/botocore/data/s3
creating build/bdist.linux-x86_64/egg/botocore/data/s3/2006-03-01
copying build/lib/botocore/data/s3/2006-03-01/paginators-1.json -> build/bdist.linux-x86_64/egg/botocore/data/s3/2006-03-01
copying build/lib/botocore/data/s3/2006-03-01/waiters-2.json -> build/bdist.linux-x86_64/egg/botocore/data/s3/2006-03-01
copying build/lib/botocore/data/s3/2006-03-01/service-2.json -> build/bdist.linux-x86_64/egg/botocore/data/s3/2006-03-01
creating build/bdist.linux-x86_64/egg/botocore/data/elasticbeanstalk
creating build/bdist.linux-x86_64/egg/botocore/data/elasticbeanstalk/2010-12-01
copying build/lib/botocore/data/elasticbeanstalk/2010-12-01/paginators-1.json -> build/bdist.linux-x86_64/egg/botocore/data/elasticbeanstalk/2010-12-01
copying build/lib/botocore/data/elasticbeanstalk/2010-12-01/service-2.json -> build/bdist.linux-x86_64/egg/botocore/data/elasticbeanstalk/2010-12-01
creating build/bdist.linux-x86_64/egg/botocore/data/kms
creating build/bdist.linux-x86_64/egg/botocore/data/kms/2014-11-01
copying build/lib/botocore/data/kms/2014-11-01/service-2.json -> build/bdist.linux-x86_64/egg/botocore/data/kms/2014-11-01
creating build/bdist.linux-x86_64/egg/botocore/data/iam
creating build/bdist.linux-x86_64/egg/botocore/data/iam/2010-05-08
copying build/lib/botocore/data/iam/2010-05-08/paginators-1.json -> build/bdist.linux-x86_64/egg/botocore/data/iam/2010-05-08
copying build/lib/botocore/data/iam/2010-05-08/service-2.json -> build/bdist.linux-x86_64/egg/botocore/data/iam/2010-05-08
creating build/bdist.linux-x86_64/egg/botocore/data/redshift
creating build/bdist.linux-x86_64/egg/botocore/data/redshift/2012-12-01
copying build/lib/botocore/data/redshift/2012-12-01/paginators-1.json -> build/bdist.linux-x86_64/egg/botocore/data/redshift/2012-12-01
copying build/lib/botocore/data/redshift/2012-12-01/waiters-2.json -> build/bdist.linux-x86_64/egg/botocore/data/redshift/2012-12-01
copying build/lib/botocore/data/redshift/2012-12-01/service-2.json -> build/bdist.linux-x86_64/egg/botocore/data/redshift/2012-12-01
copying build/lib/botocore/client.py -> build/bdist.linux-x86_64/egg/botocore
copying build/lib/botocore/hooks.py -> build/bdist.linux-x86_64/egg/botocore
creating build/bdist.linux-x86_64/egg/botocore/vendored
copying build/lib/botocore/vendored/six.py -> build/bdist.linux-x86_64/egg/botocore/vendored
creating build/bdist.linux-x86_64/egg/botocore/vendored/requests
copying build/lib/botocore/vendored/requests/cookies.py -> build/bdist.linux-x86_64/egg/botocore/vendored/requests
copying build/lib/botocore/vendored/requests/utils.py -> build/bdist.linux-x86_64/egg/botocore/vendored/requests
copying build/lib/botocore/vendored/requests/compat.py -> build/bdist.linux-x86_64/egg/botocore/vendored/requests
copying build/lib/botocore/vendored/requests/api.py -> build/bdist.linux-x86_64/egg/botocore/vendored/requests
copying build/lib/botocore/vendored/requests/structures.py -> build/bdist.linux-x86_64/egg/botocore/vendored/requests
copying build/lib/botocore/vendored/requests/status_codes.py -> build/bdist.linux-x86_64/egg/botocore/vendored/requests
copying build/lib/botocore/vendored/requests/cacert.pem -> build/bdist.linux-x86_64/egg/botocore/vendored/requests
copying build/lib/botocore/vendored/requests/adapters.py -> build/bdist.linux-x86_64/egg/botocore/vendored/requests
copying build/lib/botocore/vendored/requests/sessions.py -> build/bdist.linux-x86_64/egg/botocore/vendored/requests
copying build/lib/botocore/vendored/requests/certs.py -> build/bdist.linux-x86_64/egg/botocore/vendored/requests
copying build/lib/botocore/vendored/requests/hooks.py -> build/bdist.linux-x86_64/egg/botocore/vendored/requests
copying build/lib/botocore/vendored/requests/__init__.py -> build/bdist.linux-x86_64/egg/botocore/vendored/requests
copying build/lib/botocore/vendored/requests/models.py -> build/bdist.linux-x86_64/egg/botocore/vendored/requests
copying build/lib/botocore/vendored/requests/auth.py -> build/bdist.linux-x86_64/egg/botocore/vendored/requests
creating build/bdist.linux-x86_64/egg/botocore/vendored/requests/packages
creating build/bdist.linux-x86_64/egg/botocore/vendored/requests/packages/chardet
copying build/lib/botocore/vendored/requests/packages/chardet/langhungarianmodel.py -> build/bdist.linux-x86_64/egg/botocore/vendored/requests/packages/chardet
copying build/lib/botocore/vendored/requests/packages/chardet/compat.py -> build/bdist.linux-x86_64/egg/botocore/vendored/requests/packages/chardet
copying build/lib/botocore/vendored/requests/packages/chardet/sjisprober.py -> build/bdist.linux-x86_64/egg/botocore/vendored/requests/packages/chardet
copying build/lib/botocore/vendored/requests/packages/chardet/euckrfreq.py -> build/bdist.linux-x86_64/egg/botocore/vendored/requests/packages/chardet
copying build/lib/botocore/vendored/requests/packages/chardet/universaldetector.py -> build/bdist.linux-x86_64/egg/botocore/vendored/requests/packages/chardet
copying build/lib/botocore/vendored/requests/packages/chardet/charsetprober.py -> build/bdist.linux-x86_64/egg/botocore/vendored/requests/packages/chardet
copying build/lib/botocore/vendored/requests/packages/chardet/sbcsgroupprober.py -> build/bdist.linux-x86_64/egg/botocore/vendored/requests/packages/chardet
copying build/lib/botocore/vendored/requests/packages/chardet/langhebrewmodel.py -> build/bdist.linux-x86_64/egg/botocore/vendored/requests/packages/chardet
copying build/lib/botocore/vendored/requests/packages/chardet/charsetgroupprober.py -> build/bdist.linux-x86_64/egg/botocore/vendored/requests/packages/chardet
copying build/lib/botocore/vendored/requests/packages/chardet/jpcntx.py -> build/bdist.linux-x86_64/egg/botocore/vendored/requests/packages/chardet
copying build/lib/botocore/vendored/requests/packages/chardet/langbulgarianmodel.py -> build/bdist.linux-x86_64/egg/botocore/vendored/requests/packages/chardet
copying build/lib/botocore/vendored/requests/packages/chardet/langcyrillicmodel.py -> build/bdist.linux-x86_64/egg/botocore/vendored/requests/packages/chardet
copying build/lib/botocore/vendored/requests/packages/chardet/chardistribution.py -> build/bdist.linux-x86_64/egg/botocore/vendored/requests/packages/chardet
copying build/lib/botocore/vendored/requests/packages/chardet/langgreekmodel.py -> build/bdist.linux-x86_64/egg/botocore/vendored/requests/packages/chardet
copying build/lib/botocore/vendored/requests/packages/chardet/gb2312prober.py -> build/bdist.linux-x86_64/egg/botocore/vendored/requests/packages/chardet
copying build/lib/botocore/vendored/requests/packages/chardet/chardetect.py -> build/bdist.linux-x86_64/egg/botocore/vendored/requests/packages/chardet
copying build/lib/botocore/vendored/requests/packages/chardet/latin1prober.py -> build/bdist.linux-x86_64/egg/botocore/vendored/requests/packages/chardet
copying build/lib/botocore/vendored/requests/packages/chardet/mbcssm.py -> build/bdist.linux-x86_64/egg/botocore/vendored/requests/packages/chardet
copying build/lib/botocore/vendored/requests/packages/chardet/constants.py -> build/bdist.linux-x86_64/egg/botocore/vendored/requests/packages/chardet
copying build/lib/botocore/vendored/requests/packages/chardet/hebrewprober.py -> build/bdist.linux-x86_64/egg/botocore/vendored/requests/packages/chardet
copying build/lib/botocore/vendored/requests/packages/chardet/cp949prober.py -> build/bdist.linux-x86_64/egg/botocore/vendored/requests/packages/chardet
copying build/lib/botocore/vendored/requests/packages/chardet/__init__.py -> build/bdist.linux-x86_64/egg/botocore/vendored/requests/packages/chardet
copying build/lib/botocore/vendored/requests/packages/chardet/escprober.py -> build/bdist.linux-x86_64/egg/botocore/vendored/requests/packages/chardet
copying build/lib/botocore/vendored/requests/packages/chardet/langthaimodel.py -> build/bdist.linux-x86_64/egg/botocore/vendored/requests/packages/chardet
copying build/lib/botocore/vendored/requests/packages/chardet/big5freq.py -> build/bdist.linux-x86_64/egg/botocore/vendored/requests/packages/chardet
copying build/lib/botocore/vendored/requests/packages/chardet/jisfreq.py -> build/bdist.linux-x86_64/egg/botocore/vendored/requests/packages/chardet
copying build/lib/botocore/vendored/requests/packages/chardet/euctwfreq.py -> build/bdist.linux-x86_64/egg/botocore/vendored/requests/packages/chardet
copying build/lib/botocore/vendored/requests/packages/chardet/codingstatemachine.py -> build/bdist.linux-x86_64/egg/botocore/vendored/requests/packages/chardet
copying build/lib/botocore/vendored/requests/packages/chardet/utf8prober.py -> build/bdist.linux-x86_64/egg/botocore/vendored/requests/packages/chardet
copying build/lib/botocore/vendored/requests/packages/chardet/big5prober.py -> build/bdist.linux-x86_64/egg/botocore/vendored/requests/packages/chardet
copying build/lib/botocore/vendored/requests/packages/chardet/euckrprober.py -> build/bdist.linux-x86_64/egg/botocore/vendored/requests/packages/chardet
copying build/lib/botocore/vendored/requests/packages/chardet/escsm.py -> build/bdist.linux-x86_64/egg/botocore/vendored/requests/packages/chardet
copying build/lib/botocore/vendored/requests/packages/chardet/sbcharsetprober.py -> build/bdist.linux-x86_64/egg/botocore/vendored/requests/packages/chardet
copying build/lib/botocore/vendored/requests/packages/chardet/gb2312freq.py -> build/bdist.linux-x86_64/egg/botocore/vendored/requests/packages/chardet
copying build/lib/botocore/vendored/requests/packages/chardet/mbcharsetprober.py -> build/bdist.linux-x86_64/egg/botocore/vendored/requests/packages/chardet
copying build/lib/botocore/vendored/requests/packages/chardet/euctwprober.py -> build/bdist.linux-x86_64/egg/botocore/vendored/requests/packages/chardet
copying build/lib/botocore/vendored/requests/packages/chardet/eucjpprober.py -> build/bdist.linux-x86_64/egg/botocore/vendored/requests/packages/chardet
copying build/lib/botocore/vendored/requests/packages/chardet/mbcsgroupprober.py -> build/bdist.linux-x86_64/egg/botocore/vendored/requests/packages/chardet
copying build/lib/botocore/vendored/requests/packages/__init__.py -> build/bdist.linux-x86_64/egg/botocore/vendored/requests/packages
creating build/bdist.linux-x86_64/egg/botocore/vendored/requests/packages/urllib3
copying build/lib/botocore/vendored/requests/packages/urllib3/response.py -> build/bdist.linux-x86_64/egg/botocore/vendored/requests/packages/urllib3
copying build/lib/botocore/vendored/requests/packages/urllib3/connectionpool.py -> build/bdist.linux-x86_64/egg/botocore/vendored/requests/packages/urllib3
creating build/bdist.linux-x86_64/egg/botocore/vendored/requests/packages/urllib3/util
copying build/lib/botocore/vendored/requests/packages/urllib3/util/response.py -> build/bdist.linux-x86_64/egg/botocore/vendored/requests/packages/urllib3/util
copying build/lib/botocore/vendored/requests/packages/urllib3/util/ssl_.py -> build/bdist.linux-x86_64/egg/botocore/vendored/requests/packages/urllib3/util
copying build/lib/botocore/vendored/requests/packages/urllib3/util/connection.py -> build/bdist.linux-x86_64/egg/botocore/vendored/requests/packages/urllib3/util
copying build/lib/botocore/vendored/requests/packages/urllib3/util/timeout.py -> build/bdist.linux-x86_64/egg/botocore/vendored/requests/packages/urllib3/util
copying build/lib/botocore/vendored/requests/packages/urllib3/util/url.py -> build/bdist.linux-x86_64/egg/botocore/vendored/requests/packages/urllib3/util
copying build/lib/botocore/vendored/requests/packages/urllib3/util/__init__.py -> build/bdist.linux-x86_64/egg/botocore/vendored/requests/packages/urllib3/util
copying build/lib/botocore/vendored/requests/packages/urllib3/util/request.py -> build/bdist.linux-x86_64/egg/botocore/vendored/requests/packages/urllib3/util
copying build/lib/botocore/vendored/requests/packages/urllib3/util/retry.py -> build/bdist.linux-x86_64/egg/botocore/vendored/requests/packages/urllib3/util
copying build/lib/botocore/vendored/requests/packages/urllib3/fields.py -> build/bdist.linux-x86_64/egg/botocore/vendored/requests/packages/urllib3
copying build/lib/botocore/vendored/requests/packages/urllib3/poolmanager.py -> build/bdist.linux-x86_64/egg/botocore/vendored/requests/packages/urllib3
creating build/bdist.linux-x86_64/egg/botocore/vendored/requests/packages/urllib3/contrib
copying build/lib/botocore/vendored/requests/packages/urllib3/contrib/pyopenssl.py -> build/bdist.linux-x86_64/egg/botocore/vendored/requests/packages/urllib3/contrib
copying build/lib/botocore/vendored/requests/packages/urllib3/contrib/ntlmpool.py -> build/bdist.linux-x86_64/egg/botocore/vendored/requests/packages/urllib3/contrib
copying build/lib/botocore/vendored/requests/packages/urllib3/contrib/__init__.py -> build/bdist.linux-x86_64/egg/botocore/vendored/requests/packages/urllib3/contrib
copying build/lib/botocore/vendored/requests/packages/urllib3/connection.py -> build/bdist.linux-x86_64/egg/botocore/vendored/requests/packages/urllib3
copying build/lib/botocore/vendored/requests/packages/urllib3/__init__.py -> build/bdist.linux-x86_64/egg/botocore/vendored/requests/packages/urllib3
copying build/lib/botocore/vendored/requests/packages/urllib3/_collections.py -> build/bdist.linux-x86_64/egg/botocore/vendored/requests/packages/urllib3
copying build/lib/botocore/vendored/requests/packages/urllib3/request.py -> build/bdist.linux-x86_64/egg/botocore/vendored/requests/packages/urllib3
creating build/bdist.linux-x86_64/egg/botocore/vendored/requests/packages/urllib3/packages
copying build/lib/botocore/vendored/requests/packages/urllib3/packages/six.py -> build/bdist.linux-x86_64/egg/botocore/vendored/requests/packages/urllib3/packages
creating build/bdist.linux-x86_64/egg/botocore/vendored/requests/packages/urllib3/packages/ssl_match_hostname
copying build/lib/botocore/vendored/requests/packages/urllib3/packages/ssl_match_hostname/_implementation.py -> build/bdist.linux-x86_64/egg/botocore/vendored/requests/packages/urllib3/packages/ssl_match_hostname
copying build/lib/botocore/vendored/requests/packages/urllib3/packages/ssl_match_hostname/__init__.py -> build/bdist.linux-x86_64/egg/botocore/vendored/requests/packages/urllib3/packages/ssl_match_hostname
copying build/lib/botocore/vendored/requests/packages/urllib3/packages/ordered_dict.py -> build/bdist.linux-x86_64/egg/botocore/vendored/requests/packages/urllib3/packages
copying build/lib/botocore/vendored/requests/packages/urllib3/packages/__init__.py -> build/bdist.linux-x86_64/egg/botocore/vendored/requests/packages/urllib3/packages
copying build/lib/botocore/vendored/requests/packages/urllib3/exceptions.py -> build/bdist.linux-x86_64/egg/botocore/vendored/requests/packages/urllib3
copying build/lib/botocore/vendored/requests/packages/urllib3/filepost.py -> build/bdist.linux-x86_64/egg/botocore/vendored/requests/packages/urllib3
copying build/lib/botocore/vendored/requests/exceptions.py -> build/bdist.linux-x86_64/egg/botocore/vendored/requests
copying build/lib/botocore/vendored/__init__.py -> build/bdist.linux-x86_64/egg/botocore/vendored
copying build/lib/botocore/credentials.py -> build/bdist.linux-x86_64/egg/botocore
copying build/lib/botocore/__init__.py -> build/bdist.linux-x86_64/egg/botocore
copying build/lib/botocore/retryhandler.py -> build/bdist.linux-x86_64/egg/botocore
copying build/lib/botocore/auth.py -> build/bdist.linux-x86_64/egg/botocore
copying build/lib/botocore/signers.py -> build/bdist.linux-x86_64/egg/botocore
copying build/lib/botocore/exceptions.py -> build/bdist.linux-x86_64/egg/botocore
copying build/lib/botocore/handlers.py -> build/bdist.linux-x86_64/egg/botocore
byte-compiling build/bdist.linux-x86_64/egg/botocore/translate.py to translate.pyc
byte-compiling build/bdist.linux-x86_64/egg/botocore/awsrequest.py to awsrequest.pyc
byte-compiling build/bdist.linux-x86_64/egg/botocore/docs/paginator.py to paginator.pyc
byte-compiling build/bdist.linux-x86_64/egg/botocore/docs/waiter.py to waiter.pyc
byte-compiling build/bdist.linux-x86_64/egg/botocore/docs/utils.py to utils.pyc
byte-compiling build/bdist.linux-x86_64/egg/botocore/docs/params.py to params.pyc
byte-compiling build/bdist.linux-x86_64/egg/botocore/docs/method.py to method.pyc
byte-compiling build/bdist.linux-x86_64/egg/botocore/docs/client.py to client.pyc
byte-compiling build/bdist.linux-x86_64/egg/botocore/docs/service.py to service.pyc
byte-compiling build/bdist.linux-x86_64/egg/botocore/docs/__init__.py to __init__.pyc
byte-compiling build/bdist.linux-x86_64/egg/botocore/docs/example.py to example.pyc
byte-compiling build/bdist.linux-x86_64/egg/botocore/waiter.py to waiter.pyc
byte-compiling build/bdist.linux-x86_64/egg/botocore/regions.py to regions.pyc
byte-compiling build/bdist.linux-x86_64/egg/botocore/utils.py to utils.pyc
byte-compiling build/bdist.linux-x86_64/egg/botocore/response.py to response.pyc
byte-compiling build/bdist.linux-x86_64/egg/botocore/compat.py to compat.pyc
byte-compiling build/bdist.linux-x86_64/egg/botocore/provider.py to provider.pyc
byte-compiling build/bdist.linux-x86_64/egg/botocore/model.py to model.pyc
byte-compiling build/bdist.linux-x86_64/egg/botocore/config.py to config.pyc
byte-compiling build/bdist.linux-x86_64/egg/botocore/paginate.py to paginate.pyc
byte-compiling build/bdist.linux-x86_64/egg/botocore/validate.py to validate.pyc
byte-compiling build/bdist.linux-x86_64/egg/botocore/serialize.py to serialize.pyc
byte-compiling build/bdist.linux-x86_64/egg/botocore/parsers.py to parsers.pyc
byte-compiling build/bdist.linux-x86_64/egg/botocore/endpoint.py to endpoint.pyc
byte-compiling build/bdist.linux-x86_64/egg/botocore/session.py to session.pyc
byte-compiling build/bdist.linux-x86_64/egg/botocore/loaders.py to loaders.pyc
byte-compiling build/bdist.linux-x86_64/egg/botocore/client.py to client.pyc
byte-compiling build/bdist.linux-x86_64/egg/botocore/hooks.py to hooks.pyc
byte-compiling build/bdist.linux-x86_64/egg/botocore/vendored/six.py to six.pyc
byte-compiling build/bdist.linux-x86_64/egg/botocore/vendored/requests/cookies.py to cookies.pyc
byte-compiling build/bdist.linux-x86_64/egg/botocore/vendored/requests/utils.py to utils.pyc
byte-compiling build/bdist.linux-x86_64/egg/botocore/vendored/requests/compat.py to compat.pyc
byte-compiling build/bdist.linux-x86_64/egg/botocore/vendored/requests/api.py to api.pyc
byte-compiling build/bdist.linux-x86_64/egg/botocore/vendored/requests/structures.py to structures.pyc
byte-compiling build/bdist.linux-x86_64/egg/botocore/vendored/requests/status_codes.py to status_codes.pyc
byte-compiling build/bdist.linux-x86_64/egg/botocore/vendored/requests/adapters.py to adapters.pyc
byte-compiling build/bdist.linux-x86_64/egg/botocore/vendored/requests/sessions.py to sessions.pyc
byte-compiling build/bdist.linux-x86_64/egg/botocore/vendored/requests/certs.py to certs.pyc
byte-compiling build/bdist.linux-x86_64/egg/botocore/vendored/requests/hooks.py to hooks.pyc
byte-compiling build/bdist.linux-x86_64/egg/botocore/vendored/requests/__init__.py to __init__.pyc
byte-compiling build/bdist.linux-x86_64/egg/botocore/vendored/requests/models.py to models.pyc
byte-compiling build/bdist.linux-x86_64/egg/botocore/vendored/requests/auth.py to auth.pyc
byte-compiling build/bdist.linux-x86_64/egg/botocore/vendored/requests/packages/chardet/langhungarianmodel.py to langhungarianmodel.pyc
byte-compiling build/bdist.linux-x86_64/egg/botocore/vendored/requests/packages/chardet/compat.py to compat.pyc
byte-compiling build/bdist.linux-x86_64/egg/botocore/vendored/requests/packages/chardet/sjisprober.py to sjisprober.pyc
byte-compiling build/bdist.linux-x86_64/egg/botocore/vendored/requests/packages/chardet/euckrfreq.py to euckrfreq.pyc
byte-compiling build/bdist.linux-x86_64/egg/botocore/vendored/requests/packages/chardet/universaldetector.py to universaldetector.pyc
byte-compiling build/bdist.linux-x86_64/egg/botocore/vendored/requests/packages/chardet/charsetprober.py to charsetprober.pyc
byte-compiling build/bdist.linux-x86_64/egg/botocore/vendored/requests/packages/chardet/sbcsgroupprober.py to sbcsgroupprober.pyc
byte-compiling build/bdist.linux-x86_64/egg/botocore/vendored/requests/packages/chardet/langhebrewmodel.py to langhebrewmodel.pyc
byte-compiling build/bdist.linux-x86_64/egg/botocore/vendored/requests/packages/chardet/charsetgroupprober.py to charsetgroupprober.pyc
byte-compiling build/bdist.linux-x86_64/egg/botocore/vendored/requests/packages/chardet/jpcntx.py to jpcntx.pyc
byte-compiling build/bdist.linux-x86_64/egg/botocore/vendored/requests/packages/chardet/langbulgarianmodel.py to langbulgarianmodel.pyc
byte-compiling build/bdist.linux-x86_64/egg/botocore/vendored/requests/packages/chardet/langcyrillicmodel.py to langcyrillicmodel.pyc
byte-compiling build/bdist.linux-x86_64/egg/botocore/vendored/requests/packages/chardet/chardistribution.py to chardistribution.pyc
byte-compiling build/bdist.linux-x86_64/egg/botocore/vendored/requests/packages/chardet/langgreekmodel.py to langgreekmodel.pyc
byte-compiling build/bdist.linux-x86_64/egg/botocore/vendored/requests/packages/chardet/gb2312prober.py to gb2312prober.pyc
byte-compiling build/bdist.linux-x86_64/egg/botocore/vendored/requests/packages/chardet/chardetect.py to chardetect.pyc
byte-compiling build/bdist.linux-x86_64/egg/botocore/vendored/requests/packages/chardet/latin1prober.py to latin1prober.pyc
byte-compiling build/bdist.linux-x86_64/egg/botocore/vendored/requests/packages/chardet/mbcssm.py to mbcssm.pyc
byte-compiling build/bdist.linux-x86_64/egg/botocore/vendored/requests/packages/chardet/constants.py to constants.pyc
byte-compiling build/bdist.linux-x86_64/egg/botocore/vendored/requests/packages/chardet/hebrewprober.py to hebrewprober.pyc
byte-compiling build/bdist.linux-x86_64/egg/botocore/vendored/requests/packages/chardet/cp949prober.py to cp949prober.pyc
byte-compiling build/bdist.linux-x86_64/egg/botocore/vendored/requests/packages/chardet/__init__.py to __init__.pyc
byte-compiling build/bdist.linux-x86_64/egg/botocore/vendored/requests/packages/chardet/escprober.py to escprober.pyc
byte-compiling build/bdist.linux-x86_64/egg/botocore/vendored/requests/packages/chardet/langthaimodel.py to langthaimodel.pyc
byte-compiling build/bdist.linux-x86_64/egg/botocore/vendored/requests/packages/chardet/big5freq.py to big5freq.pyc
byte-compiling build/bdist.linux-x86_64/egg/botocore/vendored/requests/packages/chardet/jisfreq.py to jisfreq.pyc
byte-compiling build/bdist.linux-x86_64/egg/botocore/vendored/requests/packages/chardet/euctwfreq.py to euctwfreq.pyc
byte-compiling build/bdist.linux-x86_64/egg/botocore/vendored/requests/packages/chardet/codingstatemachine.py to codingstatemachine.pyc
byte-compiling build/bdist.linux-x86_64/egg/botocore/vendored/requests/packages/chardet/utf8prober.py to utf8prober.pyc
byte-compiling build/bdist.linux-x86_64/egg/botocore/vendored/requests/packages/chardet/big5prober.py to big5prober.pyc
byte-compiling build/bdist.linux-x86_64/egg/botocore/vendored/requests/packages/chardet/euckrprober.py to euckrprober.pyc
byte-compiling build/bdist.linux-x86_64/egg/botocore/vendored/requests/packages/chardet/escsm.py to escsm.pyc
byte-compiling build/bdist.linux-x86_64/egg/botocore/vendored/requests/packages/chardet/sbcharsetprober.py to sbcharsetprober.pyc
byte-compiling build/bdist.linux-x86_64/egg/botocore/vendored/requests/packages/chardet/gb2312freq.py to gb2312freq.pyc
byte-compiling build/bdist.linux-x86_64/egg/botocore/vendored/requests/packages/chardet/mbcharsetprober.py to mbcharsetprober.pyc
byte-compiling build/bdist.linux-x86_64/egg/botocore/vendored/requests/packages/chardet/euctwprober.py to euctwprober.pyc
byte-compiling build/bdist.linux-x86_64/egg/botocore/vendored/requests/packages/chardet/eucjpprober.py to eucjpprober.pyc
byte-compiling build/bdist.linux-x86_64/egg/botocore/vendored/requests/packages/chardet/mbcsgroupprober.py to mbcsgroupprober.pyc
byte-compiling build/bdist.linux-x86_64/egg/botocore/vendored/requests/packages/__init__.py to __init__.pyc
byte-compiling build/bdist.linux-x86_64/egg/botocore/vendored/requests/packages/urllib3/response.py to response.pyc
byte-compiling build/bdist.linux-x86_64/egg/botocore/vendored/requests/packages/urllib3/connectionpool.py to connectionpool.pyc
byte-compiling build/bdist.linux-x86_64/egg/botocore/vendored/requests/packages/urllib3/util/response.py to response.pyc
byte-compiling build/bdist.linux-x86_64/egg/botocore/vendored/requests/packages/urllib3/util/ssl_.py to ssl_.pyc
byte-compiling build/bdist.linux-x86_64/egg/botocore/vendored/requests/packages/urllib3/util/connection.py to connection.pyc
byte-compiling build/bdist.linux-x86_64/egg/botocore/vendored/requests/packages/urllib3/util/timeout.py to timeout.pyc
byte-compiling build/bdist.linux-x86_64/egg/botocore/vendored/requests/packages/urllib3/util/url.py to url.pyc
byte-compiling build/bdist.linux-x86_64/egg/botocore/vendored/requests/packages/urllib3/util/__init__.py to __init__.pyc
byte-compiling build/bdist.linux-x86_64/egg/botocore/vendored/requests/packages/urllib3/util/request.py to request.pyc
byte-compiling build/bdist.linux-x86_64/egg/botocore/vendored/requests/packages/urllib3/util/retry.py to retry.pyc
byte-compiling build/bdist.linux-x86_64/egg/botocore/vendored/requests/packages/urllib3/fields.py to fields.pyc
byte-compiling build/bdist.linux-x86_64/egg/botocore/vendored/requests/packages/urllib3/poolmanager.py to poolmanager.pyc
byte-compiling build/bdist.linux-x86_64/egg/botocore/vendored/requests/packages/urllib3/contrib/pyopenssl.py to pyopenssl.pyc
byte-compiling build/bdist.linux-x86_64/egg/botocore/vendored/requests/packages/urllib3/contrib/ntlmpool.py to ntlmpool.pyc
byte-compiling build/bdist.linux-x86_64/egg/botocore/vendored/requests/packages/urllib3/contrib/__init__.py to __init__.pyc
byte-compiling build/bdist.linux-x86_64/egg/botocore/vendored/requests/packages/urllib3/connection.py to connection.pyc
byte-compiling build/bdist.linux-x86_64/egg/botocore/vendored/requests/packages/urllib3/__init__.py to __init__.pyc
byte-compiling build/bdist.linux-x86_64/egg/botocore/vendored/requests/packages/urllib3/_collections.py to _collections.pyc
byte-compiling build/bdist.linux-x86_64/egg/botocore/vendored/requests/packages/urllib3/request.py to request.pyc
byte-compiling build/bdist.linux-x86_64/egg/botocore/vendored/requests/packages/urllib3/packages/six.py to six.pyc
byte-compiling build/bdist.linux-x86_64/egg/botocore/vendored/requests/packages/urllib3/packages/ssl_match_hostname/_implementation.py to _implementation.pyc
byte-compiling build/bdist.linux-x86_64/egg/botocore/vendored/requests/packages/urllib3/packages/ssl_match_hostname/__init__.py to __init__.pyc
byte-compiling build/bdist.linux-x86_64/egg/botocore/vendored/requests/packages/urllib3/packages/ordered_dict.py to ordered_dict.pyc
byte-compiling build/bdist.linux-x86_64/egg/botocore/vendored/requests/packages/urllib3/packages/__init__.py to __init__.pyc
byte-compiling build/bdist.linux-x86_64/egg/botocore/vendored/requests/packages/urllib3/exceptions.py to exceptions.pyc
byte-compiling build/bdist.linux-x86_64/egg/botocore/vendored/requests/packages/urllib3/filepost.py to filepost.pyc
byte-compiling build/bdist.linux-x86_64/egg/botocore/vendored/requests/exceptions.py to exceptions.pyc
byte-compiling build/bdist.linux-x86_64/egg/botocore/vendored/__init__.py to __init__.pyc
byte-compiling build/bdist.linux-x86_64/egg/botocore/credentials.py to credentials.pyc
byte-compiling build/bdist.linux-x86_64/egg/botocore/__init__.py to __init__.pyc
byte-compiling build/bdist.linux-x86_64/egg/botocore/retryhandler.py to retryhandler.pyc
byte-compiling build/bdist.linux-x86_64/egg/botocore/auth.py to auth.pyc
byte-compiling build/bdist.linux-x86_64/egg/botocore/signers.py to signers.pyc
byte-compiling build/bdist.linux-x86_64/egg/botocore/exceptions.py to exceptions.pyc
byte-compiling build/bdist.linux-x86_64/egg/botocore/handlers.py to handlers.pyc
creating build/bdist.linux-x86_64/egg/EGG-INFO
copying botocore.egg-info/PKG-INFO -> build/bdist.linux-x86_64/egg/EGG-INFO
copying botocore.egg-info/SOURCES.txt -> build/bdist.linux-x86_64/egg/EGG-INFO
copying botocore.egg-info/dependency_links.txt -> build/bdist.linux-x86_64/egg/EGG-INFO
copying botocore.egg-info/requires.txt -> build/bdist.linux-x86_64/egg/EGG-INFO
copying botocore.egg-info/top_level.txt -> build/bdist.linux-x86_64/egg/EGG-INFO
zip_safe flag not set; analyzing archive contents...
botocore.__init__: module references __file__
botocore.vendored.six: module references __path__
botocore.vendored.requests.certs: module references __file__
creating dist
creating 'dist/botocore-1.0.0b1-py2.7.egg' and adding 'build/bdist.linux-x86_64/egg' to it
removing 'build/bdist.linux-x86_64/egg' (and everything under it)
Processing botocore-1.0.0b1-py2.7.egg
creating /home/ubuntu/miniconda/envs/_build/lib/python2.7/site-packages/botocore-1.0.0b1-py2.7.egg
Extracting botocore-1.0.0b1-py2.7.egg to /home/ubuntu/miniconda/envs/_build/lib/python2.7/site-packages
Adding botocore 1.0.0b1 to easy-install.pth file

Installed /home/ubuntu/miniconda/envs/_build/lib/python2.7/site-packages/botocore-1.0.0b1-py2.7.egg
Processing dependencies for botocore==1.0.0b1
Searching for python-dateutil==2.4.2
Best match: python-dateutil 2.4.2
Processing python_dateutil-2.4.2-py2.7.egg
Adding python-dateutil 2.4.2 to easy-install.pth file

Using /home/ubuntu/miniconda/envs/_build/lib/python2.7/site-packages/python_dateutil-2.4.2-py2.7.egg
Searching for bcdoc==0.15.0
Best match: bcdoc 0.15.0
Processing bcdoc-0.15.0-py2.7.egg
Adding bcdoc 0.15.0 to easy-install.pth file

Using /home/ubuntu/miniconda/envs/_build/lib/python2.7/site-packages/bcdoc-0.15.0-py2.7.egg
Searching for jmespath==0.7.1
Best match: jmespath 0.7.1
Processing jmespath-0.7.1-py2.7.egg
Adding jmespath 0.7.1 to easy-install.pth file
Installing jp.py script to /home/ubuntu/miniconda/envs/_build/bin

Using /home/ubuntu/miniconda/envs/_build/lib/python2.7/site-packages/jmespath-0.7.1-py2.7.egg
Searching for six==1.9.0
Best match: six 1.9.0
Adding six 1.9.0 to easy-install.pth file

Using /home/ubuntu/miniconda/envs/_build/lib/python2.7/site-packages
Searching for docutils==0.12
Best match: docutils 0.12
Adding docutils 0.12 to easy-install.pth file

Using /home/ubuntu/miniconda/envs/_build/lib/python2.7/site-packages
Finished processing dependencies for botocore==1.0.0b1

The following packages will be downloaded:

    package                    |            build
    ---------------------------|-----------------
    ordereddict-1.1            |           py27_0           5 KB

The following NEW packages will be INSTALLED:

    bcdoc:           0.15.0-py27_0
    docutils:        0.12-py27_0  
    jmespath:        0.7.1-py27_0 
    openssl:         1.0.1k-1     
    ordereddict:     1.1-py27_0   
    pip:             7.0.3-py27_0 
    python:          2.7.10-0     
    python-dateutil: 2.4.2-py27_0 
    readline:        6.2-2        
    setuptools:      17.0-py27_0  
    six:             1.9.0-py27_0 
    sqlite:          3.8.4.1-1    
    system:          5.8-2        
    tk:              8.5.18-0     
    zlib:            1.2.8-0      

Fetching packages ...
ordereddict-1.   0% |                              | ETA:  --:--:--   0.00  B/sordereddict-1. 100% |###############################| ETA:  0:00:00  10.86 MB/sordereddict-1. 100% |###############################| Time: 0:00:00   7.08 MB/s
Extracting packages ...
[                    ]|                                                  |   0%[ordereddict         ]|                                                  |   0%[      COMPLETE      ]|##################################################| 100%
Linking packages ...
[      COMPLETE      ]|                                                  |   0%[openssl             ]|                                                  |   0%[openssl             ]|                                                  |   0%[readline            ]|###                                               |   6%[sqlite              ]|######                                            |  13%[system              ]|##########                                        |  20%[tk                  ]|#############                                     |  26%[zlib                ]|################                                  |  33%[docutils            ]|####################                              |  40%[jmespath            ]|#######################                           |  46%[ordereddict         ]|##########################                        |  53%[python              ]|##############################                    |  60%[setuptools          ]|#################################                 |  66%[six                 ]|####################################              |  73%[bcdoc               ]|########################################          |  80%[pip                 ]|###########################################       |  86%[python-dateutil     ]|##############################################    |  93%[      COMPLETE      ]|##################################################| 100%
Removing old work directory
Source cache directory is: /home/ubuntu/miniconda/conda-bld/src_cache
Found source in cache: botocore-1.0.0b1.tar.gz
Extracting download
Package: botocore-1.0.0b1-py27_0
source tree in: /home/ubuntu/miniconda/conda-bld/work/botocore-1.0.0b1
found egg dir: /home/ubuntu/miniconda/envs/_build/lib/python2.7/site-packages/botocore-1.0.0b1-py2.7.egg
number of files: 347
Fixing permissions
Fixing permissions
BUILD END: botocore-1.0.0b1-py27_0
TEST START: botocore-1.0.0b1-py27_0
Fetching package metadata: ......
Solving package specifications: .
The following packages will be downloaded:

    package                    |            build
    ---------------------------|-----------------
    botocore-1.0.0b1           |           py27_0         1.4 MB

The following NEW packages will be INSTALLED:

    bcdoc:           0.15.0-py27_0 
    botocore:        1.0.0b1-py27_0
    docutils:        0.12-py27_0   
    jmespath:        0.7.1-py27_0  
    openssl:         1.0.1k-1      
    ordereddict:     1.1-py27_0    
    pip:             7.0.3-py27_0  
    python:          2.7.10-0      
    python-dateutil: 2.4.2-py27_0  
    readline:        6.2-2         
    setuptools:      17.0-py27_0   
    six:             1.9.0-py27_0  
    sqlite:          3.8.4.1-1     
    system:          5.8-2         
    tk:              8.5.18-0      
    zlib:            1.2.8-0       

Fetching packages ...
botocore-1.0.0   0% |                              | ETA:  --:--:--   0.00  B/sbotocore-1.0.0   1% |                               | Time: 0:00:00  62.53 MB/sbotocore-1.0.0   2% |                               | Time: 0:00:00  68.55 MB/sbotocore-1.0.0   3% |#                              | Time: 0:00:00  73.81 MB/sbotocore-1.0.0   4% |#                              | Time: 0:00:00  76.93 MB/sbotocore-1.0.0   5% |#                              | Time: 0:00:00  79.15 MB/sbotocore-1.0.0   6% |##                             | Time: 0:00:00  80.91 MB/sbotocore-1.0.0   8% |##                             | Time: 0:00:00  82.21 MB/sbotocore-1.0.0   9% |##                             | Time: 0:00:00  83.32 MB/sbotocore-1.0.0  10% |###                            | Time: 0:00:00  84.17 MB/sbotocore-1.0.0  11% |###                            | Time: 0:00:00  84.49 MB/sbotocore-1.0.0  12% |###                            | Time: 0:00:00  85.10 MB/sbotocore-1.0.0  13% |####                           | Time: 0:00:00  85.70 MB/sbotocore-1.0.0  14% |####                           | Time: 0:00:00  86.16 MB/sbotocore-1.0.0  16% |####                           | Time: 0:00:00  86.59 MB/sbotocore-1.0.0  17% |#####                          | Time: 0:00:00  86.35 MB/sbotocore-1.0.0  18% |#####                          | Time: 0:00:00  86.72 MB/sbotocore-1.0.0  19% |######                         | Time: 0:00:00  86.90 MB/sbotocore-1.0.0  20% |######                         | Time: 0:00:00  87.02 MB/sbotocore-1.0.0  21% |######                         | Time: 0:00:00  87.32 MB/sbotocore-1.0.0  22% |#######                        | Time: 0:00:00  87.59 MB/sbotocore-1.0.0  24% |#######                        | Time: 0:00:00  87.80 MB/sbotocore-1.0.0  25% |#######                        | Time: 0:00:00  88.00 MB/sbotocore-1.0.0  26% |########                       | Time: 0:00:00  88.21 MB/sbotocore-1.0.0  27% |########                       | Time: 0:00:00  88.26 MB/sbotocore-1.0.0  28% |########                       | Time: 0:00:00  88.28 MB/sbotocore-1.0.0  29% |#########                      | Time: 0:00:00  88.42 MB/sbotocore-1.0.0  30% |#########                      | Time: 0:00:00  88.58 MB/sbotocore-1.0.0  32% |#########                      | Time: 0:00:00  88.70 MB/sbotocore-1.0.0  33% |##########                     | Time: 0:00:00  88.83 MB/sbotocore-1.0.0  34% |##########                     | Time: 0:00:00  88.96 MB/sbotocore-1.0.0  35% |##########                     | Time: 0:00:00  89.04 MB/sbotocore-1.0.0  36% |###########                    | Time: 0:00:00  89.13 MB/sbotocore-1.0.0  37% |###########                    | Time: 0:00:00  89.13 MB/sbotocore-1.0.0  38% |############                   | Time: 0:00:00  89.22 MB/sbotocore-1.0.0  40% |############                   | Time: 0:00:00  89.31 MB/sbotocore-1.0.0  41% |############                   | Time: 0:00:00  89.41 MB/sbotocore-1.0.0  42% |#############                  | Time: 0:00:00  89.29 MB/sbotocore-1.0.0  43% |#############                  | Time: 0:00:00  89.35 MB/sbotocore-1.0.0  44% |#############                  | Time: 0:00:00  89.39 MB/sbotocore-1.0.0  45% |##############                 | Time: 0:00:00  89.42 MB/sbotocore-1.0.0  46% |##############                 | Time: 0:00:00  89.32 MB/sbotocore-1.0.0  48% |##############                 | Time: 0:00:00  89.39 MB/sbotocore-1.0.0  49% |###############                | Time: 0:00:00  89.47 MB/sbotocore-1.0.0  50% |###############                | Time: 0:00:00  89.55 MB/sbotocore-1.0.0  51% |###############                | Time: 0:00:00  89.63 MB/sbotocore-1.0.0  52% |################               | Time: 0:00:00  36.62 MB/sbotocore-1.0.0  53% |################               | Time: 0:00:00  37.09 MB/sbotocore-1.0.0  54% |#################              | Time: 0:00:00  37.56 MB/sbotocore-1.0.0  56% |#################              | Time: 0:00:00  38.02 MB/sbotocore-1.0.0  57% |#################              | Time: 0:00:00  38.46 MB/sbotocore-1.0.0  58% |##################             | Time: 0:00:00  38.90 MB/sbotocore-1.0.0  59% |##################             | Time: 0:00:00  39.34 MB/sbotocore-1.0.0  60% |##################             | Time: 0:00:00  39.77 MB/sbotocore-1.0.0  61% |###################            | Time: 0:00:00  40.19 MB/sbotocore-1.0.0  62% |###################            | Time: 0:00:00  40.61 MB/sbotocore-1.0.0  64% |###################            | Time: 0:00:00  41.03 MB/sbotocore-1.0.0  65% |####################           | Time: 0:00:00  41.43 MB/sbotocore-1.0.0  66% |####################           | Time: 0:00:00  41.79 MB/sbotocore-1.0.0  67% |####################           | Time: 0:00:00  42.18 MB/sbotocore-1.0.0  68% |#####################          | Time: 0:00:00  42.57 MB/sbotocore-1.0.0  69% |#####################          | Time: 0:00:00  42.95 MB/sbotocore-1.0.0  70% |#####################          | Time: 0:00:00  43.32 MB/sbotocore-1.0.0  72% |######################         | Time: 0:00:00  43.69 MB/sbotocore-1.0.0  73% |######################         | Time: 0:00:00  44.05 MB/sbotocore-1.0.0  74% |#######################        | Time: 0:00:00  44.40 MB/sbotocore-1.0.0  75% |#######################        | Time: 0:00:00  44.75 MB/sbotocore-1.0.0  76% |#######################        | Time: 0:00:00  45.10 MB/sbotocore-1.0.0  77% |########################       | Time: 0:00:00  45.44 MB/sbotocore-1.0.0  78% |########################       | Time: 0:00:00  45.77 MB/sbotocore-1.0.0  80% |########################       | Time: 0:00:00  46.10 MB/sbotocore-1.0.0  81% |#########################      | Time: 0:00:00  46.43 MB/sbotocore-1.0.0  82% |#########################      | Time: 0:00:00  46.76 MB/sbotocore-1.0.0  83% |#########################      | Time: 0:00:00  47.06 MB/sbotocore-1.0.0  84% |##########################     | Time: 0:00:00  47.38 MB/sbotocore-1.0.0  85% |##########################     | Time: 0:00:00  47.69 MB/sbotocore-1.0.0  86% |##########################     | Time: 0:00:00  48.00 MB/sbotocore-1.0.0  88% |###########################    | Time: 0:00:00  48.30 MB/sbotocore-1.0.0  89% |###########################    | Time: 0:00:00  48.60 MB/sbotocore-1.0.0  90% |############################   | Time: 0:00:00  48.89 MB/sbotocore-1.0.0  91% |############################   | Time: 0:00:00  49.18 MB/sbotocore-1.0.0  92% |############################   | Time: 0:00:00  49.43 MB/sbotocore-1.0.0  93% |#############################  | Time: 0:00:00  49.71 MB/sbotocore-1.0.0  94% |#############################  | Time: 0:00:00  49.99 MB/sbotocore-1.0.0  96% |#############################  | Time: 0:00:00  50.26 MB/sbotocore-1.0.0  97% |############################## | Time: 0:00:00  50.35 MB/sbotocore-1.0.0  98% |############################## | Time: 0:00:00  50.62 MB/sbotocore-1.0.0  99% |############################## | Time: 0:00:00  50.88 MB/sbotocore-1.0.0 100% |###############################| Time: 0:00:00  50.84 MB/sbotocore-1.0.0 100% |###############################| Time: 0:00:00  50.61 MB/sbotocore-1.0.0 100% |###############################| Time: 0:00:00  50.30 MB/s
Extracting packages ...
[      COMPLETE      ]|       ===== testing package: botocore-1.0.0b1-py27_0 =====
import: u'botocore'
import: u'botocore.docs'
import: u'botocore.vendored'
import: u'botocore.vendored.requests'
import: u'botocore.vendored.requests.packages'
import: u'botocore.vendored.requests.packages.chardet'
import: u'botocore.vendored.requests.packages.urllib3'
import: u'botocore.vendored.requests.packages.urllib3.contrib'
import: u'botocore.vendored.requests.packages.urllib3.packages'
import: u'botocore.vendored.requests.packages.urllib3.packages.ssl_match_hostname'
import: u'botocore.vendored.requests.packages.urllib3.util'
===== botocore-1.0.0b1-py27_0 OK =====
                                           |   0%[botocore            ]|                                                  |   0%[botocore            ]|                                                  |   0%[      COMPLETE      ]|##################################################| 100%
Linking packages ...
[      COMPLETE      ]|                                                  |   0%[openssl             ]|                                                  |   0%[openssl             ]|                                                  |   0%[readline            ]|###                                               |   6%[sqlite              ]|######                                            |  12%[system              ]|#########                                         |  18%[tk                  ]|############                                      |  25%[zlib                ]|###############                                   |  31%[docutils            ]|##################                                |  37%[jmespath            ]|#####################                             |  43%[ordereddict         ]|#########################                         |  50%[python              ]|############################                      |  56%[setuptools          ]|###############################                   |  62%[six                 ]|##################################                |  68%[bcdoc               ]|#####################################             |  75%[pip                 ]|########################################          |  81%[python-dateutil     ]|###########################################       |  87%[botocore            ]|##############################################    |  93%[      COMPLETE      ]|##################################################| 100%
TEST END: botocore-1.0.0b1-py27_0
# If you want to upload this package to binstar.org later, type:
#
# $ binstar upload /home/ubuntu/miniconda/conda-bld/linux-64/botocore-1.0.0b1-py27_0.tar.bz2
#
# To have conda build upload to binstar automatically, use
# $ conda config --set binstar_upload yes

