Warning, the following versions were found for bottle
0.12.8
0.12.7
0.12.6
0.12.5
0.12.4
0.12.3
0.12.2
0.12.1
0.11.7
0.11.6
0.11.5
0.11.4
0.11.3
0.11.2
0.11.1
0.10.12
0.10.11
0.10.10
0.10.9
0.10.8
0.10.7
0.10.6
0.10.5
0.10.4
0.10.3
0.10.2
0.10.1
0.9.8
0.9.7
0.9.6
0.9.5
0.9.4
0.9.3
0.9.2
0.9.1
0.8.5
0.8.4
0.8.3
0.8.2
0.8.1
0.6.6
0.6.5
0.6.4
0.6.3
0.6.2
0.6.1
0.6.0
0.5.8
0.5.7
0.5.6
0.5.4
0.5.3
0.4.14
0.4.13
0.4.12
0.4.11
0.4.10
0.4.9
0.4.8
0.4.7
0.4.6
0.4.4
0.4.3
Using 0.12.8
Use --version to specify a different version.
Using url https://pypi.python.org/packages/source/b/bottle/bottle-0.12.8.tar.gz (68 KB) for bottle.
Downloading bottle (use --no-download to skip this step)
Using cached download
Unpacking bottle...
done
working in /tmp/tmpkpNSrCconda_skeleton_bottle-0.12.8.tar.gz
Fetching package metadata: ......
Solving package specifications: .patching file core.py
Hunk #1 succeeded at 168 with fuzz 2 (offset 2 lines).

The following NEW packages will be INSTALLED:

    numpy:      1.9.2-py27_0
    openssl:    1.0.1k-1    
    pip:        6.1.1-py27_0
    python:     2.7.9-3     
    pyyaml:     3.11-py27_0 
    readline:   6.2-2       
    setuptools: 16.0-py27_0 
    sqlite:     3.8.4.1-1   
    system:     5.8-2       
    tk:         8.5.18-0    
    yaml:       0.1.4-0     
    zlib:       1.2.8-0     

Linking packages ...
[                    ]|                                                  |   0%[openssl             ]|                                                  |   0%[readline            ]|####                                              |   8%[sqlite              ]|########                                          |  16%[system              ]|############                                      |  25%[tk                  ]|################                                  |  33%[yaml                ]|####################                              |  41%[zlib                ]|#########################                         |  50%[numpy               ]|#############################                     |  58%[python              ]|#################################                 |  66%[pyyaml              ]|#####################################             |  75%[setuptools          ]|#########################################         |  83%[pip                 ]|#############################################     |  91%[      COMPLETE      ]|##################################################| 100%
Applying patch: '/tmp/tmpkpNSrCconda_skeleton_bottle-0.12.8.tar.gz/pypi-distutils.patch'
Writing recipe for bottle
Done
