Warning, the following versions were found for bpython
0.14.2
0.14.1
0.14
0.13.2
0.13.1
0.13
0.12
0.11
0.10.1
0.10
0.9.7.1
0.9.7
0.9.6.2
0.9.6
0.9.5.2
0.9.5.1
0.9.4
0.9.3
0.9.2
0.9.1
0.9.0
0.7.1
0.9.6.1gg
Using 0.14.2
Use --version to specify a different version.
Using url https://pypi.python.org/packages/source/b/bpython/bpython-0.14.2.tar.gz (180 KB) for bpython.
Downloading bpython (use --no-download to skip this step)
Unpacking bpython...
done
working in /tmp/tmpC_ExLJconda_skeleton_bpython-0.14.2.tar.gz
Fetching package metadata: ......
Solving package specifications: .patching file core.py
Hunk #1 succeeded at 168 with fuzz 2 (offset 2 lines).

Applying patch: '/tmp/tmpC_ExLJconda_skeleton_bpython-0.14.2.tar.gz/pypi-distutils.patch'
Warning, the following versions were found for urwid
1.3.0
1.2.2
1.2.1
1.2.0
1.1.2
1.1.1
1.1.0
1.0.2
1.0.1
1.0.0
0.9.9.2
0.9.9.1
0.9.9
0.9.8.4
0.9.8.3
0.9.8.2
0.9.8
0.9.7.2
0.9.7
0.9.6
0.9.5
0.9.4
0.9.3
0.9.2
0.9.1
0.9.0
0.9.0-pre3
0.9.0-pre2
0.8.10
0.8.9
0.8.8
0.8.7
0.8.6
0.8.5
0.8.4
0.8.3
0.8.2
0.8.1
0.8.0
Using 1.3.0
Use --version to specify a different version.
Using url https://pypi.python.org/packages/source/u/urwid/urwid-1.3.0.tar.gz (567 KB) for urwid.
Downloading urwid (use --no-download to skip this step)
Using cached download
Unpacking urwid...
done
working in /tmp/tmpHlzj1Yconda_skeleton_urwid-1.3.0.tar.gz
Solving package specifications: .patching file core.py
Hunk #1 succeeded at 168 with fuzz 2 (offset 2 lines).

Applying patch: '/tmp/tmpHlzj1Yconda_skeleton_urwid-1.3.0.tar.gz/pypi-distutils.patch'
Warning, the following versions were found for jedi
0.9.0
0.8.1
0.7.0
0.6.0
0.5b5
0.5b4
0.5b3
0.8.1-final0
0.8.0-final0
Using 0.9.0
Use --version to specify a different version.
Using url https://pypi.python.org/packages/source/j/jedi/jedi-0.9.0.tar.gz (326 KB) for jedi.
Downloading jedi (use --no-download to skip this step)
Using cached download
Unpacking jedi...
done
working in /tmp/tmpVYEo00conda_skeleton_jedi-0.9.0.tar.gz
Solving package specifications: .patching file core.py
Hunk #1 succeeded at 168 with fuzz 2 (offset 2 lines).

Applying patch: '/tmp/tmpVYEo00conda_skeleton_jedi-0.9.0.tar.gz/pypi-distutils.patch'
Warning, the following versions were found for curtsies
0.2.3
0.2.2
0.2.1
0.2.0
0.1.19
0.1.18
0.1.17
0.1.16
0.1.15
0.1.14
0.1.13
0.1.12
0.1.11
0.1.10
0.1.9
0.1.8
0.1.7
0.1.6
0.1.5
0.1.4
0.1.3
0.1.2
0.1.1
0.1.0
0.0.36
0.0.34
0.0.33
0.0.32
0.0.31
0.0.30
0.0.29
0.0.28
0.0.27
0.0.26
0.0.25
Using 0.2.3
Use --version to specify a different version.
Using url https://pypi.python.org/packages/source/c/curtsies/curtsies-0.2.3.tar.gz (42 KB) for curtsies.
Downloading curtsies (use --no-download to skip this step)
curtsies-0.2.3   0% |                              | ETA:  --:--:--   0.00  B/scurtsies-0.2.3  38% |###########                    | ETA:  0:00:00  27.49 MB/scurtsies-0.2.3  76% |#######################        | ETA:  0:00:00  38.78 MB/scurtsies-0.2.3 100% |###############################| ETA:  0:00:00  40.31 MB/scurtsies-0.2.3 100% |###############################| Time: 0:00:00  32.33 MB/s
Unpacking curtsies...
done
working in /tmp/tmpS47nX7conda_skeleton_curtsies-0.2.3.tar.gz
Solving package specifications: .patching file core.py
Hunk #1 succeeded at 168 with fuzz 2 (offset 2 lines).

Applying patch: '/tmp/tmpS47nX7conda_skeleton_curtsies-0.2.3.tar.gz/pypi-distutils.patch'
Warning, the following versions were found for wcwidth
0.1.4
0.1.3
0.1.2
0.1.1
0.1.0
0.0.1
Using 0.1.4
Use --version to specify a different version.
Using url https://pypi.python.org/packages/source/w/wcwidth/wcwidth-0.1.4.tar.gz (19 KB) for wcwidth.
Downloading wcwidth (use --no-download to skip this step)
Using cached download
Unpacking wcwidth...
done
working in /tmp/tmptaNjfUconda_skeleton_wcwidth-0.1.4.tar.gz
Solving package specifications: .patching file core.py
Hunk #1 succeeded at 168 with fuzz 2 (offset 2 lines).

Applying patch: '/tmp/tmptaNjfUconda_skeleton_wcwidth-0.1.4.tar.gz/pypi-distutils.patch'
Writing recipe for curtsies
Writing recipe for urwid
Writing recipe for wcwidth
Writing recipe for jedi
Writing recipe for bpython
Done
