Warning, the following versions were found for braintree
3.16.0
3.15.0
3.14.0
3.13.0
3.12.0
3.11.1
3.11.0
3.10.0
3.9.0
3.8.0
3.7.0
3.6.0
3.5.0
3.4.1
3.4.0
3.3.0
3.2.0
3.1.1
3.1.0
3.0.0
2.29.1
2.29.0
2.28.0
2.27.0
2.26.0
2.25.1
2.25.0
2.24.1
2.24.0
2.23.1
2.23.0
2.22.0
2.21.0
2.20.0
2.19.0
2.18.0
2.17.0
2.16.0
2.15.0
2.14.2
2.14.1
2.14.0
2.13.0
2.12.3
2.12.2
2.12.1
2.12.0
2.11.0
2.10.1
2.10.0
2.9.1
2.9.0
2.8.0
2.7.0
2.6.1
2.6.0
2.5.0
2.4.1
2.4.0
2.3.0
2.2.1
2.1.0
2.0.0
1.2.0
1.1.0
1.0.0
Using 3.16.0
Use --version to specify a different version.
Using url https://pypi.python.org/packages/source/b/braintree/braintree-3.16.0.tar.gz (53 KB) for braintree.
Downloading braintree (use --no-download to skip this step)
Unpacking braintree...
done
working in /tmp/tmpc0I2W8conda_skeleton_braintree-3.16.0.tar.gz
Fetching package metadata: ......
Solving package specifications: .patching file core.py
Hunk #1 succeeded at 168 with fuzz 2 (offset 2 lines).

Applying patch: '/tmp/tmpc0I2W8conda_skeleton_braintree-3.16.0.tar.gz/pypi-distutils.patch'
Writing recipe for braintree
Done
