Removing old build directory
Removing old work directory
BUILD START: braintree-3.16.0-py27_0
Fetching package metadata: ......
Solving package specifications: .+ /home/ubuntu/miniconda/envs/_build/bin/python setup.py install
/home/ubuntu/miniconda/envs/_build/lib/python2.7/distutils/dist.py:267: UserWarning: Unknown distribution option: 'zip_safe'
  warnings.warn(msg)
/home/ubuntu/miniconda/envs/_build/lib/python2.7/distutils/dist.py:267: UserWarning: Unknown distribution option: 'install_requires'
  warnings.warn(msg)
running install
running build
running build_py
creating build
creating build/lib
creating build/lib/braintree
copying braintree/address_gateway.py -> build/lib/braintree
copying braintree/transparent_redirect.py -> build/lib/braintree
copying braintree/three_d_secure_info.py -> build/lib/braintree
copying braintree/webhook_notification.py -> build/lib/braintree
copying braintree/add_on_gateway.py -> build/lib/braintree
copying braintree/subscription_status_event.py -> build/lib/braintree
copying braintree/disbursement_detail.py -> build/lib/braintree
copying braintree/payment_method_gateway.py -> build/lib/braintree
copying braintree/payment_method_nonce.py -> build/lib/braintree
copying braintree/europe_bank_account.py -> build/lib/braintree
copying braintree/errors.py -> build/lib/braintree
copying braintree/client_token_gateway.py -> build/lib/braintree
copying braintree/unknown_payment_method.py -> build/lib/braintree
copying braintree/status_event.py -> build/lib/braintree
copying braintree/payment_method.py -> build/lib/braintree
copying braintree/credit_card_verification.py -> build/lib/braintree
copying braintree/webhook_testing.py -> build/lib/braintree
copying braintree/resource.py -> build/lib/braintree
copying braintree/customer_gateway.py -> build/lib/braintree
copying braintree/validation_error_collection.py -> build/lib/braintree
copying braintree/android_pay_card.py -> build/lib/braintree
copying braintree/error_result.py -> build/lib/braintree
copying braintree/testing_gateway.py -> build/lib/braintree
copying braintree/search.py -> build/lib/braintree
copying braintree/discount.py -> build/lib/braintree
copying braintree/customer_search.py -> build/lib/braintree
copying braintree/subscription.py -> build/lib/braintree
copying braintree/ids_search.py -> build/lib/braintree
copying braintree/version.py -> build/lib/braintree
copying braintree/plan.py -> build/lib/braintree
copying braintree/credit_card_verification_gateway.py -> build/lib/braintree
copying braintree/transaction_gateway.py -> build/lib/braintree
copying braintree/transaction_search.py -> build/lib/braintree
copying braintree/resource_collection.py -> build/lib/braintree
copying braintree/configuration.py -> build/lib/braintree
copying braintree/webhook_testing_gateway.py -> build/lib/braintree
copying braintree/subscription_details.py -> build/lib/braintree
copying braintree/environment.py -> build/lib/braintree
copying braintree/transparent_redirect_gateway.py -> build/lib/braintree
copying braintree/credit_card_verification_search.py -> build/lib/braintree
copying braintree/subscription_search.py -> build/lib/braintree
copying braintree/address.py -> build/lib/braintree
copying braintree/payment_method_nonce_gateway.py -> build/lib/braintree
copying braintree/payment_instrument_type.py -> build/lib/braintree
copying braintree/credit_card_gateway.py -> build/lib/braintree
copying braintree/transaction_amounts.py -> build/lib/braintree
copying braintree/validation_error.py -> build/lib/braintree
copying braintree/customer.py -> build/lib/braintree
copying braintree/paypal_account.py -> build/lib/braintree
copying braintree/signature_service.py -> build/lib/braintree
copying braintree/successful_result.py -> build/lib/braintree
copying braintree/subscription_gateway.py -> build/lib/braintree
copying braintree/__init__.py -> build/lib/braintree
copying braintree/error_codes.py -> build/lib/braintree
copying braintree/risk_data.py -> build/lib/braintree
copying braintree/webhook_notification_gateway.py -> build/lib/braintree
copying braintree/credit_card.py -> build/lib/braintree
copying braintree/discount_gateway.py -> build/lib/braintree
copying braintree/add_on.py -> build/lib/braintree
copying braintree/settlement_batch_summary.py -> build/lib/braintree
copying braintree/partner_merchant.py -> build/lib/braintree
copying braintree/attribute_getter.py -> build/lib/braintree
copying braintree/braintree_gateway.py -> build/lib/braintree
copying braintree/apple_pay_card.py -> build/lib/braintree
copying braintree/merchant_account_gateway.py -> build/lib/braintree
copying braintree/client_token.py -> build/lib/braintree
copying braintree/descriptor.py -> build/lib/braintree
copying braintree/modification.py -> build/lib/braintree
copying braintree/disbursement.py -> build/lib/braintree
copying braintree/transaction_details.py -> build/lib/braintree
copying braintree/settlement_batch_summary_gateway.py -> build/lib/braintree
copying braintree/transaction.py -> build/lib/braintree
copying braintree/coinbase_account.py -> build/lib/braintree
copying braintree/plan_gateway.py -> build/lib/braintree
copying braintree/dispute.py -> build/lib/braintree
copying braintree/paypal_account_gateway.py -> build/lib/braintree
creating build/lib/braintree/exceptions
copying braintree/exceptions/upgrade_required_error.py -> build/lib/braintree/exceptions
copying braintree/exceptions/invalid_signature_error.py -> build/lib/braintree/exceptions
copying braintree/exceptions/authorization_error.py -> build/lib/braintree/exceptions
copying braintree/exceptions/forged_query_string_error.py -> build/lib/braintree/exceptions
copying braintree/exceptions/authentication_error.py -> build/lib/braintree/exceptions
copying braintree/exceptions/invalid_challenge_error.py -> build/lib/braintree/exceptions
copying braintree/exceptions/__init__.py -> build/lib/braintree/exceptions
copying braintree/exceptions/unexpected_error.py -> build/lib/braintree/exceptions
copying braintree/exceptions/server_error.py -> build/lib/braintree/exceptions
copying braintree/exceptions/test_operation_performed_in_production_error.py -> build/lib/braintree/exceptions
copying braintree/exceptions/down_for_maintenance_error.py -> build/lib/braintree/exceptions
copying braintree/exceptions/braintree_error.py -> build/lib/braintree/exceptions
copying braintree/exceptions/not_found_error.py -> build/lib/braintree/exceptions
creating build/lib/braintree/exceptions/http
copying braintree/exceptions/http/connection_error.py -> build/lib/braintree/exceptions/http
copying braintree/exceptions/http/timeout_error.py -> build/lib/braintree/exceptions/http
copying braintree/exceptions/http/invalid_response_error.py -> build/lib/braintree/exceptions/http
copying braintree/exceptions/http/__init__.py -> build/lib/braintree/exceptions/http
creating build/lib/braintree/merchant_account
copying braintree/merchant_account/business_details.py -> build/lib/braintree/merchant_account
copying braintree/merchant_account/individual_details.py -> build/lib/braintree/merchant_account
copying braintree/merchant_account/__init__.py -> build/lib/braintree/merchant_account
copying braintree/merchant_account/address_details.py -> build/lib/braintree/merchant_account
copying braintree/merchant_account/funding_details.py -> build/lib/braintree/merchant_account
copying braintree/merchant_account/merchant_account.py -> build/lib/braintree/merchant_account
creating build/lib/braintree/util
copying braintree/util/generator.py -> build/lib/braintree/util
copying braintree/util/parser.py -> build/lib/braintree/util
copying braintree/util/constants.py -> build/lib/braintree/util
copying braintree/util/xml_util.py -> build/lib/braintree/util
copying braintree/util/http.py -> build/lib/braintree/util
copying braintree/util/__init__.py -> build/lib/braintree/util
copying braintree/util/crypto.py -> build/lib/braintree/util
creating build/lib/braintree/test
copying braintree/test/nonces.py -> build/lib/braintree/test
copying braintree/test/venmo_sdk.py -> build/lib/braintree/test
copying braintree/test/credit_card_numbers.py -> build/lib/braintree/test
copying braintree/test/__init__.py -> build/lib/braintree/test
copying braintree/test/credit_card_defaults.py -> build/lib/braintree/test
copying braintree/test/merchant_account.py -> build/lib/braintree/test
creating build/lib/braintree/ssl
copying braintree/ssl/api_braintreegateway_com.ca.crt -> build/lib/braintree/ssl
running install_lib
creating /home/ubuntu/miniconda/envs/_build/lib/python2.7/site-packages/braintree
copying build/lib/braintree/address_gateway.py -> /home/ubuntu/miniconda/envs/_build/lib/python2.7/site-packages/braintree
copying build/lib/braintree/transparent_redirect.py -> /home/ubuntu/miniconda/envs/_build/lib/python2.7/site-packages/braintree
copying build/lib/braintree/three_d_secure_info.py -> /home/ubuntu/miniconda/envs/_build/lib/python2.7/site-packages/braintree
copying build/lib/braintree/webhook_notification.py -> /home/ubuntu/miniconda/envs/_build/lib/python2.7/site-packages/braintree
copying build/lib/braintree/add_on_gateway.py -> /home/ubuntu/miniconda/envs/_build/lib/python2.7/site-packages/braintree
copying build/lib/braintree/subscription_status_event.py -> /home/ubuntu/miniconda/envs/_build/lib/python2.7/site-packages/braintree
copying build/lib/braintree/disbursement_detail.py -> /home/ubuntu/miniconda/envs/_build/lib/python2.7/site-packages/braintree
copying build/lib/braintree/payment_method_gateway.py -> /home/ubuntu/miniconda/envs/_build/lib/python2.7/site-packages/braintree
copying build/lib/braintree/payment_method_nonce.py -> /home/ubuntu/miniconda/envs/_build/lib/python2.7/site-packages/braintree
copying build/lib/braintree/europe_bank_account.py -> /home/ubuntu/miniconda/envs/_build/lib/python2.7/site-packages/braintree
creating /home/ubuntu/miniconda/envs/_build/lib/python2.7/site-packages/braintree/util
copying build/lib/braintree/util/generator.py -> /home/ubuntu/miniconda/envs/_build/lib/python2.7/site-packages/braintree/util
copying build/lib/braintree/util/parser.py -> /home/ubuntu/miniconda/envs/_build/lib/python2.7/site-packages/braintree/util
copying build/lib/braintree/util/constants.py -> /home/ubuntu/miniconda/envs/_build/lib/python2.7/site-packages/braintree/util
copying build/lib/braintree/util/xml_util.py -> /home/ubuntu/miniconda/envs/_build/lib/python2.7/site-packages/braintree/util
copying build/lib/braintree/util/http.py -> /home/ubuntu/miniconda/envs/_build/lib/python2.7/site-packages/braintree/util
copying build/lib/braintree/util/__init__.py -> /home/ubuntu/miniconda/envs/_build/lib/python2.7/site-packages/braintree/util
copying build/lib/braintree/util/crypto.py -> /home/ubuntu/miniconda/envs/_build/lib/python2.7/site-packages/braintree/util
copying build/lib/braintree/errors.py -> /home/ubuntu/miniconda/envs/_build/lib/python2.7/site-packages/braintree
copying build/lib/braintree/client_token_gateway.py -> /home/ubuntu/miniconda/envs/_build/lib/python2.7/site-packages/braintree
copying build/lib/braintree/unknown_payment_method.py -> /home/ubuntu/miniconda/envs/_build/lib/python2.7/site-packages/braintree
copying build/lib/braintree/status_event.py -> /home/ubuntu/miniconda/envs/_build/lib/python2.7/site-packages/braintree
creating /home/ubuntu/miniconda/envs/_build/lib/python2.7/site-packages/braintree/merchant_account
copying build/lib/braintree/merchant_account/business_details.py -> /home/ubuntu/miniconda/envs/_build/lib/python2.7/site-packages/braintree/merchant_account
copying build/lib/braintree/merchant_account/individual_details.py -> /home/ubuntu/miniconda/envs/_build/lib/python2.7/site-packages/braintree/merchant_account
copying build/lib/braintree/merchant_account/__init__.py -> /home/ubuntu/miniconda/envs/_build/lib/python2.7/site-packages/braintree/merchant_account
copying build/lib/braintree/merchant_account/address_details.py -> /home/ubuntu/miniconda/envs/_build/lib/python2.7/site-packages/braintree/merchant_account
copying build/lib/braintree/merchant_account/funding_details.py -> /home/ubuntu/miniconda/envs/_build/lib/python2.7/site-packages/braintree/merchant_account
copying build/lib/braintree/merchant_account/merchant_account.py -> /home/ubuntu/miniconda/envs/_build/lib/python2.7/site-packages/braintree/merchant_account
copying build/lib/braintree/payment_method.py -> /home/ubuntu/miniconda/envs/_build/lib/python2.7/site-packages/braintree
creating /home/ubuntu/miniconda/envs/_build/lib/python2.7/site-packages/braintree/ssl
copying build/lib/braintree/ssl/api_braintreegateway_com.ca.crt -> /home/ubuntu/miniconda/envs/_build/lib/python2.7/site-packages/braintree/ssl
copying build/lib/braintree/credit_card_verification.py -> /home/ubuntu/miniconda/envs/_build/lib/python2.7/site-packages/braintree
copying build/lib/braintree/webhook_testing.py -> /home/ubuntu/miniconda/envs/_build/lib/python2.7/site-packages/braintree
copying build/lib/braintree/resource.py -> /home/ubuntu/miniconda/envs/_build/lib/python2.7/site-packages/braintree
copying build/lib/braintree/customer_gateway.py -> /home/ubuntu/miniconda/envs/_build/lib/python2.7/site-packages/braintree
copying build/lib/braintree/validation_error_collection.py -> /home/ubuntu/miniconda/envs/_build/lib/python2.7/site-packages/braintree
copying build/lib/braintree/android_pay_card.py -> /home/ubuntu/miniconda/envs/_build/lib/python2.7/site-packages/braintree
copying build/lib/braintree/error_result.py -> /home/ubuntu/miniconda/envs/_build/lib/python2.7/site-packages/braintree
copying build/lib/braintree/testing_gateway.py -> /home/ubuntu/miniconda/envs/_build/lib/python2.7/site-packages/braintree
copying build/lib/braintree/search.py -> /home/ubuntu/miniconda/envs/_build/lib/python2.7/site-packages/braintree
copying build/lib/braintree/discount.py -> /home/ubuntu/miniconda/envs/_build/lib/python2.7/site-packages/braintree
copying build/lib/braintree/customer_search.py -> /home/ubuntu/miniconda/envs/_build/lib/python2.7/site-packages/braintree
copying build/lib/braintree/subscription.py -> /home/ubuntu/miniconda/envs/_build/lib/python2.7/site-packages/braintree
copying build/lib/braintree/ids_search.py -> /home/ubuntu/miniconda/envs/_build/lib/python2.7/site-packages/braintree
copying build/lib/braintree/version.py -> /home/ubuntu/miniconda/envs/_build/lib/python2.7/site-packages/braintree
copying build/lib/braintree/plan.py -> /home/ubuntu/miniconda/envs/_build/lib/python2.7/site-packages/braintree
copying build/lib/braintree/credit_card_verification_gateway.py -> /home/ubuntu/miniconda/envs/_build/lib/python2.7/site-packages/braintree
copying build/lib/braintree/transaction_gateway.py -> /home/ubuntu/miniconda/envs/_build/lib/python2.7/site-packages/braintree
copying build/lib/braintree/transaction_search.py -> /home/ubuntu/miniconda/envs/_build/lib/python2.7/site-packages/braintree
copying build/lib/braintree/resource_collection.py -> /home/ubuntu/miniconda/envs/_build/lib/python2.7/site-packages/braintree
copying build/lib/braintree/configuration.py -> /home/ubuntu/miniconda/envs/_build/lib/python2.7/site-packages/braintree
copying build/lib/braintree/webhook_testing_gateway.py -> /home/ubuntu/miniconda/envs/_build/lib/python2.7/site-packages/braintree
copying build/lib/braintree/subscription_details.py -> /home/ubuntu/miniconda/envs/_build/lib/python2.7/site-packages/braintree
copying build/lib/braintree/environment.py -> /home/ubuntu/miniconda/envs/_build/lib/python2.7/site-packages/braintree
copying build/lib/braintree/transparent_redirect_gateway.py -> /home/ubuntu/miniconda/envs/_build/lib/python2.7/site-packages/braintree
copying build/lib/braintree/credit_card_verification_search.py -> /home/ubuntu/miniconda/envs/_build/lib/python2.7/site-packages/braintree
creating /home/ubuntu/miniconda/envs/_build/lib/python2.7/site-packages/braintree/test
copying build/lib/braintree/test/nonces.py -> /home/ubuntu/miniconda/envs/_build/lib/python2.7/site-packages/braintree/test
copying build/lib/braintree/test/venmo_sdk.py -> /home/ubuntu/miniconda/envs/_build/lib/python2.7/site-packages/braintree/test
copying build/lib/braintree/test/credit_card_numbers.py -> /home/ubuntu/miniconda/envs/_build/lib/python2.7/site-packages/braintree/test
copying build/lib/braintree/test/__init__.py -> /home/ubuntu/miniconda/envs/_build/lib/python2.7/site-packages/braintree/test
copying build/lib/braintree/test/credit_card_defaults.py -> /home/ubuntu/miniconda/envs/_build/lib/python2.7/site-packages/braintree/test
copying build/lib/braintree/test/merchant_account.py -> /home/ubuntu/miniconda/envs/_build/lib/python2.7/site-packages/braintree/test
copying build/lib/braintree/subscription_search.py -> /home/ubuntu/miniconda/envs/_build/lib/python2.7/site-packages/braintree
copying build/lib/braintree/address.py -> /home/ubuntu/miniconda/envs/_build/lib/python2.7/site-packages/braintree
copying build/lib/braintree/payment_method_nonce_gateway.py -> /home/ubuntu/miniconda/envs/_build/lib/python2.7/site-packages/braintree
copying build/lib/braintree/payment_instrument_type.py -> /home/ubuntu/miniconda/envs/_build/lib/python2.7/site-packages/braintree
copying build/lib/braintree/credit_card_gateway.py -> /home/ubuntu/miniconda/envs/_build/lib/python2.7/site-packages/braintree
copying build/lib/braintree/transaction_amounts.py -> /home/ubuntu/miniconda/envs/_build/lib/python2.7/site-packages/braintree
copying build/lib/braintree/validation_error.py -> /home/ubuntu/miniconda/envs/_build/lib/python2.7/site-packages/braintree
copying build/lib/braintree/customer.py -> /home/ubuntu/miniconda/envs/_build/lib/python2.7/site-packages/braintree
copying build/lib/braintree/paypal_account.py -> /home/ubuntu/miniconda/envs/_build/lib/python2.7/site-packages/braintree
copying build/lib/braintree/signature_service.py -> /home/ubuntu/miniconda/envs/_build/lib/python2.7/site-packages/braintree
copying build/lib/braintree/successful_result.py -> /home/ubuntu/miniconda/envs/_build/lib/python2.7/site-packages/braintree
copying build/lib/braintree/subscription_gateway.py -> /home/ubuntu/miniconda/envs/_build/lib/python2.7/site-packages/braintree
copying build/lib/braintree/__init__.py -> /home/ubuntu/miniconda/envs/_build/lib/python2.7/site-packages/braintree
copying build/lib/braintree/error_codes.py -> /home/ubuntu/miniconda/envs/_build/lib/python2.7/site-packages/braintree
copying build/lib/braintree/risk_data.py -> /home/ubuntu/miniconda/envs/_build/lib/python2.7/site-packages/braintree
copying build/lib/braintree/webhook_notification_gateway.py -> /home/ubuntu/miniconda/envs/_build/lib/python2.7/site-packages/braintree
copying build/lib/braintree/credit_card.py -> /home/ubuntu/miniconda/envs/_build/lib/python2.7/site-packages/braintree
copying build/lib/braintree/discount_gateway.py -> /home/ubuntu/miniconda/envs/_build/lib/python2.7/site-packages/braintree
creating /home/ubuntu/miniconda/envs/_build/lib/python2.7/site-packages/braintree/exceptions
copying build/lib/braintree/exceptions/upgrade_required_error.py -> /home/ubuntu/miniconda/envs/_build/lib/python2.7/site-packages/braintree/exceptions
copying build/lib/braintree/exceptions/invalid_signature_error.py -> /home/ubuntu/miniconda/envs/_build/lib/python2.7/site-packages/braintree/exceptions
copying build/lib/braintree/exceptions/authorization_error.py -> /home/ubuntu/miniconda/envs/_build/lib/python2.7/site-packages/braintree/exceptions
copying build/lib/braintree/exceptions/forged_query_string_error.py -> /home/ubuntu/miniconda/envs/_build/lib/python2.7/site-packages/braintree/exceptions
copying build/lib/braintree/exceptions/authentication_error.py -> /home/ubuntu/miniconda/envs/_build/lib/python2.7/site-packages/braintree/exceptions
copying build/lib/braintree/exceptions/invalid_challenge_error.py -> /home/ubuntu/miniconda/envs/_build/lib/python2.7/site-packages/braintree/exceptions
copying build/lib/braintree/exceptions/__init__.py -> /home/ubuntu/miniconda/envs/_build/lib/python2.7/site-packages/braintree/exceptions
creating /home/ubuntu/miniconda/envs/_build/lib/python2.7/site-packages/braintree/exceptions/http
copying build/lib/braintree/exceptions/http/connection_error.py -> /home/ubuntu/miniconda/envs/_build/lib/python2.7/site-packages/braintree/exceptions/http
copying build/lib/braintree/exceptions/http/timeout_error.py -> /home/ubuntu/miniconda/envs/_build/lib/python2.7/site-packages/braintree/exceptions/http
copying build/lib/braintree/exceptions/http/invalid_response_error.py -> /home/ubuntu/miniconda/envs/_build/lib/python2.7/site-packages/braintree/exceptions/http
copying build/lib/braintree/exceptions/http/__init__.py -> /home/ubuntu/miniconda/envs/_build/lib/python2.7/site-packages/braintree/exceptions/http
copying build/lib/braintree/exceptions/unexpected_error.py -> /home/ubuntu/miniconda/envs/_build/lib/python2.7/site-packages/braintree/exceptions
copying build/lib/braintree/exceptions/server_error.py -> /home/ubuntu/miniconda/envs/_build/lib/python2.7/site-packages/braintree/exceptions
copying build/lib/braintree/exceptions/test_operation_performed_in_production_error.py -> /home/ubuntu/miniconda/envs/_build/lib/python2.7/site-packages/braintree/exceptions
copying build/lib/braintree/exceptions/down_for_maintenance_error.py -> /home/ubuntu/miniconda/envs/_build/lib/python2.7/site-packages/braintree/exceptions
copying build/lib/braintree/exceptions/braintree_error.py -> /home/ubuntu/miniconda/envs/_build/lib/python2.7/site-packages/braintree/exceptions
copying build/lib/braintree/exceptions/not_found_error.py -> /home/ubuntu/miniconda/envs/_build/lib/python2.7/site-packages/braintree/exceptions
copying build/lib/braintree/add_on.py -> /home/ubuntu/miniconda/envs/_build/lib/python2.7/site-packages/braintree
copying build/lib/braintree/settlement_batch_summary.py -> /home/ubuntu/miniconda/envs/_build/lib/python2.7/site-packages/braintree
copying build/lib/braintree/partner_merchant.py -> /home/ubuntu/miniconda/envs/_build/lib/python2.7/site-packages/braintree
copying build/lib/braintree/attribute_getter.py -> /home/ubuntu/miniconda/envs/_build/lib/python2.7/site-packages/braintree
copying build/lib/braintree/braintree_gateway.py -> /home/ubuntu/miniconda/envs/_build/lib/python2.7/site-packages/braintree
copying build/lib/braintree/apple_pay_card.py -> /home/ubuntu/miniconda/envs/_build/lib/python2.7/site-packages/braintree
copying build/lib/braintree/merchant_account_gateway.py -> /home/ubuntu/miniconda/envs/_build/lib/python2.7/site-packages/braintree
copying build/lib/braintree/client_token.py -> /home/ubuntu/miniconda/envs/_build/lib/python2.7/site-packages/braintree
copying build/lib/braintree/descriptor.py -> /home/ubuntu/miniconda/envs/_build/lib/python2.7/site-packages/braintree
copying build/lib/braintree/modification.py -> /home/ubuntu/miniconda/envs/_build/lib/python2.7/site-packages/braintree
copying build/lib/braintree/disbursement.py -> /home/ubuntu/miniconda/envs/_build/lib/python2.7/site-packages/braintree
copying build/lib/braintree/transaction_details.py -> /home/ubuntu/miniconda/envs/_build/lib/python2.7/site-packages/braintree
copying build/lib/braintree/settlement_batch_summary_gateway.py -> /home/ubuntu/miniconda/envs/_build/lib/python2.7/site-packages/braintree
copying build/lib/braintree/transaction.py -> /home/ubuntu/miniconda/envs/_build/lib/python2.7/site-packages/braintree
copying build/lib/braintree/coinbase_account.py -> /home/ubuntu/miniconda/envs/_build/lib/python2.7/site-packages/braintree
copying build/lib/braintree/plan_gateway.py -> /home/ubuntu/miniconda/envs/_build/lib/python2.7/site-packages/braintree
copying build/lib/braintree/dispute.py -> /home/ubuntu/miniconda/envs/_build/lib/python2.7/site-packages/braintree
copying build/lib/braintree/paypal_account_gateway.py -> /home/ubuntu/miniconda/envs/_build/lib/python2.7/site-packages/braintree
byte-compiling /home/ubuntu/miniconda/envs/_build/lib/python2.7/site-packages/braintree/address_gateway.py to address_gateway.pyc
byte-compiling /home/ubuntu/miniconda/envs/_build/lib/python2.7/site-packages/braintree/transparent_redirect.py to transparent_redirect.pyc
byte-compiling /home/ubuntu/miniconda/envs/_build/lib/python2.7/site-packages/braintree/three_d_secure_info.py to three_d_secure_info.pyc
byte-compiling /home/ubuntu/miniconda/envs/_build/lib/python2.7/site-packages/braintree/webhook_notification.py to webhook_notification.pyc
byte-compiling /home/ubuntu/miniconda/envs/_build/lib/python2.7/site-packages/braintree/add_on_gateway.py to add_on_gateway.pyc
byte-compiling /home/ubuntu/miniconda/envs/_build/lib/python2.7/site-packages/braintree/subscription_status_event.py to subscription_status_event.pyc
byte-compiling /home/ubuntu/miniconda/envs/_build/lib/python2.7/site-packages/braintree/disbursement_detail.py to disbursement_detail.pyc
byte-compiling /home/ubuntu/miniconda/envs/_build/lib/python2.7/site-packages/braintree/payment_method_gateway.py to payment_method_gateway.pyc
byte-compiling /home/ubuntu/miniconda/envs/_build/lib/python2.7/site-packages/braintree/payment_method_nonce.py to payment_method_nonce.pyc
byte-compiling /home/ubuntu/miniconda/envs/_build/lib/python2.7/site-packages/braintree/europe_bank_account.py to europe_bank_account.pyc
byte-compiling /home/ubuntu/miniconda/envs/_build/lib/python2.7/site-packages/braintree/util/generator.py to generator.pyc
byte-compiling /home/ubuntu/miniconda/envs/_build/lib/python2.7/site-packages/braintree/util/parser.py to parser.pyc
byte-compiling /home/ubuntu/miniconda/envs/_build/lib/python2.7/site-packages/braintree/util/constants.py to constants.pyc
byte-compiling /home/ubuntu/miniconda/envs/_build/lib/python2.7/site-packages/braintree/util/xml_util.py to xml_util.pyc
byte-compiling /home/ubuntu/miniconda/envs/_build/lib/python2.7/site-packages/braintree/util/http.py to http.pyc
byte-compiling /home/ubuntu/miniconda/envs/_build/lib/python2.7/site-packages/braintree/util/__init__.py to __init__.pyc
byte-compiling /home/ubuntu/miniconda/envs/_build/lib/python2.7/site-packages/braintree/util/crypto.py to crypto.pyc
byte-compiling /home/ubuntu/miniconda/envs/_build/lib/python2.7/site-packages/braintree/errors.py to errors.pyc
byte-compiling /home/ubuntu/miniconda/envs/_build/lib/python2.7/site-packages/braintree/client_token_gateway.py to client_token_gateway.pyc
byte-compiling /home/ubuntu/miniconda/envs/_build/lib/python2.7/site-packages/braintree/unknown_payment_method.py to unknown_payment_method.pyc
byte-compiling /home/ubuntu/miniconda/envs/_build/lib/python2.7/site-packages/braintree/status_event.py to status_event.pyc
byte-compiling /home/ubuntu/miniconda/envs/_build/lib/python2.7/site-packages/braintree/merchant_account/business_details.py to business_details.pyc
byte-compiling /home/ubuntu/miniconda/envs/_build/lib/python2.7/site-packages/braintree/merchant_account/individual_details.py to individual_details.pyc
byte-compiling /home/ubuntu/miniconda/envs/_build/lib/python2.7/site-packages/braintree/merchant_account/__init__.py to __init__.pyc
byte-compiling /home/ubuntu/miniconda/envs/_build/lib/python2.7/site-packages/braintree/merchant_account/address_details.py to address_details.pyc
byte-compiling /home/ubuntu/miniconda/envs/_build/lib/python2.7/site-packages/braintree/merchant_account/funding_details.py to funding_details.pyc
byte-compiling /home/ubuntu/miniconda/envs/_build/lib/python2.7/site-packages/braintree/merchant_account/merchant_account.py to merchant_account.pyc
byte-compiling /home/ubuntu/miniconda/envs/_build/lib/python2.7/site-packages/braintree/payment_method.py to payment_method.pyc
byte-compiling /home/ubuntu/miniconda/envs/_build/lib/python2.7/site-packages/braintree/credit_card_verification.py to credit_card_verification.pyc
byte-compiling /home/ubuntu/miniconda/envs/_build/lib/python2.7/site-packages/braintree/webhook_testing.py to webhook_testing.pyc
byte-compiling /home/ubuntu/miniconda/envs/_build/lib/python2.7/site-packages/braintree/resource.py to resource.pyc
byte-compiling /home/ubuntu/miniconda/envs/_build/lib/python2.7/site-packages/braintree/customer_gateway.py to customer_gateway.pyc
byte-compiling /home/ubuntu/miniconda/envs/_build/lib/python2.7/site-packages/braintree/validation_error_collection.py to validation_error_collection.pyc
byte-compiling /home/ubuntu/miniconda/envs/_build/lib/python2.7/site-packages/braintree/android_pay_card.py to android_pay_card.pyc
byte-compiling /home/ubuntu/miniconda/envs/_build/lib/python2.7/site-packages/braintree/error_result.py to error_result.pyc
byte-compiling /home/ubuntu/miniconda/envs/_build/lib/python2.7/site-packages/braintree/testing_gateway.py to testing_gateway.pyc
byte-compiling /home/ubuntu/miniconda/envs/_build/lib/python2.7/site-packages/braintree/search.py to search.pyc
byte-compiling /home/ubuntu/miniconda/envs/_build/lib/python2.7/site-packages/braintree/discount.py to discount.pyc
byte-compiling /home/ubuntu/miniconda/envs/_build/lib/python2.7/site-packages/braintree/customer_search.py to customer_search.pyc
byte-compiling /home/ubuntu/miniconda/envs/_build/lib/python2.7/site-packages/braintree/subscription.py to subscription.pyc
byte-compiling /home/ubuntu/miniconda/envs/_build/lib/python2.7/site-packages/braintree/ids_search.py to ids_search.pyc
byte-compiling /home/ubuntu/miniconda/envs/_build/lib/python2.7/site-packages/braintree/version.py to version.pyc
byte-compiling /home/ubuntu/miniconda/envs/_build/lib/python2.7/site-packages/braintree/plan.py to plan.pyc
byte-compiling /home/ubuntu/miniconda/envs/_build/lib/python2.7/site-packages/braintree/credit_card_verification_gateway.py to credit_card_verification_gateway.pyc
byte-compiling /home/ubuntu/miniconda/envs/_build/lib/python2.7/site-packages/braintree/transaction_gateway.py to transaction_gateway.pyc
byte-compiling /home/ubuntu/miniconda/envs/_build/lib/python2.7/site-packages/braintree/transaction_search.py to transaction_search.pyc
byte-compiling /home/ubuntu/miniconda/envs/_build/lib/python2.7/site-packages/braintree/resource_collection.py to resource_collection.pyc
byte-compiling /home/ubuntu/miniconda/envs/_build/lib/python2.7/site-packages/braintree/configuration.py to configuration.pyc
byte-compiling /home/ubuntu/miniconda/envs/_build/lib/python2.7/site-packages/braintree/webhook_testing_gateway.py to webhook_testing_gateway.pyc
byte-compiling /home/ubuntu/miniconda/envs/_build/lib/python2.7/site-packages/braintree/subscription_details.py to subscription_details.pyc
byte-compiling /home/ubuntu/miniconda/envs/_build/lib/python2.7/site-packages/braintree/environment.py to environment.pyc
byte-compiling /home/ubuntu/miniconda/envs/_build/lib/python2.7/site-packages/braintree/transparent_redirect_gateway.py to transparent_redirect_gateway.pyc
byte-compiling /home/ubuntu/miniconda/envs/_build/lib/python2.7/site-packages/braintree/credit_card_verification_search.py to credit_card_verification_search.pyc
byte-compiling /home/ubuntu/miniconda/envs/_build/lib/python2.7/site-packages/braintree/test/nonces.py to nonces.pyc
byte-compiling /home/ubuntu/miniconda/envs/_build/lib/python2.7/site-packages/braintree/test/venmo_sdk.py to venmo_sdk.pyc
byte-compiling /home/ubuntu/miniconda/envs/_build/lib/python2.7/site-packages/braintree/test/credit_card_numbers.py to credit_card_numbers.pyc
byte-compiling /home/ubuntu/miniconda/envs/_build/lib/python2.7/site-packages/braintree/test/__init__.py to __init__.pyc
byte-compiling /home/ubuntu/miniconda/envs/_build/lib/python2.7/site-packages/braintree/test/credit_card_defaults.py to credit_card_defaults.pyc
byte-compiling /home/ubuntu/miniconda/envs/_build/lib/python2.7/site-packages/braintree/test/merchant_account.py to merchant_account.pyc
byte-compiling /home/ubuntu/miniconda/envs/_build/lib/python2.7/site-packages/braintree/subscription_search.py to subscription_search.pyc
byte-compiling /home/ubuntu/miniconda/envs/_build/lib/python2.7/site-packages/braintree/address.py to address.pyc
byte-compiling /home/ubuntu/miniconda/envs/_build/lib/python2.7/site-packages/braintree/payment_method_nonce_gateway.py to payment_method_nonce_gateway.pyc
byte-compiling /home/ubuntu/miniconda/envs/_build/lib/python2.7/site-packages/braintree/payment_instrument_type.py to payment_instrument_type.pyc
byte-compiling /home/ubuntu/miniconda/envs/_build/lib/python2.7/site-packages/braintree/credit_card_gateway.py to credit_card_gateway.pyc
byte-compiling /home/ubuntu/miniconda/envs/_build/lib/python2.7/site-packages/braintree/transaction_amounts.py to transaction_amounts.pyc
byte-compiling /home/ubuntu/miniconda/envs/_build/lib/python2.7/site-packages/braintree/validation_error.py to validation_error.pyc
byte-compiling /home/ubuntu/miniconda/envs/_build/lib/python2.7/site-packages/braintree/customer.py to customer.pyc
byte-compiling /home/ubuntu/miniconda/envs/_build/lib/python2.7/site-packages/braintree/paypal_account.py to paypal_account.pyc
byte-compiling /home/ubuntu/miniconda/envs/_build/lib/python2.7/site-packages/braintree/signature_service.py to signature_service.pyc
byte-compiling /home/ubuntu/miniconda/envs/_build/lib/python2.7/site-packages/braintree/successful_result.py to successful_result.pyc
byte-compiling /home/ubuntu/miniconda/envs/_build/lib/python2.7/site-packages/braintree/subscription_gateway.py to subscription_gateway.pyc
byte-compiling /home/ubuntu/miniconda/envs/_build/lib/python2.7/site-packages/braintree/__init__.py to __init__.pyc
byte-compiling /home/ubuntu/miniconda/envs/_build/lib/python2.7/site-packages/braintree/error_codes.py to error_codes.pyc
byte-compiling /home/ubuntu/miniconda/envs/_build/lib/python2.7/site-packages/braintree/risk_data.py to risk_data.pyc
byte-compiling /home/ubuntu/miniconda/envs/_build/lib/python2.7/site-packages/braintree/webhook_notification_gateway.py to webhook_notification_gateway.pyc
byte-compiling /home/ubuntu/miniconda/envs/_build/lib/python2.7/site-packages/braintree/credit_card.py to credit_card.pyc
byte-compiling /home/ubuntu/miniconda/envs/_build/lib/python2.7/site-packages/braintree/discount_gateway.py to discount_gateway.pyc
byte-compiling /home/ubuntu/miniconda/envs/_build/lib/python2.7/site-packages/braintree/exceptions/upgrade_required_error.py to upgrade_required_error.pyc
byte-compiling /home/ubuntu/miniconda/envs/_build/lib/python2.7/site-packages/braintree/exceptions/invalid_signature_error.py to invalid_signature_error.pyc
byte-compiling /home/ubuntu/miniconda/envs/_build/lib/python2.7/site-packages/braintree/exceptions/authorization_error.py to authorization_error.pyc
byte-compiling /home/ubuntu/miniconda/envs/_build/lib/python2.7/site-packages/braintree/exceptions/forged_query_string_error.py to forged_query_string_error.pyc
byte-compiling /home/ubuntu/miniconda/envs/_build/lib/python2.7/site-packages/braintree/exceptions/authentication_error.py to authentication_error.pyc
byte-compiling /home/ubuntu/miniconda/envs/_build/lib/python2.7/site-packages/braintree/exceptions/invalid_challenge_error.py to invalid_challenge_error.pyc
byte-compiling /home/ubuntu/miniconda/envs/_build/lib/python2.7/site-packages/braintree/exceptions/__init__.py to __init__.pyc
byte-compiling /home/ubuntu/miniconda/envs/_build/lib/python2.7/site-packages/braintree/exceptions/http/connection_error.py to connection_error.pyc
byte-compiling /home/ubuntu/miniconda/envs/_build/lib/python2.7/site-packages/braintree/exceptions/http/timeout_error.py to timeout_error.pyc
byte-compiling /home/ubuntu/miniconda/envs/_build/lib/python2.7/site-packages/braintree/exceptions/http/invalid_response_error.py to invalid_response_error.pyc
byte-compiling /home/ubuntu/miniconda/envs/_build/lib/python2.7/site-packages/braintree/exceptions/http/__init__.py to __init__.pyc
byte-compiling /home/ubuntu/miniconda/envs/_build/lib/python2.7/site-packages/braintree/exceptions/unexpected_error.py to unexpected_error.pyc
byte-compiling /home/ubuntu/miniconda/envs/_build/lib/python2.7/site-packages/braintree/exceptions/server_error.py to server_error.pyc
byte-compiling /home/ubuntu/miniconda/envs/_build/lib/python2.7/site-packages/braintree/exceptions/test_operation_performed_in_production_error.py to test_operation_performed_in_production_error.pyc
byte-compiling /home/ubuntu/miniconda/envs/_build/lib/python2.7/site-packages/braintree/exceptions/down_for_maintenance_error.py to down_for_maintenance_error.pyc
byte-compiling /home/ubuntu/miniconda/envs/_build/lib/python2.7/site-packages/braintree/exceptions/braintree_error.py to braintree_error.pyc
byte-compiling /home/ubuntu/miniconda/envs/_build/lib/python2.7/site-packages/braintree/exceptions/not_found_error.py to not_found_error.pyc
byte-compiling /home/ubuntu/miniconda/envs/_build/lib/python2.7/site-packages/braintree/add_on.py to add_on.pyc
byte-compiling /home/ubuntu/miniconda/envs/_build/lib/python2.7/site-packages/braintree/settlement_batch_summary.py to settlement_batch_summary.pyc
byte-compiling /home/ubuntu/miniconda/envs/_build/lib/python2.7/site-packages/braintree/partner_merchant.py to partner_merchant.pyc
byte-compiling /home/ubuntu/miniconda/envs/_build/lib/python2.7/site-packages/braintree/attribute_getter.py to attribute_getter.pyc
byte-compiling /home/ubuntu/miniconda/envs/_build/lib/python2.7/site-packages/braintree/braintree_gateway.py to braintree_gateway.pyc
byte-compiling /home/ubuntu/miniconda/envs/_build/lib/python2.7/site-packages/braintree/apple_pay_card.py to apple_pay_card.pyc
byte-compiling /home/ubuntu/miniconda/envs/_build/lib/python2.7/site-packages/braintree/merchant_account_gateway.py to merchant_account_gateway.pyc
byte-compiling /home/ubuntu/miniconda/envs/_build/lib/python2.7/site-packages/braintree/client_token.py to client_token.pyc
byte-compiling /home/ubuntu/miniconda/envs/_build/lib/python2.7/site-packages/braintree/descriptor.py to descriptor.pyc
byte-compiling /home/ubuntu/miniconda/envs/_build/lib/python2.7/site-packages/braintree/modification.py to modification.pyc
byte-compiling /home/ubuntu/miniconda/envs/_build/lib/python2.7/site-packages/braintree/disbursement.py to disbursement.pyc
byte-compiling /home/ubuntu/miniconda/envs/_build/lib/python2.7/site-packages/braintree/transaction_details.py to transaction_details.pyc
byte-compiling /home/ubuntu/miniconda/envs/_build/lib/python2.7/site-packages/braintree/settlement_batch_summary_gateway.py to settlement_batch_summary_gateway.pyc
byte-compiling /home/ubuntu/miniconda/envs/_build/lib/python2.7/site-packages/braintree/transaction.py to transaction.pyc
byte-compiling /home/ubuntu/miniconda/envs/_build/lib/python2.7/site-packages/braintree/coinbase_account.py to coinbase_account.pyc
byte-compiling /home/ubuntu/miniconda/envs/_build/lib/python2.7/site-packages/braintree/plan_gateway.py to plan_gateway.pyc
byte-compiling /home/ubuntu/miniconda/envs/_build/lib/python2.7/site-packages/braintree/dispute.py to dispute.pyc
byte-compiling /home/ubuntu/miniconda/envs/_build/lib/python2.7/site-packages/braintree/paypal_account_gateway.py to paypal_account_gateway.pyc
running install_egg_info
Writing /home/ubuntu/miniconda/envs/_build/lib/python2.7/site-packages/braintree-3.16.0-py2.7.egg-info

The following NEW packages will be INSTALLED:

    openssl:    1.0.1k-1    
    pip:        7.0.3-py27_0
    python:     2.7.10-0    
    readline:   6.2-2       
    requests:   2.7.0-py27_0
    setuptools: 17.0-py27_0 
    sqlite:     3.8.4.1-1   
    system:     5.8-2       
    tk:         8.5.18-0    
    zlib:       1.2.8-0     

Linking packages ...
[                    ]|                                                  |   0%[openssl             ]|                                                  |   0%[readline            ]|#####                                             |  10%[sqlite              ]|##########                                        |  20%[system              ]|###############                                   |  30%[tk                  ]|####################                              |  40%[zlib                ]|#########################                         |  50%[python              ]|##############################                    |  60%[requests            ]|###################################               |  70%[setuptools          ]|########################################          |  80%[pip                 ]|#############################################     |  90%[      COMPLETE      ]|##################################################| 100%
Removing old work directory
Source cache directory is: /home/ubuntu/miniconda/conda-bld/src_cache
Found source in cache: braintree-3.16.0.tar.gz
Extracting download
Package: braintree-3.16.0-py27_0
source tree in: /home/ubuntu/miniconda/conda-bld/work/braintree-3.16.0
number of files: 226
Fixing permissions
Fixing permissions
BUILD END: braintree-3.16.0-py27_0
TEST START: braintree-3.16.0-py27_0
Fetching package metadata: ......
Solving package specifications: .===== testing package: braintree-3.16.0-py27_0 =====
import: u'braintree'
import: u'braintree.exceptions'
import: u'braintree.exceptions.http'
import: u'braintree.merchant_account'
import: u'braintree.test'
import: u'braintree.util'
===== braintree-3.16.0-py27_0 OK =====

The following packages will be downloaded:

    package                    |            build
    ---------------------------|-----------------
    braintree-3.16.0           |           py27_0          85 KB

The following NEW packages will be INSTALLED:

    braintree:  3.16.0-py27_0
    openssl:    1.0.1k-1     
    pip:        7.0.3-py27_0 
    python:     2.7.10-0     
    readline:   6.2-2        
    requests:   2.7.0-py27_0 
    setuptools: 17.0-py27_0  
    sqlite:     3.8.4.1-1    
    system:     5.8-2        
    tk:         8.5.18-0     
    zlib:       1.2.8-0      

Fetching packages ...
braintree-3.16   0% |                              | ETA:  --:--:--   0.00  B/sbraintree-3.16  18% |#####                          | ETA:  0:00:00  45.51 MB/sbraintree-3.16  37% |###########                    | ETA:  0:00:00  57.48 MB/sbraintree-3.16  56% |#################              | ETA:  0:00:00  64.42 MB/sbraintree-3.16  74% |#######################        | ETA:  0:00:00  68.84 MB/sbraintree-3.16  93% |#############################  | ETA:  0:00:00  71.81 MB/sbraintree-3.16 100% |###############################| ETA:  0:00:00  67.44 MB/sbraintree-3.16 100% |###############################| Time: 0:00:00  56.91 MB/s
Extracting packages ...
[      COMPLETE      ]|                                                  |   0%[braintree           ]|                                                  |   0%[braintree           ]|                                                  |   0%[      COMPLETE      ]|##################################################| 100%
Linking packages ...
[      COMPLETE      ]|                                                  |   0%[openssl             ]|                                                  |   0%[openssl             ]|                                                  |   0%[readline            ]|####                                              |   9%[sqlite              ]|#########                                         |  18%[system              ]|#############                                     |  27%[tk                  ]|##################                                |  36%[zlib                ]|######################                            |  45%[python              ]|###########################                       |  54%[requests            ]|###############################                   |  63%[setuptools          ]|####################################              |  72%[braintree           ]|########################################          |  81%[pip                 ]|#############################################     |  90%[      COMPLETE      ]|##################################################| 100%
TEST END: braintree-3.16.0-py27_0
# If you want to upload this package to binstar.org later, type:
#
# $ binstar upload /home/ubuntu/miniconda/conda-bld/linux-64/braintree-3.16.0-py27_0.tar.bz2
#
# To have conda build upload to binstar automatically, use
# $ conda config --set binstar_upload yes

