Warning, the following versions were found for BTrees
4.1.4
4.1.3
4.1.2
4.1.1
4.1.0
4.0.8
4.0.7
4.0.6
4.0.5
4.0.4
4.0.3
4.0.2
4.0.1
4.0.0
Using 4.1.4
Use --version to specify a different version.
Using url https://pypi.python.org/packages/source/B/BTrees/BTrees-4.1.4.tar.gz (179 KB) for BTrees.
Downloading BTrees (use --no-download to skip this step)
Unpacking BTrees...
done
working in /tmp/tmp_K4v1fconda_skeleton_BTrees-4.1.4.tar.gz
Fetching package metadata: ......
Solving package specifications: .patching file core.py
Hunk #1 succeeded at 168 with fuzz 2 (offset 2 lines).
Traceback (most recent call last):
  File "setup.py", line 21, in <module>
    from setuptools import Extension
ImportError: No module named setuptools

Applying patch: '/tmp/tmp_K4v1fconda_skeleton_BTrees-4.1.4.tar.gz/pypi-distutils.patch'
$PYTHONPATH = /tmp/tmp_K4v1fconda_skeleton_BTrees-4.1.4.tar.gz/BTrees-4.1.4
Error: command failed: /home/ubuntu/miniconda/envs/_build/bin/python setup.py install
