Warning, the following versions were found for bunch
1.0.1
1.0.0
Using 1.0.1
Use --version to specify a different version.
Using url https://pypi.python.org/packages/source/b/bunch/bunch-1.0.1.tar.gz (6 KB) for bunch.
Downloading bunch (use --no-download to skip this step)
Using cached download
Unpacking bunch...
done
working in /tmp/tmpjeP7_Oconda_skeleton_bunch-1.0.1.tar.gz
Fetching package metadata: ......
Solving package specifications: .patching file core.py
Hunk #1 succeeded at 168 with fuzz 2 (offset 2 lines).

The following NEW packages will be INSTALLED:

    numpy:  1.9.2-py27_0
    pyyaml: 3.11-py27_0 

Linking packages ...
[                    ]|                                                  |   0%[numpy               ]|                                                  |   0%[pyyaml              ]|#########################                         |  50%[      COMPLETE      ]|##################################################| 100%
Applying patch: '/tmp/tmpjeP7_Oconda_skeleton_bunch-1.0.1.tar.gz/pypi-distutils.patch'
Writing recipe for bunch
Done
