Warning, the following versions were found for cache_requests
1.0.0
0.1.0
Using 1.0.0
Use --version to specify a different version.
Using url https://pypi.python.org/packages/source/c/cache_requests/cache_requests-1.0.0.tar.gz (18 KB) for cache_requests.
Downloading cache_requests (use --no-download to skip this step)
Using cached download
Unpacking cache_requests...
done
working in /tmp/tmpHSfWfcconda_skeleton_cache_requests-1.0.0.tar.gz
Fetching package metadata: ......
Solving package specifications: .patching file core.py
Hunk #1 succeeded at 168 with fuzz 2 (offset 2 lines).

The following NEW packages will be INSTALLED:

    numpy:  1.9.2-py27_0
    pyyaml: 3.11-py27_0 

Linking packages ...
[                    ]|                                                  |   0%[numpy               ]|                                                  |   0%[pyyaml              ]|#########################                         |  50%[      COMPLETE      ]|##################################################| 100%
Applying patch: '/tmp/tmpHSfWfcconda_skeleton_cache_requests-1.0.0.tar.gz/pypi-distutils.patch'
Writing recipe for cache_requests
Done
