Warning, the following versions were found for cached-property
1.2.0
1.1.0
1.0.0
0.1.5
0.1.4
0.1.3
0.1.2
0.1.1
0.1.0
Using 1.2.0
Use --version to specify a different version.
Using url https://pypi.python.org/packages/source/c/cached-property/cached-property-1.2.0.tar.gz (9 KB) for cached-property.
Downloading cached-property (use --no-download to skip this step)
Using cached download
Unpacking cached-property...
done
working in /tmp/tmpoziGCiconda_skeleton_cached-property-1.2.0.tar.gz
Fetching package metadata: ......
Solving package specifications: .patching file core.py
Hunk #1 succeeded at 168 with fuzz 2 (offset 2 lines).

Applying patch: '/tmp/tmpoziGCiconda_skeleton_cached-property-1.2.0.tar.gz/pypi-distutils.patch'
Writing recipe for cached-property
Done
