Warning, the following versions were found for cairocffi
0.7
0.6
0.5.4
0.5.3
0.5.2
0.5.1
0.5
0.4.3
0.4.2
0.4.1
0.4
0.3.2
0.3.1
0.3
0.2
0.1
Using 0.7
Use --version to specify a different version.
Using url https://pypi.python.org/packages/source/c/cairocffi/cairocffi-0.7.tar.gz (74 KB) for cairocffi.
Downloading cairocffi (use --no-download to skip this step)
Using cached download
Unpacking cairocffi...
done
working in /tmp/tmpTehgplconda_skeleton_cairocffi-0.7.tar.gz
Fetching package metadata: ......
Solving package specifications: .patching file core.py
Hunk #1 succeeded at 168 with fuzz 2 (offset 2 lines).
Traceback (most recent call last):
  File "setup.py", line 1, in <module>
    from setuptools import setup, find_packages
ImportError: No module named setuptools

Applying patch: '/tmp/tmpTehgplconda_skeleton_cairocffi-0.7.tar.gz/pypi-distutils.patch'
$PYTHONPATH = /tmp/tmpTehgplconda_skeleton_cairocffi-0.7.tar.gz/cairocffi-0.7
Error: command failed: /home/ubuntu/miniconda/envs/_build/bin/python setup.py install
