Warning, the following versions were found for carbon
0.9.13
0.9.12
0.9.11
0.9.10
Using 0.9.13
Use --version to specify a different version.
Using url https://pypi.python.org/packages/source/c/carbon/carbon-0.9.13.tar.gz (46 KB) for carbon.
Downloading carbon (use --no-download to skip this step)
Using cached download
Unpacking carbon...
done
working in /tmp/tmpPIoe2hconda_skeleton_carbon-0.9.13.tar.gz
Fetching package metadata: ........
Solving package specifications: .patching file core.py
Hunk #1 succeeded at 168 with fuzz 2 (offset 2 lines).

Applying patch: '/tmp/tmpPIoe2hconda_skeleton_carbon-0.9.13.tar.gz/pypi-distutils.patch'
txamqp not found, trying txAMQP
1
Using url https://pypi.python.org/packages/source/t/txAMQP/txAMQP-0.6.2.tar.gz (20 KB) for txAMQP.
Downloading txAMQP (use --no-download to skip this step)
Using cached download
Unpacking txAMQP...
done
working in /tmp/tmpjJMk4nconda_skeleton_txAMQP-0.6.2.tar.gz
Solving package specifications: .patching file core.py
Hunk #1 succeeded at 168 with fuzz 2 (offset 2 lines).

Applying patch: '/tmp/tmpjJMk4nconda_skeleton_txAMQP-0.6.2.tar.gz/pypi-distutils.patch'
twisted not found, trying Twisted
1
Using url https://pypi.python.org/packages/source/T/Twisted/Twisted-15.2.1.tar.bz2 (4.4 MB) for Twisted.
Downloading Twisted (use --no-download to skip this step)
Using cached download
Unpacking Twisted...
done
working in /tmp/tmpPdhJVeconda_skeleton_Twisted-15.2.1.tar.bz2
Solving package specifications: .patching file core.py
Hunk #1 succeeded at 168 with fuzz 2 (offset 2 lines).

Applying patch: '/tmp/tmpPdhJVeconda_skeleton_Twisted-15.2.1.tar.bz2/pypi-distutils.patch'
soappy not found, trying SOAPpy
21
Using url https://pypi.python.org/packages/source/S/SOAPpy/SOAPpy-0.12.22.zip (169 KB) for SOAPpy.
Downloading SOAPpy (use --no-download to skip this step)
Using cached download
Unpacking SOAPpy...
done
working in /tmp/tmp_AxUj1conda_skeleton_SOAPpy-0.12.22.zip
Solving package specifications: .patching file core.py
Hunk #1 succeeded at 168 with fuzz 2 (offset 2 lines).

Applying patch: '/tmp/tmp_AxUj1conda_skeleton_SOAPpy-0.12.22.zip/pypi-distutils.patch'
Using url https://pypi.python.org/packages/source/d/defusedxml/defusedxml-0.4.1.tar.gz (48 KB) for defusedxml.
Downloading defusedxml (use --no-download to skip this step)
Using cached download
Unpacking defusedxml...
done
working in /tmp/tmp80DfkKconda_skeleton_defusedxml-0.4.1.tar.gz
Solving package specifications: .patching file core.py
Hunk #1 succeeded at 168 with fuzz 2 (offset 2 lines).

Applying patch: '/tmp/tmp80DfkKconda_skeleton_defusedxml-0.4.1.tar.gz/pypi-distutils.patch'
Using url https://pypi.python.org/packages/source/w/wstools/wstools-0.4.3.tar.gz (145 KB) for wstools.
Downloading wstools (use --no-download to skip this step)
Using cached download
Unpacking wstools...
done
working in /tmp/tmpO9CErLconda_skeleton_wstools-0.4.3.tar.gz
Solving package specifications: .patching file core.py
Hunk #1 succeeded at 168 with fuzz 2 (offset 2 lines).

Applying patch: '/tmp/tmpO9CErLconda_skeleton_wstools-0.4.3.tar.gz/pypi-distutils.patch'
Using url https://pypi.python.org/packages/source/p/pyserial/pyserial-2.7.tar.gz (119 KB) for pyserial.
Downloading pyserial (use --no-download to skip this step)
Using cached download
Unpacking pyserial...
done
working in /tmp/tmpbaZiYoconda_skeleton_pyserial-2.7.tar.gz
Solving package specifications: .patching file core.py
Hunk #1 succeeded at 168 with fuzz 2 (offset 2 lines).

Applying patch: '/tmp/tmpbaZiYoconda_skeleton_pyserial-2.7.tar.gz/pypi-distutils.patch'
Using url https://pypi.python.org/packages/source/p/pyserial/pyserial-2.7.tar.gz (119 KB) for pyserial.
Downloading pyserial (use --no-download to skip this step)
Using cached download
Unpacking pyserial...
done
working in /tmp/tmpmr_7feconda_skeleton_pyserial-2.7.tar.gz
Solving package specifications: .patching file core.py
Hunk #1 succeeded at 168 with fuzz 2 (offset 2 lines).

Applying patch: '/tmp/tmpmr_7feconda_skeleton_pyserial-2.7.tar.gz/pypi-distutils.patch'
soappy not found, trying SOAPpy
18
Using url https://pypi.python.org/packages/source/S/SOAPpy/SOAPpy-0.12.22.zip (169 KB) for SOAPpy.
Downloading SOAPpy (use --no-download to skip this step)
Using cached download
Unpacking SOAPpy...
done
working in /tmp/tmpLysbKAconda_skeleton_SOAPpy-0.12.22.zip
Solving package specifications: .patching file core.py
Hunk #1 succeeded at 168 with fuzz 2 (offset 2 lines).

Applying patch: '/tmp/tmpLysbKAconda_skeleton_SOAPpy-0.12.22.zip/pypi-distutils.patch'
Warning, the following versions were found for gmpy
1.17
1.16
1.15
Using 1.17
Use --version to specify a different version.
Using url https://pypi.python.org/packages/source/g/gmpy/gmpy-1.17.zip (144 KB) for gmpy.
Downloading gmpy (use --no-download to skip this step)
Using cached download
Unpacking gmpy...
done
working in /tmp/tmphvXg5sconda_skeleton_gmpy-1.17.zip
Solving package specifications: .patching file core.py
Hunk #1 succeeded at 168 with fuzz 2 (offset 2 lines).

Applying patch: '/tmp/tmphvXg5sconda_skeleton_gmpy-1.17.zip/pypi-distutils.patch'
Using url https://pypi.python.org/packages/source/s/service_identity/service_identity-14.0.0.tar.gz (25 KB) for service_identity.
Downloading service_identity (use --no-download to skip this step)
Using cached download
Unpacking service_identity...
done
working in /tmp/tmpJT0T28conda_skeleton_service_identity-14.0.0.tar.gz
Solving package specifications: .patching file core.py
Hunk #1 succeeded at 168 with fuzz 2 (offset 2 lines).

Applying patch: '/tmp/tmpJT0T28conda_skeleton_service_identity-14.0.0.tar.gz/pypi-distutils.patch'
Using url https://pypi.python.org/packages/source/c/characteristic/characteristic-14.3.0.tar.gz (26 KB) for characteristic.
Downloading characteristic (use --no-download to skip this step)
Using cached download
Unpacking characteristic...
done
working in /tmp/tmpbT_tdoconda_skeleton_characteristic-14.3.0.tar.gz
Solving package specifications: .patching file core.py
Hunk #1 succeeded at 168 with fuzz 2 (offset 2 lines).

Applying patch: '/tmp/tmpbT_tdoconda_skeleton_characteristic-14.3.0.tar.gz/pypi-distutils.patch'
Using url https://pypi.python.org/packages/source/p/pypiwin32/pypiwin32-219.zip (4.6 MB) for pypiwin32.
Downloading pypiwin32 (use --no-download to skip this step)
Using cached download
Unpacking pypiwin32...
done
working in /tmp/tmpr3mWsmconda_skeleton_pypiwin32-219.zip
Solving package specifications: .patching file core.py
Hunk #1 succeeded at 168 with fuzz 2 (offset 2 lines).
Traceback (most recent call last):
  File "setup.py", line 83, in <module>
    import _winreg
ImportError: No module named _winreg

Applying patch: '/tmp/tmpr3mWsmconda_skeleton_pypiwin32-219.zip/pypi-distutils.patch'
$PYTHONPATH = /tmp/tmpr3mWsmconda_skeleton_pypiwin32-219.zip/pypiwin32-219
Error: command failed: /home/hargup/anaconda/envs/_build/bin/python setup.py install
