There was an error importing jinja2.
Please run `conda install jinja2` to enable jinja template support
Removing old build directory
Removing old work directory
BUILD START: carbon-0.9.13-py27_0
Fetching package metadata: ......
Solving package specifications: .There was an error importing jinja2.
Please run `conda install jinja2` to enable jinja template support
+ /home/ubuntu/miniconda/envs/_build/bin/python setup.py install
/home/ubuntu/miniconda/envs/_build/lib/python2.7/distutils/dist.py:267: UserWarning: Unknown distribution option: 'install_requires'
  warnings.warn(msg)
running install
running build
running build_py
creating build
creating build/lib
creating build/lib/carbon
copying lib/carbon/protocols.py -> build/lib/carbon
copying lib/carbon/management.py -> build/lib/carbon
copying lib/carbon/storage.py -> build/lib/carbon
copying lib/carbon/relayrules.py -> build/lib/carbon
copying lib/carbon/amqp_publisher.py -> build/lib/carbon
copying lib/carbon/hashing.py -> build/lib/carbon
copying lib/carbon/manhole.py -> build/lib/carbon
copying lib/carbon/conf.py -> build/lib/carbon
copying lib/carbon/instrumentation.py -> build/lib/carbon
copying lib/carbon/regexlist.py -> build/lib/carbon
copying lib/carbon/rewrite.py -> build/lib/carbon
copying lib/carbon/events.py -> build/lib/carbon
copying lib/carbon/util.py -> build/lib/carbon
copying lib/carbon/cache.py -> build/lib/carbon
copying lib/carbon/routers.py -> build/lib/carbon
copying lib/carbon/log.py -> build/lib/carbon
copying lib/carbon/client.py -> build/lib/carbon
copying lib/carbon/service.py -> build/lib/carbon
copying lib/carbon/__init__.py -> build/lib/carbon
copying lib/carbon/amqp_listener.py -> build/lib/carbon
copying lib/carbon/state.py -> build/lib/carbon
copying lib/carbon/writer.py -> build/lib/carbon
copying lib/carbon/exceptions.py -> build/lib/carbon
creating build/lib/carbon/aggregator
copying lib/carbon/aggregator/receiver.py -> build/lib/carbon/aggregator
copying lib/carbon/aggregator/rules.py -> build/lib/carbon/aggregator
copying lib/carbon/aggregator/__init__.py -> build/lib/carbon/aggregator
copying lib/carbon/aggregator/buffers.py -> build/lib/carbon/aggregator
package init file 'lib/twisted/plugins/__init__.py' not found (or not a regular file)
creating build/lib/twisted
creating build/lib/twisted/plugins
copying lib/twisted/plugins/carbon_aggregator_plugin.py -> build/lib/twisted/plugins
copying lib/twisted/plugins/carbon_cache_plugin.py -> build/lib/twisted/plugins
copying lib/twisted/plugins/carbon_relay_plugin.py -> build/lib/twisted/plugins
copying lib/carbon/amqp0-8.xml -> build/lib/carbon
package init file 'lib/twisted/plugins/__init__.py' not found (or not a regular file)
running build_scripts
creating build/scripts-2.7
copying and adjusting bin/carbon-aggregator.py -> build/scripts-2.7
copying and adjusting bin/carbon-cache.py -> build/scripts-2.7
copying and adjusting bin/carbon-client.py -> build/scripts-2.7
copying and adjusting bin/carbon-relay.py -> build/scripts-2.7
copying and adjusting bin/validate-storage-schemas.py -> build/scripts-2.7
changing mode of build/scripts-2.7/carbon-aggregator.py from 664 to 775
changing mode of build/scripts-2.7/carbon-cache.py from 664 to 775
changing mode of build/scripts-2.7/carbon-client.py from 664 to 775
changing mode of build/scripts-2.7/carbon-relay.py from 664 to 775
changing mode of build/scripts-2.7/validate-storage-schemas.py from 664 to 775
running install_lib
creating /opt/graphite
error: could not create '/opt/graphite': Permission denied

The following NEW packages will be INSTALLED:

    openssl:        1.0.1k-1     
    pip:            6.1.1-py27_0 
    python:         2.7.9-3      
    readline:       6.2-2        
    setuptools:     16.0-py27_0  
    sqlite:         3.8.4.1-1    
    system:         5.8-2        
    tk:             8.5.18-0     
    twisted:        15.2.0-py27_0
    txamqp:         0.6.2-py27_0 
    zlib:           1.2.8-0      
    zope.interface: 4.1.2-py27_0 

Linking packages ...
[                    ]|                                                  |   0%[openssl             ]|                                                  |   0%[readline            ]|####                                              |   8%[sqlite              ]|########                                          |  16%[system              ]|############                                      |  25%[tk                  ]|################                                  |  33%[zlib                ]|####################                              |  41%[python              ]|#########################                         |  50%[setuptools          ]|#############################                     |  58%[pip                 ]|#################################                 |  66%[zope.interface      ]|#####################################             |  75%[twisted             ]|#########################################         |  83%[txamqp              ]|#############################################     |  91%[      COMPLETE      ]|##################################################| 100%
Removing old work directory
Source cache directory is: /home/ubuntu/miniconda/conda-bld/src_cache
Found source in cache: carbon-0.9.13.tar.gz
Extracting download
Package: carbon-0.9.13-py27_0
source tree in: /home/ubuntu/miniconda/conda-bld/work/carbon-0.9.13
Command failed: /bin/bash -x -e /home/ubuntu/pypi-conda-builds/recipes/carbon/build.sh
