Warning, the following versions were found for cassandra-driver
2.6.0c1
2.5.1
2.5.0
2.1.4
2.1.3
2.1.2
2.1.1
2.1.0
2.1.0c1
2.1.0b1
2.0.2
2.0.1
2.0.0
2.0.0b1
1.1.2
1.1.1
1.1.0
1.0.2
1.0.1
1.0.0
1.0.0b7
1.0.0b6
1.0.0b5
Using 2.6.0c1
Use --version to specify a different version.
Using url https://pypi.python.org/packages/source/c/cassandra-driver/cassandra-driver-2.6.0c1.tar.gz (162 KB) for cassandra-driver.
Downloading cassandra-driver (use --no-download to skip this step)
Using cached download
Unpacking cassandra-driver...
done
working in /tmp/tmpgXAhA3conda_skeleton_cassandra-driver-2.6.0c1.tar.gz
Fetching package metadata: ......
Solving package specifications: .patching file core.py
Hunk #1 succeeded at 168 with fuzz 2 (offset 2 lines).
Downloading https://pypi.python.org/packages/source/s/setuptools/setuptools-0.9.6.tar.gz
Extracting in /tmp/tmpnBC_Gi
Now working in /tmp/tmpnBC_Gi/setuptools-0.9.6
Building a Setuptools egg in /tmp/tmpgXAhA3conda_skeleton_cassandra-driver-2.6.0c1.tar.gz/cassandra-driver-2.6.0c1
/tmp/tmpgXAhA3conda_skeleton_cassandra-driver-2.6.0c1.tar.gz/cassandra-driver-2.6.0c1/setuptools-0.9.6-py2.7.egg
Traceback (most recent call last):
  File "setup.py", line 31, in <module>
    ez_setup.use_setuptools()
  File "/tmp/tmpgXAhA3conda_skeleton_cassandra-driver-2.6.0c1.tar.gz/cassandra-driver-2.6.0c1/ez_setup.py", line 116, in use_setuptools
    return _do_download(version, download_base, to_dir, download_delay)
  File "/tmp/tmpgXAhA3conda_skeleton_cassandra-driver-2.6.0c1.tar.gz/cassandra-driver-2.6.0c1/ez_setup.py", line 101, in _do_download
    _build_egg(egg, tarball, to_dir)
  File "/tmp/tmpgXAhA3conda_skeleton_cassandra-driver-2.6.0c1.tar.gz/cassandra-driver-2.6.0c1/ez_setup.py", line 92, in _build_egg
    raise IOError('Could not build the egg.')
IOError: Could not build the egg.

The following NEW packages will be INSTALLED:

    numpy:  1.9.2-py27_0
    pyyaml: 3.11-py27_0 

Linking packages ...
[                    ]|                                                  |   0%[numpy               ]|                                                  |   0%[pyyaml              ]|#########################                         |  50%[      COMPLETE      ]|##################################################| 100%
Applying patch: '/tmp/tmpgXAhA3conda_skeleton_cassandra-driver-2.6.0c1.tar.gz/pypi-distutils.patch'
$PYTHONPATH = /tmp/tmpgXAhA3conda_skeleton_cassandra-driver-2.6.0c1.tar.gz/cassandra-driver-2.6.0c1
Error: command failed: /home/ubuntu/miniconda/envs/_build/bin/python setup.py install
