Warning, the following versions were found for ceilometermiddleware
0.1.0
0
Using 0.1.0
Use --version to specify a different version.
Using url https://pypi.python.org/packages/source/c/ceilometermiddleware/ceilometermiddleware-0.1.0.tar.gz (13 KB) for ceilometermiddleware.
Downloading ceilometermiddleware (use --no-download to skip this step)
Using cached download
Unpacking ceilometermiddleware...
done
working in /tmp/tmpbMRPlaconda_skeleton_ceilometermiddleware-0.1.0.tar.gz
Fetching package metadata: ......
Solving package specifications: .patching file core.py
Hunk #1 succeeded at 168 with fuzz 2 (offset 2 lines).
Traceback (most recent call last):
  File "setup.py", line 18, in <module>
    import setuptools
ImportError: No module named setuptools

Applying patch: '/tmp/tmpbMRPlaconda_skeleton_ceilometermiddleware-0.1.0.tar.gz/pypi-distutils.patch'
$PYTHONPATH = /tmp/tmpbMRPlaconda_skeleton_ceilometermiddleware-0.1.0.tar.gz/ceilometermiddleware-0.1.0
Error: command failed: /home/ubuntu/miniconda/envs/_build/bin/python setup.py install
