Package search: {'_pypi_ordering': False, 'version': '3.1.18', 'name': 'celery', 'summary': 'Distributed Task Queue'}
Fetching package metadata: ....
Error: prefix already exists: /home/ubuntu/miniconda/envs/_pipbuild_
You are using pip version 7.0.1, however version 7.0.3 is available.
You should consider upgrading via the 'pip install --upgrade pip' command.
Exception:
Traceback (most recent call last):
  File "/home/ubuntu/miniconda/envs/_pipbuild_/lib/python2.7/site-packages/pip/basecommand.py", line 223, in main
    status = self.run(options, args)
  File "/home/ubuntu/miniconda/envs/_pipbuild_/lib/python2.7/site-packages/pip/commands/install.py", line 268, in run
    wheel_cache
  File "/home/ubuntu/miniconda/envs/_pipbuild_/lib/python2.7/site-packages/pip/basecommand.py", line 268, in populate_requirement_set
    wheel_cache=wheel_cache
  File "/home/ubuntu/miniconda/envs/_pipbuild_/lib/python2.7/site-packages/pip/req/req_install.py", line 207, in from_line
    wheel_cache=wheel_cache)
  File "/home/ubuntu/miniconda/envs/_pipbuild_/lib/python2.7/site-packages/pip/req/req_install.py", line 66, in __init__
    req = pkg_resources.Requirement.parse(req)
  File "/home/ubuntu/miniconda/envs/_pipbuild_/lib/python2.7/site-packages/pip/_vendor/pkg_resources/__init__.py", line 2960, in parse
    reqs = list(parse_requirements(s))
  File "/home/ubuntu/miniconda/envs/_pipbuild_/lib/python2.7/site-packages/pip/_vendor/pkg_resources/__init__.py", line 2904, in parse_requirements
    "version spec")
  File "/home/ubuntu/miniconda/envs/_pipbuild_/lib/python2.7/site-packages/pip/_vendor/pkg_resources/__init__.py", line 2869, in scan_list
    raise ValueError(msg, line, "at", line[p:])
ValueError: ('Expected version spec in', 'pytz==>dev', 'at', '==>dev')

Creating standard recipe for celery-3.1.18
Converting recipe in /home/ubuntu/pypi-conda-builds/celery
package = celery
   dependencies = [u'pytz >dev', u'billiard >=3.3.0.20,<3.4', u'kombu >=3.0.25,<3.1']
Creating standard recipe for pytz->dev
Error: Version >dev of pytz is not available on PyPI.

conda create -n _pipbuild_ --yes python pip
/home/ubuntu/miniconda/envs/_pipbuild_/bin/pip install pytz==>dev
Error: Could not pip install pytz==>dev
