chameleon not found, trying Chameleon
0
Warning, the following versions were found for Chameleon
2.22
2.21
2.20
2.19
2.18
2.17
2.16
2.15
2.14
2.13-1
2.13
2.12
2.11
2.10
2.9.2
2.9.1
2.9.0
2.8.5
2.8.4
2.8.3
2.8.2
2.8.1
2.8.0
2.7.4
2.7.3
2.7.2
2.7.1
2.7.0
2.6.2
2.6.1
2.6.0
2.5.3
2.5.2
2.5.1
2.5.0
2.4.6
2.4.5
2.4.4
2.4.3
2.4.2
2.4.1
2.4.0
2.3.8
2.3.7
2.3.6
2.3.5
2.3.4
2.3.3
2.3.2
2.3.1
2.3
2.2
2.1.1
2.1
2.0.2
2.0.1
2.0
2.0-rc14
2.0-rc13
2.0-rc12
2.0-rc11
2.0-rc10
2.0-rc9
2.0-rc8
2.0-rc7
2.0-rc6
2.0-rc5
2.0-rc4
2.0-rc3
2.0-rc2
2.0-rc1
1.3.0-rc1
1.2.13
1.2.12
1.2.11
1.2.10
1.2.9
1.2.7
1.2.6
1.2.5
1.2.4
1.2.3
1.2.2
1.2.1
1.2.0
1.1.2
1.1.1
1.1
1.0.8
1.0.7
1.0.6
1.0.5
1.0.4
1.0.3
1.0.2
1.0.1
1.0
Using 2.22
Use --version to specify a different version.
Using url https://pypi.python.org/packages/source/C/Chameleon/Chameleon-2.22.tar.gz (197 KB) for Chameleon.
Downloading Chameleon (use --no-download to skip this step)
Using cached download
Unpacking Chameleon...
done
working in /tmp/tmphETInuconda_skeleton_Chameleon-2.22.tar.gz
Fetching package metadata: ......
Solving package specifications: .patching file core.py
Hunk #1 succeeded at 168 with fuzz 2 (offset 2 lines).

The following NEW packages will be INSTALLED:

    numpy:      1.9.2-py27_0
    openssl:    1.0.1k-1    
    pip:        7.0.3-py27_0
    python:     2.7.10-0    
    pyyaml:     3.11-py27_0 
    readline:   6.2-2       
    setuptools: 17.0-py27_0 
    sqlite:     3.8.4.1-1   
    system:     5.8-2       
    tk:         8.5.18-0    
    yaml:       0.1.4-0     
    zlib:       1.2.8-0     

Linking packages ...
[                    ]|                                                  |   0%[openssl             ]|                                                  |   0%[readline            ]|####                                              |   8%[sqlite              ]|########                                          |  16%[system              ]|############                                      |  25%[tk                  ]|################                                  |  33%[yaml                ]|####################                              |  41%[zlib                ]|#########################                         |  50%[numpy               ]|#############################                     |  58%[python              ]|#################################                 |  66%[pyyaml              ]|#####################################             |  75%[setuptools          ]|#########################################         |  83%[pip                 ]|#############################################     |  91%[      COMPLETE      ]|##################################################| 100%
Applying patch: '/tmp/tmphETInuconda_skeleton_Chameleon-2.22.tar.gz/pypi-distutils.patch'
Writing recipe for chameleon
Done
