There was an error importing jinja2.
Please run `conda install jinja2` to enable jinja template support
Removing old build directory
Removing old work directory
BUILD START: chameleon-2.22-py27_0
Fetching package metadata: ......
Solving package specifications: .There was an error importing jinja2.
Please run `conda install jinja2` to enable jinja template support
+ /home/ubuntu/miniconda/envs/_build/bin/python setup.py install
running install
running bdist_egg
running egg_info
writing src/Chameleon.egg-info/PKG-INFO
writing top-level names to src/Chameleon.egg-info/top_level.txt
writing dependency_links to src/Chameleon.egg-info/dependency_links.txt
reading manifest file 'src/Chameleon.egg-info/SOURCES.txt'
reading manifest template 'MANIFEST.in'
writing manifest file 'src/Chameleon.egg-info/SOURCES.txt'
installing library code to build/bdist.linux-x86_64/egg
running install_lib
running build_py
creating build
creating build/lib
creating build/lib/chameleon
copying src/chameleon/tokenize.py -> build/lib/chameleon
copying src/chameleon/utils.py -> build/lib/chameleon
copying src/chameleon/nodes.py -> build/lib/chameleon
copying src/chameleon/config.py -> build/lib/chameleon
copying src/chameleon/ast25.py -> build/lib/chameleon
copying src/chameleon/i18n.py -> build/lib/chameleon
copying src/chameleon/compiler.py -> build/lib/chameleon
copying src/chameleon/exc.py -> build/lib/chameleon
copying src/chameleon/loader.py -> build/lib/chameleon
copying src/chameleon/tales.py -> build/lib/chameleon
copying src/chameleon/parser.py -> build/lib/chameleon
copying src/chameleon/program.py -> build/lib/chameleon
copying src/chameleon/benchmark.py -> build/lib/chameleon
copying src/chameleon/py25.py -> build/lib/chameleon
copying src/chameleon/interfaces.py -> build/lib/chameleon
copying src/chameleon/astutil.py -> build/lib/chameleon
copying src/chameleon/codegen.py -> build/lib/chameleon
copying src/chameleon/__init__.py -> build/lib/chameleon
copying src/chameleon/metal.py -> build/lib/chameleon
copying src/chameleon/template.py -> build/lib/chameleon
copying src/chameleon/py26.py -> build/lib/chameleon
copying src/chameleon/tal.py -> build/lib/chameleon
copying src/chameleon/namespaces.py -> build/lib/chameleon
creating build/lib/chameleon/tests
copying src/chameleon/tests/test_sniffing.py -> build/lib/chameleon/tests
copying src/chameleon/tests/test_templates.py -> build/lib/chameleon/tests
copying src/chameleon/tests/test_doctests.py -> build/lib/chameleon/tests
copying src/chameleon/tests/test_loader.py -> build/lib/chameleon/tests
copying src/chameleon/tests/test_parser.py -> build/lib/chameleon/tests
copying src/chameleon/tests/test_tokenizer.py -> build/lib/chameleon/tests
copying src/chameleon/tests/__init__.py -> build/lib/chameleon/tests
copying src/chameleon/tests/test_exc.py -> build/lib/chameleon/tests
creating build/lib/chameleon/zpt
copying src/chameleon/zpt/loader.py -> build/lib/chameleon/zpt
copying src/chameleon/zpt/program.py -> build/lib/chameleon/zpt
copying src/chameleon/zpt/__init__.py -> build/lib/chameleon/zpt
copying src/chameleon/zpt/template.py -> build/lib/chameleon/zpt
creating build/lib/chameleon/tests/inputs
copying src/chameleon/tests/inputs/001-interpolation.txt -> build/lib/chameleon/tests/inputs
copying src/chameleon/tests/inputs/001-interpolation.txt.py -> build/lib/chameleon/tests/inputs
copying src/chameleon/tests/inputs/001-variable-scope.html -> build/lib/chameleon/tests/inputs
copying src/chameleon/tests/inputs/001-variable-scope.pt -> build/lib/chameleon/tests/inputs
copying src/chameleon/tests/inputs/001-variable-scope.pt.py -> build/lib/chameleon/tests/inputs
copying src/chameleon/tests/inputs/001.xml -> build/lib/chameleon/tests/inputs
copying src/chameleon/tests/inputs/002-repeat-scope.pt -> build/lib/chameleon/tests/inputs
copying src/chameleon/tests/inputs/002-repeat-scope.pt.py -> build/lib/chameleon/tests/inputs
copying src/chameleon/tests/inputs/002.xml -> build/lib/chameleon/tests/inputs
copying src/chameleon/tests/inputs/003-content.pt -> build/lib/chameleon/tests/inputs
copying src/chameleon/tests/inputs/003-content.pt.py -> build/lib/chameleon/tests/inputs
copying src/chameleon/tests/inputs/003.xml -> build/lib/chameleon/tests/inputs
copying src/chameleon/tests/inputs/004-attributes.pt -> build/lib/chameleon/tests/inputs
copying src/chameleon/tests/inputs/004-attributes.pt.py -> build/lib/chameleon/tests/inputs
copying src/chameleon/tests/inputs/004.xml -> build/lib/chameleon/tests/inputs
copying src/chameleon/tests/inputs/005-default.pt -> build/lib/chameleon/tests/inputs
copying src/chameleon/tests/inputs/005-default.pt.py -> build/lib/chameleon/tests/inputs
copying src/chameleon/tests/inputs/005.xml -> build/lib/chameleon/tests/inputs
copying src/chameleon/tests/inputs/006-attribute-interpolation.pt -> build/lib/chameleon/tests/inputs
copying src/chameleon/tests/inputs/006-attribute-interpolation.pt.py -> build/lib/chameleon/tests/inputs
copying src/chameleon/tests/inputs/006.xml -> build/lib/chameleon/tests/inputs
copying src/chameleon/tests/inputs/007-content-interpolation.pt -> build/lib/chameleon/tests/inputs
copying src/chameleon/tests/inputs/007-content-interpolation.pt.py -> build/lib/chameleon/tests/inputs
copying src/chameleon/tests/inputs/007.xml -> build/lib/chameleon/tests/inputs
copying src/chameleon/tests/inputs/008-builtins.pt -> build/lib/chameleon/tests/inputs
copying src/chameleon/tests/inputs/008-builtins.pt.py -> build/lib/chameleon/tests/inputs
copying src/chameleon/tests/inputs/008.xml -> build/lib/chameleon/tests/inputs
copying src/chameleon/tests/inputs/009-literals.pt -> build/lib/chameleon/tests/inputs
copying src/chameleon/tests/inputs/009-literals.pt.py -> build/lib/chameleon/tests/inputs
copying src/chameleon/tests/inputs/009.xml -> build/lib/chameleon/tests/inputs
copying src/chameleon/tests/inputs/010-structure.pt -> build/lib/chameleon/tests/inputs
copying src/chameleon/tests/inputs/010-structure.pt.py -> build/lib/chameleon/tests/inputs
copying src/chameleon/tests/inputs/010.xml -> build/lib/chameleon/tests/inputs
copying src/chameleon/tests/inputs/011-messages.pt -> build/lib/chameleon/tests/inputs
copying src/chameleon/tests/inputs/011-messages.pt-en.py -> build/lib/chameleon/tests/inputs
copying src/chameleon/tests/inputs/011-messages.pt.py -> build/lib/chameleon/tests/inputs
copying src/chameleon/tests/inputs/011.xml -> build/lib/chameleon/tests/inputs
copying src/chameleon/tests/inputs/012-translation.pt -> build/lib/chameleon/tests/inputs
copying src/chameleon/tests/inputs/012-translation.pt-en.py -> build/lib/chameleon/tests/inputs
copying src/chameleon/tests/inputs/012-translation.pt.py -> build/lib/chameleon/tests/inputs
copying src/chameleon/tests/inputs/012.xml -> build/lib/chameleon/tests/inputs
copying src/chameleon/tests/inputs/013-repeat-nested.pt -> build/lib/chameleon/tests/inputs
copying src/chameleon/tests/inputs/013-repeat-nested.pt.py -> build/lib/chameleon/tests/inputs
copying src/chameleon/tests/inputs/013.xml -> build/lib/chameleon/tests/inputs
copying src/chameleon/tests/inputs/014-repeat-nested-similar.pt -> build/lib/chameleon/tests/inputs
copying src/chameleon/tests/inputs/014-repeat-nested-similar.pt.py -> build/lib/chameleon/tests/inputs
copying src/chameleon/tests/inputs/014.xml -> build/lib/chameleon/tests/inputs
copying src/chameleon/tests/inputs/015-translation-nested.pt -> build/lib/chameleon/tests/inputs
copying src/chameleon/tests/inputs/015-translation-nested.pt-en.py -> build/lib/chameleon/tests/inputs
copying src/chameleon/tests/inputs/015-translation-nested.pt.py -> build/lib/chameleon/tests/inputs
copying src/chameleon/tests/inputs/015.xml -> build/lib/chameleon/tests/inputs
copying src/chameleon/tests/inputs/016-explicit-translation.pt -> build/lib/chameleon/tests/inputs
copying src/chameleon/tests/inputs/016-explicit-translation.pt-en.py -> build/lib/chameleon/tests/inputs
copying src/chameleon/tests/inputs/016-explicit-translation.pt.py -> build/lib/chameleon/tests/inputs
copying src/chameleon/tests/inputs/016.xml -> build/lib/chameleon/tests/inputs
copying src/chameleon/tests/inputs/017-omit-tag.pt -> build/lib/chameleon/tests/inputs
copying src/chameleon/tests/inputs/017-omit-tag.pt.py -> build/lib/chameleon/tests/inputs
copying src/chameleon/tests/inputs/017.xml -> build/lib/chameleon/tests/inputs
copying src/chameleon/tests/inputs/018-translation-nested-dynamic.pt -> build/lib/chameleon/tests/inputs
copying src/chameleon/tests/inputs/018-translation-nested-dynamic.pt-en.py -> build/lib/chameleon/tests/inputs
copying src/chameleon/tests/inputs/018-translation-nested-dynamic.pt.py -> build/lib/chameleon/tests/inputs
copying src/chameleon/tests/inputs/018.xml -> build/lib/chameleon/tests/inputs
copying src/chameleon/tests/inputs/019-replace.pt -> build/lib/chameleon/tests/inputs
copying src/chameleon/tests/inputs/019-replace.pt.py -> build/lib/chameleon/tests/inputs
copying src/chameleon/tests/inputs/019.xml -> build/lib/chameleon/tests/inputs
copying src/chameleon/tests/inputs/020-on-error.pt -> build/lib/chameleon/tests/inputs
copying src/chameleon/tests/inputs/020-on-error.pt.py -> build/lib/chameleon/tests/inputs
copying src/chameleon/tests/inputs/020.xml -> build/lib/chameleon/tests/inputs
copying src/chameleon/tests/inputs/021-translation-domain.pt -> build/lib/chameleon/tests/inputs
copying src/chameleon/tests/inputs/021-translation-domain.pt-en.py -> build/lib/chameleon/tests/inputs
copying src/chameleon/tests/inputs/021-translation-domain.pt.py -> build/lib/chameleon/tests/inputs
copying src/chameleon/tests/inputs/021.xml -> build/lib/chameleon/tests/inputs
copying src/chameleon/tests/inputs/022-switch.pt -> build/lib/chameleon/tests/inputs
copying src/chameleon/tests/inputs/022-switch.pt.py -> build/lib/chameleon/tests/inputs
copying src/chameleon/tests/inputs/022.xml -> build/lib/chameleon/tests/inputs
copying src/chameleon/tests/inputs/023-condition.pt -> build/lib/chameleon/tests/inputs
copying src/chameleon/tests/inputs/023-condition.pt.py -> build/lib/chameleon/tests/inputs
copying src/chameleon/tests/inputs/023.xml -> build/lib/chameleon/tests/inputs
copying src/chameleon/tests/inputs/024-namespace-elements.pt -> build/lib/chameleon/tests/inputs
copying src/chameleon/tests/inputs/024-namespace-elements.pt.py -> build/lib/chameleon/tests/inputs
copying src/chameleon/tests/inputs/024.xml -> build/lib/chameleon/tests/inputs
copying src/chameleon/tests/inputs/025-repeat-whitespace.pt -> build/lib/chameleon/tests/inputs
copying src/chameleon/tests/inputs/025-repeat-whitespace.pt.py -> build/lib/chameleon/tests/inputs
copying src/chameleon/tests/inputs/025.xml -> build/lib/chameleon/tests/inputs
copying src/chameleon/tests/inputs/026-repeat-variable.pt -> build/lib/chameleon/tests/inputs
copying src/chameleon/tests/inputs/026-repeat-variable.pt.py -> build/lib/chameleon/tests/inputs
copying src/chameleon/tests/inputs/026.xml -> build/lib/chameleon/tests/inputs
copying src/chameleon/tests/inputs/027-attribute-replacement.pt -> build/lib/chameleon/tests/inputs
copying src/chameleon/tests/inputs/027-attribute-replacement.pt.py -> build/lib/chameleon/tests/inputs
copying src/chameleon/tests/inputs/027.xml -> build/lib/chameleon/tests/inputs
copying src/chameleon/tests/inputs/028-attribute-toggle.pt -> build/lib/chameleon/tests/inputs
copying src/chameleon/tests/inputs/028-attribute-toggle.pt.py -> build/lib/chameleon/tests/inputs
copying src/chameleon/tests/inputs/028.xml -> build/lib/chameleon/tests/inputs
copying src/chameleon/tests/inputs/029-attribute-ordering.pt -> build/lib/chameleon/tests/inputs
copying src/chameleon/tests/inputs/029-attribute-ordering.pt.py -> build/lib/chameleon/tests/inputs
copying src/chameleon/tests/inputs/029.xml -> build/lib/chameleon/tests/inputs
copying src/chameleon/tests/inputs/030-repeat-tuples.pt -> build/lib/chameleon/tests/inputs
copying src/chameleon/tests/inputs/030-repeat-tuples.pt.py -> build/lib/chameleon/tests/inputs
copying src/chameleon/tests/inputs/030.xml -> build/lib/chameleon/tests/inputs
copying src/chameleon/tests/inputs/031-namespace-with-tal.pt -> build/lib/chameleon/tests/inputs
copying src/chameleon/tests/inputs/031-namespace-with-tal.pt.py -> build/lib/chameleon/tests/inputs
copying src/chameleon/tests/inputs/031.xml -> build/lib/chameleon/tests/inputs
copying src/chameleon/tests/inputs/032-master-template.pt -> build/lib/chameleon/tests/inputs
copying src/chameleon/tests/inputs/032-master-template.pt.py -> build/lib/chameleon/tests/inputs
copying src/chameleon/tests/inputs/032.xml -> build/lib/chameleon/tests/inputs
copying src/chameleon/tests/inputs/033-use-macro-trivial.pt -> build/lib/chameleon/tests/inputs
copying src/chameleon/tests/inputs/033-use-macro-trivial.pt.py -> build/lib/chameleon/tests/inputs
copying src/chameleon/tests/inputs/033.xml -> build/lib/chameleon/tests/inputs
copying src/chameleon/tests/inputs/034-use-template-as-macro.pt -> build/lib/chameleon/tests/inputs
copying src/chameleon/tests/inputs/034-use-template-as-macro.pt.py -> build/lib/chameleon/tests/inputs
copying src/chameleon/tests/inputs/034.xml -> build/lib/chameleon/tests/inputs
copying src/chameleon/tests/inputs/035-use-macro-with-fill-slot.pt -> build/lib/chameleon/tests/inputs
copying src/chameleon/tests/inputs/035-use-macro-with-fill-slot.pt.py -> build/lib/chameleon/tests/inputs
copying src/chameleon/tests/inputs/035.xml -> build/lib/chameleon/tests/inputs
copying src/chameleon/tests/inputs/036-use-macro-inherits-dynamic-scope.pt -> build/lib/chameleon/tests/inputs
copying src/chameleon/tests/inputs/036.xml -> build/lib/chameleon/tests/inputs
copying src/chameleon/tests/inputs/037-use-macro-local-variable-scope.pt -> build/lib/chameleon/tests/inputs
copying src/chameleon/tests/inputs/037.xml -> build/lib/chameleon/tests/inputs
copying src/chameleon/tests/inputs/038-use-macro-globals.pt -> build/lib/chameleon/tests/inputs
copying src/chameleon/tests/inputs/038.xml -> build/lib/chameleon/tests/inputs
copying src/chameleon/tests/inputs/039-globals.pt -> build/lib/chameleon/tests/inputs
copying src/chameleon/tests/inputs/039.xml -> build/lib/chameleon/tests/inputs
copying src/chameleon/tests/inputs/040-macro-using-template-symbol.pt -> build/lib/chameleon/tests/inputs
copying src/chameleon/tests/inputs/040.xml -> build/lib/chameleon/tests/inputs
copying src/chameleon/tests/inputs/041-translate-nested-names.pt -> build/lib/chameleon/tests/inputs
copying src/chameleon/tests/inputs/041.xml -> build/lib/chameleon/tests/inputs
copying src/chameleon/tests/inputs/042-use-macro-fill-footer.pt -> build/lib/chameleon/tests/inputs
copying src/chameleon/tests/inputs/042.xml -> build/lib/chameleon/tests/inputs
copying src/chameleon/tests/inputs/043-macro-nested-dynamic-vars.pt -> build/lib/chameleon/tests/inputs
copying src/chameleon/tests/inputs/043.xml -> build/lib/chameleon/tests/inputs
copying src/chameleon/tests/inputs/044-tuple-define.pt -> build/lib/chameleon/tests/inputs
copying src/chameleon/tests/inputs/044.xml -> build/lib/chameleon/tests/inputs
copying src/chameleon/tests/inputs/045-namespaces.pt -> build/lib/chameleon/tests/inputs
copying src/chameleon/tests/inputs/045.xml -> build/lib/chameleon/tests/inputs
copying src/chameleon/tests/inputs/046-extend-macro.pt -> build/lib/chameleon/tests/inputs
copying src/chameleon/tests/inputs/046.xml -> build/lib/chameleon/tests/inputs
copying src/chameleon/tests/inputs/047-use-extended-macro.pt -> build/lib/chameleon/tests/inputs
copying src/chameleon/tests/inputs/047.xml -> build/lib/chameleon/tests/inputs
copying src/chameleon/tests/inputs/048-use-extended-macro-fill-original.pt -> build/lib/chameleon/tests/inputs
copying src/chameleon/tests/inputs/048.xml -> build/lib/chameleon/tests/inputs
copying src/chameleon/tests/inputs/049-entities-in-attributes.pt -> build/lib/chameleon/tests/inputs
copying src/chameleon/tests/inputs/049.xml -> build/lib/chameleon/tests/inputs
copying src/chameleon/tests/inputs/050-define-macro-and-use-not-extend.pt -> build/lib/chameleon/tests/inputs
copying src/chameleon/tests/inputs/050.xml -> build/lib/chameleon/tests/inputs
copying src/chameleon/tests/inputs/051-use-non-extended-macro.pt -> build/lib/chameleon/tests/inputs
copying src/chameleon/tests/inputs/051.xml -> build/lib/chameleon/tests/inputs
copying src/chameleon/tests/inputs/052-i18n-domain-inside-filled-slot.pt -> build/lib/chameleon/tests/inputs
copying src/chameleon/tests/inputs/052.xml -> build/lib/chameleon/tests/inputs
copying src/chameleon/tests/inputs/053-special-characters-in-attributes.pt -> build/lib/chameleon/tests/inputs
copying src/chameleon/tests/inputs/053.xml -> build/lib/chameleon/tests/inputs
copying src/chameleon/tests/inputs/054-import-expression.pt -> build/lib/chameleon/tests/inputs
copying src/chameleon/tests/inputs/054.xml -> build/lib/chameleon/tests/inputs
copying src/chameleon/tests/inputs/055-attribute-fallback-to-dict-lookup.pt -> build/lib/chameleon/tests/inputs
copying src/chameleon/tests/inputs/055.xml -> build/lib/chameleon/tests/inputs
copying src/chameleon/tests/inputs/056-comment-attribute.pt -> build/lib/chameleon/tests/inputs
copying src/chameleon/tests/inputs/056.xml -> build/lib/chameleon/tests/inputs
copying src/chameleon/tests/inputs/057-order.pt -> build/lib/chameleon/tests/inputs
copying src/chameleon/tests/inputs/057.xml -> build/lib/chameleon/tests/inputs
copying src/chameleon/tests/inputs/058-script.pt -> build/lib/chameleon/tests/inputs
copying src/chameleon/tests/inputs/058.xml -> build/lib/chameleon/tests/inputs
copying src/chameleon/tests/inputs/059-embedded-javascript.pt -> build/lib/chameleon/tests/inputs
copying src/chameleon/tests/inputs/059.xml -> build/lib/chameleon/tests/inputs
copying src/chameleon/tests/inputs/060-macro-with-multiple-same-slots.pt -> build/lib/chameleon/tests/inputs
copying src/chameleon/tests/inputs/060.xml -> build/lib/chameleon/tests/inputs
copying src/chameleon/tests/inputs/061-fill-one-slot-but-two-defined.pt -> build/lib/chameleon/tests/inputs
copying src/chameleon/tests/inputs/061.xml -> build/lib/chameleon/tests/inputs
copying src/chameleon/tests/inputs/062-comments-and-expressions.pt -> build/lib/chameleon/tests/inputs
copying src/chameleon/tests/inputs/062.xml -> build/lib/chameleon/tests/inputs
copying src/chameleon/tests/inputs/063-continuation.pt -> build/lib/chameleon/tests/inputs
copying src/chameleon/tests/inputs/063.xml -> build/lib/chameleon/tests/inputs
copying src/chameleon/tests/inputs/064-tags-and-special-characters.pt -> build/lib/chameleon/tests/inputs
copying src/chameleon/tests/inputs/064.xml -> build/lib/chameleon/tests/inputs
copying src/chameleon/tests/inputs/065-use-macro-in-fill.pt -> build/lib/chameleon/tests/inputs
copying src/chameleon/tests/inputs/065.xml -> build/lib/chameleon/tests/inputs
copying src/chameleon/tests/inputs/066-load-expression.pt -> build/lib/chameleon/tests/inputs
copying src/chameleon/tests/inputs/066.xml -> build/lib/chameleon/tests/inputs
copying src/chameleon/tests/inputs/067-attribute-decode.pt -> build/lib/chameleon/tests/inputs
copying src/chameleon/tests/inputs/067.xml -> build/lib/chameleon/tests/inputs
copying src/chameleon/tests/inputs/068-less-than-greater-than-in-attributes.pt -> build/lib/chameleon/tests/inputs
copying src/chameleon/tests/inputs/068.xml -> build/lib/chameleon/tests/inputs
copying src/chameleon/tests/inputs/069-translation-domain-and-macro.pt -> build/lib/chameleon/tests/inputs
copying src/chameleon/tests/inputs/069.xml -> build/lib/chameleon/tests/inputs
copying src/chameleon/tests/inputs/070-translation-domain-and-use-macro.pt -> build/lib/chameleon/tests/inputs
copying src/chameleon/tests/inputs/070.xml -> build/lib/chameleon/tests/inputs
copying src/chameleon/tests/inputs/071-html-attribute-defaults.pt -> build/lib/chameleon/tests/inputs
copying src/chameleon/tests/inputs/071.xml -> build/lib/chameleon/tests/inputs
copying src/chameleon/tests/inputs/072-repeat-interpolation.pt -> build/lib/chameleon/tests/inputs
copying src/chameleon/tests/inputs/072.xml -> build/lib/chameleon/tests/inputs
copying src/chameleon/tests/inputs/073-utf8-encoded.pt -> build/lib/chameleon/tests/inputs
copying src/chameleon/tests/inputs/073.xml -> build/lib/chameleon/tests/inputs
copying src/chameleon/tests/inputs/074-encoded-template.pt -> build/lib/chameleon/tests/inputs
copying src/chameleon/tests/inputs/074.xml -> build/lib/chameleon/tests/inputs
copying src/chameleon/tests/inputs/075-nested-macros.pt -> build/lib/chameleon/tests/inputs
copying src/chameleon/tests/inputs/075.xml -> build/lib/chameleon/tests/inputs
copying src/chameleon/tests/inputs/076-nested-macro-override.pt -> build/lib/chameleon/tests/inputs
copying src/chameleon/tests/inputs/076.xml -> build/lib/chameleon/tests/inputs
copying src/chameleon/tests/inputs/077-i18n-attributes.pt -> build/lib/chameleon/tests/inputs
copying src/chameleon/tests/inputs/077.xml -> build/lib/chameleon/tests/inputs
copying src/chameleon/tests/inputs/078-tags-and-newlines.pt -> build/lib/chameleon/tests/inputs
copying src/chameleon/tests/inputs/078.xml -> build/lib/chameleon/tests/inputs
copying src/chameleon/tests/inputs/079-implicit-i18n.pt -> build/lib/chameleon/tests/inputs
copying src/chameleon/tests/inputs/079.xml -> build/lib/chameleon/tests/inputs
copying src/chameleon/tests/inputs/080-xmlns-namespace-on-tal.pt -> build/lib/chameleon/tests/inputs
copying src/chameleon/tests/inputs/080.xml -> build/lib/chameleon/tests/inputs
copying src/chameleon/tests/inputs/081-load-spec.pt -> build/lib/chameleon/tests/inputs
copying src/chameleon/tests/inputs/081.xml -> build/lib/chameleon/tests/inputs
copying src/chameleon/tests/inputs/082-load-spec-computed.pt -> build/lib/chameleon/tests/inputs
copying src/chameleon/tests/inputs/082.xml -> build/lib/chameleon/tests/inputs
copying src/chameleon/tests/inputs/083-template-dict-to-macro.pt -> build/lib/chameleon/tests/inputs
copying src/chameleon/tests/inputs/083.xml -> build/lib/chameleon/tests/inputs
copying src/chameleon/tests/inputs/084-interpolation-in-cdata.pt -> build/lib/chameleon/tests/inputs
copying src/chameleon/tests/inputs/084.xml -> build/lib/chameleon/tests/inputs
copying src/chameleon/tests/inputs/085-nested-translation.pt -> build/lib/chameleon/tests/inputs
copying src/chameleon/tests/inputs/085.xml -> build/lib/chameleon/tests/inputs
copying src/chameleon/tests/inputs/086-self-closing.pt -> build/lib/chameleon/tests/inputs
copying src/chameleon/tests/inputs/086.xml -> build/lib/chameleon/tests/inputs
copying src/chameleon/tests/inputs/087-code-blocks.pt -> build/lib/chameleon/tests/inputs
copying src/chameleon/tests/inputs/087.xml -> build/lib/chameleon/tests/inputs
copying src/chameleon/tests/inputs/088-python-newlines.pt -> build/lib/chameleon/tests/inputs
copying src/chameleon/tests/inputs/088.xml -> build/lib/chameleon/tests/inputs
copying src/chameleon/tests/inputs/089-load-fallback.pt -> build/lib/chameleon/tests/inputs
copying src/chameleon/tests/inputs/089.xml -> build/lib/chameleon/tests/inputs
copying src/chameleon/tests/inputs/090-tuple-expression.pt -> build/lib/chameleon/tests/inputs
copying src/chameleon/tests/inputs/090.xml -> build/lib/chameleon/tests/inputs
copying src/chameleon/tests/inputs/091-repeat-none.pt -> build/lib/chameleon/tests/inputs
copying src/chameleon/tests/inputs/091.xml -> build/lib/chameleon/tests/inputs
copying src/chameleon/tests/inputs/092.xml -> build/lib/chameleon/tests/inputs
copying src/chameleon/tests/inputs/093.xml -> build/lib/chameleon/tests/inputs
copying src/chameleon/tests/inputs/094.xml -> build/lib/chameleon/tests/inputs
copying src/chameleon/tests/inputs/095.xml -> build/lib/chameleon/tests/inputs
copying src/chameleon/tests/inputs/096.xml -> build/lib/chameleon/tests/inputs
copying src/chameleon/tests/inputs/097.xml -> build/lib/chameleon/tests/inputs
copying src/chameleon/tests/inputs/098.xml -> build/lib/chameleon/tests/inputs
copying src/chameleon/tests/inputs/099.xml -> build/lib/chameleon/tests/inputs
copying src/chameleon/tests/inputs/100.xml -> build/lib/chameleon/tests/inputs
copying src/chameleon/tests/inputs/101-unclosed-tags.html -> build/lib/chameleon/tests/inputs
copying src/chameleon/tests/inputs/101.xml -> build/lib/chameleon/tests/inputs
copying src/chameleon/tests/inputs/102-unquoted-attributes.html -> build/lib/chameleon/tests/inputs
copying src/chameleon/tests/inputs/102.xml -> build/lib/chameleon/tests/inputs
copying src/chameleon/tests/inputs/103-simple-attribute.html -> build/lib/chameleon/tests/inputs
copying src/chameleon/tests/inputs/103.xml -> build/lib/chameleon/tests/inputs
copying src/chameleon/tests/inputs/104.xml -> build/lib/chameleon/tests/inputs
copying src/chameleon/tests/inputs/105.xml -> build/lib/chameleon/tests/inputs
copying src/chameleon/tests/inputs/106.xml -> build/lib/chameleon/tests/inputs
copying src/chameleon/tests/inputs/107.xml -> build/lib/chameleon/tests/inputs
copying src/chameleon/tests/inputs/108.xml -> build/lib/chameleon/tests/inputs
copying src/chameleon/tests/inputs/109.xml -> build/lib/chameleon/tests/inputs
copying src/chameleon/tests/inputs/110.xml -> build/lib/chameleon/tests/inputs
copying src/chameleon/tests/inputs/111.xml -> build/lib/chameleon/tests/inputs
copying src/chameleon/tests/inputs/112.xml -> build/lib/chameleon/tests/inputs
copying src/chameleon/tests/inputs/113.xml -> build/lib/chameleon/tests/inputs
copying src/chameleon/tests/inputs/114.xml -> build/lib/chameleon/tests/inputs
copying src/chameleon/tests/inputs/115.xml -> build/lib/chameleon/tests/inputs
copying src/chameleon/tests/inputs/116.xml -> build/lib/chameleon/tests/inputs
copying src/chameleon/tests/inputs/117.xml -> build/lib/chameleon/tests/inputs
copying src/chameleon/tests/inputs/118.xml -> build/lib/chameleon/tests/inputs
copying src/chameleon/tests/inputs/119.xml -> build/lib/chameleon/tests/inputs
copying src/chameleon/tests/inputs/120-translation-context.pt -> build/lib/chameleon/tests/inputs
copying src/chameleon/tests/inputs/121-translation-comment.pt -> build/lib/chameleon/tests/inputs
copying src/chameleon/tests/inputs/greeting.pt -> build/lib/chameleon/tests/inputs
copying src/chameleon/tests/inputs/hello_world.pt -> build/lib/chameleon/tests/inputs
copying src/chameleon/tests/inputs/hello_world.txt -> build/lib/chameleon/tests/inputs
copying src/chameleon/tests/inputs/hello_world.txt.py -> build/lib/chameleon/tests/inputs
creating build/lib/chameleon/tests/outputs
copying src/chameleon/tests/outputs/001.html -> build/lib/chameleon/tests/outputs
copying src/chameleon/tests/outputs/001.pt -> build/lib/chameleon/tests/outputs
copying src/chameleon/tests/outputs/001.txt -> build/lib/chameleon/tests/outputs
copying src/chameleon/tests/outputs/002.pt -> build/lib/chameleon/tests/outputs
copying src/chameleon/tests/outputs/003.pt -> build/lib/chameleon/tests/outputs
copying src/chameleon/tests/outputs/004.pt -> build/lib/chameleon/tests/outputs
copying src/chameleon/tests/outputs/005.pt -> build/lib/chameleon/tests/outputs
copying src/chameleon/tests/outputs/006.pt -> build/lib/chameleon/tests/outputs
copying src/chameleon/tests/outputs/007.pt -> build/lib/chameleon/tests/outputs
copying src/chameleon/tests/outputs/008.pt -> build/lib/chameleon/tests/outputs
copying src/chameleon/tests/outputs/009.pt -> build/lib/chameleon/tests/outputs
copying src/chameleon/tests/outputs/010.pt -> build/lib/chameleon/tests/outputs
copying src/chameleon/tests/outputs/011-en.pt -> build/lib/chameleon/tests/outputs
copying src/chameleon/tests/outputs/011.pt -> build/lib/chameleon/tests/outputs
copying src/chameleon/tests/outputs/012-en.pt -> build/lib/chameleon/tests/outputs
copying src/chameleon/tests/outputs/012.pt -> build/lib/chameleon/tests/outputs
copying src/chameleon/tests/outputs/013.pt -> build/lib/chameleon/tests/outputs
copying src/chameleon/tests/outputs/014.pt -> build/lib/chameleon/tests/outputs
copying src/chameleon/tests/outputs/015-en.pt -> build/lib/chameleon/tests/outputs
copying src/chameleon/tests/outputs/015.pt -> build/lib/chameleon/tests/outputs
copying src/chameleon/tests/outputs/016-en.pt -> build/lib/chameleon/tests/outputs
copying src/chameleon/tests/outputs/016.pt -> build/lib/chameleon/tests/outputs
copying src/chameleon/tests/outputs/017.pt -> build/lib/chameleon/tests/outputs
copying src/chameleon/tests/outputs/018-en.pt -> build/lib/chameleon/tests/outputs
copying src/chameleon/tests/outputs/018.pt -> build/lib/chameleon/tests/outputs
copying src/chameleon/tests/outputs/019.pt -> build/lib/chameleon/tests/outputs
copying src/chameleon/tests/outputs/020.pt -> build/lib/chameleon/tests/outputs
copying src/chameleon/tests/outputs/021-en.pt -> build/lib/chameleon/tests/outputs
copying src/chameleon/tests/outputs/021.pt -> build/lib/chameleon/tests/outputs
copying src/chameleon/tests/outputs/022.pt -> build/lib/chameleon/tests/outputs
copying src/chameleon/tests/outputs/023.pt -> build/lib/chameleon/tests/outputs
copying src/chameleon/tests/outputs/024.pt -> build/lib/chameleon/tests/outputs
copying src/chameleon/tests/outputs/025.pt -> build/lib/chameleon/tests/outputs
copying src/chameleon/tests/outputs/026.pt -> build/lib/chameleon/tests/outputs
copying src/chameleon/tests/outputs/027.pt -> build/lib/chameleon/tests/outputs
copying src/chameleon/tests/outputs/028.pt -> build/lib/chameleon/tests/outputs
copying src/chameleon/tests/outputs/029.pt -> build/lib/chameleon/tests/outputs
copying src/chameleon/tests/outputs/030.pt -> build/lib/chameleon/tests/outputs
copying src/chameleon/tests/outputs/031.pt -> build/lib/chameleon/tests/outputs
copying src/chameleon/tests/outputs/032.pt -> build/lib/chameleon/tests/outputs
copying src/chameleon/tests/outputs/033.pt -> build/lib/chameleon/tests/outputs
copying src/chameleon/tests/outputs/034.pt -> build/lib/chameleon/tests/outputs
copying src/chameleon/tests/outputs/035.pt -> build/lib/chameleon/tests/outputs
copying src/chameleon/tests/outputs/036.pt -> build/lib/chameleon/tests/outputs
copying src/chameleon/tests/outputs/037.pt -> build/lib/chameleon/tests/outputs
copying src/chameleon/tests/outputs/038.pt -> build/lib/chameleon/tests/outputs
copying src/chameleon/tests/outputs/039.pt -> build/lib/chameleon/tests/outputs
copying src/chameleon/tests/outputs/040.pt -> build/lib/chameleon/tests/outputs
copying src/chameleon/tests/outputs/041.pt -> build/lib/chameleon/tests/outputs
copying src/chameleon/tests/outputs/042.pt -> build/lib/chameleon/tests/outputs
copying src/chameleon/tests/outputs/043.pt -> build/lib/chameleon/tests/outputs
copying src/chameleon/tests/outputs/044.pt -> build/lib/chameleon/tests/outputs
copying src/chameleon/tests/outputs/045.pt -> build/lib/chameleon/tests/outputs
copying src/chameleon/tests/outputs/046.pt -> build/lib/chameleon/tests/outputs
copying src/chameleon/tests/outputs/047.pt -> build/lib/chameleon/tests/outputs
copying src/chameleon/tests/outputs/048.pt -> build/lib/chameleon/tests/outputs
copying src/chameleon/tests/outputs/049.pt -> build/lib/chameleon/tests/outputs
copying src/chameleon/tests/outputs/050.pt -> build/lib/chameleon/tests/outputs
copying src/chameleon/tests/outputs/051.pt -> build/lib/chameleon/tests/outputs
copying src/chameleon/tests/outputs/052.pt -> build/lib/chameleon/tests/outputs
copying src/chameleon/tests/outputs/053.pt -> build/lib/chameleon/tests/outputs
copying src/chameleon/tests/outputs/054.pt -> build/lib/chameleon/tests/outputs
copying src/chameleon/tests/outputs/055.pt -> build/lib/chameleon/tests/outputs
copying src/chameleon/tests/outputs/056.pt -> build/lib/chameleon/tests/outputs
copying src/chameleon/tests/outputs/057.pt -> build/lib/chameleon/tests/outputs
copying src/chameleon/tests/outputs/058.pt -> build/lib/chameleon/tests/outputs
copying src/chameleon/tests/outputs/059.pt -> build/lib/chameleon/tests/outputs
copying src/chameleon/tests/outputs/060.pt -> build/lib/chameleon/tests/outputs
copying src/chameleon/tests/outputs/061.pt -> build/lib/chameleon/tests/outputs
copying src/chameleon/tests/outputs/062.pt -> build/lib/chameleon/tests/outputs
copying src/chameleon/tests/outputs/063.pt -> build/lib/chameleon/tests/outputs
copying src/chameleon/tests/outputs/064.pt -> build/lib/chameleon/tests/outputs
copying src/chameleon/tests/outputs/065.pt -> build/lib/chameleon/tests/outputs
copying src/chameleon/tests/outputs/066.pt -> build/lib/chameleon/tests/outputs
copying src/chameleon/tests/outputs/067.pt -> build/lib/chameleon/tests/outputs
copying src/chameleon/tests/outputs/068.pt -> build/lib/chameleon/tests/outputs
copying src/chameleon/tests/outputs/069-en.pt -> build/lib/chameleon/tests/outputs
copying src/chameleon/tests/outputs/069.pt -> build/lib/chameleon/tests/outputs
copying src/chameleon/tests/outputs/070-en.pt -> build/lib/chameleon/tests/outputs
copying src/chameleon/tests/outputs/070.pt -> build/lib/chameleon/tests/outputs
copying src/chameleon/tests/outputs/071.pt -> build/lib/chameleon/tests/outputs
copying src/chameleon/tests/outputs/072.pt -> build/lib/chameleon/tests/outputs
copying src/chameleon/tests/outputs/073.pt -> build/lib/chameleon/tests/outputs
copying src/chameleon/tests/outputs/074.pt -> build/lib/chameleon/tests/outputs
copying src/chameleon/tests/outputs/075.pt -> build/lib/chameleon/tests/outputs
copying src/chameleon/tests/outputs/076.pt -> build/lib/chameleon/tests/outputs
copying src/chameleon/tests/outputs/077-en.pt -> build/lib/chameleon/tests/outputs
copying src/chameleon/tests/outputs/077.pt -> build/lib/chameleon/tests/outputs
copying src/chameleon/tests/outputs/078.pt -> build/lib/chameleon/tests/outputs
copying src/chameleon/tests/outputs/079-en.pt -> build/lib/chameleon/tests/outputs
copying src/chameleon/tests/outputs/079.pt -> build/lib/chameleon/tests/outputs
copying src/chameleon/tests/outputs/080.pt -> build/lib/chameleon/tests/outputs
copying src/chameleon/tests/outputs/081.pt -> build/lib/chameleon/tests/outputs
copying src/chameleon/tests/outputs/082.pt -> build/lib/chameleon/tests/outputs
copying src/chameleon/tests/outputs/083.pt -> build/lib/chameleon/tests/outputs
copying src/chameleon/tests/outputs/084.pt -> build/lib/chameleon/tests/outputs
copying src/chameleon/tests/outputs/085-en.pt -> build/lib/chameleon/tests/outputs
copying src/chameleon/tests/outputs/085.pt -> build/lib/chameleon/tests/outputs
copying src/chameleon/tests/outputs/086.pt -> build/lib/chameleon/tests/outputs
copying src/chameleon/tests/outputs/087.pt -> build/lib/chameleon/tests/outputs
copying src/chameleon/tests/outputs/088.pt -> build/lib/chameleon/tests/outputs
copying src/chameleon/tests/outputs/089.pt -> build/lib/chameleon/tests/outputs
copying src/chameleon/tests/outputs/090.pt -> build/lib/chameleon/tests/outputs
copying src/chameleon/tests/outputs/091.pt -> build/lib/chameleon/tests/outputs
copying src/chameleon/tests/outputs/101.html -> build/lib/chameleon/tests/outputs
copying src/chameleon/tests/outputs/102.html -> build/lib/chameleon/tests/outputs
copying src/chameleon/tests/outputs/103.html -> build/lib/chameleon/tests/outputs
copying src/chameleon/tests/outputs/120-en.pt -> build/lib/chameleon/tests/outputs
copying src/chameleon/tests/outputs/120.pt -> build/lib/chameleon/tests/outputs
copying src/chameleon/tests/outputs/121.pt -> build/lib/chameleon/tests/outputs
copying src/chameleon/tests/outputs/greeting.pt -> build/lib/chameleon/tests/outputs
copying src/chameleon/tests/outputs/hello_world.pt -> build/lib/chameleon/tests/outputs
copying src/chameleon/tests/outputs/hello_world.txt -> build/lib/chameleon/tests/outputs
creating build/bdist.linux-x86_64
creating build/bdist.linux-x86_64/egg
creating build/bdist.linux-x86_64/egg/chameleon
copying build/lib/chameleon/tokenize.py -> build/bdist.linux-x86_64/egg/chameleon
copying build/lib/chameleon/utils.py -> build/bdist.linux-x86_64/egg/chameleon
copying build/lib/chameleon/nodes.py -> build/bdist.linux-x86_64/egg/chameleon
copying build/lib/chameleon/config.py -> build/bdist.linux-x86_64/egg/chameleon
copying build/lib/chameleon/ast25.py -> build/bdist.linux-x86_64/egg/chameleon
copying build/lib/chameleon/i18n.py -> build/bdist.linux-x86_64/egg/chameleon
copying build/lib/chameleon/compiler.py -> build/bdist.linux-x86_64/egg/chameleon
copying build/lib/chameleon/exc.py -> build/bdist.linux-x86_64/egg/chameleon
copying build/lib/chameleon/loader.py -> build/bdist.linux-x86_64/egg/chameleon
copying build/lib/chameleon/tales.py -> build/bdist.linux-x86_64/egg/chameleon
copying build/lib/chameleon/parser.py -> build/bdist.linux-x86_64/egg/chameleon
copying build/lib/chameleon/program.py -> build/bdist.linux-x86_64/egg/chameleon
copying build/lib/chameleon/benchmark.py -> build/bdist.linux-x86_64/egg/chameleon
copying build/lib/chameleon/py25.py -> build/bdist.linux-x86_64/egg/chameleon
copying build/lib/chameleon/interfaces.py -> build/bdist.linux-x86_64/egg/chameleon
copying build/lib/chameleon/astutil.py -> build/bdist.linux-x86_64/egg/chameleon
creating build/bdist.linux-x86_64/egg/chameleon/tests
copying build/lib/chameleon/tests/test_sniffing.py -> build/bdist.linux-x86_64/egg/chameleon/tests
creating build/bdist.linux-x86_64/egg/chameleon/tests/inputs
copying build/lib/chameleon/tests/inputs/119.xml -> build/bdist.linux-x86_64/egg/chameleon/tests/inputs
copying build/lib/chameleon/tests/inputs/039-globals.pt -> build/bdist.linux-x86_64/egg/chameleon/tests/inputs
copying build/lib/chameleon/tests/inputs/113.xml -> build/bdist.linux-x86_64/egg/chameleon/tests/inputs
copying build/lib/chameleon/tests/inputs/014-repeat-nested-similar.pt -> build/bdist.linux-x86_64/egg/chameleon/tests/inputs
copying build/lib/chameleon/tests/inputs/017-omit-tag.pt -> build/bdist.linux-x86_64/egg/chameleon/tests/inputs
copying build/lib/chameleon/tests/inputs/068-less-than-greater-than-in-attributes.pt -> build/bdist.linux-x86_64/egg/chameleon/tests/inputs
copying build/lib/chameleon/tests/inputs/028.xml -> build/bdist.linux-x86_64/egg/chameleon/tests/inputs
copying build/lib/chameleon/tests/inputs/049-entities-in-attributes.pt -> build/bdist.linux-x86_64/egg/chameleon/tests/inputs
copying build/lib/chameleon/tests/inputs/012-translation.pt.py -> build/bdist.linux-x86_64/egg/chameleon/tests/inputs
copying build/lib/chameleon/tests/inputs/109.xml -> build/bdist.linux-x86_64/egg/chameleon/tests/inputs
copying build/lib/chameleon/tests/inputs/099.xml -> build/bdist.linux-x86_64/egg/chameleon/tests/inputs
copying build/lib/chameleon/tests/inputs/001-variable-scope.html -> build/bdist.linux-x86_64/egg/chameleon/tests/inputs
copying build/lib/chameleon/tests/inputs/045.xml -> build/bdist.linux-x86_64/egg/chameleon/tests/inputs
copying build/lib/chameleon/tests/inputs/022.xml -> build/bdist.linux-x86_64/egg/chameleon/tests/inputs
copying build/lib/chameleon/tests/inputs/101-unclosed-tags.html -> build/bdist.linux-x86_64/egg/chameleon/tests/inputs
copying build/lib/chameleon/tests/inputs/046.xml -> build/bdist.linux-x86_64/egg/chameleon/tests/inputs
copying build/lib/chameleon/tests/inputs/091.xml -> build/bdist.linux-x86_64/egg/chameleon/tests/inputs
copying build/lib/chameleon/tests/inputs/053.xml -> build/bdist.linux-x86_64/egg/chameleon/tests/inputs
copying build/lib/chameleon/tests/inputs/084.xml -> build/bdist.linux-x86_64/egg/chameleon/tests/inputs
copying build/lib/chameleon/tests/inputs/023-condition.pt -> build/bdist.linux-x86_64/egg/chameleon/tests/inputs
copying build/lib/chameleon/tests/inputs/063.xml -> build/bdist.linux-x86_64/egg/chameleon/tests/inputs
copying build/lib/chameleon/tests/inputs/080-xmlns-namespace-on-tal.pt -> build/bdist.linux-x86_64/egg/chameleon/tests/inputs
copying build/lib/chameleon/tests/inputs/077.xml -> build/bdist.linux-x86_64/egg/chameleon/tests/inputs
copying build/lib/chameleon/tests/inputs/062.xml -> build/bdist.linux-x86_64/egg/chameleon/tests/inputs
copying build/lib/chameleon/tests/inputs/060.xml -> build/bdist.linux-x86_64/egg/chameleon/tests/inputs
copying build/lib/chameleon/tests/inputs/001.xml -> build/bdist.linux-x86_64/egg/chameleon/tests/inputs
copying build/lib/chameleon/tests/inputs/025.xml -> build/bdist.linux-x86_64/egg/chameleon/tests/inputs
copying build/lib/chameleon/tests/inputs/012.xml -> build/bdist.linux-x86_64/egg/chameleon/tests/inputs
copying build/lib/chameleon/tests/inputs/074.xml -> build/bdist.linux-x86_64/egg/chameleon/tests/inputs
copying build/lib/chameleon/tests/inputs/011.xml -> build/bdist.linux-x86_64/egg/chameleon/tests/inputs
copying build/lib/chameleon/tests/inputs/027.xml -> build/bdist.linux-x86_64/egg/chameleon/tests/inputs
copying build/lib/chameleon/tests/inputs/081-load-spec.pt -> build/bdist.linux-x86_64/egg/chameleon/tests/inputs
copying build/lib/chameleon/tests/inputs/071-html-attribute-defaults.pt -> build/bdist.linux-x86_64/egg/chameleon/tests/inputs
copying build/lib/chameleon/tests/inputs/114.xml -> build/bdist.linux-x86_64/egg/chameleon/tests/inputs
copying build/lib/chameleon/tests/inputs/103.xml -> build/bdist.linux-x86_64/egg/chameleon/tests/inputs
copying build/lib/chameleon/tests/inputs/016.xml -> build/bdist.linux-x86_64/egg/chameleon/tests/inputs
copying build/lib/chameleon/tests/inputs/052-i18n-domain-inside-filled-slot.pt -> build/bdist.linux-x86_64/egg/chameleon/tests/inputs
copying build/lib/chameleon/tests/inputs/044.xml -> build/bdist.linux-x86_64/egg/chameleon/tests/inputs
copying build/lib/chameleon/tests/inputs/008-builtins.pt.py -> build/bdist.linux-x86_64/egg/chameleon/tests/inputs
copying build/lib/chameleon/tests/inputs/036.xml -> build/bdist.linux-x86_64/egg/chameleon/tests/inputs
copying build/lib/chameleon/tests/inputs/049.xml -> build/bdist.linux-x86_64/egg/chameleon/tests/inputs
copying build/lib/chameleon/tests/inputs/014.xml -> build/bdist.linux-x86_64/egg/chameleon/tests/inputs
copying build/lib/chameleon/tests/inputs/028-attribute-toggle.pt.py -> build/bdist.linux-x86_64/egg/chameleon/tests/inputs
copying build/lib/chameleon/tests/inputs/066.xml -> build/bdist.linux-x86_64/egg/chameleon/tests/inputs
copying build/lib/chameleon/tests/inputs/060-macro-with-multiple-same-slots.pt -> build/bdist.linux-x86_64/egg/chameleon/tests/inputs
copying build/lib/chameleon/tests/inputs/041-translate-nested-names.pt -> build/bdist.linux-x86_64/egg/chameleon/tests/inputs
copying build/lib/chameleon/tests/inputs/005.xml -> build/bdist.linux-x86_64/egg/chameleon/tests/inputs
copying build/lib/chameleon/tests/inputs/015-translation-nested.pt -> build/bdist.linux-x86_64/egg/chameleon/tests/inputs
copying build/lib/chameleon/tests/inputs/047-use-extended-macro.pt -> build/bdist.linux-x86_64/egg/chameleon/tests/inputs
copying build/lib/chameleon/tests/inputs/003-content.pt -> build/bdist.linux-x86_64/egg/chameleon/tests/inputs
copying build/lib/chameleon/tests/inputs/061.xml -> build/bdist.linux-x86_64/egg/chameleon/tests/inputs
copying build/lib/chameleon/tests/inputs/057.xml -> build/bdist.linux-x86_64/egg/chameleon/tests/inputs
copying build/lib/chameleon/tests/inputs/008.xml -> build/bdist.linux-x86_64/egg/chameleon/tests/inputs
copying build/lib/chameleon/tests/inputs/045-namespaces.pt -> build/bdist.linux-x86_64/egg/chameleon/tests/inputs
copying build/lib/chameleon/tests/inputs/018.xml -> build/bdist.linux-x86_64/egg/chameleon/tests/inputs
copying build/lib/chameleon/tests/inputs/069.xml -> build/bdist.linux-x86_64/egg/chameleon/tests/inputs
copying build/lib/chameleon/tests/inputs/111.xml -> build/bdist.linux-x86_64/egg/chameleon/tests/inputs
copying build/lib/chameleon/tests/inputs/019.xml -> build/bdist.linux-x86_64/egg/chameleon/tests/inputs
copying build/lib/chameleon/tests/inputs/030-repeat-tuples.pt.py -> build/bdist.linux-x86_64/egg/chameleon/tests/inputs
copying build/lib/chameleon/tests/inputs/026.xml -> build/bdist.linux-x86_64/egg/chameleon/tests/inputs
copying build/lib/chameleon/tests/inputs/032-master-template.pt.py -> build/bdist.linux-x86_64/egg/chameleon/tests/inputs
copying build/lib/chameleon/tests/inputs/023-condition.pt.py -> build/bdist.linux-x86_64/egg/chameleon/tests/inputs
copying build/lib/chameleon/tests/inputs/112.xml -> build/bdist.linux-x86_64/egg/chameleon/tests/inputs
copying build/lib/chameleon/tests/inputs/012-translation.pt -> build/bdist.linux-x86_64/egg/chameleon/tests/inputs
copying build/lib/chameleon/tests/inputs/015-translation-nested.pt.py -> build/bdist.linux-x86_64/egg/chameleon/tests/inputs
copying build/lib/chameleon/tests/inputs/078.xml -> build/bdist.linux-x86_64/egg/chameleon/tests/inputs
copying build/lib/chameleon/tests/inputs/083-template-dict-to-macro.pt -> build/bdist.linux-x86_64/egg/chameleon/tests/inputs
copying build/lib/chameleon/tests/inputs/102-unquoted-attributes.html -> build/bdist.linux-x86_64/egg/chameleon/tests/inputs
copying build/lib/chameleon/tests/inputs/036-use-macro-inherits-dynamic-scope.pt -> build/bdist.linux-x86_64/egg/chameleon/tests/inputs
copying build/lib/chameleon/tests/inputs/019-replace.pt -> build/bdist.linux-x86_64/egg/chameleon/tests/inputs
copying build/lib/chameleon/tests/inputs/072-repeat-interpolation.pt -> build/bdist.linux-x86_64/egg/chameleon/tests/inputs
copying build/lib/chameleon/tests/inputs/010.xml -> build/bdist.linux-x86_64/egg/chameleon/tests/inputs
copying build/lib/chameleon/tests/inputs/054.xml -> build/bdist.linux-x86_64/egg/chameleon/tests/inputs
copying build/lib/chameleon/tests/inputs/087.xml -> build/bdist.linux-x86_64/egg/chameleon/tests/inputs
copying build/lib/chameleon/tests/inputs/066-load-expression.pt -> build/bdist.linux-x86_64/egg/chameleon/tests/inputs
copying build/lib/chameleon/tests/inputs/115.xml -> build/bdist.linux-x86_64/egg/chameleon/tests/inputs
copying build/lib/chameleon/tests/inputs/059-embedded-javascript.pt -> build/bdist.linux-x86_64/egg/chameleon/tests/inputs
copying build/lib/chameleon/tests/inputs/094.xml -> build/bdist.linux-x86_64/egg/chameleon/tests/inputs
copying build/lib/chameleon/tests/inputs/070-translation-domain-and-use-macro.pt -> build/bdist.linux-x86_64/egg/chameleon/tests/inputs
copying build/lib/chameleon/tests/inputs/098.xml -> build/bdist.linux-x86_64/egg/chameleon/tests/inputs
copying build/lib/chameleon/tests/inputs/009-literals.pt.py -> build/bdist.linux-x86_64/egg/chameleon/tests/inputs
copying build/lib/chameleon/tests/inputs/030.xml -> build/bdist.linux-x86_64/egg/chameleon/tests/inputs
copying build/lib/chameleon/tests/inputs/004-attributes.pt.py -> build/bdist.linux-x86_64/egg/chameleon/tests/inputs
copying build/lib/chameleon/tests/inputs/089.xml -> build/bdist.linux-x86_64/egg/chameleon/tests/inputs
copying build/lib/chameleon/tests/inputs/081.xml -> build/bdist.linux-x86_64/egg/chameleon/tests/inputs
copying build/lib/chameleon/tests/inputs/116.xml -> build/bdist.linux-x86_64/egg/chameleon/tests/inputs
copying build/lib/chameleon/tests/inputs/050-define-macro-and-use-not-extend.pt -> build/bdist.linux-x86_64/egg/chameleon/tests/inputs
copying build/lib/chameleon/tests/inputs/010-structure.pt -> build/bdist.linux-x86_64/egg/chameleon/tests/inputs
copying build/lib/chameleon/tests/inputs/086.xml -> build/bdist.linux-x86_64/egg/chameleon/tests/inputs
copying build/lib/chameleon/tests/inputs/033-use-macro-trivial.pt -> build/bdist.linux-x86_64/egg/chameleon/tests/inputs
copying build/lib/chameleon/tests/inputs/042-use-macro-fill-footer.pt -> build/bdist.linux-x86_64/egg/chameleon/tests/inputs
copying build/lib/chameleon/tests/inputs/096.xml -> build/bdist.linux-x86_64/egg/chameleon/tests/inputs
copying build/lib/chameleon/tests/inputs/044-tuple-define.pt -> build/bdist.linux-x86_64/egg/chameleon/tests/inputs
copying build/lib/chameleon/tests/inputs/043.xml -> build/bdist.linux-x86_64/egg/chameleon/tests/inputs
copying build/lib/chameleon/tests/inputs/083.xml -> build/bdist.linux-x86_64/egg/chameleon/tests/inputs
copying build/lib/chameleon/tests/inputs/084-interpolation-in-cdata.pt -> build/bdist.linux-x86_64/egg/chameleon/tests/inputs
copying build/lib/chameleon/tests/inputs/059.xml -> build/bdist.linux-x86_64/egg/chameleon/tests/inputs
copying build/lib/chameleon/tests/inputs/065-use-macro-in-fill.pt -> build/bdist.linux-x86_64/egg/chameleon/tests/inputs
copying build/lib/chameleon/tests/inputs/002-repeat-scope.pt.py -> build/bdist.linux-x86_64/egg/chameleon/tests/inputs
copying build/lib/chameleon/tests/inputs/016-explicit-translation.pt-en.py -> build/bdist.linux-x86_64/egg/chameleon/tests/inputs
copying build/lib/chameleon/tests/inputs/001-variable-scope.pt.py -> build/bdist.linux-x86_64/egg/chameleon/tests/inputs
copying build/lib/chameleon/tests/inputs/108.xml -> build/bdist.linux-x86_64/egg/chameleon/tests/inputs
copying build/lib/chameleon/tests/inputs/020-on-error.pt.py -> build/bdist.linux-x86_64/egg/chameleon/tests/inputs
copying build/lib/chameleon/tests/inputs/075.xml -> build/bdist.linux-x86_64/egg/chameleon/tests/inputs
copying build/lib/chameleon/tests/inputs/117.xml -> build/bdist.linux-x86_64/egg/chameleon/tests/inputs
copying build/lib/chameleon/tests/inputs/031.xml -> build/bdist.linux-x86_64/egg/chameleon/tests/inputs
copying build/lib/chameleon/tests/inputs/029-attribute-ordering.pt.py -> build/bdist.linux-x86_64/egg/chameleon/tests/inputs
copying build/lib/chameleon/tests/inputs/025-repeat-whitespace.pt.py -> build/bdist.linux-x86_64/egg/chameleon/tests/inputs
copying build/lib/chameleon/tests/inputs/086-self-closing.pt -> build/bdist.linux-x86_64/egg/chameleon/tests/inputs
copying build/lib/chameleon/tests/inputs/023.xml -> build/bdist.linux-x86_64/egg/chameleon/tests/inputs
copying build/lib/chameleon/tests/inputs/005-default.pt.py -> build/bdist.linux-x86_64/egg/chameleon/tests/inputs
copying build/lib/chameleon/tests/inputs/015.xml -> build/bdist.linux-x86_64/egg/chameleon/tests/inputs
copying build/lib/chameleon/tests/inputs/104.xml -> build/bdist.linux-x86_64/egg/chameleon/tests/inputs
copying build/lib/chameleon/tests/inputs/037-use-macro-local-variable-scope.pt -> build/bdist.linux-x86_64/egg/chameleon/tests/inputs
copying build/lib/chameleon/tests/inputs/016-explicit-translation.pt -> build/bdist.linux-x86_64/egg/chameleon/tests/inputs
copying build/lib/chameleon/tests/inputs/093.xml -> build/bdist.linux-x86_64/egg/chameleon/tests/inputs
copying build/lib/chameleon/tests/inputs/076.xml -> build/bdist.linux-x86_64/egg/chameleon/tests/inputs
copying build/lib/chameleon/tests/inputs/013-repeat-nested.pt.py -> build/bdist.linux-x86_64/egg/chameleon/tests/inputs
copying build/lib/chameleon/tests/inputs/047.xml -> build/bdist.linux-x86_64/egg/chameleon/tests/inputs
copying build/lib/chameleon/tests/inputs/043-macro-nested-dynamic-vars.pt -> build/bdist.linux-x86_64/egg/chameleon/tests/inputs
copying build/lib/chameleon/tests/inputs/050.xml -> build/bdist.linux-x86_64/egg/chameleon/tests/inputs
copying build/lib/chameleon/tests/inputs/106.xml -> build/bdist.linux-x86_64/egg/chameleon/tests/inputs
copying build/lib/chameleon/tests/inputs/016-explicit-translation.pt.py -> build/bdist.linux-x86_64/egg/chameleon/tests/inputs
copying build/lib/chameleon/tests/inputs/greeting.pt -> build/bdist.linux-x86_64/egg/chameleon/tests/inputs
copying build/lib/chameleon/tests/inputs/042.xml -> build/bdist.linux-x86_64/egg/chameleon/tests/inputs
copying build/lib/chameleon/tests/inputs/090.xml -> build/bdist.linux-x86_64/egg/chameleon/tests/inputs
copying build/lib/chameleon/tests/inputs/025-repeat-whitespace.pt -> build/bdist.linux-x86_64/egg/chameleon/tests/inputs
copying build/lib/chameleon/tests/inputs/077-i18n-attributes.pt -> build/bdist.linux-x86_64/egg/chameleon/tests/inputs
copying build/lib/chameleon/tests/inputs/028-attribute-toggle.pt -> build/bdist.linux-x86_64/egg/chameleon/tests/inputs
copying build/lib/chameleon/tests/inputs/054-import-expression.pt -> build/bdist.linux-x86_64/egg/chameleon/tests/inputs
copying build/lib/chameleon/tests/inputs/078-tags-and-newlines.pt -> build/bdist.linux-x86_64/egg/chameleon/tests/inputs
copying build/lib/chameleon/tests/inputs/004-attributes.pt -> build/bdist.linux-x86_64/egg/chameleon/tests/inputs
copying build/lib/chameleon/tests/inputs/067.xml -> build/bdist.linux-x86_64/egg/chameleon/tests/inputs
copying build/lib/chameleon/tests/inputs/053-special-characters-in-attributes.pt -> build/bdist.linux-x86_64/egg/chameleon/tests/inputs
copying build/lib/chameleon/tests/inputs/001-interpolation.txt -> build/bdist.linux-x86_64/egg/chameleon/tests/inputs
copying build/lib/chameleon/tests/inputs/088-python-newlines.pt -> build/bdist.linux-x86_64/egg/chameleon/tests/inputs
copying build/lib/chameleon/tests/inputs/092.xml -> build/bdist.linux-x86_64/egg/chameleon/tests/inputs
copying build/lib/chameleon/tests/inputs/085-nested-translation.pt -> build/bdist.linux-x86_64/egg/chameleon/tests/inputs
copying build/lib/chameleon/tests/inputs/020.xml -> build/bdist.linux-x86_64/egg/chameleon/tests/inputs
copying build/lib/chameleon/tests/inputs/035.xml -> build/bdist.linux-x86_64/egg/chameleon/tests/inputs
copying build/lib/chameleon/tests/inputs/052.xml -> build/bdist.linux-x86_64/egg/chameleon/tests/inputs
copying build/lib/chameleon/tests/inputs/024.xml -> build/bdist.linux-x86_64/egg/chameleon/tests/inputs
copying build/lib/chameleon/tests/inputs/001-interpolation.txt.py -> build/bdist.linux-x86_64/egg/chameleon/tests/inputs
copying build/lib/chameleon/tests/inputs/013.xml -> build/bdist.linux-x86_64/egg/chameleon/tests/inputs
copying build/lib/chameleon/tests/inputs/015-translation-nested.pt-en.py -> build/bdist.linux-x86_64/egg/chameleon/tests/inputs
copying build/lib/chameleon/tests/inputs/056.xml -> build/bdist.linux-x86_64/egg/chameleon/tests/inputs
copying build/lib/chameleon/tests/inputs/065.xml -> build/bdist.linux-x86_64/egg/chameleon/tests/inputs
copying build/lib/chameleon/tests/inputs/121-translation-comment.pt -> build/bdist.linux-x86_64/egg/chameleon/tests/inputs
copying build/lib/chameleon/tests/inputs/024-namespace-elements.pt -> build/bdist.linux-x86_64/egg/chameleon/tests/inputs
copying build/lib/chameleon/tests/inputs/010-structure.pt.py -> build/bdist.linux-x86_64/egg/chameleon/tests/inputs
copying build/lib/chameleon/tests/inputs/064.xml -> build/bdist.linux-x86_64/egg/chameleon/tests/inputs
copying build/lib/chameleon/tests/inputs/hello_world.txt.py -> build/bdist.linux-x86_64/egg/chameleon/tests/inputs
copying build/lib/chameleon/tests/inputs/017.xml -> build/bdist.linux-x86_64/egg/chameleon/tests/inputs
copying build/lib/chameleon/tests/inputs/021-translation-domain.pt.py -> build/bdist.linux-x86_64/egg/chameleon/tests/inputs
copying build/lib/chameleon/tests/inputs/105.xml -> build/bdist.linux-x86_64/egg/chameleon/tests/inputs
copying build/lib/chameleon/tests/inputs/005-default.pt -> build/bdist.linux-x86_64/egg/chameleon/tests/inputs
copying build/lib/chameleon/tests/inputs/102.xml -> build/bdist.linux-x86_64/egg/chameleon/tests/inputs
copying build/lib/chameleon/tests/inputs/026-repeat-variable.pt -> build/bdist.linux-x86_64/egg/chameleon/tests/inputs
copying build/lib/chameleon/tests/inputs/007-content-interpolation.pt -> build/bdist.linux-x86_64/egg/chameleon/tests/inputs
copying build/lib/chameleon/tests/inputs/011-messages.pt-en.py -> build/bdist.linux-x86_64/egg/chameleon/tests/inputs
copying build/lib/chameleon/tests/inputs/hello_world.pt -> build/bdist.linux-x86_64/egg/chameleon/tests/inputs
copying build/lib/chameleon/tests/inputs/072.xml -> build/bdist.linux-x86_64/egg/chameleon/tests/inputs
copying build/lib/chameleon/tests/inputs/090-tuple-expression.pt -> build/bdist.linux-x86_64/egg/chameleon/tests/inputs
copying build/lib/chameleon/tests/inputs/074-encoded-template.pt -> build/bdist.linux-x86_64/egg/chameleon/tests/inputs
copying build/lib/chameleon/tests/inputs/068.xml -> build/bdist.linux-x86_64/egg/chameleon/tests/inputs
copying build/lib/chameleon/tests/inputs/091-repeat-none.pt -> build/bdist.linux-x86_64/egg/chameleon/tests/inputs
copying build/lib/chameleon/tests/inputs/001-variable-scope.pt -> build/bdist.linux-x86_64/egg/chameleon/tests/inputs
copying build/lib/chameleon/tests/inputs/009-literals.pt -> build/bdist.linux-x86_64/egg/chameleon/tests/inputs
copying build/lib/chameleon/tests/inputs/100.xml -> build/bdist.linux-x86_64/egg/chameleon/tests/inputs
copying build/lib/chameleon/tests/inputs/029-attribute-ordering.pt -> build/bdist.linux-x86_64/egg/chameleon/tests/inputs
copying build/lib/chameleon/tests/inputs/035-use-macro-with-fill-slot.pt.py -> build/bdist.linux-x86_64/egg/chameleon/tests/inputs
copying build/lib/chameleon/tests/inputs/011-messages.pt.py -> build/bdist.linux-x86_64/egg/chameleon/tests/inputs
copying build/lib/chameleon/tests/inputs/048.xml -> build/bdist.linux-x86_64/egg/chameleon/tests/inputs
copying build/lib/chameleon/tests/inputs/035-use-macro-with-fill-slot.pt -> build/bdist.linux-x86_64/egg/chameleon/tests/inputs
copying build/lib/chameleon/tests/inputs/034.xml -> build/bdist.linux-x86_64/egg/chameleon/tests/inputs
copying build/lib/chameleon/tests/inputs/020-on-error.pt -> build/bdist.linux-x86_64/egg/chameleon/tests/inputs
copying build/lib/chameleon/tests/inputs/079.xml -> build/bdist.linux-x86_64/egg/chameleon/tests/inputs
copying build/lib/chameleon/tests/inputs/027-attribute-replacement.pt.py -> build/bdist.linux-x86_64/egg/chameleon/tests/inputs
copying build/lib/chameleon/tests/inputs/032-master-template.pt -> build/bdist.linux-x86_64/egg/chameleon/tests/inputs
copying build/lib/chameleon/tests/inputs/082.xml -> build/bdist.linux-x86_64/egg/chameleon/tests/inputs
copying build/lib/chameleon/tests/inputs/110.xml -> build/bdist.linux-x86_64/egg/chameleon/tests/inputs
copying build/lib/chameleon/tests/inputs/048-use-extended-macro-fill-original.pt -> build/bdist.linux-x86_64/egg/chameleon/tests/inputs
copying build/lib/chameleon/tests/inputs/058-script.pt -> build/bdist.linux-x86_64/egg/chameleon/tests/inputs
copying build/lib/chameleon/tests/inputs/062-comments-and-expressions.pt -> build/bdist.linux-x86_64/egg/chameleon/tests/inputs
copying build/lib/chameleon/tests/inputs/071.xml -> build/bdist.linux-x86_64/egg/chameleon/tests/inputs
copying build/lib/chameleon/tests/inputs/008-builtins.pt -> build/bdist.linux-x86_64/egg/chameleon/tests/inputs
copying build/lib/chameleon/tests/inputs/107.xml -> build/bdist.linux-x86_64/egg/chameleon/tests/inputs
copying build/lib/chameleon/tests/inputs/073.xml -> build/bdist.linux-x86_64/egg/chameleon/tests/inputs
copying build/lib/chameleon/tests/inputs/007.xml -> build/bdist.linux-x86_64/egg/chameleon/tests/inputs
copying build/lib/chameleon/tests/inputs/118.xml -> build/bdist.linux-x86_64/egg/chameleon/tests/inputs
copying build/lib/chameleon/tests/inputs/006.xml -> build/bdist.linux-x86_64/egg/chameleon/tests/inputs
copying build/lib/chameleon/tests/inputs/079-implicit-i18n.pt -> build/bdist.linux-x86_64/egg/chameleon/tests/inputs
copying build/lib/chameleon/tests/inputs/002.xml -> build/bdist.linux-x86_64/egg/chameleon/tests/inputs
copying build/lib/chameleon/tests/inputs/022-switch.pt -> build/bdist.linux-x86_64/egg/chameleon/tests/inputs
copying build/lib/chameleon/tests/inputs/089-load-fallback.pt -> build/bdist.linux-x86_64/egg/chameleon/tests/inputs
copying build/lib/chameleon/tests/inputs/038-use-macro-globals.pt -> build/bdist.linux-x86_64/egg/chameleon/tests/inputs
copying build/lib/chameleon/tests/inputs/070.xml -> build/bdist.linux-x86_64/egg/chameleon/tests/inputs
copying build/lib/chameleon/tests/inputs/061-fill-one-slot-but-two-defined.pt -> build/bdist.linux-x86_64/egg/chameleon/tests/inputs
copying build/lib/chameleon/tests/inputs/018-translation-nested-dynamic.pt -> build/bdist.linux-x86_64/egg/chameleon/tests/inputs
copying build/lib/chameleon/tests/inputs/046-extend-macro.pt -> build/bdist.linux-x86_64/egg/chameleon/tests/inputs
copying build/lib/chameleon/tests/inputs/004.xml -> build/bdist.linux-x86_64/egg/chameleon/tests/inputs
copying build/lib/chameleon/tests/inputs/017-omit-tag.pt.py -> build/bdist.linux-x86_64/egg/chameleon/tests/inputs
copying build/lib/chameleon/tests/inputs/103-simple-attribute.html -> build/bdist.linux-x86_64/egg/chameleon/tests/inputs
copying build/lib/chameleon/tests/inputs/040.xml -> build/bdist.linux-x86_64/egg/chameleon/tests/inputs
copying build/lib/chameleon/tests/inputs/033.xml -> build/bdist.linux-x86_64/egg/chameleon/tests/inputs
copying build/lib/chameleon/tests/inputs/073-utf8-encoded.pt -> build/bdist.linux-x86_64/egg/chameleon/tests/inputs
copying build/lib/chameleon/tests/inputs/019-replace.pt.py -> build/bdist.linux-x86_64/egg/chameleon/tests/inputs
copying build/lib/chameleon/tests/inputs/076-nested-macro-override.pt -> build/bdist.linux-x86_64/egg/chameleon/tests/inputs
copying build/lib/chameleon/tests/inputs/026-repeat-variable.pt.py -> build/bdist.linux-x86_64/egg/chameleon/tests/inputs
copying build/lib/chameleon/tests/inputs/024-namespace-elements.pt.py -> build/bdist.linux-x86_64/egg/chameleon/tests/inputs
copying build/lib/chameleon/tests/inputs/003.xml -> build/bdist.linux-x86_64/egg/chameleon/tests/inputs
copying build/lib/chameleon/tests/inputs/011-messages.pt -> build/bdist.linux-x86_64/egg/chameleon/tests/inputs
copying build/lib/chameleon/tests/inputs/006-attribute-interpolation.pt -> build/bdist.linux-x86_64/egg/chameleon/tests/inputs
copying build/lib/chameleon/tests/inputs/085.xml -> build/bdist.linux-x86_64/egg/chameleon/tests/inputs
copying build/lib/chameleon/tests/inputs/041.xml -> build/bdist.linux-x86_64/egg/chameleon/tests/inputs
copying build/lib/chameleon/tests/inputs/033-use-macro-trivial.pt.py -> build/bdist.linux-x86_64/egg/chameleon/tests/inputs
copying build/lib/chameleon/tests/inputs/088.xml -> build/bdist.linux-x86_64/egg/chameleon/tests/inputs
copying build/lib/chameleon/tests/inputs/056-comment-attribute.pt -> build/bdist.linux-x86_64/egg/chameleon/tests/inputs
copying build/lib/chameleon/tests/inputs/082-load-spec-computed.pt -> build/bdist.linux-x86_64/egg/chameleon/tests/inputs
copying build/lib/chameleon/tests/inputs/039.xml -> build/bdist.linux-x86_64/egg/chameleon/tests/inputs
copying build/lib/chameleon/tests/inputs/hello_world.txt -> build/bdist.linux-x86_64/egg/chameleon/tests/inputs
copying build/lib/chameleon/tests/inputs/012-translation.pt-en.py -> build/bdist.linux-x86_64/egg/chameleon/tests/inputs
copying build/lib/chameleon/tests/inputs/021-translation-domain.pt-en.py -> build/bdist.linux-x86_64/egg/chameleon/tests/inputs
copying build/lib/chameleon/tests/inputs/022-switch.pt.py -> build/bdist.linux-x86_64/egg/chameleon/tests/inputs
copying build/lib/chameleon/tests/inputs/051.xml -> build/bdist.linux-x86_64/egg/chameleon/tests/inputs
copying build/lib/chameleon/tests/inputs/031-namespace-with-tal.pt -> build/bdist.linux-x86_64/egg/chameleon/tests/inputs
copying build/lib/chameleon/tests/inputs/080.xml -> build/bdist.linux-x86_64/egg/chameleon/tests/inputs
copying build/lib/chameleon/tests/inputs/030-repeat-tuples.pt -> build/bdist.linux-x86_64/egg/chameleon/tests/inputs
copying build/lib/chameleon/tests/inputs/051-use-non-extended-macro.pt -> build/bdist.linux-x86_64/egg/chameleon/tests/inputs
copying build/lib/chameleon/tests/inputs/002-repeat-scope.pt -> build/bdist.linux-x86_64/egg/chameleon/tests/inputs
copying build/lib/chameleon/tests/inputs/063-continuation.pt -> build/bdist.linux-x86_64/egg/chameleon/tests/inputs
copying build/lib/chameleon/tests/inputs/057-order.pt -> build/bdist.linux-x86_64/egg/chameleon/tests/inputs
copying build/lib/chameleon/tests/inputs/101.xml -> build/bdist.linux-x86_64/egg/chameleon/tests/inputs
copying build/lib/chameleon/tests/inputs/034-use-template-as-macro.pt -> build/bdist.linux-x86_64/egg/chameleon/tests/inputs
copying build/lib/chameleon/tests/inputs/018-translation-nested-dynamic.pt-en.py -> build/bdist.linux-x86_64/egg/chameleon/tests/inputs
copying build/lib/chameleon/tests/inputs/021.xml -> build/bdist.linux-x86_64/egg/chameleon/tests/inputs
copying build/lib/chameleon/tests/inputs/095.xml -> build/bdist.linux-x86_64/egg/chameleon/tests/inputs
copying build/lib/chameleon/tests/inputs/058.xml -> build/bdist.linux-x86_64/egg/chameleon/tests/inputs
copying build/lib/chameleon/tests/inputs/034-use-template-as-macro.pt.py -> build/bdist.linux-x86_64/egg/chameleon/tests/inputs
copying build/lib/chameleon/tests/inputs/067-attribute-decode.pt -> build/bdist.linux-x86_64/egg/chameleon/tests/inputs
copying build/lib/chameleon/tests/inputs/013-repeat-nested.pt -> build/bdist.linux-x86_64/egg/chameleon/tests/inputs
copying build/lib/chameleon/tests/inputs/014-repeat-nested-similar.pt.py -> build/bdist.linux-x86_64/egg/chameleon/tests/inputs
copying build/lib/chameleon/tests/inputs/055.xml -> build/bdist.linux-x86_64/egg/chameleon/tests/inputs
copying build/lib/chameleon/tests/inputs/032.xml -> build/bdist.linux-x86_64/egg/chameleon/tests/inputs
copying build/lib/chameleon/tests/inputs/087-code-blocks.pt -> build/bdist.linux-x86_64/egg/chameleon/tests/inputs
copying build/lib/chameleon/tests/inputs/040-macro-using-template-symbol.pt -> build/bdist.linux-x86_64/egg/chameleon/tests/inputs
copying build/lib/chameleon/tests/inputs/075-nested-macros.pt -> build/bdist.linux-x86_64/egg/chameleon/tests/inputs
copying build/lib/chameleon/tests/inputs/069-translation-domain-and-macro.pt -> build/bdist.linux-x86_64/egg/chameleon/tests/inputs
copying build/lib/chameleon/tests/inputs/018-translation-nested-dynamic.pt.py -> build/bdist.linux-x86_64/egg/chameleon/tests/inputs
copying build/lib/chameleon/tests/inputs/006-attribute-interpolation.pt.py -> build/bdist.linux-x86_64/egg/chameleon/tests/inputs
copying build/lib/chameleon/tests/inputs/055-attribute-fallback-to-dict-lookup.pt -> build/bdist.linux-x86_64/egg/chameleon/tests/inputs
copying build/lib/chameleon/tests/inputs/031-namespace-with-tal.pt.py -> build/bdist.linux-x86_64/egg/chameleon/tests/inputs
copying build/lib/chameleon/tests/inputs/120-translation-context.pt -> build/bdist.linux-x86_64/egg/chameleon/tests/inputs
copying build/lib/chameleon/tests/inputs/027-attribute-replacement.pt -> build/bdist.linux-x86_64/egg/chameleon/tests/inputs
copying build/lib/chameleon/tests/inputs/007-content-interpolation.pt.py -> build/bdist.linux-x86_64/egg/chameleon/tests/inputs
copying build/lib/chameleon/tests/inputs/009.xml -> build/bdist.linux-x86_64/egg/chameleon/tests/inputs
copying build/lib/chameleon/tests/inputs/038.xml -> build/bdist.linux-x86_64/egg/chameleon/tests/inputs
copying build/lib/chameleon/tests/inputs/021-translation-domain.pt -> build/bdist.linux-x86_64/egg/chameleon/tests/inputs
copying build/lib/chameleon/tests/inputs/029.xml -> build/bdist.linux-x86_64/egg/chameleon/tests/inputs
copying build/lib/chameleon/tests/inputs/037.xml -> build/bdist.linux-x86_64/egg/chameleon/tests/inputs
copying build/lib/chameleon/tests/inputs/064-tags-and-special-characters.pt -> build/bdist.linux-x86_64/egg/chameleon/tests/inputs
copying build/lib/chameleon/tests/inputs/097.xml -> build/bdist.linux-x86_64/egg/chameleon/tests/inputs
copying build/lib/chameleon/tests/inputs/003-content.pt.py -> build/bdist.linux-x86_64/egg/chameleon/tests/inputs
copying build/lib/chameleon/tests/test_templates.py -> build/bdist.linux-x86_64/egg/chameleon/tests
copying build/lib/chameleon/tests/test_doctests.py -> build/bdist.linux-x86_64/egg/chameleon/tests
copying build/lib/chameleon/tests/test_loader.py -> build/bdist.linux-x86_64/egg/chameleon/tests
copying build/lib/chameleon/tests/test_parser.py -> build/bdist.linux-x86_64/egg/chameleon/tests
copying build/lib/chameleon/tests/test_tokenizer.py -> build/bdist.linux-x86_64/egg/chameleon/tests
copying build/lib/chameleon/tests/__init__.py -> build/bdist.linux-x86_64/egg/chameleon/tests
creating build/bdist.linux-x86_64/egg/chameleon/tests/outputs
copying build/lib/chameleon/tests/outputs/037.pt -> build/bdist.linux-x86_64/egg/chameleon/tests/outputs
copying build/lib/chameleon/tests/outputs/029.pt -> build/bdist.linux-x86_64/egg/chameleon/tests/outputs
copying build/lib/chameleon/tests/outputs/074.pt -> build/bdist.linux-x86_64/egg/chameleon/tests/outputs
copying build/lib/chameleon/tests/outputs/080.pt -> build/bdist.linux-x86_64/egg/chameleon/tests/outputs
copying build/lib/chameleon/tests/outputs/088.pt -> build/bdist.linux-x86_64/egg/chameleon/tests/outputs
copying build/lib/chameleon/tests/outputs/016-en.pt -> build/bdist.linux-x86_64/egg/chameleon/tests/outputs
copying build/lib/chameleon/tests/outputs/048.pt -> build/bdist.linux-x86_64/egg/chameleon/tests/outputs
copying build/lib/chameleon/tests/outputs/079-en.pt -> build/bdist.linux-x86_64/egg/chameleon/tests/outputs
copying build/lib/chameleon/tests/outputs/019.pt -> build/bdist.linux-x86_64/egg/chameleon/tests/outputs
copying build/lib/chameleon/tests/outputs/090.pt -> build/bdist.linux-x86_64/egg/chameleon/tests/outputs
copying build/lib/chameleon/tests/outputs/055.pt -> build/bdist.linux-x86_64/egg/chameleon/tests/outputs
copying build/lib/chameleon/tests/outputs/015.pt -> build/bdist.linux-x86_64/egg/chameleon/tests/outputs
copying build/lib/chameleon/tests/outputs/018-en.pt -> build/bdist.linux-x86_64/egg/chameleon/tests/outputs
copying build/lib/chameleon/tests/outputs/023.pt -> build/bdist.linux-x86_64/egg/chameleon/tests/outputs
copying build/lib/chameleon/tests/outputs/011.pt -> build/bdist.linux-x86_64/egg/chameleon/tests/outputs
copying build/lib/chameleon/tests/outputs/002.pt -> build/bdist.linux-x86_64/egg/chameleon/tests/outputs
copying build/lib/chameleon/tests/outputs/008.pt -> build/bdist.linux-x86_64/egg/chameleon/tests/outputs
copying build/lib/chameleon/tests/outputs/067.pt -> build/bdist.linux-x86_64/egg/chameleon/tests/outputs
copying build/lib/chameleon/tests/outputs/001.pt -> build/bdist.linux-x86_64/egg/chameleon/tests/outputs
copying build/lib/chameleon/tests/outputs/064.pt -> build/bdist.linux-x86_64/egg/chameleon/tests/outputs
copying build/lib/chameleon/tests/outputs/028.pt -> build/bdist.linux-x86_64/egg/chameleon/tests/outputs
copying build/lib/chameleon/tests/outputs/030.pt -> build/bdist.linux-x86_64/egg/chameleon/tests/outputs
copying build/lib/chameleon/tests/outputs/102.html -> build/bdist.linux-x86_64/egg/chameleon/tests/outputs
copying build/lib/chameleon/tests/outputs/012.pt -> build/bdist.linux-x86_64/egg/chameleon/tests/outputs
copying build/lib/chameleon/tests/outputs/120.pt -> build/bdist.linux-x86_64/egg/chameleon/tests/outputs
copying build/lib/chameleon/tests/outputs/013.pt -> build/bdist.linux-x86_64/egg/chameleon/tests/outputs
copying build/lib/chameleon/tests/outputs/016.pt -> build/bdist.linux-x86_64/egg/chameleon/tests/outputs
copying build/lib/chameleon/tests/outputs/070.pt -> build/bdist.linux-x86_64/egg/chameleon/tests/outputs
copying build/lib/chameleon/tests/outputs/059.pt -> build/bdist.linux-x86_64/egg/chameleon/tests/outputs
copying build/lib/chameleon/tests/outputs/101.html -> build/bdist.linux-x86_64/egg/chameleon/tests/outputs
copying build/lib/chameleon/tests/outputs/061.pt -> build/bdist.linux-x86_64/egg/chameleon/tests/outputs
copying build/lib/chameleon/tests/outputs/034.pt -> build/bdist.linux-x86_64/egg/chameleon/tests/outputs
copying build/lib/chameleon/tests/outputs/050.pt -> build/bdist.linux-x86_64/egg/chameleon/tests/outputs
copying build/lib/chameleon/tests/outputs/069-en.pt -> build/bdist.linux-x86_64/egg/chameleon/tests/outputs
copying build/lib/chameleon/tests/outputs/062.pt -> build/bdist.linux-x86_64/egg/chameleon/tests/outputs
copying build/lib/chameleon/tests/outputs/040.pt -> build/bdist.linux-x86_64/egg/chameleon/tests/outputs
copying build/lib/chameleon/tests/outputs/005.pt -> build/bdist.linux-x86_64/egg/chameleon/tests/outputs
copying build/lib/chameleon/tests/outputs/068.pt -> build/bdist.linux-x86_64/egg/chameleon/tests/outputs
copying build/lib/chameleon/tests/outputs/022.pt -> build/bdist.linux-x86_64/egg/chameleon/tests/outputs
copying build/lib/chameleon/tests/outputs/054.pt -> build/bdist.linux-x86_64/egg/chameleon/tests/outputs
copying build/lib/chameleon/tests/outputs/081.pt -> build/bdist.linux-x86_64/egg/chameleon/tests/outputs
copying build/lib/chameleon/tests/outputs/003.pt -> build/bdist.linux-x86_64/egg/chameleon/tests/outputs
copying build/lib/chameleon/tests/outputs/009.pt -> build/bdist.linux-x86_64/egg/chameleon/tests/outputs
copying build/lib/chameleon/tests/outputs/046.pt -> build/bdist.linux-x86_64/egg/chameleon/tests/outputs
copying build/lib/chameleon/tests/outputs/024.pt -> build/bdist.linux-x86_64/egg/chameleon/tests/outputs
copying build/lib/chameleon/tests/outputs/066.pt -> build/bdist.linux-x86_64/egg/chameleon/tests/outputs
copying build/lib/chameleon/tests/outputs/078.pt -> build/bdist.linux-x86_64/egg/chameleon/tests/outputs
copying build/lib/chameleon/tests/outputs/greeting.pt -> build/bdist.linux-x86_64/egg/chameleon/tests/outputs
copying build/lib/chameleon/tests/outputs/027.pt -> build/bdist.linux-x86_64/egg/chameleon/tests/outputs
copying build/lib/chameleon/tests/outputs/120-en.pt -> build/bdist.linux-x86_64/egg/chameleon/tests/outputs
copying build/lib/chameleon/tests/outputs/014.pt -> build/bdist.linux-x86_64/egg/chameleon/tests/outputs
copying build/lib/chameleon/tests/outputs/001.html -> build/bdist.linux-x86_64/egg/chameleon/tests/outputs
copying build/lib/chameleon/tests/outputs/021.pt -> build/bdist.linux-x86_64/egg/chameleon/tests/outputs
copying build/lib/chameleon/tests/outputs/085.pt -> build/bdist.linux-x86_64/egg/chameleon/tests/outputs
copying build/lib/chameleon/tests/outputs/070-en.pt -> build/bdist.linux-x86_64/egg/chameleon/tests/outputs
copying build/lib/chameleon/tests/outputs/044.pt -> build/bdist.linux-x86_64/egg/chameleon/tests/outputs
copying build/lib/chameleon/tests/outputs/020.pt -> build/bdist.linux-x86_64/egg/chameleon/tests/outputs
copying build/lib/chameleon/tests/outputs/017.pt -> build/bdist.linux-x86_64/egg/chameleon/tests/outputs
copying build/lib/chameleon/tests/outputs/084.pt -> build/bdist.linux-x86_64/egg/chameleon/tests/outputs
copying build/lib/chameleon/tests/outputs/043.pt -> build/bdist.linux-x86_64/egg/chameleon/tests/outputs
copying build/lib/chameleon/tests/outputs/010.pt -> build/bdist.linux-x86_64/egg/chameleon/tests/outputs
copying build/lib/chameleon/tests/outputs/089.pt -> build/bdist.linux-x86_64/egg/chameleon/tests/outputs
copying build/lib/chameleon/tests/outputs/071.pt -> build/bdist.linux-x86_64/egg/chameleon/tests/outputs
copying build/lib/chameleon/tests/outputs/041.pt -> build/bdist.linux-x86_64/egg/chameleon/tests/outputs
copying build/lib/chameleon/tests/outputs/042.pt -> build/bdist.linux-x86_64/egg/chameleon/tests/outputs
copying build/lib/chameleon/tests/outputs/076.pt -> build/bdist.linux-x86_64/egg/chameleon/tests/outputs
copying build/lib/chameleon/tests/outputs/083.pt -> build/bdist.linux-x86_64/egg/chameleon/tests/outputs
copying build/lib/chameleon/tests/outputs/026.pt -> build/bdist.linux-x86_64/egg/chameleon/tests/outputs
copying build/lib/chameleon/tests/outputs/047.pt -> build/bdist.linux-x86_64/egg/chameleon/tests/outputs
copying build/lib/chameleon/tests/outputs/056.pt -> build/bdist.linux-x86_64/egg/chameleon/tests/outputs
copying build/lib/chameleon/tests/outputs/hello_world.pt -> build/bdist.linux-x86_64/egg/chameleon/tests/outputs
copying build/lib/chameleon/tests/outputs/085-en.pt -> build/bdist.linux-x86_64/egg/chameleon/tests/outputs
copying build/lib/chameleon/tests/outputs/077.pt -> build/bdist.linux-x86_64/egg/chameleon/tests/outputs
copying build/lib/chameleon/tests/outputs/039.pt -> build/bdist.linux-x86_64/egg/chameleon/tests/outputs
copying build/lib/chameleon/tests/outputs/103.html -> build/bdist.linux-x86_64/egg/chameleon/tests/outputs
copying build/lib/chameleon/tests/outputs/007.pt -> build/bdist.linux-x86_64/egg/chameleon/tests/outputs
copying build/lib/chameleon/tests/outputs/033.pt -> build/bdist.linux-x86_64/egg/chameleon/tests/outputs
copying build/lib/chameleon/tests/outputs/121.pt -> build/bdist.linux-x86_64/egg/chameleon/tests/outputs
copying build/lib/chameleon/tests/outputs/032.pt -> build/bdist.linux-x86_64/egg/chameleon/tests/outputs
copying build/lib/chameleon/tests/outputs/051.pt -> build/bdist.linux-x86_64/egg/chameleon/tests/outputs
copying build/lib/chameleon/tests/outputs/038.pt -> build/bdist.linux-x86_64/egg/chameleon/tests/outputs
copying build/lib/chameleon/tests/outputs/057.pt -> build/bdist.linux-x86_64/egg/chameleon/tests/outputs
copying build/lib/chameleon/tests/outputs/082.pt -> build/bdist.linux-x86_64/egg/chameleon/tests/outputs
copying build/lib/chameleon/tests/outputs/004.pt -> build/bdist.linux-x86_64/egg/chameleon/tests/outputs
copying build/lib/chameleon/tests/outputs/077-en.pt -> build/bdist.linux-x86_64/egg/chameleon/tests/outputs
copying build/lib/chameleon/tests/outputs/015-en.pt -> build/bdist.linux-x86_64/egg/chameleon/tests/outputs
copying build/lib/chameleon/tests/outputs/018.pt -> build/bdist.linux-x86_64/egg/chameleon/tests/outputs
copying build/lib/chameleon/tests/outputs/049.pt -> build/bdist.linux-x86_64/egg/chameleon/tests/outputs
copying build/lib/chameleon/tests/outputs/035.pt -> build/bdist.linux-x86_64/egg/chameleon/tests/outputs
copying build/lib/chameleon/tests/outputs/072.pt -> build/bdist.linux-x86_64/egg/chameleon/tests/outputs
copying build/lib/chameleon/tests/outputs/086.pt -> build/bdist.linux-x86_64/egg/chameleon/tests/outputs
copying build/lib/chameleon/tests/outputs/058.pt -> build/bdist.linux-x86_64/egg/chameleon/tests/outputs
copying build/lib/chameleon/tests/outputs/025.pt -> build/bdist.linux-x86_64/egg/chameleon/tests/outputs
copying build/lib/chameleon/tests/outputs/052.pt -> build/bdist.linux-x86_64/egg/chameleon/tests/outputs
copying build/lib/chameleon/tests/outputs/091.pt -> build/bdist.linux-x86_64/egg/chameleon/tests/outputs
copying build/lib/chameleon/tests/outputs/006.pt -> build/bdist.linux-x86_64/egg/chameleon/tests/outputs
copying build/lib/chameleon/tests/outputs/045.pt -> build/bdist.linux-x86_64/egg/chameleon/tests/outputs
copying build/lib/chameleon/tests/outputs/063.pt -> build/bdist.linux-x86_64/egg/chameleon/tests/outputs
copying build/lib/chameleon/tests/outputs/hello_world.txt -> build/bdist.linux-x86_64/egg/chameleon/tests/outputs
copying build/lib/chameleon/tests/outputs/069.pt -> build/bdist.linux-x86_64/egg/chameleon/tests/outputs
copying build/lib/chameleon/tests/outputs/001.txt -> build/bdist.linux-x86_64/egg/chameleon/tests/outputs
copying build/lib/chameleon/tests/outputs/075.pt -> build/bdist.linux-x86_64/egg/chameleon/tests/outputs
copying build/lib/chameleon/tests/outputs/031.pt -> build/bdist.linux-x86_64/egg/chameleon/tests/outputs
copying build/lib/chameleon/tests/outputs/065.pt -> build/bdist.linux-x86_64/egg/chameleon/tests/outputs
copying build/lib/chameleon/tests/outputs/079.pt -> build/bdist.linux-x86_64/egg/chameleon/tests/outputs
copying build/lib/chameleon/tests/outputs/021-en.pt -> build/bdist.linux-x86_64/egg/chameleon/tests/outputs
copying build/lib/chameleon/tests/outputs/053.pt -> build/bdist.linux-x86_64/egg/chameleon/tests/outputs
copying build/lib/chameleon/tests/outputs/012-en.pt -> build/bdist.linux-x86_64/egg/chameleon/tests/outputs
copying build/lib/chameleon/tests/outputs/087.pt -> build/bdist.linux-x86_64/egg/chameleon/tests/outputs
copying build/lib/chameleon/tests/outputs/073.pt -> build/bdist.linux-x86_64/egg/chameleon/tests/outputs
copying build/lib/chameleon/tests/outputs/011-en.pt -> build/bdist.linux-x86_64/egg/chameleon/tests/outputs
copying build/lib/chameleon/tests/outputs/036.pt -> build/bdist.linux-x86_64/egg/chameleon/tests/outputs
copying build/lib/chameleon/tests/outputs/060.pt -> build/bdist.linux-x86_64/egg/chameleon/tests/outputs
copying build/lib/chameleon/tests/test_exc.py -> build/bdist.linux-x86_64/egg/chameleon/tests
copying build/lib/chameleon/codegen.py -> build/bdist.linux-x86_64/egg/chameleon
copying build/lib/chameleon/__init__.py -> build/bdist.linux-x86_64/egg/chameleon
creating build/bdist.linux-x86_64/egg/chameleon/zpt
copying build/lib/chameleon/zpt/loader.py -> build/bdist.linux-x86_64/egg/chameleon/zpt
copying build/lib/chameleon/zpt/program.py -> build/bdist.linux-x86_64/egg/chameleon/zpt
copying build/lib/chameleon/zpt/__init__.py -> build/bdist.linux-x86_64/egg/chameleon/zpt
copying build/lib/chameleon/zpt/template.py -> build/bdist.linux-x86_64/egg/chameleon/zpt
copying build/lib/chameleon/metal.py -> build/bdist.linux-x86_64/egg/chameleon
copying build/lib/chameleon/template.py -> build/bdist.linux-x86_64/egg/chameleon
copying build/lib/chameleon/py26.py -> build/bdist.linux-x86_64/egg/chameleon
copying build/lib/chameleon/tal.py -> build/bdist.linux-x86_64/egg/chameleon
copying build/lib/chameleon/namespaces.py -> build/bdist.linux-x86_64/egg/chameleon
byte-compiling build/bdist.linux-x86_64/egg/chameleon/tokenize.py to tokenize.pyc
byte-compiling build/bdist.linux-x86_64/egg/chameleon/utils.py to utils.pyc
byte-compiling build/bdist.linux-x86_64/egg/chameleon/nodes.py to nodes.pyc
byte-compiling build/bdist.linux-x86_64/egg/chameleon/config.py to config.pyc
byte-compiling build/bdist.linux-x86_64/egg/chameleon/ast25.py to ast25.pyc
byte-compiling build/bdist.linux-x86_64/egg/chameleon/i18n.py to i18n.pyc
byte-compiling build/bdist.linux-x86_64/egg/chameleon/compiler.py to compiler.pyc
byte-compiling build/bdist.linux-x86_64/egg/chameleon/exc.py to exc.pyc
byte-compiling build/bdist.linux-x86_64/egg/chameleon/loader.py to loader.pyc
byte-compiling build/bdist.linux-x86_64/egg/chameleon/tales.py to tales.pyc
byte-compiling build/bdist.linux-x86_64/egg/chameleon/parser.py to parser.pyc
byte-compiling build/bdist.linux-x86_64/egg/chameleon/program.py to program.pyc
byte-compiling build/bdist.linux-x86_64/egg/chameleon/benchmark.py to benchmark.pyc
byte-compiling build/bdist.linux-x86_64/egg/chameleon/py25.py to py25.pyc
byte-compiling build/bdist.linux-x86_64/egg/chameleon/interfaces.py to interfaces.pyc
byte-compiling build/bdist.linux-x86_64/egg/chameleon/astutil.py to astutil.pyc
byte-compiling build/bdist.linux-x86_64/egg/chameleon/tests/test_sniffing.py to test_sniffing.pyc
byte-compiling build/bdist.linux-x86_64/egg/chameleon/tests/inputs/012-translation.pt.py to 012-translation.pt.pyc
byte-compiling build/bdist.linux-x86_64/egg/chameleon/tests/inputs/008-builtins.pt.py to 008-builtins.pt.pyc
byte-compiling build/bdist.linux-x86_64/egg/chameleon/tests/inputs/028-attribute-toggle.pt.py to 028-attribute-toggle.pt.pyc
byte-compiling build/bdist.linux-x86_64/egg/chameleon/tests/inputs/030-repeat-tuples.pt.py to 030-repeat-tuples.pt.pyc
byte-compiling build/bdist.linux-x86_64/egg/chameleon/tests/inputs/032-master-template.pt.py to 032-master-template.pt.pyc
byte-compiling build/bdist.linux-x86_64/egg/chameleon/tests/inputs/023-condition.pt.py to 023-condition.pt.pyc
byte-compiling build/bdist.linux-x86_64/egg/chameleon/tests/inputs/015-translation-nested.pt.py to 015-translation-nested.pt.pyc
byte-compiling build/bdist.linux-x86_64/egg/chameleon/tests/inputs/009-literals.pt.py to 009-literals.pt.pyc
byte-compiling build/bdist.linux-x86_64/egg/chameleon/tests/inputs/004-attributes.pt.py to 004-attributes.pt.pyc
byte-compiling build/bdist.linux-x86_64/egg/chameleon/tests/inputs/002-repeat-scope.pt.py to 002-repeat-scope.pt.pyc
byte-compiling build/bdist.linux-x86_64/egg/chameleon/tests/inputs/016-explicit-translation.pt-en.py to 016-explicit-translation.pt-en.pyc
byte-compiling build/bdist.linux-x86_64/egg/chameleon/tests/inputs/001-variable-scope.pt.py to 001-variable-scope.pt.pyc
byte-compiling build/bdist.linux-x86_64/egg/chameleon/tests/inputs/020-on-error.pt.py to 020-on-error.pt.pyc
byte-compiling build/bdist.linux-x86_64/egg/chameleon/tests/inputs/029-attribute-ordering.pt.py to 029-attribute-ordering.pt.pyc
byte-compiling build/bdist.linux-x86_64/egg/chameleon/tests/inputs/025-repeat-whitespace.pt.py to 025-repeat-whitespace.pt.pyc
byte-compiling build/bdist.linux-x86_64/egg/chameleon/tests/inputs/005-default.pt.py to 005-default.pt.pyc
byte-compiling build/bdist.linux-x86_64/egg/chameleon/tests/inputs/013-repeat-nested.pt.py to 013-repeat-nested.pt.pyc
byte-compiling build/bdist.linux-x86_64/egg/chameleon/tests/inputs/016-explicit-translation.pt.py to 016-explicit-translation.pt.pyc
byte-compiling build/bdist.linux-x86_64/egg/chameleon/tests/inputs/001-interpolation.txt.py to 001-interpolation.txt.pyc
byte-compiling build/bdist.linux-x86_64/egg/chameleon/tests/inputs/015-translation-nested.pt-en.py to 015-translation-nested.pt-en.pyc
byte-compiling build/bdist.linux-x86_64/egg/chameleon/tests/inputs/010-structure.pt.py to 010-structure.pt.pyc
byte-compiling build/bdist.linux-x86_64/egg/chameleon/tests/inputs/hello_world.txt.py to hello_world.txt.pyc
byte-compiling build/bdist.linux-x86_64/egg/chameleon/tests/inputs/021-translation-domain.pt.py to 021-translation-domain.pt.pyc
byte-compiling build/bdist.linux-x86_64/egg/chameleon/tests/inputs/011-messages.pt-en.py to 011-messages.pt-en.pyc
byte-compiling build/bdist.linux-x86_64/egg/chameleon/tests/inputs/035-use-macro-with-fill-slot.pt.py to 035-use-macro-with-fill-slot.pt.pyc
byte-compiling build/bdist.linux-x86_64/egg/chameleon/tests/inputs/011-messages.pt.py to 011-messages.pt.pyc
byte-compiling build/bdist.linux-x86_64/egg/chameleon/tests/inputs/027-attribute-replacement.pt.py to 027-attribute-replacement.pt.pyc
byte-compiling build/bdist.linux-x86_64/egg/chameleon/tests/inputs/017-omit-tag.pt.py to 017-omit-tag.pt.pyc
byte-compiling build/bdist.linux-x86_64/egg/chameleon/tests/inputs/019-replace.pt.py to 019-replace.pt.pyc
byte-compiling build/bdist.linux-x86_64/egg/chameleon/tests/inputs/026-repeat-variable.pt.py to 026-repeat-variable.pt.pyc
byte-compiling build/bdist.linux-x86_64/egg/chameleon/tests/inputs/024-namespace-elements.pt.py to 024-namespace-elements.pt.pyc
byte-compiling build/bdist.linux-x86_64/egg/chameleon/tests/inputs/033-use-macro-trivial.pt.py to 033-use-macro-trivial.pt.pyc
byte-compiling build/bdist.linux-x86_64/egg/chameleon/tests/inputs/012-translation.pt-en.py to 012-translation.pt-en.pyc
byte-compiling build/bdist.linux-x86_64/egg/chameleon/tests/inputs/021-translation-domain.pt-en.py to 021-translation-domain.pt-en.pyc
byte-compiling build/bdist.linux-x86_64/egg/chameleon/tests/inputs/022-switch.pt.py to 022-switch.pt.pyc
byte-compiling build/bdist.linux-x86_64/egg/chameleon/tests/inputs/018-translation-nested-dynamic.pt-en.py to 018-translation-nested-dynamic.pt-en.pyc
byte-compiling build/bdist.linux-x86_64/egg/chameleon/tests/inputs/034-use-template-as-macro.pt.py to 034-use-template-as-macro.pt.pyc
byte-compiling build/bdist.linux-x86_64/egg/chameleon/tests/inputs/014-repeat-nested-similar.pt.py to 014-repeat-nested-similar.pt.pyc
byte-compiling build/bdist.linux-x86_64/egg/chameleon/tests/inputs/018-translation-nested-dynamic.pt.py to 018-translation-nested-dynamic.pt.pyc
byte-compiling build/bdist.linux-x86_64/egg/chameleon/tests/inputs/006-attribute-interpolation.pt.py to 006-attribute-interpolation.pt.pyc
byte-compiling build/bdist.linux-x86_64/egg/chameleon/tests/inputs/031-namespace-with-tal.pt.py to 031-namespace-with-tal.pt.pyc
byte-compiling build/bdist.linux-x86_64/egg/chameleon/tests/inputs/007-content-interpolation.pt.py to 007-content-interpolation.pt.pyc
byte-compiling build/bdist.linux-x86_64/egg/chameleon/tests/inputs/003-content.pt.py to 003-content.pt.pyc
byte-compiling build/bdist.linux-x86_64/egg/chameleon/tests/test_templates.py to test_templates.pyc
byte-compiling build/bdist.linux-x86_64/egg/chameleon/tests/test_doctests.py to test_doctests.pyc
byte-compiling build/bdist.linux-x86_64/egg/chameleon/tests/test_loader.py to test_loader.pyc
byte-compiling build/bdist.linux-x86_64/egg/chameleon/tests/test_parser.py to test_parser.pyc
byte-compiling build/bdist.linux-x86_64/egg/chameleon/tests/test_tokenizer.py to test_tokenizer.pyc
byte-compiling build/bdist.linux-x86_64/egg/chameleon/tests/__init__.py to __init__.pyc
byte-compiling build/bdist.linux-x86_64/egg/chameleon/tests/test_exc.py to test_exc.pyc
byte-compiling build/bdist.linux-x86_64/egg/chameleon/codegen.py to codegen.pyc
byte-compiling build/bdist.linux-x86_64/egg/chameleon/__init__.py to __init__.pyc
byte-compiling build/bdist.linux-x86_64/egg/chameleon/zpt/loader.py to loader.pyc
byte-compiling build/bdist.linux-x86_64/egg/chameleon/zpt/program.py to program.pyc
byte-compiling build/bdist.linux-x86_64/egg/chameleon/zpt/__init__.py to __init__.pyc
byte-compiling build/bdist.linux-x86_64/egg/chameleon/zpt/template.py to template.pyc
byte-compiling build/bdist.linux-x86_64/egg/chameleon/metal.py to metal.pyc
byte-compiling build/bdist.linux-x86_64/egg/chameleon/template.py to template.pyc
byte-compiling build/bdist.linux-x86_64/egg/chameleon/py26.py to py26.pyc
byte-compiling build/bdist.linux-x86_64/egg/chameleon/tal.py to tal.pyc
byte-compiling build/bdist.linux-x86_64/egg/chameleon/namespaces.py to namespaces.pyc
creating build/bdist.linux-x86_64/egg/EGG-INFO
copying src/Chameleon.egg-info/PKG-INFO -> build/bdist.linux-x86_64/egg/EGG-INFO
copying src/Chameleon.egg-info/SOURCES.txt -> build/bdist.linux-x86_64/egg/EGG-INFO
copying src/Chameleon.egg-info/dependency_links.txt -> build/bdist.linux-x86_64/egg/EGG-INFO
copying src/Chameleon.egg-info/not-zip-safe -> build/bdist.linux-x86_64/egg/EGG-INFO
copying src/Chameleon.egg-info/top_level.txt -> build/bdist.linux-x86_64/egg/EGG-INFO
creating dist
creating 'dist/Chameleon-2.22-py2.7.egg' and adding 'build/bdist.linux-x86_64/egg' to it
removing 'build/bdist.linux-x86_64/egg' (and everything under it)
Processing Chameleon-2.22-py2.7.egg
creating /home/ubuntu/miniconda/envs/_build/lib/python2.7/site-packages/Chameleon-2.22-py2.7.egg
Extracting Chameleon-2.22-py2.7.egg to /home/ubuntu/miniconda/envs/_build/lib/python2.7/site-packages
Adding Chameleon 2.22 to easy-install.pth file

Installed /home/ubuntu/miniconda/envs/_build/lib/python2.7/site-packages/Chameleon-2.22-py2.7.egg
Processing dependencies for Chameleon==2.22
Finished processing dependencies for Chameleon==2.22

The following NEW packages will be INSTALLED:

    openssl:    1.0.1k-1    
    pip:        6.1.1-py27_0
    python:     2.7.9-3     
    readline:   6.2-2       
    setuptools: 16.0-py27_0 
    sqlite:     3.8.4.1-1   
    system:     5.8-2       
    tk:         8.5.18-0    
    zlib:       1.2.8-0     

Linking packages ...
[                    ]|                                                  |   0%[openssl             ]|                                                  |   0%[readline            ]|#####                                             |  11%[sqlite              ]|###########                                       |  22%[system              ]|################                                  |  33%[tk                  ]|######################                            |  44%[zlib                ]|###########################                       |  55%[python              ]|#################################                 |  66%[setuptools          ]|######################################            |  77%[pip                 ]|############################################      |  88%[      COMPLETE      ]|##################################################| 100%
Removing old work directory
Source cache directory is: /home/ubuntu/miniconda/conda-bld/src_cache
Found source in cache: Chameleon-2.22.tar.gz
Extracting download
Package: chameleon-2.22-py27_0
source tree in: /home/ubuntu/miniconda/conda-bld/work/Chameleon-2.22
found egg dir: /home/ubuntu/miniconda/envs/_build/lib/python2.7/site-packages/Chameleon-2.22-py2.7.egg
number of files: 490
Fixing permissions
Fixing permissions
BUILD END: chameleon-2.22-py27_0
TEST START: chameleon-2.22-py27_0
Fetching package metadata: ......
Solving package specifications: .===== testing package: chameleon-2.22-py27_0 =====
import: u'chameleon'
import: u'chameleon.tests'
import: u'chameleon.zpt'
===== chameleon-2.22-py27_0 OK =====

The following packages will be downloaded:

    package                    |            build
    ---------------------------|-----------------
    chameleon-2.22             |           py27_0         209 KB

The following NEW packages will be INSTALLED:

    chameleon:  2.22-py27_0 
    openssl:    1.0.1k-1    
    pip:        6.1.1-py27_0
    python:     2.7.9-3     
    readline:   6.2-2       
    setuptools: 16.0-py27_0 
    sqlite:     3.8.4.1-1   
    system:     5.8-2       
    tk:         8.5.18-0    
    zlib:       1.2.8-0     

Fetching packages ...
chameleon-2.22   0% |                              | ETA:  --:--:--   0.00  B/schameleon-2.22   7% |##                             | ETA:  0:00:00  44.42 MB/schameleon-2.22  15% |####                           | ETA:  0:00:00  56.51 MB/schameleon-2.22  22% |#######                        | ETA:  0:00:00  63.34 MB/schameleon-2.22  30% |#########                      | ETA:  0:00:00  67.85 MB/schameleon-2.22  38% |###########                    | ETA:  0:00:00  70.87 MB/schameleon-2.22  45% |##############                 | ETA:  0:00:00  73.47 MB/schameleon-2.22  53% |################               | ETA:  0:00:00  75.41 MB/schameleon-2.22  61% |###################            | ETA:  0:00:00  76.84 MB/schameleon-2.22  68% |#####################          | ETA:  0:00:00  78.10 MB/schameleon-2.22  76% |#######################        | ETA:  0:00:00  79.08 MB/schameleon-2.22  84% |##########################     | ETA:  0:00:00  79.99 MB/schameleon-2.22  91% |############################   | ETA:  0:00:00  80.74 MB/schameleon-2.22  99% |############################## | ETA:  0:00:00  81.48 MB/schameleon-2.22 100% |###############################| Time: 0:00:00  74.55 MB/s
Extracting packages ...
[      COMPLETE      ]|                                                  |   0%[chameleon           ]|                                                  |   0%[chameleon           ]|                                                  |   0%[      COMPLETE      ]|##################################################| 100%
Linking packages ...
[      COMPLETE      ]|                                                  |   0%[openssl             ]|                                                  |   0%[openssl             ]|                                                  |   0%[readline            ]|#####                                             |  10%[sqlite              ]|##########                                        |  20%[system              ]|###############                                   |  30%[tk                  ]|####################                              |  40%[zlib                ]|#########################                         |  50%[chameleon           ]|##############################                    |  60%[python              ]|###################################               |  70%[setuptools          ]|########################################          |  80%[pip                 ]|#############################################     |  90%[      COMPLETE      ]|##################################################| 100%
TEST END: chameleon-2.22-py27_0
# If you want to upload this package to binstar.org later, type:
#
# $ binstar upload /home/ubuntu/miniconda/conda-bld/linux-64/chameleon-2.22-py27_0.tar.bz2
#
# To have conda build upload to binstar automatically, use
# $ conda config --set binstar_upload yes

