Warning, the following versions were found for chardet
2.3.0
2.2.1
2.1.1
1.1
1.0.1
1.0
Using 2.3.0
Use --version to specify a different version.
Using url https://pypi.python.org/packages/source/c/chardet/chardet-2.3.0.tar.gz (160 KB) for chardet.
Downloading chardet (use --no-download to skip this step)
Using cached download
Unpacking chardet...
done
working in /tmp/tmpWWEYVDconda_skeleton_chardet-2.3.0.tar.gz
Fetching package metadata: ......
Solving package specifications: .patching file core.py
Hunk #1 succeeded at 168 with fuzz 2 (offset 2 lines).

Applying patch: '/tmp/tmpWWEYVDconda_skeleton_chardet-2.3.0.tar.gz/pypi-distutils.patch'
Writing recipe for chardet
Done
