Warning, the following versions were found for Cheetah
2.4.4
2.4.3
2.4.2.1
2.4.2
2.4.1
2.4.0
2.3.0
2.2.2
2.2.1
2.0.1
2.0
2.0rc8
2.0rc7
2.0rc6
2.0rc5
2.0rc4
2.0rc3
2.0rc2
2.0rc1
2.0b5
2.0b4
2.0b3
2.0b2
1.0
1.0rc1
0.9.18rc1
Using 2.4.4
Use --version to specify a different version.
Using url https://pypi.python.org/packages/source/C/Cheetah/Cheetah-2.4.4.tar.gz (187 KB) for Cheetah.
Downloading Cheetah (use --no-download to skip this step)
Using cached download
Unpacking Cheetah...
done
working in /tmp/tmpYbLQpAconda_skeleton_Cheetah-2.4.4.tar.gz
Fetching package metadata: ......
Solving package specifications: .patching file core.py
Hunk #1 succeeded at 168 with fuzz 2 (offset 2 lines).
Not using setuptools, so we cannot install the Markdown dependency

Applying patch: '/tmp/tmpYbLQpAconda_skeleton_Cheetah-2.4.4.tar.gz/pypi-distutils.patch'
Writing recipe for cheetah
Done
