Removing old build directory
Removing old work directory
BUILD START: chromium_compact_language_detector-0.031415-py27_0
Fetching package metadata: ......
Solving package specifications: .+ /home/ubuntu/miniconda/envs/_build/bin/python setup.py install
running install
running build
running build_ext
building 'cld' extension
creating build
creating build/temp.linux-x86_64-2.7
creating build/temp.linux-x86_64-2.7/encodings
creating build/temp.linux-x86_64-2.7/encodings/compact_lang_det
creating build/temp.linux-x86_64-2.7/encodings/compact_lang_det/generated
creating build/temp.linux-x86_64-2.7/encodings/compact_lang_det/win
creating build/temp.linux-x86_64-2.7/encodings/internal
creating build/temp.linux-x86_64-2.7/languages
creating build/temp.linux-x86_64-2.7/languages/internal
gcc -pthread -fno-strict-aliasing -g -O2 -DNDEBUG -g -fwrapv -O3 -Wall -Wstrict-prototypes -fPIC -DCLD_WINDOWS -I. -I/home/ubuntu/miniconda/envs/_build/include/python2.7 -c pycldmodule.cc -o build/temp.linux-x86_64-2.7/pycldmodule.o
gcc: error trying to exec 'cc1plus': execvp: No such file or directory
error: command 'gcc' failed with exit status 1

The following NEW packages will be INSTALLED:

    openssl:    1.0.1k-1     
    pip:        7.0.3-py27_0 
    python:     2.7.10-0     
    readline:   6.2-2        
    setuptools: 17.1.1-py27_0
    sqlite:     3.8.4.1-1    
    system:     5.8-2        
    tk:         8.5.18-0     
    zlib:       1.2.8-0      

Linking packages ...
[                    ]|                                                  |   0%[openssl             ]|                                                  |   0%[readline            ]|#####                                             |  11%[sqlite              ]|###########                                       |  22%[system              ]|################                                  |  33%[tk                  ]|######################                            |  44%[zlib                ]|###########################                       |  55%[python              ]|#################################                 |  66%[setuptools          ]|######################################            |  77%[pip                 ]|############################################      |  88%[      COMPLETE      ]|##################################################| 100%
Removing old work directory
Source cache directory is: /home/ubuntu/miniconda/conda-bld/src_cache
Found source in cache: chromium_compact_language_detector-0.031415.tar.gz
Extracting download
Package: chromium_compact_language_detector-0.031415-py27_0
source tree in: /home/ubuntu/miniconda/conda-bld/work/chromium_compact_language_detector-0.031415
Command failed: /bin/bash -x -e /home/ubuntu/pypi-conda-builds/recipes/chromium_compact_language_detector/build.sh
