Warning, the following versions were found for circus
0.12.0
0.11.1
0.11.0
0.10.0
0.9.2
0.9.1
0.9
0.8.1
0.8
0.7.1
0.7.0
0.6.0
0.5.2
0.5.1
0.5
0.4
0.3.4
0.3.3
0.3.2
0.3.1
0.3
0.2
0.1
Using 0.12.0
Use --version to specify a different version.
Using url https://pypi.python.org/packages/source/c/circus/circus-0.12.0.tar.gz (133 KB) for circus.
Downloading circus (use --no-download to skip this step)
Unpacking circus...
done
working in /tmp/tmpu66OzXconda_skeleton_circus-0.12.0.tar.gz
Fetching package metadata: ......
Solving package specifications: .patching file core.py
Hunk #1 succeeded at 168 with fuzz 2 (offset 2 lines).
Traceback (most recent call last):
  File "setup.py", line 2, in <module>
    from setuptools import setup, find_packages
ImportError: No module named setuptools

Applying patch: '/tmp/tmpu66OzXconda_skeleton_circus-0.12.0.tar.gz/pypi-distutils.patch'
$PYTHONPATH = /tmp/tmpu66OzXconda_skeleton_circus-0.12.0.tar.gz/circus-0.12.0
Error: command failed: /home/ubuntu/miniconda/envs/_build/bin/python setup.py install
