Warning, the following versions were found for click
4.0
3.3
3.2
3.1
3.0
2.6
2.5
2.4
2.3
2.2
2.1
2.0
1.1
1.0
0.7
0.6
0.5.1
0.5
0.4
0.3
0.2
0.1
Using 4.0
Use --version to specify a different version.
Using url https://pypi.python.org/packages/source/c/click/click-4.0.tar.gz (264 KB) for click.
Downloading click (use --no-download to skip this step)
Using cached download
Unpacking click...
done
working in /tmp/tmpJ9jSm6conda_skeleton_click-4.0.tar.gz
Fetching package metadata: ......
Solving package specifications: .patching file core.py
Hunk #1 succeeded at 168 with fuzz 2 (offset 2 lines).

Applying patch: '/tmp/tmpJ9jSm6conda_skeleton_click-4.0.tar.gz/pypi-distutils.patch'
Writing recipe for click
Done
