Warning, the following versions were found for cliff-tablib
1.1
1.0
Using 1.1
Use --version to specify a different version.
Using url https://pypi.python.org/packages/source/c/cliff-tablib/cliff-tablib-1.1.tar.gz (79 KB) for cliff-tablib.
Downloading cliff-tablib (use --no-download to skip this step)
Using cached download
Unpacking cliff-tablib...
done
working in /tmp/tmpwzvuEwconda_skeleton_cliff-tablib-1.1.tar.gz
Fetching package metadata: ......
Solving package specifications: .patching file core.py
Hunk #1 succeeded at 168 with fuzz 2 (offset 2 lines).
Traceback (most recent call last):
  File "setup.py", line 6, in <module>
    from setuptools import setup, find_packages
ImportError: No module named setuptools

The following NEW packages will be INSTALLED:

    numpy:      1.9.2-py27_0 
    pip:        7.0.3-py27_0 
    python:     2.7.10-0     
    pyyaml:     3.11-py27_0  
    setuptools: 17.1.1-py27_0

Linking packages ...
[                    ]|                                                  |   0%[numpy               ]|                                                  |   0%[python              ]|##########                                        |  20%[pyyaml              ]|####################                              |  40%[setuptools          ]|##############################                    |  60%[pip                 ]|########################################          |  80%[      COMPLETE      ]|##################################################| 100%
Applying patch: '/tmp/tmpwzvuEwconda_skeleton_cliff-tablib-1.1.tar.gz/pypi-distutils.patch'
$PYTHONPATH = /tmp/tmpwzvuEwconda_skeleton_cliff-tablib-1.1.tar.gz/cliff-tablib-1.1
Error: command failed: /home/ubuntu/miniconda/envs/_build/bin/python setup.py install
