Warning, the following versions were found for cliff
1.12.0
1.11.0
1.10.1
1.10.0
1.9.0
1.8.0
1.7.0
1.6.1
1.6.0
1.5.2
1.4.5
1.4.4
1.4.3
1.4.2
1.4.1
1.4
1.3.3
1.3.2
1.3.1
1.3
1.2.1
1.2
1.1.2
1.1.1
1.1
1.0
0.7
0.6
0.5.1
0.5
0.4
0.3
0.2
0.1
Using 1.12.0
Use --version to specify a different version.
Using url https://pypi.python.org/packages/source/c/cliff/cliff-1.12.0.tar.gz (47 KB) for cliff.
Downloading cliff (use --no-download to skip this step)
Using cached download
Unpacking cliff...
done
working in /tmp/tmp8zHwhKconda_skeleton_cliff-1.12.0.tar.gz
Fetching package metadata: ......
Solving package specifications: .patching file core.py
Hunk #1 succeeded at 168 with fuzz 2 (offset 2 lines).

Applying patch: '/tmp/tmp8zHwhKconda_skeleton_cliff-1.12.0.tar.gz/pypi-distutils.patch'
Writing recipe for cliff
Done
