Warning, the following versions were found for cligj
0.2.0
0.1.0
Using 0.2.0
Use --version to specify a different version.
Using url https://pypi.python.org/packages/source/c/cligj/cligj-0.2.0.tar.gz (5 KB) for cligj.
Downloading cligj (use --no-download to skip this step)
Unpacking cligj...
done
working in /tmp/tmp8HmWz2conda_skeleton_cligj-0.2.0.tar.gz
Fetching package metadata: ......
Solving package specifications: .patching file core.py
Hunk #1 succeeded at 168 with fuzz 2 (offset 2 lines).

The following NEW packages will be INSTALLED:

    numpy:  1.9.2-py27_0
    pyyaml: 3.11-py27_0 

Linking packages ...
[                    ]|                                                  |   0%[numpy               ]|                                                  |   0%[pyyaml              ]|#########################                         |  50%[      COMPLETE      ]|##################################################| 100%
Applying patch: '/tmp/tmp8HmWz2conda_skeleton_cligj-0.2.0.tar.gz/pypi-distutils.patch'
Writing recipe for cligj
Done
