Warning, the following versions were found for clint
0.4.1
0.4.0
0.3.7
0.3.6
0.3.5
0.3.4
0.3.3
0.3.2
0.3.1
0.3.0
0.2.6
0.2.5
0.2.4
0.2.3
0.2.1
0
Using 0.4.1
Use --version to specify a different version.
Using url https://pypi.python.org/packages/source/c/clint/clint-0.4.1.tar.gz (28 KB) for clint.
Downloading clint (use --no-download to skip this step)
Using cached download
Unpacking clint...
done
working in /tmp/tmpl1ZlL0conda_skeleton_clint-0.4.1.tar.gz
Fetching package metadata: ......
Solving package specifications: .patching file core.py
Hunk #1 succeeded at 168 with fuzz 2 (offset 2 lines).

Applying patch: '/tmp/tmpl1ZlL0conda_skeleton_clint-0.4.1.tar.gz/pypi-distutils.patch'
Warning, the following versions were found for args
0.1.0
0
Using 0.1.0
Use --version to specify a different version.
Using url https://pypi.python.org/packages/source/a/args/args-0.1.0.tar.gz (3 KB) for args.
Downloading args (use --no-download to skip this step)
Using cached download
Unpacking args...
done
working in /tmp/tmp_pBmK5conda_skeleton_args-0.1.0.tar.gz
Solving package specifications: .patching file core.py
Hunk #1 succeeded at 168 with fuzz 2 (offset 2 lines).
Traceback (most recent call last):
  File "setup.py", line 10, in <module>
    from setuptools import setup
ImportError: No module named setuptools

Applying patch: '/tmp/tmp_pBmK5conda_skeleton_args-0.1.0.tar.gz/pypi-distutils.patch'
$PYTHONPATH = /tmp/tmp_pBmK5conda_skeleton_args-0.1.0.tar.gz/args-0.1.0
Error: command failed: /home/ubuntu/miniconda/envs/_build/bin/python setup.py install
