Package search: {'_pypi_ordering': False, 'version': '0.6.8', 'name': 'cmd2', 'summary': "Extra features for standard library's cmd module"}
Fetching package metadata: ....
Removing old build directory
Removing old work directory
BUILD START: cmd2-0.6.8-py27_0
Fetching package metadata: ......
Solving package specifications: .+ pip install cmd2
Collecting cmd2
  Downloading http://localhost/packages/source/c/cmd2/cmd2-0.6.8.tar.gz
Requirement already satisfied (use --upgrade to upgrade): pyparsing>=2.0.1 in /home/ubuntu/miniconda/envs/_build/lib/python2.7/site-packages (from cmd2)
Installing collected packages: cmd2
  Running setup.py install for cmd2
Successfully installed cmd2-0.6.8

The following NEW packages will be INSTALLED:

    openssl:    1.0.1k-1    
    pip:        7.0.3-py27_0
    pyparsing:  2.0.3-py27_0
    python:     2.7.10-0    
    readline:   6.2-2       
    setuptools: 17.0-py27_0 
    sqlite:     3.8.4.1-1   
    system:     5.8-2       
    tk:         8.5.18-0    
    zlib:       1.2.8-0     

Linking packages ...
[                    ]|                                                  |   0%[openssl             ]|                                                  |   0%[readline            ]|#####                                             |  10%[sqlite              ]|##########                                        |  20%[system              ]|###############                                   |  30%[tk                  ]|####################                              |  40%[zlib                ]|#########################                         |  50%[pyparsing           ]|##############################                    |  60%[python              ]|###################################               |  70%[setuptools          ]|########################################          |  80%[pip                 ]|#############################################     |  90%[      COMPLETE      ]|##################################################| 100%
Removing old work directory
Copying /home/ubuntu/pypi-conda-builds/cmd2 to /home/ubuntu/miniconda/conda-bld/work
Package: cmd2-0.6.8-py27_0
source tree in: /home/ubuntu/miniconda/conda-bld/work
number of files: 8
Fixing permissions
Fixing permissions
BUILD END: cmd2-0.6.8-py27_0
# If you want to upload this package to binstar.org later, type:
#
# $ binstar upload /home/ubuntu/miniconda/conda-bld/linux-64/cmd2-0.6.8-py27_0.tar.bz2
#
# To have conda build upload to binstar automatically, use
# $ conda config --set binstar_upload yes

Creating standard recipe for cmd2-0.6.8
Converting recipe in /home/ubuntu/pypi-conda-builds/cmd2
package = cmd2
   dependencies = [u'pyparsing >=2.0.1']
Building conda package for cmd2
