Warning, the following versions were found for codecov
1.1.9
1.1.8
1.1.7
1.1.6
1.1.5
1.1.4
1.1.3
1.1.2
1.1.1
1.1.0
1.0.3
1.0.2
1.0.1
1.0.0
0.5.2
0.5.1
0.5.0
0.4.1
0.4.0
0.3.4
0.3.3
0.3.2
0.3.1
0.3.0
0.2.3
0.2.2
0.2.1
0.2.0
0.1.2
0.1.1
0.1.0
0.0.5
0.0.4
0.0.3
0.0.2
0.0.1
Using 1.1.9
Use --version to specify a different version.
Using url https://pypi.python.org/packages/source/c/codecov/codecov-1.1.9.tar.gz (6 KB) for codecov.
Downloading codecov (use --no-download to skip this step)
Unpacking codecov...
done
working in /tmp/tmpCStuVFconda_skeleton_codecov-1.1.9.tar.gz
Fetching package metadata: ......
Solving package specifications: .patching file core.py
Hunk #1 succeeded at 168 with fuzz 2 (offset 2 lines).

The following NEW packages will be INSTALLED:

    numpy:  1.9.2-py27_0
    pyyaml: 3.11-py27_0 

Linking packages ...
[                    ]|                                                  |   0%[numpy               ]|                                                  |   0%[pyyaml              ]|#########################                         |  50%[      COMPLETE      ]|##################################################| 100%
Applying patch: '/tmp/tmpCStuVFconda_skeleton_codecov-1.1.9.tar.gz/pypi-distutils.patch'
Warning, the following versions were found for rollbar
0.9.11
0.9.10
0.9.9
0.9.8
0.9.7
0.9.6
0.9.5
0.9.4
0.9.3
0.9.2
0.9.1
0.9.0
0.8.3
0.8.2
0.8.1
0.8.0
0.7.6
0.7.5
0.7.4
0.7.3
0.7.2
0.7.1
0.7.0
0.6.2
0.6.1
0.6.0
0.5.17
0.5.16
0.5.15
0.5.14
0.5.13
0.5.12
0.5.11
0.5.10
0.5.8
0.5.7
0.5.6
0.5.5
0.5.4
0.5.3
0.5.2
0.5.1
0.5.0
Using 0.9.11
Use --version to specify a different version.
Using url https://pypi.python.org/packages/source/r/rollbar/rollbar-0.9.11.tar.gz (33 KB) for rollbar.
Downloading rollbar (use --no-download to skip this step)
Using cached download
Unpacking rollbar...
done
working in /tmp/tmpU5VIvxconda_skeleton_rollbar-0.9.11.tar.gz
Solving package specifications: .patching file core.py
Hunk #1 succeeded at 168 with fuzz 2 (offset 2 lines).

Applying patch: '/tmp/tmpU5VIvxconda_skeleton_rollbar-0.9.11.tar.gz/pypi-distutils.patch'
Writing recipe for rollbar
Writing recipe for codecov
Done
