Warning, the following versions were found for coloredlogs
1.0.1
1.0
0.8
0.7.1
0.6
0.5
0.4.9
0.4.8
0.4.7
0.4.6
0.4.3
0.4.2
0.4.1
0.3.1
0.3
0.2
0.1
Using 1.0.1
Use --version to specify a different version.
Using url https://pypi.python.org/packages/source/c/coloredlogs/coloredlogs-1.0.1.tar.gz (14 KB) for coloredlogs.
Downloading coloredlogs (use --no-download to skip this step)
Unpacking coloredlogs...
done
working in /tmp/tmp1yVVOgconda_skeleton_coloredlogs-1.0.1.tar.gz
Fetching package metadata: ......
Solving package specifications: .patching file core.py
Hunk #1 succeeded at 168 with fuzz 2 (offset 2 lines).

Applying patch: '/tmp/tmp1yVVOgconda_skeleton_coloredlogs-1.0.1.tar.gz/pypi-distutils.patch'
Warning, the following versions were found for humanfriendly
1.27
1.26
1.25.1
1.25
1.24
1.23.1
1.23
1.22
1.21
1.20
1.19
1.17
1.16
1.15
1.14
1.13
1.11
1.10
1.9.6
1.9.4
1.9.3
1.9.2
1.9.1
1.9
1.8.6
1.8.4
1.8.3
1.8.2
1.8.1
1.8
1.7.1
1.7
1.6
1.5
1.4.2
1.4.1
Using 1.27
Use --version to specify a different version.
Using url https://pypi.python.org/packages/source/h/humanfriendly/humanfriendly-1.27.tar.gz (26 KB) for humanfriendly.
Downloading humanfriendly (use --no-download to skip this step)
humanfriendly-   0% |                              | ETA:  --:--:--   0.00  B/shumanfriendly-  62% |###################            | ETA:  0:00:00   4.33 MB/shumanfriendly- 100% |###############################| ETA:  0:00:00   6.52 MB/shumanfriendly- 100% |###############################| Time: 0:00:00   6.14 MB/s
Unpacking humanfriendly...
done
working in /tmp/tmpIaUAkZconda_skeleton_humanfriendly-1.27.tar.gz
Solving package specifications: .patching file core.py
Hunk #1 succeeded at 168 with fuzz 2 (offset 2 lines).

Applying patch: '/tmp/tmpIaUAkZconda_skeleton_humanfriendly-1.27.tar.gz/pypi-distutils.patch'
Writing recipe for humanfriendly
Writing recipe for coloredlogs
Done
