Warning, the following versions were found for colorlog
2.6.0
2.5.0
2.4.0
2.3.1
2.3.0
2.2.0
2.1.1
2.1.0
2.0.0
1.8
1.7
1.6
1.5
1.4
1.3
1.2
1.1
1.0
0.6
0.5
0.4
0.3
0.2
0.1
Using 2.6.0
Use --version to specify a different version.
Using url https://pypi.python.org/packages/source/c/colorlog/colorlog-2.6.0.tar.gz (7 KB) for colorlog.
Downloading colorlog (use --no-download to skip this step)
Using cached download
Unpacking colorlog...
done
working in /tmp/tmptYRfNBconda_skeleton_colorlog-2.6.0.tar.gz
Fetching package metadata: ......
Solving package specifications: .patching file core.py
Hunk #1 succeeded at 168 with fuzz 2 (offset 2 lines).
Traceback (most recent call last):
  File "setup.py", line 1, in <module>
    from setuptools import setup
ImportError: No module named setuptools

Applying patch: '/tmp/tmptYRfNBconda_skeleton_colorlog-2.6.0.tar.gz/pypi-distutils.patch'
$PYTHONPATH = /tmp/tmptYRfNBconda_skeleton_colorlog-2.6.0.tar.gz/colorlog-2.6.0
Error: command failed: /home/ubuntu/miniconda/envs/_build/bin/python setup.py install
