Warning, the following versions were found for configparser
3.5.0b2
3.5.0b1
3.3.0r2
3.3.0r1
3.2.0r3
3.2.0r2
3.2.0r1
Using 3.5.0b2
Use --version to specify a different version.
Using url https://pypi.python.org/packages/source/c/configparser/configparser-3.5.0b2.tar.gz (38 KB) for configparser.
Downloading configparser (use --no-download to skip this step)
Using cached download
Unpacking configparser...
done
working in /tmp/tmpGUZ5z1conda_skeleton_configparser-3.5.0b2.tar.gz
Fetching package metadata: ......
Solving package specifications: .patching file core.py
Hunk #1 succeeded at 168 with fuzz 2 (offset 2 lines).

Applying patch: '/tmp/tmpGUZ5z1conda_skeleton_configparser-3.5.0b2.tar.gz/pypi-distutils.patch'
Writing recipe for configparser
Done
