Warning, the following versions were found for contextlib2
0.4.0
0.3.1
0.3
0.2
0.1
Using 0.4.0
Use --version to specify a different version.
Using url https://pypi.python.org/packages/source/c/contextlib2/contextlib2-0.4.0.tar.gz (18 KB) for contextlib2.
Downloading contextlib2 (use --no-download to skip this step)
Using cached download
Unpacking contextlib2...
done
working in /tmp/tmpSEwZVDconda_skeleton_contextlib2-0.4.0.tar.gz
Fetching package metadata: ......
Solving package specifications: .patching file core.py
Hunk #1 succeeded at 168 with fuzz 2 (offset 2 lines).

Applying patch: '/tmp/tmpSEwZVDconda_skeleton_contextlib2-0.4.0.tar.gz/pypi-distutils.patch'
Writing recipe for contextlib2
Done
