Warning, the following versions were found for CoolProp
5.1.0
5.0.8
5.0.7
5.0.6
5.0.5
5.0.4
5.0.3
5.0.2
5.0.1
5.0.0
4.2.5
4.2.4
4.2.3
4.2.2
4.2.1
4.2.0
4.1.2
4.1.1
4.1.0
4.0.0
4.0.0beta
3.3.0
3.2.0
3.1.2
3.1.1
3.1
3.0.1
2.5
2.4
2.3
2.2.5
2.2.4
2.2.3
2.2.2
2.2.1
2.2.0
2.1
2.0.6
2.0.5
2.0.4
2.0.2
2.0.1
Using 5.1.0
Use --version to specify a different version.
Using url https://pypi.python.org/packages/source/C/CoolProp/CoolProp-5.1.0.tar.gz (3.4 MB) for CoolProp.
Downloading CoolProp (use --no-download to skip this step)
Using cached download
Unpacking CoolProp...
done
working in /tmp/tmpfYx6uNconda_skeleton_CoolProp-5.1.0.tar.gz
Fetching package metadata: ......
Solving package specifications: .patching file core.py
Hunk #1 succeeded at 168 with fuzz 2 (offset 2 lines).
Traceback (most recent call last):
  File "setup.py", line 189, in <module>
    from setuptools import setup, Extension, find_packages
ImportError: No module named setuptools

Applying patch: '/tmp/tmpfYx6uNconda_skeleton_CoolProp-5.1.0.tar.gz/pypi-distutils.patch'
$PYTHONPATH = /tmp/tmpfYx6uNconda_skeleton_CoolProp-5.1.0.tar.gz/CoolProp-5.1.0
Error: command failed: /home/ubuntu/miniconda/envs/_build/bin/python setup.py install
