Removing old build directory
Removing old work directory
BUILD START: couchbase-2.0.2-py27_0
Fetching package metadata: ......
Solving package specifications: .+ /home/ubuntu/miniconda/envs/_build/bin/python setup.py install
/home/ubuntu/miniconda/envs/_build/lib/python2.7/distutils/dist.py:267: UserWarning: Unknown distribution option: 'test_suite'
  warnings.warn(msg)
/home/ubuntu/miniconda/envs/_build/lib/python2.7/distutils/dist.py:267: UserWarning: Unknown distribution option: 'tests_require'
  warnings.warn(msg)
running install
running build
running build_py
creating build
creating build/lib.linux-x86_64-2.7
creating build/lib.linux-x86_64-2.7/couchbase
copying couchbase/bucket.py -> build/lib.linux-x86_64-2.7/couchbase
copying couchbase/admin.py -> build/lib.linux-x86_64-2.7/couchbase
copying couchbase/_version.py -> build/lib.linux-x86_64-2.7/couchbase
copying couchbase/items.py -> build/lib.linux-x86_64-2.7/couchbase
copying couchbase/_logutil.py -> build/lib.linux-x86_64-2.7/couchbase
copying couchbase/n1ql.py -> build/lib.linux-x86_64-2.7/couchbase
copying couchbase/user_constants.py -> build/lib.linux-x86_64-2.7/couchbase
copying couchbase/experimental.py -> build/lib.linux-x86_64-2.7/couchbase
copying couchbase/mockserver.py -> build/lib.linux-x86_64-2.7/couchbase
copying couchbase/_bootstrap.py -> build/lib.linux-x86_64-2.7/couchbase
copying couchbase/connection.py -> build/lib.linux-x86_64-2.7/couchbase
copying couchbase/connstr.py -> build/lib.linux-x86_64-2.7/couchbase
copying couchbase/__init__.py -> build/lib.linux-x86_64-2.7/couchbase
copying couchbase/result.py -> build/lib.linux-x86_64-2.7/couchbase
copying couchbase/transcoder.py -> build/lib.linux-x86_64-2.7/couchbase
copying couchbase/_pyport.py -> build/lib.linux-x86_64-2.7/couchbase
copying couchbase/bucketmanager.py -> build/lib.linux-x86_64-2.7/couchbase
copying couchbase/exceptions.py -> build/lib.linux-x86_64-2.7/couchbase
creating build/lib.linux-x86_64-2.7/couchbase/views
copying couchbase/views/params.py -> build/lib.linux-x86_64-2.7/couchbase/views
copying couchbase/views/__init__.py -> build/lib.linux-x86_64-2.7/couchbase/views
copying couchbase/views/iterator.py -> build/lib.linux-x86_64-2.7/couchbase/views
creating build/lib.linux-x86_64-2.7/couchbase/iops
copying couchbase/iops/select.py -> build/lib.linux-x86_64-2.7/couchbase/iops
copying couchbase/iops/__init__.py -> build/lib.linux-x86_64-2.7/couchbase/iops
copying couchbase/iops/base.py -> build/lib.linux-x86_64-2.7/couchbase/iops
creating build/lib.linux-x86_64-2.7/couchbase/async
copying couchbase/async/bucket.py -> build/lib.linux-x86_64-2.7/couchbase/async
copying couchbase/async/n1ql.py -> build/lib.linux-x86_64-2.7/couchbase/async
copying couchbase/async/rowsbase.py -> build/lib.linux-x86_64-2.7/couchbase/async
copying couchbase/async/events.py -> build/lib.linux-x86_64-2.7/couchbase/async
copying couchbase/async/async_bucket.py -> build/lib.linux-x86_64-2.7/couchbase/async
copying couchbase/async/__init__.py -> build/lib.linux-x86_64-2.7/couchbase/async
copying couchbase/async/view.py -> build/lib.linux-x86_64-2.7/couchbase/async
creating build/lib.linux-x86_64-2.7/couchbase/tests
copying couchbase/tests/test_sync.py -> build/lib.linux-x86_64-2.7/couchbase/tests
copying couchbase/tests/importer.py -> build/lib.linux-x86_64-2.7/couchbase/tests
copying couchbase/tests/__init__.py -> build/lib.linux-x86_64-2.7/couchbase/tests
copying couchbase/tests/base.py -> build/lib.linux-x86_64-2.7/couchbase/tests
creating build/lib.linux-x86_64-2.7/couchbase/tests/cases
copying couchbase/tests/cases/delete_t.py -> build/lib.linux-x86_64-2.7/couchbase/tests/cases
copying couchbase/tests/cases/iops_t.py -> build/lib.linux-x86_64-2.7/couchbase/tests/cases
copying couchbase/tests/cases/flush_t.py -> build/lib.linux-x86_64-2.7/couchbase/tests/cases
copying couchbase/tests/cases/itmops_t.py -> build/lib.linux-x86_64-2.7/couchbase/tests/cases
copying couchbase/tests/cases/set_t.py -> build/lib.linux-x86_64-2.7/couchbase/tests/cases
copying couchbase/tests/cases/view_iterator_t.py -> build/lib.linux-x86_64-2.7/couchbase/tests/cases
copying couchbase/tests/cases/touch_t.py -> build/lib.linux-x86_64-2.7/couchbase/tests/cases
copying couchbase/tests/cases/verinfo_t.py -> build/lib.linux-x86_64-2.7/couchbase/tests/cases
copying couchbase/tests/cases/empty_key_t.py -> build/lib.linux-x86_64-2.7/couchbase/tests/cases
copying couchbase/tests/cases/format_t.py -> build/lib.linux-x86_64-2.7/couchbase/tests/cases
copying couchbase/tests/cases/badargs_t.py -> build/lib.linux-x86_64-2.7/couchbase/tests/cases
copying couchbase/tests/cases/transcoder_t.py -> build/lib.linux-x86_64-2.7/couchbase/tests/cases
copying couchbase/tests/cases/spatial_t.py -> build/lib.linux-x86_64-2.7/couchbase/tests/cases
copying couchbase/tests/cases/connection_t.py -> build/lib.linux-x86_64-2.7/couchbase/tests/cases
copying couchbase/tests/cases/arithmetic_t.py -> build/lib.linux-x86_64-2.7/couchbase/tests/cases
copying couchbase/tests/cases/lock_t.py -> build/lib.linux-x86_64-2.7/couchbase/tests/cases
copying couchbase/tests/cases/itertypes_t.py -> build/lib.linux-x86_64-2.7/couchbase/tests/cases
copying couchbase/tests/cases/set_converters_t.py -> build/lib.linux-x86_64-2.7/couchbase/tests/cases
copying couchbase/tests/cases/append_t.py -> build/lib.linux-x86_64-2.7/couchbase/tests/cases
copying couchbase/tests/cases/dupkeys_t.py -> build/lib.linux-x86_64-2.7/couchbase/tests/cases
copying couchbase/tests/cases/results_t.py -> build/lib.linux-x86_64-2.7/couchbase/tests/cases
copying couchbase/tests/cases/excextra_t.py -> build/lib.linux-x86_64-2.7/couchbase/tests/cases
copying couchbase/tests/cases/stats_t.py -> build/lib.linux-x86_64-2.7/couchbase/tests/cases
copying couchbase/tests/cases/endure_t.py -> build/lib.linux-x86_64-2.7/couchbase/tests/cases
copying couchbase/tests/cases/observe_t.py -> build/lib.linux-x86_64-2.7/couchbase/tests/cases
copying couchbase/tests/cases/__init__.py -> build/lib.linux-x86_64-2.7/couchbase/tests/cases
copying couchbase/tests/cases/design_t.py -> build/lib.linux-x86_64-2.7/couchbase/tests/cases
copying couchbase/tests/cases/misc_t.py -> build/lib.linux-x86_64-2.7/couchbase/tests/cases
copying couchbase/tests/cases/rget_t.py -> build/lib.linux-x86_64-2.7/couchbase/tests/cases
copying couchbase/tests/cases/viewstrings_t.py -> build/lib.linux-x86_64-2.7/couchbase/tests/cases
copying couchbase/tests/cases/encodings_t.py -> build/lib.linux-x86_64-2.7/couchbase/tests/cases
copying couchbase/tests/cases/get_t.py -> build/lib.linux-x86_64-2.7/couchbase/tests/cases
copying couchbase/tests/cases/admin_t.py -> build/lib.linux-x86_64-2.7/couchbase/tests/cases
copying couchbase/tests/cases/pipeline_t.py -> build/lib.linux-x86_64-2.7/couchbase/tests/cases
copying couchbase/tests/cases/lockmode_t.py -> build/lib.linux-x86_64-2.7/couchbase/tests/cases
copying couchbase/tests/cases/n1qlstrings_t.py -> build/lib.linux-x86_64-2.7/couchbase/tests/cases
copying couchbase/tests/cases/view_t.py -> build/lib.linux-x86_64-2.7/couchbase/tests/cases
creating build/lib.linux-x86_64-2.7/gcouchbase
copying gcouchbase/bucket.py -> build/lib.linux-x86_64-2.7/gcouchbase
copying gcouchbase/gevent_bucket.py -> build/lib.linux-x86_64-2.7/gcouchbase
copying gcouchbase/connection.py -> build/lib.linux-x86_64-2.7/gcouchbase
copying gcouchbase/__init__.py -> build/lib.linux-x86_64-2.7/gcouchbase
copying gcouchbase/iops_gevent0x.py -> build/lib.linux-x86_64-2.7/gcouchbase
copying gcouchbase/iops_gevent10.py -> build/lib.linux-x86_64-2.7/gcouchbase
creating build/lib.linux-x86_64-2.7/txcouchbase
copying txcouchbase/bucket.py -> build/lib.linux-x86_64-2.7/txcouchbase
copying txcouchbase/twisted_bucket.py -> build/lib.linux-x86_64-2.7/txcouchbase
copying txcouchbase/connection.py -> build/lib.linux-x86_64-2.7/txcouchbase
copying txcouchbase/__init__.py -> build/lib.linux-x86_64-2.7/txcouchbase
copying txcouchbase/iops.py -> build/lib.linux-x86_64-2.7/txcouchbase
running build_ext
building 'couchbase._libcouchbase' extension
creating build/temp.linux-x86_64-2.7
creating build/temp.linux-x86_64-2.7/src
gcc -pthread -fno-strict-aliasing -g -O2 -DNDEBUG -g -fwrapv -O3 -Wall -Wstrict-prototypes -fPIC -I/home/ubuntu/miniconda/envs/_build/include/python2.7 -c src/exceptions.c -o build/temp.linux-x86_64-2.7/src/exceptions.o
In file included from src/exceptions.c:17:0:
src/pycbc.h:25:36: fatal error: libcouchbase/couchbase.h: No such file or directory
 #include <libcouchbase/couchbase.h>
                                    ^
compilation terminated.
error: command 'gcc' failed with exit status 1

The following NEW packages will be INSTALLED:

    openssl:    1.0.1k-1     
    pip:        7.0.3-py27_0 
    python:     2.7.10-0     
    readline:   6.2-2        
    setuptools: 17.1.1-py27_0
    sqlite:     3.8.4.1-1    
    system:     5.8-2        
    tk:         8.5.18-0     
    zlib:       1.2.8-0      

Linking packages ...
[                    ]|                                                  |   0%[openssl             ]|                                                  |   0%[readline            ]|#####                                             |  11%[sqlite              ]|###########                                       |  22%[system              ]|################                                  |  33%[tk                  ]|######################                            |  44%[zlib                ]|###########################                       |  55%[python              ]|#################################                 |  66%[setuptools          ]|######################################            |  77%[pip                 ]|############################################      |  88%[      COMPLETE      ]|##################################################| 100%
Removing old work directory
Source cache directory is: /home/ubuntu/miniconda/conda-bld/src_cache
Found source in cache: couchbase-2.0.2.tar.gz
Extracting download
Package: couchbase-2.0.2-py27_0
source tree in: /home/ubuntu/miniconda/conda-bld/work/couchbase-2.0.2
Command failed: /bin/bash -x -e /home/ubuntu/pypi-conda-builds/recipes/couchbase/build.sh
