Removing old build directory
Removing old work directory
BUILD START: cov-core-1.15.0-py27_0
Fetching package metadata: ......
Solving package specifications: .+ /home/ubuntu/miniconda/envs/_build/bin/python setup.py install
running install
running bdist_egg
running egg_info
writing requirements to cov_core.egg-info/requires.txt
writing cov_core.egg-info/PKG-INFO
writing top-level names to cov_core.egg-info/top_level.txt
writing dependency_links to cov_core.egg-info/dependency_links.txt
reading manifest file 'cov_core.egg-info/SOURCES.txt'
reading manifest template 'MANIFEST.in'
writing manifest file 'cov_core.egg-info/SOURCES.txt'
installing library code to build/bdist.linux-x86_64/egg
running install_lib
running build_py
creating build
creating build/lib
copying cov_core.py -> build/lib
copying cov_core_init.py -> build/lib
creating build/bdist.linux-x86_64
creating build/bdist.linux-x86_64/egg
copying build/lib/cov_core_init.py -> build/bdist.linux-x86_64/egg
copying build/lib/cov_core.py -> build/bdist.linux-x86_64/egg
byte-compiling build/bdist.linux-x86_64/egg/cov_core_init.py to cov_core_init.pyc
byte-compiling build/bdist.linux-x86_64/egg/cov_core.py to cov_core.pyc
creating build/bdist.linux-x86_64/egg/EGG-INFO
copying cov_core.egg-info/PKG-INFO -> build/bdist.linux-x86_64/egg/EGG-INFO
copying cov_core.egg-info/SOURCES.txt -> build/bdist.linux-x86_64/egg/EGG-INFO
copying cov_core.egg-info/dependency_links.txt -> build/bdist.linux-x86_64/egg/EGG-INFO
copying cov_core.egg-info/not-zip-safe -> build/bdist.linux-x86_64/egg/EGG-INFO
copying cov_core.egg-info/requires.txt -> build/bdist.linux-x86_64/egg/EGG-INFO
copying cov_core.egg-info/top_level.txt -> build/bdist.linux-x86_64/egg/EGG-INFO
creating dist
creating 'dist/cov_core-1.15.0-py2.7.egg' and adding 'build/bdist.linux-x86_64/egg' to it
removing 'build/bdist.linux-x86_64/egg' (and everything under it)
Processing cov_core-1.15.0-py2.7.egg
creating /home/ubuntu/miniconda/envs/_build/lib/python2.7/site-packages/cov_core-1.15.0-py2.7.egg
Extracting cov_core-1.15.0-py2.7.egg to /home/ubuntu/miniconda/envs/_build/lib/python2.7/site-packages
Adding cov-core 1.15.0 to easy-install.pth file

Installed /home/ubuntu/miniconda/envs/_build/lib/python2.7/site-packages/cov_core-1.15.0-py2.7.egg
Processing dependencies for cov-core==1.15.0
Searching for coverage==4.0a5
Best match: coverage 4.0a5
Adding coverage 4.0a5 to easy-install.pth file

Using /home/ubuntu/miniconda/envs/_build/lib/python2.7/site-packages
Finished processing dependencies for cov-core==1.15.0

Wrote pth file for subprocess measurement to /home/ubuntu/miniconda/envs/_build/lib/python2.7/site-packages/init_cov_core.pth

The following NEW packages will be INSTALLED:

    coverage:   4.0a5-py27_0
    openssl:    1.0.1k-1    
    pip:        7.0.1-py27_0
    python:     2.7.10-0    
    readline:   6.2-2       
    setuptools: 17.0-py27_0 
    sqlite:     3.8.4.1-1   
    system:     5.8-2       
    tk:         8.5.18-0    
    zlib:       1.2.8-0     

Linking packages ...
[                    ]|                                                  |   0%[openssl             ]|                                                  |   0%[readline            ]|#####                                             |  10%[sqlite              ]|##########                                        |  20%[system              ]|###############                                   |  30%[tk                  ]|####################                              |  40%[zlib                ]|#########################                         |  50%[coverage            ]|##############################                    |  60%[python              ]|###################################               |  70%[setuptools          ]|########################################          |  80%[pip                 ]|#############################################     |  90%[      COMPLETE      ]|##################################################| 100%
Removing old work directory
Source cache directory is: /home/ubuntu/miniconda/conda-bld/src_cache
Found source in cache: cov-core-1.15.0.tar.gz
Extracting download
Package: cov-core-1.15.0-py27_0
source tree in: /home/ubuntu/miniconda/conda-bld/work/cov-core-1.15.0
found egg dir: /home/ubuntu/miniconda/envs/_build/lib/python2.7/site-packages/cov_core-1.15.0-py2.7.egg
number of files: 6
Fixing permissions
Fixing permissions
BUILD END: cov-core-1.15.0-py27_0
Nothing to test for: cov-core-1.15.0-py27_0
# If you want to upload this package to binstar.org later, type:
#
# $ binstar upload /home/ubuntu/miniconda/conda-bld/linux-64/cov-core-1.15.0-py27_0.tar.bz2
#
# To have conda build upload to binstar automatically, use
# $ conda config --set binstar_upload yes

