Warning, the following versions were found for cov-core
1.15.0
1.14.0
1.13.0
1.12
1.11
1.10
1.9
1.8
1.7
1.6
1.5
1.4
1.3
1.2
1.1
1.0
1.0a2
Using 1.15.0
Use --version to specify a different version.
Using url https://pypi.python.org/packages/source/c/cov-core/cov-core-1.15.0.tar.gz (6 KB) for cov-core.
Downloading cov-core (use --no-download to skip this step)
Using cached download
Unpacking cov-core...
done
working in /tmp/tmpqNueTHconda_skeleton_cov-core-1.15.0.tar.gz
Fetching package metadata: ......
Solving package specifications: .patching file core.py
Hunk #1 succeeded at 168 with fuzz 2 (offset 2 lines).

Wrote pth file for subprocess measurement to /home/ubuntu/miniconda/envs/_build/lib/python2.7/site-packages/init_cov_core.pth

The following NEW packages will be INSTALLED:

    numpy:  1.9.2-py27_0
    pyyaml: 3.11-py27_0 

Linking packages ...
[                    ]|                                                  |   0%[numpy               ]|                                                  |   0%[pyyaml              ]|#########################                         |  50%[      COMPLETE      ]|##################################################| 100%
Applying patch: '/tmp/tmpqNueTHconda_skeleton_cov-core-1.15.0.tar.gz/pypi-distutils.patch'
Writing recipe for cov-core
Done
