Warning, the following versions were found for coverage
4.0a5
4.0a4
4.0a3
4.0a2
4.0a1
3.7.1
3.7
3.6
3.6b3
3.6b2
3.6b1
3.5.3
3.5.2
3.5.2b1
3.5.1
3.5.1b1
3.5
3.5b1
3.4
3.4b2
3.4b1
3.3.1
3.3
3.2
3.2b4
3.2b3
3.2b2
3.2b1
3.1
3.1b1
3.0.1
3.0
3.0b3
2.85
2.80
2.78
2.77
2.76
2.75
2.8
2.6
2.5
Using 4.0a5
Use --version to specify a different version.
Using url https://pypi.python.org/packages/source/c/coverage/coverage-4.0a5.tar.bz2 (227 KB) for coverage.
Downloading coverage (use --no-download to skip this step)
Using cached download
Unpacking coverage...
done
working in /tmp/tmpwNw2V6conda_skeleton_coverage-4.0a5.tar.bz2
Fetching package metadata: ......
Solving package specifications: .patching file core.py
Hunk #1 succeeded at 168 with fuzz 2 (offset 2 lines).

Applying patch: '/tmp/tmpwNw2V6conda_skeleton_coverage-4.0a5.tar.bz2/pypi-distutils.patch'
Writing recipe for coverage
Done
