Warning, the following versions were found for coveralls
1.0a2
1.0a1
0.5
0.4.4
0.4.3
0.4.2
0.4.1
0.4
0.3
0.2
0.1.1
0.1
Using 1.0a2
Use --version to specify a different version.
Using url https://pypi.python.org/packages/source/c/coveralls/coveralls-1.0a2.tar.gz (10 KB) for coveralls.
Downloading coveralls (use --no-download to skip this step)
Using cached download
Unpacking coveralls...
done
working in /tmp/tmpMG1ZeBconda_skeleton_coveralls-1.0a2.tar.gz
Fetching package metadata: ......
Solving package specifications: .patching file core.py
Hunk #1 succeeded at 168 with fuzz 2 (offset 2 lines).

Applying patch: '/tmp/tmpMG1ZeBconda_skeleton_coveralls-1.0a2.tar.gz/pypi-distutils.patch'
Writing recipe for coveralls
Done
