Package search: {'_pypi_ordering': False, 'version': '1.0a2', 'name': 'coveralls', 'summary': 'Show coverage stats online via coveralls.io'}
Fetching package metadata: ....
Removing old build directory
Removing old work directory
BUILD START: coveralls-1.0a2-py27_0
Fetching package metadata: ......
Solving package specifications: .+ pip install coveralls
Collecting coveralls
  Downloading http://localhost/packages/source/c/coveralls/coveralls-0.5.zip
Collecting PyYAML>=3.10 (from coveralls)
  Downloading http://localhost/packages/source/P/PyYAML/PyYAML-3.11.tar.gz (248kB)
Requirement already satisfied (use --upgrade to upgrade): docopt>=0.6.1 in /home/ubuntu/miniconda/envs/_build/lib/python2.7/site-packages/docopt-0.6.2-py2.7.egg (from coveralls)
Collecting coverage<3.999,>=3.6 (from coveralls)
  Downloading http://localhost/packages/source/c/coverage/coverage-3.7.1.tar.gz (284kB)
Requirement already satisfied (use --upgrade to upgrade): requests>=1.0.0 in /home/ubuntu/miniconda/envs/_build/lib/python2.7/site-packages (from coveralls)
Installing collected packages: PyYAML, coverage, coveralls
  Running setup.py install for PyYAML
  Found existing installation: coverage 4.0a5
    DEPRECATION: Uninstalling a distutils installed project (coverage) has been deprecated and will be removed in a future version. This is due to the fact that uninstalling a distutils project will only partially uninstall the project.
    Uninstalling coverage-4.0a5:
      Successfully uninstalled coverage-4.0a5
  Running setup.py install for coverage
  Running setup.py install for coveralls
Successfully installed PyYAML-3.11 coverage-3.7.1 coveralls-0.5

The following NEW packages will be INSTALLED:

    coverage:   4.0a5-py27_0
    docopt:     0.6.2-py27_0
    openssl:    1.0.1k-1    
    pip:        7.0.3-py27_0
    python:     2.7.10-0    
    readline:   6.2-2       
    requests:   2.7.0-py27_0
    setuptools: 17.0-py27_0 
    sqlite:     3.8.4.1-1   
    system:     5.8-2       
    tk:         8.5.18-0    
    zlib:       1.2.8-0     

Linking packages ...
[                    ]|                                                  |   0%[openssl             ]|                                                  |   0%[readline            ]|####                                              |   8%[sqlite              ]|########                                          |  16%[system              ]|############                                      |  25%[tk                  ]|################                                  |  33%[zlib                ]|####################                              |  41%[coverage            ]|#########################                         |  50%[docopt              ]|#############################                     |  58%[python              ]|#################################                 |  66%[requests            ]|#####################################             |  75%[setuptools          ]|#########################################         |  83%[pip                 ]|#############################################     |  91%[      COMPLETE      ]|##################################################| 100%
Removing old work directory
Copying /home/ubuntu/pypi-conda-builds/coveralls to /home/ubuntu/miniconda/conda-bld/work
Package: coveralls-1.0a2-py27_0
source tree in: /home/ubuntu/miniconda/conda-bld/work
number of files: 62
Fixing permissions
Detected hard-coded path in text file bin/coveralls
Fixing permissions
BUILD END: coveralls-1.0a2-py27_0
# If you want to upload this package to binstar.org later, type:
#
# $ binstar upload /home/ubuntu/miniconda/conda-bld/linux-64/coveralls-1.0a2-py27_0.tar.bz2
#
# To have conda build upload to binstar automatically, use
# $ conda config --set binstar_upload yes

Creating standard recipe for coveralls-1.0a2
Converting recipe in /home/ubuntu/pypi-conda-builds/coveralls
package = coveralls
   dependencies = [u'docopt >=0.6.1', u'coverage >=3.6', u'requests >=1.0.0']
Building conda package for coveralls
