Warning, the following versions were found for cpp-coveralls
0.3.7
0.3.6
0.3.5
0.3.4
0.3.3
0.3.2
0.3.1
0.3.0
0.2.9
0.2.8
0.2.7
0.2.6
0.2.5
0.2.4
0.2.3
0.2.2
0.2.1
0.2.0
0.1.7
0.1.6
0.1.5
0.1.4
0.1.3
0.1.2
0.1.1
0.1.0
0.0.9
0.0.8
0.0.7
0.0.6
0.0.5
0.0.4
0.0.3
0.0.1
Using 0.3.7
Use --version to specify a different version.
Using url https://pypi.python.org/packages/source/c/cpp-coveralls/cpp-coveralls-0.3.7.tar.gz (14 KB) for cpp-coveralls.
Downloading cpp-coveralls (use --no-download to skip this step)
Using cached download
Unpacking cpp-coveralls...
done
working in /tmp/tmpYDNEG3conda_skeleton_cpp-coveralls-0.3.7.tar.gz
Fetching package metadata: ......
Solving package specifications: .patching file core.py
Hunk #1 succeeded at 168 with fuzz 2 (offset 2 lines).

The following NEW packages will be INSTALLED:

    numpy:  1.9.2-py27_0
    pyyaml: 3.11-py27_0 

Linking packages ...
[                    ]|                                                  |   0%[numpy               ]|                                                  |   0%[pyyaml              ]|#########################                         |  50%[      COMPLETE      ]|##################################################| 100%
Applying patch: '/tmp/tmpYDNEG3conda_skeleton_cpp-coveralls-0.3.7.tar.gz/pypi-distutils.patch'
Writing recipe for cpp-coveralls
Done
