Warning, the following versions were found for cql
1.4.0
1.3.0
1.2.0
1.1.0
1.0.10
1.0.9
1.0.8
1.0.7
1.0.6
1.0.5
1.0.4
1.0.3
Using 1.4.0
Use --version to specify a different version.
Using url https://pypi.python.org/packages/source/c/cql/cql-1.4.0.tar.gz (75 KB) for cql.
Downloading cql (use --no-download to skip this step)
Using cached download
Unpacking cql...
done
working in /tmp/tmpu6rZx3conda_skeleton_cql-1.4.0.tar.gz
Fetching package metadata: ......
Solving package specifications: .patching file core.py
Hunk #1 succeeded at 168 with fuzz 2 (offset 2 lines).

Applying patch: '/tmp/tmpu6rZx3conda_skeleton_cql-1.4.0.tar.gz/pypi-distutils.patch'
Writing recipe for cql
Done
