Warning, the following versions were found for crcmod
1.7
1.6.1
1.6
1.5
1.4
1.3
Using 1.7
Use --version to specify a different version.
Using url https://pypi.python.org/packages/source/c/crcmod/crcmod-1.7.tar.gz (88 KB) for crcmod.
Downloading crcmod (use --no-download to skip this step)
Using cached download
Unpacking crcmod...
done
working in /tmp/tmpR7VpZMconda_skeleton_crcmod-1.7.tar.gz
Fetching package metadata: ......
Solving package specifications: .patching file core.py
Hunk #1 succeeded at 168 with fuzz 2 (offset 2 lines).

The following NEW packages will be INSTALLED:

    numpy:  1.9.2-py27_0
    pyyaml: 3.11-py27_0 

Linking packages ...
[                    ]|                                                  |   0%[numpy               ]|                                                  |   0%[pyyaml              ]|#########################                         |  50%[      COMPLETE      ]|##################################################| 100%
Applying patch: '/tmp/tmpR7VpZMconda_skeleton_crcmod-1.7.tar.gz/pypi-distutils.patch'
Writing recipe for crcmod
Done
