Package search: {'_pypi_ordering': False, 'version': '0.3.7', 'name': 'croniter', 'summary': 'croniter provides iteration for datetime object with cron like format'}
Fetching package metadata: ....
Removing old build directory
Removing old work directory
BUILD START: croniter-0.3.7-py27_0
Fetching package metadata: ......
Solving package specifications: .+ pip install croniter
Collecting croniter
  Downloading http://localhost/packages/source/c/croniter/croniter-0.3.5.zip
Requirement already satisfied (use --upgrade to upgrade): python-dateutil in /home/ubuntu/miniconda/envs/_build/lib/python2.7/site-packages/python_dateutil-2.4.2-py2.7.egg (from croniter)
Requirement already satisfied (use --upgrade to upgrade): setuptools in /home/ubuntu/miniconda/envs/_build/lib/python2.7/site-packages/setuptools-17.0-py2.7.egg (from croniter)
Requirement already satisfied (use --upgrade to upgrade): six>=1.5 in /home/ubuntu/miniconda/envs/_build/lib/python2.7/site-packages (from python-dateutil->croniter)
Installing collected packages: croniter
  Running setup.py install for croniter
Successfully installed croniter-0.3.5

The following NEW packages will be INSTALLED:

    openssl:         1.0.1k-1    
    pip:             7.0.3-py27_0
    python:          2.7.10-0    
    python-dateutil: 2.4.2-py27_0
    readline:        6.2-2       
    setuptools:      17.0-py27_0 
    six:             1.9.0-py27_0
    sqlite:          3.8.4.1-1   
    system:          5.8-2       
    tk:              8.5.18-0    
    zlib:            1.2.8-0     

Linking packages ...
[                    ]|                                                  |   0%[openssl             ]|                                                  |   0%[readline            ]|####                                              |   9%[sqlite              ]|#########                                         |  18%[system              ]|#############                                     |  27%[tk                  ]|##################                                |  36%[zlib                ]|######################                            |  45%[python              ]|###########################                       |  54%[setuptools          ]|###############################                   |  63%[six                 ]|####################################              |  72%[pip                 ]|########################################          |  81%[python-dateutil     ]|#############################################     |  90%[      COMPLETE      ]|##################################################| 100%
Removing old work directory
Copying /home/ubuntu/pypi-conda-builds/croniter to /home/ubuntu/miniconda/conda-bld/work
Package: croniter-0.3.7-py27_0
source tree in: /home/ubuntu/miniconda/conda-bld/work
number of files: 18
Fixing permissions
Fixing permissions
BUILD END: croniter-0.3.7-py27_0
# If you want to upload this package to binstar.org later, type:
#
# $ binstar upload /home/ubuntu/miniconda/conda-bld/linux-64/croniter-0.3.7-py27_0.tar.bz2
#
# To have conda build upload to binstar automatically, use
# $ conda config --set binstar_upload yes

Creating standard recipe for croniter-0.3.7
Converting recipe in /home/ubuntu/pypi-conda-builds/croniter
package = croniter
   dependencies = [u'python-dateutil']
Building conda package for croniter
