Warning, the following versions were found for croniter
0.3.7
0.3.6
0.3.5
0.3.4
0.3.3
0.3.2
0.3.1
0.3.0
0.2.7
0.2.6
0.2.5
0.2.4
0.2.2
0.2.1
0.2.0
0.1.6
0.1.5
0.1.4
0.1.3
0.1.2
0.1.1
Using 0.3.7
Use --version to specify a different version.
Using url https://pypi.python.org/packages/source/c/croniter/croniter-0.3.7.tar.gz (12 KB) for croniter.
Downloading croniter (use --no-download to skip this step)
Using cached download
Unpacking croniter...
done
working in /tmp/tmpyQHFDOconda_skeleton_croniter-0.3.7.tar.gz
Fetching package metadata: ......
Solving package specifications: .patching file core.py
Hunk #1 succeeded at 168 with fuzz 2 (offset 2 lines).

The following NEW packages will be INSTALLED:

    numpy:      1.9.2-py27_0
    openssl:    1.0.1k-1    
    pip:        7.0.3-py27_0
    python:     2.7.10-0    
    pyyaml:     3.11-py27_0 
    readline:   6.2-2       
    setuptools: 17.0-py27_0 
    sqlite:     3.8.4.1-1   
    system:     5.8-2       
    tk:         8.5.18-0    
    yaml:       0.1.4-0     
    zlib:       1.2.8-0     

Linking packages ...
[                    ]|                                                  |   0%[openssl             ]|                                                  |   0%[readline            ]|####                                              |   8%[sqlite              ]|########                                          |  16%[system              ]|############                                      |  25%[tk                  ]|################                                  |  33%[yaml                ]|####################                              |  41%[zlib                ]|#########################                         |  50%[numpy               ]|#############################                     |  58%[python              ]|#################################                 |  66%[pyyaml              ]|#####################################             |  75%[setuptools          ]|#########################################         |  83%[pip                 ]|#############################################     |  91%[      COMPLETE      ]|##################################################| 100%
Applying patch: '/tmp/tmpyQHFDOconda_skeleton_croniter-0.3.7.tar.gz/pypi-distutils.patch'
Writing recipe for croniter
Done
