Warning, the following versions were found for cssmin
0.2.0
0.1.4
0.1.3
0.1.2
0.1.1
0.1
Using 0.2.0
Use --version to specify a different version.
Using url https://pypi.python.org/packages/source/c/cssmin/cssmin-0.2.0.tar.gz (3 KB) for cssmin.
Downloading cssmin (use --no-download to skip this step)
Using cached download
Unpacking cssmin...
done
working in /tmp/tmprKhLl9conda_skeleton_cssmin-0.2.0.tar.gz
Fetching package metadata: ......
Solving package specifications: .patching file core.py
Hunk #1 succeeded at 168 with fuzz 2 (offset 2 lines).
Traceback (most recent call last):
  File "setup.py", line 4, in <module>
    from setuptools import setup
ImportError: No module named setuptools

The following NEW packages will be INSTALLED:

    numpy:  1.9.2-py27_0
    pyyaml: 3.11-py27_0 

Linking packages ...
[                    ]|                                                  |   0%[numpy               ]|                                                  |   0%[pyyaml              ]|#########################                         |  50%[      COMPLETE      ]|##################################################| 100%
Applying patch: '/tmp/tmprKhLl9conda_skeleton_cssmin-0.2.0.tar.gz/pypi-distutils.patch'
$PYTHONPATH = /tmp/tmprKhLl9conda_skeleton_cssmin-0.2.0.tar.gz/cssmin-0.2.0
Error: command failed: /home/ubuntu/miniconda/envs/_build/bin/python setup.py install
