Warning, the following versions were found for cssselect
0.9.1
0.9
0.8
0.7.1
0.7
0.6.1
0.6
0.5
0.4
0.3
0.2
0.1
0
Using 0.9.1
Use --version to specify a different version.
Using url https://pypi.python.org/packages/source/c/cssselect/cssselect-0.9.1.tar.gz (32 KB) for cssselect.
Downloading cssselect (use --no-download to skip this step)
Using cached download
Unpacking cssselect...
done
working in /tmp/tmpc7vpfmconda_skeleton_cssselect-0.9.1.tar.gz
Fetching package metadata: ......
Solving package specifications: .patching file core.py
Hunk #1 succeeded at 168 with fuzz 2 (offset 2 lines).

Applying patch: '/tmp/tmpc7vpfmconda_skeleton_cssselect-0.9.1.tar.gz/pypi-distutils.patch'
Writing recipe for cssselect
Done
