cx_oracle not found, trying cx_Oracle
0
Using url https://pypi.python.org/packages/source/c/cx_Oracle/cx_Oracle-5.1.3.tar.gz (103 KB) for cx_Oracle.
Downloading cx_Oracle (use --no-download to skip this step)
Using cached download
Unpacking cx_Oracle...
done
working in /tmp/tmpMjgvI7conda_skeleton_cx_Oracle-5.1.3.tar.gz
Fetching package metadata: ......
Solving package specifications: .patching file core.py
Hunk #1 succeeded at 168 with fuzz 2 (offset 2 lines).
Traceback (most recent call last):
  File "setup.py", line 135, in <module>
    raise DistutilsSetupError("cannot locate an Oracle software " \
distutils.errors.DistutilsSetupError: cannot locate an Oracle software installation

The following NEW packages will be INSTALLED:

    numpy:      1.9.2-py27_0
    openssl:    1.0.1k-1    
    pip:        6.1.1-py27_0
    python:     2.7.9-3     
    pyyaml:     3.11-py27_0 
    readline:   6.2-2       
    setuptools: 16.0-py27_0 
    sqlite:     3.8.4.1-1   
    system:     5.8-2       
    tk:         8.5.18-0    
    yaml:       0.1.4-0     
    zlib:       1.2.8-0     

Linking packages ...
[                    ]|                                                  |   0%[openssl             ]|                                                  |   0%[readline            ]|####                                              |   8%[sqlite              ]|########                                          |  16%[system              ]|############                                      |  25%[tk                  ]|################                                  |  33%[yaml                ]|####################                              |  41%[zlib                ]|#########################                         |  50%[numpy               ]|#############################                     |  58%[python              ]|#################################                 |  66%[pyyaml              ]|#####################################             |  75%[setuptools          ]|#########################################         |  83%[pip                 ]|#############################################     |  91%[      COMPLETE      ]|##################################################| 100%
Applying patch: '/tmp/tmpMjgvI7conda_skeleton_cx_Oracle-5.1.3.tar.gz/pypi-distutils.patch'
$PYTHONPATH = /tmp/tmpMjgvI7conda_skeleton_cx_Oracle-5.1.3.tar.gz/cx_Oracle-5.1.3
Error: command failed: /home/ubuntu/miniconda/envs/_build/bin/python setup.py install
