Warning, the following versions were found for cx_Oracle
5.1.3
5.1.2
5.1.1
5.1
5.0.4
5.0.3
5.0.2
5.0.1
5.0
4.4.1
4.4
4.3.3
4.3.2
4.3.1
4.3
4.2.1
4.2
4.1.2
4.1
4.0
3.1
Using 5.1.3
Use --version to specify a different version.
Using url https://pypi.python.org/packages/source/c/cx_Oracle/cx_Oracle-5.1.3.tar.gz (103 KB) for cx_Oracle.
Downloading cx_Oracle (use --no-download to skip this step)
Using cached download
Unpacking cx_Oracle...
done
working in /tmp/tmpczBOw5conda_skeleton_cx_Oracle-5.1.3.tar.gz
Fetching package metadata: ......
Solving package specifications: .patching file core.py
Hunk #1 succeeded at 168 with fuzz 2 (offset 2 lines).
Traceback (most recent call last):
  File "setup.py", line 135, in <module>
    raise DistutilsSetupError("cannot locate an Oracle software " \
distutils.errors.DistutilsSetupError: cannot locate an Oracle software installation

Applying patch: '/tmp/tmpczBOw5conda_skeleton_cx_Oracle-5.1.3.tar.gz/pypi-distutils.patch'
$PYTHONPATH = /tmp/tmpczBOw5conda_skeleton_cx_Oracle-5.1.3.tar.gz/cx_Oracle-5.1.3
Error: command failed: /home/ubuntu/miniconda/envs/_build/bin/python setup.py install
