Package search: {'_pypi_ordering': False, 'version': '0.22', 'name': 'Cython', 'summary': 'The Cython compiler for writing C extensions for the Python language.'}
Fetching package metadata: ....
Removing old build directory
Removing old work directory
BUILD START: cython-0.22-py27_0
Fetching package metadata: ......
Solving package specifications: .+ pip install Cython
Collecting Cython
  Downloading http://localhost/packages/source/C/Cython/cython-0.22.tar.gz (1.6MB)
Installing collected packages: Cython
  Running setup.py install for Cython
Successfully installed Cython-0.22

The following NEW packages will be INSTALLED:

    openssl:    1.0.1k-1    
    pip:        7.0.3-py27_0
    python:     2.7.10-0    
    readline:   6.2-2       
    setuptools: 17.0-py27_0 
    sqlite:     3.8.4.1-1   
    system:     5.8-2       
    tk:         8.5.18-0    
    zlib:       1.2.8-0     

Linking packages ...
[                    ]|                                                  |   0%[openssl             ]|                                                  |   0%[readline            ]|#####                                             |  11%[sqlite              ]|###########                                       |  22%[system              ]|################                                  |  33%[tk                  ]|######################                            |  44%[zlib                ]|###########################                       |  55%[python              ]|#################################                 |  66%[setuptools          ]|######################################            |  77%[pip                 ]|############################################      |  88%[      COMPLETE      ]|##################################################| 100%
Removing old work directory
Copying /home/ubuntu/pypi-conda-builds/cython to /home/ubuntu/miniconda/conda-bld/work
Package: cython-0.22-py27_0
source tree in: /home/ubuntu/miniconda/conda-bld/work
number of files: 370
Fixing permissions
patchelf: file: /home/ubuntu/miniconda/envs/_build/lib/python2.7/site-packages/Cython/Compiler/Code.so
    setting rpath to: $ORIGIN/../../../..
patchelf: file: /home/ubuntu/miniconda/envs/_build/lib/python2.7/site-packages/Cython/Compiler/FlowControl.so
    setting rpath to: $ORIGIN/../../../..
patchelf: file: /home/ubuntu/miniconda/envs/_build/lib/python2.7/site-packages/Cython/Compiler/Lexicon.so
    setting rpath to: $ORIGIN/../../../..
patchelf: file: /home/ubuntu/miniconda/envs/_build/lib/python2.7/site-packages/Cython/Compiler/Parsing.so
    setting rpath to: $ORIGIN/../../../..
patchelf: file: /home/ubuntu/miniconda/envs/_build/lib/python2.7/site-packages/Cython/Compiler/Scanning.so
    setting rpath to: $ORIGIN/../../../..
patchelf: file: /home/ubuntu/miniconda/envs/_build/lib/python2.7/site-packages/Cython/Compiler/Visitor.so
    setting rpath to: $ORIGIN/../../../..
patchelf: file: /home/ubuntu/miniconda/envs/_build/lib/python2.7/site-packages/Cython/Plex/Actions.so
    setting rpath to: $ORIGIN/../../../..
patchelf: file: /home/ubuntu/miniconda/envs/_build/lib/python2.7/site-packages/Cython/Plex/Scanners.so
    setting rpath to: $ORIGIN/../../../..
patchelf: file: /home/ubuntu/miniconda/envs/_build/lib/python2.7/site-packages/Cython/Runtime/refnanny.so
    setting rpath to: $ORIGIN/../../../..
patchelf: file: /home/ubuntu/miniconda/envs/_build/lib/python2.7/site-packages/Cython/Tempita/_tempita.so
    setting rpath to: $ORIGIN/../../../..
Ignored hard-coded path in lib/python2.7/site-packages/Cython/Compiler/Code.so
Ignored hard-coded path in lib/python2.7/site-packages/Cython/Compiler/FlowControl.so
Ignored hard-coded path in lib/python2.7/site-packages/Cython/Compiler/Lexicon.so
Ignored hard-coded path in lib/python2.7/site-packages/Cython/Compiler/Parsing.so
Ignored hard-coded path in lib/python2.7/site-packages/Cython/Compiler/Scanning.so
Ignored hard-coded path in lib/python2.7/site-packages/Cython/Compiler/Visitor.so
Ignored hard-coded path in lib/python2.7/site-packages/Cython/Plex/Actions.so
Ignored hard-coded path in lib/python2.7/site-packages/Cython/Plex/Scanners.so
Ignored hard-coded path in lib/python2.7/site-packages/Cython/Runtime/refnanny.so
Ignored hard-coded path in lib/python2.7/site-packages/Cython/Tempita/_tempita.so
Detected hard-coded path in text file bin/cygdb
Detected hard-coded path in text file bin/cython
Detected hard-coded path in text file bin/cythonize
Fixing permissions
BUILD END: cython-0.22-py27_0
# If you want to upload this package to binstar.org later, type:
#
# $ binstar upload /home/ubuntu/miniconda/conda-bld/linux-64/cython-0.22-py27_0.tar.bz2
#
# To have conda build upload to binstar automatically, use
# $ conda config --set binstar_upload yes

Creating standard recipe for cython-0.22
Converting recipe in /home/ubuntu/pypi-conda-builds/cython
package = Cython
   dependencies = []
Building conda package for cython
