Warning, the following versions were found for d2to1
0.2.11
0.2.10
0.2.9
0.2.8
0.2.7
0.2.6
0.2.5
0.2.4
0.2.3
0.2.2
0.2.1
0.1.5
0.1.4
0.1.3
0.1.2
0.1.1
0.1
Using 0.2.11
Use --version to specify a different version.
Using url https://pypi.python.org/packages/source/d/d2to1/d2to1-0.2.11.tar.gz (25 KB) for d2to1.
Downloading d2to1 (use --no-download to skip this step)
Using cached download
Unpacking d2to1...
done
working in /tmp/tmp7aZjW3conda_skeleton_d2to1-0.2.11.tar.gz
Fetching package metadata: ......
Solving package specifications: .patching file core.py
Hunk #1 succeeded at 168 with fuzz 2 (offset 2 lines).
Downloading https://pypi.python.org/packages/source/s/setuptools/setuptools-0.9.8.tar.gz
Extracting in /tmp/tmpwn2vT8
Now working in /tmp/tmpwn2vT8/setuptools-0.9.8
Building a Setuptools egg in /tmp/tmp7aZjW3conda_skeleton_d2to1-0.2.11.tar.gz/d2to1-0.2.11
/tmp/tmp7aZjW3conda_skeleton_d2to1-0.2.11.tar.gz/d2to1-0.2.11/setuptools-0.9.8-py2.7.egg
Traceback (most recent call last):
  File "setup.py", line 6, in <module>
    use_setuptools()
  File "/tmp/tmp7aZjW3conda_skeleton_d2to1-0.2.11.tar.gz/d2to1-0.2.11/ez_setup.py", line 122, in use_setuptools
    return _do_download(version, download_base, to_dir, download_delay)
  File "/tmp/tmp7aZjW3conda_skeleton_d2to1-0.2.11.tar.gz/d2to1-0.2.11/ez_setup.py", line 101, in _do_download
    _build_egg(egg, tarball, to_dir)
  File "/tmp/tmp7aZjW3conda_skeleton_d2to1-0.2.11.tar.gz/d2to1-0.2.11/ez_setup.py", line 92, in _build_egg
    raise IOError('Could not build the egg.')
IOError: Could not build the egg.

The following NEW packages will be INSTALLED:

    numpy:  1.9.2-py27_0
    pyyaml: 3.11-py27_0 

Linking packages ...
[                    ]|                                                  |   0%[numpy               ]|                                                  |   0%[pyyaml              ]|#########################                         |  50%[      COMPLETE      ]|##################################################| 100%
Applying patch: '/tmp/tmp7aZjW3conda_skeleton_d2to1-0.2.11.tar.gz/pypi-distutils.patch'
$PYTHONPATH = /tmp/tmp7aZjW3conda_skeleton_d2to1-0.2.11.tar.gz/d2to1-0.2.11
Error: command failed: /home/ubuntu/miniconda/envs/_build/bin/python setup.py install
