Warning, the following versions were found for dbf
0.96.003
0.96.002
0.96.001
0.96.000
0.95.014
0.95.013
0.95.012
0.95.011
0.95.010
0.95.004
0.95.003
0.95.001
0.94.005
0.94.004
0.94.003
0.94.002
0.94.000
0.93.011
0.93.010
0.93.000
0.92.002
0.90.004
0.90.003
0.90.002
0.90.0
0.88.25
0.88.24
0.88.23
0.88.22
0.88.20
0.88.19
0.88.18
0.88.16
0.87.14
0.87.13
0.87.12
0.87.11
0.87.10
0.87.9
0.87.8
0.87.7
0.87.1
0.87.0.a1
0.86.0
Using 0.96.003
Use --version to specify a different version.
Using url https://pypi.python.org/packages/source/d/dbf/dbf-0.96.003.tar.gz (179 KB) for dbf.
Downloading dbf (use --no-download to skip this step)
Using cached download
Unpacking dbf...
done
working in /tmp/tmpmM9HpQconda_skeleton_dbf-0.96.003.tar.gz
Fetching package metadata: ......
Solving package specifications: .patching file core.py
Hunk #1 succeeded at 168 with fuzz 2 (offset 2 lines).

Applying patch: '/tmp/tmpmM9HpQconda_skeleton_dbf-0.96.003.tar.gz/pypi-distutils.patch'
Writing recipe for dbf
Done
