Warning, the following versions were found for ddt
1.0.0
0.8.1
0.8.0
0.7.1
0.7.0
0.6.0
0.5.0
0.4.0
0.3.0
0.2.0
0.1.1
0.1.0
Using 1.0.0
Use --version to specify a different version.
Using url https://pypi.python.org/packages/source/d/ddt/ddt-1.0.0.tar.gz (5 KB) for ddt.
Downloading ddt (use --no-download to skip this step)
Using cached download
Unpacking ddt...
done
working in /tmp/tmpo909h3conda_skeleton_ddt-1.0.0.tar.gz
Fetching package metadata: ......
Solving package specifications: .patching file core.py
Hunk #1 succeeded at 168 with fuzz 2 (offset 2 lines).
Traceback (most recent call last):
  File "setup.py", line 4, in <module>
    from setuptools import setup
ImportError: No module named setuptools

Applying patch: '/tmp/tmpo909h3conda_skeleton_ddt-1.0.0.tar.gz/pypi-distutils.patch'
$PYTHONPATH = /tmp/tmpo909h3conda_skeleton_ddt-1.0.0.tar.gz/ddt-1.0.0
Error: command failed: /home/ubuntu/miniconda/envs/_build/bin/python setup.py install
