Warning, the following versions were found for debtcollector
0.5.0
0.4.0
0.3.0
0.2.0
0.1.0
Using 0.5.0
Use --version to specify a different version.
Using url https://pypi.python.org/packages/source/d/debtcollector/debtcollector-0.5.0.tar.gz (16 KB) for debtcollector.
Downloading debtcollector (use --no-download to skip this step)
Using cached download
Unpacking debtcollector...
done
working in /tmp/tmpCvgmYIconda_skeleton_debtcollector-0.5.0.tar.gz
Fetching package metadata: ......
Solving package specifications: .patching file core.py
Hunk #1 succeeded at 168 with fuzz 2 (offset 2 lines).

Applying patch: '/tmp/tmpCvgmYIconda_skeleton_debtcollector-0.5.0.tar.gz/pypi-distutils.patch'
Writing recipe for debtcollector
Done
