Warning, the following versions were found for dedupe
1.0.0rc1
0.8.0.1.7
0.8.0.1.6
0.8.0.1.5
0.8.0.1.4
0.8.0.1.3
0.8.0.1.1
0.8.0.1.0
0.8.0.0.8
0.8.0.0.7
0.8.0.0.6
0.8.0.0.4
0.8.0.0.3
0.8.0.0.2
0.8.0.0.1
0.8.0.0.0
0.7.7.1.9
0.7.7.1.8
0.7.7.1.7
0.7.7.1.6
0.7.7.1.5
0.7.7.1.4
0.7.7.1.3
0.7.7.1.2
0.7.7.1.1
0.7.7.1.0
0.7.7.0.4
0.7.7.0.3
0.7.7.0.2
0.7.7.0.1
0.7.7.0.0
0.7.6.9.5
0.7.6.9.4
0.7.6.9.3
0.7.6.9.2
0.7.6.9.1
0.7.6.9
0.7.6.8
0.7.6.7
0.7.6.5
0.7.6.4
0.7.6.3
0.7.6.2
0.7.6.1
0.7.6.0
0.7.5.0
0.7.4.0
0.7.3.3
0.7.3.2
0.7.3.1
0.7.3
0.6.1
0.6.0
0.5.3.0
0.5.2.1
0.5.2
0.5.1
0.5.0
Using 1.0.0rc1
Use --version to specify a different version.
Using url https://pypi.python.org/packages/source/d/dedupe/dedupe-1.0.0rc1.tar.gz (46 KB) for dedupe.
Downloading dedupe (use --no-download to skip this step)
Unpacking dedupe...
done
working in /tmp/tmpj9eDtTconda_skeleton_dedupe-1.0.0rc1.tar.gz
Fetching package metadata: ......
Solving package specifications: .patching file core.py
Hunk #1 succeeded at 168 with fuzz 2 (offset 2 lines).
Traceback (most recent call last):
  File "setup.py", line 7, in <module>
    raise ImportError("setuptools module required, please go to https://pypi.python.org/pypi/setuptools and follow the instructions for installing setuptools")
ImportError: setuptools module required, please go to https://pypi.python.org/pypi/setuptools and follow the instructions for installing setuptools

The following NEW packages will be INSTALLED:

    numpy:  1.9.2-py27_0
    pyyaml: 3.11-py27_0 

Linking packages ...
[                    ]|                                                  |   0%[numpy               ]|                                                  |   0%[pyyaml              ]|#########################                         |  50%[      COMPLETE      ]|##################################################| 100%
Applying patch: '/tmp/tmpj9eDtTconda_skeleton_dedupe-1.0.0rc1.tar.gz/pypi-distutils.patch'
$PYTHONPATH = /tmp/tmpj9eDtTconda_skeleton_dedupe-1.0.0rc1.tar.gz/dedupe-1.0.0rc1
Error: command failed: /home/ubuntu/miniconda/envs/_build/bin/python setup.py install
