Package search: {'_pypi_ordering': False, 'version': '1.0.2', 'name': 'DeepCL', 'summary': 'python wrapper for DeepCL deep convolutional neural network library for OpenCL'}
Fetching package metadata: ....
Error: prefix already exists: /home/ubuntu/miniconda/envs/_pipbuild_
Collecting DeepCL==5.10.2
  Could not find a version that satisfies the requirement DeepCL==5.10.2 (from versions: 0.0.7, 1.0.0, 1.0.1, 1.0.2, 3.2.1, 3.4.1, 3.4.2rc1, 3.5.0rc1, 3.5.0, 4.0.0rc1, 4.0.0rc2, 4.0.0rc3, 4.0.0rc4, 4.0.0rc5, 4.0.0rc10, 4.0.0rc14, 4.0.0rc15, 4.0.0rc16, 4.0.0rc17, 4.0.0rc18, 4.0.0, 5.5.0, 5.7.0, 5.8.0a2)
No matching distribution found for DeepCL==5.10.2
Creating standard recipe for deepcl-5.10.2
Using url https://pypi.python.org/packages/source/D/DeepCL/DeepCL-5.10.2.tar.gz (262 KB) for DeepCL.
Downloading DeepCL (use --no-download to skip this step)
Using cached download
Unpacking DeepCL...
done
working in /tmp/tmphmcIg3conda_skeleton_DeepCL-5.10.2.tar.gz
Fetching package metadata: ......
Solving package specifications: .patching file core.py
Hunk #1 succeeded at 168 with fuzz 2 (offset 2 lines).
Traceback (most recent call last):
  File "setup.py", line 150, in <module>
    with open( filespath, 'r' ) as f:
IOError: [Errno 2] No such file or directory: 'mysrc/activate/files.txt'

The following NEW packages will be INSTALLED:

    numpy:  1.9.2-py27_0
    pyyaml: 3.11-py27_0 

Linking packages ...
[                    ]|                                                  |   0%[numpy               ]|                                                  |   0%[pyyaml              ]|#########################                         |  50%[      COMPLETE      ]|##################################################| 100%
Applying patch: '/tmp/tmphmcIg3conda_skeleton_DeepCL-5.10.2.tar.gz/pypi-distutils.patch'
$PYTHONPATH = /tmp/tmphmcIg3conda_skeleton_DeepCL-5.10.2.tar.gz/DeepCL-5.10.2
Error: command failed: /home/ubuntu/miniconda/envs/_build/bin/python setup.py install

conda create -n _pipbuild_ --yes python pip
/home/ubuntu/miniconda/envs/_pipbuild_/bin/pip install DeepCL==5.10.2
Error: Could not pip install DeepCL==5.10.2
