Warning, the following versions were found for DeepCL
5.10.2
5.10.1
5.10.0
5.9.0
v5.9.0
v5.8.4
5.8.4
5.8.4b3
v5.8.4beta3
v5.8.4beta2
5.8.4b1
v5.8.4beta1
v5.8.3
5.8.3
5.8.2
v5.8.2
5.8.1
v5.8.1
5.8.1b6
v5.8.1beta6
v5.8.1beta5
5.8.1b5
5.8.1b1
v5.8.1beta1
v5.8.0
5.8.0
v5.8.0beta5
5.8.0b5
v5.8.0beta4
5.8.0b4
v5.8.0beta3
5.8.0b3
v5.8.0alpha2
v5.8.0alpha1
v5.7.0
5.5.0
4.0.0
4.0.0rc18
4.0.0rc17
4.0.0rc16
4.0.0rc15
4.0.0rc14
4.0.0rc12
4.0.0rc11
4.0.0rc10
4.0.0rc5
4.0.0rc4
4.0.0rc3
4.0.0rc2
4.0.0rc1
3.5.0
3.5.0rc1
3.4.2rc1
3.4.1
3.4.0
3.4.0rc1
3.4.0rc0
3.2.1
1.0.2
1.0.1
1.0.0
0.0.7
Using 5.10.2
Use --version to specify a different version.
Using url https://pypi.python.org/packages/source/D/DeepCL/DeepCL-5.10.2.tar.gz (262 KB) for DeepCL.
Downloading DeepCL (use --no-download to skip this step)
Using cached download
Unpacking DeepCL...
done
working in /tmp/tmpyJREU_conda_skeleton_DeepCL-5.10.2.tar.gz
Fetching package metadata: ......
Solving package specifications: .patching file core.py
Hunk #1 succeeded at 168 with fuzz 2 (offset 2 lines).
Traceback (most recent call last):
  File "setup.py", line 150, in <module>
    with open( filespath, 'r' ) as f:
IOError: [Errno 2] No such file or directory: 'mysrc/activate/files.txt'

Applying patch: '/tmp/tmpyJREU_conda_skeleton_DeepCL-5.10.2.tar.gz/pypi-distutils.patch'
$PYTHONPATH = /tmp/tmpyJREU_conda_skeleton_DeepCL-5.10.2.tar.gz/DeepCL-5.10.2
Error: command failed: /home/ubuntu/miniconda/envs/_build/bin/python setup.py install
