Warning, the following versions were found for demjson
2.2.3
2.2.2
2.2.1
2.2
2.0.1
2.0
1.6
1.5
1.4
1.3
1.2
1.1
1.0
Using 2.2.3
Use --version to specify a different version.
Using url http://deron.meranda.us/python/demjson/dist/demjson-2.2.3.tar.gz (0 B) for demjson.
Downloading demjson (use --no-download to skip this step)
Unpacking demjson...
done
working in /tmp/tmptWpZIHconda_skeleton_demjson-2.2.3.tar.gz
Fetching package metadata: ......
Solving package specifications: .patching file core.py
Hunk #1 succeeded at 168 with fuzz 2 (offset 2 lines).

Applying patch: '/tmp/tmptWpZIHconda_skeleton_demjson-2.2.3.tar.gz/pypi-distutils.patch'
Writing recipe for demjson
Done
