Removing old build directory
Removing old work directory
BUILD START: diamond-4.0.41-py27_0
Fetching package metadata: ......
Solving package specifications: .+ /home/ubuntu/miniconda/envs/_build/bin/python setup.py install
/home/ubuntu/miniconda/envs/_build/lib/python2.7/distutils/dist.py:267: UserWarning: Unknown distribution option: 'install_requires'
  warnings.warn(msg)
running install
running build
running build_py
creating build
creating build/lib
creating build/lib/diamond
copying src/diamond/collector.py -> build/lib/diamond
copying src/diamond/convertor.py -> build/lib/diamond
copying src/diamond/version.py -> build/lib/diamond
copying src/diamond/util.py -> build/lib/diamond
copying src/diamond/__init__.py -> build/lib/diamond
copying src/diamond/error.py -> build/lib/diamond
copying src/diamond/metric.py -> build/lib/diamond
copying src/diamond/gmetric.py -> build/lib/diamond
copying src/diamond/server.py -> build/lib/diamond
creating build/lib/diamond/handler
copying src/diamond/handler/mqtt.py -> build/lib/diamond/handler
copying src/diamond/handler/queue.py -> build/lib/diamond/handler
copying src/diamond/handler/cloudwatch.py -> build/lib/diamond/handler
copying src/diamond/handler/graphitepickle.py -> build/lib/diamond/handler
copying src/diamond/handler/riemann.py -> build/lib/diamond/handler
copying src/diamond/handler/datadog.py -> build/lib/diamond/handler
copying src/diamond/handler/archive.py -> build/lib/diamond/handler
copying src/diamond/handler/influxdbHandler.py -> build/lib/diamond/handler
copying src/diamond/handler/mysql.py -> build/lib/diamond/handler
copying src/diamond/handler/Handler.py -> build/lib/diamond/handler
copying src/diamond/handler/multigraphite.py -> build/lib/diamond/handler
copying src/diamond/handler/hostedgraphite.py -> build/lib/diamond/handler
copying src/diamond/handler/g_metric.py -> build/lib/diamond/handler
copying src/diamond/handler/tsdb.py -> build/lib/diamond/handler
copying src/diamond/handler/httpHandler.py -> build/lib/diamond/handler
copying src/diamond/handler/zmq_pubsub.py -> build/lib/diamond/handler
copying src/diamond/handler/null.py -> build/lib/diamond/handler
copying src/diamond/handler/statsite.py -> build/lib/diamond/handler
copying src/diamond/handler/stats_d.py -> build/lib/diamond/handler
copying src/diamond/handler/__init__.py -> build/lib/diamond/handler
copying src/diamond/handler/sentry.py -> build/lib/diamond/handler
copying src/diamond/handler/libratohandler.py -> build/lib/diamond/handler
copying src/diamond/handler/multigraphitepickle.py -> build/lib/diamond/handler
copying src/diamond/handler/graphite.py -> build/lib/diamond/handler
copying src/diamond/handler/rabbitmq_pubsub.py -> build/lib/diamond/handler
copying src/diamond/handler/rrdtool.py -> build/lib/diamond/handler
copying src/diamond/handler/rabbitmq_topic.py -> build/lib/diamond/handler
copying src/diamond/handler/logentries_diamond.py -> build/lib/diamond/handler
creating build/lib/diamond/utils
copying src/diamond/utils/classes.py -> build/lib/diamond/utils
copying src/diamond/utils/signals.py -> build/lib/diamond/utils
copying src/diamond/utils/config.py -> build/lib/diamond/utils
copying src/diamond/utils/log.py -> build/lib/diamond/utils
copying src/diamond/utils/__init__.py -> build/lib/diamond/utils
copying src/diamond/utils/scheduler.py -> build/lib/diamond/utils
running build_scripts
creating build/scripts-2.7
copying and adjusting bin/diamond -> build/scripts-2.7
copying and adjusting bin/diamond-setup -> build/scripts-2.7
changing mode of build/scripts-2.7/diamond from 664 to 775
changing mode of build/scripts-2.7/diamond-setup from 664 to 775
running install_lib
creating /home/ubuntu/miniconda/envs/_build/lib/python2.7/site-packages/diamond
copying build/lib/diamond/collector.py -> /home/ubuntu/miniconda/envs/_build/lib/python2.7/site-packages/diamond
creating /home/ubuntu/miniconda/envs/_build/lib/python2.7/site-packages/diamond/utils
copying build/lib/diamond/utils/classes.py -> /home/ubuntu/miniconda/envs/_build/lib/python2.7/site-packages/diamond/utils
copying build/lib/diamond/utils/signals.py -> /home/ubuntu/miniconda/envs/_build/lib/python2.7/site-packages/diamond/utils
copying build/lib/diamond/utils/config.py -> /home/ubuntu/miniconda/envs/_build/lib/python2.7/site-packages/diamond/utils
copying build/lib/diamond/utils/log.py -> /home/ubuntu/miniconda/envs/_build/lib/python2.7/site-packages/diamond/utils
copying build/lib/diamond/utils/__init__.py -> /home/ubuntu/miniconda/envs/_build/lib/python2.7/site-packages/diamond/utils
copying build/lib/diamond/utils/scheduler.py -> /home/ubuntu/miniconda/envs/_build/lib/python2.7/site-packages/diamond/utils
copying build/lib/diamond/convertor.py -> /home/ubuntu/miniconda/envs/_build/lib/python2.7/site-packages/diamond
copying build/lib/diamond/version.py -> /home/ubuntu/miniconda/envs/_build/lib/python2.7/site-packages/diamond
creating /home/ubuntu/miniconda/envs/_build/lib/python2.7/site-packages/diamond/handler
copying build/lib/diamond/handler/mqtt.py -> /home/ubuntu/miniconda/envs/_build/lib/python2.7/site-packages/diamond/handler
copying build/lib/diamond/handler/queue.py -> /home/ubuntu/miniconda/envs/_build/lib/python2.7/site-packages/diamond/handler
copying build/lib/diamond/handler/cloudwatch.py -> /home/ubuntu/miniconda/envs/_build/lib/python2.7/site-packages/diamond/handler
copying build/lib/diamond/handler/graphitepickle.py -> /home/ubuntu/miniconda/envs/_build/lib/python2.7/site-packages/diamond/handler
copying build/lib/diamond/handler/riemann.py -> /home/ubuntu/miniconda/envs/_build/lib/python2.7/site-packages/diamond/handler
copying build/lib/diamond/handler/datadog.py -> /home/ubuntu/miniconda/envs/_build/lib/python2.7/site-packages/diamond/handler
copying build/lib/diamond/handler/archive.py -> /home/ubuntu/miniconda/envs/_build/lib/python2.7/site-packages/diamond/handler
copying build/lib/diamond/handler/influxdbHandler.py -> /home/ubuntu/miniconda/envs/_build/lib/python2.7/site-packages/diamond/handler
copying build/lib/diamond/handler/mysql.py -> /home/ubuntu/miniconda/envs/_build/lib/python2.7/site-packages/diamond/handler
copying build/lib/diamond/handler/Handler.py -> /home/ubuntu/miniconda/envs/_build/lib/python2.7/site-packages/diamond/handler
copying build/lib/diamond/handler/multigraphite.py -> /home/ubuntu/miniconda/envs/_build/lib/python2.7/site-packages/diamond/handler
copying build/lib/diamond/handler/hostedgraphite.py -> /home/ubuntu/miniconda/envs/_build/lib/python2.7/site-packages/diamond/handler
copying build/lib/diamond/handler/g_metric.py -> /home/ubuntu/miniconda/envs/_build/lib/python2.7/site-packages/diamond/handler
copying build/lib/diamond/handler/tsdb.py -> /home/ubuntu/miniconda/envs/_build/lib/python2.7/site-packages/diamond/handler
copying build/lib/diamond/handler/httpHandler.py -> /home/ubuntu/miniconda/envs/_build/lib/python2.7/site-packages/diamond/handler
copying build/lib/diamond/handler/zmq_pubsub.py -> /home/ubuntu/miniconda/envs/_build/lib/python2.7/site-packages/diamond/handler
copying build/lib/diamond/handler/null.py -> /home/ubuntu/miniconda/envs/_build/lib/python2.7/site-packages/diamond/handler
copying build/lib/diamond/handler/statsite.py -> /home/ubuntu/miniconda/envs/_build/lib/python2.7/site-packages/diamond/handler
copying build/lib/diamond/handler/stats_d.py -> /home/ubuntu/miniconda/envs/_build/lib/python2.7/site-packages/diamond/handler
copying build/lib/diamond/handler/__init__.py -> /home/ubuntu/miniconda/envs/_build/lib/python2.7/site-packages/diamond/handler
copying build/lib/diamond/handler/sentry.py -> /home/ubuntu/miniconda/envs/_build/lib/python2.7/site-packages/diamond/handler
copying build/lib/diamond/handler/libratohandler.py -> /home/ubuntu/miniconda/envs/_build/lib/python2.7/site-packages/diamond/handler
copying build/lib/diamond/handler/multigraphitepickle.py -> /home/ubuntu/miniconda/envs/_build/lib/python2.7/site-packages/diamond/handler
copying build/lib/diamond/handler/graphite.py -> /home/ubuntu/miniconda/envs/_build/lib/python2.7/site-packages/diamond/handler
copying build/lib/diamond/handler/rabbitmq_pubsub.py -> /home/ubuntu/miniconda/envs/_build/lib/python2.7/site-packages/diamond/handler
copying build/lib/diamond/handler/rrdtool.py -> /home/ubuntu/miniconda/envs/_build/lib/python2.7/site-packages/diamond/handler
copying build/lib/diamond/handler/rabbitmq_topic.py -> /home/ubuntu/miniconda/envs/_build/lib/python2.7/site-packages/diamond/handler
copying build/lib/diamond/handler/logentries_diamond.py -> /home/ubuntu/miniconda/envs/_build/lib/python2.7/site-packages/diamond/handler
copying build/lib/diamond/util.py -> /home/ubuntu/miniconda/envs/_build/lib/python2.7/site-packages/diamond
copying build/lib/diamond/__init__.py -> /home/ubuntu/miniconda/envs/_build/lib/python2.7/site-packages/diamond
copying build/lib/diamond/error.py -> /home/ubuntu/miniconda/envs/_build/lib/python2.7/site-packages/diamond
copying build/lib/diamond/metric.py -> /home/ubuntu/miniconda/envs/_build/lib/python2.7/site-packages/diamond
copying build/lib/diamond/gmetric.py -> /home/ubuntu/miniconda/envs/_build/lib/python2.7/site-packages/diamond
copying build/lib/diamond/server.py -> /home/ubuntu/miniconda/envs/_build/lib/python2.7/site-packages/diamond
byte-compiling /home/ubuntu/miniconda/envs/_build/lib/python2.7/site-packages/diamond/collector.py to collector.pyc
byte-compiling /home/ubuntu/miniconda/envs/_build/lib/python2.7/site-packages/diamond/utils/classes.py to classes.pyc
byte-compiling /home/ubuntu/miniconda/envs/_build/lib/python2.7/site-packages/diamond/utils/signals.py to signals.pyc
byte-compiling /home/ubuntu/miniconda/envs/_build/lib/python2.7/site-packages/diamond/utils/config.py to config.pyc
byte-compiling /home/ubuntu/miniconda/envs/_build/lib/python2.7/site-packages/diamond/utils/log.py to log.pyc
byte-compiling /home/ubuntu/miniconda/envs/_build/lib/python2.7/site-packages/diamond/utils/__init__.py to __init__.pyc
byte-compiling /home/ubuntu/miniconda/envs/_build/lib/python2.7/site-packages/diamond/utils/scheduler.py to scheduler.pyc
byte-compiling /home/ubuntu/miniconda/envs/_build/lib/python2.7/site-packages/diamond/convertor.py to convertor.pyc
byte-compiling /home/ubuntu/miniconda/envs/_build/lib/python2.7/site-packages/diamond/version.py to version.pyc
byte-compiling /home/ubuntu/miniconda/envs/_build/lib/python2.7/site-packages/diamond/handler/mqtt.py to mqtt.pyc
byte-compiling /home/ubuntu/miniconda/envs/_build/lib/python2.7/site-packages/diamond/handler/queue.py to queue.pyc
byte-compiling /home/ubuntu/miniconda/envs/_build/lib/python2.7/site-packages/diamond/handler/cloudwatch.py to cloudwatch.pyc
byte-compiling /home/ubuntu/miniconda/envs/_build/lib/python2.7/site-packages/diamond/handler/graphitepickle.py to graphitepickle.pyc
byte-compiling /home/ubuntu/miniconda/envs/_build/lib/python2.7/site-packages/diamond/handler/riemann.py to riemann.pyc
byte-compiling /home/ubuntu/miniconda/envs/_build/lib/python2.7/site-packages/diamond/handler/datadog.py to datadog.pyc
byte-compiling /home/ubuntu/miniconda/envs/_build/lib/python2.7/site-packages/diamond/handler/archive.py to archive.pyc
byte-compiling /home/ubuntu/miniconda/envs/_build/lib/python2.7/site-packages/diamond/handler/influxdbHandler.py to influxdbHandler.pyc
byte-compiling /home/ubuntu/miniconda/envs/_build/lib/python2.7/site-packages/diamond/handler/mysql.py to mysql.pyc
byte-compiling /home/ubuntu/miniconda/envs/_build/lib/python2.7/site-packages/diamond/handler/Handler.py to Handler.pyc
byte-compiling /home/ubuntu/miniconda/envs/_build/lib/python2.7/site-packages/diamond/handler/multigraphite.py to multigraphite.pyc
byte-compiling /home/ubuntu/miniconda/envs/_build/lib/python2.7/site-packages/diamond/handler/hostedgraphite.py to hostedgraphite.pyc
byte-compiling /home/ubuntu/miniconda/envs/_build/lib/python2.7/site-packages/diamond/handler/g_metric.py to g_metric.pyc
byte-compiling /home/ubuntu/miniconda/envs/_build/lib/python2.7/site-packages/diamond/handler/tsdb.py to tsdb.pyc
byte-compiling /home/ubuntu/miniconda/envs/_build/lib/python2.7/site-packages/diamond/handler/httpHandler.py to httpHandler.pyc
byte-compiling /home/ubuntu/miniconda/envs/_build/lib/python2.7/site-packages/diamond/handler/zmq_pubsub.py to zmq_pubsub.pyc
byte-compiling /home/ubuntu/miniconda/envs/_build/lib/python2.7/site-packages/diamond/handler/null.py to null.pyc
byte-compiling /home/ubuntu/miniconda/envs/_build/lib/python2.7/site-packages/diamond/handler/statsite.py to statsite.pyc
byte-compiling /home/ubuntu/miniconda/envs/_build/lib/python2.7/site-packages/diamond/handler/stats_d.py to stats_d.pyc
byte-compiling /home/ubuntu/miniconda/envs/_build/lib/python2.7/site-packages/diamond/handler/__init__.py to __init__.pyc
byte-compiling /home/ubuntu/miniconda/envs/_build/lib/python2.7/site-packages/diamond/handler/sentry.py to sentry.pyc
byte-compiling /home/ubuntu/miniconda/envs/_build/lib/python2.7/site-packages/diamond/handler/libratohandler.py to libratohandler.pyc
byte-compiling /home/ubuntu/miniconda/envs/_build/lib/python2.7/site-packages/diamond/handler/multigraphitepickle.py to multigraphitepickle.pyc
byte-compiling /home/ubuntu/miniconda/envs/_build/lib/python2.7/site-packages/diamond/handler/graphite.py to graphite.pyc
byte-compiling /home/ubuntu/miniconda/envs/_build/lib/python2.7/site-packages/diamond/handler/rabbitmq_pubsub.py to rabbitmq_pubsub.pyc
byte-compiling /home/ubuntu/miniconda/envs/_build/lib/python2.7/site-packages/diamond/handler/rrdtool.py to rrdtool.pyc
byte-compiling /home/ubuntu/miniconda/envs/_build/lib/python2.7/site-packages/diamond/handler/rabbitmq_topic.py to rabbitmq_topic.pyc
byte-compiling /home/ubuntu/miniconda/envs/_build/lib/python2.7/site-packages/diamond/handler/logentries_diamond.py to logentries_diamond.pyc
byte-compiling /home/ubuntu/miniconda/envs/_build/lib/python2.7/site-packages/diamond/util.py to util.pyc
byte-compiling /home/ubuntu/miniconda/envs/_build/lib/python2.7/site-packages/diamond/__init__.py to __init__.pyc
byte-compiling /home/ubuntu/miniconda/envs/_build/lib/python2.7/site-packages/diamond/error.py to error.pyc
byte-compiling /home/ubuntu/miniconda/envs/_build/lib/python2.7/site-packages/diamond/metric.py to metric.pyc
byte-compiling /home/ubuntu/miniconda/envs/_build/lib/python2.7/site-packages/diamond/gmetric.py to gmetric.pyc
byte-compiling /home/ubuntu/miniconda/envs/_build/lib/python2.7/site-packages/diamond/server.py to server.pyc
running install_scripts
copying build/scripts-2.7/diamond-setup -> /home/ubuntu/miniconda/envs/_build/bin
copying build/scripts-2.7/diamond -> /home/ubuntu/miniconda/envs/_build/bin
changing mode of /home/ubuntu/miniconda/envs/_build/bin/diamond-setup to 775
changing mode of /home/ubuntu/miniconda/envs/_build/bin/diamond to 775
running install_data
creating /home/ubuntu/miniconda/envs/_build/share/diamond
copying LICENSE -> /home/ubuntu/miniconda/envs/_build/share/diamond
copying README.md -> /home/ubuntu/miniconda/envs/_build/share/diamond
copying version.txt -> /home/ubuntu/miniconda/envs/_build/share/diamond
creating /home/ubuntu/miniconda/envs/_build/share/diamond/user_scripts
creating /etc/diamond
error: could not create '/etc/diamond': Permission denied

The following NEW packages will be INSTALLED:

    configobj:  5.0.6-py27_0
    openssl:    1.0.1k-1    
    pip:        7.0.3-py27_0
    psutil:     2.2.1-py27_0
    python:     2.7.10-0    
    readline:   6.2-2       
    setuptools: 17.0-py27_0 
    six:        1.9.0-py27_0
    sqlite:     3.8.4.1-1   
    system:     5.8-2       
    tk:         8.5.18-0    
    zlib:       1.2.8-0     

Linking packages ...
[                    ]|                                                  |   0%[openssl             ]|                                                  |   0%[readline            ]|####                                              |   8%[sqlite              ]|########                                          |  16%[system              ]|############                                      |  25%[tk                  ]|################                                  |  33%[zlib                ]|####################                              |  41%[psutil              ]|#########################                         |  50%[python              ]|#############################                     |  58%[setuptools          ]|#################################                 |  66%[six                 ]|#####################################             |  75%[configobj           ]|#########################################         |  83%[pip                 ]|#############################################     |  91%[      COMPLETE      ]|##################################################| 100%
Removing old work directory
Source cache directory is: /home/ubuntu/miniconda/conda-bld/src_cache
Found source in cache: diamond-4.0.41.tar.gz
Extracting download
Package: diamond-4.0.41-py27_0
source tree in: /home/ubuntu/miniconda/conda-bld/work/diamond-4.0.41
Command failed: /bin/bash -x -e /home/ubuntu/pypi-conda-builds/recipes/diamond/build.sh
