Warning, the following versions were found for dib-utils
0.0.8
0.0.7
0.0.6
0.0.5
0.0.4
0.0.3
0.0.2
0.0.1.dev27.g379d7ad
Using 0.0.8
Use --version to specify a different version.
Using url https://pypi.python.org/packages/source/d/dib-utils/dib-utils-0.0.8.tar.gz (8 KB) for dib-utils.
Downloading dib-utils (use --no-download to skip this step)
Using cached download
Unpacking dib-utils...
done
working in /tmp/tmp8V4KN9conda_skeleton_dib-utils-0.0.8.tar.gz
Fetching package metadata: ......
Solving package specifications: .patching file core.py
Hunk #1 succeeded at 168 with fuzz 2 (offset 2 lines).
Traceback (most recent call last):
  File "setup.py", line 18, in <module>
    import setuptools
ImportError: No module named setuptools

Applying patch: '/tmp/tmp8V4KN9conda_skeleton_dib-utils-0.0.8.tar.gz/pypi-distutils.patch'
$PYTHONPATH = /tmp/tmp8V4KN9conda_skeleton_dib-utils-0.0.8.tar.gz/dib-utils-0.0.8
Error: command failed: /home/ubuntu/miniconda/envs/_build/bin/python setup.py install
