Warning, the following versions were found for dicttoxml
1.6.6
1.6.4
1.6.3
1.6.2
1.6.1
1.6.0
1.5.9
1.5.8
1.5.7
1.5.6
1.5.5
1.5.4
1.5.3
1.5.2
1.5.1
1.5
1.4
1.3.7
1.3.6
1.3.5
1.3.4
1.3.1
1.3
1.2
1.1.2
1.1.1
1.1
1.0
0.9.1
0.9
0.8
0.7
Using 1.6.6
Use --version to specify a different version.
Using url https://pypi.python.org/packages/source/d/dicttoxml/dicttoxml-1.6.6.tar.gz (15 KB) for dicttoxml.
Downloading dicttoxml (use --no-download to skip this step)
Using cached download
Unpacking dicttoxml...
done
working in /tmp/tmp5p72AFconda_skeleton_dicttoxml-1.6.6.tar.gz
Fetching package metadata: ......
Solving package specifications: .patching file core.py
Hunk #1 succeeded at 168 with fuzz 2 (offset 2 lines).

Applying patch: '/tmp/tmp5p72AFconda_skeleton_dicttoxml-1.6.6.tar.gz/pypi-distutils.patch'
Writing recipe for dicttoxml
Done
