Warning, the following versions were found for diff-match-patch
20121119
20120106
20110725.1
20110725
Using 20121119
Use --version to specify a different version.
Using url https://pypi.python.org/packages/source/d/diff-match-patch/diff-match-patch-20121119.tar.gz (53 KB) for diff-match-patch.
Downloading diff-match-patch (use --no-download to skip this step)
Using cached download
Unpacking diff-match-patch...
done
working in /tmp/tmpuljUDCconda_skeleton_diff-match-patch-20121119.tar.gz
Fetching package metadata: ......
Solving package specifications: .patching file core.py
Hunk #1 succeeded at 168 with fuzz 2 (offset 2 lines).

The following NEW packages will be INSTALLED:

    numpy:  1.9.2-py27_0
    pyyaml: 3.11-py27_0 

Linking packages ...
[                    ]|                                                  |   0%[numpy               ]|                                                  |   0%[pyyaml              ]|#########################                         |  50%[      COMPLETE      ]|##################################################| 100%
Applying patch: '/tmp/tmpuljUDCconda_skeleton_diff-match-patch-20121119.tar.gz/pypi-distutils.patch'
Writing recipe for diff-match-patch
Done
