Warning, the following versions were found for discover
0.4.0
0.3.2
0.3.1
0.3.0
0.2.1
0.2.0
0.1.0
0.0
Using 0.4.0
Use --version to specify a different version.
Using url https://pypi.python.org/packages/source/d/discover/discover-0.4.0.tar.gz (8 KB) for discover.
Downloading discover (use --no-download to skip this step)
Using cached download
Unpacking discover...
done
working in /tmp/tmpUNdFnYconda_skeleton_discover-0.4.0.tar.gz
Fetching package metadata: ......
Solving package specifications: .patching file core.py
Hunk #1 succeeded at 168 with fuzz 2 (offset 2 lines).

Applying patch: '/tmp/tmpUNdFnYconda_skeleton_discover-0.4.0.tar.gz/pypi-distutils.patch'
Writing recipe for discover
Done
