Removing old build directory
Removing old work directory
BUILD START: distribute-0.7.3-py27_0
Fetching package metadata: ......
Solving package specifications: .+ /home/ubuntu/miniconda/envs/_build/bin/python setup.py install
running install
running bdist_egg
running egg_info
writing requirements to distribute.egg-info/requires.txt
writing distribute.egg-info/PKG-INFO
writing top-level names to distribute.egg-info/top_level.txt
writing dependency_links to distribute.egg-info/dependency_links.txt
reading manifest file 'distribute.egg-info/SOURCES.txt'
reading manifest template 'MANIFEST.in'
writing manifest file 'distribute.egg-info/SOURCES.txt'
installing library code to build/bdist.linux-x86_64/egg
running install_lib
warning: install_lib: 'build/lib' does not exist -- no Python modules to install

creating build
creating build/bdist.linux-x86_64
creating build/bdist.linux-x86_64/egg
creating build/bdist.linux-x86_64/egg/EGG-INFO
copying distribute.egg-info/PKG-INFO -> build/bdist.linux-x86_64/egg/EGG-INFO
copying distribute.egg-info/SOURCES.txt -> build/bdist.linux-x86_64/egg/EGG-INFO
copying distribute.egg-info/dependency_links.txt -> build/bdist.linux-x86_64/egg/EGG-INFO
copying distribute.egg-info/requires.txt -> build/bdist.linux-x86_64/egg/EGG-INFO
copying distribute.egg-info/top_level.txt -> build/bdist.linux-x86_64/egg/EGG-INFO
copying distribute.egg-info/zip-safe -> build/bdist.linux-x86_64/egg/EGG-INFO
creating dist
creating 'dist/distribute-0.7.3-py2.7.egg' and adding 'build/bdist.linux-x86_64/egg' to it
removing 'build/bdist.linux-x86_64/egg' (and everything under it)
Processing distribute-0.7.3-py2.7.egg
Copying distribute-0.7.3-py2.7.egg to /home/ubuntu/miniconda/envs/_build/lib/python2.7/site-packages
Adding distribute 0.7.3 to easy-install.pth file

Installed /home/ubuntu/miniconda/envs/_build/lib/python2.7/site-packages/distribute-0.7.3-py2.7.egg
Processing dependencies for distribute==0.7.3
Searching for setuptools==0.8b2
Best match: setuptools 0.8b2
Adding setuptools 0.8b2 to easy-install.pth file
Installing easy_install script to /home/ubuntu/miniconda/envs/_build/bin
Installing easy_install-2.7 script to /home/ubuntu/miniconda/envs/_build/bin

Using /home/ubuntu/miniconda/conda-bld/work/distribute-0.7.3
Finished processing dependencies for distribute==0.7.3

The following NEW packages will be INSTALLED:

    openssl:    1.0.1k-1     
    pip:        7.0.3-py27_0 
    python:     2.7.10-0     
    readline:   6.2-2        
    setuptools: 17.1.1-py27_0
    sqlite:     3.8.4.1-1    
    system:     5.8-2        
    tk:         8.5.18-0     
    zlib:       1.2.8-0      

Linking packages ...
[                    ]|                                                  |   0%[openssl             ]|                                                  |   0%[readline            ]|#####                                             |  11%[sqlite              ]|###########                                       |  22%[system              ]|################                                  |  33%[tk                  ]|######################                            |  44%[zlib                ]|###########################                       |  55%[python              ]|#################################                 |  66%[setuptools          ]|######################################            |  77%[pip                 ]|############################################      |  88%[      COMPLETE      ]|##################################################| 100%
Removing old work directory
Source cache directory is: /home/ubuntu/miniconda/conda-bld/src_cache
Found source in cache: distribute-0.7.3.zip
Extracting download
Package: distribute-0.7.3-py27_0
source tree in: /home/ubuntu/miniconda/conda-bld/work/distribute-0.7.3
found egg: /home/ubuntu/miniconda/envs/_build/lib/python2.7/site-packages/distribute-0.7.3-py2.7.egg
number of files: 5
Fixing permissions
Detected hard-coded path in text file bin/easy_install
Detected hard-coded path in text file bin/easy_install-2.7
Fixing permissions
BUILD END: distribute-0.7.3-py27_0
Nothing to test for: distribute-0.7.3-py27_0
# If you want to upload this package to binstar.org later, type:
#
# $ binstar upload /home/ubuntu/miniconda/conda-bld/linux-64/distribute-0.7.3-py27_0.tar.bz2
#
# To have conda build upload to binstar automatically, use
# $ conda config --set binstar_upload yes

