Warning, the following versions were found for distribute
0.7.3
0.6.49
0.6.48
0.6.47
0.6.46
0.6.45
0.6.44
0.6.43
0.6.42
0.6.41
0.6.40
0.6.39
0.6.38
0.6.37
0.6.36
0.6.35
0.6.34
0.6.33
0.6.32
0.6.31
0.6.30
0.6.29
0.6.28
0.6.27
0.6.26
0.6.25
0.6.24
0.6.23dev
0.6.21
0.6.20
0.6.19
0.6.18
0.6.17
0.6.16
0.6.15
0.6.14
0.6.13
0.6.12
0.6.11
0.6.10
0.6.9
0.6.8
0.6.7
0.6.6
0.6.5
0.6.4
0.6.3
0.6.2
0.6.1
0.6
0.6dev
Using 0.7.3
Use --version to specify a different version.
Using url https://pypi.python.org/packages/source/d/distribute/distribute-0.7.3.zip (142 KB) for distribute.
Downloading distribute (use --no-download to skip this step)
Using cached download
Unpacking distribute...
done
working in /tmp/tmpNmBTzGconda_skeleton_distribute-0.7.3.zip
Fetching package metadata: ......
Solving package specifications: .patching file core.py
Hunk #1 succeeded at 168 with fuzz 2 (offset 2 lines).

Applying patch: '/tmp/tmpNmBTzGconda_skeleton_distribute-0.7.3.zip/pypi-distutils.patch'
Writing recipe for distribute
Done
