There was an error importing jinja2.
Please run `conda install jinja2` to enable jinja template support
Removing old build directory
Removing old work directory
BUILD START: dj-database-url-0.3.0-py27_0
Fetching package metadata: ......
Solving package specifications: .There was an error importing jinja2.
Please run `conda install jinja2` to enable jinja template support
+ /home/ubuntu/miniconda/envs/_build/bin/python setup.py install
running install
running bdist_egg
running egg_info
writing dj_database_url.egg-info/PKG-INFO
writing top-level names to dj_database_url.egg-info/top_level.txt
writing dependency_links to dj_database_url.egg-info/dependency_links.txt
reading manifest file 'dj_database_url.egg-info/SOURCES.txt'
writing manifest file 'dj_database_url.egg-info/SOURCES.txt'
installing library code to build/bdist.linux-x86_64/egg
running install_lib
running build_py
creating build
creating build/lib
copying dj_database_url.py -> build/lib
creating build/bdist.linux-x86_64
creating build/bdist.linux-x86_64/egg
copying build/lib/dj_database_url.py -> build/bdist.linux-x86_64/egg
byte-compiling build/bdist.linux-x86_64/egg/dj_database_url.py to dj_database_url.pyc
creating build/bdist.linux-x86_64/egg/EGG-INFO
copying dj_database_url.egg-info/PKG-INFO -> build/bdist.linux-x86_64/egg/EGG-INFO
copying dj_database_url.egg-info/SOURCES.txt -> build/bdist.linux-x86_64/egg/EGG-INFO
copying dj_database_url.egg-info/dependency_links.txt -> build/bdist.linux-x86_64/egg/EGG-INFO
copying dj_database_url.egg-info/not-zip-safe -> build/bdist.linux-x86_64/egg/EGG-INFO
copying dj_database_url.egg-info/top_level.txt -> build/bdist.linux-x86_64/egg/EGG-INFO
creating dist
creating 'dist/dj_database_url-0.3.0-py2.7.egg' and adding 'build/bdist.linux-x86_64/egg' to it
removing 'build/bdist.linux-x86_64/egg' (and everything under it)
Processing dj_database_url-0.3.0-py2.7.egg
creating /home/ubuntu/miniconda/envs/_build/lib/python2.7/site-packages/dj_database_url-0.3.0-py2.7.egg
Extracting dj_database_url-0.3.0-py2.7.egg to /home/ubuntu/miniconda/envs/_build/lib/python2.7/site-packages
Adding dj-database-url 0.3.0 to easy-install.pth file

Installed /home/ubuntu/miniconda/envs/_build/lib/python2.7/site-packages/dj_database_url-0.3.0-py2.7.egg
Processing dependencies for dj-database-url==0.3.0
Finished processing dependencies for dj-database-url==0.3.0

The following NEW packages will be INSTALLED:

    openssl:    1.0.1k-1    
    pip:        6.1.1-py27_0
    python:     2.7.9-3     
    readline:   6.2-2       
    setuptools: 16.0-py27_0 
    sqlite:     3.8.4.1-1   
    system:     5.8-2       
    tk:         8.5.18-0    
    zlib:       1.2.8-0     

Linking packages ...
[                    ]|                                                  |   0%[openssl             ]|                                                  |   0%[readline            ]|#####                                             |  11%[sqlite              ]|###########                                       |  22%[system              ]|################                                  |  33%[tk                  ]|######################                            |  44%[zlib                ]|###########################                       |  55%[python              ]|#################################                 |  66%[setuptools          ]|######################################            |  77%[pip                 ]|############################################      |  88%[      COMPLETE      ]|##################################################| 100%
Removing old work directory
Source cache directory is: /home/ubuntu/miniconda/conda-bld/src_cache
Found source in cache: dj-database-url-0.3.0.tar.gz
Extracting download
Package: dj-database-url-0.3.0-py27_0
source tree in: /home/ubuntu/miniconda/conda-bld/work/dj-database-url-0.3.0
found egg dir: /home/ubuntu/miniconda/envs/_build/lib/python2.7/site-packages/dj_database_url-0.3.0-py2.7.egg
number of files: 3
Fixing permissions
Fixing permissions
BUILD END: dj-database-url-0.3.0-py27_0
Nothing to test for: dj-database-url-0.3.0-py27_0
# If you want to upload this package to binstar.org later, type:
#
# $ binstar upload /home/ubuntu/miniconda/conda-bld/linux-64/dj-database-url-0.3.0-py27_0.tar.bz2
#
# To have conda build upload to binstar automatically, use
# $ conda config --set binstar_upload yes

