Warning, the following versions were found for dj-static
0.0.6
0.0.5
0.0.4
0.0.3
0.0.2
0.0.1
Using 0.0.6
Use --version to specify a different version.
Using url https://pypi.python.org/packages/source/d/dj-static/dj-static-0.0.6.tar.gz (3 KB) for dj-static.
Downloading dj-static (use --no-download to skip this step)
Using cached download
Unpacking dj-static...
done
working in /tmp/tmpm2oRgCconda_skeleton_dj-static-0.0.6.tar.gz
Fetching package metadata: ......
Solving package specifications: .patching file core.py
Hunk #1 succeeded at 168 with fuzz 2 (offset 2 lines).
Traceback (most recent call last):
  File "setup.py", line 32, in <module>
    from setuptools import setup
ImportError: No module named setuptools

Applying patch: '/tmp/tmpm2oRgCconda_skeleton_dj-static-0.0.6.tar.gz/pypi-distutils.patch'
$PYTHONPATH = /tmp/tmpm2oRgCconda_skeleton_dj-static-0.0.6.tar.gz/dj-static-0.0.6
Error: command failed: /home/ubuntu/miniconda/envs/_build/bin/python setup.py install
