Warning, the following versions were found for django-fsm
2.2.1
2.2.0
2.1.0
2.0.1
2.0.0
1.6.0
1.5.1
1.5.0
1.4.1
1.4.0
1.3.0
1.2.0
1.1.0
1.0.0
Using 2.2.1
Use --version to specify a different version.
Using url https://pypi.python.org/packages/source/d/django-fsm/django-fsm-2.2.1.tar.gz (8 KB) for django-fsm.
Downloading django-fsm (use --no-download to skip this step)
Using cached download
Unpacking django-fsm...
done
working in /tmp/tmpTilDvbconda_skeleton_django-fsm-2.2.1.tar.gz
Fetching package metadata: ......
Solving package specifications: .patching file core.py
Hunk #1 succeeded at 168 with fuzz 2 (offset 2 lines).
Traceback (most recent call last):
  File "setup.py", line 1, in <module>
    from setuptools import setup
ImportError: No module named setuptools

Applying patch: '/tmp/tmpTilDvbconda_skeleton_django-fsm-2.2.1.tar.gz/pypi-distutils.patch'
$PYTHONPATH = /tmp/tmpTilDvbconda_skeleton_django-fsm-2.2.1.tar.gz/django-fsm-2.2.1
Error: command failed: /home/ubuntu/miniconda/envs/_build/bin/python setup.py install
