Warning, the following versions were found for django-haystack
2.4.0rc2
2.4.0rc1
2.3.1
2.3.0
2.2.1
2.2.0
2.1.0
2.0.0
1.2.7
1.2.6
1.2.5
1.2.4
1.2.3
1.2.2
1.2.1
1.2.0
1.1.0
1.0.0-rc1
1.0.0b
1.0.2-final
1.0.1-final
1.0.0-final
Using 2.4.0rc2
Use --version to specify a different version.
Using url https://pypi.python.org/packages/source/d/django-haystack/django-haystack-2.4.0rc2.tar.gz (157 KB) for django-haystack.
Downloading django-haystack (use --no-download to skip this step)
Unpacking django-haystack...
done
working in /tmp/tmp4Jkvsoconda_skeleton_django-haystack-2.4.0rc2.tar.gz
Fetching package metadata: ......
Solving package specifications: .patching file core.py
Hunk #1 succeeded at 168 with fuzz 2 (offset 2 lines).

Applying patch: '/tmp/tmp4Jkvsoconda_skeleton_django-haystack-2.4.0rc2.tar.gz/pypi-distutils.patch'
Writing recipe for django-haystack
Done
