Warning, the following versions were found for django-cors-headers
1.1.0
1.0.0
0.13
0.12
0.11
0.10
0.06
0.05
0.04
0.03
0.02
0.01
Using 1.1.0
Use --version to specify a different version.
Using url https://pypi.python.org/packages/source/d/django-cors-headers/django-cors-headers-1.1.0.tar.gz (5 KB) for django-cors-headers.
Downloading django-cors-headers (use --no-download to skip this step)
Using cached download
Unpacking django-cors-headers...
done
working in /tmp/tmpK3b2yxconda_skeleton_django-cors-headers-1.1.0.tar.gz
Fetching package metadata: ......
Solving package specifications: .patching file core.py
Hunk #1 succeeded at 168 with fuzz 2 (offset 2 lines).

The following NEW packages will be INSTALLED:

    numpy:  1.9.2-py27_0
    pyyaml: 3.11-py27_0 

Linking packages ...
[                    ]|                                                  |   0%[numpy               ]|                                                  |   0%[pyyaml              ]|#########################                         |  50%[      COMPLETE      ]|##################################################| 100%
Applying patch: '/tmp/tmpK3b2yxconda_skeleton_django-cors-headers-1.1.0.tar.gz/pypi-distutils.patch'
Writing recipe for django-cors-headers
Done
