Warning, the following versions were found for django-toolbelt
0.0.1
0
Using 0.0.1
Use --version to specify a different version.
Using url https://pypi.python.org/packages/source/d/django-toolbelt/django-toolbelt-0.0.1.tar.gz (2 KB) for django-toolbelt.
Downloading django-toolbelt (use --no-download to skip this step)
Using cached download
Unpacking django-toolbelt...
done
working in /tmp/tmpvMO3Hbconda_skeleton_django-toolbelt-0.0.1.tar.gz
Fetching package metadata: ......
Solving package specifications: .patching file core.py
Hunk #1 succeeded at 168 with fuzz 2 (offset 2 lines).
Traceback (most recent call last):
  File "setup.py", line 16, in <module>
    from setuptools import setup
ImportError: No module named setuptools

Applying patch: '/tmp/tmpvMO3Hbconda_skeleton_django-toolbelt-0.0.1.tar.gz/pypi-distutils.patch'
$PYTHONPATH = /tmp/tmpvMO3Hbconda_skeleton_django-toolbelt-0.0.1.tar.gz/django-toolbelt-0.0.1
Error: command failed: /home/ubuntu/miniconda/envs/_build/bin/python setup.py install
