Warning, the following versions were found for django-suit
0.3a1
0.2.13
0.2.12
0.2.11
0.2.10
0.2.9
0.2.8
0.2.7
0.2.6
0.2.5
0.2.4
0.2.3
0.2.2
0.2.1
0.2.0
0.1.9
0.1.8
0.1.7
0.1.6
0.1.5
0.1.4
0.1.3
0.1.2
0.1.1
0.1.0
Using 0.3a1
Use --version to specify a different version.
Using url https://pypi.python.org/packages/source/d/django-suit/django-suit-0.3a1.tar.gz (905 KB) for django-suit.
Downloading django-suit (use --no-download to skip this step)
Using cached download
Unpacking django-suit...
done
working in /tmp/tmp5iPdmmconda_skeleton_django-suit-0.3a1.tar.gz
Fetching package metadata: ......
Solving package specifications: .patching file core.py
Hunk #1 succeeded at 168 with fuzz 2 (offset 2 lines).

The following NEW packages will be INSTALLED:

    numpy:  1.9.2-py27_0
    pyyaml: 3.11-py27_0 

Linking packages ...
[                    ]|                                                  |   0%[numpy               ]|                                                  |   0%[pyyaml              ]|#########################                         |  50%[      COMPLETE      ]|##################################################| 100%
Applying patch: '/tmp/tmp5iPdmmconda_skeleton_django-suit-0.3a1.tar.gz/pypi-distutils.patch'
Writing recipe for django-suit
Done
