Warning, the following versions were found for django-uuidfield
0.5.0
0.4.0
0.2
0.1
Using 0.5.0
Use --version to specify a different version.
Using url https://pypi.python.org/packages/source/d/django-uuidfield/django-uuidfield-0.5.0.tar.gz (5 KB) for django-uuidfield.
Downloading django-uuidfield (use --no-download to skip this step)
Using cached download
Unpacking django-uuidfield...
done
working in /tmp/tmphKfcGTconda_skeleton_django-uuidfield-0.5.0.tar.gz
Fetching package metadata: ......
Solving package specifications: .patching file core.py
Hunk #1 succeeded at 168 with fuzz 2 (offset 2 lines).
Traceback (most recent call last):
  File "setup.py", line 1, in <module>
    from setuptools import setup, find_packages
ImportError: No module named setuptools

Applying patch: '/tmp/tmphKfcGTconda_skeleton_django-uuidfield-0.5.0.tar.gz/pypi-distutils.patch'
$PYTHONPATH = /tmp/tmphKfcGTconda_skeleton_django-uuidfield-0.5.0.tar.gz/django-uuidfield-0.5.0
Error: command failed: /home/ubuntu/miniconda/envs/_build/bin/python setup.py install
