Warning, the following versions were found for djangorestframework
3.1.3
3.1.2
3.1.1
3.1.0
3.0.5
3.0.4
3.0.3
3.0.2
3.0.1
3.0.0
2.4.5
2.4.4
2.4.3
2.4.2
2.4.1
2.4.0
2.3.14
2.3.13
2.3.12
2.3.11
2.3.10
2.3.9
2.3.8
2.3.7
2.3.6
2.3.5
2.3.4
2.3.3
2.3.2
2.3.1
2.3.0
2.2.7
2.2.6
2.2.5
2.2.4
2.2.3
2.2.2
2.2.1
2.2.0
2.1.17
2.1.16
2.1.15
2.1.14
2.1.13
2.1.12
2.1.11
2.1.10
2.1.9
2.1.8
2.1.7
2.1.6
2.1.5
2.1.4
2.1.3
2.1.2
2.1.1
2.1.0
2.0.2
2.0.1
2.0.0
0.4.0
0.3.3
0.3.2
0.3.1
0.3.0
0.2.4
0.2.3
0.2.2
0.2.1
0.2.0
0.1.1
0.1
Using 3.1.3
Use --version to specify a different version.
Using url https://pypi.python.org/packages/source/d/djangorestframework/djangorestframework-3.1.3.tar.gz (336 KB) for djangorestframework.
Downloading djangorestframework (use --no-download to skip this step)
Using cached download
Unpacking djangorestframework...
done
working in /tmp/tmpW_y55lconda_skeleton_djangorestframework-3.1.3.tar.gz
Fetching package metadata: ......
Solving package specifications: .patching file core.py
Hunk #1 succeeded at 168 with fuzz 2 (offset 2 lines).

The following NEW packages will be INSTALLED:

    numpy:  1.9.2-py27_0
    pyyaml: 3.11-py27_0 

Linking packages ...
[                    ]|                                                  |   0%[numpy               ]|                                                  |   0%[pyyaml              ]|#########################                         |  50%[      COMPLETE      ]|##################################################| 100%
Applying patch: '/tmp/tmpW_y55lconda_skeleton_djangorestframework-3.1.3.tar.gz/pypi-distutils.patch'
Writing recipe for djangorestframework
Done
