Warning, the following versions were found for django-redis-cache
0.13.1
0.13.0
0.12.0
0.11.1
0.11.0
0.10.2
0.10.1
0.10.0
0.9.7
0.9.6
0.9.5
0.9.4
0.9.3
0.9.2
0.9.1
0.9.0
0.8.3
0.8.2
0.8.1
0.8.0
0.7.0
0.6.1
0.6.0
0.5.1
0.5.0
Using 0.13.1
Use --version to specify a different version.
Using url https://pypi.python.org/packages/source/d/django-redis-cache/django-redis-cache-0.13.1.tar.gz (7 KB) for django-redis-cache.
Downloading django-redis-cache (use --no-download to skip this step)
Using cached download
Unpacking django-redis-cache...
done
working in /tmp/tmpWWqMRoconda_skeleton_django-redis-cache-0.13.1.tar.gz
Fetching package metadata: ......
Solving package specifications: .patching file core.py
Hunk #1 succeeded at 168 with fuzz 2 (offset 2 lines).
Traceback (most recent call last):
  File "setup.py", line 1, in <module>
    from setuptools import setup
ImportError: No module named setuptools

Applying patch: '/tmp/tmpWWqMRoconda_skeleton_django-redis-cache-0.13.1.tar.gz/pypi-distutils.patch'
$PYTHONPATH = /tmp/tmpWWqMRoconda_skeleton_django-redis-cache-0.13.1.tar.gz/django-redis-cache-0.13.1
Error: command failed: /home/ubuntu/miniconda/envs/_build/bin/python setup.py install
