Warning, the following versions were found for django-ses
0.7.0
0.6.0
0.4.1
0.4.0
0.3.0
0.2
0.1
Using 0.7.0
Use --version to specify a different version.
Using url https://pypi.python.org/packages/source/d/django-ses/django-ses-0.7.0.tar.gz (30 KB) for django-ses.
Downloading django-ses (use --no-download to skip this step)
Using cached download
Unpacking django-ses...
done
working in /tmp/tmp_i1SeUconda_skeleton_django-ses-0.7.0.tar.gz
Fetching package metadata: ......
Solving package specifications: .patching file core.py
Hunk #1 succeeded at 168 with fuzz 2 (offset 2 lines).

The following NEW packages will be INSTALLED:

    numpy:  1.9.2-py27_0
    pyyaml: 3.11-py27_0 

Linking packages ...
[                    ]|                                                  |   0%[numpy               ]|                                                  |   0%[pyyaml              ]|#########################                         |  50%[      COMPLETE      ]|##################################################| 100%
Applying patch: '/tmp/tmp_i1SeUconda_skeleton_django-ses-0.7.0.tar.gz/pypi-distutils.patch'
Writing recipe for django-ses
Done
