Warning, the following versions were found for django-storages
1.1.8
1.1.7
1.1.6
1.1.5
1.1.4
1.1.3
1.1.2
1.1.1
1.1
1.0
Using 1.1.8
Use --version to specify a different version.
Using url https://pypi.python.org/packages/source/d/django-storages/django-storages-1.1.8.tar.gz (26 KB) for django-storages.
Downloading django-storages (use --no-download to skip this step)
Using cached download
Unpacking django-storages...
done
working in /tmp/tmpiJXtjyconda_skeleton_django-storages-1.1.8.tar.gz
Fetching package metadata: ......
Solving package specifications: .patching file core.py
Hunk #1 succeeded at 168 with fuzz 2 (offset 2 lines).

Applying patch: '/tmp/tmpiJXtjyconda_skeleton_django-storages-1.1.8.tar.gz/pypi-distutils.patch'
Writing recipe for django-storages
Done
