Warning, the following versions were found for django-pyscss
2.0.2
2.0.1
2.0.0
1.0.6
1.0.5
1.0.4
1.0.3
1.0.2
1.0.1
1.0.0
Using 2.0.2
Use --version to specify a different version.
Using url https://pypi.python.org/packages/source/d/django-pyscss/django-pyscss-2.0.2.tar.gz (17 KB) for django-pyscss.
Downloading django-pyscss (use --no-download to skip this step)
Using cached download
Unpacking django-pyscss...
done
working in /tmp/tmpiPwZEIconda_skeleton_django-pyscss-2.0.2.tar.gz
Fetching package metadata: ......
Solving package specifications: .patching file core.py
Hunk #1 succeeded at 168 with fuzz 2 (offset 2 lines).

The following NEW packages will be INSTALLED:

    numpy:  1.9.2-py27_0
    pyyaml: 3.11-py27_0 

Linking packages ...
[                    ]|                                                  |   0%[numpy               ]|                                                  |   0%[pyyaml              ]|#########################                         |  50%[      COMPLETE      ]|##################################################| 100%
Applying patch: '/tmp/tmpiPwZEIconda_skeleton_django-pyscss-2.0.2.tar.gz/pypi-distutils.patch'
Writing recipe for django-pyscss
Done
