Warning, the following versions were found for django-facebook
6.0.3
6.0.2
6.0.1
6.0.0
5.3.1
5.3.0
5.2.10
5.2.9
5.2.8
5.2.7
5.2.6
5.2.5
5.2.4
5.2.3
5.2.2
5.2.1
5.2.0
5.1.10
5.1.9
5.1.8
5.1.7
5.1.6
5.1.5
5.1.2
5.1.1
5.1.0
5.0.13
5.0.12
5.0.11beta
5.0.10beta
5.0.9beta
5.0.8beta
5.0.7beta
5.0.6beta
5.0.5alpha
4.3.4
4.3.3
4.3.1
4.3.0
4.2.11
4.2.10
4.2.9
4.2.8
4.2.7
4.2.5
4.2.4
4.2.3
4.2.2
4.2.1
4.2.0
4.1.7
4.1.6
4.1.5
4.1.4
4.1.3
4.1.2
4.1.1
4.1.0
4.0.11
4.0.10
4.0.9
4.0.8
4.0.7
4.0.6
4.0.5
4.0.4
4.0.3
4.0.2
4.0.1
3.6.7
3.6.6
3.6.5
3.6.4
3.6.3
3.6.2
3.6.1
3.6.0
3.5.93
3.5.92
3.5.9
3.5.8
3.5.7
3.5.6
3.5.5
3.5.4
3.5.3
3.5.0
3.4.4
3.3.0
3.2.7
3.2.5
3.2.4
3.2.3
3.2.2
3.2.1
3.2.0
3.1.9
3.1.8
3.1.7
3.1.6
3.1.5
3.1.2
3.1.1
3.1.0
3.0.8
3.0.5
3.0.4
2.3.3
2.3.2
2.3.1
2.3.0
2.2.15
2.2.14
2.2.13
2.2.12
2.2.10
2.2.9
2.2.8
2.2.7
2.2.6
2.2.5
2.2.4
2.2.3
2.2.2
2.2.1
2.2.0
2.1.5
2.1.3
2.1.2
2.1.1
2.1
2.0.18
2.0.16
2.0.15
2.0.14
2.0.13
2.0.12
2.0.11
2.0.10
2.0.8
2.0.7
2.0.6
2.0.5
2.0.4
2.0.3
2.0.2
2.0.1
2.0
1.0
5.0.2prealpha
5.0.1prealpha
5.0.0prealpha
Using 6.0.3
Use --version to specify a different version.
Using url https://pypi.python.org/packages/source/d/django-facebook/django-facebook-6.0.3.tar.gz (94 KB) for django-facebook.
Downloading django-facebook (use --no-download to skip this step)
Using cached download
Unpacking django-facebook...
done
working in /tmp/tmpkTtMQRconda_skeleton_django-facebook-6.0.3.tar.gz
Fetching package metadata: ......
Solving package specifications: .patching file core.py
Hunk #1 succeeded at 168 with fuzz 2 (offset 2 lines).
Traceback (most recent call last):
  File "setup.py", line 10, in <module>
    from distutils.core import setup, find_packages
ImportError: cannot import name find_packages

Applying patch: '/tmp/tmpkTtMQRconda_skeleton_django-facebook-6.0.3.tar.gz/pypi-distutils.patch'
$PYTHONPATH = /tmp/tmpkTtMQRconda_skeleton_django-facebook-6.0.3.tar.gz/django-facebook-6.0.3
Error: command failed: /home/ubuntu/miniconda/envs/_build/bin/python setup.py install
