django not found, trying Django
0
Warning, the following versions were found for Django
1.8.2
1.8.1
1.8
1.8c1
1.8b2
1.8b1
1.8a1
1.7.8
1.7.7
1.7.6
1.7.5
1.7.4
1.7.3
1.7.2
1.7.1
1.7
1.6.11
1.6.10
1.6.9
1.6.8
1.6.7
1.6.6
1.6.5
1.6.4
1.6.3
1.6.2
1.6.1
1.6
1.5.12
1.5.11
1.5.10
1.5.9
1.5.8
1.5.7
1.5.6
1.5.5
1.5.4
1.5.3
1.5.2
1.5.1
1.5
1.4.20
1.4.19
1.4.18
1.4.17
1.4.16
1.4.15
1.4.14
1.4.13
1.4.12
1.4.11
1.4.10
1.4.9
1.4.8
1.4.7
1.4.6
1.4.5
1.4.4
1.4.3
1.3.7
1.3.6
1.3.5
1.2.7
1.1.4
1.0.4
Using 1.8.2
Use --version to specify a different version.
Using url https://pypi.python.org/packages/source/D/Django/Django-1.8.2.tar.gz (6.9 MB) for Django.
Downloading Django (use --no-download to skip this step)
Using cached download
Unpacking Django...
done
working in /tmp/tmp3amcLBconda_skeleton_Django-1.8.2.tar.gz
Fetching package metadata: ......
Solving package specifications: .patching file core.py
Hunk #1 succeeded at 168 with fuzz 2 (offset 2 lines).

The following NEW packages will be INSTALLED:

    numpy:  1.9.2-py27_0
    pyyaml: 3.11-py27_0 
    yaml:   0.1.4-0     

Linking packages ...
[                    ]|                                                  |   0%[yaml                ]|                                                  |   0%[numpy               ]|################                                  |  33%[pyyaml              ]|#################################                 |  66%[      COMPLETE      ]|##################################################| 100%
Applying patch: '/tmp/tmp3amcLBconda_skeleton_Django-1.8.2.tar.gz/pypi-distutils.patch'
Warning, the following versions were found for bcrypt
1.1.1
1.1.0
1.0.2
1.0.1
1.0.0
Using 1.1.1
Use --version to specify a different version.
Using url https://pypi.python.org/packages/source/b/bcrypt/bcrypt-1.1.1.tar.gz (39 KB) for bcrypt.
Downloading bcrypt (use --no-download to skip this step)
Using cached download
Unpacking bcrypt...
done
working in /tmp/tmp_JwyZYconda_skeleton_bcrypt-1.1.1.tar.gz
Solving package specifications: .patching file core.py
Hunk #1 succeeded at 168 with fuzz 2 (offset 2 lines).

Applying patch: '/tmp/tmp_JwyZYconda_skeleton_bcrypt-1.1.1.tar.gz/pypi-distutils.patch'
Writing recipe for bcrypt
Writing recipe for django
Done
