Warning, the following versions were found for django-tagging
0.3.6
0.3.5
0.3.4
0.3.3
0.3.2
0.3.1
0.3
Using 0.3.6
Use --version to specify a different version.
Using url https://pypi.python.org/packages/source/d/django-tagging/django-tagging-0.3.6.tar.gz (31 KB) for django-tagging.
Downloading django-tagging (use --no-download to skip this step)
Using cached download
Unpacking django-tagging...
done
working in /tmp/tmph7sNwkconda_skeleton_django-tagging-0.3.6.tar.gz
Fetching package metadata: ......
Solving package specifications: .patching file core.py
Hunk #1 succeeded at 168 with fuzz 2 (offset 2 lines).

The following NEW packages will be INSTALLED:

    numpy:  1.9.2-py27_0
    pyyaml: 3.11-py27_0 

Linking packages ...
[                    ]|                                                  |   0%[numpy               ]|                                                  |   0%[pyyaml              ]|#########################                         |  50%[      COMPLETE      ]|##################################################| 100%
Applying patch: '/tmp/tmph7sNwkconda_skeleton_django-tagging-0.3.6.tar.gz/pypi-distutils.patch'
Writing recipe for django-tagging
Done
