Package search: {'_pypi_ordering': False, 'version': '0.7.4', 'name': 'django-mptt', 'summary': 'Utilities for implementing Modified Preorder Tree Traversal\n        with your Django Models and working with trees of Model instances.'}
Fetching package metadata: ....
Removing old build directory
Removing old work directory
BUILD START: django-mptt-0.7.4-py27_0
Fetching package metadata: ......
Solving package specifications: .+ pip install django-mptt
Collecting django-mptt
  Downloading http://localhost/packages/2.7/d/django-mptt/django_mptt-0.7.3-py2.py3-none-any.whl (66kB)
Requirement already satisfied (use --upgrade to upgrade): Django>=1.4.2 in /home/ubuntu/miniconda/envs/_build/lib/python2.7/site-packages (from django-mptt)
Installing collected packages: django-mptt
Successfully installed django-mptt-0.7.3

The following NEW packages will be INSTALLED:

    django:     1.8.2-py27_0
    openssl:    1.0.1k-1    
    pip:        7.0.3-py27_0
    python:     2.7.10-0    
    readline:   6.2-2       
    setuptools: 17.0-py27_0 
    sqlite:     3.8.4.1-1   
    system:     5.8-2       
    tk:         8.5.18-0    
    zlib:       1.2.8-0     

Linking packages ...
[                    ]|                                                  |   0%[openssl             ]|                                                  |   0%[readline            ]|#####                                             |  10%[sqlite              ]|##########                                        |  20%[system              ]|###############                                   |  30%[tk                  ]|####################                              |  40%[zlib                ]|#########################                         |  50%[django              ]|##############################                    |  60%[python              ]|###################################               |  70%[setuptools          ]|########################################          |  80%[pip                 ]|#############################################     |  90%[      COMPLETE      ]|##################################################| 100%
Removing old work directory
Copying /home/ubuntu/pypi-conda-builds/django-mptt to /home/ubuntu/miniconda/conda-bld/work
Package: django-mptt-0.7.4-py27_0
source tree in: /home/ubuntu/miniconda/conda-bld/work
number of files: 54
Fixing permissions
Fixing permissions
BUILD END: django-mptt-0.7.4-py27_0
# If you want to upload this package to binstar.org later, type:
#
# $ binstar upload /home/ubuntu/miniconda/conda-bld/linux-64/django-mptt-0.7.4-py27_0.tar.bz2
#
# To have conda build upload to binstar automatically, use
# $ conda config --set binstar_upload yes

Creating standard recipe for django-mptt-0.7.4
Converting recipe in /home/ubuntu/pypi-conda-builds/django-mptt
package = django-mptt
   dependencies = [u'django >=1.4.2']
Building conda package for django-mptt
