Warning, the following versions were found for django-jenkins
0.17.0
0.16.4
0.16.3
0.16.2
0.16.1
0.16.0
0.15.0
0.14.1
0.14.0
0.13.0
0.12.1
0.12.0
0.11.1
0.11.0
0.10.0
Using 0.17.0
Use --version to specify a different version.
Using url https://pypi.python.org/packages/source/d/django-jenkins/django-jenkins-0.17.0.tar.gz (20 KB) for django-jenkins.
Downloading django-jenkins (use --no-download to skip this step)
Using cached download
Unpacking django-jenkins...
done
working in /tmp/tmplvndUqconda_skeleton_django-jenkins-0.17.0.tar.gz
Fetching package metadata: ......
Solving package specifications: .patching file core.py
Hunk #1 succeeded at 168 with fuzz 2 (offset 2 lines).

Applying patch: '/tmp/tmplvndUqconda_skeleton_django-jenkins-0.17.0.tar.gz/pypi-distutils.patch'
Writing recipe for django-jenkins
Done
