Warning, the following versions were found for django-bootstrap-form
3.2
3.1
3.0
2.0.6
2.0.5
2.0.4
2.0.3
2.0.2
2.0.1
0.2
Using 3.2
Use --version to specify a different version.
Using url https://pypi.python.org/packages/source/d/django-bootstrap-form/django-bootstrap-form-3.2.tar.gz (4 KB) for django-bootstrap-form.
Downloading django-bootstrap-form (use --no-download to skip this step)
Using cached download
Unpacking django-bootstrap-form...
done
working in /tmp/tmpPkCY9qconda_skeleton_django-bootstrap-form-3.2.tar.gz
Fetching package metadata: ......
Solving package specifications: .patching file core.py
Hunk #1 succeeded at 168 with fuzz 2 (offset 2 lines).
Traceback (most recent call last):
  File "setup.py", line 1, in <module>
    from setuptools import setup, find_packages
ImportError: No module named setuptools

Applying patch: '/tmp/tmpPkCY9qconda_skeleton_django-bootstrap-form-3.2.tar.gz/pypi-distutils.patch'
$PYTHONPATH = /tmp/tmpPkCY9qconda_skeleton_django-bootstrap-form-3.2.tar.gz/django-bootstrap-form-3.2
Error: command failed: /home/ubuntu/miniconda/envs/_build/bin/python setup.py install
