Warning, the following versions were found for django-filer
0.9.11
0.9.10
0.9.9
0.9.8
0.9.7
0.9.6
0.9.5
0.9.4
0.9.3
0.9.2
0.9.1
0.9
0.8.7
0.8.6
0.8.5
0.8.4
0.8.3
0.8.2
0.8.1
0.7.2
0.7.1
0.7.0
0.1.3a
Using 0.9.11
Use --version to specify a different version.
Using url https://pypi.python.org/packages/source/d/django-filer/django-filer-0.9.11.tar.gz (744 KB) for django-filer.
Downloading django-filer (use --no-download to skip this step)
Unpacking django-filer...
done
working in /tmp/tmpxerSp0conda_skeleton_django-filer-0.9.11.tar.gz
Fetching package metadata: ......
Solving package specifications: .patching file core.py
Hunk #1 succeeded at 168 with fuzz 2 (offset 2 lines).

The following NEW packages will be INSTALLED:

    numpy:  1.9.2-py27_0
    pyyaml: 3.11-py27_0 

Linking packages ...
[                    ]|                                                  |   0%[numpy               ]|                                                  |   0%[pyyaml              ]|#########################                         |  50%[      COMPLETE      ]|##################################################| 100%
Applying patch: '/tmp/tmpxerSp0conda_skeleton_django-filer-0.9.11.tar.gz/pypi-distutils.patch'
Warning, the following versions were found for django_polymorphic
0.7.1
0.7
0.6.1
0.6
0.5.6
0.5.5
0.5.4
0.5.3
0.5.2
0.5.1
0.5
0.4.2
0.4.0
0.3.1
0.2
Using 0.7.1
Use --version to specify a different version.
Using url https://pypi.python.org/packages/source/d/django_polymorphic/django_polymorphic-0.7.1.tar.gz (35 KB) for django_polymorphic.
Downloading django_polymorphic (use --no-download to skip this step)
Using cached download
Unpacking django_polymorphic...
done
working in /tmp/tmpjYblT8conda_skeleton_django_polymorphic-0.7.1.tar.gz
Solving package specifications: .patching file core.py
Hunk #1 succeeded at 168 with fuzz 2 (offset 2 lines).

Applying patch: '/tmp/tmpjYblT8conda_skeleton_django_polymorphic-0.7.1.tar.gz/pypi-distutils.patch'
Writing recipe for django-filer
Writing recipe for django_polymorphic
Done
