Removing old build directory
Removing old work directory
BUILD START: django-countries-3.3-py27_0
Fetching package metadata: ......
Solving package specifications: .+ /home/ubuntu/miniconda/envs/_build/bin/python setup.py install
running install
running bdist_egg
running egg_info
writing django_countries.egg-info/PKG-INFO
writing top-level names to django_countries.egg-info/top_level.txt
writing dependency_links to django_countries.egg-info/dependency_links.txt
reading manifest file 'django_countries.egg-info/SOURCES.txt'
reading manifest template 'MANIFEST.in'
writing manifest file 'django_countries.egg-info/SOURCES.txt'
installing library code to build/bdist.linux-x86_64/egg
running install_lib
running build_py
creating build
creating build/lib
creating build/lib/django_countries
copying django_countries/widgets.py -> build/lib/django_countries
copying django_countries/fields.py -> build/lib/django_countries
copying django_countries/data.py -> build/lib/django_countries
copying django_countries/conf.py -> build/lib/django_countries
copying django_countries/__init__.py -> build/lib/django_countries
copying django_countries/models.py -> build/lib/django_countries
copying django_countries/ioc_data.py -> build/lib/django_countries
creating build/lib/django_countries/tests
copying django_countries/tests/settings_lts.py -> build/lib/django_countries/tests
copying django_countries/tests/custom_countries.py -> build/lib/django_countries/tests
copying django_countries/tests/test_fields.py -> build/lib/django_countries/tests
copying django_countries/tests/test_widgets.py -> build/lib/django_countries/tests
copying django_countries/tests/forms.py -> build/lib/django_countries/tests
copying django_countries/tests/__init__.py -> build/lib/django_countries/tests
copying django_countries/tests/settings.py -> build/lib/django_countries/tests
copying django_countries/tests/test_countries.py -> build/lib/django_countries/tests
copying django_countries/tests/models.py -> build/lib/django_countries/tests
copying django_countries/tests/test_settings.py -> build/lib/django_countries/tests
creating build/lib/django_countries/locale
creating build/lib/django_countries/locale/ar
creating build/lib/django_countries/locale/ar/LC_MESSAGES
copying django_countries/locale/ar/LC_MESSAGES/django.mo -> build/lib/django_countries/locale/ar/LC_MESSAGES
copying django_countries/locale/ar/LC_MESSAGES/django.po -> build/lib/django_countries/locale/ar/LC_MESSAGES
creating build/lib/django_countries/locale/cs
creating build/lib/django_countries/locale/cs/LC_MESSAGES
copying django_countries/locale/cs/LC_MESSAGES/django.mo -> build/lib/django_countries/locale/cs/LC_MESSAGES
copying django_countries/locale/cs/LC_MESSAGES/django.po -> build/lib/django_countries/locale/cs/LC_MESSAGES
creating build/lib/django_countries/locale/de
creating build/lib/django_countries/locale/de/LC_MESSAGES
copying django_countries/locale/de/LC_MESSAGES/django.mo -> build/lib/django_countries/locale/de/LC_MESSAGES
copying django_countries/locale/de/LC_MESSAGES/django.po -> build/lib/django_countries/locale/de/LC_MESSAGES
creating build/lib/django_countries/locale/el
creating build/lib/django_countries/locale/el/LC_MESSAGES
copying django_countries/locale/el/LC_MESSAGES/django.mo -> build/lib/django_countries/locale/el/LC_MESSAGES
copying django_countries/locale/el/LC_MESSAGES/django.po -> build/lib/django_countries/locale/el/LC_MESSAGES
creating build/lib/django_countries/locale/en
creating build/lib/django_countries/locale/en/LC_MESSAGES
copying django_countries/locale/en/LC_MESSAGES/django.mo -> build/lib/django_countries/locale/en/LC_MESSAGES
copying django_countries/locale/en/LC_MESSAGES/django.po -> build/lib/django_countries/locale/en/LC_MESSAGES
creating build/lib/django_countries/locale/eo
creating build/lib/django_countries/locale/eo/LC_MESSAGES
copying django_countries/locale/eo/LC_MESSAGES/django.mo -> build/lib/django_countries/locale/eo/LC_MESSAGES
copying django_countries/locale/eo/LC_MESSAGES/django.po -> build/lib/django_countries/locale/eo/LC_MESSAGES
creating build/lib/django_countries/locale/es
creating build/lib/django_countries/locale/es/LC_MESSAGES
copying django_countries/locale/es/LC_MESSAGES/django.mo -> build/lib/django_countries/locale/es/LC_MESSAGES
copying django_countries/locale/es/LC_MESSAGES/django.po -> build/lib/django_countries/locale/es/LC_MESSAGES
creating build/lib/django_countries/locale/fa
creating build/lib/django_countries/locale/fa/LC_MESSAGES
copying django_countries/locale/fa/LC_MESSAGES/django.mo -> build/lib/django_countries/locale/fa/LC_MESSAGES
copying django_countries/locale/fa/LC_MESSAGES/django.po -> build/lib/django_countries/locale/fa/LC_MESSAGES
creating build/lib/django_countries/locale/fi
creating build/lib/django_countries/locale/fi/LC_MESSAGES
copying django_countries/locale/fi/LC_MESSAGES/django.mo -> build/lib/django_countries/locale/fi/LC_MESSAGES
copying django_countries/locale/fi/LC_MESSAGES/django.po -> build/lib/django_countries/locale/fi/LC_MESSAGES
creating build/lib/django_countries/locale/fr
creating build/lib/django_countries/locale/fr/LC_MESSAGES
copying django_countries/locale/fr/LC_MESSAGES/django.mo -> build/lib/django_countries/locale/fr/LC_MESSAGES
copying django_countries/locale/fr/LC_MESSAGES/django.po -> build/lib/django_countries/locale/fr/LC_MESSAGES
creating build/lib/django_countries/locale/hr
creating build/lib/django_countries/locale/hr/LC_MESSAGES
copying django_countries/locale/hr/LC_MESSAGES/django.mo -> build/lib/django_countries/locale/hr/LC_MESSAGES
copying django_countries/locale/hr/LC_MESSAGES/django.po -> build/lib/django_countries/locale/hr/LC_MESSAGES
creating build/lib/django_countries/locale/it
creating build/lib/django_countries/locale/it/LC_MESSAGES
copying django_countries/locale/it/LC_MESSAGES/django.mo -> build/lib/django_countries/locale/it/LC_MESSAGES
copying django_countries/locale/it/LC_MESSAGES/django.po -> build/lib/django_countries/locale/it/LC_MESSAGES
creating build/lib/django_countries/locale/ja
creating build/lib/django_countries/locale/ja/LC_MESSAGES
copying django_countries/locale/ja/LC_MESSAGES/django.mo -> build/lib/django_countries/locale/ja/LC_MESSAGES
copying django_countries/locale/ja/LC_MESSAGES/django.po -> build/lib/django_countries/locale/ja/LC_MESSAGES
creating build/lib/django_countries/locale/nb
creating build/lib/django_countries/locale/nb/LC_MESSAGES
copying django_countries/locale/nb/LC_MESSAGES/django.mo -> build/lib/django_countries/locale/nb/LC_MESSAGES
copying django_countries/locale/nb/LC_MESSAGES/django.po -> build/lib/django_countries/locale/nb/LC_MESSAGES
creating build/lib/django_countries/locale/nl
creating build/lib/django_countries/locale/nl/LC_MESSAGES
copying django_countries/locale/nl/LC_MESSAGES/django.mo -> build/lib/django_countries/locale/nl/LC_MESSAGES
copying django_countries/locale/nl/LC_MESSAGES/django.po -> build/lib/django_countries/locale/nl/LC_MESSAGES
creating build/lib/django_countries/locale/pl
creating build/lib/django_countries/locale/pl/LC_MESSAGES
copying django_countries/locale/pl/LC_MESSAGES/django.mo -> build/lib/django_countries/locale/pl/LC_MESSAGES
copying django_countries/locale/pl/LC_MESSAGES/django.po -> build/lib/django_countries/locale/pl/LC_MESSAGES
creating build/lib/django_countries/locale/pt_BR
creating build/lib/django_countries/locale/pt_BR/LC_MESSAGES
copying django_countries/locale/pt_BR/LC_MESSAGES/django.mo -> build/lib/django_countries/locale/pt_BR/LC_MESSAGES
copying django_countries/locale/pt_BR/LC_MESSAGES/django.po -> build/lib/django_countries/locale/pt_BR/LC_MESSAGES
creating build/lib/django_countries/locale/pt_PT
creating build/lib/django_countries/locale/pt_PT/LC_MESSAGES
copying django_countries/locale/pt_PT/LC_MESSAGES/django.mo -> build/lib/django_countries/locale/pt_PT/LC_MESSAGES
copying django_countries/locale/pt_PT/LC_MESSAGES/django.po -> build/lib/django_countries/locale/pt_PT/LC_MESSAGES
creating build/lib/django_countries/locale/ru
creating build/lib/django_countries/locale/ru/LC_MESSAGES
copying django_countries/locale/ru/LC_MESSAGES/django.mo -> build/lib/django_countries/locale/ru/LC_MESSAGES
copying django_countries/locale/ru/LC_MESSAGES/django.po -> build/lib/django_countries/locale/ru/LC_MESSAGES
creating build/lib/django_countries/locale/sk
creating build/lib/django_countries/locale/sk/LC_MESSAGES
copying django_countries/locale/sk/LC_MESSAGES/django.mo -> build/lib/django_countries/locale/sk/LC_MESSAGES
copying django_countries/locale/sk/LC_MESSAGES/django.po -> build/lib/django_countries/locale/sk/LC_MESSAGES
creating build/lib/django_countries/locale/tr_TR
creating build/lib/django_countries/locale/tr_TR/LC_MESSAGES
copying django_countries/locale/tr_TR/LC_MESSAGES/django.mo -> build/lib/django_countries/locale/tr_TR/LC_MESSAGES
copying django_countries/locale/tr_TR/LC_MESSAGES/django.po -> build/lib/django_countries/locale/tr_TR/LC_MESSAGES
creating build/lib/django_countries/locale/uk
creating build/lib/django_countries/locale/uk/LC_MESSAGES
copying django_countries/locale/uk/LC_MESSAGES/django.mo -> build/lib/django_countries/locale/uk/LC_MESSAGES
copying django_countries/locale/uk/LC_MESSAGES/django.po -> build/lib/django_countries/locale/uk/LC_MESSAGES
creating build/lib/django_countries/static
creating build/lib/django_countries/static/flags
copying django_countries/static/flags/__.gif -> build/lib/django_countries/static/flags
copying django_countries/static/flags/ad.gif -> build/lib/django_countries/static/flags
copying django_countries/static/flags/ae.gif -> build/lib/django_countries/static/flags
copying django_countries/static/flags/af.gif -> build/lib/django_countries/static/flags
copying django_countries/static/flags/ag.gif -> build/lib/django_countries/static/flags
copying django_countries/static/flags/ai.gif -> build/lib/django_countries/static/flags
copying django_countries/static/flags/al.gif -> build/lib/django_countries/static/flags
copying django_countries/static/flags/am.gif -> build/lib/django_countries/static/flags
copying django_countries/static/flags/ao.gif -> build/lib/django_countries/static/flags
copying django_countries/static/flags/aq.gif -> build/lib/django_countries/static/flags
copying django_countries/static/flags/ar.gif -> build/lib/django_countries/static/flags
copying django_countries/static/flags/as.gif -> build/lib/django_countries/static/flags
copying django_countries/static/flags/at.gif -> build/lib/django_countries/static/flags
copying django_countries/static/flags/au.gif -> build/lib/django_countries/static/flags
copying django_countries/static/flags/aw.gif -> build/lib/django_countries/static/flags
copying django_countries/static/flags/ax.gif -> build/lib/django_countries/static/flags
copying django_countries/static/flags/az.gif -> build/lib/django_countries/static/flags
copying django_countries/static/flags/ba.gif -> build/lib/django_countries/static/flags
copying django_countries/static/flags/bb.gif -> build/lib/django_countries/static/flags
copying django_countries/static/flags/bd.gif -> build/lib/django_countries/static/flags
copying django_countries/static/flags/be.gif -> build/lib/django_countries/static/flags
copying django_countries/static/flags/bf.gif -> build/lib/django_countries/static/flags
copying django_countries/static/flags/bg.gif -> build/lib/django_countries/static/flags
copying django_countries/static/flags/bh.gif -> build/lib/django_countries/static/flags
copying django_countries/static/flags/bi.gif -> build/lib/django_countries/static/flags
copying django_countries/static/flags/bj.gif -> build/lib/django_countries/static/flags
copying django_countries/static/flags/bl.gif -> build/lib/django_countries/static/flags
copying django_countries/static/flags/bm.gif -> build/lib/django_countries/static/flags
copying django_countries/static/flags/bn.gif -> build/lib/django_countries/static/flags
copying django_countries/static/flags/bo.gif -> build/lib/django_countries/static/flags
copying django_countries/static/flags/bq.gif -> build/lib/django_countries/static/flags
copying django_countries/static/flags/br.gif -> build/lib/django_countries/static/flags
copying django_countries/static/flags/bs.gif -> build/lib/django_countries/static/flags
copying django_countries/static/flags/bt.gif -> build/lib/django_countries/static/flags
copying django_countries/static/flags/bv.gif -> build/lib/django_countries/static/flags
copying django_countries/static/flags/bw.gif -> build/lib/django_countries/static/flags
copying django_countries/static/flags/by.gif -> build/lib/django_countries/static/flags
copying django_countries/static/flags/bz.gif -> build/lib/django_countries/static/flags
copying django_countries/static/flags/ca.gif -> build/lib/django_countries/static/flags
copying django_countries/static/flags/cc.gif -> build/lib/django_countries/static/flags
copying django_countries/static/flags/cd.gif -> build/lib/django_countries/static/flags
copying django_countries/static/flags/cf.gif -> build/lib/django_countries/static/flags
copying django_countries/static/flags/cg.gif -> build/lib/django_countries/static/flags
copying django_countries/static/flags/ch.gif -> build/lib/django_countries/static/flags
copying django_countries/static/flags/ci.gif -> build/lib/django_countries/static/flags
copying django_countries/static/flags/ck.gif -> build/lib/django_countries/static/flags
copying django_countries/static/flags/cl.gif -> build/lib/django_countries/static/flags
copying django_countries/static/flags/cm.gif -> build/lib/django_countries/static/flags
copying django_countries/static/flags/cn.gif -> build/lib/django_countries/static/flags
copying django_countries/static/flags/co.gif -> build/lib/django_countries/static/flags
copying django_countries/static/flags/cr.gif -> build/lib/django_countries/static/flags
copying django_countries/static/flags/cu.gif -> build/lib/django_countries/static/flags
copying django_countries/static/flags/cv.gif -> build/lib/django_countries/static/flags
copying django_countries/static/flags/cw.gif -> build/lib/django_countries/static/flags
copying django_countries/static/flags/cx.gif -> build/lib/django_countries/static/flags
copying django_countries/static/flags/cy.gif -> build/lib/django_countries/static/flags
copying django_countries/static/flags/cz.gif -> build/lib/django_countries/static/flags
copying django_countries/static/flags/de.gif -> build/lib/django_countries/static/flags
copying django_countries/static/flags/dj.gif -> build/lib/django_countries/static/flags
copying django_countries/static/flags/dk.gif -> build/lib/django_countries/static/flags
copying django_countries/static/flags/dm.gif -> build/lib/django_countries/static/flags
copying django_countries/static/flags/do.gif -> build/lib/django_countries/static/flags
copying django_countries/static/flags/dz.gif -> build/lib/django_countries/static/flags
copying django_countries/static/flags/ec.gif -> build/lib/django_countries/static/flags
copying django_countries/static/flags/ee.gif -> build/lib/django_countries/static/flags
copying django_countries/static/flags/eg.gif -> build/lib/django_countries/static/flags
copying django_countries/static/flags/eh.gif -> build/lib/django_countries/static/flags
copying django_countries/static/flags/er.gif -> build/lib/django_countries/static/flags
copying django_countries/static/flags/es.gif -> build/lib/django_countries/static/flags
copying django_countries/static/flags/et.gif -> build/lib/django_countries/static/flags
copying django_countries/static/flags/eu.gif -> build/lib/django_countries/static/flags
copying django_countries/static/flags/fi.gif -> build/lib/django_countries/static/flags
copying django_countries/static/flags/fj.gif -> build/lib/django_countries/static/flags
copying django_countries/static/flags/fk.gif -> build/lib/django_countries/static/flags
copying django_countries/static/flags/fm.gif -> build/lib/django_countries/static/flags
copying django_countries/static/flags/fo.gif -> build/lib/django_countries/static/flags
copying django_countries/static/flags/fr.gif -> build/lib/django_countries/static/flags
copying django_countries/static/flags/ga.gif -> build/lib/django_countries/static/flags
copying django_countries/static/flags/gb.gif -> build/lib/django_countries/static/flags
copying django_countries/static/flags/gd.gif -> build/lib/django_countries/static/flags
copying django_countries/static/flags/ge.gif -> build/lib/django_countries/static/flags
copying django_countries/static/flags/gf.gif -> build/lib/django_countries/static/flags
copying django_countries/static/flags/gg.gif -> build/lib/django_countries/static/flags
copying django_countries/static/flags/gh.gif -> build/lib/django_countries/static/flags
copying django_countries/static/flags/gi.gif -> build/lib/django_countries/static/flags
copying django_countries/static/flags/gl.gif -> build/lib/django_countries/static/flags
copying django_countries/static/flags/gm.gif -> build/lib/django_countries/static/flags
copying django_countries/static/flags/gn.gif -> build/lib/django_countries/static/flags
copying django_countries/static/flags/gp.gif -> build/lib/django_countries/static/flags
copying django_countries/static/flags/gq.gif -> build/lib/django_countries/static/flags
copying django_countries/static/flags/gr.gif -> build/lib/django_countries/static/flags
copying django_countries/static/flags/gs.gif -> build/lib/django_countries/static/flags
copying django_countries/static/flags/gt.gif -> build/lib/django_countries/static/flags
copying django_countries/static/flags/gu.gif -> build/lib/django_countries/static/flags
copying django_countries/static/flags/gw.gif -> build/lib/django_countries/static/flags
copying django_countries/static/flags/gy.gif -> build/lib/django_countries/static/flags
copying django_countries/static/flags/hk.gif -> build/lib/django_countries/static/flags
copying django_countries/static/flags/hm.gif -> build/lib/django_countries/static/flags
copying django_countries/static/flags/hn.gif -> build/lib/django_countries/static/flags
copying django_countries/static/flags/hr.gif -> build/lib/django_countries/static/flags
copying django_countries/static/flags/ht.gif -> build/lib/django_countries/static/flags
copying django_countries/static/flags/hu.gif -> build/lib/django_countries/static/flags
copying django_countries/static/flags/id.gif -> build/lib/django_countries/static/flags
copying django_countries/static/flags/ie.gif -> build/lib/django_countries/static/flags
copying django_countries/static/flags/il.gif -> build/lib/django_countries/static/flags
copying django_countries/static/flags/im.gif -> build/lib/django_countries/static/flags
copying django_countries/static/flags/in.gif -> build/lib/django_countries/static/flags
copying django_countries/static/flags/io.gif -> build/lib/django_countries/static/flags
copying django_countries/static/flags/iq.gif -> build/lib/django_countries/static/flags
copying django_countries/static/flags/ir.gif -> build/lib/django_countries/static/flags
copying django_countries/static/flags/is.gif -> build/lib/django_countries/static/flags
copying django_countries/static/flags/it.gif -> build/lib/django_countries/static/flags
copying django_countries/static/flags/je.gif -> build/lib/django_countries/static/flags
copying django_countries/static/flags/jm.gif -> build/lib/django_countries/static/flags
copying django_countries/static/flags/jo.gif -> build/lib/django_countries/static/flags
copying django_countries/static/flags/jp.gif -> build/lib/django_countries/static/flags
copying django_countries/static/flags/ke.gif -> build/lib/django_countries/static/flags
copying django_countries/static/flags/kg.gif -> build/lib/django_countries/static/flags
copying django_countries/static/flags/kh.gif -> build/lib/django_countries/static/flags
copying django_countries/static/flags/ki.gif -> build/lib/django_countries/static/flags
copying django_countries/static/flags/km.gif -> build/lib/django_countries/static/flags
copying django_countries/static/flags/kn.gif -> build/lib/django_countries/static/flags
copying django_countries/static/flags/kp.gif -> build/lib/django_countries/static/flags
copying django_countries/static/flags/kr.gif -> build/lib/django_countries/static/flags
copying django_countries/static/flags/kw.gif -> build/lib/django_countries/static/flags
copying django_countries/static/flags/ky.gif -> build/lib/django_countries/static/flags
copying django_countries/static/flags/kz.gif -> build/lib/django_countries/static/flags
copying django_countries/static/flags/la.gif -> build/lib/django_countries/static/flags
copying django_countries/static/flags/lb.gif -> build/lib/django_countries/static/flags
copying django_countries/static/flags/lc.gif -> build/lib/django_countries/static/flags
copying django_countries/static/flags/li.gif -> build/lib/django_countries/static/flags
copying django_countries/static/flags/lk.gif -> build/lib/django_countries/static/flags
copying django_countries/static/flags/lr.gif -> build/lib/django_countries/static/flags
copying django_countries/static/flags/ls.gif -> build/lib/django_countries/static/flags
copying django_countries/static/flags/lt.gif -> build/lib/django_countries/static/flags
copying django_countries/static/flags/lu.gif -> build/lib/django_countries/static/flags
copying django_countries/static/flags/lv.gif -> build/lib/django_countries/static/flags
copying django_countries/static/flags/ly.gif -> build/lib/django_countries/static/flags
copying django_countries/static/flags/ma.gif -> build/lib/django_countries/static/flags
copying django_countries/static/flags/mc.gif -> build/lib/django_countries/static/flags
copying django_countries/static/flags/md.gif -> build/lib/django_countries/static/flags
copying django_countries/static/flags/me.gif -> build/lib/django_countries/static/flags
copying django_countries/static/flags/mf.gif -> build/lib/django_countries/static/flags
copying django_countries/static/flags/mg.gif -> build/lib/django_countries/static/flags
copying django_countries/static/flags/mh.gif -> build/lib/django_countries/static/flags
copying django_countries/static/flags/mk.gif -> build/lib/django_countries/static/flags
copying django_countries/static/flags/ml.gif -> build/lib/django_countries/static/flags
copying django_countries/static/flags/mm.gif -> build/lib/django_countries/static/flags
copying django_countries/static/flags/mn.gif -> build/lib/django_countries/static/flags
copying django_countries/static/flags/mo.gif -> build/lib/django_countries/static/flags
copying django_countries/static/flags/mp.gif -> build/lib/django_countries/static/flags
copying django_countries/static/flags/mq.gif -> build/lib/django_countries/static/flags
copying django_countries/static/flags/mr.gif -> build/lib/django_countries/static/flags
copying django_countries/static/flags/ms.gif -> build/lib/django_countries/static/flags
copying django_countries/static/flags/mt.gif -> build/lib/django_countries/static/flags
copying django_countries/static/flags/mu.gif -> build/lib/django_countries/static/flags
copying django_countries/static/flags/mv.gif -> build/lib/django_countries/static/flags
copying django_countries/static/flags/mw.gif -> build/lib/django_countries/static/flags
copying django_countries/static/flags/mx.gif -> build/lib/django_countries/static/flags
copying django_countries/static/flags/my.gif -> build/lib/django_countries/static/flags
copying django_countries/static/flags/mz.gif -> build/lib/django_countries/static/flags
copying django_countries/static/flags/na.gif -> build/lib/django_countries/static/flags
copying django_countries/static/flags/nc.gif -> build/lib/django_countries/static/flags
copying django_countries/static/flags/ne.gif -> build/lib/django_countries/static/flags
copying django_countries/static/flags/nf.gif -> build/lib/django_countries/static/flags
copying django_countries/static/flags/ng.gif -> build/lib/django_countries/static/flags
copying django_countries/static/flags/ni.gif -> build/lib/django_countries/static/flags
copying django_countries/static/flags/nl.gif -> build/lib/django_countries/static/flags
copying django_countries/static/flags/no.gif -> build/lib/django_countries/static/flags
copying django_countries/static/flags/np.gif -> build/lib/django_countries/static/flags
copying django_countries/static/flags/nr.gif -> build/lib/django_countries/static/flags
copying django_countries/static/flags/nu.gif -> build/lib/django_countries/static/flags
copying django_countries/static/flags/nz.gif -> build/lib/django_countries/static/flags
copying django_countries/static/flags/om.gif -> build/lib/django_countries/static/flags
copying django_countries/static/flags/pa.gif -> build/lib/django_countries/static/flags
copying django_countries/static/flags/pe.gif -> build/lib/django_countries/static/flags
copying django_countries/static/flags/pf.gif -> build/lib/django_countries/static/flags
copying django_countries/static/flags/pg.gif -> build/lib/django_countries/static/flags
copying django_countries/static/flags/ph.gif -> build/lib/django_countries/static/flags
copying django_countries/static/flags/pk.gif -> build/lib/django_countries/static/flags
copying django_countries/static/flags/pl.gif -> build/lib/django_countries/static/flags
copying django_countries/static/flags/pm.gif -> build/lib/django_countries/static/flags
copying django_countries/static/flags/pn.gif -> build/lib/django_countries/static/flags
copying django_countries/static/flags/pr.gif -> build/lib/django_countries/static/flags
copying django_countries/static/flags/ps.gif -> build/lib/django_countries/static/flags
copying django_countries/static/flags/pt.gif -> build/lib/django_countries/static/flags
copying django_countries/static/flags/pw.gif -> build/lib/django_countries/static/flags
copying django_countries/static/flags/py.gif -> build/lib/django_countries/static/flags
copying django_countries/static/flags/qa.gif -> build/lib/django_countries/static/flags
copying django_countries/static/flags/re.gif -> build/lib/django_countries/static/flags
copying django_countries/static/flags/ro.gif -> build/lib/django_countries/static/flags
copying django_countries/static/flags/rs.gif -> build/lib/django_countries/static/flags
copying django_countries/static/flags/ru.gif -> build/lib/django_countries/static/flags
copying django_countries/static/flags/rw.gif -> build/lib/django_countries/static/flags
copying django_countries/static/flags/sa.gif -> build/lib/django_countries/static/flags
copying django_countries/static/flags/sb.gif -> build/lib/django_countries/static/flags
copying django_countries/static/flags/sc.gif -> build/lib/django_countries/static/flags
copying django_countries/static/flags/sd.gif -> build/lib/django_countries/static/flags
copying django_countries/static/flags/se.gif -> build/lib/django_countries/static/flags
copying django_countries/static/flags/sg.gif -> build/lib/django_countries/static/flags
copying django_countries/static/flags/sh.gif -> build/lib/django_countries/static/flags
copying django_countries/static/flags/si.gif -> build/lib/django_countries/static/flags
copying django_countries/static/flags/sj.gif -> build/lib/django_countries/static/flags
copying django_countries/static/flags/sk.gif -> build/lib/django_countries/static/flags
copying django_countries/static/flags/sl.gif -> build/lib/django_countries/static/flags
copying django_countries/static/flags/sm.gif -> build/lib/django_countries/static/flags
copying django_countries/static/flags/sn.gif -> build/lib/django_countries/static/flags
copying django_countries/static/flags/so.gif -> build/lib/django_countries/static/flags
copying django_countries/static/flags/sr.gif -> build/lib/django_countries/static/flags
copying django_countries/static/flags/ss.gif -> build/lib/django_countries/static/flags
copying django_countries/static/flags/st.gif -> build/lib/django_countries/static/flags
copying django_countries/static/flags/sv.gif -> build/lib/django_countries/static/flags
copying django_countries/static/flags/sx.gif -> build/lib/django_countries/static/flags
copying django_countries/static/flags/sy.gif -> build/lib/django_countries/static/flags
copying django_countries/static/flags/sz.gif -> build/lib/django_countries/static/flags
copying django_countries/static/flags/tc.gif -> build/lib/django_countries/static/flags
copying django_countries/static/flags/td.gif -> build/lib/django_countries/static/flags
copying django_countries/static/flags/tf.gif -> build/lib/django_countries/static/flags
copying django_countries/static/flags/tg.gif -> build/lib/django_countries/static/flags
copying django_countries/static/flags/th.gif -> build/lib/django_countries/static/flags
copying django_countries/static/flags/tj.gif -> build/lib/django_countries/static/flags
copying django_countries/static/flags/tk.gif -> build/lib/django_countries/static/flags
copying django_countries/static/flags/tl.gif -> build/lib/django_countries/static/flags
copying django_countries/static/flags/tm.gif -> build/lib/django_countries/static/flags
copying django_countries/static/flags/tn.gif -> build/lib/django_countries/static/flags
copying django_countries/static/flags/to.gif -> build/lib/django_countries/static/flags
copying django_countries/static/flags/tr.gif -> build/lib/django_countries/static/flags
copying django_countries/static/flags/tt.gif -> build/lib/django_countries/static/flags
copying django_countries/static/flags/tv.gif -> build/lib/django_countries/static/flags
copying django_countries/static/flags/tw.gif -> build/lib/django_countries/static/flags
copying django_countries/static/flags/tz.gif -> build/lib/django_countries/static/flags
copying django_countries/static/flags/ua.gif -> build/lib/django_countries/static/flags
copying django_countries/static/flags/ug.gif -> build/lib/django_countries/static/flags
copying django_countries/static/flags/um.gif -> build/lib/django_countries/static/flags
copying django_countries/static/flags/us.gif -> build/lib/django_countries/static/flags
copying django_countries/static/flags/uy.gif -> build/lib/django_countries/static/flags
copying django_countries/static/flags/uz.gif -> build/lib/django_countries/static/flags
copying django_countries/static/flags/va.gif -> build/lib/django_countries/static/flags
copying django_countries/static/flags/vc.gif -> build/lib/django_countries/static/flags
copying django_countries/static/flags/ve.gif -> build/lib/django_countries/static/flags
copying django_countries/static/flags/vg.gif -> build/lib/django_countries/static/flags
copying django_countries/static/flags/vi.gif -> build/lib/django_countries/static/flags
copying django_countries/static/flags/vn.gif -> build/lib/django_countries/static/flags
copying django_countries/static/flags/vu.gif -> build/lib/django_countries/static/flags
copying django_countries/static/flags/wf.gif -> build/lib/django_countries/static/flags
copying django_countries/static/flags/ws.gif -> build/lib/django_countries/static/flags
copying django_countries/static/flags/ye.gif -> build/lib/django_countries/static/flags
copying django_countries/static/flags/yt.gif -> build/lib/django_countries/static/flags
copying django_countries/static/flags/za.gif -> build/lib/django_countries/static/flags
copying django_countries/static/flags/zm.gif -> build/lib/django_countries/static/flags
copying django_countries/static/flags/zw.gif -> build/lib/django_countries/static/flags
creating build/bdist.linux-x86_64
creating build/bdist.linux-x86_64/egg
creating build/bdist.linux-x86_64/egg/django_countries
copying build/lib/django_countries/widgets.py -> build/bdist.linux-x86_64/egg/django_countries
copying build/lib/django_countries/fields.py -> build/bdist.linux-x86_64/egg/django_countries
copying build/lib/django_countries/data.py -> build/bdist.linux-x86_64/egg/django_countries
copying build/lib/django_countries/conf.py -> build/bdist.linux-x86_64/egg/django_countries
creating build/bdist.linux-x86_64/egg/django_countries/tests
copying build/lib/django_countries/tests/settings_lts.py -> build/bdist.linux-x86_64/egg/django_countries/tests
copying build/lib/django_countries/tests/custom_countries.py -> build/bdist.linux-x86_64/egg/django_countries/tests
copying build/lib/django_countries/tests/test_fields.py -> build/bdist.linux-x86_64/egg/django_countries/tests
copying build/lib/django_countries/tests/test_widgets.py -> build/bdist.linux-x86_64/egg/django_countries/tests
copying build/lib/django_countries/tests/forms.py -> build/bdist.linux-x86_64/egg/django_countries/tests
copying build/lib/django_countries/tests/__init__.py -> build/bdist.linux-x86_64/egg/django_countries/tests
copying build/lib/django_countries/tests/settings.py -> build/bdist.linux-x86_64/egg/django_countries/tests
copying build/lib/django_countries/tests/test_countries.py -> build/bdist.linux-x86_64/egg/django_countries/tests
copying build/lib/django_countries/tests/models.py -> build/bdist.linux-x86_64/egg/django_countries/tests
copying build/lib/django_countries/tests/test_settings.py -> build/bdist.linux-x86_64/egg/django_countries/tests
creating build/bdist.linux-x86_64/egg/django_countries/static
creating build/bdist.linux-x86_64/egg/django_countries/static/flags
copying build/lib/django_countries/static/flags/ml.gif -> build/bdist.linux-x86_64/egg/django_countries/static/flags
copying build/lib/django_countries/static/flags/km.gif -> build/bdist.linux-x86_64/egg/django_countries/static/flags
copying build/lib/django_countries/static/flags/gf.gif -> build/bdist.linux-x86_64/egg/django_countries/static/flags
copying build/lib/django_countries/static/flags/cr.gif -> build/bdist.linux-x86_64/egg/django_countries/static/flags
copying build/lib/django_countries/static/flags/ve.gif -> build/bdist.linux-x86_64/egg/django_countries/static/flags
copying build/lib/django_countries/static/flags/vu.gif -> build/bdist.linux-x86_64/egg/django_countries/static/flags
copying build/lib/django_countries/static/flags/is.gif -> build/bdist.linux-x86_64/egg/django_countries/static/flags
copying build/lib/django_countries/static/flags/gu.gif -> build/bdist.linux-x86_64/egg/django_countries/static/flags
copying build/lib/django_countries/static/flags/sd.gif -> build/bdist.linux-x86_64/egg/django_countries/static/flags
copying build/lib/django_countries/static/flags/cc.gif -> build/bdist.linux-x86_64/egg/django_countries/static/flags
copying build/lib/django_countries/static/flags/st.gif -> build/bdist.linux-x86_64/egg/django_countries/static/flags
copying build/lib/django_countries/static/flags/ne.gif -> build/bdist.linux-x86_64/egg/django_countries/static/flags
copying build/lib/django_countries/static/flags/si.gif -> build/bdist.linux-x86_64/egg/django_countries/static/flags
copying build/lib/django_countries/static/flags/tk.gif -> build/bdist.linux-x86_64/egg/django_countries/static/flags
copying build/lib/django_countries/static/flags/mr.gif -> build/bdist.linux-x86_64/egg/django_countries/static/flags
copying build/lib/django_countries/static/flags/at.gif -> build/bdist.linux-x86_64/egg/django_countries/static/flags
copying build/lib/django_countries/static/flags/va.gif -> build/bdist.linux-x86_64/egg/django_countries/static/flags
copying build/lib/django_countries/static/flags/np.gif -> build/bdist.linux-x86_64/egg/django_countries/static/flags
copying build/lib/django_countries/static/flags/mg.gif -> build/bdist.linux-x86_64/egg/django_countries/static/flags
copying build/lib/django_countries/static/flags/uz.gif -> build/bdist.linux-x86_64/egg/django_countries/static/flags
copying build/lib/django_countries/static/flags/bg.gif -> build/bdist.linux-x86_64/egg/django_countries/static/flags
copying build/lib/django_countries/static/flags/sy.gif -> build/bdist.linux-x86_64/egg/django_countries/static/flags
copying build/lib/django_countries/static/flags/gd.gif -> build/bdist.linux-x86_64/egg/django_countries/static/flags
copying build/lib/django_countries/static/flags/ca.gif -> build/bdist.linux-x86_64/egg/django_countries/static/flags
copying build/lib/django_countries/static/flags/sv.gif -> build/bdist.linux-x86_64/egg/django_countries/static/flags
copying build/lib/django_countries/static/flags/gi.gif -> build/bdist.linux-x86_64/egg/django_countries/static/flags
copying build/lib/django_countries/static/flags/sh.gif -> build/bdist.linux-x86_64/egg/django_countries/static/flags
copying build/lib/django_countries/static/flags/tv.gif -> build/bdist.linux-x86_64/egg/django_countries/static/flags
copying build/lib/django_countries/static/flags/sr.gif -> build/bdist.linux-x86_64/egg/django_countries/static/flags
copying build/lib/django_countries/static/flags/ch.gif -> build/bdist.linux-x86_64/egg/django_countries/static/flags
copying build/lib/django_countries/static/flags/se.gif -> build/bdist.linux-x86_64/egg/django_countries/static/flags
copying build/lib/django_countries/static/flags/th.gif -> build/bdist.linux-x86_64/egg/django_countries/static/flags
copying build/lib/django_countries/static/flags/nr.gif -> build/bdist.linux-x86_64/egg/django_countries/static/flags
copying build/lib/django_countries/static/flags/bz.gif -> build/bdist.linux-x86_64/egg/django_countries/static/flags
copying build/lib/django_countries/static/flags/rs.gif -> build/bdist.linux-x86_64/egg/django_countries/static/flags
copying build/lib/django_countries/static/flags/ie.gif -> build/bdist.linux-x86_64/egg/django_countries/static/flags
copying build/lib/django_countries/static/flags/tl.gif -> build/bdist.linux-x86_64/egg/django_countries/static/flags
copying build/lib/django_countries/static/flags/wf.gif -> build/bdist.linux-x86_64/egg/django_countries/static/flags
copying build/lib/django_countries/static/flags/mf.gif -> build/bdist.linux-x86_64/egg/django_countries/static/flags
copying build/lib/django_countries/static/flags/ky.gif -> build/bdist.linux-x86_64/egg/django_countries/static/flags
copying build/lib/django_countries/static/flags/qa.gif -> build/bdist.linux-x86_64/egg/django_countries/static/flags
copying build/lib/django_countries/static/flags/mt.gif -> build/bdist.linux-x86_64/egg/django_countries/static/flags
copying build/lib/django_countries/static/flags/bm.gif -> build/bdist.linux-x86_64/egg/django_countries/static/flags
copying build/lib/django_countries/static/flags/ee.gif -> build/bdist.linux-x86_64/egg/django_countries/static/flags
copying build/lib/django_countries/static/flags/bd.gif -> build/bdist.linux-x86_64/egg/django_countries/static/flags
copying build/lib/django_countries/static/flags/ai.gif -> build/bdist.linux-x86_64/egg/django_countries/static/flags
copying build/lib/django_countries/static/flags/bb.gif -> build/bdist.linux-x86_64/egg/django_countries/static/flags
copying build/lib/django_countries/static/flags/ua.gif -> build/bdist.linux-x86_64/egg/django_countries/static/flags
copying build/lib/django_countries/static/flags/mq.gif -> build/bdist.linux-x86_64/egg/django_countries/static/flags
copying build/lib/django_countries/static/flags/zm.gif -> build/bdist.linux-x86_64/egg/django_countries/static/flags
copying build/lib/django_countries/static/flags/ki.gif -> build/bdist.linux-x86_64/egg/django_countries/static/flags
copying build/lib/django_countries/static/flags/hm.gif -> build/bdist.linux-x86_64/egg/django_countries/static/flags
copying build/lib/django_countries/static/flags/af.gif -> build/bdist.linux-x86_64/egg/django_countries/static/flags
copying build/lib/django_countries/static/flags/ao.gif -> build/bdist.linux-x86_64/egg/django_countries/static/flags
copying build/lib/django_countries/static/flags/co.gif -> build/bdist.linux-x86_64/egg/django_countries/static/flags
copying build/lib/django_countries/static/flags/ke.gif -> build/bdist.linux-x86_64/egg/django_countries/static/flags
copying build/lib/django_countries/static/flags/ax.gif -> build/bdist.linux-x86_64/egg/django_countries/static/flags
copying build/lib/django_countries/static/flags/gs.gif -> build/bdist.linux-x86_64/egg/django_countries/static/flags
copying build/lib/django_countries/static/flags/ge.gif -> build/bdist.linux-x86_64/egg/django_countries/static/flags
copying build/lib/django_countries/static/flags/sn.gif -> build/bdist.linux-x86_64/egg/django_countries/static/flags
copying build/lib/django_countries/static/flags/vn.gif -> build/bdist.linux-x86_64/egg/django_countries/static/flags
copying build/lib/django_countries/static/flags/hk.gif -> build/bdist.linux-x86_64/egg/django_countries/static/flags
copying build/lib/django_countries/static/flags/ir.gif -> build/bdist.linux-x86_64/egg/django_countries/static/flags
copying build/lib/django_countries/static/flags/id.gif -> build/bdist.linux-x86_64/egg/django_countries/static/flags
copying build/lib/django_countries/static/flags/kg.gif -> build/bdist.linux-x86_64/egg/django_countries/static/flags
copying build/lib/django_countries/static/flags/as.gif -> build/bdist.linux-x86_64/egg/django_countries/static/flags
copying build/lib/django_countries/static/flags/pt.gif -> build/bdist.linux-x86_64/egg/django_countries/static/flags
copying build/lib/django_countries/static/flags/aq.gif -> build/bdist.linux-x86_64/egg/django_countries/static/flags
copying build/lib/django_countries/static/flags/td.gif -> build/bdist.linux-x86_64/egg/django_countries/static/flags
copying build/lib/django_countries/static/flags/dj.gif -> build/bdist.linux-x86_64/egg/django_countries/static/flags
copying build/lib/django_countries/static/flags/bo.gif -> build/bdist.linux-x86_64/egg/django_countries/static/flags
copying build/lib/django_countries/static/flags/kw.gif -> build/bdist.linux-x86_64/egg/django_countries/static/flags
copying build/lib/django_countries/static/flags/no.gif -> build/bdist.linux-x86_64/egg/django_countries/static/flags
copying build/lib/django_countries/static/flags/ws.gif -> build/bdist.linux-x86_64/egg/django_countries/static/flags
copying build/lib/django_countries/static/flags/mp.gif -> build/bdist.linux-x86_64/egg/django_countries/static/flags
copying build/lib/django_countries/static/flags/iq.gif -> build/bdist.linux-x86_64/egg/django_countries/static/flags
copying build/lib/django_countries/static/flags/cv.gif -> build/bdist.linux-x86_64/egg/django_countries/static/flags
copying build/lib/django_countries/static/flags/tj.gif -> build/bdist.linux-x86_64/egg/django_countries/static/flags
copying build/lib/django_countries/static/flags/io.gif -> build/bdist.linux-x86_64/egg/django_countries/static/flags
copying build/lib/django_countries/static/flags/pm.gif -> build/bdist.linux-x86_64/egg/django_countries/static/flags
copying build/lib/django_countries/static/flags/ec.gif -> build/bdist.linux-x86_64/egg/django_countries/static/flags
copying build/lib/django_countries/static/flags/lc.gif -> build/bdist.linux-x86_64/egg/django_countries/static/flags
copying build/lib/django_countries/static/flags/ps.gif -> build/bdist.linux-x86_64/egg/django_countries/static/flags
copying build/lib/django_countries/static/flags/gt.gif -> build/bdist.linux-x86_64/egg/django_countries/static/flags
copying build/lib/django_countries/static/flags/dm.gif -> build/bdist.linux-x86_64/egg/django_countries/static/flags
copying build/lib/django_countries/static/flags/bq.gif -> build/bdist.linux-x86_64/egg/django_countries/static/flags
copying build/lib/django_countries/static/flags/sc.gif -> build/bdist.linux-x86_64/egg/django_countries/static/flags
copying build/lib/django_countries/static/flags/sj.gif -> build/bdist.linux-x86_64/egg/django_countries/static/flags
copying build/lib/django_countries/static/flags/pg.gif -> build/bdist.linux-x86_64/egg/django_countries/static/flags
copying build/lib/django_countries/static/flags/mz.gif -> build/bdist.linux-x86_64/egg/django_countries/static/flags
copying build/lib/django_countries/static/flags/dz.gif -> build/bdist.linux-x86_64/egg/django_countries/static/flags
copying build/lib/django_countries/static/flags/tf.gif -> build/bdist.linux-x86_64/egg/django_countries/static/flags
copying build/lib/django_countries/static/flags/az.gif -> build/bdist.linux-x86_64/egg/django_countries/static/flags
copying build/lib/django_countries/static/flags/um.gif -> build/bdist.linux-x86_64/egg/django_countries/static/flags
copying build/lib/django_countries/static/flags/yt.gif -> build/bdist.linux-x86_64/egg/django_countries/static/flags
copying build/lib/django_countries/static/flags/sa.gif -> build/bdist.linux-x86_64/egg/django_countries/static/flags
copying build/lib/django_countries/static/flags/pw.gif -> build/bdist.linux-x86_64/egg/django_countries/static/flags
copying build/lib/django_countries/static/flags/gw.gif -> build/bdist.linux-x86_64/egg/django_countries/static/flags
copying build/lib/django_countries/static/flags/ci.gif -> build/bdist.linux-x86_64/egg/django_countries/static/flags
copying build/lib/django_countries/static/flags/ma.gif -> build/bdist.linux-x86_64/egg/django_countries/static/flags
copying build/lib/django_countries/static/flags/lr.gif -> build/bdist.linux-x86_64/egg/django_countries/static/flags
copying build/lib/django_countries/static/flags/gy.gif -> build/bdist.linux-x86_64/egg/django_countries/static/flags
copying build/lib/django_countries/static/flags/my.gif -> build/bdist.linux-x86_64/egg/django_countries/static/flags
copying build/lib/django_countries/static/flags/sl.gif -> build/bdist.linux-x86_64/egg/django_countries/static/flags
copying build/lib/django_countries/static/flags/mn.gif -> build/bdist.linux-x86_64/egg/django_countries/static/flags
copying build/lib/django_countries/static/flags/bt.gif -> build/bdist.linux-x86_64/egg/django_countries/static/flags
copying build/lib/django_countries/static/flags/cg.gif -> build/bdist.linux-x86_64/egg/django_countries/static/flags
copying build/lib/django_countries/static/flags/bj.gif -> build/bdist.linux-x86_64/egg/django_countries/static/flags
copying build/lib/django_countries/static/flags/fr.gif -> build/bdist.linux-x86_64/egg/django_countries/static/flags
copying build/lib/django_countries/static/flags/gl.gif -> build/bdist.linux-x86_64/egg/django_countries/static/flags
copying build/lib/django_countries/static/flags/cf.gif -> build/bdist.linux-x86_64/egg/django_countries/static/flags
copying build/lib/django_countries/static/flags/al.gif -> build/bdist.linux-x86_64/egg/django_countries/static/flags
copying build/lib/django_countries/static/flags/lv.gif -> build/bdist.linux-x86_64/egg/django_countries/static/flags
copying build/lib/django_countries/static/flags/mv.gif -> build/bdist.linux-x86_64/egg/django_countries/static/flags
copying build/lib/django_countries/static/flags/tc.gif -> build/bdist.linux-x86_64/egg/django_countries/static/flags
copying build/lib/django_countries/static/flags/jo.gif -> build/bdist.linux-x86_64/egg/django_countries/static/flags
copying build/lib/django_countries/static/flags/be.gif -> build/bdist.linux-x86_64/egg/django_countries/static/flags
copying build/lib/django_countries/static/flags/nu.gif -> build/bdist.linux-x86_64/egg/django_countries/static/flags
copying build/lib/django_countries/static/flags/by.gif -> build/bdist.linux-x86_64/egg/django_countries/static/flags
copying build/lib/django_countries/static/flags/fo.gif -> build/bdist.linux-x86_64/egg/django_countries/static/flags
copying build/lib/django_countries/static/flags/cw.gif -> build/bdist.linux-x86_64/egg/django_countries/static/flags
copying build/lib/django_countries/static/flags/im.gif -> build/bdist.linux-x86_64/egg/django_countries/static/flags
copying build/lib/django_countries/static/flags/cu.gif -> build/bdist.linux-x86_64/egg/django_countries/static/flags
copying build/lib/django_countries/static/flags/gg.gif -> build/bdist.linux-x86_64/egg/django_countries/static/flags
copying build/lib/django_countries/static/flags/do.gif -> build/bdist.linux-x86_64/egg/django_countries/static/flags
copying build/lib/django_countries/static/flags/ph.gif -> build/bdist.linux-x86_64/egg/django_countries/static/flags
copying build/lib/django_countries/static/flags/gh.gif -> build/bdist.linux-x86_64/egg/django_countries/static/flags
copying build/lib/django_countries/static/flags/it.gif -> build/bdist.linux-x86_64/egg/django_countries/static/flags
copying build/lib/django_countries/static/flags/aw.gif -> build/bdist.linux-x86_64/egg/django_countries/static/flags
copying build/lib/django_countries/static/flags/ro.gif -> build/bdist.linux-x86_64/egg/django_countries/static/flags
copying build/lib/django_countries/static/flags/tg.gif -> build/bdist.linux-x86_64/egg/django_countries/static/flags
copying build/lib/django_countries/static/flags/ug.gif -> build/bdist.linux-x86_64/egg/django_countries/static/flags
copying build/lib/django_countries/static/flags/us.gif -> build/bdist.linux-x86_64/egg/django_countries/static/flags
copying build/lib/django_countries/static/flags/lk.gif -> build/bdist.linux-x86_64/egg/django_countries/static/flags
copying build/lib/django_countries/static/flags/re.gif -> build/bdist.linux-x86_64/egg/django_countries/static/flags
copying build/lib/django_countries/static/flags/gm.gif -> build/bdist.linux-x86_64/egg/django_countries/static/flags
copying build/lib/django_countries/static/flags/mh.gif -> build/bdist.linux-x86_64/egg/django_countries/static/flags
copying build/lib/django_countries/static/flags/tn.gif -> build/bdist.linux-x86_64/egg/django_countries/static/flags
copying build/lib/django_countries/static/flags/mu.gif -> build/bdist.linux-x86_64/egg/django_countries/static/flags
copying build/lib/django_countries/static/flags/cy.gif -> build/bdist.linux-x86_64/egg/django_countries/static/flags
copying build/lib/django_countries/static/flags/eg.gif -> build/bdist.linux-x86_64/egg/django_countries/static/flags
copying build/lib/django_countries/static/flags/ga.gif -> build/bdist.linux-x86_64/egg/django_countries/static/flags
copying build/lib/django_countries/static/flags/ae.gif -> build/bdist.linux-x86_64/egg/django_countries/static/flags
copying build/lib/django_countries/static/flags/il.gif -> build/bdist.linux-x86_64/egg/django_countries/static/flags
copying build/lib/django_countries/static/flags/kh.gif -> build/bdist.linux-x86_64/egg/django_countries/static/flags
copying build/lib/django_countries/static/flags/so.gif -> build/bdist.linux-x86_64/egg/django_countries/static/flags
copying build/lib/django_countries/static/flags/fj.gif -> build/bdist.linux-x86_64/egg/django_countries/static/flags
copying build/lib/django_countries/static/flags/tw.gif -> build/bdist.linux-x86_64/egg/django_countries/static/flags
copying build/lib/django_countries/static/flags/mw.gif -> build/bdist.linux-x86_64/egg/django_countries/static/flags
copying build/lib/django_countries/static/flags/rw.gif -> build/bdist.linux-x86_64/egg/django_countries/static/flags
copying build/lib/django_countries/static/flags/tr.gif -> build/bdist.linux-x86_64/egg/django_countries/static/flags
copying build/lib/django_countries/static/flags/ls.gif -> build/bdist.linux-x86_64/egg/django_countries/static/flags
copying build/lib/django_countries/static/flags/mc.gif -> build/bdist.linux-x86_64/egg/django_countries/static/flags
copying build/lib/django_countries/static/flags/nc.gif -> build/bdist.linux-x86_64/egg/django_countries/static/flags
copying build/lib/django_countries/static/flags/ly.gif -> build/bdist.linux-x86_64/egg/django_countries/static/flags
copying build/lib/django_countries/static/flags/pr.gif -> build/bdist.linux-x86_64/egg/django_countries/static/flags
copying build/lib/django_countries/static/flags/mo.gif -> build/bdist.linux-x86_64/egg/django_countries/static/flags
copying build/lib/django_countries/static/flags/er.gif -> build/bdist.linux-x86_64/egg/django_countries/static/flags
copying build/lib/django_countries/static/flags/lt.gif -> build/bdist.linux-x86_64/egg/django_countries/static/flags
copying build/lib/django_countries/static/flags/bi.gif -> build/bdist.linux-x86_64/egg/django_countries/static/flags
copying build/lib/django_countries/static/flags/bv.gif -> build/bdist.linux-x86_64/egg/django_countries/static/flags
copying build/lib/django_countries/static/flags/tt.gif -> build/bdist.linux-x86_64/egg/django_countries/static/flags
copying build/lib/django_countries/static/flags/cd.gif -> build/bdist.linux-x86_64/egg/django_countries/static/flags
copying build/lib/django_countries/static/flags/bw.gif -> build/bdist.linux-x86_64/egg/django_countries/static/flags
copying build/lib/django_countries/static/flags/in.gif -> build/bdist.linux-x86_64/egg/django_countries/static/flags
copying build/lib/django_countries/static/flags/je.gif -> build/bdist.linux-x86_64/egg/django_countries/static/flags
copying build/lib/django_countries/static/flags/tm.gif -> build/bdist.linux-x86_64/egg/django_countries/static/flags
copying build/lib/django_countries/static/flags/vi.gif -> build/bdist.linux-x86_64/egg/django_countries/static/flags
copying build/lib/django_countries/static/flags/ar.gif -> build/bdist.linux-x86_64/egg/django_countries/static/flags
copying build/lib/django_countries/static/flags/na.gif -> build/bdist.linux-x86_64/egg/django_countries/static/flags
copying build/lib/django_countries/static/flags/kr.gif -> build/bdist.linux-x86_64/egg/django_countries/static/flags
copying build/lib/django_countries/static/flags/et.gif -> build/bdist.linux-x86_64/egg/django_countries/static/flags
copying build/lib/django_countries/static/flags/ng.gif -> build/bdist.linux-x86_64/egg/django_countries/static/flags
copying build/lib/django_countries/static/flags/pe.gif -> build/bdist.linux-x86_64/egg/django_countries/static/flags
copying build/lib/django_countries/static/flags/ag.gif -> build/bdist.linux-x86_64/egg/django_countries/static/flags
copying build/lib/django_countries/static/flags/hn.gif -> build/bdist.linux-x86_64/egg/django_countries/static/flags
copying build/lib/django_countries/static/flags/sb.gif -> build/bdist.linux-x86_64/egg/django_countries/static/flags
copying build/lib/django_countries/static/flags/pl.gif -> build/bdist.linux-x86_64/egg/django_countries/static/flags
copying build/lib/django_countries/static/flags/li.gif -> build/bdist.linux-x86_64/egg/django_countries/static/flags
copying build/lib/django_countries/static/flags/uy.gif -> build/bdist.linux-x86_64/egg/django_countries/static/flags
copying build/lib/django_countries/static/flags/zw.gif -> build/bdist.linux-x86_64/egg/django_countries/static/flags
copying build/lib/django_countries/static/flags/hu.gif -> build/bdist.linux-x86_64/egg/django_countries/static/flags
copying build/lib/django_countries/static/flags/bs.gif -> build/bdist.linux-x86_64/egg/django_countries/static/flags
copying build/lib/django_countries/static/flags/sx.gif -> build/bdist.linux-x86_64/egg/django_countries/static/flags
copying build/lib/django_countries/static/flags/ht.gif -> build/bdist.linux-x86_64/egg/django_countries/static/flags
copying build/lib/django_countries/static/flags/am.gif -> build/bdist.linux-x86_64/egg/django_countries/static/flags
copying build/lib/django_countries/static/flags/tz.gif -> build/bdist.linux-x86_64/egg/django_countries/static/flags
copying build/lib/django_countries/static/flags/fm.gif -> build/bdist.linux-x86_64/egg/django_countries/static/flags
copying build/lib/django_countries/static/flags/pn.gif -> build/bdist.linux-x86_64/egg/django_countries/static/flags
copying build/lib/django_countries/static/flags/sk.gif -> build/bdist.linux-x86_64/egg/django_countries/static/flags
copying build/lib/django_countries/static/flags/au.gif -> build/bdist.linux-x86_64/egg/django_countries/static/flags
copying build/lib/django_countries/static/flags/kp.gif -> build/bdist.linux-x86_64/egg/django_countries/static/flags
copying build/lib/django_countries/static/flags/ms.gif -> build/bdist.linux-x86_64/egg/django_countries/static/flags
copying build/lib/django_countries/static/flags/gq.gif -> build/bdist.linux-x86_64/egg/django_countries/static/flags
copying build/lib/django_countries/static/flags/lb.gif -> build/bdist.linux-x86_64/egg/django_countries/static/flags
copying build/lib/django_countries/static/flags/ck.gif -> build/bdist.linux-x86_64/egg/django_countries/static/flags
copying build/lib/django_countries/static/flags/jm.gif -> build/bdist.linux-x86_64/egg/django_countries/static/flags
copying build/lib/django_countries/static/flags/pf.gif -> build/bdist.linux-x86_64/egg/django_countries/static/flags
copying build/lib/django_countries/static/flags/nz.gif -> build/bdist.linux-x86_64/egg/django_countries/static/flags
copying build/lib/django_countries/static/flags/kz.gif -> build/bdist.linux-x86_64/egg/django_countries/static/flags
copying build/lib/django_countries/static/flags/vc.gif -> build/bdist.linux-x86_64/egg/django_countries/static/flags
copying build/lib/django_countries/static/flags/pa.gif -> build/bdist.linux-x86_64/egg/django_countries/static/flags
copying build/lib/django_countries/static/flags/ss.gif -> build/bdist.linux-x86_64/egg/django_countries/static/flags
copying build/lib/django_countries/static/flags/cm.gif -> build/bdist.linux-x86_64/egg/django_countries/static/flags
copying build/lib/django_countries/static/flags/bn.gif -> build/bdist.linux-x86_64/egg/django_countries/static/flags
copying build/lib/django_countries/static/flags/to.gif -> build/bdist.linux-x86_64/egg/django_countries/static/flags
copying build/lib/django_countries/static/flags/sz.gif -> build/bdist.linux-x86_64/egg/django_countries/static/flags
copying build/lib/django_countries/static/flags/eu.gif -> build/bdist.linux-x86_64/egg/django_countries/static/flags
copying build/lib/django_countries/static/flags/md.gif -> build/bdist.linux-x86_64/egg/django_countries/static/flags
copying build/lib/django_countries/static/flags/gp.gif -> build/bdist.linux-x86_64/egg/django_countries/static/flags
copying build/lib/django_countries/static/flags/lu.gif -> build/bdist.linux-x86_64/egg/django_countries/static/flags
copying build/lib/django_countries/static/flags/la.gif -> build/bdist.linux-x86_64/egg/django_countries/static/flags
copying build/lib/django_countries/static/flags/cn.gif -> build/bdist.linux-x86_64/egg/django_countries/static/flags
copying build/lib/django_countries/static/flags/mm.gif -> build/bdist.linux-x86_64/egg/django_countries/static/flags
copying build/lib/django_countries/static/flags/ye.gif -> build/bdist.linux-x86_64/egg/django_countries/static/flags
copying build/lib/django_countries/static/flags/br.gif -> build/bdist.linux-x86_64/egg/django_countries/static/flags
copying build/lib/django_countries/static/flags/fi.gif -> build/bdist.linux-x86_64/egg/django_countries/static/flags
copying build/lib/django_countries/static/flags/sg.gif -> build/bdist.linux-x86_64/egg/django_countries/static/flags
copying build/lib/django_countries/static/flags/ni.gif -> build/bdist.linux-x86_64/egg/django_countries/static/flags
copying build/lib/django_countries/static/flags/cl.gif -> build/bdist.linux-x86_64/egg/django_countries/static/flags
copying build/lib/django_countries/static/flags/__.gif -> build/bdist.linux-x86_64/egg/django_countries/static/flags
copying build/lib/django_countries/static/flags/fk.gif -> build/bdist.linux-x86_64/egg/django_countries/static/flags
copying build/lib/django_countries/static/flags/bh.gif -> build/bdist.linux-x86_64/egg/django_countries/static/flags
copying build/lib/django_countries/static/flags/ba.gif -> build/bdist.linux-x86_64/egg/django_countries/static/flags
copying build/lib/django_countries/static/flags/dk.gif -> build/bdist.linux-x86_64/egg/django_countries/static/flags
copying build/lib/django_countries/static/flags/mk.gif -> build/bdist.linux-x86_64/egg/django_countries/static/flags
copying build/lib/django_countries/static/flags/vg.gif -> build/bdist.linux-x86_64/egg/django_countries/static/flags
copying build/lib/django_countries/static/flags/om.gif -> build/bdist.linux-x86_64/egg/django_countries/static/flags
copying build/lib/django_countries/static/flags/de.gif -> build/bdist.linux-x86_64/egg/django_countries/static/flags
copying build/lib/django_countries/static/flags/pk.gif -> build/bdist.linux-x86_64/egg/django_countries/static/flags
copying build/lib/django_countries/static/flags/sm.gif -> build/bdist.linux-x86_64/egg/django_countries/static/flags
copying build/lib/django_countries/static/flags/gb.gif -> build/bdist.linux-x86_64/egg/django_countries/static/flags
copying build/lib/django_countries/static/flags/za.gif -> build/bdist.linux-x86_64/egg/django_countries/static/flags
copying build/lib/django_countries/static/flags/bf.gif -> build/bdist.linux-x86_64/egg/django_countries/static/flags
copying build/lib/django_countries/static/flags/cz.gif -> build/bdist.linux-x86_64/egg/django_countries/static/flags
copying build/lib/django_countries/static/flags/bl.gif -> build/bdist.linux-x86_64/egg/django_countries/static/flags
copying build/lib/django_countries/static/flags/ad.gif -> build/bdist.linux-x86_64/egg/django_countries/static/flags
copying build/lib/django_countries/static/flags/hr.gif -> build/bdist.linux-x86_64/egg/django_countries/static/flags
copying build/lib/django_countries/static/flags/nf.gif -> build/bdist.linux-x86_64/egg/django_countries/static/flags
copying build/lib/django_countries/static/flags/mx.gif -> build/bdist.linux-x86_64/egg/django_countries/static/flags
copying build/lib/django_countries/static/flags/py.gif -> build/bdist.linux-x86_64/egg/django_countries/static/flags
copying build/lib/django_countries/static/flags/nl.gif -> build/bdist.linux-x86_64/egg/django_countries/static/flags
copying build/lib/django_countries/static/flags/gn.gif -> build/bdist.linux-x86_64/egg/django_countries/static/flags
copying build/lib/django_countries/static/flags/ru.gif -> build/bdist.linux-x86_64/egg/django_countries/static/flags
copying build/lib/django_countries/static/flags/jp.gif -> build/bdist.linux-x86_64/egg/django_countries/static/flags
copying build/lib/django_countries/static/flags/cx.gif -> build/bdist.linux-x86_64/egg/django_countries/static/flags
copying build/lib/django_countries/static/flags/kn.gif -> build/bdist.linux-x86_64/egg/django_countries/static/flags
copying build/lib/django_countries/static/flags/es.gif -> build/bdist.linux-x86_64/egg/django_countries/static/flags
copying build/lib/django_countries/static/flags/gr.gif -> build/bdist.linux-x86_64/egg/django_countries/static/flags
copying build/lib/django_countries/static/flags/me.gif -> build/bdist.linux-x86_64/egg/django_countries/static/flags
copying build/lib/django_countries/static/flags/eh.gif -> build/bdist.linux-x86_64/egg/django_countries/static/flags
copying build/lib/django_countries/__init__.py -> build/bdist.linux-x86_64/egg/django_countries
copying build/lib/django_countries/models.py -> build/bdist.linux-x86_64/egg/django_countries
copying build/lib/django_countries/ioc_data.py -> build/bdist.linux-x86_64/egg/django_countries
creating build/bdist.linux-x86_64/egg/django_countries/locale
creating build/bdist.linux-x86_64/egg/django_countries/locale/de
creating build/bdist.linux-x86_64/egg/django_countries/locale/de/LC_MESSAGES
copying build/lib/django_countries/locale/de/LC_MESSAGES/django.mo -> build/bdist.linux-x86_64/egg/django_countries/locale/de/LC_MESSAGES
copying build/lib/django_countries/locale/de/LC_MESSAGES/django.po -> build/bdist.linux-x86_64/egg/django_countries/locale/de/LC_MESSAGES
creating build/bdist.linux-x86_64/egg/django_countries/locale/it
creating build/bdist.linux-x86_64/egg/django_countries/locale/it/LC_MESSAGES
copying build/lib/django_countries/locale/it/LC_MESSAGES/django.mo -> build/bdist.linux-x86_64/egg/django_countries/locale/it/LC_MESSAGES
copying build/lib/django_countries/locale/it/LC_MESSAGES/django.po -> build/bdist.linux-x86_64/egg/django_countries/locale/it/LC_MESSAGES
creating build/bdist.linux-x86_64/egg/django_countries/locale/ja
creating build/bdist.linux-x86_64/egg/django_countries/locale/ja/LC_MESSAGES
copying build/lib/django_countries/locale/ja/LC_MESSAGES/django.mo -> build/bdist.linux-x86_64/egg/django_countries/locale/ja/LC_MESSAGES
copying build/lib/django_countries/locale/ja/LC_MESSAGES/django.po -> build/bdist.linux-x86_64/egg/django_countries/locale/ja/LC_MESSAGES
creating build/bdist.linux-x86_64/egg/django_countries/locale/cs
creating build/bdist.linux-x86_64/egg/django_countries/locale/cs/LC_MESSAGES
copying build/lib/django_countries/locale/cs/LC_MESSAGES/django.mo -> build/bdist.linux-x86_64/egg/django_countries/locale/cs/LC_MESSAGES
copying build/lib/django_countries/locale/cs/LC_MESSAGES/django.po -> build/bdist.linux-x86_64/egg/django_countries/locale/cs/LC_MESSAGES
creating build/bdist.linux-x86_64/egg/django_countries/locale/eo
creating build/bdist.linux-x86_64/egg/django_countries/locale/eo/LC_MESSAGES
copying build/lib/django_countries/locale/eo/LC_MESSAGES/django.mo -> build/bdist.linux-x86_64/egg/django_countries/locale/eo/LC_MESSAGES
copying build/lib/django_countries/locale/eo/LC_MESSAGES/django.po -> build/bdist.linux-x86_64/egg/django_countries/locale/eo/LC_MESSAGES
creating build/bdist.linux-x86_64/egg/django_countries/locale/ar
creating build/bdist.linux-x86_64/egg/django_countries/locale/ar/LC_MESSAGES
copying build/lib/django_countries/locale/ar/LC_MESSAGES/django.mo -> build/bdist.linux-x86_64/egg/django_countries/locale/ar/LC_MESSAGES
copying build/lib/django_countries/locale/ar/LC_MESSAGES/django.po -> build/bdist.linux-x86_64/egg/django_countries/locale/ar/LC_MESSAGES
creating build/bdist.linux-x86_64/egg/django_countries/locale/fi
creating build/bdist.linux-x86_64/egg/django_countries/locale/fi/LC_MESSAGES
copying build/lib/django_countries/locale/fi/LC_MESSAGES/django.mo -> build/bdist.linux-x86_64/egg/django_countries/locale/fi/LC_MESSAGES
copying build/lib/django_countries/locale/fi/LC_MESSAGES/django.po -> build/bdist.linux-x86_64/egg/django_countries/locale/fi/LC_MESSAGES
creating build/bdist.linux-x86_64/egg/django_countries/locale/tr_TR
creating build/bdist.linux-x86_64/egg/django_countries/locale/tr_TR/LC_MESSAGES
copying build/lib/django_countries/locale/tr_TR/LC_MESSAGES/django.mo -> build/bdist.linux-x86_64/egg/django_countries/locale/tr_TR/LC_MESSAGES
copying build/lib/django_countries/locale/tr_TR/LC_MESSAGES/django.po -> build/bdist.linux-x86_64/egg/django_countries/locale/tr_TR/LC_MESSAGES
creating build/bdist.linux-x86_64/egg/django_countries/locale/es
creating build/bdist.linux-x86_64/egg/django_countries/locale/es/LC_MESSAGES
copying build/lib/django_countries/locale/es/LC_MESSAGES/django.mo -> build/bdist.linux-x86_64/egg/django_countries/locale/es/LC_MESSAGES
copying build/lib/django_countries/locale/es/LC_MESSAGES/django.po -> build/bdist.linux-x86_64/egg/django_countries/locale/es/LC_MESSAGES
creating build/bdist.linux-x86_64/egg/django_countries/locale/pt_PT
creating build/bdist.linux-x86_64/egg/django_countries/locale/pt_PT/LC_MESSAGES
copying build/lib/django_countries/locale/pt_PT/LC_MESSAGES/django.mo -> build/bdist.linux-x86_64/egg/django_countries/locale/pt_PT/LC_MESSAGES
copying build/lib/django_countries/locale/pt_PT/LC_MESSAGES/django.po -> build/bdist.linux-x86_64/egg/django_countries/locale/pt_PT/LC_MESSAGES
creating build/bdist.linux-x86_64/egg/django_countries/locale/en
creating build/bdist.linux-x86_64/egg/django_countries/locale/en/LC_MESSAGES
copying build/lib/django_countries/locale/en/LC_MESSAGES/django.mo -> build/bdist.linux-x86_64/egg/django_countries/locale/en/LC_MESSAGES
copying build/lib/django_countries/locale/en/LC_MESSAGES/django.po -> build/bdist.linux-x86_64/egg/django_countries/locale/en/LC_MESSAGES
creating build/bdist.linux-x86_64/egg/django_countries/locale/hr
creating build/bdist.linux-x86_64/egg/django_countries/locale/hr/LC_MESSAGES
copying build/lib/django_countries/locale/hr/LC_MESSAGES/django.mo -> build/bdist.linux-x86_64/egg/django_countries/locale/hr/LC_MESSAGES
copying build/lib/django_countries/locale/hr/LC_MESSAGES/django.po -> build/bdist.linux-x86_64/egg/django_countries/locale/hr/LC_MESSAGES
creating build/bdist.linux-x86_64/egg/django_countries/locale/nl
creating build/bdist.linux-x86_64/egg/django_countries/locale/nl/LC_MESSAGES
copying build/lib/django_countries/locale/nl/LC_MESSAGES/django.mo -> build/bdist.linux-x86_64/egg/django_countries/locale/nl/LC_MESSAGES
copying build/lib/django_countries/locale/nl/LC_MESSAGES/django.po -> build/bdist.linux-x86_64/egg/django_countries/locale/nl/LC_MESSAGES
creating build/bdist.linux-x86_64/egg/django_countries/locale/fr
creating build/bdist.linux-x86_64/egg/django_countries/locale/fr/LC_MESSAGES
copying build/lib/django_countries/locale/fr/LC_MESSAGES/django.mo -> build/bdist.linux-x86_64/egg/django_countries/locale/fr/LC_MESSAGES
copying build/lib/django_countries/locale/fr/LC_MESSAGES/django.po -> build/bdist.linux-x86_64/egg/django_countries/locale/fr/LC_MESSAGES
creating build/bdist.linux-x86_64/egg/django_countries/locale/sk
creating build/bdist.linux-x86_64/egg/django_countries/locale/sk/LC_MESSAGES
copying build/lib/django_countries/locale/sk/LC_MESSAGES/django.mo -> build/bdist.linux-x86_64/egg/django_countries/locale/sk/LC_MESSAGES
copying build/lib/django_countries/locale/sk/LC_MESSAGES/django.po -> build/bdist.linux-x86_64/egg/django_countries/locale/sk/LC_MESSAGES
creating build/bdist.linux-x86_64/egg/django_countries/locale/fa
creating build/bdist.linux-x86_64/egg/django_countries/locale/fa/LC_MESSAGES
copying build/lib/django_countries/locale/fa/LC_MESSAGES/django.mo -> build/bdist.linux-x86_64/egg/django_countries/locale/fa/LC_MESSAGES
copying build/lib/django_countries/locale/fa/LC_MESSAGES/django.po -> build/bdist.linux-x86_64/egg/django_countries/locale/fa/LC_MESSAGES
creating build/bdist.linux-x86_64/egg/django_countries/locale/el
creating build/bdist.linux-x86_64/egg/django_countries/locale/el/LC_MESSAGES
copying build/lib/django_countries/locale/el/LC_MESSAGES/django.mo -> build/bdist.linux-x86_64/egg/django_countries/locale/el/LC_MESSAGES
copying build/lib/django_countries/locale/el/LC_MESSAGES/django.po -> build/bdist.linux-x86_64/egg/django_countries/locale/el/LC_MESSAGES
creating build/bdist.linux-x86_64/egg/django_countries/locale/uk
creating build/bdist.linux-x86_64/egg/django_countries/locale/uk/LC_MESSAGES
copying build/lib/django_countries/locale/uk/LC_MESSAGES/django.mo -> build/bdist.linux-x86_64/egg/django_countries/locale/uk/LC_MESSAGES
copying build/lib/django_countries/locale/uk/LC_MESSAGES/django.po -> build/bdist.linux-x86_64/egg/django_countries/locale/uk/LC_MESSAGES
creating build/bdist.linux-x86_64/egg/django_countries/locale/nb
creating build/bdist.linux-x86_64/egg/django_countries/locale/nb/LC_MESSAGES
copying build/lib/django_countries/locale/nb/LC_MESSAGES/django.mo -> build/bdist.linux-x86_64/egg/django_countries/locale/nb/LC_MESSAGES
copying build/lib/django_countries/locale/nb/LC_MESSAGES/django.po -> build/bdist.linux-x86_64/egg/django_countries/locale/nb/LC_MESSAGES
creating build/bdist.linux-x86_64/egg/django_countries/locale/pt_BR
creating build/bdist.linux-x86_64/egg/django_countries/locale/pt_BR/LC_MESSAGES
copying build/lib/django_countries/locale/pt_BR/LC_MESSAGES/django.mo -> build/bdist.linux-x86_64/egg/django_countries/locale/pt_BR/LC_MESSAGES
copying build/lib/django_countries/locale/pt_BR/LC_MESSAGES/django.po -> build/bdist.linux-x86_64/egg/django_countries/locale/pt_BR/LC_MESSAGES
creating build/bdist.linux-x86_64/egg/django_countries/locale/pl
creating build/bdist.linux-x86_64/egg/django_countries/locale/pl/LC_MESSAGES
copying build/lib/django_countries/locale/pl/LC_MESSAGES/django.mo -> build/bdist.linux-x86_64/egg/django_countries/locale/pl/LC_MESSAGES
copying build/lib/django_countries/locale/pl/LC_MESSAGES/django.po -> build/bdist.linux-x86_64/egg/django_countries/locale/pl/LC_MESSAGES
creating build/bdist.linux-x86_64/egg/django_countries/locale/ru
creating build/bdist.linux-x86_64/egg/django_countries/locale/ru/LC_MESSAGES
copying build/lib/django_countries/locale/ru/LC_MESSAGES/django.mo -> build/bdist.linux-x86_64/egg/django_countries/locale/ru/LC_MESSAGES
copying build/lib/django_countries/locale/ru/LC_MESSAGES/django.po -> build/bdist.linux-x86_64/egg/django_countries/locale/ru/LC_MESSAGES
byte-compiling build/bdist.linux-x86_64/egg/django_countries/widgets.py to widgets.pyc
byte-compiling build/bdist.linux-x86_64/egg/django_countries/fields.py to fields.pyc
byte-compiling build/bdist.linux-x86_64/egg/django_countries/data.py to data.pyc
byte-compiling build/bdist.linux-x86_64/egg/django_countries/conf.py to conf.pyc
byte-compiling build/bdist.linux-x86_64/egg/django_countries/tests/settings_lts.py to settings_lts.pyc
byte-compiling build/bdist.linux-x86_64/egg/django_countries/tests/custom_countries.py to custom_countries.pyc
byte-compiling build/bdist.linux-x86_64/egg/django_countries/tests/test_fields.py to test_fields.pyc
byte-compiling build/bdist.linux-x86_64/egg/django_countries/tests/test_widgets.py to test_widgets.pyc
byte-compiling build/bdist.linux-x86_64/egg/django_countries/tests/forms.py to forms.pyc
byte-compiling build/bdist.linux-x86_64/egg/django_countries/tests/__init__.py to __init__.pyc
byte-compiling build/bdist.linux-x86_64/egg/django_countries/tests/settings.py to settings.pyc
byte-compiling build/bdist.linux-x86_64/egg/django_countries/tests/test_countries.py to test_countries.pyc
byte-compiling build/bdist.linux-x86_64/egg/django_countries/tests/models.py to models.pyc
byte-compiling build/bdist.linux-x86_64/egg/django_countries/tests/test_settings.py to test_settings.pyc
byte-compiling build/bdist.linux-x86_64/egg/django_countries/__init__.py to __init__.pyc
byte-compiling build/bdist.linux-x86_64/egg/django_countries/models.py to models.pyc
byte-compiling build/bdist.linux-x86_64/egg/django_countries/ioc_data.py to ioc_data.pyc
creating build/bdist.linux-x86_64/egg/EGG-INFO
copying django_countries.egg-info/PKG-INFO -> build/bdist.linux-x86_64/egg/EGG-INFO
copying django_countries.egg-info/SOURCES.txt -> build/bdist.linux-x86_64/egg/EGG-INFO
copying django_countries.egg-info/dependency_links.txt -> build/bdist.linux-x86_64/egg/EGG-INFO
copying django_countries.egg-info/not-zip-safe -> build/bdist.linux-x86_64/egg/EGG-INFO
copying django_countries.egg-info/top_level.txt -> build/bdist.linux-x86_64/egg/EGG-INFO
creating dist
creating 'dist/django_countries-3.3-py2.7.egg' and adding 'build/bdist.linux-x86_64/egg' to it
removing 'build/bdist.linux-x86_64/egg' (and everything under it)
Processing django_countries-3.3-py2.7.egg
creating /home/ubuntu/miniconda/envs/_build/lib/python2.7/site-packages/django_countries-3.3-py2.7.egg
Extracting django_countries-3.3-py2.7.egg to /home/ubuntu/miniconda/envs/_build/lib/python2.7/site-packages
Adding django-countries 3.3 to easy-install.pth file

Installed /home/ubuntu/miniconda/envs/_build/lib/python2.7/site-packages/django_countries-3.3-py2.7.egg
Processing dependencies for django-countries==3.3
Finished processing dependencies for django-countries==3.3

The following NEW packages will be INSTALLED:

    openssl:    1.0.1k-1    
    pip:        7.0.3-py27_0
    python:     2.7.10-0    
    readline:   6.2-2       
    setuptools: 17.0-py27_0 
    sqlite:     3.8.4.1-1   
    system:     5.8-2       
    tk:         8.5.18-0    
    zlib:       1.2.8-0     

Linking packages ...
[                    ]|                                                  |   0%[openssl             ]|                                                  |   0%[readline            ]|#####                                             |  11%[sqlite              ]|###########                                       |  22%[system              ]|################                                  |  33%[tk                  ]|######################                            |  44%[zlib                ]|###########################                       |  55%[python              ]|#################################                 |  66%[setuptools          ]|######################################            |  77%[pip                 ]|############################################      |  88%[      COMPLETE      ]|##################################################| 100%
Removing old work directory
Source cache directory is: /home/ubuntu/miniconda/conda-bld/src_cache
Found source in cache: django-countries-3.3.tar.gz
Extracting download
Package: django-countries-3.3-py27_0
source tree in: /home/ubuntu/miniconda/conda-bld/work/django-countries-3.3
found egg dir: /home/ubuntu/miniconda/envs/_build/lib/python2.7/site-packages/django_countries-3.3-py2.7.egg
number of files: 330
Fixing permissions
Fixing permissions
BUILD END: django-countries-3.3-py27_0
TEST START: django-countries-3.3-py27_0
Fetching package metadata: ......
Solving package specifications: .===== testing package: django-countries-3.3-py27_0 =====
import: u'django_countries'
Traceback (most recent call last):
  File "/home/ubuntu/miniconda/conda-bld/test-tmp_dir/run_test.py", line 25, in <module>
    import django_countries
  File "/home/ubuntu/miniconda/envs/_test/lib/python2.7/site-packages/django_countries/__init__.py", line 5, in <module>
    from django_countries.conf import settings
  File "/home/ubuntu/miniconda/envs/_test/lib/python2.7/site-packages/django_countries/conf.py", line 1, in <module>
    import django.conf
ImportError: No module named django.conf

The following packages will be downloaded:

    package                    |            build
    ---------------------------|-----------------
    django-countries-3.3       |           py27_0         216 KB

The following NEW packages will be INSTALLED:

    django-countries: 3.3-py27_0  
    openssl:          1.0.1k-1    
    pip:              7.0.3-py27_0
    python:           2.7.10-0    
    readline:         6.2-2       
    setuptools:       17.0-py27_0 
    sqlite:           3.8.4.1-1   
    system:           5.8-2       
    tk:               8.5.18-0    
    zlib:             1.2.8-0     

Fetching packages ...
django-countri   0% |                              | ETA:  --:--:--   0.00  B/sdjango-countri   7% |##                             | ETA:  0:00:00  46.68 MB/sdjango-countri  14% |####                           | ETA:  0:00:00  58.84 MB/sdjango-countri  22% |######                         | ETA:  0:00:00  65.89 MB/sdjango-countri  29% |#########                      | ETA:  0:00:00  70.10 MB/sdjango-countri  37% |###########                    | ETA:  0:00:00  73.15 MB/sdjango-countri  44% |#############                  | ETA:  0:00:00  75.16 MB/sdjango-countri  51% |################               | ETA:  0:00:00  76.82 MB/sdjango-countri  59% |##################             | ETA:  0:00:00  78.11 MB/sdjango-countri  66% |####################           | ETA:  0:00:00  79.36 MB/sdjango-countri  74% |#######################        | ETA:  0:00:00  80.24 MB/sdjango-countri  81% |#########################      | ETA:  0:00:00  81.12 MB/sdjango-countri  89% |###########################    | ETA:  0:00:00  18.62 MB/sdjango-countri  96% |#############################  | ETA:  0:00:00  19.83 MB/sdjango-countri 100% |###############################| ETA:  0:00:00  20.26 MB/sdjango-countri 100% |###############################| Time: 0:00:00  19.83 MB/s
Extracting packages ...
[      COMPLETE      ]|                                                  |   0%[django-countries    ]|                                                  |   0%[django-countries    ]|                                                  |   0%[      COMPLETE      ]|##################################################| 100%
Linking packages ...
[      COMPLETE      ]|                                                  |   0%[openssl             ]|                                                  |   0%[openssl             ]|                                                  |   0%[readline            ]|#####                                             |  10%[sqlite              ]|##########                                        |  20%[system              ]|###############                                   |  30%[tk                  ]|####################                              |  40%[zlib                ]|#########################                         |  50%[django-countries    ]|##############################                    |  60%[python              ]|###################################               |  70%[setuptools          ]|########################################          |  80%[pip                 ]|#############################################     |  90%[      COMPLETE      ]|##################################################| 100%
TESTS FAILED: django-countries-3.3-py27_0
