Warning, the following versions were found for django-nose
1.4
1.3
1.2
1.1
1.0
0.1.3
0.1.2
0.1
0.0.3
0.0.2
0.0.1
Using 1.4
Use --version to specify a different version.
Using url https://pypi.python.org/packages/source/d/django-nose/django-nose-1.4.tar.gz (26 KB) for django-nose.
Downloading django-nose (use --no-download to skip this step)
Using cached download
Unpacking django-nose...
done
working in /tmp/tmp3rWqr8conda_skeleton_django-nose-1.4.tar.gz
Fetching package metadata: ......
Solving package specifications: .patching file core.py
Hunk #1 succeeded at 168 with fuzz 2 (offset 2 lines).
Traceback (most recent call last):
  File "setup.py", line 2, in <module>
    from setuptools import setup, find_packages
ImportError: No module named setuptools

Applying patch: '/tmp/tmp3rWqr8conda_skeleton_django-nose-1.4.tar.gz/pypi-distutils.patch'
$PYTHONPATH = /tmp/tmp3rWqr8conda_skeleton_django-nose-1.4.tar.gz/django-nose-1.4
Error: command failed: /home/ubuntu/miniconda/envs/_build/bin/python setup.py install
