Warning, the following versions were found for django-ipware
1.1.0
1.0.0
0.1.1
0.1.0
0.0.9
0.0.8
0.0.6
0.0.5
0.0.4
0.0.3
0.0.2
0.0.1
Using 1.1.0
Use --version to specify a different version.
Using url https://pypi.python.org/packages/source/d/django-ipware/django-ipware-1.1.0.tar.gz (4 KB) for django-ipware.
Downloading django-ipware (use --no-download to skip this step)
Unpacking django-ipware...
done
working in /tmp/tmpuLmFPiconda_skeleton_django-ipware-1.1.0.tar.gz
Fetching package metadata: ......
Solving package specifications: .patching file core.py
Hunk #1 succeeded at 168 with fuzz 2 (offset 2 lines).
Traceback (most recent call last):
  File "setup.py", line 4, in <module>
    from setuptools import setup
ImportError: No module named setuptools

The following NEW packages will be INSTALLED:

    numpy:  1.9.2-py27_0
    pyyaml: 3.11-py27_0 

Linking packages ...
[                    ]|                                                  |   0%[numpy               ]|                                                  |   0%[pyyaml              ]|#########################                         |  50%[      COMPLETE      ]|##################################################| 100%
Applying patch: '/tmp/tmpuLmFPiconda_skeleton_django-ipware-1.1.0.tar.gz/pypi-distutils.patch'
$PYTHONPATH = /tmp/tmpuLmFPiconda_skeleton_django-ipware-1.1.0.tar.gz/django-ipware-1.1.0
Error: command failed: /home/ubuntu/miniconda/envs/_build/bin/python setup.py install
