Warning, the following versions were found for django_openstack_auth
1.3.1
1.3.0
1.2.0
1.1.9
1.1.8
1.1.7
1.1.6
1.1.5
1.1.4
1.1.3
1.1.2
1.1.1
1.1.0
1.0.11
1.0.10
1.0.9
1.0.8
1.0.7
1.0.6
1.0.5
1.0.4
1.0.3
1.0.2
1.0.1
1.0
Using 1.3.1
Use --version to specify a different version.
Using url https://pypi.python.org/packages/source/d/django_openstack_auth/django_openstack_auth-1.3.1.tar.gz (73 KB) for django_openstack_auth.
Downloading django_openstack_auth (use --no-download to skip this step)
Using cached download
Unpacking django_openstack_auth...
done
working in /tmp/tmp2fbvMDconda_skeleton_django_openstack_auth-1.3.1.tar.gz
Fetching package metadata: ......
Solving package specifications: .patching file core.py
Hunk #1 succeeded at 168 with fuzz 2 (offset 2 lines).

The following NEW packages will be INSTALLED:

    numpy:      1.9.2-py27_0
    openssl:    1.0.1k-1    
    pip:        7.0.3-py27_0
    python:     2.7.10-0    
    pyyaml:     3.11-py27_0 
    readline:   6.2-2       
    setuptools: 17.0-py27_0 
    sqlite:     3.8.4.1-1   
    system:     5.8-2       
    tk:         8.5.18-0    
    yaml:       0.1.4-0     
    zlib:       1.2.8-0     

Linking packages ...
[                    ]|                                                  |   0%[openssl             ]|                                                  |   0%[readline            ]|####                                              |   8%[sqlite              ]|########                                          |  16%[system              ]|############                                      |  25%[tk                  ]|################                                  |  33%[yaml                ]|####################                              |  41%[zlib                ]|#########################                         |  50%[numpy               ]|#############################                     |  58%[python              ]|#################################                 |  66%[pyyaml              ]|#####################################             |  75%[setuptools          ]|#########################################         |  83%[pip                 ]|#############################################     |  91%[      COMPLETE      ]|##################################################| 100%
Applying patch: '/tmp/tmp2fbvMDconda_skeleton_django_openstack_auth-1.3.1.tar.gz/pypi-distutils.patch'
Writing recipe for django_openstack_auth
Done
