Fetching package metadata: ....
Removing old build directory
Removing old work directory
BUILD START: django-1.8.2-py27_0
Fetching package metadata: ......
Solving package specifications: .+ pip install Django
Collecting Django
  Downloading http://localhost/packages/py2.py3/D/Django/Django-1.8.1-py2.py3-none-any.whl (6.2MB)
Installing collected packages: Django
Successfully installed Django-1.8.1

The following NEW packages will be INSTALLED:

    openssl:    1.0.1k-1    
    pip:        7.0.3-py27_0
    python:     2.7.10-0    
    readline:   6.2-2       
    setuptools: 17.0-py27_0 
    sqlite:     3.8.4.1-1   
    system:     5.8-2       
    tk:         8.5.18-0    
    zlib:       1.2.8-0     

Linking packages ...
[                    ]|                                                  |   0%[openssl             ]|                                                  |   0%[readline            ]|#####                                             |  11%[sqlite              ]|###########                                       |  22%[system              ]|################                                  |  33%[tk                  ]|######################                            |  44%[zlib                ]|###########################                       |  55%[python              ]|#################################                 |  66%[setuptools          ]|######################################            |  77%[pip                 ]|############################################      |  88%[      COMPLETE      ]|##################################################| 100%
Removing old work directory
Copying /home/ubuntu/pypi-conda-builds/django to /home/ubuntu/miniconda/conda-bld/work
Package: django-1.8.2-py27_0
source tree in: /home/ubuntu/miniconda/conda-bld/work
number of files: 3908
Fixing permissions
Detected hard-coded path in text file bin/django-admin
Detected hard-coded path in text file bin/django-admin.py
Detected hard-coded path in text file lib/python2.7/site-packages/Django-1.8.1.dist-info/RECORD
Fixing permissions
BUILD END: django-1.8.2-py27_0
# If you want to upload this package to binstar.org later, type:
#
# $ binstar upload /home/ubuntu/miniconda/conda-bld/linux-64/django-1.8.2-py27_0.tar.bz2
#
# To have conda build upload to binstar automatically, use
# $ conda config --set binstar_upload yes

Creating standard recipe for django-1.8.2
Converting recipe in /home/ubuntu/pypi-conda-builds/django
package = Django
   dependencies = []
Building conda package for django
