Warning, the following versions were found for django_compressor
1.5
1.4
1.3
1.2
1.1.2
1.1.1
1.1
1.0.1
1.0
0.9.2
0.9.1
0.9
0.8
0.7.1
0.7
0.6.4
0.6.3
0.6.2
0.6.1
0.6
0.5.3
0.5.2
Using 1.5
Use --version to specify a different version.
Using url https://pypi.python.org/packages/source/d/django_compressor/django_compressor-1.5.tar.gz (109 KB) for django_compressor.
Downloading django_compressor (use --no-download to skip this step)
Using cached download
Unpacking django_compressor...
done
working in /tmp/tmp5Z5nZwconda_skeleton_django_compressor-1.5.tar.gz
Fetching package metadata: ......
Solving package specifications: .patching file core.py
Hunk #1 succeeded at 168 with fuzz 2 (offset 2 lines).

Applying patch: '/tmp/tmp5Z5nZwconda_skeleton_django_compressor-1.5.tar.gz/pypi-distutils.patch'
Writing recipe for django_compressor
Done
