Warning, the following versions were found for django-mptt
0.7.4
0.7.3
0.7.2
0.7.1
0.7.0
0.6.1
0.6.0
0.5.5
0.5.4
0.5.3
0.5.2
0.5.1
0.5.0
0.4.2
0.4.1
0.4.0
0.3.1
0.3.0
0.2.1
0.2
0.1
Using 0.7.4
Use --version to specify a different version.
Using url https://pypi.python.org/packages/source/d/django-mptt/django-mptt-0.7.4.tar.gz (131 KB) for django-mptt.
Downloading django-mptt (use --no-download to skip this step)
Using cached download
Unpacking django-mptt...
done
working in /tmp/tmp44HslIconda_skeleton_django-mptt-0.7.4.tar.gz
Fetching package metadata: ......
Solving package specifications: .patching file core.py
Hunk #1 succeeded at 168 with fuzz 2 (offset 2 lines).

Applying patch: '/tmp/tmp44HslIconda_skeleton_django-mptt-0.7.4.tar.gz/pypi-distutils.patch'
Writing recipe for django-mptt
Done
