Warning, the following versions were found for django-autoslug
1.8.0
1.7.2
1.7.1
1.7.0
1.6.1
1.6.0
1.5.0
1.4.1
1.4.0
1.3.9
1.3.8
1.3.7
1.3.6
1.3.5
1.3.4
1.3.3
1.3.2
1.3.1
1.3.0
1.2.1
1.2.0
1.1.3
1.1.2
1.1.1
1.1.0
1.0.3
1.0.2
1.0.1
Using 1.8.0
Use --version to specify a different version.
Using url https://pypi.python.org/packages/source/d/django-autoslug/django-autoslug-1.8.0.tar.gz (11 KB) for django-autoslug.
Downloading django-autoslug (use --no-download to skip this step)
Using cached download
Unpacking django-autoslug...
done
working in /tmp/tmpYg8pR4conda_skeleton_django-autoslug-1.8.0.tar.gz
Fetching package metadata: ......
Solving package specifications: .patching file core.py
Hunk #1 succeeded at 168 with fuzz 2 (offset 2 lines).

Applying patch: '/tmp/tmpYg8pR4conda_skeleton_django-autoslug-1.8.0.tar.gz/pypi-distutils.patch'
Warning, the following versions were found for pytils
0.3
0.2.3
0.2.2
0.2.1
0.2.0
0.1.0
Using 0.3
Use --version to specify a different version.
Using url https://pypi.python.org/packages/source/p/pytils/pytils-0.3.tar.gz (87 KB) for pytils.
Downloading pytils (use --no-download to skip this step)
Using cached download
Unpacking pytils...
done
working in /tmp/tmpjqtlAIconda_skeleton_pytils-0.3.tar.gz
Solving package specifications: .patching file core.py
Hunk #1 succeeded at 168 with fuzz 2 (offset 2 lines).

Applying patch: '/tmp/tmpjqtlAIconda_skeleton_pytils-0.3.tar.gz/pypi-distutils.patch'
Warning, the following versions were found for translitcodec
0.4.0
0.3
0.2
0.1
Using 0.4.0
Use --version to specify a different version.
Using url https://pypi.python.org/packages/source/t/translitcodec/translitcodec-0.4.0.tar.gz (49 KB) for translitcodec.
Downloading translitcodec (use --no-download to skip this step)
Using cached download
Unpacking translitcodec...
done
working in /tmp/tmpNhTsryconda_skeleton_translitcodec-0.4.0.tar.gz
Solving package specifications: .patching file core.py
Hunk #1 succeeded at 168 with fuzz 2 (offset 2 lines).

Applying patch: '/tmp/tmpNhTsryconda_skeleton_translitcodec-0.4.0.tar.gz/pypi-distutils.patch'
Writing recipe for translitcodec
Writing recipe for django-autoslug
Writing recipe for pytils
Done
