Warning, the following versions were found for django-annoying
0.8.2
0.8.1
0.8.0
0.7.9
0.7.8
0.7.7
0.7.6
0.7.5
0.7.4
0.7.3
0.7.2
0.7.1
0.7.0
0.6.0
0.5.1
0.5
0.4.1
0.4
0.3
0.2
0.1
Using 0.8.2
Use --version to specify a different version.
Using url https://pypi.python.org/packages/source/d/django-annoying/django-annoying-0.8.2.tar.gz (9 KB) for django-annoying.
Downloading django-annoying (use --no-download to skip this step)
Unpacking django-annoying...
done
working in /tmp/tmp15_4jEconda_skeleton_django-annoying-0.8.2.tar.gz
Fetching package metadata: ......
Solving package specifications: .patching file core.py
Hunk #1 succeeded at 168 with fuzz 2 (offset 2 lines).
Traceback (most recent call last):
  File "setup.py", line 1, in <module>
    from setuptools import setup, find_packages
ImportError: No module named setuptools

Applying patch: '/tmp/tmp15_4jEconda_skeleton_django-annoying-0.8.2.tar.gz/pypi-distutils.patch'
$PYTHONPATH = /tmp/tmp15_4jEconda_skeleton_django-annoying-0.8.2.tar.gz/django-annoying-0.8.2
Error: command failed: /home/ubuntu/miniconda/envs/_build/bin/python setup.py install
