Removing old build directory
Removing old work directory
BUILD START: djangorestframework-3.1.3-py27_0
Fetching package metadata: ......
Solving package specifications: .+ /home/ubuntu/miniconda/envs/_build/bin/python setup.py install
running install
running bdist_egg
running egg_info
writing djangorestframework.egg-info/PKG-INFO
writing top-level names to djangorestframework.egg-info/top_level.txt
writing dependency_links to djangorestframework.egg-info/dependency_links.txt
reading manifest file 'djangorestframework.egg-info/SOURCES.txt'
reading manifest template 'MANIFEST.in'
warning: no previously-included files matching '__pycache__' found under directory '*'
warning: no previously-included files matching '*.py[co]' found under directory '*'
writing manifest file 'djangorestframework.egg-info/SOURCES.txt'
installing library code to build/bdist.linux-x86_64/egg
running install_lib
running build_py
creating build
creating build/lib
creating build/lib/rest_framework
copying rest_framework/mixins.py -> build/lib/rest_framework
copying rest_framework/response.py -> build/lib/rest_framework
copying rest_framework/compat.py -> build/lib/rest_framework
copying rest_framework/serializers.py -> build/lib/rest_framework
copying rest_framework/filters.py -> build/lib/rest_framework
copying rest_framework/renderers.py -> build/lib/rest_framework
copying rest_framework/status.py -> build/lib/rest_framework
copying rest_framework/relations.py -> build/lib/rest_framework
copying rest_framework/validators.py -> build/lib/rest_framework
copying rest_framework/fields.py -> build/lib/rest_framework
copying rest_framework/parsers.py -> build/lib/rest_framework
copying rest_framework/generics.py -> build/lib/rest_framework
copying rest_framework/throttling.py -> build/lib/rest_framework
copying rest_framework/views.py -> build/lib/rest_framework
copying rest_framework/urlpatterns.py -> build/lib/rest_framework
copying rest_framework/reverse.py -> build/lib/rest_framework
copying rest_framework/versioning.py -> build/lib/rest_framework
copying rest_framework/routers.py -> build/lib/rest_framework
copying rest_framework/permissions.py -> build/lib/rest_framework
copying rest_framework/urls.py -> build/lib/rest_framework
copying rest_framework/negotiation.py -> build/lib/rest_framework
copying rest_framework/__init__.py -> build/lib/rest_framework
copying rest_framework/decorators.py -> build/lib/rest_framework
copying rest_framework/settings.py -> build/lib/rest_framework
copying rest_framework/models.py -> build/lib/rest_framework
copying rest_framework/viewsets.py -> build/lib/rest_framework
copying rest_framework/request.py -> build/lib/rest_framework
copying rest_framework/pagination.py -> build/lib/rest_framework
copying rest_framework/metadata.py -> build/lib/rest_framework
copying rest_framework/authentication.py -> build/lib/rest_framework
copying rest_framework/exceptions.py -> build/lib/rest_framework
copying rest_framework/test.py -> build/lib/rest_framework
creating build/lib/rest_framework/authtoken
copying rest_framework/authtoken/admin.py -> build/lib/rest_framework/authtoken
copying rest_framework/authtoken/serializers.py -> build/lib/rest_framework/authtoken
copying rest_framework/authtoken/views.py -> build/lib/rest_framework/authtoken
copying rest_framework/authtoken/__init__.py -> build/lib/rest_framework/authtoken
copying rest_framework/authtoken/models.py -> build/lib/rest_framework/authtoken
creating build/lib/rest_framework/authtoken/south_migrations
copying rest_framework/authtoken/south_migrations/0001_initial.py -> build/lib/rest_framework/authtoken/south_migrations
copying rest_framework/authtoken/south_migrations/__init__.py -> build/lib/rest_framework/authtoken/south_migrations
creating build/lib/rest_framework/authtoken/migrations
copying rest_framework/authtoken/migrations/0001_initial.py -> build/lib/rest_framework/authtoken/migrations
copying rest_framework/authtoken/migrations/__init__.py -> build/lib/rest_framework/authtoken/migrations
creating build/lib/rest_framework/utils
copying rest_framework/utils/breadcrumbs.py -> build/lib/rest_framework/utils
copying rest_framework/utils/model_meta.py -> build/lib/rest_framework/utils
copying rest_framework/utils/mediatypes.py -> build/lib/rest_framework/utils
copying rest_framework/utils/field_mapping.py -> build/lib/rest_framework/utils
copying rest_framework/utils/html.py -> build/lib/rest_framework/utils
copying rest_framework/utils/serializer_helpers.py -> build/lib/rest_framework/utils
copying rest_framework/utils/urls.py -> build/lib/rest_framework/utils
copying rest_framework/utils/representation.py -> build/lib/rest_framework/utils
copying rest_framework/utils/__init__.py -> build/lib/rest_framework/utils
copying rest_framework/utils/humanize_datetime.py -> build/lib/rest_framework/utils
copying rest_framework/utils/formatting.py -> build/lib/rest_framework/utils
copying rest_framework/utils/encoders.py -> build/lib/rest_framework/utils
creating build/lib/rest_framework/templatetags
copying rest_framework/templatetags/rest_framework.py -> build/lib/rest_framework/templatetags
copying rest_framework/templatetags/__init__.py -> build/lib/rest_framework/templatetags
creating build/lib/rest_framework/templates
creating build/lib/rest_framework/templates/rest_framework
copying rest_framework/templates/rest_framework/login.html -> build/lib/rest_framework/templates/rest_framework
copying rest_framework/templates/rest_framework/login_base.html -> build/lib/rest_framework/templates/rest_framework
copying rest_framework/templates/rest_framework/base.html -> build/lib/rest_framework/templates/rest_framework
copying rest_framework/templates/rest_framework/raw_data_form.html -> build/lib/rest_framework/templates/rest_framework
copying rest_framework/templates/rest_framework/api.html -> build/lib/rest_framework/templates/rest_framework
copying rest_framework/templates/rest_framework/api_form.html -> build/lib/rest_framework/templates/rest_framework
creating build/lib/rest_framework/templates/rest_framework/horizontal
copying rest_framework/templates/rest_framework/horizontal/list_fieldset.html -> build/lib/rest_framework/templates/rest_framework/horizontal
copying rest_framework/templates/rest_framework/horizontal/input.html -> build/lib/rest_framework/templates/rest_framework/horizontal
copying rest_framework/templates/rest_framework/horizontal/fieldset.html -> build/lib/rest_framework/templates/rest_framework/horizontal
copying rest_framework/templates/rest_framework/horizontal/form.html -> build/lib/rest_framework/templates/rest_framework/horizontal
copying rest_framework/templates/rest_framework/horizontal/checkbox_multiple.html -> build/lib/rest_framework/templates/rest_framework/horizontal
copying rest_framework/templates/rest_framework/horizontal/select.html -> build/lib/rest_framework/templates/rest_framework/horizontal
copying rest_framework/templates/rest_framework/horizontal/radio.html -> build/lib/rest_framework/templates/rest_framework/horizontal
copying rest_framework/templates/rest_framework/horizontal/select_multiple.html -> build/lib/rest_framework/templates/rest_framework/horizontal
copying rest_framework/templates/rest_framework/horizontal/checkbox.html -> build/lib/rest_framework/templates/rest_framework/horizontal
copying rest_framework/templates/rest_framework/horizontal/textarea.html -> build/lib/rest_framework/templates/rest_framework/horizontal
creating build/lib/rest_framework/templates/rest_framework/vertical
copying rest_framework/templates/rest_framework/vertical/list_fieldset.html -> build/lib/rest_framework/templates/rest_framework/vertical
copying rest_framework/templates/rest_framework/vertical/input.html -> build/lib/rest_framework/templates/rest_framework/vertical
copying rest_framework/templates/rest_framework/vertical/fieldset.html -> build/lib/rest_framework/templates/rest_framework/vertical
copying rest_framework/templates/rest_framework/vertical/form.html -> build/lib/rest_framework/templates/rest_framework/vertical
copying rest_framework/templates/rest_framework/vertical/checkbox_multiple.html -> build/lib/rest_framework/templates/rest_framework/vertical
copying rest_framework/templates/rest_framework/vertical/select.html -> build/lib/rest_framework/templates/rest_framework/vertical
copying rest_framework/templates/rest_framework/vertical/radio.html -> build/lib/rest_framework/templates/rest_framework/vertical
copying rest_framework/templates/rest_framework/vertical/select_multiple.html -> build/lib/rest_framework/templates/rest_framework/vertical
copying rest_framework/templates/rest_framework/vertical/checkbox.html -> build/lib/rest_framework/templates/rest_framework/vertical
copying rest_framework/templates/rest_framework/vertical/textarea.html -> build/lib/rest_framework/templates/rest_framework/vertical
creating build/lib/rest_framework/templates/rest_framework/pagination
copying rest_framework/templates/rest_framework/pagination/previous_and_next.html -> build/lib/rest_framework/templates/rest_framework/pagination
copying rest_framework/templates/rest_framework/pagination/numbers.html -> build/lib/rest_framework/templates/rest_framework/pagination
creating build/lib/rest_framework/templates/rest_framework/inline
copying rest_framework/templates/rest_framework/inline/list_fieldset.html -> build/lib/rest_framework/templates/rest_framework/inline
copying rest_framework/templates/rest_framework/inline/input.html -> build/lib/rest_framework/templates/rest_framework/inline
copying rest_framework/templates/rest_framework/inline/fieldset.html -> build/lib/rest_framework/templates/rest_framework/inline
copying rest_framework/templates/rest_framework/inline/form.html -> build/lib/rest_framework/templates/rest_framework/inline
copying rest_framework/templates/rest_framework/inline/checkbox_multiple.html -> build/lib/rest_framework/templates/rest_framework/inline
copying rest_framework/templates/rest_framework/inline/select.html -> build/lib/rest_framework/templates/rest_framework/inline
copying rest_framework/templates/rest_framework/inline/radio.html -> build/lib/rest_framework/templates/rest_framework/inline
copying rest_framework/templates/rest_framework/inline/select_multiple.html -> build/lib/rest_framework/templates/rest_framework/inline
copying rest_framework/templates/rest_framework/inline/checkbox.html -> build/lib/rest_framework/templates/rest_framework/inline
copying rest_framework/templates/rest_framework/inline/textarea.html -> build/lib/rest_framework/templates/rest_framework/inline
creating build/lib/rest_framework/static
creating build/lib/rest_framework/static/rest_framework
creating build/lib/rest_framework/static/rest_framework/fonts
copying rest_framework/static/rest_framework/fonts/glyphicons-halflings-regular.eot -> build/lib/rest_framework/static/rest_framework/fonts
copying rest_framework/static/rest_framework/fonts/glyphicons-halflings-regular.svg -> build/lib/rest_framework/static/rest_framework/fonts
copying rest_framework/static/rest_framework/fonts/glyphicons-halflings-regular.woff -> build/lib/rest_framework/static/rest_framework/fonts
copying rest_framework/static/rest_framework/fonts/glyphicons-halflings-regular.ttf -> build/lib/rest_framework/static/rest_framework/fonts
creating build/lib/rest_framework/static/rest_framework/img
copying rest_framework/static/rest_framework/img/grid.png -> build/lib/rest_framework/static/rest_framework/img
copying rest_framework/static/rest_framework/img/glyphicons-halflings-white.png -> build/lib/rest_framework/static/rest_framework/img
copying rest_framework/static/rest_framework/img/glyphicons-halflings.png -> build/lib/rest_framework/static/rest_framework/img
creating build/lib/rest_framework/static/rest_framework/css
copying rest_framework/static/rest_framework/css/bootstrap.min.css -> build/lib/rest_framework/static/rest_framework/css
copying rest_framework/static/rest_framework/css/default.css -> build/lib/rest_framework/static/rest_framework/css
copying rest_framework/static/rest_framework/css/bootstrap-tweaks.css -> build/lib/rest_framework/static/rest_framework/css
copying rest_framework/static/rest_framework/css/prettify.css -> build/lib/rest_framework/static/rest_framework/css
creating build/lib/rest_framework/static/rest_framework/js
copying rest_framework/static/rest_framework/js/jquery-1.8.1-min.js -> build/lib/rest_framework/static/rest_framework/js
copying rest_framework/static/rest_framework/js/prettify-min.js -> build/lib/rest_framework/static/rest_framework/js
copying rest_framework/static/rest_framework/js/bootstrap.min.js -> build/lib/rest_framework/static/rest_framework/js
copying rest_framework/static/rest_framework/js/default.js -> build/lib/rest_framework/static/rest_framework/js
creating build/lib/rest_framework/locale
creating build/lib/rest_framework/locale/de
creating build/lib/rest_framework/locale/de/LC_MESSAGES
copying rest_framework/locale/de/LC_MESSAGES/django.mo -> build/lib/rest_framework/locale/de/LC_MESSAGES
copying rest_framework/locale/de/LC_MESSAGES/django.po -> build/lib/rest_framework/locale/de/LC_MESSAGES
creating build/lib/rest_framework/locale/it
creating build/lib/rest_framework/locale/it/LC_MESSAGES
copying rest_framework/locale/it/LC_MESSAGES/django.mo -> build/lib/rest_framework/locale/it/LC_MESSAGES
copying rest_framework/locale/it/LC_MESSAGES/django.po -> build/lib/rest_framework/locale/it/LC_MESSAGES
creating build/lib/rest_framework/locale/cs
creating build/lib/rest_framework/locale/cs/LC_MESSAGES
copying rest_framework/locale/cs/LC_MESSAGES/django.mo -> build/lib/rest_framework/locale/cs/LC_MESSAGES
copying rest_framework/locale/cs/LC_MESSAGES/django.po -> build/lib/rest_framework/locale/cs/LC_MESSAGES
creating build/lib/rest_framework/locale/mk
creating build/lib/rest_framework/locale/mk/LC_MESSAGES
copying rest_framework/locale/mk/LC_MESSAGES/django.mo -> build/lib/rest_framework/locale/mk/LC_MESSAGES
copying rest_framework/locale/mk/LC_MESSAGES/django.po -> build/lib/rest_framework/locale/mk/LC_MESSAGES
creating build/lib/rest_framework/locale/gl_ES
creating build/lib/rest_framework/locale/gl_ES/LC_MESSAGES
copying rest_framework/locale/gl_ES/LC_MESSAGES/django.mo -> build/lib/rest_framework/locale/gl_ES/LC_MESSAGES
copying rest_framework/locale/gl_ES/LC_MESSAGES/django.po -> build/lib/rest_framework/locale/gl_ES/LC_MESSAGES
creating build/lib/rest_framework/locale/sv
creating build/lib/rest_framework/locale/sv/LC_MESSAGES
copying rest_framework/locale/sv/LC_MESSAGES/django.mo -> build/lib/rest_framework/locale/sv/LC_MESSAGES
copying rest_framework/locale/sv/LC_MESSAGES/django.po -> build/lib/rest_framework/locale/sv/LC_MESSAGES
creating build/lib/rest_framework/locale/en_US
creating build/lib/rest_framework/locale/en_US/LC_MESSAGES
copying rest_framework/locale/en_US/LC_MESSAGES/django.mo -> build/lib/rest_framework/locale/en_US/LC_MESSAGES
copying rest_framework/locale/en_US/LC_MESSAGES/django.po -> build/lib/rest_framework/locale/en_US/LC_MESSAGES
creating build/lib/rest_framework/locale/ar
creating build/lib/rest_framework/locale/ar/LC_MESSAGES
copying rest_framework/locale/ar/LC_MESSAGES/django.mo -> build/lib/rest_framework/locale/ar/LC_MESSAGES
copying rest_framework/locale/ar/LC_MESSAGES/django.po -> build/lib/rest_framework/locale/ar/LC_MESSAGES
creating build/lib/rest_framework/locale/ko_KR
creating build/lib/rest_framework/locale/ko_KR/LC_MESSAGES
copying rest_framework/locale/ko_KR/LC_MESSAGES/django.mo -> build/lib/rest_framework/locale/ko_KR/LC_MESSAGES
copying rest_framework/locale/ko_KR/LC_MESSAGES/django.po -> build/lib/rest_framework/locale/ko_KR/LC_MESSAGES
creating build/lib/rest_framework/locale/zh_CN
creating build/lib/rest_framework/locale/zh_CN/LC_MESSAGES
copying rest_framework/locale/zh_CN/LC_MESSAGES/django.mo -> build/lib/rest_framework/locale/zh_CN/LC_MESSAGES
copying rest_framework/locale/zh_CN/LC_MESSAGES/django.po -> build/lib/rest_framework/locale/zh_CN/LC_MESSAGES
creating build/lib/rest_framework/locale/vi
creating build/lib/rest_framework/locale/vi/LC_MESSAGES
copying rest_framework/locale/vi/LC_MESSAGES/django.mo -> build/lib/rest_framework/locale/vi/LC_MESSAGES
copying rest_framework/locale/vi/LC_MESSAGES/django.po -> build/lib/rest_framework/locale/vi/LC_MESSAGES
creating build/lib/rest_framework/locale/es
creating build/lib/rest_framework/locale/es/LC_MESSAGES
copying rest_framework/locale/es/LC_MESSAGES/django.mo -> build/lib/rest_framework/locale/es/LC_MESSAGES
copying rest_framework/locale/es/LC_MESSAGES/django.po -> build/lib/rest_framework/locale/es/LC_MESSAGES
creating build/lib/rest_framework/locale/pt_PT
creating build/lib/rest_framework/locale/pt_PT/LC_MESSAGES
copying rest_framework/locale/pt_PT/LC_MESSAGES/django.mo -> build/lib/rest_framework/locale/pt_PT/LC_MESSAGES
copying rest_framework/locale/pt_PT/LC_MESSAGES/django.po -> build/lib/rest_framework/locale/pt_PT/LC_MESSAGES
creating build/lib/rest_framework/locale/pt
creating build/lib/rest_framework/locale/pt/LC_MESSAGES
copying rest_framework/locale/pt/LC_MESSAGES/django.mo -> build/lib/rest_framework/locale/pt/LC_MESSAGES
copying rest_framework/locale/pt/LC_MESSAGES/django.po -> build/lib/rest_framework/locale/pt/LC_MESSAGES
creating build/lib/rest_framework/locale/en
creating build/lib/rest_framework/locale/en/LC_MESSAGES
copying rest_framework/locale/en/LC_MESSAGES/django.mo -> build/lib/rest_framework/locale/en/LC_MESSAGES
copying rest_framework/locale/en/LC_MESSAGES/django.po -> build/lib/rest_framework/locale/en/LC_MESSAGES
creating build/lib/rest_framework/locale/nl
creating build/lib/rest_framework/locale/nl/LC_MESSAGES
copying rest_framework/locale/nl/LC_MESSAGES/django.mo -> build/lib/rest_framework/locale/nl/LC_MESSAGES
copying rest_framework/locale/nl/LC_MESSAGES/django.po -> build/lib/rest_framework/locale/nl/LC_MESSAGES
creating build/lib/rest_framework/locale/fr
creating build/lib/rest_framework/locale/fr/LC_MESSAGES
copying rest_framework/locale/fr/LC_MESSAGES/django.mo -> build/lib/rest_framework/locale/fr/LC_MESSAGES
copying rest_framework/locale/fr/LC_MESSAGES/django.po -> build/lib/rest_framework/locale/fr/LC_MESSAGES
creating build/lib/rest_framework/locale/sk
creating build/lib/rest_framework/locale/sk/LC_MESSAGES
copying rest_framework/locale/sk/LC_MESSAGES/django.mo -> build/lib/rest_framework/locale/sk/LC_MESSAGES
copying rest_framework/locale/sk/LC_MESSAGES/django.po -> build/lib/rest_framework/locale/sk/LC_MESSAGES
creating build/lib/rest_framework/locale/da
creating build/lib/rest_framework/locale/da/LC_MESSAGES
copying rest_framework/locale/da/LC_MESSAGES/django.mo -> build/lib/rest_framework/locale/da/LC_MESSAGES
copying rest_framework/locale/da/LC_MESSAGES/django.po -> build/lib/rest_framework/locale/da/LC_MESSAGES
creating build/lib/rest_framework/locale/be
creating build/lib/rest_framework/locale/be/LC_MESSAGES
copying rest_framework/locale/be/LC_MESSAGES/django.mo -> build/lib/rest_framework/locale/be/LC_MESSAGES
copying rest_framework/locale/be/LC_MESSAGES/django.po -> build/lib/rest_framework/locale/be/LC_MESSAGES
creating build/lib/rest_framework/locale/uk
creating build/lib/rest_framework/locale/uk/LC_MESSAGES
copying rest_framework/locale/uk/LC_MESSAGES/django.mo -> build/lib/rest_framework/locale/uk/LC_MESSAGES
copying rest_framework/locale/uk/LC_MESSAGES/django.po -> build/lib/rest_framework/locale/uk/LC_MESSAGES
creating build/lib/rest_framework/locale/id
creating build/lib/rest_framework/locale/id/LC_MESSAGES
copying rest_framework/locale/id/LC_MESSAGES/django.mo -> build/lib/rest_framework/locale/id/LC_MESSAGES
copying rest_framework/locale/id/LC_MESSAGES/django.po -> build/lib/rest_framework/locale/id/LC_MESSAGES
creating build/lib/rest_framework/locale/hu
creating build/lib/rest_framework/locale/hu/LC_MESSAGES
copying rest_framework/locale/hu/LC_MESSAGES/django.mo -> build/lib/rest_framework/locale/hu/LC_MESSAGES
copying rest_framework/locale/hu/LC_MESSAGES/django.po -> build/lib/rest_framework/locale/hu/LC_MESSAGES
creating build/lib/rest_framework/locale/gl
creating build/lib/rest_framework/locale/gl/LC_MESSAGES
copying rest_framework/locale/gl/LC_MESSAGES/django.mo -> build/lib/rest_framework/locale/gl/LC_MESSAGES
copying rest_framework/locale/gl/LC_MESSAGES/django.po -> build/lib/rest_framework/locale/gl/LC_MESSAGES
creating build/lib/rest_framework/locale/et
creating build/lib/rest_framework/locale/et/LC_MESSAGES
copying rest_framework/locale/et/LC_MESSAGES/django.mo -> build/lib/rest_framework/locale/et/LC_MESSAGES
copying rest_framework/locale/et/LC_MESSAGES/django.po -> build/lib/rest_framework/locale/et/LC_MESSAGES
creating build/lib/rest_framework/locale/tr
creating build/lib/rest_framework/locale/tr/LC_MESSAGES
copying rest_framework/locale/tr/LC_MESSAGES/django.mo -> build/lib/rest_framework/locale/tr/LC_MESSAGES
copying rest_framework/locale/tr/LC_MESSAGES/django.po -> build/lib/rest_framework/locale/tr/LC_MESSAGES
creating build/lib/rest_framework/locale/nb
creating build/lib/rest_framework/locale/nb/LC_MESSAGES
copying rest_framework/locale/nb/LC_MESSAGES/django.mo -> build/lib/rest_framework/locale/nb/LC_MESSAGES
copying rest_framework/locale/nb/LC_MESSAGES/django.po -> build/lib/rest_framework/locale/nb/LC_MESSAGES
creating build/lib/rest_framework/locale/pt_BR
creating build/lib/rest_framework/locale/pt_BR/LC_MESSAGES
copying rest_framework/locale/pt_BR/LC_MESSAGES/django.mo -> build/lib/rest_framework/locale/pt_BR/LC_MESSAGES
copying rest_framework/locale/pt_BR/LC_MESSAGES/django.po -> build/lib/rest_framework/locale/pt_BR/LC_MESSAGES
creating build/lib/rest_framework/locale/pl
creating build/lib/rest_framework/locale/pl/LC_MESSAGES
copying rest_framework/locale/pl/LC_MESSAGES/django.mo -> build/lib/rest_framework/locale/pl/LC_MESSAGES
copying rest_framework/locale/pl/LC_MESSAGES/django.po -> build/lib/rest_framework/locale/pl/LC_MESSAGES
creating build/lib/rest_framework/locale/ru
creating build/lib/rest_framework/locale/ru/LC_MESSAGES
copying rest_framework/locale/ru/LC_MESSAGES/django.mo -> build/lib/rest_framework/locale/ru/LC_MESSAGES
copying rest_framework/locale/ru/LC_MESSAGES/django.po -> build/lib/rest_framework/locale/ru/LC_MESSAGES
creating build/bdist.linux-x86_64
creating build/bdist.linux-x86_64/egg
creating build/bdist.linux-x86_64/egg/rest_framework
copying build/lib/rest_framework/mixins.py -> build/bdist.linux-x86_64/egg/rest_framework
copying build/lib/rest_framework/response.py -> build/bdist.linux-x86_64/egg/rest_framework
copying build/lib/rest_framework/compat.py -> build/bdist.linux-x86_64/egg/rest_framework
copying build/lib/rest_framework/serializers.py -> build/bdist.linux-x86_64/egg/rest_framework
copying build/lib/rest_framework/filters.py -> build/bdist.linux-x86_64/egg/rest_framework
copying build/lib/rest_framework/renderers.py -> build/bdist.linux-x86_64/egg/rest_framework
creating build/bdist.linux-x86_64/egg/rest_framework/authtoken
copying build/lib/rest_framework/authtoken/admin.py -> build/bdist.linux-x86_64/egg/rest_framework/authtoken
copying build/lib/rest_framework/authtoken/serializers.py -> build/bdist.linux-x86_64/egg/rest_framework/authtoken
creating build/bdist.linux-x86_64/egg/rest_framework/authtoken/south_migrations
copying build/lib/rest_framework/authtoken/south_migrations/0001_initial.py -> build/bdist.linux-x86_64/egg/rest_framework/authtoken/south_migrations
copying build/lib/rest_framework/authtoken/south_migrations/__init__.py -> build/bdist.linux-x86_64/egg/rest_framework/authtoken/south_migrations
copying build/lib/rest_framework/authtoken/views.py -> build/bdist.linux-x86_64/egg/rest_framework/authtoken
copying build/lib/rest_framework/authtoken/__init__.py -> build/bdist.linux-x86_64/egg/rest_framework/authtoken
copying build/lib/rest_framework/authtoken/models.py -> build/bdist.linux-x86_64/egg/rest_framework/authtoken
creating build/bdist.linux-x86_64/egg/rest_framework/authtoken/migrations
copying build/lib/rest_framework/authtoken/migrations/0001_initial.py -> build/bdist.linux-x86_64/egg/rest_framework/authtoken/migrations
copying build/lib/rest_framework/authtoken/migrations/__init__.py -> build/bdist.linux-x86_64/egg/rest_framework/authtoken/migrations
copying build/lib/rest_framework/status.py -> build/bdist.linux-x86_64/egg/rest_framework
creating build/bdist.linux-x86_64/egg/rest_framework/utils
copying build/lib/rest_framework/utils/breadcrumbs.py -> build/bdist.linux-x86_64/egg/rest_framework/utils
copying build/lib/rest_framework/utils/model_meta.py -> build/bdist.linux-x86_64/egg/rest_framework/utils
copying build/lib/rest_framework/utils/mediatypes.py -> build/bdist.linux-x86_64/egg/rest_framework/utils
copying build/lib/rest_framework/utils/field_mapping.py -> build/bdist.linux-x86_64/egg/rest_framework/utils
copying build/lib/rest_framework/utils/html.py -> build/bdist.linux-x86_64/egg/rest_framework/utils
copying build/lib/rest_framework/utils/serializer_helpers.py -> build/bdist.linux-x86_64/egg/rest_framework/utils
copying build/lib/rest_framework/utils/urls.py -> build/bdist.linux-x86_64/egg/rest_framework/utils
copying build/lib/rest_framework/utils/representation.py -> build/bdist.linux-x86_64/egg/rest_framework/utils
copying build/lib/rest_framework/utils/__init__.py -> build/bdist.linux-x86_64/egg/rest_framework/utils
copying build/lib/rest_framework/utils/humanize_datetime.py -> build/bdist.linux-x86_64/egg/rest_framework/utils
copying build/lib/rest_framework/utils/formatting.py -> build/bdist.linux-x86_64/egg/rest_framework/utils
copying build/lib/rest_framework/utils/encoders.py -> build/bdist.linux-x86_64/egg/rest_framework/utils
copying build/lib/rest_framework/relations.py -> build/bdist.linux-x86_64/egg/rest_framework
copying build/lib/rest_framework/validators.py -> build/bdist.linux-x86_64/egg/rest_framework
copying build/lib/rest_framework/fields.py -> build/bdist.linux-x86_64/egg/rest_framework
copying build/lib/rest_framework/parsers.py -> build/bdist.linux-x86_64/egg/rest_framework
copying build/lib/rest_framework/generics.py -> build/bdist.linux-x86_64/egg/rest_framework
creating build/bdist.linux-x86_64/egg/rest_framework/templates
creating build/bdist.linux-x86_64/egg/rest_framework/templates/rest_framework
creating build/bdist.linux-x86_64/egg/rest_framework/templates/rest_framework/horizontal
copying build/lib/rest_framework/templates/rest_framework/horizontal/list_fieldset.html -> build/bdist.linux-x86_64/egg/rest_framework/templates/rest_framework/horizontal
copying build/lib/rest_framework/templates/rest_framework/horizontal/input.html -> build/bdist.linux-x86_64/egg/rest_framework/templates/rest_framework/horizontal
copying build/lib/rest_framework/templates/rest_framework/horizontal/fieldset.html -> build/bdist.linux-x86_64/egg/rest_framework/templates/rest_framework/horizontal
copying build/lib/rest_framework/templates/rest_framework/horizontal/form.html -> build/bdist.linux-x86_64/egg/rest_framework/templates/rest_framework/horizontal
copying build/lib/rest_framework/templates/rest_framework/horizontal/checkbox_multiple.html -> build/bdist.linux-x86_64/egg/rest_framework/templates/rest_framework/horizontal
copying build/lib/rest_framework/templates/rest_framework/horizontal/select.html -> build/bdist.linux-x86_64/egg/rest_framework/templates/rest_framework/horizontal
copying build/lib/rest_framework/templates/rest_framework/horizontal/radio.html -> build/bdist.linux-x86_64/egg/rest_framework/templates/rest_framework/horizontal
copying build/lib/rest_framework/templates/rest_framework/horizontal/select_multiple.html -> build/bdist.linux-x86_64/egg/rest_framework/templates/rest_framework/horizontal
copying build/lib/rest_framework/templates/rest_framework/horizontal/checkbox.html -> build/bdist.linux-x86_64/egg/rest_framework/templates/rest_framework/horizontal
copying build/lib/rest_framework/templates/rest_framework/horizontal/textarea.html -> build/bdist.linux-x86_64/egg/rest_framework/templates/rest_framework/horizontal
copying build/lib/rest_framework/templates/rest_framework/login.html -> build/bdist.linux-x86_64/egg/rest_framework/templates/rest_framework
creating build/bdist.linux-x86_64/egg/rest_framework/templates/rest_framework/vertical
copying build/lib/rest_framework/templates/rest_framework/vertical/list_fieldset.html -> build/bdist.linux-x86_64/egg/rest_framework/templates/rest_framework/vertical
copying build/lib/rest_framework/templates/rest_framework/vertical/input.html -> build/bdist.linux-x86_64/egg/rest_framework/templates/rest_framework/vertical
copying build/lib/rest_framework/templates/rest_framework/vertical/fieldset.html -> build/bdist.linux-x86_64/egg/rest_framework/templates/rest_framework/vertical
copying build/lib/rest_framework/templates/rest_framework/vertical/form.html -> build/bdist.linux-x86_64/egg/rest_framework/templates/rest_framework/vertical
copying build/lib/rest_framework/templates/rest_framework/vertical/checkbox_multiple.html -> build/bdist.linux-x86_64/egg/rest_framework/templates/rest_framework/vertical
copying build/lib/rest_framework/templates/rest_framework/vertical/select.html -> build/bdist.linux-x86_64/egg/rest_framework/templates/rest_framework/vertical
copying build/lib/rest_framework/templates/rest_framework/vertical/radio.html -> build/bdist.linux-x86_64/egg/rest_framework/templates/rest_framework/vertical
copying build/lib/rest_framework/templates/rest_framework/vertical/select_multiple.html -> build/bdist.linux-x86_64/egg/rest_framework/templates/rest_framework/vertical
copying build/lib/rest_framework/templates/rest_framework/vertical/checkbox.html -> build/bdist.linux-x86_64/egg/rest_framework/templates/rest_framework/vertical
copying build/lib/rest_framework/templates/rest_framework/vertical/textarea.html -> build/bdist.linux-x86_64/egg/rest_framework/templates/rest_framework/vertical
creating build/bdist.linux-x86_64/egg/rest_framework/templates/rest_framework/pagination
copying build/lib/rest_framework/templates/rest_framework/pagination/previous_and_next.html -> build/bdist.linux-x86_64/egg/rest_framework/templates/rest_framework/pagination
copying build/lib/rest_framework/templates/rest_framework/pagination/numbers.html -> build/bdist.linux-x86_64/egg/rest_framework/templates/rest_framework/pagination
creating build/bdist.linux-x86_64/egg/rest_framework/templates/rest_framework/inline
copying build/lib/rest_framework/templates/rest_framework/inline/list_fieldset.html -> build/bdist.linux-x86_64/egg/rest_framework/templates/rest_framework/inline
copying build/lib/rest_framework/templates/rest_framework/inline/input.html -> build/bdist.linux-x86_64/egg/rest_framework/templates/rest_framework/inline
copying build/lib/rest_framework/templates/rest_framework/inline/fieldset.html -> build/bdist.linux-x86_64/egg/rest_framework/templates/rest_framework/inline
copying build/lib/rest_framework/templates/rest_framework/inline/form.html -> build/bdist.linux-x86_64/egg/rest_framework/templates/rest_framework/inline
copying build/lib/rest_framework/templates/rest_framework/inline/checkbox_multiple.html -> build/bdist.linux-x86_64/egg/rest_framework/templates/rest_framework/inline
copying build/lib/rest_framework/templates/rest_framework/inline/select.html -> build/bdist.linux-x86_64/egg/rest_framework/templates/rest_framework/inline
copying build/lib/rest_framework/templates/rest_framework/inline/radio.html -> build/bdist.linux-x86_64/egg/rest_framework/templates/rest_framework/inline
copying build/lib/rest_framework/templates/rest_framework/inline/select_multiple.html -> build/bdist.linux-x86_64/egg/rest_framework/templates/rest_framework/inline
copying build/lib/rest_framework/templates/rest_framework/inline/checkbox.html -> build/bdist.linux-x86_64/egg/rest_framework/templates/rest_framework/inline
copying build/lib/rest_framework/templates/rest_framework/inline/textarea.html -> build/bdist.linux-x86_64/egg/rest_framework/templates/rest_framework/inline
copying build/lib/rest_framework/templates/rest_framework/login_base.html -> build/bdist.linux-x86_64/egg/rest_framework/templates/rest_framework
copying build/lib/rest_framework/templates/rest_framework/base.html -> build/bdist.linux-x86_64/egg/rest_framework/templates/rest_framework
copying build/lib/rest_framework/templates/rest_framework/raw_data_form.html -> build/bdist.linux-x86_64/egg/rest_framework/templates/rest_framework
copying build/lib/rest_framework/templates/rest_framework/api.html -> build/bdist.linux-x86_64/egg/rest_framework/templates/rest_framework
copying build/lib/rest_framework/templates/rest_framework/api_form.html -> build/bdist.linux-x86_64/egg/rest_framework/templates/rest_framework
creating build/bdist.linux-x86_64/egg/rest_framework/templatetags
copying build/lib/rest_framework/templatetags/rest_framework.py -> build/bdist.linux-x86_64/egg/rest_framework/templatetags
copying build/lib/rest_framework/templatetags/__init__.py -> build/bdist.linux-x86_64/egg/rest_framework/templatetags
copying build/lib/rest_framework/throttling.py -> build/bdist.linux-x86_64/egg/rest_framework
copying build/lib/rest_framework/views.py -> build/bdist.linux-x86_64/egg/rest_framework
copying build/lib/rest_framework/urlpatterns.py -> build/bdist.linux-x86_64/egg/rest_framework
copying build/lib/rest_framework/reverse.py -> build/bdist.linux-x86_64/egg/rest_framework
copying build/lib/rest_framework/versioning.py -> build/bdist.linux-x86_64/egg/rest_framework
copying build/lib/rest_framework/routers.py -> build/bdist.linux-x86_64/egg/rest_framework
copying build/lib/rest_framework/permissions.py -> build/bdist.linux-x86_64/egg/rest_framework
creating build/bdist.linux-x86_64/egg/rest_framework/static
creating build/bdist.linux-x86_64/egg/rest_framework/static/rest_framework
creating build/bdist.linux-x86_64/egg/rest_framework/static/rest_framework/fonts
copying build/lib/rest_framework/static/rest_framework/fonts/glyphicons-halflings-regular.eot -> build/bdist.linux-x86_64/egg/rest_framework/static/rest_framework/fonts
copying build/lib/rest_framework/static/rest_framework/fonts/glyphicons-halflings-regular.svg -> build/bdist.linux-x86_64/egg/rest_framework/static/rest_framework/fonts
copying build/lib/rest_framework/static/rest_framework/fonts/glyphicons-halflings-regular.woff -> build/bdist.linux-x86_64/egg/rest_framework/static/rest_framework/fonts
copying build/lib/rest_framework/static/rest_framework/fonts/glyphicons-halflings-regular.ttf -> build/bdist.linux-x86_64/egg/rest_framework/static/rest_framework/fonts
creating build/bdist.linux-x86_64/egg/rest_framework/static/rest_framework/img
copying build/lib/rest_framework/static/rest_framework/img/grid.png -> build/bdist.linux-x86_64/egg/rest_framework/static/rest_framework/img
copying build/lib/rest_framework/static/rest_framework/img/glyphicons-halflings-white.png -> build/bdist.linux-x86_64/egg/rest_framework/static/rest_framework/img
copying build/lib/rest_framework/static/rest_framework/img/glyphicons-halflings.png -> build/bdist.linux-x86_64/egg/rest_framework/static/rest_framework/img
creating build/bdist.linux-x86_64/egg/rest_framework/static/rest_framework/css
copying build/lib/rest_framework/static/rest_framework/css/bootstrap.min.css -> build/bdist.linux-x86_64/egg/rest_framework/static/rest_framework/css
copying build/lib/rest_framework/static/rest_framework/css/default.css -> build/bdist.linux-x86_64/egg/rest_framework/static/rest_framework/css
copying build/lib/rest_framework/static/rest_framework/css/bootstrap-tweaks.css -> build/bdist.linux-x86_64/egg/rest_framework/static/rest_framework/css
copying build/lib/rest_framework/static/rest_framework/css/prettify.css -> build/bdist.linux-x86_64/egg/rest_framework/static/rest_framework/css
creating build/bdist.linux-x86_64/egg/rest_framework/static/rest_framework/js
copying build/lib/rest_framework/static/rest_framework/js/jquery-1.8.1-min.js -> build/bdist.linux-x86_64/egg/rest_framework/static/rest_framework/js
copying build/lib/rest_framework/static/rest_framework/js/prettify-min.js -> build/bdist.linux-x86_64/egg/rest_framework/static/rest_framework/js
copying build/lib/rest_framework/static/rest_framework/js/bootstrap.min.js -> build/bdist.linux-x86_64/egg/rest_framework/static/rest_framework/js
copying build/lib/rest_framework/static/rest_framework/js/default.js -> build/bdist.linux-x86_64/egg/rest_framework/static/rest_framework/js
copying build/lib/rest_framework/urls.py -> build/bdist.linux-x86_64/egg/rest_framework
copying build/lib/rest_framework/negotiation.py -> build/bdist.linux-x86_64/egg/rest_framework
copying build/lib/rest_framework/__init__.py -> build/bdist.linux-x86_64/egg/rest_framework
copying build/lib/rest_framework/decorators.py -> build/bdist.linux-x86_64/egg/rest_framework
copying build/lib/rest_framework/settings.py -> build/bdist.linux-x86_64/egg/rest_framework
copying build/lib/rest_framework/models.py -> build/bdist.linux-x86_64/egg/rest_framework
copying build/lib/rest_framework/viewsets.py -> build/bdist.linux-x86_64/egg/rest_framework
copying build/lib/rest_framework/request.py -> build/bdist.linux-x86_64/egg/rest_framework
copying build/lib/rest_framework/pagination.py -> build/bdist.linux-x86_64/egg/rest_framework
copying build/lib/rest_framework/metadata.py -> build/bdist.linux-x86_64/egg/rest_framework
creating build/bdist.linux-x86_64/egg/rest_framework/locale
creating build/bdist.linux-x86_64/egg/rest_framework/locale/de
creating build/bdist.linux-x86_64/egg/rest_framework/locale/de/LC_MESSAGES
copying build/lib/rest_framework/locale/de/LC_MESSAGES/django.mo -> build/bdist.linux-x86_64/egg/rest_framework/locale/de/LC_MESSAGES
copying build/lib/rest_framework/locale/de/LC_MESSAGES/django.po -> build/bdist.linux-x86_64/egg/rest_framework/locale/de/LC_MESSAGES
creating build/bdist.linux-x86_64/egg/rest_framework/locale/it
creating build/bdist.linux-x86_64/egg/rest_framework/locale/it/LC_MESSAGES
copying build/lib/rest_framework/locale/it/LC_MESSAGES/django.mo -> build/bdist.linux-x86_64/egg/rest_framework/locale/it/LC_MESSAGES
copying build/lib/rest_framework/locale/it/LC_MESSAGES/django.po -> build/bdist.linux-x86_64/egg/rest_framework/locale/it/LC_MESSAGES
creating build/bdist.linux-x86_64/egg/rest_framework/locale/cs
creating build/bdist.linux-x86_64/egg/rest_framework/locale/cs/LC_MESSAGES
copying build/lib/rest_framework/locale/cs/LC_MESSAGES/django.mo -> build/bdist.linux-x86_64/egg/rest_framework/locale/cs/LC_MESSAGES
copying build/lib/rest_framework/locale/cs/LC_MESSAGES/django.po -> build/bdist.linux-x86_64/egg/rest_framework/locale/cs/LC_MESSAGES
creating build/bdist.linux-x86_64/egg/rest_framework/locale/mk
creating build/bdist.linux-x86_64/egg/rest_framework/locale/mk/LC_MESSAGES
copying build/lib/rest_framework/locale/mk/LC_MESSAGES/django.mo -> build/bdist.linux-x86_64/egg/rest_framework/locale/mk/LC_MESSAGES
copying build/lib/rest_framework/locale/mk/LC_MESSAGES/django.po -> build/bdist.linux-x86_64/egg/rest_framework/locale/mk/LC_MESSAGES
creating build/bdist.linux-x86_64/egg/rest_framework/locale/gl_ES
creating build/bdist.linux-x86_64/egg/rest_framework/locale/gl_ES/LC_MESSAGES
copying build/lib/rest_framework/locale/gl_ES/LC_MESSAGES/django.mo -> build/bdist.linux-x86_64/egg/rest_framework/locale/gl_ES/LC_MESSAGES
copying build/lib/rest_framework/locale/gl_ES/LC_MESSAGES/django.po -> build/bdist.linux-x86_64/egg/rest_framework/locale/gl_ES/LC_MESSAGES
creating build/bdist.linux-x86_64/egg/rest_framework/locale/sv
creating build/bdist.linux-x86_64/egg/rest_framework/locale/sv/LC_MESSAGES
copying build/lib/rest_framework/locale/sv/LC_MESSAGES/django.mo -> build/bdist.linux-x86_64/egg/rest_framework/locale/sv/LC_MESSAGES
copying build/lib/rest_framework/locale/sv/LC_MESSAGES/django.po -> build/bdist.linux-x86_64/egg/rest_framework/locale/sv/LC_MESSAGES
creating build/bdist.linux-x86_64/egg/rest_framework/locale/en_US
creating build/bdist.linux-x86_64/egg/rest_framework/locale/en_US/LC_MESSAGES
copying build/lib/rest_framework/locale/en_US/LC_MESSAGES/django.mo -> build/bdist.linux-x86_64/egg/rest_framework/locale/en_US/LC_MESSAGES
copying build/lib/rest_framework/locale/en_US/LC_MESSAGES/django.po -> build/bdist.linux-x86_64/egg/rest_framework/locale/en_US/LC_MESSAGES
creating build/bdist.linux-x86_64/egg/rest_framework/locale/ar
creating build/bdist.linux-x86_64/egg/rest_framework/locale/ar/LC_MESSAGES
copying build/lib/rest_framework/locale/ar/LC_MESSAGES/django.mo -> build/bdist.linux-x86_64/egg/rest_framework/locale/ar/LC_MESSAGES
copying build/lib/rest_framework/locale/ar/LC_MESSAGES/django.po -> build/bdist.linux-x86_64/egg/rest_framework/locale/ar/LC_MESSAGES
creating build/bdist.linux-x86_64/egg/rest_framework/locale/ko_KR
creating build/bdist.linux-x86_64/egg/rest_framework/locale/ko_KR/LC_MESSAGES
copying build/lib/rest_framework/locale/ko_KR/LC_MESSAGES/django.mo -> build/bdist.linux-x86_64/egg/rest_framework/locale/ko_KR/LC_MESSAGES
copying build/lib/rest_framework/locale/ko_KR/LC_MESSAGES/django.po -> build/bdist.linux-x86_64/egg/rest_framework/locale/ko_KR/LC_MESSAGES
creating build/bdist.linux-x86_64/egg/rest_framework/locale/zh_CN
creating build/bdist.linux-x86_64/egg/rest_framework/locale/zh_CN/LC_MESSAGES
copying build/lib/rest_framework/locale/zh_CN/LC_MESSAGES/django.mo -> build/bdist.linux-x86_64/egg/rest_framework/locale/zh_CN/LC_MESSAGES
copying build/lib/rest_framework/locale/zh_CN/LC_MESSAGES/django.po -> build/bdist.linux-x86_64/egg/rest_framework/locale/zh_CN/LC_MESSAGES
creating build/bdist.linux-x86_64/egg/rest_framework/locale/vi
creating build/bdist.linux-x86_64/egg/rest_framework/locale/vi/LC_MESSAGES
copying build/lib/rest_framework/locale/vi/LC_MESSAGES/django.mo -> build/bdist.linux-x86_64/egg/rest_framework/locale/vi/LC_MESSAGES
copying build/lib/rest_framework/locale/vi/LC_MESSAGES/django.po -> build/bdist.linux-x86_64/egg/rest_framework/locale/vi/LC_MESSAGES
creating build/bdist.linux-x86_64/egg/rest_framework/locale/es
creating build/bdist.linux-x86_64/egg/rest_framework/locale/es/LC_MESSAGES
copying build/lib/rest_framework/locale/es/LC_MESSAGES/django.mo -> build/bdist.linux-x86_64/egg/rest_framework/locale/es/LC_MESSAGES
copying build/lib/rest_framework/locale/es/LC_MESSAGES/django.po -> build/bdist.linux-x86_64/egg/rest_framework/locale/es/LC_MESSAGES
creating build/bdist.linux-x86_64/egg/rest_framework/locale/pt_PT
creating build/bdist.linux-x86_64/egg/rest_framework/locale/pt_PT/LC_MESSAGES
copying build/lib/rest_framework/locale/pt_PT/LC_MESSAGES/django.mo -> build/bdist.linux-x86_64/egg/rest_framework/locale/pt_PT/LC_MESSAGES
copying build/lib/rest_framework/locale/pt_PT/LC_MESSAGES/django.po -> build/bdist.linux-x86_64/egg/rest_framework/locale/pt_PT/LC_MESSAGES
creating build/bdist.linux-x86_64/egg/rest_framework/locale/pt
creating build/bdist.linux-x86_64/egg/rest_framework/locale/pt/LC_MESSAGES
copying build/lib/rest_framework/locale/pt/LC_MESSAGES/django.mo -> build/bdist.linux-x86_64/egg/rest_framework/locale/pt/LC_MESSAGES
copying build/lib/rest_framework/locale/pt/LC_MESSAGES/django.po -> build/bdist.linux-x86_64/egg/rest_framework/locale/pt/LC_MESSAGES
creating build/bdist.linux-x86_64/egg/rest_framework/locale/en
creating build/bdist.linux-x86_64/egg/rest_framework/locale/en/LC_MESSAGES
copying build/lib/rest_framework/locale/en/LC_MESSAGES/django.mo -> build/bdist.linux-x86_64/egg/rest_framework/locale/en/LC_MESSAGES
copying build/lib/rest_framework/locale/en/LC_MESSAGES/django.po -> build/bdist.linux-x86_64/egg/rest_framework/locale/en/LC_MESSAGES
creating build/bdist.linux-x86_64/egg/rest_framework/locale/nl
creating build/bdist.linux-x86_64/egg/rest_framework/locale/nl/LC_MESSAGES
copying build/lib/rest_framework/locale/nl/LC_MESSAGES/django.mo -> build/bdist.linux-x86_64/egg/rest_framework/locale/nl/LC_MESSAGES
copying build/lib/rest_framework/locale/nl/LC_MESSAGES/django.po -> build/bdist.linux-x86_64/egg/rest_framework/locale/nl/LC_MESSAGES
creating build/bdist.linux-x86_64/egg/rest_framework/locale/fr
creating build/bdist.linux-x86_64/egg/rest_framework/locale/fr/LC_MESSAGES
copying build/lib/rest_framework/locale/fr/LC_MESSAGES/django.mo -> build/bdist.linux-x86_64/egg/rest_framework/locale/fr/LC_MESSAGES
copying build/lib/rest_framework/locale/fr/LC_MESSAGES/django.po -> build/bdist.linux-x86_64/egg/rest_framework/locale/fr/LC_MESSAGES
creating build/bdist.linux-x86_64/egg/rest_framework/locale/sk
creating build/bdist.linux-x86_64/egg/rest_framework/locale/sk/LC_MESSAGES
copying build/lib/rest_framework/locale/sk/LC_MESSAGES/django.mo -> build/bdist.linux-x86_64/egg/rest_framework/locale/sk/LC_MESSAGES
copying build/lib/rest_framework/locale/sk/LC_MESSAGES/django.po -> build/bdist.linux-x86_64/egg/rest_framework/locale/sk/LC_MESSAGES
creating build/bdist.linux-x86_64/egg/rest_framework/locale/da
creating build/bdist.linux-x86_64/egg/rest_framework/locale/da/LC_MESSAGES
copying build/lib/rest_framework/locale/da/LC_MESSAGES/django.mo -> build/bdist.linux-x86_64/egg/rest_framework/locale/da/LC_MESSAGES
copying build/lib/rest_framework/locale/da/LC_MESSAGES/django.po -> build/bdist.linux-x86_64/egg/rest_framework/locale/da/LC_MESSAGES
creating build/bdist.linux-x86_64/egg/rest_framework/locale/be
creating build/bdist.linux-x86_64/egg/rest_framework/locale/be/LC_MESSAGES
copying build/lib/rest_framework/locale/be/LC_MESSAGES/django.mo -> build/bdist.linux-x86_64/egg/rest_framework/locale/be/LC_MESSAGES
copying build/lib/rest_framework/locale/be/LC_MESSAGES/django.po -> build/bdist.linux-x86_64/egg/rest_framework/locale/be/LC_MESSAGES
creating build/bdist.linux-x86_64/egg/rest_framework/locale/uk
creating build/bdist.linux-x86_64/egg/rest_framework/locale/uk/LC_MESSAGES
copying build/lib/rest_framework/locale/uk/LC_MESSAGES/django.mo -> build/bdist.linux-x86_64/egg/rest_framework/locale/uk/LC_MESSAGES
copying build/lib/rest_framework/locale/uk/LC_MESSAGES/django.po -> build/bdist.linux-x86_64/egg/rest_framework/locale/uk/LC_MESSAGES
creating build/bdist.linux-x86_64/egg/rest_framework/locale/id
creating build/bdist.linux-x86_64/egg/rest_framework/locale/id/LC_MESSAGES
copying build/lib/rest_framework/locale/id/LC_MESSAGES/django.mo -> build/bdist.linux-x86_64/egg/rest_framework/locale/id/LC_MESSAGES
copying build/lib/rest_framework/locale/id/LC_MESSAGES/django.po -> build/bdist.linux-x86_64/egg/rest_framework/locale/id/LC_MESSAGES
creating build/bdist.linux-x86_64/egg/rest_framework/locale/hu
creating build/bdist.linux-x86_64/egg/rest_framework/locale/hu/LC_MESSAGES
copying build/lib/rest_framework/locale/hu/LC_MESSAGES/django.mo -> build/bdist.linux-x86_64/egg/rest_framework/locale/hu/LC_MESSAGES
copying build/lib/rest_framework/locale/hu/LC_MESSAGES/django.po -> build/bdist.linux-x86_64/egg/rest_framework/locale/hu/LC_MESSAGES
creating build/bdist.linux-x86_64/egg/rest_framework/locale/gl
creating build/bdist.linux-x86_64/egg/rest_framework/locale/gl/LC_MESSAGES
copying build/lib/rest_framework/locale/gl/LC_MESSAGES/django.mo -> build/bdist.linux-x86_64/egg/rest_framework/locale/gl/LC_MESSAGES
copying build/lib/rest_framework/locale/gl/LC_MESSAGES/django.po -> build/bdist.linux-x86_64/egg/rest_framework/locale/gl/LC_MESSAGES
creating build/bdist.linux-x86_64/egg/rest_framework/locale/et
creating build/bdist.linux-x86_64/egg/rest_framework/locale/et/LC_MESSAGES
copying build/lib/rest_framework/locale/et/LC_MESSAGES/django.mo -> build/bdist.linux-x86_64/egg/rest_framework/locale/et/LC_MESSAGES
copying build/lib/rest_framework/locale/et/LC_MESSAGES/django.po -> build/bdist.linux-x86_64/egg/rest_framework/locale/et/LC_MESSAGES
creating build/bdist.linux-x86_64/egg/rest_framework/locale/tr
creating build/bdist.linux-x86_64/egg/rest_framework/locale/tr/LC_MESSAGES
copying build/lib/rest_framework/locale/tr/LC_MESSAGES/django.mo -> build/bdist.linux-x86_64/egg/rest_framework/locale/tr/LC_MESSAGES
copying build/lib/rest_framework/locale/tr/LC_MESSAGES/django.po -> build/bdist.linux-x86_64/egg/rest_framework/locale/tr/LC_MESSAGES
creating build/bdist.linux-x86_64/egg/rest_framework/locale/nb
creating build/bdist.linux-x86_64/egg/rest_framework/locale/nb/LC_MESSAGES
copying build/lib/rest_framework/locale/nb/LC_MESSAGES/django.mo -> build/bdist.linux-x86_64/egg/rest_framework/locale/nb/LC_MESSAGES
copying build/lib/rest_framework/locale/nb/LC_MESSAGES/django.po -> build/bdist.linux-x86_64/egg/rest_framework/locale/nb/LC_MESSAGES
creating build/bdist.linux-x86_64/egg/rest_framework/locale/pt_BR
creating build/bdist.linux-x86_64/egg/rest_framework/locale/pt_BR/LC_MESSAGES
copying build/lib/rest_framework/locale/pt_BR/LC_MESSAGES/django.mo -> build/bdist.linux-x86_64/egg/rest_framework/locale/pt_BR/LC_MESSAGES
copying build/lib/rest_framework/locale/pt_BR/LC_MESSAGES/django.po -> build/bdist.linux-x86_64/egg/rest_framework/locale/pt_BR/LC_MESSAGES
creating build/bdist.linux-x86_64/egg/rest_framework/locale/pl
creating build/bdist.linux-x86_64/egg/rest_framework/locale/pl/LC_MESSAGES
copying build/lib/rest_framework/locale/pl/LC_MESSAGES/django.mo -> build/bdist.linux-x86_64/egg/rest_framework/locale/pl/LC_MESSAGES
copying build/lib/rest_framework/locale/pl/LC_MESSAGES/django.po -> build/bdist.linux-x86_64/egg/rest_framework/locale/pl/LC_MESSAGES
creating build/bdist.linux-x86_64/egg/rest_framework/locale/ru
creating build/bdist.linux-x86_64/egg/rest_framework/locale/ru/LC_MESSAGES
copying build/lib/rest_framework/locale/ru/LC_MESSAGES/django.mo -> build/bdist.linux-x86_64/egg/rest_framework/locale/ru/LC_MESSAGES
copying build/lib/rest_framework/locale/ru/LC_MESSAGES/django.po -> build/bdist.linux-x86_64/egg/rest_framework/locale/ru/LC_MESSAGES
copying build/lib/rest_framework/authentication.py -> build/bdist.linux-x86_64/egg/rest_framework
copying build/lib/rest_framework/exceptions.py -> build/bdist.linux-x86_64/egg/rest_framework
copying build/lib/rest_framework/test.py -> build/bdist.linux-x86_64/egg/rest_framework
byte-compiling build/bdist.linux-x86_64/egg/rest_framework/mixins.py to mixins.pyc
byte-compiling build/bdist.linux-x86_64/egg/rest_framework/response.py to response.pyc
byte-compiling build/bdist.linux-x86_64/egg/rest_framework/compat.py to compat.pyc
byte-compiling build/bdist.linux-x86_64/egg/rest_framework/serializers.py to serializers.pyc
byte-compiling build/bdist.linux-x86_64/egg/rest_framework/filters.py to filters.pyc
byte-compiling build/bdist.linux-x86_64/egg/rest_framework/renderers.py to renderers.pyc
byte-compiling build/bdist.linux-x86_64/egg/rest_framework/authtoken/admin.py to admin.pyc
byte-compiling build/bdist.linux-x86_64/egg/rest_framework/authtoken/serializers.py to serializers.pyc
byte-compiling build/bdist.linux-x86_64/egg/rest_framework/authtoken/south_migrations/0001_initial.py to 0001_initial.pyc
byte-compiling build/bdist.linux-x86_64/egg/rest_framework/authtoken/south_migrations/__init__.py to __init__.pyc
byte-compiling build/bdist.linux-x86_64/egg/rest_framework/authtoken/views.py to views.pyc
byte-compiling build/bdist.linux-x86_64/egg/rest_framework/authtoken/__init__.py to __init__.pyc
byte-compiling build/bdist.linux-x86_64/egg/rest_framework/authtoken/models.py to models.pyc
byte-compiling build/bdist.linux-x86_64/egg/rest_framework/authtoken/migrations/0001_initial.py to 0001_initial.pyc
byte-compiling build/bdist.linux-x86_64/egg/rest_framework/authtoken/migrations/__init__.py to __init__.pyc
byte-compiling build/bdist.linux-x86_64/egg/rest_framework/status.py to status.pyc
byte-compiling build/bdist.linux-x86_64/egg/rest_framework/utils/breadcrumbs.py to breadcrumbs.pyc
byte-compiling build/bdist.linux-x86_64/egg/rest_framework/utils/model_meta.py to model_meta.pyc
byte-compiling build/bdist.linux-x86_64/egg/rest_framework/utils/mediatypes.py to mediatypes.pyc
byte-compiling build/bdist.linux-x86_64/egg/rest_framework/utils/field_mapping.py to field_mapping.pyc
byte-compiling build/bdist.linux-x86_64/egg/rest_framework/utils/html.py to html.pyc
byte-compiling build/bdist.linux-x86_64/egg/rest_framework/utils/serializer_helpers.py to serializer_helpers.pyc
byte-compiling build/bdist.linux-x86_64/egg/rest_framework/utils/urls.py to urls.pyc
byte-compiling build/bdist.linux-x86_64/egg/rest_framework/utils/representation.py to representation.pyc
byte-compiling build/bdist.linux-x86_64/egg/rest_framework/utils/__init__.py to __init__.pyc
byte-compiling build/bdist.linux-x86_64/egg/rest_framework/utils/humanize_datetime.py to humanize_datetime.pyc
byte-compiling build/bdist.linux-x86_64/egg/rest_framework/utils/formatting.py to formatting.pyc
byte-compiling build/bdist.linux-x86_64/egg/rest_framework/utils/encoders.py to encoders.pyc
byte-compiling build/bdist.linux-x86_64/egg/rest_framework/relations.py to relations.pyc
byte-compiling build/bdist.linux-x86_64/egg/rest_framework/validators.py to validators.pyc
byte-compiling build/bdist.linux-x86_64/egg/rest_framework/fields.py to fields.pyc
byte-compiling build/bdist.linux-x86_64/egg/rest_framework/parsers.py to parsers.pyc
byte-compiling build/bdist.linux-x86_64/egg/rest_framework/generics.py to generics.pyc
byte-compiling build/bdist.linux-x86_64/egg/rest_framework/templatetags/rest_framework.py to rest_framework.pyc
byte-compiling build/bdist.linux-x86_64/egg/rest_framework/templatetags/__init__.py to __init__.pyc
byte-compiling build/bdist.linux-x86_64/egg/rest_framework/throttling.py to throttling.pyc
byte-compiling build/bdist.linux-x86_64/egg/rest_framework/views.py to views.pyc
byte-compiling build/bdist.linux-x86_64/egg/rest_framework/urlpatterns.py to urlpatterns.pyc
byte-compiling build/bdist.linux-x86_64/egg/rest_framework/reverse.py to reverse.pyc
byte-compiling build/bdist.linux-x86_64/egg/rest_framework/versioning.py to versioning.pyc
byte-compiling build/bdist.linux-x86_64/egg/rest_framework/routers.py to routers.pyc
byte-compiling build/bdist.linux-x86_64/egg/rest_framework/permissions.py to permissions.pyc
byte-compiling build/bdist.linux-x86_64/egg/rest_framework/urls.py to urls.pyc
byte-compiling build/bdist.linux-x86_64/egg/rest_framework/negotiation.py to negotiation.pyc
byte-compiling build/bdist.linux-x86_64/egg/rest_framework/__init__.py to __init__.pyc
byte-compiling build/bdist.linux-x86_64/egg/rest_framework/decorators.py to decorators.pyc
byte-compiling build/bdist.linux-x86_64/egg/rest_framework/settings.py to settings.pyc
byte-compiling build/bdist.linux-x86_64/egg/rest_framework/models.py to models.pyc
byte-compiling build/bdist.linux-x86_64/egg/rest_framework/viewsets.py to viewsets.pyc
byte-compiling build/bdist.linux-x86_64/egg/rest_framework/request.py to request.pyc
byte-compiling build/bdist.linux-x86_64/egg/rest_framework/pagination.py to pagination.pyc
byte-compiling build/bdist.linux-x86_64/egg/rest_framework/metadata.py to metadata.pyc
byte-compiling build/bdist.linux-x86_64/egg/rest_framework/authentication.py to authentication.pyc
byte-compiling build/bdist.linux-x86_64/egg/rest_framework/exceptions.py to exceptions.pyc
byte-compiling build/bdist.linux-x86_64/egg/rest_framework/test.py to test.pyc
creating build/bdist.linux-x86_64/egg/EGG-INFO
copying djangorestframework.egg-info/PKG-INFO -> build/bdist.linux-x86_64/egg/EGG-INFO
copying djangorestframework.egg-info/SOURCES.txt -> build/bdist.linux-x86_64/egg/EGG-INFO
copying djangorestframework.egg-info/dependency_links.txt -> build/bdist.linux-x86_64/egg/EGG-INFO
copying djangorestframework.egg-info/not-zip-safe -> build/bdist.linux-x86_64/egg/EGG-INFO
copying djangorestframework.egg-info/top_level.txt -> build/bdist.linux-x86_64/egg/EGG-INFO
creating dist
creating 'dist/djangorestframework-3.1.3-py2.7.egg' and adding 'build/bdist.linux-x86_64/egg' to it
removing 'build/bdist.linux-x86_64/egg' (and everything under it)
Processing djangorestframework-3.1.3-py2.7.egg
creating /home/ubuntu/miniconda/envs/_build/lib/python2.7/site-packages/djangorestframework-3.1.3-py2.7.egg
Extracting djangorestframework-3.1.3-py2.7.egg to /home/ubuntu/miniconda/envs/_build/lib/python2.7/site-packages
Adding djangorestframework 3.1.3 to easy-install.pth file

Installed /home/ubuntu/miniconda/envs/_build/lib/python2.7/site-packages/djangorestframework-3.1.3-py2.7.egg
Processing dependencies for djangorestframework==3.1.3
Finished processing dependencies for djangorestframework==3.1.3

The following NEW packages will be INSTALLED:

    openssl:    1.0.1k-1    
    pip:        7.0.3-py27_0
    python:     2.7.10-0    
    readline:   6.2-2       
    setuptools: 17.0-py27_0 
    sqlite:     3.8.4.1-1   
    system:     5.8-2       
    tk:         8.5.18-0    
    zlib:       1.2.8-0     

Linking packages ...
[                    ]|                                                  |   0%[openssl             ]|                                                  |   0%[readline            ]|#####                                             |  11%[sqlite              ]|###########                                       |  22%[system              ]|################                                  |  33%[tk                  ]|######################                            |  44%[zlib                ]|###########################                       |  55%[python              ]|#################################                 |  66%[setuptools          ]|######################################            |  77%[pip                 ]|############################################      |  88%[      COMPLETE      ]|##################################################| 100%
Removing old work directory
Source cache directory is: /home/ubuntu/miniconda/conda-bld/src_cache
Found source in cache: djangorestframework-3.1.3.tar.gz
Extracting download
Package: djangorestframework-3.1.3-py27_0
source tree in: /home/ubuntu/miniconda/conda-bld/work/djangorestframework-3.1.3
found egg dir: /home/ubuntu/miniconda/envs/_build/lib/python2.7/site-packages/djangorestframework-3.1.3-py2.7.egg
number of files: 224
Fixing permissions
Fixing permissions
BUILD END: djangorestframework-3.1.3-py27_0
TEST START: djangorestframework-3.1.3-py27_0
Fetching package metadata: ......
Solving package specifications: .
The following packages will be downloaded:

    package                    |            build
    ---------------------------|-----------------
    djangorestframework-3.1.3  |           py27_0         396 KB

The following NEW packages will be INSTALLED:

    djangorestframework: 3.1.3-py27_0
    openssl:             1.0.1k-1    
    pip:                 7.0.3-py27_0
    python:              2.7.10-0    
    readline:            6.2-2       
    setuptools:          17.0-py27_0 
    sqlite:              3.8.4.1-1   
    system:              5.8-2       
    tk:                  8.5.18-0    
    zlib:                1.2.8-0     

Fetching packages ...
djangorestfram   0% |                              | ETA:  --:--:--   0.00  B/sdjangorestfram   4% |#                              | ETA:  0:00:00  46.53 MB/sdjangorestfram   8% |##                             | ETA:  0:00:00  58.51 MB/sdjangorestfram  12% |###                            | ETA:  0:00:00  65.53 MB/sdjangorestfram  16% |#####                          | ETA:  0:00:00  69.71 MB/sdjangorestfram  20% |######                         | ETA:  0:00:00  72.43 MB/sdjangorestfram  24% |#######                        | ETA:  0:00:00  74.75 MB/sdjangorestfram  28% |########                       | ETA:  0:00:00  11.91 MB/sdjangorestfram  32% |##########                     | ETA:  0:00:00  13.35 MB/sdjangorestfram  36% |###########                    | ETA:  0:00:00  14.75 MB/sdjangorestfram  40% |############                   | ETA:  0:00:00  16.10 MB/sdjangorestfram  44% |#############                  | ETA:  0:00:00  17.40 MB/sdjangorestfram  48% |###############                | ETA:  0:00:00  18.66 MB/sdjangorestfram  52% |################               | ETA:  0:00:00  19.88 MB/sdjangorestfram  56% |#################              | ETA:  0:00:00  21.04 MB/sdjangorestfram  60% |##################             | ETA:  0:00:00  22.18 MB/sdjangorestfram  64% |####################           | ETA:  0:00:00  23.25 MB/sdjangorestfram  68% |#####################          | ETA:  0:00:00  24.31 MB/sdjangorestfram  72% |######################         | ETA:  0:00:00  25.34 MB/sdjangorestfram  76% |#######################        | ETA:  0:00:00  26.34 MB/sdjangorestfram  80% |#########################      | ETA:  0:00:00  27.32 MB/sdjangorestfram  84% |##########################     | ETA:  0:00:00  28.24 MB/sdjangorestfram  88% |###########################    | ETA:  0:00:00  29.16 MB/sdjangorestfram  92% |############################   | ETA:  0:00:00  30.05 MB/sdjangorestfram  97% |############################## | ETA:  0:00:00  30.92 MB/sdjangorestfram 100% |###############################| ETA:  0:00:00  31.45 MB/sdjangorestfram 100% |###############################| Time: 0:00:00  30.90 MB/s
Extracting packages ...
[      COMPLETE      ]|                                                  |   0%[djangorestframework ]|                                                  |   0%[djangorestframework ]|                                                  |   0%[      COMPLETE      ]|##################################################| 100%
Linking packages ...
[      COMPLETE      ]|                                                  |   0%[openssl             ]|                                                  |   0%[openssl             ]|                                                  |   0%[readline            ]|#####                                             |  10%[sqlite              ]|##########                                        |  20%[system              ]|###############                                   |  30%[tk                  ]|####################                              |  40%[zlib                ]|#########################                         |  50%[djangorestframework ]|##############################                    |  60%[python              ]|###################################               |  70%[setuptools          ]|########################################          |  80%[pip                 ]|#####  File "/home/ubuntu/miniconda/conda-bld/test-tmp_dir/run_test.py", line 28
    import rest_framework/authtoken
                         ^
SyntaxError: invalid syntax
########################################     |  90%[      COMPLETE      ]|##################################################| 100%
TESTS FAILED: djangorestframework-3.1.3-py27_0
