Warning, the following versions were found for django-widget-tweaks
1.3
1.2
1.1.2
1.1.1
1.1
1.0
0.3
0.2.1
0.2
0.1.1
0.1
Using 1.3
Use --version to specify a different version.
Using url https://pypi.python.org/packages/source/d/django-widget-tweaks/django-widget-tweaks-1.3.tar.gz (8 KB) for django-widget-tweaks.
Downloading django-widget-tweaks (use --no-download to skip this step)
Using cached download
Unpacking django-widget-tweaks...
done
working in /tmp/tmp_453hTconda_skeleton_django-widget-tweaks-1.3.tar.gz
Fetching package metadata: ......
Solving package specifications: .patching file core.py
Hunk #1 succeeded at 168 with fuzz 2 (offset 2 lines).

Applying patch: '/tmp/tmp_453hTconda_skeleton_django-widget-tweaks-1.3.tar.gz/pypi-distutils.patch'
Writing recipe for django-widget-tweaks
Done
