Warning, the following versions were found for django-tinymce
1.5.3
1.5.2
1.5.1
1.5.1b4
1.5.1b3
1.5.1b2
1.5.1b1
1.5.1a3
1.5.1a2
1.5.1a1
1.5.1.dev101
1.5.1.dev100
1.5
1.4.1
1.4
1.3
1.2
1.1
1.0
Using 1.5.3
Use --version to specify a different version.
Using url https://pypi.python.org/packages/source/d/django-tinymce/django-tinymce-1.5.3.tar.gz (2.3 MB) for django-tinymce.
Downloading django-tinymce (use --no-download to skip this step)
Using cached download
Unpacking django-tinymce...
done
working in /tmp/tmpQvJ3Wfconda_skeleton_django-tinymce-1.5.3.tar.gz
Fetching package metadata: ......
Solving package specifications: .patching file core.py
Hunk #1 succeeded at 168 with fuzz 2 (offset 2 lines).
Traceback (most recent call last):
  File "setup.py", line 4, in <module>
    from setuptools import setup, find_packages
ImportError: No module named setuptools

Applying patch: '/tmp/tmpQvJ3Wfconda_skeleton_django-tinymce-1.5.3.tar.gz/pypi-distutils.patch'
$PYTHONPATH = /tmp/tmpQvJ3Wfconda_skeleton_django-tinymce-1.5.3.tar.gz/django-tinymce-1.5.3
Error: command failed: /home/ubuntu/miniconda/envs/_build/bin/python setup.py install
