Package search: {'_pypi_ordering': False, 'version': '0.1', 'name': 'djangorestframework', 'summary': 'A lightweight REST framework for Django.'}
Fetching package metadata: ....
Removing old build directory
Removing old work directory
BUILD START: djangorestframework-3.1.3-py27_0
Fetching package metadata: ......
Solving package specifications: .+ pip install djangorestframework
You are using pip version 7.0.1, however version 7.0.3 is available.
You should consider upgrading via the 'pip install --upgrade pip' command.
Collecting djangorestframework
  Downloading http://localhost/packages/py2.py3/d/djangorestframework/djangorestframework-3.1.2-py2.py3-none-any.whl (463kB)
Installing collected packages: djangorestframework
Successfully installed djangorestframework-3.1.2

The following NEW packages will be INSTALLED:

    openssl:    1.0.1k-1    
    pip:        7.0.1-py27_0
    python:     2.7.10-0    
    readline:   6.2-2       
    setuptools: 17.0-py27_0 
    sqlite:     3.8.4.1-1   
    system:     5.8-2       
    tk:         8.5.18-0    
    zlib:       1.2.8-0     

Linking packages ...
[                    ]|                                                  |   0%[openssl             ]|                                                  |   0%[readline            ]|#####                                             |  11%[sqlite              ]|###########                                       |  22%[system              ]|################                                  |  33%[tk                  ]|######################                            |  44%[zlib                ]|###########################                       |  55%[python              ]|#################################                 |  66%[setuptools          ]|######################################            |  77%[pip                 ]|############################################      |  88%[      COMPLETE      ]|##################################################| 100%
Removing old work directory
Copying /home/ubuntu/pypi-conda-builds/djangorestframework to /home/ubuntu/miniconda/conda-bld/work
Package: djangorestframework-3.1.3-py27_0
source tree in: /home/ubuntu/miniconda/conda-bld/work
number of files: 219
Fixing permissions
Fixing permissions
BUILD END: djangorestframework-3.1.3-py27_0
# If you want to upload this package to binstar.org later, type:
#
# $ binstar upload /home/ubuntu/miniconda/conda-bld/linux-64/djangorestframework-3.1.3-py27_0.tar.bz2
#
# To have conda build upload to binstar automatically, use
# $ conda config --set binstar_upload yes

Creating standard recipe for djangorestframework-3.1.3
Converting recipe in /home/ubuntu/pypi-conda-builds/djangorestframework
package = djangorestframework
   dependencies = []
Building conda package for djangorestframework
