Warning, the following versions were found for django-redis-sessions
0.4.0
0.3.1
0.3.0
0.2.3
0.2.2
Using 0.4.0
Use --version to specify a different version.
Using url https://pypi.python.org/packages/source/d/django-redis-sessions/django-redis-sessions-0.4.0.tar.gz (4 KB) for django-redis-sessions.
Downloading django-redis-sessions (use --no-download to skip this step)
Using cached download
Unpacking django-redis-sessions...
done
working in /tmp/tmpeph8pPconda_skeleton_django-redis-sessions-0.4.0.tar.gz
Fetching package metadata: ......
Solving package specifications: .patching file core.py
Hunk #1 succeeded at 168 with fuzz 2 (offset 2 lines).

Applying patch: '/tmp/tmpeph8pPconda_skeleton_django-redis-sessions-0.4.0.tar.gz/pypi-distutils.patch'
Writing recipe for django-redis-sessions
Done
