Warning, the following versions were found for django-db-signals
0.1.1
0.1.0
Using 0.1.1
Use --version to specify a different version.
Using url https://pypi.python.org/packages/source/d/django-db-signals/django-db-signals-0.1.1.tar.gz (4 KB) for django-db-signals.
Downloading django-db-signals (use --no-download to skip this step)
Using cached download
Unpacking django-db-signals...
done
working in /tmp/tmpBUXmohconda_skeleton_django-db-signals-0.1.1.tar.gz
Fetching package metadata: ......
Solving package specifications: .patching file core.py
Hunk #1 succeeded at 168 with fuzz 2 (offset 2 lines).

The following NEW packages will be INSTALLED:

    numpy:  1.9.2-py27_0
    pyyaml: 3.11-py27_0 

Linking packages ...
[                    ]|                                                  |   0%[numpy               ]|                                                  |   0%[pyyaml              ]|#########################                         |  50%[      COMPLETE      ]|##################################################| 100%
Applying patch: '/tmp/tmpBUXmohconda_skeleton_django-db-signals-0.1.1.tar.gz/pypi-distutils.patch'
Writing recipe for django-db-signals
Done
