Warning, the following versions were found for django-cms
3.1.0
3.1.0rc2
3.1.0rc1
3.1.0.b1
3.0.13
3.0.12
3.0.11
3.0.10
3.0.9
3.0.8
3.0.7
3.0.6
3.0.5
3.0.4
3.0.3
3.0.2
3.0.1
3.0
2.4.3
2.4.2
2.4.1
2.4.0
2.3.8
2.3.7
2.3.6
2.3.5
2.3.4
2.3.3
2.3.2
2.3.1
2.2.1
2.2
2.1.5
2.1.4
2.1.3
2.1.2
2.1.1
2.0.2
2.0.1
Using 3.1.0
Use --version to specify a different version.
Using url https://pypi.python.org/packages/source/d/django-cms/django-cms-3.1.0.tar.gz (3.8 MB) for django-cms.
Downloading django-cms (use --no-download to skip this step)
Using cached download
Unpacking django-cms...
done
working in /tmp/tmp2ZiNV1conda_skeleton_django-cms-3.1.0.tar.gz
Fetching package metadata: ......
Solving package specifications: .patching file core.py
Hunk #1 succeeded at 168 with fuzz 2 (offset 2 lines).
Traceback (most recent call last):
  File "setup.py", line 1, in <module>
    from setuptools import setup, find_packages
ImportError: No module named setuptools

Applying patch: '/tmp/tmp2ZiNV1conda_skeleton_django-cms-3.1.0.tar.gz/pypi-distutils.patch'
$PYTHONPATH = /tmp/tmp2ZiNV1conda_skeleton_django-cms-3.1.0.tar.gz/django-cms-3.1.0
Error: command failed: /home/ubuntu/miniconda/envs/_build/bin/python setup.py install
