Removing old build directory
Removing old work directory
BUILD START: django-debug-toolbar-1.3.0-py27_0
Fetching package metadata: ......
Solving package specifications: ...............
Warning: 2 possible package resolutions (only showing differing packages):
	[u'sqlparse-0.1.15-py_0.tar.bz2'],
	[u'sqlparse-0.1.15-py27_0.tar.bz2'],
+ /home/ubuntu/miniconda/envs/_build/bin/python setup.py install
running install
running bdist_egg
running egg_info
writing requirements to django_debug_toolbar.egg-info/requires.txt
writing django_debug_toolbar.egg-info/PKG-INFO
writing top-level names to django_debug_toolbar.egg-info/top_level.txt
writing dependency_links to django_debug_toolbar.egg-info/dependency_links.txt
reading manifest file 'django_debug_toolbar.egg-info/SOURCES.txt'
reading manifest template 'MANIFEST.in'
writing manifest file 'django_debug_toolbar.egg-info/SOURCES.txt'
installing library code to build/bdist.linux-x86_64/egg
running install_lib
running build_py
creating build
creating build/lib
creating build/lib/debug_toolbar
copying debug_toolbar/apps.py -> build/lib/debug_toolbar
copying debug_toolbar/utils.py -> build/lib/debug_toolbar
copying debug_toolbar/compat.py -> build/lib/debug_toolbar
copying debug_toolbar/views.py -> build/lib/debug_toolbar
copying debug_toolbar/toolbar.py -> build/lib/debug_toolbar
copying debug_toolbar/__init__.py -> build/lib/debug_toolbar
copying debug_toolbar/settings.py -> build/lib/debug_toolbar
copying debug_toolbar/models.py -> build/lib/debug_toolbar
copying debug_toolbar/middleware.py -> build/lib/debug_toolbar
creating build/lib/debug_toolbar/management
copying debug_toolbar/management/__init__.py -> build/lib/debug_toolbar/management
creating build/lib/debug_toolbar/panels
copying debug_toolbar/panels/headers.py -> build/lib/debug_toolbar/panels
copying debug_toolbar/panels/signals.py -> build/lib/debug_toolbar/panels
copying debug_toolbar/panels/redirects.py -> build/lib/debug_toolbar/panels
copying debug_toolbar/panels/profiling.py -> build/lib/debug_toolbar/panels
copying debug_toolbar/panels/timer.py -> build/lib/debug_toolbar/panels
copying debug_toolbar/panels/cache.py -> build/lib/debug_toolbar/panels
copying debug_toolbar/panels/versions.py -> build/lib/debug_toolbar/panels
copying debug_toolbar/panels/__init__.py -> build/lib/debug_toolbar/panels
copying debug_toolbar/panels/settings.py -> build/lib/debug_toolbar/panels
copying debug_toolbar/panels/request.py -> build/lib/debug_toolbar/panels
copying debug_toolbar/panels/logging.py -> build/lib/debug_toolbar/panels
copying debug_toolbar/panels/staticfiles.py -> build/lib/debug_toolbar/panels
creating build/lib/debug_toolbar/management/commands
copying debug_toolbar/management/commands/debugsqlshell.py -> build/lib/debug_toolbar/management/commands
copying debug_toolbar/management/commands/__init__.py -> build/lib/debug_toolbar/management/commands
creating build/lib/debug_toolbar/panels/templates
copying debug_toolbar/panels/templates/views.py -> build/lib/debug_toolbar/panels/templates
copying debug_toolbar/panels/templates/__init__.py -> build/lib/debug_toolbar/panels/templates
copying debug_toolbar/panels/templates/panel.py -> build/lib/debug_toolbar/panels/templates
creating build/lib/debug_toolbar/panels/sql
copying debug_toolbar/panels/sql/utils.py -> build/lib/debug_toolbar/panels/sql
copying debug_toolbar/panels/sql/views.py -> build/lib/debug_toolbar/panels/sql
copying debug_toolbar/panels/sql/forms.py -> build/lib/debug_toolbar/panels/sql
copying debug_toolbar/panels/sql/__init__.py -> build/lib/debug_toolbar/panels/sql
copying debug_toolbar/panels/sql/tracking.py -> build/lib/debug_toolbar/panels/sql
copying debug_toolbar/panels/sql/panel.py -> build/lib/debug_toolbar/panels/sql
creating build/lib/debug_toolbar/locale
creating build/lib/debug_toolbar/locale/ca
creating build/lib/debug_toolbar/locale/ca/LC_MESSAGES
copying debug_toolbar/locale/ca/LC_MESSAGES/django.mo -> build/lib/debug_toolbar/locale/ca/LC_MESSAGES
copying debug_toolbar/locale/ca/LC_MESSAGES/django.po -> build/lib/debug_toolbar/locale/ca/LC_MESSAGES
creating build/lib/debug_toolbar/locale/cs
creating build/lib/debug_toolbar/locale/cs/LC_MESSAGES
copying debug_toolbar/locale/cs/LC_MESSAGES/django.mo -> build/lib/debug_toolbar/locale/cs/LC_MESSAGES
copying debug_toolbar/locale/cs/LC_MESSAGES/django.po -> build/lib/debug_toolbar/locale/cs/LC_MESSAGES
creating build/lib/debug_toolbar/locale/de
creating build/lib/debug_toolbar/locale/de/LC_MESSAGES
copying debug_toolbar/locale/de/LC_MESSAGES/django.mo -> build/lib/debug_toolbar/locale/de/LC_MESSAGES
copying debug_toolbar/locale/de/LC_MESSAGES/django.po -> build/lib/debug_toolbar/locale/de/LC_MESSAGES
creating build/lib/debug_toolbar/locale/en
creating build/lib/debug_toolbar/locale/en/LC_MESSAGES
copying debug_toolbar/locale/en/LC_MESSAGES/django.mo -> build/lib/debug_toolbar/locale/en/LC_MESSAGES
copying debug_toolbar/locale/en/LC_MESSAGES/django.po -> build/lib/debug_toolbar/locale/en/LC_MESSAGES
creating build/lib/debug_toolbar/locale/es
creating build/lib/debug_toolbar/locale/es/LC_MESSAGES
copying debug_toolbar/locale/es/LC_MESSAGES/django.mo -> build/lib/debug_toolbar/locale/es/LC_MESSAGES
copying debug_toolbar/locale/es/LC_MESSAGES/django.po -> build/lib/debug_toolbar/locale/es/LC_MESSAGES
creating build/lib/debug_toolbar/locale/fi
creating build/lib/debug_toolbar/locale/fi/LC_MESSAGES
copying debug_toolbar/locale/fi/LC_MESSAGES/django.mo -> build/lib/debug_toolbar/locale/fi/LC_MESSAGES
copying debug_toolbar/locale/fi/LC_MESSAGES/django.po -> build/lib/debug_toolbar/locale/fi/LC_MESSAGES
creating build/lib/debug_toolbar/locale/fr
creating build/lib/debug_toolbar/locale/fr/LC_MESSAGES
copying debug_toolbar/locale/fr/LC_MESSAGES/django.mo -> build/lib/debug_toolbar/locale/fr/LC_MESSAGES
copying debug_toolbar/locale/fr/LC_MESSAGES/django.po -> build/lib/debug_toolbar/locale/fr/LC_MESSAGES
creating build/lib/debug_toolbar/locale/he
creating build/lib/debug_toolbar/locale/he/LC_MESSAGES
copying debug_toolbar/locale/he/LC_MESSAGES/django.mo -> build/lib/debug_toolbar/locale/he/LC_MESSAGES
copying debug_toolbar/locale/he/LC_MESSAGES/django.po -> build/lib/debug_toolbar/locale/he/LC_MESSAGES
creating build/lib/debug_toolbar/locale/id
creating build/lib/debug_toolbar/locale/id/LC_MESSAGES
copying debug_toolbar/locale/id/LC_MESSAGES/django.mo -> build/lib/debug_toolbar/locale/id/LC_MESSAGES
copying debug_toolbar/locale/id/LC_MESSAGES/django.po -> build/lib/debug_toolbar/locale/id/LC_MESSAGES
creating build/lib/debug_toolbar/locale/it
creating build/lib/debug_toolbar/locale/it/LC_MESSAGES
copying debug_toolbar/locale/it/LC_MESSAGES/django.mo -> build/lib/debug_toolbar/locale/it/LC_MESSAGES
copying debug_toolbar/locale/it/LC_MESSAGES/django.po -> build/lib/debug_toolbar/locale/it/LC_MESSAGES
creating build/lib/debug_toolbar/locale/nl
creating build/lib/debug_toolbar/locale/nl/LC_MESSAGES
copying debug_toolbar/locale/nl/LC_MESSAGES/django.mo -> build/lib/debug_toolbar/locale/nl/LC_MESSAGES
copying debug_toolbar/locale/nl/LC_MESSAGES/django.po -> build/lib/debug_toolbar/locale/nl/LC_MESSAGES
creating build/lib/debug_toolbar/locale/pl
creating build/lib/debug_toolbar/locale/pl/LC_MESSAGES
copying debug_toolbar/locale/pl/LC_MESSAGES/django.mo -> build/lib/debug_toolbar/locale/pl/LC_MESSAGES
copying debug_toolbar/locale/pl/LC_MESSAGES/django.po -> build/lib/debug_toolbar/locale/pl/LC_MESSAGES
creating build/lib/debug_toolbar/locale/pt
creating build/lib/debug_toolbar/locale/pt/LC_MESSAGES
copying debug_toolbar/locale/pt/LC_MESSAGES/django.mo -> build/lib/debug_toolbar/locale/pt/LC_MESSAGES
copying debug_toolbar/locale/pt/LC_MESSAGES/django.po -> build/lib/debug_toolbar/locale/pt/LC_MESSAGES
creating build/lib/debug_toolbar/locale/pt_BR
creating build/lib/debug_toolbar/locale/pt_BR/LC_MESSAGES
copying debug_toolbar/locale/pt_BR/LC_MESSAGES/django.mo -> build/lib/debug_toolbar/locale/pt_BR/LC_MESSAGES
copying debug_toolbar/locale/pt_BR/LC_MESSAGES/django.po -> build/lib/debug_toolbar/locale/pt_BR/LC_MESSAGES
creating build/lib/debug_toolbar/locale/ru
creating build/lib/debug_toolbar/locale/ru/LC_MESSAGES
copying debug_toolbar/locale/ru/LC_MESSAGES/django.mo -> build/lib/debug_toolbar/locale/ru/LC_MESSAGES
copying debug_toolbar/locale/ru/LC_MESSAGES/django.po -> build/lib/debug_toolbar/locale/ru/LC_MESSAGES
creating build/lib/debug_toolbar/locale/sk
creating build/lib/debug_toolbar/locale/sk/LC_MESSAGES
copying debug_toolbar/locale/sk/LC_MESSAGES/django.mo -> build/lib/debug_toolbar/locale/sk/LC_MESSAGES
copying debug_toolbar/locale/sk/LC_MESSAGES/django.po -> build/lib/debug_toolbar/locale/sk/LC_MESSAGES
creating build/lib/debug_toolbar/locale/sv_SE
creating build/lib/debug_toolbar/locale/sv_SE/LC_MESSAGES
copying debug_toolbar/locale/sv_SE/LC_MESSAGES/django.mo -> build/lib/debug_toolbar/locale/sv_SE/LC_MESSAGES
copying debug_toolbar/locale/sv_SE/LC_MESSAGES/django.po -> build/lib/debug_toolbar/locale/sv_SE/LC_MESSAGES
creating build/lib/debug_toolbar/locale/uk
creating build/lib/debug_toolbar/locale/uk/LC_MESSAGES
copying debug_toolbar/locale/uk/LC_MESSAGES/django.mo -> build/lib/debug_toolbar/locale/uk/LC_MESSAGES
copying debug_toolbar/locale/uk/LC_MESSAGES/django.po -> build/lib/debug_toolbar/locale/uk/LC_MESSAGES
creating build/lib/debug_toolbar/locale/zh_CN
creating build/lib/debug_toolbar/locale/zh_CN/LC_MESSAGES
copying debug_toolbar/locale/zh_CN/LC_MESSAGES/django.mo -> build/lib/debug_toolbar/locale/zh_CN/LC_MESSAGES
copying debug_toolbar/locale/zh_CN/LC_MESSAGES/django.po -> build/lib/debug_toolbar/locale/zh_CN/LC_MESSAGES
creating build/lib/debug_toolbar/static
copying debug_toolbar/static/.DS_Store -> build/lib/debug_toolbar/static
creating build/lib/debug_toolbar/static/debug_toolbar
copying debug_toolbar/static/debug_toolbar/.DS_Store -> build/lib/debug_toolbar/static/debug_toolbar
creating build/lib/debug_toolbar/static/debug_toolbar/css
copying debug_toolbar/static/debug_toolbar/css/toolbar.css -> build/lib/debug_toolbar/static/debug_toolbar/css
creating build/lib/debug_toolbar/static/debug_toolbar/img
copying debug_toolbar/static/debug_toolbar/img/ajax-loader.gif -> build/lib/debug_toolbar/static/debug_toolbar/img
copying debug_toolbar/static/debug_toolbar/img/back.png -> build/lib/debug_toolbar/static/debug_toolbar/img
copying debug_toolbar/static/debug_toolbar/img/back_hover.png -> build/lib/debug_toolbar/static/debug_toolbar/img
copying debug_toolbar/static/debug_toolbar/img/close.png -> build/lib/debug_toolbar/static/debug_toolbar/img
copying debug_toolbar/static/debug_toolbar/img/close_hover.png -> build/lib/debug_toolbar/static/debug_toolbar/img
copying debug_toolbar/static/debug_toolbar/img/djdt_vertical.png -> build/lib/debug_toolbar/static/debug_toolbar/img
copying debug_toolbar/static/debug_toolbar/img/indicator.png -> build/lib/debug_toolbar/static/debug_toolbar/img
creating build/lib/debug_toolbar/static/debug_toolbar/js
copying debug_toolbar/static/debug_toolbar/js/toolbar.js -> build/lib/debug_toolbar/static/debug_toolbar/js
copying debug_toolbar/static/debug_toolbar/js/toolbar.profiling.js -> build/lib/debug_toolbar/static/debug_toolbar/js
copying debug_toolbar/static/debug_toolbar/js/toolbar.sql.js -> build/lib/debug_toolbar/static/debug_toolbar/js
copying debug_toolbar/static/debug_toolbar/js/toolbar.template.js -> build/lib/debug_toolbar/static/debug_toolbar/js
copying debug_toolbar/static/debug_toolbar/js/toolbar.timer.js -> build/lib/debug_toolbar/static/debug_toolbar/js
creating build/lib/debug_toolbar/templates
creating build/lib/debug_toolbar/templates/debug_toolbar
copying debug_toolbar/templates/debug_toolbar/base.html -> build/lib/debug_toolbar/templates/debug_toolbar
copying debug_toolbar/templates/debug_toolbar/redirect.html -> build/lib/debug_toolbar/templates/debug_toolbar
creating build/lib/debug_toolbar/templates/debug_toolbar/panels
copying debug_toolbar/templates/debug_toolbar/panels/cache.html -> build/lib/debug_toolbar/templates/debug_toolbar/panels
copying debug_toolbar/templates/debug_toolbar/panels/headers.html -> build/lib/debug_toolbar/templates/debug_toolbar/panels
copying debug_toolbar/templates/debug_toolbar/panels/logging.html -> build/lib/debug_toolbar/templates/debug_toolbar/panels
copying debug_toolbar/templates/debug_toolbar/panels/profiling.html -> build/lib/debug_toolbar/templates/debug_toolbar/panels
copying debug_toolbar/templates/debug_toolbar/panels/request.html -> build/lib/debug_toolbar/templates/debug_toolbar/panels
copying debug_toolbar/templates/debug_toolbar/panels/settings.html -> build/lib/debug_toolbar/templates/debug_toolbar/panels
copying debug_toolbar/templates/debug_toolbar/panels/signals.html -> build/lib/debug_toolbar/templates/debug_toolbar/panels
copying debug_toolbar/templates/debug_toolbar/panels/sql.html -> build/lib/debug_toolbar/templates/debug_toolbar/panels
copying debug_toolbar/templates/debug_toolbar/panels/sql_explain.html -> build/lib/debug_toolbar/templates/debug_toolbar/panels
copying debug_toolbar/templates/debug_toolbar/panels/sql_profile.html -> build/lib/debug_toolbar/templates/debug_toolbar/panels
copying debug_toolbar/templates/debug_toolbar/panels/sql_select.html -> build/lib/debug_toolbar/templates/debug_toolbar/panels
copying debug_toolbar/templates/debug_toolbar/panels/staticfiles.html -> build/lib/debug_toolbar/templates/debug_toolbar/panels
copying debug_toolbar/templates/debug_toolbar/panels/template_source.html -> build/lib/debug_toolbar/templates/debug_toolbar/panels
copying debug_toolbar/templates/debug_toolbar/panels/templates.html -> build/lib/debug_toolbar/templates/debug_toolbar/panels
copying debug_toolbar/templates/debug_toolbar/panels/timer.html -> build/lib/debug_toolbar/templates/debug_toolbar/panels
copying debug_toolbar/templates/debug_toolbar/panels/versions.html -> build/lib/debug_toolbar/templates/debug_toolbar/panels
creating build/bdist.linux-x86_64
creating build/bdist.linux-x86_64/egg
creating build/bdist.linux-x86_64/egg/debug_toolbar
copying build/lib/debug_toolbar/apps.py -> build/bdist.linux-x86_64/egg/debug_toolbar
copying build/lib/debug_toolbar/utils.py -> build/bdist.linux-x86_64/egg/debug_toolbar
copying build/lib/debug_toolbar/compat.py -> build/bdist.linux-x86_64/egg/debug_toolbar
creating build/bdist.linux-x86_64/egg/debug_toolbar/management
copying build/lib/debug_toolbar/management/__init__.py -> build/bdist.linux-x86_64/egg/debug_toolbar/management
creating build/bdist.linux-x86_64/egg/debug_toolbar/management/commands
copying build/lib/debug_toolbar/management/commands/debugsqlshell.py -> build/bdist.linux-x86_64/egg/debug_toolbar/management/commands
copying build/lib/debug_toolbar/management/commands/__init__.py -> build/bdist.linux-x86_64/egg/debug_toolbar/management/commands
creating build/bdist.linux-x86_64/egg/debug_toolbar/templates
creating build/bdist.linux-x86_64/egg/debug_toolbar/templates/debug_toolbar
copying build/lib/debug_toolbar/templates/debug_toolbar/redirect.html -> build/bdist.linux-x86_64/egg/debug_toolbar/templates/debug_toolbar
creating build/bdist.linux-x86_64/egg/debug_toolbar/templates/debug_toolbar/panels
copying build/lib/debug_toolbar/templates/debug_toolbar/panels/sql_select.html -> build/bdist.linux-x86_64/egg/debug_toolbar/templates/debug_toolbar/panels
copying build/lib/debug_toolbar/templates/debug_toolbar/panels/templates.html -> build/bdist.linux-x86_64/egg/debug_toolbar/templates/debug_toolbar/panels
copying build/lib/debug_toolbar/templates/debug_toolbar/panels/logging.html -> build/bdist.linux-x86_64/egg/debug_toolbar/templates/debug_toolbar/panels
copying build/lib/debug_toolbar/templates/debug_toolbar/panels/signals.html -> build/bdist.linux-x86_64/egg/debug_toolbar/templates/debug_toolbar/panels
copying build/lib/debug_toolbar/templates/debug_toolbar/panels/headers.html -> build/bdist.linux-x86_64/egg/debug_toolbar/templates/debug_toolbar/panels
copying build/lib/debug_toolbar/templates/debug_toolbar/panels/profiling.html -> build/bdist.linux-x86_64/egg/debug_toolbar/templates/debug_toolbar/panels
copying build/lib/debug_toolbar/templates/debug_toolbar/panels/timer.html -> build/bdist.linux-x86_64/egg/debug_toolbar/templates/debug_toolbar/panels
copying build/lib/debug_toolbar/templates/debug_toolbar/panels/template_source.html -> build/bdist.linux-x86_64/egg/debug_toolbar/templates/debug_toolbar/panels
copying build/lib/debug_toolbar/templates/debug_toolbar/panels/settings.html -> build/bdist.linux-x86_64/egg/debug_toolbar/templates/debug_toolbar/panels
copying build/lib/debug_toolbar/templates/debug_toolbar/panels/sql_explain.html -> build/bdist.linux-x86_64/egg/debug_toolbar/templates/debug_toolbar/panels
copying build/lib/debug_toolbar/templates/debug_toolbar/panels/cache.html -> build/bdist.linux-x86_64/egg/debug_toolbar/templates/debug_toolbar/panels
copying build/lib/debug_toolbar/templates/debug_toolbar/panels/staticfiles.html -> build/bdist.linux-x86_64/egg/debug_toolbar/templates/debug_toolbar/panels
copying build/lib/debug_toolbar/templates/debug_toolbar/panels/sql_profile.html -> build/bdist.linux-x86_64/egg/debug_toolbar/templates/debug_toolbar/panels
copying build/lib/debug_toolbar/templates/debug_toolbar/panels/sql.html -> build/bdist.linux-x86_64/egg/debug_toolbar/templates/debug_toolbar/panels
copying build/lib/debug_toolbar/templates/debug_toolbar/panels/versions.html -> build/bdist.linux-x86_64/egg/debug_toolbar/templates/debug_toolbar/panels
copying build/lib/debug_toolbar/templates/debug_toolbar/panels/request.html -> build/bdist.linux-x86_64/egg/debug_toolbar/templates/debug_toolbar/panels
copying build/lib/debug_toolbar/templates/debug_toolbar/base.html -> build/bdist.linux-x86_64/egg/debug_toolbar/templates/debug_toolbar
copying build/lib/debug_toolbar/views.py -> build/bdist.linux-x86_64/egg/debug_toolbar
creating build/bdist.linux-x86_64/egg/debug_toolbar/panels
copying build/lib/debug_toolbar/panels/headers.py -> build/bdist.linux-x86_64/egg/debug_toolbar/panels
copying build/lib/debug_toolbar/panels/signals.py -> build/bdist.linux-x86_64/egg/debug_toolbar/panels
copying build/lib/debug_toolbar/panels/redirects.py -> build/bdist.linux-x86_64/egg/debug_toolbar/panels
creating build/bdist.linux-x86_64/egg/debug_toolbar/panels/templates
copying build/lib/debug_toolbar/panels/templates/views.py -> build/bdist.linux-x86_64/egg/debug_toolbar/panels/templates
copying build/lib/debug_toolbar/panels/templates/__init__.py -> build/bdist.linux-x86_64/egg/debug_toolbar/panels/templates
copying build/lib/debug_toolbar/panels/templates/panel.py -> build/bdist.linux-x86_64/egg/debug_toolbar/panels/templates
copying build/lib/debug_toolbar/panels/profiling.py -> build/bdist.linux-x86_64/egg/debug_toolbar/panels
copying build/lib/debug_toolbar/panels/timer.py -> build/bdist.linux-x86_64/egg/debug_toolbar/panels
copying build/lib/debug_toolbar/panels/cache.py -> build/bdist.linux-x86_64/egg/debug_toolbar/panels
copying build/lib/debug_toolbar/panels/versions.py -> build/bdist.linux-x86_64/egg/debug_toolbar/panels
copying build/lib/debug_toolbar/panels/__init__.py -> build/bdist.linux-x86_64/egg/debug_toolbar/panels
copying build/lib/debug_toolbar/panels/settings.py -> build/bdist.linux-x86_64/egg/debug_toolbar/panels
copying build/lib/debug_toolbar/panels/request.py -> build/bdist.linux-x86_64/egg/debug_toolbar/panels
creating build/bdist.linux-x86_64/egg/debug_toolbar/panels/sql
copying build/lib/debug_toolbar/panels/sql/utils.py -> build/bdist.linux-x86_64/egg/debug_toolbar/panels/sql
copying build/lib/debug_toolbar/panels/sql/views.py -> build/bdist.linux-x86_64/egg/debug_toolbar/panels/sql
copying build/lib/debug_toolbar/panels/sql/forms.py -> build/bdist.linux-x86_64/egg/debug_toolbar/panels/sql
copying build/lib/debug_toolbar/panels/sql/__init__.py -> build/bdist.linux-x86_64/egg/debug_toolbar/panels/sql
copying build/lib/debug_toolbar/panels/sql/tracking.py -> build/bdist.linux-x86_64/egg/debug_toolbar/panels/sql
copying build/lib/debug_toolbar/panels/sql/panel.py -> build/bdist.linux-x86_64/egg/debug_toolbar/panels/sql
copying build/lib/debug_toolbar/panels/logging.py -> build/bdist.linux-x86_64/egg/debug_toolbar/panels
copying build/lib/debug_toolbar/panels/staticfiles.py -> build/bdist.linux-x86_64/egg/debug_toolbar/panels
creating build/bdist.linux-x86_64/egg/debug_toolbar/static
creating build/bdist.linux-x86_64/egg/debug_toolbar/static/debug_toolbar
creating build/bdist.linux-x86_64/egg/debug_toolbar/static/debug_toolbar/img
copying build/lib/debug_toolbar/static/debug_toolbar/img/ajax-loader.gif -> build/bdist.linux-x86_64/egg/debug_toolbar/static/debug_toolbar/img
copying build/lib/debug_toolbar/static/debug_toolbar/img/close_hover.png -> build/bdist.linux-x86_64/egg/debug_toolbar/static/debug_toolbar/img
copying build/lib/debug_toolbar/static/debug_toolbar/img/back.png -> build/bdist.linux-x86_64/egg/debug_toolbar/static/debug_toolbar/img
copying build/lib/debug_toolbar/static/debug_toolbar/img/close.png -> build/bdist.linux-x86_64/egg/debug_toolbar/static/debug_toolbar/img
copying build/lib/debug_toolbar/static/debug_toolbar/img/indicator.png -> build/bdist.linux-x86_64/egg/debug_toolbar/static/debug_toolbar/img
copying build/lib/debug_toolbar/static/debug_toolbar/img/back_hover.png -> build/bdist.linux-x86_64/egg/debug_toolbar/static/debug_toolbar/img
copying build/lib/debug_toolbar/static/debug_toolbar/img/djdt_vertical.png -> build/bdist.linux-x86_64/egg/debug_toolbar/static/debug_toolbar/img
creating build/bdist.linux-x86_64/egg/debug_toolbar/static/debug_toolbar/css
copying build/lib/debug_toolbar/static/debug_toolbar/css/toolbar.css -> build/bdist.linux-x86_64/egg/debug_toolbar/static/debug_toolbar/css
creating build/bdist.linux-x86_64/egg/debug_toolbar/static/debug_toolbar/js
copying build/lib/debug_toolbar/static/debug_toolbar/js/toolbar.sql.js -> build/bdist.linux-x86_64/egg/debug_toolbar/static/debug_toolbar/js
copying build/lib/debug_toolbar/static/debug_toolbar/js/toolbar.profiling.js -> build/bdist.linux-x86_64/egg/debug_toolbar/static/debug_toolbar/js
copying build/lib/debug_toolbar/static/debug_toolbar/js/toolbar.timer.js -> build/bdist.linux-x86_64/egg/debug_toolbar/static/debug_toolbar/js
copying build/lib/debug_toolbar/static/debug_toolbar/js/toolbar.js -> build/bdist.linux-x86_64/egg/debug_toolbar/static/debug_toolbar/js
copying build/lib/debug_toolbar/static/debug_toolbar/js/toolbar.template.js -> build/bdist.linux-x86_64/egg/debug_toolbar/static/debug_toolbar/js
copying build/lib/debug_toolbar/static/debug_toolbar/.DS_Store -> build/bdist.linux-x86_64/egg/debug_toolbar/static/debug_toolbar
copying build/lib/debug_toolbar/static/.DS_Store -> build/bdist.linux-x86_64/egg/debug_toolbar/static
copying build/lib/debug_toolbar/toolbar.py -> build/bdist.linux-x86_64/egg/debug_toolbar
copying build/lib/debug_toolbar/__init__.py -> build/bdist.linux-x86_64/egg/debug_toolbar
copying build/lib/debug_toolbar/settings.py -> build/bdist.linux-x86_64/egg/debug_toolbar
copying build/lib/debug_toolbar/models.py -> build/bdist.linux-x86_64/egg/debug_toolbar
creating build/bdist.linux-x86_64/egg/debug_toolbar/locale
creating build/bdist.linux-x86_64/egg/debug_toolbar/locale/de
creating build/bdist.linux-x86_64/egg/debug_toolbar/locale/de/LC_MESSAGES
copying build/lib/debug_toolbar/locale/de/LC_MESSAGES/django.mo -> build/bdist.linux-x86_64/egg/debug_toolbar/locale/de/LC_MESSAGES
copying build/lib/debug_toolbar/locale/de/LC_MESSAGES/django.po -> build/bdist.linux-x86_64/egg/debug_toolbar/locale/de/LC_MESSAGES
creating build/bdist.linux-x86_64/egg/debug_toolbar/locale/it
creating build/bdist.linux-x86_64/egg/debug_toolbar/locale/it/LC_MESSAGES
copying build/lib/debug_toolbar/locale/it/LC_MESSAGES/django.mo -> build/bdist.linux-x86_64/egg/debug_toolbar/locale/it/LC_MESSAGES
copying build/lib/debug_toolbar/locale/it/LC_MESSAGES/django.po -> build/bdist.linux-x86_64/egg/debug_toolbar/locale/it/LC_MESSAGES
creating build/bdist.linux-x86_64/egg/debug_toolbar/locale/cs
creating build/bdist.linux-x86_64/egg/debug_toolbar/locale/cs/LC_MESSAGES
copying build/lib/debug_toolbar/locale/cs/LC_MESSAGES/django.mo -> build/bdist.linux-x86_64/egg/debug_toolbar/locale/cs/LC_MESSAGES
copying build/lib/debug_toolbar/locale/cs/LC_MESSAGES/django.po -> build/bdist.linux-x86_64/egg/debug_toolbar/locale/cs/LC_MESSAGES
creating build/bdist.linux-x86_64/egg/debug_toolbar/locale/fi
creating build/bdist.linux-x86_64/egg/debug_toolbar/locale/fi/LC_MESSAGES
copying build/lib/debug_toolbar/locale/fi/LC_MESSAGES/django.mo -> build/bdist.linux-x86_64/egg/debug_toolbar/locale/fi/LC_MESSAGES
copying build/lib/debug_toolbar/locale/fi/LC_MESSAGES/django.po -> build/bdist.linux-x86_64/egg/debug_toolbar/locale/fi/LC_MESSAGES
creating build/bdist.linux-x86_64/egg/debug_toolbar/locale/zh_CN
creating build/bdist.linux-x86_64/egg/debug_toolbar/locale/zh_CN/LC_MESSAGES
copying build/lib/debug_toolbar/locale/zh_CN/LC_MESSAGES/django.mo -> build/bdist.linux-x86_64/egg/debug_toolbar/locale/zh_CN/LC_MESSAGES
copying build/lib/debug_toolbar/locale/zh_CN/LC_MESSAGES/django.po -> build/bdist.linux-x86_64/egg/debug_toolbar/locale/zh_CN/LC_MESSAGES
creating build/bdist.linux-x86_64/egg/debug_toolbar/locale/es
creating build/bdist.linux-x86_64/egg/debug_toolbar/locale/es/LC_MESSAGES
copying build/lib/debug_toolbar/locale/es/LC_MESSAGES/django.mo -> build/bdist.linux-x86_64/egg/debug_toolbar/locale/es/LC_MESSAGES
copying build/lib/debug_toolbar/locale/es/LC_MESSAGES/django.po -> build/bdist.linux-x86_64/egg/debug_toolbar/locale/es/LC_MESSAGES
creating build/bdist.linux-x86_64/egg/debug_toolbar/locale/pt
creating build/bdist.linux-x86_64/egg/debug_toolbar/locale/pt/LC_MESSAGES
copying build/lib/debug_toolbar/locale/pt/LC_MESSAGES/django.mo -> build/bdist.linux-x86_64/egg/debug_toolbar/locale/pt/LC_MESSAGES
copying build/lib/debug_toolbar/locale/pt/LC_MESSAGES/django.po -> build/bdist.linux-x86_64/egg/debug_toolbar/locale/pt/LC_MESSAGES
creating build/bdist.linux-x86_64/egg/debug_toolbar/locale/en
creating build/bdist.linux-x86_64/egg/debug_toolbar/locale/en/LC_MESSAGES
copying build/lib/debug_toolbar/locale/en/LC_MESSAGES/django.mo -> build/bdist.linux-x86_64/egg/debug_toolbar/locale/en/LC_MESSAGES
copying build/lib/debug_toolbar/locale/en/LC_MESSAGES/django.po -> build/bdist.linux-x86_64/egg/debug_toolbar/locale/en/LC_MESSAGES
creating build/bdist.linux-x86_64/egg/debug_toolbar/locale/nl
creating build/bdist.linux-x86_64/egg/debug_toolbar/locale/nl/LC_MESSAGES
copying build/lib/debug_toolbar/locale/nl/LC_MESSAGES/django.mo -> build/bdist.linux-x86_64/egg/debug_toolbar/locale/nl/LC_MESSAGES
copying build/lib/debug_toolbar/locale/nl/LC_MESSAGES/django.po -> build/bdist.linux-x86_64/egg/debug_toolbar/locale/nl/LC_MESSAGES
creating build/bdist.linux-x86_64/egg/debug_toolbar/locale/fr
creating build/bdist.linux-x86_64/egg/debug_toolbar/locale/fr/LC_MESSAGES
copying build/lib/debug_toolbar/locale/fr/LC_MESSAGES/django.mo -> build/bdist.linux-x86_64/egg/debug_toolbar/locale/fr/LC_MESSAGES
copying build/lib/debug_toolbar/locale/fr/LC_MESSAGES/django.po -> build/bdist.linux-x86_64/egg/debug_toolbar/locale/fr/LC_MESSAGES
creating build/bdist.linux-x86_64/egg/debug_toolbar/locale/sk
creating build/bdist.linux-x86_64/egg/debug_toolbar/locale/sk/LC_MESSAGES
copying build/lib/debug_toolbar/locale/sk/LC_MESSAGES/django.mo -> build/bdist.linux-x86_64/egg/debug_toolbar/locale/sk/LC_MESSAGES
copying build/lib/debug_toolbar/locale/sk/LC_MESSAGES/django.po -> build/bdist.linux-x86_64/egg/debug_toolbar/locale/sk/LC_MESSAGES
creating build/bdist.linux-x86_64/egg/debug_toolbar/locale/ca
creating build/bdist.linux-x86_64/egg/debug_toolbar/locale/ca/LC_MESSAGES
copying build/lib/debug_toolbar/locale/ca/LC_MESSAGES/django.mo -> build/bdist.linux-x86_64/egg/debug_toolbar/locale/ca/LC_MESSAGES
copying build/lib/debug_toolbar/locale/ca/LC_MESSAGES/django.po -> build/bdist.linux-x86_64/egg/debug_toolbar/locale/ca/LC_MESSAGES
creating build/bdist.linux-x86_64/egg/debug_toolbar/locale/sv_SE
creating build/bdist.linux-x86_64/egg/debug_toolbar/locale/sv_SE/LC_MESSAGES
copying build/lib/debug_toolbar/locale/sv_SE/LC_MESSAGES/django.mo -> build/bdist.linux-x86_64/egg/debug_toolbar/locale/sv_SE/LC_MESSAGES
copying build/lib/debug_toolbar/locale/sv_SE/LC_MESSAGES/django.po -> build/bdist.linux-x86_64/egg/debug_toolbar/locale/sv_SE/LC_MESSAGES
creating build/bdist.linux-x86_64/egg/debug_toolbar/locale/uk
creating build/bdist.linux-x86_64/egg/debug_toolbar/locale/uk/LC_MESSAGES
copying build/lib/debug_toolbar/locale/uk/LC_MESSAGES/django.mo -> build/bdist.linux-x86_64/egg/debug_toolbar/locale/uk/LC_MESSAGES
copying build/lib/debug_toolbar/locale/uk/LC_MESSAGES/django.po -> build/bdist.linux-x86_64/egg/debug_toolbar/locale/uk/LC_MESSAGES
creating build/bdist.linux-x86_64/egg/debug_toolbar/locale/id
creating build/bdist.linux-x86_64/egg/debug_toolbar/locale/id/LC_MESSAGES
copying build/lib/debug_toolbar/locale/id/LC_MESSAGES/django.mo -> build/bdist.linux-x86_64/egg/debug_toolbar/locale/id/LC_MESSAGES
copying build/lib/debug_toolbar/locale/id/LC_MESSAGES/django.po -> build/bdist.linux-x86_64/egg/debug_toolbar/locale/id/LC_MESSAGES
creating build/bdist.linux-x86_64/egg/debug_toolbar/locale/he
creating build/bdist.linux-x86_64/egg/debug_toolbar/locale/he/LC_MESSAGES
copying build/lib/debug_toolbar/locale/he/LC_MESSAGES/django.mo -> build/bdist.linux-x86_64/egg/debug_toolbar/locale/he/LC_MESSAGES
copying build/lib/debug_toolbar/locale/he/LC_MESSAGES/django.po -> build/bdist.linux-x86_64/egg/debug_toolbar/locale/he/LC_MESSAGES
creating build/bdist.linux-x86_64/egg/debug_toolbar/locale/pt_BR
creating build/bdist.linux-x86_64/egg/debug_toolbar/locale/pt_BR/LC_MESSAGES
copying build/lib/debug_toolbar/locale/pt_BR/LC_MESSAGES/django.mo -> build/bdist.linux-x86_64/egg/debug_toolbar/locale/pt_BR/LC_MESSAGES
copying build/lib/debug_toolbar/locale/pt_BR/LC_MESSAGES/django.po -> build/bdist.linux-x86_64/egg/debug_toolbar/locale/pt_BR/LC_MESSAGES
creating build/bdist.linux-x86_64/egg/debug_toolbar/locale/pl
creating build/bdist.linux-x86_64/egg/debug_toolbar/locale/pl/LC_MESSAGES
copying build/lib/debug_toolbar/locale/pl/LC_MESSAGES/django.mo -> build/bdist.linux-x86_64/egg/debug_toolbar/locale/pl/LC_MESSAGES
copying build/lib/debug_toolbar/locale/pl/LC_MESSAGES/django.po -> build/bdist.linux-x86_64/egg/debug_toolbar/locale/pl/LC_MESSAGES
creating build/bdist.linux-x86_64/egg/debug_toolbar/locale/ru
creating build/bdist.linux-x86_64/egg/debug_toolbar/locale/ru/LC_MESSAGES
copying build/lib/debug_toolbar/locale/ru/LC_MESSAGES/django.mo -> build/bdist.linux-x86_64/egg/debug_toolbar/locale/ru/LC_MESSAGES
copying build/lib/debug_toolbar/locale/ru/LC_MESSAGES/django.po -> build/bdist.linux-x86_64/egg/debug_toolbar/locale/ru/LC_MESSAGES
copying build/lib/debug_toolbar/middleware.py -> build/bdist.linux-x86_64/egg/debug_toolbar
byte-compiling build/bdist.linux-x86_64/egg/debug_toolbar/apps.py to apps.pyc
byte-compiling build/bdist.linux-x86_64/egg/debug_toolbar/utils.py to utils.pyc
byte-compiling build/bdist.linux-x86_64/egg/debug_toolbar/compat.py to compat.pyc
byte-compiling build/bdist.linux-x86_64/egg/debug_toolbar/management/__init__.py to __init__.pyc
byte-compiling build/bdist.linux-x86_64/egg/debug_toolbar/management/commands/debugsqlshell.py to debugsqlshell.pyc
byte-compiling build/bdist.linux-x86_64/egg/debug_toolbar/management/commands/__init__.py to __init__.pyc
byte-compiling build/bdist.linux-x86_64/egg/debug_toolbar/views.py to views.pyc
byte-compiling build/bdist.linux-x86_64/egg/debug_toolbar/panels/headers.py to headers.pyc
byte-compiling build/bdist.linux-x86_64/egg/debug_toolbar/panels/signals.py to signals.pyc
byte-compiling build/bdist.linux-x86_64/egg/debug_toolbar/panels/redirects.py to redirects.pyc
byte-compiling build/bdist.linux-x86_64/egg/debug_toolbar/panels/templates/views.py to views.pyc
byte-compiling build/bdist.linux-x86_64/egg/debug_toolbar/panels/templates/__init__.py to __init__.pyc
byte-compiling build/bdist.linux-x86_64/egg/debug_toolbar/panels/templates/panel.py to panel.pyc
byte-compiling build/bdist.linux-x86_64/egg/debug_toolbar/panels/profiling.py to profiling.pyc
byte-compiling build/bdist.linux-x86_64/egg/debug_toolbar/panels/timer.py to timer.pyc
byte-compiling build/bdist.linux-x86_64/egg/debug_toolbar/panels/cache.py to cache.pyc
byte-compiling build/bdist.linux-x86_64/egg/debug_toolbar/panels/versions.py to versions.pyc
byte-compiling build/bdist.linux-x86_64/egg/debug_toolbar/panels/__init__.py to __init__.pyc
byte-compiling build/bdist.linux-x86_64/egg/debug_toolbar/panels/settings.py to settings.pyc
byte-compiling build/bdist.linux-x86_64/egg/debug_toolbar/panels/request.py to request.pyc
byte-compiling build/bdist.linux-x86_64/egg/debug_toolbar/panels/sql/utils.py to utils.pyc
byte-compiling build/bdist.linux-x86_64/egg/debug_toolbar/panels/sql/views.py to views.pyc
byte-compiling build/bdist.linux-x86_64/egg/debug_toolbar/panels/sql/forms.py to forms.pyc
byte-compiling build/bdist.linux-x86_64/egg/debug_toolbar/panels/sql/__init__.py to __init__.pyc
byte-compiling build/bdist.linux-x86_64/egg/debug_toolbar/panels/sql/tracking.py to tracking.pyc
byte-compiling build/bdist.linux-x86_64/egg/debug_toolbar/panels/sql/panel.py to panel.pyc
byte-compiling build/bdist.linux-x86_64/egg/debug_toolbar/panels/logging.py to logging.pyc
byte-compiling build/bdist.linux-x86_64/egg/debug_toolbar/panels/staticfiles.py to staticfiles.pyc
byte-compiling build/bdist.linux-x86_64/egg/debug_toolbar/toolbar.py to toolbar.pyc
byte-compiling build/bdist.linux-x86_64/egg/debug_toolbar/__init__.py to __init__.pyc
byte-compiling build/bdist.linux-x86_64/egg/debug_toolbar/settings.py to settings.pyc
byte-compiling build/bdist.linux-x86_64/egg/debug_toolbar/models.py to models.pyc
byte-compiling build/bdist.linux-x86_64/egg/debug_toolbar/middleware.py to middleware.pyc
creating build/bdist.linux-x86_64/egg/EGG-INFO
copying django_debug_toolbar.egg-info/PKG-INFO -> build/bdist.linux-x86_64/egg/EGG-INFO
copying django_debug_toolbar.egg-info/SOURCES.txt -> build/bdist.linux-x86_64/egg/EGG-INFO
copying django_debug_toolbar.egg-info/dependency_links.txt -> build/bdist.linux-x86_64/egg/EGG-INFO
copying django_debug_toolbar.egg-info/not-zip-safe -> build/bdist.linux-x86_64/egg/EGG-INFO
copying django_debug_toolbar.egg-info/requires.txt -> build/bdist.linux-x86_64/egg/EGG-INFO
copying django_debug_toolbar.egg-info/top_level.txt -> build/bdist.linux-x86_64/egg/EGG-INFO
creating dist
creating 'dist/django_debug_toolbar-1.3.0-py2.7.egg' and adding 'build/bdist.linux-x86_64/egg' to it
removing 'build/bdist.linux-x86_64/egg' (and everything under it)
Processing django_debug_toolbar-1.3.0-py2.7.egg
creating /home/ubuntu/miniconda/envs/_build/lib/python2.7/site-packages/django_debug_toolbar-1.3.0-py2.7.egg
Extracting django_debug_toolbar-1.3.0-py2.7.egg to /home/ubuntu/miniconda/envs/_build/lib/python2.7/site-packages
Adding django-debug-toolbar 1.3.0 to easy-install.pth file

Installed /home/ubuntu/miniconda/envs/_build/lib/python2.7/site-packages/django_debug_toolbar-1.3.0-py2.7.egg
Processing dependencies for django-debug-toolbar==1.3.0
Searching for sqlparse==0.1.15
Best match: sqlparse 0.1.15
Processing sqlparse-0.1.15-py2.7.egg
Adding sqlparse 0.1.15 to easy-install.pth file
Installing sqlformat script to /home/ubuntu/miniconda/envs/_build/bin

Using /home/ubuntu/miniconda/envs/_build/lib/python2.7/site-packages/sqlparse-0.1.15-py2.7.egg
Searching for Django==1.8.2
Best match: Django 1.8.2
Adding Django 1.8.2 to easy-install.pth file

Using /home/ubuntu/miniconda/envs/_build/lib/python2.7/site-packages
Finished processing dependencies for django-debug-toolbar==1.3.0

The following NEW packages will be INSTALLED:

    django:     1.8.2-py27_0
    openssl:    1.0.1k-1    
    pip:        7.0.3-py27_0
    python:     2.7.10-0    
    readline:   6.2-2       
    setuptools: 17.0-py27_0 
    sqlite:     3.8.4.1-1   
    sqlparse:   0.1.15-py_0 
    system:     5.8-2       
    tk:         8.5.18-0    
    zlib:       1.2.8-0     

Linking packages ...
[                    ]|                                                  |   0%[openssl             ]|                                                  |   0%[readline            ]|####                                              |   9%[sqlite              ]|#########                                         |  18%[system              ]|#############                                     |  27%[tk                  ]|##################                                |  36%[zlib                ]|######################                            |  45%[django              ]|###########################                       |  54%[python              ]|###############################                   |  63%[setuptools          ]|####################################              |  72%[sqlparse            ]|########################################          |  81%[pip                 ]|#############################################     |  90%[      COMPLETE      ]|##################################################| 100%
Removing old work directory
Source cache directory is: /home/ubuntu/miniconda/conda-bld/src_cache
Found source in cache: django-debug-toolbar-1.3.0.tar.gz
Extracting download
Package: django-debug-toolbar-1.3.0-py27_0
source tree in: /home/ubuntu/miniconda/conda-bld/work/django-debug-toolbar-1.3.0
found egg dir: /home/ubuntu/miniconda/envs/_build/lib/python2.7/site-packages/django_debug_toolbar-1.3.0-py2.7.egg
number of files: 138
Fixing permissions
Fixing permissions
BUILD END: django-debug-toolbar-1.3.0-py27_0
TEST START: django-debug-toolbar-1.3.0-py27_0
Fetching package metadata: ......
Solving package specifications: ...............
Warning: 2 possible package resolutions (only showing differing packages):
	[u'sqlparse-0.1.15-py_0.tar.bz2'],
	[u'sqlparse-0.1.15-py27_0.tar.bz2'],
===== testing package: django-debug-toolbar-1.3.0-py27_0 =====
import: u'debug_toolbar'
import: u'debug_toolbar.management'
import: u'debug_toolbar.management.commands'
import: u'debug_toolbar.panels'
Traceback (most recent call last):
  File "/home/ubuntu/miniconda/conda-bld/test-tmp_dir/run_test.py", line 34, in <module>
    import debug_toolbar.panels
  File "/home/ubuntu/miniconda/envs/_test/lib/python2.7/site-packages/debug_toolbar/panels/__init__.py", line 7, in <module>
    from debug_toolbar import settings as dt_settings
  File "/home/ubuntu/miniconda/envs/_test/lib/python2.7/site-packages/debug_toolbar/settings.py", line 8, in <module>
    from debug_toolbar.compat import import_module
  File "/home/ubuntu/miniconda/envs/_test/lib/python2.7/site-packages/debug_toolbar/compat.py", line 12, in <module>
    from django.core.cache import CacheHandler, caches
  File "/home/ubuntu/miniconda/envs/_test/lib/python2.7/site-packages/django/core/cache/__init__.py", line 34, in <module>
    if DEFAULT_CACHE_ALIAS not in settings.CACHES:
  File "/home/ubuntu/miniconda/envs/_test/lib/python2.7/site-packages/django/conf/__init__.py", line 48, in __getattr__
    self._setup(name)
  File "/home/ubuntu/miniconda/envs/_test/lib/python2.7/site-packages/django/conf/__init__.py", line 42, in _setup
    % (desc, ENVIRONMENT_VARIABLE))
django.core.exceptions.ImproperlyConfigured: Requested setting CACHES, but settings are not configured. You must either define the environment variable DJANGO_SETTINGS_MODULE or call settings.configure() before accessing settings.

The following packages will be downloaded:

    package                    |            build
    ---------------------------|-----------------
    django-debug-toolbar-1.3.0 |           py27_0         120 KB

The following NEW packages will be INSTALLED:

    django:               1.8.2-py27_0
    django-debug-toolbar: 1.3.0-py27_0
    openssl:              1.0.1k-1    
    pip:                  7.0.3-py27_0
    python:               2.7.10-0    
    readline:             6.2-2       
    setuptools:           17.0-py27_0 
    sqlite:               3.8.4.1-1   
    sqlparse:             0.1.15-py_0 
    system:               5.8-2       
    tk:                   8.5.18-0    
    zlib:                 1.2.8-0     

Fetching packages ...
django-debug-t   0% |                              | ETA:  --:--:--   0.00  B/sdjango-debug-t  13% |####                           | ETA:  0:00:00  45.12 MB/sdjango-debug-t  26% |########                       | ETA:  0:00:00  57.39 MB/sdjango-debug-t  40% |############                   | ETA:  0:00:00  64.24 MB/sdjango-debug-t  53% |################               | ETA:  0:00:00  68.39 MB/sdjango-debug-t  66% |####################           | ETA:  0:00:00  71.79 MB/sdjango-debug-t  80% |########################       | ETA:  0:00:00  74.30 MB/sdjango-debug-t  93% |############################   | ETA:  0:00:00  75.99 MB/sdjango-debug-t 100% |###############################| ETA:  0:00:00  73.55 MB/sdjango-debug-t 100% |###############################| Time: 0:00:00  64.50 MB/s
Extracting packages ...
[      COMPLETE      ]|                                                  |   0%[django-debug-toolbar]|                                                  |   0%[django-debug-toolbar]|                                                  |   0%[      COMPLETE      ]|##################################################| 100%
Linking packages ...
[      COMPLETE      ]|                                                  |   0%[openssl             ]|                                                  |   0%[openssl             ]|                                                  |   0%[readline            ]|####                                              |   8%[sqlite              ]|########                                          |  16%[system              ]|############                                      |  25%[tk                  ]|################                                  |  33%[zlib                ]|####################                              |  41%[django              ]|#########################                         |  50%[python              ]|#############################                     |  58%[setuptools          ]|#################################                 |  66%[sqlparse            ]|#####################################             |  75%[django-debug-toolbar]|#########################################         |  83%[pip                 ]|#############################################     |  91%[      COMPLETE      ]|##################################################| 100%
TESTS FAILED: django-debug-toolbar-1.3.0-py27_0
