Removing old build directory
Removing old work directory
BUILD START: django-extensions-1.5.5-py27_0
Fetching package metadata: ......
Solving package specifications: .+ /home/ubuntu/miniconda/envs/_build/bin/python setup.py install
/home/ubuntu/miniconda/envs/_build/lib/python2.7/distutils/dist.py:267: UserWarning: Unknown distribution option: 'install_requires'
  warnings.warn(msg)
/home/ubuntu/miniconda/envs/_build/lib/python2.7/distutils/dist.py:267: UserWarning: Unknown distribution option: 'tests_require'
  warnings.warn(msg)
running install
running build
running build_py
creating build
creating build/lib
creating build/lib/django_extensions
copying django_extensions/compat.py -> build/lib/django_extensions
copying django_extensions/validators.py -> build/lib/django_extensions
copying django_extensions/__init__.py -> build/lib/django_extensions
copying django_extensions/settings.py -> build/lib/django_extensions
copying django_extensions/models.py -> build/lib/django_extensions
creating build/lib/django_extensions/admin
copying django_extensions/admin/widgets.py -> build/lib/django_extensions/admin
copying django_extensions/admin/__init__.py -> build/lib/django_extensions/admin
creating build/lib/django_extensions/management
copying django_extensions/management/color.py -> build/lib/django_extensions/management
copying django_extensions/management/utils.py -> build/lib/django_extensions/management
copying django_extensions/management/modelviz.py -> build/lib/django_extensions/management
copying django_extensions/management/jobs.py -> build/lib/django_extensions/management
copying django_extensions/management/signals.py -> build/lib/django_extensions/management
copying django_extensions/management/technical_response.py -> build/lib/django_extensions/management
copying django_extensions/management/shells.py -> build/lib/django_extensions/management
copying django_extensions/management/__init__.py -> build/lib/django_extensions/management
copying django_extensions/management/email_notifications.py -> build/lib/django_extensions/management
copying django_extensions/management/notebook_extension.py -> build/lib/django_extensions/management
copying django_extensions/management/base.py -> build/lib/django_extensions/management
creating build/lib/django_extensions/management/commands
copying django_extensions/management/commands/show_urls.py -> build/lib/django_extensions/management/commands
copying django_extensions/management/commands/create_template_tags.py -> build/lib/django_extensions/management/commands
copying django_extensions/management/commands/print_user_for_session.py -> build/lib/django_extensions/management/commands
copying django_extensions/management/commands/generate_secret_key.py -> build/lib/django_extensions/management/commands
copying django_extensions/management/commands/passwd.py -> build/lib/django_extensions/management/commands
copying django_extensions/management/commands/graph_models.py -> build/lib/django_extensions/management/commands
copying django_extensions/management/commands/create_jobs.py -> build/lib/django_extensions/management/commands
copying django_extensions/management/commands/shell_plus.py -> build/lib/django_extensions/management/commands
copying django_extensions/management/commands/sync_s3.py -> build/lib/django_extensions/management/commands
copying django_extensions/management/commands/sqldsn.py -> build/lib/django_extensions/management/commands
copying django_extensions/management/commands/runjob.py -> build/lib/django_extensions/management/commands
copying django_extensions/management/commands/create_command.py -> build/lib/django_extensions/management/commands
copying django_extensions/management/commands/compile_pyc.py -> build/lib/django_extensions/management/commands
copying django_extensions/management/commands/clean_pyc.py -> build/lib/django_extensions/management/commands
copying django_extensions/management/commands/update_permissions.py -> build/lib/django_extensions/management/commands
copying django_extensions/management/commands/runserver_plus.py -> build/lib/django_extensions/management/commands
copying django_extensions/management/commands/syncdata.py -> build/lib/django_extensions/management/commands
copying django_extensions/management/commands/validate_templates.py -> build/lib/django_extensions/management/commands
copying django_extensions/management/commands/unreferenced_files.py -> build/lib/django_extensions/management/commands
copying django_extensions/management/commands/runprofileserver.py -> build/lib/django_extensions/management/commands
copying django_extensions/management/commands/clear_cache.py -> build/lib/django_extensions/management/commands
copying django_extensions/management/commands/create_app.py -> build/lib/django_extensions/management/commands
copying django_extensions/management/commands/mail_debug.py -> build/lib/django_extensions/management/commands
copying django_extensions/management/commands/set_fake_emails.py -> build/lib/django_extensions/management/commands
copying django_extensions/management/commands/runjobs.py -> build/lib/django_extensions/management/commands
copying django_extensions/management/commands/set_fake_passwords.py -> build/lib/django_extensions/management/commands
copying django_extensions/management/commands/set_default_site.py -> build/lib/django_extensions/management/commands
copying django_extensions/management/commands/export_emails.py -> build/lib/django_extensions/management/commands
copying django_extensions/management/commands/runscript.py -> build/lib/django_extensions/management/commands
copying django_extensions/management/commands/pipchecker.py -> build/lib/django_extensions/management/commands
copying django_extensions/management/commands/print_settings.py -> build/lib/django_extensions/management/commands
copying django_extensions/management/commands/admin_generator.py -> build/lib/django_extensions/management/commands
copying django_extensions/management/commands/sqlcreate.py -> build/lib/django_extensions/management/commands
copying django_extensions/management/commands/reset_db.py -> build/lib/django_extensions/management/commands
copying django_extensions/management/commands/find_template.py -> build/lib/django_extensions/management/commands
copying django_extensions/management/commands/describe_form.py -> build/lib/django_extensions/management/commands
copying django_extensions/management/commands/__init__.py -> build/lib/django_extensions/management/commands
copying django_extensions/management/commands/show_templatetags.py -> build/lib/django_extensions/management/commands
copying django_extensions/management/commands/sqldiff.py -> build/lib/django_extensions/management/commands
copying django_extensions/management/commands/drop_test_database.py -> build/lib/django_extensions/management/commands
copying django_extensions/management/commands/notes.py -> build/lib/django_extensions/management/commands
copying django_extensions/management/commands/dumpscript.py -> build/lib/django_extensions/management/commands
creating build/lib/django_extensions/utils
copying django_extensions/utils/dia2django.py -> build/lib/django_extensions/utils
copying django_extensions/utils/validatingtemplatetags.py -> build/lib/django_extensions/utils
copying django_extensions/utils/text.py -> build/lib/django_extensions/utils
copying django_extensions/utils/__init__.py -> build/lib/django_extensions/utils
creating build/lib/django_extensions/jobs
copying django_extensions/jobs/__init__.py -> build/lib/django_extensions/jobs
creating build/lib/django_extensions/jobs/hourly
copying django_extensions/jobs/hourly/__init__.py -> build/lib/django_extensions/jobs/hourly
creating build/lib/django_extensions/jobs/daily
copying django_extensions/jobs/daily/cache_cleanup.py -> build/lib/django_extensions/jobs/daily
copying django_extensions/jobs/daily/daily_cleanup.py -> build/lib/django_extensions/jobs/daily
copying django_extensions/jobs/daily/__init__.py -> build/lib/django_extensions/jobs/daily
creating build/lib/django_extensions/jobs/monthly
copying django_extensions/jobs/monthly/__init__.py -> build/lib/django_extensions/jobs/monthly
creating build/lib/django_extensions/jobs/yearly
copying django_extensions/jobs/yearly/__init__.py -> build/lib/django_extensions/jobs/yearly
creating build/lib/django_extensions/jobs/minutely
copying django_extensions/jobs/minutely/__init__.py -> build/lib/django_extensions/jobs/minutely
creating build/lib/django_extensions/jobs/weekly
copying django_extensions/jobs/weekly/__init__.py -> build/lib/django_extensions/jobs/weekly
creating build/lib/django_extensions/templatetags
copying django_extensions/templatetags/indent_text.py -> build/lib/django_extensions/templatetags
copying django_extensions/templatetags/highlighting.py -> build/lib/django_extensions/templatetags
copying django_extensions/templatetags/syntax_color.py -> build/lib/django_extensions/templatetags
copying django_extensions/templatetags/truncate_letters.py -> build/lib/django_extensions/templatetags
copying django_extensions/templatetags/__init__.py -> build/lib/django_extensions/templatetags
copying django_extensions/templatetags/widont.py -> build/lib/django_extensions/templatetags
creating build/lib/django_extensions/mongodb
copying django_extensions/mongodb/__init__.py -> build/lib/django_extensions/mongodb
copying django_extensions/mongodb/models.py -> build/lib/django_extensions/mongodb
creating build/lib/django_extensions/mongodb/fields
copying django_extensions/mongodb/fields/json.py -> build/lib/django_extensions/mongodb/fields
copying django_extensions/mongodb/fields/__init__.py -> build/lib/django_extensions/mongodb/fields
copying django_extensions/mongodb/fields/encrypted.py -> build/lib/django_extensions/mongodb/fields
creating build/lib/django_extensions/logging
copying django_extensions/logging/filters.py -> build/lib/django_extensions/logging
copying django_extensions/logging/__init__.py -> build/lib/django_extensions/logging
creating build/lib/django_extensions/db
copying django_extensions/db/__init__.py -> build/lib/django_extensions/db
copying django_extensions/db/models.py -> build/lib/django_extensions/db
creating build/lib/django_extensions/db/fields
copying django_extensions/db/fields/json.py -> build/lib/django_extensions/db/fields
copying django_extensions/db/fields/__init__.py -> build/lib/django_extensions/db/fields
copying django_extensions/db/fields/encrypted.py -> build/lib/django_extensions/db/fields
creating build/lib/django_extensions/migrations
copying django_extensions/migrations/0001_empty.py -> build/lib/django_extensions/migrations
copying django_extensions/migrations/__init__.py -> build/lib/django_extensions/migrations
creating build/lib/django_extensions/conf
creating build/lib/django_extensions/conf/command_template
creating build/lib/django_extensions/conf/command_template/management
copying django_extensions/conf/command_template/management/__init__.py.tmpl -> build/lib/django_extensions/conf/command_template/management
creating build/lib/django_extensions/conf/command_template/management/commands
copying django_extensions/conf/command_template/management/commands/__init__.py.tmpl -> build/lib/django_extensions/conf/command_template/management/commands
copying django_extensions/conf/command_template/management/commands/sample.py.tmpl -> build/lib/django_extensions/conf/command_template/management/commands
creating build/lib/django_extensions/conf/template_tags_template
creating build/lib/django_extensions/conf/template_tags_template/templatetags
copying django_extensions/conf/template_tags_template/templatetags/__init__.py.tmpl -> build/lib/django_extensions/conf/template_tags_template/templatetags
copying django_extensions/conf/template_tags_template/templatetags/sample.py.tmpl -> build/lib/django_extensions/conf/template_tags_template/templatetags
creating build/lib/django_extensions/conf/app_template
copying django_extensions/conf/app_template/__init__.py.tmpl -> build/lib/django_extensions/conf/app_template
copying django_extensions/conf/app_template/views.py.tmpl -> build/lib/django_extensions/conf/app_template
copying django_extensions/conf/app_template/urls.py.tmpl -> build/lib/django_extensions/conf/app_template
copying django_extensions/conf/app_template/models.py.tmpl -> build/lib/django_extensions/conf/app_template
copying django_extensions/conf/app_template/forms.py.tmpl -> build/lib/django_extensions/conf/app_template
creating build/lib/django_extensions/conf/app_template/migrations
copying django_extensions/conf/app_template/migrations/__init__.py.tmpl -> build/lib/django_extensions/conf/app_template/migrations
creating build/lib/django_extensions/conf/jobs_template
creating build/lib/django_extensions/conf/jobs_template/jobs
copying django_extensions/conf/jobs_template/jobs/__init__.py.tmpl -> build/lib/django_extensions/conf/jobs_template/jobs
copying django_extensions/conf/jobs_template/jobs/sample.py.tmpl -> build/lib/django_extensions/conf/jobs_template/jobs
creating build/lib/django_extensions/conf/jobs_template/jobs/hourly
copying django_extensions/conf/jobs_template/jobs/hourly/__init__.py.tmpl -> build/lib/django_extensions/conf/jobs_template/jobs/hourly
creating build/lib/django_extensions/conf/jobs_template/jobs/daily
copying django_extensions/conf/jobs_template/jobs/daily/__init__.py.tmpl -> build/lib/django_extensions/conf/jobs_template/jobs/daily
creating build/lib/django_extensions/conf/jobs_template/jobs/monthly
copying django_extensions/conf/jobs_template/jobs/monthly/__init__.py.tmpl -> build/lib/django_extensions/conf/jobs_template/jobs/monthly
creating build/lib/django_extensions/conf/jobs_template/jobs/yearly
copying django_extensions/conf/jobs_template/jobs/yearly/__init__.py.tmpl -> build/lib/django_extensions/conf/jobs_template/jobs/yearly
creating build/lib/django_extensions/conf/jobs_template/jobs/weekly
copying django_extensions/conf/jobs_template/jobs/weekly/__init__.py.tmpl -> build/lib/django_extensions/conf/jobs_template/jobs/weekly
creating build/lib/django_extensions/templates
creating build/lib/django_extensions/templates/django_extensions
creating build/lib/django_extensions/templates/django_extensions/graph_models
copying django_extensions/templates/django_extensions/graph_models/relation.dot -> build/lib/django_extensions/templates/django_extensions/graph_models
copying django_extensions/templates/django_extensions/graph_models/label.dot -> build/lib/django_extensions/templates/django_extensions/graph_models
copying django_extensions/templates/django_extensions/graph_models/digraph.dot -> build/lib/django_extensions/templates/django_extensions/graph_models
creating build/lib/django_extensions/templates/django_extensions/widgets
copying django_extensions/templates/django_extensions/widgets/foreignkey_searchinput.html -> build/lib/django_extensions/templates/django_extensions/widgets
creating build/lib/django_extensions/static
creating build/lib/django_extensions/static/django_extensions
creating build/lib/django_extensions/static/django_extensions/img
copying django_extensions/static/django_extensions/img/indicator.gif -> build/lib/django_extensions/static/django_extensions/img
creating build/lib/django_extensions/static/django_extensions/css
copying django_extensions/static/django_extensions/css/jquery.autocomplete.css -> build/lib/django_extensions/static/django_extensions/css
creating build/lib/django_extensions/static/django_extensions/js
copying django_extensions/static/django_extensions/js/jquery-1.7.2.min.js -> build/lib/django_extensions/static/django_extensions/js
copying django_extensions/static/django_extensions/js/jquery.ajaxQueue.js -> build/lib/django_extensions/static/django_extensions/js
copying django_extensions/static/django_extensions/js/jquery.autocomplete.js -> build/lib/django_extensions/static/django_extensions/js
copying django_extensions/static/django_extensions/js/jquery.bgiframe.min.js -> build/lib/django_extensions/static/django_extensions/js
creating build/lib/django_extensions/locale
creating build/lib/django_extensions/locale/de
creating build/lib/django_extensions/locale/de/LC_MESSAGES
copying django_extensions/locale/de/LC_MESSAGES/django.mo -> build/lib/django_extensions/locale/de/LC_MESSAGES
copying django_extensions/locale/de/LC_MESSAGES/django.po -> build/lib/django_extensions/locale/de/LC_MESSAGES
creating build/lib/django_extensions/locale/it
creating build/lib/django_extensions/locale/it/LC_MESSAGES
copying django_extensions/locale/it/LC_MESSAGES/django.mo -> build/lib/django_extensions/locale/it/LC_MESSAGES
copying django_extensions/locale/it/LC_MESSAGES/django.po -> build/lib/django_extensions/locale/it/LC_MESSAGES
creating build/lib/django_extensions/locale/ja
creating build/lib/django_extensions/locale/ja/LC_MESSAGES
copying django_extensions/locale/ja/LC_MESSAGES/django.mo -> build/lib/django_extensions/locale/ja/LC_MESSAGES
copying django_extensions/locale/ja/LC_MESSAGES/django.po -> build/lib/django_extensions/locale/ja/LC_MESSAGES
creating build/lib/django_extensions/locale/cs
creating build/lib/django_extensions/locale/cs/LC_MESSAGES
copying django_extensions/locale/cs/LC_MESSAGES/django.mo -> build/lib/django_extensions/locale/cs/LC_MESSAGES
copying django_extensions/locale/cs/LC_MESSAGES/django.po -> build/lib/django_extensions/locale/cs/LC_MESSAGES
creating build/lib/django_extensions/locale/zh_CN
creating build/lib/django_extensions/locale/zh_CN/LC_MESSAGES
copying django_extensions/locale/zh_CN/LC_MESSAGES/django.mo -> build/lib/django_extensions/locale/zh_CN/LC_MESSAGES
copying django_extensions/locale/zh_CN/LC_MESSAGES/django.po -> build/lib/django_extensions/locale/zh_CN/LC_MESSAGES
creating build/lib/django_extensions/locale/es
creating build/lib/django_extensions/locale/es/LC_MESSAGES
copying django_extensions/locale/es/LC_MESSAGES/django.mo -> build/lib/django_extensions/locale/es/LC_MESSAGES
copying django_extensions/locale/es/LC_MESSAGES/django.po -> build/lib/django_extensions/locale/es/LC_MESSAGES
creating build/lib/django_extensions/locale/pt
creating build/lib/django_extensions/locale/pt/LC_MESSAGES
copying django_extensions/locale/pt/LC_MESSAGES/django.mo -> build/lib/django_extensions/locale/pt/LC_MESSAGES
copying django_extensions/locale/pt/LC_MESSAGES/django.po -> build/lib/django_extensions/locale/pt/LC_MESSAGES
creating build/lib/django_extensions/locale/en
creating build/lib/django_extensions/locale/en/LC_MESSAGES
copying django_extensions/locale/en/LC_MESSAGES/django.mo -> build/lib/django_extensions/locale/en/LC_MESSAGES
copying django_extensions/locale/en/LC_MESSAGES/django.po -> build/lib/django_extensions/locale/en/LC_MESSAGES
creating build/lib/django_extensions/locale/fr
creating build/lib/django_extensions/locale/fr/LC_MESSAGES
copying django_extensions/locale/fr/LC_MESSAGES/django.mo -> build/lib/django_extensions/locale/fr/LC_MESSAGES
copying django_extensions/locale/fr/LC_MESSAGES/django.po -> build/lib/django_extensions/locale/fr/LC_MESSAGES
creating build/lib/django_extensions/locale/sk
creating build/lib/django_extensions/locale/sk/LC_MESSAGES
copying django_extensions/locale/sk/LC_MESSAGES/django.mo -> build/lib/django_extensions/locale/sk/LC_MESSAGES
copying django_extensions/locale/sk/LC_MESSAGES/django.po -> build/lib/django_extensions/locale/sk/LC_MESSAGES
creating build/lib/django_extensions/locale/da
creating build/lib/django_extensions/locale/da/LC_MESSAGES
copying django_extensions/locale/da/LC_MESSAGES/django.mo -> build/lib/django_extensions/locale/da/LC_MESSAGES
copying django_extensions/locale/da/LC_MESSAGES/django.po -> build/lib/django_extensions/locale/da/LC_MESSAGES
creating build/lib/django_extensions/locale/ro
creating build/lib/django_extensions/locale/ro/LC_MESSAGES
copying django_extensions/locale/ro/LC_MESSAGES/django.mo -> build/lib/django_extensions/locale/ro/LC_MESSAGES
copying django_extensions/locale/ro/LC_MESSAGES/django.po -> build/lib/django_extensions/locale/ro/LC_MESSAGES
creating build/lib/django_extensions/locale/el
creating build/lib/django_extensions/locale/el/LC_MESSAGES
copying django_extensions/locale/el/LC_MESSAGES/django.mo -> build/lib/django_extensions/locale/el/LC_MESSAGES
copying django_extensions/locale/el/LC_MESSAGES/django.po -> build/lib/django_extensions/locale/el/LC_MESSAGES
creating build/lib/django_extensions/locale/hu
creating build/lib/django_extensions/locale/hu/LC_MESSAGES
copying django_extensions/locale/hu/LC_MESSAGES/django.mo -> build/lib/django_extensions/locale/hu/LC_MESSAGES
copying django_extensions/locale/hu/LC_MESSAGES/django.po -> build/lib/django_extensions/locale/hu/LC_MESSAGES
creating build/lib/django_extensions/locale/et
creating build/lib/django_extensions/locale/et/LC_MESSAGES
copying django_extensions/locale/et/LC_MESSAGES/django.mo -> build/lib/django_extensions/locale/et/LC_MESSAGES
copying django_extensions/locale/et/LC_MESSAGES/django.po -> build/lib/django_extensions/locale/et/LC_MESSAGES
creating build/lib/django_extensions/locale/tr
creating build/lib/django_extensions/locale/tr/LC_MESSAGES
copying django_extensions/locale/tr/LC_MESSAGES/django.mo -> build/lib/django_extensions/locale/tr/LC_MESSAGES
copying django_extensions/locale/tr/LC_MESSAGES/django.po -> build/lib/django_extensions/locale/tr/LC_MESSAGES
creating build/lib/django_extensions/locale/pt_BR
creating build/lib/django_extensions/locale/pt_BR/LC_MESSAGES
copying django_extensions/locale/pt_BR/LC_MESSAGES/django.mo -> build/lib/django_extensions/locale/pt_BR/LC_MESSAGES
copying django_extensions/locale/pt_BR/LC_MESSAGES/django.po -> build/lib/django_extensions/locale/pt_BR/LC_MESSAGES
creating build/lib/django_extensions/locale/pl
creating build/lib/django_extensions/locale/pl/LC_MESSAGES
copying django_extensions/locale/pl/LC_MESSAGES/django.mo -> build/lib/django_extensions/locale/pl/LC_MESSAGES
copying django_extensions/locale/pl/LC_MESSAGES/django.po -> build/lib/django_extensions/locale/pl/LC_MESSAGES
creating build/lib/django_extensions/locale/ru
creating build/lib/django_extensions/locale/ru/LC_MESSAGES
copying django_extensions/locale/ru/LC_MESSAGES/django.mo -> build/lib/django_extensions/locale/ru/LC_MESSAGES
copying django_extensions/locale/ru/LC_MESSAGES/django.po -> build/lib/django_extensions/locale/ru/LC_MESSAGES
running install_lib
creating /home/ubuntu/miniconda/envs/_build/lib/python2.7/site-packages/django_extensions
creating /home/ubuntu/miniconda/envs/_build/lib/python2.7/site-packages/django_extensions/admin
copying build/lib/django_extensions/admin/widgets.py -> /home/ubuntu/miniconda/envs/_build/lib/python2.7/site-packages/django_extensions/admin
copying build/lib/django_extensions/admin/__init__.py -> /home/ubuntu/miniconda/envs/_build/lib/python2.7/site-packages/django_extensions/admin
copying build/lib/django_extensions/compat.py -> /home/ubuntu/miniconda/envs/_build/lib/python2.7/site-packages/django_extensions
creating /home/ubuntu/miniconda/envs/_build/lib/python2.7/site-packages/django_extensions/management
copying build/lib/django_extensions/management/color.py -> /home/ubuntu/miniconda/envs/_build/lib/python2.7/site-packages/django_extensions/management
copying build/lib/django_extensions/management/utils.py -> /home/ubuntu/miniconda/envs/_build/lib/python2.7/site-packages/django_extensions/management
copying build/lib/django_extensions/management/modelviz.py -> /home/ubuntu/miniconda/envs/_build/lib/python2.7/site-packages/django_extensions/management
copying build/lib/django_extensions/management/jobs.py -> /home/ubuntu/miniconda/envs/_build/lib/python2.7/site-packages/django_extensions/management
copying build/lib/django_extensions/management/signals.py -> /home/ubuntu/miniconda/envs/_build/lib/python2.7/site-packages/django_extensions/management
copying build/lib/django_extensions/management/technical_response.py -> /home/ubuntu/miniconda/envs/_build/lib/python2.7/site-packages/django_extensions/management
copying build/lib/django_extensions/management/shells.py -> /home/ubuntu/miniconda/envs/_build/lib/python2.7/site-packages/django_extensions/management
copying build/lib/django_extensions/management/__init__.py -> /home/ubuntu/miniconda/envs/_build/lib/python2.7/site-packages/django_extensions/management
copying build/lib/django_extensions/management/email_notifications.py -> /home/ubuntu/miniconda/envs/_build/lib/python2.7/site-packages/django_extensions/management
creating /home/ubuntu/miniconda/envs/_build/lib/python2.7/site-packages/django_extensions/management/commands
copying build/lib/django_extensions/management/commands/show_urls.py -> /home/ubuntu/miniconda/envs/_build/lib/python2.7/site-packages/django_extensions/management/commands
copying build/lib/django_extensions/management/commands/create_template_tags.py -> /home/ubuntu/miniconda/envs/_build/lib/python2.7/site-packages/django_extensions/management/commands
copying build/lib/django_extensions/management/commands/print_user_for_session.py -> /home/ubuntu/miniconda/envs/_build/lib/python2.7/site-packages/django_extensions/management/commands
copying build/lib/django_extensions/management/commands/generate_secret_key.py -> /home/ubuntu/miniconda/envs/_build/lib/python2.7/site-packages/django_extensions/management/commands
copying build/lib/django_extensions/management/commands/passwd.py -> /home/ubuntu/miniconda/envs/_build/lib/python2.7/site-packages/django_extensions/management/commands
copying build/lib/django_extensions/management/commands/graph_models.py -> /home/ubuntu/miniconda/envs/_build/lib/python2.7/site-packages/django_extensions/management/commands
copying build/lib/django_extensions/management/commands/create_jobs.py -> /home/ubuntu/miniconda/envs/_build/lib/python2.7/site-packages/django_extensions/management/commands
copying build/lib/django_extensions/management/commands/shell_plus.py -> /home/ubuntu/miniconda/envs/_build/lib/python2.7/site-packages/django_extensions/management/commands
copying build/lib/django_extensions/management/commands/sync_s3.py -> /home/ubuntu/miniconda/envs/_build/lib/python2.7/site-packages/django_extensions/management/commands
copying build/lib/django_extensions/management/commands/sqldsn.py -> /home/ubuntu/miniconda/envs/_build/lib/python2.7/site-packages/django_extensions/management/commands
copying build/lib/django_extensions/management/commands/runjob.py -> /home/ubuntu/miniconda/envs/_build/lib/python2.7/site-packages/django_extensions/management/commands
copying build/lib/django_extensions/management/commands/create_command.py -> /home/ubuntu/miniconda/envs/_build/lib/python2.7/site-packages/django_extensions/management/commands
copying build/lib/django_extensions/management/commands/compile_pyc.py -> /home/ubuntu/miniconda/envs/_build/lib/python2.7/site-packages/django_extensions/management/commands
copying build/lib/django_extensions/management/commands/clean_pyc.py -> /home/ubuntu/miniconda/envs/_build/lib/python2.7/site-packages/django_extensions/management/commands
copying build/lib/django_extensions/management/commands/update_permissions.py -> /home/ubuntu/miniconda/envs/_build/lib/python2.7/site-packages/django_extensions/management/commands
copying build/lib/django_extensions/management/commands/runserver_plus.py -> /home/ubuntu/miniconda/envs/_build/lib/python2.7/site-packages/django_extensions/management/commands
copying build/lib/django_extensions/management/commands/syncdata.py -> /home/ubuntu/miniconda/envs/_build/lib/python2.7/site-packages/django_extensions/management/commands
copying build/lib/django_extensions/management/commands/validate_templates.py -> /home/ubuntu/miniconda/envs/_build/lib/python2.7/site-packages/django_extensions/management/commands
copying build/lib/django_extensions/management/commands/unreferenced_files.py -> /home/ubuntu/miniconda/envs/_build/lib/python2.7/site-packages/django_extensions/management/commands
copying build/lib/django_extensions/management/commands/runprofileserver.py -> /home/ubuntu/miniconda/envs/_build/lib/python2.7/site-packages/django_extensions/management/commands
copying build/lib/django_extensions/management/commands/clear_cache.py -> /home/ubuntu/miniconda/envs/_build/lib/python2.7/site-packages/django_extensions/management/commands
copying build/lib/django_extensions/management/commands/create_app.py -> /home/ubuntu/miniconda/envs/_build/lib/python2.7/site-packages/django_extensions/management/commands
copying build/lib/django_extensions/management/commands/mail_debug.py -> /home/ubuntu/miniconda/envs/_build/lib/python2.7/site-packages/django_extensions/management/commands
copying build/lib/django_extensions/management/commands/set_fake_emails.py -> /home/ubuntu/miniconda/envs/_build/lib/python2.7/site-packages/django_extensions/management/commands
copying build/lib/django_extensions/management/commands/runjobs.py -> /home/ubuntu/miniconda/envs/_build/lib/python2.7/site-packages/django_extensions/management/commands
copying build/lib/django_extensions/management/commands/set_fake_passwords.py -> /home/ubuntu/miniconda/envs/_build/lib/python2.7/site-packages/django_extensions/management/commands
copying build/lib/django_extensions/management/commands/set_default_site.py -> /home/ubuntu/miniconda/envs/_build/lib/python2.7/site-packages/django_extensions/management/commands
copying build/lib/django_extensions/management/commands/export_emails.py -> /home/ubuntu/miniconda/envs/_build/lib/python2.7/site-packages/django_extensions/management/commands
copying build/lib/django_extensions/management/commands/runscript.py -> /home/ubuntu/miniconda/envs/_build/lib/python2.7/site-packages/django_extensions/management/commands
copying build/lib/django_extensions/management/commands/pipchecker.py -> /home/ubuntu/miniconda/envs/_build/lib/python2.7/site-packages/django_extensions/management/commands
copying build/lib/django_extensions/management/commands/print_settings.py -> /home/ubuntu/miniconda/envs/_build/lib/python2.7/site-packages/django_extensions/management/commands
copying build/lib/django_extensions/management/commands/admin_generator.py -> /home/ubuntu/miniconda/envs/_build/lib/python2.7/site-packages/django_extensions/management/commands
copying build/lib/django_extensions/management/commands/sqlcreate.py -> /home/ubuntu/miniconda/envs/_build/lib/python2.7/site-packages/django_extensions/management/commands
copying build/lib/django_extensions/management/commands/reset_db.py -> /home/ubuntu/miniconda/envs/_build/lib/python2.7/site-packages/django_extensions/management/commands
copying build/lib/django_extensions/management/commands/find_template.py -> /home/ubuntu/miniconda/envs/_build/lib/python2.7/site-packages/django_extensions/management/commands
copying build/lib/django_extensions/management/commands/describe_form.py -> /home/ubuntu/miniconda/envs/_build/lib/python2.7/site-packages/django_extensions/management/commands
copying build/lib/django_extensions/management/commands/__init__.py -> /home/ubuntu/miniconda/envs/_build/lib/python2.7/site-packages/django_extensions/management/commands
copying build/lib/django_extensions/management/commands/show_templatetags.py -> /home/ubuntu/miniconda/envs/_build/lib/python2.7/site-packages/django_extensions/management/commands
copying build/lib/django_extensions/management/commands/sqldiff.py -> /home/ubuntu/miniconda/envs/_build/lib/python2.7/site-packages/django_extensions/management/commands
copying build/lib/django_extensions/management/commands/drop_test_database.py -> /home/ubuntu/miniconda/envs/_build/lib/python2.7/site-packages/django_extensions/management/commands
copying build/lib/django_extensions/management/commands/notes.py -> /home/ubuntu/miniconda/envs/_build/lib/python2.7/site-packages/django_extensions/management/commands
copying build/lib/django_extensions/management/commands/dumpscript.py -> /home/ubuntu/miniconda/envs/_build/lib/python2.7/site-packages/django_extensions/management/commands
copying build/lib/django_extensions/management/notebook_extension.py -> /home/ubuntu/miniconda/envs/_build/lib/python2.7/site-packages/django_extensions/management
copying build/lib/django_extensions/management/base.py -> /home/ubuntu/miniconda/envs/_build/lib/python2.7/site-packages/django_extensions/management
creating /home/ubuntu/miniconda/envs/_build/lib/python2.7/site-packages/django_extensions/utils
copying build/lib/django_extensions/utils/dia2django.py -> /home/ubuntu/miniconda/envs/_build/lib/python2.7/site-packages/django_extensions/utils
copying build/lib/django_extensions/utils/validatingtemplatetags.py -> /home/ubuntu/miniconda/envs/_build/lib/python2.7/site-packages/django_extensions/utils
copying build/lib/django_extensions/utils/text.py -> /home/ubuntu/miniconda/envs/_build/lib/python2.7/site-packages/django_extensions/utils
copying build/lib/django_extensions/utils/__init__.py -> /home/ubuntu/miniconda/envs/_build/lib/python2.7/site-packages/django_extensions/utils
copying build/lib/django_extensions/validators.py -> /home/ubuntu/miniconda/envs/_build/lib/python2.7/site-packages/django_extensions
creating /home/ubuntu/miniconda/envs/_build/lib/python2.7/site-packages/django_extensions/conf
creating /home/ubuntu/miniconda/envs/_build/lib/python2.7/site-packages/django_extensions/conf/command_template
creating /home/ubuntu/miniconda/envs/_build/lib/python2.7/site-packages/django_extensions/conf/command_template/management
copying build/lib/django_extensions/conf/command_template/management/__init__.py.tmpl -> /home/ubuntu/miniconda/envs/_build/lib/python2.7/site-packages/django_extensions/conf/command_template/management
creating /home/ubuntu/miniconda/envs/_build/lib/python2.7/site-packages/django_extensions/conf/command_template/management/commands
copying build/lib/django_extensions/conf/command_template/management/commands/__init__.py.tmpl -> /home/ubuntu/miniconda/envs/_build/lib/python2.7/site-packages/django_extensions/conf/command_template/management/commands
copying build/lib/django_extensions/conf/command_template/management/commands/sample.py.tmpl -> /home/ubuntu/miniconda/envs/_build/lib/python2.7/site-packages/django_extensions/conf/command_template/management/commands
creating /home/ubuntu/miniconda/envs/_build/lib/python2.7/site-packages/django_extensions/conf/template_tags_template
creating /home/ubuntu/miniconda/envs/_build/lib/python2.7/site-packages/django_extensions/conf/template_tags_template/templatetags
copying build/lib/django_extensions/conf/template_tags_template/templatetags/__init__.py.tmpl -> /home/ubuntu/miniconda/envs/_build/lib/python2.7/site-packages/django_extensions/conf/template_tags_template/templatetags
copying build/lib/django_extensions/conf/template_tags_template/templatetags/sample.py.tmpl -> /home/ubuntu/miniconda/envs/_build/lib/python2.7/site-packages/django_extensions/conf/template_tags_template/templatetags
creating /home/ubuntu/miniconda/envs/_build/lib/python2.7/site-packages/django_extensions/conf/app_template
copying build/lib/django_extensions/conf/app_template/__init__.py.tmpl -> /home/ubuntu/miniconda/envs/_build/lib/python2.7/site-packages/django_extensions/conf/app_template
copying build/lib/django_extensions/conf/app_template/views.py.tmpl -> /home/ubuntu/miniconda/envs/_build/lib/python2.7/site-packages/django_extensions/conf/app_template
copying build/lib/django_extensions/conf/app_template/urls.py.tmpl -> /home/ubuntu/miniconda/envs/_build/lib/python2.7/site-packages/django_extensions/conf/app_template
copying build/lib/django_extensions/conf/app_template/models.py.tmpl -> /home/ubuntu/miniconda/envs/_build/lib/python2.7/site-packages/django_extensions/conf/app_template
copying build/lib/django_extensions/conf/app_template/forms.py.tmpl -> /home/ubuntu/miniconda/envs/_build/lib/python2.7/site-packages/django_extensions/conf/app_template
creating /home/ubuntu/miniconda/envs/_build/lib/python2.7/site-packages/django_extensions/conf/app_template/migrations
copying build/lib/django_extensions/conf/app_template/migrations/__init__.py.tmpl -> /home/ubuntu/miniconda/envs/_build/lib/python2.7/site-packages/django_extensions/conf/app_template/migrations
creating /home/ubuntu/miniconda/envs/_build/lib/python2.7/site-packages/django_extensions/conf/jobs_template
creating /home/ubuntu/miniconda/envs/_build/lib/python2.7/site-packages/django_extensions/conf/jobs_template/jobs
copying build/lib/django_extensions/conf/jobs_template/jobs/__init__.py.tmpl -> /home/ubuntu/miniconda/envs/_build/lib/python2.7/site-packages/django_extensions/conf/jobs_template/jobs
creating /home/ubuntu/miniconda/envs/_build/lib/python2.7/site-packages/django_extensions/conf/jobs_template/jobs/hourly
copying build/lib/django_extensions/conf/jobs_template/jobs/hourly/__init__.py.tmpl -> /home/ubuntu/miniconda/envs/_build/lib/python2.7/site-packages/django_extensions/conf/jobs_template/jobs/hourly
creating /home/ubuntu/miniconda/envs/_build/lib/python2.7/site-packages/django_extensions/conf/jobs_template/jobs/daily
copying build/lib/django_extensions/conf/jobs_template/jobs/daily/__init__.py.tmpl -> /home/ubuntu/miniconda/envs/_build/lib/python2.7/site-packages/django_extensions/conf/jobs_template/jobs/daily
copying build/lib/django_extensions/conf/jobs_template/jobs/sample.py.tmpl -> /home/ubuntu/miniconda/envs/_build/lib/python2.7/site-packages/django_extensions/conf/jobs_template/jobs
creating /home/ubuntu/miniconda/envs/_build/lib/python2.7/site-packages/django_extensions/conf/jobs_template/jobs/monthly
copying build/lib/django_extensions/conf/jobs_template/jobs/monthly/__init__.py.tmpl -> /home/ubuntu/miniconda/envs/_build/lib/python2.7/site-packages/django_extensions/conf/jobs_template/jobs/monthly
creating /home/ubuntu/miniconda/envs/_build/lib/python2.7/site-packages/django_extensions/conf/jobs_template/jobs/yearly
copying build/lib/django_extensions/conf/jobs_template/jobs/yearly/__init__.py.tmpl -> /home/ubuntu/miniconda/envs/_build/lib/python2.7/site-packages/django_extensions/conf/jobs_template/jobs/yearly
creating /home/ubuntu/miniconda/envs/_build/lib/python2.7/site-packages/django_extensions/conf/jobs_template/jobs/weekly
copying build/lib/django_extensions/conf/jobs_template/jobs/weekly/__init__.py.tmpl -> /home/ubuntu/miniconda/envs/_build/lib/python2.7/site-packages/django_extensions/conf/jobs_template/jobs/weekly
creating /home/ubuntu/miniconda/envs/_build/lib/python2.7/site-packages/django_extensions/jobs
creating /home/ubuntu/miniconda/envs/_build/lib/python2.7/site-packages/django_extensions/jobs/hourly
copying build/lib/django_extensions/jobs/hourly/__init__.py -> /home/ubuntu/miniconda/envs/_build/lib/python2.7/site-packages/django_extensions/jobs/hourly
creating /home/ubuntu/miniconda/envs/_build/lib/python2.7/site-packages/django_extensions/jobs/daily
copying build/lib/django_extensions/jobs/daily/cache_cleanup.py -> /home/ubuntu/miniconda/envs/_build/lib/python2.7/site-packages/django_extensions/jobs/daily
copying build/lib/django_extensions/jobs/daily/daily_cleanup.py -> /home/ubuntu/miniconda/envs/_build/lib/python2.7/site-packages/django_extensions/jobs/daily
copying build/lib/django_extensions/jobs/daily/__init__.py -> /home/ubuntu/miniconda/envs/_build/lib/python2.7/site-packages/django_extensions/jobs/daily
creating /home/ubuntu/miniconda/envs/_build/lib/python2.7/site-packages/django_extensions/jobs/monthly
copying build/lib/django_extensions/jobs/monthly/__init__.py -> /home/ubuntu/miniconda/envs/_build/lib/python2.7/site-packages/django_extensions/jobs/monthly
creating /home/ubuntu/miniconda/envs/_build/lib/python2.7/site-packages/django_extensions/jobs/yearly
copying build/lib/django_extensions/jobs/yearly/__init__.py -> /home/ubuntu/miniconda/envs/_build/lib/python2.7/site-packages/django_extensions/jobs/yearly
copying build/lib/django_extensions/jobs/__init__.py -> /home/ubuntu/miniconda/envs/_build/lib/python2.7/site-packages/django_extensions/jobs
creating /home/ubuntu/miniconda/envs/_build/lib/python2.7/site-packages/django_extensions/jobs/minutely
copying build/lib/django_extensions/jobs/minutely/__init__.py -> /home/ubuntu/miniconda/envs/_build/lib/python2.7/site-packages/django_extensions/jobs/minutely
creating /home/ubuntu/miniconda/envs/_build/lib/python2.7/site-packages/django_extensions/jobs/weekly
copying build/lib/django_extensions/jobs/weekly/__init__.py -> /home/ubuntu/miniconda/envs/_build/lib/python2.7/site-packages/django_extensions/jobs/weekly
creating /home/ubuntu/miniconda/envs/_build/lib/python2.7/site-packages/django_extensions/templates
creating /home/ubuntu/miniconda/envs/_build/lib/python2.7/site-packages/django_extensions/templates/django_extensions
creating /home/ubuntu/miniconda/envs/_build/lib/python2.7/site-packages/django_extensions/templates/django_extensions/graph_models
copying build/lib/django_extensions/templates/django_extensions/graph_models/relation.dot -> /home/ubuntu/miniconda/envs/_build/lib/python2.7/site-packages/django_extensions/templates/django_extensions/graph_models
copying build/lib/django_extensions/templates/django_extensions/graph_models/label.dot -> /home/ubuntu/miniconda/envs/_build/lib/python2.7/site-packages/django_extensions/templates/django_extensions/graph_models
copying build/lib/django_extensions/templates/django_extensions/graph_models/digraph.dot -> /home/ubuntu/miniconda/envs/_build/lib/python2.7/site-packages/django_extensions/templates/django_extensions/graph_models
creating /home/ubuntu/miniconda/envs/_build/lib/python2.7/site-packages/django_extensions/templates/django_extensions/widgets
copying build/lib/django_extensions/templates/django_extensions/widgets/foreignkey_searchinput.html -> /home/ubuntu/miniconda/envs/_build/lib/python2.7/site-packages/django_extensions/templates/django_extensions/widgets
creating /home/ubuntu/miniconda/envs/_build/lib/python2.7/site-packages/django_extensions/templatetags
copying build/lib/django_extensions/templatetags/indent_text.py -> /home/ubuntu/miniconda/envs/_build/lib/python2.7/site-packages/django_extensions/templatetags
copying build/lib/django_extensions/templatetags/highlighting.py -> /home/ubuntu/miniconda/envs/_build/lib/python2.7/site-packages/django_extensions/templatetags
copying build/lib/django_extensions/templatetags/syntax_color.py -> /home/ubuntu/miniconda/envs/_build/lib/python2.7/site-packages/django_extensions/templatetags
copying build/lib/django_extensions/templatetags/truncate_letters.py -> /home/ubuntu/miniconda/envs/_build/lib/python2.7/site-packages/django_extensions/templatetags
copying build/lib/django_extensions/templatetags/__init__.py -> /home/ubuntu/miniconda/envs/_build/lib/python2.7/site-packages/django_extensions/templatetags
copying build/lib/django_extensions/templatetags/widont.py -> /home/ubuntu/miniconda/envs/_build/lib/python2.7/site-packages/django_extensions/templatetags
creating /home/ubuntu/miniconda/envs/_build/lib/python2.7/site-packages/django_extensions/mongodb
copying build/lib/django_extensions/mongodb/__init__.py -> /home/ubuntu/miniconda/envs/_build/lib/python2.7/site-packages/django_extensions/mongodb
creating /home/ubuntu/miniconda/envs/_build/lib/python2.7/site-packages/django_extensions/mongodb/fields
copying build/lib/django_extensions/mongodb/fields/json.py -> /home/ubuntu/miniconda/envs/_build/lib/python2.7/site-packages/django_extensions/mongodb/fields
copying build/lib/django_extensions/mongodb/fields/__init__.py -> /home/ubuntu/miniconda/envs/_build/lib/python2.7/site-packages/django_extensions/mongodb/fields
copying build/lib/django_extensions/mongodb/fields/encrypted.py -> /home/ubuntu/miniconda/envs/_build/lib/python2.7/site-packages/django_extensions/mongodb/fields
copying build/lib/django_extensions/mongodb/models.py -> /home/ubuntu/miniconda/envs/_build/lib/python2.7/site-packages/django_extensions/mongodb
creating /home/ubuntu/miniconda/envs/_build/lib/python2.7/site-packages/django_extensions/static
creating /home/ubuntu/miniconda/envs/_build/lib/python2.7/site-packages/django_extensions/static/django_extensions
creating /home/ubuntu/miniconda/envs/_build/lib/python2.7/site-packages/django_extensions/static/django_extensions/img
copying build/lib/django_extensions/static/django_extensions/img/indicator.gif -> /home/ubuntu/miniconda/envs/_build/lib/python2.7/site-packages/django_extensions/static/django_extensions/img
creating /home/ubuntu/miniconda/envs/_build/lib/python2.7/site-packages/django_extensions/static/django_extensions/css
copying build/lib/django_extensions/static/django_extensions/css/jquery.autocomplete.css -> /home/ubuntu/miniconda/envs/_build/lib/python2.7/site-packages/django_extensions/static/django_extensions/css
creating /home/ubuntu/miniconda/envs/_build/lib/python2.7/site-packages/django_extensions/static/django_extensions/js
copying build/lib/django_extensions/static/django_extensions/js/jquery-1.7.2.min.js -> /home/ubuntu/miniconda/envs/_build/lib/python2.7/site-packages/django_extensions/static/django_extensions/js
copying build/lib/django_extensions/static/django_extensions/js/jquery.ajaxQueue.js -> /home/ubuntu/miniconda/envs/_build/lib/python2.7/site-packages/django_extensions/static/django_extensions/js
copying build/lib/django_extensions/static/django_extensions/js/jquery.autocomplete.js -> /home/ubuntu/miniconda/envs/_build/lib/python2.7/site-packages/django_extensions/static/django_extensions/js
copying build/lib/django_extensions/static/django_extensions/js/jquery.bgiframe.min.js -> /home/ubuntu/miniconda/envs/_build/lib/python2.7/site-packages/django_extensions/static/django_extensions/js
copying build/lib/django_extensions/__init__.py -> /home/ubuntu/miniconda/envs/_build/lib/python2.7/site-packages/django_extensions
copying build/lib/django_extensions/settings.py -> /home/ubuntu/miniconda/envs/_build/lib/python2.7/site-packages/django_extensions
copying build/lib/django_extensions/models.py -> /home/ubuntu/miniconda/envs/_build/lib/python2.7/site-packages/django_extensions
creating /home/ubuntu/miniconda/envs/_build/lib/python2.7/site-packages/django_extensions/logging
copying build/lib/django_extensions/logging/filters.py -> /home/ubuntu/miniconda/envs/_build/lib/python2.7/site-packages/django_extensions/logging
copying build/lib/django_extensions/logging/__init__.py -> /home/ubuntu/miniconda/envs/_build/lib/python2.7/site-packages/django_extensions/logging
creating /home/ubuntu/miniconda/envs/_build/lib/python2.7/site-packages/django_extensions/db
copying build/lib/django_extensions/db/__init__.py -> /home/ubuntu/miniconda/envs/_build/lib/python2.7/site-packages/django_extensions/db
creating /home/ubuntu/miniconda/envs/_build/lib/python2.7/site-packages/django_extensions/db/fields
copying build/lib/django_extensions/db/fields/json.py -> /home/ubuntu/miniconda/envs/_build/lib/python2.7/site-packages/django_extensions/db/fields
copying build/lib/django_extensions/db/fields/__init__.py -> /home/ubuntu/miniconda/envs/_build/lib/python2.7/site-packages/django_extensions/db/fields
copying build/lib/django_extensions/db/fields/encrypted.py -> /home/ubuntu/miniconda/envs/_build/lib/python2.7/site-packages/django_extensions/db/fields
copying build/lib/django_extensions/db/models.py -> /home/ubuntu/miniconda/envs/_build/lib/python2.7/site-packages/django_extensions/db
creating /home/ubuntu/miniconda/envs/_build/lib/python2.7/site-packages/django_extensions/migrations
copying build/lib/django_extensions/migrations/0001_empty.py -> /home/ubuntu/miniconda/envs/_build/lib/python2.7/site-packages/django_extensions/migrations
copying build/lib/django_extensions/migrations/__init__.py -> /home/ubuntu/miniconda/envs/_build/lib/python2.7/site-packages/django_extensions/migrations
creating /home/ubuntu/miniconda/envs/_build/lib/python2.7/site-packages/django_extensions/locale
creating /home/ubuntu/miniconda/envs/_build/lib/python2.7/site-packages/django_extensions/locale/de
creating /home/ubuntu/miniconda/envs/_build/lib/python2.7/site-packages/django_extensions/locale/de/LC_MESSAGES
copying build/lib/django_extensions/locale/de/LC_MESSAGES/django.mo -> /home/ubuntu/miniconda/envs/_build/lib/python2.7/site-packages/django_extensions/locale/de/LC_MESSAGES
copying build/lib/django_extensions/locale/de/LC_MESSAGES/django.po -> /home/ubuntu/miniconda/envs/_build/lib/python2.7/site-packages/django_extensions/locale/de/LC_MESSAGES
creating /home/ubuntu/miniconda/envs/_build/lib/python2.7/site-packages/django_extensions/locale/it
creating /home/ubuntu/miniconda/envs/_build/lib/python2.7/site-packages/django_extensions/locale/it/LC_MESSAGES
copying build/lib/django_extensions/locale/it/LC_MESSAGES/django.mo -> /home/ubuntu/miniconda/envs/_build/lib/python2.7/site-packages/django_extensions/locale/it/LC_MESSAGES
copying build/lib/django_extensions/locale/it/LC_MESSAGES/django.po -> /home/ubuntu/miniconda/envs/_build/lib/python2.7/site-packages/django_extensions/locale/it/LC_MESSAGES
creating /home/ubuntu/miniconda/envs/_build/lib/python2.7/site-packages/django_extensions/locale/ja
creating /home/ubuntu/miniconda/envs/_build/lib/python2.7/site-packages/django_extensions/locale/ja/LC_MESSAGES
copying build/lib/django_extensions/locale/ja/LC_MESSAGES/django.mo -> /home/ubuntu/miniconda/envs/_build/lib/python2.7/site-packages/django_extensions/locale/ja/LC_MESSAGES
copying build/lib/django_extensions/locale/ja/LC_MESSAGES/django.po -> /home/ubuntu/miniconda/envs/_build/lib/python2.7/site-packages/django_extensions/locale/ja/LC_MESSAGES
creating /home/ubuntu/miniconda/envs/_build/lib/python2.7/site-packages/django_extensions/locale/cs
creating /home/ubuntu/miniconda/envs/_build/lib/python2.7/site-packages/django_extensions/locale/cs/LC_MESSAGES
copying build/lib/django_extensions/locale/cs/LC_MESSAGES/django.mo -> /home/ubuntu/miniconda/envs/_build/lib/python2.7/site-packages/django_extensions/locale/cs/LC_MESSAGES
copying build/lib/django_extensions/locale/cs/LC_MESSAGES/django.po -> /home/ubuntu/miniconda/envs/_build/lib/python2.7/site-packages/django_extensions/locale/cs/LC_MESSAGES
creating /home/ubuntu/miniconda/envs/_build/lib/python2.7/site-packages/django_extensions/locale/zh_CN
creating /home/ubuntu/miniconda/envs/_build/lib/python2.7/site-packages/django_extensions/locale/zh_CN/LC_MESSAGES
copying build/lib/django_extensions/locale/zh_CN/LC_MESSAGES/django.mo -> /home/ubuntu/miniconda/envs/_build/lib/python2.7/site-packages/django_extensions/locale/zh_CN/LC_MESSAGES
copying build/lib/django_extensions/locale/zh_CN/LC_MESSAGES/django.po -> /home/ubuntu/miniconda/envs/_build/lib/python2.7/site-packages/django_extensions/locale/zh_CN/LC_MESSAGES
creating /home/ubuntu/miniconda/envs/_build/lib/python2.7/site-packages/django_extensions/locale/es
creating /home/ubuntu/miniconda/envs/_build/lib/python2.7/site-packages/django_extensions/locale/es/LC_MESSAGES
copying build/lib/django_extensions/locale/es/LC_MESSAGES/django.mo -> /home/ubuntu/miniconda/envs/_build/lib/python2.7/site-packages/django_extensions/locale/es/LC_MESSAGES
copying build/lib/django_extensions/locale/es/LC_MESSAGES/django.po -> /home/ubuntu/miniconda/envs/_build/lib/python2.7/site-packages/django_extensions/locale/es/LC_MESSAGES
creating /home/ubuntu/miniconda/envs/_build/lib/python2.7/site-packages/django_extensions/locale/pt
creating /home/ubuntu/miniconda/envs/_build/lib/python2.7/site-packages/django_extensions/locale/pt/LC_MESSAGES
copying build/lib/django_extensions/locale/pt/LC_MESSAGES/django.mo -> /home/ubuntu/miniconda/envs/_build/lib/python2.7/site-packages/django_extensions/locale/pt/LC_MESSAGES
copying build/lib/django_extensions/locale/pt/LC_MESSAGES/django.po -> /home/ubuntu/miniconda/envs/_build/lib/python2.7/site-packages/django_extensions/locale/pt/LC_MESSAGES
creating /home/ubuntu/miniconda/envs/_build/lib/python2.7/site-packages/django_extensions/locale/en
creating /home/ubuntu/miniconda/envs/_build/lib/python2.7/site-packages/django_extensions/locale/en/LC_MESSAGES
copying build/lib/django_extensions/locale/en/LC_MESSAGES/django.mo -> /home/ubuntu/miniconda/envs/_build/lib/python2.7/site-packages/django_extensions/locale/en/LC_MESSAGES
copying build/lib/django_extensions/locale/en/LC_MESSAGES/django.po -> /home/ubuntu/miniconda/envs/_build/lib/python2.7/site-packages/django_extensions/locale/en/LC_MESSAGES
creating /home/ubuntu/miniconda/envs/_build/lib/python2.7/site-packages/django_extensions/locale/fr
creating /home/ubuntu/miniconda/envs/_build/lib/python2.7/site-packages/django_extensions/locale/fr/LC_MESSAGES
copying build/lib/django_extensions/locale/fr/LC_MESSAGES/django.mo -> /home/ubuntu/miniconda/envs/_build/lib/python2.7/site-packages/django_extensions/locale/fr/LC_MESSAGES
copying build/lib/django_extensions/locale/fr/LC_MESSAGES/django.po -> /home/ubuntu/miniconda/envs/_build/lib/python2.7/site-packages/django_extensions/locale/fr/LC_MESSAGES
creating /home/ubuntu/miniconda/envs/_build/lib/python2.7/site-packages/django_extensions/locale/sk
creating /home/ubuntu/miniconda/envs/_build/lib/python2.7/site-packages/django_extensions/locale/sk/LC_MESSAGES
copying build/lib/django_extensions/locale/sk/LC_MESSAGES/django.mo -> /home/ubuntu/miniconda/envs/_build/lib/python2.7/site-packages/django_extensions/locale/sk/LC_MESSAGES
copying build/lib/django_extensions/locale/sk/LC_MESSAGES/django.po -> /home/ubuntu/miniconda/envs/_build/lib/python2.7/site-packages/django_extensions/locale/sk/LC_MESSAGES
creating /home/ubuntu/miniconda/envs/_build/lib/python2.7/site-packages/django_extensions/locale/da
creating /home/ubuntu/miniconda/envs/_build/lib/python2.7/site-packages/django_extensions/locale/da/LC_MESSAGES
copying build/lib/django_extensions/locale/da/LC_MESSAGES/django.mo -> /home/ubuntu/miniconda/envs/_build/lib/python2.7/site-packages/django_extensions/locale/da/LC_MESSAGES
copying build/lib/django_extensions/locale/da/LC_MESSAGES/django.po -> /home/ubuntu/miniconda/envs/_build/lib/python2.7/site-packages/django_extensions/locale/da/LC_MESSAGES
creating /home/ubuntu/miniconda/envs/_build/lib/python2.7/site-packages/django_extensions/locale/ro
creating /home/ubuntu/miniconda/envs/_build/lib/python2.7/site-packages/django_extensions/locale/ro/LC_MESSAGES
copying build/lib/django_extensions/locale/ro/LC_MESSAGES/django.mo -> /home/ubuntu/miniconda/envs/_build/lib/python2.7/site-packages/django_extensions/locale/ro/LC_MESSAGES
copying build/lib/django_extensions/locale/ro/LC_MESSAGES/django.po -> /home/ubuntu/miniconda/envs/_build/lib/python2.7/site-packages/django_extensions/locale/ro/LC_MESSAGES
creating /home/ubuntu/miniconda/envs/_build/lib/python2.7/site-packages/django_extensions/locale/el
creating /home/ubuntu/miniconda/envs/_build/lib/python2.7/site-packages/django_extensions/locale/el/LC_MESSAGES
copying build/lib/django_extensions/locale/el/LC_MESSAGES/django.mo -> /home/ubuntu/miniconda/envs/_build/lib/python2.7/site-packages/django_extensions/locale/el/LC_MESSAGES
copying build/lib/django_extensions/locale/el/LC_MESSAGES/django.po -> /home/ubuntu/miniconda/envs/_build/lib/python2.7/site-packages/django_extensions/locale/el/LC_MESSAGES
creating /home/ubuntu/miniconda/envs/_build/lib/python2.7/site-packages/django_extensions/locale/hu
creating /home/ubuntu/miniconda/envs/_build/lib/python2.7/site-packages/django_extensions/locale/hu/LC_MESSAGES
copying build/lib/django_extensions/locale/hu/LC_MESSAGES/django.mo -> /home/ubuntu/miniconda/envs/_build/lib/python2.7/site-packages/django_extensions/locale/hu/LC_MESSAGES
copying build/lib/django_extensions/locale/hu/LC_MESSAGES/django.po -> /home/ubuntu/miniconda/envs/_build/lib/python2.7/site-packages/django_extensions/locale/hu/LC_MESSAGES
creating /home/ubuntu/miniconda/envs/_build/lib/python2.7/site-packages/django_extensions/locale/et
creating /home/ubuntu/miniconda/envs/_build/lib/python2.7/site-packages/django_extensions/locale/et/LC_MESSAGES
copying build/lib/django_extensions/locale/et/LC_MESSAGES/django.mo -> /home/ubuntu/miniconda/envs/_build/lib/python2.7/site-packages/django_extensions/locale/et/LC_MESSAGES
copying build/lib/django_extensions/locale/et/LC_MESSAGES/django.po -> /home/ubuntu/miniconda/envs/_build/lib/python2.7/site-packages/django_extensions/locale/et/LC_MESSAGES
creating /home/ubuntu/miniconda/envs/_build/lib/python2.7/site-packages/django_extensions/locale/tr
creating /home/ubuntu/miniconda/envs/_build/lib/python2.7/site-packages/django_extensions/locale/tr/LC_MESSAGES
copying build/lib/django_extensions/locale/tr/LC_MESSAGES/django.mo -> /home/ubuntu/miniconda/envs/_build/lib/python2.7/site-packages/django_extensions/locale/tr/LC_MESSAGES
copying build/lib/django_extensions/locale/tr/LC_MESSAGES/django.po -> /home/ubuntu/miniconda/envs/_build/lib/python2.7/site-packages/django_extensions/locale/tr/LC_MESSAGES
creating /home/ubuntu/miniconda/envs/_build/lib/python2.7/site-packages/django_extensions/locale/pt_BR
creating /home/ubuntu/miniconda/envs/_build/lib/python2.7/site-packages/django_extensions/locale/pt_BR/LC_MESSAGES
copying build/lib/django_extensions/locale/pt_BR/LC_MESSAGES/django.mo -> /home/ubuntu/miniconda/envs/_build/lib/python2.7/site-packages/django_extensions/locale/pt_BR/LC_MESSAGES
copying build/lib/django_extensions/locale/pt_BR/LC_MESSAGES/django.po -> /home/ubuntu/miniconda/envs/_build/lib/python2.7/site-packages/django_extensions/locale/pt_BR/LC_MESSAGES
creating /home/ubuntu/miniconda/envs/_build/lib/python2.7/site-packages/django_extensions/locale/pl
creating /home/ubuntu/miniconda/envs/_build/lib/python2.7/site-packages/django_extensions/locale/pl/LC_MESSAGES
copying build/lib/django_extensions/locale/pl/LC_MESSAGES/django.mo -> /home/ubuntu/miniconda/envs/_build/lib/python2.7/site-packages/django_extensions/locale/pl/LC_MESSAGES
copying build/lib/django_extensions/locale/pl/LC_MESSAGES/django.po -> /home/ubuntu/miniconda/envs/_build/lib/python2.7/site-packages/django_extensions/locale/pl/LC_MESSAGES
creating /home/ubuntu/miniconda/envs/_build/lib/python2.7/site-packages/django_extensions/locale/ru
creating /home/ubuntu/miniconda/envs/_build/lib/python2.7/site-packages/django_extensions/locale/ru/LC_MESSAGES
copying build/lib/django_extensions/locale/ru/LC_MESSAGES/django.mo -> /home/ubuntu/miniconda/envs/_build/lib/python2.7/site-packages/django_extensions/locale/ru/LC_MESSAGES
copying build/lib/django_extensions/locale/ru/LC_MESSAGES/django.po -> /home/ubuntu/miniconda/envs/_build/lib/python2.7/site-packages/django_extensions/locale/ru/LC_MESSAGES
byte-compiling /home/ubuntu/miniconda/envs/_build/lib/python2.7/site-packages/django_extensions/admin/widgets.py to widgets.pyc
byte-compiling /home/ubuntu/miniconda/envs/_build/lib/python2.7/site-packages/django_extensions/admin/__init__.py to __init__.pyc
byte-compiling /home/ubuntu/miniconda/envs/_build/lib/python2.7/site-packages/django_extensions/compat.py to compat.pyc
byte-compiling /home/ubuntu/miniconda/envs/_build/lib/python2.7/site-packages/django_extensions/management/color.py to color.pyc
byte-compiling /home/ubuntu/miniconda/envs/_build/lib/python2.7/site-packages/django_extensions/management/utils.py to utils.pyc
byte-compiling /home/ubuntu/miniconda/envs/_build/lib/python2.7/site-packages/django_extensions/management/modelviz.py to modelviz.pyc
byte-compiling /home/ubuntu/miniconda/envs/_build/lib/python2.7/site-packages/django_extensions/management/jobs.py to jobs.pyc
byte-compiling /home/ubuntu/miniconda/envs/_build/lib/python2.7/site-packages/django_extensions/management/signals.py to signals.pyc
byte-compiling /home/ubuntu/miniconda/envs/_build/lib/python2.7/site-packages/django_extensions/management/technical_response.py to technical_response.pyc
byte-compiling /home/ubuntu/miniconda/envs/_build/lib/python2.7/site-packages/django_extensions/management/shells.py to shells.pyc
byte-compiling /home/ubuntu/miniconda/envs/_build/lib/python2.7/site-packages/django_extensions/management/__init__.py to __init__.pyc
byte-compiling /home/ubuntu/miniconda/envs/_build/lib/python2.7/site-packages/django_extensions/management/email_notifications.py to email_notifications.pyc
byte-compiling /home/ubuntu/miniconda/envs/_build/lib/python2.7/site-packages/django_extensions/management/commands/show_urls.py to show_urls.pyc
byte-compiling /home/ubuntu/miniconda/envs/_build/lib/python2.7/site-packages/django_extensions/management/commands/create_template_tags.py to create_template_tags.pyc
byte-compiling /home/ubuntu/miniconda/envs/_build/lib/python2.7/site-packages/django_extensions/management/commands/print_user_for_session.py to print_user_for_session.pyc
byte-compiling /home/ubuntu/miniconda/envs/_build/lib/python2.7/site-packages/django_extensions/management/commands/generate_secret_key.py to generate_secret_key.pyc
byte-compiling /home/ubuntu/miniconda/envs/_build/lib/python2.7/site-packages/django_extensions/management/commands/passwd.py to passwd.pyc
byte-compiling /home/ubuntu/miniconda/envs/_build/lib/python2.7/site-packages/django_extensions/management/commands/graph_models.py to graph_models.pyc
byte-compiling /home/ubuntu/miniconda/envs/_build/lib/python2.7/site-packages/django_extensions/management/commands/create_jobs.py to create_jobs.pyc
byte-compiling /home/ubuntu/miniconda/envs/_build/lib/python2.7/site-packages/django_extensions/management/commands/shell_plus.py to shell_plus.pyc
byte-compiling /home/ubuntu/miniconda/envs/_build/lib/python2.7/site-packages/django_extensions/management/commands/sync_s3.py to sync_s3.pyc
byte-compiling /home/ubuntu/miniconda/envs/_build/lib/python2.7/site-packages/django_extensions/management/commands/sqldsn.py to sqldsn.pyc
byte-compiling /home/ubuntu/miniconda/envs/_build/lib/python2.7/site-packages/django_extensions/management/commands/runjob.py to runjob.pyc
byte-compiling /home/ubuntu/miniconda/envs/_build/lib/python2.7/site-packages/django_extensions/management/commands/create_command.py to create_command.pyc
byte-compiling /home/ubuntu/miniconda/envs/_build/lib/python2.7/site-packages/django_extensions/management/commands/compile_pyc.py to compile_pyc.pyc
byte-compiling /home/ubuntu/miniconda/envs/_build/lib/python2.7/site-packages/django_extensions/management/commands/clean_pyc.py to clean_pyc.pyc
byte-compiling /home/ubuntu/miniconda/envs/_build/lib/python2.7/site-packages/django_extensions/management/commands/update_permissions.py to update_permissions.pyc
byte-compiling /home/ubuntu/miniconda/envs/_build/lib/python2.7/site-packages/django_extensions/management/commands/runserver_plus.py to runserver_plus.pyc
byte-compiling /home/ubuntu/miniconda/envs/_build/lib/python2.7/site-packages/django_extensions/management/commands/syncdata.py to syncdata.pyc
byte-compiling /home/ubuntu/miniconda/envs/_build/lib/python2.7/site-packages/django_extensions/management/commands/validate_templates.py to validate_templates.pyc
byte-compiling /home/ubuntu/miniconda/envs/_build/lib/python2.7/site-packages/django_extensions/management/commands/unreferenced_files.py to unreferenced_files.pyc
byte-compiling /home/ubuntu/miniconda/envs/_build/lib/python2.7/site-packages/django_extensions/management/commands/runprofileserver.py to runprofileserver.pyc
byte-compiling /home/ubuntu/miniconda/envs/_build/lib/python2.7/site-packages/django_extensions/management/commands/clear_cache.py to clear_cache.pyc
byte-compiling /home/ubuntu/miniconda/envs/_build/lib/python2.7/site-packages/django_extensions/management/commands/create_app.py to create_app.pyc
byte-compiling /home/ubuntu/miniconda/envs/_build/lib/python2.7/site-packages/django_extensions/management/commands/mail_debug.py to mail_debug.pyc
byte-compiling /home/ubuntu/miniconda/envs/_build/lib/python2.7/site-packages/django_extensions/management/commands/set_fake_emails.py to set_fake_emails.pyc
byte-compiling /home/ubuntu/miniconda/envs/_build/lib/python2.7/site-packages/django_extensions/management/commands/runjobs.py to runjobs.pyc
byte-compiling /home/ubuntu/miniconda/envs/_build/lib/python2.7/site-packages/django_extensions/management/commands/set_fake_passwords.py to set_fake_passwords.pyc
byte-compiling /home/ubuntu/miniconda/envs/_build/lib/python2.7/site-packages/django_extensions/management/commands/set_default_site.py to set_default_site.pyc
byte-compiling /home/ubuntu/miniconda/envs/_build/lib/python2.7/site-packages/django_extensions/management/commands/export_emails.py to export_emails.pyc
byte-compiling /home/ubuntu/miniconda/envs/_build/lib/python2.7/site-packages/django_extensions/management/commands/runscript.py to runscript.pyc
byte-compiling /home/ubuntu/miniconda/envs/_build/lib/python2.7/site-packages/django_extensions/management/commands/pipchecker.py to pipchecker.pyc
byte-compiling /home/ubuntu/miniconda/envs/_build/lib/python2.7/site-packages/django_extensions/management/commands/print_settings.py to print_settings.pyc
byte-compiling /home/ubuntu/miniconda/envs/_build/lib/python2.7/site-packages/django_extensions/management/commands/admin_generator.py to admin_generator.pyc
byte-compiling /home/ubuntu/miniconda/envs/_build/lib/python2.7/site-packages/django_extensions/management/commands/sqlcreate.py to sqlcreate.pyc
byte-compiling /home/ubuntu/miniconda/envs/_build/lib/python2.7/site-packages/django_extensions/management/commands/reset_db.py to reset_db.pyc
byte-compiling /home/ubuntu/miniconda/envs/_build/lib/python2.7/site-packages/django_extensions/management/commands/find_template.py to find_template.pyc
byte-compiling /home/ubuntu/miniconda/envs/_build/lib/python2.7/site-packages/django_extensions/management/commands/describe_form.py to describe_form.pyc
byte-compiling /home/ubuntu/miniconda/envs/_build/lib/python2.7/site-packages/django_extensions/management/commands/__init__.py to __init__.pyc
byte-compiling /home/ubuntu/miniconda/envs/_build/lib/python2.7/site-packages/django_extensions/management/commands/show_templatetags.py to show_templatetags.pyc
byte-compiling /home/ubuntu/miniconda/envs/_build/lib/python2.7/site-packages/django_extensions/management/commands/sqldiff.py to sqldiff.pyc
byte-compiling /home/ubuntu/miniconda/envs/_build/lib/python2.7/site-packages/django_extensions/management/commands/drop_test_database.py to drop_test_database.pyc
byte-compiling /home/ubuntu/miniconda/envs/_build/lib/python2.7/site-packages/django_extensions/management/commands/notes.py to notes.pyc
byte-compiling /home/ubuntu/miniconda/envs/_build/lib/python2.7/site-packages/django_extensions/management/commands/dumpscript.py to dumpscript.pyc
byte-compiling /home/ubuntu/miniconda/envs/_build/lib/python2.7/site-packages/django_extensions/management/notebook_extension.py to notebook_extension.pyc
byte-compiling /home/ubuntu/miniconda/envs/_build/lib/python2.7/site-packages/django_extensions/management/base.py to base.pyc
byte-compiling /home/ubuntu/miniconda/envs/_build/lib/python2.7/site-packages/django_extensions/utils/dia2django.py to dia2django.pyc
byte-compiling /home/ubuntu/miniconda/envs/_build/lib/python2.7/site-packages/django_extensions/utils/validatingtemplatetags.py to validatingtemplatetags.pyc
byte-compiling /home/ubuntu/miniconda/envs/_build/lib/python2.7/site-packages/django_extensions/utils/text.py to text.pyc
byte-compiling /home/ubuntu/miniconda/envs/_build/lib/python2.7/site-packages/django_extensions/utils/__init__.py to __init__.pyc
byte-compiling /home/ubuntu/miniconda/envs/_build/lib/python2.7/site-packages/django_extensions/validators.py to validators.pyc
byte-compiling /home/ubuntu/miniconda/envs/_build/lib/python2.7/site-packages/django_extensions/jobs/hourly/__init__.py to __init__.pyc
byte-compiling /home/ubuntu/miniconda/envs/_build/lib/python2.7/site-packages/django_extensions/jobs/daily/cache_cleanup.py to cache_cleanup.pyc
byte-compiling /home/ubuntu/miniconda/envs/_build/lib/python2.7/site-packages/django_extensions/jobs/daily/daily_cleanup.py to daily_cleanup.pyc
byte-compiling /home/ubuntu/miniconda/envs/_build/lib/python2.7/site-packages/django_extensions/jobs/daily/__init__.py to __init__.pyc
byte-compiling /home/ubuntu/miniconda/envs/_build/lib/python2.7/site-packages/django_extensions/jobs/monthly/__init__.py to __init__.pyc
byte-compiling /home/ubuntu/miniconda/envs/_build/lib/python2.7/site-packages/django_extensions/jobs/yearly/__init__.py to __init__.pyc
byte-compiling /home/ubuntu/miniconda/envs/_build/lib/python2.7/site-packages/django_extensions/jobs/__init__.py to __init__.pyc
byte-compiling /home/ubuntu/miniconda/envs/_build/lib/python2.7/site-packages/django_extensions/jobs/minutely/__init__.py to __init__.pyc
byte-compiling /home/ubuntu/miniconda/envs/_build/lib/python2.7/site-packages/django_extensions/jobs/weekly/__init__.py to __init__.pyc
byte-compiling /home/ubuntu/miniconda/envs/_build/lib/python2.7/site-packages/django_extensions/templatetags/indent_text.py to indent_text.pyc
byte-compiling /home/ubuntu/miniconda/envs/_build/lib/python2.7/site-packages/django_extensions/templatetags/highlighting.py to highlighting.pyc
byte-compiling /home/ubuntu/miniconda/envs/_build/lib/python2.7/site-packages/django_extensions/templatetags/syntax_color.py to syntax_color.pyc
byte-compiling /home/ubuntu/miniconda/envs/_build/lib/python2.7/site-packages/django_extensions/templatetags/truncate_letters.py to truncate_letters.pyc
byte-compiling /home/ubuntu/miniconda/envs/_build/lib/python2.7/site-packages/django_extensions/templatetags/__init__.py to __init__.pyc
byte-compiling /home/ubuntu/miniconda/envs/_build/lib/python2.7/site-packages/django_extensions/templatetags/widont.py to widont.pyc
byte-compiling /home/ubuntu/miniconda/envs/_build/lib/python2.7/site-packages/django_extensions/mongodb/__init__.py to __init__.pyc
byte-compiling /home/ubuntu/miniconda/envs/_build/lib/python2.7/site-packages/django_extensions/mongodb/fields/json.py to json.pyc
byte-compiling /home/ubuntu/miniconda/envs/_build/lib/python2.7/site-packages/django_extensions/mongodb/fields/__init__.py to __init__.pyc
byte-compiling /home/ubuntu/miniconda/envs/_build/lib/python2.7/site-packages/django_extensions/mongodb/fields/encrypted.py to encrypted.pyc
byte-compiling /home/ubuntu/miniconda/envs/_build/lib/python2.7/site-packages/django_extensions/mongodb/models.py to models.pyc
byte-compiling /home/ubuntu/miniconda/envs/_build/lib/python2.7/site-packages/django_extensions/__init__.py to __init__.pyc
byte-compiling /home/ubuntu/miniconda/envs/_build/lib/python2.7/site-packages/django_extensions/settings.py to settings.pyc
byte-compiling /home/ubuntu/miniconda/envs/_build/lib/python2.7/site-packages/django_extensions/models.py to models.pyc
byte-compiling /home/ubuntu/miniconda/envs/_build/lib/python2.7/site-packages/django_extensions/logging/filters.py to filters.pyc
byte-compiling /home/ubuntu/miniconda/envs/_build/lib/python2.7/site-packages/django_extensions/logging/__init__.py to __init__.pyc
byte-compiling /home/ubuntu/miniconda/envs/_build/lib/python2.7/site-packages/django_extensions/db/__init__.py to __init__.pyc
byte-compiling /home/ubuntu/miniconda/envs/_build/lib/python2.7/site-packages/django_extensions/db/fields/json.py to json.pyc
byte-compiling /home/ubuntu/miniconda/envs/_build/lib/python2.7/site-packages/django_extensions/db/fields/__init__.py to __init__.pyc
byte-compiling /home/ubuntu/miniconda/envs/_build/lib/python2.7/site-packages/django_extensions/db/fields/encrypted.py to encrypted.pyc
byte-compiling /home/ubuntu/miniconda/envs/_build/lib/python2.7/site-packages/django_extensions/db/models.py to models.pyc
byte-compiling /home/ubuntu/miniconda/envs/_build/lib/python2.7/site-packages/django_extensions/migrations/0001_empty.py to 0001_empty.pyc
byte-compiling /home/ubuntu/miniconda/envs/_build/lib/python2.7/site-packages/django_extensions/migrations/__init__.py to __init__.pyc
running install_egg_info
Writing /home/ubuntu/miniconda/envs/_build/lib/python2.7/site-packages/django_extensions-1.5.5-py2.7.egg-info

The following NEW packages will be INSTALLED:

    openssl:    1.0.1k-1     
    pip:        7.0.3-py27_0 
    python:     2.7.10-0     
    readline:   6.2-2        
    setuptools: 17.1.1-py27_0
    six:        1.9.0-py27_0 
    sqlite:     3.8.4.1-1    
    system:     5.8-2        
    tk:         8.5.18-0     
    zlib:       1.2.8-0      

Linking packages ...
[                    ]|                                                  |   0%[openssl             ]|                                                  |   0%[readline            ]|#####                                             |  10%[sqlite              ]|##########                                        |  20%[system              ]|###############                                   |  30%[tk                  ]|####################                              |  40%[zlib                ]|#########################                         |  50%[python              ]|##############################                    |  60%[setuptools          ]|###################################               |  70%[six                 ]|########################################          |  80%[pip                 ]|#############################################     |  90%[      COMPLETE      ]|##################################################| 100%
Removing old work directory
Source cache directory is: /home/ubuntu/miniconda/conda-bld/src_cache
Found source in cache: django-extensions-1.5.5.tar.gz
Extracting download
Package: django-extensions-1.5.5-py27_0
source tree in: /home/ubuntu/miniconda/conda-bld/work/django-extensions-1.5.5
number of files: 253
Fixing permissions
Fixing permissions
BUILD END: django-extensions-1.5.5-py27_0
TEST START: django-extensions-1.5.5-py27_0
Fetching package metadata: ......
Error: No packages found in current linux-64 channels matching: tox
