Warning, the following versions were found for django-dynamic-fixture
1.8.4
1.8.3
1.8.2
1.8.1
1.8.0
1.7.0
1.6.5
1.6.4
1.6.3
1.6.2
1.6.1
1.6.0
1.5.1
1.5.0
1.4.3
1.4.2
1.4.1
1.4.0
1.3.1
1.3.0
1.2.3
1.2.2
1.2.1
1.2
1.0
Using 1.8.4
Use --version to specify a different version.
Using url https://pypi.python.org/packages/source/d/django-dynamic-fixture/django-dynamic-fixture-1.8.4.tar.gz (33 KB) for django-dynamic-fixture.
Downloading django-dynamic-fixture (use --no-download to skip this step)
Using cached download
Unpacking django-dynamic-fixture...
done
working in /tmp/tmpZODPThconda_skeleton_django-dynamic-fixture-1.8.4.tar.gz
Fetching package metadata: ......
Solving package specifications: .patching file core.py
Hunk #1 succeeded at 168 with fuzz 2 (offset 2 lines).

The following NEW packages will be INSTALLED:

    numpy:  1.9.2-py27_0
    pyyaml: 3.11-py27_0 

Linking packages ...
[                    ]|                                                  |   0%[numpy               ]|                                                  |   0%[pyyaml              ]|#########################                         |  50%[      COMPLETE      ]|##################################################| 100%
Applying patch: '/tmp/tmpZODPThconda_skeleton_django-dynamic-fixture-1.8.4.tar.gz/pypi-distutils.patch'
Warning, the following versions were found for django-coverage
1.2.4
1.2.2
1.2.1
1.2
1.1.1
1.1
1.1a1
1.0.3
1.0.2
1.0.1
1.0
Using 1.2.4
Use --version to specify a different version.
Using url https://pypi.python.org/packages/source/d/django-coverage/django-coverage-1.2.4.tar.gz (137 KB) for django-coverage.
Downloading django-coverage (use --no-download to skip this step)
Using cached download
Unpacking django-coverage...
done
working in /tmp/tmph24toqconda_skeleton_django-coverage-1.2.4.tar.gz
Solving package specifications: .patching file core.py
Hunk #1 succeeded at 168 with fuzz 2 (offset 2 lines).

Applying patch: '/tmp/tmph24toqconda_skeleton_django-coverage-1.2.4.tar.gz/pypi-distutils.patch'
Writing recipe for django-coverage
Writing recipe for django-dynamic-fixture
Done
