Warning, the following versions were found for django-filter
0.10.0
0.9.2
0.9.1
0.9.0
0.8
0.7
0.6
0.6a1
0.5.4
0.5.3
0.5.2
0.5.1
0.5.0
0.2.0
0.1.0
Using 0.10.0
Use --version to specify a different version.
Using url https://pypi.python.org/packages/source/d/django-filter/django-filter-0.10.0.tar.gz (193 KB) for django-filter.
Downloading django-filter (use --no-download to skip this step)
Using cached download
Unpacking django-filter...
done
working in /tmp/tmpNWMjorconda_skeleton_django-filter-0.10.0.tar.gz
Fetching package metadata: ......
Solving package specifications: .patching file core.py
Hunk #1 succeeded at 168 with fuzz 2 (offset 2 lines).

The following NEW packages will be INSTALLED:

    numpy:  1.9.2-py27_0
    pyyaml: 3.11-py27_0 
    yaml:   0.1.4-0     

Linking packages ...
[                    ]|                                                  |   0%[yaml                ]|                                                  |   0%[numpy               ]|################                                  |  33%[pyyaml              ]|#################################                 |  66%[      COMPLETE      ]|##################################################| 100%
Applying patch: '/tmp/tmpNWMjorconda_skeleton_django-filter-0.10.0.tar.gz/pypi-distutils.patch'
Writing recipe for django-filter
Done
