Warning, the following versions were found for django_polymorphic
0.7.1
0.7
0.6.1
0.6
0.5.6
0.5.5
0.5.4
0.5.3
0.5.2
0.5.1
0.5
0.4.2
0.4.0
0.3.1
0.2
Using 0.7.1
Use --version to specify a different version.
Using url https://pypi.python.org/packages/source/d/django_polymorphic/django_polymorphic-0.7.1.tar.gz (35 KB) for django_polymorphic.
Downloading django_polymorphic (use --no-download to skip this step)
Using cached download
Unpacking django_polymorphic...
done
working in /tmp/tmp_eIJ99conda_skeleton_django_polymorphic-0.7.1.tar.gz
Fetching package metadata: ......
Solving package specifications: .patching file core.py
Hunk #1 succeeded at 168 with fuzz 2 (offset 2 lines).
Traceback (most recent call last):
  File "setup.py", line 2, in <module>
    from setuptools import setup, find_packages
ImportError: No module named setuptools

Applying patch: '/tmp/tmp_eIJ99conda_skeleton_django_polymorphic-0.7.1.tar.gz/pypi-distutils.patch'
$PYTHONPATH = /tmp/tmp_eIJ99conda_skeleton_django_polymorphic-0.7.1.tar.gz/django_polymorphic-0.7.1
Error: command failed: /home/ubuntu/miniconda/envs/_build/bin/python setup.py install
