Removing old build directory
Removing old work directory
BUILD START: django-mptt-0.7.4-py27_0
Fetching package metadata: ......
Solving package specifications: .+ /home/ubuntu/miniconda/envs/_build/bin/python setup.py install
Traceback (most recent call last):
  File "setup.py", line 50, in <module>
    **kwargs
  File "/home/ubuntu/miniconda/envs/_build/lib/python2.7/distutils/core.py", line 111, in setup
    _setup_distribution = dist = klass(attrs)
  File "/home/ubuntu/miniconda/envs/_build/lib/python2.7/distutils/dist.py", line 259, in __init__
    getattr(self.metadata, "set_" + key)(val)
  File "/home/ubuntu/miniconda/envs/_build/lib/python2.7/distutils/dist.py", line 1220, in set_requires
    distutils.versionpredicate.VersionPredicate(v)
  File "/home/ubuntu/miniconda/envs/_build/lib/python2.7/distutils/versionpredicate.py", line 113, in __init__
    raise ValueError("expected parenthesized list: %r" % paren)
ValueError: expected parenthesized list: '>=1.4.2'

The following NEW packages will be INSTALLED:

    openssl:    1.0.1k-1     
    pip:        7.0.3-py27_0 
    python:     2.7.10-0     
    readline:   6.2-2        
    setuptools: 17.1.1-py27_0
    sqlite:     3.8.4.1-1    
    system:     5.8-2        
    tk:         8.5.18-0     
    zlib:       1.2.8-0      

Linking packages ...
[                    ]|                                                  |   0%[openssl             ]|                                                  |   0%[readline            ]|#####                                             |  11%[sqlite              ]|###########                                       |  22%[system              ]|################                                  |  33%[tk                  ]|######################                            |  44%[zlib                ]|###########################                       |  55%[python              ]|#################################                 |  66%[setuptools          ]|######################################            |  77%[pip                 ]|############################################      |  88%[      COMPLETE      ]|##################################################| 100%
Removing old work directory
Source cache directory is: /home/ubuntu/miniconda/conda-bld/src_cache
Found source in cache: django-mptt-0.7.4.tar.gz
Extracting download
Package: django-mptt-0.7.4-py27_0
source tree in: /home/ubuntu/miniconda/conda-bld/work/django-mptt-0.7.4
Command failed: /bin/bash -x -e /home/ubuntu/pypi-conda-builds/recipes/django-mptt/build.sh
