Warning, the following versions were found for django-appconf
1.0.1
1.0
0.6
0.5
0.4.1
0.4
Using 1.0.1
Use --version to specify a different version.
Using url https://pypi.python.org/packages/source/d/django-appconf/django-appconf-1.0.1.tar.gz (16 KB) for django-appconf.
Downloading django-appconf (use --no-download to skip this step)
Using cached download
Unpacking django-appconf...
done
working in /tmp/tmpkcUi5Mconda_skeleton_django-appconf-1.0.1.tar.gz
Fetching package metadata: ......
Solving package specifications: .patching file core.py
Hunk #1 succeeded at 168 with fuzz 2 (offset 2 lines).
Traceback (most recent call last):
  File "setup.py", line 4, in <module>
    from setuptools import setup
ImportError: No module named setuptools

Applying patch: '/tmp/tmpkcUi5Mconda_skeleton_django-appconf-1.0.1.tar.gz/pypi-distutils.patch'
$PYTHONPATH = /tmp/tmpkcUi5Mconda_skeleton_django-appconf-1.0.1.tar.gz/django-appconf-1.0.1
Error: command failed: /home/ubuntu/miniconda/envs/_build/bin/python setup.py install
