Warning, the following versions were found for django-sekizai
0.8.2
0.8.1
0.8
0.7
0.6.1
0.6
0.5
0.4.2
0.4.1
0.4.0
0.3.0
0.2.0
0.1.2
0.1.1
0.1.0
Using 0.8.2
Use --version to specify a different version.
Using url https://pypi.python.org/packages/source/d/django-sekizai/django-sekizai-0.8.2.tar.gz (163 KB) for django-sekizai.
Downloading django-sekizai (use --no-download to skip this step)
Unpacking django-sekizai...
done
working in /tmp/tmpNUvIRCconda_skeleton_django-sekizai-0.8.2.tar.gz
Fetching package metadata: ......
Solving package specifications: .patching file core.py
Hunk #1 succeeded at 168 with fuzz 2 (offset 2 lines).
Traceback (most recent call last):
  File "setup.py", line 1, in <module>
    from setuptools import setup, find_packages
ImportError: No module named setuptools

Applying patch: '/tmp/tmpNUvIRCconda_skeleton_django-sekizai-0.8.2.tar.gz/pypi-distutils.patch'
$PYTHONPATH = /tmp/tmpNUvIRCconda_skeleton_django-sekizai-0.8.2.tar.gz/django-sekizai-0.8.2
Error: command failed: /home/ubuntu/miniconda/envs/_build/bin/python setup.py install
