Package search: {'_pypi_ordering': False, 'version': '1.0.1', 'name': 'django-appconf', 'summary': 'A helper class for handling configuration defaults of packaged apps gracefully.'}
Fetching package metadata: ....
Removing old build directory
Removing old work directory
BUILD START: django-appconf-1.0.1-py27_0
Fetching package metadata: ......
Solving package specifications: .+ pip install django-appconf
You are using pip version 7.0.1, however version 7.0.3 is available.
You should consider upgrading via the 'pip install --upgrade pip' command.
Collecting django-appconf
  Downloading http://localhost/packages/py2.py3/d/django-appconf/django_appconf-1.0.1-py2.py3-none-any.whl
Requirement already satisfied (use --upgrade to upgrade): six in /home/ubuntu/miniconda/envs/_build/lib/python2.7/site-packages (from django-appconf)
Installing collected packages: django-appconf
Successfully installed django-appconf-1.0.1

The following NEW packages will be INSTALLED:

    openssl:    1.0.1k-1    
    pip:        7.0.1-py27_0
    python:     2.7.10-0    
    readline:   6.2-2       
    setuptools: 17.0-py27_0 
    six:        1.9.0-py27_0
    sqlite:     3.8.4.1-1   
    system:     5.8-2       
    tk:         8.5.18-0    
    zlib:       1.2.8-0     

Linking packages ...
[                    ]|                                                  |   0%[openssl             ]|                                                  |   0%[readline            ]|#####                                             |  10%[sqlite              ]|##########                                        |  20%[system              ]|###############                                   |  30%[tk                  ]|####################                              |  40%[zlib                ]|#########################                         |  50%[python              ]|##############################                    |  60%[setuptools          ]|###################################               |  70%[six                 ]|########################################          |  80%[pip                 ]|#############################################     |  90%[      COMPLETE      ]|##################################################| 100%
Removing old work directory
Copying /home/ubuntu/pypi-conda-builds/django-appconf to /home/ubuntu/miniconda/conda-bld/work
Package: django-appconf-1.0.1-py27_0
source tree in: /home/ubuntu/miniconda/conda-bld/work
number of files: 13
Fixing permissions
Fixing permissions
BUILD END: django-appconf-1.0.1-py27_0
# If you want to upload this package to binstar.org later, type:
#
# $ binstar upload /home/ubuntu/miniconda/conda-bld/linux-64/django-appconf-1.0.1-py27_0.tar.bz2
#
# To have conda build upload to binstar automatically, use
# $ conda config --set binstar_upload yes

Creating standard recipe for django-appconf-1.0.1
Converting recipe in /home/ubuntu/pypi-conda-builds/django-appconf
package = django-appconf
   dependencies = [u'six']
Building conda package for django-appconf
