Warning, the following versions were found for django-classy-tags
0.6.1
0.6.0
0.5.2
0.5.1
0.5
0.4
0.3.5
0.3.4.1
0.3.4
0.3.3.1
0.3.3
0.3.2
0.3.1
0.3.0
0.2.2
0.2.1
0.2.0
0.1.3
0.1.2
0.1.1
0.1.0
Using 0.6.1
Use --version to specify a different version.
Using url https://pypi.python.org/packages/source/d/django-classy-tags/django-classy-tags-0.6.1.tar.gz (18 KB) for django-classy-tags.
Downloading django-classy-tags (use --no-download to skip this step)
Using cached download
Unpacking django-classy-tags...
done
working in /tmp/tmpoFOGkiconda_skeleton_django-classy-tags-0.6.1.tar.gz
Fetching package metadata: ......
Solving package specifications: .patching file core.py
Hunk #1 succeeded at 168 with fuzz 2 (offset 2 lines).

Applying patch: '/tmp/tmpoFOGkiconda_skeleton_django-classy-tags-0.6.1.tar.gz/pypi-distutils.patch'
Writing recipe for django-classy-tags
Done
