Warning, the following versions were found for django-import-export
0.2.7
0.2.6
0.2.5
0.2.4
0.2.3
0.2.2
0.2.1
0.2.0
0.1.6
0.1.5
0.1.4
0.1.3
0.1.2
0.1.1
0.1.0
Using 0.2.7
Use --version to specify a different version.
Using url https://pypi.python.org/packages/source/d/django-import-export/django-import-export-0.2.7.tar.gz (31 KB) for django-import-export.
Downloading django-import-export (use --no-download to skip this step)
Using cached download
Unpacking django-import-export...
done
working in /tmp/tmpp99skQconda_skeleton_django-import-export-0.2.7.tar.gz
Fetching package metadata: ......
Solving package specifications: .patching file core.py
Hunk #1 succeeded at 168 with fuzz 2 (offset 2 lines).
Traceback (most recent call last):
  File "setup.py", line 2, in <module>
    from setuptools import find_packages
ImportError: No module named setuptools

Applying patch: '/tmp/tmpp99skQconda_skeleton_django-import-export-0.2.7.tar.gz/pypi-distutils.patch'
$PYTHONPATH = /tmp/tmpp99skQconda_skeleton_django-import-export-0.2.7.tar.gz/django-import-export-0.2.7
Error: command failed: /home/ubuntu/miniconda/envs/_build/bin/python setup.py install
