Warning, the following versions were found for django-braces
1.8.0
1.4.0
1.3.1
1.3.0
1.2.2
1.2.1
1.2.0
1.1.0
1.0.0
0.2.3
0.2.2
0.2.1
0.2.0
0.1.9
0.1.8
0.1.7
0.1.6
0.1.5
0.1.4
0.1.3
0.1.2
0.1.1
0.1.0
Using 1.8.0
Use --version to specify a different version.
Using url https://pypi.python.org/packages/source/d/django-braces/django-braces-1.8.0.tar.gz (12 KB) for django-braces.
Downloading django-braces (use --no-download to skip this step)
Using cached download
Unpacking django-braces...
done
working in /tmp/tmpoU8MJDconda_skeleton_django-braces-1.8.0.tar.gz
Fetching package metadata: ......
Solving package specifications: .patching file core.py
Hunk #1 succeeded at 168 with fuzz 2 (offset 2 lines).
Traceback (most recent call last):
  File "setup.py", line 1, in <module>
    from setuptools import setup
ImportError: No module named setuptools

Applying patch: '/tmp/tmpoU8MJDconda_skeleton_django-braces-1.8.0.tar.gz/pypi-distutils.patch'
$PYTHONPATH = /tmp/tmpoU8MJDconda_skeleton_django-braces-1.8.0.tar.gz/django-braces-1.8.0
Error: command failed: /home/ubuntu/miniconda/envs/_build/bin/python setup.py install
