Warning, the following versions were found for django-recaptcha
1.0.4
1.0.3
1.0.2
1.0
0.0.9
0.0.8
0.0.7
0.0.6
0.0.5
0.0.4
0.0.3
0.0.2
0.0.1
Using 1.0.4
Use --version to specify a different version.
Using url https://pypi.python.org/packages/source/d/django-recaptcha/django-recaptcha-1.0.4.tar.gz (10 KB) for django-recaptcha.
Downloading django-recaptcha (use --no-download to skip this step)
Using cached download
Unpacking django-recaptcha...
done
working in /tmp/tmpOkrum1conda_skeleton_django-recaptcha-1.0.4.tar.gz
Fetching package metadata: ......
Solving package specifications: .patching file core.py
Hunk #1 succeeded at 168 with fuzz 2 (offset 2 lines).
Traceback (most recent call last):
  File "setup.py", line 1, in <module>
    from setuptools import setup, find_packages
ImportError: No module named setuptools

Applying patch: '/tmp/tmpOkrum1conda_skeleton_django-recaptcha-1.0.4.tar.gz/pypi-distutils.patch'
$PYTHONPATH = /tmp/tmpOkrum1conda_skeleton_django-recaptcha-1.0.4.tar.gz/django-recaptcha-1.0.4
Error: command failed: /home/ubuntu/miniconda/envs/_build/bin/python setup.py install
