Warning, the following versions were found for django-timezone-field
1.2
1.1
1.0
0.4
0.3.2
0.3.1
Using 1.2
Use --version to specify a different version.
Using url https://pypi.python.org/packages/source/d/django-timezone-field/django-timezone-field-1.2.tar.gz (8 KB) for django-timezone-field.
Downloading django-timezone-field (use --no-download to skip this step)
Using cached download
Unpacking django-timezone-field...
done
working in /tmp/tmpoys9QZconda_skeleton_django-timezone-field-1.2.tar.gz
Fetching package metadata: ......
Solving package specifications: .patching file core.py
Hunk #1 succeeded at 168 with fuzz 2 (offset 2 lines).
Traceback (most recent call last):
  File "setup.py", line 3, in <module>
    from setuptools import setup
ImportError: No module named setuptools

The following NEW packages will be INSTALLED:

    numpy:  1.9.2-py27_0
    pyyaml: 3.11-py27_0 

Linking packages ...
[                    ]|                                                  |   0%[numpy               ]|                                                  |   0%[pyyaml              ]|#########################                         |  50%[      COMPLETE      ]|##################################################| 100%
Applying patch: '/tmp/tmpoys9QZconda_skeleton_django-timezone-field-1.2.tar.gz/pypi-distutils.patch'
$PYTHONPATH = /tmp/tmpoys9QZconda_skeleton_django-timezone-field-1.2.tar.gz/django-timezone-field-1.2
Error: command failed: /home/ubuntu/miniconda/envs/_build/bin/python setup.py install
