Warning, the following versions were found for django-localflavor
1.1
1.0
Using 1.1
Use --version to specify a different version.
Using url https://pypi.python.org/packages/source/d/django-localflavor/django-localflavor-1.1.tar.gz (2.4 MB) for django-localflavor.
Downloading django-localflavor (use --no-download to skip this step)
Using cached download
Unpacking django-localflavor...
done
working in /tmp/tmp7t65o0conda_skeleton_django-localflavor-1.1.tar.gz
Fetching package metadata: ......
Solving package specifications: .patching file core.py
Hunk #1 succeeded at 168 with fuzz 2 (offset 2 lines).
Traceback (most recent call last):
  File "setup.py", line 7, in <module>
    from setuptools import setup, find_packages
ImportError: No module named setuptools

Applying patch: '/tmp/tmp7t65o0conda_skeleton_django-localflavor-1.1.tar.gz/pypi-distutils.patch'
$PYTHONPATH = /tmp/tmp7t65o0conda_skeleton_django-localflavor-1.1.tar.gz/django-localflavor-1.1
Error: command failed: /home/ubuntu/miniconda/envs/_build/bin/python setup.py install
