Warning, the following versions were found for django-reversion
1.8.7
1.8.6
1.8.5
1.8.4
1.8.3
1.8.2
1.8.1
1.8.0
1.7.1
1.7
1.6.6
1.6.5
1.6.4
1.6.3
1.6.2
1.6.1
1.6.0
1.5.7
1.5.6
1.5.5
1.5.4
1.5.3
1.5.2
1.5.1
1.5
1.4
1.3.3
1.3.2
1.3.1
1.3
1.2.1
1.2
1.1.2
1.1.1
1.1
Using 1.8.7
Use --version to specify a different version.
Using url https://pypi.python.org/packages/source/d/django-reversion/django-reversion-1.8.7.tar.gz (57 KB) for django-reversion.
Downloading django-reversion (use --no-download to skip this step)
Using cached download
Unpacking django-reversion...
done
working in /tmp/tmpxlchPDconda_skeleton_django-reversion-1.8.7.tar.gz
Fetching package metadata: ......
Solving package specifications: .patching file core.py
Hunk #1 succeeded at 168 with fuzz 2 (offset 2 lines).

The following NEW packages will be INSTALLED:

    numpy:  1.9.2-py27_0
    pyyaml: 3.11-py27_0 

Linking packages ...
[                    ]|                                                  |   0%[numpy               ]|                                                  |   0%[pyyaml              ]|#########################                         |  50%[      COMPLETE      ]|##################################################| 100%
Applying patch: '/tmp/tmpxlchPDconda_skeleton_django-reversion-1.8.7.tar.gz/pypi-distutils.patch'
Writing recipe for django-reversion
Done
