Warning, the following versions were found for djangocms-admin-style
0.2.7
0.2.6
0.2.5
0.2.4
0.2.3
0.2.2
0.2.1
0.2.0
0.1.4
0.1.3
0.1.2
0.1.1
0.1.0
0.0.15
0.0.14
0.0.13
0.0.12
0.0.11
0.0.10
0.0.9
0.0.8
0.0.7
Using 0.2.7
Use --version to specify a different version.
Using url https://pypi.python.org/packages/source/d/djangocms-admin-style/djangocms-admin-style-0.2.7.tar.gz (373 KB) for djangocms-admin-style.
Downloading djangocms-admin-style (use --no-download to skip this step)
Unpacking djangocms-admin-style...
done
working in /tmp/tmpnibJRlconda_skeleton_djangocms-admin-style-0.2.7.tar.gz
Fetching package metadata: ......
Solving package specifications: .patching file core.py
Hunk #1 succeeded at 168 with fuzz 2 (offset 2 lines).
Traceback (most recent call last):
  File "setup.py", line 1, in <module>
    from setuptools import setup, find_packages
ImportError: No module named setuptools

Applying patch: '/tmp/tmpnibJRlconda_skeleton_djangocms-admin-style-0.2.7.tar.gz/pypi-distutils.patch'
$PYTHONPATH = /tmp/tmpnibJRlconda_skeleton_djangocms-admin-style-0.2.7.tar.gz/djangocms-admin-style-0.2.7
Error: command failed: /home/ubuntu/miniconda/envs/_build/bin/python setup.py install
