Warning, the following versions were found for django-debug-toolbar
1.3.0
1.2.2
1.2.1
1.2
1.1
1.0.1
1.0
0.11
0.11.0
0.10.2
0.10.1
0.10.0
0.9.4
0.9.3
0.9.2
0.9.1
0.8.5
0.8.4
0.8.3
0.8.2
0.8.1
0.8.0
0.7.0
Using 1.3.0
Use --version to specify a different version.
Using url https://pypi.python.org/packages/source/d/django-debug-toolbar/django-debug-toolbar-1.3.0.tar.gz (111 KB) for django-debug-toolbar.
Downloading django-debug-toolbar (use --no-download to skip this step)
Using cached download
Unpacking django-debug-toolbar...
done
working in /tmp/tmph_75z_conda_skeleton_django-debug-toolbar-1.3.0.tar.gz
Fetching package metadata: ......
Solving package specifications: .patching file core.py
Hunk #1 succeeded at 168 with fuzz 2 (offset 2 lines).

The following NEW packages will be INSTALLED:

    numpy:  1.9.2-py27_0
    pyyaml: 3.11-py27_0 

Linking packages ...
[                    ]|                                                  |   0%[numpy               ]|                                                  |   0%[pyyaml              ]|#########################                         |  50%[      COMPLETE      ]|##################################################| 100%
Applying patch: '/tmp/tmph_75z_conda_skeleton_django-debug-toolbar-1.3.0.tar.gz/pypi-distutils.patch'
Writing recipe for django-debug-toolbar
Done
