Warning, the following versions were found for django-phonenumber-field
0.7.2
0.7.1
0.6
0.5
0.2.1
0.2a3
0.2a1
Using 0.7.2
Use --version to specify a different version.
Using url https://pypi.python.org/packages/source/d/django-phonenumber-field/django-phonenumber-field-0.7.2.tar.gz (6 KB) for django-phonenumber-field.
Downloading django-phonenumber-field (use --no-download to skip this step)
Using cached download
Unpacking django-phonenumber-field...
done
working in /tmp/tmpVBObiaconda_skeleton_django-phonenumber-field-0.7.2.tar.gz
Fetching package metadata: ......
Solving package specifications: .patching file core.py
Hunk #1 succeeded at 168 with fuzz 2 (offset 2 lines).
Traceback (most recent call last):
  File "setup.py", line 1, in <module>
    from setuptools import setup, find_packages
ImportError: No module named setuptools

The following NEW packages will be INSTALLED:

    numpy:  1.9.2-py27_0
    pyyaml: 3.11-py27_0 

Linking packages ...
[                    ]|                                                  |   0%[numpy               ]|                                                  |   0%[pyyaml              ]|#########################                         |  50%[      COMPLETE      ]|##################################################| 100%
Applying patch: '/tmp/tmpVBObiaconda_skeleton_django-phonenumber-field-0.7.2.tar.gz/pypi-distutils.patch'
$PYTHONPATH = /tmp/tmpVBObiaconda_skeleton_django-phonenumber-field-0.7.2.tar.gz/django-phonenumber-field-0.7.2
Error: command failed: /home/ubuntu/miniconda/envs/_build/bin/python setup.py install
