Package search: {'_pypi_ordering': False, 'version': '1.3.0', 'name': 'django-debug-toolbar', 'summary': 'A configurable set of panels that display various debug information about the current request/response.'}
Fetching package metadata: ....
Removing old build directory
Removing old work directory
BUILD START: django-debug-toolbar-1.3.0-py27_0
Fetching package metadata: ......
Solving package specifications: ...............
Warning: 2 possible package resolutions (only showing differing packages):
	[u'sqlparse-0.1.15-py_0.tar.bz2'],
	[u'sqlparse-0.1.15-py27_0.tar.bz2'],
+ pip install django-debug-toolbar
Collecting django-debug-toolbar
  Downloading http://localhost/packages/2.7/d/django-debug-toolbar/django_debug_toolbar-1.3.0-py2.py3-none-any.whl (203kB)
Requirement already satisfied (use --upgrade to upgrade): django>=1.4.2 in /home/ubuntu/miniconda/envs/_build/lib/python2.7/site-packages (from django-debug-toolbar)
Requirement already satisfied (use --upgrade to upgrade): sqlparse in /home/ubuntu/miniconda/envs/_build/lib/python2.7/site-packages/sqlparse-0.1.15-py2.7.egg (from django-debug-toolbar)
Installing collected packages: django-debug-toolbar
Successfully installed django-debug-toolbar-1.3.0

The following NEW packages will be INSTALLED:

    django:     1.8.2-py27_0
    openssl:    1.0.1k-1    
    pip:        7.0.3-py27_0
    python:     2.7.10-0    
    readline:   6.2-2       
    setuptools: 17.0-py27_0 
    sqlite:     3.8.4.1-1   
    sqlparse:   0.1.15-py_0 
    system:     5.8-2       
    tk:         8.5.18-0    
    zlib:       1.2.8-0     

Linking packages ...
[                    ]|                                                  |   0%[openssl             ]|                                                  |   0%[readline            ]|####                                              |   9%[sqlite              ]|#########                                         |  18%[system              ]|#############                                     |  27%[tk                  ]|##################                                |  36%[zlib                ]|######################                            |  45%[django              ]|###########################                       |  54%[python              ]|###############################                   |  63%[setuptools          ]|####################################              |  72%[sqlparse            ]|########################################          |  81%[pip                 ]|#############################################     |  90%[      COMPLETE      ]|##################################################| 100%
Removing old work directory
Copying /home/ubuntu/pypi-conda-builds/django-debug-toolbar to /home/ubuntu/miniconda/conda-bld/work
Package: django-debug-toolbar-1.3.0-py27_0
source tree in: /home/ubuntu/miniconda/conda-bld/work
number of files: 143
Fixing permissions
Fixing permissions
BUILD END: django-debug-toolbar-1.3.0-py27_0
# If you want to upload this package to binstar.org later, type:
#
# $ binstar upload /home/ubuntu/miniconda/conda-bld/linux-64/django-debug-toolbar-1.3.0-py27_0.tar.bz2
#
# To have conda build upload to binstar automatically, use
# $ conda config --set binstar_upload yes

Creating standard recipe for django-debug-toolbar-1.3.0
Converting recipe in /home/ubuntu/pypi-conda-builds/django-debug-toolbar
package = django-debug-toolbar
   dependencies = [u'django >=1.4.2', u'sqlparse']
Building conda package for django-debug-toolbar
