Warning, the following versions were found for django-registration
1.0
0.8
0.7
0.6
0.5
Using 1.0
Use --version to specify a different version.
Using url https://pypi.python.org/packages/source/d/django-registration/django-registration-1.0.tar.gz (270 KB) for django-registration.
Downloading django-registration (use --no-download to skip this step)
Using cached download
Unpacking django-registration...
done
working in /tmp/tmpy4HolUconda_skeleton_django-registration-1.0.tar.gz
Fetching package metadata: ......
Solving package specifications: .patching file core.py
Hunk #1 succeeded at 168 with fuzz 2 (offset 2 lines).

The following NEW packages will be INSTALLED:

    numpy:  1.9.2-py27_0
    pyyaml: 3.11-py27_0 

Linking packages ...
[                    ]|                                                  |   0%[numpy               ]|                                                  |   0%[pyyaml              ]|#########################                         |  50%[      COMPLETE      ]|##################################################| 100%
Applying patch: '/tmp/tmpy4HolUconda_skeleton_django-registration-1.0.tar.gz/pypi-distutils.patch'
Writing recipe for django-registration
Done
