Removing old build directory
Removing old work directory
BUILD START: django-nose-1.4-py27_0
Fetching package metadata: ......
Solving package specifications: .+ /home/ubuntu/miniconda/envs/_build/bin/python setup.py install
running install
running bdist_egg
running egg_info
writing requirements to django_nose.egg-info/requires.txt
writing django_nose.egg-info/PKG-INFO
writing top-level names to django_nose.egg-info/top_level.txt
writing dependency_links to django_nose.egg-info/dependency_links.txt
reading manifest file 'django_nose.egg-info/SOURCES.txt'
reading manifest template 'MANIFEST.in'
warning: no previously-included files matching '*.py[co]' found under directory 'django_nose'
warning: no previously-included files matching '*.py[co]' found under directory 'testapp'
writing manifest file 'django_nose.egg-info/SOURCES.txt'
installing library code to build/bdist.linux-x86_64/egg
running install_lib
running build_py
creating build
creating build/lib
creating build/lib/django_nose
copying django_nose/tools.py -> build/lib/django_nose
copying django_nose/utils.py -> build/lib/django_nose
copying django_nose/plugin.py -> build/lib/django_nose
copying django_nose/fixture_tables.py -> build/lib/django_nose
copying django_nose/__init__.py -> build/lib/django_nose
copying django_nose/runner.py -> build/lib/django_nose
copying django_nose/testcases.py -> build/lib/django_nose
creating build/lib/django_nose/management
copying django_nose/management/__init__.py -> build/lib/django_nose/management
creating build/lib/django_nose/management/commands
copying django_nose/management/commands/__init__.py -> build/lib/django_nose/management/commands
copying django_nose/management/commands/test.py -> build/lib/django_nose/management/commands
creating build/bdist.linux-x86_64
creating build/bdist.linux-x86_64/egg
creating build/bdist.linux-x86_64/egg/django_nose
copying build/lib/django_nose/tools.py -> build/bdist.linux-x86_64/egg/django_nose
copying build/lib/django_nose/utils.py -> build/bdist.linux-x86_64/egg/django_nose
copying build/lib/django_nose/plugin.py -> build/bdist.linux-x86_64/egg/django_nose
creating build/bdist.linux-x86_64/egg/django_nose/management
copying build/lib/django_nose/management/__init__.py -> build/bdist.linux-x86_64/egg/django_nose/management
creating build/bdist.linux-x86_64/egg/django_nose/management/commands
copying build/lib/django_nose/management/commands/__init__.py -> build/bdist.linux-x86_64/egg/django_nose/management/commands
copying build/lib/django_nose/management/commands/test.py -> build/bdist.linux-x86_64/egg/django_nose/management/commands
copying build/lib/django_nose/fixture_tables.py -> build/bdist.linux-x86_64/egg/django_nose
copying build/lib/django_nose/__init__.py -> build/bdist.linux-x86_64/egg/django_nose
copying build/lib/django_nose/runner.py -> build/bdist.linux-x86_64/egg/django_nose
copying build/lib/django_nose/testcases.py -> build/bdist.linux-x86_64/egg/django_nose
byte-compiling build/bdist.linux-x86_64/egg/django_nose/tools.py to tools.pyc
byte-compiling build/bdist.linux-x86_64/egg/django_nose/utils.py to utils.pyc
byte-compiling build/bdist.linux-x86_64/egg/django_nose/plugin.py to plugin.pyc
byte-compiling build/bdist.linux-x86_64/egg/django_nose/management/__init__.py to __init__.pyc
byte-compiling build/bdist.linux-x86_64/egg/django_nose/management/commands/__init__.py to __init__.pyc
byte-compiling build/bdist.linux-x86_64/egg/django_nose/management/commands/test.py to test.pyc
byte-compiling build/bdist.linux-x86_64/egg/django_nose/fixture_tables.py to fixture_tables.pyc
byte-compiling build/bdist.linux-x86_64/egg/django_nose/__init__.py to __init__.pyc
byte-compiling build/bdist.linux-x86_64/egg/django_nose/runner.py to runner.pyc
byte-compiling build/bdist.linux-x86_64/egg/django_nose/testcases.py to testcases.pyc
creating build/bdist.linux-x86_64/egg/EGG-INFO
copying django_nose.egg-info/PKG-INFO -> build/bdist.linux-x86_64/egg/EGG-INFO
copying django_nose.egg-info/SOURCES.txt -> build/bdist.linux-x86_64/egg/EGG-INFO
copying django_nose.egg-info/dependency_links.txt -> build/bdist.linux-x86_64/egg/EGG-INFO
copying django_nose.egg-info/not-zip-safe -> build/bdist.linux-x86_64/egg/EGG-INFO
copying django_nose.egg-info/requires.txt -> build/bdist.linux-x86_64/egg/EGG-INFO
copying django_nose.egg-info/top_level.txt -> build/bdist.linux-x86_64/egg/EGG-INFO
creating dist
creating 'dist/django_nose-1.4-py2.7.egg' and adding 'build/bdist.linux-x86_64/egg' to it
removing 'build/bdist.linux-x86_64/egg' (and everything under it)
Processing django_nose-1.4-py2.7.egg
creating /home/ubuntu/miniconda/envs/_build/lib/python2.7/site-packages/django_nose-1.4-py2.7.egg
Extracting django_nose-1.4-py2.7.egg to /home/ubuntu/miniconda/envs/_build/lib/python2.7/site-packages
Adding django-nose 1.4 to easy-install.pth file

Installed /home/ubuntu/miniconda/envs/_build/lib/python2.7/site-packages/django_nose-1.4-py2.7.egg
Processing dependencies for django-nose==1.4
Searching for Django==1.8.2
Best match: Django 1.8.2
Adding Django 1.8.2 to easy-install.pth file

Using /home/ubuntu/miniconda/envs/_build/lib/python2.7/site-packages
Searching for nose==1.3.6
Best match: nose 1.3.6
Processing nose-1.3.6-py2.7.egg
Adding nose 1.3.6 to easy-install.pth file
Installing nosetests script to /home/ubuntu/miniconda/envs/_build/bin
Installing nosetests-2.7 script to /home/ubuntu/miniconda/envs/_build/bin

Using /home/ubuntu/miniconda/envs/_build/lib/python2.7/site-packages/nose-1.3.6-py2.7.egg
Finished processing dependencies for django-nose==1.4

The following NEW packages will be INSTALLED:

    django:     1.8.2-py27_0
    nose:       1.3.6-py27_0
    openssl:    1.0.1k-1    
    pip:        7.0.1-py27_0
    python:     2.7.10-0    
    readline:   6.2-2       
    setuptools: 17.0-py27_0 
    sqlite:     3.8.4.1-1   
    system:     5.8-2       
    tk:         8.5.18-0    
    zlib:       1.2.8-0     

Linking packages ...
[                    ]|                                                  |   0%[openssl             ]|                                                  |   0%[readline            ]|####                                              |   9%[sqlite              ]|#########                                         |  18%[system              ]|#############                                     |  27%[tk                  ]|##################                                |  36%[zlib                ]|######################                            |  45%[django              ]|###########################                       |  54%[python              ]|###############################                   |  63%[setuptools          ]|####################################              |  72%[nose                ]|########################################          |  81%[pip                 ]|#############################################     |  90%[      COMPLETE      ]|##################################################| 100%
Removing old work directory
Source cache directory is: /home/ubuntu/miniconda/conda-bld/src_cache
Found source in cache: django-nose-1.4.tar.gz
Extracting download
Package: django-nose-1.4-py27_0
source tree in: /home/ubuntu/miniconda/conda-bld/work/django-nose-1.4
found egg dir: /home/ubuntu/miniconda/envs/_build/lib/python2.7/site-packages/django_nose-1.4-py2.7.egg
number of files: 21
Fixing permissions
Fixing permissions
BUILD END: django-nose-1.4-py27_0
TEST START: django-nose-1.4-py27_0
Fetching package metadata: ......
Error: No packages found in current linux-64 channels matching: south>=0.7
