Removing old build directory
Removing old work directory
BUILD START: django-page-cms-1.8.0-py27_0
Fetching package metadata: ......
Solving package specifications: .+ /home/ubuntu/miniconda/envs/_build/bin/python setup.py install
running install
running bdist_egg
running egg_info
writing django_page_cms.egg-info/PKG-INFO
writing top-level names to django_page_cms.egg-info/top_level.txt
writing dependency_links to django_page_cms.egg-info/dependency_links.txt
reading manifest file 'django_page_cms.egg-info/SOURCES.txt'
reading manifest template 'MANIFEST.in'
writing manifest file 'django_page_cms.egg-info/SOURCES.txt'
installing library code to build/bdist.linux-x86_64/egg
running install_lib
running build_py
creating build
creating build/lib
creating build/lib/pages
copying pages/test_runner.py -> build/lib/pages
copying pages/utils.py -> build/lib/pages
copying pages/widgets.py -> build/lib/pages
copying pages/search_indexes.py -> build/lib/pages
copying pages/phttp.py -> build/lib/pages
copying pages/placeholders.py -> build/lib/pages
copying pages/views.py -> build/lib/pages
copying pages/cache.py -> build/lib/pages
copying pages/permissions.py -> build/lib/pages
copying pages/urls.py -> build/lib/pages
copying pages/managers.py -> build/lib/pages
copying pages/__init__.py -> build/lib/pages
copying pages/context_processors.py -> build/lib/pages
copying pages/settings.py -> build/lib/pages
copying pages/models.py -> build/lib/pages
copying pages/urlconf_registry.py -> build/lib/pages
copying pages/widgets_registry.py -> build/lib/pages
creating build/lib/pages/admin
copying pages/admin/utils.py -> build/lib/pages/admin
copying pages/admin/views.py -> build/lib/pages/admin
copying pages/admin/forms.py -> build/lib/pages/admin
copying pages/admin/__init__.py -> build/lib/pages/admin
creating build/lib/pages/management
copying pages/management/__init__.py -> build/lib/pages/management
creating build/lib/pages/plugins
copying pages/plugins/__init__.py -> build/lib/pages/plugins
creating build/lib/pages/templatetags
copying pages/templatetags/pages_tags.py -> build/lib/pages/templatetags
copying pages/templatetags/ckeditor_placeholder.py -> build/lib/pages/templatetags
copying pages/templatetags/__init__.py -> build/lib/pages/templatetags
creating build/lib/pages/tests
copying pages/tests/test_functionnal.py -> build/lib/pages/tests
copying pages/tests/test_selenium.py -> build/lib/pages/tests
copying pages/tests/test_regression.py -> build/lib/pages/tests
copying pages/tests/__init__.py -> build/lib/pages/tests
copying pages/tests/testcase.py -> build/lib/pages/tests
copying pages/tests/test_unit.py -> build/lib/pages/tests
creating build/lib/pages/testproj
copying pages/testproj/manage.py -> build/lib/pages/testproj
copying pages/testproj/search_sites.py -> build/lib/pages/testproj
copying pages/testproj/views.py -> build/lib/pages/testproj
copying pages/testproj/urls.py -> build/lib/pages/testproj
copying pages/testproj/__init__.py -> build/lib/pages/testproj
copying pages/testproj/test_settings.py -> build/lib/pages/testproj
creating build/lib/pages/management/commands
copying pages/management/commands/__init__.py -> build/lib/pages/management/commands
creating build/lib/pages/plugins/pofiles
copying pages/plugins/pofiles/utils.py -> build/lib/pages/plugins/pofiles
copying pages/plugins/pofiles/__init__.py -> build/lib/pages/plugins/pofiles
creating build/lib/pages/plugins/jsonexport
copying pages/plugins/jsonexport/admin_urls.py -> build/lib/pages/plugins/jsonexport
copying pages/plugins/jsonexport/utils.py -> build/lib/pages/plugins/jsonexport
copying pages/plugins/jsonexport/actions.py -> build/lib/pages/plugins/jsonexport
copying pages/plugins/jsonexport/__init__.py -> build/lib/pages/plugins/jsonexport
copying pages/plugins/jsonexport/models.py -> build/lib/pages/plugins/jsonexport
creating build/lib/pages/plugins/pofiles/management
copying pages/plugins/pofiles/management/__init__.py -> build/lib/pages/plugins/pofiles/management
creating build/lib/pages/plugins/pofiles/management/commands
copying pages/plugins/pofiles/management/commands/pages_export_po.py -> build/lib/pages/plugins/pofiles/management/commands
copying pages/plugins/pofiles/management/commands/pages_import_po.py -> build/lib/pages/plugins/pofiles/management/commands
copying pages/plugins/pofiles/management/commands/__init__.py -> build/lib/pages/plugins/pofiles/management/commands
creating build/lib/pages/plugins/jsonexport/management
copying pages/plugins/jsonexport/management/__init__.py -> build/lib/pages/plugins/jsonexport/management
creating build/lib/pages/plugins/jsonexport/management/commands
copying pages/plugins/jsonexport/management/commands/pages_import_json.py -> build/lib/pages/plugins/jsonexport/management/commands
copying pages/plugins/jsonexport/management/commands/__init__.py -> build/lib/pages/plugins/jsonexport/management/commands
copying pages/plugins/jsonexport/management/commands/pages_export_json.py -> build/lib/pages/plugins/jsonexport/management/commands
creating build/lib/pages/testproj/documents
copying pages/testproj/documents/admin.py -> build/lib/pages/testproj/documents
copying pages/testproj/documents/views.py -> build/lib/pages/testproj/documents
copying pages/testproj/documents/urls.py -> build/lib/pages/testproj/documents
copying pages/testproj/documents/__init__.py -> build/lib/pages/testproj/documents
copying pages/testproj/documents/models.py -> build/lib/pages/testproj/documents
creating build/lib/pages/templates
creating build/lib/pages/templates/admin
creating build/lib/pages/templates/admin/pages
creating build/lib/pages/templates/admin/pages/page
copying pages/templates/admin/pages/page/change_list.html -> build/lib/pages/templates/admin/pages/page
copying pages/templates/admin/pages/page/sub_menu.html -> build/lib/pages/templates/admin/pages/page
copying pages/templates/admin/pages/page/change_form.html -> build/lib/pages/templates/admin/pages/page
copying pages/templates/admin/pages/page/change_list_table.html -> build/lib/pages/templates/admin/pages/page
copying pages/templates/admin/pages/page/menu.html -> build/lib/pages/templates/admin/pages/page
creating build/lib/pages/templates/admin/pages/page/includes
copying pages/templates/admin/pages/page/includes/fieldset.html -> build/lib/pages/templates/admin/pages/page/includes
creating build/lib/pages/templates/pages
copying pages/templates/pages/traduction_helper.html -> build/lib/pages/templates/pages
copying pages/templates/pages/breadcrumb.html -> build/lib/pages/templates/pages
copying pages/templates/pages/dynamic_tree_menu.html -> build/lib/pages/templates/pages
copying pages/templates/pages/embed.html -> build/lib/pages/templates/pages
copying pages/templates/pages/sub_menu.html -> build/lib/pages/templates/pages
copying pages/templates/pages/contact.html -> build/lib/pages/templates/pages
copying pages/templates/pages/menu.html -> build/lib/pages/templates/pages
copying pages/templates/pages/revisions.html -> build/lib/pages/templates/pages
copying pages/templates/pages/content.html -> build/lib/pages/templates/pages
creating build/lib/pages/templates/pages/examples
copying pages/templates/pages/examples/index.html -> build/lib/pages/templates/pages/examples
copying pages/templates/pages/examples/debug.html -> build/lib/pages/templates/pages/examples
copying pages/templates/pages/examples/files.html -> build/lib/pages/templates/pages/examples
copying pages/templates/pages/examples/cool.html -> build/lib/pages/templates/pages/examples
copying pages/templates/pages/examples/ckeditor.html -> build/lib/pages/templates/pages/examples
copying pages/templates/pages/examples/nice.html -> build/lib/pages/templates/pages/examples
creating build/lib/pages/templates/pages/tests
copying pages/templates/pages/tests/block.html -> build/lib/pages/templates/pages/tests
copying pages/templates/pages/tests/test2.html -> build/lib/pages/templates/pages/tests
copying pages/templates/pages/tests/test1.html -> build/lib/pages/templates/pages/tests
copying pages/templates/pages/tests/test5.html -> build/lib/pages/templates/pages/tests
copying pages/templates/pages/tests/test7.html -> build/lib/pages/templates/pages/tests
copying pages/templates/pages/tests/block3.html -> build/lib/pages/templates/pages/tests
copying pages/templates/pages/tests/test3.html -> build/lib/pages/templates/pages/tests
copying pages/templates/pages/tests/auto_render2.txt -> build/lib/pages/templates/pages/tests
copying pages/templates/pages/tests/base.html -> build/lib/pages/templates/pages/tests
copying pages/templates/pages/tests/test4.html -> build/lib/pages/templates/pages/tests
copying pages/templates/pages/tests/extends.html -> build/lib/pages/templates/pages/tests
copying pages/templates/pages/tests/fileinput.html -> build/lib/pages/templates/pages/tests
copying pages/templates/pages/tests/auto_render.txt -> build/lib/pages/templates/pages/tests
copying pages/templates/pages/tests/block2.html -> build/lib/pages/templates/pages/tests
copying pages/templates/pages/tests/test6.html -> build/lib/pages/templates/pages/tests
copying pages/templates/pages/tests/untranslated.html -> build/lib/pages/templates/pages/tests
creating build/lib/pages/templates/pages/widgets
copying pages/templates/pages/widgets/languages.html -> build/lib/pages/templates/pages/widgets
copying pages/templates/pages/widgets/richtextarea.html -> build/lib/pages/templates/pages/widgets
creating build/lib/pages/templates/search
copying pages/templates/search/search.html -> build/lib/pages/templates/search
creating build/lib/pages/templates/search/indexes
creating build/lib/pages/templates/search/indexes/pages
copying pages/templates/search/indexes/pages/page_text.txt -> build/lib/pages/templates/search/indexes/pages
creating build/lib/pages/static
creating build/lib/pages/static/pages
creating build/lib/pages/static/pages/img
copying pages/static/pages/img/icon_searchbox.png -> build/lib/pages/static/pages/img
creating build/lib/pages/static/pages/javascript
copying pages/static/pages/javascript/jquery.js -> build/lib/pages/static/pages/javascript
copying pages/static/pages/javascript/pages_form.js -> build/lib/pages/static/pages/javascript
copying pages/static/pages/javascript/jquery.ui.js -> build/lib/pages/static/pages/javascript
copying pages/static/pages/javascript/jquery.rte.js -> build/lib/pages/static/pages/javascript
copying pages/static/pages/javascript/jquery.query-2.1.7.js -> build/lib/pages/static/pages/javascript
copying pages/static/pages/javascript/pages_list.js -> build/lib/pages/static/pages/javascript
copying pages/static/pages/javascript/pages.js -> build/lib/pages/static/pages/javascript
creating build/lib/pages/static/pages/images
copying pages/static/pages/images/loading.gif -> build/lib/pages/static/pages/images
creating build/lib/pages/static/pages/images/rte
copying pages/static/pages/images/rte/italic.gif -> build/lib/pages/static/pages/images/rte
copying pages/static/pages/images/rte/link.png -> build/lib/pages/static/pages/images/rte
copying pages/static/pages/images/rte/unordered.gif -> build/lib/pages/static/pages/images/rte
copying pages/static/pages/images/rte/close.gif -> build/lib/pages/static/pages/images/rte
copying pages/static/pages/images/rte/bold.gif -> build/lib/pages/static/pages/images/rte
copying pages/static/pages/images/rte/image.png -> build/lib/pages/static/pages/images/rte
creating build/lib/pages/static/pages/images/icons
copying pages/static/pages/images/icons/insert.gif -> build/lib/pages/static/pages/images/icons
copying pages/static/pages/images/icons/view.gif -> build/lib/pages/static/pages/images/icons
copying pages/static/pages/images/icons/redirect.gif -> build/lib/pages/static/pages/images/icons
copying pages/static/pages/images/icons/edit.gif -> build/lib/pages/static/pages/images/icons
copying pages/static/pages/images/icons/delete.gif -> build/lib/pages/static/pages/images/icons
copying pages/static/pages/images/icons/icons.gif -> build/lib/pages/static/pages/images/icons
copying pages/static/pages/images/icons/draft.gif -> build/lib/pages/static/pages/images/icons
copying pages/static/pages/images/icons/add.gif -> build/lib/pages/static/pages/images/icons
copying pages/static/pages/images/icons/move.gif -> build/lib/pages/static/pages/images/icons
copying pages/static/pages/images/icons/published.gif -> build/lib/pages/static/pages/images/icons
copying pages/static/pages/images/icons/hidden.gif -> build/lib/pages/static/pages/images/icons
creating build/lib/pages/static/pages/css
copying pages/static/pages/css/rte.css -> build/lib/pages/static/pages/css
copying pages/static/pages/css/pages.css -> build/lib/pages/static/pages/css
creating build/lib/pages/locale
creating build/lib/pages/locale/de
creating build/lib/pages/locale/de/LC_MESSAGES
copying pages/locale/de/LC_MESSAGES/djangojs.po -> build/lib/pages/locale/de/LC_MESSAGES
copying pages/locale/de/LC_MESSAGES/djangojs.mo -> build/lib/pages/locale/de/LC_MESSAGES
copying pages/locale/de/LC_MESSAGES/django.mo -> build/lib/pages/locale/de/LC_MESSAGES
copying pages/locale/de/LC_MESSAGES/django.po -> build/lib/pages/locale/de/LC_MESSAGES
creating build/lib/pages/locale/it
creating build/lib/pages/locale/it/LC_MESSAGES
copying pages/locale/it/LC_MESSAGES/django.mo -> build/lib/pages/locale/it/LC_MESSAGES
copying pages/locale/it/LC_MESSAGES/django.po -> build/lib/pages/locale/it/LC_MESSAGES
creating build/lib/pages/locale/es
creating build/lib/pages/locale/es/LC_MESSAGES
copying pages/locale/es/LC_MESSAGES/django.mo -> build/lib/pages/locale/es/LC_MESSAGES
copying pages/locale/es/LC_MESSAGES/django.po -> build/lib/pages/locale/es/LC_MESSAGES
creating build/lib/pages/locale/en
creating build/lib/pages/locale/en/LC_MESSAGES
copying pages/locale/en/LC_MESSAGES/django.po -> build/lib/pages/locale/en/LC_MESSAGES
creating build/lib/pages/locale/nl
creating build/lib/pages/locale/nl/LC_MESSAGES
copying pages/locale/nl/LC_MESSAGES/django.mo -> build/lib/pages/locale/nl/LC_MESSAGES
copying pages/locale/nl/LC_MESSAGES/django.po -> build/lib/pages/locale/nl/LC_MESSAGES
creating build/lib/pages/locale/fr
creating build/lib/pages/locale/fr/LC_MESSAGES
copying pages/locale/fr/LC_MESSAGES/django.mo -> build/lib/pages/locale/fr/LC_MESSAGES
copying pages/locale/fr/LC_MESSAGES/django.po -> build/lib/pages/locale/fr/LC_MESSAGES
creating build/lib/pages/locale/sk
creating build/lib/pages/locale/sk/LC_MESSAGES
copying pages/locale/sk/LC_MESSAGES/django.mo -> build/lib/pages/locale/sk/LC_MESSAGES
copying pages/locale/sk/LC_MESSAGES/django.po -> build/lib/pages/locale/sk/LC_MESSAGES
creating build/lib/pages/locale/da
creating build/lib/pages/locale/da/LC_MESSAGES
copying pages/locale/da/LC_MESSAGES/django.mo -> build/lib/pages/locale/da/LC_MESSAGES
copying pages/locale/da/LC_MESSAGES/django.po -> build/lib/pages/locale/da/LC_MESSAGES
creating build/lib/pages/locale/he
creating build/lib/pages/locale/he/LC_MESSAGES
copying pages/locale/he/LC_MESSAGES/django.mo -> build/lib/pages/locale/he/LC_MESSAGES
copying pages/locale/he/LC_MESSAGES/django.po -> build/lib/pages/locale/he/LC_MESSAGES
creating build/lib/pages/locale/ru
creating build/lib/pages/locale/ru/LC_MESSAGES
copying pages/locale/ru/LC_MESSAGES/djangojs.po -> build/lib/pages/locale/ru/LC_MESSAGES
copying pages/locale/ru/LC_MESSAGES/djangojs.mo -> build/lib/pages/locale/ru/LC_MESSAGES
copying pages/locale/ru/LC_MESSAGES/django.mo -> build/lib/pages/locale/ru/LC_MESSAGES
copying pages/locale/ru/LC_MESSAGES/django.po -> build/lib/pages/locale/ru/LC_MESSAGES
creating build/lib/pages/fixtures
copying pages/fixtures/pages_tests.json -> build/lib/pages/fixtures
creating build/bdist.linux-x86_64
creating build/bdist.linux-x86_64/egg
creating build/bdist.linux-x86_64/egg/pages
creating build/bdist.linux-x86_64/egg/pages/fixtures
copying build/lib/pages/fixtures/pages_tests.json -> build/bdist.linux-x86_64/egg/pages/fixtures
copying build/lib/pages/test_runner.py -> build/bdist.linux-x86_64/egg/pages
creating build/bdist.linux-x86_64/egg/pages/admin
copying build/lib/pages/admin/utils.py -> build/bdist.linux-x86_64/egg/pages/admin
copying build/lib/pages/admin/views.py -> build/bdist.linux-x86_64/egg/pages/admin
copying build/lib/pages/admin/forms.py -> build/bdist.linux-x86_64/egg/pages/admin
copying build/lib/pages/admin/__init__.py -> build/bdist.linux-x86_64/egg/pages/admin
copying build/lib/pages/utils.py -> build/bdist.linux-x86_64/egg/pages
creating build/bdist.linux-x86_64/egg/pages/management
copying build/lib/pages/management/__init__.py -> build/bdist.linux-x86_64/egg/pages/management
creating build/bdist.linux-x86_64/egg/pages/management/commands
copying build/lib/pages/management/commands/__init__.py -> build/bdist.linux-x86_64/egg/pages/management/commands
copying build/lib/pages/widgets.py -> build/bdist.linux-x86_64/egg/pages
copying build/lib/pages/search_indexes.py -> build/bdist.linux-x86_64/egg/pages
creating build/bdist.linux-x86_64/egg/pages/plugins
creating build/bdist.linux-x86_64/egg/pages/plugins/pofiles
copying build/lib/pages/plugins/pofiles/utils.py -> build/bdist.linux-x86_64/egg/pages/plugins/pofiles
creating build/bdist.linux-x86_64/egg/pages/plugins/pofiles/management
copying build/lib/pages/plugins/pofiles/management/__init__.py -> build/bdist.linux-x86_64/egg/pages/plugins/pofiles/management
creating build/bdist.linux-x86_64/egg/pages/plugins/pofiles/management/commands
copying build/lib/pages/plugins/pofiles/management/commands/pages_export_po.py -> build/bdist.linux-x86_64/egg/pages/plugins/pofiles/management/commands
copying build/lib/pages/plugins/pofiles/management/commands/pages_import_po.py -> build/bdist.linux-x86_64/egg/pages/plugins/pofiles/management/commands
copying build/lib/pages/plugins/pofiles/management/commands/__init__.py -> build/bdist.linux-x86_64/egg/pages/plugins/pofiles/management/commands
copying build/lib/pages/plugins/pofiles/__init__.py -> build/bdist.linux-x86_64/egg/pages/plugins/pofiles
copying build/lib/pages/plugins/__init__.py -> build/bdist.linux-x86_64/egg/pages/plugins
creating build/bdist.linux-x86_64/egg/pages/plugins/jsonexport
copying build/lib/pages/plugins/jsonexport/admin_urls.py -> build/bdist.linux-x86_64/egg/pages/plugins/jsonexport
copying build/lib/pages/plugins/jsonexport/utils.py -> build/bdist.linux-x86_64/egg/pages/plugins/jsonexport
creating build/bdist.linux-x86_64/egg/pages/plugins/jsonexport/management
copying build/lib/pages/plugins/jsonexport/management/__init__.py -> build/bdist.linux-x86_64/egg/pages/plugins/jsonexport/management
creating build/bdist.linux-x86_64/egg/pages/plugins/jsonexport/management/commands
copying build/lib/pages/plugins/jsonexport/management/commands/pages_import_json.py -> build/bdist.linux-x86_64/egg/pages/plugins/jsonexport/management/commands
copying build/lib/pages/plugins/jsonexport/management/commands/__init__.py -> build/bdist.linux-x86_64/egg/pages/plugins/jsonexport/management/commands
copying build/lib/pages/plugins/jsonexport/management/commands/pages_export_json.py -> build/bdist.linux-x86_64/egg/pages/plugins/jsonexport/management/commands
copying build/lib/pages/plugins/jsonexport/actions.py -> build/bdist.linux-x86_64/egg/pages/plugins/jsonexport
copying build/lib/pages/plugins/jsonexport/__init__.py -> build/bdist.linux-x86_64/egg/pages/plugins/jsonexport
copying build/lib/pages/plugins/jsonexport/models.py -> build/bdist.linux-x86_64/egg/pages/plugins/jsonexport
creating build/bdist.linux-x86_64/egg/pages/templates
creating build/bdist.linux-x86_64/egg/pages/templates/admin
creating build/bdist.linux-x86_64/egg/pages/templates/admin/pages
creating build/bdist.linux-x86_64/egg/pages/templates/admin/pages/page
copying build/lib/pages/templates/admin/pages/page/change_list.html -> build/bdist.linux-x86_64/egg/pages/templates/admin/pages/page
copying build/lib/pages/templates/admin/pages/page/sub_menu.html -> build/bdist.linux-x86_64/egg/pages/templates/admin/pages/page
copying build/lib/pages/templates/admin/pages/page/change_form.html -> build/bdist.linux-x86_64/egg/pages/templates/admin/pages/page
copying build/lib/pages/templates/admin/pages/page/change_list_table.html -> build/bdist.linux-x86_64/egg/pages/templates/admin/pages/page
copying build/lib/pages/templates/admin/pages/page/menu.html -> build/bdist.linux-x86_64/egg/pages/templates/admin/pages/page
creating build/bdist.linux-x86_64/egg/pages/templates/admin/pages/page/includes
copying build/lib/pages/templates/admin/pages/page/includes/fieldset.html -> build/bdist.linux-x86_64/egg/pages/templates/admin/pages/page/includes
creating build/bdist.linux-x86_64/egg/pages/templates/pages
copying build/lib/pages/templates/pages/traduction_helper.html -> build/bdist.linux-x86_64/egg/pages/templates/pages
copying build/lib/pages/templates/pages/breadcrumb.html -> build/bdist.linux-x86_64/egg/pages/templates/pages
copying build/lib/pages/templates/pages/dynamic_tree_menu.html -> build/bdist.linux-x86_64/egg/pages/templates/pages
creating build/bdist.linux-x86_64/egg/pages/templates/pages/examples
copying build/lib/pages/templates/pages/examples/index.html -> build/bdist.linux-x86_64/egg/pages/templates/pages/examples
copying build/lib/pages/templates/pages/examples/debug.html -> build/bdist.linux-x86_64/egg/pages/templates/pages/examples
copying build/lib/pages/templates/pages/examples/files.html -> build/bdist.linux-x86_64/egg/pages/templates/pages/examples
copying build/lib/pages/templates/pages/examples/cool.html -> build/bdist.linux-x86_64/egg/pages/templates/pages/examples
copying build/lib/pages/templates/pages/examples/ckeditor.html -> build/bdist.linux-x86_64/egg/pages/templates/pages/examples
copying build/lib/pages/templates/pages/examples/nice.html -> build/bdist.linux-x86_64/egg/pages/templates/pages/examples
copying build/lib/pages/templates/pages/embed.html -> build/bdist.linux-x86_64/egg/pages/templates/pages
copying build/lib/pages/templates/pages/sub_menu.html -> build/bdist.linux-x86_64/egg/pages/templates/pages
copying build/lib/pages/templates/pages/contact.html -> build/bdist.linux-x86_64/egg/pages/templates/pages
creating build/bdist.linux-x86_64/egg/pages/templates/pages/tests
copying build/lib/pages/templates/pages/tests/block.html -> build/bdist.linux-x86_64/egg/pages/templates/pages/tests
copying build/lib/pages/templates/pages/tests/test2.html -> build/bdist.linux-x86_64/egg/pages/templates/pages/tests
copying build/lib/pages/templates/pages/tests/test1.html -> build/bdist.linux-x86_64/egg/pages/templates/pages/tests
copying build/lib/pages/templates/pages/tests/test5.html -> build/bdist.linux-x86_64/egg/pages/templates/pages/tests
copying build/lib/pages/templates/pages/tests/test7.html -> build/bdist.linux-x86_64/egg/pages/templates/pages/tests
copying build/lib/pages/templates/pages/tests/block3.html -> build/bdist.linux-x86_64/egg/pages/templates/pages/tests
copying build/lib/pages/templates/pages/tests/test3.html -> build/bdist.linux-x86_64/egg/pages/templates/pages/tests
copying build/lib/pages/templates/pages/tests/auto_render2.txt -> build/bdist.linux-x86_64/egg/pages/templates/pages/tests
copying build/lib/pages/templates/pages/tests/base.html -> build/bdist.linux-x86_64/egg/pages/templates/pages/tests
copying build/lib/pages/templates/pages/tests/test4.html -> build/bdist.linux-x86_64/egg/pages/templates/pages/tests
copying build/lib/pages/templates/pages/tests/extends.html -> build/bdist.linux-x86_64/egg/pages/templates/pages/tests
copying build/lib/pages/templates/pages/tests/fileinput.html -> build/bdist.linux-x86_64/egg/pages/templates/pages/tests
copying build/lib/pages/templates/pages/tests/auto_render.txt -> build/bdist.linux-x86_64/egg/pages/templates/pages/tests
copying build/lib/pages/templates/pages/tests/block2.html -> build/bdist.linux-x86_64/egg/pages/templates/pages/tests
copying build/lib/pages/templates/pages/tests/test6.html -> build/bdist.linux-x86_64/egg/pages/templates/pages/tests
copying build/lib/pages/templates/pages/tests/untranslated.html -> build/bdist.linux-x86_64/egg/pages/templates/pages/tests
creating build/bdist.linux-x86_64/egg/pages/templates/pages/widgets
copying build/lib/pages/templates/pages/widgets/languages.html -> build/bdist.linux-x86_64/egg/pages/templates/pages/widgets
copying build/lib/pages/templates/pages/widgets/richtextarea.html -> build/bdist.linux-x86_64/egg/pages/templates/pages/widgets
copying build/lib/pages/templates/pages/menu.html -> build/bdist.linux-x86_64/egg/pages/templates/pages
copying build/lib/pages/templates/pages/revisions.html -> build/bdist.linux-x86_64/egg/pages/templates/pages
copying build/lib/pages/templates/pages/content.html -> build/bdist.linux-x86_64/egg/pages/templates/pages
creating build/bdist.linux-x86_64/egg/pages/templates/search
copying build/lib/pages/templates/search/search.html -> build/bdist.linux-x86_64/egg/pages/templates/search
creating build/bdist.linux-x86_64/egg/pages/templates/search/indexes
creating build/bdist.linux-x86_64/egg/pages/templates/search/indexes/pages
copying build/lib/pages/templates/search/indexes/pages/page_text.txt -> build/bdist.linux-x86_64/egg/pages/templates/search/indexes/pages
copying build/lib/pages/phttp.py -> build/bdist.linux-x86_64/egg/pages
copying build/lib/pages/placeholders.py -> build/bdist.linux-x86_64/egg/pages
creating build/bdist.linux-x86_64/egg/pages/templatetags
copying build/lib/pages/templatetags/pages_tags.py -> build/bdist.linux-x86_64/egg/pages/templatetags
copying build/lib/pages/templatetags/ckeditor_placeholder.py -> build/bdist.linux-x86_64/egg/pages/templatetags
copying build/lib/pages/templatetags/__init__.py -> build/bdist.linux-x86_64/egg/pages/templatetags
copying build/lib/pages/views.py -> build/bdist.linux-x86_64/egg/pages
creating build/bdist.linux-x86_64/egg/pages/tests
copying build/lib/pages/tests/test_functionnal.py -> build/bdist.linux-x86_64/egg/pages/tests
copying build/lib/pages/tests/test_selenium.py -> build/bdist.linux-x86_64/egg/pages/tests
copying build/lib/pages/tests/test_regression.py -> build/bdist.linux-x86_64/egg/pages/tests
copying build/lib/pages/tests/__init__.py -> build/bdist.linux-x86_64/egg/pages/tests
copying build/lib/pages/tests/testcase.py -> build/bdist.linux-x86_64/egg/pages/tests
copying build/lib/pages/tests/test_unit.py -> build/bdist.linux-x86_64/egg/pages/tests
copying build/lib/pages/cache.py -> build/bdist.linux-x86_64/egg/pages
copying build/lib/pages/permissions.py -> build/bdist.linux-x86_64/egg/pages
creating build/bdist.linux-x86_64/egg/pages/static
creating build/bdist.linux-x86_64/egg/pages/static/pages
creating build/bdist.linux-x86_64/egg/pages/static/pages/img
copying build/lib/pages/static/pages/img/icon_searchbox.png -> build/bdist.linux-x86_64/egg/pages/static/pages/img
creating build/bdist.linux-x86_64/egg/pages/static/pages/javascript
copying build/lib/pages/static/pages/javascript/jquery.js -> build/bdist.linux-x86_64/egg/pages/static/pages/javascript
copying build/lib/pages/static/pages/javascript/pages_form.js -> build/bdist.linux-x86_64/egg/pages/static/pages/javascript
copying build/lib/pages/static/pages/javascript/jquery.ui.js -> build/bdist.linux-x86_64/egg/pages/static/pages/javascript
copying build/lib/pages/static/pages/javascript/jquery.rte.js -> build/bdist.linux-x86_64/egg/pages/static/pages/javascript
copying build/lib/pages/static/pages/javascript/jquery.query-2.1.7.js -> build/bdist.linux-x86_64/egg/pages/static/pages/javascript
copying build/lib/pages/static/pages/javascript/pages_list.js -> build/bdist.linux-x86_64/egg/pages/static/pages/javascript
copying build/lib/pages/static/pages/javascript/pages.js -> build/bdist.linux-x86_64/egg/pages/static/pages/javascript
creating build/bdist.linux-x86_64/egg/pages/static/pages/images
creating build/bdist.linux-x86_64/egg/pages/static/pages/images/rte
copying build/lib/pages/static/pages/images/rte/italic.gif -> build/bdist.linux-x86_64/egg/pages/static/pages/images/rte
copying build/lib/pages/static/pages/images/rte/link.png -> build/bdist.linux-x86_64/egg/pages/static/pages/images/rte
copying build/lib/pages/static/pages/images/rte/unordered.gif -> build/bdist.linux-x86_64/egg/pages/static/pages/images/rte
copying build/lib/pages/static/pages/images/rte/close.gif -> build/bdist.linux-x86_64/egg/pages/static/pages/images/rte
copying build/lib/pages/static/pages/images/rte/bold.gif -> build/bdist.linux-x86_64/egg/pages/static/pages/images/rte
copying build/lib/pages/static/pages/images/rte/image.png -> build/bdist.linux-x86_64/egg/pages/static/pages/images/rte
copying build/lib/pages/static/pages/images/loading.gif -> build/bdist.linux-x86_64/egg/pages/static/pages/images
creating build/bdist.linux-x86_64/egg/pages/static/pages/images/icons
copying build/lib/pages/static/pages/images/icons/insert.gif -> build/bdist.linux-x86_64/egg/pages/static/pages/images/icons
copying build/lib/pages/static/pages/images/icons/view.gif -> build/bdist.linux-x86_64/egg/pages/static/pages/images/icons
copying build/lib/pages/static/pages/images/icons/redirect.gif -> build/bdist.linux-x86_64/egg/pages/static/pages/images/icons
copying build/lib/pages/static/pages/images/icons/edit.gif -> build/bdist.linux-x86_64/egg/pages/static/pages/images/icons
copying build/lib/pages/static/pages/images/icons/delete.gif -> build/bdist.linux-x86_64/egg/pages/static/pages/images/icons
copying build/lib/pages/static/pages/images/icons/icons.gif -> build/bdist.linux-x86_64/egg/pages/static/pages/images/icons
copying build/lib/pages/static/pages/images/icons/draft.gif -> build/bdist.linux-x86_64/egg/pages/static/pages/images/icons
copying build/lib/pages/static/pages/images/icons/add.gif -> build/bdist.linux-x86_64/egg/pages/static/pages/images/icons
copying build/lib/pages/static/pages/images/icons/move.gif -> build/bdist.linux-x86_64/egg/pages/static/pages/images/icons
copying build/lib/pages/static/pages/images/icons/published.gif -> build/bdist.linux-x86_64/egg/pages/static/pages/images/icons
copying build/lib/pages/static/pages/images/icons/hidden.gif -> build/bdist.linux-x86_64/egg/pages/static/pages/images/icons
creating build/bdist.linux-x86_64/egg/pages/static/pages/css
copying build/lib/pages/static/pages/css/rte.css -> build/bdist.linux-x86_64/egg/pages/static/pages/css
copying build/lib/pages/static/pages/css/pages.css -> build/bdist.linux-x86_64/egg/pages/static/pages/css
copying build/lib/pages/urls.py -> build/bdist.linux-x86_64/egg/pages
copying build/lib/pages/managers.py -> build/bdist.linux-x86_64/egg/pages
creating build/bdist.linux-x86_64/egg/pages/testproj
copying build/lib/pages/testproj/manage.py -> build/bdist.linux-x86_64/egg/pages/testproj
copying build/lib/pages/testproj/search_sites.py -> build/bdist.linux-x86_64/egg/pages/testproj
copying build/lib/pages/testproj/views.py -> build/bdist.linux-x86_64/egg/pages/testproj
creating build/bdist.linux-x86_64/egg/pages/testproj/documents
copying build/lib/pages/testproj/documents/admin.py -> build/bdist.linux-x86_64/egg/pages/testproj/documents
copying build/lib/pages/testproj/documents/views.py -> build/bdist.linux-x86_64/egg/pages/testproj/documents
copying build/lib/pages/testproj/documents/urls.py -> build/bdist.linux-x86_64/egg/pages/testproj/documents
copying build/lib/pages/testproj/documents/__init__.py -> build/bdist.linux-x86_64/egg/pages/testproj/documents
copying build/lib/pages/testproj/documents/models.py -> build/bdist.linux-x86_64/egg/pages/testproj/documents
copying build/lib/pages/testproj/urls.py -> build/bdist.linux-x86_64/egg/pages/testproj
copying build/lib/pages/testproj/__init__.py -> build/bdist.linux-x86_64/egg/pages/testproj
copying build/lib/pages/testproj/test_settings.py -> build/bdist.linux-x86_64/egg/pages/testproj
copying build/lib/pages/__init__.py -> build/bdist.linux-x86_64/egg/pages
copying build/lib/pages/context_processors.py -> build/bdist.linux-x86_64/egg/pages
copying build/lib/pages/settings.py -> build/bdist.linux-x86_64/egg/pages
copying build/lib/pages/models.py -> build/bdist.linux-x86_64/egg/pages
copying build/lib/pages/urlconf_registry.py -> build/bdist.linux-x86_64/egg/pages
copying build/lib/pages/widgets_registry.py -> build/bdist.linux-x86_64/egg/pages
creating build/bdist.linux-x86_64/egg/pages/locale
creating build/bdist.linux-x86_64/egg/pages/locale/de
creating build/bdist.linux-x86_64/egg/pages/locale/de/LC_MESSAGES
copying build/lib/pages/locale/de/LC_MESSAGES/djangojs.po -> build/bdist.linux-x86_64/egg/pages/locale/de/LC_MESSAGES
copying build/lib/pages/locale/de/LC_MESSAGES/djangojs.mo -> build/bdist.linux-x86_64/egg/pages/locale/de/LC_MESSAGES
copying build/lib/pages/locale/de/LC_MESSAGES/django.mo -> build/bdist.linux-x86_64/egg/pages/locale/de/LC_MESSAGES
copying build/lib/pages/locale/de/LC_MESSAGES/django.po -> build/bdist.linux-x86_64/egg/pages/locale/de/LC_MESSAGES
creating build/bdist.linux-x86_64/egg/pages/locale/it
creating build/bdist.linux-x86_64/egg/pages/locale/it/LC_MESSAGES
copying build/lib/pages/locale/it/LC_MESSAGES/django.mo -> build/bdist.linux-x86_64/egg/pages/locale/it/LC_MESSAGES
copying build/lib/pages/locale/it/LC_MESSAGES/django.po -> build/bdist.linux-x86_64/egg/pages/locale/it/LC_MESSAGES
creating build/bdist.linux-x86_64/egg/pages/locale/es
creating build/bdist.linux-x86_64/egg/pages/locale/es/LC_MESSAGES
copying build/lib/pages/locale/es/LC_MESSAGES/django.mo -> build/bdist.linux-x86_64/egg/pages/locale/es/LC_MESSAGES
copying build/lib/pages/locale/es/LC_MESSAGES/django.po -> build/bdist.linux-x86_64/egg/pages/locale/es/LC_MESSAGES
creating build/bdist.linux-x86_64/egg/pages/locale/en
creating build/bdist.linux-x86_64/egg/pages/locale/en/LC_MESSAGES
copying build/lib/pages/locale/en/LC_MESSAGES/django.po -> build/bdist.linux-x86_64/egg/pages/locale/en/LC_MESSAGES
creating build/bdist.linux-x86_64/egg/pages/locale/nl
creating build/bdist.linux-x86_64/egg/pages/locale/nl/LC_MESSAGES
copying build/lib/pages/locale/nl/LC_MESSAGES/django.mo -> build/bdist.linux-x86_64/egg/pages/locale/nl/LC_MESSAGES
copying build/lib/pages/locale/nl/LC_MESSAGES/django.po -> build/bdist.linux-x86_64/egg/pages/locale/nl/LC_MESSAGES
creating build/bdist.linux-x86_64/egg/pages/locale/fr
creating build/bdist.linux-x86_64/egg/pages/locale/fr/LC_MESSAGES
copying build/lib/pages/locale/fr/LC_MESSAGES/django.mo -> build/bdist.linux-x86_64/egg/pages/locale/fr/LC_MESSAGES
copying build/lib/pages/locale/fr/LC_MESSAGES/django.po -> build/bdist.linux-x86_64/egg/pages/locale/fr/LC_MESSAGES
creating build/bdist.linux-x86_64/egg/pages/locale/sk
creating build/bdist.linux-x86_64/egg/pages/locale/sk/LC_MESSAGES
copying build/lib/pages/locale/sk/LC_MESSAGES/django.mo -> build/bdist.linux-x86_64/egg/pages/locale/sk/LC_MESSAGES
copying build/lib/pages/locale/sk/LC_MESSAGES/django.po -> build/bdist.linux-x86_64/egg/pages/locale/sk/LC_MESSAGES
creating build/bdist.linux-x86_64/egg/pages/locale/da
creating build/bdist.linux-x86_64/egg/pages/locale/da/LC_MESSAGES
copying build/lib/pages/locale/da/LC_MESSAGES/django.mo -> build/bdist.linux-x86_64/egg/pages/locale/da/LC_MESSAGES
copying build/lib/pages/locale/da/LC_MESSAGES/django.po -> build/bdist.linux-x86_64/egg/pages/locale/da/LC_MESSAGES
creating build/bdist.linux-x86_64/egg/pages/locale/he
creating build/bdist.linux-x86_64/egg/pages/locale/he/LC_MESSAGES
copying build/lib/pages/locale/he/LC_MESSAGES/django.mo -> build/bdist.linux-x86_64/egg/pages/locale/he/LC_MESSAGES
copying build/lib/pages/locale/he/LC_MESSAGES/django.po -> build/bdist.linux-x86_64/egg/pages/locale/he/LC_MESSAGES
creating build/bdist.linux-x86_64/egg/pages/locale/ru
creating build/bdist.linux-x86_64/egg/pages/locale/ru/LC_MESSAGES
copying build/lib/pages/locale/ru/LC_MESSAGES/djangojs.po -> build/bdist.linux-x86_64/egg/pages/locale/ru/LC_MESSAGES
copying build/lib/pages/locale/ru/LC_MESSAGES/djangojs.mo -> build/bdist.linux-x86_64/egg/pages/locale/ru/LC_MESSAGES
copying build/lib/pages/locale/ru/LC_MESSAGES/django.mo -> build/bdist.linux-x86_64/egg/pages/locale/ru/LC_MESSAGES
copying build/lib/pages/locale/ru/LC_MESSAGES/django.po -> build/bdist.linux-x86_64/egg/pages/locale/ru/LC_MESSAGES
byte-compiling build/bdist.linux-x86_64/egg/pages/test_runner.py to test_runner.pyc
byte-compiling build/bdist.linux-x86_64/egg/pages/admin/utils.py to utils.pyc
byte-compiling build/bdist.linux-x86_64/egg/pages/admin/views.py to views.pyc
byte-compiling build/bdist.linux-x86_64/egg/pages/admin/forms.py to forms.pyc
byte-compiling build/bdist.linux-x86_64/egg/pages/admin/__init__.py to __init__.pyc
byte-compiling build/bdist.linux-x86_64/egg/pages/utils.py to utils.pyc
byte-compiling build/bdist.linux-x86_64/egg/pages/management/__init__.py to __init__.pyc
byte-compiling build/bdist.linux-x86_64/egg/pages/management/commands/__init__.py to __init__.pyc
byte-compiling build/bdist.linux-x86_64/egg/pages/widgets.py to widgets.pyc
byte-compiling build/bdist.linux-x86_64/egg/pages/search_indexes.py to search_indexes.pyc
byte-compiling build/bdist.linux-x86_64/egg/pages/plugins/pofiles/utils.py to utils.pyc
byte-compiling build/bdist.linux-x86_64/egg/pages/plugins/pofiles/management/__init__.py to __init__.pyc
byte-compiling build/bdist.linux-x86_64/egg/pages/plugins/pofiles/management/commands/pages_export_po.py to pages_export_po.pyc
byte-compiling build/bdist.linux-x86_64/egg/pages/plugins/pofiles/management/commands/pages_import_po.py to pages_import_po.pyc
byte-compiling build/bdist.linux-x86_64/egg/pages/plugins/pofiles/management/commands/__init__.py to __init__.pyc
byte-compiling build/bdist.linux-x86_64/egg/pages/plugins/pofiles/__init__.py to __init__.pyc
byte-compiling build/bdist.linux-x86_64/egg/pages/plugins/__init__.py to __init__.pyc
byte-compiling build/bdist.linux-x86_64/egg/pages/plugins/jsonexport/admin_urls.py to admin_urls.pyc
byte-compiling build/bdist.linux-x86_64/egg/pages/plugins/jsonexport/utils.py to utils.pyc
byte-compiling build/bdist.linux-x86_64/egg/pages/plugins/jsonexport/management/__init__.py to __init__.pyc
byte-compiling build/bdist.linux-x86_64/egg/pages/plugins/jsonexport/management/commands/pages_import_json.py to pages_import_json.pyc
byte-compiling build/bdist.linux-x86_64/egg/pages/plugins/jsonexport/management/commands/__init__.py to __init__.pyc
byte-compiling build/bdist.linux-x86_64/egg/pages/plugins/jsonexport/management/commands/pages_export_json.py to pages_export_json.pyc
byte-compiling build/bdist.linux-x86_64/egg/pages/plugins/jsonexport/actions.py to actions.pyc
byte-compiling build/bdist.linux-x86_64/egg/pages/plugins/jsonexport/__init__.py to __init__.pyc
byte-compiling build/bdist.linux-x86_64/egg/pages/plugins/jsonexport/models.py to models.pyc
byte-compiling build/bdist.linux-x86_64/egg/pages/phttp.py to phttp.pyc
byte-compiling build/bdist.linux-x86_64/egg/pages/placeholders.py to placeholders.pyc
byte-compiling build/bdist.linux-x86_64/egg/pages/templatetags/pages_tags.py to pages_tags.pyc
byte-compiling build/bdist.linux-x86_64/egg/pages/templatetags/ckeditor_placeholder.py to ckeditor_placeholder.pyc
byte-compiling build/bdist.linux-x86_64/egg/pages/templatetags/__init__.py to __init__.pyc
byte-compiling build/bdist.linux-x86_64/egg/pages/views.py to views.pyc
byte-compiling build/bdist.linux-x86_64/egg/pages/tests/test_functionnal.py to test_functionnal.pyc
byte-compiling build/bdist.linux-x86_64/egg/pages/tests/test_selenium.py to test_selenium.pyc
byte-compiling build/bdist.linux-x86_64/egg/pages/tests/test_regression.py to test_regression.pyc
byte-compiling build/bdist.linux-x86_64/egg/pages/tests/__init__.py to __init__.pyc
byte-compiling build/bdist.linux-x86_64/egg/pages/tests/testcase.py to testcase.pyc
byte-compiling build/bdist.linux-x86_64/egg/pages/tests/test_unit.py to test_unit.pyc
byte-compiling build/bdist.linux-x86_64/egg/pages/cache.py to cache.pyc
byte-compiling build/bdist.linux-x86_64/egg/pages/permissions.py to permissions.pyc
byte-compiling build/bdist.linux-x86_64/egg/pages/urls.py to urls.pyc
byte-compiling build/bdist.linux-x86_64/egg/pages/managers.py to managers.pyc
byte-compiling build/bdist.linux-x86_64/egg/pages/testproj/manage.py to manage.pyc
byte-compiling build/bdist.linux-x86_64/egg/pages/testproj/search_sites.py to search_sites.pyc
byte-compiling build/bdist.linux-x86_64/egg/pages/testproj/views.py to views.pyc
byte-compiling build/bdist.linux-x86_64/egg/pages/testproj/documents/admin.py to admin.pyc
byte-compiling build/bdist.linux-x86_64/egg/pages/testproj/documents/views.py to views.pyc
byte-compiling build/bdist.linux-x86_64/egg/pages/testproj/documents/urls.py to urls.pyc
byte-compiling build/bdist.linux-x86_64/egg/pages/testproj/documents/__init__.py to __init__.pyc
byte-compiling build/bdist.linux-x86_64/egg/pages/testproj/documents/models.py to models.pyc
byte-compiling build/bdist.linux-x86_64/egg/pages/testproj/urls.py to urls.pyc
byte-compiling build/bdist.linux-x86_64/egg/pages/testproj/__init__.py to __init__.pyc
byte-compiling build/bdist.linux-x86_64/egg/pages/testproj/test_settings.py to test_settings.pyc
byte-compiling build/bdist.linux-x86_64/egg/pages/__init__.py to __init__.pyc
byte-compiling build/bdist.linux-x86_64/egg/pages/context_processors.py to context_processors.pyc
byte-compiling build/bdist.linux-x86_64/egg/pages/settings.py to settings.pyc
byte-compiling build/bdist.linux-x86_64/egg/pages/models.py to models.pyc
byte-compiling build/bdist.linux-x86_64/egg/pages/urlconf_registry.py to urlconf_registry.pyc
byte-compiling build/bdist.linux-x86_64/egg/pages/widgets_registry.py to widgets_registry.pyc
creating build/bdist.linux-x86_64/egg/EGG-INFO
copying django_page_cms.egg-info/PKG-INFO -> build/bdist.linux-x86_64/egg/EGG-INFO
copying django_page_cms.egg-info/SOURCES.txt -> build/bdist.linux-x86_64/egg/EGG-INFO
copying django_page_cms.egg-info/dependency_links.txt -> build/bdist.linux-x86_64/egg/EGG-INFO
copying django_page_cms.egg-info/not-zip-safe -> build/bdist.linux-x86_64/egg/EGG-INFO
copying django_page_cms.egg-info/top_level.txt -> build/bdist.linux-x86_64/egg/EGG-INFO
creating dist
creating 'dist/django_page_cms-1.8.0-py2.7.egg' and adding 'build/bdist.linux-x86_64/egg' to it
removing 'build/bdist.linux-x86_64/egg' (and everything under it)
Processing django_page_cms-1.8.0-py2.7.egg
creating /home/ubuntu/miniconda/envs/_build/lib/python2.7/site-packages/django_page_cms-1.8.0-py2.7.egg
Extracting django_page_cms-1.8.0-py2.7.egg to /home/ubuntu/miniconda/envs/_build/lib/python2.7/site-packages
Adding django-page-cms 1.8.0 to easy-install.pth file

Installed /home/ubuntu/miniconda/envs/_build/lib/python2.7/site-packages/django_page_cms-1.8.0-py2.7.egg
Processing dependencies for django-page-cms==1.8.0
Finished processing dependencies for django-page-cms==1.8.0

The following NEW packages will be INSTALLED:

    django:      1.8.2-py27_0
    django-mptt: 0.7.4-py27_0
    freetype:    2.5.2-2     
    jpeg:        8d-0        
    libpng:      1.6.17-0    
    libtiff:     4.0.2-1     
    openssl:     1.0.1k-1    
    pillow:      2.8.1-py27_2
    pip:         7.0.3-py27_0
    python:      2.7.10-0    
    readline:    6.2-2       
    setuptools:  17.0-py27_0 
    six:         1.9.0-py27_0
    sqlite:      3.8.4.1-1   
    system:      5.8-2       
    tk:          8.5.18-0    
    zlib:        1.2.8-0     

Linking packages ...
[                    ]|                                                  |   0%[jpeg                ]|                                                  |   0%[libpng              ]|##                                                |   5%[openssl             ]|#####                                             |  11%[readline            ]|########                                          |  17%[sqlite              ]|###########                                       |  23%[system              ]|##############                                    |  29%[tk                  ]|#################                                 |  35%[zlib                ]|####################                              |  41%[freetype            ]|#######################                           |  47%[libtiff             ]|##########################                        |  52%[django              ]|#############################                     |  58%[django-mptt         ]|################################                  |  64%[pillow              ]|###################################               |  70%[python              ]|######################################            |  76%[setuptools          ]|#########################################         |  82%[six                 ]|############################################      |  88%[pip                 ]|###############################################   |  94%[      COMPLETE      ]|##################################################| 100%
Removing old work directory
Source cache directory is: /home/ubuntu/miniconda/conda-bld/src_cache
Found source in cache: django-page-cms-1.8.0.tar.gz
Extracting download
Package: django-page-cms-1.8.0-py27_0
source tree in: /home/ubuntu/miniconda/conda-bld/work/django-page-cms-1.8.0
found egg dir: /home/ubuntu/miniconda/envs/_build/lib/python2.7/site-packages/django_page_cms-1.8.0-py2.7.egg
number of files: 212
Fixing permissions
Fixing permissions
BUILD END: django-page-cms-1.8.0-py27_0
TEST START: django-page-cms-1.8.0-py27_0
Fetching package metadata: ......
Solving package specifications: .
The following packages will be downloaded:

    package                    |            build
    ---------------------------|-----------------
    django-page-cms-1.8.0      |           py27_0         232 KB

The following NEW packages will be INSTALLED:

    django:          1.8.2-py27_0
    django-mptt:     0.7.4-py27_0
    django-page-cms: 1.8.0-py27_0
    freetype:        2.5.2-2     
    jpeg:            8d-0        
    libpng:          1.6.17-0    
    libtiff:         4.0.2-1     
    openssl:         1.0.1k-1    
    pillow:          2.8.1-py27_2
    pip:             7.0.3-py27_0
    python:          2.7.10-0    
    readline:        6.2-2       
    setuptools:      17.0-py27_0 
    six:             1.9.0-py27_0
    sqlite:          3.8.4.1-1   
    system:          5.8-2       
    tk:              8.5.18-0    
    zlib:            1.2.8-0     

Fetching packages ...
django-page-cm   0% |                              | ETA:  --:--:--   0.00  B/sdjango-page-cm   6% |##                             | ETA:  0:00:00  46.56 MB/sdjango-page-cm  13% |####                           | ETA:  0:00:00  57.70 MB/sdjango-page-cm  20% |######                         | ETA:  0:00:00  64.42 MB/sdjango-page-cm  27% |########                       | ETA:  0:00:00  68.77 MB/sdjango-page-cm  34% |##########                     | ETA:  0:00:00  71.87 MB/sdjango-page-cm  41% |############                   | ETA:  0:00:00  74.25 MB/sdjango-page-cm  48% |##############                 | ETA:  0:00:00  75.96 MB/sdjango-page-cm  55% |#################              | ETA:  0:00:00  77.25 MB/sdjango-page-cm  61% |###################            | ETA:  0:00:00  77.49 MB/sdjango-page-cm  68% |#####################          | ETA:  0:00:00  78.39 MB/sdjango-page-cm  75% |#######################        | ETA:  0:00:00  79.33 MB/sdjango-page-cm  82% |#########################      | ETA:  0:00:00  80.15 MB/sdjango-page-cm  89% |###########################    | ETA:  0:00:00  80.90 MB/sdjango-page-cm  96% |#############################  | ETA:  0:00:00  81.57 MB/sdjango-page-cm 100% |###############################| ETA:  0:00:00  79.86 MB/sdjango-page-cm 100% |###############################| Time: 0:00:00  74.16 MB/s
Extracting packages ...
[      COMPLETE      ]|                                                  |   0%[django-page-cms     ]|                                                  |   0%[django-page-cms     ]|                                                  |   0%[      COMPLETE      ]|##################################################| 100%
Linking packages ...
[      COMPLETE      ]|                                                  |   0%[jpeg                ]|                                                  |   0%[jpeg                ]|                                                  |   0%[libpng              ]|##                                                |   5%[openssl             ]|#####                                             |  11%[readline            ]|########                                          |  16%[sqlite              ]|###########                                       |  22%[system              ]|#############                                     |  27%[tk                  ]|################                                  |  33%[zlib                ]|###################                               |  38%[freetype            ]|######################                            |  44%[libtiff             ]|#########################                         |  50%[django              ]|###########################                       |  55%[django-mptt         ]|##############################                    |  61%[pillow              ]|#################################                 |  66%[python              ]|####################################              |  72%[setuptools          ]|######################################            |  77%[six                 ]|#########################################         |  83%[django-page-cms     ]|#############===== testing package: django-page-cms-1.8.0-py27_0 =====
import: u'pages'
import: u'pages.admin'
Traceback (most recent call last):
  File "/home/ubuntu/miniconda/conda-bld/test-tmp_dir/run_test.py", line 28, in <module>
    import pages.admin
  File "/home/ubuntu/miniconda/envs/_test/lib/python2.7/site-packages/pages/admin/__init__.py", line 3, in <module>
    from pages import settings
  File "/home/ubuntu/miniconda/envs/_test/lib/python2.7/site-packages/pages/settings.py", line 28, in <module>
    'DEFAULT_PAGE_TEMPLATE', raise_error=True)
  File "/home/ubuntu/miniconda/envs/_test/lib/python2.7/site-packages/pages/settings.py", line 22, in get_setting
    % (args, setting_url))
django.core.exceptions.ImproperlyConfigured: Please make sure you specified at least one of these settings: ('PAGE_DEFAULT_TEMPLATE', 'DEFAULT_PAGE_TEMPLATE') 
Documentation: http://packages.python.org/django-page-cms/settings-list.html#page-default-template
###############################      |  88%[pip                 ]|###############################################   |  94%[      COMPLETE      ]|##################################################| 100%
TESTS FAILED: django-page-cms-1.8.0-py27_0
