Warning, the following versions were found for django-rest-swagger
0.3.2
0.3.1
0.3.0
0.2.9
0.2.8
0.2.7
0.2.6
0.2.5
0.2.4
0.2.3
0.2.2
0.2.1
0.2.0
0.1.14
0.1.13
0.1.12
0.1.11
0.1.10
0.1.9
0.1.8
0.1.7
0.1.6
0.1.5
0.1.4
0.1.3
0.1.2
0.1.1
0.1.0
Using 0.3.2
Use --version to specify a different version.
Using url https://pypi.python.org/packages/source/d/django-rest-swagger/django-rest-swagger-0.3.2.tar.gz (190 KB) for django-rest-swagger.
Downloading django-rest-swagger (use --no-download to skip this step)
Unpacking django-rest-swagger...
done
working in /tmp/tmpY1iOl7conda_skeleton_django-rest-swagger-0.3.2.tar.gz
Fetching package metadata: ......
Solving package specifications: .patching file core.py
Hunk #1 succeeded at 168 with fuzz 2 (offset 2 lines).
Traceback (most recent call last):
  File "setup.py", line 2, in <module>
    from setuptools import setup
ImportError: No module named setuptools

The following NEW packages will be INSTALLED:

    numpy:  1.9.2-py27_0
    pyyaml: 3.11-py27_0 

Linking packages ...
[                    ]|                                                  |   0%[numpy               ]|                                                  |   0%[pyyaml              ]|#########################                         |  50%[      COMPLETE      ]|##################################################| 100%
Applying patch: '/tmp/tmpY1iOl7conda_skeleton_django-rest-swagger-0.3.2.tar.gz/pypi-distutils.patch'
$PYTHONPATH = /tmp/tmpY1iOl7conda_skeleton_django-rest-swagger-0.3.2.tar.gz/django-rest-swagger-0.3.2
Error: command failed: /home/ubuntu/miniconda/envs/_build/bin/python setup.py install
