Warning, the following versions were found for django-ptree
0.2.151
0.2.150
0.2.149
0.2.148
0.2.147
0.2.146
0.2.145
0.2.144
0.2.143
0.2.142
0.2.141
0.2.140
0.2.139
0.2.138
0.2.137
0.2.136
0.2.135
0.2.134
0.2.133
0.2.132
0.2.131
0.2.130
0.2.129
0.2.128
0.2.127
0.2.126
0.2.125
0.2.124
0.2.123
0.2.122
0.2.121
0.2.120
0.2.119
0.2.118
0.2.117
0.2.116
0.2.115
0.2.114
0.2.113
0.2.112
0.2.111
0.2.110
0.2.109
0.2.108
0.2.107
0.2.106
0.2.105
0.2.104
0.2.103
0.2.102
0.2.102b2
0.2.102b
0.2.101
0.2.100
0.2.99b
0.2.98
0.2.98b
0.2.97
0.2.96
0.2.95
0.2.94
0.2.93
0.2.92
0.2.91
0.2.90
0.2.89
0.2.88
0.2.87
0.2.86
0.2.85
0.2.84
0.2.83
0.2.82
0.2.81
0.2.80.
0.2.79
0.2.78
0.2.77
0.2.76
0.2.75
0.2.74
0.2.73
0.2.72
0.2.71
0.2.70
0.2.69
0.2.68
0.2.67
0.2.66
0.2.65
0.2.64
0.2.63
0.2.62
0.2.61
0.2.60
0.2.59
0.2.58
0.2.57
0.2.56
0.2.55
0.2.54
0.2.53
0.2.52
0.2.51
0.2.50
0.2.49
0.2.48
0.2.47
0.2.46
0.2.45
0.2.44
0.2.43
0.2.42
0.2.41
0.2.40
0.2.39
0.2.38
0.2.37
0.2.36
0.2.35
0.2.34
0.2.33
0.2.32
0.2.31
0.2.30
0.2.29
0.2.28
0.2.27
0.2.26
0.2.25
0.2.24
0.2.23
0.2.22
0.2.21
0.2.20
0.2.19
0.2.18
0.2.17
0.2.16
0.2.15
0.2.14
0.2.13
0.2.12
0.2.10
0.2.9
0.2.8
0.2.6
0.2.5
0.2.4
0.2.3
0.2.2
0.2.1
0.1.95
0.1.94
0.1.93
0.1.92
0.1.91
0.1.90
0.1.89
0.1.88
0.1.87
0.1.86
0.1.85
0.1.84
0.1.83
0.1.82
0.1.81
0.1.80
0.1.79
0.1.78
0.1.77
0.1.76
0.1.75
0.1.74
0.1.73
0.1.72
0.1.71
0.1.70
0.1.69
0.1.68
0.1.67
0.1.66
0.1.65
0.1.64
0.1.63
0.1.62
0.1.61
0.1.60
0.1.57
0.1.56
0.1.55
0.1.54
0.1.53
0.1.52
0.1.51
0.1.49
0.1.48
0.1.47
0.1.46
0.1.45
0.1.44
0.1.43
0.1.42
0.1.41
0.1.40
0.1.39
0.1.38
0.1.37
0.1.36
0.1.35
0.1.34
0.1.33
0.1.32
0.1.31
0.1.30
0.1.29
0.1.28
0.1.27
0.1.26
0.1.25
0.1.24
0.1.23
0.1.22
0.1.21
0.1.20
0.1.19
0.1.18
0.1.17
0.1.16
0.1.15
0.1.14
0.1.13
0.1.12
0.1.11
0.1.10
0.1.9
0.1.8
0.1.7
0.1.6
0.1.5
0.1.4
0.1.3
0.1.2
0.1.1
0.1
Using 0.2.151
Use --version to specify a different version.
Using url https://pypi.python.org/packages/source/d/django-ptree/django-ptree-0.2.151.zip (268 KB) for django-ptree.
Downloading django-ptree (use --no-download to skip this step)
Using cached download
Unpacking django-ptree...
done
working in /tmp/tmpKypLQZconda_skeleton_django-ptree-0.2.151.zip
Fetching package metadata: ......
Solving package specifications: .patching file core.py
Hunk #1 succeeded at 168 with fuzz 2 (offset 2 lines).

Applying patch: '/tmp/tmpKypLQZconda_skeleton_django-ptree-0.2.151.zip/pypi-distutils.patch'
Warning, the following versions were found for django-easymoney
0.5
0.4.1
0.4
0.3.6
0.3.5
0.3.4
0.3.3
0.3.2
0.3.1
0.2
0.1
Using 0.5
Use --version to specify a different version.
Using url https://pypi.python.org/packages/source/d/django-easymoney/django-easymoney-0.5.tar.gz (5 KB) for django-easymoney.
Downloading django-easymoney (use --no-download to skip this step)
Using cached download
Unpacking django-easymoney...
done
working in /tmp/tmpzk0qdOconda_skeleton_django-easymoney-0.5.tar.gz
Solving package specifications: .patching file core.py
Hunk #1 succeeded at 168 with fuzz 2 (offset 2 lines).

Applying patch: '/tmp/tmpzk0qdOconda_skeleton_django-easymoney-0.5.tar.gz/pypi-distutils.patch'
Warning, the following versions were found for django-save-the-change
1.1.0
1.0.0
Using 1.1.0
Use --version to specify a different version.
Using url https://pypi.python.org/packages/source/d/django-save-the-change/django-save-the-change-1.1.0.tar.gz (5 KB) for django-save-the-change.
Downloading django-save-the-change (use --no-download to skip this step)
Using cached download
Unpacking django-save-the-change...
done
working in /tmp/tmpLYf8Dcconda_skeleton_django-save-the-change-1.1.0.tar.gz
Solving package specifications: .patching file core.py
Hunk #1 succeeded at 168 with fuzz 2 (offset 2 lines).

Applying patch: '/tmp/tmpLYf8Dcconda_skeleton_django-save-the-change-1.1.0.tar.gz/pypi-distutils.patch'
Warning, the following versions were found for django-ptree-mturk
1.0.1
1.0
Using 1.0.1
Use --version to specify a different version.
Using url https://pypi.python.org/packages/source/d/django-ptree-mturk/django-ptree-mturk-1.0.1.zip (4 KB) for django-ptree-mturk.
Downloading django-ptree-mturk (use --no-download to skip this step)
Using cached download
Unpacking django-ptree-mturk...
done
working in /tmp/tmpmr_vgeconda_skeleton_django-ptree-mturk-1.0.1.zip
Solving package specifications: .patching file core.py
Hunk #1 succeeded at 168 with fuzz 2 (offset 2 lines).

Applying patch: '/tmp/tmpmr_vgeconda_skeleton_django-ptree-mturk-1.0.1.zip/pypi-distutils.patch'
Warning, the following versions were found for dj-static
0.0.6
0.0.5
0.0.4
0.0.3
0.0.2
0.0.1
Using 0.0.6
Use --version to specify a different version.
Using url https://pypi.python.org/packages/source/d/dj-static/dj-static-0.0.6.tar.gz (3 KB) for dj-static.
Downloading dj-static (use --no-download to skip this step)
Using cached download
Unpacking dj-static...
done
working in /tmp/tmpgpqrgwconda_skeleton_dj-static-0.0.6.tar.gz
Solving package specifications: .patching file core.py
Hunk #1 succeeded at 168 with fuzz 2 (offset 2 lines).

Applying patch: '/tmp/tmpgpqrgwconda_skeleton_dj-static-0.0.6.tar.gz/pypi-distutils.patch'
Using url https://pypi.python.org/packages/source/d/django-ptree-extra-views/django-ptree-extra-views-0.6.3.zip (22 KB) for django-ptree-extra-views.
Downloading django-ptree-extra-views (use --no-download to skip this step)
Using cached download
Unpacking django-ptree-extra-views...
done
working in /tmp/tmpC9hBvJconda_skeleton_django-ptree-extra-views-0.6.3.zip
Solving package specifications: .patching file core.py
Hunk #1 succeeded at 168 with fuzz 2 (offset 2 lines).

Applying patch: '/tmp/tmpC9hBvJconda_skeleton_django-ptree-extra-views-0.6.3.zip/pypi-distutils.patch'
Warning, the following versions were found for django-inspect-model
0.7
0.6
0.5
0.4
0.3
0.2
0.1
Using 0.7
Use --version to specify a different version.
Using url https://pypi.python.org/packages/source/d/django-inspect-model/django-inspect-model-0.7.tar.gz (7 KB) for django-inspect-model.
Downloading django-inspect-model (use --no-download to skip this step)
Using cached download
Unpacking django-inspect-model...
done
working in /tmp/tmpldlCMSconda_skeleton_django-inspect-model-0.7.tar.gz
Solving package specifications: .patching file core.py
Hunk #1 succeeded at 168 with fuzz 2 (offset 2 lines).

Applying patch: '/tmp/tmpldlCMSconda_skeleton_django-inspect-model-0.7.tar.gz/pypi-distutils.patch'
Warning, the following versions were found for raven
5.3.1
5.3.0
5.2.0
5.1.1
5.1.0
5.0.0
4.2.3
4.2.2
4.2.1
4.2.0
4.1.1
4.1.0
4.0.4
4.0.3
4.0.2
4.0.1
4.0.0
3.6.1
3.6.0
3.5.2
3.5.1
3.5.0
3.4.1
3.4.0
3.3.12
3.3.11
3.3.10
3.3.9
3.3.8
3.3.7
3.3.6
3.3.5
3.3.4
3.3.3
3.3.2
3.3.1
3.3.0
3.2.1
3.2.0
3.1.17
3.1.16
3.1.15
3.1.13
3.1.12
3.1.11
3.1.10
3.1.9
3.1.8
3.1.7
3.1.6
3.1.5
3.1.4
3.1.3
3.1.2
3.1.1
3.1.0
3.0.1
3.0.0
2.0.12.3
2.0.12.2
2.0.12.1
2.0.12
2.0.11
2.0.10
2.0.9
2.0.8
2.0.7.1
2.0.7
2.0.6
2.0.5
2.0.4
2.0.3
2.0.2
2.0.1
2.0.0
1.9.4
1.9.3
1.9.2
1.9.1
1.9.0
1.8.4
1.8.3
1.8.2
1.8.1
1.8.0
1.7.7
1.7.6
1.7.5
1.7.4
1.7.3
1.7.2
1.7.1
1.7.0
1.6.1
1.6.0
1.5.0
1.4.6
1.4.5
1.4.4
1.4.3
1.4.2
1.4.1
1.4.0
1.3.6
1.3.5
1.3.3
1.3.2
1.3.1
1.3.0
1.2.2
1.2.1
1.2.0
1.1.6
1.1.5
1.1.4
1.1.3
1.1.2
1.1.1
1.0.4
0.7.1
0.7.0
0.6.1
0.6.0
0.5.1
0.5
0.4
0.3
0.2
0.1
Using 5.3.1
Use --version to specify a different version.
Using url https://pypi.python.org/packages/source/r/raven/raven-5.3.1.tar.gz (312 KB) for raven.
Downloading raven (use --no-download to skip this step)
Using cached download
Unpacking raven...
done
working in /tmp/tmphTwm4Dconda_skeleton_raven-5.3.1.tar.gz
Solving package specifications: .patching file core.py
Hunk #1 succeeded at 168 with fuzz 2 (offset 2 lines).

Applying patch: '/tmp/tmphTwm4Dconda_skeleton_raven-5.3.1.tar.gz/pypi-distutils.patch'
Warning, the following versions were found for web.py
0.37
0.36
0.35
0.34
0.33
0.32
0.31
0.30
0.23
0.22
0.3
0.2
Using 0.37
Use --version to specify a different version.
Using url https://pypi.python.org/packages/source/w/web.py/web.py-0.37.tar.gz (88 KB) for web.py.
Downloading web.py (use --no-download to skip this step)
Using cached download
Unpacking web.py...
done
working in /tmp/tmpaMUdMLconda_skeleton_web.py-0.37.tar.gz
Solving package specifications: .patching file core.py
Hunk #1 succeeded at 168 with fuzz 2 (offset 2 lines).

Applying patch: '/tmp/tmpaMUdMLconda_skeleton_web.py-0.37.tar.gz/pypi-distutils.patch'
Warning, the following versions were found for unittest2
1.0.1
1.0.0
0.8.0
0.7.1
0.7.0
0.6.0
0.5.1
0.5.0
0.4.2
0.4.1
0.4.0
0.3.0
0.2.0
0.1.6
0.1.5
0.1.4
0.1.3
0.1.2
0.1.1
0.1.0
0.0
Using 1.0.1
Use --version to specify a different version.
Using url https://pypi.python.org/packages/source/u/unittest2/unittest2-1.0.1.tar.gz (79 KB) for unittest2.
Downloading unittest2 (use --no-download to skip this step)
Using cached download
Unpacking unittest2...
done
working in /tmp/tmp5_8EEzconda_skeleton_unittest2-1.0.1.tar.gz
Solving package specifications: .patching file core.py
Hunk #1 succeeded at 168 with fuzz 2 (offset 2 lines).
An unexpected error has occurred, please consider sending the
following traceback to the conda GitHub issue tracker at:

    https://github.com/conda/conda-build/issues

Include the output of the command 'conda info' in your report.



Applying patch: '/tmp/tmp5_8EEzconda_skeleton_unittest2-1.0.1.tar.gz/pypi-distutils.patch'
Traceback (most recent call last):
  File "/home/ubuntu/miniconda/bin/conda-skeleton", line 6, in <module>
    exec(compile(open(__file__).read(), __file__, 'exec'))
  File "/home/ubuntu/conda-build/bin/conda-skeleton", line 5, in <module>
    sys.exit(main())
  File "/home/ubuntu/conda-build/conda_build/main_skeleton.py", line 244, in main
    args_func(args, p)
  File "/home/ubuntu/conda-build/conda_build/main_build.py", line 346, in args_func
    args.func(args, p)
  File "/home/ubuntu/conda-build/conda_build/main_skeleton.py", line 258, in execute
    pypi.main(args, parser)
  File "/home/ubuntu/conda-build/conda_build/pypi.py", line 390, in main
    get_package_metadata(args, package, d, data)
  File "/home/ubuntu/conda-build/conda_build/pypi.py", line 489, in get_package_metadata
    pkginfo = yaml.load(fn)
  File "/home/ubuntu/miniconda/lib/python2.7/site-packages/yaml/__init__.py", line 71, in load
    return loader.get_single_data()
  File "/home/ubuntu/miniconda/lib/python2.7/site-packages/yaml/constructor.py", line 39, in get_single_data
    return self.construct_document(node)
  File "/home/ubuntu/miniconda/lib/python2.7/site-packages/yaml/constructor.py", line 48, in construct_document
    for dummy in generator:
  File "/home/ubuntu/miniconda/lib/python2.7/site-packages/yaml/constructor.py", line 398, in construct_yaml_map
    value = self.construct_mapping(node)
  File "/home/ubuntu/miniconda/lib/python2.7/site-packages/yaml/constructor.py", line 208, in construct_mapping
    return BaseConstructor.construct_mapping(self, node, deep=deep)
  File "/home/ubuntu/miniconda/lib/python2.7/site-packages/yaml/constructor.py", line 133, in construct_mapping
    value = self.construct_object(value_node, deep=deep)
  File "/home/ubuntu/miniconda/lib/python2.7/site-packages/yaml/constructor.py", line 93, in construct_object
    data = generator.next()
  File "/home/ubuntu/miniconda/lib/python2.7/site-packages/yaml/constructor.py", line 568, in construct_python_object
    instance = self.make_python_instance(suffix, node, newobj=True)
  File "/home/ubuntu/miniconda/lib/python2.7/site-packages/yaml/constructor.py", line 540, in make_python_instance
    cls = self.find_python_name(suffix, node.start_mark)
  File "/home/ubuntu/miniconda/lib/python2.7/site-packages/yaml/constructor.py", line 513, in find_python_name
    module.__name__), mark)
yaml.constructor.ConstructorError: while constructing a Python object
cannot find 'late_version' in the module '__main__'
  in "/tmp/tmp5_8EEzconda_skeleton_unittest2-1.0.1.tar.gz/pkginfo.yaml", line 20, column 10
