Package search: {'_pypi_ordering': False, 'version': '1.0.0-final', 'name': 'django-haystack', 'summary': 'Pluggable search for Django.'}
Fetching package metadata: ....
Removing old build directory
Removing old work directory
BUILD START: django-haystack-2.4.0-py27_0
Fetching package metadata: ......
Solving package specifications: .+ pip install django-haystack
Collecting django-haystack
  Downloading http://localhost/packages/source/d/django-haystack/django-haystack-2.3.1.tar.gz (973kB)
Requirement already satisfied (use --upgrade to upgrade): Django in /home/ubuntu/miniconda/envs/_build/lib/python2.7/site-packages (from django-haystack)
Installing collected packages: django-haystack
  Running setup.py install for django-haystack
Successfully installed django-haystack-2.3.1

The following NEW packages will be INSTALLED:

    django:     1.8.2-py27_0
    openssl:    1.0.1k-1    
    pip:        7.0.3-py27_0
    python:     2.7.10-0    
    readline:   6.2-2       
    setuptools: 17.0-py27_0 
    sqlite:     3.8.4.1-1   
    system:     5.8-2       
    tk:         8.5.18-0    
    zlib:       1.2.8-0     

Linking packages ...
[                    ]|                                                  |   0%[openssl             ]|                                                  |   0%[readline            ]|#####                                             |  10%[sqlite              ]|##########                                        |  20%[system              ]|###############                                   |  30%[tk                  ]|####################                              |  40%[zlib                ]|#########################                         |  50%[django              ]|##############################                    |  60%[python              ]|###################################               |  70%[setuptools          ]|########################################          |  80%[pip                 ]|#############################################     |  90%[      COMPLETE      ]|##################################################| 100%
Removing old work directory
Copying /home/ubuntu/pypi-conda-builds/django-haystack to /home/ubuntu/miniconda/conda-bld/work
Package: django-haystack-2.4.0-py27_0
source tree in: /home/ubuntu/miniconda/conda-bld/work
number of files: 85
Fixing permissions
Fixing permissions
BUILD END: django-haystack-2.4.0-py27_0
# If you want to upload this package to binstar.org later, type:
#
# $ binstar upload /home/ubuntu/miniconda/conda-bld/linux-64/django-haystack-2.4.0-py27_0.tar.bz2
#
# To have conda build upload to binstar automatically, use
# $ conda config --set binstar_upload yes

Creating standard recipe for django-haystack-2.4.0
Converting recipe in /home/ubuntu/pypi-conda-builds/django-haystack
package = django-haystack
   dependencies = [u'django']
Building conda package for django-haystack
