Package search: {'_pypi_ordering': False, 'version': '0.1.0', 'name': 'django-classy-tags', 'summary': 'Class based template tags for Django'}
Fetching package metadata: ....
    LOCKERROR: It looks like conda is already doing something.
    The lock /home/ubuntu/miniconda/conda-bld/.conda_lock-25479 was found. Wait for it to finish before continuing.
    If you are sure that conda is not running, remove it and try again.
    You can also use: $ conda clean --lock
Sleeping for 1 seconds
    LOCKERROR: It looks like conda is already doing something.
    The lock /home/ubuntu/miniconda/conda-bld/.conda_lock-25479 was found. Wait for it to finish before continuing.
    If you are sure that conda is not running, remove it and try again.
    You can also use: $ conda clean --lock
Sleeping for 2 seconds
    LOCKERROR: It looks like conda is already doing something.
    The lock /home/ubuntu/miniconda/conda-bld/.conda_lock-25479 was found. Wait for it to finish before continuing.
    If you are sure that conda is not running, remove it and try again.
    You can also use: $ conda clean --lock
Sleeping for 4 seconds
    LOCKERROR: It looks like conda is already doing something.
    The lock /home/ubuntu/miniconda/conda-bld/.conda_lock-25479 was found. Wait for it to finish before continuing.
    If you are sure that conda is not running, remove it and try again.
    You can also use: $ conda clean --lock
Sleeping for 8 seconds
    LOCKERROR: It looks like conda is already doing something.
    The lock /home/ubuntu/miniconda/conda-bld/.conda_lock-25479 was found. Wait for it to finish before continuing.
    If you are sure that conda is not running, remove it and try again.
    You can also use: $ conda clean --lock
Sleeping for 16 seconds
Removing old build directory
Removing old work directory
BUILD START: django-classy-tags-0.6.1-py27_0
Fetching package metadata: ......
Solving package specifications: .+ pip install django-classy-tags
Collecting django-classy-tags
  Downloading http://localhost/packages/3.4/d/django-classy-tags/django_classy_tags-0.6.1-py2.py3-none-any.whl
Requirement already satisfied (use --upgrade to upgrade): Django>1.3 in /home/ubuntu/miniconda/envs/_build/lib/python2.7/site-packages (from django-classy-tags)
Installing collected packages: django-classy-tags
Successfully installed django-classy-tags-0.6.1

The following NEW packages will be INSTALLED:

    django:     1.8.2-py27_0
    openssl:    1.0.1k-1    
    pip:        7.0.3-py27_0
    python:     2.7.10-0    
    readline:   6.2-2       
    setuptools: 17.0-py27_0 
    sqlite:     3.8.4.1-1   
    system:     5.8-2       
    tk:         8.5.18-0    
    zlib:       1.2.8-0     

Linking packages ...
[                    ]|                                                  |   0%[openssl             ]|                                                  |   0%[readline            ]|#####                                             |  10%[sqlite              ]|##########                                        |  20%[system              ]|###############                                   |  30%[tk                  ]|####################                              |  40%[zlib                ]|#########################                         |  50%[django              ]|##############################                    |  60%[python              ]|###################################               |  70%[setuptools          ]|########################################          |  80%[pip                 ]|#############################################     |  90%[      COMPLETE      ]|##################################################| 100%
Removing old work directory
Copying /home/ubuntu/pypi-conda-builds/django-classy-tags to /home/ubuntu/miniconda/conda-bld/work
Package: django-classy-tags-0.6.1-py27_0
source tree in: /home/ubuntu/miniconda/conda-bld/work
number of files: 42
Fixing permissions
Fixing permissions
BUILD END: django-classy-tags-0.6.1-py27_0
# If you want to upload this package to binstar.org later, type:
#
# $ binstar upload /home/ubuntu/miniconda/conda-bld/linux-64/django-classy-tags-0.6.1-py27_0.tar.bz2
#
# To have conda build upload to binstar automatically, use
# $ conda config --set binstar_upload yes

Creating standard recipe for django-classy-tags-0.6.1
Converting recipe in /home/ubuntu/pypi-conda-builds/django-classy-tags
package = django-classy-tags
   dependencies = [u'django >1.3']
Building conda package for django-classy-tags
