Warning, the following versions were found for Django-Select2
4.3.1
4.3.0
4.2.2
4.2.1
4.2.0
4.0.0
3.3.1
3.3.0
3.2.1
3.2.0
3.1.5
3.1.4
3.1.3
3.1.2
3.1.1
3.1.0
3.0.2
3.0.1
3.0
2.0.1
Using 4.3.1
Use --version to specify a different version.
Using url https://pypi.python.org/packages/source/D/Django-Select2/Django-Select2-4.3.1.tar.gz (95 KB) for Django-Select2.
Downloading Django-Select2 (use --no-download to skip this step)
Using cached download
Unpacking Django-Select2...
done
working in /tmp/tmp0w0nFQconda_skeleton_Django-Select2-4.3.1.tar.gz
Fetching package metadata: ......
Solving package specifications: .patching file core.py
Hunk #1 succeeded at 168 with fuzz 2 (offset 2 lines).
Traceback (most recent call last):
  File "setup.py", line 9, in <module>
    from setuptools import setup, find_packages, Command
ImportError: No module named setuptools

Applying patch: '/tmp/tmp0w0nFQconda_skeleton_Django-Select2-4.3.1.tar.gz/pypi-distutils.patch'
$PYTHONPATH = /tmp/tmp0w0nFQconda_skeleton_Django-Select2-4.3.1.tar.gz/Django-Select2-4.3.1
Error: command failed: /home/ubuntu/miniconda/envs/_build/bin/python setup.py install
