Warning, the following versions were found for djrill
1.4.0
1.3.0
1.2.0
1.1.1
1.1.0
1.0.0
0.9.0
0.8.0
0.7.0
0.6.0
0.6.0.dev1
0.5.0
0.4.0
0.3.1
0.3.0
0.2.0
0.1.4.1
0.1.4
0.1.3
0.1.2
0.1.1
0.1.0
Using 1.4.0
Use --version to specify a different version.
Using url https://pypi.python.org/packages/source/d/djrill/djrill-1.4.0.tar.gz (15 KB) for djrill.
Downloading djrill (use --no-download to skip this step)
Using cached download
Unpacking djrill...
done
working in /tmp/tmpMEmlxTconda_skeleton_djrill-1.4.0.tar.gz
Fetching package metadata: ......
Solving package specifications: .patching file core.py
Hunk #1 succeeded at 168 with fuzz 2 (offset 2 lines).
Traceback (most recent call last):
  File "setup.py", line 1, in <module>
    from setuptools import setup
ImportError: No module named setuptools

The following NEW packages will be INSTALLED:

    numpy:  1.9.2-py27_0
    pyyaml: 3.11-py27_0 

Linking packages ...
[                    ]|                                                  |   0%[numpy               ]|                                                  |   0%[pyyaml              ]|#########################                         |  50%[      COMPLETE      ]|##################################################| 100%
Applying patch: '/tmp/tmpMEmlxTconda_skeleton_djrill-1.4.0.tar.gz/pypi-distutils.patch'
$PYTHONPATH = /tmp/tmpMEmlxTconda_skeleton_djrill-1.4.0.tar.gz/djrill-1.4.0
Error: command failed: /home/ubuntu/miniconda/envs/_build/bin/python setup.py install
