Warning, the following versions were found for dnspython
1.12.0
1.11.1
1.11.0
1.10.0
Using 1.12.0
Use --version to specify a different version.
Using url https://pypi.python.org/packages/source/d/dnspython/dnspython-1.12.0.zip (225 KB) for dnspython.
Downloading dnspython (use --no-download to skip this step)
Using cached download
Unpacking dnspython...
done
working in /tmp/tmp6pMGpMconda_skeleton_dnspython-1.12.0.zip
Fetching package metadata: ......
Solving package specifications: .patching file core.py
Hunk #1 succeeded at 168 with fuzz 2 (offset 2 lines).

The following NEW packages will be INSTALLED:

    numpy: 1.9.2-py27_0

Linking packages ...
[                    ]|                                                  |   0%[numpy               ]|                                                  |   0%[      COMPLETE      ]|##################################################| 100%
Applying patch: '/tmp/tmp6pMGpMconda_skeleton_dnspython-1.12.0.zip/pypi-distutils.patch'
Writing recipe for dnspython
Done
