Warning, the following versions were found for docker-compose
1.3.0rc2
1.3.0rc1
1.2.0
1.2.0rc4
1.2.0rc3
1.2.0rc2
1.2.0rc1
1.1.0
1.1.0-rc2
1.1.0-rc1
Using 1.3.0rc2
Use --version to specify a different version.
Using url https://pypi.python.org/packages/source/d/docker-compose/docker-compose-1.3.0rc2.tar.gz (65 KB) for docker-compose.
Downloading docker-compose (use --no-download to skip this step)
Unpacking docker-compose...
done
working in /tmp/tmp0NFys8conda_skeleton_docker-compose-1.3.0rc2.tar.gz
Fetching package metadata: ......
Solving package specifications: .patching file core.py
Hunk #1 succeeded at 168 with fuzz 2 (offset 2 lines).
Traceback (most recent call last):
  File "setup.py", line 5, in <module>
    from setuptools import setup, find_packages
ImportError: No module named setuptools

Applying patch: '/tmp/tmp0NFys8conda_skeleton_docker-compose-1.3.0rc2.tar.gz/pypi-distutils.patch'
$PYTHONPATH = /tmp/tmp0NFys8conda_skeleton_docker-compose-1.3.0rc2.tar.gz/docker-compose-1.3.0rc2
Error: command failed: /home/ubuntu/miniconda/envs/_build/bin/python setup.py install
