Warning, the following versions were found for docker-py
1.2.3-rc1
1.2.2
1.2.1
1.1.0
1.0.0
0.7.2
0.7.1
0.7.0
0.6.0
0.5.3
0.5.2
0.5.1
0.5.0
0.4.0
0.3.2
0.3.1
0.3.0
0.2.3
0.2.2
0.2.1
0.2.0
0.1.5
0.1.4
0.1.3
0.1.2
0.1.1
0.1.0
0.0.6
0.0.5
0.0.4
Using 1.2.3-rc1
Use --version to specify a different version.
Using url https://pypi.python.org/packages/source/d/docker-py/docker-py-1.2.3-rc1.tar.gz (47 KB) for docker-py.
Downloading docker-py (use --no-download to skip this step)
Unpacking docker-py...
done
working in /tmp/tmpHOikJNconda_skeleton_docker-py-1.2.3-rc1.tar.gz
Fetching package metadata: ......
Solving package specifications: .patching file core.py
Hunk #1 succeeded at 168 with fuzz 2 (offset 2 lines).
Traceback (most recent call last):
  File "setup.py", line 4, in <module>
    from setuptools import setup
ImportError: No module named setuptools

Applying patch: '/tmp/tmpHOikJNconda_skeleton_docker-py-1.2.3-rc1.tar.gz/pypi-distutils.patch'
$PYTHONPATH = /tmp/tmpHOikJNconda_skeleton_docker-py-1.2.3-rc1.tar.gz/docker-py-1.2.3-rc1
Error: command failed: /home/ubuntu/miniconda/envs/_build/bin/python setup.py install
