Warning, the following versions were found for docopt
0.6.2
0.6.1
0.6.0
0.5.0
0.4.2
0.4.1
0.4.0
0.3.0
0.2.0
0.1.1
0.1
Using 0.6.2
Use --version to specify a different version.
Using url https://pypi.python.org/packages/source/d/docopt/docopt-0.6.2.tar.gz (25 KB) for docopt.
Downloading docopt (use --no-download to skip this step)
Using cached download
Unpacking docopt...
done
working in /tmp/tmpkkFFZhconda_skeleton_docopt-0.6.2.tar.gz
Fetching package metadata: ......
Solving package specifications: .patching file core.py
Hunk #1 succeeded at 168 with fuzz 2 (offset 2 lines).

Applying patch: '/tmp/tmpkkFFZhconda_skeleton_docopt-0.6.2.tar.gz/pypi-distutils.patch'
Writing recipe for docopt
Done
