Warning, the following versions were found for dogapi
1.11.1
1.11.0
1.10.0
1.9.0
1.8.5
1.8.0
1.7.0
1.6.5
1.6.4
1.6.3
1.6.2
1.6.1
1.6.0
1.5.0
1.4.2
1.4.1
1.4.0
1.3.0
1.2.3
1.2.2
1.2.1
1.2.0
1.1.2
1.1.1
1.1.0
1.0.14
1.0.13
1.0.12
1.0.11
1.0.10
1.0.9
1.0.6
1.0.4
1.0.0
0.10.7
0.10.6
0.10.5
0.10.4
0.10.1
0.9.11
0.9.10
0.9.9
0.9.8
0.9.7
0.0.3
0.0.2
0.0.1
Using 1.11.1
Use --version to specify a different version.
Using url https://pypi.python.org/packages/source/d/dogapi/dogapi-1.11.1.tar.gz (25 KB) for dogapi.
Downloading dogapi (use --no-download to skip this step)
Using cached download
Unpacking dogapi...
done
working in /tmp/tmpknrn93conda_skeleton_dogapi-1.11.1.tar.gz
Fetching package metadata: ......
Solving package specifications: .patching file core.py
Hunk #1 succeeded at 168 with fuzz 2 (offset 2 lines).
Traceback (most recent call last):
  File "setup.py", line 1, in <module>
    from setuptools import setup, find_packages
ImportError: No module named setuptools

Applying patch: '/tmp/tmpknrn93conda_skeleton_dogapi-1.11.1.tar.gz/pypi-distutils.patch'
$PYTHONPATH = /tmp/tmpknrn93conda_skeleton_dogapi-1.11.1.tar.gz/dogapi-1.11.1
Error: command failed: /home/ubuntu/miniconda/envs/_build/bin/python setup.py install
