Warning, the following versions were found for dogpile.cache
0.5.6
0.5.5
0.5.4
0.5.3
0.5.2
0.5.1
0.5.0
0.4.3
0.4.2
0.4.1
0.4.0
0.3.1
0.3.0
0.2.4
0.2.3
0.2.2
0.2.1
0.2.0
0.1.1dev
Using 0.5.6
Use --version to specify a different version.
Using url https://pypi.python.org/packages/source/d/dogpile.cache/dogpile.cache-0.5.6.tar.gz (185 KB) for dogpile.cache.
Downloading dogpile.cache (use --no-download to skip this step)
Using cached download
Unpacking dogpile.cache...
done
working in /tmp/tmpVOvJjuconda_skeleton_dogpile.cache-0.5.6.tar.gz
Fetching package metadata: ......
Solving package specifications: .patching file core.py
Hunk #1 succeeded at 168 with fuzz 2 (offset 2 lines).

The following NEW packages will be INSTALLED:

    numpy:  1.9.2-py27_0
    pyyaml: 3.11-py27_0 
    yaml:   0.1.4-0     

Linking packages ...
[                    ]|                                                  |   0%[yaml                ]|                                                  |   0%[numpy               ]|################                                  |  33%[pyyaml              ]|#################################                 |  66%[      COMPLETE      ]|##################################################| 100%
Applying patch: '/tmp/tmpVOvJjuconda_skeleton_dogpile.cache-0.5.6.tar.gz/pypi-distutils.patch'
Writing recipe for dogpile.cache
Done
