Warning, the following versions were found for dogpile.core
0.4.1
0.4.0
0.3.3
0.3.2
0.3.1
0.3.0
0.3.0dev
Using 0.4.1
Use --version to specify a different version.
Using url https://pypi.python.org/packages/source/d/dogpile.core/dogpile.core-0.4.1.tar.gz (97 KB) for dogpile.core.
Downloading dogpile.core (use --no-download to skip this step)
Using cached download
Unpacking dogpile.core...
done
working in /tmp/tmpLdbTlYconda_skeleton_dogpile.core-0.4.1.tar.gz
Fetching package metadata: ......
Solving package specifications: .patching file core.py
Hunk #1 succeeded at 168 with fuzz 2 (offset 2 lines).
Traceback (most recent call last):
  File "setup.py", line 5, in <module>
    from setuptools import setup, find_packages
ImportError: No module named setuptools

Applying patch: '/tmp/tmpLdbTlYconda_skeleton_dogpile.core-0.4.1.tar.gz/pypi-distutils.patch'
$PYTHONPATH = /tmp/tmpLdbTlYconda_skeleton_dogpile.core-0.4.1.tar.gz/dogpile.core-0.4.1
Error: command failed: /home/ubuntu/miniconda/envs/_build/bin/python setup.py install
