Warning, the following versions were found for dogslow
0.9.7
0.9.5
0.9.4
0.9.2
0.9.1
0.9
0.8
0.7
0.6
0.5
0.4
0.3
0.2
0.1
Using 0.9.7
Use --version to specify a different version.
Using url https://pypi.python.org/packages/source/d/dogslow/dogslow-0.9.7.tar.gz (18 KB) for dogslow.
Downloading dogslow (use --no-download to skip this step)
Using cached download
Unpacking dogslow...
done
working in /tmp/tmpP5LlhAconda_skeleton_dogslow-0.9.7.tar.gz
Fetching package metadata: ......
Solving package specifications: .patching file core.py
Hunk #1 succeeded at 168 with fuzz 2 (offset 2 lines).

Applying patch: '/tmp/tmpP5LlhAconda_skeleton_dogslow-0.9.7.tar.gz/pypi-distutils.patch'
Writing recipe for dogslow
Done
