Removing old build directory
Removing old work directory
BUILD START: dogstatsd-python-0.5.6-py_0
Fetching package metadata: ......
Solving package specifications: .+ pip install dogstatsd-python
Collecting dogstatsd-python
  Downloading http://localhost/packages/source/d/dogstatsd-python/dogstatsd-python-0.5.6.tar.gz
Installing collected packages: dogstatsd-python
  Running setup.py install for dogstatsd-python
Successfully installed dogstatsd-python-0.5.6

The following NEW packages will be INSTALLED:

    openssl:    1.0.1k-1    
    pip:        7.0.3-py27_0
    python:     2.7.10-0    
    readline:   6.2-2       
    setuptools: 17.0-py27_0 
    sqlite:     3.8.4.1-1   
    system:     5.8-2       
    tk:         8.5.18-0    
    zlib:       1.2.8-0     

Linking packages ...
[                    ]|                                                  |   0%[openssl             ]|                                                  |   0%[readline            ]|#####                                             |  11%[sqlite              ]|###########                                       |  22%[system              ]|################                                  |  33%[tk                  ]|######################                            |  44%[zlib                ]|###########################                       |  55%[python              ]|#################################                 |  66%[setuptools          ]|######################################            |  77%[pip                 ]|############################################      |  88%[      COMPLETE      ]|##################################################| 100%
Removing old work directory
Copying /home/ubuntu/pypi-conda-builds/dogstatsd-python to /home/ubuntu/miniconda/conda-bld/work
Package: dogstatsd-python-0.5.6-py_0
source tree in: /home/ubuntu/miniconda/conda-bld/work
number of files: 7
Fixing permissions
Fixing permissions
BUILD END: dogstatsd-python-0.5.6-py_0
# If you want to upload this package to binstar.org later, type:
#
# $ binstar upload /home/ubuntu/miniconda/conda-bld/noarch/dogstatsd-python-0.5.6-py_0.tar.bz2
#
# To have conda build upload to binstar automatically, use
# $ conda config --set binstar_upload yes

Package search: {'_pypi_ordering': False, 'version': '0.5.6', 'name': 'dogstatsd-python', 'summary': "Python bindings to Datadog's API and a user-facing command line tool."}
Creating standard recipe for dogstatsd-python-0.5.6
Converting recipe in /home/ubuntu/pypi-conda-builds/dogstatsd-python
package = dogstatsd-python
   dependencies = []
Building conda package for dogstatsd-python
