Warning, the following versions were found for doxx
0.9.4
0.9.3
0.9.2
0.9.1
0.9.0
Using 0.9.4
Use --version to specify a different version.
Using url https://pypi.python.org/packages/source/d/doxx/doxx-0.9.4.tar.gz (32 KB) for doxx.
Downloading doxx (use --no-download to skip this step)
Using cached download
Unpacking doxx...
done
working in /tmp/tmpfx5Qioconda_skeleton_doxx-0.9.4.tar.gz
Fetching package metadata: ......
Solving package specifications: .patching file core.py
Hunk #1 succeeded at 168 with fuzz 2 (offset 2 lines).

The following NEW packages will be INSTALLED:

    numpy:  1.9.2-py27_0
    pyyaml: 3.11-py27_0 

Linking packages ...
[                    ]|                                                  |   0%[numpy               ]|                                                  |   0%[pyyaml              ]|#########################                         |  50%[      COMPLETE      ]|##################################################| 100%
Applying patch: '/tmp/tmpfx5Qioconda_skeleton_doxx-0.9.4.tar.gz/pypi-distutils.patch'
naked not found, trying Naked
Warning, the following versions were found for Naked
0.1.31
0.1.30
0.1.29
0.1.28
0.1.27
0.1.26
0.1.25
0.1.24
0.1.23
0.1.22
0.1.21
0.1.20
0.1.19
0.1.18
0.1.17
0.1.16
0.1.15
0.1.14
0.1.12
0.1.9
Using 0.1.31
Use --version to specify a different version.
Using url https://pypi.python.org/packages/source/N/Naked/Naked-0.1.31.tar.gz (537 KB) for Naked.
Downloading Naked (use --no-download to skip this step)
Using cached download
Unpacking Naked...
done
working in /tmp/tmphIdig7conda_skeleton_Naked-0.1.31.tar.gz
Solving package specifications: .patching file core.py
Hunk #1 succeeded at 168 with fuzz 2 (offset 2 lines).

Applying patch: '/tmp/tmphIdig7conda_skeleton_Naked-0.1.31.tar.gz/pypi-distutils.patch'
Writing recipe for naked
Writing recipe for doxx
Done
