Removing old build directory
Removing old work directory
BUILD START: dulwich-0.10.1a-py27_0
Fetching package metadata: ......
Solving package specifications: .+ /home/ubuntu/miniconda/envs/_build/bin/python setup.py install
/home/ubuntu/miniconda/envs/_build/lib/python2.7/site-packages/setuptools-17.0-py2.7.egg/setuptools/dist.py:285: UserWarning: Normalizing '0.10.1a' to '0.10.1a0'
running install
running bdist_egg
running egg_info
writing dulwich.egg-info/PKG-INFO
writing top-level names to dulwich.egg-info/top_level.txt
writing dependency_links to dulwich.egg-info/dependency_links.txt
reading manifest file 'dulwich.egg-info/SOURCES.txt'
reading manifest template 'MANIFEST.in'
writing manifest file 'dulwich.egg-info/SOURCES.txt'
installing library code to build/bdist.linux-x86_64/egg
running install_lib
running build_py
creating build
creating build/lib.linux-x86_64-2.7
creating build/lib.linux-x86_64-2.7/dulwich
copying dulwich/greenthreads.py -> build/lib.linux-x86_64-2.7/dulwich
copying dulwich/errors.py -> build/lib.linux-x86_64-2.7/dulwich
copying dulwich/walk.py -> build/lib.linux-x86_64-2.7/dulwich
copying dulwich/fastexport.py -> build/lib.linux-x86_64-2.7/dulwich
copying dulwich/config.py -> build/lib.linux-x86_64-2.7/dulwich
copying dulwich/porcelain.py -> build/lib.linux-x86_64-2.7/dulwich
copying dulwich/repo.py -> build/lib.linux-x86_64-2.7/dulwich
copying dulwich/lru_cache.py -> build/lib.linux-x86_64-2.7/dulwich
copying dulwich/index.py -> build/lib.linux-x86_64-2.7/dulwich
copying dulwich/refs.py -> build/lib.linux-x86_64-2.7/dulwich
copying dulwich/web.py -> build/lib.linux-x86_64-2.7/dulwich
copying dulwich/pack.py -> build/lib.linux-x86_64-2.7/dulwich
copying dulwich/file.py -> build/lib.linux-x86_64-2.7/dulwich
copying dulwich/log_utils.py -> build/lib.linux-x86_64-2.7/dulwich
copying dulwich/patch.py -> build/lib.linux-x86_64-2.7/dulwich
copying dulwich/client.py -> build/lib.linux-x86_64-2.7/dulwich
copying dulwich/object_store.py -> build/lib.linux-x86_64-2.7/dulwich
copying dulwich/hooks.py -> build/lib.linux-x86_64-2.7/dulwich
copying dulwich/__init__.py -> build/lib.linux-x86_64-2.7/dulwich
copying dulwich/objects.py -> build/lib.linux-x86_64-2.7/dulwich
copying dulwich/protocol.py -> build/lib.linux-x86_64-2.7/dulwich
copying dulwich/_compat.py -> build/lib.linux-x86_64-2.7/dulwich
copying dulwich/diff_tree.py -> build/lib.linux-x86_64-2.7/dulwich
copying dulwich/server.py -> build/lib.linux-x86_64-2.7/dulwich
copying dulwich/objectspec.py -> build/lib.linux-x86_64-2.7/dulwich
creating build/lib.linux-x86_64-2.7/dulwich/tests
copying dulwich/tests/test_objects.py -> build/lib.linux-x86_64-2.7/dulwich/tests
copying dulwich/tests/test_file.py -> build/lib.linux-x86_64-2.7/dulwich/tests
copying dulwich/tests/test_porcelain.py -> build/lib.linux-x86_64-2.7/dulwich/tests
copying dulwich/tests/utils.py -> build/lib.linux-x86_64-2.7/dulwich/tests
copying dulwich/tests/test_object_store.py -> build/lib.linux-x86_64-2.7/dulwich/tests
copying dulwich/tests/test_protocol.py -> build/lib.linux-x86_64-2.7/dulwich/tests
copying dulwich/tests/test_greenthreads.py -> build/lib.linux-x86_64-2.7/dulwich/tests
copying dulwich/tests/test_patch.py -> build/lib.linux-x86_64-2.7/dulwich/tests
copying dulwich/tests/test_grafts.py -> build/lib.linux-x86_64-2.7/dulwich/tests
copying dulwich/tests/test_repository.py -> build/lib.linux-x86_64-2.7/dulwich/tests
copying dulwich/tests/test_web.py -> build/lib.linux-x86_64-2.7/dulwich/tests
copying dulwich/tests/test_client.py -> build/lib.linux-x86_64-2.7/dulwich/tests
copying dulwich/tests/test_missing_obj_finder.py -> build/lib.linux-x86_64-2.7/dulwich/tests
copying dulwich/tests/test_diff_tree.py -> build/lib.linux-x86_64-2.7/dulwich/tests
copying dulwich/tests/test_lru_cache.py -> build/lib.linux-x86_64-2.7/dulwich/tests
copying dulwich/tests/test_objectspec.py -> build/lib.linux-x86_64-2.7/dulwich/tests
copying dulwich/tests/test_fastexport.py -> build/lib.linux-x86_64-2.7/dulwich/tests
copying dulwich/tests/test_server.py -> build/lib.linux-x86_64-2.7/dulwich/tests
copying dulwich/tests/__init__.py -> build/lib.linux-x86_64-2.7/dulwich/tests
copying dulwich/tests/test_pack.py -> build/lib.linux-x86_64-2.7/dulwich/tests
copying dulwich/tests/test_blackbox.py -> build/lib.linux-x86_64-2.7/dulwich/tests
copying dulwich/tests/test_refs.py -> build/lib.linux-x86_64-2.7/dulwich/tests
copying dulwich/tests/test_walk.py -> build/lib.linux-x86_64-2.7/dulwich/tests
copying dulwich/tests/test_index.py -> build/lib.linux-x86_64-2.7/dulwich/tests
copying dulwich/tests/test_utils.py -> build/lib.linux-x86_64-2.7/dulwich/tests
copying dulwich/tests/test_hooks.py -> build/lib.linux-x86_64-2.7/dulwich/tests
copying dulwich/tests/test_config.py -> build/lib.linux-x86_64-2.7/dulwich/tests
creating build/lib.linux-x86_64-2.7/dulwich/tests/compat
copying dulwich/tests/compat/utils.py -> build/lib.linux-x86_64-2.7/dulwich/tests/compat
copying dulwich/tests/compat/test_repository.py -> build/lib.linux-x86_64-2.7/dulwich/tests/compat
copying dulwich/tests/compat/test_web.py -> build/lib.linux-x86_64-2.7/dulwich/tests/compat
copying dulwich/tests/compat/test_client.py -> build/lib.linux-x86_64-2.7/dulwich/tests/compat
copying dulwich/tests/compat/test_server.py -> build/lib.linux-x86_64-2.7/dulwich/tests/compat
copying dulwich/tests/compat/__init__.py -> build/lib.linux-x86_64-2.7/dulwich/tests/compat
copying dulwich/tests/compat/test_pack.py -> build/lib.linux-x86_64-2.7/dulwich/tests/compat
copying dulwich/tests/compat/server_utils.py -> build/lib.linux-x86_64-2.7/dulwich/tests/compat
copying dulwich/tests/compat/test_utils.py -> build/lib.linux-x86_64-2.7/dulwich/tests/compat
creating build/lib.linux-x86_64-2.7/dulwich/contrib
copying dulwich/contrib/test_swift_smoke.py -> build/lib.linux-x86_64-2.7/dulwich/contrib
copying dulwich/contrib/test_swift.py -> build/lib.linux-x86_64-2.7/dulwich/contrib
copying dulwich/contrib/swift.py -> build/lib.linux-x86_64-2.7/dulwich/contrib
copying dulwich/contrib/__init__.py -> build/lib.linux-x86_64-2.7/dulwich/contrib
copying dulwich/_diff_tree.c -> build/lib.linux-x86_64-2.7/dulwich
copying dulwich/_objects.c -> build/lib.linux-x86_64-2.7/dulwich
copying dulwich/_pack.c -> build/lib.linux-x86_64-2.7/dulwich
copying dulwich/stdint.h -> build/lib.linux-x86_64-2.7/dulwich
creating build/lib.linux-x86_64-2.7/docs
creating build/lib.linux-x86_64-2.7/docs/tutorial
copying dulwich/../docs/tutorial/remote.txt -> build/lib.linux-x86_64-2.7/dulwich/../docs/tutorial
copying dulwich/../docs/tutorial/introduction.txt -> build/lib.linux-x86_64-2.7/dulwich/../docs/tutorial
copying dulwich/../docs/tutorial/repo.txt -> build/lib.linux-x86_64-2.7/dulwich/../docs/tutorial
copying dulwich/../docs/tutorial/tag.txt -> build/lib.linux-x86_64-2.7/dulwich/../docs/tutorial
copying dulwich/../docs/tutorial/file-format.txt -> build/lib.linux-x86_64-2.7/dulwich/../docs/tutorial
copying dulwich/../docs/tutorial/object-store.txt -> build/lib.linux-x86_64-2.7/dulwich/../docs/tutorial
copying dulwich/../docs/tutorial/index.txt -> build/lib.linux-x86_64-2.7/dulwich/../docs/tutorial
copying dulwich/../docs/tutorial/conclusion.txt -> build/lib.linux-x86_64-2.7/dulwich/../docs/tutorial
creating build/lib.linux-x86_64-2.7/dulwich/tests/data
creating build/lib.linux-x86_64-2.7/dulwich/tests/data/blobs
creating build/lib.linux-x86_64-2.7/dulwich/tests/data/blobs/11
copying dulwich/tests/data/blobs/11/11111111111111111111111111111111111111 -> build/lib.linux-x86_64-2.7/dulwich/tests/data/blobs/11
creating build/lib.linux-x86_64-2.7/dulwich/tests/data/blobs/6f
copying dulwich/tests/data/blobs/6f/670c0fb53f9463760b7295fbb814e965fb20c8 -> build/lib.linux-x86_64-2.7/dulwich/tests/data/blobs/6f
creating build/lib.linux-x86_64-2.7/dulwich/tests/data/blobs/95
copying dulwich/tests/data/blobs/95/4a536f7819d40e6f637f849ee187dd10066349 -> build/lib.linux-x86_64-2.7/dulwich/tests/data/blobs/95
creating build/lib.linux-x86_64-2.7/dulwich/tests/data/blobs/e6
copying dulwich/tests/data/blobs/e6/9de29bb2d1d6434b8b29ae775ad8c2e48c5391 -> build/lib.linux-x86_64-2.7/dulwich/tests/data/blobs/e6
creating build/lib.linux-x86_64-2.7/dulwich/tests/data/commits
creating build/lib.linux-x86_64-2.7/dulwich/tests/data/commits/0d
copying dulwich/tests/data/commits/0d/89f20333fbb1d2f3a94da77f4981373d8f4310 -> build/lib.linux-x86_64-2.7/dulwich/tests/data/commits/0d
creating build/lib.linux-x86_64-2.7/dulwich/tests/data/commits/5d
copying dulwich/tests/data/commits/5d/ac377bdded4c9aeb8dff595f0faeebcc8498cc -> build/lib.linux-x86_64-2.7/dulwich/tests/data/commits/5d
creating build/lib.linux-x86_64-2.7/dulwich/tests/data/commits/60
copying dulwich/tests/data/commits/60/dacdc733de308bb77bb76ce0fb0f9b44c9769e -> build/lib.linux-x86_64-2.7/dulwich/tests/data/commits/60
creating build/lib.linux-x86_64-2.7/dulwich/tests/data/indexes
copying dulwich/tests/data/indexes/index -> build/lib.linux-x86_64-2.7/dulwich/tests/data/indexes
creating build/lib.linux-x86_64-2.7/dulwich/tests/data/packs
copying dulwich/tests/data/packs/pack-bc63ddad95e7321ee734ea11a7a62d314e0d7481.idx -> build/lib.linux-x86_64-2.7/dulwich/tests/data/packs
copying dulwich/tests/data/packs/pack-bc63ddad95e7321ee734ea11a7a62d314e0d7481.pack -> build/lib.linux-x86_64-2.7/dulwich/tests/data/packs
creating build/lib.linux-x86_64-2.7/dulwich/tests/data/repos
copying dulwich/tests/data/repos/.gitattributes -> build/lib.linux-x86_64-2.7/dulwich/tests/data/repos
copying dulwich/tests/data/repos/server_new.export -> build/lib.linux-x86_64-2.7/dulwich/tests/data/repos
copying dulwich/tests/data/repos/server_old.export -> build/lib.linux-x86_64-2.7/dulwich/tests/data/repos
creating build/lib.linux-x86_64-2.7/dulwich/tests/data/repos/a.git
copying dulwich/tests/data/repos/a.git/HEAD -> build/lib.linux-x86_64-2.7/dulwich/tests/data/repos/a.git
copying dulwich/tests/data/repos/a.git/packed-refs -> build/lib.linux-x86_64-2.7/dulwich/tests/data/repos/a.git
creating build/lib.linux-x86_64-2.7/dulwich/tests/data/repos/a.git/objects
creating build/lib.linux-x86_64-2.7/dulwich/tests/data/repos/a.git/objects/28
copying dulwich/tests/data/repos/a.git/objects/28/237f4dc30d0d462658d6b937b08a0f0b6ef55a -> build/lib.linux-x86_64-2.7/dulwich/tests/data/repos/a.git/objects/28
creating build/lib.linux-x86_64-2.7/dulwich/tests/data/repos/a.git/objects/2a
copying dulwich/tests/data/repos/a.git/objects/2a/72d929692c41d8554c07f6301757ba18a65d91 -> build/lib.linux-x86_64-2.7/dulwich/tests/data/repos/a.git/objects/2a
creating build/lib.linux-x86_64-2.7/dulwich/tests/data/repos/a.git/objects/4e
copying dulwich/tests/data/repos/a.git/objects/4e/f30bbfe26431a69c3820d3a683df54d688f2ec -> build/lib.linux-x86_64-2.7/dulwich/tests/data/repos/a.git/objects/4e
creating build/lib.linux-x86_64-2.7/dulwich/tests/data/repos/a.git/objects/4f
copying dulwich/tests/data/repos/a.git/objects/4f/2e6529203aa6d44b5af6e3292c837ceda003f9 -> build/lib.linux-x86_64-2.7/dulwich/tests/data/repos/a.git/objects/4f
creating build/lib.linux-x86_64-2.7/dulwich/tests/data/repos/a.git/objects/7d
copying dulwich/tests/data/repos/a.git/objects/7d/9a07d797595ef11344549b8d08198e48c15364 -> build/lib.linux-x86_64-2.7/dulwich/tests/data/repos/a.git/objects/7d
creating build/lib.linux-x86_64-2.7/dulwich/tests/data/repos/a.git/objects/a2
copying dulwich/tests/data/repos/a.git/objects/a2/96d0bb611188cabb256919f36bc30117cca005 -> build/lib.linux-x86_64-2.7/dulwich/tests/data/repos/a.git/objects/a2
creating build/lib.linux-x86_64-2.7/dulwich/tests/data/repos/a.git/objects/a9
copying dulwich/tests/data/repos/a.git/objects/a9/0fa2d900a17e99b433217e988c4eb4a2e9a097 -> build/lib.linux-x86_64-2.7/dulwich/tests/data/repos/a.git/objects/a9
creating build/lib.linux-x86_64-2.7/dulwich/tests/data/repos/a.git/objects/b0
copying dulwich/tests/data/repos/a.git/objects/b0/931cadc54336e78a1d980420e3268903b57a50 -> build/lib.linux-x86_64-2.7/dulwich/tests/data/repos/a.git/objects/b0
creating build/lib.linux-x86_64-2.7/dulwich/tests/data/repos/a.git/objects/ff
copying dulwich/tests/data/repos/a.git/objects/ff/d47d45845a8f6576491e1edb97e3fe6a850e7f -> build/lib.linux-x86_64-2.7/dulwich/tests/data/repos/a.git/objects/ff
creating build/lib.linux-x86_64-2.7/dulwich/tests/data/repos/a.git/refs
creating build/lib.linux-x86_64-2.7/dulwich/tests/data/repos/a.git/refs/heads
copying dulwich/tests/data/repos/a.git/refs/heads/master -> build/lib.linux-x86_64-2.7/dulwich/tests/data/repos/a.git/refs/heads
creating build/lib.linux-x86_64-2.7/dulwich/tests/data/repos/a.git/refs/tags
copying dulwich/tests/data/repos/a.git/refs/tags/mytag -> build/lib.linux-x86_64-2.7/dulwich/tests/data/repos/a.git/refs/tags
creating build/lib.linux-x86_64-2.7/dulwich/tests/data/repos/empty.git
copying dulwich/tests/data/repos/empty.git/HEAD -> build/lib.linux-x86_64-2.7/dulwich/tests/data/repos/empty.git
copying dulwich/tests/data/repos/empty.git/config -> build/lib.linux-x86_64-2.7/dulwich/tests/data/repos/empty.git
creating build/lib.linux-x86_64-2.7/dulwich/tests/data/repos/empty.git/objects
creating build/lib.linux-x86_64-2.7/dulwich/tests/data/repos/empty.git/objects/info
copying dulwich/tests/data/repos/empty.git/objects/info/.gitignore -> build/lib.linux-x86_64-2.7/dulwich/tests/data/repos/empty.git/objects/info
creating build/lib.linux-x86_64-2.7/dulwich/tests/data/repos/empty.git/objects/pack
copying dulwich/tests/data/repos/empty.git/objects/pack/.gitignore -> build/lib.linux-x86_64-2.7/dulwich/tests/data/repos/empty.git/objects/pack
creating build/lib.linux-x86_64-2.7/dulwich/tests/data/repos/empty.git/refs
creating build/lib.linux-x86_64-2.7/dulwich/tests/data/repos/empty.git/refs/heads
copying dulwich/tests/data/repos/empty.git/refs/heads/.gitignore -> build/lib.linux-x86_64-2.7/dulwich/tests/data/repos/empty.git/refs/heads
creating build/lib.linux-x86_64-2.7/dulwich/tests/data/repos/empty.git/refs/tags
copying dulwich/tests/data/repos/empty.git/refs/tags/.gitignore -> build/lib.linux-x86_64-2.7/dulwich/tests/data/repos/empty.git/refs/tags
creating build/lib.linux-x86_64-2.7/dulwich/tests/data/repos/ooo_merge.git
copying dulwich/tests/data/repos/ooo_merge.git/HEAD -> build/lib.linux-x86_64-2.7/dulwich/tests/data/repos/ooo_merge.git
creating build/lib.linux-x86_64-2.7/dulwich/tests/data/repos/ooo_merge.git/objects
creating build/lib.linux-x86_64-2.7/dulwich/tests/data/repos/ooo_merge.git/objects/29
copying dulwich/tests/data/repos/ooo_merge.git/objects/29/69be3e8ee1c0222396a5611407e4769f14e54b -> build/lib.linux-x86_64-2.7/dulwich/tests/data/repos/ooo_merge.git/objects/29
creating build/lib.linux-x86_64-2.7/dulwich/tests/data/repos/ooo_merge.git/objects/38
copying dulwich/tests/data/repos/ooo_merge.git/objects/38/74e9c60a6d149c44c928140f250d81e6381520 -> build/lib.linux-x86_64-2.7/dulwich/tests/data/repos/ooo_merge.git/objects/38
creating build/lib.linux-x86_64-2.7/dulwich/tests/data/repos/ooo_merge.git/objects/6f
copying dulwich/tests/data/repos/ooo_merge.git/objects/6f/670c0fb53f9463760b7295fbb814e965fb20c8 -> build/lib.linux-x86_64-2.7/dulwich/tests/data/repos/ooo_merge.git/objects/6f
creating build/lib.linux-x86_64-2.7/dulwich/tests/data/repos/ooo_merge.git/objects/70
copying dulwich/tests/data/repos/ooo_merge.git/objects/70/c190eb48fa8bbb50ddc692a17b44cb781af7f6 -> build/lib.linux-x86_64-2.7/dulwich/tests/data/repos/ooo_merge.git/objects/70
creating build/lib.linux-x86_64-2.7/dulwich/tests/data/repos/ooo_merge.git/objects/76
copying dulwich/tests/data/repos/ooo_merge.git/objects/76/01d7f6231db6a57f7bbb79ee52e4d462fd44d1 -> build/lib.linux-x86_64-2.7/dulwich/tests/data/repos/ooo_merge.git/objects/76
creating build/lib.linux-x86_64-2.7/dulwich/tests/data/repos/ooo_merge.git/objects/90
copying dulwich/tests/data/repos/ooo_merge.git/objects/90/182552c4a85a45ec2a835cadc3451bebdfe870 -> build/lib.linux-x86_64-2.7/dulwich/tests/data/repos/ooo_merge.git/objects/90
creating build/lib.linux-x86_64-2.7/dulwich/tests/data/repos/ooo_merge.git/objects/95
copying dulwich/tests/data/repos/ooo_merge.git/objects/95/4a536f7819d40e6f637f849ee187dd10066349 -> build/lib.linux-x86_64-2.7/dulwich/tests/data/repos/ooo_merge.git/objects/95
creating build/lib.linux-x86_64-2.7/dulwich/tests/data/repos/ooo_merge.git/objects/b2
copying dulwich/tests/data/repos/ooo_merge.git/objects/b2/a2766a2879c209ab1176e7e778b81ae422eeaa -> build/lib.linux-x86_64-2.7/dulwich/tests/data/repos/ooo_merge.git/objects/b2
creating build/lib.linux-x86_64-2.7/dulwich/tests/data/repos/ooo_merge.git/objects/f5
copying dulwich/tests/data/repos/ooo_merge.git/objects/f5/07291b64138b875c28e03469025b1ea20bc614 -> build/lib.linux-x86_64-2.7/dulwich/tests/data/repos/ooo_merge.git/objects/f5
creating build/lib.linux-x86_64-2.7/dulwich/tests/data/repos/ooo_merge.git/objects/f9
copying dulwich/tests/data/repos/ooo_merge.git/objects/f9/e39b120c68182a4ba35349f832d0e4e61f485c -> build/lib.linux-x86_64-2.7/dulwich/tests/data/repos/ooo_merge.git/objects/f9
creating build/lib.linux-x86_64-2.7/dulwich/tests/data/repos/ooo_merge.git/objects/fb
copying dulwich/tests/data/repos/ooo_merge.git/objects/fb/5b0425c7ce46959bec94d54b9a157645e114f5 -> build/lib.linux-x86_64-2.7/dulwich/tests/data/repos/ooo_merge.git/objects/fb
creating build/lib.linux-x86_64-2.7/dulwich/tests/data/repos/ooo_merge.git/refs
creating build/lib.linux-x86_64-2.7/dulwich/tests/data/repos/ooo_merge.git/refs/heads
copying dulwich/tests/data/repos/ooo_merge.git/refs/heads/master -> build/lib.linux-x86_64-2.7/dulwich/tests/data/repos/ooo_merge.git/refs/heads
creating build/lib.linux-x86_64-2.7/dulwich/tests/data/repos/refs.git
copying dulwich/tests/data/repos/refs.git/HEAD -> build/lib.linux-x86_64-2.7/dulwich/tests/data/repos/refs.git
copying dulwich/tests/data/repos/refs.git/packed-refs -> build/lib.linux-x86_64-2.7/dulwich/tests/data/repos/refs.git
creating build/lib.linux-x86_64-2.7/dulwich/tests/data/repos/refs.git/objects
creating build/lib.linux-x86_64-2.7/dulwich/tests/data/repos/refs.git/objects/3b
copying dulwich/tests/data/repos/refs.git/objects/3b/9e5457140e738c2dcd39bf6d7acf88379b90d1 -> build/lib.linux-x86_64-2.7/dulwich/tests/data/repos/refs.git/objects/3b
creating build/lib.linux-x86_64-2.7/dulwich/tests/data/repos/refs.git/objects/3e
copying dulwich/tests/data/repos/refs.git/objects/3e/c9c43c84ff242e3ef4a9fc5bc111fd780a76a8 -> build/lib.linux-x86_64-2.7/dulwich/tests/data/repos/refs.git/objects/3e
creating build/lib.linux-x86_64-2.7/dulwich/tests/data/repos/refs.git/objects/42
copying dulwich/tests/data/repos/refs.git/objects/42/d06bd4b77fed026b154d16493e5deab78f02ec -> build/lib.linux-x86_64-2.7/dulwich/tests/data/repos/refs.git/objects/42
creating build/lib.linux-x86_64-2.7/dulwich/tests/data/repos/refs.git/objects/a1
copying dulwich/tests/data/repos/refs.git/objects/a1/8114c31713746a33a2e70d9914d1ef3e781425 -> build/lib.linux-x86_64-2.7/dulwich/tests/data/repos/refs.git/objects/a1
creating build/lib.linux-x86_64-2.7/dulwich/tests/data/repos/refs.git/objects/cd
copying dulwich/tests/data/repos/refs.git/objects/cd/a609072918d7b70057b6bef9f4c2537843fcfe -> build/lib.linux-x86_64-2.7/dulwich/tests/data/repos/refs.git/objects/cd
creating build/lib.linux-x86_64-2.7/dulwich/tests/data/repos/refs.git/objects/df
copying dulwich/tests/data/repos/refs.git/objects/df/6800012397fb85c56e7418dd4eb9405dee075c -> build/lib.linux-x86_64-2.7/dulwich/tests/data/repos/refs.git/objects/df
creating build/lib.linux-x86_64-2.7/dulwich/tests/data/repos/refs.git/refs
creating build/lib.linux-x86_64-2.7/dulwich/tests/data/repos/refs.git/refs/heads
copying dulwich/tests/data/repos/refs.git/refs/heads/40-char-ref-aaaaaaaaaaaaaaaaaa -> build/lib.linux-x86_64-2.7/dulwich/tests/data/repos/refs.git/refs/heads
copying dulwich/tests/data/repos/refs.git/refs/heads/loop -> build/lib.linux-x86_64-2.7/dulwich/tests/data/repos/refs.git/refs/heads
copying dulwich/tests/data/repos/refs.git/refs/heads/master -> build/lib.linux-x86_64-2.7/dulwich/tests/data/repos/refs.git/refs/heads
creating build/lib.linux-x86_64-2.7/dulwich/tests/data/repos/refs.git/refs/tags
copying dulwich/tests/data/repos/refs.git/refs/tags/refs-0.2 -> build/lib.linux-x86_64-2.7/dulwich/tests/data/repos/refs.git/refs/tags
creating build/lib.linux-x86_64-2.7/dulwich/tests/data/repos/simple_merge.git
copying dulwich/tests/data/repos/simple_merge.git/HEAD -> build/lib.linux-x86_64-2.7/dulwich/tests/data/repos/simple_merge.git
creating build/lib.linux-x86_64-2.7/dulwich/tests/data/repos/simple_merge.git/objects
creating build/lib.linux-x86_64-2.7/dulwich/tests/data/repos/simple_merge.git/objects/0d
copying dulwich/tests/data/repos/simple_merge.git/objects/0d/89f20333fbb1d2f3a94da77f4981373d8f4310 -> build/lib.linux-x86_64-2.7/dulwich/tests/data/repos/simple_merge.git/objects/0d
creating build/lib.linux-x86_64-2.7/dulwich/tests/data/repos/simple_merge.git/objects/1b
copying dulwich/tests/data/repos/simple_merge.git/objects/1b/6318f651a534b38f9c7aedeebbd56c1e896853 -> build/lib.linux-x86_64-2.7/dulwich/tests/data/repos/simple_merge.git/objects/1b
creating build/lib.linux-x86_64-2.7/dulwich/tests/data/repos/simple_merge.git/objects/29
copying dulwich/tests/data/repos/simple_merge.git/objects/29/69be3e8ee1c0222396a5611407e4769f14e54b -> build/lib.linux-x86_64-2.7/dulwich/tests/data/repos/simple_merge.git/objects/29
creating build/lib.linux-x86_64-2.7/dulwich/tests/data/repos/simple_merge.git/objects/4c
copying dulwich/tests/data/repos/simple_merge.git/objects/4c/ffe90e0a41ad3f5190079d7c8f036bde29cbe6 -> build/lib.linux-x86_64-2.7/dulwich/tests/data/repos/simple_merge.git/objects/4c
creating build/lib.linux-x86_64-2.7/dulwich/tests/data/repos/simple_merge.git/objects/5d
copying dulwich/tests/data/repos/simple_merge.git/objects/5d/ac377bdded4c9aeb8dff595f0faeebcc8498cc -> build/lib.linux-x86_64-2.7/dulwich/tests/data/repos/simple_merge.git/objects/5d
creating build/lib.linux-x86_64-2.7/dulwich/tests/data/repos/simple_merge.git/objects/60
copying dulwich/tests/data/repos/simple_merge.git/objects/60/dacdc733de308bb77bb76ce0fb0f9b44c9769e -> build/lib.linux-x86_64-2.7/dulwich/tests/data/repos/simple_merge.git/objects/60
creating build/lib.linux-x86_64-2.7/dulwich/tests/data/repos/simple_merge.git/objects/6f
copying dulwich/tests/data/repos/simple_merge.git/objects/6f/670c0fb53f9463760b7295fbb814e965fb20c8 -> build/lib.linux-x86_64-2.7/dulwich/tests/data/repos/simple_merge.git/objects/6f
creating build/lib.linux-x86_64-2.7/dulwich/tests/data/repos/simple_merge.git/objects/70
copying dulwich/tests/data/repos/simple_merge.git/objects/70/c190eb48fa8bbb50ddc692a17b44cb781af7f6 -> build/lib.linux-x86_64-2.7/dulwich/tests/data/repos/simple_merge.git/objects/70
creating build/lib.linux-x86_64-2.7/dulwich/tests/data/repos/simple_merge.git/objects/90
copying dulwich/tests/data/repos/simple_merge.git/objects/90/182552c4a85a45ec2a835cadc3451bebdfe870 -> build/lib.linux-x86_64-2.7/dulwich/tests/data/repos/simple_merge.git/objects/90
creating build/lib.linux-x86_64-2.7/dulwich/tests/data/repos/simple_merge.git/objects/95
copying dulwich/tests/data/repos/simple_merge.git/objects/95/4a536f7819d40e6f637f849ee187dd10066349 -> build/lib.linux-x86_64-2.7/dulwich/tests/data/repos/simple_merge.git/objects/95
creating build/lib.linux-x86_64-2.7/dulwich/tests/data/repos/simple_merge.git/objects/ab
copying dulwich/tests/data/repos/simple_merge.git/objects/ab/64bbdcc51b170d21588e5c5d391ee5c0c96dfd -> build/lib.linux-x86_64-2.7/dulwich/tests/data/repos/simple_merge.git/objects/ab
creating build/lib.linux-x86_64-2.7/dulwich/tests/data/repos/simple_merge.git/objects/d4
copying dulwich/tests/data/repos/simple_merge.git/objects/d4/bdad6549dfedf25d3b89d21f506aff575b28a7 -> build/lib.linux-x86_64-2.7/dulwich/tests/data/repos/simple_merge.git/objects/d4
creating build/lib.linux-x86_64-2.7/dulwich/tests/data/repos/simple_merge.git/objects/d8
copying dulwich/tests/data/repos/simple_merge.git/objects/d8/0c186a03f423a81b39df39dc87fd269736ca86 -> build/lib.linux-x86_64-2.7/dulwich/tests/data/repos/simple_merge.git/objects/d8
creating build/lib.linux-x86_64-2.7/dulwich/tests/data/repos/simple_merge.git/objects/e6
copying dulwich/tests/data/repos/simple_merge.git/objects/e6/9de29bb2d1d6434b8b29ae775ad8c2e48c5391 -> build/lib.linux-x86_64-2.7/dulwich/tests/data/repos/simple_merge.git/objects/e6
creating build/lib.linux-x86_64-2.7/dulwich/tests/data/repos/simple_merge.git/refs
creating build/lib.linux-x86_64-2.7/dulwich/tests/data/repos/simple_merge.git/refs/heads
copying dulwich/tests/data/repos/simple_merge.git/refs/heads/master -> build/lib.linux-x86_64-2.7/dulwich/tests/data/repos/simple_merge.git/refs/heads
creating build/lib.linux-x86_64-2.7/dulwich/tests/data/repos/submodule
copying dulwich/tests/data/repos/submodule/dotgit -> build/lib.linux-x86_64-2.7/dulwich/tests/data/repos/submodule
creating build/lib.linux-x86_64-2.7/dulwich/tests/data/tags
creating build/lib.linux-x86_64-2.7/dulwich/tests/data/tags/71
copying dulwich/tests/data/tags/71/033db03a03c6a36721efcf1968dd8f8e0cf023 -> build/lib.linux-x86_64-2.7/dulwich/tests/data/tags/71
creating build/lib.linux-x86_64-2.7/dulwich/tests/data/trees
creating build/lib.linux-x86_64-2.7/dulwich/tests/data/trees/70
copying dulwich/tests/data/trees/70/c190eb48fa8bbb50ddc692a17b44cb781af7f6 -> build/lib.linux-x86_64-2.7/dulwich/tests/data/trees/70
running build_ext
building 'dulwich._objects' extension
creating build/temp.linux-x86_64-2.7
creating build/temp.linux-x86_64-2.7/dulwich
gcc -pthread -fno-strict-aliasing -g -O2 -DNDEBUG -g -fwrapv -O3 -Wall -Wstrict-prototypes -fPIC -I/home/ubuntu/miniconda/envs/_build/include/python2.7 -c dulwich/_objects.c -o build/temp.linux-x86_64-2.7/dulwich/_objects.o
gcc -pthread -shared -L/home/ubuntu/miniconda/envs/_build/lib -Wl,-rpath=/home/ubuntu/miniconda/envs/_build/lib,--no-as-needed build/temp.linux-x86_64-2.7/dulwich/_objects.o -L/home/ubuntu/miniconda/envs/_build/lib -lpython2.7 -o build/lib.linux-x86_64-2.7/dulwich/_objects.so
building 'dulwich._pack' extension
gcc -pthread -fno-strict-aliasing -g -O2 -DNDEBUG -g -fwrapv -O3 -Wall -Wstrict-prototypes -fPIC -I/home/ubuntu/miniconda/envs/_build/include/python2.7 -c dulwich/_pack.c -o build/temp.linux-x86_64-2.7/dulwich/_pack.o
gcc -pthread -shared -L/home/ubuntu/miniconda/envs/_build/lib -Wl,-rpath=/home/ubuntu/miniconda/envs/_build/lib,--no-as-needed build/temp.linux-x86_64-2.7/dulwich/_pack.o -L/home/ubuntu/miniconda/envs/_build/lib -lpython2.7 -o build/lib.linux-x86_64-2.7/dulwich/_pack.so
building 'dulwich._diff_tree' extension
gcc -pthread -fno-strict-aliasing -g -O2 -DNDEBUG -g -fwrapv -O3 -Wall -Wstrict-prototypes -fPIC -I/home/ubuntu/miniconda/envs/_build/include/python2.7 -c dulwich/_diff_tree.c -o build/temp.linux-x86_64-2.7/dulwich/_diff_tree.o
gcc -pthread -shared -L/home/ubuntu/miniconda/envs/_build/lib -Wl,-rpath=/home/ubuntu/miniconda/envs/_build/lib,--no-as-needed build/temp.linux-x86_64-2.7/dulwich/_diff_tree.o -L/home/ubuntu/miniconda/envs/_build/lib -lpython2.7 -o build/lib.linux-x86_64-2.7/dulwich/_diff_tree.so
creating build/bdist.linux-x86_64
creating build/bdist.linux-x86_64/egg
creating build/bdist.linux-x86_64/egg/docs
creating build/bdist.linux-x86_64/egg/docs/tutorial
copying build/lib.linux-x86_64-2.7/docs/tutorial/remote.txt -> build/bdist.linux-x86_64/egg/docs/tutorial
copying build/lib.linux-x86_64-2.7/docs/tutorial/introduction.txt -> build/bdist.linux-x86_64/egg/docs/tutorial
copying build/lib.linux-x86_64-2.7/docs/tutorial/repo.txt -> build/bdist.linux-x86_64/egg/docs/tutorial
copying build/lib.linux-x86_64-2.7/docs/tutorial/tag.txt -> build/bdist.linux-x86_64/egg/docs/tutorial
copying build/lib.linux-x86_64-2.7/docs/tutorial/file-format.txt -> build/bdist.linux-x86_64/egg/docs/tutorial
copying build/lib.linux-x86_64-2.7/docs/tutorial/object-store.txt -> build/bdist.linux-x86_64/egg/docs/tutorial
copying build/lib.linux-x86_64-2.7/docs/tutorial/index.txt -> build/bdist.linux-x86_64/egg/docs/tutorial
copying build/lib.linux-x86_64-2.7/docs/tutorial/conclusion.txt -> build/bdist.linux-x86_64/egg/docs/tutorial
creating build/bdist.linux-x86_64/egg/dulwich
copying build/lib.linux-x86_64-2.7/dulwich/greenthreads.py -> build/bdist.linux-x86_64/egg/dulwich
copying build/lib.linux-x86_64-2.7/dulwich/errors.py -> build/bdist.linux-x86_64/egg/dulwich
copying build/lib.linux-x86_64-2.7/dulwich/walk.py -> build/bdist.linux-x86_64/egg/dulwich
copying build/lib.linux-x86_64-2.7/dulwich/fastexport.py -> build/bdist.linux-x86_64/egg/dulwich
copying build/lib.linux-x86_64-2.7/dulwich/config.py -> build/bdist.linux-x86_64/egg/dulwich
copying build/lib.linux-x86_64-2.7/dulwich/porcelain.py -> build/bdist.linux-x86_64/egg/dulwich
copying build/lib.linux-x86_64-2.7/dulwich/_objects.so -> build/bdist.linux-x86_64/egg/dulwich
copying build/lib.linux-x86_64-2.7/dulwich/repo.py -> build/bdist.linux-x86_64/egg/dulwich
copying build/lib.linux-x86_64-2.7/dulwich/lru_cache.py -> build/bdist.linux-x86_64/egg/dulwich
copying build/lib.linux-x86_64-2.7/dulwich/index.py -> build/bdist.linux-x86_64/egg/dulwich
copying build/lib.linux-x86_64-2.7/dulwich/refs.py -> build/bdist.linux-x86_64/egg/dulwich
copying build/lib.linux-x86_64-2.7/dulwich/_diff_tree.so -> build/bdist.linux-x86_64/egg/dulwich
copying build/lib.linux-x86_64-2.7/dulwich/web.py -> build/bdist.linux-x86_64/egg/dulwich
copying build/lib.linux-x86_64-2.7/dulwich/pack.py -> build/bdist.linux-x86_64/egg/dulwich
copying build/lib.linux-x86_64-2.7/dulwich/_diff_tree.c -> build/bdist.linux-x86_64/egg/dulwich
creating build/bdist.linux-x86_64/egg/dulwich/contrib
copying build/lib.linux-x86_64-2.7/dulwich/contrib/test_swift_smoke.py -> build/bdist.linux-x86_64/egg/dulwich/contrib
copying build/lib.linux-x86_64-2.7/dulwich/contrib/test_swift.py -> build/bdist.linux-x86_64/egg/dulwich/contrib
copying build/lib.linux-x86_64-2.7/dulwich/contrib/swift.py -> build/bdist.linux-x86_64/egg/dulwich/contrib
copying build/lib.linux-x86_64-2.7/dulwich/contrib/__init__.py -> build/bdist.linux-x86_64/egg/dulwich/contrib
copying build/lib.linux-x86_64-2.7/dulwich/file.py -> build/bdist.linux-x86_64/egg/dulwich
copying build/lib.linux-x86_64-2.7/dulwich/log_utils.py -> build/bdist.linux-x86_64/egg/dulwich
creating build/bdist.linux-x86_64/egg/dulwich/tests
copying build/lib.linux-x86_64-2.7/dulwich/tests/test_objects.py -> build/bdist.linux-x86_64/egg/dulwich/tests
copying build/lib.linux-x86_64-2.7/dulwich/tests/test_file.py -> build/bdist.linux-x86_64/egg/dulwich/tests
copying build/lib.linux-x86_64-2.7/dulwich/tests/test_porcelain.py -> build/bdist.linux-x86_64/egg/dulwich/tests
copying build/lib.linux-x86_64-2.7/dulwich/tests/utils.py -> build/bdist.linux-x86_64/egg/dulwich/tests
creating build/bdist.linux-x86_64/egg/dulwich/tests/compat
copying build/lib.linux-x86_64-2.7/dulwich/tests/compat/utils.py -> build/bdist.linux-x86_64/egg/dulwich/tests/compat
copying build/lib.linux-x86_64-2.7/dulwich/tests/compat/test_repository.py -> build/bdist.linux-x86_64/egg/dulwich/tests/compat
copying build/lib.linux-x86_64-2.7/dulwich/tests/compat/test_web.py -> build/bdist.linux-x86_64/egg/dulwich/tests/compat
copying build/lib.linux-x86_64-2.7/dulwich/tests/compat/test_client.py -> build/bdist.linux-x86_64/egg/dulwich/tests/compat
copying build/lib.linux-x86_64-2.7/dulwich/tests/compat/test_server.py -> build/bdist.linux-x86_64/egg/dulwich/tests/compat
copying build/lib.linux-x86_64-2.7/dulwich/tests/compat/__init__.py -> build/bdist.linux-x86_64/egg/dulwich/tests/compat
copying build/lib.linux-x86_64-2.7/dulwich/tests/compat/test_pack.py -> build/bdist.linux-x86_64/egg/dulwich/tests/compat
copying build/lib.linux-x86_64-2.7/dulwich/tests/compat/server_utils.py -> build/bdist.linux-x86_64/egg/dulwich/tests/compat
copying build/lib.linux-x86_64-2.7/dulwich/tests/compat/test_utils.py -> build/bdist.linux-x86_64/egg/dulwich/tests/compat
copying build/lib.linux-x86_64-2.7/dulwich/tests/test_object_store.py -> build/bdist.linux-x86_64/egg/dulwich/tests
copying build/lib.linux-x86_64-2.7/dulwich/tests/test_protocol.py -> build/bdist.linux-x86_64/egg/dulwich/tests
copying build/lib.linux-x86_64-2.7/dulwich/tests/test_greenthreads.py -> build/bdist.linux-x86_64/egg/dulwich/tests
copying build/lib.linux-x86_64-2.7/dulwich/tests/test_patch.py -> build/bdist.linux-x86_64/egg/dulwich/tests
copying build/lib.linux-x86_64-2.7/dulwich/tests/test_grafts.py -> build/bdist.linux-x86_64/egg/dulwich/tests
copying build/lib.linux-x86_64-2.7/dulwich/tests/test_repository.py -> build/bdist.linux-x86_64/egg/dulwich/tests
copying build/lib.linux-x86_64-2.7/dulwich/tests/test_web.py -> build/bdist.linux-x86_64/egg/dulwich/tests
copying build/lib.linux-x86_64-2.7/dulwich/tests/test_client.py -> build/bdist.linux-x86_64/egg/dulwich/tests
copying build/lib.linux-x86_64-2.7/dulwich/tests/test_missing_obj_finder.py -> build/bdist.linux-x86_64/egg/dulwich/tests
copying build/lib.linux-x86_64-2.7/dulwich/tests/test_diff_tree.py -> build/bdist.linux-x86_64/egg/dulwich/tests
copying build/lib.linux-x86_64-2.7/dulwich/tests/test_lru_cache.py -> build/bdist.linux-x86_64/egg/dulwich/tests
creating build/bdist.linux-x86_64/egg/dulwich/tests/data
creating build/bdist.linux-x86_64/egg/dulwich/tests/data/trees
creating build/bdist.linux-x86_64/egg/dulwich/tests/data/trees/70
copying build/lib.linux-x86_64-2.7/dulwich/tests/data/trees/70/c190eb48fa8bbb50ddc692a17b44cb781af7f6 -> build/bdist.linux-x86_64/egg/dulwich/tests/data/trees/70
creating build/bdist.linux-x86_64/egg/dulwich/tests/data/blobs
creating build/bdist.linux-x86_64/egg/dulwich/tests/data/blobs/11
copying build/lib.linux-x86_64-2.7/dulwich/tests/data/blobs/11/11111111111111111111111111111111111111 -> build/bdist.linux-x86_64/egg/dulwich/tests/data/blobs/11
creating build/bdist.linux-x86_64/egg/dulwich/tests/data/blobs/95
copying build/lib.linux-x86_64-2.7/dulwich/tests/data/blobs/95/4a536f7819d40e6f637f849ee187dd10066349 -> build/bdist.linux-x86_64/egg/dulwich/tests/data/blobs/95
creating build/bdist.linux-x86_64/egg/dulwich/tests/data/blobs/e6
copying build/lib.linux-x86_64-2.7/dulwich/tests/data/blobs/e6/9de29bb2d1d6434b8b29ae775ad8c2e48c5391 -> build/bdist.linux-x86_64/egg/dulwich/tests/data/blobs/e6
creating build/bdist.linux-x86_64/egg/dulwich/tests/data/blobs/6f
copying build/lib.linux-x86_64-2.7/dulwich/tests/data/blobs/6f/670c0fb53f9463760b7295fbb814e965fb20c8 -> build/bdist.linux-x86_64/egg/dulwich/tests/data/blobs/6f
creating build/bdist.linux-x86_64/egg/dulwich/tests/data/tags
creating build/bdist.linux-x86_64/egg/dulwich/tests/data/tags/71
copying build/lib.linux-x86_64-2.7/dulwich/tests/data/tags/71/033db03a03c6a36721efcf1968dd8f8e0cf023 -> build/bdist.linux-x86_64/egg/dulwich/tests/data/tags/71
creating build/bdist.linux-x86_64/egg/dulwich/tests/data/packs
copying build/lib.linux-x86_64-2.7/dulwich/tests/data/packs/pack-bc63ddad95e7321ee734ea11a7a62d314e0d7481.idx -> build/bdist.linux-x86_64/egg/dulwich/tests/data/packs
copying build/lib.linux-x86_64-2.7/dulwich/tests/data/packs/pack-bc63ddad95e7321ee734ea11a7a62d314e0d7481.pack -> build/bdist.linux-x86_64/egg/dulwich/tests/data/packs
creating build/bdist.linux-x86_64/egg/dulwich/tests/data/commits
creating build/bdist.linux-x86_64/egg/dulwich/tests/data/commits/60
copying build/lib.linux-x86_64-2.7/dulwich/tests/data/commits/60/dacdc733de308bb77bb76ce0fb0f9b44c9769e -> build/bdist.linux-x86_64/egg/dulwich/tests/data/commits/60
creating build/bdist.linux-x86_64/egg/dulwich/tests/data/commits/0d
copying build/lib.linux-x86_64-2.7/dulwich/tests/data/commits/0d/89f20333fbb1d2f3a94da77f4981373d8f4310 -> build/bdist.linux-x86_64/egg/dulwich/tests/data/commits/0d
creating build/bdist.linux-x86_64/egg/dulwich/tests/data/commits/5d
copying build/lib.linux-x86_64-2.7/dulwich/tests/data/commits/5d/ac377bdded4c9aeb8dff595f0faeebcc8498cc -> build/bdist.linux-x86_64/egg/dulwich/tests/data/commits/5d
creating build/bdist.linux-x86_64/egg/dulwich/tests/data/indexes
copying build/lib.linux-x86_64-2.7/dulwich/tests/data/indexes/index -> build/bdist.linux-x86_64/egg/dulwich/tests/data/indexes
creating build/bdist.linux-x86_64/egg/dulwich/tests/data/repos
creating build/bdist.linux-x86_64/egg/dulwich/tests/data/repos/empty.git
creating build/bdist.linux-x86_64/egg/dulwich/tests/data/repos/empty.git/objects
creating build/bdist.linux-x86_64/egg/dulwich/tests/data/repos/empty.git/objects/info
copying build/lib.linux-x86_64-2.7/dulwich/tests/data/repos/empty.git/objects/info/.gitignore -> build/bdist.linux-x86_64/egg/dulwich/tests/data/repos/empty.git/objects/info
creating build/bdist.linux-x86_64/egg/dulwich/tests/data/repos/empty.git/objects/pack
copying build/lib.linux-x86_64-2.7/dulwich/tests/data/repos/empty.git/objects/pack/.gitignore -> build/bdist.linux-x86_64/egg/dulwich/tests/data/repos/empty.git/objects/pack
copying build/lib.linux-x86_64-2.7/dulwich/tests/data/repos/empty.git/config -> build/bdist.linux-x86_64/egg/dulwich/tests/data/repos/empty.git
creating build/bdist.linux-x86_64/egg/dulwich/tests/data/repos/empty.git/refs
creating build/bdist.linux-x86_64/egg/dulwich/tests/data/repos/empty.git/refs/tags
copying build/lib.linux-x86_64-2.7/dulwich/tests/data/repos/empty.git/refs/tags/.gitignore -> build/bdist.linux-x86_64/egg/dulwich/tests/data/repos/empty.git/refs/tags
creating build/bdist.linux-x86_64/egg/dulwich/tests/data/repos/empty.git/refs/heads
copying build/lib.linux-x86_64-2.7/dulwich/tests/data/repos/empty.git/refs/heads/.gitignore -> build/bdist.linux-x86_64/egg/dulwich/tests/data/repos/empty.git/refs/heads
copying build/lib.linux-x86_64-2.7/dulwich/tests/data/repos/empty.git/HEAD -> build/bdist.linux-x86_64/egg/dulwich/tests/data/repos/empty.git
creating build/bdist.linux-x86_64/egg/dulwich/tests/data/repos/ooo_merge.git
creating build/bdist.linux-x86_64/egg/dulwich/tests/data/repos/ooo_merge.git/objects
creating build/bdist.linux-x86_64/egg/dulwich/tests/data/repos/ooo_merge.git/objects/f5
copying build/lib.linux-x86_64-2.7/dulwich/tests/data/repos/ooo_merge.git/objects/f5/07291b64138b875c28e03469025b1ea20bc614 -> build/bdist.linux-x86_64/egg/dulwich/tests/data/repos/ooo_merge.git/objects/f5
creating build/bdist.linux-x86_64/egg/dulwich/tests/data/repos/ooo_merge.git/objects/90
copying build/lib.linux-x86_64-2.7/dulwich/tests/data/repos/ooo_merge.git/objects/90/182552c4a85a45ec2a835cadc3451bebdfe870 -> build/bdist.linux-x86_64/egg/dulwich/tests/data/repos/ooo_merge.git/objects/90
creating build/bdist.linux-x86_64/egg/dulwich/tests/data/repos/ooo_merge.git/objects/38
copying build/lib.linux-x86_64-2.7/dulwich/tests/data/repos/ooo_merge.git/objects/38/74e9c60a6d149c44c928140f250d81e6381520 -> build/bdist.linux-x86_64/egg/dulwich/tests/data/repos/ooo_merge.git/objects/38
creating build/bdist.linux-x86_64/egg/dulwich/tests/data/repos/ooo_merge.git/objects/fb
copying build/lib.linux-x86_64-2.7/dulwich/tests/data/repos/ooo_merge.git/objects/fb/5b0425c7ce46959bec94d54b9a157645e114f5 -> build/bdist.linux-x86_64/egg/dulwich/tests/data/repos/ooo_merge.git/objects/fb
creating build/bdist.linux-x86_64/egg/dulwich/tests/data/repos/ooo_merge.git/objects/70
copying build/lib.linux-x86_64-2.7/dulwich/tests/data/repos/ooo_merge.git/objects/70/c190eb48fa8bbb50ddc692a17b44cb781af7f6 -> build/bdist.linux-x86_64/egg/dulwich/tests/data/repos/ooo_merge.git/objects/70
creating build/bdist.linux-x86_64/egg/dulwich/tests/data/repos/ooo_merge.git/objects/95
copying build/lib.linux-x86_64-2.7/dulwich/tests/data/repos/ooo_merge.git/objects/95/4a536f7819d40e6f637f849ee187dd10066349 -> build/bdist.linux-x86_64/egg/dulwich/tests/data/repos/ooo_merge.git/objects/95
creating build/bdist.linux-x86_64/egg/dulwich/tests/data/repos/ooo_merge.git/objects/b2
copying build/lib.linux-x86_64-2.7/dulwich/tests/data/repos/ooo_merge.git/objects/b2/a2766a2879c209ab1176e7e778b81ae422eeaa -> build/bdist.linux-x86_64/egg/dulwich/tests/data/repos/ooo_merge.git/objects/b2
creating build/bdist.linux-x86_64/egg/dulwich/tests/data/repos/ooo_merge.git/objects/f9
copying build/lib.linux-x86_64-2.7/dulwich/tests/data/repos/ooo_merge.git/objects/f9/e39b120c68182a4ba35349f832d0e4e61f485c -> build/bdist.linux-x86_64/egg/dulwich/tests/data/repos/ooo_merge.git/objects/f9
creating build/bdist.linux-x86_64/egg/dulwich/tests/data/repos/ooo_merge.git/objects/76
copying build/lib.linux-x86_64-2.7/dulwich/tests/data/repos/ooo_merge.git/objects/76/01d7f6231db6a57f7bbb79ee52e4d462fd44d1 -> build/bdist.linux-x86_64/egg/dulwich/tests/data/repos/ooo_merge.git/objects/76
creating build/bdist.linux-x86_64/egg/dulwich/tests/data/repos/ooo_merge.git/objects/29
copying build/lib.linux-x86_64-2.7/dulwich/tests/data/repos/ooo_merge.git/objects/29/69be3e8ee1c0222396a5611407e4769f14e54b -> build/bdist.linux-x86_64/egg/dulwich/tests/data/repos/ooo_merge.git/objects/29
creating build/bdist.linux-x86_64/egg/dulwich/tests/data/repos/ooo_merge.git/objects/6f
copying build/lib.linux-x86_64-2.7/dulwich/tests/data/repos/ooo_merge.git/objects/6f/670c0fb53f9463760b7295fbb814e965fb20c8 -> build/bdist.linux-x86_64/egg/dulwich/tests/data/repos/ooo_merge.git/objects/6f
creating build/bdist.linux-x86_64/egg/dulwich/tests/data/repos/ooo_merge.git/refs
creating build/bdist.linux-x86_64/egg/dulwich/tests/data/repos/ooo_merge.git/refs/heads
copying build/lib.linux-x86_64-2.7/dulwich/tests/data/repos/ooo_merge.git/refs/heads/master -> build/bdist.linux-x86_64/egg/dulwich/tests/data/repos/ooo_merge.git/refs/heads
copying build/lib.linux-x86_64-2.7/dulwich/tests/data/repos/ooo_merge.git/HEAD -> build/bdist.linux-x86_64/egg/dulwich/tests/data/repos/ooo_merge.git
creating build/bdist.linux-x86_64/egg/dulwich/tests/data/repos/a.git
creating build/bdist.linux-x86_64/egg/dulwich/tests/data/repos/a.git/objects
creating build/bdist.linux-x86_64/egg/dulwich/tests/data/repos/a.git/objects/4e
copying build/lib.linux-x86_64-2.7/dulwich/tests/data/repos/a.git/objects/4e/f30bbfe26431a69c3820d3a683df54d688f2ec -> build/bdist.linux-x86_64/egg/dulwich/tests/data/repos/a.git/objects/4e
creating build/bdist.linux-x86_64/egg/dulwich/tests/data/repos/a.git/objects/28
copying build/lib.linux-x86_64-2.7/dulwich/tests/data/repos/a.git/objects/28/237f4dc30d0d462658d6b937b08a0f0b6ef55a -> build/bdist.linux-x86_64/egg/dulwich/tests/data/repos/a.git/objects/28
creating build/bdist.linux-x86_64/egg/dulwich/tests/data/repos/a.git/objects/b0
copying build/lib.linux-x86_64-2.7/dulwich/tests/data/repos/a.git/objects/b0/931cadc54336e78a1d980420e3268903b57a50 -> build/bdist.linux-x86_64/egg/dulwich/tests/data/repos/a.git/objects/b0
creating build/bdist.linux-x86_64/egg/dulwich/tests/data/repos/a.git/objects/7d
copying build/lib.linux-x86_64-2.7/dulwich/tests/data/repos/a.git/objects/7d/9a07d797595ef11344549b8d08198e48c15364 -> build/bdist.linux-x86_64/egg/dulwich/tests/data/repos/a.git/objects/7d
creating build/bdist.linux-x86_64/egg/dulwich/tests/data/repos/a.git/objects/a9
copying build/lib.linux-x86_64-2.7/dulwich/tests/data/repos/a.git/objects/a9/0fa2d900a17e99b433217e988c4eb4a2e9a097 -> build/bdist.linux-x86_64/egg/dulwich/tests/data/repos/a.git/objects/a9
creating build/bdist.linux-x86_64/egg/dulwich/tests/data/repos/a.git/objects/2a
copying build/lib.linux-x86_64-2.7/dulwich/tests/data/repos/a.git/objects/2a/72d929692c41d8554c07f6301757ba18a65d91 -> build/bdist.linux-x86_64/egg/dulwich/tests/data/repos/a.git/objects/2a
creating build/bdist.linux-x86_64/egg/dulwich/tests/data/repos/a.git/objects/a2
copying build/lib.linux-x86_64-2.7/dulwich/tests/data/repos/a.git/objects/a2/96d0bb611188cabb256919f36bc30117cca005 -> build/bdist.linux-x86_64/egg/dulwich/tests/data/repos/a.git/objects/a2
creating build/bdist.linux-x86_64/egg/dulwich/tests/data/repos/a.git/objects/ff
copying build/lib.linux-x86_64-2.7/dulwich/tests/data/repos/a.git/objects/ff/d47d45845a8f6576491e1edb97e3fe6a850e7f -> build/bdist.linux-x86_64/egg/dulwich/tests/data/repos/a.git/objects/ff
creating build/bdist.linux-x86_64/egg/dulwich/tests/data/repos/a.git/objects/4f
copying build/lib.linux-x86_64-2.7/dulwich/tests/data/repos/a.git/objects/4f/2e6529203aa6d44b5af6e3292c837ceda003f9 -> build/bdist.linux-x86_64/egg/dulwich/tests/data/repos/a.git/objects/4f
copying build/lib.linux-x86_64-2.7/dulwich/tests/data/repos/a.git/packed-refs -> build/bdist.linux-x86_64/egg/dulwich/tests/data/repos/a.git
creating build/bdist.linux-x86_64/egg/dulwich/tests/data/repos/a.git/refs
creating build/bdist.linux-x86_64/egg/dulwich/tests/data/repos/a.git/refs/tags
copying build/lib.linux-x86_64-2.7/dulwich/tests/data/repos/a.git/refs/tags/mytag -> build/bdist.linux-x86_64/egg/dulwich/tests/data/repos/a.git/refs/tags
creating build/bdist.linux-x86_64/egg/dulwich/tests/data/repos/a.git/refs/heads
copying build/lib.linux-x86_64-2.7/dulwich/tests/data/repos/a.git/refs/heads/master -> build/bdist.linux-x86_64/egg/dulwich/tests/data/repos/a.git/refs/heads
copying build/lib.linux-x86_64-2.7/dulwich/tests/data/repos/a.git/HEAD -> build/bdist.linux-x86_64/egg/dulwich/tests/data/repos/a.git
copying build/lib.linux-x86_64-2.7/dulwich/tests/data/repos/server_old.export -> build/bdist.linux-x86_64/egg/dulwich/tests/data/repos
copying build/lib.linux-x86_64-2.7/dulwich/tests/data/repos/.gitattributes -> build/bdist.linux-x86_64/egg/dulwich/tests/data/repos
creating build/bdist.linux-x86_64/egg/dulwich/tests/data/repos/refs.git
creating build/bdist.linux-x86_64/egg/dulwich/tests/data/repos/refs.git/objects
creating build/bdist.linux-x86_64/egg/dulwich/tests/data/repos/refs.git/objects/42
copying build/lib.linux-x86_64-2.7/dulwich/tests/data/repos/refs.git/objects/42/d06bd4b77fed026b154d16493e5deab78f02ec -> build/bdist.linux-x86_64/egg/dulwich/tests/data/repos/refs.git/objects/42
creating build/bdist.linux-x86_64/egg/dulwich/tests/data/repos/refs.git/objects/df
copying build/lib.linux-x86_64-2.7/dulwich/tests/data/repos/refs.git/objects/df/6800012397fb85c56e7418dd4eb9405dee075c -> build/bdist.linux-x86_64/egg/dulwich/tests/data/repos/refs.git/objects/df
creating build/bdist.linux-x86_64/egg/dulwich/tests/data/repos/refs.git/objects/a1
copying build/lib.linux-x86_64-2.7/dulwich/tests/data/repos/refs.git/objects/a1/8114c31713746a33a2e70d9914d1ef3e781425 -> build/bdist.linux-x86_64/egg/dulwich/tests/data/repos/refs.git/objects/a1
creating build/bdist.linux-x86_64/egg/dulwich/tests/data/repos/refs.git/objects/3b
copying build/lib.linux-x86_64-2.7/dulwich/tests/data/repos/refs.git/objects/3b/9e5457140e738c2dcd39bf6d7acf88379b90d1 -> build/bdist.linux-x86_64/egg/dulwich/tests/data/repos/refs.git/objects/3b
creating build/bdist.linux-x86_64/egg/dulwich/tests/data/repos/refs.git/objects/3e
copying build/lib.linux-x86_64-2.7/dulwich/tests/data/repos/refs.git/objects/3e/c9c43c84ff242e3ef4a9fc5bc111fd780a76a8 -> build/bdist.linux-x86_64/egg/dulwich/tests/data/repos/refs.git/objects/3e
creating build/bdist.linux-x86_64/egg/dulwich/tests/data/repos/refs.git/objects/cd
copying build/lib.linux-x86_64-2.7/dulwich/tests/data/repos/refs.git/objects/cd/a609072918d7b70057b6bef9f4c2537843fcfe -> build/bdist.linux-x86_64/egg/dulwich/tests/data/repos/refs.git/objects/cd
copying build/lib.linux-x86_64-2.7/dulwich/tests/data/repos/refs.git/packed-refs -> build/bdist.linux-x86_64/egg/dulwich/tests/data/repos/refs.git
creating build/bdist.linux-x86_64/egg/dulwich/tests/data/repos/refs.git/refs
creating build/bdist.linux-x86_64/egg/dulwich/tests/data/repos/refs.git/refs/tags
copying build/lib.linux-x86_64-2.7/dulwich/tests/data/repos/refs.git/refs/tags/refs-0.2 -> build/bdist.linux-x86_64/egg/dulwich/tests/data/repos/refs.git/refs/tags
creating build/bdist.linux-x86_64/egg/dulwich/tests/data/repos/refs.git/refs/heads
copying build/lib.linux-x86_64-2.7/dulwich/tests/data/repos/refs.git/refs/heads/loop -> build/bdist.linux-x86_64/egg/dulwich/tests/data/repos/refs.git/refs/heads
copying build/lib.linux-x86_64-2.7/dulwich/tests/data/repos/refs.git/refs/heads/master -> build/bdist.linux-x86_64/egg/dulwich/tests/data/repos/refs.git/refs/heads
copying build/lib.linux-x86_64-2.7/dulwich/tests/data/repos/refs.git/refs/heads/40-char-ref-aaaaaaaaaaaaaaaaaa -> build/bdist.linux-x86_64/egg/dulwich/tests/data/repos/refs.git/refs/heads
copying build/lib.linux-x86_64-2.7/dulwich/tests/data/repos/refs.git/HEAD -> build/bdist.linux-x86_64/egg/dulwich/tests/data/repos/refs.git
creating build/bdist.linux-x86_64/egg/dulwich/tests/data/repos/simple_merge.git
creating build/bdist.linux-x86_64/egg/dulwich/tests/data/repos/simple_merge.git/objects
creating build/bdist.linux-x86_64/egg/dulwich/tests/data/repos/simple_merge.git/objects/d8
copying build/lib.linux-x86_64-2.7/dulwich/tests/data/repos/simple_merge.git/objects/d8/0c186a03f423a81b39df39dc87fd269736ca86 -> build/bdist.linux-x86_64/egg/dulwich/tests/data/repos/simple_merge.git/objects/d8
creating build/bdist.linux-x86_64/egg/dulwich/tests/data/repos/simple_merge.git/objects/4c
copying build/lib.linux-x86_64-2.7/dulwich/tests/data/repos/simple_merge.git/objects/4c/ffe90e0a41ad3f5190079d7c8f036bde29cbe6 -> build/bdist.linux-x86_64/egg/dulwich/tests/data/repos/simple_merge.git/objects/4c
creating build/bdist.linux-x86_64/egg/dulwich/tests/data/repos/simple_merge.git/objects/90
copying build/lib.linux-x86_64-2.7/dulwich/tests/data/repos/simple_merge.git/objects/90/182552c4a85a45ec2a835cadc3451bebdfe870 -> build/bdist.linux-x86_64/egg/dulwich/tests/data/repos/simple_merge.git/objects/90
creating build/bdist.linux-x86_64/egg/dulwich/tests/data/repos/simple_merge.git/objects/60
copying build/lib.linux-x86_64-2.7/dulwich/tests/data/repos/simple_merge.git/objects/60/dacdc733de308bb77bb76ce0fb0f9b44c9769e -> build/bdist.linux-x86_64/egg/dulwich/tests/data/repos/simple_merge.git/objects/60
creating build/bdist.linux-x86_64/egg/dulwich/tests/data/repos/simple_merge.git/objects/ab
copying build/lib.linux-x86_64-2.7/dulwich/tests/data/repos/simple_merge.git/objects/ab/64bbdcc51b170d21588e5c5d391ee5c0c96dfd -> build/bdist.linux-x86_64/egg/dulwich/tests/data/repos/simple_merge.git/objects/ab
creating build/bdist.linux-x86_64/egg/dulwich/tests/data/repos/simple_merge.git/objects/0d
copying build/lib.linux-x86_64-2.7/dulwich/tests/data/repos/simple_merge.git/objects/0d/89f20333fbb1d2f3a94da77f4981373d8f4310 -> build/bdist.linux-x86_64/egg/dulwich/tests/data/repos/simple_merge.git/objects/0d
creating build/bdist.linux-x86_64/egg/dulwich/tests/data/repos/simple_merge.git/objects/70
copying build/lib.linux-x86_64-2.7/dulwich/tests/data/repos/simple_merge.git/objects/70/c190eb48fa8bbb50ddc692a17b44cb781af7f6 -> build/bdist.linux-x86_64/egg/dulwich/tests/data/repos/simple_merge.git/objects/70
creating build/bdist.linux-x86_64/egg/dulwich/tests/data/repos/simple_merge.git/objects/95
copying build/lib.linux-x86_64-2.7/dulwich/tests/data/repos/simple_merge.git/objects/95/4a536f7819d40e6f637f849ee187dd10066349 -> build/bdist.linux-x86_64/egg/dulwich/tests/data/repos/simple_merge.git/objects/95
creating build/bdist.linux-x86_64/egg/dulwich/tests/data/repos/simple_merge.git/objects/e6
copying build/lib.linux-x86_64-2.7/dulwich/tests/data/repos/simple_merge.git/objects/e6/9de29bb2d1d6434b8b29ae775ad8c2e48c5391 -> build/bdist.linux-x86_64/egg/dulwich/tests/data/repos/simple_merge.git/objects/e6
creating build/bdist.linux-x86_64/egg/dulwich/tests/data/repos/simple_merge.git/objects/d4
copying build/lib.linux-x86_64-2.7/dulwich/tests/data/repos/simple_merge.git/objects/d4/bdad6549dfedf25d3b89d21f506aff575b28a7 -> build/bdist.linux-x86_64/egg/dulwich/tests/data/repos/simple_merge.git/objects/d4
creating build/bdist.linux-x86_64/egg/dulwich/tests/data/repos/simple_merge.git/objects/1b
copying build/lib.linux-x86_64-2.7/dulwich/tests/data/repos/simple_merge.git/objects/1b/6318f651a534b38f9c7aedeebbd56c1e896853 -> build/bdist.linux-x86_64/egg/dulwich/tests/data/repos/simple_merge.git/objects/1b
creating build/bdist.linux-x86_64/egg/dulwich/tests/data/repos/simple_merge.git/objects/29
copying build/lib.linux-x86_64-2.7/dulwich/tests/data/repos/simple_merge.git/objects/29/69be3e8ee1c0222396a5611407e4769f14e54b -> build/bdist.linux-x86_64/egg/dulwich/tests/data/repos/simple_merge.git/objects/29
creating build/bdist.linux-x86_64/egg/dulwich/tests/data/repos/simple_merge.git/objects/5d
copying build/lib.linux-x86_64-2.7/dulwich/tests/data/repos/simple_merge.git/objects/5d/ac377bdded4c9aeb8dff595f0faeebcc8498cc -> build/bdist.linux-x86_64/egg/dulwich/tests/data/repos/simple_merge.git/objects/5d
creating build/bdist.linux-x86_64/egg/dulwich/tests/data/repos/simple_merge.git/objects/6f
copying build/lib.linux-x86_64-2.7/dulwich/tests/data/repos/simple_merge.git/objects/6f/670c0fb53f9463760b7295fbb814e965fb20c8 -> build/bdist.linux-x86_64/egg/dulwich/tests/data/repos/simple_merge.git/objects/6f
creating build/bdist.linux-x86_64/egg/dulwich/tests/data/repos/simple_merge.git/refs
creating build/bdist.linux-x86_64/egg/dulwich/tests/data/repos/simple_merge.git/refs/heads
copying build/lib.linux-x86_64-2.7/dulwich/tests/data/repos/simple_merge.git/refs/heads/master -> build/bdist.linux-x86_64/egg/dulwich/tests/data/repos/simple_merge.git/refs/heads
copying build/lib.linux-x86_64-2.7/dulwich/tests/data/repos/simple_merge.git/HEAD -> build/bdist.linux-x86_64/egg/dulwich/tests/data/repos/simple_merge.git
copying build/lib.linux-x86_64-2.7/dulwich/tests/data/repos/server_new.export -> build/bdist.linux-x86_64/egg/dulwich/tests/data/repos
creating build/bdist.linux-x86_64/egg/dulwich/tests/data/repos/submodule
copying build/lib.linux-x86_64-2.7/dulwich/tests/data/repos/submodule/dotgit -> build/bdist.linux-x86_64/egg/dulwich/tests/data/repos/submodule
copying build/lib.linux-x86_64-2.7/dulwich/tests/test_objectspec.py -> build/bdist.linux-x86_64/egg/dulwich/tests
copying build/lib.linux-x86_64-2.7/dulwich/tests/test_fastexport.py -> build/bdist.linux-x86_64/egg/dulwich/tests
copying build/lib.linux-x86_64-2.7/dulwich/tests/test_server.py -> build/bdist.linux-x86_64/egg/dulwich/tests
copying build/lib.linux-x86_64-2.7/dulwich/tests/__init__.py -> build/bdist.linux-x86_64/egg/dulwich/tests
copying build/lib.linux-x86_64-2.7/dulwich/tests/test_pack.py -> build/bdist.linux-x86_64/egg/dulwich/tests
copying build/lib.linux-x86_64-2.7/dulwich/tests/test_blackbox.py -> build/bdist.linux-x86_64/egg/dulwich/tests
copying build/lib.linux-x86_64-2.7/dulwich/tests/test_refs.py -> build/bdist.linux-x86_64/egg/dulwich/tests
copying build/lib.linux-x86_64-2.7/dulwich/tests/test_walk.py -> build/bdist.linux-x86_64/egg/dulwich/tests
copying build/lib.linux-x86_64-2.7/dulwich/tests/test_index.py -> build/bdist.linux-x86_64/egg/dulwich/tests
copying build/lib.linux-x86_64-2.7/dulwich/tests/test_utils.py -> build/bdist.linux-x86_64/egg/dulwich/tests
copying build/lib.linux-x86_64-2.7/dulwich/tests/test_hooks.py -> build/bdist.linux-x86_64/egg/dulwich/tests
copying build/lib.linux-x86_64-2.7/dulwich/tests/test_config.py -> build/bdist.linux-x86_64/egg/dulwich/tests
copying build/lib.linux-x86_64-2.7/dulwich/_pack.so -> build/bdist.linux-x86_64/egg/dulwich
copying build/lib.linux-x86_64-2.7/dulwich/patch.py -> build/bdist.linux-x86_64/egg/dulwich
copying build/lib.linux-x86_64-2.7/dulwich/client.py -> build/bdist.linux-x86_64/egg/dulwich
copying build/lib.linux-x86_64-2.7/dulwich/object_store.py -> build/bdist.linux-x86_64/egg/dulwich
copying build/lib.linux-x86_64-2.7/dulwich/hooks.py -> build/bdist.linux-x86_64/egg/dulwich
copying build/lib.linux-x86_64-2.7/dulwich/__init__.py -> build/bdist.linux-x86_64/egg/dulwich
copying build/lib.linux-x86_64-2.7/dulwich/objects.py -> build/bdist.linux-x86_64/egg/dulwich
copying build/lib.linux-x86_64-2.7/dulwich/protocol.py -> build/bdist.linux-x86_64/egg/dulwich
copying build/lib.linux-x86_64-2.7/dulwich/stdint.h -> build/bdist.linux-x86_64/egg/dulwich
copying build/lib.linux-x86_64-2.7/dulwich/_compat.py -> build/bdist.linux-x86_64/egg/dulwich
copying build/lib.linux-x86_64-2.7/dulwich/diff_tree.py -> build/bdist.linux-x86_64/egg/dulwich
copying build/lib.linux-x86_64-2.7/dulwich/server.py -> build/bdist.linux-x86_64/egg/dulwich
copying build/lib.linux-x86_64-2.7/dulwich/_objects.c -> build/bdist.linux-x86_64/egg/dulwich
copying build/lib.linux-x86_64-2.7/dulwich/_pack.c -> build/bdist.linux-x86_64/egg/dulwich
copying build/lib.linux-x86_64-2.7/dulwich/objectspec.py -> build/bdist.linux-x86_64/egg/dulwich
byte-compiling build/bdist.linux-x86_64/egg/dulwich/greenthreads.py to greenthreads.pyc
byte-compiling build/bdist.linux-x86_64/egg/dulwich/errors.py to errors.pyc
byte-compiling build/bdist.linux-x86_64/egg/dulwich/walk.py to walk.pyc
byte-compiling build/bdist.linux-x86_64/egg/dulwich/fastexport.py to fastexport.pyc
byte-compiling build/bdist.linux-x86_64/egg/dulwich/config.py to config.pyc
byte-compiling build/bdist.linux-x86_64/egg/dulwich/porcelain.py to porcelain.pyc
byte-compiling build/bdist.linux-x86_64/egg/dulwich/repo.py to repo.pyc
byte-compiling build/bdist.linux-x86_64/egg/dulwich/lru_cache.py to lru_cache.pyc
byte-compiling build/bdist.linux-x86_64/egg/dulwich/index.py to index.pyc
byte-compiling build/bdist.linux-x86_64/egg/dulwich/refs.py to refs.pyc
byte-compiling build/bdist.linux-x86_64/egg/dulwich/web.py to web.pyc
byte-compiling build/bdist.linux-x86_64/egg/dulwich/pack.py to pack.pyc
byte-compiling build/bdist.linux-x86_64/egg/dulwich/contrib/test_swift_smoke.py to test_swift_smoke.pyc
byte-compiling build/bdist.linux-x86_64/egg/dulwich/contrib/test_swift.py to test_swift.pyc
byte-compiling build/bdist.linux-x86_64/egg/dulwich/contrib/swift.py to swift.pyc
byte-compiling build/bdist.linux-x86_64/egg/dulwich/contrib/__init__.py to __init__.pyc
byte-compiling build/bdist.linux-x86_64/egg/dulwich/file.py to file.pyc
byte-compiling build/bdist.linux-x86_64/egg/dulwich/log_utils.py to log_utils.pyc
byte-compiling build/bdist.linux-x86_64/egg/dulwich/tests/test_objects.py to test_objects.pyc
byte-compiling build/bdist.linux-x86_64/egg/dulwich/tests/test_file.py to test_file.pyc
byte-compiling build/bdist.linux-x86_64/egg/dulwich/tests/test_porcelain.py to test_porcelain.pyc
byte-compiling build/bdist.linux-x86_64/egg/dulwich/tests/utils.py to utils.pyc
byte-compiling build/bdist.linux-x86_64/egg/dulwich/tests/compat/utils.py to utils.pyc
byte-compiling build/bdist.linux-x86_64/egg/dulwich/tests/compat/test_repository.py to test_repository.pyc
byte-compiling build/bdist.linux-x86_64/egg/dulwich/tests/compat/test_web.py to test_web.pyc
byte-compiling build/bdist.linux-x86_64/egg/dulwich/tests/compat/test_client.py to test_client.pyc
byte-compiling build/bdist.linux-x86_64/egg/dulwich/tests/compat/test_server.py to test_server.pyc
byte-compiling build/bdist.linux-x86_64/egg/dulwich/tests/compat/__init__.py to __init__.pyc
byte-compiling build/bdist.linux-x86_64/egg/dulwich/tests/compat/test_pack.py to test_pack.pyc
byte-compiling build/bdist.linux-x86_64/egg/dulwich/tests/compat/server_utils.py to server_utils.pyc
byte-compiling build/bdist.linux-x86_64/egg/dulwich/tests/compat/test_utils.py to test_utils.pyc
byte-compiling build/bdist.linux-x86_64/egg/dulwich/tests/test_object_store.py to test_object_store.pyc
byte-compiling build/bdist.linux-x86_64/egg/dulwich/tests/test_protocol.py to test_protocol.pyc
byte-compiling build/bdist.linux-x86_64/egg/dulwich/tests/test_greenthreads.py to test_greenthreads.pyc
byte-compiling build/bdist.linux-x86_64/egg/dulwich/tests/test_patch.py to test_patch.pyc
byte-compiling build/bdist.linux-x86_64/egg/dulwich/tests/test_grafts.py to test_grafts.pyc
byte-compiling build/bdist.linux-x86_64/egg/dulwich/tests/test_repository.py to test_repository.pyc
byte-compiling build/bdist.linux-x86_64/egg/dulwich/tests/test_web.py to test_web.pyc
byte-compiling build/bdist.linux-x86_64/egg/dulwich/tests/test_client.py to test_client.pyc
byte-compiling build/bdist.linux-x86_64/egg/dulwich/tests/test_missing_obj_finder.py to test_missing_obj_finder.pyc
byte-compiling build/bdist.linux-x86_64/egg/dulwich/tests/test_diff_tree.py to test_diff_tree.pyc
byte-compiling build/bdist.linux-x86_64/egg/dulwich/tests/test_lru_cache.py to test_lru_cache.pyc
byte-compiling build/bdist.linux-x86_64/egg/dulwich/tests/test_objectspec.py to test_objectspec.pyc
byte-compiling build/bdist.linux-x86_64/egg/dulwich/tests/test_fastexport.py to test_fastexport.pyc
byte-compiling build/bdist.linux-x86_64/egg/dulwich/tests/test_server.py to test_server.pyc
byte-compiling build/bdist.linux-x86_64/egg/dulwich/tests/__init__.py to __init__.pyc
byte-compiling build/bdist.linux-x86_64/egg/dulwich/tests/test_pack.py to test_pack.pyc
byte-compiling build/bdist.linux-x86_64/egg/dulwich/tests/test_blackbox.py to test_blackbox.pyc
byte-compiling build/bdist.linux-x86_64/egg/dulwich/tests/test_refs.py to test_refs.pyc
byte-compiling build/bdist.linux-x86_64/egg/dulwich/tests/test_walk.py to test_walk.pyc
byte-compiling build/bdist.linux-x86_64/egg/dulwich/tests/test_index.py to test_index.pyc
byte-compiling build/bdist.linux-x86_64/egg/dulwich/tests/test_utils.py to test_utils.pyc
byte-compiling build/bdist.linux-x86_64/egg/dulwich/tests/test_hooks.py to test_hooks.pyc
byte-compiling build/bdist.linux-x86_64/egg/dulwich/tests/test_config.py to test_config.pyc
byte-compiling build/bdist.linux-x86_64/egg/dulwich/patch.py to patch.pyc
byte-compiling build/bdist.linux-x86_64/egg/dulwich/client.py to client.pyc
byte-compiling build/bdist.linux-x86_64/egg/dulwich/object_store.py to object_store.pyc
byte-compiling build/bdist.linux-x86_64/egg/dulwich/hooks.py to hooks.pyc
byte-compiling build/bdist.linux-x86_64/egg/dulwich/__init__.py to __init__.pyc
byte-compiling build/bdist.linux-x86_64/egg/dulwich/objects.py to objects.pyc
byte-compiling build/bdist.linux-x86_64/egg/dulwich/protocol.py to protocol.pyc
byte-compiling build/bdist.linux-x86_64/egg/dulwich/_compat.py to _compat.pyc
byte-compiling build/bdist.linux-x86_64/egg/dulwich/diff_tree.py to diff_tree.pyc
byte-compiling build/bdist.linux-x86_64/egg/dulwich/server.py to server.pyc
byte-compiling build/bdist.linux-x86_64/egg/dulwich/objectspec.py to objectspec.pyc
creating stub loader for dulwich/_objects.so
creating stub loader for dulwich/_pack.so
creating stub loader for dulwich/_diff_tree.so
byte-compiling build/bdist.linux-x86_64/egg/dulwich/_objects.py to _objects.pyc
byte-compiling build/bdist.linux-x86_64/egg/dulwich/_pack.py to _pack.pyc
byte-compiling build/bdist.linux-x86_64/egg/dulwich/_diff_tree.py to _diff_tree.pyc
creating build/bdist.linux-x86_64/egg/EGG-INFO
installing scripts to build/bdist.linux-x86_64/egg/EGG-INFO/scripts
running install_scripts
running build_scripts
creating build/scripts-2.7
copying and adjusting bin/dulwich -> build/scripts-2.7
copying and adjusting bin/dul-receive-pack -> build/scripts-2.7
copying and adjusting bin/dul-upload-pack -> build/scripts-2.7
changing mode of build/scripts-2.7/dulwich from 664 to 775
changing mode of build/scripts-2.7/dul-receive-pack from 664 to 775
changing mode of build/scripts-2.7/dul-upload-pack from 664 to 775
creating build/bdist.linux-x86_64/egg/EGG-INFO/scripts
copying build/scripts-2.7/dulwich -> build/bdist.linux-x86_64/egg/EGG-INFO/scripts
copying build/scripts-2.7/dul-receive-pack -> build/bdist.linux-x86_64/egg/EGG-INFO/scripts
copying build/scripts-2.7/dul-upload-pack -> build/bdist.linux-x86_64/egg/EGG-INFO/scripts
changing mode of build/bdist.linux-x86_64/egg/EGG-INFO/scripts/dulwich to 775
changing mode of build/bdist.linux-x86_64/egg/EGG-INFO/scripts/dul-receive-pack to 775
changing mode of build/bdist.linux-x86_64/egg/EGG-INFO/scripts/dul-upload-pack to 775
copying dulwich.egg-info/PKG-INFO -> build/bdist.linux-x86_64/egg/EGG-INFO
copying dulwich.egg-info/SOURCES.txt -> build/bdist.linux-x86_64/egg/EGG-INFO
copying dulwich.egg-info/dependency_links.txt -> build/bdist.linux-x86_64/egg/EGG-INFO
copying dulwich.egg-info/top_level.txt -> build/bdist.linux-x86_64/egg/EGG-INFO
writing build/bdist.linux-x86_64/egg/EGG-INFO/native_libs.txt
zip_safe flag not set; analyzing archive contents...
dulwich.tests.test_index: module references __file__
dulwich.tests.test_objects: module references __file__
dulwich.tests.__init__: module references __file__
dulwich.tests.utils: module references __file__
dulwich.tests.test_repository: module references __file__
dulwich.tests.test_pack: module references __file__
dulwich.tests.compat.utils: module references __file__
creating dist
creating 'dist/dulwich-0.10.1a0-py2.7-linux-x86_64.egg' and adding 'build/bdist.linux-x86_64/egg' to it
removing 'build/bdist.linux-x86_64/egg' (and everything under it)
Processing dulwich-0.10.1a0-py2.7-linux-x86_64.egg
creating /home/ubuntu/miniconda/envs/_build/lib/python2.7/site-packages/dulwich-0.10.1a0-py2.7-linux-x86_64.egg
Extracting dulwich-0.10.1a0-py2.7-linux-x86_64.egg to /home/ubuntu/miniconda/envs/_build/lib/python2.7/site-packages
Adding dulwich 0.10.1a0 to easy-install.pth file
Installing dulwich script to /home/ubuntu/miniconda/envs/_build/bin
Installing dul-receive-pack script to /home/ubuntu/miniconda/envs/_build/bin
Installing dul-upload-pack script to /home/ubuntu/miniconda/envs/_build/bin

Installed /home/ubuntu/miniconda/envs/_build/lib/python2.7/site-packages/dulwich-0.10.1a0-py2.7-linux-x86_64.egg
Processing dependencies for dulwich==0.10.1a0
Finished processing dependencies for dulwich==0.10.1a0

The following NEW packages will be INSTALLED:

    openssl:    1.0.1k-1    
    pip:        7.0.3-py27_0
    python:     2.7.10-0    
    readline:   6.2-2       
    setuptools: 17.0-py27_0 
    sqlite:     3.8.4.1-1   
    system:     5.8-2       
    tk:         8.5.18-0    
    zlib:       1.2.8-0     

Linking packages ...
[                    ]|                                                  |   0%[openssl             ]|                                                  |   0%[readline            ]|#####                                             |  11%[sqlite              ]|###########                                       |  22%[system              ]|################                                  |  33%[tk                  ]|######################                            |  44%[zlib                ]|###########################                       |  55%[python              ]|#################################                 |  66%[setuptools          ]|######################################            |  77%[pip                 ]|############################################      |  88%[      COMPLETE      ]|##################################################| 100%
Removing old work directory
Source cache directory is: /home/ubuntu/miniconda/conda-bld/src_cache
Found source in cache: dulwich-0.10.1a.tar.gz
Extracting download
Package: dulwich-0.10.1a-py27_0
source tree in: /home/ubuntu/miniconda/conda-bld/work/dulwich-0.10.1a
found egg dir: /home/ubuntu/miniconda/envs/_build/lib/python2.7/site-packages/dulwich-0.10.1a0-py2.7-linux-x86_64.egg
number of files: 225
Fixing permissions
updating shebang: bin/dulwich
patchelf: file: /home/ubuntu/miniconda/envs/_build/lib/python2.7/site-packages/dulwich/_diff_tree.so
    setting rpath to: $ORIGIN/../../..
patchelf: file: /home/ubuntu/miniconda/envs/_build/lib/python2.7/site-packages/dulwich/_objects.so
    setting rpath to: $ORIGIN/../../..
patchelf: file: /home/ubuntu/miniconda/envs/_build/lib/python2.7/site-packages/dulwich/_pack.so
    setting rpath to: $ORIGIN/../../..
Ignored hard-coded path in lib/python2.7/site-packages/dulwich/_diff_tree.so
Ignored hard-coded path in lib/python2.7/site-packages/dulwich/_objects.so
Ignored hard-coded path in lib/python2.7/site-packages/dulwich/_pack.so
Detected hard-coded path in text file bin/dul-receive-pack
Detected hard-coded path in text file bin/dul-upload-pack
Detected hard-coded path in text file bin/dulwich
Fixing permissions
BUILD END: dulwich-0.10.1a-py27_0
TEST START: dulwich-0.10.1a-py27_0
Fetching package metadata: ......
Error: No packages found in current linux-64 channels matching: fastimport
