Warning, the following versions were found for dulwich
0.10.1a
0.10.0
0.9.9
0.9.8
0.9.7
0.9.6
0.9.5
0.9.4
0.9.3
0.9.2
0.9.1
0.9.0
0.8.7
0.8.6
0.8.5
0.8.4
0.8.3
0.8.2
0.8.1
0.8.0
0.7.1
0.7.0
0.6.2
0.6.1
0.6.0
0.5.0
0.4.1
0.4.0
0.3.3
0.3.2
0.3.1
0.3.0
0.2.1
0.1.1
0.1.0
0.0.1
Using 0.10.1a
Use --version to specify a different version.
Using url https://pypi.python.org/packages/source/d/dulwich/dulwich-0.10.1a.tar.gz (266 KB) for dulwich.
Downloading dulwich (use --no-download to skip this step)
Using cached download
Unpacking dulwich...
done
working in /tmp/tmpK7fjUdconda_skeleton_dulwich-0.10.1a.tar.gz
Fetching package metadata: ......
Solving package specifications: .patching file core.py
Hunk #1 succeeded at 168 with fuzz 2 (offset 2 lines).

The following NEW packages will be INSTALLED:

    numpy:  1.9.2-py27_0
    pyyaml: 3.11-py27_0 

Linking packages ...
[                    ]|                                                  |   0%[numpy               ]|                                                  |   0%[pyyaml              ]|#########################                         |  50%[      COMPLETE      ]|##################################################| 100%
Applying patch: '/tmp/tmpK7fjUdconda_skeleton_dulwich-0.10.1a.tar.gz/pypi-distutils.patch'
Writing recipe for dulwich
Done
