Warning, the following versions were found for EasyProcess
0.1.9
0.1.6
0.1.4
0.1.3
0.1.2
0.1.0
0.0.10
0.0.9
0.0.8
0.0.7
0.0.6
0.0.5
0.0.4
0.0.3
0.0.2
0.0.1
0.0.0
Using 0.1.9
Use --version to specify a different version.
Using url https://pypi.python.org/packages/source/E/EasyProcess/EasyProcess-0.1.9.tar.gz (10 KB) for EasyProcess.
Downloading EasyProcess (use --no-download to skip this step)
Using cached download
Unpacking EasyProcess...
done
working in /tmp/tmpvgf39gconda_skeleton_EasyProcess-0.1.9.tar.gz
Fetching package metadata: ......
Solving package specifications: .patching file core.py
Hunk #1 succeeded at 168 with fuzz 2 (offset 2 lines).

Applying patch: '/tmp/tmpvgf39gconda_skeleton_EasyProcess-0.1.9.tar.gz/pypi-distutils.patch'
Writing recipe for easyprocess
Done
