Warning, the following versions were found for ecdsa
0.13
0.12
0.11
0.10
0.9
0.8
0.7
0.6
Using 0.13
Use --version to specify a different version.
Using url https://pypi.python.org/packages/source/e/ecdsa/ecdsa-0.13.tar.gz (54 KB) for ecdsa.
Downloading ecdsa (use --no-download to skip this step)
Using cached download
Unpacking ecdsa...
done
working in /tmp/tmpYYYxBLconda_skeleton_ecdsa-0.13.tar.gz
Fetching package metadata: ......
Solving package specifications: .patching file core.py
Hunk #1 succeeded at 168 with fuzz 2 (offset 2 lines).

Applying patch: '/tmp/tmpYYYxBLconda_skeleton_ecdsa-0.13.tar.gz/pypi-distutils.patch'
Writing recipe for ecdsa
Done
