Removing old build directory
Removing old work directory
BUILD START: ecdsa-0.13-py_0
Fetching package metadata: ......
Solving package specifications: .+ pip install ecdsa
Collecting ecdsa
  Downloading http://localhost/packages/2.7/e/ecdsa/ecdsa-0.13-py2.py3-none-any.whl (86kB)
Installing collected packages: ecdsa
Successfully installed ecdsa-0.13

The following NEW packages will be INSTALLED:

    openssl:    1.0.1k-1     
    pip:        7.0.3-py27_0 
    python:     2.7.10-0     
    readline:   6.2-2        
    setuptools: 17.1.1-py27_0
    sqlite:     3.8.4.1-1    
    system:     5.8-2        
    tk:         8.5.18-0     
    zlib:       1.2.8-0      

Linking packages ...
[                    ]|                                                  |   0%[openssl             ]|                                                  |   0%[readline            ]|#####                                             |  11%[sqlite              ]|###########                                       |  22%[system              ]|################                                  |  33%[tk                  ]|######################                            |  44%[zlib                ]|###########################                       |  55%[python              ]|#################################                 |  66%[setuptools          ]|######################################            |  77%[pip                 ]|############################################      |  88%[      COMPLETE      ]|##################################################| 100%
Removing old work directory
Copying /home/ubuntu/pypi-conda-builds/ecdsa to /home/ubuntu/miniconda/conda-bld/work
Package: ecdsa-0.13-py_0
source tree in: /home/ubuntu/miniconda/conda-bld/work
number of files: 30
Fixing permissions
Fixing permissions
BUILD END: ecdsa-0.13-py_0
# If you want to upload this package to binstar.org later, type:
#
# $ binstar upload /home/ubuntu/miniconda/conda-bld/noarch/ecdsa-0.13-py_0.tar.bz2
#
# To have conda build upload to binstar automatically, use
# $ conda config --set binstar_upload yes

Package search: {'_pypi_ordering': False, 'version': '0.13', 'name': 'ecdsa', 'summary': 'ECDSA cryptographic signature library (pure python)'}
Creating standard recipe for ecdsa-0.13
Converting recipe in /home/ubuntu/pypi-conda-builds/ecdsa
package = ecdsa
   dependencies = []
Building conda package for ecdsa
