Warning, the following versions were found for eelbrain
0.16.2
0.16.1
0.16.0
0.15.5
0.15.4
0.15.3
0.15.2
0.15.1
0.15.0
0.14.8
0.14.7
0.14.6
0.14.5
0.14.4
0.14.3
0.14.2
0.14.1
0.14.0
0.13.2
0.13.1
0.13.0
0.12.1
0.12.0
0.11.2
0.11.1
0.11.0
0.10.6
0.10.5
0.10.4
0.10.3
0.10.2
0.10.1
0.10.0
0.9.2
0.9.1
0.9.0
0.8.5
0.8.4
0.8.3
0.8.2
0.8.1
0.8.0
0.7.5
0.7.4
0.7.3
0.7.2
0.7.1
0.7.0
0.6.4
0.6.3
0.6.2
0.6.1
0.6.0
0.5.4
0.5.3
0.5.2
0.5.1
0.5.0
0.4.5
0.4.4
0.4.3
0.4.2
0.4.1
0.4.0
0.3
0.2
0.1.11
0.1.10
0.1.9
0.1.8
0.1.7
0.1.6
0.1.5
0.1.4
0.1.3
0.1.2
0.1.1
0.1.0
Using 0.16.2
Use --version to specify a different version.
Using url https://pypi.python.org/packages/source/e/eelbrain/eelbrain-0.16.2.tar.gz (583 KB) for eelbrain.
Downloading eelbrain (use --no-download to skip this step)
Unpacking eelbrain...
done
working in /tmp/tmpy1rtefconda_skeleton_eelbrain-0.16.2.tar.gz
Fetching package metadata: ......
Solving package specifications: .patching file core.py
Hunk #1 succeeded at 168 with fuzz 2 (offset 2 lines).

Applying patch: '/tmp/tmpy1rtefconda_skeleton_eelbrain-0.16.2.tar.gz/pypi-distutils.patch'
Warning, the following versions were found for matplotlib
1.4.3
1.4.2
1.4.1
1.4.1rc1
1.4.0
1.3.1
1.3.0
1.2.1
1.2.0
1.1.1
1.1.0
1.0.1
1.0.0
0.99.3
0.99.1
0.99.0
0.98.5.3
0.98.5.1
0.98.3
0.98.1
0.98.0
0.91.4
0.91.3
0.91.2
0.91.1
0.91.0
0.90.1
0.90.0
0.87.7
0.87.6
0.87.5
0.87.4
0.87.3
0.87.2
0.87.1
0.86.2
0.86.1
0.86
0.85
0.83.2
0.71
0.70
0.65
0.64
0.63.0
Using 1.4.3
Use --version to specify a different version.
Using url https://pypi.python.org/packages/source/m/matplotlib/matplotlib-1.4.3.tar.gz (48.1 MB) for matplotlib.
Downloading matplotlib (use --no-download to skip this step)
Using cached download
Unpacking matplotlib...
done
working in /tmp/tmpnVeW9Mconda_skeleton_matplotlib-1.4.3.tar.gz
Solving package specifications: .patching file core.py
Hunk #1 succeeded at 168 with fuzz 2 (offset 2 lines).
IMPORTANT WARNING:
    pkg-config is not installed.
    matplotlib may not be able to find some of its dependencies
============================================================================
Edit setup.cfg to change the build options

BUILDING MATPLOTLIB
            matplotlib: yes [1.4.3]
                python: yes [2.7.10 |Continuum Analytics, Inc.| (default,
                        May 28 2015, 17:02:03)  [GCC 4.4.7 20120313 (Red Hat
                        4.4.7-1)]]
              platform: yes [linux2]

REQUIRED DEPENDENCIES AND EXTENSIONS
                 numpy: yes [version 1.9.2]
                   six: yes [six was not found.pip will attempt to install
                        it after matplotlib.]
              dateutil: yes [dateutil was not found. It is required for date
                        axis support. pip/easy_install may attempt to
                        install it after matplotlib.]
                  pytz: yes [pytz was not found. pip will attempt to install
                        it after matplotlib.]
               tornado: yes [tornado was not found. It is required for the
                        WebAgg backend. pip/easy_install may attempt to
                        install it after matplotlib.]
             pyparsing: yes [pyparsing was not found. It is required for
                        mathtext support. pip/easy_install may attempt to
                        install it after matplotlib.]
                 pycxx: yes [Couldn't import.  Using local copy.]
                libagg: yes [pkg-config information for 'libagg' could not
                        be found. Using local copy.]
              freetype: no  [The C/C++ header for freetype2 (ft2build.h)
                        could not be found.  You may need to install the
                        development package.]
                   png: yes [version 1.5.13]
                 qhull: yes [pkg-config information for 'qhull' could not be
                        found. Using local copy.]

OPTIONAL SUBPACKAGES
           sample_data: yes [installing]
              toolkits: yes [installing]
                 tests: yes [nose 0.11.1 or later is required to run the
                        matplotlib test suite.  pip/easy_install may attempt
                        to install it after matplotlib. / mock is required
                        to run the matplotlib test suite.  pip/easy_install
                        may attempt to install it after matplotlib.]
        toolkits_tests: yes [nose 0.11.1 or later is required to run the
                        matplotlib test suite.  pip/easy_install may attempt
                        to install it after matplotlib. / mock is required
                        to run the matplotlib test suite.  pip/easy_install
                        may attempt to install it after matplotlib.]

OPTIONAL BACKEND EXTENSIONS
                macosx: no  [Mac OS-X only]
                qt5agg: no  [PyQt5 not found]
                qt4agg: no  [PyQt4 not found]
                pyside: no  [PySide not found]
               gtk3agg: no  [Requires pygobject to be installed.]
             gtk3cairo: no  [Requires cairocffi or pycairo to be installed.]
                gtkagg: no  [Requires pygtk]
                 tkagg: yes [installing, version 81008]
                 wxagg: no  [requires wxPython]
                   gtk: no  [Requires pygtk]
                   agg: yes [installing]
                 cairo: no  [cairocffi or pycairo not found]
             windowing: no  [Microsoft Windows only]

OPTIONAL LATEX DEPENDENCIES
                dvipng: no
           ghostscript: no
                 latex: no
               pdftops: no

============================================================================
                        * The following required packages can not be built:
                        * freetype

Applying patch: '/tmp/tmpnVeW9Mconda_skeleton_matplotlib-1.4.3.tar.gz/pypi-distutils.patch'
$PYTHONPATH = /tmp/tmpnVeW9Mconda_skeleton_matplotlib-1.4.3.tar.gz/matplotlib-1.4.3
Error: command failed: /home/ubuntu/miniconda/envs/_build/bin/python setup.py install
