Warning, the following versions were found for effect
0.9
0.1a18
0.1a17
0.1a16
0.1a15
0.1a14
0.1a13
0.1a12
0.1a11
0.1a10
0.1a9
0.1a8
0.1a7
0.1a6
0.1a5
0.1a4
0.1a3
0.1a2
0.1a1
Using 0.9
Use --version to specify a different version.
Using url https://pypi.python.org/packages/source/e/effect/effect-0.9.tar.gz (25 KB) for effect.
Downloading effect (use --no-download to skip this step)
Unpacking effect...
done
working in /tmp/tmpSchs1Lconda_skeleton_effect-0.9.tar.gz
Fetching package metadata: ......
Solving package specifications: .patching file core.py
Hunk #1 succeeded at 168 with fuzz 2 (offset 2 lines).
Traceback (most recent call last):
  File "setup.py", line 2, in <module>
    import setuptools
ImportError: No module named setuptools

Applying patch: '/tmp/tmpSchs1Lconda_skeleton_effect-0.9.tar.gz/pypi-distutils.patch'
$PYTHONPATH = /tmp/tmpSchs1Lconda_skeleton_effect-0.9.tar.gz/effect-0.9
Error: command failed: /home/ubuntu/miniconda/envs/_build/bin/python setup.py install
