Removing old build directory
Removing old work directory
BUILD START: elasticsearch-1.6.0-py27_0
Fetching package metadata: ......
Solving package specifications: .+ /home/ubuntu/miniconda/envs/_build/bin/python setup.py install
running install
running bdist_egg
running egg_info
writing requirements to elasticsearch.egg-info/requires.txt
writing elasticsearch.egg-info/PKG-INFO
writing top-level names to elasticsearch.egg-info/top_level.txt
writing dependency_links to elasticsearch.egg-info/dependency_links.txt
reading manifest file 'elasticsearch.egg-info/SOURCES.txt'
reading manifest template 'MANIFEST.in'
no previously-included directories found matching 'docs/_build'
no previously-included directories found matching 'test_elasticsearch'
warning: no previously-included files matching '__pycache__' found under directory '*'
warning: no previously-included files matching '*.py[co]' found under directory '*'
writing manifest file 'elasticsearch.egg-info/SOURCES.txt'
installing library code to build/bdist.linux-x86_64/egg
running install_lib
running build_py
creating build
creating build/lib
creating build/lib/elasticsearch
copying elasticsearch/compat.py -> build/lib/elasticsearch
copying elasticsearch/transport.py -> build/lib/elasticsearch
copying elasticsearch/__init__.py -> build/lib/elasticsearch
copying elasticsearch/serializer.py -> build/lib/elasticsearch
copying elasticsearch/connection_pool.py -> build/lib/elasticsearch
copying elasticsearch/exceptions.py -> build/lib/elasticsearch
creating build/lib/elasticsearch/client
copying elasticsearch/client/utils.py -> build/lib/elasticsearch/client
copying elasticsearch/client/indices.py -> build/lib/elasticsearch/client
copying elasticsearch/client/cat.py -> build/lib/elasticsearch/client
copying elasticsearch/client/nodes.py -> build/lib/elasticsearch/client
copying elasticsearch/client/cluster.py -> build/lib/elasticsearch/client
copying elasticsearch/client/snapshot.py -> build/lib/elasticsearch/client
copying elasticsearch/client/__init__.py -> build/lib/elasticsearch/client
creating build/lib/elasticsearch/helpers
copying elasticsearch/helpers/__init__.py -> build/lib/elasticsearch/helpers
copying elasticsearch/helpers/test.py -> build/lib/elasticsearch/helpers
creating build/lib/elasticsearch/connection
copying elasticsearch/connection/http_requests.py -> build/lib/elasticsearch/connection
copying elasticsearch/connection/http_urllib3.py -> build/lib/elasticsearch/connection
copying elasticsearch/connection/thrift.py -> build/lib/elasticsearch/connection
copying elasticsearch/connection/memcached.py -> build/lib/elasticsearch/connection
copying elasticsearch/connection/pooling.py -> build/lib/elasticsearch/connection
copying elasticsearch/connection/__init__.py -> build/lib/elasticsearch/connection
copying elasticsearch/connection/base.py -> build/lib/elasticsearch/connection
creating build/lib/elasticsearch/connection/esthrift
copying elasticsearch/connection/esthrift/Rest.py -> build/lib/elasticsearch/connection/esthrift
copying elasticsearch/connection/esthrift/ttypes.py -> build/lib/elasticsearch/connection/esthrift
copying elasticsearch/connection/esthrift/constants.py -> build/lib/elasticsearch/connection/esthrift
copying elasticsearch/connection/esthrift/__init__.py -> build/lib/elasticsearch/connection/esthrift
creating build/bdist.linux-x86_64
creating build/bdist.linux-x86_64/egg
creating build/bdist.linux-x86_64/egg/elasticsearch
copying build/lib/elasticsearch/compat.py -> build/bdist.linux-x86_64/egg/elasticsearch
copying build/lib/elasticsearch/transport.py -> build/bdist.linux-x86_64/egg/elasticsearch
creating build/bdist.linux-x86_64/egg/elasticsearch/client
copying build/lib/elasticsearch/client/utils.py -> build/bdist.linux-x86_64/egg/elasticsearch/client
copying build/lib/elasticsearch/client/indices.py -> build/bdist.linux-x86_64/egg/elasticsearch/client
copying build/lib/elasticsearch/client/cat.py -> build/bdist.linux-x86_64/egg/elasticsearch/client
copying build/lib/elasticsearch/client/nodes.py -> build/bdist.linux-x86_64/egg/elasticsearch/client
copying build/lib/elasticsearch/client/cluster.py -> build/bdist.linux-x86_64/egg/elasticsearch/client
copying build/lib/elasticsearch/client/snapshot.py -> build/bdist.linux-x86_64/egg/elasticsearch/client
copying build/lib/elasticsearch/client/__init__.py -> build/bdist.linux-x86_64/egg/elasticsearch/client
copying build/lib/elasticsearch/__init__.py -> build/bdist.linux-x86_64/egg/elasticsearch
copying build/lib/elasticsearch/serializer.py -> build/bdist.linux-x86_64/egg/elasticsearch
creating build/bdist.linux-x86_64/egg/elasticsearch/helpers
copying build/lib/elasticsearch/helpers/__init__.py -> build/bdist.linux-x86_64/egg/elasticsearch/helpers
copying build/lib/elasticsearch/helpers/test.py -> build/bdist.linux-x86_64/egg/elasticsearch/helpers
creating build/bdist.linux-x86_64/egg/elasticsearch/connection
copying build/lib/elasticsearch/connection/http_requests.py -> build/bdist.linux-x86_64/egg/elasticsearch/connection
copying build/lib/elasticsearch/connection/http_urllib3.py -> build/bdist.linux-x86_64/egg/elasticsearch/connection
copying build/lib/elasticsearch/connection/thrift.py -> build/bdist.linux-x86_64/egg/elasticsearch/connection
creating build/bdist.linux-x86_64/egg/elasticsearch/connection/esthrift
copying build/lib/elasticsearch/connection/esthrift/Rest.py -> build/bdist.linux-x86_64/egg/elasticsearch/connection/esthrift
copying build/lib/elasticsearch/connection/esthrift/ttypes.py -> build/bdist.linux-x86_64/egg/elasticsearch/connection/esthrift
copying build/lib/elasticsearch/connection/esthrift/constants.py -> build/bdist.linux-x86_64/egg/elasticsearch/connection/esthrift
copying build/lib/elasticsearch/connection/esthrift/__init__.py -> build/bdist.linux-x86_64/egg/elasticsearch/connection/esthrift
copying build/lib/elasticsearch/connection/memcached.py -> build/bdist.linux-x86_64/egg/elasticsearch/connection
copying build/lib/elasticsearch/connection/pooling.py -> build/bdist.linux-x86_64/egg/elasticsearch/connection
copying build/lib/elasticsearch/connection/__init__.py -> build/bdist.linux-x86_64/egg/elasticsearch/connection
copying build/lib/elasticsearch/connection/base.py -> build/bdist.linux-x86_64/egg/elasticsearch/connection
copying build/lib/elasticsearch/connection_pool.py -> build/bdist.linux-x86_64/egg/elasticsearch
copying build/lib/elasticsearch/exceptions.py -> build/bdist.linux-x86_64/egg/elasticsearch
byte-compiling build/bdist.linux-x86_64/egg/elasticsearch/compat.py to compat.pyc
byte-compiling build/bdist.linux-x86_64/egg/elasticsearch/transport.py to transport.pyc
byte-compiling build/bdist.linux-x86_64/egg/elasticsearch/client/utils.py to utils.pyc
byte-compiling build/bdist.linux-x86_64/egg/elasticsearch/client/indices.py to indices.pyc
byte-compiling build/bdist.linux-x86_64/egg/elasticsearch/client/cat.py to cat.pyc
byte-compiling build/bdist.linux-x86_64/egg/elasticsearch/client/nodes.py to nodes.pyc
byte-compiling build/bdist.linux-x86_64/egg/elasticsearch/client/cluster.py to cluster.pyc
byte-compiling build/bdist.linux-x86_64/egg/elasticsearch/client/snapshot.py to snapshot.pyc
byte-compiling build/bdist.linux-x86_64/egg/elasticsearch/client/__init__.py to __init__.pyc
byte-compiling build/bdist.linux-x86_64/egg/elasticsearch/__init__.py to __init__.pyc
byte-compiling build/bdist.linux-x86_64/egg/elasticsearch/serializer.py to serializer.pyc
byte-compiling build/bdist.linux-x86_64/egg/elasticsearch/helpers/__init__.py to __init__.pyc
byte-compiling build/bdist.linux-x86_64/egg/elasticsearch/helpers/test.py to test.pyc
byte-compiling build/bdist.linux-x86_64/egg/elasticsearch/connection/http_requests.py to http_requests.pyc
byte-compiling build/bdist.linux-x86_64/egg/elasticsearch/connection/http_urllib3.py to http_urllib3.pyc
byte-compiling build/bdist.linux-x86_64/egg/elasticsearch/connection/thrift.py to thrift.pyc
byte-compiling build/bdist.linux-x86_64/egg/elasticsearch/connection/esthrift/Rest.py to Rest.pyc
byte-compiling build/bdist.linux-x86_64/egg/elasticsearch/connection/esthrift/ttypes.py to ttypes.pyc
byte-compiling build/bdist.linux-x86_64/egg/elasticsearch/connection/esthrift/constants.py to constants.pyc
byte-compiling build/bdist.linux-x86_64/egg/elasticsearch/connection/esthrift/__init__.py to __init__.pyc
byte-compiling build/bdist.linux-x86_64/egg/elasticsearch/connection/memcached.py to memcached.pyc
byte-compiling build/bdist.linux-x86_64/egg/elasticsearch/connection/pooling.py to pooling.pyc
byte-compiling build/bdist.linux-x86_64/egg/elasticsearch/connection/__init__.py to __init__.pyc
byte-compiling build/bdist.linux-x86_64/egg/elasticsearch/connection/base.py to base.pyc
byte-compiling build/bdist.linux-x86_64/egg/elasticsearch/connection_pool.py to connection_pool.pyc
byte-compiling build/bdist.linux-x86_64/egg/elasticsearch/exceptions.py to exceptions.pyc
creating build/bdist.linux-x86_64/egg/EGG-INFO
copying elasticsearch.egg-info/PKG-INFO -> build/bdist.linux-x86_64/egg/EGG-INFO
copying elasticsearch.egg-info/SOURCES.txt -> build/bdist.linux-x86_64/egg/EGG-INFO
copying elasticsearch.egg-info/dependency_links.txt -> build/bdist.linux-x86_64/egg/EGG-INFO
copying elasticsearch.egg-info/requires.txt -> build/bdist.linux-x86_64/egg/EGG-INFO
copying elasticsearch.egg-info/top_level.txt -> build/bdist.linux-x86_64/egg/EGG-INFO
zip_safe flag not set; analyzing archive contents...
creating dist
creating 'dist/elasticsearch-1.6.0-py2.7.egg' and adding 'build/bdist.linux-x86_64/egg' to it
removing 'build/bdist.linux-x86_64/egg' (and everything under it)
Processing elasticsearch-1.6.0-py2.7.egg
Copying elasticsearch-1.6.0-py2.7.egg to /home/ubuntu/miniconda/envs/_build/lib/python2.7/site-packages
Adding elasticsearch 1.6.0 to easy-install.pth file

Installed /home/ubuntu/miniconda/envs/_build/lib/python2.7/site-packages/elasticsearch-1.6.0-py2.7.egg
Processing dependencies for elasticsearch==1.6.0
Searching for urllib3==1.10.4
Best match: urllib3 1.10.4
Processing urllib3-1.10.4-py2.7.egg
Adding urllib3 1.10.4 to easy-install.pth file

Using /home/ubuntu/miniconda/envs/_build/lib/python2.7/site-packages/urllib3-1.10.4-py2.7.egg
Finished processing dependencies for elasticsearch==1.6.0

The following NEW packages will be INSTALLED:

    openssl:    1.0.1k-1     
    pip:        7.0.3-py27_0 
    python:     2.7.10-0     
    readline:   6.2-2        
    setuptools: 17.0-py27_0  
    sqlite:     3.8.4.1-1    
    system:     5.8-2        
    tk:         8.5.18-0     
    urllib3:    1.10.4-py27_0
    zlib:       1.2.8-0      

Linking packages ...
[                    ]|                                                  |   0%[openssl             ]|                                                  |   0%[readline            ]|#####                                             |  10%[sqlite              ]|##########                                        |  20%[system              ]|###############                                   |  30%[tk                  ]|####################                              |  40%[zlib                ]|#########################                         |  50%[python              ]|##############################                    |  60%[setuptools          ]|###################################               |  70%[urllib3             ]|########################################          |  80%[pip                 ]|#############################################     |  90%[      COMPLETE      ]|##################################################| 100%
Removing old work directory
Source cache directory is: /home/ubuntu/miniconda/conda-bld/src_cache
Found source in cache: elasticsearch-1.6.0.tar.gz
Extracting download
Package: elasticsearch-1.6.0-py27_0
source tree in: /home/ubuntu/miniconda/conda-bld/work/elasticsearch-1.6.0
found egg: /home/ubuntu/miniconda/envs/_build/lib/python2.7/site-packages/elasticsearch-1.6.0-py2.7.egg
number of files: 2
Fixing permissions
Fixing permissions
BUILD END: elasticsearch-1.6.0-py27_0
TEST START: elasticsearch-1.6.0-py27_0
Fetching package metadata: ......
Error: No packages found in current linux-64 channels matching: pylibmc ==1.4.1
