Warning, the following versions were found for elasticsearch-dsl
0.0.4
0.0.4.dev
0.0.3
0.0.2
Using 0.0.4
Use --version to specify a different version.
Using url https://pypi.python.org/packages/source/e/elasticsearch-dsl/elasticsearch-dsl-0.0.4.tar.gz (22 KB) for elasticsearch-dsl.
Downloading elasticsearch-dsl (use --no-download to skip this step)
Using cached download
Unpacking elasticsearch-dsl...
done
working in /tmp/tmpGt0naEconda_skeleton_elasticsearch-dsl-0.0.4.tar.gz
Fetching package metadata: ......
Solving package specifications: .patching file core.py
Hunk #1 succeeded at 168 with fuzz 2 (offset 2 lines).

The following NEW packages will be INSTALLED:

    numpy:  1.9.2-py27_0
    pyyaml: 3.11-py27_0 

Linking packages ...
[                    ]|                                                  |   0%[numpy               ]|                                                  |   0%[pyyaml              ]|#########################                         |  50%[      COMPLETE      ]|##################################################| 100%
Applying patch: '/tmp/tmpGt0naEconda_skeleton_elasticsearch-dsl-0.0.4.tar.gz/pypi-distutils.patch'
Writing recipe for elasticsearch-dsl
Done
