Warning, the following versions were found for elasticsearch
1.5.0
1.4.0
1.3.0
1.2.0
1.1.1
1.1.0
1.0.0
0.4.5
Using 1.5.0
Use --version to specify a different version.
Using url https://pypi.python.org/packages/source/e/elasticsearch/elasticsearch-1.5.0.tar.gz (62 KB) for elasticsearch.
Downloading elasticsearch (use --no-download to skip this step)
Using cached download
Unpacking elasticsearch...
done
working in /tmp/tmppaL2Xhconda_skeleton_elasticsearch-1.5.0.tar.gz
Fetching package metadata: ......
Solving package specifications: .patching file core.py
Hunk #1 succeeded at 168 with fuzz 2 (offset 2 lines).

The following NEW packages will be INSTALLED:

    numpy:  1.9.2-py27_0
    pyyaml: 3.11-py27_0 
    yaml:   0.1.4-0     

Linking packages ...
[                    ]|                                                  |   0%[yaml                ]|                                                  |   0%[numpy               ]|################                                  |  33%[pyyaml              ]|#################################                 |  66%[      COMPLETE      ]|##################################################| 100%
Applying patch: '/tmp/tmppaL2Xhconda_skeleton_elasticsearch-1.5.0.tar.gz/pypi-distutils.patch'
Writing recipe for elasticsearch
Done
