Removing old build directory
Removing old work directory
BUILD START: elasticsearch-curator-3.1.0-py_0
Fetching package metadata: ......
Solving package specifications: .................
Warning: 2 possible package resolutions (only showing differing packages):
	[u'click-4.0-py_0.tar.bz2'],
	[u'click-4.0-py27_0.tar.bz2'],
/home/ubuntu/miniconda/pkgs/click-4.0-py_0/bin/.click-pre-link.sh: line 2: /home/ubuntu/miniconda/envs/_build/bin/python: No such file or directory

The following packages will be downloaded:

    package                    |            build
    ---------------------------|-----------------
    click-4.0                  |             py_0          46 KB

The following NEW packages will be INSTALLED:

    click:         4.0-py_0     
    elasticsearch: 1.6.0-py27_0 
    openssl:       1.0.1k-1     
    pip:           7.0.3-py27_0 
    python:        2.7.10-0     
    readline:      6.2-2        
    setuptools:    17.0-py27_0  
    sqlite:        3.8.4.1-1    
    system:        5.8-2        
    tk:            8.5.18-0     
    urllib3:       1.10.4-py27_0
    zlib:          1.2.8-0      

Fetching packages ...
click-4.0-py_0   0% |                              | ETA:  --:--:--   0.00  B/sclick-4.0-py_0  35% |##########                     | ETA:  0:00:00  35.01 MB/sclick-4.0-py_0  70% |#####################          | ETA:  0:00:00  48.19 MB/sclick-4.0-py_0 100% |###############################| ETA:  0:00:00  52.53 MB/sclick-4.0-py_0 100% |###############################| Time: 0:00:00  41.28 MB/s
Extracting packages ...
[                    ]|                                                  |   0%[click               ]|                                                  |   0%[      COMPLETE      ]|##################################################| 100%
Linking packages ...
[      COMPLETE      ]|                                                  |   0%[openssl             ]|                                                  |   0%[openssl             ]|                                                  |   0%[readline            ]|####                                              |   8%[sqlite              ]|########                                          |  16%[system              ]|############                                      |  25%[tk                  ]|################                                  |  33%[zlib                ]|####################                              |  41%[click               ]|#########################                         |  50%Error: pre-link failed: click-4.0-py_0
