Removing old build directory
Removing old work directory
BUILD START: six-1.9.0-py27_0
Fetching package metadata: ......
Solving package specifications: .+ pip install six
Collecting six
  Downloading http://localhost/packages/3.3/s/six/six-1.9.0-py2.py3-none-any.whl
Installing collected packages: six
Successfully installed six-1.9.0

The following NEW packages will be INSTALLED:

    openssl:    1.0.1k-1    
    pip:        7.0.3-py27_0
    python:     2.7.10-0    
    readline:   6.2-2       
    setuptools: 17.0-py27_0 
    sqlite:     3.8.4.1-1   
    system:     5.8-2       
    tk:         8.5.18-0    
    zlib:       1.2.8-0     

Linking packages ...
[                    ]|                                                  |   0%[openssl             ]|                                                  |   0%[readline            ]|#####                                             |  11%[sqlite              ]|###########                                       |  22%[system              ]|################                                  |  33%[tk                  ]|######################                            |  44%[zlib                ]|###########################                       |  55%[python              ]|#################################                 |  66%[setuptools          ]|######################################            |  77%[pip                 ]|############################################      |  88%[      COMPLETE      ]|##################################################| 100%
Removing old work directory
Copying /home/ubuntu/pypi-conda-builds/six to /home/ubuntu/miniconda/conda-bld/work
Package: six-1.9.0-py27_0
source tree in: /home/ubuntu/miniconda/conda-bld/work
number of files: 8
Fixing permissions
Fixing permissions
BUILD END: six-1.9.0-py27_0
# If you want to upload this package to binstar.org later, type:
#
# $ binstar upload /home/ubuntu/miniconda/conda-bld/linux-64/six-1.9.0-py27_0.tar.bz2
#
# To have conda build upload to binstar automatically, use
# $ conda config --set binstar_upload yes

Error: prefix already exists: /home/ubuntu/miniconda/envs/_pipbuild_
Exception:
Traceback (most recent call last):
  File "/home/ubuntu/miniconda/envs/_pipbuild_/lib/python2.7/site-packages/pip/basecommand.py", line 223, in main
    status = self.run(options, args)
  File "/home/ubuntu/miniconda/envs/_pipbuild_/lib/python2.7/site-packages/pip/commands/install.py", line 268, in run
    wheel_cache
  File "/home/ubuntu/miniconda/envs/_pipbuild_/lib/python2.7/site-packages/pip/basecommand.py", line 268, in populate_requirement_set
    wheel_cache=wheel_cache
  File "/home/ubuntu/miniconda/envs/_pipbuild_/lib/python2.7/site-packages/pip/req/req_install.py", line 207, in from_line
    wheel_cache=wheel_cache)
  File "/home/ubuntu/miniconda/envs/_pipbuild_/lib/python2.7/site-packages/pip/req/req_install.py", line 66, in __init__
    req = pkg_resources.Requirement.parse(req)
  File "/home/ubuntu/miniconda/envs/_pipbuild_/lib/python2.7/site-packages/pip/_vendor/pkg_resources/__init__.py", line 2960, in parse
    reqs = list(parse_requirements(s))
  File "/home/ubuntu/miniconda/envs/_pipbuild_/lib/python2.7/site-packages/pip/_vendor/pkg_resources/__init__.py", line 2904, in parse_requirements
    "version spec")
  File "/home/ubuntu/miniconda/envs/_pipbuild_/lib/python2.7/site-packages/pip/_vendor/pkg_resources/__init__.py", line 2869, in scan_list
    raise ValueError(msg, line, "at", line[p:])
ValueError: ('Expected version spec in', 'six==>=1.5', 'at', '==>=1.5')

Package search: {'_pypi_ordering': False, 'version': '0.0.4', 'name': 'elasticsearch-dsl', 'summary': 'Python client for Elasticsearch'}
Creating standard recipe for elasticsearch-dsl-0.0.4
Converting recipe in /home/ubuntu/pypi-conda-builds/elasticsearch-dsl
package = elasticsearch-dsl
   dependencies = [u'six', u'python-dateutil', u'elasticsearch >=1.0.0']
Creating standard recipe for six
Converting recipe in /home/ubuntu/pypi-conda-builds/six
package = six
   dependencies = []
Building conda package for six
Creating standard recipe for python-dateutil
Converting recipe in /home/ubuntu/pypi-conda-builds/python-dateutil
package = python-dateutil
   dependencies = [u'six >=1.5']
Creating standard recipe for six->=1.5
Error: Version >=1.5 of six is not available on PyPI.

conda create -n _pipbuild_ --yes python pip
/home/ubuntu/miniconda/envs/_pipbuild_/bin/pip install six==>=1.5
Error: Could not pip install six==>=1.5
