Warning, the following versions were found for eliot
0.7.1
0.6.0
0.5.0
0.4.0
0.3.0
Using 0.7.1
Use --version to specify a different version.
Using url https://pypi.python.org/packages/source/e/eliot/eliot-0.7.1.tar.gz (89 KB) for eliot.
Downloading eliot (use --no-download to skip this step)
Using cached download
Unpacking eliot...
done
working in /tmp/tmpULr4Kfconda_skeleton_eliot-0.7.1.tar.gz
Fetching package metadata: ......
Solving package specifications: .patching file core.py
Hunk #1 succeeded at 168 with fuzz 2 (offset 2 lines).
Traceback (most recent call last):
  File "setup.py", line 1, in <module>
    from setuptools import setup
ImportError: No module named setuptools

Applying patch: '/tmp/tmpULr4Kfconda_skeleton_eliot-0.7.1.tar.gz/pypi-distutils.patch'
$PYTHONPATH = /tmp/tmpULr4Kfconda_skeleton_eliot-0.7.1.tar.gz/eliot-0.7.1
Error: command failed: /home/ubuntu/miniconda/envs/_build/bin/python setup.py install
