Package search: {'_pypi_ordering': False, 'version': '0.14.0', 'name': 'eventlet', 'summary': 'Highly concurrent networking library'}
Fetching package metadata: ....
Removing old build directory
Removing old work directory
BUILD START: eventlet-0.17.4-py27_0
Fetching package metadata: ......
Solving package specifications: .+ pip install eventlet
Collecting eventlet
  Downloading http://localhost/packages/3.4/e/eventlet/eventlet-0.17.4-py2.py3-none-any.whl (136kB)
Requirement already satisfied (use --upgrade to upgrade): greenlet>=0.3 in /home/ubuntu/miniconda/envs/_build/lib/python2.7/site-packages (from eventlet)
Installing collected packages: eventlet
Successfully installed eventlet-0.17.4

The following NEW packages will be INSTALLED:

    greenlet:   0.4.7-py27_0
    openssl:    1.0.1k-1    
    pip:        7.0.3-py27_0
    python:     2.7.10-0    
    readline:   6.2-2       
    setuptools: 17.0-py27_0 
    sqlite:     3.8.4.1-1   
    system:     5.8-2       
    tk:         8.5.18-0    
    zlib:       1.2.8-0     

Linking packages ...
[                    ]|                                                  |   0%[openssl             ]|                                                  |   0%[readline            ]|#####                                             |  10%[sqlite              ]|##########                                        |  20%[system              ]|###############                                   |  30%[tk                  ]|####################                              |  40%[zlib                ]|#########################                         |  50%[greenlet            ]|##############################                    |  60%[python              ]|###################################               |  70%[setuptools          ]|########################################          |  80%[pip                 ]|#############################################     |  90%[      COMPLETE      ]|##################################################| 100%
Removing old work directory
Copying /home/ubuntu/pypi-conda-builds/eventlet to /home/ubuntu/miniconda/conda-bld/work
Package: eventlet-0.17.4-py27_0
source tree in: /home/ubuntu/miniconda/conda-bld/work
number of files: 164
Fixing permissions
Fixing permissions
BUILD END: eventlet-0.17.4-py27_0
# If you want to upload this package to binstar.org later, type:
#
# $ binstar upload /home/ubuntu/miniconda/conda-bld/linux-64/eventlet-0.17.4-py27_0.tar.bz2
#
# To have conda build upload to binstar automatically, use
# $ conda config --set binstar_upload yes

Creating standard recipe for eventlet-0.17.4
Converting recipe in /home/ubuntu/pypi-conda-builds/eventlet
package = eventlet
   dependencies = [u'greenlet >=0.3']
Building conda package for eventlet
