Warning, the following versions were found for eventlet
0.17.4
0.17.3
0.16.1
0.15.2
0.14.0
Using 0.17.4
Use --version to specify a different version.
Using url https://pypi.python.org/packages/source/e/eventlet/eventlet-0.17.4.tar.gz (278 KB) for eventlet.
Downloading eventlet (use --no-download to skip this step)
Using cached download
Unpacking eventlet...
done
working in /tmp/tmpdwm4Byconda_skeleton_eventlet-0.17.4.tar.gz
Fetching package metadata: ......
Solving package specifications: .patching file core.py
Hunk #1 succeeded at 168 with fuzz 2 (offset 2 lines).

Applying patch: '/tmp/tmpdwm4Byconda_skeleton_eventlet-0.17.4.tar.gz/pypi-distutils.patch'
Writing recipe for eventlet
Done
