Warning, the following versions were found for extras
0.0.3
0.0.2
0.0.1
Using 0.0.3
Use --version to specify a different version.
Using url https://pypi.python.org/packages/source/e/extras/extras-0.0.3.tar.gz (6 KB) for extras.
Downloading extras (use --no-download to skip this step)
Using cached download
Unpacking extras...
done
working in /tmp/tmpj7xHQAconda_skeleton_extras-0.0.3.tar.gz
Fetching package metadata: ......
Solving package specifications: .patching file core.py
Hunk #1 succeeded at 168 with fuzz 2 (offset 2 lines).
Traceback (most recent call last):
  File "setup.py", line 4, in <module>
    from setuptools import setup
ImportError: No module named setuptools

Applying patch: '/tmp/tmpj7xHQAconda_skeleton_extras-0.0.3.tar.gz/pypi-distutils.patch'
$PYTHONPATH = /tmp/tmpj7xHQAconda_skeleton_extras-0.0.3.tar.gz/extras-0.0.3
Error: command failed: /home/ubuntu/miniconda/envs/_build/bin/python setup.py install
