fabric not found, trying Fabric
0
Warning, the following versions were found for Fabric
1.10.1
1.10.0
1.9.2
1.9.1
1.9.0
1.8.5
1.8.4
1.8.3
1.8.2
1.8.1
1.8.0
1.7.5
1.7.4
1.7.3
1.7.2
1.7.1
1.7.0
1.6.4
1.6.2
1.6.1
1.6.0
1.5.5
1.5.4
1.5.3
1.5.2
1.5.1
1.5.0
1.4.4
1.4.3
1.4.2
1.4.1
1.4.0
1.3.8
1.3.7
1.3.6
1.3.5
1.3.4
1.3.3
1.3.2
1.3.1
1.3.0
1.2.6
1.2.5
1.2.4
1.2.3
1.2.2
1.2.1
1.2.0
1.1.8
1.1.7
1.1.6
1.1.5
1.1.4
1.1.3
1.1.2
1.1.1
1.1.0
1.0.5
1.0.4
1.0.3
1.0.2
1.0.1
1.0.0
0.9.7
0.9.6
0.9.5
0.9.4
0.9.3
0.9.2
0.9.1
0.9.0
Using 1.10.1
Use --version to specify a different version.
Using url https://pypi.python.org/packages/source/F/Fabric/Fabric-1.10.1.tar.gz (205 KB) for Fabric.
Downloading Fabric (use --no-download to skip this step)
Using cached download
Unpacking Fabric...
done
working in /tmp/tmpDoUcHEconda_skeleton_Fabric-1.10.1.tar.gz
Fetching package metadata: ......
Solving package specifications: .patching file core.py
Hunk #1 succeeded at 168 with fuzz 2 (offset 2 lines).

The following NEW packages will be INSTALLED:

    numpy:      1.9.2-py27_0
    openssl:    1.0.1k-1    
    pip:        6.1.1-py27_0
    python:     2.7.9-3     
    pyyaml:     3.11-py27_0 
    readline:   6.2-2       
    setuptools: 16.0-py27_0 
    sqlite:     3.8.4.1-1   
    system:     5.8-2       
    tk:         8.5.18-0    
    yaml:       0.1.4-0     
    zlib:       1.2.8-0     

Linking packages ...
[                    ]|                                                  |   0%[openssl             ]|                                                  |   0%[readline            ]|####                                              |   8%[sqlite              ]|########                                          |  16%[system              ]|############                                      |  25%[tk                  ]|################                                  |  33%[yaml                ]|####################                              |  41%[zlib                ]|#########################                         |  50%[numpy               ]|#############################                     |  58%[python              ]|#################################                 |  66%[pyyaml              ]|#####################################             |  75%[setuptools          ]|#########################################         |  83%[pip                 ]|#############################################     |  91%[      COMPLETE      ]|##################################################| 100%
Applying patch: '/tmp/tmpDoUcHEconda_skeleton_Fabric-1.10.1.tar.gz/pypi-distutils.patch'
Writing recipe for fabric
Done
