Package search: {'_pypi_ordering': False, 'version': '0.9.0', 'name': 'Fabric', 'summary': 'Fabric is a simple, Pythonic tool for remote execution and deployment.'}
Fetching package metadata: ....
Removing old build directory
Removing old work directory
BUILD START: fabric-1.10.1-py27_0
Fetching package metadata: ......
Solving package specifications: .............+ pip install Fabric
Collecting Fabric
  Downloading http://localhost/packages/source/F/Fabric/Fabric-1.10.1.tar.gz (209kB)
Requirement already satisfied (use --upgrade to upgrade): paramiko>=1.10 in /home/ubuntu/miniconda/envs/_build/lib/python2.7/site-packages/paramiko-1.15.2-py2.7.egg (from Fabric)
Requirement already satisfied (use --upgrade to upgrade): pycrypto!=2.4,>=2.1 in /home/ubuntu/miniconda/envs/_build/lib/python2.7/site-packages (from paramiko>=1.10->Fabric)
Requirement already satisfied (use --upgrade to upgrade): ecdsa>=0.11 in /home/ubuntu/miniconda/envs/_build/lib/python2.7/site-packages/ecdsa-0.13-py2.7.egg (from paramiko>=1.10->Fabric)
Installing collected packages: Fabric
  Running setup.py install for Fabric
Successfully installed Fabric-1.10.1

The following NEW packages will be INSTALLED:

    ecdsa:      0.13-py27_0  
    openssl:    1.0.1k-1     
    paramiko:   1.15.2-py27_0
    pip:        7.0.3-py27_0 
    pycrypto:   2.6.1-py27_0 
    python:     2.7.10-0     
    readline:   6.2-2        
    setuptools: 17.0-py27_0  
    sqlite:     3.8.4.1-1    
    system:     5.8-2        
    tk:         8.5.18-0     
    zlib:       1.2.8-0      

Linking packages ...
[                    ]|                                                  |   0%[openssl             ]|                                                  |   0%[readline            ]|####                                              |   8%[sqlite              ]|########                                          |  16%[system              ]|############                                      |  25%[tk                  ]|################                                  |  33%[zlib                ]|####################                              |  41%[ecdsa               ]|#########################                         |  50%[pycrypto            ]|#############################                     |  58%[paramiko            ]|#################################                 |  66%[python              ]|#####################################             |  75%[setuptools          ]|#########################################         |  83%[pip                 ]|#############################################     |  91%[      COMPLETE      ]|##################################################| 100%
Removing old work directory
Copying /home/ubuntu/pypi-conda-builds/fabric to /home/ubuntu/miniconda/conda-bld/work
Package: fabric-1.10.1-py27_0
source tree in: /home/ubuntu/miniconda/conda-bld/work
number of files: 66
Fixing permissions
Detected hard-coded path in text file bin/fab
Fixing permissions
BUILD END: fabric-1.10.1-py27_0
# If you want to upload this package to binstar.org later, type:
#
# $ binstar upload /home/ubuntu/miniconda/conda-bld/linux-64/fabric-1.10.1-py27_0.tar.bz2
#
# To have conda build upload to binstar automatically, use
# $ conda config --set binstar_upload yes

Creating standard recipe for fabric-1.10.1
Converting recipe in /home/ubuntu/pypi-conda-builds/fabric
package = Fabric
   dependencies = [u'paramiko >=1.10']
Building conda package for fabric
