Warning, the following versions were found for facebook-sdk
0.4.0
0.3.2
0.3.1
0.3.0
0.2.0
Using 0.4.0
Use --version to specify a different version.
Using url https://pypi.python.org/packages/source/f/facebook-sdk/facebook-sdk-0.4.0.tar.gz (14 KB) for facebook-sdk.
Downloading facebook-sdk (use --no-download to skip this step)
Using cached download
Unpacking facebook-sdk...
done
working in /tmp/tmpHkhpuMconda_skeleton_facebook-sdk-0.4.0.tar.gz
Fetching package metadata: ......
Solving package specifications: .patching file core.py
Hunk #1 succeeded at 168 with fuzz 2 (offset 2 lines).

Applying patch: '/tmp/tmpHkhpuMconda_skeleton_facebook-sdk-0.4.0.tar.gz/pypi-distutils.patch'
Writing recipe for facebook-sdk
Done
