Package search: {'_pypi_ordering': False, 'version': '2.5.2', 'name': 'factory_boy', 'summary': "A versatile test fixtures replacement based on thoughtbot's factory_girl for Ruby."}
Fetching package metadata: ....
Removing old build directory
Removing old work directory
BUILD START: factory_boy-2.5.2-py27_0
Fetching package metadata: ......
Solving package specifications: .+ pip install factory_boy
Collecting factory-boy
  Downloading http://localhost/packages/2.7/f/factory_boy/factory_boy-2.5.2-py2.py3-none-any.whl
Installing collected packages: factory-boy
Successfully installed factory-boy-2.5.2

The following NEW packages will be INSTALLED:

    openssl:    1.0.1k-1    
    pip:        7.0.3-py27_0
    python:     2.7.10-0    
    readline:   6.2-2       
    setuptools: 17.0-py27_0 
    sqlite:     3.8.4.1-1   
    system:     5.8-2       
    tk:         8.5.18-0    
    zlib:       1.2.8-0     

Linking packages ...
[                    ]|                                                  |   0%[openssl             ]|                                                  |   0%[readline            ]|#####                                             |  11%[sqlite              ]|###########                                       |  22%[system              ]|################                                  |  33%[tk                  ]|######################                            |  44%[zlib                ]|###########################                       |  55%[python              ]|#################################                 |  66%[setuptools          ]|######################################            |  77%[pip                 ]|############################################      |  88%[      COMPLETE      ]|##################################################| 100%
Removing old work directory
Copying /home/ubuntu/pypi-conda-builds/factory_boy to /home/ubuntu/miniconda/conda-bld/work
Package: factory_boy-2.5.2-py27_0
source tree in: /home/ubuntu/miniconda/conda-bld/work
number of files: 30
Fixing permissions
Fixing permissions
BUILD END: factory_boy-2.5.2-py27_0
# If you want to upload this package to binstar.org later, type:
#
# $ binstar upload /home/ubuntu/miniconda/conda-bld/linux-64/factory_boy-2.5.2-py27_0.tar.bz2
#
# To have conda build upload to binstar automatically, use
# $ conda config --set binstar_upload yes

Creating standard recipe for factory_boy-2.5.2
Converting recipe in /home/ubuntu/pypi-conda-builds/factory_boy
package = factory_boy
   dependencies = []
Building conda package for factory_boy
