Warning, the following versions were found for fakeredis
0.6.1
0.6.0
0.5.1
0.5.0
0.4.3
0.4.2
0.4.1
0.4.0
0.3.1
0.3.0
0.2.0
0.1.1
0.1
Using 0.6.1
Use --version to specify a different version.
Using url https://pypi.python.org/packages/source/f/fakeredis/fakeredis-0.6.1.tar.gz (16 KB) for fakeredis.
Downloading fakeredis (use --no-download to skip this step)
Using cached download
Unpacking fakeredis...
done
working in /tmp/tmpifGOjZconda_skeleton_fakeredis-0.6.1.tar.gz
Fetching package metadata: ......
Solving package specifications: .patching file core.py
Hunk #1 succeeded at 168 with fuzz 2 (offset 2 lines).
Traceback (most recent call last):
  File "setup.py", line 3, in <module>
    from setuptools import setup, find_packages
ImportError: No module named setuptools

Applying patch: '/tmp/tmpifGOjZconda_skeleton_fakeredis-0.6.1.tar.gz/pypi-distutils.patch'
$PYTHONPATH = /tmp/tmpifGOjZconda_skeleton_fakeredis-0.6.1.tar.gz/fakeredis-0.6.1
Error: command failed: /home/ubuntu/miniconda/envs/_build/bin/python setup.py install
