Removing old build directory
Removing old work directory
BUILD START: fake-factory-0.5.2-py27_0
Fetching package metadata: ......
Solving package specifications: .+ /home/ubuntu/miniconda/envs/_build/bin/python setup.py install
running install
running bdist_egg
running egg_info
writing fake_factory.egg-info/PKG-INFO
writing top-level names to fake_factory.egg-info/top_level.txt
writing dependency_links to fake_factory.egg-info/dependency_links.txt
reading manifest file 'fake_factory.egg-info/SOURCES.txt'
reading manifest template 'MANIFEST.in'
warning: no files found matching '*.md'
writing manifest file 'fake_factory.egg-info/SOURCES.txt'
installing library code to build/bdist.linux-x86_64/egg
running install_lib
running build_py
creating build
creating build/lib
creating build/lib/faker
copying faker/__main__.py -> build/lib/faker
copying faker/generator.py -> build/lib/faker
copying faker/config.py -> build/lib/faker
copying faker/factory.py -> build/lib/faker
copying faker/build_docs.py -> build/lib/faker
copying faker/cli.py -> build/lib/faker
copying faker/__init__.py -> build/lib/faker
copying faker/documentor.py -> build/lib/faker
creating build/lib/faker/shims
copying faker/shims/counter.py -> build/lib/faker/shims
copying faker/shims/__init__.py -> build/lib/faker/shims
creating build/lib/faker/utils
copying faker/utils/loading.py -> build/lib/faker/utils
copying faker/utils/datasets.py -> build/lib/faker/utils
copying faker/utils/datetime_safe.py -> build/lib/faker/utils
copying faker/utils/text.py -> build/lib/faker/utils
copying faker/utils/__init__.py -> build/lib/faker/utils
copying faker/utils/distribution.py -> build/lib/faker/utils
copying faker/utils/decorators.py -> build/lib/faker/utils
creating build/lib/faker/providers
copying faker/providers/__init__.py -> build/lib/faker/providers
creating build/lib/faker/providers/internet
copying faker/providers/internet/__init__.py -> build/lib/faker/providers/internet
creating build/lib/faker/providers/user_agent
copying faker/providers/user_agent/__init__.py -> build/lib/faker/providers/user_agent
creating build/lib/faker/providers/company
copying faker/providers/company/__init__.py -> build/lib/faker/providers/company
creating build/lib/faker/providers/currency
copying faker/providers/currency/__init__.py -> build/lib/faker/providers/currency
creating build/lib/faker/providers/person
copying faker/providers/person/__init__.py -> build/lib/faker/providers/person
creating build/lib/faker/providers/credit_card
copying faker/providers/credit_card/__init__.py -> build/lib/faker/providers/credit_card
creating build/lib/faker/providers/color
copying faker/providers/color/__init__.py -> build/lib/faker/providers/color
creating build/lib/faker/providers/date_time
copying faker/providers/date_time/__init__.py -> build/lib/faker/providers/date_time
creating build/lib/faker/providers/file
copying faker/providers/file/__init__.py -> build/lib/faker/providers/file
creating build/lib/faker/providers/profile
copying faker/providers/profile/__init__.py -> build/lib/faker/providers/profile
creating build/lib/faker/providers/phone_number
copying faker/providers/phone_number/__init__.py -> build/lib/faker/providers/phone_number
creating build/lib/faker/providers/python
copying faker/providers/python/__init__.py -> build/lib/faker/providers/python
creating build/lib/faker/providers/barcode
copying faker/providers/barcode/__init__.py -> build/lib/faker/providers/barcode
creating build/lib/faker/providers/misc
copying faker/providers/misc/__init__.py -> build/lib/faker/providers/misc
creating build/lib/faker/providers/job
copying faker/providers/job/__init__.py -> build/lib/faker/providers/job
creating build/lib/faker/providers/address
copying faker/providers/address/__init__.py -> build/lib/faker/providers/address
creating build/lib/faker/providers/lorem
copying faker/providers/lorem/__init__.py -> build/lib/faker/providers/lorem
creating build/lib/faker/providers/ssn
copying faker/providers/ssn/__init__.py -> build/lib/faker/providers/ssn
creating build/lib/faker/providers/internet/en_US
copying faker/providers/internet/en_US/__init__.py -> build/lib/faker/providers/internet/en_US
creating build/lib/faker/providers/internet/sl_SI
copying faker/providers/internet/sl_SI/__init__.py -> build/lib/faker/providers/internet/sl_SI
creating build/lib/faker/providers/internet/ko_KR
copying faker/providers/internet/ko_KR/__init__.py -> build/lib/faker/providers/internet/ko_KR
creating build/lib/faker/providers/internet/el_GR
copying faker/providers/internet/el_GR/__init__.py -> build/lib/faker/providers/internet/el_GR
creating build/lib/faker/providers/internet/fi_FI
copying faker/providers/internet/fi_FI/__init__.py -> build/lib/faker/providers/internet/fi_FI
creating build/lib/faker/providers/internet/de_AT
copying faker/providers/internet/de_AT/__init__.py -> build/lib/faker/providers/internet/de_AT
creating build/lib/faker/providers/internet/pt_PT
copying faker/providers/internet/pt_PT/__init__.py -> build/lib/faker/providers/internet/pt_PT
creating build/lib/faker/providers/internet/bg_BG
copying faker/providers/internet/bg_BG/__init__.py -> build/lib/faker/providers/internet/bg_BG
creating build/lib/faker/providers/internet/sk_SK
copying faker/providers/internet/sk_SK/__init__.py -> build/lib/faker/providers/internet/sk_SK
creating build/lib/faker/providers/internet/no_NO
copying faker/providers/internet/no_NO/__init__.py -> build/lib/faker/providers/internet/no_NO
creating build/lib/faker/providers/internet/sv_SE
copying faker/providers/internet/sv_SE/__init__.py -> build/lib/faker/providers/internet/sv_SE
creating build/lib/faker/providers/internet/de_DE
copying faker/providers/internet/de_DE/__init__.py -> build/lib/faker/providers/internet/de_DE
creating build/lib/faker/providers/internet/cs_CZ
copying faker/providers/internet/cs_CZ/__init__.py -> build/lib/faker/providers/internet/cs_CZ
creating build/lib/faker/providers/internet/fr_FR
copying faker/providers/internet/fr_FR/__init__.py -> build/lib/faker/providers/internet/fr_FR
creating build/lib/faker/providers/internet/pt_BR
copying faker/providers/internet/pt_BR/__init__.py -> build/lib/faker/providers/internet/pt_BR
creating build/lib/faker/providers/user_agent/en_US
copying faker/providers/user_agent/en_US/__init__.py -> build/lib/faker/providers/user_agent/en_US
creating build/lib/faker/providers/company/es_MX
copying faker/providers/company/es_MX/__init__.py -> build/lib/faker/providers/company/es_MX
creating build/lib/faker/providers/company/zh_TW
copying faker/providers/company/zh_TW/__init__.py -> build/lib/faker/providers/company/zh_TW
creating build/lib/faker/providers/company/it_IT
copying faker/providers/company/it_IT/__init__.py -> build/lib/faker/providers/company/it_IT
creating build/lib/faker/providers/company/en_US
copying faker/providers/company/en_US/__init__.py -> build/lib/faker/providers/company/en_US
creating build/lib/faker/providers/company/sl_SI
copying faker/providers/company/sl_SI/__init__.py -> build/lib/faker/providers/company/sl_SI
creating build/lib/faker/providers/company/ja_JP
copying faker/providers/company/ja_JP/__init__.py -> build/lib/faker/providers/company/ja_JP
creating build/lib/faker/providers/company/ko_KR
copying faker/providers/company/ko_KR/__init__.py -> build/lib/faker/providers/company/ko_KR
creating build/lib/faker/providers/company/zh_CN
copying faker/providers/company/zh_CN/__init__.py -> build/lib/faker/providers/company/zh_CN
creating build/lib/faker/providers/company/fi_FI
copying faker/providers/company/fi_FI/__init__.py -> build/lib/faker/providers/company/fi_FI
creating build/lib/faker/providers/company/pt_PT
copying faker/providers/company/pt_PT/__init__.py -> build/lib/faker/providers/company/pt_PT
creating build/lib/faker/providers/company/bg_BG
copying faker/providers/company/bg_BG/__init__.py -> build/lib/faker/providers/company/bg_BG
creating build/lib/faker/providers/company/sk_SK
copying faker/providers/company/sk_SK/__init__.py -> build/lib/faker/providers/company/sk_SK
creating build/lib/faker/providers/company/no_NO
copying faker/providers/company/no_NO/__init__.py -> build/lib/faker/providers/company/no_NO
creating build/lib/faker/providers/company/sv_SE
copying faker/providers/company/sv_SE/__init__.py -> build/lib/faker/providers/company/sv_SE
creating build/lib/faker/providers/company/de_DE
copying faker/providers/company/de_DE/__init__.py -> build/lib/faker/providers/company/de_DE
creating build/lib/faker/providers/company/cs_CZ
copying faker/providers/company/cs_CZ/__init__.py -> build/lib/faker/providers/company/cs_CZ
creating build/lib/faker/providers/company/fr_FR
copying faker/providers/company/fr_FR/__init__.py -> build/lib/faker/providers/company/fr_FR
creating build/lib/faker/providers/company/pt_BR
copying faker/providers/company/pt_BR/__init__.py -> build/lib/faker/providers/company/pt_BR
creating build/lib/faker/providers/currency/en_US
copying faker/providers/currency/en_US/__init__.py -> build/lib/faker/providers/currency/en_US
creating build/lib/faker/providers/person/pl_PL
copying faker/providers/person/pl_PL/__init__.py -> build/lib/faker/providers/person/pl_PL
creating build/lib/faker/providers/person/es_MX
copying faker/providers/person/es_MX/__init__.py -> build/lib/faker/providers/person/es_MX
creating build/lib/faker/providers/person/zh_TW
copying faker/providers/person/zh_TW/__init__.py -> build/lib/faker/providers/person/zh_TW
creating build/lib/faker/providers/person/it_IT
copying faker/providers/person/it_IT/__init__.py -> build/lib/faker/providers/person/it_IT
creating build/lib/faker/providers/person/nl_NL
copying faker/providers/person/nl_NL/__init__.py -> build/lib/faker/providers/person/nl_NL
creating build/lib/faker/providers/person/en_US
copying faker/providers/person/en_US/__init__.py -> build/lib/faker/providers/person/en_US
creating build/lib/faker/providers/person/sl_SI
copying faker/providers/person/sl_SI/__init__.py -> build/lib/faker/providers/person/sl_SI
creating build/lib/faker/providers/person/ja_JP
copying faker/providers/person/ja_JP/__init__.py -> build/lib/faker/providers/person/ja_JP
creating build/lib/faker/providers/person/ko_KR
copying faker/providers/person/ko_KR/__init__.py -> build/lib/faker/providers/person/ko_KR
creating build/lib/faker/providers/person/uk_UA
copying faker/providers/person/uk_UA/__init__.py -> build/lib/faker/providers/person/uk_UA
creating build/lib/faker/providers/person/hi_IN
copying faker/providers/person/hi_IN/__init__.py -> build/lib/faker/providers/person/hi_IN
creating build/lib/faker/providers/person/dk_DK
copying faker/providers/person/dk_DK/__init__.py -> build/lib/faker/providers/person/dk_DK
creating build/lib/faker/providers/person/lv_LV
copying faker/providers/person/lv_LV/__init__.py -> build/lib/faker/providers/person/lv_LV
creating build/lib/faker/providers/person/zh_CN
copying faker/providers/person/zh_CN/__init__.py -> build/lib/faker/providers/person/zh_CN
creating build/lib/faker/providers/person/el_GR
copying faker/providers/person/el_GR/__init__.py -> build/lib/faker/providers/person/el_GR
creating build/lib/faker/providers/person/fi_FI
copying faker/providers/person/fi_FI/__init__.py -> build/lib/faker/providers/person/fi_FI
creating build/lib/faker/providers/person/tr_TR
copying faker/providers/person/tr_TR/__init__.py -> build/lib/faker/providers/person/tr_TR
creating build/lib/faker/providers/person/de_AT
copying faker/providers/person/de_AT/__init__.py -> build/lib/faker/providers/person/de_AT
creating build/lib/faker/providers/person/es_ES
copying faker/providers/person/es_ES/__init__.py -> build/lib/faker/providers/person/es_ES
creating build/lib/faker/providers/person/pt_PT
copying faker/providers/person/pt_PT/__init__.py -> build/lib/faker/providers/person/pt_PT
creating build/lib/faker/providers/person/fa_IR
copying faker/providers/person/fa_IR/__init__.py -> build/lib/faker/providers/person/fa_IR
creating build/lib/faker/providers/person/en
copying faker/providers/person/en/__init__.py -> build/lib/faker/providers/person/en
creating build/lib/faker/providers/person/lt_LT
copying faker/providers/person/lt_LT/__init__.py -> build/lib/faker/providers/person/lt_LT
creating build/lib/faker/providers/person/bg_BG
copying faker/providers/person/bg_BG/__init__.py -> build/lib/faker/providers/person/bg_BG
creating build/lib/faker/providers/person/no_NO
copying faker/providers/person/no_NO/__init__.py -> build/lib/faker/providers/person/no_NO
creating build/lib/faker/providers/person/sv_SE
copying faker/providers/person/sv_SE/__init__.py -> build/lib/faker/providers/person/sv_SE
creating build/lib/faker/providers/person/ne_NP
copying faker/providers/person/ne_NP/__init__.py -> build/lib/faker/providers/person/ne_NP
creating build/lib/faker/providers/person/de_DE
copying faker/providers/person/de_DE/__init__.py -> build/lib/faker/providers/person/de_DE
creating build/lib/faker/providers/person/cs_CZ
copying faker/providers/person/cs_CZ/__init__.py -> build/lib/faker/providers/person/cs_CZ
creating build/lib/faker/providers/person/ru_RU
copying faker/providers/person/ru_RU/__init__.py -> build/lib/faker/providers/person/ru_RU
creating build/lib/faker/providers/person/fr_FR
copying faker/providers/person/fr_FR/__init__.py -> build/lib/faker/providers/person/fr_FR
creating build/lib/faker/providers/person/pt_BR
copying faker/providers/person/pt_BR/__init__.py -> build/lib/faker/providers/person/pt_BR
creating build/lib/faker/providers/credit_card/en_US
copying faker/providers/credit_card/en_US/__init__.py -> build/lib/faker/providers/credit_card/en_US
creating build/lib/faker/providers/color/en_US
copying faker/providers/color/en_US/__init__.py -> build/lib/faker/providers/color/en_US
creating build/lib/faker/providers/date_time/en_US
copying faker/providers/date_time/en_US/__init__.py -> build/lib/faker/providers/date_time/en_US
creating build/lib/faker/providers/file/en_US
copying faker/providers/file/en_US/__init__.py -> build/lib/faker/providers/file/en_US
creating build/lib/faker/providers/profile/en_US
copying faker/providers/profile/en_US/__init__.py -> build/lib/faker/providers/profile/en_US
creating build/lib/faker/providers/phone_number/pl_PL
copying faker/providers/phone_number/pl_PL/__init__.py -> build/lib/faker/providers/phone_number/pl_PL
creating build/lib/faker/providers/phone_number/es_MX
copying faker/providers/phone_number/es_MX/__init__.py -> build/lib/faker/providers/phone_number/es_MX
creating build/lib/faker/providers/phone_number/zh_TW
copying faker/providers/phone_number/zh_TW/__init__.py -> build/lib/faker/providers/phone_number/zh_TW
creating build/lib/faker/providers/phone_number/it_IT
copying faker/providers/phone_number/it_IT/__init__.py -> build/lib/faker/providers/phone_number/it_IT
creating build/lib/faker/providers/phone_number/nl_NL
copying faker/providers/phone_number/nl_NL/__init__.py -> build/lib/faker/providers/phone_number/nl_NL
creating build/lib/faker/providers/phone_number/en_US
copying faker/providers/phone_number/en_US/__init__.py -> build/lib/faker/providers/phone_number/en_US
creating build/lib/faker/providers/phone_number/sl_SI
copying faker/providers/phone_number/sl_SI/__init__.py -> build/lib/faker/providers/phone_number/sl_SI
creating build/lib/faker/providers/phone_number/ja_JP
copying faker/providers/phone_number/ja_JP/__init__.py -> build/lib/faker/providers/phone_number/ja_JP
creating build/lib/faker/providers/phone_number/ko_KR
copying faker/providers/phone_number/ko_KR/__init__.py -> build/lib/faker/providers/phone_number/ko_KR
creating build/lib/faker/providers/phone_number/uk_UA
copying faker/providers/phone_number/uk_UA/__init__.py -> build/lib/faker/providers/phone_number/uk_UA
creating build/lib/faker/providers/phone_number/hi_IN
copying faker/providers/phone_number/hi_IN/__init__.py -> build/lib/faker/providers/phone_number/hi_IN
creating build/lib/faker/providers/phone_number/dk_DK
copying faker/providers/phone_number/dk_DK/__init__.py -> build/lib/faker/providers/phone_number/dk_DK
creating build/lib/faker/providers/phone_number/lv_LV
copying faker/providers/phone_number/lv_LV/__init__.py -> build/lib/faker/providers/phone_number/lv_LV
creating build/lib/faker/providers/phone_number/en_CA
copying faker/providers/phone_number/en_CA/__init__.py -> build/lib/faker/providers/phone_number/en_CA
creating build/lib/faker/providers/phone_number/zh_CN
copying faker/providers/phone_number/zh_CN/__init__.py -> build/lib/faker/providers/phone_number/zh_CN
creating build/lib/faker/providers/phone_number/el_GR
copying faker/providers/phone_number/el_GR/__init__.py -> build/lib/faker/providers/phone_number/el_GR
creating build/lib/faker/providers/phone_number/fi_FI
copying faker/providers/phone_number/fi_FI/__init__.py -> build/lib/faker/providers/phone_number/fi_FI
creating build/lib/faker/providers/phone_number/tr_TR
copying faker/providers/phone_number/tr_TR/__init__.py -> build/lib/faker/providers/phone_number/tr_TR
creating build/lib/faker/providers/phone_number/en_GB
copying faker/providers/phone_number/en_GB/__init__.py -> build/lib/faker/providers/phone_number/en_GB
creating build/lib/faker/providers/phone_number/es_ES
copying faker/providers/phone_number/es_ES/__init__.py -> build/lib/faker/providers/phone_number/es_ES
creating build/lib/faker/providers/phone_number/pt_PT
copying faker/providers/phone_number/pt_PT/__init__.py -> build/lib/faker/providers/phone_number/pt_PT
creating build/lib/faker/providers/phone_number/fa_IR
copying faker/providers/phone_number/fa_IR/__init__.py -> build/lib/faker/providers/phone_number/fa_IR
creating build/lib/faker/providers/phone_number/lt_LT
copying faker/providers/phone_number/lt_LT/__init__.py -> build/lib/faker/providers/phone_number/lt_LT
creating build/lib/faker/providers/phone_number/bg_BG
copying faker/providers/phone_number/bg_BG/__init__.py -> build/lib/faker/providers/phone_number/bg_BG
creating build/lib/faker/providers/phone_number/sk_SK
copying faker/providers/phone_number/sk_SK/__init__.py -> build/lib/faker/providers/phone_number/sk_SK
creating build/lib/faker/providers/phone_number/no_NO
copying faker/providers/phone_number/no_NO/__init__.py -> build/lib/faker/providers/phone_number/no_NO
creating build/lib/faker/providers/phone_number/sv_SE
copying faker/providers/phone_number/sv_SE/__init__.py -> build/lib/faker/providers/phone_number/sv_SE
creating build/lib/faker/providers/phone_number/ne_NP
copying faker/providers/phone_number/ne_NP/__init__.py -> build/lib/faker/providers/phone_number/ne_NP
creating build/lib/faker/providers/phone_number/de_DE
copying faker/providers/phone_number/de_DE/__init__.py -> build/lib/faker/providers/phone_number/de_DE
creating build/lib/faker/providers/phone_number/cs_CZ
copying faker/providers/phone_number/cs_CZ/__init__.py -> build/lib/faker/providers/phone_number/cs_CZ
creating build/lib/faker/providers/phone_number/ru_RU
copying faker/providers/phone_number/ru_RU/__init__.py -> build/lib/faker/providers/phone_number/ru_RU
creating build/lib/faker/providers/phone_number/fr_FR
copying faker/providers/phone_number/fr_FR/__init__.py -> build/lib/faker/providers/phone_number/fr_FR
creating build/lib/faker/providers/phone_number/pt_BR
copying faker/providers/phone_number/pt_BR/__init__.py -> build/lib/faker/providers/phone_number/pt_BR
creating build/lib/faker/providers/python/en_US
copying faker/providers/python/en_US/__init__.py -> build/lib/faker/providers/python/en_US
creating build/lib/faker/providers/barcode/en_US
copying faker/providers/barcode/en_US/__init__.py -> build/lib/faker/providers/barcode/en_US
creating build/lib/faker/providers/misc/en_US
copying faker/providers/misc/en_US/__init__.py -> build/lib/faker/providers/misc/en_US
creating build/lib/faker/providers/job/pl_PL
copying faker/providers/job/pl_PL/__init__.py -> build/lib/faker/providers/job/pl_PL
creating build/lib/faker/providers/job/en_US
copying faker/providers/job/en_US/__init__.py -> build/lib/faker/providers/job/en_US
creating build/lib/faker/providers/job/uk_UA
copying faker/providers/job/uk_UA/__init__.py -> build/lib/faker/providers/job/uk_UA
creating build/lib/faker/providers/job/ru_RU
copying faker/providers/job/ru_RU/__init__.py -> build/lib/faker/providers/job/ru_RU
creating build/lib/faker/providers/address/pl_PL
copying faker/providers/address/pl_PL/__init__.py -> build/lib/faker/providers/address/pl_PL
creating build/lib/faker/providers/address/es_MX
copying faker/providers/address/es_MX/__init__.py -> build/lib/faker/providers/address/es_MX
creating build/lib/faker/providers/address/zh_TW
copying faker/providers/address/zh_TW/__init__.py -> build/lib/faker/providers/address/zh_TW
creating build/lib/faker/providers/address/it_IT
copying faker/providers/address/it_IT/__init__.py -> build/lib/faker/providers/address/it_IT
creating build/lib/faker/providers/address/nl_NL
copying faker/providers/address/nl_NL/__init__.py -> build/lib/faker/providers/address/nl_NL
creating build/lib/faker/providers/address/en_US
copying faker/providers/address/en_US/__init__.py -> build/lib/faker/providers/address/en_US
creating build/lib/faker/providers/address/sl_SI
copying faker/providers/address/sl_SI/__init__.py -> build/lib/faker/providers/address/sl_SI
creating build/lib/faker/providers/address/ja_JP
copying faker/providers/address/ja_JP/__init__.py -> build/lib/faker/providers/address/ja_JP
creating build/lib/faker/providers/address/ko_KR
copying faker/providers/address/ko_KR/__init__.py -> build/lib/faker/providers/address/ko_KR
creating build/lib/faker/providers/address/hi_IN
copying faker/providers/address/hi_IN/__init__.py -> build/lib/faker/providers/address/hi_IN
creating build/lib/faker/providers/address/en_CA
copying faker/providers/address/en_CA/__init__.py -> build/lib/faker/providers/address/en_CA
creating build/lib/faker/providers/address/zh_CN
copying faker/providers/address/zh_CN/__init__.py -> build/lib/faker/providers/address/zh_CN
creating build/lib/faker/providers/address/el_GR
copying faker/providers/address/el_GR/__init__.py -> build/lib/faker/providers/address/el_GR
creating build/lib/faker/providers/address/fi_FI
copying faker/providers/address/fi_FI/__init__.py -> build/lib/faker/providers/address/fi_FI
creating build/lib/faker/providers/address/es
copying faker/providers/address/es/__init__.py -> build/lib/faker/providers/address/es
creating build/lib/faker/providers/address/en_GB
copying faker/providers/address/en_GB/__init__.py -> build/lib/faker/providers/address/en_GB
creating build/lib/faker/providers/address/es_ES
copying faker/providers/address/es_ES/__init__.py -> build/lib/faker/providers/address/es_ES
creating build/lib/faker/providers/address/pt_PT
copying faker/providers/address/pt_PT/__init__.py -> build/lib/faker/providers/address/pt_PT
creating build/lib/faker/providers/address/fa_IR
copying faker/providers/address/fa_IR/__init__.py -> build/lib/faker/providers/address/fa_IR
creating build/lib/faker/providers/address/en
copying faker/providers/address/en/__init__.py -> build/lib/faker/providers/address/en
creating build/lib/faker/providers/address/sk_SK
copying faker/providers/address/sk_SK/__init__.py -> build/lib/faker/providers/address/sk_SK
creating build/lib/faker/providers/address/no_NO
copying faker/providers/address/no_NO/__init__.py -> build/lib/faker/providers/address/no_NO
creating build/lib/faker/providers/address/sv_SE
copying faker/providers/address/sv_SE/__init__.py -> build/lib/faker/providers/address/sv_SE
creating build/lib/faker/providers/address/de_DE
copying faker/providers/address/de_DE/__init__.py -> build/lib/faker/providers/address/de_DE
creating build/lib/faker/providers/address/cs_CZ
copying faker/providers/address/cs_CZ/__init__.py -> build/lib/faker/providers/address/cs_CZ
creating build/lib/faker/providers/address/fr_FR
copying faker/providers/address/fr_FR/__init__.py -> build/lib/faker/providers/address/fr_FR
creating build/lib/faker/providers/address/pt_BR
copying faker/providers/address/pt_BR/__init__.py -> build/lib/faker/providers/address/pt_BR
creating build/lib/faker/providers/lorem/el_GR
copying faker/providers/lorem/el_GR/__init__.py -> build/lib/faker/providers/lorem/el_GR
creating build/lib/faker/providers/lorem/la
copying faker/providers/lorem/la/__init__.py -> build/lib/faker/providers/lorem/la
creating build/lib/faker/providers/lorem/ru_RU
copying faker/providers/lorem/ru_RU/__init__.py -> build/lib/faker/providers/lorem/ru_RU
creating build/lib/faker/providers/ssn/zh_TW
copying faker/providers/ssn/zh_TW/__init__.py -> build/lib/faker/providers/ssn/zh_TW
creating build/lib/faker/providers/ssn/it_IT
copying faker/providers/ssn/it_IT/__init__.py -> build/lib/faker/providers/ssn/it_IT
creating build/lib/faker/providers/ssn/nl_NL
copying faker/providers/ssn/nl_NL/__init__.py -> build/lib/faker/providers/ssn/nl_NL
creating build/lib/faker/providers/ssn/en_US
copying faker/providers/ssn/en_US/__init__.py -> build/lib/faker/providers/ssn/en_US
creating build/lib/faker/providers/ssn/ko_KR
copying faker/providers/ssn/ko_KR/__init__.py -> build/lib/faker/providers/ssn/ko_KR
creating build/lib/faker/providers/ssn/uk_UA
copying faker/providers/ssn/uk_UA/__init__.py -> build/lib/faker/providers/ssn/uk_UA
creating build/lib/faker/providers/ssn/en_CA
copying faker/providers/ssn/en_CA/__init__.py -> build/lib/faker/providers/ssn/en_CA
creating build/lib/faker/providers/ssn/fi_FI
copying faker/providers/ssn/fi_FI/__init__.py -> build/lib/faker/providers/ssn/fi_FI
creating build/lib/faker/providers/ssn/sv_SE
copying faker/providers/ssn/sv_SE/__init__.py -> build/lib/faker/providers/ssn/sv_SE
creating build/bdist.linux-x86_64
creating build/bdist.linux-x86_64/egg
creating build/bdist.linux-x86_64/egg/faker
copying build/lib/faker/__main__.py -> build/bdist.linux-x86_64/egg/faker
creating build/bdist.linux-x86_64/egg/faker/shims
copying build/lib/faker/shims/counter.py -> build/bdist.linux-x86_64/egg/faker/shims
copying build/lib/faker/shims/__init__.py -> build/bdist.linux-x86_64/egg/faker/shims
copying build/lib/faker/generator.py -> build/bdist.linux-x86_64/egg/faker
copying build/lib/faker/config.py -> build/bdist.linux-x86_64/egg/faker
creating build/bdist.linux-x86_64/egg/faker/utils
copying build/lib/faker/utils/loading.py -> build/bdist.linux-x86_64/egg/faker/utils
copying build/lib/faker/utils/datasets.py -> build/bdist.linux-x86_64/egg/faker/utils
copying build/lib/faker/utils/datetime_safe.py -> build/bdist.linux-x86_64/egg/faker/utils
copying build/lib/faker/utils/text.py -> build/bdist.linux-x86_64/egg/faker/utils
copying build/lib/faker/utils/__init__.py -> build/bdist.linux-x86_64/egg/faker/utils
copying build/lib/faker/utils/distribution.py -> build/bdist.linux-x86_64/egg/faker/utils
copying build/lib/faker/utils/decorators.py -> build/bdist.linux-x86_64/egg/faker/utils
copying build/lib/faker/factory.py -> build/bdist.linux-x86_64/egg/faker
copying build/lib/faker/build_docs.py -> build/bdist.linux-x86_64/egg/faker
copying build/lib/faker/cli.py -> build/bdist.linux-x86_64/egg/faker
creating build/bdist.linux-x86_64/egg/faker/providers
creating build/bdist.linux-x86_64/egg/faker/providers/internet
creating build/bdist.linux-x86_64/egg/faker/providers/internet/en_US
copying build/lib/faker/providers/internet/en_US/__init__.py -> build/bdist.linux-x86_64/egg/faker/providers/internet/en_US
creating build/bdist.linux-x86_64/egg/faker/providers/internet/sl_SI
copying build/lib/faker/providers/internet/sl_SI/__init__.py -> build/bdist.linux-x86_64/egg/faker/providers/internet/sl_SI
creating build/bdist.linux-x86_64/egg/faker/providers/internet/ko_KR
copying build/lib/faker/providers/internet/ko_KR/__init__.py -> build/bdist.linux-x86_64/egg/faker/providers/internet/ko_KR
creating build/bdist.linux-x86_64/egg/faker/providers/internet/el_GR
copying build/lib/faker/providers/internet/el_GR/__init__.py -> build/bdist.linux-x86_64/egg/faker/providers/internet/el_GR
creating build/bdist.linux-x86_64/egg/faker/providers/internet/fi_FI
copying build/lib/faker/providers/internet/fi_FI/__init__.py -> build/bdist.linux-x86_64/egg/faker/providers/internet/fi_FI
creating build/bdist.linux-x86_64/egg/faker/providers/internet/de_AT
copying build/lib/faker/providers/internet/de_AT/__init__.py -> build/bdist.linux-x86_64/egg/faker/providers/internet/de_AT
creating build/bdist.linux-x86_64/egg/faker/providers/internet/pt_PT
copying build/lib/faker/providers/internet/pt_PT/__init__.py -> build/bdist.linux-x86_64/egg/faker/providers/internet/pt_PT
creating build/bdist.linux-x86_64/egg/faker/providers/internet/bg_BG
copying build/lib/faker/providers/internet/bg_BG/__init__.py -> build/bdist.linux-x86_64/egg/faker/providers/internet/bg_BG
creating build/bdist.linux-x86_64/egg/faker/providers/internet/sk_SK
copying build/lib/faker/providers/internet/sk_SK/__init__.py -> build/bdist.linux-x86_64/egg/faker/providers/internet/sk_SK
creating build/bdist.linux-x86_64/egg/faker/providers/internet/no_NO
copying build/lib/faker/providers/internet/no_NO/__init__.py -> build/bdist.linux-x86_64/egg/faker/providers/internet/no_NO
creating build/bdist.linux-x86_64/egg/faker/providers/internet/sv_SE
copying build/lib/faker/providers/internet/sv_SE/__init__.py -> build/bdist.linux-x86_64/egg/faker/providers/internet/sv_SE
creating build/bdist.linux-x86_64/egg/faker/providers/internet/de_DE
copying build/lib/faker/providers/internet/de_DE/__init__.py -> build/bdist.linux-x86_64/egg/faker/providers/internet/de_DE
creating build/bdist.linux-x86_64/egg/faker/providers/internet/cs_CZ
copying build/lib/faker/providers/internet/cs_CZ/__init__.py -> build/bdist.linux-x86_64/egg/faker/providers/internet/cs_CZ
copying build/lib/faker/providers/internet/__init__.py -> build/bdist.linux-x86_64/egg/faker/providers/internet
creating build/bdist.linux-x86_64/egg/faker/providers/internet/fr_FR
copying build/lib/faker/providers/internet/fr_FR/__init__.py -> build/bdist.linux-x86_64/egg/faker/providers/internet/fr_FR
creating build/bdist.linux-x86_64/egg/faker/providers/internet/pt_BR
copying build/lib/faker/providers/internet/pt_BR/__init__.py -> build/bdist.linux-x86_64/egg/faker/providers/internet/pt_BR
creating build/bdist.linux-x86_64/egg/faker/providers/user_agent
creating build/bdist.linux-x86_64/egg/faker/providers/user_agent/en_US
copying build/lib/faker/providers/user_agent/en_US/__init__.py -> build/bdist.linux-x86_64/egg/faker/providers/user_agent/en_US
copying build/lib/faker/providers/user_agent/__init__.py -> build/bdist.linux-x86_64/egg/faker/providers/user_agent
creating build/bdist.linux-x86_64/egg/faker/providers/company
creating build/bdist.linux-x86_64/egg/faker/providers/company/es_MX
copying build/lib/faker/providers/company/es_MX/__init__.py -> build/bdist.linux-x86_64/egg/faker/providers/company/es_MX
creating build/bdist.linux-x86_64/egg/faker/providers/company/zh_TW
copying build/lib/faker/providers/company/zh_TW/__init__.py -> build/bdist.linux-x86_64/egg/faker/providers/company/zh_TW
creating build/bdist.linux-x86_64/egg/faker/providers/company/it_IT
copying build/lib/faker/providers/company/it_IT/__init__.py -> build/bdist.linux-x86_64/egg/faker/providers/company/it_IT
creating build/bdist.linux-x86_64/egg/faker/providers/company/en_US
copying build/lib/faker/providers/company/en_US/__init__.py -> build/bdist.linux-x86_64/egg/faker/providers/company/en_US
creating build/bdist.linux-x86_64/egg/faker/providers/company/sl_SI
copying build/lib/faker/providers/company/sl_SI/__init__.py -> build/bdist.linux-x86_64/egg/faker/providers/company/sl_SI
creating build/bdist.linux-x86_64/egg/faker/providers/company/ja_JP
copying build/lib/faker/providers/company/ja_JP/__init__.py -> build/bdist.linux-x86_64/egg/faker/providers/company/ja_JP
creating build/bdist.linux-x86_64/egg/faker/providers/company/ko_KR
copying build/lib/faker/providers/company/ko_KR/__init__.py -> build/bdist.linux-x86_64/egg/faker/providers/company/ko_KR
creating build/bdist.linux-x86_64/egg/faker/providers/company/zh_CN
copying build/lib/faker/providers/company/zh_CN/__init__.py -> build/bdist.linux-x86_64/egg/faker/providers/company/zh_CN
creating build/bdist.linux-x86_64/egg/faker/providers/company/fi_FI
copying build/lib/faker/providers/company/fi_FI/__init__.py -> build/bdist.linux-x86_64/egg/faker/providers/company/fi_FI
creating build/bdist.linux-x86_64/egg/faker/providers/company/pt_PT
copying build/lib/faker/providers/company/pt_PT/__init__.py -> build/bdist.linux-x86_64/egg/faker/providers/company/pt_PT
creating build/bdist.linux-x86_64/egg/faker/providers/company/bg_BG
copying build/lib/faker/providers/company/bg_BG/__init__.py -> build/bdist.linux-x86_64/egg/faker/providers/company/bg_BG
creating build/bdist.linux-x86_64/egg/faker/providers/company/sk_SK
copying build/lib/faker/providers/company/sk_SK/__init__.py -> build/bdist.linux-x86_64/egg/faker/providers/company/sk_SK
creating build/bdist.linux-x86_64/egg/faker/providers/company/no_NO
copying build/lib/faker/providers/company/no_NO/__init__.py -> build/bdist.linux-x86_64/egg/faker/providers/company/no_NO
creating build/bdist.linux-x86_64/egg/faker/providers/company/sv_SE
copying build/lib/faker/providers/company/sv_SE/__init__.py -> build/bdist.linux-x86_64/egg/faker/providers/company/sv_SE
creating build/bdist.linux-x86_64/egg/faker/providers/company/de_DE
copying build/lib/faker/providers/company/de_DE/__init__.py -> build/bdist.linux-x86_64/egg/faker/providers/company/de_DE
creating build/bdist.linux-x86_64/egg/faker/providers/company/cs_CZ
copying build/lib/faker/providers/company/cs_CZ/__init__.py -> build/bdist.linux-x86_64/egg/faker/providers/company/cs_CZ
copying build/lib/faker/providers/company/__init__.py -> build/bdist.linux-x86_64/egg/faker/providers/company
creating build/bdist.linux-x86_64/egg/faker/providers/company/fr_FR
copying build/lib/faker/providers/company/fr_FR/__init__.py -> build/bdist.linux-x86_64/egg/faker/providers/company/fr_FR
creating build/bdist.linux-x86_64/egg/faker/providers/company/pt_BR
copying build/lib/faker/providers/company/pt_BR/__init__.py -> build/bdist.linux-x86_64/egg/faker/providers/company/pt_BR
creating build/bdist.linux-x86_64/egg/faker/providers/currency
creating build/bdist.linux-x86_64/egg/faker/providers/currency/en_US
copying build/lib/faker/providers/currency/en_US/__init__.py -> build/bdist.linux-x86_64/egg/faker/providers/currency/en_US
copying build/lib/faker/providers/currency/__init__.py -> build/bdist.linux-x86_64/egg/faker/providers/currency
creating build/bdist.linux-x86_64/egg/faker/providers/person
creating build/bdist.linux-x86_64/egg/faker/providers/person/pl_PL
copying build/lib/faker/providers/person/pl_PL/__init__.py -> build/bdist.linux-x86_64/egg/faker/providers/person/pl_PL
creating build/bdist.linux-x86_64/egg/faker/providers/person/es_MX
copying build/lib/faker/providers/person/es_MX/__init__.py -> build/bdist.linux-x86_64/egg/faker/providers/person/es_MX
creating build/bdist.linux-x86_64/egg/faker/providers/person/zh_TW
copying build/lib/faker/providers/person/zh_TW/__init__.py -> build/bdist.linux-x86_64/egg/faker/providers/person/zh_TW
creating build/bdist.linux-x86_64/egg/faker/providers/person/it_IT
copying build/lib/faker/providers/person/it_IT/__init__.py -> build/bdist.linux-x86_64/egg/faker/providers/person/it_IT
creating build/bdist.linux-x86_64/egg/faker/providers/person/nl_NL
copying build/lib/faker/providers/person/nl_NL/__init__.py -> build/bdist.linux-x86_64/egg/faker/providers/person/nl_NL
creating build/bdist.linux-x86_64/egg/faker/providers/person/en_US
copying build/lib/faker/providers/person/en_US/__init__.py -> build/bdist.linux-x86_64/egg/faker/providers/person/en_US
creating build/bdist.linux-x86_64/egg/faker/providers/person/sl_SI
copying build/lib/faker/providers/person/sl_SI/__init__.py -> build/bdist.linux-x86_64/egg/faker/providers/person/sl_SI
creating build/bdist.linux-x86_64/egg/faker/providers/person/ja_JP
copying build/lib/faker/providers/person/ja_JP/__init__.py -> build/bdist.linux-x86_64/egg/faker/providers/person/ja_JP
creating build/bdist.linux-x86_64/egg/faker/providers/person/ko_KR
copying build/lib/faker/providers/person/ko_KR/__init__.py -> build/bdist.linux-x86_64/egg/faker/providers/person/ko_KR
creating build/bdist.linux-x86_64/egg/faker/providers/person/uk_UA
copying build/lib/faker/providers/person/uk_UA/__init__.py -> build/bdist.linux-x86_64/egg/faker/providers/person/uk_UA
creating build/bdist.linux-x86_64/egg/faker/providers/person/hi_IN
copying build/lib/faker/providers/person/hi_IN/__init__.py -> build/bdist.linux-x86_64/egg/faker/providers/person/hi_IN
creating build/bdist.linux-x86_64/egg/faker/providers/person/dk_DK
copying build/lib/faker/providers/person/dk_DK/__init__.py -> build/bdist.linux-x86_64/egg/faker/providers/person/dk_DK
creating build/bdist.linux-x86_64/egg/faker/providers/person/lv_LV
copying build/lib/faker/providers/person/lv_LV/__init__.py -> build/bdist.linux-x86_64/egg/faker/providers/person/lv_LV
creating build/bdist.linux-x86_64/egg/faker/providers/person/zh_CN
copying build/lib/faker/providers/person/zh_CN/__init__.py -> build/bdist.linux-x86_64/egg/faker/providers/person/zh_CN
creating build/bdist.linux-x86_64/egg/faker/providers/person/el_GR
copying build/lib/faker/providers/person/el_GR/__init__.py -> build/bdist.linux-x86_64/egg/faker/providers/person/el_GR
creating build/bdist.linux-x86_64/egg/faker/providers/person/fi_FI
copying build/lib/faker/providers/person/fi_FI/__init__.py -> build/bdist.linux-x86_64/egg/faker/providers/person/fi_FI
creating build/bdist.linux-x86_64/egg/faker/providers/person/tr_TR
copying build/lib/faker/providers/person/tr_TR/__init__.py -> build/bdist.linux-x86_64/egg/faker/providers/person/tr_TR
creating build/bdist.linux-x86_64/egg/faker/providers/person/de_AT
copying build/lib/faker/providers/person/de_AT/__init__.py -> build/bdist.linux-x86_64/egg/faker/providers/person/de_AT
creating build/bdist.linux-x86_64/egg/faker/providers/person/es_ES
copying build/lib/faker/providers/person/es_ES/__init__.py -> build/bdist.linux-x86_64/egg/faker/providers/person/es_ES
creating build/bdist.linux-x86_64/egg/faker/providers/person/pt_PT
copying build/lib/faker/providers/person/pt_PT/__init__.py -> build/bdist.linux-x86_64/egg/faker/providers/person/pt_PT
creating build/bdist.linux-x86_64/egg/faker/providers/person/fa_IR
copying build/lib/faker/providers/person/fa_IR/__init__.py -> build/bdist.linux-x86_64/egg/faker/providers/person/fa_IR
creating build/bdist.linux-x86_64/egg/faker/providers/person/en
copying build/lib/faker/providers/person/en/__init__.py -> build/bdist.linux-x86_64/egg/faker/providers/person/en
creating build/bdist.linux-x86_64/egg/faker/providers/person/lt_LT
copying build/lib/faker/providers/person/lt_LT/__init__.py -> build/bdist.linux-x86_64/egg/faker/providers/person/lt_LT
creating build/bdist.linux-x86_64/egg/faker/providers/person/bg_BG
copying build/lib/faker/providers/person/bg_BG/__init__.py -> build/bdist.linux-x86_64/egg/faker/providers/person/bg_BG
creating build/bdist.linux-x86_64/egg/faker/providers/person/no_NO
copying build/lib/faker/providers/person/no_NO/__init__.py -> build/bdist.linux-x86_64/egg/faker/providers/person/no_NO
creating build/bdist.linux-x86_64/egg/faker/providers/person/sv_SE
copying build/lib/faker/providers/person/sv_SE/__init__.py -> build/bdist.linux-x86_64/egg/faker/providers/person/sv_SE
creating build/bdist.linux-x86_64/egg/faker/providers/person/ne_NP
copying build/lib/faker/providers/person/ne_NP/__init__.py -> build/bdist.linux-x86_64/egg/faker/providers/person/ne_NP
creating build/bdist.linux-x86_64/egg/faker/providers/person/de_DE
copying build/lib/faker/providers/person/de_DE/__init__.py -> build/bdist.linux-x86_64/egg/faker/providers/person/de_DE
creating build/bdist.linux-x86_64/egg/faker/providers/person/cs_CZ
copying build/lib/faker/providers/person/cs_CZ/__init__.py -> build/bdist.linux-x86_64/egg/faker/providers/person/cs_CZ
copying build/lib/faker/providers/person/__init__.py -> build/bdist.linux-x86_64/egg/faker/providers/person
creating build/bdist.linux-x86_64/egg/faker/providers/person/ru_RU
copying build/lib/faker/providers/person/ru_RU/__init__.py -> build/bdist.linux-x86_64/egg/faker/providers/person/ru_RU
creating build/bdist.linux-x86_64/egg/faker/providers/person/fr_FR
copying build/lib/faker/providers/person/fr_FR/__init__.py -> build/bdist.linux-x86_64/egg/faker/providers/person/fr_FR
creating build/bdist.linux-x86_64/egg/faker/providers/person/pt_BR
copying build/lib/faker/providers/person/pt_BR/__init__.py -> build/bdist.linux-x86_64/egg/faker/providers/person/pt_BR
creating build/bdist.linux-x86_64/egg/faker/providers/credit_card
creating build/bdist.linux-x86_64/egg/faker/providers/credit_card/en_US
copying build/lib/faker/providers/credit_card/en_US/__init__.py -> build/bdist.linux-x86_64/egg/faker/providers/credit_card/en_US
copying build/lib/faker/providers/credit_card/__init__.py -> build/bdist.linux-x86_64/egg/faker/providers/credit_card
creating build/bdist.linux-x86_64/egg/faker/providers/color
creating build/bdist.linux-x86_64/egg/faker/providers/color/en_US
copying build/lib/faker/providers/color/en_US/__init__.py -> build/bdist.linux-x86_64/egg/faker/providers/color/en_US
copying build/lib/faker/providers/color/__init__.py -> build/bdist.linux-x86_64/egg/faker/providers/color
creating build/bdist.linux-x86_64/egg/faker/providers/date_time
creating build/bdist.linux-x86_64/egg/faker/providers/date_time/en_US
copying build/lib/faker/providers/date_time/en_US/__init__.py -> build/bdist.linux-x86_64/egg/faker/providers/date_time/en_US
copying build/lib/faker/providers/date_time/__init__.py -> build/bdist.linux-x86_64/egg/faker/providers/date_time
creating build/bdist.linux-x86_64/egg/faker/providers/file
creating build/bdist.linux-x86_64/egg/faker/providers/file/en_US
copying build/lib/faker/providers/file/en_US/__init__.py -> build/bdist.linux-x86_64/egg/faker/providers/file/en_US
copying build/lib/faker/providers/file/__init__.py -> build/bdist.linux-x86_64/egg/faker/providers/file
creating build/bdist.linux-x86_64/egg/faker/providers/profile
creating build/bdist.linux-x86_64/egg/faker/providers/profile/en_US
copying build/lib/faker/providers/profile/en_US/__init__.py -> build/bdist.linux-x86_64/egg/faker/providers/profile/en_US
copying build/lib/faker/providers/profile/__init__.py -> build/bdist.linux-x86_64/egg/faker/providers/profile
creating build/bdist.linux-x86_64/egg/faker/providers/phone_number
creating build/bdist.linux-x86_64/egg/faker/providers/phone_number/pl_PL
copying build/lib/faker/providers/phone_number/pl_PL/__init__.py -> build/bdist.linux-x86_64/egg/faker/providers/phone_number/pl_PL
creating build/bdist.linux-x86_64/egg/faker/providers/phone_number/es_MX
copying build/lib/faker/providers/phone_number/es_MX/__init__.py -> build/bdist.linux-x86_64/egg/faker/providers/phone_number/es_MX
creating build/bdist.linux-x86_64/egg/faker/providers/phone_number/zh_TW
copying build/lib/faker/providers/phone_number/zh_TW/__init__.py -> build/bdist.linux-x86_64/egg/faker/providers/phone_number/zh_TW
creating build/bdist.linux-x86_64/egg/faker/providers/phone_number/it_IT
copying build/lib/faker/providers/phone_number/it_IT/__init__.py -> build/bdist.linux-x86_64/egg/faker/providers/phone_number/it_IT
creating build/bdist.linux-x86_64/egg/faker/providers/phone_number/nl_NL
copying build/lib/faker/providers/phone_number/nl_NL/__init__.py -> build/bdist.linux-x86_64/egg/faker/providers/phone_number/nl_NL
creating build/bdist.linux-x86_64/egg/faker/providers/phone_number/en_US
copying build/lib/faker/providers/phone_number/en_US/__init__.py -> build/bdist.linux-x86_64/egg/faker/providers/phone_number/en_US
creating build/bdist.linux-x86_64/egg/faker/providers/phone_number/sl_SI
copying build/lib/faker/providers/phone_number/sl_SI/__init__.py -> build/bdist.linux-x86_64/egg/faker/providers/phone_number/sl_SI
creating build/bdist.linux-x86_64/egg/faker/providers/phone_number/ja_JP
copying build/lib/faker/providers/phone_number/ja_JP/__init__.py -> build/bdist.linux-x86_64/egg/faker/providers/phone_number/ja_JP
creating build/bdist.linux-x86_64/egg/faker/providers/phone_number/ko_KR
copying build/lib/faker/providers/phone_number/ko_KR/__init__.py -> build/bdist.linux-x86_64/egg/faker/providers/phone_number/ko_KR
creating build/bdist.linux-x86_64/egg/faker/providers/phone_number/uk_UA
copying build/lib/faker/providers/phone_number/uk_UA/__init__.py -> build/bdist.linux-x86_64/egg/faker/providers/phone_number/uk_UA
creating build/bdist.linux-x86_64/egg/faker/providers/phone_number/hi_IN
copying build/lib/faker/providers/phone_number/hi_IN/__init__.py -> build/bdist.linux-x86_64/egg/faker/providers/phone_number/hi_IN
creating build/bdist.linux-x86_64/egg/faker/providers/phone_number/dk_DK
copying build/lib/faker/providers/phone_number/dk_DK/__init__.py -> build/bdist.linux-x86_64/egg/faker/providers/phone_number/dk_DK
creating build/bdist.linux-x86_64/egg/faker/providers/phone_number/lv_LV
copying build/lib/faker/providers/phone_number/lv_LV/__init__.py -> build/bdist.linux-x86_64/egg/faker/providers/phone_number/lv_LV
creating build/bdist.linux-x86_64/egg/faker/providers/phone_number/en_CA
copying build/lib/faker/providers/phone_number/en_CA/__init__.py -> build/bdist.linux-x86_64/egg/faker/providers/phone_number/en_CA
creating build/bdist.linux-x86_64/egg/faker/providers/phone_number/zh_CN
copying build/lib/faker/providers/phone_number/zh_CN/__init__.py -> build/bdist.linux-x86_64/egg/faker/providers/phone_number/zh_CN
creating build/bdist.linux-x86_64/egg/faker/providers/phone_number/el_GR
copying build/lib/faker/providers/phone_number/el_GR/__init__.py -> build/bdist.linux-x86_64/egg/faker/providers/phone_number/el_GR
creating build/bdist.linux-x86_64/egg/faker/providers/phone_number/fi_FI
copying build/lib/faker/providers/phone_number/fi_FI/__init__.py -> build/bdist.linux-x86_64/egg/faker/providers/phone_number/fi_FI
creating build/bdist.linux-x86_64/egg/faker/providers/phone_number/tr_TR
copying build/lib/faker/providers/phone_number/tr_TR/__init__.py -> build/bdist.linux-x86_64/egg/faker/providers/phone_number/tr_TR
creating build/bdist.linux-x86_64/egg/faker/providers/phone_number/en_GB
copying build/lib/faker/providers/phone_number/en_GB/__init__.py -> build/bdist.linux-x86_64/egg/faker/providers/phone_number/en_GB
creating build/bdist.linux-x86_64/egg/faker/providers/phone_number/es_ES
copying build/lib/faker/providers/phone_number/es_ES/__init__.py -> build/bdist.linux-x86_64/egg/faker/providers/phone_number/es_ES
creating build/bdist.linux-x86_64/egg/faker/providers/phone_number/pt_PT
copying build/lib/faker/providers/phone_number/pt_PT/__init__.py -> build/bdist.linux-x86_64/egg/faker/providers/phone_number/pt_PT
creating build/bdist.linux-x86_64/egg/faker/providers/phone_number/fa_IR
copying build/lib/faker/providers/phone_number/fa_IR/__init__.py -> build/bdist.linux-x86_64/egg/faker/providers/phone_number/fa_IR
creating build/bdist.linux-x86_64/egg/faker/providers/phone_number/lt_LT
copying build/lib/faker/providers/phone_number/lt_LT/__init__.py -> build/bdist.linux-x86_64/egg/faker/providers/phone_number/lt_LT
creating build/bdist.linux-x86_64/egg/faker/providers/phone_number/bg_BG
copying build/lib/faker/providers/phone_number/bg_BG/__init__.py -> build/bdist.linux-x86_64/egg/faker/providers/phone_number/bg_BG
creating build/bdist.linux-x86_64/egg/faker/providers/phone_number/sk_SK
copying build/lib/faker/providers/phone_number/sk_SK/__init__.py -> build/bdist.linux-x86_64/egg/faker/providers/phone_number/sk_SK
creating build/bdist.linux-x86_64/egg/faker/providers/phone_number/no_NO
copying build/lib/faker/providers/phone_number/no_NO/__init__.py -> build/bdist.linux-x86_64/egg/faker/providers/phone_number/no_NO
creating build/bdist.linux-x86_64/egg/faker/providers/phone_number/sv_SE
copying build/lib/faker/providers/phone_number/sv_SE/__init__.py -> build/bdist.linux-x86_64/egg/faker/providers/phone_number/sv_SE
creating build/bdist.linux-x86_64/egg/faker/providers/phone_number/ne_NP
copying build/lib/faker/providers/phone_number/ne_NP/__init__.py -> build/bdist.linux-x86_64/egg/faker/providers/phone_number/ne_NP
creating build/bdist.linux-x86_64/egg/faker/providers/phone_number/de_DE
copying build/lib/faker/providers/phone_number/de_DE/__init__.py -> build/bdist.linux-x86_64/egg/faker/providers/phone_number/de_DE
creating build/bdist.linux-x86_64/egg/faker/providers/phone_number/cs_CZ
copying build/lib/faker/providers/phone_number/cs_CZ/__init__.py -> build/bdist.linux-x86_64/egg/faker/providers/phone_number/cs_CZ
copying build/lib/faker/providers/phone_number/__init__.py -> build/bdist.linux-x86_64/egg/faker/providers/phone_number
creating build/bdist.linux-x86_64/egg/faker/providers/phone_number/ru_RU
copying build/lib/faker/providers/phone_number/ru_RU/__init__.py -> build/bdist.linux-x86_64/egg/faker/providers/phone_number/ru_RU
creating build/bdist.linux-x86_64/egg/faker/providers/phone_number/fr_FR
copying build/lib/faker/providers/phone_number/fr_FR/__init__.py -> build/bdist.linux-x86_64/egg/faker/providers/phone_number/fr_FR
creating build/bdist.linux-x86_64/egg/faker/providers/phone_number/pt_BR
copying build/lib/faker/providers/phone_number/pt_BR/__init__.py -> build/bdist.linux-x86_64/egg/faker/providers/phone_number/pt_BR
creating build/bdist.linux-x86_64/egg/faker/providers/python
creating build/bdist.linux-x86_64/egg/faker/providers/python/en_US
copying build/lib/faker/providers/python/en_US/__init__.py -> build/bdist.linux-x86_64/egg/faker/providers/python/en_US
copying build/lib/faker/providers/python/__init__.py -> build/bdist.linux-x86_64/egg/faker/providers/python
creating build/bdist.linux-x86_64/egg/faker/providers/barcode
creating build/bdist.linux-x86_64/egg/faker/providers/barcode/en_US
copying build/lib/faker/providers/barcode/en_US/__init__.py -> build/bdist.linux-x86_64/egg/faker/providers/barcode/en_US
copying build/lib/faker/providers/barcode/__init__.py -> build/bdist.linux-x86_64/egg/faker/providers/barcode
creating build/bdist.linux-x86_64/egg/faker/providers/misc
creating build/bdist.linux-x86_64/egg/faker/providers/misc/en_US
copying build/lib/faker/providers/misc/en_US/__init__.py -> build/bdist.linux-x86_64/egg/faker/providers/misc/en_US
copying build/lib/faker/providers/misc/__init__.py -> build/bdist.linux-x86_64/egg/faker/providers/misc
creating build/bdist.linux-x86_64/egg/faker/providers/job
creating build/bdist.linux-x86_64/egg/faker/providers/job/pl_PL
copying build/lib/faker/providers/job/pl_PL/__init__.py -> build/bdist.linux-x86_64/egg/faker/providers/job/pl_PL
creating build/bdist.linux-x86_64/egg/faker/providers/job/en_US
copying build/lib/faker/providers/job/en_US/__init__.py -> build/bdist.linux-x86_64/egg/faker/providers/job/en_US
creating build/bdist.linux-x86_64/egg/faker/providers/job/uk_UA
copying build/lib/faker/providers/job/uk_UA/__init__.py -> build/bdist.linux-x86_64/egg/faker/providers/job/uk_UA
copying build/lib/faker/providers/job/__init__.py -> build/bdist.linux-x86_64/egg/faker/providers/job
creating build/bdist.linux-x86_64/egg/faker/providers/job/ru_RU
copying build/lib/faker/providers/job/ru_RU/__init__.py -> build/bdist.linux-x86_64/egg/faker/providers/job/ru_RU
copying build/lib/faker/providers/__init__.py -> build/bdist.linux-x86_64/egg/faker/providers
creating build/bdist.linux-x86_64/egg/faker/providers/address
creating build/bdist.linux-x86_64/egg/faker/providers/address/pl_PL
copying build/lib/faker/providers/address/pl_PL/__init__.py -> build/bdist.linux-x86_64/egg/faker/providers/address/pl_PL
creating build/bdist.linux-x86_64/egg/faker/providers/address/es_MX
copying build/lib/faker/providers/address/es_MX/__init__.py -> build/bdist.linux-x86_64/egg/faker/providers/address/es_MX
creating build/bdist.linux-x86_64/egg/faker/providers/address/zh_TW
copying build/lib/faker/providers/address/zh_TW/__init__.py -> build/bdist.linux-x86_64/egg/faker/providers/address/zh_TW
creating build/bdist.linux-x86_64/egg/faker/providers/address/it_IT
copying build/lib/faker/providers/address/it_IT/__init__.py -> build/bdist.linux-x86_64/egg/faker/providers/address/it_IT
creating build/bdist.linux-x86_64/egg/faker/providers/address/nl_NL
copying build/lib/faker/providers/address/nl_NL/__init__.py -> build/bdist.linux-x86_64/egg/faker/providers/address/nl_NL
creating build/bdist.linux-x86_64/egg/faker/providers/address/en_US
copying build/lib/faker/providers/address/en_US/__init__.py -> build/bdist.linux-x86_64/egg/faker/providers/address/en_US
creating build/bdist.linux-x86_64/egg/faker/providers/address/sl_SI
copying build/lib/faker/providers/address/sl_SI/__init__.py -> build/bdist.linux-x86_64/egg/faker/providers/address/sl_SI
creating build/bdist.linux-x86_64/egg/faker/providers/address/ja_JP
copying build/lib/faker/providers/address/ja_JP/__init__.py -> build/bdist.linux-x86_64/egg/faker/providers/address/ja_JP
creating build/bdist.linux-x86_64/egg/faker/providers/address/ko_KR
copying build/lib/faker/providers/address/ko_KR/__init__.py -> build/bdist.linux-x86_64/egg/faker/providers/address/ko_KR
creating build/bdist.linux-x86_64/egg/faker/providers/address/hi_IN
copying build/lib/faker/providers/address/hi_IN/__init__.py -> build/bdist.linux-x86_64/egg/faker/providers/address/hi_IN
creating build/bdist.linux-x86_64/egg/faker/providers/address/en_CA
copying build/lib/faker/providers/address/en_CA/__init__.py -> build/bdist.linux-x86_64/egg/faker/providers/address/en_CA
creating build/bdist.linux-x86_64/egg/faker/providers/address/zh_CN
copying build/lib/faker/providers/address/zh_CN/__init__.py -> build/bdist.linux-x86_64/egg/faker/providers/address/zh_CN
creating build/bdist.linux-x86_64/egg/faker/providers/address/el_GR
copying build/lib/faker/providers/address/el_GR/__init__.py -> build/bdist.linux-x86_64/egg/faker/providers/address/el_GR
creating build/bdist.linux-x86_64/egg/faker/providers/address/fi_FI
copying build/lib/faker/providers/address/fi_FI/__init__.py -> build/bdist.linux-x86_64/egg/faker/providers/address/fi_FI
creating build/bdist.linux-x86_64/egg/faker/providers/address/es
copying build/lib/faker/providers/address/es/__init__.py -> build/bdist.linux-x86_64/egg/faker/providers/address/es
creating build/bdist.linux-x86_64/egg/faker/providers/address/en_GB
copying build/lib/faker/providers/address/en_GB/__init__.py -> build/bdist.linux-x86_64/egg/faker/providers/address/en_GB
creating build/bdist.linux-x86_64/egg/faker/providers/address/es_ES
copying build/lib/faker/providers/address/es_ES/__init__.py -> build/bdist.linux-x86_64/egg/faker/providers/address/es_ES
creating build/bdist.linux-x86_64/egg/faker/providers/address/pt_PT
copying build/lib/faker/providers/address/pt_PT/__init__.py -> build/bdist.linux-x86_64/egg/faker/providers/address/pt_PT
creating build/bdist.linux-x86_64/egg/faker/providers/address/fa_IR
copying build/lib/faker/providers/address/fa_IR/__init__.py -> build/bdist.linux-x86_64/egg/faker/providers/address/fa_IR
creating build/bdist.linux-x86_64/egg/faker/providers/address/en
copying build/lib/faker/providers/address/en/__init__.py -> build/bdist.linux-x86_64/egg/faker/providers/address/en
creating build/bdist.linux-x86_64/egg/faker/providers/address/sk_SK
copying build/lib/faker/providers/address/sk_SK/__init__.py -> build/bdist.linux-x86_64/egg/faker/providers/address/sk_SK
creating build/bdist.linux-x86_64/egg/faker/providers/address/no_NO
copying build/lib/faker/providers/address/no_NO/__init__.py -> build/bdist.linux-x86_64/egg/faker/providers/address/no_NO
creating build/bdist.linux-x86_64/egg/faker/providers/address/sv_SE
copying build/lib/faker/providers/address/sv_SE/__init__.py -> build/bdist.linux-x86_64/egg/faker/providers/address/sv_SE
creating build/bdist.linux-x86_64/egg/faker/providers/address/de_DE
copying build/lib/faker/providers/address/de_DE/__init__.py -> build/bdist.linux-x86_64/egg/faker/providers/address/de_DE
creating build/bdist.linux-x86_64/egg/faker/providers/address/cs_CZ
copying build/lib/faker/providers/address/cs_CZ/__init__.py -> build/bdist.linux-x86_64/egg/faker/providers/address/cs_CZ
copying build/lib/faker/providers/address/__init__.py -> build/bdist.linux-x86_64/egg/faker/providers/address
creating build/bdist.linux-x86_64/egg/faker/providers/address/fr_FR
copying build/lib/faker/providers/address/fr_FR/__init__.py -> build/bdist.linux-x86_64/egg/faker/providers/address/fr_FR
creating build/bdist.linux-x86_64/egg/faker/providers/address/pt_BR
copying build/lib/faker/providers/address/pt_BR/__init__.py -> build/bdist.linux-x86_64/egg/faker/providers/address/pt_BR
creating build/bdist.linux-x86_64/egg/faker/providers/lorem
creating build/bdist.linux-x86_64/egg/faker/providers/lorem/el_GR
copying build/lib/faker/providers/lorem/el_GR/__init__.py -> build/bdist.linux-x86_64/egg/faker/providers/lorem/el_GR
creating build/bdist.linux-x86_64/egg/faker/providers/lorem/la
copying build/lib/faker/providers/lorem/la/__init__.py -> build/bdist.linux-x86_64/egg/faker/providers/lorem/la
copying build/lib/faker/providers/lorem/__init__.py -> build/bdist.linux-x86_64/egg/faker/providers/lorem
creating build/bdist.linux-x86_64/egg/faker/providers/lorem/ru_RU
copying build/lib/faker/providers/lorem/ru_RU/__init__.py -> build/bdist.linux-x86_64/egg/faker/providers/lorem/ru_RU
creating build/bdist.linux-x86_64/egg/faker/providers/ssn
creating build/bdist.linux-x86_64/egg/faker/providers/ssn/zh_TW
copying build/lib/faker/providers/ssn/zh_TW/__init__.py -> build/bdist.linux-x86_64/egg/faker/providers/ssn/zh_TW
creating build/bdist.linux-x86_64/egg/faker/providers/ssn/it_IT
copying build/lib/faker/providers/ssn/it_IT/__init__.py -> build/bdist.linux-x86_64/egg/faker/providers/ssn/it_IT
creating build/bdist.linux-x86_64/egg/faker/providers/ssn/nl_NL
copying build/lib/faker/providers/ssn/nl_NL/__init__.py -> build/bdist.linux-x86_64/egg/faker/providers/ssn/nl_NL
creating build/bdist.linux-x86_64/egg/faker/providers/ssn/en_US
copying build/lib/faker/providers/ssn/en_US/__init__.py -> build/bdist.linux-x86_64/egg/faker/providers/ssn/en_US
creating build/bdist.linux-x86_64/egg/faker/providers/ssn/ko_KR
copying build/lib/faker/providers/ssn/ko_KR/__init__.py -> build/bdist.linux-x86_64/egg/faker/providers/ssn/ko_KR
creating build/bdist.linux-x86_64/egg/faker/providers/ssn/uk_UA
copying build/lib/faker/providers/ssn/uk_UA/__init__.py -> build/bdist.linux-x86_64/egg/faker/providers/ssn/uk_UA
creating build/bdist.linux-x86_64/egg/faker/providers/ssn/en_CA
copying build/lib/faker/providers/ssn/en_CA/__init__.py -> build/bdist.linux-x86_64/egg/faker/providers/ssn/en_CA
creating build/bdist.linux-x86_64/egg/faker/providers/ssn/fi_FI
copying build/lib/faker/providers/ssn/fi_FI/__init__.py -> build/bdist.linux-x86_64/egg/faker/providers/ssn/fi_FI
creating build/bdist.linux-x86_64/egg/faker/providers/ssn/sv_SE
copying build/lib/faker/providers/ssn/sv_SE/__init__.py -> build/bdist.linux-x86_64/egg/faker/providers/ssn/sv_SE
copying build/lib/faker/providers/ssn/__init__.py -> build/bdist.linux-x86_64/egg/faker/providers/ssn
copying build/lib/faker/__init__.py -> build/bdist.linux-x86_64/egg/faker
copying build/lib/faker/documentor.py -> build/bdist.linux-x86_64/egg/faker
byte-compiling build/bdist.linux-x86_64/egg/faker/__main__.py to __main__.pyc
byte-compiling build/bdist.linux-x86_64/egg/faker/shims/counter.py to counter.pyc
byte-compiling build/bdist.linux-x86_64/egg/faker/shims/__init__.py to __init__.pyc
byte-compiling build/bdist.linux-x86_64/egg/faker/generator.py to generator.pyc
byte-compiling build/bdist.linux-x86_64/egg/faker/config.py to config.pyc
byte-compiling build/bdist.linux-x86_64/egg/faker/utils/loading.py to loading.pyc
byte-compiling build/bdist.linux-x86_64/egg/faker/utils/datasets.py to datasets.pyc
byte-compiling build/bdist.linux-x86_64/egg/faker/utils/datetime_safe.py to datetime_safe.pyc
byte-compiling build/bdist.linux-x86_64/egg/faker/utils/text.py to text.pyc
byte-compiling build/bdist.linux-x86_64/egg/faker/utils/__init__.py to __init__.pyc
byte-compiling build/bdist.linux-x86_64/egg/faker/utils/distribution.py to distribution.pyc
byte-compiling build/bdist.linux-x86_64/egg/faker/utils/decorators.py to decorators.pyc
byte-compiling build/bdist.linux-x86_64/egg/faker/factory.py to factory.pyc
byte-compiling build/bdist.linux-x86_64/egg/faker/build_docs.py to build_docs.pyc
byte-compiling build/bdist.linux-x86_64/egg/faker/cli.py to cli.pyc
byte-compiling build/bdist.linux-x86_64/egg/faker/providers/internet/en_US/__init__.py to __init__.pyc
byte-compiling build/bdist.linux-x86_64/egg/faker/providers/internet/sl_SI/__init__.py to __init__.pyc
byte-compiling build/bdist.linux-x86_64/egg/faker/providers/internet/ko_KR/__init__.py to __init__.pyc
byte-compiling build/bdist.linux-x86_64/egg/faker/providers/internet/el_GR/__init__.py to __init__.pyc
byte-compiling build/bdist.linux-x86_64/egg/faker/providers/internet/fi_FI/__init__.py to __init__.pyc
byte-compiling build/bdist.linux-x86_64/egg/faker/providers/internet/de_AT/__init__.py to __init__.pyc
byte-compiling build/bdist.linux-x86_64/egg/faker/providers/internet/pt_PT/__init__.py to __init__.pyc
byte-compiling build/bdist.linux-x86_64/egg/faker/providers/internet/bg_BG/__init__.py to __init__.pyc
byte-compiling build/bdist.linux-x86_64/egg/faker/providers/internet/sk_SK/__init__.py to __init__.pyc
byte-compiling build/bdist.linux-x86_64/egg/faker/providers/internet/no_NO/__init__.py to __init__.pyc
byte-compiling build/bdist.linux-x86_64/egg/faker/providers/internet/sv_SE/__init__.py to __init__.pyc
byte-compiling build/bdist.linux-x86_64/egg/faker/providers/internet/de_DE/__init__.py to __init__.pyc
byte-compiling build/bdist.linux-x86_64/egg/faker/providers/internet/cs_CZ/__init__.py to __init__.pyc
byte-compiling build/bdist.linux-x86_64/egg/faker/providers/internet/__init__.py to __init__.pyc
byte-compiling build/bdist.linux-x86_64/egg/faker/providers/internet/fr_FR/__init__.py to __init__.pyc
byte-compiling build/bdist.linux-x86_64/egg/faker/providers/internet/pt_BR/__init__.py to __init__.pyc
byte-compiling build/bdist.linux-x86_64/egg/faker/providers/user_agent/en_US/__init__.py to __init__.pyc
byte-compiling build/bdist.linux-x86_64/egg/faker/providers/user_agent/__init__.py to __init__.pyc
byte-compiling build/bdist.linux-x86_64/egg/faker/providers/company/es_MX/__init__.py to __init__.pyc
byte-compiling build/bdist.linux-x86_64/egg/faker/providers/company/zh_TW/__init__.py to __init__.pyc
byte-compiling build/bdist.linux-x86_64/egg/faker/providers/company/it_IT/__init__.py to __init__.pyc
byte-compiling build/bdist.linux-x86_64/egg/faker/providers/company/en_US/__init__.py to __init__.pyc
byte-compiling build/bdist.linux-x86_64/egg/faker/providers/company/sl_SI/__init__.py to __init__.pyc
byte-compiling build/bdist.linux-x86_64/egg/faker/providers/company/ja_JP/__init__.py to __init__.pyc
byte-compiling build/bdist.linux-x86_64/egg/faker/providers/company/ko_KR/__init__.py to __init__.pyc
byte-compiling build/bdist.linux-x86_64/egg/faker/providers/company/zh_CN/__init__.py to __init__.pyc
byte-compiling build/bdist.linux-x86_64/egg/faker/providers/company/fi_FI/__init__.py to __init__.pyc
byte-compiling build/bdist.linux-x86_64/egg/faker/providers/company/pt_PT/__init__.py to __init__.pyc
byte-compiling build/bdist.linux-x86_64/egg/faker/providers/company/bg_BG/__init__.py to __init__.pyc
byte-compiling build/bdist.linux-x86_64/egg/faker/providers/company/sk_SK/__init__.py to __init__.pyc
byte-compiling build/bdist.linux-x86_64/egg/faker/providers/company/no_NO/__init__.py to __init__.pyc
byte-compiling build/bdist.linux-x86_64/egg/faker/providers/company/sv_SE/__init__.py to __init__.pyc
byte-compiling build/bdist.linux-x86_64/egg/faker/providers/company/de_DE/__init__.py to __init__.pyc
byte-compiling build/bdist.linux-x86_64/egg/faker/providers/company/cs_CZ/__init__.py to __init__.pyc
byte-compiling build/bdist.linux-x86_64/egg/faker/providers/company/__init__.py to __init__.pyc
byte-compiling build/bdist.linux-x86_64/egg/faker/providers/company/fr_FR/__init__.py to __init__.pyc
byte-compiling build/bdist.linux-x86_64/egg/faker/providers/company/pt_BR/__init__.py to __init__.pyc
byte-compiling build/bdist.linux-x86_64/egg/faker/providers/currency/en_US/__init__.py to __init__.pyc
byte-compiling build/bdist.linux-x86_64/egg/faker/providers/currency/__init__.py to __init__.pyc
byte-compiling build/bdist.linux-x86_64/egg/faker/providers/person/pl_PL/__init__.py to __init__.pyc
byte-compiling build/bdist.linux-x86_64/egg/faker/providers/person/es_MX/__init__.py to __init__.pyc
byte-compiling build/bdist.linux-x86_64/egg/faker/providers/person/zh_TW/__init__.py to __init__.pyc
byte-compiling build/bdist.linux-x86_64/egg/faker/providers/person/it_IT/__init__.py to __init__.pyc
byte-compiling build/bdist.linux-x86_64/egg/faker/providers/person/nl_NL/__init__.py to __init__.pyc
byte-compiling build/bdist.linux-x86_64/egg/faker/providers/person/en_US/__init__.py to __init__.pyc
byte-compiling build/bdist.linux-x86_64/egg/faker/providers/person/sl_SI/__init__.py to __init__.pyc
byte-compiling build/bdist.linux-x86_64/egg/faker/providers/person/ja_JP/__init__.py to __init__.pyc
byte-compiling build/bdist.linux-x86_64/egg/faker/providers/person/ko_KR/__init__.py to __init__.pyc
byte-compiling build/bdist.linux-x86_64/egg/faker/providers/person/uk_UA/__init__.py to __init__.pyc
byte-compiling build/bdist.linux-x86_64/egg/faker/providers/person/hi_IN/__init__.py to __init__.pyc
byte-compiling build/bdist.linux-x86_64/egg/faker/providers/person/dk_DK/__init__.py to __init__.pyc
byte-compiling build/bdist.linux-x86_64/egg/faker/providers/person/lv_LV/__init__.py to __init__.pyc
byte-compiling build/bdist.linux-x86_64/egg/faker/providers/person/zh_CN/__init__.py to __init__.pyc
byte-compiling build/bdist.linux-x86_64/egg/faker/providers/person/el_GR/__init__.py to __init__.pyc
byte-compiling build/bdist.linux-x86_64/egg/faker/providers/person/fi_FI/__init__.py to __init__.pyc
byte-compiling build/bdist.linux-x86_64/egg/faker/providers/person/tr_TR/__init__.py to __init__.pyc
byte-compiling build/bdist.linux-x86_64/egg/faker/providers/person/de_AT/__init__.py to __init__.pyc
byte-compiling build/bdist.linux-x86_64/egg/faker/providers/person/es_ES/__init__.py to __init__.pyc
byte-compiling build/bdist.linux-x86_64/egg/faker/providers/person/pt_PT/__init__.py to __init__.pyc
byte-compiling build/bdist.linux-x86_64/egg/faker/providers/person/fa_IR/__init__.py to __init__.pyc
byte-compiling build/bdist.linux-x86_64/egg/faker/providers/person/en/__init__.py to __init__.pyc
byte-compiling build/bdist.linux-x86_64/egg/faker/providers/person/lt_LT/__init__.py to __init__.pyc
byte-compiling build/bdist.linux-x86_64/egg/faker/providers/person/bg_BG/__init__.py to __init__.pyc
byte-compiling build/bdist.linux-x86_64/egg/faker/providers/person/no_NO/__init__.py to __init__.pyc
byte-compiling build/bdist.linux-x86_64/egg/faker/providers/person/sv_SE/__init__.py to __init__.pyc
byte-compiling build/bdist.linux-x86_64/egg/faker/providers/person/ne_NP/__init__.py to __init__.pyc
byte-compiling build/bdist.linux-x86_64/egg/faker/providers/person/de_DE/__init__.py to __init__.pyc
byte-compiling build/bdist.linux-x86_64/egg/faker/providers/person/cs_CZ/__init__.py to __init__.pyc
byte-compiling build/bdist.linux-x86_64/egg/faker/providers/person/__init__.py to __init__.pyc
byte-compiling build/bdist.linux-x86_64/egg/faker/providers/person/ru_RU/__init__.py to __init__.pyc
byte-compiling build/bdist.linux-x86_64/egg/faker/providers/person/fr_FR/__init__.py to __init__.pyc
byte-compiling build/bdist.linux-x86_64/egg/faker/providers/person/pt_BR/__init__.py to __init__.pyc
byte-compiling build/bdist.linux-x86_64/egg/faker/providers/credit_card/en_US/__init__.py to __init__.pyc
byte-compiling build/bdist.linux-x86_64/egg/faker/providers/credit_card/__init__.py to __init__.pyc
byte-compiling build/bdist.linux-x86_64/egg/faker/providers/color/en_US/__init__.py to __init__.pyc
byte-compiling build/bdist.linux-x86_64/egg/faker/providers/color/__init__.py to __init__.pyc
byte-compiling build/bdist.linux-x86_64/egg/faker/providers/date_time/en_US/__init__.py to __init__.pyc
byte-compiling build/bdist.linux-x86_64/egg/faker/providers/date_time/__init__.py to __init__.pyc
byte-compiling build/bdist.linux-x86_64/egg/faker/providers/file/en_US/__init__.py to __init__.pyc
byte-compiling build/bdist.linux-x86_64/egg/faker/providers/file/__init__.py to __init__.pyc
byte-compiling build/bdist.linux-x86_64/egg/faker/providers/profile/en_US/__init__.py to __init__.pyc
byte-compiling build/bdist.linux-x86_64/egg/faker/providers/profile/__init__.py to __init__.pyc
byte-compiling build/bdist.linux-x86_64/egg/faker/providers/phone_number/pl_PL/__init__.py to __init__.pyc
byte-compiling build/bdist.linux-x86_64/egg/faker/providers/phone_number/es_MX/__init__.py to __init__.pyc
byte-compiling build/bdist.linux-x86_64/egg/faker/providers/phone_number/zh_TW/__init__.py to __init__.pyc
byte-compiling build/bdist.linux-x86_64/egg/faker/providers/phone_number/it_IT/__init__.py to __init__.pyc
byte-compiling build/bdist.linux-x86_64/egg/faker/providers/phone_number/nl_NL/__init__.py to __init__.pyc
byte-compiling build/bdist.linux-x86_64/egg/faker/providers/phone_number/en_US/__init__.py to __init__.pyc
byte-compiling build/bdist.linux-x86_64/egg/faker/providers/phone_number/sl_SI/__init__.py to __init__.pyc
byte-compiling build/bdist.linux-x86_64/egg/faker/providers/phone_number/ja_JP/__init__.py to __init__.pyc
byte-compiling build/bdist.linux-x86_64/egg/faker/providers/phone_number/ko_KR/__init__.py to __init__.pyc
byte-compiling build/bdist.linux-x86_64/egg/faker/providers/phone_number/uk_UA/__init__.py to __init__.pyc
byte-compiling build/bdist.linux-x86_64/egg/faker/providers/phone_number/hi_IN/__init__.py to __init__.pyc
byte-compiling build/bdist.linux-x86_64/egg/faker/providers/phone_number/dk_DK/__init__.py to __init__.pyc
byte-compiling build/bdist.linux-x86_64/egg/faker/providers/phone_number/lv_LV/__init__.py to __init__.pyc
byte-compiling build/bdist.linux-x86_64/egg/faker/providers/phone_number/en_CA/__init__.py to __init__.pyc
byte-compiling build/bdist.linux-x86_64/egg/faker/providers/phone_number/zh_CN/__init__.py to __init__.pyc
byte-compiling build/bdist.linux-x86_64/egg/faker/providers/phone_number/el_GR/__init__.py to __init__.pyc
byte-compiling build/bdist.linux-x86_64/egg/faker/providers/phone_number/fi_FI/__init__.py to __init__.pyc
byte-compiling build/bdist.linux-x86_64/egg/faker/providers/phone_number/tr_TR/__init__.py to __init__.pyc
byte-compiling build/bdist.linux-x86_64/egg/faker/providers/phone_number/en_GB/__init__.py to __init__.pyc
byte-compiling build/bdist.linux-x86_64/egg/faker/providers/phone_number/es_ES/__init__.py to __init__.pyc
byte-compiling build/bdist.linux-x86_64/egg/faker/providers/phone_number/pt_PT/__init__.py to __init__.pyc
byte-compiling build/bdist.linux-x86_64/egg/faker/providers/phone_number/fa_IR/__init__.py to __init__.pyc
byte-compiling build/bdist.linux-x86_64/egg/faker/providers/phone_number/lt_LT/__init__.py to __init__.pyc
byte-compiling build/bdist.linux-x86_64/egg/faker/providers/phone_number/bg_BG/__init__.py to __init__.pyc
byte-compiling build/bdist.linux-x86_64/egg/faker/providers/phone_number/sk_SK/__init__.py to __init__.pyc
byte-compiling build/bdist.linux-x86_64/egg/faker/providers/phone_number/no_NO/__init__.py to __init__.pyc
byte-compiling build/bdist.linux-x86_64/egg/faker/providers/phone_number/sv_SE/__init__.py to __init__.pyc
byte-compiling build/bdist.linux-x86_64/egg/faker/providers/phone_number/ne_NP/__init__.py to __init__.pyc
byte-compiling build/bdist.linux-x86_64/egg/faker/providers/phone_number/de_DE/__init__.py to __init__.pyc
byte-compiling build/bdist.linux-x86_64/egg/faker/providers/phone_number/cs_CZ/__init__.py to __init__.pyc
byte-compiling build/bdist.linux-x86_64/egg/faker/providers/phone_number/__init__.py to __init__.pyc
byte-compiling build/bdist.linux-x86_64/egg/faker/providers/phone_number/ru_RU/__init__.py to __init__.pyc
byte-compiling build/bdist.linux-x86_64/egg/faker/providers/phone_number/fr_FR/__init__.py to __init__.pyc
byte-compiling build/bdist.linux-x86_64/egg/faker/providers/phone_number/pt_BR/__init__.py to __init__.pyc
byte-compiling build/bdist.linux-x86_64/egg/faker/providers/python/en_US/__init__.py to __init__.pyc
byte-compiling build/bdist.linux-x86_64/egg/faker/providers/python/__init__.py to __init__.pyc
byte-compiling build/bdist.linux-x86_64/egg/faker/providers/barcode/en_US/__init__.py to __init__.pyc
byte-compiling build/bdist.linux-x86_64/egg/faker/providers/barcode/__init__.py to __init__.pyc
byte-compiling build/bdist.linux-x86_64/egg/faker/providers/misc/en_US/__init__.py to __init__.pyc
byte-compiling build/bdist.linux-x86_64/egg/faker/providers/misc/__init__.py to __init__.pyc
byte-compiling build/bdist.linux-x86_64/egg/faker/providers/job/pl_PL/__init__.py to __init__.pyc
byte-compiling build/bdist.linux-x86_64/egg/faker/providers/job/en_US/__init__.py to __init__.pyc
byte-compiling build/bdist.linux-x86_64/egg/faker/providers/job/uk_UA/__init__.py to __init__.pyc
byte-compiling build/bdist.linux-x86_64/egg/faker/providers/job/__init__.py to __init__.pyc
byte-compiling build/bdist.linux-x86_64/egg/faker/providers/job/ru_RU/__init__.py to __init__.pyc
byte-compiling build/bdist.linux-x86_64/egg/faker/providers/__init__.py to __init__.pyc
byte-compiling build/bdist.linux-x86_64/egg/faker/providers/address/pl_PL/__init__.py to __init__.pyc
byte-compiling build/bdist.linux-x86_64/egg/faker/providers/address/es_MX/__init__.py to __init__.pyc
byte-compiling build/bdist.linux-x86_64/egg/faker/providers/address/zh_TW/__init__.py to __init__.pyc
byte-compiling build/bdist.linux-x86_64/egg/faker/providers/address/it_IT/__init__.py to __init__.pyc
byte-compiling build/bdist.linux-x86_64/egg/faker/providers/address/nl_NL/__init__.py to __init__.pyc
byte-compiling build/bdist.linux-x86_64/egg/faker/providers/address/en_US/__init__.py to __init__.pyc
byte-compiling build/bdist.linux-x86_64/egg/faker/providers/address/sl_SI/__init__.py to __init__.pyc
byte-compiling build/bdist.linux-x86_64/egg/faker/providers/address/ja_JP/__init__.py to __init__.pyc
byte-compiling build/bdist.linux-x86_64/egg/faker/providers/address/ko_KR/__init__.py to __init__.pyc
byte-compiling build/bdist.linux-x86_64/egg/faker/providers/address/hi_IN/__init__.py to __init__.pyc
byte-compiling build/bdist.linux-x86_64/egg/faker/providers/address/en_CA/__init__.py to __init__.pyc
byte-compiling build/bdist.linux-x86_64/egg/faker/providers/address/zh_CN/__init__.py to __init__.pyc
byte-compiling build/bdist.linux-x86_64/egg/faker/providers/address/el_GR/__init__.py to __init__.pyc
byte-compiling build/bdist.linux-x86_64/egg/faker/providers/address/fi_FI/__init__.py to __init__.pyc
byte-compiling build/bdist.linux-x86_64/egg/faker/providers/address/es/__init__.py to __init__.pyc
byte-compiling build/bdist.linux-x86_64/egg/faker/providers/address/en_GB/__init__.py to __init__.pyc
byte-compiling build/bdist.linux-x86_64/egg/faker/providers/address/es_ES/__init__.py to __init__.pyc
byte-compiling build/bdist.linux-x86_64/egg/faker/providers/address/pt_PT/__init__.py to __init__.pyc
byte-compiling build/bdist.linux-x86_64/egg/faker/providers/address/fa_IR/__init__.py to __init__.pyc
byte-compiling build/bdist.linux-x86_64/egg/faker/providers/address/en/__init__.py to __init__.pyc
byte-compiling build/bdist.linux-x86_64/egg/faker/providers/address/sk_SK/__init__.py to __init__.pyc
byte-compiling build/bdist.linux-x86_64/egg/faker/providers/address/no_NO/__init__.py to __init__.pyc
byte-compiling build/bdist.linux-x86_64/egg/faker/providers/address/sv_SE/__init__.py to __init__.pyc
byte-compiling build/bdist.linux-x86_64/egg/faker/providers/address/de_DE/__init__.py to __init__.pyc
byte-compiling build/bdist.linux-x86_64/egg/faker/providers/address/cs_CZ/__init__.py to __init__.pyc
byte-compiling build/bdist.linux-x86_64/egg/faker/providers/address/__init__.py to __init__.pyc
byte-compiling build/bdist.linux-x86_64/egg/faker/providers/address/fr_FR/__init__.py to __init__.pyc
byte-compiling build/bdist.linux-x86_64/egg/faker/providers/address/pt_BR/__init__.py to __init__.pyc
byte-compiling build/bdist.linux-x86_64/egg/faker/providers/lorem/el_GR/__init__.py to __init__.pyc
byte-compiling build/bdist.linux-x86_64/egg/faker/providers/lorem/la/__init__.py to __init__.pyc
byte-compiling build/bdist.linux-x86_64/egg/faker/providers/lorem/__init__.py to __init__.pyc
byte-compiling build/bdist.linux-x86_64/egg/faker/providers/lorem/ru_RU/__init__.py to __init__.pyc
byte-compiling build/bdist.linux-x86_64/egg/faker/providers/ssn/zh_TW/__init__.py to __init__.pyc
byte-compiling build/bdist.linux-x86_64/egg/faker/providers/ssn/it_IT/__init__.py to __init__.pyc
byte-compiling build/bdist.linux-x86_64/egg/faker/providers/ssn/nl_NL/__init__.py to __init__.pyc
byte-compiling build/bdist.linux-x86_64/egg/faker/providers/ssn/en_US/__init__.py to __init__.pyc
byte-compiling build/bdist.linux-x86_64/egg/faker/providers/ssn/ko_KR/__init__.py to __init__.pyc
byte-compiling build/bdist.linux-x86_64/egg/faker/providers/ssn/uk_UA/__init__.py to __init__.pyc
byte-compiling build/bdist.linux-x86_64/egg/faker/providers/ssn/en_CA/__init__.py to __init__.pyc
byte-compiling build/bdist.linux-x86_64/egg/faker/providers/ssn/fi_FI/__init__.py to __init__.pyc
byte-compiling build/bdist.linux-x86_64/egg/faker/providers/ssn/sv_SE/__init__.py to __init__.pyc
byte-compiling build/bdist.linux-x86_64/egg/faker/providers/ssn/__init__.py to __init__.pyc
byte-compiling build/bdist.linux-x86_64/egg/faker/__init__.py to __init__.pyc
byte-compiling build/bdist.linux-x86_64/egg/faker/documentor.py to documentor.pyc
creating build/bdist.linux-x86_64/egg/EGG-INFO
installing scripts to build/bdist.linux-x86_64/egg/EGG-INFO/scripts
running install_scripts
running build_scripts
creating build/scripts-2.7
copying and adjusting faker/bin/faker -> build/scripts-2.7
changing mode of build/scripts-2.7/faker from 664 to 775
creating build/bdist.linux-x86_64/egg/EGG-INFO/scripts
copying build/scripts-2.7/faker -> build/bdist.linux-x86_64/egg/EGG-INFO/scripts
changing mode of build/bdist.linux-x86_64/egg/EGG-INFO/scripts/faker to 775
copying fake_factory.egg-info/PKG-INFO -> build/bdist.linux-x86_64/egg/EGG-INFO
copying fake_factory.egg-info/SOURCES.txt -> build/bdist.linux-x86_64/egg/EGG-INFO
copying fake_factory.egg-info/dependency_links.txt -> build/bdist.linux-x86_64/egg/EGG-INFO
copying fake_factory.egg-info/not-zip-safe -> build/bdist.linux-x86_64/egg/EGG-INFO
copying fake_factory.egg-info/top_level.txt -> build/bdist.linux-x86_64/egg/EGG-INFO
creating dist
creating 'dist/fake_factory-0.5.2-py2.7.egg' and adding 'build/bdist.linux-x86_64/egg' to it
removing 'build/bdist.linux-x86_64/egg' (and everything under it)
Processing fake_factory-0.5.2-py2.7.egg
creating /home/ubuntu/miniconda/envs/_build/lib/python2.7/site-packages/fake_factory-0.5.2-py2.7.egg
Extracting fake_factory-0.5.2-py2.7.egg to /home/ubuntu/miniconda/envs/_build/lib/python2.7/site-packages
Adding fake-factory 0.5.2 to easy-install.pth file
Installing faker script to /home/ubuntu/miniconda/envs/_build/bin

Installed /home/ubuntu/miniconda/envs/_build/lib/python2.7/site-packages/fake_factory-0.5.2-py2.7.egg
Processing dependencies for fake-factory==0.5.2
Finished processing dependencies for fake-factory==0.5.2

The following NEW packages will be INSTALLED:

    openssl:    1.0.1k-1    
    pip:        7.0.3-py27_0
    python:     2.7.10-0    
    readline:   6.2-2       
    setuptools: 17.0-py27_0 
    sqlite:     3.8.4.1-1   
    system:     5.8-2       
    tk:         8.5.18-0    
    zlib:       1.2.8-0     

Linking packages ...
[                    ]|                                                  |   0%[openssl             ]|                                                  |   0%[readline            ]|#####                                             |  11%[sqlite              ]|###########                                       |  22%[system              ]|################                                  |  33%[tk                  ]|######################                            |  44%[zlib                ]|###########################                       |  55%[python              ]|#################################                 |  66%[setuptools          ]|######################################            |  77%[pip                 ]|############################################      |  88%[      COMPLETE      ]|##################################################| 100%
Removing old work directory
Source cache directory is: /home/ubuntu/miniconda/conda-bld/src_cache
Found source in cache: fake-factory-0.5.2.tar.gz
Extracting download
Package: fake-factory-0.5.2-py27_0
source tree in: /home/ubuntu/miniconda/conda-bld/work/fake-factory-0.5.2
found egg dir: /home/ubuntu/miniconda/envs/_build/lib/python2.7/site-packages/fake_factory-0.5.2-py2.7.egg
number of files: 376
Fixing permissions
Detected hard-coded path in text file bin/faker
Fixing permissions
BUILD END: fake-factory-0.5.2-py27_0
TEST START: fake-factory-0.5.2-py27_0
Fetching package metadata: ......
Solving package specifications: .
The following packages will be downloaded:

    package                    |            build
    ---------------------------|-----------------
    fake-factory-0.5.2         |           py27_0         680 KB

The following NEW packages will be INSTALLED:

    fake-factory: 0.5.2-py27_0
    openssl:      1.0.1k-1    
    pip:          7.0.3-py27_0
    python:       2.7.10-0    
    readline:     6.2-2       
    setuptools:   17.0-py27_0 
    sqlite:       3.8.4.1-1   
    system:       5.8-2       
    tk:           8.5.18-0    
    zlib:         1.2.8-0     

Fetching packages ...
fake-factory-0   0% |                              | ETA:  --:--:--   0.00  B/sfake-factory-0   2% |                               | ETA:  0:00:00  46.28 MB/sfake-factory-0   4% |#                              | ETA:  0:00:00  57.99 MB/sfake-factory-0   7% |##                             | ETA:  0:00:00  65.10 MB/sfake-factory-0   9% |##                             | ETA:  0:00:00  69.36 MB/sfake-factory-0  11% |###                            | ETA:  0:00:00  72.18 MB/sfake-factory-0  14% |####                           | ETA:  0:00:00  74.53 MB/sfake-factory-0  16% |#####                          | ETA:  0:00:00  76.31 MB/sfake-factory-0  18% |#####                          | ETA:  0:00:00  77.75 MB/sfake-factory-0  21% |######                         | ETA:  0:00:00  14.73 MB/sfake-factory-0  23% |#######                        | ETA:  0:00:00  16.07 MB/sfake-factory-0  25% |########                       | ETA:  0:00:00  17.37 MB/sfake-factory-0  28% |########                       | ETA:  0:00:00  18.62 MB/sfake-factory-0  30% |#########                      | ETA:  0:00:00  19.83 MB/sfake-factory-0  32% |##########                     | ETA:  0:00:00  21.00 MB/sfake-factory-0  35% |##########                     | ETA:  0:00:00  22.13 MB/sfake-factory-0  37% |###########                    | ETA:  0:00:00  23.23 MB/sfake-factory-0  40% |############                   | ETA:  0:00:00  24.29 MB/sfake-factory-0  42% |#############                  | ETA:  0:00:00  25.31 MB/sfake-factory-0  44% |#############                  | ETA:  0:00:00  26.27 MB/sfake-factory-0  47% |##############                 | ETA:  0:00:00  27.22 MB/sfake-factory-0  49% |###############                | ETA:  0:00:00  28.16 MB/sfake-factory-0  51% |################               | ETA:  0:00:00  29.08 MB/sfake-factory-0  54% |################               | ETA:  0:00:00  29.96 MB/sfake-factory-0  56% |#################              | ETA:  0:00:00  30.82 MB/sfake-factory-0  58% |##################             | ETA:  0:00:00  31.65 MB/sfake-factory-0  61% |##################             | ETA:  0:00:00  32.47 MB/sfake-factory-0  63% |###################            | ETA:  0:00:00  33.26 MB/sfake-factory-0  65% |####################           | ETA:  0:00:00  34.02 MB/sfake-factory-0  68% |#####################          | ETA:  0:00:00  34.77 MB/sfake-factory-0  70% |#####################          | ETA:  0:00:00  35.50 MB/sfake-factory-0  72% |######################         | ETA:  0:00:00  36.21 MB/sfake-factory-0  75% |#######################        | ETA:  0:00:00  36.89 MB/sfake-factory-0  77% |########################       | ETA:  0:00:00  37.57 MB/sfake-factory-0  80% |########################       | ETA:  0:00:00  38.22 MB/sfake-factory-0  82% |#########################      | ETA:  0:00:00  38.87 MB/sfake-factory-0  84% |##########################     | ETA:  0:00:00  39.49 MB/sfake-factory-0  87% |##########################     | ETA:  0:00:00  40.10 MB/sfake-factory-0  89% |###########################    | ETA:  0:00:00  40.70 MB/sfake-factory-0  91% |############################   | ETA:  0:00:00  41.29 MB/sfake-factory-0  94% |#############################  | ETA:  0:00:00  41.85 MB/sfake-factory-0  96% |#############################  | ETA:  0:00:00  42.36 MB/sfake-factory-0  98% |############################## | ETA:  0:00:00  42.90 MB/sfake-factory-0 100% |###############################| ETA:  0:00:===== testing package: fake-factory-0.5.2-py27_0 =====
import: u'faker'
import: u'faker.providers'
import: u'faker.providers.address'
import: u'faker.providers.address.cs_CZ'
import: u'faker.providers.address.de_DE'
import: u'faker.providers.address.el_GR'
import: u'faker.providers.address.en'
import: u'faker.providers.address.en_CA'
import: u'faker.providers.address.en_GB'
import: u'faker.providers.address.en_US'
import: u'faker.providers.address.es'
import: u'faker.providers.address.es_ES'
import: u'faker.providers.address.es_MX'
import: u'faker.providers.address.fa_IR'
import: u'faker.providers.address.fi_FI'
import: u'faker.providers.address.fr_FR'
import: u'faker.providers.address.hi_IN'
import: u'faker.providers.address.it_IT'
import: u'faker.providers.address.ja_JP'
import: u'faker.providers.address.ko_KR'
import: u'faker.providers.address.nl_NL'
import: u'faker.providers.address.no_NO'
import: u'faker.providers.address.pl_PL'
import: u'faker.providers.address.pt_BR'
import: u'faker.providers.address.pt_PT'
import: u'faker.providers.address.sk_SK'
import: u'faker.providers.address.sl_SI'
import: u'faker.providers.address.sv_SE'
import: u'faker.providers.address.zh_CN'
import: u'faker.providers.address.zh_TW'
import: u'faker.providers.barcode'
import: u'faker.providers.barcode.en_US'
import: u'faker.providers.color'
import: u'faker.providers.color.en_US'
import: u'faker.providers.company'
import: u'faker.providers.company.bg_BG'
import: u'faker.providers.company.cs_CZ'
import: u'faker.providers.company.de_DE'
import: u'faker.providers.company.en_US'
import: u'faker.providers.company.es_MX'
import: u'faker.providers.company.fi_FI'
import: u'faker.providers.company.fr_FR'
import: u'faker.providers.company.it_IT'
import: u'faker.providers.company.ja_JP'
import: u'faker.providers.company.ko_KR'
import: u'faker.providers.company.no_NO'
import: u'faker.providers.company.pt_BR'
import: u'faker.providers.company.pt_PT'
import: u'faker.providers.company.sk_SK'
import: u'faker.providers.company.sl_SI'
import: u'faker.providers.company.sv_SE'
import: u'faker.providers.company.zh_CN'
import: u'faker.providers.company.zh_TW'
import: u'faker.providers.credit_card'
import: u'faker.providers.credit_card.en_US'
import: u'faker.providers.currency'
import: u'faker.providers.currency.en_US'
import: u'faker.providers.date_time'
import: u'faker.providers.date_time.en_US'
import: u'faker.providers.file'
import: u'faker.providers.file.en_US'
import: u'faker.providers.internet'
import: u'faker.providers.internet.bg_BG'
import: u'faker.providers.internet.cs_CZ'
import: u'faker.providers.internet.de_AT'
import: u'faker.providers.internet.de_DE'
import: u'faker.providers.internet.el_GR'
import: u'faker.providers.internet.en_US'
import: u'faker.providers.internet.fi_FI'
import: u'faker.providers.internet.fr_FR'
import: u'faker.providers.internet.ko_KR'
import: u'faker.providers.internet.no_NO'
import: u'faker.providers.internet.pt_BR'
import: u'faker.providers.internet.pt_PT'
import: u'faker.providers.internet.sk_SK'
import: u'faker.providers.internet.sl_SI'
import: u'faker.providers.internet.sv_SE'
import: u'faker.providers.job'
import: u'faker.providers.job.en_US'
import: u'faker.providers.job.pl_PL'
import: u'faker.providers.job.ru_RU'
import: u'faker.providers.job.uk_UA'
import: u'faker.providers.lorem'
import: u'faker.providers.lorem.el_GR'
import: u'faker.providers.lorem.la'
import: u'faker.providers.lorem.ru_RU'
import: u'faker.providers.misc'
import: u'faker.providers.misc.en_US'
import: u'faker.providers.person'
import: u'faker.providers.person.bg_BG'
import: u'faker.providers.person.cs_CZ'
import: u'faker.providers.person.de_AT'
import: u'faker.providers.person.de_DE'
import: u'faker.providers.person.dk_DK'
import: u'faker.providers.person.el_GR'
import: u'faker.providers.person.en'
import: u'faker.providers.person.en_US'
import: u'faker.providers.person.es_ES'
import: u'faker.providers.person.es_MX'
import: u'faker.providers.person.fa_IR'
import: u'faker.providers.person.fi_FI'
import: u'faker.providers.person.fr_FR'
import: u'faker.providers.person.hi_IN'
import: u'faker.providers.person.it_IT'
import: u'faker.providers.person.ja_JP'
import: u'faker.providers.person.ko_KR'
import: u'faker.providers.person.lt_LT'
import: u'faker.providers.person.lv_LV'
import: u'faker.providers.person.ne_NP'
import: u'faker.providers.person.nl_NL'
import: u'faker.providers.person.no_NO'
import: u'faker.providers.person.pl_PL'
import: u'faker.providers.person.pt_BR'
import: u'faker.providers.person.pt_PT'
import: u'faker.providers.person.ru_RU'
import: u'faker.providers.person.sl_SI'
import: u'faker.providers.person.sv_SE'
import: u'faker.providers.person.tr_TR'
import: u'faker.providers.person.uk_UA'
import: u'faker.providers.person.zh_CN'
import: u'faker.providers.person.zh_TW'
import: u'faker.providers.phone_number'
import: u'faker.providers.phone_number.bg_BG'
import: u'faker.providers.phone_number.cs_CZ'
import: u'faker.providers.phone_number.de_DE'
import: u'faker.providers.phone_number.dk_DK'
import: u'faker.providers.phone_number.el_GR'
import: u'faker.providers.phone_number.en_CA'
import: u'faker.providers.phone_number.en_GB'
import: u'faker.providers.phone_number.en_US'
import: u'faker.providers.phone_number.es_ES'
import: u'faker.providers.phone_number.es_MX'
import: u'faker.providers.phone_number.fa_IR'
import: u'faker.providers.phone_number.fi_FI'
import: u'faker.providers.phone_number.fr_FR'
import: u'faker.providers.phone_number.hi_IN'
import: u'faker.providers.phone_number.it_IT'
import: u'faker.providers.phone_number.ja_JP'
import: u'faker.providers.phone_number.ko_KR'
import: u'faker.providers.phone_number.lt_LT'
import: u'faker.providers.phone_number.lv_LV'
import: u'faker.providers.phone_number.ne_NP'
import: u'faker.providers.phone_number.nl_NL'
import: u'faker.providers.phone_number.no_NO'
import: u'faker.providers.phone_number.pl_PL'
import: u'faker.providers.phone_number.pt_BR'
import: u'faker.providers.phone_number.pt_PT'
import: u'faker.providers.phone_number.ru_RU'
import: u'faker.providers.phone_number.sk_SK'
import: u'faker.providers.phone_number.sl_SI'
import: u'faker.providers.phone_number.sv_SE'
import: u'faker.providers.phone_number.tr_TR'
import: u'faker.providers.phone_number.uk_UA'
import: u'faker.providers.phone_number.zh_CN'
import: u'faker.providers.phone_number.zh_TW'
import: u'faker.providers.profile'
import: u'faker.providers.profile.en_US'
import: u'faker.providers.python'
import: u'faker.providers.python.en_US'
import: u'faker.providers.ssn'
import: u'faker.providers.ssn.en_CA'
import: u'faker.providers.ssn.en_US'
import: u'faker.providers.ssn.fi_FI'
import: u'faker.providers.ssn.it_IT'
import: u'faker.providers.ssn.ko_KR'
import: u'faker.providers.ssn.nl_NL'
import: u'faker.providers.ssn.sv_SE'
import: u'faker.providers.ssn.uk_UA'
import: u'faker.providers.ssn.zh_TW'
import: u'faker.providers.user_agent'
import: u'faker.providers.user_agent.en_US'
import: u'faker.shims'
import: u'faker.utils'
===== fake-factory-0.5.2-py27_0 OK =====
00  42.97 MB/sfake-factory-0 100% |###############################| Time: 0:00:00  42.34 MB/s
Extracting packages ...
[      COMPLETE      ]|                                                  |   0%[fake-factory        ]|                                                  |   0%[fake-factory        ]|                                                  |   0%[      COMPLETE      ]|##################################################| 100%
Linking packages ...
[      COMPLETE      ]|                                                  |   0%[openssl             ]|                                                  |   0%[openssl             ]|                                                  |   0%[readline            ]|#####                                             |  10%[sqlite              ]|##########                                        |  20%[system              ]|###############                                   |  30%[tk                  ]|####################                              |  40%[zlib                ]|#########################                         |  50%[fake-factory        ]|##############################                    |  60%[python              ]|###################################               |  70%[setuptools          ]|########################################          |  80%[pip                 ]|#############################################     |  90%[      COMPLETE      ]|##################################################| 100%
TEST END: fake-factory-0.5.2-py27_0
# If you want to upload this package to binstar.org later, type:
#
# $ binstar upload /home/ubuntu/miniconda/conda-bld/linux-64/fake-factory-0.5.2-py27_0.tar.bz2
#
# To have conda build upload to binstar automatically, use
# $ conda config --set binstar_upload yes

