Warning, the following versions were found for falcon
0.3.0
0.3.0rc2
0.3.0rc1
0.2
0.2.0rc2
0.2.0rc1
0.2.0b2
0.2.0b1
0.2.0a1
0.1.10
0.1.9
0.1.8
0.1.8rc3
0.1.8rc2
0.1.8.rc1
0.1.8rc1
0.1.7
0.1.6.post3
0.1.6.post2
0.1.6.post1
0.1.6
0.1.5
0.1.4
0.1.3
0.1.2
0.1.1
0.1.0
0.0.1
Using 0.3.0
Use --version to specify a different version.
Using url https://pypi.python.org/packages/source/f/falcon/falcon-0.3.0.tar.gz (284 KB) for falcon.
Downloading falcon (use --no-download to skip this step)
Using cached download
Unpacking falcon...
done
working in /tmp/tmp82jJFkconda_skeleton_falcon-0.3.0.tar.gz
Fetching package metadata: ......
Solving package specifications: .patching file core.py
Hunk #1 succeeded at 168 with fuzz 2 (offset 2 lines).
Traceback (most recent call last):
  File "setup.py", line 6, in <module>
    from setuptools import setup, find_packages, Extension
ImportError: No module named setuptools

Applying patch: '/tmp/tmp82jJFkconda_skeleton_falcon-0.3.0.tar.gz/pypi-distutils.patch'
$PYTHONPATH = /tmp/tmp82jJFkconda_skeleton_falcon-0.3.0.tar.gz/falcon-0.3.0
Error: command failed: /home/ubuntu/miniconda/envs/_build/bin/python setup.py install
