Warning, the following versions were found for fastavro
0.8.1
0.8.0
0.7.10
0.7.9
0.7.8
0.7.7
0.7.6
0.7.5
0.7.4
0.7.3
0.7.2
0.7.1
0.7.0
0.6.10
0.6.9
0.6.8
0.6.7
0.6.6
0.6.5
0.6.4
0.6.3
0.6.2
0.6.1
0.6.0
0.5.0
0.4.2
0.4.1
0.4.0
0.3.2
0.3.1
0.3.0
0.2.2
0.2.1
0.2.0
0.1.0
Using 0.8.1
Use --version to specify a different version.
Using url https://pypi.python.org/packages/source/f/fastavro/fastavro-0.8.1.tar.gz (164 KB) for fastavro.
Downloading fastavro (use --no-download to skip this step)
Unpacking fastavro...
done
working in /tmp/tmpsZnM_Tconda_skeleton_fastavro-0.8.1.tar.gz
Fetching package metadata: ......
Solving package specifications: .patching file core.py
Hunk #1 succeeded at 168 with fuzz 2 (offset 2 lines).

Applying patch: '/tmp/tmpsZnM_Tconda_skeleton_fastavro-0.8.1.tar.gz/pypi-distutils.patch'
Writing recipe for fastavro
Done
