More than one source version is available for feedparser:
Using the one with the least source size
use --manual-url to override this behavior
Using url https://pypi.python.org/packages/source/f/feedparser/feedparser-5.2.0.post1.tar.bz2 (188 KB) for feedparser.
Downloading feedparser (use --no-download to skip this step)
Using cached download
Unpacking feedparser...
done
working in /tmp/tmpC8oLvcconda_skeleton_feedparser-5.2.0.post1.tar.bz2
Fetching package metadata: ......
Solving package specifications: .patching file core.py
Hunk #1 succeeded at 168 with fuzz 2 (offset 2 lines).

The following NEW packages will be INSTALLED:

    numpy:      1.9.2-py27_0
    openssl:    1.0.1k-1    
    pip:        6.1.1-py27_0
    python:     2.7.9-3     
    pyyaml:     3.11-py27_0 
    readline:   6.2-2       
    setuptools: 16.0-py27_0 
    sqlite:     3.8.4.1-1   
    system:     5.8-2       
    tk:         8.5.18-0    
    yaml:       0.1.4-0     
    zlib:       1.2.8-0     

Linking packages ...
[                    ]|                                                  |   0%[openssl             ]|                                                  |   0%[readline            ]|####                                              |   8%[sqlite              ]|########                                          |  16%[system              ]|############                                      |  25%[tk                  ]|################                                  |  33%[yaml                ]|####################                              |  41%[zlib                ]|#########################                         |  50%[numpy               ]|#############################                     |  58%[python              ]|#################################                 |  66%[pyyaml              ]|#####################################             |  75%[setuptools          ]|#########################################         |  83%[pip                 ]|#############################################     |  91%[      COMPLETE      ]|##################################################| 100%
Applying patch: '/tmp/tmpC8oLvcconda_skeleton_feedparser-5.2.0.post1.tar.bz2/pypi-distutils.patch'
No license could be found for feedparser on PyPI or in the source. What license should I use? Writing recipe for feedparser
Done
