Warning, the following versions were found for filechunkio
1.6
1.5
Using 1.6
Use --version to specify a different version.
Using url https://pypi.python.org/packages/source/f/filechunkio/filechunkio-1.6.tar.gz (3 KB) for filechunkio.
Downloading filechunkio (use --no-download to skip this step)
Using cached download
Unpacking filechunkio...
done
working in /tmp/tmpQpi8Owconda_skeleton_filechunkio-1.6.tar.gz
Fetching package metadata: ......
Solving package specifications: .patching file core.py
Hunk #1 succeeded at 168 with fuzz 2 (offset 2 lines).

The following NEW packages will be INSTALLED:

    numpy:  1.9.2-py27_0
    pyyaml: 3.11-py27_0 

Linking packages ...
[                    ]|                                                  |   0%[numpy               ]|                                                  |   0%[pyyaml              ]|#########################                         |  50%[      COMPLETE      ]|##################################################| 100%
Applying patch: '/tmp/tmpQpi8Owconda_skeleton_filechunkio-1.6.tar.gz/pypi-distutils.patch'
Writing recipe for filechunkio
Done
