Removing old build directory
Removing old work directory
BUILD START: filechunkio-1.6-py_0
Fetching package metadata: ......
Solving package specifications: .+ pip install filechunkio
Collecting filechunkio
  Downloading http://localhost/packages/source/f/filechunkio/filechunkio-1.6.tar.gz
Installing collected packages: filechunkio
  Running setup.py install for filechunkio
Successfully installed filechunkio-1.6

The following NEW packages will be INSTALLED:

    openssl:    1.0.1k-1    
    pip:        7.0.3-py27_0
    python:     2.7.10-0    
    readline:   6.2-2       
    setuptools: 17.0-py27_0 
    sqlite:     3.8.4.1-1   
    system:     5.8-2       
    tk:         8.5.18-0    
    zlib:       1.2.8-0     

Linking packages ...
[                    ]|                                                  |   0%[openssl             ]|                                                  |   0%[readline            ]|#####                                             |  11%[sqlite              ]|###########                                       |  22%[system              ]|################                                  |  33%[tk                  ]|######################                            |  44%[zlib                ]|###########################                       |  55%[python              ]|#################################                 |  66%[setuptools          ]|######################################            |  77%[pip                 ]|############################################      |  88%[      COMPLETE      ]|##################################################| 100%
Removing old work directory
Copying /home/ubuntu/pypi-conda-builds/filechunkio to /home/ubuntu/miniconda/conda-bld/work
Package: filechunkio-1.6-py_0
source tree in: /home/ubuntu/miniconda/conda-bld/work
number of files: 11
Fixing permissions
Fixing permissions
BUILD END: filechunkio-1.6-py_0
# If you want to upload this package to binstar.org later, type:
#
# $ binstar upload /home/ubuntu/miniconda/conda-bld/noarch/filechunkio-1.6-py_0.tar.bz2
#
# To have conda build upload to binstar automatically, use
# $ conda config --set binstar_upload yes

Package search: {'_pypi_ordering': False, 'version': '1.6', 'name': 'filechunkio', 'summary': 'FileChunkIO represents a chunk of an OS-level file containing bytes data'}
Creating standard recipe for filechunkio-1.6
Converting recipe in /home/ubuntu/pypi-conda-builds/filechunkio
package = filechunkio
   dependencies = []
Building conda package for filechunkio
