Warning, the following versions were found for fixtures
1.2.0
1.1.0
1.0.0
0.3.17
0.3.16
0.3.15
0.3.14
0.3.13
0.3.12
0.3.11
0.3.10
0.3.9
0.3.8
0.3.7
0.3.6
0.3.5
0.3.4
0.3.3
0.3.2
0.3.1
0.3
0.2
0.1
Using 1.2.0
Use --version to specify a different version.
Using url https://pypi.python.org/packages/source/f/fixtures/fixtures-1.2.0.tar.gz (44 KB) for fixtures.
Downloading fixtures (use --no-download to skip this step)
Using cached download
Unpacking fixtures...
done
working in /tmp/tmpV3mSfoconda_skeleton_fixtures-1.2.0.tar.gz
Fetching package metadata: ......
Solving package specifications: .patching file core.py
Hunk #1 succeeded at 168 with fuzz 2 (offset 2 lines).

The following NEW packages will be INSTALLED:

    numpy:      1.9.2-py27_0
    pip:        7.0.3-py27_0
    python:     2.7.10-0    
    pyyaml:     3.11-py27_0 
    setuptools: 17.0-py27_0 
    yaml:       0.1.4-0     

Linking packages ...
[                    ]|                                                  |   0%[yaml                ]|                                                  |   0%[numpy               ]|########                                          |  16%[python              ]|################                                  |  33%[pyyaml              ]|#########################                         |  50%[setuptools          ]|#################################                 |  66%[pip                 ]|#########################################         |  83%[      COMPLETE      ]|##################################################| 100%
Applying patch: '/tmp/tmpV3mSfoconda_skeleton_fixtures-1.2.0.tar.gz/pypi-distutils.patch'
Writing recipe for fixtures
Done
