Warning, the following versions were found for flake8-import-order
0.6.1
0.6
0.5.3
0.5.2
0.5.1
0.5
0.4.3
0.4.2
0.4.1
0.4
0.3.2
0.3.1
0.3
0.2
0.1
Using 0.6.1
Use --version to specify a different version.
Using url https://pypi.python.org/packages/source/f/flake8-import-order/flake8-import-order-0.6.1.tar.gz (8 KB) for flake8-import-order.
Downloading flake8-import-order (use --no-download to skip this step)
Using cached download
Unpacking flake8-import-order...
done
working in /tmp/tmpDReBbYconda_skeleton_flake8-import-order-0.6.1.tar.gz
Fetching package metadata: ......
Solving package specifications: .patching file core.py
Hunk #1 succeeded at 168 with fuzz 2 (offset 2 lines).
Traceback (most recent call last):
  File "setup.py", line 2, in <module>
    from setuptools import setup, find_packages
ImportError: No module named setuptools

Applying patch: '/tmp/tmpDReBbYconda_skeleton_flake8-import-order-0.6.1.tar.gz/pypi-distutils.patch'
$PYTHONPATH = /tmp/tmpDReBbYconda_skeleton_flake8-import-order-0.6.1.tar.gz/flake8-import-order-0.6.1
Error: command failed: /home/ubuntu/miniconda/envs/_build/bin/python setup.py install
