Package search: {'_pypi_ordering': False, 'version': '0.11', 'name': 'Flask-WTF', 'summary': 'Simple integration of Flask and WTForms'}
Fetching package metadata: ....
Removing old build directory
Removing old work directory
BUILD START: flask-wtf-0.11-py27_0
Fetching package metadata: ......
Solving package specifications: .+ pip install Flask-WTF
Collecting Flask-WTF
  Downloading http://localhost/packages/2.7/F/Flask-WTF/Flask_WTF-0.11-py2.py3-none-any.whl
Requirement already satisfied (use --upgrade to upgrade): Flask in /home/ubuntu/miniconda/envs/_build/lib/python2.7/site-packages (from Flask-WTF)
Requirement already satisfied (use --upgrade to upgrade): Werkzeug>=0.9.5 in /home/ubuntu/miniconda/envs/_build/lib/python2.7/site-packages (from Flask-WTF)
Requirement already satisfied (use --upgrade to upgrade): WTForms>=1.0.5 in /home/ubuntu/miniconda/envs/_build/lib/python2.7/site-packages (from Flask-WTF)
Installing collected packages: Flask-WTF
Successfully installed Flask-WTF-0.11

The following NEW packages will be INSTALLED:

    flask:        0.10.1-py27_1
    itsdangerous: 0.24-py27_0  
    jinja2:       2.7.3-py27_1 
    markupsafe:   0.23-py27_0  
    openssl:      1.0.1k-1     
    pip:          7.0.3-py27_0 
    python:       2.7.10-0     
    readline:     6.2-2        
    setuptools:   17.0-py27_0  
    sqlite:       3.8.4.1-1    
    system:       5.8-2        
    tk:           8.5.18-0     
    werkzeug:     0.10.4-py27_0
    wtforms:      2.0.2-py27_0 
    zlib:         1.2.8-0      

Linking packages ...
[                    ]|                                                  |   0%[openssl             ]|                                                  |   0%[readline            ]|###                                               |   6%[sqlite              ]|######                                            |  13%[system              ]|##########                                        |  20%[tk                  ]|#############                                     |  26%[zlib                ]|################                                  |  33%[itsdangerous        ]|####################                              |  40%[markupsafe          ]|#######################                           |  46%[python              ]|##########################                        |  53%[setuptools          ]|##############################                    |  60%[werkzeug            ]|#################################                 |  66%[wtforms             ]|####################################              |  73%[jinja2              ]|########################################          |  80%[pip                 ]|###########################################       |  86%[flask               ]|##############################################    |  93%[      COMPLETE      ]|##################################################| 100%
Removing old work directory
Copying /home/ubuntu/pypi-conda-builds/flask-wtf to /home/ubuntu/miniconda/conda-bld/work
Package: flask-wtf-0.11-py27_0
source tree in: /home/ubuntu/miniconda/conda-bld/work
number of files: 29
Fixing permissions
Fixing permissions
BUILD END: flask-wtf-0.11-py27_0
# If you want to upload this package to binstar.org later, type:
#
# $ binstar upload /home/ubuntu/miniconda/conda-bld/linux-64/flask-wtf-0.11-py27_0.tar.bz2
#
# To have conda build upload to binstar automatically, use
# $ conda config --set binstar_upload yes

Creating standard recipe for flask-wtf-0.11
Converting recipe in /home/ubuntu/pypi-conda-builds/flask-wtf
package = Flask-WTF
   dependencies = [u'flask', u'werkzeug >=0.9.5', u'wtforms >=1.0.5']
Building conda package for flask-wtf
