flask-script not found, trying Flask-Script
0
Using url https://pypi.python.org/packages/source/F/Flask-Script/Flask-Script-2.0.5.tar.gz (42 KB) for Flask-Script.
Downloading Flask-Script (use --no-download to skip this step)
Using cached download
Unpacking Flask-Script...
done
working in /tmp/tmp0GqIR8conda_skeleton_Flask-Script-2.0.5.tar.gz
Fetching package metadata: ......
Solving package specifications: .patching file core.py
Hunk #1 succeeded at 168 with fuzz 2 (offset 2 lines).

The following NEW packages will be INSTALLED:

    numpy:      1.9.2-py27_0
    openssl:    1.0.1k-1    
    pip:        7.0.1-py27_0
    python:     2.7.10-0    
    pyyaml:     3.11-py27_0 
    readline:   6.2-2       
    setuptools: 17.0-py27_0 
    sqlite:     3.8.4.1-1   
    system:     5.8-2       
    tk:         8.5.18-0    
    yaml:       0.1.4-0     
    zlib:       1.2.8-0     

Linking packages ...
[                    ]|                                                  |   0%[openssl             ]|                                                  |   0%[readline            ]|####                                              |   8%[sqlite              ]|########                                          |  16%[system              ]|############                                      |  25%[tk                  ]|################                                  |  33%[yaml                ]|####################                              |  41%[zlib                ]|#########################                         |  50%[numpy               ]|#############################                     |  58%[python              ]|#################################                 |  66%[pyyaml              ]|#####################################             |  75%[setuptools          ]|#########################################         |  83%[pip                 ]|#############################################     |  91%[      COMPLETE      ]|##################################################| 100%
Applying patch: '/tmp/tmp0GqIR8conda_skeleton_Flask-Script-2.0.5.tar.gz/pypi-distutils.patch'
flask not found, trying Flask
0
Using url https://pypi.python.org/packages/source/F/Flask/Flask-0.10.1.tar.gz (531 KB) for Flask.
Downloading Flask (use --no-download to skip this step)
Using cached download
Unpacking Flask...
done
working in /tmp/tmp9aom4jconda_skeleton_Flask-0.10.1.tar.gz
Solving package specifications: .patching file core.py
Hunk #1 succeeded at 168 with fuzz 2 (offset 2 lines).

Applying patch: '/tmp/tmp9aom4jconda_skeleton_Flask-0.10.1.tar.gz/pypi-distutils.patch'
Using url https://pypi.python.org/packages/source/i/itsdangerous/itsdangerous-0.24.tar.gz (45 KB) for itsdangerous.
Downloading itsdangerous (use --no-download to skip this step)
Using cached download
Unpacking itsdangerous...
done
working in /tmp/tmp4OMLRaconda_skeleton_itsdangerous-0.24.tar.gz
Solving package specifications: .patching file core.py
Hunk #1 succeeded at 168 with fuzz 2 (offset 2 lines).

Applying patch: '/tmp/tmp4OMLRaconda_skeleton_itsdangerous-0.24.tar.gz/pypi-distutils.patch'
werkzeug not found, trying Werkzeug
0
Using url https://pypi.python.org/packages/source/W/Werkzeug/Werkzeug-0.10.4.tar.gz (1.1 MB) for Werkzeug.
Downloading Werkzeug (use --no-download to skip this step)
Using cached download
Unpacking Werkzeug...
done
working in /tmp/tmpSOsTAoconda_skeleton_Werkzeug-0.10.4.tar.gz
Solving package specifications: .patching file core.py
Hunk #1 succeeded at 168 with fuzz 2 (offset 2 lines).

Applying patch: '/tmp/tmpSOsTAoconda_skeleton_Werkzeug-0.10.4.tar.gz/pypi-distutils.patch'
Writing recipe for flask
Writing recipe for itsdangerous
Writing recipe for flask-script
Writing recipe for werkzeug
Done
