There was an error importing jinja2.
Please run `conda install jinja2` to enable jinja template support
Removing old build directory
Removing old work directory
BUILD START: flask-login-0.2.11-py27_0
Fetching package metadata: ......
Solving package specifications: .There was an error importing jinja2.
Please run `conda install jinja2` to enable jinja template support
+ /home/ubuntu/miniconda/envs/_build/bin/python setup.py install
running install
running bdist_egg
running egg_info
writing requirements to Flask_Login.egg-info/requires.txt
writing Flask_Login.egg-info/PKG-INFO
writing top-level names to Flask_Login.egg-info/top_level.txt
writing dependency_links to Flask_Login.egg-info/dependency_links.txt
reading manifest file 'Flask_Login.egg-info/SOURCES.txt'
reading manifest template 'MANIFEST.in'
writing manifest file 'Flask_Login.egg-info/SOURCES.txt'
installing library code to build/bdist.linux-x86_64/egg
running install_lib
running build_py
creating build
creating build/lib
copying flask_login.py -> build/lib
creating build/bdist.linux-x86_64
creating build/bdist.linux-x86_64/egg
copying build/lib/flask_login.py -> build/bdist.linux-x86_64/egg
byte-compiling build/bdist.linux-x86_64/egg/flask_login.py to flask_login.pyc
creating build/bdist.linux-x86_64/egg/EGG-INFO
copying Flask_Login.egg-info/PKG-INFO -> build/bdist.linux-x86_64/egg/EGG-INFO
copying Flask_Login.egg-info/SOURCES.txt -> build/bdist.linux-x86_64/egg/EGG-INFO
copying Flask_Login.egg-info/dependency_links.txt -> build/bdist.linux-x86_64/egg/EGG-INFO
copying Flask_Login.egg-info/not-zip-safe -> build/bdist.linux-x86_64/egg/EGG-INFO
copying Flask_Login.egg-info/requires.txt -> build/bdist.linux-x86_64/egg/EGG-INFO
copying Flask_Login.egg-info/top_level.txt -> build/bdist.linux-x86_64/egg/EGG-INFO
creating dist
creating 'dist/Flask_Login-0.2.11-py2.7.egg' and adding 'build/bdist.linux-x86_64/egg' to it
removing 'build/bdist.linux-x86_64/egg' (and everything under it)
Processing Flask_Login-0.2.11-py2.7.egg
creating /home/ubuntu/miniconda/envs/_build/lib/python2.7/site-packages/Flask_Login-0.2.11-py2.7.egg
Extracting Flask_Login-0.2.11-py2.7.egg to /home/ubuntu/miniconda/envs/_build/lib/python2.7/site-packages
Adding Flask-Login 0.2.11 to easy-install.pth file

Installed /home/ubuntu/miniconda/envs/_build/lib/python2.7/site-packages/Flask_Login-0.2.11-py2.7.egg
Processing dependencies for Flask-Login==0.2.11
Searching for Flask==0.10.1
Best match: Flask 0.10.1
Adding Flask 0.10.1 to easy-install.pth file

Using /home/ubuntu/miniconda/envs/_build/lib/python2.7/site-packages
Finished processing dependencies for Flask-Login==0.2.11

The following NEW packages will be INSTALLED:

    flask:        0.10.1-py27_1
    itsdangerous: 0.24-py27_0  
    jinja2:       2.7.3-py27_1 
    markupsafe:   0.23-py27_0  
    openssl:      1.0.1k-1     
    pip:          6.1.1-py27_0 
    python:       2.7.9-3      
    readline:     6.2-2        
    setuptools:   16.0-py27_0  
    sqlite:       3.8.4.1-1    
    system:       5.8-2        
    tk:           8.5.18-0     
    werkzeug:     0.10.4-py27_0
    zlib:         1.2.8-0      

Linking packages ...
[                    ]|                                                  |   0%[openssl             ]|                                                  |   0%[readline            ]|###                                               |   7%[sqlite              ]|#######                                           |  14%[system              ]|##########                                        |  21%[tk                  ]|##############                                    |  28%[zlib                ]|#################                                 |  35%[itsdangerous        ]|#####################                             |  42%[markupsafe          ]|#########################                         |  50%[python              ]|############################                      |  57%[setuptools          ]|################################                  |  64%[werkzeug            ]|###################################               |  71%[jinja2              ]|#######################################           |  78%[pip                 ]|##########################################        |  85%[flask               ]|##############################################    |  92%[      COMPLETE      ]|##################################################| 100%
Removing old work directory
Source cache directory is: /home/ubuntu/miniconda/conda-bld/src_cache
Found source in cache: Flask-Login-0.2.11.tar.gz
Extracting download
Package: flask-login-0.2.11-py27_0
source tree in: /home/ubuntu/miniconda/conda-bld/work/Flask-Login-0.2.11
found egg dir: /home/ubuntu/miniconda/envs/_build/lib/python2.7/site-packages/Flask_Login-0.2.11-py2.7.egg
number of files: 3
Fixing permissions
Fixing permissions
BUILD END: flask-login-0.2.11-py27_0
Nothing to test for: flask-login-0.2.11-py27_0
# If you want to upload this package to binstar.org later, type:
#
# $ binstar upload /home/ubuntu/miniconda/conda-bld/linux-64/flask-login-0.2.11-py27_0.tar.bz2
#
# To have conda build upload to binstar automatically, use
# $ conda config --set binstar_upload yes

