Warning, the following versions were found for Flask-Babel
0.9
0.8
0.7
0.6
0.5.1
0.5
Using 0.9
Use --version to specify a different version.
Using url https://pypi.python.org/packages/source/F/Flask-Babel/Flask-Babel-0.9.tar.gz (38 KB) for Flask-Babel.
Downloading Flask-Babel (use --no-download to skip this step)
Using cached download
Unpacking Flask-Babel...
done
working in /tmp/tmpU71AmZconda_skeleton_Flask-Babel-0.9.tar.gz
Fetching package metadata: ......
Solving package specifications: .patching file core.py
Hunk #1 succeeded at 168 with fuzz 2 (offset 2 lines).
Traceback (most recent call last):
  File "setup.py", line 18, in <module>
    from setuptools import setup
ImportError: No module named setuptools

Applying patch: '/tmp/tmpU71AmZconda_skeleton_Flask-Babel-0.9.tar.gz/pypi-distutils.patch'
$PYTHONPATH = /tmp/tmpU71AmZconda_skeleton_Flask-Babel-0.9.tar.gz/Flask-Babel-0.9
Error: command failed: /home/ubuntu/miniconda/envs/_build/bin/python setup.py install
