Warning, the following versions were found for Flask-Cors
2.0.1
2.0.0
2.0.0rc1
1.10.3
1.10.2
1.10.1
1.10.0
1.9.0
1.8.1
1.8.0
1.7.4
1.7.3
1.7.2
1.7.1
1.7.0
1.6.1
1.6.0
1.5.0
1.4.0
1.3.1
1.3.0
1.2.1
1.2.0
1.1.3
1.1.2
1.1.1
1.1
1.0
Using 2.0.1
Use --version to specify a different version.
Using url https://pypi.python.org/packages/source/F/Flask-Cors/Flask-Cors-2.0.1.tar.gz (27 KB) for Flask-Cors.
Downloading Flask-Cors (use --no-download to skip this step)
Using cached download
Unpacking Flask-Cors...
done
working in /tmp/tmpGg6Ya2conda_skeleton_Flask-Cors-2.0.1.tar.gz
Fetching package metadata: ......
Solving package specifications: .patching file core.py
Hunk #1 succeeded at 168 with fuzz 2 (offset 2 lines).
Traceback (most recent call last):
  File "setup.py", line 12, in <module>
    from setuptools import setup
ImportError: No module named setuptools

Applying patch: '/tmp/tmpGg6Ya2conda_skeleton_Flask-Cors-2.0.1.tar.gz/pypi-distutils.patch'
$PYTHONPATH = /tmp/tmpGg6Ya2conda_skeleton_Flask-Cors-2.0.1.tar.gz/Flask-Cors-2.0.1
Error: command failed: /home/ubuntu/miniconda/envs/_build/bin/python setup.py install
