There was an error importing jinja2.
Please run `conda install jinja2` to enable jinja template support
Removing old build directory
Removing old work directory
BUILD START: flask-mail-0.9.1-py27_0
Fetching package metadata: ......
Solving package specifications: .There was an error importing jinja2.
Please run `conda install jinja2` to enable jinja template support
+ /home/ubuntu/miniconda/envs/_build/bin/python setup.py install
running install
running bdist_egg
running egg_info
writing requirements to Flask_Mail.egg-info/requires.txt
writing Flask_Mail.egg-info/PKG-INFO
writing top-level names to Flask_Mail.egg-info/top_level.txt
writing dependency_links to Flask_Mail.egg-info/dependency_links.txt
reading manifest file 'Flask_Mail.egg-info/SOURCES.txt'
reading manifest template 'MANIFEST.in'
warning: no previously-included files matching '*.pyc' found under directory 'docs'
warning: no previously-included files matching '*.pyo' found under directory 'docs'
no previously-included directories found matching 'docs/_build'
no previously-included directories found matching 'docs/_themes/.git'
writing manifest file 'Flask_Mail.egg-info/SOURCES.txt'
installing library code to build/bdist.linux-x86_64/egg
running install_lib
running build_py
creating build
creating build/lib
copying flask_mail.py -> build/lib
creating build/bdist.linux-x86_64
creating build/bdist.linux-x86_64/egg
copying build/lib/flask_mail.py -> build/bdist.linux-x86_64/egg
byte-compiling build/bdist.linux-x86_64/egg/flask_mail.py to flask_mail.pyc
creating build/bdist.linux-x86_64/egg/EGG-INFO
copying Flask_Mail.egg-info/PKG-INFO -> build/bdist.linux-x86_64/egg/EGG-INFO
copying Flask_Mail.egg-info/SOURCES.txt -> build/bdist.linux-x86_64/egg/EGG-INFO
copying Flask_Mail.egg-info/dependency_links.txt -> build/bdist.linux-x86_64/egg/EGG-INFO
copying Flask_Mail.egg-info/not-zip-safe -> build/bdist.linux-x86_64/egg/EGG-INFO
copying Flask_Mail.egg-info/requires.txt -> build/bdist.linux-x86_64/egg/EGG-INFO
copying Flask_Mail.egg-info/top_level.txt -> build/bdist.linux-x86_64/egg/EGG-INFO
creating dist
creating 'dist/Flask_Mail-0.9.1-py2.7.egg' and adding 'build/bdist.linux-x86_64/egg' to it
removing 'build/bdist.linux-x86_64/egg' (and everything under it)
Processing Flask_Mail-0.9.1-py2.7.egg
creating /home/ubuntu/miniconda/envs/_build/lib/python2.7/site-packages/Flask_Mail-0.9.1-py2.7.egg
Extracting Flask_Mail-0.9.1-py2.7.egg to /home/ubuntu/miniconda/envs/_build/lib/python2.7/site-packages
Adding Flask-Mail 0.9.1 to easy-install.pth file

Installed /home/ubuntu/miniconda/envs/_build/lib/python2.7/site-packages/Flask_Mail-0.9.1-py2.7.egg
Processing dependencies for Flask-Mail==0.9.1
Searching for blinker==1.3
Best match: blinker 1.3
Adding blinker 1.3 to easy-install.pth file

Using /home/ubuntu/miniconda/envs/_build/lib/python2.7/site-packages
Searching for Flask==0.10.1
Best match: Flask 0.10.1
Adding Flask 0.10.1 to easy-install.pth file

Using /home/ubuntu/miniconda/envs/_build/lib/python2.7/site-packages
Finished processing dependencies for Flask-Mail==0.9.1

The following NEW packages will be INSTALLED:

    blinker:      1.3-py27_0   
    flask:        0.10.1-py27_1
    itsdangerous: 0.24-py27_0  
    jinja2:       2.7.3-py27_1 
    markupsafe:   0.23-py27_0  
    openssl:      1.0.1k-1     
    pip:          6.1.1-py27_0 
    python:       2.7.9-3      
    readline:     6.2-2        
    setuptools:   16.0-py27_0  
    sqlite:       3.8.4.1-1    
    system:       5.8-2        
    tk:           8.5.18-0     
    werkzeug:     0.10.4-py27_0
    zlib:         1.2.8-0      

Linking packages ...
[                    ]|                                                  |   0%[openssl             ]|                                                  |   0%[readline            ]|###                                               |   6%[sqlite              ]|######                                            |  13%[system              ]|##########                                        |  20%[tk                  ]|#############                                     |  26%[zlib                ]|################                                  |  33%[blinker             ]|####################                              |  40%[itsdangerous        ]|#######################                           |  46%[markupsafe          ]|##########################                        |  53%[python              ]|##############################                    |  60%[setuptools          ]|#################################                 |  66%[werkzeug            ]|####################################              |  73%[jinja2              ]|########################################          |  80%[pip                 ]|###########################################       |  86%[flask               ]|##############################################    |  93%[      COMPLETE      ]|##################################################| 100%
Removing old work directory
Source cache directory is: /home/ubuntu/miniconda/conda-bld/src_cache
Found source in cache: Flask-Mail-0.9.1.tar.gz
Extracting download
Package: flask-mail-0.9.1-py27_0
source tree in: /home/ubuntu/miniconda/conda-bld/work/Flask-Mail-0.9.1
found egg dir: /home/ubuntu/miniconda/envs/_build/lib/python2.7/site-packages/Flask_Mail-0.9.1-py2.7.egg
number of files: 3
Fixing permissions
Fixing permissions
BUILD END: flask-mail-0.9.1-py27_0
Nothing to test for: flask-mail-0.9.1-py27_0
# If you want to upload this package to binstar.org later, type:
#
# $ binstar upload /home/ubuntu/miniconda/conda-bld/linux-64/flask-mail-0.9.1-py27_0.tar.bz2
#
# To have conda build upload to binstar automatically, use
# $ conda config --set binstar_upload yes

