flask-migrate not found, trying Flask-Migrate
0
Warning, the following versions were found for Flask-Migrate
1.4.0
1.3.1
1.3.0
1.2.0
1.1.1
1.1.0
1.0.0
0.1.4
0.1.3
0.1.2
0.1.1
0.1.0
Using 1.4.0
Use --version to specify a different version.
Using url https://pypi.python.org/packages/source/F/Flask-Migrate/Flask-Migrate-1.4.0.zip (13 KB) for Flask-Migrate.
Downloading Flask-Migrate (use --no-download to skip this step)
Using cached download
Unpacking Flask-Migrate...
done
working in /tmp/tmpBziAWBconda_skeleton_Flask-Migrate-1.4.0.zip
Fetching package metadata: ......
Solving package specifications: .patching file core.py
Hunk #1 succeeded at 168 with fuzz 2 (offset 2 lines).

The following NEW packages will be INSTALLED:

    numpy:  1.9.2-py27_0
    pyyaml: 3.11-py27_0 
    yaml:   0.1.4-0     

Linking packages ...
[                    ]|                                                  |   0%[yaml                ]|                                                  |   0%[numpy               ]|################                                  |  33%[pyyaml              ]|#################################                 |  66%[      COMPLETE      ]|##################################################| 100%
Applying patch: '/tmp/tmpBziAWBconda_skeleton_Flask-Migrate-1.4.0.zip/pypi-distutils.patch'
Writing recipe for flask-migrate
Done
