flask-restful not found, trying Flask-RESTful
0
Using url https://pypi.python.org/packages/source/F/Flask-RESTful/Flask-RESTful-0.3.3.tar.gz (20 KB) for Flask-RESTful.
Downloading Flask-RESTful (use --no-download to skip this step)
Unpacking Flask-RESTful...
done
working in /tmp/tmpBzp0Hqconda_skeleton_Flask-RESTful-0.3.3.tar.gz
Fetching package metadata: ......
Solving package specifications: .patching file core.py
Hunk #1 succeeded at 168 with fuzz 2 (offset 2 lines).

The following NEW packages will be INSTALLED:

    numpy:      1.9.2-py27_0
    openssl:    1.0.1k-1    
    pip:        6.1.1-py27_0
    python:     2.7.9-3     
    pyyaml:     3.11-py27_0 
    readline:   6.2-2       
    setuptools: 16.0-py27_0 
    sqlite:     3.8.4.1-1   
    system:     5.8-2       
    tk:         8.5.18-0    
    yaml:       0.1.4-0     
    zlib:       1.2.8-0     

Linking packages ...
[                    ]|                                                  |   0%[openssl             ]|                                                  |   0%[readline            ]|####                                              |   8%[sqlite              ]|########                                          |  16%[system              ]|############                                      |  25%[tk                  ]|################                                  |  33%[yaml                ]|####################                              |  41%[zlib                ]|#########################                         |  50%[numpy               ]|#############################                     |  58%[python              ]|#################################                 |  66%[pyyaml              ]|#####################################             |  75%[setuptools          ]|#########################################         |  83%[pip                 ]|#############################################     |  91%[      COMPLETE      ]|##################################################| 100%
Applying patch: '/tmp/tmpBzp0Hqconda_skeleton_Flask-RESTful-0.3.3.tar.gz/pypi-distutils.patch'
Using url https://pypi.python.org/packages/source/a/aniso8601/aniso8601-1.0.0.tar.gz (43 KB) for aniso8601.
Downloading aniso8601 (use --no-download to skip this step)
Using cached download
Unpacking aniso8601...
done
working in /tmp/tmpWh4Dywconda_skeleton_aniso8601-1.0.0.tar.gz
Solving package specifications: .patching file core.py
Hunk #1 succeeded at 168 with fuzz 2 (offset 2 lines).

Applying patch: '/tmp/tmpWh4Dywconda_skeleton_aniso8601-1.0.0.tar.gz/pypi-distutils.patch'
Writing recipe for flask-restful
Writing recipe for aniso8601
Done
