Warning, the following versions were found for Flask-Restless
0.17.0
0.16.0
0.15.1
0.15.0
0.14.2
0.14.1
0.14.0
0.13.1
0.13.0
0.12.1
0.12.0
0.11.0
0.10.1
0.10.0
0.9.3
0.9.2
0.9.1
0.8.0
0.7.0
0.6
0.5
0.4
0.3
0.3-dev
Using 0.17.0
Use --version to specify a different version.
Using url https://pypi.python.org/packages/source/F/Flask-Restless/Flask-Restless-0.17.0.tar.gz (42 KB) for Flask-Restless.
Downloading Flask-Restless (use --no-download to skip this step)
Using cached download
Unpacking Flask-Restless...
done
working in /tmp/tmpMtDauyconda_skeleton_Flask-Restless-0.17.0.tar.gz
Fetching package metadata: ......
Solving package specifications: .patching file core.py
Hunk #1 succeeded at 168 with fuzz 2 (offset 2 lines).
Traceback (most recent call last):
  File "setup.py", line 18, in <module>
    from setuptools import setup
ImportError: No module named setuptools

The following NEW packages will be INSTALLED:

    numpy:  1.9.2-py27_0
    pyyaml: 3.11-py27_0 

Linking packages ...
[                    ]|                                                  |   0%[numpy               ]|                                                  |   0%[pyyaml              ]|#########################                         |  50%[      COMPLETE      ]|##################################################| 100%
Applying patch: '/tmp/tmpMtDauyconda_skeleton_Flask-Restless-0.17.0.tar.gz/pypi-distutils.patch'
$PYTHONPATH = /tmp/tmpMtDauyconda_skeleton_Flask-Restless-0.17.0.tar.gz/Flask-Restless-0.17.0
Error: command failed: /home/ubuntu/miniconda/envs/_build/bin/python setup.py install
