Package search: {'_pypi_ordering': False, 'version': '0.10.1', 'name': 'Flask', 'summary': 'A microframework based on Werkzeug, Jinja2 and good intentions'}
Fetching package metadata: ....
Removing old build directory
Removing old work directory
BUILD START: flask-0.10.1-py27_0
Fetching package metadata: ......
Solving package specifications: .+ pip install Flask
Collecting Flask
  Downloading http://localhost/packages/source/F/Flask/Flask-0.10.1.tar.gz (544kB)
Requirement already satisfied (use --upgrade to upgrade): Werkzeug>=0.7 in /home/ubuntu/miniconda/envs/_build/lib/python2.7/site-packages (from Flask)
Requirement already satisfied (use --upgrade to upgrade): Jinja2>=2.4 in /home/ubuntu/miniconda/envs/_build/lib/python2.7/site-packages (from Flask)
Requirement already satisfied (use --upgrade to upgrade): itsdangerous>=0.21 in /home/ubuntu/miniconda/envs/_build/lib/python2.7/site-packages (from Flask)
Installing collected packages: Flask
  Running setup.py install for Flask
Successfully installed Flask-0.10.1

The following NEW packages will be INSTALLED:

    itsdangerous: 0.24-py27_0  
    jinja2:       2.7.3-py27_1 
    markupsafe:   0.23-py27_0  
    openssl:      1.0.1k-1     
    pip:          7.0.3-py27_0 
    python:       2.7.10-0     
    readline:     6.2-2        
    setuptools:   17.0-py27_0  
    sqlite:       3.8.4.1-1    
    system:       5.8-2        
    tk:           8.5.18-0     
    werkzeug:     0.10.4-py27_0
    zlib:         1.2.8-0      

Linking packages ...
[                    ]|                                                  |   0%[openssl             ]|                                                  |   0%[readline            ]|###                                               |   7%[sqlite              ]|#######                                           |  15%[system              ]|###########                                       |  23%[tk                  ]|###############                                   |  30%[zlib                ]|###################                               |  38%[itsdangerous        ]|#######################                           |  46%[markupsafe          ]|##########################                        |  53%[python              ]|##############################                    |  61%[setuptools          ]|##################################                |  69%[werkzeug            ]|######################################            |  76%[jinja2              ]|##########################################        |  84%[pip                 ]|##############################################    |  92%[      COMPLETE      ]|##################################################| 100%
Removing old work directory
Copying /home/ubuntu/pypi-conda-builds/flask to /home/ubuntu/miniconda/conda-bld/work
Package: flask-0.10.1-py27_0
source tree in: /home/ubuntu/miniconda/conda-bld/work
number of files: 148
Fixing permissions
Fixing permissions
BUILD END: flask-0.10.1-py27_0
# If you want to upload this package to binstar.org later, type:
#
# $ binstar upload /home/ubuntu/miniconda/conda-bld/linux-64/flask-0.10.1-py27_0.tar.bz2
#
# To have conda build upload to binstar automatically, use
# $ conda config --set binstar_upload yes

Creating standard recipe for flask-0.10.1
Converting recipe in /home/ubuntu/pypi-conda-builds/flask
package = Flask
   dependencies = [u'werkzeug >=0.7', u'jinja2 >=2.4', u'itsdangerous >=0.21']
Building conda package for flask
