Package search: {'_pypi_ordering': False, 'version': '2.0.5', 'name': 'Flask-Script', 'summary': 'Scripting support for Flask'}
Fetching package metadata: ....
    LOCKERROR: It looks like conda is already doing something.
    The lock /home/ubuntu/miniconda/conda-bld/.conda_lock-10383 was found. Wait for it to finish before continuing.
    If you are sure that conda is not running, remove it and try again.
    You can also use: $ conda clean --lock
Sleeping for 1 seconds
    LOCKERROR: It looks like conda is already doing something.
    The lock /home/ubuntu/miniconda/conda-bld/.conda_lock-10383 was found. Wait for it to finish before continuing.
    If you are sure that conda is not running, remove it and try again.
    You can also use: $ conda clean --lock
Sleeping for 2 seconds
    LOCKERROR: It looks like conda is already doing something.
    The lock /home/ubuntu/miniconda/conda-bld/.conda_lock-10383 was found. Wait for it to finish before continuing.
    If you are sure that conda is not running, remove it and try again.
    You can also use: $ conda clean --lock
Sleeping for 4 seconds
    LOCKERROR: It looks like conda is already doing something.
    The lock /home/ubuntu/miniconda/conda-bld/.conda_lock-10383 was found. Wait for it to finish before continuing.
    If you are sure that conda is not running, remove it and try again.
    You can also use: $ conda clean --lock
Sleeping for 8 seconds
    LOCKERROR: It looks like conda is already doing something.
    The lock /home/ubuntu/miniconda/conda-bld/.conda_lock-10383 was found. Wait for it to finish before continuing.
    If you are sure that conda is not running, remove it and try again.
    You can also use: $ conda clean --lock
Sleeping for 16 seconds
    LOCKERROR: It looks like conda is already doing something.
    The lock /home/ubuntu/miniconda/conda-bld/.conda_lock-10383 was found. Wait for it to finish before continuing.
    If you are sure that conda is not running, remove it and try again.
    You can also use: $ conda clean --lock
Sleeping for 32 seconds
    LOCKERROR: It looks like conda is already doing something.
    The lock /home/ubuntu/miniconda/conda-bld/.conda_lock-10383 was found. Wait for it to finish before continuing.
    If you are sure that conda is not running, remove it and try again.
    You can also use: $ conda clean --lock
Sleeping for 64 seconds
    LOCKERROR: It looks like conda is already doing something.
    The lock /home/ubuntu/miniconda/conda-bld/.conda_lock-10383 was found. Wait for it to finish before continuing.
    If you are sure that conda is not running, remove it and try again.
    You can also use: $ conda clean --lock
Sleeping for 128 seconds
    LOCKERROR: It looks like conda is already doing something.
    The lock /home/ubuntu/miniconda/conda-bld/.conda_lock-10383 was found. Wait for it to finish before continuing.
    If you are sure that conda is not running, remove it and try again.
    You can also use: $ conda clean --lock
Sleeping for 256 seconds
    LOCKERROR: It looks like conda is already doing something.
    The lock /home/ubuntu/miniconda/conda-bld/.conda_lock-10383 was found. Wait for it to finish before continuing.
    If you are sure that conda is not running, remove it and try again.
    You can also use: $ conda clean --lock
Sleeping for 512 seconds
Exceeded max retries, giving upError:     LOCKERROR: It looks like conda is already doing something.
    The lock /home/ubuntu/miniconda/conda-bld/.conda_lock-10383 was found. Wait for it to finish before continuing.
    If you are sure that conda is not running, remove it and try again.
    You can also use: $ conda clean --lock

Creating standard recipe for flask-script-2.0.5
Converting recipe in /home/ubuntu/pypi-conda-builds/flask-script
package = Flask-Script
   dependencies = [u'flask']
Building conda package for flask-script
