Warning, the following versions were found for Flask-OAuthlib
0.9.1
0.9.0
0.8.0
0.7.0
0.6.0
0.5.0
0.4.3
0.4.2
0.4.1
0.4.0
0.3.4
0.3.3
0.3.2
0.3.1
0.3.0
0.2.0
0.1.1
0.1.0
Using 0.9.1
Use --version to specify a different version.
Using url https://pypi.python.org/packages/source/F/Flask-OAuthlib/Flask-OAuthlib-0.9.1.tar.gz (33 KB) for Flask-OAuthlib.
Downloading Flask-OAuthlib (use --no-download to skip this step)
Using cached download
Unpacking Flask-OAuthlib...
done
working in /tmp/tmpuYrySRconda_skeleton_Flask-OAuthlib-0.9.1.tar.gz
Fetching package metadata: ......
Solving package specifications: .patching file core.py
Hunk #1 succeeded at 168 with fuzz 2 (offset 2 lines).

Applying patch: '/tmp/tmpuYrySRconda_skeleton_Flask-OAuthlib-0.9.1.tar.gz/pypi-distutils.patch'
Warning, the following versions were found for requests-oauthlib
0.5.0
0.4.2
0.4.1
0.4.0
0.3.3
0.3.2
0.3.1
0.3.0
0.2.0
Using 0.5.0
Use --version to specify a different version.
Using url https://pypi.python.org/packages/source/r/requests-oauthlib/requests-oauthlib-0.5.0.tar.gz (53 KB) for requests-oauthlib.
Downloading requests-oauthlib (use --no-download to skip this step)
Using cached download
Unpacking requests-oauthlib...
done
working in /tmp/tmpQZKhwqconda_skeleton_requests-oauthlib-0.5.0.tar.gz
Solving package specifications: .patching file core.py
Hunk #1 succeeded at 168 with fuzz 2 (offset 2 lines).

Applying patch: '/tmp/tmpQZKhwqconda_skeleton_requests-oauthlib-0.5.0.tar.gz/pypi-distutils.patch'
Error: Could not find any versions of package oauthlib[rsa]
