Warning, the following versions were found for Flask-Security
1.7.4
1.7.3
1.7.2
1.7.1
1.7.0
1.6.9
1.6.8
1.6.7
1.6.6
1.6.5
1.6.4
1.6.3
1.6.2
1.6.1
1.6.0
1.5.4
1.5.3
1.5.2
1.5.1
1.5.0
1.2.3
1.2.2
1.2.1
1.2.0
Using 1.7.4
Use --version to specify a different version.
Using url https://pypi.python.org/packages/source/F/Flask-Security/Flask-Security-1.7.4.tar.gz (40 KB) for Flask-Security.
Downloading Flask-Security (use --no-download to skip this step)
Using cached download
Unpacking Flask-Security...
done
working in /tmp/tmpsF9WyKconda_skeleton_Flask-Security-1.7.4.tar.gz
Fetching package metadata: ......
Solving package specifications: .patching file core.py
Hunk #1 succeeded at 168 with fuzz 2 (offset 2 lines).

The following NEW packages will be INSTALLED:

    numpy:  1.9.2-py27_0
    pyyaml: 3.11-py27_0 

Linking packages ...
[                    ]|                                                  |   0%[numpy               ]|                                                  |   0%[pyyaml              ]|#########################                         |  50%[      COMPLETE      ]|##################################################| 100%
Applying patch: '/tmp/tmpsF9WyKconda_skeleton_Flask-Security-1.7.4.tar.gz/pypi-distutils.patch'
Writing recipe for flask-security
Done
