Warning, the following versions were found for Flask-SSLify
0.1.5
0.1.4
0.1.3
0.1.2
0.1.1
0.1.0
Using 0.1.5
Use --version to specify a different version.
Using url https://pypi.python.org/packages/source/F/Flask-SSLify/Flask-SSLify-0.1.5.tar.gz (3 KB) for Flask-SSLify.
Downloading Flask-SSLify (use --no-download to skip this step)
Using cached download
Unpacking Flask-SSLify...
done
working in /tmp/tmpOBm9Lzconda_skeleton_Flask-SSLify-0.1.5.tar.gz
Fetching package metadata: ......
Solving package specifications: .patching file core.py
Hunk #1 succeeded at 168 with fuzz 2 (offset 2 lines).

Applying patch: '/tmp/tmpOBm9Lzconda_skeleton_Flask-SSLify-0.1.5.tar.gz/pypi-distutils.patch'
Writing recipe for flask-sslify
Done
