Warning, the following versions were found for flufl.enum
4.0.1
4.0
3.3.2
3.3.1
3.3
3.2
3.1
3.0.1
3.0
2.0.2
2.0.1
2.0
1.4.1
1.4
1.3
Using 4.0.1
Use --version to specify a different version.
Using url https://pypi.python.org/packages/source/f/flufl.enum/flufl.enum-4.0.1.tar.gz (25 KB) for flufl.enum.
Downloading flufl.enum (use --no-download to skip this step)
Using cached download
Unpacking flufl.enum...
done
working in /tmp/tmpgIUhK5conda_skeleton_flufl.enum-4.0.1.tar.gz
Fetching package metadata: ......
Solving package specifications: .patching file core.py
Hunk #1 succeeded at 168 with fuzz 2 (offset 2 lines).
Traceback (most recent call last):
  File "setup.py", line 20, in <module>
    from setuptools import setup, find_packages
ImportError: No module named setuptools

Applying patch: '/tmp/tmpgIUhK5conda_skeleton_flufl.enum-4.0.1.tar.gz/pypi-distutils.patch'
$PYTHONPATH = /tmp/tmpgIUhK5conda_skeleton_flufl.enum-4.0.1.tar.gz/flufl.enum-4.0.1
Error: command failed: /home/ubuntu/miniconda/envs/_build/bin/python setup.py install
