Warning, the following versions were found for flufl.lock
2.3.1
2.3
2.2.1
2.2
2.1.1
2.1
2.0.2
2.0.1
2.0
Using 2.3.1
Use --version to specify a different version.
Using url https://pypi.python.org/packages/source/f/flufl.lock/flufl.lock-2.3.1.tar.gz (20 KB) for flufl.lock.
Downloading flufl.lock (use --no-download to skip this step)
Using cached download
Unpacking flufl.lock...
done
working in /tmp/tmpK5hrCbconda_skeleton_flufl.lock-2.3.1.tar.gz
Fetching package metadata: ......
Solving package specifications: .patching file core.py
Hunk #1 succeeded at 168 with fuzz 2 (offset 2 lines).
Traceback (most recent call last):
  File "setup.py", line 20, in <module>
    from setuptools import setup, find_packages
ImportError: No module named setuptools

Applying patch: '/tmp/tmpK5hrCbconda_skeleton_flufl.lock-2.3.1.tar.gz/pypi-distutils.patch'
$PYTHONPATH = /tmp/tmpK5hrCbconda_skeleton_flufl.lock-2.3.1.tar.gz/flufl.lock-2.3.1
Error: command failed: /home/ubuntu/miniconda/envs/_build/bin/python setup.py install
