Warning, the following versions were found for FormEncode
1.3.0
1.3.0a1
1.2.6
1.2.5
1.2.4
1.2.4dev
1.2.3dev
1.2.2
1.2.1
1.2
1.1
1.0.1
1.0
0.9
0.7.1
0.7
0.6
0.5.1
0.5
0.4
0.3
0.2.2
0.2.1
0.2
Using 1.3.0
Use --version to specify a different version.
Using url https://pypi.python.org/packages/source/F/FormEncode/FormEncode-1.3.0.zip (340 KB) for FormEncode.
Downloading FormEncode (use --no-download to skip this step)
Using cached download
Unpacking FormEncode...
done
working in /tmp/tmpWe7_Ueconda_skeleton_FormEncode-1.3.0.zip
Fetching package metadata: ......
Solving package specifications: .patching file core.py
Hunk #1 succeeded at 168 with fuzz 2 (offset 2 lines).

The following NEW packages will be INSTALLED:

    numpy:      1.9.2-py27_0
    pip:        7.0.3-py27_0
    python:     2.7.10-0    
    pyyaml:     3.11-py27_0 
    setuptools: 17.0-py27_0 

Linking packages ...
[                    ]|                                                  |   0%[numpy               ]|                                                  |   0%[python              ]|##########                                        |  20%[pyyaml              ]|####################                              |  40%[setuptools          ]|##############################                    |  60%[pip                 ]|########################################          |  80%[      COMPLETE      ]|##################################################| 100%
Applying patch: '/tmp/tmpWe7_Ueconda_skeleton_FormEncode-1.3.0.zip/pypi-distutils.patch'
Writing recipe for formencode
Done
