Warning, the following versions were found for fusepy
2.0.2
2.0.1
2.0
1.1
1.0.r39
1.0.r35
1.0.r34
1.0.r33
1.0
Using 2.0.2
Use --version to specify a different version.
Using url https://pypi.python.org/packages/source/f/fusepy/fusepy-2.0.2.tar.gz (9 KB) for fusepy.
Downloading fusepy (use --no-download to skip this step)
Using cached download
Unpacking fusepy...
done
working in /tmp/tmp_xt4oKconda_skeleton_fusepy-2.0.2.tar.gz
Fetching package metadata: ......
Solving package specifications: .patching file core.py
Hunk #1 succeeded at 168 with fuzz 2 (offset 2 lines).
Traceback (most recent call last):
  File "setup.py", line 5, in <module>
    from setuptools import setup
ImportError: No module named setuptools

Applying patch: '/tmp/tmp_xt4oKconda_skeleton_fusepy-2.0.2.tar.gz/pypi-distutils.patch'
$PYTHONPATH = /tmp/tmp_xt4oKconda_skeleton_fusepy-2.0.2.tar.gz/fusepy-2.0.2
Error: command failed: /home/ubuntu/miniconda/envs/_build/bin/python setup.py install
