Removing old build directory
Removing old work directory
BUILD START: future-0.14.3-py_0
Fetching package metadata: ......
Solving package specifications: .+ /home/ubuntu/miniconda/envs/_build/bin/python setup.py install
running install
running bdist_egg
running egg_info
writing src/future.egg-info/PKG-INFO
writing top-level names to src/future.egg-info/top_level.txt
writing dependency_links to src/future.egg-info/dependency_links.txt
writing entry points to src/future.egg-info/entry_points.txt
reading manifest file 'src/future.egg-info/SOURCES.txt'
reading manifest template 'MANIFEST.in'
warning: no files found matching '*.au' under directory 'tests'
warning: no files found matching '*.gif' under directory 'tests'
warning: no files found matching '*.txt' under directory 'tests'
writing manifest file 'src/future.egg-info/SOURCES.txt'
installing library code to build/bdist.linux-x86_64/egg
running install_lib
running build_py
creating build
creating build/lib
creating build/lib/future
copying src/future/__init__.py -> build/lib/future
creating build/lib/future/builtins
copying src/future/builtins/newround.py -> build/lib/future/builtins
copying src/future/builtins/newnext.py -> build/lib/future/builtins
copying src/future/builtins/disabled.py -> build/lib/future/builtins
copying src/future/builtins/misc.py -> build/lib/future/builtins
copying src/future/builtins/__init__.py -> build/lib/future/builtins
copying src/future/builtins/iterators.py -> build/lib/future/builtins
copying src/future/builtins/newsuper.py -> build/lib/future/builtins
creating build/lib/future/types
copying src/future/types/newint.py -> build/lib/future/types
copying src/future/types/newobject.py -> build/lib/future/types
copying src/future/types/newrange.py -> build/lib/future/types
copying src/future/types/newdict.py -> build/lib/future/types
copying src/future/types/newlist.py -> build/lib/future/types
copying src/future/types/newmemoryview.py -> build/lib/future/types
copying src/future/types/newopen.py -> build/lib/future/types
copying src/future/types/newstr.py -> build/lib/future/types
copying src/future/types/__init__.py -> build/lib/future/types
copying src/future/types/newbytes.py -> build/lib/future/types
creating build/lib/future/standard_library
copying src/future/standard_library/__init__.py -> build/lib/future/standard_library
creating build/lib/future/backports
copying src/future/backports/socket.py -> build/lib/future/backports
copying src/future/backports/total_ordering.py -> build/lib/future/backports
copying src/future/backports/socketserver.py -> build/lib/future/backports
copying src/future/backports/_markupbase.py -> build/lib/future/backports
copying src/future/backports/misc.py -> build/lib/future/backports
copying src/future/backports/__init__.py -> build/lib/future/backports
copying src/future/backports/datetime.py -> build/lib/future/backports
creating build/lib/future/backports/email
copying src/future/backports/email/_encoded_words.py -> build/lib/future/backports/email
copying src/future/backports/email/utils.py -> build/lib/future/backports/email
copying src/future/backports/email/_header_value_parser.py -> build/lib/future/backports/email
copying src/future/backports/email/errors.py -> build/lib/future/backports/email
copying src/future/backports/email/quoprimime.py -> build/lib/future/backports/email
copying src/future/backports/email/_policybase.py -> build/lib/future/backports/email
copying src/future/backports/email/generator.py -> build/lib/future/backports/email
copying src/future/backports/email/policy.py -> build/lib/future/backports/email
copying src/future/backports/email/parser.py -> build/lib/future/backports/email
copying src/future/backports/email/feedparser.py -> build/lib/future/backports/email
copying src/future/backports/email/base64mime.py -> build/lib/future/backports/email
copying src/future/backports/email/message.py -> build/lib/future/backports/email
copying src/future/backports/email/charset.py -> build/lib/future/backports/email
copying src/future/backports/email/headerregistry.py -> build/lib/future/backports/email
copying src/future/backports/email/_parseaddr.py -> build/lib/future/backports/email
copying src/future/backports/email/__init__.py -> build/lib/future/backports/email
copying src/future/backports/email/iterators.py -> build/lib/future/backports/email
copying src/future/backports/email/encoders.py -> build/lib/future/backports/email
copying src/future/backports/email/header.py -> build/lib/future/backports/email
creating build/lib/future/backports/email/mime
copying src/future/backports/email/mime/application.py -> build/lib/future/backports/email/mime
copying src/future/backports/email/mime/multipart.py -> build/lib/future/backports/email/mime
copying src/future/backports/email/mime/message.py -> build/lib/future/backports/email/mime
copying src/future/backports/email/mime/text.py -> build/lib/future/backports/email/mime
copying src/future/backports/email/mime/__init__.py -> build/lib/future/backports/email/mime
copying src/future/backports/email/mime/nonmultipart.py -> build/lib/future/backports/email/mime
copying src/future/backports/email/mime/image.py -> build/lib/future/backports/email/mime
copying src/future/backports/email/mime/base.py -> build/lib/future/backports/email/mime
copying src/future/backports/email/mime/audio.py -> build/lib/future/backports/email/mime
creating build/lib/future/backports/html
copying src/future/backports/html/parser.py -> build/lib/future/backports/html
copying src/future/backports/html/__init__.py -> build/lib/future/backports/html
copying src/future/backports/html/entities.py -> build/lib/future/backports/html
creating build/lib/future/backports/http
copying src/future/backports/http/cookiejar.py -> build/lib/future/backports/http
copying src/future/backports/http/cookies.py -> build/lib/future/backports/http
copying src/future/backports/http/client.py -> build/lib/future/backports/http
copying src/future/backports/http/__init__.py -> build/lib/future/backports/http
copying src/future/backports/http/server.py -> build/lib/future/backports/http
creating build/lib/future/backports/test
copying src/future/backports/test/support.py -> build/lib/future/backports/test
copying src/future/backports/test/__init__.py -> build/lib/future/backports/test
copying src/future/backports/test/ssl_servers.py -> build/lib/future/backports/test
copying src/future/backports/test/pystone.py -> build/lib/future/backports/test
creating build/lib/future/backports/urllib
copying src/future/backports/urllib/parse.py -> build/lib/future/backports/urllib
copying src/future/backports/urllib/response.py -> build/lib/future/backports/urllib
copying src/future/backports/urllib/robotparser.py -> build/lib/future/backports/urllib
copying src/future/backports/urllib/__init__.py -> build/lib/future/backports/urllib
copying src/future/backports/urllib/error.py -> build/lib/future/backports/urllib
copying src/future/backports/urllib/request.py -> build/lib/future/backports/urllib
creating build/lib/future/backports/xmlrpc
copying src/future/backports/xmlrpc/client.py -> build/lib/future/backports/xmlrpc
copying src/future/backports/xmlrpc/__init__.py -> build/lib/future/backports/xmlrpc
copying src/future/backports/xmlrpc/server.py -> build/lib/future/backports/xmlrpc
creating build/lib/future/moves
copying src/future/moves/queue.py -> build/lib/future/moves
copying src/future/moves/_thread.py -> build/lib/future/moves
copying src/future/moves/itertools.py -> build/lib/future/moves
copying src/future/moves/collections.py -> build/lib/future/moves
copying src/future/moves/builtins.py -> build/lib/future/moves
copying src/future/moves/socketserver.py -> build/lib/future/moves
copying src/future/moves/_markupbase.py -> build/lib/future/moves
copying src/future/moves/_dummy_thread.py -> build/lib/future/moves
copying src/future/moves/reprlib.py -> build/lib/future/moves
copying src/future/moves/winreg.py -> build/lib/future/moves
copying src/future/moves/sys.py -> build/lib/future/moves
copying src/future/moves/__init__.py -> build/lib/future/moves
copying src/future/moves/subprocess.py -> build/lib/future/moves
copying src/future/moves/configparser.py -> build/lib/future/moves
copying src/future/moves/pickle.py -> build/lib/future/moves
copying src/future/moves/copyreg.py -> build/lib/future/moves
creating build/lib/future/moves/dbm
copying src/future/moves/dbm/ndbm.py -> build/lib/future/moves/dbm
copying src/future/moves/dbm/gnu.py -> build/lib/future/moves/dbm
copying src/future/moves/dbm/dumb.py -> build/lib/future/moves/dbm
copying src/future/moves/dbm/__init__.py -> build/lib/future/moves/dbm
creating build/lib/future/moves/html
copying src/future/moves/html/parser.py -> build/lib/future/moves/html
copying src/future/moves/html/__init__.py -> build/lib/future/moves/html
copying src/future/moves/html/entities.py -> build/lib/future/moves/html
creating build/lib/future/moves/http
copying src/future/moves/http/cookiejar.py -> build/lib/future/moves/http
copying src/future/moves/http/cookies.py -> build/lib/future/moves/http
copying src/future/moves/http/client.py -> build/lib/future/moves/http
copying src/future/moves/http/__init__.py -> build/lib/future/moves/http
copying src/future/moves/http/server.py -> build/lib/future/moves/http
creating build/lib/future/moves/test
copying src/future/moves/test/support.py -> build/lib/future/moves/test
copying src/future/moves/test/__init__.py -> build/lib/future/moves/test
creating build/lib/future/moves/tkinter
copying src/future/moves/tkinter/colorchooser.py -> build/lib/future/moves/tkinter
copying src/future/moves/tkinter/tix.py -> build/lib/future/moves/tkinter
copying src/future/moves/tkinter/font.py -> build/lib/future/moves/tkinter
copying src/future/moves/tkinter/dialog.py -> build/lib/future/moves/tkinter
copying src/future/moves/tkinter/filedialog.py -> build/lib/future/moves/tkinter
copying src/future/moves/tkinter/messagebox.py -> build/lib/future/moves/tkinter
copying src/future/moves/tkinter/scrolledtext.py -> build/lib/future/moves/tkinter
copying src/future/moves/tkinter/simpledialog.py -> build/lib/future/moves/tkinter
copying src/future/moves/tkinter/constants.py -> build/lib/future/moves/tkinter
copying src/future/moves/tkinter/__init__.py -> build/lib/future/moves/tkinter
copying src/future/moves/tkinter/dnd.py -> build/lib/future/moves/tkinter
copying src/future/moves/tkinter/commondialog.py -> build/lib/future/moves/tkinter
creating build/lib/future/moves/urllib
copying src/future/moves/urllib/parse.py -> build/lib/future/moves/urllib
copying src/future/moves/urllib/response.py -> build/lib/future/moves/urllib
copying src/future/moves/urllib/robotparser.py -> build/lib/future/moves/urllib
copying src/future/moves/urllib/__init__.py -> build/lib/future/moves/urllib
copying src/future/moves/urllib/error.py -> build/lib/future/moves/urllib
copying src/future/moves/urllib/request.py -> build/lib/future/moves/urllib
creating build/lib/future/moves/xmlrpc
copying src/future/moves/xmlrpc/client.py -> build/lib/future/moves/xmlrpc
copying src/future/moves/xmlrpc/__init__.py -> build/lib/future/moves/xmlrpc
copying src/future/moves/xmlrpc/server.py -> build/lib/future/moves/xmlrpc
creating build/lib/future/tests
copying src/future/tests/__init__.py -> build/lib/future/tests
copying src/future/tests/base.py -> build/lib/future/tests
creating build/lib/future/utils
copying src/future/utils/surrogateescape.py -> build/lib/future/utils
copying src/future/utils/__init__.py -> build/lib/future/utils
creating build/lib/past
copying src/past/__init__.py -> build/lib/past
creating build/lib/past/builtins
copying src/past/builtins/noniterators.py -> build/lib/past/builtins
copying src/past/builtins/misc.py -> build/lib/past/builtins
copying src/past/builtins/__init__.py -> build/lib/past/builtins
creating build/lib/past/types
copying src/past/types/basestring.py -> build/lib/past/types
copying src/past/types/__init__.py -> build/lib/past/types
copying src/past/types/olddict.py -> build/lib/past/types
copying src/past/types/oldstr.py -> build/lib/past/types
creating build/lib/past/utils
copying src/past/utils/__init__.py -> build/lib/past/utils
creating build/lib/past/translation
copying src/past/translation/__init__.py -> build/lib/past/translation
creating build/lib/libfuturize
copying src/libfuturize/fixer_util.py -> build/lib/libfuturize
copying src/libfuturize/main.py -> build/lib/libfuturize
copying src/libfuturize/__init__.py -> build/lib/libfuturize
creating build/lib/libfuturize/fixes
copying src/libfuturize/fixes/fix_remove_old__future__imports.py -> build/lib/libfuturize/fixes
copying src/libfuturize/fixes/fix_order___future__imports.py -> build/lib/libfuturize/fixes
copying src/libfuturize/fixes/fix_object.py -> build/lib/libfuturize/fixes
copying src/libfuturize/fixes/fix_future_standard_library_urllib.py -> build/lib/libfuturize/fixes
copying src/libfuturize/fixes/fix_future_standard_library.py -> build/lib/libfuturize/fixes
copying src/libfuturize/fixes/fix_print.py -> build/lib/libfuturize/fixes
copying src/libfuturize/fixes/fix_future_builtins.py -> build/lib/libfuturize/fixes
copying src/libfuturize/fixes/fix_UserDict.py -> build/lib/libfuturize/fixes
copying src/libfuturize/fixes/fix_unicode_literals_import.py -> build/lib/libfuturize/fixes
copying src/libfuturize/fixes/fix_oldstr_wrap.py -> build/lib/libfuturize/fixes
copying src/libfuturize/fixes/fix_absolute_import.py -> build/lib/libfuturize/fixes
copying src/libfuturize/fixes/fix_xrange_with_import.py -> build/lib/libfuturize/fixes
copying src/libfuturize/fixes/fix_bytes.py -> build/lib/libfuturize/fixes
copying src/libfuturize/fixes/fix_next_call.py -> build/lib/libfuturize/fixes
copying src/libfuturize/fixes/fix_print_with_import.py -> build/lib/libfuturize/fixes
copying src/libfuturize/fixes/fix_division_safe.py -> build/lib/libfuturize/fixes
copying src/libfuturize/fixes/fix_cmp.py -> build/lib/libfuturize/fixes
copying src/libfuturize/fixes/fix_unicode_keep_u.py -> build/lib/libfuturize/fixes
copying src/libfuturize/fixes/__init__.py -> build/lib/libfuturize/fixes
copying src/libfuturize/fixes/fix_raise.py -> build/lib/libfuturize/fixes
copying src/libfuturize/fixes/fix_execfile.py -> build/lib/libfuturize/fixes
copying src/libfuturize/fixes/fix_add__future__imports_except_unicode_literals.py -> build/lib/libfuturize/fixes
copying src/libfuturize/fixes/fix_metaclass.py -> build/lib/libfuturize/fixes
copying src/libfuturize/fixes/fix_division.py -> build/lib/libfuturize/fixes
creating build/lib/libpasteurize
copying src/libpasteurize/main.py -> build/lib/libpasteurize
copying src/libpasteurize/__init__.py -> build/lib/libpasteurize
creating build/lib/libpasteurize/fixes
copying src/libpasteurize/fixes/fix_unpacking.py -> build/lib/libpasteurize/fixes
copying src/libpasteurize/fixes/fix_memoryview.py -> build/lib/libpasteurize/fixes
copying src/libpasteurize/fixes/fix_add_future_standard_library_import.py -> build/lib/libpasteurize/fixes
copying src/libpasteurize/fixes/fix_future_builtins.py -> build/lib/libpasteurize/fixes
copying src/libpasteurize/fixes/fix_fullargspec.py -> build/lib/libpasteurize/fixes
copying src/libpasteurize/fixes/fix_getcwd.py -> build/lib/libpasteurize/fixes
copying src/libpasteurize/fixes/fix_features.py -> build/lib/libpasteurize/fixes
copying src/libpasteurize/fixes/fix_throw.py -> build/lib/libpasteurize/fixes
copying src/libpasteurize/fixes/fix_add_all__future__imports.py -> build/lib/libpasteurize/fixes
copying src/libpasteurize/fixes/fix_raise_.py -> build/lib/libpasteurize/fixes
copying src/libpasteurize/fixes/fix_imports2.py -> build/lib/libpasteurize/fixes
copying src/libpasteurize/fixes/fix_kwargs.py -> build/lib/libpasteurize/fixes
copying src/libpasteurize/fixes/fix_newstyle.py -> build/lib/libpasteurize/fixes
copying src/libpasteurize/fixes/fix_next.py -> build/lib/libpasteurize/fixes
copying src/libpasteurize/fixes/fix_imports.py -> build/lib/libpasteurize/fixes
copying src/libpasteurize/fixes/__init__.py -> build/lib/libpasteurize/fixes
copying src/libpasteurize/fixes/fix_raise.py -> build/lib/libpasteurize/fixes
copying src/libpasteurize/fixes/feature_base.py -> build/lib/libpasteurize/fixes
copying src/libpasteurize/fixes/fix_add_all_future_builtins.py -> build/lib/libpasteurize/fixes
copying src/libpasteurize/fixes/fix_metaclass.py -> build/lib/libpasteurize/fixes
copying src/libpasteurize/fixes/fix_division.py -> build/lib/libpasteurize/fixes
copying src/libpasteurize/fixes/fix_annotations.py -> build/lib/libpasteurize/fixes
copying src/libpasteurize/fixes/fix_printfunction.py -> build/lib/libpasteurize/fixes
creating build/lib/builtins
copying src/builtins/__init__.py -> build/lib/builtins
creating build/lib/configparser
copying src/configparser/__init__.py -> build/lib/configparser
creating build/lib/copyreg
copying src/copyreg/__init__.py -> build/lib/copyreg
creating build/lib/html
copying src/html/parser.py -> build/lib/html
copying src/html/__init__.py -> build/lib/html
copying src/html/entities.py -> build/lib/html
creating build/lib/http
copying src/http/cookiejar.py -> build/lib/http
copying src/http/cookies.py -> build/lib/http
copying src/http/client.py -> build/lib/http
copying src/http/__init__.py -> build/lib/http
copying src/http/server.py -> build/lib/http
creating build/lib/queue
copying src/queue/__init__.py -> build/lib/queue
creating build/lib/reprlib
copying src/reprlib/__init__.py -> build/lib/reprlib
creating build/lib/socketserver
copying src/socketserver/__init__.py -> build/lib/socketserver
creating build/lib/tkinter
copying src/tkinter/colorchooser.py -> build/lib/tkinter
copying src/tkinter/tix.py -> build/lib/tkinter
copying src/tkinter/font.py -> build/lib/tkinter
copying src/tkinter/dialog.py -> build/lib/tkinter
copying src/tkinter/filedialog.py -> build/lib/tkinter
copying src/tkinter/messagebox.py -> build/lib/tkinter
copying src/tkinter/scrolledtext.py -> build/lib/tkinter
copying src/tkinter/simpledialog.py -> build/lib/tkinter
copying src/tkinter/constants.py -> build/lib/tkinter
copying src/tkinter/__init__.py -> build/lib/tkinter
copying src/tkinter/dnd.py -> build/lib/tkinter
copying src/tkinter/commondialog.py -> build/lib/tkinter
creating build/lib/winreg
copying src/winreg/__init__.py -> build/lib/winreg
creating build/lib/xmlrpc
copying src/xmlrpc/client.py -> build/lib/xmlrpc
copying src/xmlrpc/__init__.py -> build/lib/xmlrpc
copying src/xmlrpc/server.py -> build/lib/xmlrpc
creating build/lib/_dummy_thread
copying src/_dummy_thread/__init__.py -> build/lib/_dummy_thread
creating build/lib/_markupbase
copying src/_markupbase/__init__.py -> build/lib/_markupbase
creating build/lib/_thread
copying src/_thread/__init__.py -> build/lib/_thread
copying src/future/backports/test/badcert.pem -> build/lib/future/backports/test
copying src/future/backports/test/badkey.pem -> build/lib/future/backports/test
copying src/future/backports/test/dh512.pem -> build/lib/future/backports/test
copying src/future/backports/test/https_svn_python_org_root.pem -> build/lib/future/backports/test
copying src/future/backports/test/keycert.passwd.pem -> build/lib/future/backports/test
copying src/future/backports/test/keycert.pem -> build/lib/future/backports/test
copying src/future/backports/test/keycert2.pem -> build/lib/future/backports/test
copying src/future/backports/test/nokia.pem -> build/lib/future/backports/test
copying src/future/backports/test/nullbytecert.pem -> build/lib/future/backports/test
copying src/future/backports/test/nullcert.pem -> build/lib/future/backports/test
copying src/future/backports/test/sha256.pem -> build/lib/future/backports/test
copying src/future/backports/test/ssl_cert.pem -> build/lib/future/backports/test
copying src/future/backports/test/ssl_key.passwd.pem -> build/lib/future/backports/test
copying src/future/backports/test/ssl_key.pem -> build/lib/future/backports/test
creating build/lib/past/tests
copying src/past/tests/__init__.py -> build/lib/past/tests
creating build/bdist.linux-x86_64
creating build/bdist.linux-x86_64/egg
creating build/bdist.linux-x86_64/egg/_thread
copying build/lib/_thread/__init__.py -> build/bdist.linux-x86_64/egg/_thread
creating build/bdist.linux-x86_64/egg/winreg
copying build/lib/winreg/__init__.py -> build/bdist.linux-x86_64/egg/winreg
creating build/bdist.linux-x86_64/egg/queue
copying build/lib/queue/__init__.py -> build/bdist.linux-x86_64/egg/queue
creating build/bdist.linux-x86_64/egg/_markupbase
copying build/lib/_markupbase/__init__.py -> build/bdist.linux-x86_64/egg/_markupbase
creating build/bdist.linux-x86_64/egg/socketserver
copying build/lib/socketserver/__init__.py -> build/bdist.linux-x86_64/egg/socketserver
creating build/bdist.linux-x86_64/egg/tkinter
copying build/lib/tkinter/colorchooser.py -> build/bdist.linux-x86_64/egg/tkinter
copying build/lib/tkinter/tix.py -> build/bdist.linux-x86_64/egg/tkinter
copying build/lib/tkinter/font.py -> build/bdist.linux-x86_64/egg/tkinter
copying build/lib/tkinter/dialog.py -> build/bdist.linux-x86_64/egg/tkinter
copying build/lib/tkinter/filedialog.py -> build/bdist.linux-x86_64/egg/tkinter
copying build/lib/tkinter/messagebox.py -> build/bdist.linux-x86_64/egg/tkinter
copying build/lib/tkinter/scrolledtext.py -> build/bdist.linux-x86_64/egg/tkinter
copying build/lib/tkinter/simpledialog.py -> build/bdist.linux-x86_64/egg/tkinter
copying build/lib/tkinter/constants.py -> build/bdist.linux-x86_64/egg/tkinter
copying build/lib/tkinter/__init__.py -> build/bdist.linux-x86_64/egg/tkinter
copying build/lib/tkinter/dnd.py -> build/bdist.linux-x86_64/egg/tkinter
copying build/lib/tkinter/commondialog.py -> build/bdist.linux-x86_64/egg/tkinter
creating build/bdist.linux-x86_64/egg/past
creating build/bdist.linux-x86_64/egg/past/types
copying build/lib/past/types/basestring.py -> build/bdist.linux-x86_64/egg/past/types
copying build/lib/past/types/__init__.py -> build/bdist.linux-x86_64/egg/past/types
copying build/lib/past/types/olddict.py -> build/bdist.linux-x86_64/egg/past/types
copying build/lib/past/types/oldstr.py -> build/bdist.linux-x86_64/egg/past/types
creating build/bdist.linux-x86_64/egg/past/utils
copying build/lib/past/utils/__init__.py -> build/bdist.linux-x86_64/egg/past/utils
creating build/bdist.linux-x86_64/egg/past/builtins
copying build/lib/past/builtins/noniterators.py -> build/bdist.linux-x86_64/egg/past/builtins
copying build/lib/past/builtins/misc.py -> build/bdist.linux-x86_64/egg/past/builtins
copying build/lib/past/builtins/__init__.py -> build/bdist.linux-x86_64/egg/past/builtins
creating build/bdist.linux-x86_64/egg/past/tests
copying build/lib/past/tests/__init__.py -> build/bdist.linux-x86_64/egg/past/tests
copying build/lib/past/__init__.py -> build/bdist.linux-x86_64/egg/past
creating build/bdist.linux-x86_64/egg/past/translation
copying build/lib/past/translation/__init__.py -> build/bdist.linux-x86_64/egg/past/translation
creating build/bdist.linux-x86_64/egg/libfuturize
copying build/lib/libfuturize/fixer_util.py -> build/bdist.linux-x86_64/egg/libfuturize
creating build/bdist.linux-x86_64/egg/libfuturize/fixes
copying build/lib/libfuturize/fixes/fix_remove_old__future__imports.py -> build/bdist.linux-x86_64/egg/libfuturize/fixes
copying build/lib/libfuturize/fixes/fix_order___future__imports.py -> build/bdist.linux-x86_64/egg/libfuturize/fixes
copying build/lib/libfuturize/fixes/fix_object.py -> build/bdist.linux-x86_64/egg/libfuturize/fixes
copying build/lib/libfuturize/fixes/fix_future_standard_library_urllib.py -> build/bdist.linux-x86_64/egg/libfuturize/fixes
copying build/lib/libfuturize/fixes/fix_future_standard_library.py -> build/bdist.linux-x86_64/egg/libfuturize/fixes
copying build/lib/libfuturize/fixes/fix_print.py -> build/bdist.linux-x86_64/egg/libfuturize/fixes
copying build/lib/libfuturize/fixes/fix_future_builtins.py -> build/bdist.linux-x86_64/egg/libfuturize/fixes
copying build/lib/libfuturize/fixes/fix_UserDict.py -> build/bdist.linux-x86_64/egg/libfuturize/fixes
copying build/lib/libfuturize/fixes/fix_unicode_literals_import.py -> build/bdist.linux-x86_64/egg/libfuturize/fixes
copying build/lib/libfuturize/fixes/fix_oldstr_wrap.py -> build/bdist.linux-x86_64/egg/libfuturize/fixes
copying build/lib/libfuturize/fixes/fix_absolute_import.py -> build/bdist.linux-x86_64/egg/libfuturize/fixes
copying build/lib/libfuturize/fixes/fix_xrange_with_import.py -> build/bdist.linux-x86_64/egg/libfuturize/fixes
copying build/lib/libfuturize/fixes/fix_bytes.py -> build/bdist.linux-x86_64/egg/libfuturize/fixes
copying build/lib/libfuturize/fixes/fix_next_call.py -> build/bdist.linux-x86_64/egg/libfuturize/fixes
copying build/lib/libfuturize/fixes/fix_print_with_import.py -> build/bdist.linux-x86_64/egg/libfuturize/fixes
copying build/lib/libfuturize/fixes/fix_division_safe.py -> build/bdist.linux-x86_64/egg/libfuturize/fixes
copying build/lib/libfuturize/fixes/fix_cmp.py -> build/bdist.linux-x86_64/egg/libfuturize/fixes
copying build/lib/libfuturize/fixes/fix_unicode_keep_u.py -> build/bdist.linux-x86_64/egg/libfuturize/fixes
copying build/lib/libfuturize/fixes/__init__.py -> build/bdist.linux-x86_64/egg/libfuturize/fixes
copying build/lib/libfuturize/fixes/fix_raise.py -> build/bdist.linux-x86_64/egg/libfuturize/fixes
copying build/lib/libfuturize/fixes/fix_execfile.py -> build/bdist.linux-x86_64/egg/libfuturize/fixes
copying build/lib/libfuturize/fixes/fix_add__future__imports_except_unicode_literals.py -> build/bdist.linux-x86_64/egg/libfuturize/fixes
copying build/lib/libfuturize/fixes/fix_metaclass.py -> build/bdist.linux-x86_64/egg/libfuturize/fixes
copying build/lib/libfuturize/fixes/fix_division.py -> build/bdist.linux-x86_64/egg/libfuturize/fixes
copying build/lib/libfuturize/main.py -> build/bdist.linux-x86_64/egg/libfuturize
copying build/lib/libfuturize/__init__.py -> build/bdist.linux-x86_64/egg/libfuturize
creating build/bdist.linux-x86_64/egg/builtins
copying build/lib/builtins/__init__.py -> build/bdist.linux-x86_64/egg/builtins
creating build/bdist.linux-x86_64/egg/xmlrpc
copying build/lib/xmlrpc/client.py -> build/bdist.linux-x86_64/egg/xmlrpc
copying build/lib/xmlrpc/__init__.py -> build/bdist.linux-x86_64/egg/xmlrpc
copying build/lib/xmlrpc/server.py -> build/bdist.linux-x86_64/egg/xmlrpc
creating build/bdist.linux-x86_64/egg/libpasteurize
creating build/bdist.linux-x86_64/egg/libpasteurize/fixes
copying build/lib/libpasteurize/fixes/fix_unpacking.py -> build/bdist.linux-x86_64/egg/libpasteurize/fixes
copying build/lib/libpasteurize/fixes/fix_memoryview.py -> build/bdist.linux-x86_64/egg/libpasteurize/fixes
copying build/lib/libpasteurize/fixes/fix_add_future_standard_library_import.py -> build/bdist.linux-x86_64/egg/libpasteurize/fixes
copying build/lib/libpasteurize/fixes/fix_future_builtins.py -> build/bdist.linux-x86_64/egg/libpasteurize/fixes
copying build/lib/libpasteurize/fixes/fix_fullargspec.py -> build/bdist.linux-x86_64/egg/libpasteurize/fixes
copying build/lib/libpasteurize/fixes/fix_getcwd.py -> build/bdist.linux-x86_64/egg/libpasteurize/fixes
copying build/lib/libpasteurize/fixes/fix_features.py -> build/bdist.linux-x86_64/egg/libpasteurize/fixes
copying build/lib/libpasteurize/fixes/fix_throw.py -> build/bdist.linux-x86_64/egg/libpasteurize/fixes
copying build/lib/libpasteurize/fixes/fix_add_all__future__imports.py -> build/bdist.linux-x86_64/egg/libpasteurize/fixes
copying build/lib/libpasteurize/fixes/fix_raise_.py -> build/bdist.linux-x86_64/egg/libpasteurize/fixes
copying build/lib/libpasteurize/fixes/fix_imports2.py -> build/bdist.linux-x86_64/egg/libpasteurize/fixes
copying build/lib/libpasteurize/fixes/fix_kwargs.py -> build/bdist.linux-x86_64/egg/libpasteurize/fixes
copying build/lib/libpasteurize/fixes/fix_newstyle.py -> build/bdist.linux-x86_64/egg/libpasteurize/fixes
copying build/lib/libpasteurize/fixes/fix_next.py -> build/bdist.linux-x86_64/egg/libpasteurize/fixes
copying build/lib/libpasteurize/fixes/fix_imports.py -> build/bdist.linux-x86_64/egg/libpasteurize/fixes
copying build/lib/libpasteurize/fixes/__init__.py -> build/bdist.linux-x86_64/egg/libpasteurize/fixes
copying build/lib/libpasteurize/fixes/fix_raise.py -> build/bdist.linux-x86_64/egg/libpasteurize/fixes
copying build/lib/libpasteurize/fixes/feature_base.py -> build/bdist.linux-x86_64/egg/libpasteurize/fixes
copying build/lib/libpasteurize/fixes/fix_add_all_future_builtins.py -> build/bdist.linux-x86_64/egg/libpasteurize/fixes
copying build/lib/libpasteurize/fixes/fix_metaclass.py -> build/bdist.linux-x86_64/egg/libpasteurize/fixes
copying build/lib/libpasteurize/fixes/fix_division.py -> build/bdist.linux-x86_64/egg/libpasteurize/fixes
copying build/lib/libpasteurize/fixes/fix_annotations.py -> build/bdist.linux-x86_64/egg/libpasteurize/fixes
copying build/lib/libpasteurize/fixes/fix_printfunction.py -> build/bdist.linux-x86_64/egg/libpasteurize/fixes
copying build/lib/libpasteurize/main.py -> build/bdist.linux-x86_64/egg/libpasteurize
copying build/lib/libpasteurize/__init__.py -> build/bdist.linux-x86_64/egg/libpasteurize
creating build/bdist.linux-x86_64/egg/configparser
copying build/lib/configparser/__init__.py -> build/bdist.linux-x86_64/egg/configparser
creating build/bdist.linux-x86_64/egg/reprlib
copying build/lib/reprlib/__init__.py -> build/bdist.linux-x86_64/egg/reprlib
creating build/bdist.linux-x86_64/egg/html
copying build/lib/html/parser.py -> build/bdist.linux-x86_64/egg/html
copying build/lib/html/__init__.py -> build/bdist.linux-x86_64/egg/html
copying build/lib/html/entities.py -> build/bdist.linux-x86_64/egg/html
creating build/bdist.linux-x86_64/egg/http
copying build/lib/http/cookiejar.py -> build/bdist.linux-x86_64/egg/http
copying build/lib/http/cookies.py -> build/bdist.linux-x86_64/egg/http
copying build/lib/http/client.py -> build/bdist.linux-x86_64/egg/http
copying build/lib/http/__init__.py -> build/bdist.linux-x86_64/egg/http
copying build/lib/http/server.py -> build/bdist.linux-x86_64/egg/http
creating build/bdist.linux-x86_64/egg/copyreg
copying build/lib/copyreg/__init__.py -> build/bdist.linux-x86_64/egg/copyreg
creating build/bdist.linux-x86_64/egg/_dummy_thread
copying build/lib/_dummy_thread/__init__.py -> build/bdist.linux-x86_64/egg/_dummy_thread
creating build/bdist.linux-x86_64/egg/future
creating build/bdist.linux-x86_64/egg/future/types
copying build/lib/future/types/newint.py -> build/bdist.linux-x86_64/egg/future/types
copying build/lib/future/types/newobject.py -> build/bdist.linux-x86_64/egg/future/types
copying build/lib/future/types/newrange.py -> build/bdist.linux-x86_64/egg/future/types
copying build/lib/future/types/newdict.py -> build/bdist.linux-x86_64/egg/future/types
copying build/lib/future/types/newlist.py -> build/bdist.linux-x86_64/egg/future/types
copying build/lib/future/types/newmemoryview.py -> build/bdist.linux-x86_64/egg/future/types
copying build/lib/future/types/newopen.py -> build/bdist.linux-x86_64/egg/future/types
copying build/lib/future/types/newstr.py -> build/bdist.linux-x86_64/egg/future/types
copying build/lib/future/types/__init__.py -> build/bdist.linux-x86_64/egg/future/types
copying build/lib/future/types/newbytes.py -> build/bdist.linux-x86_64/egg/future/types
creating build/bdist.linux-x86_64/egg/future/standard_library
copying build/lib/future/standard_library/__init__.py -> build/bdist.linux-x86_64/egg/future/standard_library
creating build/bdist.linux-x86_64/egg/future/backports
copying build/lib/future/backports/socket.py -> build/bdist.linux-x86_64/egg/future/backports
copying build/lib/future/backports/total_ordering.py -> build/bdist.linux-x86_64/egg/future/backports
creating build/bdist.linux-x86_64/egg/future/backports/email
copying build/lib/future/backports/email/_encoded_words.py -> build/bdist.linux-x86_64/egg/future/backports/email
copying build/lib/future/backports/email/utils.py -> build/bdist.linux-x86_64/egg/future/backports/email
copying build/lib/future/backports/email/_header_value_parser.py -> build/bdist.linux-x86_64/egg/future/backports/email
copying build/lib/future/backports/email/errors.py -> build/bdist.linux-x86_64/egg/future/backports/email
copying build/lib/future/backports/email/quoprimime.py -> build/bdist.linux-x86_64/egg/future/backports/email
copying build/lib/future/backports/email/_policybase.py -> build/bdist.linux-x86_64/egg/future/backports/email
copying build/lib/future/backports/email/generator.py -> build/bdist.linux-x86_64/egg/future/backports/email
copying build/lib/future/backports/email/policy.py -> build/bdist.linux-x86_64/egg/future/backports/email
copying build/lib/future/backports/email/parser.py -> build/bdist.linux-x86_64/egg/future/backports/email
copying build/lib/future/backports/email/feedparser.py -> build/bdist.linux-x86_64/egg/future/backports/email
copying build/lib/future/backports/email/base64mime.py -> build/bdist.linux-x86_64/egg/future/backports/email
copying build/lib/future/backports/email/message.py -> build/bdist.linux-x86_64/egg/future/backports/email
copying build/lib/future/backports/email/charset.py -> build/bdist.linux-x86_64/egg/future/backports/email
copying build/lib/future/backports/email/headerregistry.py -> build/bdist.linux-x86_64/egg/future/backports/email
copying build/lib/future/backports/email/_parseaddr.py -> build/bdist.linux-x86_64/egg/future/backports/email
copying build/lib/future/backports/email/__init__.py -> build/bdist.linux-x86_64/egg/future/backports/email
creating build/bdist.linux-x86_64/egg/future/backports/email/mime
copying build/lib/future/backports/email/mime/application.py -> build/bdist.linux-x86_64/egg/future/backports/email/mime
copying build/lib/future/backports/email/mime/multipart.py -> build/bdist.linux-x86_64/egg/future/backports/email/mime
copying build/lib/future/backports/email/mime/message.py -> build/bdist.linux-x86_64/egg/future/backports/email/mime
copying build/lib/future/backports/email/mime/text.py -> build/bdist.linux-x86_64/egg/future/backports/email/mime
copying build/lib/future/backports/email/mime/__init__.py -> build/bdist.linux-x86_64/egg/future/backports/email/mime
copying build/lib/future/backports/email/mime/nonmultipart.py -> build/bdist.linux-x86_64/egg/future/backports/email/mime
copying build/lib/future/backports/email/mime/image.py -> build/bdist.linux-x86_64/egg/future/backports/email/mime
copying build/lib/future/backports/email/mime/base.py -> build/bdist.linux-x86_64/egg/future/backports/email/mime
copying build/lib/future/backports/email/mime/audio.py -> build/bdist.linux-x86_64/egg/future/backports/email/mime
copying build/lib/future/backports/email/iterators.py -> build/bdist.linux-x86_64/egg/future/backports/email
copying build/lib/future/backports/email/encoders.py -> build/bdist.linux-x86_64/egg/future/backports/email
copying build/lib/future/backports/email/header.py -> build/bdist.linux-x86_64/egg/future/backports/email
creating build/bdist.linux-x86_64/egg/future/backports/xmlrpc
copying build/lib/future/backports/xmlrpc/client.py -> build/bdist.linux-x86_64/egg/future/backports/xmlrpc
copying build/lib/future/backports/xmlrpc/__init__.py -> build/bdist.linux-x86_64/egg/future/backports/xmlrpc
copying build/lib/future/backports/xmlrpc/server.py -> build/bdist.linux-x86_64/egg/future/backports/xmlrpc
copying build/lib/future/backports/socketserver.py -> build/bdist.linux-x86_64/egg/future/backports
copying build/lib/future/backports/_markupbase.py -> build/bdist.linux-x86_64/egg/future/backports
creating build/bdist.linux-x86_64/egg/future/backports/test
copying build/lib/future/backports/test/nullcert.pem -> build/bdist.linux-x86_64/egg/future/backports/test
copying build/lib/future/backports/test/badkey.pem -> build/bdist.linux-x86_64/egg/future/backports/test
copying build/lib/future/backports/test/nullbytecert.pem -> build/bdist.linux-x86_64/egg/future/backports/test
copying build/lib/future/backports/test/keycert2.pem -> build/bdist.linux-x86_64/egg/future/backports/test
copying build/lib/future/backports/test/dh512.pem -> build/bdist.linux-x86_64/egg/future/backports/test
copying build/lib/future/backports/test/support.py -> build/bdist.linux-x86_64/egg/future/backports/test
copying build/lib/future/backports/test/keycert.pem -> build/bdist.linux-x86_64/egg/future/backports/test
copying build/lib/future/backports/test/https_svn_python_org_root.pem -> build/bdist.linux-x86_64/egg/future/backports/test
copying build/lib/future/backports/test/ssl_cert.pem -> build/bdist.linux-x86_64/egg/future/backports/test
copying build/lib/future/backports/test/ssl_key.pem -> build/bdist.linux-x86_64/egg/future/backports/test
copying build/lib/future/backports/test/keycert.passwd.pem -> build/bdist.linux-x86_64/egg/future/backports/test
copying build/lib/future/backports/test/badcert.pem -> build/bdist.linux-x86_64/egg/future/backports/test
copying build/lib/future/backports/test/__init__.py -> build/bdist.linux-x86_64/egg/future/backports/test
copying build/lib/future/backports/test/nokia.pem -> build/bdist.linux-x86_64/egg/future/backports/test
copying build/lib/future/backports/test/sha256.pem -> build/bdist.linux-x86_64/egg/future/backports/test
copying build/lib/future/backports/test/ssl_key.passwd.pem -> build/bdist.linux-x86_64/egg/future/backports/test
copying build/lib/future/backports/test/ssl_servers.py -> build/bdist.linux-x86_64/egg/future/backports/test
copying build/lib/future/backports/test/pystone.py -> build/bdist.linux-x86_64/egg/future/backports/test
creating build/bdist.linux-x86_64/egg/future/backports/html
copying build/lib/future/backports/html/parser.py -> build/bdist.linux-x86_64/egg/future/backports/html
copying build/lib/future/backports/html/__init__.py -> build/bdist.linux-x86_64/egg/future/backports/html
copying build/lib/future/backports/html/entities.py -> build/bdist.linux-x86_64/egg/future/backports/html
copying build/lib/future/backports/misc.py -> build/bdist.linux-x86_64/egg/future/backports
copying build/lib/future/backports/__init__.py -> build/bdist.linux-x86_64/egg/future/backports
copying build/lib/future/backports/datetime.py -> build/bdist.linux-x86_64/egg/future/backports
creating build/bdist.linux-x86_64/egg/future/backports/http
copying build/lib/future/backports/http/cookiejar.py -> build/bdist.linux-x86_64/egg/future/backports/http
copying build/lib/future/backports/http/cookies.py -> build/bdist.linux-x86_64/egg/future/backports/http
copying build/lib/future/backports/http/client.py -> build/bdist.linux-x86_64/egg/future/backports/http
copying build/lib/future/backports/http/__init__.py -> build/bdist.linux-x86_64/egg/future/backports/http
copying build/lib/future/backports/http/server.py -> build/bdist.linux-x86_64/egg/future/backports/http
creating build/bdist.linux-x86_64/egg/future/backports/urllib
copying build/lib/future/backports/urllib/parse.py -> build/bdist.linux-x86_64/egg/future/backports/urllib
copying build/lib/future/backports/urllib/response.py -> build/bdist.linux-x86_64/egg/future/backports/urllib
copying build/lib/future/backports/urllib/robotparser.py -> build/bdist.linux-x86_64/egg/future/backports/urllib
copying build/lib/future/backports/urllib/__init__.py -> build/bdist.linux-x86_64/egg/future/backports/urllib
copying build/lib/future/backports/urllib/error.py -> build/bdist.linux-x86_64/egg/future/backports/urllib
copying build/lib/future/backports/urllib/request.py -> build/bdist.linux-x86_64/egg/future/backports/urllib
creating build/bdist.linux-x86_64/egg/future/utils
copying build/lib/future/utils/surrogateescape.py -> build/bdist.linux-x86_64/egg/future/utils
copying build/lib/future/utils/__init__.py -> build/bdist.linux-x86_64/egg/future/utils
creating build/bdist.linux-x86_64/egg/future/moves
copying build/lib/future/moves/queue.py -> build/bdist.linux-x86_64/egg/future/moves
creating build/bdist.linux-x86_64/egg/future/moves/tkinter
copying build/lib/future/moves/tkinter/colorchooser.py -> build/bdist.linux-x86_64/egg/future/moves/tkinter
copying build/lib/future/moves/tkinter/tix.py -> build/bdist.linux-x86_64/egg/future/moves/tkinter
copying build/lib/future/moves/tkinter/font.py -> build/bdist.linux-x86_64/egg/future/moves/tkinter
copying build/lib/future/moves/tkinter/dialog.py -> build/bdist.linux-x86_64/egg/future/moves/tkinter
copying build/lib/future/moves/tkinter/filedialog.py -> build/bdist.linux-x86_64/egg/future/moves/tkinter
copying build/lib/future/moves/tkinter/messagebox.py -> build/bdist.linux-x86_64/egg/future/moves/tkinter
copying build/lib/future/moves/tkinter/scrolledtext.py -> build/bdist.linux-x86_64/egg/future/moves/tkinter
copying build/lib/future/moves/tkinter/simpledialog.py -> build/bdist.linux-x86_64/egg/future/moves/tkinter
copying build/lib/future/moves/tkinter/constants.py -> build/bdist.linux-x86_64/egg/future/moves/tkinter
copying build/lib/future/moves/tkinter/__init__.py -> build/bdist.linux-x86_64/egg/future/moves/tkinter
copying build/lib/future/moves/tkinter/dnd.py -> build/bdist.linux-x86_64/egg/future/moves/tkinter
copying build/lib/future/moves/tkinter/commondialog.py -> build/bdist.linux-x86_64/egg/future/moves/tkinter
copying build/lib/future/moves/_thread.py -> build/bdist.linux-x86_64/egg/future/moves
copying build/lib/future/moves/itertools.py -> build/bdist.linux-x86_64/egg/future/moves
copying build/lib/future/moves/collections.py -> build/bdist.linux-x86_64/egg/future/moves
copying build/lib/future/moves/builtins.py -> build/bdist.linux-x86_64/egg/future/moves
creating build/bdist.linux-x86_64/egg/future/moves/xmlrpc
copying build/lib/future/moves/xmlrpc/client.py -> build/bdist.linux-x86_64/egg/future/moves/xmlrpc
copying build/lib/future/moves/xmlrpc/__init__.py -> build/bdist.linux-x86_64/egg/future/moves/xmlrpc
copying build/lib/future/moves/xmlrpc/server.py -> build/bdist.linux-x86_64/egg/future/moves/xmlrpc
copying build/lib/future/moves/socketserver.py -> build/bdist.linux-x86_64/egg/future/moves
copying build/lib/future/moves/_markupbase.py -> build/bdist.linux-x86_64/egg/future/moves
copying build/lib/future/moves/_dummy_thread.py -> build/bdist.linux-x86_64/egg/future/moves
creating build/bdist.linux-x86_64/egg/future/moves/test
copying build/lib/future/moves/test/support.py -> build/bdist.linux-x86_64/egg/future/moves/test
copying build/lib/future/moves/test/__init__.py -> build/bdist.linux-x86_64/egg/future/moves/test
copying build/lib/future/moves/reprlib.py -> build/bdist.linux-x86_64/egg/future/moves
copying build/lib/future/moves/winreg.py -> build/bdist.linux-x86_64/egg/future/moves
copying build/lib/future/moves/sys.py -> build/bdist.linux-x86_64/egg/future/moves
creating build/bdist.linux-x86_64/egg/future/moves/html
copying build/lib/future/moves/html/parser.py -> build/bdist.linux-x86_64/egg/future/moves/html
copying build/lib/future/moves/html/__init__.py -> build/bdist.linux-x86_64/egg/future/moves/html
copying build/lib/future/moves/html/entities.py -> build/bdist.linux-x86_64/egg/future/moves/html
copying build/lib/future/moves/__init__.py -> build/bdist.linux-x86_64/egg/future/moves
creating build/bdist.linux-x86_64/egg/future/moves/http
copying build/lib/future/moves/http/cookiejar.py -> build/bdist.linux-x86_64/egg/future/moves/http
copying build/lib/future/moves/http/cookies.py -> build/bdist.linux-x86_64/egg/future/moves/http
copying build/lib/future/moves/http/client.py -> build/bdist.linux-x86_64/egg/future/moves/http
copying build/lib/future/moves/http/__init__.py -> build/bdist.linux-x86_64/egg/future/moves/http
copying build/lib/future/moves/http/server.py -> build/bdist.linux-x86_64/egg/future/moves/http
creating build/bdist.linux-x86_64/egg/future/moves/dbm
copying build/lib/future/moves/dbm/ndbm.py -> build/bdist.linux-x86_64/egg/future/moves/dbm
copying build/lib/future/moves/dbm/gnu.py -> build/bdist.linux-x86_64/egg/future/moves/dbm
copying build/lib/future/moves/dbm/dumb.py -> build/bdist.linux-x86_64/egg/future/moves/dbm
copying build/lib/future/moves/dbm/__init__.py -> build/bdist.linux-x86_64/egg/future/moves/dbm
copying build/lib/future/moves/subprocess.py -> build/bdist.linux-x86_64/egg/future/moves
copying build/lib/future/moves/configparser.py -> build/bdist.linux-x86_64/egg/future/moves
copying build/lib/future/moves/pickle.py -> build/bdist.linux-x86_64/egg/future/moves
copying build/lib/future/moves/copyreg.py -> build/bdist.linux-x86_64/egg/future/moves
creating build/bdist.linux-x86_64/egg/future/moves/urllib
copying build/lib/future/moves/urllib/parse.py -> build/bdist.linux-x86_64/egg/future/moves/urllib
copying build/lib/future/moves/urllib/response.py -> build/bdist.linux-x86_64/egg/future/moves/urllib
copying build/lib/future/moves/urllib/robotparser.py -> build/bdist.linux-x86_64/egg/future/moves/urllib
copying build/lib/future/moves/urllib/__init__.py -> build/bdist.linux-x86_64/egg/future/moves/urllib
copying build/lib/future/moves/urllib/error.py -> build/bdist.linux-x86_64/egg/future/moves/urllib
copying build/lib/future/moves/urllib/request.py -> build/bdist.linux-x86_64/egg/future/moves/urllib
creating build/bdist.linux-x86_64/egg/future/builtins
copying build/lib/future/builtins/newround.py -> build/bdist.linux-x86_64/egg/future/builtins
copying build/lib/future/builtins/newnext.py -> build/bdist.linux-x86_64/egg/future/builtins
copying build/lib/future/builtins/disabled.py -> build/bdist.linux-x86_64/egg/future/builtins
copying build/lib/future/builtins/misc.py -> build/bdist.linux-x86_64/egg/future/builtins
copying build/lib/future/builtins/__init__.py -> build/bdist.linux-x86_64/egg/future/builtins
copying build/lib/future/builtins/iterators.py -> build/bdist.linux-x86_64/egg/future/builtins
copying build/lib/future/builtins/newsuper.py -> build/bdist.linux-x86_64/egg/future/builtins
creating build/bdist.linux-x86_64/egg/future/tests
copying build/lib/future/tests/__init__.py -> build/bdist.linux-x86_64/egg/future/tests
copying build/lib/future/tests/base.py -> build/bdist.linux-x86_64/egg/future/tests
copying build/lib/future/__init__.py -> build/bdist.linux-x86_64/egg/future
byte-compiling build/bdist.linux-x86_64/egg/_thread/__init__.py to __init__.pyc
byte-compiling build/bdist.linux-x86_64/egg/winreg/__init__.py to __init__.pyc
byte-compiling build/bdist.linux-x86_64/egg/queue/__init__.py to __init__.pyc
byte-compiling build/bdist.linux-x86_64/egg/_markupbase/__init__.py to __init__.pyc
byte-compiling build/bdist.linux-x86_64/egg/socketserver/__init__.py to __init__.pyc
byte-compiling build/bdist.linux-x86_64/egg/tkinter/colorchooser.py to colorchooser.pyc
byte-compiling build/bdist.linux-x86_64/egg/tkinter/tix.py to tix.pyc
byte-compiling build/bdist.linux-x86_64/egg/tkinter/font.py to font.pyc
byte-compiling build/bdist.linux-x86_64/egg/tkinter/dialog.py to dialog.pyc
byte-compiling build/bdist.linux-x86_64/egg/tkinter/filedialog.py to filedialog.pyc
byte-compiling build/bdist.linux-x86_64/egg/tkinter/messagebox.py to messagebox.pyc
byte-compiling build/bdist.linux-x86_64/egg/tkinter/scrolledtext.py to scrolledtext.pyc
byte-compiling build/bdist.linux-x86_64/egg/tkinter/simpledialog.py to simpledialog.pyc
byte-compiling build/bdist.linux-x86_64/egg/tkinter/constants.py to constants.pyc
byte-compiling build/bdist.linux-x86_64/egg/tkinter/__init__.py to __init__.pyc
byte-compiling build/bdist.linux-x86_64/egg/tkinter/dnd.py to dnd.pyc
byte-compiling build/bdist.linux-x86_64/egg/tkinter/commondialog.py to commondialog.pyc
byte-compiling build/bdist.linux-x86_64/egg/past/types/basestring.py to basestring.pyc
byte-compiling build/bdist.linux-x86_64/egg/past/types/__init__.py to __init__.pyc
byte-compiling build/bdist.linux-x86_64/egg/past/types/olddict.py to olddict.pyc
byte-compiling build/bdist.linux-x86_64/egg/past/types/oldstr.py to oldstr.pyc
byte-compiling build/bdist.linux-x86_64/egg/past/utils/__init__.py to __init__.pyc
byte-compiling build/bdist.linux-x86_64/egg/past/builtins/noniterators.py to noniterators.pyc
byte-compiling build/bdist.linux-x86_64/egg/past/builtins/misc.py to misc.pyc
byte-compiling build/bdist.linux-x86_64/egg/past/builtins/__init__.py to __init__.pyc
byte-compiling build/bdist.linux-x86_64/egg/past/tests/__init__.py to __init__.pyc
byte-compiling build/bdist.linux-x86_64/egg/past/__init__.py to __init__.pyc
byte-compiling build/bdist.linux-x86_64/egg/past/translation/__init__.py to __init__.pyc
byte-compiling build/bdist.linux-x86_64/egg/libfuturize/fixer_util.py to fixer_util.pyc
byte-compiling build/bdist.linux-x86_64/egg/libfuturize/fixes/fix_remove_old__future__imports.py to fix_remove_old__future__imports.pyc
byte-compiling build/bdist.linux-x86_64/egg/libfuturize/fixes/fix_order___future__imports.py to fix_order___future__imports.pyc
byte-compiling build/bdist.linux-x86_64/egg/libfuturize/fixes/fix_object.py to fix_object.pyc
byte-compiling build/bdist.linux-x86_64/egg/libfuturize/fixes/fix_future_standard_library_urllib.py to fix_future_standard_library_urllib.pyc
byte-compiling build/bdist.linux-x86_64/egg/libfuturize/fixes/fix_future_standard_library.py to fix_future_standard_library.pyc
byte-compiling build/bdist.linux-x86_64/egg/libfuturize/fixes/fix_print.py to fix_print.pyc
byte-compiling build/bdist.linux-x86_64/egg/libfuturize/fixes/fix_future_builtins.py to fix_future_builtins.pyc
byte-compiling build/bdist.linux-x86_64/egg/libfuturize/fixes/fix_UserDict.py to fix_UserDict.pyc
byte-compiling build/bdist.linux-x86_64/egg/libfuturize/fixes/fix_unicode_literals_import.py to fix_unicode_literals_import.pyc
byte-compiling build/bdist.linux-x86_64/egg/libfuturize/fixes/fix_oldstr_wrap.py to fix_oldstr_wrap.pyc
byte-compiling build/bdist.linux-x86_64/egg/libfuturize/fixes/fix_absolute_import.py to fix_absolute_import.pyc
byte-compiling build/bdist.linux-x86_64/egg/libfuturize/fixes/fix_xrange_with_import.py to fix_xrange_with_import.pyc
byte-compiling build/bdist.linux-x86_64/egg/libfuturize/fixes/fix_bytes.py to fix_bytes.pyc
byte-compiling build/bdist.linux-x86_64/egg/libfuturize/fixes/fix_next_call.py to fix_next_call.pyc
byte-compiling build/bdist.linux-x86_64/egg/libfuturize/fixes/fix_print_with_import.py to fix_print_with_import.pyc
byte-compiling build/bdist.linux-x86_64/egg/libfuturize/fixes/fix_division_safe.py to fix_division_safe.pyc
byte-compiling build/bdist.linux-x86_64/egg/libfuturize/fixes/fix_cmp.py to fix_cmp.pyc
byte-compiling build/bdist.linux-x86_64/egg/libfuturize/fixes/fix_unicode_keep_u.py to fix_unicode_keep_u.pyc
byte-compiling build/bdist.linux-x86_64/egg/libfuturize/fixes/__init__.py to __init__.pyc
byte-compiling build/bdist.linux-x86_64/egg/libfuturize/fixes/fix_raise.py to fix_raise.pyc
byte-compiling build/bdist.linux-x86_64/egg/libfuturize/fixes/fix_execfile.py to fix_execfile.pyc
byte-compiling build/bdist.linux-x86_64/egg/libfuturize/fixes/fix_add__future__imports_except_unicode_literals.py to fix_add__future__imports_except_unicode_literals.pyc
byte-compiling build/bdist.linux-x86_64/egg/libfuturize/fixes/fix_metaclass.py to fix_metaclass.pyc
byte-compiling build/bdist.linux-x86_64/egg/libfuturize/fixes/fix_division.py to fix_division.pyc
byte-compiling build/bdist.linux-x86_64/egg/libfuturize/main.py to main.pyc
byte-compiling build/bdist.linux-x86_64/egg/libfuturize/__init__.py to __init__.pyc
byte-compiling build/bdist.linux-x86_64/egg/builtins/__init__.py to __init__.pyc
byte-compiling build/bdist.linux-x86_64/egg/xmlrpc/client.py to client.pyc
byte-compiling build/bdist.linux-x86_64/egg/xmlrpc/__init__.py to __init__.pyc
byte-compiling build/bdist.linux-x86_64/egg/xmlrpc/server.py to server.pyc
byte-compiling build/bdist.linux-x86_64/egg/libpasteurize/fixes/fix_unpacking.py to fix_unpacking.pyc
byte-compiling build/bdist.linux-x86_64/egg/libpasteurize/fixes/fix_memoryview.py to fix_memoryview.pyc
byte-compiling build/bdist.linux-x86_64/egg/libpasteurize/fixes/fix_add_future_standard_library_import.py to fix_add_future_standard_library_import.pyc
byte-compiling build/bdist.linux-x86_64/egg/libpasteurize/fixes/fix_future_builtins.py to fix_future_builtins.pyc
byte-compiling build/bdist.linux-x86_64/egg/libpasteurize/fixes/fix_fullargspec.py to fix_fullargspec.pyc
byte-compiling build/bdist.linux-x86_64/egg/libpasteurize/fixes/fix_getcwd.py to fix_getcwd.pyc
byte-compiling build/bdist.linux-x86_64/egg/libpasteurize/fixes/fix_features.py to fix_features.pyc
byte-compiling build/bdist.linux-x86_64/egg/libpasteurize/fixes/fix_throw.py to fix_throw.pyc
byte-compiling build/bdist.linux-x86_64/egg/libpasteurize/fixes/fix_add_all__future__imports.py to fix_add_all__future__imports.pyc
byte-compiling build/bdist.linux-x86_64/egg/libpasteurize/fixes/fix_raise_.py to fix_raise_.pyc
byte-compiling build/bdist.linux-x86_64/egg/libpasteurize/fixes/fix_imports2.py to fix_imports2.pyc
byte-compiling build/bdist.linux-x86_64/egg/libpasteurize/fixes/fix_kwargs.py to fix_kwargs.pyc
byte-compiling build/bdist.linux-x86_64/egg/libpasteurize/fixes/fix_newstyle.py to fix_newstyle.pyc
byte-compiling build/bdist.linux-x86_64/egg/libpasteurize/fixes/fix_next.py to fix_next.pyc
byte-compiling build/bdist.linux-x86_64/egg/libpasteurize/fixes/fix_imports.py to fix_imports.pyc
byte-compiling build/bdist.linux-x86_64/egg/libpasteurize/fixes/__init__.py to __init__.pyc
byte-compiling build/bdist.linux-x86_64/egg/libpasteurize/fixes/fix_raise.py to fix_raise.pyc
byte-compiling build/bdist.linux-x86_64/egg/libpasteurize/fixes/feature_base.py to feature_base.pyc
byte-compiling build/bdist.linux-x86_64/egg/libpasteurize/fixes/fix_add_all_future_builtins.py to fix_add_all_future_builtins.pyc
byte-compiling build/bdist.linux-x86_64/egg/libpasteurize/fixes/fix_metaclass.py to fix_metaclass.pyc
byte-compiling build/bdist.linux-x86_64/egg/libpasteurize/fixes/fix_division.py to fix_division.pyc
byte-compiling build/bdist.linux-x86_64/egg/libpasteurize/fixes/fix_annotations.py to fix_annotations.pyc
byte-compiling build/bdist.linux-x86_64/egg/libpasteurize/fixes/fix_printfunction.py to fix_printfunction.pyc
byte-compiling build/bdist.linux-x86_64/egg/libpasteurize/main.py to main.pyc
byte-compiling build/bdist.linux-x86_64/egg/libpasteurize/__init__.py to __init__.pyc
byte-compiling build/bdist.linux-x86_64/egg/configparser/__init__.py to __init__.pyc
byte-compiling build/bdist.linux-x86_64/egg/reprlib/__init__.py to __init__.pyc
byte-compiling build/bdist.linux-x86_64/egg/html/parser.py to parser.pyc
byte-compiling build/bdist.linux-x86_64/egg/html/__init__.py to __init__.pyc
byte-compiling build/bdist.linux-x86_64/egg/html/entities.py to entities.pyc
byte-compiling build/bdist.linux-x86_64/egg/http/cookiejar.py to cookiejar.pyc
byte-compiling build/bdist.linux-x86_64/egg/http/cookies.py to cookies.pyc
byte-compiling build/bdist.linux-x86_64/egg/http/client.py to client.pyc
byte-compiling build/bdist.linux-x86_64/egg/http/__init__.py to __init__.pyc
byte-compiling build/bdist.linux-x86_64/egg/http/server.py to server.pyc
byte-compiling build/bdist.linux-x86_64/egg/copyreg/__init__.py to __init__.pyc
byte-compiling build/bdist.linux-x86_64/egg/_dummy_thread/__init__.py to __init__.pyc
byte-compiling build/bdist.linux-x86_64/egg/future/types/newint.py to newint.pyc
byte-compiling build/bdist.linux-x86_64/egg/future/types/newobject.py to newobject.pyc
byte-compiling build/bdist.linux-x86_64/egg/future/types/newrange.py to newrange.pyc
byte-compiling build/bdist.linux-x86_64/egg/future/types/newdict.py to newdict.pyc
byte-compiling build/bdist.linux-x86_64/egg/future/types/newlist.py to newlist.pyc
byte-compiling build/bdist.linux-x86_64/egg/future/types/newmemoryview.py to newmemoryview.pyc
byte-compiling build/bdist.linux-x86_64/egg/future/types/newopen.py to newopen.pyc
byte-compiling build/bdist.linux-x86_64/egg/future/types/newstr.py to newstr.pyc
byte-compiling build/bdist.linux-x86_64/egg/future/types/__init__.py to __init__.pyc
byte-compiling build/bdist.linux-x86_64/egg/future/types/newbytes.py to newbytes.pyc
byte-compiling build/bdist.linux-x86_64/egg/future/standard_library/__init__.py to __init__.pyc
byte-compiling build/bdist.linux-x86_64/egg/future/backports/socket.py to socket.pyc
byte-compiling build/bdist.linux-x86_64/egg/future/backports/total_ordering.py to total_ordering.pyc
byte-compiling build/bdist.linux-x86_64/egg/future/backports/email/_encoded_words.py to _encoded_words.pyc
byte-compiling build/bdist.linux-x86_64/egg/future/backports/email/utils.py to utils.pyc
byte-compiling build/bdist.linux-x86_64/egg/future/backports/email/_header_value_parser.py to _header_value_parser.pyc
byte-compiling build/bdist.linux-x86_64/egg/future/backports/email/errors.py to errors.pyc
byte-compiling build/bdist.linux-x86_64/egg/future/backports/email/quoprimime.py to quoprimime.pyc
byte-compiling build/bdist.linux-x86_64/egg/future/backports/email/_policybase.py to _policybase.pyc
byte-compiling build/bdist.linux-x86_64/egg/future/backports/email/generator.py to generator.pyc
byte-compiling build/bdist.linux-x86_64/egg/future/backports/email/policy.py to policy.pyc
byte-compiling build/bdist.linux-x86_64/egg/future/backports/email/parser.py to parser.pyc
byte-compiling build/bdist.linux-x86_64/egg/future/backports/email/feedparser.py to feedparser.pyc
byte-compiling build/bdist.linux-x86_64/egg/future/backports/email/base64mime.py to base64mime.pyc
byte-compiling build/bdist.linux-x86_64/egg/future/backports/email/message.py to message.pyc
byte-compiling build/bdist.linux-x86_64/egg/future/backports/email/charset.py to charset.pyc
byte-compiling build/bdist.linux-x86_64/egg/future/backports/email/headerregistry.py to headerregistry.pyc
byte-compiling build/bdist.linux-x86_64/egg/future/backports/email/_parseaddr.py to _parseaddr.pyc
byte-compiling build/bdist.linux-x86_64/egg/future/backports/email/__init__.py to __init__.pyc
byte-compiling build/bdist.linux-x86_64/egg/future/backports/email/mime/application.py to application.pyc
byte-compiling build/bdist.linux-x86_64/egg/future/backports/email/mime/multipart.py to multipart.pyc
byte-compiling build/bdist.linux-x86_64/egg/future/backports/email/mime/message.py to message.pyc
byte-compiling build/bdist.linux-x86_64/egg/future/backports/email/mime/text.py to text.pyc
byte-compiling build/bdist.linux-x86_64/egg/future/backports/email/mime/__init__.py to __init__.pyc
byte-compiling build/bdist.linux-x86_64/egg/future/backports/email/mime/nonmultipart.py to nonmultipart.pyc
byte-compiling build/bdist.linux-x86_64/egg/future/backports/email/mime/image.py to image.pyc
byte-compiling build/bdist.linux-x86_64/egg/future/backports/email/mime/base.py to base.pyc
byte-compiling build/bdist.linux-x86_64/egg/future/backports/email/mime/audio.py to audio.pyc
byte-compiling build/bdist.linux-x86_64/egg/future/backports/email/iterators.py to iterators.pyc
byte-compiling build/bdist.linux-x86_64/egg/future/backports/email/encoders.py to encoders.pyc
byte-compiling build/bdist.linux-x86_64/egg/future/backports/email/header.py to header.pyc
byte-compiling build/bdist.linux-x86_64/egg/future/backports/xmlrpc/client.py to client.pyc
byte-compiling build/bdist.linux-x86_64/egg/future/backports/xmlrpc/__init__.py to __init__.pyc
byte-compiling build/bdist.linux-x86_64/egg/future/backports/xmlrpc/server.py to server.pyc
byte-compiling build/bdist.linux-x86_64/egg/future/backports/socketserver.py to socketserver.pyc
byte-compiling build/bdist.linux-x86_64/egg/future/backports/_markupbase.py to _markupbase.pyc
byte-compiling build/bdist.linux-x86_64/egg/future/backports/test/support.py to support.pyc
byte-compiling build/bdist.linux-x86_64/egg/future/backports/test/__init__.py to __init__.pyc
byte-compiling build/bdist.linux-x86_64/egg/future/backports/test/ssl_servers.py to ssl_servers.pyc
byte-compiling build/bdist.linux-x86_64/egg/future/backports/test/pystone.py to pystone.pyc
byte-compiling build/bdist.linux-x86_64/egg/future/backports/html/parser.py to parser.pyc
byte-compiling build/bdist.linux-x86_64/egg/future/backports/html/__init__.py to __init__.pyc
byte-compiling build/bdist.linux-x86_64/egg/future/backports/html/entities.py to entities.pyc
byte-compiling build/bdist.linux-x86_64/egg/future/backports/misc.py to misc.pyc
byte-compiling build/bdist.linux-x86_64/egg/future/backports/__init__.py to __init__.pyc
byte-compiling build/bdist.linux-x86_64/egg/future/backports/datetime.py to datetime.pyc
byte-compiling build/bdist.linux-x86_64/egg/future/backports/http/cookiejar.py to cookiejar.pyc
byte-compiling build/bdist.linux-x86_64/egg/future/backports/http/cookies.py to cookies.pyc
byte-compiling build/bdist.linux-x86_64/egg/future/backports/http/client.py to client.pyc
byte-compiling build/bdist.linux-x86_64/egg/future/backports/http/__init__.py to __init__.pyc
byte-compiling build/bdist.linux-x86_64/egg/future/backports/http/server.py to server.pyc
byte-compiling build/bdist.linux-x86_64/egg/future/backports/urllib/parse.py to parse.pyc
byte-compiling build/bdist.linux-x86_64/egg/future/backports/urllib/response.py to response.pyc
byte-compiling build/bdist.linux-x86_64/egg/future/backports/urllib/robotparser.py to robotparser.pyc
byte-compiling build/bdist.linux-x86_64/egg/future/backports/urllib/__init__.py to __init__.pyc
byte-compiling build/bdist.linux-x86_64/egg/future/backports/urllib/error.py to error.pyc
byte-compiling build/bdist.linux-x86_64/egg/future/backports/urllib/request.py to request.pyc
byte-compiling build/bdist.linux-x86_64/egg/future/utils/surrogateescape.py to surrogateescape.pyc
byte-compiling build/bdist.linux-x86_64/egg/future/utils/__init__.py to __init__.pyc
byte-compiling build/bdist.linux-x86_64/egg/future/moves/queue.py to queue.pyc
byte-compiling build/bdist.linux-x86_64/egg/future/moves/tkinter/colorchooser.py to colorchooser.pyc
byte-compiling build/bdist.linux-x86_64/egg/future/moves/tkinter/tix.py to tix.pyc
byte-compiling build/bdist.linux-x86_64/egg/future/moves/tkinter/font.py to font.pyc
byte-compiling build/bdist.linux-x86_64/egg/future/moves/tkinter/dialog.py to dialog.pyc
byte-compiling build/bdist.linux-x86_64/egg/future/moves/tkinter/filedialog.py to filedialog.pyc
byte-compiling build/bdist.linux-x86_64/egg/future/moves/tkinter/messagebox.py to messagebox.pyc
byte-compiling build/bdist.linux-x86_64/egg/future/moves/tkinter/scrolledtext.py to scrolledtext.pyc
byte-compiling build/bdist.linux-x86_64/egg/future/moves/tkinter/simpledialog.py to simpledialog.pyc
byte-compiling build/bdist.linux-x86_64/egg/future/moves/tkinter/constants.py to constants.pyc
byte-compiling build/bdist.linux-x86_64/egg/future/moves/tkinter/__init__.py to __init__.pyc
byte-compiling build/bdist.linux-x86_64/egg/future/moves/tkinter/dnd.py to dnd.pyc
byte-compiling build/bdist.linux-x86_64/egg/future/moves/tkinter/commondialog.py to commondialog.pyc
byte-compiling build/bdist.linux-x86_64/egg/future/moves/_thread.py to _thread.pyc
byte-compiling build/bdist.linux-x86_64/egg/future/moves/itertools.py to itertools.pyc
byte-compiling build/bdist.linux-x86_64/egg/future/moves/collections.py to collections.pyc
byte-compiling build/bdist.linux-x86_64/egg/future/moves/builtins.py to builtins.pyc
byte-compiling build/bdist.linux-x86_64/egg/future/moves/xmlrpc/client.py to client.pyc
byte-compiling build/bdist.linux-x86_64/egg/future/moves/xmlrpc/__init__.py to __init__.pyc
byte-compiling build/bdist.linux-x86_64/egg/future/moves/xmlrpc/server.py to server.pyc
byte-compiling build/bdist.linux-x86_64/egg/future/moves/socketserver.py to socketserver.pyc
byte-compiling build/bdist.linux-x86_64/egg/future/moves/_markupbase.py to _markupbase.pyc
byte-compiling build/bdist.linux-x86_64/egg/future/moves/_dummy_thread.py to _dummy_thread.pyc
byte-compiling build/bdist.linux-x86_64/egg/future/moves/test/support.py to support.pyc
byte-compiling build/bdist.linux-x86_64/egg/future/moves/test/__init__.py to __init__.pyc
byte-compiling build/bdist.linux-x86_64/egg/future/moves/reprlib.py to reprlib.pyc
byte-compiling build/bdist.linux-x86_64/egg/future/moves/winreg.py to winreg.pyc
byte-compiling build/bdist.linux-x86_64/egg/future/moves/sys.py to sys.pyc
byte-compiling build/bdist.linux-x86_64/egg/future/moves/html/parser.py to parser.pyc
byte-compiling build/bdist.linux-x86_64/egg/future/moves/html/__init__.py to __init__.pyc
byte-compiling build/bdist.linux-x86_64/egg/future/moves/html/entities.py to entities.pyc
byte-compiling build/bdist.linux-x86_64/egg/future/moves/__init__.py to __init__.pyc
byte-compiling build/bdist.linux-x86_64/egg/future/moves/http/cookiejar.py to cookiejar.pyc
byte-compiling build/bdist.linux-x86_64/egg/future/moves/http/cookies.py to cookies.pyc
byte-compiling build/bdist.linux-x86_64/egg/future/moves/http/client.py to client.pyc
byte-compiling build/bdist.linux-x86_64/egg/future/moves/http/__init__.py to __init__.pyc
byte-compiling build/bdist.linux-x86_64/egg/future/moves/http/server.py to server.pyc
byte-compiling build/bdist.linux-x86_64/egg/future/moves/dbm/ndbm.py to ndbm.pyc
byte-compiling build/bdist.linux-x86_64/egg/future/moves/dbm/gnu.py to gnu.pyc
byte-compiling build/bdist.linux-x86_64/egg/future/moves/dbm/dumb.py to dumb.pyc
byte-compiling build/bdist.linux-x86_64/egg/future/moves/dbm/__init__.py to __init__.pyc
byte-compiling build/bdist.linux-x86_64/egg/future/moves/subprocess.py to subprocess.pyc
byte-compiling build/bdist.linux-x86_64/egg/future/moves/configparser.py to configparser.pyc
byte-compiling build/bdist.linux-x86_64/egg/future/moves/pickle.py to pickle.pyc
byte-compiling build/bdist.linux-x86_64/egg/future/moves/copyreg.py to copyreg.pyc
byte-compiling build/bdist.linux-x86_64/egg/future/moves/urllib/parse.py to parse.pyc
byte-compiling build/bdist.linux-x86_64/egg/future/moves/urllib/response.py to response.pyc
byte-compiling build/bdist.linux-x86_64/egg/future/moves/urllib/robotparser.py to robotparser.pyc
byte-compiling build/bdist.linux-x86_64/egg/future/moves/urllib/__init__.py to __init__.pyc
byte-compiling build/bdist.linux-x86_64/egg/future/moves/urllib/error.py to error.pyc
byte-compiling build/bdist.linux-x86_64/egg/future/moves/urllib/request.py to request.pyc
byte-compiling build/bdist.linux-x86_64/egg/future/builtins/newround.py to newround.pyc
byte-compiling build/bdist.linux-x86_64/egg/future/builtins/newnext.py to newnext.pyc
byte-compiling build/bdist.linux-x86_64/egg/future/builtins/disabled.py to disabled.pyc
byte-compiling build/bdist.linux-x86_64/egg/future/builtins/misc.py to misc.pyc
byte-compiling build/bdist.linux-x86_64/egg/future/builtins/__init__.py to __init__.pyc
byte-compiling build/bdist.linux-x86_64/egg/future/builtins/iterators.py to iterators.pyc
byte-compiling build/bdist.linux-x86_64/egg/future/builtins/newsuper.py to newsuper.pyc
byte-compiling build/bdist.linux-x86_64/egg/future/tests/__init__.py to __init__.pyc
byte-compiling build/bdist.linux-x86_64/egg/future/tests/base.py to base.pyc
byte-compiling build/bdist.linux-x86_64/egg/future/__init__.py to __init__.pyc
creating build/bdist.linux-x86_64/egg/EGG-INFO
copying src/future.egg-info/PKG-INFO -> build/bdist.linux-x86_64/egg/EGG-INFO
copying src/future.egg-info/SOURCES.txt -> build/bdist.linux-x86_64/egg/EGG-INFO
copying src/future.egg-info/dependency_links.txt -> build/bdist.linux-x86_64/egg/EGG-INFO
copying src/future.egg-info/entry_points.txt -> build/bdist.linux-x86_64/egg/EGG-INFO
copying src/future.egg-info/top_level.txt -> build/bdist.linux-x86_64/egg/EGG-INFO
zip_safe flag not set; analyzing archive contents...
past.builtins.misc: module MAY be using inspect.stack
past.translation.__init__: module references __file__
past.translation.__init__: module references __path__
future.standard_library.__init__: module references __file__
future.standard_library.__init__: module references __path__
future.backports.test.ssl_servers: module references __file__
future.backports.test.support: module references __file__
future.utils.__init__: module MAY be using inspect.stack
creating dist
creating 'dist/future-0.14.3-py2.7.egg' and adding 'build/bdist.linux-x86_64/egg' to it
removing 'build/bdist.linux-x86_64/egg' (and everything under it)
Processing future-0.14.3-py2.7.egg
creating /home/ubuntu/miniconda/envs/_build/lib/python2.7/site-packages/future-0.14.3-py2.7.egg
Extracting future-0.14.3-py2.7.egg to /home/ubuntu/miniconda/envs/_build/lib/python2.7/site-packages
Adding future 0.14.3 to easy-install.pth file
Installing pasteurize script to /home/ubuntu/miniconda/envs/_build/bin
Installing futurize script to /home/ubuntu/miniconda/envs/_build/bin

Installed /home/ubuntu/miniconda/envs/_build/lib/python2.7/site-packages/future-0.14.3-py2.7.egg
Processing dependencies for future==0.14.3
Finished processing dependencies for future==0.14.3

The following NEW packages will be INSTALLED:

    openssl:    1.0.1k-1    
    pip:        7.0.3-py27_0
    python:     2.7.10-0    
    readline:   6.2-2       
    setuptools: 17.0-py27_0 
    sqlite:     3.8.4.1-1   
    system:     5.8-2       
    tk:         8.5.18-0    
    zlib:       1.2.8-0     

Linking packages ...
[                    ]|                                                  |   0%[openssl             ]|                                                  |   0%[readline            ]|#####                                             |  11%[sqlite              ]|###########                                       |  22%[system              ]|################                                  |  33%[tk                  ]|######################                            |  44%[zlib                ]|###########################                       |  55%[python              ]|#################################                 |  66%[setuptools          ]|######################################            |  77%[pip                 ]|############################################      |  88%[      COMPLETE      ]|##################################################| 100%
Removing old work directory
Source cache directory is: /home/ubuntu/miniconda/conda-bld/src_cache
Found source in cache: future-0.14.3.tar.gz
Extracting download
Package: future-0.14.3-py_0
source tree in: /home/ubuntu/miniconda/conda-bld/work/future-0.14.3
found egg dir: /home/ubuntu/miniconda/envs/_build/lib/python2.7/site-packages/future-0.14.3-py2.7.egg
number of files: 469
Fixing permissions
Fixing permissions
BUILD END: future-0.14.3-py_0
TEST START: future-0.14.3-py_0
Fetching package metadata: ......
Solving package specifications: ./home/ubuntu/miniconda/pkgs/future-0.14.3-py_0/bin/.future-pre-link.sh: line 2: /home/ubuntu/miniconda/envs/_test/bin/python: No such file or directory

The following packages will be downloaded:

    package                    |            build
    ---------------------------|-----------------
    future-0.14.3              |             py_0         407 KB

The following NEW packages will be INSTALLED:

    future:     0.14.3-py_0 
    openssl:    1.0.1k-1    
    pip:        7.0.3-py27_0
    python:     2.7.10-0    
    readline:   6.2-2       
    setuptools: 17.0-py27_0 
    sqlite:     3.8.4.1-1   
    system:     5.8-2       
    tk:         8.5.18-0    
    zlib:       1.2.8-0     

Fetching packages ...
future-0.14.3-   0% |                              | ETA:  --:--:--   0.00  B/sfuture-0.14.3-   3% |#                              | ETA:  0:00:00   1.92 MB/sfuture-0.14.3-   7% |##                             | ETA:  0:00:00   3.74 MB/sfuture-0.14.3-  11% |###                            | ETA:  0:00:00   5.49 MB/sfuture-0.14.3-  15% |####                           | ETA:  0:00:00   7.17 MB/sfuture-0.14.3-  19% |######                         | ETA:  0:00:00   8.79 MB/sfuture-0.14.3-  23% |#######                        | ETA:  0:00:00  10.32 MB/sfuture-0.14.3-  27% |########                       | ETA:  0:00:00  11.81 MB/sfuture-0.14.3-  31% |#########                      | ETA:  0:00:00  13.24 MB/sfuture-0.14.3-  35% |##########                     | ETA:  0:00:00  14.63 MB/sfuture-0.14.3-  39% |############                   | ETA:  0:00:00  15.97 MB/sfuture-0.14.3-  43% |#############                  | ETA:  0:00:00  17.26 MB/sfuture-0.14.3-  47% |##############                 | ETA:  0:00:00  18.51 MB/sfuture-0.14.3-  51% |###############                | ETA:  0:00:00  19.71 MB/sfuture-0.14.3-  55% |#################              | ETA:  0:00:00  20.88 MB/sfuture-0.14.3-  58% |##################             | ETA:  0:00:00  22.01 MB/sfuture-0.14.3-  62% |###################            | ETA:  0:00:00  23.09 MB/sfuture-0.14.3-  66% |####################           | ETA:  0:00:00  24.15 MB/sfuture-0.14.3-  70% |#####################          | ETA:  0:00:00  25.18 MB/sfuture-0.14.3-  74% |#######################        | ETA:  0:00:00  26.19 MB/sfuture-0.14.3-  78% |########################       | ETA:  0:00:00  27.16 MB/sfuture-0.14.3-  82% |#########################      | ETA:  0:00:00  28.09 MB/sfuture-0.14.3-  86% |##########################     | ETA:  0:00:00  29.00 MB/sfuture-0.14.3-  90% |############################   | ETA:  0:00:00  29.89 MB/sfuture-0.14.3-  94% |#############################  | ETA:  0:00:00  30.73 MB/sfuture-0.14.3-  98% |############################## | ETA:  0:00:00  31.57 MB/sfuture-0.14.3- 100% |###############################| ETA:  0:00:00  31.74 MB/sfuture-0.14.3- 100% |###############################| Time: 0:00:00  31.17 MB/s
Extracting packages ...
[      COMPLETE      ]|                                                  |   0%[future              ]|                                                  |   0%[future              ]|                                                  |   0%[      COMPLETE      ]|##################################################| 100%
Linking packages ...
[      COMPLETE      ]|                                                  |   0%[openssl             ]|                                                  |   0%[openssl             ]|                                                  |   0%[readline            ]|#####                                             |  10%[sqlite              ]|##########                                        |  20%[system              ]|###############                                   |  30%[tk                  ]|####################                              |  40%[zlib                ]|#########################                         |  50%[future              ]|##############################                    |  60%Error: pre-link failed: future-0.14.3-py_0
