Warning, the following versions were found for future
0.14.3
0.14.2
0.14.1
0.14.0
0.13.1
0.13.0
0.12.4
0.12.3
0.12.2
0.12.1
0.12.0
0.11.4
0.11.3
0.11.2
0.11.1
0.11.0
0.10.2
0.10.1
0.10.0
0.9.0
0.8.2
0.8.1
0.8.0
0.7.0
0.6.0
0.5.2
0.5.1
0.5.0
0.4.1
0.4.0
0.3.5
0.3.4
0.3.3
0.3.2
0.3.1
0.3.0
0.2.0
0.1.0
0.0.3
0.0.2
0.0.1
Using 0.14.3
Use --version to specify a different version.
Using url https://pypi.python.org/packages/source/f/future/future-0.14.3.tar.gz (1.4 MB) for future.
Downloading future (use --no-download to skip this step)
Using cached download
Unpacking future...
done
working in /tmp/tmpT3c2MWconda_skeleton_future-0.14.3.tar.gz
Fetching package metadata: ......
Solving package specifications: .patching file core.py
Hunk #1 succeeded at 168 with fuzz 2 (offset 2 lines).

Applying patch: '/tmp/tmpT3c2MWconda_skeleton_future-0.14.3.tar.gz/pypi-distutils.patch'
Writing recipe for future
Done
