Removing old build directory
Removing old work directory
BUILD START: future-0.14.3-py_0
Fetching package metadata: ......
Solving package specifications: .+ /home/ubuntu/miniconda/envs/_build/bin/python setup.py install
/home/ubuntu/miniconda/envs/_build/lib/python2.7/distutils/dist.py:267: UserWarning: Unknown distribution option: 'entry_points'
  warnings.warn(msg)
/home/ubuntu/miniconda/envs/_build/lib/python2.7/distutils/dist.py:267: UserWarning: Unknown distribution option: 'install_requires'
  warnings.warn(msg)
/home/ubuntu/miniconda/envs/_build/lib/python2.7/distutils/dist.py:267: UserWarning: Unknown distribution option: 'include_package_data'
  warnings.warn(msg)
/home/ubuntu/miniconda/envs/_build/lib/python2.7/distutils/dist.py:267: UserWarning: Unknown distribution option: 'test_suite'
  warnings.warn(msg)
/home/ubuntu/miniconda/envs/_build/lib/python2.7/distutils/dist.py:267: UserWarning: Unknown distribution option: 'tests_require'
  warnings.warn(msg)
running install
running build
running build_py
creating build
creating build/lib
creating build/lib/future
copying src/future/__init__.py -> build/lib/future
creating build/lib/future/builtins
copying src/future/builtins/newround.py -> build/lib/future/builtins
copying src/future/builtins/newnext.py -> build/lib/future/builtins
copying src/future/builtins/disabled.py -> build/lib/future/builtins
copying src/future/builtins/misc.py -> build/lib/future/builtins
copying src/future/builtins/__init__.py -> build/lib/future/builtins
copying src/future/builtins/iterators.py -> build/lib/future/builtins
copying src/future/builtins/newsuper.py -> build/lib/future/builtins
creating build/lib/future/types
copying src/future/types/newint.py -> build/lib/future/types
copying src/future/types/newobject.py -> build/lib/future/types
copying src/future/types/newrange.py -> build/lib/future/types
copying src/future/types/newdict.py -> build/lib/future/types
copying src/future/types/newlist.py -> build/lib/future/types
copying src/future/types/newmemoryview.py -> build/lib/future/types
copying src/future/types/newopen.py -> build/lib/future/types
copying src/future/types/newstr.py -> build/lib/future/types
copying src/future/types/__init__.py -> build/lib/future/types
copying src/future/types/newbytes.py -> build/lib/future/types
creating build/lib/future/standard_library
copying src/future/standard_library/__init__.py -> build/lib/future/standard_library
creating build/lib/future/backports
copying src/future/backports/socket.py -> build/lib/future/backports
copying src/future/backports/total_ordering.py -> build/lib/future/backports
copying src/future/backports/socketserver.py -> build/lib/future/backports
copying src/future/backports/_markupbase.py -> build/lib/future/backports
copying src/future/backports/misc.py -> build/lib/future/backports
copying src/future/backports/__init__.py -> build/lib/future/backports
copying src/future/backports/datetime.py -> build/lib/future/backports
creating build/lib/future/backports/email
copying src/future/backports/email/_encoded_words.py -> build/lib/future/backports/email
copying src/future/backports/email/utils.py -> build/lib/future/backports/email
copying src/future/backports/email/_header_value_parser.py -> build/lib/future/backports/email
copying src/future/backports/email/errors.py -> build/lib/future/backports/email
copying src/future/backports/email/quoprimime.py -> build/lib/future/backports/email
copying src/future/backports/email/_policybase.py -> build/lib/future/backports/email
copying src/future/backports/email/generator.py -> build/lib/future/backports/email
copying src/future/backports/email/policy.py -> build/lib/future/backports/email
copying src/future/backports/email/parser.py -> build/lib/future/backports/email
copying src/future/backports/email/feedparser.py -> build/lib/future/backports/email
copying src/future/backports/email/base64mime.py -> build/lib/future/backports/email
copying src/future/backports/email/message.py -> build/lib/future/backports/email
copying src/future/backports/email/charset.py -> build/lib/future/backports/email
copying src/future/backports/email/headerregistry.py -> build/lib/future/backports/email
copying src/future/backports/email/_parseaddr.py -> build/lib/future/backports/email
copying src/future/backports/email/__init__.py -> build/lib/future/backports/email
copying src/future/backports/email/iterators.py -> build/lib/future/backports/email
copying src/future/backports/email/encoders.py -> build/lib/future/backports/email
copying src/future/backports/email/header.py -> build/lib/future/backports/email
creating build/lib/future/backports/email/mime
copying src/future/backports/email/mime/application.py -> build/lib/future/backports/email/mime
copying src/future/backports/email/mime/multipart.py -> build/lib/future/backports/email/mime
copying src/future/backports/email/mime/message.py -> build/lib/future/backports/email/mime
copying src/future/backports/email/mime/text.py -> build/lib/future/backports/email/mime
copying src/future/backports/email/mime/__init__.py -> build/lib/future/backports/email/mime
copying src/future/backports/email/mime/nonmultipart.py -> build/lib/future/backports/email/mime
copying src/future/backports/email/mime/image.py -> build/lib/future/backports/email/mime
copying src/future/backports/email/mime/base.py -> build/lib/future/backports/email/mime
copying src/future/backports/email/mime/audio.py -> build/lib/future/backports/email/mime
creating build/lib/future/backports/html
copying src/future/backports/html/parser.py -> build/lib/future/backports/html
copying src/future/backports/html/__init__.py -> build/lib/future/backports/html
copying src/future/backports/html/entities.py -> build/lib/future/backports/html
creating build/lib/future/backports/http
copying src/future/backports/http/cookiejar.py -> build/lib/future/backports/http
copying src/future/backports/http/cookies.py -> build/lib/future/backports/http
copying src/future/backports/http/client.py -> build/lib/future/backports/http
copying src/future/backports/http/__init__.py -> build/lib/future/backports/http
copying src/future/backports/http/server.py -> build/lib/future/backports/http
creating build/lib/future/backports/test
copying src/future/backports/test/support.py -> build/lib/future/backports/test
copying src/future/backports/test/__init__.py -> build/lib/future/backports/test
copying src/future/backports/test/ssl_servers.py -> build/lib/future/backports/test
copying src/future/backports/test/pystone.py -> build/lib/future/backports/test
creating build/lib/future/backports/urllib
copying src/future/backports/urllib/parse.py -> build/lib/future/backports/urllib
copying src/future/backports/urllib/response.py -> build/lib/future/backports/urllib
copying src/future/backports/urllib/robotparser.py -> build/lib/future/backports/urllib
copying src/future/backports/urllib/__init__.py -> build/lib/future/backports/urllib
copying src/future/backports/urllib/error.py -> build/lib/future/backports/urllib
copying src/future/backports/urllib/request.py -> build/lib/future/backports/urllib
creating build/lib/future/backports/xmlrpc
copying src/future/backports/xmlrpc/client.py -> build/lib/future/backports/xmlrpc
copying src/future/backports/xmlrpc/__init__.py -> build/lib/future/backports/xmlrpc
copying src/future/backports/xmlrpc/server.py -> build/lib/future/backports/xmlrpc
creating build/lib/future/moves
copying src/future/moves/queue.py -> build/lib/future/moves
copying src/future/moves/_thread.py -> build/lib/future/moves
copying src/future/moves/itertools.py -> build/lib/future/moves
copying src/future/moves/collections.py -> build/lib/future/moves
copying src/future/moves/builtins.py -> build/lib/future/moves
copying src/future/moves/socketserver.py -> build/lib/future/moves
copying src/future/moves/_markupbase.py -> build/lib/future/moves
copying src/future/moves/_dummy_thread.py -> build/lib/future/moves
copying src/future/moves/reprlib.py -> build/lib/future/moves
copying src/future/moves/winreg.py -> build/lib/future/moves
copying src/future/moves/sys.py -> build/lib/future/moves
copying src/future/moves/__init__.py -> build/lib/future/moves
copying src/future/moves/subprocess.py -> build/lib/future/moves
copying src/future/moves/configparser.py -> build/lib/future/moves
copying src/future/moves/pickle.py -> build/lib/future/moves
copying src/future/moves/copyreg.py -> build/lib/future/moves
creating build/lib/future/moves/dbm
copying src/future/moves/dbm/ndbm.py -> build/lib/future/moves/dbm
copying src/future/moves/dbm/gnu.py -> build/lib/future/moves/dbm
copying src/future/moves/dbm/dumb.py -> build/lib/future/moves/dbm
copying src/future/moves/dbm/__init__.py -> build/lib/future/moves/dbm
creating build/lib/future/moves/html
copying src/future/moves/html/parser.py -> build/lib/future/moves/html
copying src/future/moves/html/__init__.py -> build/lib/future/moves/html
copying src/future/moves/html/entities.py -> build/lib/future/moves/html
creating build/lib/future/moves/http
copying src/future/moves/http/cookiejar.py -> build/lib/future/moves/http
copying src/future/moves/http/cookies.py -> build/lib/future/moves/http
copying src/future/moves/http/client.py -> build/lib/future/moves/http
copying src/future/moves/http/__init__.py -> build/lib/future/moves/http
copying src/future/moves/http/server.py -> build/lib/future/moves/http
creating build/lib/future/moves/test
copying src/future/moves/test/support.py -> build/lib/future/moves/test
copying src/future/moves/test/__init__.py -> build/lib/future/moves/test
creating build/lib/future/moves/tkinter
copying src/future/moves/tkinter/colorchooser.py -> build/lib/future/moves/tkinter
copying src/future/moves/tkinter/tix.py -> build/lib/future/moves/tkinter
copying src/future/moves/tkinter/font.py -> build/lib/future/moves/tkinter
copying src/future/moves/tkinter/dialog.py -> build/lib/future/moves/tkinter
copying src/future/moves/tkinter/filedialog.py -> build/lib/future/moves/tkinter
copying src/future/moves/tkinter/messagebox.py -> build/lib/future/moves/tkinter
copying src/future/moves/tkinter/scrolledtext.py -> build/lib/future/moves/tkinter
copying src/future/moves/tkinter/simpledialog.py -> build/lib/future/moves/tkinter
copying src/future/moves/tkinter/constants.py -> build/lib/future/moves/tkinter
copying src/future/moves/tkinter/__init__.py -> build/lib/future/moves/tkinter
copying src/future/moves/tkinter/dnd.py -> build/lib/future/moves/tkinter
copying src/future/moves/tkinter/commondialog.py -> build/lib/future/moves/tkinter
creating build/lib/future/moves/urllib
copying src/future/moves/urllib/parse.py -> build/lib/future/moves/urllib
copying src/future/moves/urllib/response.py -> build/lib/future/moves/urllib
copying src/future/moves/urllib/robotparser.py -> build/lib/future/moves/urllib
copying src/future/moves/urllib/__init__.py -> build/lib/future/moves/urllib
copying src/future/moves/urllib/error.py -> build/lib/future/moves/urllib
copying src/future/moves/urllib/request.py -> build/lib/future/moves/urllib
creating build/lib/future/moves/xmlrpc
copying src/future/moves/xmlrpc/client.py -> build/lib/future/moves/xmlrpc
copying src/future/moves/xmlrpc/__init__.py -> build/lib/future/moves/xmlrpc
copying src/future/moves/xmlrpc/server.py -> build/lib/future/moves/xmlrpc
creating build/lib/future/tests
copying src/future/tests/__init__.py -> build/lib/future/tests
copying src/future/tests/base.py -> build/lib/future/tests
creating build/lib/future/utils
copying src/future/utils/surrogateescape.py -> build/lib/future/utils
copying src/future/utils/__init__.py -> build/lib/future/utils
creating build/lib/past
copying src/past/__init__.py -> build/lib/past
creating build/lib/past/builtins
copying src/past/builtins/noniterators.py -> build/lib/past/builtins
copying src/past/builtins/misc.py -> build/lib/past/builtins
copying src/past/builtins/__init__.py -> build/lib/past/builtins
creating build/lib/past/types
copying src/past/types/basestring.py -> build/lib/past/types
copying src/past/types/__init__.py -> build/lib/past/types
copying src/past/types/olddict.py -> build/lib/past/types
copying src/past/types/oldstr.py -> build/lib/past/types
creating build/lib/past/utils
copying src/past/utils/__init__.py -> build/lib/past/utils
creating build/lib/past/translation
copying src/past/translation/__init__.py -> build/lib/past/translation
creating build/lib/libfuturize
copying src/libfuturize/fixer_util.py -> build/lib/libfuturize
copying src/libfuturize/main.py -> build/lib/libfuturize
copying src/libfuturize/__init__.py -> build/lib/libfuturize
creating build/lib/libfuturize/fixes
copying src/libfuturize/fixes/fix_remove_old__future__imports.py -> build/lib/libfuturize/fixes
copying src/libfuturize/fixes/fix_order___future__imports.py -> build/lib/libfuturize/fixes
copying src/libfuturize/fixes/fix_object.py -> build/lib/libfuturize/fixes
copying src/libfuturize/fixes/fix_future_standard_library_urllib.py -> build/lib/libfuturize/fixes
copying src/libfuturize/fixes/fix_future_standard_library.py -> build/lib/libfuturize/fixes
copying src/libfuturize/fixes/fix_print.py -> build/lib/libfuturize/fixes
copying src/libfuturize/fixes/fix_future_builtins.py -> build/lib/libfuturize/fixes
copying src/libfuturize/fixes/fix_UserDict.py -> build/lib/libfuturize/fixes
copying src/libfuturize/fixes/fix_unicode_literals_import.py -> build/lib/libfuturize/fixes
copying src/libfuturize/fixes/fix_oldstr_wrap.py -> build/lib/libfuturize/fixes
copying src/libfuturize/fixes/fix_absolute_import.py -> build/lib/libfuturize/fixes
copying src/libfuturize/fixes/fix_xrange_with_import.py -> build/lib/libfuturize/fixes
copying src/libfuturize/fixes/fix_bytes.py -> build/lib/libfuturize/fixes
copying src/libfuturize/fixes/fix_next_call.py -> build/lib/libfuturize/fixes
copying src/libfuturize/fixes/fix_print_with_import.py -> build/lib/libfuturize/fixes
copying src/libfuturize/fixes/fix_division_safe.py -> build/lib/libfuturize/fixes
copying src/libfuturize/fixes/fix_cmp.py -> build/lib/libfuturize/fixes
copying src/libfuturize/fixes/fix_unicode_keep_u.py -> build/lib/libfuturize/fixes
copying src/libfuturize/fixes/__init__.py -> build/lib/libfuturize/fixes
copying src/libfuturize/fixes/fix_raise.py -> build/lib/libfuturize/fixes
copying src/libfuturize/fixes/fix_execfile.py -> build/lib/libfuturize/fixes
copying src/libfuturize/fixes/fix_add__future__imports_except_unicode_literals.py -> build/lib/libfuturize/fixes
copying src/libfuturize/fixes/fix_metaclass.py -> build/lib/libfuturize/fixes
copying src/libfuturize/fixes/fix_division.py -> build/lib/libfuturize/fixes
creating build/lib/libpasteurize
copying src/libpasteurize/main.py -> build/lib/libpasteurize
copying src/libpasteurize/__init__.py -> build/lib/libpasteurize
creating build/lib/libpasteurize/fixes
copying src/libpasteurize/fixes/fix_unpacking.py -> build/lib/libpasteurize/fixes
copying src/libpasteurize/fixes/fix_memoryview.py -> build/lib/libpasteurize/fixes
copying src/libpasteurize/fixes/fix_add_future_standard_library_import.py -> build/lib/libpasteurize/fixes
copying src/libpasteurize/fixes/fix_future_builtins.py -> build/lib/libpasteurize/fixes
copying src/libpasteurize/fixes/fix_fullargspec.py -> build/lib/libpasteurize/fixes
copying src/libpasteurize/fixes/fix_getcwd.py -> build/lib/libpasteurize/fixes
copying src/libpasteurize/fixes/fix_features.py -> build/lib/libpasteurize/fixes
copying src/libpasteurize/fixes/fix_throw.py -> build/lib/libpasteurize/fixes
copying src/libpasteurize/fixes/fix_add_all__future__imports.py -> build/lib/libpasteurize/fixes
copying src/libpasteurize/fixes/fix_raise_.py -> build/lib/libpasteurize/fixes
copying src/libpasteurize/fixes/fix_imports2.py -> build/lib/libpasteurize/fixes
copying src/libpasteurize/fixes/fix_kwargs.py -> build/lib/libpasteurize/fixes
copying src/libpasteurize/fixes/fix_newstyle.py -> build/lib/libpasteurize/fixes
copying src/libpasteurize/fixes/fix_next.py -> build/lib/libpasteurize/fixes
copying src/libpasteurize/fixes/fix_imports.py -> build/lib/libpasteurize/fixes
copying src/libpasteurize/fixes/__init__.py -> build/lib/libpasteurize/fixes
copying src/libpasteurize/fixes/fix_raise.py -> build/lib/libpasteurize/fixes
copying src/libpasteurize/fixes/feature_base.py -> build/lib/libpasteurize/fixes
copying src/libpasteurize/fixes/fix_add_all_future_builtins.py -> build/lib/libpasteurize/fixes
copying src/libpasteurize/fixes/fix_metaclass.py -> build/lib/libpasteurize/fixes
copying src/libpasteurize/fixes/fix_division.py -> build/lib/libpasteurize/fixes
copying src/libpasteurize/fixes/fix_annotations.py -> build/lib/libpasteurize/fixes
copying src/libpasteurize/fixes/fix_printfunction.py -> build/lib/libpasteurize/fixes
creating build/lib/builtins
copying src/builtins/__init__.py -> build/lib/builtins
creating build/lib/configparser
copying src/configparser/__init__.py -> build/lib/configparser
creating build/lib/copyreg
copying src/copyreg/__init__.py -> build/lib/copyreg
creating build/lib/html
copying src/html/parser.py -> build/lib/html
copying src/html/__init__.py -> build/lib/html
copying src/html/entities.py -> build/lib/html
creating build/lib/http
copying src/http/cookiejar.py -> build/lib/http
copying src/http/cookies.py -> build/lib/http
copying src/http/client.py -> build/lib/http
copying src/http/__init__.py -> build/lib/http
copying src/http/server.py -> build/lib/http
creating build/lib/queue
copying src/queue/__init__.py -> build/lib/queue
creating build/lib/reprlib
copying src/reprlib/__init__.py -> build/lib/reprlib
creating build/lib/socketserver
copying src/socketserver/__init__.py -> build/lib/socketserver
creating build/lib/tkinter
copying src/tkinter/colorchooser.py -> build/lib/tkinter
copying src/tkinter/tix.py -> build/lib/tkinter
copying src/tkinter/font.py -> build/lib/tkinter
copying src/tkinter/dialog.py -> build/lib/tkinter
copying src/tkinter/filedialog.py -> build/lib/tkinter
copying src/tkinter/messagebox.py -> build/lib/tkinter
copying src/tkinter/scrolledtext.py -> build/lib/tkinter
copying src/tkinter/simpledialog.py -> build/lib/tkinter
copying src/tkinter/constants.py -> build/lib/tkinter
copying src/tkinter/__init__.py -> build/lib/tkinter
copying src/tkinter/dnd.py -> build/lib/tkinter
copying src/tkinter/commondialog.py -> build/lib/tkinter
creating build/lib/winreg
copying src/winreg/__init__.py -> build/lib/winreg
creating build/lib/xmlrpc
copying src/xmlrpc/client.py -> build/lib/xmlrpc
copying src/xmlrpc/__init__.py -> build/lib/xmlrpc
copying src/xmlrpc/server.py -> build/lib/xmlrpc
creating build/lib/_dummy_thread
copying src/_dummy_thread/__init__.py -> build/lib/_dummy_thread
creating build/lib/_markupbase
copying src/_markupbase/__init__.py -> build/lib/_markupbase
creating build/lib/_thread
copying src/_thread/__init__.py -> build/lib/_thread
running install_lib
creating /home/ubuntu/miniconda/envs/_build/lib/python2.7/site-packages/_thread
copying build/lib/_thread/__init__.py -> /home/ubuntu/miniconda/envs/_build/lib/python2.7/site-packages/_thread
creating /home/ubuntu/miniconda/envs/_build/lib/python2.7/site-packages/winreg
copying build/lib/winreg/__init__.py -> /home/ubuntu/miniconda/envs/_build/lib/python2.7/site-packages/winreg
creating /home/ubuntu/miniconda/envs/_build/lib/python2.7/site-packages/queue
copying build/lib/queue/__init__.py -> /home/ubuntu/miniconda/envs/_build/lib/python2.7/site-packages/queue
creating /home/ubuntu/miniconda/envs/_build/lib/python2.7/site-packages/_markupbase
copying build/lib/_markupbase/__init__.py -> /home/ubuntu/miniconda/envs/_build/lib/python2.7/site-packages/_markupbase
creating /home/ubuntu/miniconda/envs/_build/lib/python2.7/site-packages/socketserver
copying build/lib/socketserver/__init__.py -> /home/ubuntu/miniconda/envs/_build/lib/python2.7/site-packages/socketserver
creating /home/ubuntu/miniconda/envs/_build/lib/python2.7/site-packages/tkinter
copying build/lib/tkinter/colorchooser.py -> /home/ubuntu/miniconda/envs/_build/lib/python2.7/site-packages/tkinter
copying build/lib/tkinter/tix.py -> /home/ubuntu/miniconda/envs/_build/lib/python2.7/site-packages/tkinter
copying build/lib/tkinter/font.py -> /home/ubuntu/miniconda/envs/_build/lib/python2.7/site-packages/tkinter
copying build/lib/tkinter/dialog.py -> /home/ubuntu/miniconda/envs/_build/lib/python2.7/site-packages/tkinter
copying build/lib/tkinter/filedialog.py -> /home/ubuntu/miniconda/envs/_build/lib/python2.7/site-packages/tkinter
copying build/lib/tkinter/messagebox.py -> /home/ubuntu/miniconda/envs/_build/lib/python2.7/site-packages/tkinter
copying build/lib/tkinter/scrolledtext.py -> /home/ubuntu/miniconda/envs/_build/lib/python2.7/site-packages/tkinter
copying build/lib/tkinter/simpledialog.py -> /home/ubuntu/miniconda/envs/_build/lib/python2.7/site-packages/tkinter
copying build/lib/tkinter/constants.py -> /home/ubuntu/miniconda/envs/_build/lib/python2.7/site-packages/tkinter
copying build/lib/tkinter/__init__.py -> /home/ubuntu/miniconda/envs/_build/lib/python2.7/site-packages/tkinter
copying build/lib/tkinter/dnd.py -> /home/ubuntu/miniconda/envs/_build/lib/python2.7/site-packages/tkinter
copying build/lib/tkinter/commondialog.py -> /home/ubuntu/miniconda/envs/_build/lib/python2.7/site-packages/tkinter
creating /home/ubuntu/miniconda/envs/_build/lib/python2.7/site-packages/past
creating /home/ubuntu/miniconda/envs/_build/lib/python2.7/site-packages/past/types
copying build/lib/past/types/basestring.py -> /home/ubuntu/miniconda/envs/_build/lib/python2.7/site-packages/past/types
copying build/lib/past/types/__init__.py -> /home/ubuntu/miniconda/envs/_build/lib/python2.7/site-packages/past/types
copying build/lib/past/types/olddict.py -> /home/ubuntu/miniconda/envs/_build/lib/python2.7/site-packages/past/types
copying build/lib/past/types/oldstr.py -> /home/ubuntu/miniconda/envs/_build/lib/python2.7/site-packages/past/types
creating /home/ubuntu/miniconda/envs/_build/lib/python2.7/site-packages/past/utils
copying build/lib/past/utils/__init__.py -> /home/ubuntu/miniconda/envs/_build/lib/python2.7/site-packages/past/utils
creating /home/ubuntu/miniconda/envs/_build/lib/python2.7/site-packages/past/builtins
copying build/lib/past/builtins/noniterators.py -> /home/ubuntu/miniconda/envs/_build/lib/python2.7/site-packages/past/builtins
copying build/lib/past/builtins/misc.py -> /home/ubuntu/miniconda/envs/_build/lib/python2.7/site-packages/past/builtins
copying build/lib/past/builtins/__init__.py -> /home/ubuntu/miniconda/envs/_build/lib/python2.7/site-packages/past/builtins
copying build/lib/past/__init__.py -> /home/ubuntu/miniconda/envs/_build/lib/python2.7/site-packages/past
creating /home/ubuntu/miniconda/envs/_build/lib/python2.7/site-packages/past/translation
copying build/lib/past/translation/__init__.py -> /home/ubuntu/miniconda/envs/_build/lib/python2.7/site-packages/past/translation
creating /home/ubuntu/miniconda/envs/_build/lib/python2.7/site-packages/libfuturize
copying build/lib/libfuturize/fixer_util.py -> /home/ubuntu/miniconda/envs/_build/lib/python2.7/site-packages/libfuturize
creating /home/ubuntu/miniconda/envs/_build/lib/python2.7/site-packages/libfuturize/fixes
copying build/lib/libfuturize/fixes/fix_remove_old__future__imports.py -> /home/ubuntu/miniconda/envs/_build/lib/python2.7/site-packages/libfuturize/fixes
copying build/lib/libfuturize/fixes/fix_order___future__imports.py -> /home/ubuntu/miniconda/envs/_build/lib/python2.7/site-packages/libfuturize/fixes
copying build/lib/libfuturize/fixes/fix_object.py -> /home/ubuntu/miniconda/envs/_build/lib/python2.7/site-packages/libfuturize/fixes
copying build/lib/libfuturize/fixes/fix_future_standard_library_urllib.py -> /home/ubuntu/miniconda/envs/_build/lib/python2.7/site-packages/libfuturize/fixes
copying build/lib/libfuturize/fixes/fix_future_standard_library.py -> /home/ubuntu/miniconda/envs/_build/lib/python2.7/site-packages/libfuturize/fixes
copying build/lib/libfuturize/fixes/fix_print.py -> /home/ubuntu/miniconda/envs/_build/lib/python2.7/site-packages/libfuturize/fixes
copying build/lib/libfuturize/fixes/fix_future_builtins.py -> /home/ubuntu/miniconda/envs/_build/lib/python2.7/site-packages/libfuturize/fixes
copying build/lib/libfuturize/fixes/fix_UserDict.py -> /home/ubuntu/miniconda/envs/_build/lib/python2.7/site-packages/libfuturize/fixes
copying build/lib/libfuturize/fixes/fix_unicode_literals_import.py -> /home/ubuntu/miniconda/envs/_build/lib/python2.7/site-packages/libfuturize/fixes
copying build/lib/libfuturize/fixes/fix_oldstr_wrap.py -> /home/ubuntu/miniconda/envs/_build/lib/python2.7/site-packages/libfuturize/fixes
copying build/lib/libfuturize/fixes/fix_absolute_import.py -> /home/ubuntu/miniconda/envs/_build/lib/python2.7/site-packages/libfuturize/fixes
copying build/lib/libfuturize/fixes/fix_xrange_with_import.py -> /home/ubuntu/miniconda/envs/_build/lib/python2.7/site-packages/libfuturize/fixes
copying build/lib/libfuturize/fixes/fix_bytes.py -> /home/ubuntu/miniconda/envs/_build/lib/python2.7/site-packages/libfuturize/fixes
copying build/lib/libfuturize/fixes/fix_next_call.py -> /home/ubuntu/miniconda/envs/_build/lib/python2.7/site-packages/libfuturize/fixes
copying build/lib/libfuturize/fixes/fix_print_with_import.py -> /home/ubuntu/miniconda/envs/_build/lib/python2.7/site-packages/libfuturize/fixes
copying build/lib/libfuturize/fixes/fix_division_safe.py -> /home/ubuntu/miniconda/envs/_build/lib/python2.7/site-packages/libfuturize/fixes
copying build/lib/libfuturize/fixes/fix_cmp.py -> /home/ubuntu/miniconda/envs/_build/lib/python2.7/site-packages/libfuturize/fixes
copying build/lib/libfuturize/fixes/fix_unicode_keep_u.py -> /home/ubuntu/miniconda/envs/_build/lib/python2.7/site-packages/libfuturize/fixes
copying build/lib/libfuturize/fixes/__init__.py -> /home/ubuntu/miniconda/envs/_build/lib/python2.7/site-packages/libfuturize/fixes
copying build/lib/libfuturize/fixes/fix_raise.py -> /home/ubuntu/miniconda/envs/_build/lib/python2.7/site-packages/libfuturize/fixes
copying build/lib/libfuturize/fixes/fix_execfile.py -> /home/ubuntu/miniconda/envs/_build/lib/python2.7/site-packages/libfuturize/fixes
copying build/lib/libfuturize/fixes/fix_add__future__imports_except_unicode_literals.py -> /home/ubuntu/miniconda/envs/_build/lib/python2.7/site-packages/libfuturize/fixes
copying build/lib/libfuturize/fixes/fix_metaclass.py -> /home/ubuntu/miniconda/envs/_build/lib/python2.7/site-packages/libfuturize/fixes
copying build/lib/libfuturize/fixes/fix_division.py -> /home/ubuntu/miniconda/envs/_build/lib/python2.7/site-packages/libfuturize/fixes
copying build/lib/libfuturize/main.py -> /home/ubuntu/miniconda/envs/_build/lib/python2.7/site-packages/libfuturize
copying build/lib/libfuturize/__init__.py -> /home/ubuntu/miniconda/envs/_build/lib/python2.7/site-packages/libfuturize
creating /home/ubuntu/miniconda/envs/_build/lib/python2.7/site-packages/builtins
copying build/lib/builtins/__init__.py -> /home/ubuntu/miniconda/envs/_build/lib/python2.7/site-packages/builtins
creating /home/ubuntu/miniconda/envs/_build/lib/python2.7/site-packages/xmlrpc
copying build/lib/xmlrpc/client.py -> /home/ubuntu/miniconda/envs/_build/lib/python2.7/site-packages/xmlrpc
copying build/lib/xmlrpc/__init__.py -> /home/ubuntu/miniconda/envs/_build/lib/python2.7/site-packages/xmlrpc
copying build/lib/xmlrpc/server.py -> /home/ubuntu/miniconda/envs/_build/lib/python2.7/site-packages/xmlrpc
creating /home/ubuntu/miniconda/envs/_build/lib/python2.7/site-packages/libpasteurize
creating /home/ubuntu/miniconda/envs/_build/lib/python2.7/site-packages/libpasteurize/fixes
copying build/lib/libpasteurize/fixes/fix_unpacking.py -> /home/ubuntu/miniconda/envs/_build/lib/python2.7/site-packages/libpasteurize/fixes
copying build/lib/libpasteurize/fixes/fix_memoryview.py -> /home/ubuntu/miniconda/envs/_build/lib/python2.7/site-packages/libpasteurize/fixes
copying build/lib/libpasteurize/fixes/fix_add_future_standard_library_import.py -> /home/ubuntu/miniconda/envs/_build/lib/python2.7/site-packages/libpasteurize/fixes
copying build/lib/libpasteurize/fixes/fix_future_builtins.py -> /home/ubuntu/miniconda/envs/_build/lib/python2.7/site-packages/libpasteurize/fixes
copying build/lib/libpasteurize/fixes/fix_fullargspec.py -> /home/ubuntu/miniconda/envs/_build/lib/python2.7/site-packages/libpasteurize/fixes
copying build/lib/libpasteurize/fixes/fix_getcwd.py -> /home/ubuntu/miniconda/envs/_build/lib/python2.7/site-packages/libpasteurize/fixes
copying build/lib/libpasteurize/fixes/fix_features.py -> /home/ubuntu/miniconda/envs/_build/lib/python2.7/site-packages/libpasteurize/fixes
copying build/lib/libpasteurize/fixes/fix_throw.py -> /home/ubuntu/miniconda/envs/_build/lib/python2.7/site-packages/libpasteurize/fixes
copying build/lib/libpasteurize/fixes/fix_add_all__future__imports.py -> /home/ubuntu/miniconda/envs/_build/lib/python2.7/site-packages/libpasteurize/fixes
copying build/lib/libpasteurize/fixes/fix_raise_.py -> /home/ubuntu/miniconda/envs/_build/lib/python2.7/site-packages/libpasteurize/fixes
copying build/lib/libpasteurize/fixes/fix_imports2.py -> /home/ubuntu/miniconda/envs/_build/lib/python2.7/site-packages/libpasteurize/fixes
copying build/lib/libpasteurize/fixes/fix_kwargs.py -> /home/ubuntu/miniconda/envs/_build/lib/python2.7/site-packages/libpasteurize/fixes
copying build/lib/libpasteurize/fixes/fix_newstyle.py -> /home/ubuntu/miniconda/envs/_build/lib/python2.7/site-packages/libpasteurize/fixes
copying build/lib/libpasteurize/fixes/fix_next.py -> /home/ubuntu/miniconda/envs/_build/lib/python2.7/site-packages/libpasteurize/fixes
copying build/lib/libpasteurize/fixes/fix_imports.py -> /home/ubuntu/miniconda/envs/_build/lib/python2.7/site-packages/libpasteurize/fixes
copying build/lib/libpasteurize/fixes/__init__.py -> /home/ubuntu/miniconda/envs/_build/lib/python2.7/site-packages/libpasteurize/fixes
copying build/lib/libpasteurize/fixes/fix_raise.py -> /home/ubuntu/miniconda/envs/_build/lib/python2.7/site-packages/libpasteurize/fixes
copying build/lib/libpasteurize/fixes/feature_base.py -> /home/ubuntu/miniconda/envs/_build/lib/python2.7/site-packages/libpasteurize/fixes
copying build/lib/libpasteurize/fixes/fix_add_all_future_builtins.py -> /home/ubuntu/miniconda/envs/_build/lib/python2.7/site-packages/libpasteurize/fixes
copying build/lib/libpasteurize/fixes/fix_metaclass.py -> /home/ubuntu/miniconda/envs/_build/lib/python2.7/site-packages/libpasteurize/fixes
copying build/lib/libpasteurize/fixes/fix_division.py -> /home/ubuntu/miniconda/envs/_build/lib/python2.7/site-packages/libpasteurize/fixes
copying build/lib/libpasteurize/fixes/fix_annotations.py -> /home/ubuntu/miniconda/envs/_build/lib/python2.7/site-packages/libpasteurize/fixes
copying build/lib/libpasteurize/fixes/fix_printfunction.py -> /home/ubuntu/miniconda/envs/_build/lib/python2.7/site-packages/libpasteurize/fixes
copying build/lib/libpasteurize/main.py -> /home/ubuntu/miniconda/envs/_build/lib/python2.7/site-packages/libpasteurize
copying build/lib/libpasteurize/__init__.py -> /home/ubuntu/miniconda/envs/_build/lib/python2.7/site-packages/libpasteurize
creating /home/ubuntu/miniconda/envs/_build/lib/python2.7/site-packages/configparser
copying build/lib/configparser/__init__.py -> /home/ubuntu/miniconda/envs/_build/lib/python2.7/site-packages/configparser
creating /home/ubuntu/miniconda/envs/_build/lib/python2.7/site-packages/reprlib
copying build/lib/reprlib/__init__.py -> /home/ubuntu/miniconda/envs/_build/lib/python2.7/site-packages/reprlib
creating /home/ubuntu/miniconda/envs/_build/lib/python2.7/site-packages/html
copying build/lib/html/parser.py -> /home/ubuntu/miniconda/envs/_build/lib/python2.7/site-packages/html
copying build/lib/html/__init__.py -> /home/ubuntu/miniconda/envs/_build/lib/python2.7/site-packages/html
copying build/lib/html/entities.py -> /home/ubuntu/miniconda/envs/_build/lib/python2.7/site-packages/html
creating /home/ubuntu/miniconda/envs/_build/lib/python2.7/site-packages/http
copying build/lib/http/cookiejar.py -> /home/ubuntu/miniconda/envs/_build/lib/python2.7/site-packages/http
copying build/lib/http/cookies.py -> /home/ubuntu/miniconda/envs/_build/lib/python2.7/site-packages/http
copying build/lib/http/client.py -> /home/ubuntu/miniconda/envs/_build/lib/python2.7/site-packages/http
copying build/lib/http/__init__.py -> /home/ubuntu/miniconda/envs/_build/lib/python2.7/site-packages/http
copying build/lib/http/server.py -> /home/ubuntu/miniconda/envs/_build/lib/python2.7/site-packages/http
creating /home/ubuntu/miniconda/envs/_build/lib/python2.7/site-packages/copyreg
copying build/lib/copyreg/__init__.py -> /home/ubuntu/miniconda/envs/_build/lib/python2.7/site-packages/copyreg
creating /home/ubuntu/miniconda/envs/_build/lib/python2.7/site-packages/_dummy_thread
copying build/lib/_dummy_thread/__init__.py -> /home/ubuntu/miniconda/envs/_build/lib/python2.7/site-packages/_dummy_thread
creating /home/ubuntu/miniconda/envs/_build/lib/python2.7/site-packages/future
creating /home/ubuntu/miniconda/envs/_build/lib/python2.7/site-packages/future/types
copying build/lib/future/types/newint.py -> /home/ubuntu/miniconda/envs/_build/lib/python2.7/site-packages/future/types
copying build/lib/future/types/newobject.py -> /home/ubuntu/miniconda/envs/_build/lib/python2.7/site-packages/future/types
copying build/lib/future/types/newrange.py -> /home/ubuntu/miniconda/envs/_build/lib/python2.7/site-packages/future/types
copying build/lib/future/types/newdict.py -> /home/ubuntu/miniconda/envs/_build/lib/python2.7/site-packages/future/types
copying build/lib/future/types/newlist.py -> /home/ubuntu/miniconda/envs/_build/lib/python2.7/site-packages/future/types
copying build/lib/future/types/newmemoryview.py -> /home/ubuntu/miniconda/envs/_build/lib/python2.7/site-packages/future/types
copying build/lib/future/types/newopen.py -> /home/ubuntu/miniconda/envs/_build/lib/python2.7/site-packages/future/types
copying build/lib/future/types/newstr.py -> /home/ubuntu/miniconda/envs/_build/lib/python2.7/site-packages/future/types
copying build/lib/future/types/__init__.py -> /home/ubuntu/miniconda/envs/_build/lib/python2.7/site-packages/future/types
copying build/lib/future/types/newbytes.py -> /home/ubuntu/miniconda/envs/_build/lib/python2.7/site-packages/future/types
creating /home/ubuntu/miniconda/envs/_build/lib/python2.7/site-packages/future/standard_library
copying build/lib/future/standard_library/__init__.py -> /home/ubuntu/miniconda/envs/_build/lib/python2.7/site-packages/future/standard_library
creating /home/ubuntu/miniconda/envs/_build/lib/python2.7/site-packages/future/backports
copying build/lib/future/backports/socket.py -> /home/ubuntu/miniconda/envs/_build/lib/python2.7/site-packages/future/backports
copying build/lib/future/backports/total_ordering.py -> /home/ubuntu/miniconda/envs/_build/lib/python2.7/site-packages/future/backports
creating /home/ubuntu/miniconda/envs/_build/lib/python2.7/site-packages/future/backports/email
copying build/lib/future/backports/email/_encoded_words.py -> /home/ubuntu/miniconda/envs/_build/lib/python2.7/site-packages/future/backports/email
copying build/lib/future/backports/email/utils.py -> /home/ubuntu/miniconda/envs/_build/lib/python2.7/site-packages/future/backports/email
copying build/lib/future/backports/email/_header_value_parser.py -> /home/ubuntu/miniconda/envs/_build/lib/python2.7/site-packages/future/backports/email
copying build/lib/future/backports/email/errors.py -> /home/ubuntu/miniconda/envs/_build/lib/python2.7/site-packages/future/backports/email
copying build/lib/future/backports/email/quoprimime.py -> /home/ubuntu/miniconda/envs/_build/lib/python2.7/site-packages/future/backports/email
copying build/lib/future/backports/email/_policybase.py -> /home/ubuntu/miniconda/envs/_build/lib/python2.7/site-packages/future/backports/email
copying build/lib/future/backports/email/generator.py -> /home/ubuntu/miniconda/envs/_build/lib/python2.7/site-packages/future/backports/email
copying build/lib/future/backports/email/policy.py -> /home/ubuntu/miniconda/envs/_build/lib/python2.7/site-packages/future/backports/email
copying build/lib/future/backports/email/parser.py -> /home/ubuntu/miniconda/envs/_build/lib/python2.7/site-packages/future/backports/email
copying build/lib/future/backports/email/feedparser.py -> /home/ubuntu/miniconda/envs/_build/lib/python2.7/site-packages/future/backports/email
copying build/lib/future/backports/email/base64mime.py -> /home/ubuntu/miniconda/envs/_build/lib/python2.7/site-packages/future/backports/email
copying build/lib/future/backports/email/message.py -> /home/ubuntu/miniconda/envs/_build/lib/python2.7/site-packages/future/backports/email
copying build/lib/future/backports/email/charset.py -> /home/ubuntu/miniconda/envs/_build/lib/python2.7/site-packages/future/backports/email
copying build/lib/future/backports/email/headerregistry.py -> /home/ubuntu/miniconda/envs/_build/lib/python2.7/site-packages/future/backports/email
copying build/lib/future/backports/email/_parseaddr.py -> /home/ubuntu/miniconda/envs/_build/lib/python2.7/site-packages/future/backports/email
copying build/lib/future/backports/email/__init__.py -> /home/ubuntu/miniconda/envs/_build/lib/python2.7/site-packages/future/backports/email
creating /home/ubuntu/miniconda/envs/_build/lib/python2.7/site-packages/future/backports/email/mime
copying build/lib/future/backports/email/mime/application.py -> /home/ubuntu/miniconda/envs/_build/lib/python2.7/site-packages/future/backports/email/mime
copying build/lib/future/backports/email/mime/multipart.py -> /home/ubuntu/miniconda/envs/_build/lib/python2.7/site-packages/future/backports/email/mime
copying build/lib/future/backports/email/mime/message.py -> /home/ubuntu/miniconda/envs/_build/lib/python2.7/site-packages/future/backports/email/mime
copying build/lib/future/backports/email/mime/text.py -> /home/ubuntu/miniconda/envs/_build/lib/python2.7/site-packages/future/backports/email/mime
copying build/lib/future/backports/email/mime/__init__.py -> /home/ubuntu/miniconda/envs/_build/lib/python2.7/site-packages/future/backports/email/mime
copying build/lib/future/backports/email/mime/nonmultipart.py -> /home/ubuntu/miniconda/envs/_build/lib/python2.7/site-packages/future/backports/email/mime
copying build/lib/future/backports/email/mime/image.py -> /home/ubuntu/miniconda/envs/_build/lib/python2.7/site-packages/future/backports/email/mime
copying build/lib/future/backports/email/mime/base.py -> /home/ubuntu/miniconda/envs/_build/lib/python2.7/site-packages/future/backports/email/mime
copying build/lib/future/backports/email/mime/audio.py -> /home/ubuntu/miniconda/envs/_build/lib/python2.7/site-packages/future/backports/email/mime
copying build/lib/future/backports/email/iterators.py -> /home/ubuntu/miniconda/envs/_build/lib/python2.7/site-packages/future/backports/email
copying build/lib/future/backports/email/encoders.py -> /home/ubuntu/miniconda/envs/_build/lib/python2.7/site-packages/future/backports/email
copying build/lib/future/backports/email/header.py -> /home/ubuntu/miniconda/envs/_build/lib/python2.7/site-packages/future/backports/email
creating /home/ubuntu/miniconda/envs/_build/lib/python2.7/site-packages/future/backports/xmlrpc
copying build/lib/future/backports/xmlrpc/client.py -> /home/ubuntu/miniconda/envs/_build/lib/python2.7/site-packages/future/backports/xmlrpc
copying build/lib/future/backports/xmlrpc/__init__.py -> /home/ubuntu/miniconda/envs/_build/lib/python2.7/site-packages/future/backports/xmlrpc
copying build/lib/future/backports/xmlrpc/server.py -> /home/ubuntu/miniconda/envs/_build/lib/python2.7/site-packages/future/backports/xmlrpc
copying build/lib/future/backports/socketserver.py -> /home/ubuntu/miniconda/envs/_build/lib/python2.7/site-packages/future/backports
copying build/lib/future/backports/_markupbase.py -> /home/ubuntu/miniconda/envs/_build/lib/python2.7/site-packages/future/backports
creating /home/ubuntu/miniconda/envs/_build/lib/python2.7/site-packages/future/backports/test
copying build/lib/future/backports/test/support.py -> /home/ubuntu/miniconda/envs/_build/lib/python2.7/site-packages/future/backports/test
copying build/lib/future/backports/test/__init__.py -> /home/ubuntu/miniconda/envs/_build/lib/python2.7/site-packages/future/backports/test
copying build/lib/future/backports/test/ssl_servers.py -> /home/ubuntu/miniconda/envs/_build/lib/python2.7/site-packages/future/backports/test
copying build/lib/future/backports/test/pystone.py -> /home/ubuntu/miniconda/envs/_build/lib/python2.7/site-packages/future/backports/test
creating /home/ubuntu/miniconda/envs/_build/lib/python2.7/site-packages/future/backports/html
copying build/lib/future/backports/html/parser.py -> /home/ubuntu/miniconda/envs/_build/lib/python2.7/site-packages/future/backports/html
copying build/lib/future/backports/html/__init__.py -> /home/ubuntu/miniconda/envs/_build/lib/python2.7/site-packages/future/backports/html
copying build/lib/future/backports/html/entities.py -> /home/ubuntu/miniconda/envs/_build/lib/python2.7/site-packages/future/backports/html
copying build/lib/future/backports/misc.py -> /home/ubuntu/miniconda/envs/_build/lib/python2.7/site-packages/future/backports
copying build/lib/future/backports/__init__.py -> /home/ubuntu/miniconda/envs/_build/lib/python2.7/site-packages/future/backports
copying build/lib/future/backports/datetime.py -> /home/ubuntu/miniconda/envs/_build/lib/python2.7/site-packages/future/backports
creating /home/ubuntu/miniconda/envs/_build/lib/python2.7/site-packages/future/backports/http
copying build/lib/future/backports/http/cookiejar.py -> /home/ubuntu/miniconda/envs/_build/lib/python2.7/site-packages/future/backports/http
copying build/lib/future/backports/http/cookies.py -> /home/ubuntu/miniconda/envs/_build/lib/python2.7/site-packages/future/backports/http
copying build/lib/future/backports/http/client.py -> /home/ubuntu/miniconda/envs/_build/lib/python2.7/site-packages/future/backports/http
copying build/lib/future/backports/http/__init__.py -> /home/ubuntu/miniconda/envs/_build/lib/python2.7/site-packages/future/backports/http
copying build/lib/future/backports/http/server.py -> /home/ubuntu/miniconda/envs/_build/lib/python2.7/site-packages/future/backports/http
creating /home/ubuntu/miniconda/envs/_build/lib/python2.7/site-packages/future/backports/urllib
copying build/lib/future/backports/urllib/parse.py -> /home/ubuntu/miniconda/envs/_build/lib/python2.7/site-packages/future/backports/urllib
copying build/lib/future/backports/urllib/response.py -> /home/ubuntu/miniconda/envs/_build/lib/python2.7/site-packages/future/backports/urllib
copying build/lib/future/backports/urllib/robotparser.py -> /home/ubuntu/miniconda/envs/_build/lib/python2.7/site-packages/future/backports/urllib
copying build/lib/future/backports/urllib/__init__.py -> /home/ubuntu/miniconda/envs/_build/lib/python2.7/site-packages/future/backports/urllib
copying build/lib/future/backports/urllib/error.py -> /home/ubuntu/miniconda/envs/_build/lib/python2.7/site-packages/future/backports/urllib
copying build/lib/future/backports/urllib/request.py -> /home/ubuntu/miniconda/envs/_build/lib/python2.7/site-packages/future/backports/urllib
creating /home/ubuntu/miniconda/envs/_build/lib/python2.7/site-packages/future/utils
copying build/lib/future/utils/surrogateescape.py -> /home/ubuntu/miniconda/envs/_build/lib/python2.7/site-packages/future/utils
copying build/lib/future/utils/__init__.py -> /home/ubuntu/miniconda/envs/_build/lib/python2.7/site-packages/future/utils
creating /home/ubuntu/miniconda/envs/_build/lib/python2.7/site-packages/future/moves
copying build/lib/future/moves/queue.py -> /home/ubuntu/miniconda/envs/_build/lib/python2.7/site-packages/future/moves
creating /home/ubuntu/miniconda/envs/_build/lib/python2.7/site-packages/future/moves/tkinter
copying build/lib/future/moves/tkinter/colorchooser.py -> /home/ubuntu/miniconda/envs/_build/lib/python2.7/site-packages/future/moves/tkinter
copying build/lib/future/moves/tkinter/tix.py -> /home/ubuntu/miniconda/envs/_build/lib/python2.7/site-packages/future/moves/tkinter
copying build/lib/future/moves/tkinter/font.py -> /home/ubuntu/miniconda/envs/_build/lib/python2.7/site-packages/future/moves/tkinter
copying build/lib/future/moves/tkinter/dialog.py -> /home/ubuntu/miniconda/envs/_build/lib/python2.7/site-packages/future/moves/tkinter
copying build/lib/future/moves/tkinter/filedialog.py -> /home/ubuntu/miniconda/envs/_build/lib/python2.7/site-packages/future/moves/tkinter
copying build/lib/future/moves/tkinter/messagebox.py -> /home/ubuntu/miniconda/envs/_build/lib/python2.7/site-packages/future/moves/tkinter
copying build/lib/future/moves/tkinter/scrolledtext.py -> /home/ubuntu/miniconda/envs/_build/lib/python2.7/site-packages/future/moves/tkinter
copying build/lib/future/moves/tkinter/simpledialog.py -> /home/ubuntu/miniconda/envs/_build/lib/python2.7/site-packages/future/moves/tkinter
copying build/lib/future/moves/tkinter/constants.py -> /home/ubuntu/miniconda/envs/_build/lib/python2.7/site-packages/future/moves/tkinter
copying build/lib/future/moves/tkinter/__init__.py -> /home/ubuntu/miniconda/envs/_build/lib/python2.7/site-packages/future/moves/tkinter
copying build/lib/future/moves/tkinter/dnd.py -> /home/ubuntu/miniconda/envs/_build/lib/python2.7/site-packages/future/moves/tkinter
copying build/lib/future/moves/tkinter/commondialog.py -> /home/ubuntu/miniconda/envs/_build/lib/python2.7/site-packages/future/moves/tkinter
copying build/lib/future/moves/_thread.py -> /home/ubuntu/miniconda/envs/_build/lib/python2.7/site-packages/future/moves
copying build/lib/future/moves/itertools.py -> /home/ubuntu/miniconda/envs/_build/lib/python2.7/site-packages/future/moves
copying build/lib/future/moves/collections.py -> /home/ubuntu/miniconda/envs/_build/lib/python2.7/site-packages/future/moves
copying build/lib/future/moves/builtins.py -> /home/ubuntu/miniconda/envs/_build/lib/python2.7/site-packages/future/moves
creating /home/ubuntu/miniconda/envs/_build/lib/python2.7/site-packages/future/moves/xmlrpc
copying build/lib/future/moves/xmlrpc/client.py -> /home/ubuntu/miniconda/envs/_build/lib/python2.7/site-packages/future/moves/xmlrpc
copying build/lib/future/moves/xmlrpc/__init__.py -> /home/ubuntu/miniconda/envs/_build/lib/python2.7/site-packages/future/moves/xmlrpc
copying build/lib/future/moves/xmlrpc/server.py -> /home/ubuntu/miniconda/envs/_build/lib/python2.7/site-packages/future/moves/xmlrpc
copying build/lib/future/moves/socketserver.py -> /home/ubuntu/miniconda/envs/_build/lib/python2.7/site-packages/future/moves
copying build/lib/future/moves/_markupbase.py -> /home/ubuntu/miniconda/envs/_build/lib/python2.7/site-packages/future/moves
copying build/lib/future/moves/_dummy_thread.py -> /home/ubuntu/miniconda/envs/_build/lib/python2.7/site-packages/future/moves
creating /home/ubuntu/miniconda/envs/_build/lib/python2.7/site-packages/future/moves/test
copying build/lib/future/moves/test/support.py -> /home/ubuntu/miniconda/envs/_build/lib/python2.7/site-packages/future/moves/test
copying build/lib/future/moves/test/__init__.py -> /home/ubuntu/miniconda/envs/_build/lib/python2.7/site-packages/future/moves/test
copying build/lib/future/moves/reprlib.py -> /home/ubuntu/miniconda/envs/_build/lib/python2.7/site-packages/future/moves
copying build/lib/future/moves/winreg.py -> /home/ubuntu/miniconda/envs/_build/lib/python2.7/site-packages/future/moves
copying build/lib/future/moves/sys.py -> /home/ubuntu/miniconda/envs/_build/lib/python2.7/site-packages/future/moves
creating /home/ubuntu/miniconda/envs/_build/lib/python2.7/site-packages/future/moves/html
copying build/lib/future/moves/html/parser.py -> /home/ubuntu/miniconda/envs/_build/lib/python2.7/site-packages/future/moves/html
copying build/lib/future/moves/html/__init__.py -> /home/ubuntu/miniconda/envs/_build/lib/python2.7/site-packages/future/moves/html
copying build/lib/future/moves/html/entities.py -> /home/ubuntu/miniconda/envs/_build/lib/python2.7/site-packages/future/moves/html
copying build/lib/future/moves/__init__.py -> /home/ubuntu/miniconda/envs/_build/lib/python2.7/site-packages/future/moves
creating /home/ubuntu/miniconda/envs/_build/lib/python2.7/site-packages/future/moves/http
copying build/lib/future/moves/http/cookiejar.py -> /home/ubuntu/miniconda/envs/_build/lib/python2.7/site-packages/future/moves/http
copying build/lib/future/moves/http/cookies.py -> /home/ubuntu/miniconda/envs/_build/lib/python2.7/site-packages/future/moves/http
copying build/lib/future/moves/http/client.py -> /home/ubuntu/miniconda/envs/_build/lib/python2.7/site-packages/future/moves/http
copying build/lib/future/moves/http/__init__.py -> /home/ubuntu/miniconda/envs/_build/lib/python2.7/site-packages/future/moves/http
copying build/lib/future/moves/http/server.py -> /home/ubuntu/miniconda/envs/_build/lib/python2.7/site-packages/future/moves/http
creating /home/ubuntu/miniconda/envs/_build/lib/python2.7/site-packages/future/moves/dbm
copying build/lib/future/moves/dbm/ndbm.py -> /home/ubuntu/miniconda/envs/_build/lib/python2.7/site-packages/future/moves/dbm
copying build/lib/future/moves/dbm/gnu.py -> /home/ubuntu/miniconda/envs/_build/lib/python2.7/site-packages/future/moves/dbm
copying build/lib/future/moves/dbm/dumb.py -> /home/ubuntu/miniconda/envs/_build/lib/python2.7/site-packages/future/moves/dbm
copying build/lib/future/moves/dbm/__init__.py -> /home/ubuntu/miniconda/envs/_build/lib/python2.7/site-packages/future/moves/dbm
copying build/lib/future/moves/subprocess.py -> /home/ubuntu/miniconda/envs/_build/lib/python2.7/site-packages/future/moves
copying build/lib/future/moves/configparser.py -> /home/ubuntu/miniconda/envs/_build/lib/python2.7/site-packages/future/moves
copying build/lib/future/moves/pickle.py -> /home/ubuntu/miniconda/envs/_build/lib/python2.7/site-packages/future/moves
copying build/lib/future/moves/copyreg.py -> /home/ubuntu/miniconda/envs/_build/lib/python2.7/site-packages/future/moves
creating /home/ubuntu/miniconda/envs/_build/lib/python2.7/site-packages/future/moves/urllib
copying build/lib/future/moves/urllib/parse.py -> /home/ubuntu/miniconda/envs/_build/lib/python2.7/site-packages/future/moves/urllib
copying build/lib/future/moves/urllib/response.py -> /home/ubuntu/miniconda/envs/_build/lib/python2.7/site-packages/future/moves/urllib
copying build/lib/future/moves/urllib/robotparser.py -> /home/ubuntu/miniconda/envs/_build/lib/python2.7/site-packages/future/moves/urllib
copying build/lib/future/moves/urllib/__init__.py -> /home/ubuntu/miniconda/envs/_build/lib/python2.7/site-packages/future/moves/urllib
copying build/lib/future/moves/urllib/error.py -> /home/ubuntu/miniconda/envs/_build/lib/python2.7/site-packages/future/moves/urllib
copying build/lib/future/moves/urllib/request.py -> /home/ubuntu/miniconda/envs/_build/lib/python2.7/site-packages/future/moves/urllib
creating /home/ubuntu/miniconda/envs/_build/lib/python2.7/site-packages/future/builtins
copying build/lib/future/builtins/newround.py -> /home/ubuntu/miniconda/envs/_build/lib/python2.7/site-packages/future/builtins
copying build/lib/future/builtins/newnext.py -> /home/ubuntu/miniconda/envs/_build/lib/python2.7/site-packages/future/builtins
copying build/lib/future/builtins/disabled.py -> /home/ubuntu/miniconda/envs/_build/lib/python2.7/site-packages/future/builtins
copying build/lib/future/builtins/misc.py -> /home/ubuntu/miniconda/envs/_build/lib/python2.7/site-packages/future/builtins
copying build/lib/future/builtins/__init__.py -> /home/ubuntu/miniconda/envs/_build/lib/python2.7/site-packages/future/builtins
copying build/lib/future/builtins/iterators.py -> /home/ubuntu/miniconda/envs/_build/lib/python2.7/site-packages/future/builtins
copying build/lib/future/builtins/newsuper.py -> /home/ubuntu/miniconda/envs/_build/lib/python2.7/site-packages/future/builtins
creating /home/ubuntu/miniconda/envs/_build/lib/python2.7/site-packages/future/tests
copying build/lib/future/tests/__init__.py -> /home/ubuntu/miniconda/envs/_build/lib/python2.7/site-packages/future/tests
copying build/lib/future/tests/base.py -> /home/ubuntu/miniconda/envs/_build/lib/python2.7/site-packages/future/tests
copying build/lib/future/__init__.py -> /home/ubuntu/miniconda/envs/_build/lib/python2.7/site-packages/future
byte-compiling /home/ubuntu/miniconda/envs/_build/lib/python2.7/site-packages/_thread/__init__.py to __init__.pyc
byte-compiling /home/ubuntu/miniconda/envs/_build/lib/python2.7/site-packages/winreg/__init__.py to __init__.pyc
byte-compiling /home/ubuntu/miniconda/envs/_build/lib/python2.7/site-packages/queue/__init__.py to __init__.pyc
byte-compiling /home/ubuntu/miniconda/envs/_build/lib/python2.7/site-packages/_markupbase/__init__.py to __init__.pyc
byte-compiling /home/ubuntu/miniconda/envs/_build/lib/python2.7/site-packages/socketserver/__init__.py to __init__.pyc
byte-compiling /home/ubuntu/miniconda/envs/_build/lib/python2.7/site-packages/tkinter/colorchooser.py to colorchooser.pyc
byte-compiling /home/ubuntu/miniconda/envs/_build/lib/python2.7/site-packages/tkinter/tix.py to tix.pyc
byte-compiling /home/ubuntu/miniconda/envs/_build/lib/python2.7/site-packages/tkinter/font.py to font.pyc
byte-compiling /home/ubuntu/miniconda/envs/_build/lib/python2.7/site-packages/tkinter/dialog.py to dialog.pyc
byte-compiling /home/ubuntu/miniconda/envs/_build/lib/python2.7/site-packages/tkinter/filedialog.py to filedialog.pyc
byte-compiling /home/ubuntu/miniconda/envs/_build/lib/python2.7/site-packages/tkinter/messagebox.py to messagebox.pyc
byte-compiling /home/ubuntu/miniconda/envs/_build/lib/python2.7/site-packages/tkinter/scrolledtext.py to scrolledtext.pyc
byte-compiling /home/ubuntu/miniconda/envs/_build/lib/python2.7/site-packages/tkinter/simpledialog.py to simpledialog.pyc
byte-compiling /home/ubuntu/miniconda/envs/_build/lib/python2.7/site-packages/tkinter/constants.py to constants.pyc
byte-compiling /home/ubuntu/miniconda/envs/_build/lib/python2.7/site-packages/tkinter/__init__.py to __init__.pyc
byte-compiling /home/ubuntu/miniconda/envs/_build/lib/python2.7/site-packages/tkinter/dnd.py to dnd.pyc
byte-compiling /home/ubuntu/miniconda/envs/_build/lib/python2.7/site-packages/tkinter/commondialog.py to commondialog.pyc
byte-compiling /home/ubuntu/miniconda/envs/_build/lib/python2.7/site-packages/past/types/basestring.py to basestring.pyc
byte-compiling /home/ubuntu/miniconda/envs/_build/lib/python2.7/site-packages/past/types/__init__.py to __init__.pyc
byte-compiling /home/ubuntu/miniconda/envs/_build/lib/python2.7/site-packages/past/types/olddict.py to olddict.pyc
byte-compiling /home/ubuntu/miniconda/envs/_build/lib/python2.7/site-packages/past/types/oldstr.py to oldstr.pyc
byte-compiling /home/ubuntu/miniconda/envs/_build/lib/python2.7/site-packages/past/utils/__init__.py to __init__.pyc
byte-compiling /home/ubuntu/miniconda/envs/_build/lib/python2.7/site-packages/past/builtins/noniterators.py to noniterators.pyc
byte-compiling /home/ubuntu/miniconda/envs/_build/lib/python2.7/site-packages/past/builtins/misc.py to misc.pyc
byte-compiling /home/ubuntu/miniconda/envs/_build/lib/python2.7/site-packages/past/builtins/__init__.py to __init__.pyc
byte-compiling /home/ubuntu/miniconda/envs/_build/lib/python2.7/site-packages/past/__init__.py to __init__.pyc
byte-compiling /home/ubuntu/miniconda/envs/_build/lib/python2.7/site-packages/past/translation/__init__.py to __init__.pyc
byte-compiling /home/ubuntu/miniconda/envs/_build/lib/python2.7/site-packages/libfuturize/fixer_util.py to fixer_util.pyc
byte-compiling /home/ubuntu/miniconda/envs/_build/lib/python2.7/site-packages/libfuturize/fixes/fix_remove_old__future__imports.py to fix_remove_old__future__imports.pyc
byte-compiling /home/ubuntu/miniconda/envs/_build/lib/python2.7/site-packages/libfuturize/fixes/fix_order___future__imports.py to fix_order___future__imports.pyc
byte-compiling /home/ubuntu/miniconda/envs/_build/lib/python2.7/site-packages/libfuturize/fixes/fix_object.py to fix_object.pyc
byte-compiling /home/ubuntu/miniconda/envs/_build/lib/python2.7/site-packages/libfuturize/fixes/fix_future_standard_library_urllib.py to fix_future_standard_library_urllib.pyc
byte-compiling /home/ubuntu/miniconda/envs/_build/lib/python2.7/site-packages/libfuturize/fixes/fix_future_standard_library.py to fix_future_standard_library.pyc
byte-compiling /home/ubuntu/miniconda/envs/_build/lib/python2.7/site-packages/libfuturize/fixes/fix_print.py to fix_print.pyc
byte-compiling /home/ubuntu/miniconda/envs/_build/lib/python2.7/site-packages/libfuturize/fixes/fix_future_builtins.py to fix_future_builtins.pyc
byte-compiling /home/ubuntu/miniconda/envs/_build/lib/python2.7/site-packages/libfuturize/fixes/fix_UserDict.py to fix_UserDict.pyc
byte-compiling /home/ubuntu/miniconda/envs/_build/lib/python2.7/site-packages/libfuturize/fixes/fix_unicode_literals_import.py to fix_unicode_literals_import.pyc
byte-compiling /home/ubuntu/miniconda/envs/_build/lib/python2.7/site-packages/libfuturize/fixes/fix_oldstr_wrap.py to fix_oldstr_wrap.pyc
byte-compiling /home/ubuntu/miniconda/envs/_build/lib/python2.7/site-packages/libfuturize/fixes/fix_absolute_import.py to fix_absolute_import.pyc
byte-compiling /home/ubuntu/miniconda/envs/_build/lib/python2.7/site-packages/libfuturize/fixes/fix_xrange_with_import.py to fix_xrange_with_import.pyc
byte-compiling /home/ubuntu/miniconda/envs/_build/lib/python2.7/site-packages/libfuturize/fixes/fix_bytes.py to fix_bytes.pyc
byte-compiling /home/ubuntu/miniconda/envs/_build/lib/python2.7/site-packages/libfuturize/fixes/fix_next_call.py to fix_next_call.pyc
byte-compiling /home/ubuntu/miniconda/envs/_build/lib/python2.7/site-packages/libfuturize/fixes/fix_print_with_import.py to fix_print_with_import.pyc
byte-compiling /home/ubuntu/miniconda/envs/_build/lib/python2.7/site-packages/libfuturize/fixes/fix_division_safe.py to fix_division_safe.pyc
byte-compiling /home/ubuntu/miniconda/envs/_build/lib/python2.7/site-packages/libfuturize/fixes/fix_cmp.py to fix_cmp.pyc
byte-compiling /home/ubuntu/miniconda/envs/_build/lib/python2.7/site-packages/libfuturize/fixes/fix_unicode_keep_u.py to fix_unicode_keep_u.pyc
byte-compiling /home/ubuntu/miniconda/envs/_build/lib/python2.7/site-packages/libfuturize/fixes/__init__.py to __init__.pyc
byte-compiling /home/ubuntu/miniconda/envs/_build/lib/python2.7/site-packages/libfuturize/fixes/fix_raise.py to fix_raise.pyc
byte-compiling /home/ubuntu/miniconda/envs/_build/lib/python2.7/site-packages/libfuturize/fixes/fix_execfile.py to fix_execfile.pyc
byte-compiling /home/ubuntu/miniconda/envs/_build/lib/python2.7/site-packages/libfuturize/fixes/fix_add__future__imports_except_unicode_literals.py to fix_add__future__imports_except_unicode_literals.pyc
byte-compiling /home/ubuntu/miniconda/envs/_build/lib/python2.7/site-packages/libfuturize/fixes/fix_metaclass.py to fix_metaclass.pyc
byte-compiling /home/ubuntu/miniconda/envs/_build/lib/python2.7/site-packages/libfuturize/fixes/fix_division.py to fix_division.pyc
byte-compiling /home/ubuntu/miniconda/envs/_build/lib/python2.7/site-packages/libfuturize/main.py to main.pyc
byte-compiling /home/ubuntu/miniconda/envs/_build/lib/python2.7/site-packages/libfuturize/__init__.py to __init__.pyc
byte-compiling /home/ubuntu/miniconda/envs/_build/lib/python2.7/site-packages/builtins/__init__.py to __init__.pyc
byte-compiling /home/ubuntu/miniconda/envs/_build/lib/python2.7/site-packages/xmlrpc/client.py to client.pyc
byte-compiling /home/ubuntu/miniconda/envs/_build/lib/python2.7/site-packages/xmlrpc/__init__.py to __init__.pyc
byte-compiling /home/ubuntu/miniconda/envs/_build/lib/python2.7/site-packages/xmlrpc/server.py to server.pyc
byte-compiling /home/ubuntu/miniconda/envs/_build/lib/python2.7/site-packages/libpasteurize/fixes/fix_unpacking.py to fix_unpacking.pyc
byte-compiling /home/ubuntu/miniconda/envs/_build/lib/python2.7/site-packages/libpasteurize/fixes/fix_memoryview.py to fix_memoryview.pyc
byte-compiling /home/ubuntu/miniconda/envs/_build/lib/python2.7/site-packages/libpasteurize/fixes/fix_add_future_standard_library_import.py to fix_add_future_standard_library_import.pyc
byte-compiling /home/ubuntu/miniconda/envs/_build/lib/python2.7/site-packages/libpasteurize/fixes/fix_future_builtins.py to fix_future_builtins.pyc
byte-compiling /home/ubuntu/miniconda/envs/_build/lib/python2.7/site-packages/libpasteurize/fixes/fix_fullargspec.py to fix_fullargspec.pyc
byte-compiling /home/ubuntu/miniconda/envs/_build/lib/python2.7/site-packages/libpasteurize/fixes/fix_getcwd.py to fix_getcwd.pyc
byte-compiling /home/ubuntu/miniconda/envs/_build/lib/python2.7/site-packages/libpasteurize/fixes/fix_features.py to fix_features.pyc
byte-compiling /home/ubuntu/miniconda/envs/_build/lib/python2.7/site-packages/libpasteurize/fixes/fix_throw.py to fix_throw.pyc
byte-compiling /home/ubuntu/miniconda/envs/_build/lib/python2.7/site-packages/libpasteurize/fixes/fix_add_all__future__imports.py to fix_add_all__future__imports.pyc
byte-compiling /home/ubuntu/miniconda/envs/_build/lib/python2.7/site-packages/libpasteurize/fixes/fix_raise_.py to fix_raise_.pyc
byte-compiling /home/ubuntu/miniconda/envs/_build/lib/python2.7/site-packages/libpasteurize/fixes/fix_imports2.py to fix_imports2.pyc
byte-compiling /home/ubuntu/miniconda/envs/_build/lib/python2.7/site-packages/libpasteurize/fixes/fix_kwargs.py to fix_kwargs.pyc
byte-compiling /home/ubuntu/miniconda/envs/_build/lib/python2.7/site-packages/libpasteurize/fixes/fix_newstyle.py to fix_newstyle.pyc
byte-compiling /home/ubuntu/miniconda/envs/_build/lib/python2.7/site-packages/libpasteurize/fixes/fix_next.py to fix_next.pyc
byte-compiling /home/ubuntu/miniconda/envs/_build/lib/python2.7/site-packages/libpasteurize/fixes/fix_imports.py to fix_imports.pyc
byte-compiling /home/ubuntu/miniconda/envs/_build/lib/python2.7/site-packages/libpasteurize/fixes/__init__.py to __init__.pyc
byte-compiling /home/ubuntu/miniconda/envs/_build/lib/python2.7/site-packages/libpasteurize/fixes/fix_raise.py to fix_raise.pyc
byte-compiling /home/ubuntu/miniconda/envs/_build/lib/python2.7/site-packages/libpasteurize/fixes/feature_base.py to feature_base.pyc
byte-compiling /home/ubuntu/miniconda/envs/_build/lib/python2.7/site-packages/libpasteurize/fixes/fix_add_all_future_builtins.py to fix_add_all_future_builtins.pyc
byte-compiling /home/ubuntu/miniconda/envs/_build/lib/python2.7/site-packages/libpasteurize/fixes/fix_metaclass.py to fix_metaclass.pyc
byte-compiling /home/ubuntu/miniconda/envs/_build/lib/python2.7/site-packages/libpasteurize/fixes/fix_division.py to fix_division.pyc
byte-compiling /home/ubuntu/miniconda/envs/_build/lib/python2.7/site-packages/libpasteurize/fixes/fix_annotations.py to fix_annotations.pyc
byte-compiling /home/ubuntu/miniconda/envs/_build/lib/python2.7/site-packages/libpasteurize/fixes/fix_printfunction.py to fix_printfunction.pyc
byte-compiling /home/ubuntu/miniconda/envs/_build/lib/python2.7/site-packages/libpasteurize/main.py to main.pyc
byte-compiling /home/ubuntu/miniconda/envs/_build/lib/python2.7/site-packages/libpasteurize/__init__.py to __init__.pyc
byte-compiling /home/ubuntu/miniconda/envs/_build/lib/python2.7/site-packages/configparser/__init__.py to __init__.pyc
byte-compiling /home/ubuntu/miniconda/envs/_build/lib/python2.7/site-packages/reprlib/__init__.py to __init__.pyc
byte-compiling /home/ubuntu/miniconda/envs/_build/lib/python2.7/site-packages/html/parser.py to parser.pyc
byte-compiling /home/ubuntu/miniconda/envs/_build/lib/python2.7/site-packages/html/__init__.py to __init__.pyc
byte-compiling /home/ubuntu/miniconda/envs/_build/lib/python2.7/site-packages/html/entities.py to entities.pyc
byte-compiling /home/ubuntu/miniconda/envs/_build/lib/python2.7/site-packages/http/cookiejar.py to cookiejar.pyc
byte-compiling /home/ubuntu/miniconda/envs/_build/lib/python2.7/site-packages/http/cookies.py to cookies.pyc
byte-compiling /home/ubuntu/miniconda/envs/_build/lib/python2.7/site-packages/http/client.py to client.pyc
byte-compiling /home/ubuntu/miniconda/envs/_build/lib/python2.7/site-packages/http/__init__.py to __init__.pyc
byte-compiling /home/ubuntu/miniconda/envs/_build/lib/python2.7/site-packages/http/server.py to server.pyc
byte-compiling /home/ubuntu/miniconda/envs/_build/lib/python2.7/site-packages/copyreg/__init__.py to __init__.pyc
byte-compiling /home/ubuntu/miniconda/envs/_build/lib/python2.7/site-packages/_dummy_thread/__init__.py to __init__.pyc
byte-compiling /home/ubuntu/miniconda/envs/_build/lib/python2.7/site-packages/future/types/newint.py to newint.pyc
byte-compiling /home/ubuntu/miniconda/envs/_build/lib/python2.7/site-packages/future/types/newobject.py to newobject.pyc
byte-compiling /home/ubuntu/miniconda/envs/_build/lib/python2.7/site-packages/future/types/newrange.py to newrange.pyc
byte-compiling /home/ubuntu/miniconda/envs/_build/lib/python2.7/site-packages/future/types/newdict.py to newdict.pyc
byte-compiling /home/ubuntu/miniconda/envs/_build/lib/python2.7/site-packages/future/types/newlist.py to newlist.pyc
byte-compiling /home/ubuntu/miniconda/envs/_build/lib/python2.7/site-packages/future/types/newmemoryview.py to newmemoryview.pyc
byte-compiling /home/ubuntu/miniconda/envs/_build/lib/python2.7/site-packages/future/types/newopen.py to newopen.pyc
byte-compiling /home/ubuntu/miniconda/envs/_build/lib/python2.7/site-packages/future/types/newstr.py to newstr.pyc
byte-compiling /home/ubuntu/miniconda/envs/_build/lib/python2.7/site-packages/future/types/__init__.py to __init__.pyc
byte-compiling /home/ubuntu/miniconda/envs/_build/lib/python2.7/site-packages/future/types/newbytes.py to newbytes.pyc
byte-compiling /home/ubuntu/miniconda/envs/_build/lib/python2.7/site-packages/future/standard_library/__init__.py to __init__.pyc
byte-compiling /home/ubuntu/miniconda/envs/_build/lib/python2.7/site-packages/future/backports/socket.py to socket.pyc
byte-compiling /home/ubuntu/miniconda/envs/_build/lib/python2.7/site-packages/future/backports/total_ordering.py to total_ordering.pyc
byte-compiling /home/ubuntu/miniconda/envs/_build/lib/python2.7/site-packages/future/backports/email/_encoded_words.py to _encoded_words.pyc
byte-compiling /home/ubuntu/miniconda/envs/_build/lib/python2.7/site-packages/future/backports/email/utils.py to utils.pyc
byte-compiling /home/ubuntu/miniconda/envs/_build/lib/python2.7/site-packages/future/backports/email/_header_value_parser.py to _header_value_parser.pyc
byte-compiling /home/ubuntu/miniconda/envs/_build/lib/python2.7/site-packages/future/backports/email/errors.py to errors.pyc
byte-compiling /home/ubuntu/miniconda/envs/_build/lib/python2.7/site-packages/future/backports/email/quoprimime.py to quoprimime.pyc
byte-compiling /home/ubuntu/miniconda/envs/_build/lib/python2.7/site-packages/future/backports/email/_policybase.py to _policybase.pyc
byte-compiling /home/ubuntu/miniconda/envs/_build/lib/python2.7/site-packages/future/backports/email/generator.py to generator.pyc
byte-compiling /home/ubuntu/miniconda/envs/_build/lib/python2.7/site-packages/future/backports/email/policy.py to policy.pyc
byte-compiling /home/ubuntu/miniconda/envs/_build/lib/python2.7/site-packages/future/backports/email/parser.py to parser.pyc
byte-compiling /home/ubuntu/miniconda/envs/_build/lib/python2.7/site-packages/future/backports/email/feedparser.py to feedparser.pyc
byte-compiling /home/ubuntu/miniconda/envs/_build/lib/python2.7/site-packages/future/backports/email/base64mime.py to base64mime.pyc
byte-compiling /home/ubuntu/miniconda/envs/_build/lib/python2.7/site-packages/future/backports/email/message.py to message.pyc
byte-compiling /home/ubuntu/miniconda/envs/_build/lib/python2.7/site-packages/future/backports/email/charset.py to charset.pyc
byte-compiling /home/ubuntu/miniconda/envs/_build/lib/python2.7/site-packages/future/backports/email/headerregistry.py to headerregistry.pyc
byte-compiling /home/ubuntu/miniconda/envs/_build/lib/python2.7/site-packages/future/backports/email/_parseaddr.py to _parseaddr.pyc
byte-compiling /home/ubuntu/miniconda/envs/_build/lib/python2.7/site-packages/future/backports/email/__init__.py to __init__.pyc
byte-compiling /home/ubuntu/miniconda/envs/_build/lib/python2.7/site-packages/future/backports/email/mime/application.py to application.pyc
byte-compiling /home/ubuntu/miniconda/envs/_build/lib/python2.7/site-packages/future/backports/email/mime/multipart.py to multipart.pyc
byte-compiling /home/ubuntu/miniconda/envs/_build/lib/python2.7/site-packages/future/backports/email/mime/message.py to message.pyc
byte-compiling /home/ubuntu/miniconda/envs/_build/lib/python2.7/site-packages/future/backports/email/mime/text.py to text.pyc
byte-compiling /home/ubuntu/miniconda/envs/_build/lib/python2.7/site-packages/future/backports/email/mime/__init__.py to __init__.pyc
byte-compiling /home/ubuntu/miniconda/envs/_build/lib/python2.7/site-packages/future/backports/email/mime/nonmultipart.py to nonmultipart.pyc
byte-compiling /home/ubuntu/miniconda/envs/_build/lib/python2.7/site-packages/future/backports/email/mime/image.py to image.pyc
byte-compiling /home/ubuntu/miniconda/envs/_build/lib/python2.7/site-packages/future/backports/email/mime/base.py to base.pyc
byte-compiling /home/ubuntu/miniconda/envs/_build/lib/python2.7/site-packages/future/backports/email/mime/audio.py to audio.pyc
byte-compiling /home/ubuntu/miniconda/envs/_build/lib/python2.7/site-packages/future/backports/email/iterators.py to iterators.pyc
byte-compiling /home/ubuntu/miniconda/envs/_build/lib/python2.7/site-packages/future/backports/email/encoders.py to encoders.pyc
byte-compiling /home/ubuntu/miniconda/envs/_build/lib/python2.7/site-packages/future/backports/email/header.py to header.pyc
byte-compiling /home/ubuntu/miniconda/envs/_build/lib/python2.7/site-packages/future/backports/xmlrpc/client.py to client.pyc
byte-compiling /home/ubuntu/miniconda/envs/_build/lib/python2.7/site-packages/future/backports/xmlrpc/__init__.py to __init__.pyc
byte-compiling /home/ubuntu/miniconda/envs/_build/lib/python2.7/site-packages/future/backports/xmlrpc/server.py to server.pyc
byte-compiling /home/ubuntu/miniconda/envs/_build/lib/python2.7/site-packages/future/backports/socketserver.py to socketserver.pyc
byte-compiling /home/ubuntu/miniconda/envs/_build/lib/python2.7/site-packages/future/backports/_markupbase.py to _markupbase.pyc
byte-compiling /home/ubuntu/miniconda/envs/_build/lib/python2.7/site-packages/future/backports/test/support.py to support.pyc
byte-compiling /home/ubuntu/miniconda/envs/_build/lib/python2.7/site-packages/future/backports/test/__init__.py to __init__.pyc
byte-compiling /home/ubuntu/miniconda/envs/_build/lib/python2.7/site-packages/future/backports/test/ssl_servers.py to ssl_servers.pyc
byte-compiling /home/ubuntu/miniconda/envs/_build/lib/python2.7/site-packages/future/backports/test/pystone.py to pystone.pyc
byte-compiling /home/ubuntu/miniconda/envs/_build/lib/python2.7/site-packages/future/backports/html/parser.py to parser.pyc
byte-compiling /home/ubuntu/miniconda/envs/_build/lib/python2.7/site-packages/future/backports/html/__init__.py to __init__.pyc
byte-compiling /home/ubuntu/miniconda/envs/_build/lib/python2.7/site-packages/future/backports/html/entities.py to entities.pyc
byte-compiling /home/ubuntu/miniconda/envs/_build/lib/python2.7/site-packages/future/backports/misc.py to misc.pyc
byte-compiling /home/ubuntu/miniconda/envs/_build/lib/python2.7/site-packages/future/backports/__init__.py to __init__.pyc
byte-compiling /home/ubuntu/miniconda/envs/_build/lib/python2.7/site-packages/future/backports/datetime.py to datetime.pyc
byte-compiling /home/ubuntu/miniconda/envs/_build/lib/python2.7/site-packages/future/backports/http/cookiejar.py to cookiejar.pyc
byte-compiling /home/ubuntu/miniconda/envs/_build/lib/python2.7/site-packages/future/backports/http/cookies.py to cookies.pyc
byte-compiling /home/ubuntu/miniconda/envs/_build/lib/python2.7/site-packages/future/backports/http/client.py to client.pyc
byte-compiling /home/ubuntu/miniconda/envs/_build/lib/python2.7/site-packages/future/backports/http/__init__.py to __init__.pyc
byte-compiling /home/ubuntu/miniconda/envs/_build/lib/python2.7/site-packages/future/backports/http/server.py to server.pyc
byte-compiling /home/ubuntu/miniconda/envs/_build/lib/python2.7/site-packages/future/backports/urllib/parse.py to parse.pyc
byte-compiling /home/ubuntu/miniconda/envs/_build/lib/python2.7/site-packages/future/backports/urllib/response.py to response.pyc
byte-compiling /home/ubuntu/miniconda/envs/_build/lib/python2.7/site-packages/future/backports/urllib/robotparser.py to robotparser.pyc
byte-compiling /home/ubuntu/miniconda/envs/_build/lib/python2.7/site-packages/future/backports/urllib/__init__.py to __init__.pyc
byte-compiling /home/ubuntu/miniconda/envs/_build/lib/python2.7/site-packages/future/backports/urllib/error.py to error.pyc
byte-compiling /home/ubuntu/miniconda/envs/_build/lib/python2.7/site-packages/future/backports/urllib/request.py to request.pyc
byte-compiling /home/ubuntu/miniconda/envs/_build/lib/python2.7/site-packages/future/utils/surrogateescape.py to surrogateescape.pyc
byte-compiling /home/ubuntu/miniconda/envs/_build/lib/python2.7/site-packages/future/utils/__init__.py to __init__.pyc
byte-compiling /home/ubuntu/miniconda/envs/_build/lib/python2.7/site-packages/future/moves/queue.py to queue.pyc
byte-compiling /home/ubuntu/miniconda/envs/_build/lib/python2.7/site-packages/future/moves/tkinter/colorchooser.py to colorchooser.pyc
byte-compiling /home/ubuntu/miniconda/envs/_build/lib/python2.7/site-packages/future/moves/tkinter/tix.py to tix.pyc
byte-compiling /home/ubuntu/miniconda/envs/_build/lib/python2.7/site-packages/future/moves/tkinter/font.py to font.pyc
byte-compiling /home/ubuntu/miniconda/envs/_build/lib/python2.7/site-packages/future/moves/tkinter/dialog.py to dialog.pyc
byte-compiling /home/ubuntu/miniconda/envs/_build/lib/python2.7/site-packages/future/moves/tkinter/filedialog.py to filedialog.pyc
byte-compiling /home/ubuntu/miniconda/envs/_build/lib/python2.7/site-packages/future/moves/tkinter/messagebox.py to messagebox.pyc
byte-compiling /home/ubuntu/miniconda/envs/_build/lib/python2.7/site-packages/future/moves/tkinter/scrolledtext.py to scrolledtext.pyc
byte-compiling /home/ubuntu/miniconda/envs/_build/lib/python2.7/site-packages/future/moves/tkinter/simpledialog.py to simpledialog.pyc
byte-compiling /home/ubuntu/miniconda/envs/_build/lib/python2.7/site-packages/future/moves/tkinter/constants.py to constants.pyc
byte-compiling /home/ubuntu/miniconda/envs/_build/lib/python2.7/site-packages/future/moves/tkinter/__init__.py to __init__.pyc
byte-compiling /home/ubuntu/miniconda/envs/_build/lib/python2.7/site-packages/future/moves/tkinter/dnd.py to dnd.pyc
byte-compiling /home/ubuntu/miniconda/envs/_build/lib/python2.7/site-packages/future/moves/tkinter/commondialog.py to commondialog.pyc
byte-compiling /home/ubuntu/miniconda/envs/_build/lib/python2.7/site-packages/future/moves/_thread.py to _thread.pyc
byte-compiling /home/ubuntu/miniconda/envs/_build/lib/python2.7/site-packages/future/moves/itertools.py to itertools.pyc
byte-compiling /home/ubuntu/miniconda/envs/_build/lib/python2.7/site-packages/future/moves/collections.py to collections.pyc
byte-compiling /home/ubuntu/miniconda/envs/_build/lib/python2.7/site-packages/future/moves/builtins.py to builtins.pyc
byte-compiling /home/ubuntu/miniconda/envs/_build/lib/python2.7/site-packages/future/moves/xmlrpc/client.py to client.pyc
byte-compiling /home/ubuntu/miniconda/envs/_build/lib/python2.7/site-packages/future/moves/xmlrpc/__init__.py to __init__.pyc
byte-compiling /home/ubuntu/miniconda/envs/_build/lib/python2.7/site-packages/future/moves/xmlrpc/server.py to server.pyc
byte-compiling /home/ubuntu/miniconda/envs/_build/lib/python2.7/site-packages/future/moves/socketserver.py to socketserver.pyc
byte-compiling /home/ubuntu/miniconda/envs/_build/lib/python2.7/site-packages/future/moves/_markupbase.py to _markupbase.pyc
byte-compiling /home/ubuntu/miniconda/envs/_build/lib/python2.7/site-packages/future/moves/_dummy_thread.py to _dummy_thread.pyc
byte-compiling /home/ubuntu/miniconda/envs/_build/lib/python2.7/site-packages/future/moves/test/support.py to support.pyc
byte-compiling /home/ubuntu/miniconda/envs/_build/lib/python2.7/site-packages/future/moves/test/__init__.py to __init__.pyc
byte-compiling /home/ubuntu/miniconda/envs/_build/lib/python2.7/site-packages/future/moves/reprlib.py to reprlib.pyc
byte-compiling /home/ubuntu/miniconda/envs/_build/lib/python2.7/site-packages/future/moves/winreg.py to winreg.pyc
byte-compiling /home/ubuntu/miniconda/envs/_build/lib/python2.7/site-packages/future/moves/sys.py to sys.pyc
byte-compiling /home/ubuntu/miniconda/envs/_build/lib/python2.7/site-packages/future/moves/html/parser.py to parser.pyc
byte-compiling /home/ubuntu/miniconda/envs/_build/lib/python2.7/site-packages/future/moves/html/__init__.py to __init__.pyc
byte-compiling /home/ubuntu/miniconda/envs/_build/lib/python2.7/site-packages/future/moves/html/entities.py to entities.pyc
byte-compiling /home/ubuntu/miniconda/envs/_build/lib/python2.7/site-packages/future/moves/__init__.py to __init__.pyc
byte-compiling /home/ubuntu/miniconda/envs/_build/lib/python2.7/site-packages/future/moves/http/cookiejar.py to cookiejar.pyc
byte-compiling /home/ubuntu/miniconda/envs/_build/lib/python2.7/site-packages/future/moves/http/cookies.py to cookies.pyc
byte-compiling /home/ubuntu/miniconda/envs/_build/lib/python2.7/site-packages/future/moves/http/client.py to client.pyc
byte-compiling /home/ubuntu/miniconda/envs/_build/lib/python2.7/site-packages/future/moves/http/__init__.py to __init__.pyc
byte-compiling /home/ubuntu/miniconda/envs/_build/lib/python2.7/site-packages/future/moves/http/server.py to server.pyc
byte-compiling /home/ubuntu/miniconda/envs/_build/lib/python2.7/site-packages/future/moves/dbm/ndbm.py to ndbm.pyc
byte-compiling /home/ubuntu/miniconda/envs/_build/lib/python2.7/site-packages/future/moves/dbm/gnu.py to gnu.pyc
byte-compiling /home/ubuntu/miniconda/envs/_build/lib/python2.7/site-packages/future/moves/dbm/dumb.py to dumb.pyc
byte-compiling /home/ubuntu/miniconda/envs/_build/lib/python2.7/site-packages/future/moves/dbm/__init__.py to __init__.pyc
byte-compiling /home/ubuntu/miniconda/envs/_build/lib/python2.7/site-packages/future/moves/subprocess.py to subprocess.pyc
byte-compiling /home/ubuntu/miniconda/envs/_build/lib/python2.7/site-packages/future/moves/configparser.py to configparser.pyc
byte-compiling /home/ubuntu/miniconda/envs/_build/lib/python2.7/site-packages/future/moves/pickle.py to pickle.pyc
byte-compiling /home/ubuntu/miniconda/envs/_build/lib/python2.7/site-packages/future/moves/copyreg.py to copyreg.pyc
byte-compiling /home/ubuntu/miniconda/envs/_build/lib/python2.7/site-packages/future/moves/urllib/parse.py to parse.pyc
byte-compiling /home/ubuntu/miniconda/envs/_build/lib/python2.7/site-packages/future/moves/urllib/response.py to response.pyc
byte-compiling /home/ubuntu/miniconda/envs/_build/lib/python2.7/site-packages/future/moves/urllib/robotparser.py to robotparser.pyc
byte-compiling /home/ubuntu/miniconda/envs/_build/lib/python2.7/site-packages/future/moves/urllib/__init__.py to __init__.pyc
byte-compiling /home/ubuntu/miniconda/envs/_build/lib/python2.7/site-packages/future/moves/urllib/error.py to error.pyc
byte-compiling /home/ubuntu/miniconda/envs/_build/lib/python2.7/site-packages/future/moves/urllib/request.py to request.pyc
byte-compiling /home/ubuntu/miniconda/envs/_build/lib/python2.7/site-packages/future/builtins/newround.py to newround.pyc
byte-compiling /home/ubuntu/miniconda/envs/_build/lib/python2.7/site-packages/future/builtins/newnext.py to newnext.pyc
byte-compiling /home/ubuntu/miniconda/envs/_build/lib/python2.7/site-packages/future/builtins/disabled.py to disabled.pyc
byte-compiling /home/ubuntu/miniconda/envs/_build/lib/python2.7/site-packages/future/builtins/misc.py to misc.pyc
byte-compiling /home/ubuntu/miniconda/envs/_build/lib/python2.7/site-packages/future/builtins/__init__.py to __init__.pyc
byte-compiling /home/ubuntu/miniconda/envs/_build/lib/python2.7/site-packages/future/builtins/iterators.py to iterators.pyc
byte-compiling /home/ubuntu/miniconda/envs/_build/lib/python2.7/site-packages/future/builtins/newsuper.py to newsuper.pyc
byte-compiling /home/ubuntu/miniconda/envs/_build/lib/python2.7/site-packages/future/tests/__init__.py to __init__.pyc
byte-compiling /home/ubuntu/miniconda/envs/_build/lib/python2.7/site-packages/future/tests/base.py to base.pyc
byte-compiling /home/ubuntu/miniconda/envs/_build/lib/python2.7/site-packages/future/__init__.py to __init__.pyc
running install_egg_info
Writing /home/ubuntu/miniconda/envs/_build/lib/python2.7/site-packages/future-0.14.3-py2.7.egg-info

The following NEW packages will be INSTALLED:

    openssl:    1.0.1k-1     
    pip:        7.0.3-py27_0 
    python:     2.7.10-0     
    readline:   6.2-2        
    setuptools: 17.1.1-py27_0
    sqlite:     3.8.4.1-1    
    system:     5.8-2        
    tk:         8.5.18-0     
    zlib:       1.2.8-0      

Linking packages ...
[                    ]|                                                  |   0%[openssl             ]|                                                  |   0%[readline            ]|#####                                             |  11%[sqlite              ]|###########                                       |  22%[system              ]|################                                  |  33%[tk                  ]|######################                            |  44%[zlib                ]|###########################                       |  55%[python              ]|#################################                 |  66%[setuptools          ]|######################################            |  77%[pip                 ]|############################################      |  88%[      COMPLETE      ]|##################################################| 100%
Removing old work directory
Source cache directory is: /home/ubuntu/miniconda/conda-bld/src_cache
Found source in cache: future-0.14.3.tar.gz
Extracting download
Package: future-0.14.3-py_0
source tree in: /home/ubuntu/miniconda/conda-bld/work/future-0.14.3
number of files: 453
Fixing permissions
Fixing permissions
BUILD END: future-0.14.3-py_0
TEST START: future-0.14.3-py_0
Fetching package metadata: ......
Solving package specifications: ./home/ubuntu/miniconda/pkgs/future-0.14.3-py_0/bin/.future-pre-link.sh: line 2: /home/ubuntu/miniconda/envs/_test/bin/python: No such file or directory

The following packages will be downloaded:

    package                    |            build
    ---------------------------|-----------------
    future-0.14.3              |             py_0         383 KB

The following NEW packages will be INSTALLED:

    future:     0.14.3-py_0  
    openssl:    1.0.1k-1     
    pip:        7.0.3-py27_0 
    python:     2.7.10-0     
    readline:   6.2-2        
    setuptools: 17.1.1-py27_0
    sqlite:     3.8.4.1-1    
    system:     5.8-2        
    tk:         8.5.18-0     
    zlib:       1.2.8-0      

Fetching packages ...
future-0.14.3-   0% |                              | ETA:  --:--:--   0.00  B/sfuture-0.14.3-   4% |#                              | ETA:  0:00:00  44.77 MB/sfuture-0.14.3-   8% |##                             | ETA:  0:00:00  56.12 MB/sfuture-0.14.3-  12% |###                            | ETA:  0:00:00  63.34 MB/sfuture-0.14.3-  16% |#####                          | ETA:  0:00:00  68.06 MB/sfuture-0.14.3-  20% |######                         | ETA:  0:00:00  71.36 MB/sfuture-0.14.3-  25% |#######                        | ETA:  0:00:00  73.52 MB/sfuture-0.14.3-  29% |#########                      | ETA:  0:00:00  75.50 MB/sfuture-0.14.3-  33% |##########                     | ETA:  0:00:00  77.10 MB/sfuture-0.14.3-  37% |###########                    | ETA:  0:00:00  78.44 MB/sfuture-0.14.3-  41% |############                   | ETA:  0:00:00  79.27 MB/sfuture-0.14.3-  45% |##############                 | ETA:  0:00:00  80.25 MB/sfuture-0.14.3-  50% |###############                | ETA:  0:00:00  81.14 MB/sfuture-0.14.3-  54% |################               | ETA:  0:00:00  81.86 MB/sfuture-0.14.3-  58% |##################             | ETA:  0:00:00  82.21 MB/sfuture-0.14.3-  62% |###################            | ETA:  0:00:00  82.81 MB/sfuture-0.14.3-  66% |####################           | ETA:  0:00:00  83.35 MB/sfuture-0.14.3-  71% |######################         | ETA:  0:00:00  83.64 MB/sfuture-0.14.3-  75% |#######################        | ETA:  0:00:00  84.04 MB/sfuture-0.14.3-  79% |########################       | ETA:  0:00:00  84.43 MB/sfuture-0.14.3-  83% |#########################      | ETA:  0:00:00  84.78 MB/sfuture-0.14.3-  87% |###########################    | ETA:  0:00:00  85.04 MB/sfuture-0.14.3-  91% |############################   | ETA:  0:00:00  85.33 MB/sfuture-0.14.3-  96% |#############################  | ETA:  0:00:00  85.33 MB/sfuture-0.14.3- 100% |###############################| ETA:  0:00:00  85.36 MB/sfuture-0.14.3- 100% |###############################| Time: 0:00:00  81.28 MB/s
Extracting packages ...
[      COMPLETE      ]|                                                  |   0%[future              ]|                                                  |   0%[future              ]|                                                  |   0%[      COMPLETE      ]|##################################################| 100%
Linking packages ...
[      COMPLETE      ]|                                                  |   0%[openssl             ]|                                                  |   0%[openssl             ]|                                                  |   0%[readline            ]|#####                                             |  10%[sqlite              ]|##########                                        |  20%[system              ]|###############                                   |  30%[tk                  ]|####################                              |  40%[zlib                ]|#########################                         |  50%[future              ]|##############################                    |  60%Error: pre-link failed: future-0.14.3-py_0
