Warning, the following versions were found for Fuzzy
1.1
1.0
Using 1.1
Use --version to specify a different version.
Using url https://pypi.python.org/packages/source/F/Fuzzy/Fuzzy-1.1.tar.gz (20 KB) for Fuzzy.
Downloading Fuzzy (use --no-download to skip this step)
Unpacking Fuzzy...
done
working in /tmp/tmpdgZKkCconda_skeleton_Fuzzy-1.1.tar.gz
Fetching package metadata: ......
Solving package specifications: .patching file core.py
Hunk #1 succeeded at 168 with fuzz 2 (offset 2 lines).
Traceback (most recent call last):
  File "setup.py", line 1, in <module>
    import setuptools
ImportError: No module named setuptools

Applying patch: '/tmp/tmpdgZKkCconda_skeleton_Fuzzy-1.1.tar.gz/pypi-distutils.patch'
$PYTHONPATH = /tmp/tmpdgZKkCconda_skeleton_Fuzzy-1.1.tar.gz/Fuzzy-1.1
Error: command failed: /home/ubuntu/miniconda/envs/_build/bin/python setup.py install
