Removing old build directory
Removing old work directory
BUILD START: gdata-2.0.18-py27_0
Fetching package metadata: ......
Solving package specifications: .+ /home/ubuntu/miniconda/envs/_build/bin/python setup.py install
/home/ubuntu/miniconda/envs/_build/lib/python2.7/distutils/dist.py:267: UserWarning: Unknown distribution option: 'install_requires'
  warnings.warn(msg)
running install
running build
running build_py
creating build
creating build/lib
creating build/lib/atom
copying src/atom/token_store.py -> build/lib/atom
copying src/atom/http_core.py -> build/lib/atom
copying src/atom/data.py -> build/lib/atom
copying src/atom/url.py -> build/lib/atom
copying src/atom/client.py -> build/lib/atom
copying src/atom/mock_http.py -> build/lib/atom
copying src/atom/http_interface.py -> build/lib/atom
copying src/atom/service.py -> build/lib/atom
copying src/atom/http.py -> build/lib/atom
copying src/atom/__init__.py -> build/lib/atom
copying src/atom/mock_http_core.py -> build/lib/atom
copying src/atom/auth.py -> build/lib/atom
copying src/atom/core.py -> build/lib/atom
copying src/atom/mock_service.py -> build/lib/atom
creating build/lib/gdata
copying src/gdata/urlfetch.py -> build/lib/gdata
copying src/gdata/data.py -> build/lib/gdata
copying src/gdata/client.py -> build/lib/gdata
copying src/gdata/service.py -> build/lib/gdata
copying src/gdata/__init__.py -> build/lib/gdata
copying src/gdata/sample_util.py -> build/lib/gdata
copying src/gdata/gauth.py -> build/lib/gdata
copying src/gdata/auth.py -> build/lib/gdata
copying src/gdata/test_data.py -> build/lib/gdata
copying src/gdata/core.py -> build/lib/gdata
copying src/gdata/apps_property.py -> build/lib/gdata
copying src/gdata/test_config.py -> build/lib/gdata
creating build/lib/gdata/Crypto
copying src/gdata/Crypto/__init__.py -> build/lib/gdata/Crypto
copying src/gdata/Crypto/test.py -> build/lib/gdata/Crypto
creating build/lib/gdata/Crypto/Cipher
copying src/gdata/Crypto/Cipher/__init__.py -> build/lib/gdata/Crypto/Cipher
creating build/lib/gdata/Crypto/Hash
copying src/gdata/Crypto/Hash/HMAC.py -> build/lib/gdata/Crypto/Hash
copying src/gdata/Crypto/Hash/MD5.py -> build/lib/gdata/Crypto/Hash
copying src/gdata/Crypto/Hash/__init__.py -> build/lib/gdata/Crypto/Hash
copying src/gdata/Crypto/Hash/SHA.py -> build/lib/gdata/Crypto/Hash
creating build/lib/gdata/Crypto/Protocol
copying src/gdata/Crypto/Protocol/AllOrNothing.py -> build/lib/gdata/Crypto/Protocol
copying src/gdata/Crypto/Protocol/Chaffing.py -> build/lib/gdata/Crypto/Protocol
copying src/gdata/Crypto/Protocol/__init__.py -> build/lib/gdata/Crypto/Protocol
creating build/lib/gdata/Crypto/PublicKey
copying src/gdata/Crypto/PublicKey/ElGamal.py -> build/lib/gdata/Crypto/PublicKey
copying src/gdata/Crypto/PublicKey/RSA.py -> build/lib/gdata/Crypto/PublicKey
copying src/gdata/Crypto/PublicKey/pubkey.py -> build/lib/gdata/Crypto/PublicKey
copying src/gdata/Crypto/PublicKey/DSA.py -> build/lib/gdata/Crypto/PublicKey
copying src/gdata/Crypto/PublicKey/__init__.py -> build/lib/gdata/Crypto/PublicKey
copying src/gdata/Crypto/PublicKey/qNEW.py -> build/lib/gdata/Crypto/PublicKey
creating build/lib/gdata/Crypto/Util
copying src/gdata/Crypto/Util/randpool.py -> build/lib/gdata/Crypto/Util
copying src/gdata/Crypto/Util/RFC1751.py -> build/lib/gdata/Crypto/Util
copying src/gdata/Crypto/Util/number.py -> build/lib/gdata/Crypto/Util
copying src/gdata/Crypto/Util/__init__.py -> build/lib/gdata/Crypto/Util
copying src/gdata/Crypto/Util/test.py -> build/lib/gdata/Crypto/Util
creating build/lib/gdata/acl
copying src/gdata/acl/data.py -> build/lib/gdata/acl
copying src/gdata/acl/__init__.py -> build/lib/gdata/acl
creating build/lib/gdata/alt
copying src/gdata/alt/appengine.py -> build/lib/gdata/alt
copying src/gdata/alt/__init__.py -> build/lib/gdata/alt
copying src/gdata/alt/app_engine.py -> build/lib/gdata/alt
creating build/lib/gdata/analytics
copying src/gdata/analytics/data.py -> build/lib/gdata/analytics
copying src/gdata/analytics/client.py -> build/lib/gdata/analytics
copying src/gdata/analytics/service.py -> build/lib/gdata/analytics
copying src/gdata/analytics/__init__.py -> build/lib/gdata/analytics
creating build/lib/gdata/apps
copying src/gdata/apps/apps_property_entry.py -> build/lib/gdata/apps
copying src/gdata/apps/data.py -> build/lib/gdata/apps
copying src/gdata/apps/client.py -> build/lib/gdata/apps
copying src/gdata/apps/service.py -> build/lib/gdata/apps
copying src/gdata/apps/__init__.py -> build/lib/gdata/apps
creating build/lib/gdata/apps/adminsettings
copying src/gdata/apps/adminsettings/service.py -> build/lib/gdata/apps/adminsettings
copying src/gdata/apps/adminsettings/__init__.py -> build/lib/gdata/apps/adminsettings
creating build/lib/gdata/apps/audit
copying src/gdata/apps/audit/service.py -> build/lib/gdata/apps/audit
copying src/gdata/apps/audit/__init__.py -> build/lib/gdata/apps/audit
creating build/lib/gdata/apps/emailsettings
copying src/gdata/apps/emailsettings/data.py -> build/lib/gdata/apps/emailsettings
copying src/gdata/apps/emailsettings/client.py -> build/lib/gdata/apps/emailsettings
copying src/gdata/apps/emailsettings/service.py -> build/lib/gdata/apps/emailsettings
copying src/gdata/apps/emailsettings/__init__.py -> build/lib/gdata/apps/emailsettings
creating build/lib/gdata/apps/groups
copying src/gdata/apps/groups/data.py -> build/lib/gdata/apps/groups
copying src/gdata/apps/groups/client.py -> build/lib/gdata/apps/groups
copying src/gdata/apps/groups/service.py -> build/lib/gdata/apps/groups
copying src/gdata/apps/groups/__init__.py -> build/lib/gdata/apps/groups
creating build/lib/gdata/apps/migration
copying src/gdata/apps/migration/service.py -> build/lib/gdata/apps/migration
copying src/gdata/apps/migration/__init__.py -> build/lib/gdata/apps/migration
creating build/lib/gdata/apps/multidomain
copying src/gdata/apps/multidomain/data.py -> build/lib/gdata/apps/multidomain
copying src/gdata/apps/multidomain/client.py -> build/lib/gdata/apps/multidomain
copying src/gdata/apps/multidomain/__init__.py -> build/lib/gdata/apps/multidomain
creating build/lib/gdata/apps/organization
copying src/gdata/apps/organization/data.py -> build/lib/gdata/apps/organization
copying src/gdata/apps/organization/client.py -> build/lib/gdata/apps/organization
copying src/gdata/apps/organization/service.py -> build/lib/gdata/apps/organization
copying src/gdata/apps/organization/__init__.py -> build/lib/gdata/apps/organization
creating build/lib/gdata/blogger
copying src/gdata/blogger/data.py -> build/lib/gdata/blogger
copying src/gdata/blogger/client.py -> build/lib/gdata/blogger
copying src/gdata/blogger/service.py -> build/lib/gdata/blogger
copying src/gdata/blogger/__init__.py -> build/lib/gdata/blogger
creating build/lib/gdata/books
copying src/gdata/books/data.py -> build/lib/gdata/books
copying src/gdata/books/service.py -> build/lib/gdata/books
copying src/gdata/books/__init__.py -> build/lib/gdata/books
creating build/lib/gdata/calendar
copying src/gdata/calendar/data.py -> build/lib/gdata/calendar
copying src/gdata/calendar/client.py -> build/lib/gdata/calendar
copying src/gdata/calendar/service.py -> build/lib/gdata/calendar
copying src/gdata/calendar/__init__.py -> build/lib/gdata/calendar
creating build/lib/gdata/calendar_resource
copying src/gdata/calendar_resource/data.py -> build/lib/gdata/calendar_resource
copying src/gdata/calendar_resource/client.py -> build/lib/gdata/calendar_resource
copying src/gdata/calendar_resource/__init__.py -> build/lib/gdata/calendar_resource
creating build/lib/gdata/codesearch
copying src/gdata/codesearch/service.py -> build/lib/gdata/codesearch
copying src/gdata/codesearch/__init__.py -> build/lib/gdata/codesearch
creating build/lib/gdata/contacts
copying src/gdata/contacts/data.py -> build/lib/gdata/contacts
copying src/gdata/contacts/client.py -> build/lib/gdata/contacts
copying src/gdata/contacts/service.py -> build/lib/gdata/contacts
copying src/gdata/contacts/__init__.py -> build/lib/gdata/contacts
creating build/lib/gdata/contentforshopping
copying src/gdata/contentforshopping/data.py -> build/lib/gdata/contentforshopping
copying src/gdata/contentforshopping/client.py -> build/lib/gdata/contentforshopping
copying src/gdata/contentforshopping/__init__.py -> build/lib/gdata/contentforshopping
creating build/lib/gdata/docs
copying src/gdata/docs/data.py -> build/lib/gdata/docs
copying src/gdata/docs/client.py -> build/lib/gdata/docs
copying src/gdata/docs/service.py -> build/lib/gdata/docs
copying src/gdata/docs/__init__.py -> build/lib/gdata/docs
creating build/lib/gdata/dublincore
copying src/gdata/dublincore/data.py -> build/lib/gdata/dublincore
copying src/gdata/dublincore/__init__.py -> build/lib/gdata/dublincore
creating build/lib/gdata/exif
copying src/gdata/exif/__init__.py -> build/lib/gdata/exif
creating build/lib/gdata/finance
copying src/gdata/finance/data.py -> build/lib/gdata/finance
copying src/gdata/finance/service.py -> build/lib/gdata/finance
copying src/gdata/finance/__init__.py -> build/lib/gdata/finance
creating build/lib/gdata/geo
copying src/gdata/geo/data.py -> build/lib/gdata/geo
copying src/gdata/geo/__init__.py -> build/lib/gdata/geo
creating build/lib/gdata/health
copying src/gdata/health/service.py -> build/lib/gdata/health
copying src/gdata/health/__init__.py -> build/lib/gdata/health
creating build/lib/gdata/media
copying src/gdata/media/data.py -> build/lib/gdata/media
copying src/gdata/media/__init__.py -> build/lib/gdata/media
creating build/lib/gdata/notebook
copying src/gdata/notebook/data.py -> build/lib/gdata/notebook
copying src/gdata/notebook/__init__.py -> build/lib/gdata/notebook
creating build/lib/gdata/oauth
copying src/gdata/oauth/__init__.py -> build/lib/gdata/oauth
copying src/gdata/oauth/rsa.py -> build/lib/gdata/oauth
creating build/lib/gdata/opensearch
copying src/gdata/opensearch/data.py -> build/lib/gdata/opensearch
copying src/gdata/opensearch/__init__.py -> build/lib/gdata/opensearch
creating build/lib/gdata/photos
copying src/gdata/photos/service.py -> build/lib/gdata/photos
copying src/gdata/photos/__init__.py -> build/lib/gdata/photos
creating build/lib/gdata/projecthosting
copying src/gdata/projecthosting/data.py -> build/lib/gdata/projecthosting
copying src/gdata/projecthosting/client.py -> build/lib/gdata/projecthosting
copying src/gdata/projecthosting/__init__.py -> build/lib/gdata/projecthosting
creating build/lib/gdata/sites
copying src/gdata/sites/data.py -> build/lib/gdata/sites
copying src/gdata/sites/client.py -> build/lib/gdata/sites
copying src/gdata/sites/__init__.py -> build/lib/gdata/sites
creating build/lib/gdata/spreadsheet
copying src/gdata/spreadsheet/text_db.py -> build/lib/gdata/spreadsheet
copying src/gdata/spreadsheet/service.py -> build/lib/gdata/spreadsheet
copying src/gdata/spreadsheet/__init__.py -> build/lib/gdata/spreadsheet
creating build/lib/gdata/spreadsheets
copying src/gdata/spreadsheets/data.py -> build/lib/gdata/spreadsheets
copying src/gdata/spreadsheets/client.py -> build/lib/gdata/spreadsheets
copying src/gdata/spreadsheets/__init__.py -> build/lib/gdata/spreadsheets
creating build/lib/gdata/tlslite
copying src/gdata/tlslite/VerifierDB.py -> build/lib/gdata/tlslite
copying src/gdata/tlslite/SessionCache.py -> build/lib/gdata/tlslite
copying src/gdata/tlslite/TLSConnection.py -> build/lib/gdata/tlslite
copying src/gdata/tlslite/errors.py -> build/lib/gdata/tlslite
copying src/gdata/tlslite/api.py -> build/lib/gdata/tlslite
copying src/gdata/tlslite/Checker.py -> build/lib/gdata/tlslite
copying src/gdata/tlslite/HandshakeSettings.py -> build/lib/gdata/tlslite
copying src/gdata/tlslite/TLSRecordLayer.py -> build/lib/gdata/tlslite
copying src/gdata/tlslite/FileObject.py -> build/lib/gdata/tlslite
copying src/gdata/tlslite/constants.py -> build/lib/gdata/tlslite
copying src/gdata/tlslite/mathtls.py -> build/lib/gdata/tlslite
copying src/gdata/tlslite/messages.py -> build/lib/gdata/tlslite
copying src/gdata/tlslite/__init__.py -> build/lib/gdata/tlslite
copying src/gdata/tlslite/Session.py -> build/lib/gdata/tlslite
copying src/gdata/tlslite/BaseDB.py -> build/lib/gdata/tlslite
copying src/gdata/tlslite/X509CertChain.py -> build/lib/gdata/tlslite
copying src/gdata/tlslite/SharedKeyDB.py -> build/lib/gdata/tlslite
copying src/gdata/tlslite/X509.py -> build/lib/gdata/tlslite
creating build/lib/gdata/tlslite/integration
copying src/gdata/tlslite/integration/TLSSocketServerMixIn.py -> build/lib/gdata/tlslite/integration
copying src/gdata/tlslite/integration/HTTPTLSConnection.py -> build/lib/gdata/tlslite/integration
copying src/gdata/tlslite/integration/AsyncStateMachine.py -> build/lib/gdata/tlslite/integration
copying src/gdata/tlslite/integration/TLSTwistedProtocolWrapper.py -> build/lib/gdata/tlslite/integration
copying src/gdata/tlslite/integration/IMAP4_TLS.py -> build/lib/gdata/tlslite/integration
copying src/gdata/tlslite/integration/POP3_TLS.py -> build/lib/gdata/tlslite/integration
copying src/gdata/tlslite/integration/IntegrationHelper.py -> build/lib/gdata/tlslite/integration
copying src/gdata/tlslite/integration/__init__.py -> build/lib/gdata/tlslite/integration
copying src/gdata/tlslite/integration/TLSAsyncDispatcherMixIn.py -> build/lib/gdata/tlslite/integration
copying src/gdata/tlslite/integration/XMLRPCTransport.py -> build/lib/gdata/tlslite/integration
copying src/gdata/tlslite/integration/ClientHelper.py -> build/lib/gdata/tlslite/integration
copying src/gdata/tlslite/integration/SMTP_TLS.py -> build/lib/gdata/tlslite/integration
creating build/lib/gdata/tlslite/utils
copying src/gdata/tlslite/utils/hmac.py -> build/lib/gdata/tlslite/utils
copying src/gdata/tlslite/utils/OpenSSL_RC4.py -> build/lib/gdata/tlslite/utils
copying src/gdata/tlslite/utils/PyCrypto_TripleDES.py -> build/lib/gdata/tlslite/utils
copying src/gdata/tlslite/utils/PyCrypto_RC4.py -> build/lib/gdata/tlslite/utils
copying src/gdata/tlslite/utils/PyCrypto_AES.py -> build/lib/gdata/tlslite/utils
copying src/gdata/tlslite/utils/compat.py -> build/lib/gdata/tlslite/utils
copying src/gdata/tlslite/utils/OpenSSL_AES.py -> build/lib/gdata/tlslite/utils
copying src/gdata/tlslite/utils/Cryptlib_AES.py -> build/lib/gdata/tlslite/utils
copying src/gdata/tlslite/utils/Python_RSAKey.py -> build/lib/gdata/tlslite/utils
copying src/gdata/tlslite/utils/cipherfactory.py -> build/lib/gdata/tlslite/utils
copying src/gdata/tlslite/utils/codec.py -> build/lib/gdata/tlslite/utils
copying src/gdata/tlslite/utils/Python_AES.py -> build/lib/gdata/tlslite/utils
copying src/gdata/tlslite/utils/ASN1Parser.py -> build/lib/gdata/tlslite/utils
copying src/gdata/tlslite/utils/RSAKey.py -> build/lib/gdata/tlslite/utils
copying src/gdata/tlslite/utils/dateFuncs.py -> build/lib/gdata/tlslite/utils
copying src/gdata/tlslite/utils/OpenSSL_TripleDES.py -> build/lib/gdata/tlslite/utils
copying src/gdata/tlslite/utils/RC4.py -> build/lib/gdata/tlslite/utils
copying src/gdata/tlslite/utils/Cryptlib_TripleDES.py -> build/lib/gdata/tlslite/utils
copying src/gdata/tlslite/utils/AES.py -> build/lib/gdata/tlslite/utils
copying src/gdata/tlslite/utils/cryptomath.py -> build/lib/gdata/tlslite/utils
copying src/gdata/tlslite/utils/rijndael.py -> build/lib/gdata/tlslite/utils
copying src/gdata/tlslite/utils/PyCrypto_RSAKey.py -> build/lib/gdata/tlslite/utils
copying src/gdata/tlslite/utils/OpenSSL_RSAKey.py -> build/lib/gdata/tlslite/utils
copying src/gdata/tlslite/utils/xmltools.py -> build/lib/gdata/tlslite/utils
copying src/gdata/tlslite/utils/__init__.py -> build/lib/gdata/tlslite/utils
copying src/gdata/tlslite/utils/jython_compat.py -> build/lib/gdata/tlslite/utils
copying src/gdata/tlslite/utils/keyfactory.py -> build/lib/gdata/tlslite/utils
copying src/gdata/tlslite/utils/Cryptlib_RC4.py -> build/lib/gdata/tlslite/utils
copying src/gdata/tlslite/utils/Python_RC4.py -> build/lib/gdata/tlslite/utils
copying src/gdata/tlslite/utils/TripleDES.py -> build/lib/gdata/tlslite/utils
creating build/lib/gdata/webmastertools
copying src/gdata/webmastertools/data.py -> build/lib/gdata/webmastertools
copying src/gdata/webmastertools/service.py -> build/lib/gdata/webmastertools
copying src/gdata/webmastertools/__init__.py -> build/lib/gdata/webmastertools
creating build/lib/gdata/youtube
copying src/gdata/youtube/data.py -> build/lib/gdata/youtube
copying src/gdata/youtube/client.py -> build/lib/gdata/youtube
copying src/gdata/youtube/service.py -> build/lib/gdata/youtube
copying src/gdata/youtube/__init__.py -> build/lib/gdata/youtube
running install_lib
creating /home/ubuntu/miniconda/envs/_build/lib/python2.7/site-packages/atom
copying build/lib/atom/token_store.py -> /home/ubuntu/miniconda/envs/_build/lib/python2.7/site-packages/atom
copying build/lib/atom/http_core.py -> /home/ubuntu/miniconda/envs/_build/lib/python2.7/site-packages/atom
copying build/lib/atom/data.py -> /home/ubuntu/miniconda/envs/_build/lib/python2.7/site-packages/atom
copying build/lib/atom/url.py -> /home/ubuntu/miniconda/envs/_build/lib/python2.7/site-packages/atom
copying build/lib/atom/client.py -> /home/ubuntu/miniconda/envs/_build/lib/python2.7/site-packages/atom
copying build/lib/atom/mock_http.py -> /home/ubuntu/miniconda/envs/_build/lib/python2.7/site-packages/atom
copying build/lib/atom/http_interface.py -> /home/ubuntu/miniconda/envs/_build/lib/python2.7/site-packages/atom
copying build/lib/atom/service.py -> /home/ubuntu/miniconda/envs/_build/lib/python2.7/site-packages/atom
copying build/lib/atom/http.py -> /home/ubuntu/miniconda/envs/_build/lib/python2.7/site-packages/atom
copying build/lib/atom/__init__.py -> /home/ubuntu/miniconda/envs/_build/lib/python2.7/site-packages/atom
copying build/lib/atom/mock_http_core.py -> /home/ubuntu/miniconda/envs/_build/lib/python2.7/site-packages/atom
copying build/lib/atom/auth.py -> /home/ubuntu/miniconda/envs/_build/lib/python2.7/site-packages/atom
copying build/lib/atom/core.py -> /home/ubuntu/miniconda/envs/_build/lib/python2.7/site-packages/atom
copying build/lib/atom/mock_service.py -> /home/ubuntu/miniconda/envs/_build/lib/python2.7/site-packages/atom
creating /home/ubuntu/miniconda/envs/_build/lib/python2.7/site-packages/gdata
creating /home/ubuntu/miniconda/envs/_build/lib/python2.7/site-packages/gdata/alt
copying build/lib/gdata/alt/appengine.py -> /home/ubuntu/miniconda/envs/_build/lib/python2.7/site-packages/gdata/alt
copying build/lib/gdata/alt/__init__.py -> /home/ubuntu/miniconda/envs/_build/lib/python2.7/site-packages/gdata/alt
copying build/lib/gdata/alt/app_engine.py -> /home/ubuntu/miniconda/envs/_build/lib/python2.7/site-packages/gdata/alt
creating /home/ubuntu/miniconda/envs/_build/lib/python2.7/site-packages/gdata/docs
copying build/lib/gdata/docs/data.py -> /home/ubuntu/miniconda/envs/_build/lib/python2.7/site-packages/gdata/docs
copying build/lib/gdata/docs/client.py -> /home/ubuntu/miniconda/envs/_build/lib/python2.7/site-packages/gdata/docs
copying build/lib/gdata/docs/service.py -> /home/ubuntu/miniconda/envs/_build/lib/python2.7/site-packages/gdata/docs
copying build/lib/gdata/docs/__init__.py -> /home/ubuntu/miniconda/envs/_build/lib/python2.7/site-packages/gdata/docs
creating /home/ubuntu/miniconda/envs/_build/lib/python2.7/site-packages/gdata/tlslite
copying build/lib/gdata/tlslite/VerifierDB.py -> /home/ubuntu/miniconda/envs/_build/lib/python2.7/site-packages/gdata/tlslite
copying build/lib/gdata/tlslite/SessionCache.py -> /home/ubuntu/miniconda/envs/_build/lib/python2.7/site-packages/gdata/tlslite
copying build/lib/gdata/tlslite/TLSConnection.py -> /home/ubuntu/miniconda/envs/_build/lib/python2.7/site-packages/gdata/tlslite
copying build/lib/gdata/tlslite/errors.py -> /home/ubuntu/miniconda/envs/_build/lib/python2.7/site-packages/gdata/tlslite
copying build/lib/gdata/tlslite/api.py -> /home/ubuntu/miniconda/envs/_build/lib/python2.7/site-packages/gdata/tlslite
copying build/lib/gdata/tlslite/Checker.py -> /home/ubuntu/miniconda/envs/_build/lib/python2.7/site-packages/gdata/tlslite
copying build/lib/gdata/tlslite/HandshakeSettings.py -> /home/ubuntu/miniconda/envs/_build/lib/python2.7/site-packages/gdata/tlslite
creating /home/ubuntu/miniconda/envs/_build/lib/python2.7/site-packages/gdata/tlslite/utils
copying build/lib/gdata/tlslite/utils/hmac.py -> /home/ubuntu/miniconda/envs/_build/lib/python2.7/site-packages/gdata/tlslite/utils
copying build/lib/gdata/tlslite/utils/OpenSSL_RC4.py -> /home/ubuntu/miniconda/envs/_build/lib/python2.7/site-packages/gdata/tlslite/utils
copying build/lib/gdata/tlslite/utils/PyCrypto_TripleDES.py -> /home/ubuntu/miniconda/envs/_build/lib/python2.7/site-packages/gdata/tlslite/utils
copying build/lib/gdata/tlslite/utils/PyCrypto_RC4.py -> /home/ubuntu/miniconda/envs/_build/lib/python2.7/site-packages/gdata/tlslite/utils
copying build/lib/gdata/tlslite/utils/PyCrypto_AES.py -> /home/ubuntu/miniconda/envs/_build/lib/python2.7/site-packages/gdata/tlslite/utils
copying build/lib/gdata/tlslite/utils/compat.py -> /home/ubuntu/miniconda/envs/_build/lib/python2.7/site-packages/gdata/tlslite/utils
copying build/lib/gdata/tlslite/utils/OpenSSL_AES.py -> /home/ubuntu/miniconda/envs/_build/lib/python2.7/site-packages/gdata/tlslite/utils
copying build/lib/gdata/tlslite/utils/Cryptlib_AES.py -> /home/ubuntu/miniconda/envs/_build/lib/python2.7/site-packages/gdata/tlslite/utils
copying build/lib/gdata/tlslite/utils/Python_RSAKey.py -> /home/ubuntu/miniconda/envs/_build/lib/python2.7/site-packages/gdata/tlslite/utils
copying build/lib/gdata/tlslite/utils/cipherfactory.py -> /home/ubuntu/miniconda/envs/_build/lib/python2.7/site-packages/gdata/tlslite/utils
copying build/lib/gdata/tlslite/utils/codec.py -> /home/ubuntu/miniconda/envs/_build/lib/python2.7/site-packages/gdata/tlslite/utils
copying build/lib/gdata/tlslite/utils/Python_AES.py -> /home/ubuntu/miniconda/envs/_build/lib/python2.7/site-packages/gdata/tlslite/utils
copying build/lib/gdata/tlslite/utils/ASN1Parser.py -> /home/ubuntu/miniconda/envs/_build/lib/python2.7/site-packages/gdata/tlslite/utils
copying build/lib/gdata/tlslite/utils/RSAKey.py -> /home/ubuntu/miniconda/envs/_build/lib/python2.7/site-packages/gdata/tlslite/utils
copying build/lib/gdata/tlslite/utils/dateFuncs.py -> /home/ubuntu/miniconda/envs/_build/lib/python2.7/site-packages/gdata/tlslite/utils
copying build/lib/gdata/tlslite/utils/OpenSSL_TripleDES.py -> /home/ubuntu/miniconda/envs/_build/lib/python2.7/site-packages/gdata/tlslite/utils
copying build/lib/gdata/tlslite/utils/RC4.py -> /home/ubuntu/miniconda/envs/_build/lib/python2.7/site-packages/gdata/tlslite/utils
copying build/lib/gdata/tlslite/utils/Cryptlib_TripleDES.py -> /home/ubuntu/miniconda/envs/_build/lib/python2.7/site-packages/gdata/tlslite/utils
copying build/lib/gdata/tlslite/utils/AES.py -> /home/ubuntu/miniconda/envs/_build/lib/python2.7/site-packages/gdata/tlslite/utils
copying build/lib/gdata/tlslite/utils/cryptomath.py -> /home/ubuntu/miniconda/envs/_build/lib/python2.7/site-packages/gdata/tlslite/utils
copying build/lib/gdata/tlslite/utils/rijndael.py -> /home/ubuntu/miniconda/envs/_build/lib/python2.7/site-packages/gdata/tlslite/utils
copying build/lib/gdata/tlslite/utils/PyCrypto_RSAKey.py -> /home/ubuntu/miniconda/envs/_build/lib/python2.7/site-packages/gdata/tlslite/utils
copying build/lib/gdata/tlslite/utils/OpenSSL_RSAKey.py -> /home/ubuntu/miniconda/envs/_build/lib/python2.7/site-packages/gdata/tlslite/utils
copying build/lib/gdata/tlslite/utils/xmltools.py -> /home/ubuntu/miniconda/envs/_build/lib/python2.7/site-packages/gdata/tlslite/utils
copying build/lib/gdata/tlslite/utils/__init__.py -> /home/ubuntu/miniconda/envs/_build/lib/python2.7/site-packages/gdata/tlslite/utils
copying build/lib/gdata/tlslite/utils/jython_compat.py -> /home/ubuntu/miniconda/envs/_build/lib/python2.7/site-packages/gdata/tlslite/utils
copying build/lib/gdata/tlslite/utils/keyfactory.py -> /home/ubuntu/miniconda/envs/_build/lib/python2.7/site-packages/gdata/tlslite/utils
copying build/lib/gdata/tlslite/utils/Cryptlib_RC4.py -> /home/ubuntu/miniconda/envs/_build/lib/python2.7/site-packages/gdata/tlslite/utils
copying build/lib/gdata/tlslite/utils/Python_RC4.py -> /home/ubuntu/miniconda/envs/_build/lib/python2.7/site-packages/gdata/tlslite/utils
copying build/lib/gdata/tlslite/utils/TripleDES.py -> /home/ubuntu/miniconda/envs/_build/lib/python2.7/site-packages/gdata/tlslite/utils
copying build/lib/gdata/tlslite/TLSRecordLayer.py -> /home/ubuntu/miniconda/envs/_build/lib/python2.7/site-packages/gdata/tlslite
copying build/lib/gdata/tlslite/FileObject.py -> /home/ubuntu/miniconda/envs/_build/lib/python2.7/site-packages/gdata/tlslite
copying build/lib/gdata/tlslite/constants.py -> /home/ubuntu/miniconda/envs/_build/lib/python2.7/site-packages/gdata/tlslite
copying build/lib/gdata/tlslite/mathtls.py -> /home/ubuntu/miniconda/envs/_build/lib/python2.7/site-packages/gdata/tlslite
copying build/lib/gdata/tlslite/messages.py -> /home/ubuntu/miniconda/envs/_build/lib/python2.7/site-packages/gdata/tlslite
copying build/lib/gdata/tlslite/__init__.py -> /home/ubuntu/miniconda/envs/_build/lib/python2.7/site-packages/gdata/tlslite
copying build/lib/gdata/tlslite/Session.py -> /home/ubuntu/miniconda/envs/_build/lib/python2.7/site-packages/gdata/tlslite
creating /home/ubuntu/miniconda/envs/_build/lib/python2.7/site-packages/gdata/tlslite/integration
copying build/lib/gdata/tlslite/integration/TLSSocketServerMixIn.py -> /home/ubuntu/miniconda/envs/_build/lib/python2.7/site-packages/gdata/tlslite/integration
copying build/lib/gdata/tlslite/integration/HTTPTLSConnection.py -> /home/ubuntu/miniconda/envs/_build/lib/python2.7/site-packages/gdata/tlslite/integration
copying build/lib/gdata/tlslite/integration/AsyncStateMachine.py -> /home/ubuntu/miniconda/envs/_build/lib/python2.7/site-packages/gdata/tlslite/integration
copying build/lib/gdata/tlslite/integration/TLSTwistedProtocolWrapper.py -> /home/ubuntu/miniconda/envs/_build/lib/python2.7/site-packages/gdata/tlslite/integration
copying build/lib/gdata/tlslite/integration/IMAP4_TLS.py -> /home/ubuntu/miniconda/envs/_build/lib/python2.7/site-packages/gdata/tlslite/integration
copying build/lib/gdata/tlslite/integration/POP3_TLS.py -> /home/ubuntu/miniconda/envs/_build/lib/python2.7/site-packages/gdata/tlslite/integration
copying build/lib/gdata/tlslite/integration/IntegrationHelper.py -> /home/ubuntu/miniconda/envs/_build/lib/python2.7/site-packages/gdata/tlslite/integration
copying build/lib/gdata/tlslite/integration/__init__.py -> /home/ubuntu/miniconda/envs/_build/lib/python2.7/site-packages/gdata/tlslite/integration
copying build/lib/gdata/tlslite/integration/TLSAsyncDispatcherMixIn.py -> /home/ubuntu/miniconda/envs/_build/lib/python2.7/site-packages/gdata/tlslite/integration
copying build/lib/gdata/tlslite/integration/XMLRPCTransport.py -> /home/ubuntu/miniconda/envs/_build/lib/python2.7/site-packages/gdata/tlslite/integration
copying build/lib/gdata/tlslite/integration/ClientHelper.py -> /home/ubuntu/miniconda/envs/_build/lib/python2.7/site-packages/gdata/tlslite/integration
copying build/lib/gdata/tlslite/integration/SMTP_TLS.py -> /home/ubuntu/miniconda/envs/_build/lib/python2.7/site-packages/gdata/tlslite/integration
copying build/lib/gdata/tlslite/BaseDB.py -> /home/ubuntu/miniconda/envs/_build/lib/python2.7/site-packages/gdata/tlslite
copying build/lib/gdata/tlslite/X509CertChain.py -> /home/ubuntu/miniconda/envs/_build/lib/python2.7/site-packages/gdata/tlslite
copying build/lib/gdata/tlslite/SharedKeyDB.py -> /home/ubuntu/miniconda/envs/_build/lib/python2.7/site-packages/gdata/tlslite
copying build/lib/gdata/tlslite/X509.py -> /home/ubuntu/miniconda/envs/_build/lib/python2.7/site-packages/gdata/tlslite
copying build/lib/gdata/urlfetch.py -> /home/ubuntu/miniconda/envs/_build/lib/python2.7/site-packages/gdata
creating /home/ubuntu/miniconda/envs/_build/lib/python2.7/site-packages/gdata/Crypto
creating /home/ubuntu/miniconda/envs/_build/lib/python2.7/site-packages/gdata/Crypto/Protocol
copying build/lib/gdata/Crypto/Protocol/AllOrNothing.py -> /home/ubuntu/miniconda/envs/_build/lib/python2.7/site-packages/gdata/Crypto/Protocol
copying build/lib/gdata/Crypto/Protocol/Chaffing.py -> /home/ubuntu/miniconda/envs/_build/lib/python2.7/site-packages/gdata/Crypto/Protocol
copying build/lib/gdata/Crypto/Protocol/__init__.py -> /home/ubuntu/miniconda/envs/_build/lib/python2.7/site-packages/gdata/Crypto/Protocol
creating /home/ubuntu/miniconda/envs/_build/lib/python2.7/site-packages/gdata/Crypto/PublicKey
copying build/lib/gdata/Crypto/PublicKey/ElGamal.py -> /home/ubuntu/miniconda/envs/_build/lib/python2.7/site-packages/gdata/Crypto/PublicKey
copying build/lib/gdata/Crypto/PublicKey/RSA.py -> /home/ubuntu/miniconda/envs/_build/lib/python2.7/site-packages/gdata/Crypto/PublicKey
copying build/lib/gdata/Crypto/PublicKey/pubkey.py -> /home/ubuntu/miniconda/envs/_build/lib/python2.7/site-packages/gdata/Crypto/PublicKey
copying build/lib/gdata/Crypto/PublicKey/DSA.py -> /home/ubuntu/miniconda/envs/_build/lib/python2.7/site-packages/gdata/Crypto/PublicKey
copying build/lib/gdata/Crypto/PublicKey/__init__.py -> /home/ubuntu/miniconda/envs/_build/lib/python2.7/site-packages/gdata/Crypto/PublicKey
copying build/lib/gdata/Crypto/PublicKey/qNEW.py -> /home/ubuntu/miniconda/envs/_build/lib/python2.7/site-packages/gdata/Crypto/PublicKey
creating /home/ubuntu/miniconda/envs/_build/lib/python2.7/site-packages/gdata/Crypto/Cipher
copying build/lib/gdata/Crypto/Cipher/__init__.py -> /home/ubuntu/miniconda/envs/_build/lib/python2.7/site-packages/gdata/Crypto/Cipher
copying build/lib/gdata/Crypto/__init__.py -> /home/ubuntu/miniconda/envs/_build/lib/python2.7/site-packages/gdata/Crypto
creating /home/ubuntu/miniconda/envs/_build/lib/python2.7/site-packages/gdata/Crypto/Hash
copying build/lib/gdata/Crypto/Hash/HMAC.py -> /home/ubuntu/miniconda/envs/_build/lib/python2.7/site-packages/gdata/Crypto/Hash
copying build/lib/gdata/Crypto/Hash/MD5.py -> /home/ubuntu/miniconda/envs/_build/lib/python2.7/site-packages/gdata/Crypto/Hash
copying build/lib/gdata/Crypto/Hash/__init__.py -> /home/ubuntu/miniconda/envs/_build/lib/python2.7/site-packages/gdata/Crypto/Hash
copying build/lib/gdata/Crypto/Hash/SHA.py -> /home/ubuntu/miniconda/envs/_build/lib/python2.7/site-packages/gdata/Crypto/Hash
creating /home/ubuntu/miniconda/envs/_build/lib/python2.7/site-packages/gdata/Crypto/Util
copying build/lib/gdata/Crypto/Util/randpool.py -> /home/ubuntu/miniconda/envs/_build/lib/python2.7/site-packages/gdata/Crypto/Util
copying build/lib/gdata/Crypto/Util/RFC1751.py -> /home/ubuntu/miniconda/envs/_build/lib/python2.7/site-packages/gdata/Crypto/Util
copying build/lib/gdata/Crypto/Util/number.py -> /home/ubuntu/miniconda/envs/_build/lib/python2.7/site-packages/gdata/Crypto/Util
copying build/lib/gdata/Crypto/Util/__init__.py -> /home/ubuntu/miniconda/envs/_build/lib/python2.7/site-packages/gdata/Crypto/Util
copying build/lib/gdata/Crypto/Util/test.py -> /home/ubuntu/miniconda/envs/_build/lib/python2.7/site-packages/gdata/Crypto/Util
copying build/lib/gdata/Crypto/test.py -> /home/ubuntu/miniconda/envs/_build/lib/python2.7/site-packages/gdata/Crypto
creating /home/ubuntu/miniconda/envs/_build/lib/python2.7/site-packages/gdata/photos
copying build/lib/gdata/photos/service.py -> /home/ubuntu/miniconda/envs/_build/lib/python2.7/site-packages/gdata/photos
copying build/lib/gdata/photos/__init__.py -> /home/ubuntu/miniconda/envs/_build/lib/python2.7/site-packages/gdata/photos
creating /home/ubuntu/miniconda/envs/_build/lib/python2.7/site-packages/gdata/spreadsheets
copying build/lib/gdata/spreadsheets/data.py -> /home/ubuntu/miniconda/envs/_build/lib/python2.7/site-packages/gdata/spreadsheets
copying build/lib/gdata/spreadsheets/client.py -> /home/ubuntu/miniconda/envs/_build/lib/python2.7/site-packages/gdata/spreadsheets
copying build/lib/gdata/spreadsheets/__init__.py -> /home/ubuntu/miniconda/envs/_build/lib/python2.7/site-packages/gdata/spreadsheets
creating /home/ubuntu/miniconda/envs/_build/lib/python2.7/site-packages/gdata/youtube
copying build/lib/gdata/youtube/data.py -> /home/ubuntu/miniconda/envs/_build/lib/python2.7/site-packages/gdata/youtube
copying build/lib/gdata/youtube/client.py -> /home/ubuntu/miniconda/envs/_build/lib/python2.7/site-packages/gdata/youtube
copying build/lib/gdata/youtube/service.py -> /home/ubuntu/miniconda/envs/_build/lib/python2.7/site-packages/gdata/youtube
copying build/lib/gdata/youtube/__init__.py -> /home/ubuntu/miniconda/envs/_build/lib/python2.7/site-packages/gdata/youtube
creating /home/ubuntu/miniconda/envs/_build/lib/python2.7/site-packages/gdata/webmastertools
copying build/lib/gdata/webmastertools/data.py -> /home/ubuntu/miniconda/envs/_build/lib/python2.7/site-packages/gdata/webmastertools
copying build/lib/gdata/webmastertools/service.py -> /home/ubuntu/miniconda/envs/_build/lib/python2.7/site-packages/gdata/webmastertools
copying build/lib/gdata/webmastertools/__init__.py -> /home/ubuntu/miniconda/envs/_build/lib/python2.7/site-packages/gdata/webmastertools
creating /home/ubuntu/miniconda/envs/_build/lib/python2.7/site-packages/gdata/books
copying build/lib/gdata/books/data.py -> /home/ubuntu/miniconda/envs/_build/lib/python2.7/site-packages/gdata/books
copying build/lib/gdata/books/service.py -> /home/ubuntu/miniconda/envs/_build/lib/python2.7/site-packages/gdata/books
copying build/lib/gdata/books/__init__.py -> /home/ubuntu/miniconda/envs/_build/lib/python2.7/site-packages/gdata/books
creating /home/ubuntu/miniconda/envs/_build/lib/python2.7/site-packages/gdata/exif
copying build/lib/gdata/exif/__init__.py -> /home/ubuntu/miniconda/envs/_build/lib/python2.7/site-packages/gdata/exif
creating /home/ubuntu/miniconda/envs/_build/lib/python2.7/site-packages/gdata/codesearch
copying build/lib/gdata/codesearch/service.py -> /home/ubuntu/miniconda/envs/_build/lib/python2.7/site-packages/gdata/codesearch
copying build/lib/gdata/codesearch/__init__.py -> /home/ubuntu/miniconda/envs/_build/lib/python2.7/site-packages/gdata/codesearch
creating /home/ubuntu/miniconda/envs/_build/lib/python2.7/site-packages/gdata/contentforshopping
copying build/lib/gdata/contentforshopping/data.py -> /home/ubuntu/miniconda/envs/_build/lib/python2.7/site-packages/gdata/contentforshopping
copying build/lib/gdata/contentforshopping/client.py -> /home/ubuntu/miniconda/envs/_build/lib/python2.7/site-packages/gdata/contentforshopping
copying build/lib/gdata/contentforshopping/__init__.py -> /home/ubuntu/miniconda/envs/_build/lib/python2.7/site-packages/gdata/contentforshopping
creating /home/ubuntu/miniconda/envs/_build/lib/python2.7/site-packages/gdata/finance
copying build/lib/gdata/finance/data.py -> /home/ubuntu/miniconda/envs/_build/lib/python2.7/site-packages/gdata/finance
copying build/lib/gdata/finance/service.py -> /home/ubuntu/miniconda/envs/_build/lib/python2.7/site-packages/gdata/finance
copying build/lib/gdata/finance/__init__.py -> /home/ubuntu/miniconda/envs/_build/lib/python2.7/site-packages/gdata/finance
creating /home/ubuntu/miniconda/envs/_build/lib/python2.7/site-packages/gdata/apps
creating /home/ubuntu/miniconda/envs/_build/lib/python2.7/site-packages/gdata/apps/organization
copying build/lib/gdata/apps/organization/data.py -> /home/ubuntu/miniconda/envs/_build/lib/python2.7/site-packages/gdata/apps/organization
copying build/lib/gdata/apps/organization/client.py -> /home/ubuntu/miniconda/envs/_build/lib/python2.7/site-packages/gdata/apps/organization
copying build/lib/gdata/apps/organization/service.py -> /home/ubuntu/miniconda/envs/_build/lib/python2.7/site-packages/gdata/apps/organization
copying build/lib/gdata/apps/organization/__init__.py -> /home/ubuntu/miniconda/envs/_build/lib/python2.7/site-packages/gdata/apps/organization
creating /home/ubuntu/miniconda/envs/_build/lib/python2.7/site-packages/gdata/apps/groups
copying build/lib/gdata/apps/groups/data.py -> /home/ubuntu/miniconda/envs/_build/lib/python2.7/site-packages/gdata/apps/groups
copying build/lib/gdata/apps/groups/client.py -> /home/ubuntu/miniconda/envs/_build/lib/python2.7/site-packages/gdata/apps/groups
copying build/lib/gdata/apps/groups/service.py -> /home/ubuntu/miniconda/envs/_build/lib/python2.7/site-packages/gdata/apps/groups
copying build/lib/gdata/apps/groups/__init__.py -> /home/ubuntu/miniconda/envs/_build/lib/python2.7/site-packages/gdata/apps/groups
creating /home/ubuntu/miniconda/envs/_build/lib/python2.7/site-packages/gdata/apps/migration
copying build/lib/gdata/apps/migration/service.py -> /home/ubuntu/miniconda/envs/_build/lib/python2.7/site-packages/gdata/apps/migration
copying build/lib/gdata/apps/migration/__init__.py -> /home/ubuntu/miniconda/envs/_build/lib/python2.7/site-packages/gdata/apps/migration
creating /home/ubuntu/miniconda/envs/_build/lib/python2.7/site-packages/gdata/apps/multidomain
copying build/lib/gdata/apps/multidomain/data.py -> /home/ubuntu/miniconda/envs/_build/lib/python2.7/site-packages/gdata/apps/multidomain
copying build/lib/gdata/apps/multidomain/client.py -> /home/ubuntu/miniconda/envs/_build/lib/python2.7/site-packages/gdata/apps/multidomain
copying build/lib/gdata/apps/multidomain/__init__.py -> /home/ubuntu/miniconda/envs/_build/lib/python2.7/site-packages/gdata/apps/multidomain
creating /home/ubuntu/miniconda/envs/_build/lib/python2.7/site-packages/gdata/apps/emailsettings
copying build/lib/gdata/apps/emailsettings/data.py -> /home/ubuntu/miniconda/envs/_build/lib/python2.7/site-packages/gdata/apps/emailsettings
copying build/lib/gdata/apps/emailsettings/client.py -> /home/ubuntu/miniconda/envs/_build/lib/python2.7/site-packages/gdata/apps/emailsettings
copying build/lib/gdata/apps/emailsettings/service.py -> /home/ubuntu/miniconda/envs/_build/lib/python2.7/site-packages/gdata/apps/emailsettings
copying build/lib/gdata/apps/emailsettings/__init__.py -> /home/ubuntu/miniconda/envs/_build/lib/python2.7/site-packages/gdata/apps/emailsettings
copying build/lib/gdata/apps/apps_property_entry.py -> /home/ubuntu/miniconda/envs/_build/lib/python2.7/site-packages/gdata/apps
copying build/lib/gdata/apps/data.py -> /home/ubuntu/miniconda/envs/_build/lib/python2.7/site-packages/gdata/apps
copying build/lib/gdata/apps/client.py -> /home/ubuntu/miniconda/envs/_build/lib/python2.7/site-packages/gdata/apps
creating /home/ubuntu/miniconda/envs/_build/lib/python2.7/site-packages/gdata/apps/audit
copying build/lib/gdata/apps/audit/service.py -> /home/ubuntu/miniconda/envs/_build/lib/python2.7/site-packages/gdata/apps/audit
copying build/lib/gdata/apps/audit/__init__.py -> /home/ubuntu/miniconda/envs/_build/lib/python2.7/site-packages/gdata/apps/audit
copying build/lib/gdata/apps/service.py -> /home/ubuntu/miniconda/envs/_build/lib/python2.7/site-packages/gdata/apps
creating /home/ubuntu/miniconda/envs/_build/lib/python2.7/site-packages/gdata/apps/adminsettings
copying build/lib/gdata/apps/adminsettings/service.py -> /home/ubuntu/miniconda/envs/_build/lib/python2.7/site-packages/gdata/apps/adminsettings
copying build/lib/gdata/apps/adminsettings/__init__.py -> /home/ubuntu/miniconda/envs/_build/lib/python2.7/site-packages/gdata/apps/adminsettings
copying build/lib/gdata/apps/__init__.py -> /home/ubuntu/miniconda/envs/_build/lib/python2.7/site-packages/gdata/apps
copying build/lib/gdata/data.py -> /home/ubuntu/miniconda/envs/_build/lib/python2.7/site-packages/gdata
creating /home/ubuntu/miniconda/envs/_build/lib/python2.7/site-packages/gdata/opensearch
copying build/lib/gdata/opensearch/data.py -> /home/ubuntu/miniconda/envs/_build/lib/python2.7/site-packages/gdata/opensearch
copying build/lib/gdata/opensearch/__init__.py -> /home/ubuntu/miniconda/envs/_build/lib/python2.7/site-packages/gdata/opensearch
creating /home/ubuntu/miniconda/envs/_build/lib/python2.7/site-packages/gdata/blogger
copying build/lib/gdata/blogger/data.py -> /home/ubuntu/miniconda/envs/_build/lib/python2.7/site-packages/gdata/blogger
copying build/lib/gdata/blogger/client.py -> /home/ubuntu/miniconda/envs/_build/lib/python2.7/site-packages/gdata/blogger
copying build/lib/gdata/blogger/service.py -> /home/ubuntu/miniconda/envs/_build/lib/python2.7/site-packages/gdata/blogger
copying build/lib/gdata/blogger/__init__.py -> /home/ubuntu/miniconda/envs/_build/lib/python2.7/site-packages/gdata/blogger
creating /home/ubuntu/miniconda/envs/_build/lib/python2.7/site-packages/gdata/analytics
copying build/lib/gdata/analytics/data.py -> /home/ubuntu/miniconda/envs/_build/lib/python2.7/site-packages/gdata/analytics
copying build/lib/gdata/analytics/client.py -> /home/ubuntu/miniconda/envs/_build/lib/python2.7/site-packages/gdata/analytics
copying build/lib/gdata/analytics/service.py -> /home/ubuntu/miniconda/envs/_build/lib/python2.7/site-packages/gdata/analytics
copying build/lib/gdata/analytics/__init__.py -> /home/ubuntu/miniconda/envs/_build/lib/python2.7/site-packages/gdata/analytics
creating /home/ubuntu/miniconda/envs/_build/lib/python2.7/site-packages/gdata/calendar
copying build/lib/gdata/calendar/data.py -> /home/ubuntu/miniconda/envs/_build/lib/python2.7/site-packages/gdata/calendar
copying build/lib/gdata/calendar/client.py -> /home/ubuntu/miniconda/envs/_build/lib/python2.7/site-packages/gdata/calendar
copying build/lib/gdata/calendar/service.py -> /home/ubuntu/miniconda/envs/_build/lib/python2.7/site-packages/gdata/calendar
copying build/lib/gdata/calendar/__init__.py -> /home/ubuntu/miniconda/envs/_build/lib/python2.7/site-packages/gdata/calendar
creating /home/ubuntu/miniconda/envs/_build/lib/python2.7/site-packages/gdata/oauth
copying build/lib/gdata/oauth/__init__.py -> /home/ubuntu/miniconda/envs/_build/lib/python2.7/site-packages/gdata/oauth
copying build/lib/gdata/oauth/rsa.py -> /home/ubuntu/miniconda/envs/_build/lib/python2.7/site-packages/gdata/oauth
copying build/lib/gdata/client.py -> /home/ubuntu/miniconda/envs/_build/lib/python2.7/site-packages/gdata
creating /home/ubuntu/miniconda/envs/_build/lib/python2.7/site-packages/gdata/projecthosting
copying build/lib/gdata/projecthosting/data.py -> /home/ubuntu/miniconda/envs/_build/lib/python2.7/site-packages/gdata/projecthosting
copying build/lib/gdata/projecthosting/client.py -> /home/ubuntu/miniconda/envs/_build/lib/python2.7/site-packages/gdata/projecthosting
copying build/lib/gdata/projecthosting/__init__.py -> /home/ubuntu/miniconda/envs/_build/lib/python2.7/site-packages/gdata/projecthosting
copying build/lib/gdata/service.py -> /home/ubuntu/miniconda/envs/_build/lib/python2.7/site-packages/gdata
creating /home/ubuntu/miniconda/envs/_build/lib/python2.7/site-packages/gdata/health
copying build/lib/gdata/health/service.py -> /home/ubuntu/miniconda/envs/_build/lib/python2.7/site-packages/gdata/health
copying build/lib/gdata/health/__init__.py -> /home/ubuntu/miniconda/envs/_build/lib/python2.7/site-packages/gdata/health
copying build/lib/gdata/__init__.py -> /home/ubuntu/miniconda/envs/_build/lib/python2.7/site-packages/gdata
creating /home/ubuntu/miniconda/envs/_build/lib/python2.7/site-packages/gdata/sites
copying build/lib/gdata/sites/data.py -> /home/ubuntu/miniconda/envs/_build/lib/python2.7/site-packages/gdata/sites
copying build/lib/gdata/sites/client.py -> /home/ubuntu/miniconda/envs/_build/lib/python2.7/site-packages/gdata/sites
copying build/lib/gdata/sites/__init__.py -> /home/ubuntu/miniconda/envs/_build/lib/python2.7/site-packages/gdata/sites
creating /home/ubuntu/miniconda/envs/_build/lib/python2.7/site-packages/gdata/contacts
copying build/lib/gdata/contacts/data.py -> /home/ubuntu/miniconda/envs/_build/lib/python2.7/site-packages/gdata/contacts
copying build/lib/gdata/contacts/client.py -> /home/ubuntu/miniconda/envs/_build/lib/python2.7/site-packages/gdata/contacts
copying build/lib/gdata/contacts/service.py -> /home/ubuntu/miniconda/envs/_build/lib/python2.7/site-packages/gdata/contacts
copying build/lib/gdata/contacts/__init__.py -> /home/ubuntu/miniconda/envs/_build/lib/python2.7/site-packages/gdata/contacts
creating /home/ubuntu/miniconda/envs/_build/lib/python2.7/site-packages/gdata/acl
copying build/lib/gdata/acl/data.py -> /home/ubuntu/miniconda/envs/_build/lib/python2.7/site-packages/gdata/acl
copying build/lib/gdata/acl/__init__.py -> /home/ubuntu/miniconda/envs/_build/lib/python2.7/site-packages/gdata/acl
creating /home/ubuntu/miniconda/envs/_build/lib/python2.7/site-packages/gdata/dublincore
copying build/lib/gdata/dublincore/data.py -> /home/ubuntu/miniconda/envs/_build/lib/python2.7/site-packages/gdata/dublincore
copying build/lib/gdata/dublincore/__init__.py -> /home/ubuntu/miniconda/envs/_build/lib/python2.7/site-packages/gdata/dublincore
creating /home/ubuntu/miniconda/envs/_build/lib/python2.7/site-packages/gdata/geo
copying build/lib/gdata/geo/data.py -> /home/ubuntu/miniconda/envs/_build/lib/python2.7/site-packages/gdata/geo
copying build/lib/gdata/geo/__init__.py -> /home/ubuntu/miniconda/envs/_build/lib/python2.7/site-packages/gdata/geo
creating /home/ubuntu/miniconda/envs/_build/lib/python2.7/site-packages/gdata/media
copying build/lib/gdata/media/data.py -> /home/ubuntu/miniconda/envs/_build/lib/python2.7/site-packages/gdata/media
copying build/lib/gdata/media/__init__.py -> /home/ubuntu/miniconda/envs/_build/lib/python2.7/site-packages/gdata/media
copying build/lib/gdata/sample_util.py -> /home/ubuntu/miniconda/envs/_build/lib/python2.7/site-packages/gdata
creating /home/ubuntu/miniconda/envs/_build/lib/python2.7/site-packages/gdata/calendar_resource
copying build/lib/gdata/calendar_resource/data.py -> /home/ubuntu/miniconda/envs/_build/lib/python2.7/site-packages/gdata/calendar_resource
copying build/lib/gdata/calendar_resource/client.py -> /home/ubuntu/miniconda/envs/_build/lib/python2.7/site-packages/gdata/calendar_resource
copying build/lib/gdata/calendar_resource/__init__.py -> /home/ubuntu/miniconda/envs/_build/lib/python2.7/site-packages/gdata/calendar_resource
copying build/lib/gdata/gauth.py -> /home/ubuntu/miniconda/envs/_build/lib/python2.7/site-packages/gdata
creating /home/ubuntu/miniconda/envs/_build/lib/python2.7/site-packages/gdata/spreadsheet
copying build/lib/gdata/spreadsheet/text_db.py -> /home/ubuntu/miniconda/envs/_build/lib/python2.7/site-packages/gdata/spreadsheet
copying build/lib/gdata/spreadsheet/service.py -> /home/ubuntu/miniconda/envs/_build/lib/python2.7/site-packages/gdata/spreadsheet
copying build/lib/gdata/spreadsheet/__init__.py -> /home/ubuntu/miniconda/envs/_build/lib/python2.7/site-packages/gdata/spreadsheet
copying build/lib/gdata/auth.py -> /home/ubuntu/miniconda/envs/_build/lib/python2.7/site-packages/gdata
copying build/lib/gdata/test_data.py -> /home/ubuntu/miniconda/envs/_build/lib/python2.7/site-packages/gdata
copying build/lib/gdata/core.py -> /home/ubuntu/miniconda/envs/_build/lib/python2.7/site-packages/gdata
creating /home/ubuntu/miniconda/envs/_build/lib/python2.7/site-packages/gdata/notebook
copying build/lib/gdata/notebook/data.py -> /home/ubuntu/miniconda/envs/_build/lib/python2.7/site-packages/gdata/notebook
copying build/lib/gdata/notebook/__init__.py -> /home/ubuntu/miniconda/envs/_build/lib/python2.7/site-packages/gdata/notebook
copying build/lib/gdata/apps_property.py -> /home/ubuntu/miniconda/envs/_build/lib/python2.7/site-packages/gdata
copying build/lib/gdata/test_config.py -> /home/ubuntu/miniconda/envs/_build/lib/python2.7/site-packages/gdata
byte-compiling /home/ubuntu/miniconda/envs/_build/lib/python2.7/site-packages/atom/token_store.py to token_store.pyc
byte-compiling /home/ubuntu/miniconda/envs/_build/lib/python2.7/site-packages/atom/http_core.py to http_core.pyc
byte-compiling /home/ubuntu/miniconda/envs/_build/lib/python2.7/site-packages/atom/data.py to data.pyc
byte-compiling /home/ubuntu/miniconda/envs/_build/lib/python2.7/site-packages/atom/url.py to url.pyc
byte-compiling /home/ubuntu/miniconda/envs/_build/lib/python2.7/site-packages/atom/client.py to client.pyc
byte-compiling /home/ubuntu/miniconda/envs/_build/lib/python2.7/site-packages/atom/mock_http.py to mock_http.pyc
byte-compiling /home/ubuntu/miniconda/envs/_build/lib/python2.7/site-packages/atom/http_interface.py to http_interface.pyc
byte-compiling /home/ubuntu/miniconda/envs/_build/lib/python2.7/site-packages/atom/service.py to service.pyc
byte-compiling /home/ubuntu/miniconda/envs/_build/lib/python2.7/site-packages/atom/http.py to http.pyc
byte-compiling /home/ubuntu/miniconda/envs/_build/lib/python2.7/site-packages/atom/__init__.py to __init__.pyc
byte-compiling /home/ubuntu/miniconda/envs/_build/lib/python2.7/site-packages/atom/mock_http_core.py to mock_http_core.pyc
byte-compiling /home/ubuntu/miniconda/envs/_build/lib/python2.7/site-packages/atom/auth.py to auth.pyc
byte-compiling /home/ubuntu/miniconda/envs/_build/lib/python2.7/site-packages/atom/core.py to core.pyc
byte-compiling /home/ubuntu/miniconda/envs/_build/lib/python2.7/site-packages/atom/mock_service.py to mock_service.pyc
byte-compiling /home/ubuntu/miniconda/envs/_build/lib/python2.7/site-packages/gdata/alt/appengine.py to appengine.pyc
byte-compiling /home/ubuntu/miniconda/envs/_build/lib/python2.7/site-packages/gdata/alt/__init__.py to __init__.pyc
byte-compiling /home/ubuntu/miniconda/envs/_build/lib/python2.7/site-packages/gdata/alt/app_engine.py to app_engine.pyc
byte-compiling /home/ubuntu/miniconda/envs/_build/lib/python2.7/site-packages/gdata/docs/data.py to data.pyc
byte-compiling /home/ubuntu/miniconda/envs/_build/lib/python2.7/site-packages/gdata/docs/client.py to client.pyc
byte-compiling /home/ubuntu/miniconda/envs/_build/lib/python2.7/site-packages/gdata/docs/service.py to service.pyc
byte-compiling /home/ubuntu/miniconda/envs/_build/lib/python2.7/site-packages/gdata/docs/__init__.py to __init__.pyc
byte-compiling /home/ubuntu/miniconda/envs/_build/lib/python2.7/site-packages/gdata/tlslite/VerifierDB.py to VerifierDB.pyc
byte-compiling /home/ubuntu/miniconda/envs/_build/lib/python2.7/site-packages/gdata/tlslite/SessionCache.py to SessionCache.pyc
byte-compiling /home/ubuntu/miniconda/envs/_build/lib/python2.7/site-packages/gdata/tlslite/TLSConnection.py to TLSConnection.pyc
byte-compiling /home/ubuntu/miniconda/envs/_build/lib/python2.7/site-packages/gdata/tlslite/errors.py to errors.pyc
byte-compiling /home/ubuntu/miniconda/envs/_build/lib/python2.7/site-packages/gdata/tlslite/api.py to api.pyc
byte-compiling /home/ubuntu/miniconda/envs/_build/lib/python2.7/site-packages/gdata/tlslite/Checker.py to Checker.pyc
byte-compiling /home/ubuntu/miniconda/envs/_build/lib/python2.7/site-packages/gdata/tlslite/HandshakeSettings.py to HandshakeSettings.pyc
byte-compiling /home/ubuntu/miniconda/envs/_build/lib/python2.7/site-packages/gdata/tlslite/utils/hmac.py to hmac.pyc
byte-compiling /home/ubuntu/miniconda/envs/_build/lib/python2.7/site-packages/gdata/tlslite/utils/OpenSSL_RC4.py to OpenSSL_RC4.pyc
byte-compiling /home/ubuntu/miniconda/envs/_build/lib/python2.7/site-packages/gdata/tlslite/utils/PyCrypto_TripleDES.py to PyCrypto_TripleDES.pyc
byte-compiling /home/ubuntu/miniconda/envs/_build/lib/python2.7/site-packages/gdata/tlslite/utils/PyCrypto_RC4.py to PyCrypto_RC4.pyc
byte-compiling /home/ubuntu/miniconda/envs/_build/lib/python2.7/site-packages/gdata/tlslite/utils/PyCrypto_AES.py to PyCrypto_AES.pyc
byte-compiling /home/ubuntu/miniconda/envs/_build/lib/python2.7/site-packages/gdata/tlslite/utils/compat.py to compat.pyc
byte-compiling /home/ubuntu/miniconda/envs/_build/lib/python2.7/site-packages/gdata/tlslite/utils/OpenSSL_AES.py to OpenSSL_AES.pyc
byte-compiling /home/ubuntu/miniconda/envs/_build/lib/python2.7/site-packages/gdata/tlslite/utils/Cryptlib_AES.py to Cryptlib_AES.pyc
byte-compiling /home/ubuntu/miniconda/envs/_build/lib/python2.7/site-packages/gdata/tlslite/utils/Python_RSAKey.py to Python_RSAKey.pyc
byte-compiling /home/ubuntu/miniconda/envs/_build/lib/python2.7/site-packages/gdata/tlslite/utils/cipherfactory.py to cipherfactory.pyc
byte-compiling /home/ubuntu/miniconda/envs/_build/lib/python2.7/site-packages/gdata/tlslite/utils/codec.py to codec.pyc
byte-compiling /home/ubuntu/miniconda/envs/_build/lib/python2.7/site-packages/gdata/tlslite/utils/Python_AES.py to Python_AES.pyc
byte-compiling /home/ubuntu/miniconda/envs/_build/lib/python2.7/site-packages/gdata/tlslite/utils/ASN1Parser.py to ASN1Parser.pyc
byte-compiling /home/ubuntu/miniconda/envs/_build/lib/python2.7/site-packages/gdata/tlslite/utils/RSAKey.py to RSAKey.pyc
byte-compiling /home/ubuntu/miniconda/envs/_build/lib/python2.7/site-packages/gdata/tlslite/utils/dateFuncs.py to dateFuncs.pyc
byte-compiling /home/ubuntu/miniconda/envs/_build/lib/python2.7/site-packages/gdata/tlslite/utils/OpenSSL_TripleDES.py to OpenSSL_TripleDES.pyc
byte-compiling /home/ubuntu/miniconda/envs/_build/lib/python2.7/site-packages/gdata/tlslite/utils/RC4.py to RC4.pyc
byte-compiling /home/ubuntu/miniconda/envs/_build/lib/python2.7/site-packages/gdata/tlslite/utils/Cryptlib_TripleDES.py to Cryptlib_TripleDES.pyc
byte-compiling /home/ubuntu/miniconda/envs/_build/lib/python2.7/site-packages/gdata/tlslite/utils/AES.py to AES.pyc
byte-compiling /home/ubuntu/miniconda/envs/_build/lib/python2.7/site-packages/gdata/tlslite/utils/cryptomath.py to cryptomath.pyc
byte-compiling /home/ubuntu/miniconda/envs/_build/lib/python2.7/site-packages/gdata/tlslite/utils/rijndael.py to rijndael.pyc
byte-compiling /home/ubuntu/miniconda/envs/_build/lib/python2.7/site-packages/gdata/tlslite/utils/PyCrypto_RSAKey.py to PyCrypto_RSAKey.pyc
byte-compiling /home/ubuntu/miniconda/envs/_build/lib/python2.7/site-packages/gdata/tlslite/utils/OpenSSL_RSAKey.py to OpenSSL_RSAKey.pyc
byte-compiling /home/ubuntu/miniconda/envs/_build/lib/python2.7/site-packages/gdata/tlslite/utils/xmltools.py to xmltools.pyc
byte-compiling /home/ubuntu/miniconda/envs/_build/lib/python2.7/site-packages/gdata/tlslite/utils/__init__.py to __init__.pyc
byte-compiling /home/ubuntu/miniconda/envs/_build/lib/python2.7/site-packages/gdata/tlslite/utils/jython_compat.py to jython_compat.pyc
byte-compiling /home/ubuntu/miniconda/envs/_build/lib/python2.7/site-packages/gdata/tlslite/utils/keyfactory.py to keyfactory.pyc
byte-compiling /home/ubuntu/miniconda/envs/_build/lib/python2.7/site-packages/gdata/tlslite/utils/Cryptlib_RC4.py to Cryptlib_RC4.pyc
byte-compiling /home/ubuntu/miniconda/envs/_build/lib/python2.7/site-packages/gdata/tlslite/utils/Python_RC4.py to Python_RC4.pyc
byte-compiling /home/ubuntu/miniconda/envs/_build/lib/python2.7/site-packages/gdata/tlslite/utils/TripleDES.py to TripleDES.pyc
byte-compiling /home/ubuntu/miniconda/envs/_build/lib/python2.7/site-packages/gdata/tlslite/TLSRecordLayer.py to TLSRecordLayer.pyc
byte-compiling /home/ubuntu/miniconda/envs/_build/lib/python2.7/site-packages/gdata/tlslite/FileObject.py to FileObject.pyc
byte-compiling /home/ubuntu/miniconda/envs/_build/lib/python2.7/site-packages/gdata/tlslite/constants.py to constants.pyc
byte-compiling /home/ubuntu/miniconda/envs/_build/lib/python2.7/site-packages/gdata/tlslite/mathtls.py to mathtls.pyc
byte-compiling /home/ubuntu/miniconda/envs/_build/lib/python2.7/site-packages/gdata/tlslite/messages.py to messages.pyc
byte-compiling /home/ubuntu/miniconda/envs/_build/lib/python2.7/site-packages/gdata/tlslite/__init__.py to __init__.pyc
byte-compiling /home/ubuntu/miniconda/envs/_build/lib/python2.7/site-packages/gdata/tlslite/Session.py to Session.pyc
byte-compiling /home/ubuntu/miniconda/envs/_build/lib/python2.7/site-packages/gdata/tlslite/integration/TLSSocketServerMixIn.py to TLSSocketServerMixIn.pyc
byte-compiling /home/ubuntu/miniconda/envs/_build/lib/python2.7/site-packages/gdata/tlslite/integration/HTTPTLSConnection.py to HTTPTLSConnection.pyc
byte-compiling /home/ubuntu/miniconda/envs/_build/lib/python2.7/site-packages/gdata/tlslite/integration/AsyncStateMachine.py to AsyncStateMachine.pyc
byte-compiling /home/ubuntu/miniconda/envs/_build/lib/python2.7/site-packages/gdata/tlslite/integration/TLSTwistedProtocolWrapper.py to TLSTwistedProtocolWrapper.pyc
byte-compiling /home/ubuntu/miniconda/envs/_build/lib/python2.7/site-packages/gdata/tlslite/integration/IMAP4_TLS.py to IMAP4_TLS.pyc
byte-compiling /home/ubuntu/miniconda/envs/_build/lib/python2.7/site-packages/gdata/tlslite/integration/POP3_TLS.py to POP3_TLS.pyc
byte-compiling /home/ubuntu/miniconda/envs/_build/lib/python2.7/site-packages/gdata/tlslite/integration/IntegrationHelper.py to IntegrationHelper.pyc
byte-compiling /home/ubuntu/miniconda/envs/_build/lib/python2.7/site-packages/gdata/tlslite/integration/__init__.py to __init__.pyc
byte-compiling /home/ubuntu/miniconda/envs/_build/lib/python2.7/site-packages/gdata/tlslite/integration/TLSAsyncDispatcherMixIn.py to TLSAsyncDispatcherMixIn.pyc
byte-compiling /home/ubuntu/miniconda/envs/_build/lib/python2.7/site-packages/gdata/tlslite/integration/XMLRPCTransport.py to XMLRPCTransport.pyc
byte-compiling /home/ubuntu/miniconda/envs/_build/lib/python2.7/site-packages/gdata/tlslite/integration/ClientHelper.py to ClientHelper.pyc
byte-compiling /home/ubuntu/miniconda/envs/_build/lib/python2.7/site-packages/gdata/tlslite/integration/SMTP_TLS.py to SMTP_TLS.pyc
byte-compiling /home/ubuntu/miniconda/envs/_build/lib/python2.7/site-packages/gdata/tlslite/BaseDB.py to BaseDB.pyc
byte-compiling /home/ubuntu/miniconda/envs/_build/lib/python2.7/site-packages/gdata/tlslite/X509CertChain.py to X509CertChain.pyc
byte-compiling /home/ubuntu/miniconda/envs/_build/lib/python2.7/site-packages/gdata/tlslite/SharedKeyDB.py to SharedKeyDB.pyc
byte-compiling /home/ubuntu/miniconda/envs/_build/lib/python2.7/site-packages/gdata/tlslite/X509.py to X509.pyc
byte-compiling /home/ubuntu/miniconda/envs/_build/lib/python2.7/site-packages/gdata/urlfetch.py to urlfetch.pyc
byte-compiling /home/ubuntu/miniconda/envs/_build/lib/python2.7/site-packages/gdata/Crypto/Protocol/AllOrNothing.py to AllOrNothing.pyc
byte-compiling /home/ubuntu/miniconda/envs/_build/lib/python2.7/site-packages/gdata/Crypto/Protocol/Chaffing.py to Chaffing.pyc
byte-compiling /home/ubuntu/miniconda/envs/_build/lib/python2.7/site-packages/gdata/Crypto/Protocol/__init__.py to __init__.pyc
byte-compiling /home/ubuntu/miniconda/envs/_build/lib/python2.7/site-packages/gdata/Crypto/PublicKey/ElGamal.py to ElGamal.pyc
byte-compiling /home/ubuntu/miniconda/envs/_build/lib/python2.7/site-packages/gdata/Crypto/PublicKey/RSA.py to RSA.pyc
byte-compiling /home/ubuntu/miniconda/envs/_build/lib/python2.7/site-packages/gdata/Crypto/PublicKey/pubkey.py to pubkey.pyc
byte-compiling /home/ubuntu/miniconda/envs/_build/lib/python2.7/site-packages/gdata/Crypto/PublicKey/DSA.py to DSA.pyc
byte-compiling /home/ubuntu/miniconda/envs/_build/lib/python2.7/site-packages/gdata/Crypto/PublicKey/__init__.py to __init__.pyc
byte-compiling /home/ubuntu/miniconda/envs/_build/lib/python2.7/site-packages/gdata/Crypto/PublicKey/qNEW.py to qNEW.pyc
byte-compiling /home/ubuntu/miniconda/envs/_build/lib/python2.7/site-packages/gdata/Crypto/Cipher/__init__.py to __init__.pyc
byte-compiling /home/ubuntu/miniconda/envs/_build/lib/python2.7/site-packages/gdata/Crypto/__init__.py to __init__.pyc
byte-compiling /home/ubuntu/miniconda/envs/_build/lib/python2.7/site-packages/gdata/Crypto/Hash/HMAC.py to HMAC.pyc
byte-compiling /home/ubuntu/miniconda/envs/_build/lib/python2.7/site-packages/gdata/Crypto/Hash/MD5.py to MD5.pyc
byte-compiling /home/ubuntu/miniconda/envs/_build/lib/python2.7/site-packages/gdata/Crypto/Hash/__init__.py to __init__.pyc
byte-compiling /home/ubuntu/miniconda/envs/_build/lib/python2.7/site-packages/gdata/Crypto/Hash/SHA.py to SHA.pyc
byte-compiling /home/ubuntu/miniconda/envs/_build/lib/python2.7/site-packages/gdata/Crypto/Util/randpool.py to randpool.pyc
byte-compiling /home/ubuntu/miniconda/envs/_build/lib/python2.7/site-packages/gdata/Crypto/Util/RFC1751.py to RFC1751.pyc
byte-compiling /home/ubuntu/miniconda/envs/_build/lib/python2.7/site-packages/gdata/Crypto/Util/number.py to number.pyc
byte-compiling /home/ubuntu/miniconda/envs/_build/lib/python2.7/site-packages/gdata/Crypto/Util/__init__.py to __init__.pyc
byte-compiling /home/ubuntu/miniconda/envs/_build/lib/python2.7/site-packages/gdata/Crypto/Util/test.py to test.pyc
byte-compiling /home/ubuntu/miniconda/envs/_build/lib/python2.7/site-packages/gdata/Crypto/test.py to test.pyc
byte-compiling /home/ubuntu/miniconda/envs/_build/lib/python2.7/site-packages/gdata/photos/service.py to service.pyc
byte-compiling /home/ubuntu/miniconda/envs/_build/lib/python2.7/site-packages/gdata/photos/__init__.py to __init__.pyc
byte-compiling /home/ubuntu/miniconda/envs/_build/lib/python2.7/site-packages/gdata/spreadsheets/data.py to data.pyc
byte-compiling /home/ubuntu/miniconda/envs/_build/lib/python2.7/site-packages/gdata/spreadsheets/client.py to client.pyc
byte-compiling /home/ubuntu/miniconda/envs/_build/lib/python2.7/site-packages/gdata/spreadsheets/__init__.py to __init__.pyc
byte-compiling /home/ubuntu/miniconda/envs/_build/lib/python2.7/site-packages/gdata/youtube/data.py to data.pyc
byte-compiling /home/ubuntu/miniconda/envs/_build/lib/python2.7/site-packages/gdata/youtube/client.py to client.pyc
byte-compiling /home/ubuntu/miniconda/envs/_build/lib/python2.7/site-packages/gdata/youtube/service.py to service.pyc
byte-compiling /home/ubuntu/miniconda/envs/_build/lib/python2.7/site-packages/gdata/youtube/__init__.py to __init__.pyc
byte-compiling /home/ubuntu/miniconda/envs/_build/lib/python2.7/site-packages/gdata/webmastertools/data.py to data.pyc
byte-compiling /home/ubuntu/miniconda/envs/_build/lib/python2.7/site-packages/gdata/webmastertools/service.py to service.pyc
byte-compiling /home/ubuntu/miniconda/envs/_build/lib/python2.7/site-packages/gdata/webmastertools/__init__.py to __init__.pyc
byte-compiling /home/ubuntu/miniconda/envs/_build/lib/python2.7/site-packages/gdata/books/data.py to data.pyc
byte-compiling /home/ubuntu/miniconda/envs/_build/lib/python2.7/site-packages/gdata/books/service.py to service.pyc
byte-compiling /home/ubuntu/miniconda/envs/_build/lib/python2.7/site-packages/gdata/books/__init__.py to __init__.pyc
byte-compiling /home/ubuntu/miniconda/envs/_build/lib/python2.7/site-packages/gdata/exif/__init__.py to __init__.pyc
byte-compiling /home/ubuntu/miniconda/envs/_build/lib/python2.7/site-packages/gdata/codesearch/service.py to service.pyc
byte-compiling /home/ubuntu/miniconda/envs/_build/lib/python2.7/site-packages/gdata/codesearch/__init__.py to __init__.pyc
byte-compiling /home/ubuntu/miniconda/envs/_build/lib/python2.7/site-packages/gdata/contentforshopping/data.py to data.pyc
byte-compiling /home/ubuntu/miniconda/envs/_build/lib/python2.7/site-packages/gdata/contentforshopping/client.py to client.pyc
byte-compiling /home/ubuntu/miniconda/envs/_build/lib/python2.7/site-packages/gdata/contentforshopping/__init__.py to __init__.pyc
byte-compiling /home/ubuntu/miniconda/envs/_build/lib/python2.7/site-packages/gdata/finance/data.py to data.pyc
byte-compiling /home/ubuntu/miniconda/envs/_build/lib/python2.7/site-packages/gdata/finance/service.py to service.pyc
byte-compiling /home/ubuntu/miniconda/envs/_build/lib/python2.7/site-packages/gdata/finance/__init__.py to __init__.pyc
byte-compiling /home/ubuntu/miniconda/envs/_build/lib/python2.7/site-packages/gdata/apps/organization/data.py to data.pyc
byte-compiling /home/ubuntu/miniconda/envs/_build/lib/python2.7/site-packages/gdata/apps/organization/client.py to client.pyc
byte-compiling /home/ubuntu/miniconda/envs/_build/lib/python2.7/site-packages/gdata/apps/organization/service.py to service.pyc
byte-compiling /home/ubuntu/miniconda/envs/_build/lib/python2.7/site-packages/gdata/apps/organization/__init__.py to __init__.pyc
byte-compiling /home/ubuntu/miniconda/envs/_build/lib/python2.7/site-packages/gdata/apps/groups/data.py to data.pyc
byte-compiling /home/ubuntu/miniconda/envs/_build/lib/python2.7/site-packages/gdata/apps/groups/client.py to client.pyc
byte-compiling /home/ubuntu/miniconda/envs/_build/lib/python2.7/site-packages/gdata/apps/groups/service.py to service.pyc
byte-compiling /home/ubuntu/miniconda/envs/_build/lib/python2.7/site-packages/gdata/apps/groups/__init__.py to __init__.pyc
byte-compiling /home/ubuntu/miniconda/envs/_build/lib/python2.7/site-packages/gdata/apps/migration/service.py to service.pyc
byte-compiling /home/ubuntu/miniconda/envs/_build/lib/python2.7/site-packages/gdata/apps/migration/__init__.py to __init__.pyc
byte-compiling /home/ubuntu/miniconda/envs/_build/lib/python2.7/site-packages/gdata/apps/multidomain/data.py to data.pyc
byte-compiling /home/ubuntu/miniconda/envs/_build/lib/python2.7/site-packages/gdata/apps/multidomain/client.py to client.pyc
byte-compiling /home/ubuntu/miniconda/envs/_build/lib/python2.7/site-packages/gdata/apps/multidomain/__init__.py to __init__.pyc
byte-compiling /home/ubuntu/miniconda/envs/_build/lib/python2.7/site-packages/gdata/apps/emailsettings/data.py to data.pyc
byte-compiling /home/ubuntu/miniconda/envs/_build/lib/python2.7/site-packages/gdata/apps/emailsettings/client.py to client.pyc
byte-compiling /home/ubuntu/miniconda/envs/_build/lib/python2.7/site-packages/gdata/apps/emailsettings/service.py to service.pyc
byte-compiling /home/ubuntu/miniconda/envs/_build/lib/python2.7/site-packages/gdata/apps/emailsettings/__init__.py to __init__.pyc
byte-compiling /home/ubuntu/miniconda/envs/_build/lib/python2.7/site-packages/gdata/apps/apps_property_entry.py to apps_property_entry.pyc
byte-compiling /home/ubuntu/miniconda/envs/_build/lib/python2.7/site-packages/gdata/apps/data.py to data.pyc
byte-compiling /home/ubuntu/miniconda/envs/_build/lib/python2.7/site-packages/gdata/apps/client.py to client.pyc
byte-compiling /home/ubuntu/miniconda/envs/_build/lib/python2.7/site-packages/gdata/apps/audit/service.py to service.pyc
byte-compiling /home/ubuntu/miniconda/envs/_build/lib/python2.7/site-packages/gdata/apps/audit/__init__.py to __init__.pyc
byte-compiling /home/ubuntu/miniconda/envs/_build/lib/python2.7/site-packages/gdata/apps/service.py to service.pyc
byte-compiling /home/ubuntu/miniconda/envs/_build/lib/python2.7/site-packages/gdata/apps/adminsettings/service.py to service.pyc
byte-compiling /home/ubuntu/miniconda/envs/_build/lib/python2.7/site-packages/gdata/apps/adminsettings/__init__.py to __init__.pyc
byte-compiling /home/ubuntu/miniconda/envs/_build/lib/python2.7/site-packages/gdata/apps/__init__.py to __init__.pyc
byte-compiling /home/ubuntu/miniconda/envs/_build/lib/python2.7/site-packages/gdata/data.py to data.pyc
byte-compiling /home/ubuntu/miniconda/envs/_build/lib/python2.7/site-packages/gdata/opensearch/data.py to data.pyc
byte-compiling /home/ubuntu/miniconda/envs/_build/lib/python2.7/site-packages/gdata/opensearch/__init__.py to __init__.pyc
byte-compiling /home/ubuntu/miniconda/envs/_build/lib/python2.7/site-packages/gdata/blogger/data.py to data.pyc
byte-compiling /home/ubuntu/miniconda/envs/_build/lib/python2.7/site-packages/gdata/blogger/client.py to client.pyc
byte-compiling /home/ubuntu/miniconda/envs/_build/lib/python2.7/site-packages/gdata/blogger/service.py to service.pyc
byte-compiling /home/ubuntu/miniconda/envs/_build/lib/python2.7/site-packages/gdata/blogger/__init__.py to __init__.pyc
byte-compiling /home/ubuntu/miniconda/envs/_build/lib/python2.7/site-packages/gdata/analytics/data.py to data.pyc
byte-compiling /home/ubuntu/miniconda/envs/_build/lib/python2.7/site-packages/gdata/analytics/client.py to client.pyc
byte-compiling /home/ubuntu/miniconda/envs/_build/lib/python2.7/site-packages/gdata/analytics/service.py to service.pyc
byte-compiling /home/ubuntu/miniconda/envs/_build/lib/python2.7/site-packages/gdata/analytics/__init__.py to __init__.pyc
byte-compiling /home/ubuntu/miniconda/envs/_build/lib/python2.7/site-packages/gdata/calendar/data.py to data.pyc
byte-compiling /home/ubuntu/miniconda/envs/_build/lib/python2.7/site-packages/gdata/calendar/client.py to client.pyc
byte-compiling /home/ubuntu/miniconda/envs/_build/lib/python2.7/site-packages/gdata/calendar/service.py to service.pyc
byte-compiling /home/ubuntu/miniconda/envs/_build/lib/python2.7/site-packages/gdata/calendar/__init__.py to __init__.pyc
byte-compiling /home/ubuntu/miniconda/envs/_build/lib/python2.7/site-packages/gdata/oauth/__init__.py to __init__.pyc
byte-compiling /home/ubuntu/miniconda/envs/_build/lib/python2.7/site-packages/gdata/oauth/rsa.py to rsa.pyc
byte-compiling /home/ubuntu/miniconda/envs/_build/lib/python2.7/site-packages/gdata/client.py to client.pyc
byte-compiling /home/ubuntu/miniconda/envs/_build/lib/python2.7/site-packages/gdata/projecthosting/data.py to data.pyc
byte-compiling /home/ubuntu/miniconda/envs/_build/lib/python2.7/site-packages/gdata/projecthosting/client.py to client.pyc
byte-compiling /home/ubuntu/miniconda/envs/_build/lib/python2.7/site-packages/gdata/projecthosting/__init__.py to __init__.pyc
byte-compiling /home/ubuntu/miniconda/envs/_build/lib/python2.7/site-packages/gdata/service.py to service.pyc
byte-compiling /home/ubuntu/miniconda/envs/_build/lib/python2.7/site-packages/gdata/health/service.py to service.pyc
byte-compiling /home/ubuntu/miniconda/envs/_build/lib/python2.7/site-packages/gdata/health/__init__.py to __init__.pyc
byte-compiling /home/ubuntu/miniconda/envs/_build/lib/python2.7/site-packages/gdata/__init__.py to __init__.pyc
byte-compiling /home/ubuntu/miniconda/envs/_build/lib/python2.7/site-packages/gdata/sites/data.py to data.pyc
byte-compiling /home/ubuntu/miniconda/envs/_build/lib/python2.7/site-packages/gdata/sites/client.py to client.pyc
byte-compiling /home/ubuntu/miniconda/envs/_build/lib/python2.7/site-packages/gdata/sites/__init__.py to __init__.pyc
byte-compiling /home/ubuntu/miniconda/envs/_build/lib/python2.7/site-packages/gdata/contacts/data.py to data.pyc
byte-compiling /home/ubuntu/miniconda/envs/_build/lib/python2.7/site-packages/gdata/contacts/client.py to client.pyc
byte-compiling /home/ubuntu/miniconda/envs/_build/lib/python2.7/site-packages/gdata/contacts/service.py to service.pyc
byte-compiling /home/ubuntu/miniconda/envs/_build/lib/python2.7/site-packages/gdata/contacts/__init__.py to __init__.pyc
byte-compiling /home/ubuntu/miniconda/envs/_build/lib/python2.7/site-packages/gdata/acl/data.py to data.pyc
byte-compiling /home/ubuntu/miniconda/envs/_build/lib/python2.7/site-packages/gdata/acl/__init__.py to __init__.pyc
byte-compiling /home/ubuntu/miniconda/envs/_build/lib/python2.7/site-packages/gdata/dublincore/data.py to data.pyc
byte-compiling /home/ubuntu/miniconda/envs/_build/lib/python2.7/site-packages/gdata/dublincore/__init__.py to __init__.pyc
byte-compiling /home/ubuntu/miniconda/envs/_build/lib/python2.7/site-packages/gdata/geo/data.py to data.pyc
byte-compiling /home/ubuntu/miniconda/envs/_build/lib/python2.7/site-packages/gdata/geo/__init__.py to __init__.pyc
byte-compiling /home/ubuntu/miniconda/envs/_build/lib/python2.7/site-packages/gdata/media/data.py to data.pyc
byte-compiling /home/ubuntu/miniconda/envs/_build/lib/python2.7/site-packages/gdata/media/__init__.py to __init__.pyc
byte-compiling /home/ubuntu/miniconda/envs/_build/lib/python2.7/site-packages/gdata/sample_util.py to sample_util.pyc
byte-compiling /home/ubuntu/miniconda/envs/_build/lib/python2.7/site-packages/gdata/calendar_resource/data.py to data.pyc
byte-compiling /home/ubuntu/miniconda/envs/_build/lib/python2.7/site-packages/gdata/calendar_resource/client.py to client.pyc
byte-compiling /home/ubuntu/miniconda/envs/_build/lib/python2.7/site-packages/gdata/calendar_resource/__init__.py to __init__.pyc
byte-compiling /home/ubuntu/miniconda/envs/_build/lib/python2.7/site-packages/gdata/gauth.py to gauth.pyc
byte-compiling /home/ubuntu/miniconda/envs/_build/lib/python2.7/site-packages/gdata/spreadsheet/text_db.py to text_db.pyc
byte-compiling /home/ubuntu/miniconda/envs/_build/lib/python2.7/site-packages/gdata/spreadsheet/service.py to service.pyc
byte-compiling /home/ubuntu/miniconda/envs/_build/lib/python2.7/site-packages/gdata/spreadsheet/__init__.py to __init__.pyc
byte-compiling /home/ubuntu/miniconda/envs/_build/lib/python2.7/site-packages/gdata/auth.py to auth.pyc
byte-compiling /home/ubuntu/miniconda/envs/_build/lib/python2.7/site-packages/gdata/test_data.py to test_data.pyc
byte-compiling /home/ubuntu/miniconda/envs/_build/lib/python2.7/site-packages/gdata/core.py to core.pyc
byte-compiling /home/ubuntu/miniconda/envs/_build/lib/python2.7/site-packages/gdata/notebook/data.py to data.pyc
byte-compiling /home/ubuntu/miniconda/envs/_build/lib/python2.7/site-packages/gdata/notebook/__init__.py to __init__.pyc
byte-compiling /home/ubuntu/miniconda/envs/_build/lib/python2.7/site-packages/gdata/apps_property.py to apps_property.pyc
byte-compiling /home/ubuntu/miniconda/envs/_build/lib/python2.7/site-packages/gdata/test_config.py to test_config.pyc
running install_egg_info
Writing /home/ubuntu/miniconda/envs/_build/lib/python2.7/site-packages/gdata-2.0.18-py2.7.egg-info

The following NEW packages will be INSTALLED:

    openssl:    1.0.1k-1     
    pip:        7.0.3-py27_0 
    python:     2.7.10-0     
    readline:   6.2-2        
    setuptools: 17.1.1-py27_0
    sqlite:     3.8.4.1-1    
    system:     5.8-2        
    tk:         8.5.18-0     
    zlib:       1.2.8-0      

Linking packages ...
[                    ]|                                                  |   0%[openssl             ]|                                                  |   0%[readline            ]|#####                                             |  11%[sqlite              ]|###########                                       |  22%[system              ]|################                                  |  33%[tk                  ]|######################                            |  44%[zlib                ]|###########################                       |  55%[python              ]|#################################                 |  66%[setuptools          ]|######################################            |  77%[pip                 ]|############################################      |  88%[      COMPLETE      ]|##################################################| 100%
Removing old work directory
Source cache directory is: /home/ubuntu/miniconda/conda-bld/src_cache
Found source in cache: gdata-2.0.18.tar.gz
Extracting download
Package: gdata-2.0.18-py27_0
source tree in: /home/ubuntu/miniconda/conda-bld/work/gdata-2.0.18
number of files: 417
Fixing permissions
Fixing permissions
BUILD END: gdata-2.0.18-py27_0
TEST START: gdata-2.0.18-py27_0
Fetching package metadata: ......
Solving package specifications: .
The following packages will be downloaded:

    package                    |            build
    ---------------------------|-----------------
    gdata-2.0.18               |           py27_0         768 KB

The following NEW packages will be INSTALLED:

    gdata:      2.0.18-py27_0
    openssl:    1.0.1k-1     
    pip:        7.0.3-py27_0 
    python:     2.7.10-0     
    readline:   6.2-2        
    setuptools: 17.1.1-py27_0
    sqlite:     3.8.4.1-1    
    system:     5.8-2        
    tk:         8.5.18-0     
    zlib:       1.2.8-0      

Fetching packages ...
gdata-2.0.18-p   0% |                              | ETA:  --:--:--   0.00  B/sgdata-2.0.18-p   2% |                               | ETA:  0:00:00  47.49 MB/sgdata-2.0.18-p   4% |#                              | ETA:  0:00:00  59.47 MB/sgdata-2.0.18-p   6% |#                              | ETA:  0:00:00  66.33 MB/sgdata-2.0.18-p   8% |##                             | ETA:  0:00:00  68.48 MB/sgdata-2.0.18-p  10% |###                            | ETA:  0:00:00  71.61 MB/sgdata-2.0.18-p  12% |###                            | ETA:  0:00:00  73.75 MB/sgdata-2.0.18-p  14% |####                           | ETA:  0:00:00  75.60 MB/sgdata-2.0.18-p  16% |#####                          | ETA:  0:00:00  77.19 MB/sgdata-2.0.18-p  18% |#####                          | ETA:  0:00:00  78.52 MB/sgdata-2.0.18-p  20% |######                         | ETA:  0:00:00  79.61 MB/sgdata-2.0.18-p  22% |#######                        | ETA:  0:00:00  80.42 MB/sgdata-2.0.18-p  25% |#######                        | ETA:  0:00:00  81.24 MB/sgdata-2.0.18-p  27% |########                       | ETA:  0:00:00  81.89 MB/sgdata-2.0.18-p  29% |#########                      | ETA:  0:00:00  82.51 MB/sgdata-2.0.18-p  31% |#########                      | ETA:  0:00:00  16.22 MB/sgdata-2.0.18-p  33% |##########                     | ETA:  0:00:00  17.10 MB/sgdata-2.0.18-p  35% |##########                     | ETA:  0:00:00  17.96 MB/sgdata-2.0.18-p  37% |###########                    | ETA:  0:00:00  18.80 MB/sgdata-2.0.18-p  39% |############                   | ETA:  0:00:00  19.62 MB/sgdata-2.0.18-p  41% |############                   | ETA:  0:00:00  20.42 MB/sgdata-2.0.18-p  43% |#############                  | ETA:  0:00:00  21.20 MB/sgdata-2.0.18-p  45% |##############                 | ETA:  0:00:00  21.97 MB/sgdata-2.0.18-p  47% |##############                 | ETA:  0:00:00  22.72 MB/sgdata-2.0.18-p  50% |###############                | ETA:  0:00:00  23.45 MB/sgdata-2.0.18-p  52% |################               | ETA:  0:00:00  24.15 MB/sgdata-2.0.18-p  54% |################               | ETA:  0:00:00  24.85 MB/sgdata-2.0.18-p  56% |#################              | ETA:  0:00:00  25.55 MB/sgdata-2.0.18-p  58% |##################             | ETA:  0:00:00  26.22 MB/sgdata-2.0.18-p  60% |##################             | ETA:  0:00:00  26.88 MB/sgdata-2.0.18-p  62% |###################            | ETA:  0:00:00  27.52 MB/sgdata-2.0.18-p  64% |####################           | ETA:  0:00:00  28.16 MB/sgdata-2.0.18-p  66% |####################           | ETA:  0:00:00  28.78 MB/sgdata-2.0.18-p  68% |#####################          | ETA:  0:00:00  29.40 MB/sgdata-2.0.18-p  70% |#####################          | ETA:  0:00:00  30.00 MB/sgdata-2.0.18-p  72% |######################         | ETA:  0:00:00  30.58 MB/sgdata-2.0.18-p  75% |#######################        | ETA:  0:00:00  31.16 MB/sgdata-2.0.18-p  77% |#######################        | ETA:  0:00:00  31.72 MB/sgdata-2.0.18-p  79% |########################       | ETA:  0:00:00  32.27 MB/sgdata-2.0.18-p  81% |#########################      | ETA:  0:00:00  32.82 MB/sgdata-2.0.18-p  83% |#########################      | ETA:  0:00:00  33.35 MB/sgdata-2.0.18-p  85% |##########################     | ETA:  0:00:00  33.88 MB/sgdata-2.0.18-p  87% |###########################    | ETA:  0:00:00  34.40 MB/sgdata-2.0.18-p  89% |###########################    | ETA:  0:00:00  34.91 ===== testing package: gdata-2.0.18-py27_0 =====
import: u'atom'
import: u'gdata'
import: u'gdata.Crypto'
import: u'gdata.Crypto.Cipher'
import: u'gdata.Crypto.Hash'
import: u'gdata.Crypto.Protocol'
import: u'gdata.Crypto.PublicKey'
import: u'gdata.Crypto.Util'
import: u'gdata.acl'
import: u'gdata.alt'
import: u'gdata.analytics'
import: u'gdata.apps'
import: u'gdata.apps.adminsettings'
import: u'gdata.apps.audit'
import: u'gdata.apps.emailsettings'
import: u'gdata.apps.groups'
import: u'gdata.apps.migration'
import: u'gdata.apps.multidomain'
import: u'gdata.apps.organization'
import: u'gdata.blogger'
import: u'gdata.books'
import: u'gdata.calendar'
import: u'gdata.calendar_resource'
import: u'gdata.codesearch'
import: u'gdata.contacts'
import: u'gdata.contentforshopping'
import: u'gdata.docs'
import: u'gdata.dublincore'
import: u'gdata.exif'
import: u'gdata.finance'
import: u'gdata.geo'
import: u'gdata.health'
import: u'gdata.media'
import: u'gdata.notebook'
import: u'gdata.oauth'
import: u'gdata.opensearch'
import: u'gdata.photos'
import: u'gdata.projecthosting'
import: u'gdata.sites'
import: u'gdata.spreadsheet'
import: u'gdata.spreadsheets'
import: u'gdata.tlslite'
import: u'gdata.tlslite.integration'
import: u'gdata.tlslite.utils'
import: u'gdata.webmastertools'
import: u'gdata.youtube'
===== gdata-2.0.18-py27_0 OK =====
MB/sgdata-2.0.18-p  91% |############################   | ETA:  0:00:00  35.38 MB/sgdata-2.0.18-p  93% |#############################  | ETA:  0:00:00  35.87 MB/sgdata-2.0.18-p  95% |#############################  | ETA:  0:00:00  36.35 MB/sgdata-2.0.18-p  97% |############################## | ETA:  0:00:00  36.80 MB/sgdata-2.0.18-p 100% |###############################| ETA:  0:00:00  37.24 MB/sgdata-2.0.18-p 100% |###############################| Time: 0:00:00  36.85 MB/s
Extracting packages ...
[      COMPLETE      ]|                                                  |   0%[gdata               ]|                                                  |   0%[gdata               ]|                                                  |   0%[      COMPLETE      ]|##################################################| 100%
Linking packages ...
[      COMPLETE      ]|                                                  |   0%[openssl             ]|                                                  |   0%[openssl             ]|                                                  |   0%[readline            ]|#####                                             |  10%[sqlite              ]|##########                                        |  20%[system              ]|###############                                   |  30%[tk                  ]|####################                              |  40%[zlib                ]|#########################                         |  50%[gdata               ]|##############################                    |  60%[python              ]|###################################               |  70%[setuptools          ]|########################################          |  80%[pip                 ]|#############################################     |  90%[      COMPLETE      ]|##################################################| 100%
TEST END: gdata-2.0.18-py27_0
# If you want to upload this package to binstar.org later, type:
#
# $ binstar upload /home/ubuntu/miniconda/conda-bld/linux-64/gdata-2.0.18-py27_0.tar.bz2
#
# To have conda build upload to binstar automatically, use
# $ conda config --set binstar_upload yes

