Warning, the following versions were found for gdata
2.0.18
2.0.17
2.0.16
2.0.15
2.0.14
2.0.13
2.0.12
2.0.11
2.0.10
2.0.9
2.0.8
2.0.7
2.0.6
2.0.5
2.0.4
2.0.2
2.0.1
2.0.0
1.3.3
1.3.2
1.3.1
1.3.0
1.2.4
1.2.3
1.2.2
1.2.1
1.2.0
1.1.0
1.0.13
1.0.10
1.0.9
1.0.8
1.0.7
Using 2.0.18
Use --version to specify a different version.
Using url https://pypi.python.org/packages/source/g/gdata/gdata-2.0.18.tar.gz (2.4 MB) for gdata.
Downloading gdata (use --no-download to skip this step)
Using cached download
Unpacking gdata...
done
working in /tmp/tmpouGicOconda_skeleton_gdata-2.0.18.tar.gz
Fetching package metadata: ......
Solving package specifications: .patching file core.py
Hunk #1 succeeded at 168 with fuzz 2 (offset 2 lines).

Applying patch: '/tmp/tmpouGicOconda_skeleton_gdata-2.0.18.tar.gz/pypi-distutils.patch'
Writing recipe for gdata
Done
