Removing old build directory
Removing old work directory
BUILD START: geocoder-1.4.0-py_0
Fetching package metadata: ......
Solving package specifications: .............
Warning: 2 possible package resolutions (only showing differing packages):
	[u'click-4.0-py_0.tar.bz2'],
	[u'click-4.0-py27_0.tar.bz2'],
/home/ubuntu/miniconda/pkgs/click-4.0-py_0/bin/.click-pre-link.sh: line 2: /home/ubuntu/miniconda/envs/_build/bin/python: No such file or directory

The following NEW packages will be INSTALLED:

    click:      4.0-py_0     
    decorator:  3.4.2-py27_0 
    openssl:    1.0.1k-1     
    pip:        7.0.3-py27_0 
    python:     2.7.10-0     
    ratelim:    0.1.6-py27_0 
    readline:   6.2-2        
    requests:   2.7.0-py27_0 
    setuptools: 17.1.1-py27_0
    sqlite:     3.8.4.1-1    
    system:     5.8-2        
    tk:         8.5.18-0     
    zlib:       1.2.8-0      

Linking packages ...
[                    ]|                                                  |   0%[openssl             ]|                                                  |   0%[readline            ]|###                                               |   7%[sqlite              ]|#######                                           |  15%[system              ]|###########                                       |  23%[tk                  ]|###############                                   |  30%[zlib                ]|###################                               |  38%[click               ]|#######################                           |  46%Error: pre-link failed: click-4.0-py_0
