Warning, the following versions were found for geocoder
1.4.0
1.3.1
1.3.0
1.2.4
1.2.3
1.2.2
1.2.1
1.2.0
1.1.5
1.1.4
1.1.3
1.1.2
1.1.1
1.1.0
1.0.9
1.0.8
1.0.7
1.0.6
1.0.4
1.0.3
1.0.2
1.0.1
1.0.0
0.9.1
0.9.0
0.8.4
0.8.3
0.8.2
0.8.1
0.8.0
0.7.3
0.7.2
0.7.1
0.7.0
0.6.2
0.6.1
0.6.0
0.5.9
0.5.8
0.5.7
Using 1.4.0
Use --version to specify a different version.
Using url https://pypi.python.org/packages/source/g/geocoder/geocoder-1.4.0.zip (54 KB) for geocoder.
Downloading geocoder (use --no-download to skip this step)
Using cached download
Unpacking geocoder...
done
working in /tmp/tmpY1Uvmzconda_skeleton_geocoder-1.4.0.zip
Fetching package metadata: ......
Solving package specifications: .patching file core.py
Hunk #1 succeeded at 168 with fuzz 2 (offset 2 lines).

The following NEW packages will be INSTALLED:

    numpy:  1.9.2-py27_0
    pyyaml: 3.11-py27_0 

Linking packages ...
[                    ]|                                                  |   0%[numpy               ]|                                                  |   0%[pyyaml              ]|#########################                         |  50%[      COMPLETE      ]|##################################################| 100%
Applying patch: '/tmp/tmpY1Uvmzconda_skeleton_geocoder-1.4.0.zip/pypi-distutils.patch'
Warning, the following versions were found for ratelim
0.1.6
0.1.5
0.1.4
0.1.3
0.1.2
0.1.1
0.1.0
0.1.0a0
Using 0.1.6
Use --version to specify a different version.
Using url https://pypi.python.org/packages/source/r/ratelim/ratelim-0.1.6.tar.gz (3 KB) for ratelim.
Downloading ratelim (use --no-download to skip this step)
Using cached download
Unpacking ratelim...
done
working in /tmp/tmpnjoCO7conda_skeleton_ratelim-0.1.6.tar.gz
Solving package specifications: .patching file core.py
Hunk #1 succeeded at 168 with fuzz 2 (offset 2 lines).

Applying patch: '/tmp/tmpnjoCO7conda_skeleton_ratelim-0.1.6.tar.gz/pypi-distutils.patch'
Writing recipe for ratelim
Writing recipe for geocoder
Done
