Warning, the following versions were found for geoip2
2.1.0
2.0.2
2.0.1
2.0.0
0.7.0
0.6.0
0.5.1
0.5.0
0.4.2
0.4.1
0.4.0
0.3.1
0.3.0
0.2.2
0.2.1
0.2.0
0.1.1
0.1.0
Using 2.1.0
Use --version to specify a different version.
Using url https://pypi.python.org/packages/source/g/geoip2/geoip2-2.1.0.tar.gz (113 KB) for geoip2.
Downloading geoip2 (use --no-download to skip this step)
Using cached download
Unpacking geoip2...
done
working in /tmp/tmp9iYjf4conda_skeleton_geoip2-2.1.0.tar.gz
Fetching package metadata: ......
Solving package specifications: .patching file core.py
Hunk #1 succeeded at 168 with fuzz 2 (offset 2 lines).

Applying patch: '/tmp/tmp9iYjf4conda_skeleton_geoip2-2.1.0.tar.gz/pypi-distutils.patch'
Writing recipe for geoip2
Done
