Warning, the following versions were found for geopy
1.10.0
1.9.1
1.9.0
1.8.1
1.8.0
1.7.1
1.7.0
1.6.1
1.6.0
1.5.0
1.4.0
1.3.0
1.2.0
1.1.5
1.1.4
1.1.3
1.1.2
1.1.1
1.1.0
1.0.1
1.0.0
0.99
0.98.3
0.98.2
0.98.1
0.98
0.97.1
0.97
0.96.3
0.96.2
0.96.1
0.96.0
0.95.1
0.95
0.94.2
0.94.1
0.94
0.93
0.92
Using 1.10.0
Use --version to specify a different version.
Using url https://pypi.python.org/packages/source/g/geopy/geopy-1.10.0.tar.gz (83 KB) for geopy.
Downloading geopy (use --no-download to skip this step)
Using cached download
Unpacking geopy...
done
working in /tmp/tmpFgkjoDconda_skeleton_geopy-1.10.0.tar.gz
Fetching package metadata: ......
Solving package specifications: .patching file core.py
Hunk #1 succeeded at 168 with fuzz 2 (offset 2 lines).
Traceback (most recent call last):
  File "setup.py", line 6, in <module>
    from setuptools import setup, find_packages
ImportError: No module named setuptools

Applying patch: '/tmp/tmpFgkjoDconda_skeleton_geopy-1.10.0.tar.gz/pypi-distutils.patch'
$PYTHONPATH = /tmp/tmpFgkjoDconda_skeleton_geopy-1.10.0.tar.gz/geopy-1.10.0
Error: command failed: /home/ubuntu/miniconda/envs/_build/bin/python setup.py install
