Removing old build directory
Removing old work directory
BUILD START: ghp-import-0.4.1-py27_0
Fetching package metadata: ......
Solving package specifications: .+ /home/ubuntu/miniconda/envs/_build/bin/python setup.py install
/home/ubuntu/miniconda/envs/_build/lib/python2.7/distutils/dist.py:267: UserWarning: Unknown distribution option: 'zip_safe'
  warnings.warn(msg)
running install
running build
running build_scripts
creating build
creating build/scripts-2.7
copying and adjusting ghp-import -> build/scripts-2.7
changing mode of build/scripts-2.7/ghp-import from 664 to 775
running install_scripts
copying build/scripts-2.7/ghp-import -> /home/ubuntu/miniconda/envs/_build/bin
changing mode of /home/ubuntu/miniconda/envs/_build/bin/ghp-import to 775
running install_egg_info
Writing /home/ubuntu/miniconda/envs/_build/lib/python2.7/site-packages/ghp_import-0.4.1-py2.7.egg-info

The following NEW packages will be INSTALLED:

    openssl:    1.0.1k-1     
    pip:        7.0.3-py27_0 
    python:     2.7.10-0     
    readline:   6.2-2        
    setuptools: 17.1.1-py27_0
    sqlite:     3.8.4.1-1    
    system:     5.8-2        
    tk:         8.5.18-0     
    zlib:       1.2.8-0      

Linking packages ...
[                    ]|                                                  |   0%[openssl             ]|                                                  |   0%[readline            ]|#####                                             |  11%[sqlite              ]|###########                                       |  22%[system              ]|################                                  |  33%[tk                  ]|######################                            |  44%[zlib                ]|###########################                       |  55%[python              ]|#################################                 |  66%[setuptools          ]|######################################            |  77%[pip                 ]|############################################      |  88%[      COMPLETE      ]|##################################################| 100%
Removing old work directory
Source cache directory is: /home/ubuntu/miniconda/conda-bld/src_cache
Found source in cache: ghp-import-0.4.1.tar.gz
Extracting download
Package: ghp-import-0.4.1-py27_0
source tree in: /home/ubuntu/miniconda/conda-bld/work/ghp-import-0.4.1
number of files: 2
Fixing permissions
Detected hard-coded path in text file bin/ghp-import
Fixing permissions
BUILD END: ghp-import-0.4.1-py27_0
Nothing to test for: ghp-import-0.4.1-py27_0
# If you want to upload this package to binstar.org later, type:
#
# $ binstar upload /home/ubuntu/miniconda/conda-bld/linux-64/ghp-import-0.4.1-py27_0.tar.bz2
#
# To have conda build upload to binstar automatically, use
# $ conda config --set binstar_upload yes

