Warning, the following versions were found for gitdb
0.6.4
0.6.3
0.6.2
0.6.1
0.6.0
0.5.4
0.5.3
0.5.2
0.5.1
0.5.0
Using 0.6.4
Use --version to specify a different version.
Using url https://pypi.python.org/packages/source/g/gitdb/gitdb-0.6.4.tar.gz (391 KB) for gitdb.
Downloading gitdb (use --no-download to skip this step)
Using cached download
Unpacking gitdb...
done
working in /tmp/tmp9XKaPZconda_skeleton_gitdb-0.6.4.tar.gz
Fetching package metadata: ......
Solving package specifications: .patching file core.py
Hunk #1 succeeded at 168 with fuzz 2 (offset 2 lines).

Applying patch: '/tmp/tmp9XKaPZconda_skeleton_gitdb-0.6.4.tar.gz/pypi-distutils.patch'
Writing recipe for gitdb
Done
