gitpython not found, trying GitPython
0
Warning, the following versions were found for GitPython
1.0.1
1.0.0
0.3.7
0.3.6
Using 1.0.1
Use --version to specify a different version.
Using url https://pypi.python.org/packages/source/G/GitPython/GitPython-1.0.1.tar.gz (347 KB) for GitPython.
Downloading GitPython (use --no-download to skip this step)
Using cached download
Unpacking GitPython...
done
working in /tmp/tmpsg1II8conda_skeleton_GitPython-1.0.1.tar.gz
Fetching package metadata: ......
Solving package specifications: .patching file core.py
Hunk #1 succeeded at 168 with fuzz 2 (offset 2 lines).

The following NEW packages will be INSTALLED:

    numpy:      1.9.2-py27_0
    openssl:    1.0.1k-1    
    pip:        6.1.1-py27_0
    python:     2.7.9-3     
    pyyaml:     3.11-py27_0 
    readline:   6.2-2       
    setuptools: 16.0-py27_0 
    sqlite:     3.8.4.1-1   
    system:     5.8-2       
    tk:         8.5.18-0    
    yaml:       0.1.4-0     
    zlib:       1.2.8-0     

Linking packages ...
[                    ]|                                                  |   0%[openssl             ]|                                                  |   0%[readline            ]|####                                              |   8%[sqlite              ]|########                                          |  16%[system              ]|############                                      |  25%[tk                  ]|################                                  |  33%[yaml                ]|####################                              |  41%[zlib                ]|#########################                         |  50%[numpy               ]|#############################                     |  58%[python              ]|#################################                 |  66%[pyyaml              ]|#####################################             |  75%[setuptools          ]|#########################################         |  83%[pip                 ]|#############################################     |  91%[      COMPLETE      ]|##################################################| 100%
Applying patch: '/tmp/tmpsg1II8conda_skeleton_GitPython-1.0.1.tar.gz/pypi-distutils.patch'
Writing recipe for gitpython
Done
