Warning, the following versions were found for glance_store
0.6.0
0.5.0
0.4.0
0.3.0
0.2.0
0.1.12
0.1.11
0.1.10
0.1.9
0.1.8
0.1.7
0.1.6
0.1.5
0.1.4
0.1.3
0.1.2
0.1.1
0.0.0
Using 0.6.0
Use --version to specify a different version.
Using url https://pypi.python.org/packages/source/g/glance_store/glance_store-0.6.0.tar.gz (104 KB) for glance_store.
Downloading glance_store (use --no-download to skip this step)
Using cached download
Unpacking glance_store...
done
working in /tmp/tmpWQBZDpconda_skeleton_glance_store-0.6.0.tar.gz
Fetching package metadata: ......
Solving package specifications: .patching file core.py
Hunk #1 succeeded at 168 with fuzz 2 (offset 2 lines).

The following NEW packages will be INSTALLED:

    numpy:  1.9.2-py27_0
    pyyaml: 3.11-py27_0 
    yaml:   0.1.4-0     

Linking packages ...
[                    ]|                                                  |   0%[yaml                ]|                                                  |   0%[numpy               ]|################                                  |  33%[pyyaml              ]|#################################                 |  66%[      COMPLETE      ]|##################################################| 100%
Applying patch: '/tmp/tmpWQBZDpconda_skeleton_glance_store-0.6.0.tar.gz/pypi-distutils.patch'
Writing recipe for glance_store
Done
