Warning, the following versions were found for gnupg
2.0.2
2.0.1
2.0.0
1.4.0
1.3.3
1.3.2
1.3.1
1.3.0
1.2.6
1.2.5
1.2.4
1.2.3
1.2.2
1.2.1
1.2.0
1.1.8
1.1.7
1.1.6
1.1.5
1.1.4
1.1.3
1.1.3-1-gc837b73
1.1.2-2-g543d478
1.1.2-2-g543d478-dirty
1.1.0-2-g555364d-dirty
Using 2.0.2
Use --version to specify a different version.
Using url https://pypi.python.org/packages/source/g/gnupg/gnupg-2.0.2.tar.gz (95 KB) for gnupg.
Downloading gnupg (use --no-download to skip this step)
Using cached download
Unpacking gnupg...
done
working in /tmp/tmpeRWXUXconda_skeleton_gnupg-2.0.2.tar.gz
Fetching package metadata: ......
Solving package specifications: .patching file core.py
Hunk #1 succeeded at 168 with fuzz 2 (offset 2 lines).
Traceback (most recent call last):
  File "setup.py", line 26, in <module>
    import setuptools
ImportError: No module named setuptools

Applying patch: '/tmp/tmpeRWXUXconda_skeleton_gnupg-2.0.2.tar.gz/pypi-distutils.patch'
$PYTHONPATH = /tmp/tmpeRWXUXconda_skeleton_gnupg-2.0.2.tar.gz/gnupg-2.0.2
Error: command failed: /home/ubuntu/miniconda/envs/_build/bin/python setup.py install
