More than one source version is available for google-api-python-client:
Using the one with the least source size
use --manual-url to override this behavior
Using url https://pypi.python.org/packages/source/g/google-api-python-client/google-api-python-client-1.4.0.tar.gz (40 KB) for google-api-python-client.
Downloading google-api-python-client (use --no-download to skip this step)
Using cached download
Unpacking google-api-python-client...
done
working in /tmp/tmp4AU5Fbconda_skeleton_google-api-python-client-1.4.0.tar.gz
Fetching package metadata: ......
Solving package specifications: .patching file core.py
Hunk #1 succeeded at 168 with fuzz 2 (offset 2 lines).

The following NEW packages will be INSTALLED:

    numpy:  1.9.2-py27_0
    pyyaml: 3.11-py27_0 
    yaml:   0.1.4-0     

Linking packages ...
[                    ]|                                                  |   0%[yaml                ]|                                                  |   0%[numpy               ]|################                                  |  33%[pyyaml              ]|#################################                 |  66%[      COMPLETE      ]|##################################################| 100%
Applying patch: '/tmp/tmp4AU5Fbconda_skeleton_google-api-python-client-1.4.0.tar.gz/pypi-distutils.patch'
Using url https://pypi.python.org/packages/source/u/uritemplate/uritemplate-0.6.tar.gz (3 KB) for uritemplate.
Downloading uritemplate (use --no-download to skip this step)
Using cached download
Unpacking uritemplate...
done
working in /tmp/tmpWQUbDmconda_skeleton_uritemplate-0.6.tar.gz
Solving package specifications: .patching file core.py
Hunk #1 succeeded at 168 with fuzz 2 (offset 2 lines).

Applying patch: '/tmp/tmpWQUbDmconda_skeleton_uritemplate-0.6.tar.gz/pypi-distutils.patch'
More than one source version is available for oauth2client:
Using the one with the least source size
use --manual-url to override this behavior
Using url https://pypi.python.org/packages/source/o/oauth2client/oauth2client-1.4.11.tar.gz (48 KB) for oauth2client.
Downloading oauth2client (use --no-download to skip this step)
Using cached download
Unpacking oauth2client...
done
working in /tmp/tmpfntp9wconda_skeleton_oauth2client-1.4.11.tar.gz
Solving package specifications: .patching file core.py
Hunk #1 succeeded at 168 with fuzz 2 (offset 2 lines).

Applying patch: '/tmp/tmpfntp9wconda_skeleton_oauth2client-1.4.11.tar.gz/pypi-distutils.patch'
Error: Could not find any versions of package pyasn1_modules
