Warning, the following versions were found for google-apitools
0.4.8
0.4.7
0.4.6
0.4.5
0.4.4
0.4.3
0.4.2
0.4.1
0.4
Using 0.4.8
Use --version to specify a different version.
Using url https://pypi.python.org/packages/source/g/google-apitools/google-apitools-0.4.8.tar.gz (94 KB) for google-apitools.
Downloading google-apitools (use --no-download to skip this step)
Using cached download
Unpacking google-apitools...
done
working in /tmp/tmpK7euZEconda_skeleton_google-apitools-0.4.8.tar.gz
Fetching package metadata: ......
Solving package specifications: .patching file core.py
Hunk #1 succeeded at 168 with fuzz 2 (offset 2 lines).

---------------------------------------------------------------------------
This script requires setuptools version 0.6c11 to run (even to display
help).  I will attempt to download it for you (from
http://pypi.python.org/packages/2.7/s/setuptools/), but
you may need to enable firewall access for this script first.
I will start the download in 15 seconds.

(Note: if this machine does not have network access, please obtain the file

   http://pypi.python.org/packages/2.7/s/setuptools/setuptools-0.6c11-py2.7.egg

and place it in this directory before rerunning this script.)
---------------------------------------------------------------------------
Downloading http://pypi.python.org/packages/2.7/s/setuptools/setuptools-0.6c11-py2.7.egg

Applying patch: '/tmp/tmpK7euZEconda_skeleton_google-apitools-0.4.8.tar.gz/pypi-distutils.patch'
Warning, the following versions were found for unittest2
1.0.1
1.0.0
0.8.0
0.7.1
0.7.0
0.6.0
0.5.1
0.5.0
0.4.2
0.4.1
0.4.0
0.3.0
0.2.0
0.1.6
0.1.5
0.1.4
0.1.3
0.1.2
0.1.1
0.1.0
0.0
Using 1.0.1
Use --version to specify a different version.
Using url https://pypi.python.org/packages/source/u/unittest2/unittest2-1.0.1.tar.gz (79 KB) for unittest2.
Downloading unittest2 (use --no-download to skip this step)
Using cached download
Unpacking unittest2...
done
working in /tmp/tmpvRiO3Mconda_skeleton_unittest2-1.0.1.tar.gz
Solving package specifications: .patching file core.py
Hunk #1 succeeded at 168 with fuzz 2 (offset 2 lines).
Traceback (most recent call last):
  File "setup.py", line 78, in <module>
    from setuptools import setup
ImportError: No module named setuptools

Applying patch: '/tmp/tmpvRiO3Mconda_skeleton_unittest2-1.0.1.tar.gz/pypi-distutils.patch'
$PYTHONPATH = /tmp/tmpvRiO3Mconda_skeleton_unittest2-1.0.1.tar.gz/unittest2-1.0.1
Error: command failed: /home/ubuntu/miniconda/envs/_build/bin/python setup.py install
