Warning, the following versions were found for googlefinance
0.7
0.6
0.5
0.4
0.3
0.2
0.1
Using 0.7
Use --version to specify a different version.
Using url https://pypi.python.org/packages/source/g/googlefinance/googlefinance-0.7.tar.gz (2 KB) for googlefinance.
Downloading googlefinance (use --no-download to skip this step)
Using cached download
Unpacking googlefinance...
done
working in /tmp/tmp0pqKtwconda_skeleton_googlefinance-0.7.tar.gz
Fetching package metadata: ......
Solving package specifications: .patching file core.py
Hunk #1 succeeded at 168 with fuzz 2 (offset 2 lines).

Applying patch: '/tmp/tmp0pqKtwconda_skeleton_googlefinance-0.7.tar.gz/pypi-distutils.patch'
Writing recipe for googlefinance
Done
