Warning, the following versions were found for grab
0.6.20
0.6.19
0.6.18
0.6.17
0.6.16
0.6.15
0.6.14
0.6.13
0.6.12
0.6.11
0.6.10
0.6.9
0.6.8
0.6.7
0.6.6
0.6.5
0.6.4
0.6.3
0.6.2
0.6.1
0.6.0
0.5.5
0.5.4
0.5.3
0.5.2
0.5.1
0.5.0
0.4.13
0.4.12
0.4.11
0.4.10
0.4.9
0.4.8
0.4.7
0.4.5
0.4.4
0.4.3
0.4.2
0.4.1
0.4.0
0.3.33
0.3.32
0.3.31
0.3.30
0.3.29
0.3.28
0.3.27
0.3.26
0.3.25
0.3.24
0.3.23
0.3.22
0.3.21
0.3.20
0.3.19
0.3.18
0.3.17
0.3.16
0.3.15
0.3.14
0.3.13
0.3.12
0.3.11
0.3.10
0.3.9
0.3.8
0.3.7
0.3.6
0.3.4
0.3.3
0.3.2
0.3.1
0.3
0.2.20
0.2.19
0.2.18
0.2.17
0.2.16
0.2.15
0.2.12
0.2.11
0.2.10
0.2.9
0.2.8
0.2.7
0.2.6
0.2.5
0.2.4
0.2.3
0.2.2
0.2.1
0.2.0
0.1.7
0.1.6
0.1.5
0.1.4
0.1.3
0.1.2
0.1.1
Using 0.6.20
Use --version to specify a different version.
Using url https://pypi.python.org/packages/source/g/grab/grab-0.6.20.tar.gz (89 KB) for grab.
Downloading grab (use --no-download to skip this step)
Unpacking grab...
done
working in /tmp/tmpCKP8Wkconda_skeleton_grab-0.6.20.tar.gz
Fetching package metadata: ......
Solving package specifications: .patching file core.py
Hunk #1 succeeded at 168 with fuzz 2 (offset 2 lines).

The following NEW packages will be INSTALLED:

    numpy:  1.9.2-py27_0
    pyyaml: 3.11-py27_0 

Linking packages ...
[                    ]|                                                  |   0%[numpy               ]|                                                  |   0%[pyyaml              ]|#########################                         |  50%[      COMPLETE      ]|##################################################| 100%
Applying patch: '/tmp/tmpCKP8Wkconda_skeleton_grab-0.6.20.tar.gz/pypi-distutils.patch'
Warning, the following versions were found for weblib
0.1.13
0.1.12
0.1.11
0.1.10
0.1.9
0.1.8
0.1.7
Using 0.1.13
Use --version to specify a different version.
Using url https://pypi.python.org/packages/source/w/weblib/weblib-0.1.13.tar.gz (35 KB) for weblib.
Downloading weblib (use --no-download to skip this step)
weblib-0.1.13.   0% |                              | ETA:  --:--:--   0.00  B/sweblib-0.1.13.  45% |##############                 | ETA:  0:00:00  38.09 MB/sweblib-0.1.13.  90% |############################   | ETA:  0:00:00  48.98 MB/sweblib-0.1.13. 100% |###############################| ETA:  0:00:00  42.17 MB/sweblib-0.1.13. 100% |###############################| Time: 0:00:00  32.85 MB/s
Unpacking weblib...
done
working in /tmp/tmpTD_XEiconda_skeleton_weblib-0.1.13.tar.gz
Solving package specifications: .patching file core.py
Hunk #1 succeeded at 168 with fuzz 2 (offset 2 lines).

Applying patch: '/tmp/tmpTD_XEiconda_skeleton_weblib-0.1.13.tar.gz/pypi-distutils.patch'
Warning, the following versions were found for selection
0.0.9
0.0.8
0.0.7
0.0.6
0.0.5
0.0.4
Using 0.0.9
Use --version to specify a different version.
Using url https://pypi.python.org/packages/source/s/selection/selection-0.0.9.tar.gz (6 KB) for selection.
Downloading selection (use --no-download to skip this step)
Using cached download
Unpacking selection...
done
working in /tmp/tmpnzVZpyconda_skeleton_selection-0.0.9.tar.gz
Solving package specifications: .patching file core.py
Hunk #1 succeeded at 168 with fuzz 2 (offset 2 lines).

Applying patch: '/tmp/tmpnzVZpyconda_skeleton_selection-0.0.9.tar.gz/pypi-distutils.patch'
Warning, the following versions were found for pycurl
7.19.5.1
7.19.5
7.19.3.1
7.19.3
7.19.0.3
7.19.0.2
7.19.0.1
7.19.0
7.18.2
7.18.1
7.16.4
7.16.2.1
7.16.2
7.16.1
7.15.5.1
7.15.5
7.15.4.2
7.15.4.1
7.15.4
7.15.2
7.15.1
7.15.0
7.14.1
7.14.0
7.13.2
7.13.1
7.13.0
7.12.3
7.12.1
7.12
7.11.3
7.11.2
7.11.1
7.11.0
7.10.8
7.10.6
7.10.5
7.10.4.2
7.10.4
7.10.3
Using 7.19.5.1
Use --version to specify a different version.
Using url https://pypi.python.org/packages/source/p/pycurl/pycurl-7.19.5.1.tar.gz (139 KB) for pycurl.
Downloading pycurl (use --no-download to skip this step)
Using cached download
Unpacking pycurl...
done
working in /tmp/tmpOkAI9Yconda_skeleton_pycurl-7.19.5.1.tar.gz
Solving package specifications: .patching file core.py
Hunk #1 succeeded at 168 with fuzz 2 (offset 2 lines).
Using curl-config (libcurl 7.38.0)

Applying patch: '/tmp/tmpOkAI9Yconda_skeleton_pycurl-7.19.5.1.tar.gz/pypi-distutils.patch'
Writing recipe for weblib
Writing recipe for grab
Writing recipe for selection
Writing recipe for pycurl
Done
