Warning, the following versions were found for graphite-web
0.9.13
0.9.12
0.9.11
0.9.10
0.9.9
0.9.8
0.9.7
0.9.7c
0.9.7b
0.9.6
0.9.5
Using 0.9.13
Use --version to specify a different version.
Using url https://pypi.python.org/packages/source/g/graphite-web/graphite-web-0.9.13.tar.gz (2.1 MB) for graphite-web.
Downloading graphite-web (use --no-download to skip this step)
Using cached download
Unpacking graphite-web...
done
working in /tmp/tmpBU3njNconda_skeleton_graphite-web-0.9.13.tar.gz
Fetching package metadata: ......
Solving package specifications: .patching file core.py
Hunk #1 succeeded at 168 with fuzz 2 (offset 2 lines).

The following NEW packages will be INSTALLED:

    numpy:  1.9.2-py27_0
    pyyaml: 3.11-py27_0 
    yaml:   0.1.4-0     

Linking packages ...
[                    ]|                                                  |   0%[yaml                ]|                                                  |   0%[numpy               ]|################                                  |  33%[pyyaml              ]|#################################                 |  66%[      COMPLETE      ]|##################################################| 100%
Applying patch: '/tmp/tmpBU3njNconda_skeleton_graphite-web-0.9.13.tar.gz/pypi-distutils.patch'
Writing recipe for graphite-web
Done
