Warning, the following versions were found for gspread
0.2.5
0.2.4
0.2.3
0.2.2
0.2.1
0.2.0
0.1.0
0.0.15
0.0.14
0.0.13
0.0.12
0.0.11
0.0.10
0.0.9
0.0.8
0.0.7
0.0.6
0.0.5
0.0.4
0.0.3
0.0.2
0.0.1
Using 0.2.5
Use --version to specify a different version.
Using url https://pypi.python.org/packages/source/g/gspread/gspread-0.2.5.tar.gz (15 KB) for gspread.
Downloading gspread (use --no-download to skip this step)
Using cached download
Unpacking gspread...
done
working in /tmp/tmpP31LLJconda_skeleton_gspread-0.2.5.tar.gz
Fetching package metadata: ......
Solving package specifications: .patching file core.py
Hunk #1 succeeded at 168 with fuzz 2 (offset 2 lines).

The following NEW packages will be INSTALLED:

    numpy:  1.9.2-py27_0
    pyyaml: 3.11-py27_0 

Linking packages ...
[                    ]|                                                  |   0%[numpy               ]|                                                  |   0%[pyyaml              ]|#########################                         |  50%[      COMPLETE      ]|##################################################| 100%
Applying patch: '/tmp/tmpP31LLJconda_skeleton_gspread-0.2.5.tar.gz/pypi-distutils.patch'
Writing recipe for gspread
Done
