Warning, the following versions were found for gsutil
4.13
4.12
4.11
4.10
4.9
4.8
4.7
4.6
4.5
4.4
4.3
4.2
4.1
4.0
4.0beta1
3.42
3.41
3.38
3.37
3.36
3.35
3.34
3.33
3.32
3.31
3.29
3.28
Using 4.13
Use --version to specify a different version.
Using url https://pypi.python.org/packages/source/g/gsutil/gsutil-4.13.tar.gz (527 KB) for gsutil.
Downloading gsutil (use --no-download to skip this step)
Unpacking gsutil...
done
working in /tmp/tmpK98fmOconda_skeleton_gsutil-4.13.tar.gz
Fetching package metadata: ......
Solving package specifications: .patching file core.py
Hunk #1 succeeded at 168 with fuzz 2 (offset 2 lines).
Traceback (most recent call last):
  File "setup.py", line 21, in <module>
    from setuptools import find_packages
ImportError: No module named setuptools

Applying patch: '/tmp/tmpK98fmOconda_skeleton_gsutil-4.13.tar.gz/pypi-distutils.patch'
$PYTHONPATH = /tmp/tmpK98fmOconda_skeleton_gsutil-4.13.tar.gz/gsutil-4.13
Error: command failed: /home/ubuntu/miniconda/envs/_build/bin/python setup.py install
