Removing old build directory
Removing old work directory
BUILD START: gunicorn-19.3.0-py27_0
Fetching package metadata: ......
Solving package specifications: .+ /home/ubuntu/miniconda/envs/_build/bin/python setup.py install
running install
running bdist_egg
running egg_info
writing gunicorn.egg-info/PKG-INFO
writing top-level names to gunicorn.egg-info/top_level.txt
writing dependency_links to gunicorn.egg-info/dependency_links.txt
writing entry points to gunicorn.egg-info/entry_points.txt
reading manifest file 'gunicorn.egg-info/SOURCES.txt'
reading manifest template 'MANIFEST.in'
warning: no previously-included files matching '__pycache__' found under directory '*'
warning: no previously-included files matching '*.py[co]' found under directory '*'
writing manifest file 'gunicorn.egg-info/SOURCES.txt'
installing library code to build/bdist.linux-x86_64/egg
running install_lib
running build_py
creating build
creating build/lib
creating build/lib/gunicorn
copying gunicorn/six.py -> build/lib/gunicorn
copying gunicorn/argparse_compat.py -> build/lib/gunicorn
copying gunicorn/errors.py -> build/lib/gunicorn
copying gunicorn/config.py -> build/lib/gunicorn
copying gunicorn/reloader.py -> build/lib/gunicorn
copying gunicorn/arbiter.py -> build/lib/gunicorn
copying gunicorn/glogging.py -> build/lib/gunicorn
copying gunicorn/sock.py -> build/lib/gunicorn
copying gunicorn/debug.py -> build/lib/gunicorn
copying gunicorn/util.py -> build/lib/gunicorn
copying gunicorn/selectors.py -> build/lib/gunicorn
copying gunicorn/__init__.py -> build/lib/gunicorn
copying gunicorn/_compat.py -> build/lib/gunicorn
copying gunicorn/pidfile.py -> build/lib/gunicorn
creating build/lib/gunicorn/management
copying gunicorn/management/__init__.py -> build/lib/gunicorn/management
creating build/lib/gunicorn/instrument
copying gunicorn/instrument/statsd.py -> build/lib/gunicorn/instrument
copying gunicorn/instrument/__init__.py -> build/lib/gunicorn/instrument
creating build/lib/gunicorn/workers
copying gunicorn/workers/sync.py -> build/lib/gunicorn/workers
copying gunicorn/workers/geventlet.py -> build/lib/gunicorn/workers
copying gunicorn/workers/ggevent.py -> build/lib/gunicorn/workers
copying gunicorn/workers/workertmp.py -> build/lib/gunicorn/workers
copying gunicorn/workers/_gaiohttp.py -> build/lib/gunicorn/workers
copying gunicorn/workers/gthread.py -> build/lib/gunicorn/workers
copying gunicorn/workers/async.py -> build/lib/gunicorn/workers
copying gunicorn/workers/gtornado.py -> build/lib/gunicorn/workers
copying gunicorn/workers/__init__.py -> build/lib/gunicorn/workers
copying gunicorn/workers/gaiohttp.py -> build/lib/gunicorn/workers
copying gunicorn/workers/base.py -> build/lib/gunicorn/workers
creating build/lib/gunicorn/http
copying gunicorn/http/errors.py -> build/lib/gunicorn/http
copying gunicorn/http/unreader.py -> build/lib/gunicorn/http
copying gunicorn/http/parser.py -> build/lib/gunicorn/http
copying gunicorn/http/message.py -> build/lib/gunicorn/http
copying gunicorn/http/wsgi.py -> build/lib/gunicorn/http
copying gunicorn/http/__init__.py -> build/lib/gunicorn/http
copying gunicorn/http/body.py -> build/lib/gunicorn/http
copying gunicorn/http/_sendfile.py -> build/lib/gunicorn/http
creating build/lib/gunicorn/app
copying gunicorn/app/djangoapp.py -> build/lib/gunicorn/app
copying gunicorn/app/django_wsgi.py -> build/lib/gunicorn/app
copying gunicorn/app/pasterapp.py -> build/lib/gunicorn/app
copying gunicorn/app/wsgiapp.py -> build/lib/gunicorn/app
copying gunicorn/app/__init__.py -> build/lib/gunicorn/app
copying gunicorn/app/base.py -> build/lib/gunicorn/app
creating build/lib/gunicorn/management/commands
copying gunicorn/management/commands/__init__.py -> build/lib/gunicorn/management/commands
copying gunicorn/management/commands/run_gunicorn.py -> build/lib/gunicorn/management/commands
creating build/bdist.linux-x86_64
creating build/bdist.linux-x86_64/egg
creating build/bdist.linux-x86_64/egg/gunicorn
copying build/lib/gunicorn/six.py -> build/bdist.linux-x86_64/egg/gunicorn
copying build/lib/gunicorn/argparse_compat.py -> build/bdist.linux-x86_64/egg/gunicorn
copying build/lib/gunicorn/errors.py -> build/bdist.linux-x86_64/egg/gunicorn
copying build/lib/gunicorn/config.py -> build/bdist.linux-x86_64/egg/gunicorn
copying build/lib/gunicorn/reloader.py -> build/bdist.linux-x86_64/egg/gunicorn
creating build/bdist.linux-x86_64/egg/gunicorn/management
copying build/lib/gunicorn/management/__init__.py -> build/bdist.linux-x86_64/egg/gunicorn/management
creating build/bdist.linux-x86_64/egg/gunicorn/management/commands
copying build/lib/gunicorn/management/commands/__init__.py -> build/bdist.linux-x86_64/egg/gunicorn/management/commands
copying build/lib/gunicorn/management/commands/run_gunicorn.py -> build/bdist.linux-x86_64/egg/gunicorn/management/commands
copying build/lib/gunicorn/arbiter.py -> build/bdist.linux-x86_64/egg/gunicorn
copying build/lib/gunicorn/glogging.py -> build/bdist.linux-x86_64/egg/gunicorn
copying build/lib/gunicorn/sock.py -> build/bdist.linux-x86_64/egg/gunicorn
copying build/lib/gunicorn/debug.py -> build/bdist.linux-x86_64/egg/gunicorn
creating build/bdist.linux-x86_64/egg/gunicorn/instrument
copying build/lib/gunicorn/instrument/statsd.py -> build/bdist.linux-x86_64/egg/gunicorn/instrument
copying build/lib/gunicorn/instrument/__init__.py -> build/bdist.linux-x86_64/egg/gunicorn/instrument
creating build/bdist.linux-x86_64/egg/gunicorn/workers
copying build/lib/gunicorn/workers/sync.py -> build/bdist.linux-x86_64/egg/gunicorn/workers
copying build/lib/gunicorn/workers/geventlet.py -> build/bdist.linux-x86_64/egg/gunicorn/workers
copying build/lib/gunicorn/workers/ggevent.py -> build/bdist.linux-x86_64/egg/gunicorn/workers
copying build/lib/gunicorn/workers/workertmp.py -> build/bdist.linux-x86_64/egg/gunicorn/workers
copying build/lib/gunicorn/workers/_gaiohttp.py -> build/bdist.linux-x86_64/egg/gunicorn/workers
copying build/lib/gunicorn/workers/gthread.py -> build/bdist.linux-x86_64/egg/gunicorn/workers
copying build/lib/gunicorn/workers/async.py -> build/bdist.linux-x86_64/egg/gunicorn/workers
copying build/lib/gunicorn/workers/gtornado.py -> build/bdist.linux-x86_64/egg/gunicorn/workers
copying build/lib/gunicorn/workers/__init__.py -> build/bdist.linux-x86_64/egg/gunicorn/workers
copying build/lib/gunicorn/workers/gaiohttp.py -> build/bdist.linux-x86_64/egg/gunicorn/workers
copying build/lib/gunicorn/workers/base.py -> build/bdist.linux-x86_64/egg/gunicorn/workers
copying build/lib/gunicorn/util.py -> build/bdist.linux-x86_64/egg/gunicorn
copying build/lib/gunicorn/selectors.py -> build/bdist.linux-x86_64/egg/gunicorn
copying build/lib/gunicorn/__init__.py -> build/bdist.linux-x86_64/egg/gunicorn
creating build/bdist.linux-x86_64/egg/gunicorn/http
copying build/lib/gunicorn/http/errors.py -> build/bdist.linux-x86_64/egg/gunicorn/http
copying build/lib/gunicorn/http/unreader.py -> build/bdist.linux-x86_64/egg/gunicorn/http
copying build/lib/gunicorn/http/parser.py -> build/bdist.linux-x86_64/egg/gunicorn/http
copying build/lib/gunicorn/http/message.py -> build/bdist.linux-x86_64/egg/gunicorn/http
copying build/lib/gunicorn/http/wsgi.py -> build/bdist.linux-x86_64/egg/gunicorn/http
copying build/lib/gunicorn/http/__init__.py -> build/bdist.linux-x86_64/egg/gunicorn/http
copying build/lib/gunicorn/http/body.py -> build/bdist.linux-x86_64/egg/gunicorn/http
copying build/lib/gunicorn/http/_sendfile.py -> build/bdist.linux-x86_64/egg/gunicorn/http
creating build/bdist.linux-x86_64/egg/gunicorn/app
copying build/lib/gunicorn/app/djangoapp.py -> build/bdist.linux-x86_64/egg/gunicorn/app
copying build/lib/gunicorn/app/django_wsgi.py -> build/bdist.linux-x86_64/egg/gunicorn/app
copying build/lib/gunicorn/app/pasterapp.py -> build/bdist.linux-x86_64/egg/gunicorn/app
copying build/lib/gunicorn/app/wsgiapp.py -> build/bdist.linux-x86_64/egg/gunicorn/app
copying build/lib/gunicorn/app/__init__.py -> build/bdist.linux-x86_64/egg/gunicorn/app
copying build/lib/gunicorn/app/base.py -> build/bdist.linux-x86_64/egg/gunicorn/app
copying build/lib/gunicorn/_compat.py -> build/bdist.linux-x86_64/egg/gunicorn
copying build/lib/gunicorn/pidfile.py -> build/bdist.linux-x86_64/egg/gunicorn
byte-compiling build/bdist.linux-x86_64/egg/gunicorn/six.py to six.pyc
byte-compiling build/bdist.linux-x86_64/egg/gunicorn/argparse_compat.py to argparse_compat.pyc
byte-compiling build/bdist.linux-x86_64/egg/gunicorn/errors.py to errors.pyc
byte-compiling build/bdist.linux-x86_64/egg/gunicorn/config.py to config.pyc
byte-compiling build/bdist.linux-x86_64/egg/gunicorn/reloader.py to reloader.pyc
byte-compiling build/bdist.linux-x86_64/egg/gunicorn/management/__init__.py to __init__.pyc
byte-compiling build/bdist.linux-x86_64/egg/gunicorn/management/commands/__init__.py to __init__.pyc
byte-compiling build/bdist.linux-x86_64/egg/gunicorn/management/commands/run_gunicorn.py to run_gunicorn.pyc
byte-compiling build/bdist.linux-x86_64/egg/gunicorn/arbiter.py to arbiter.pyc
byte-compiling build/bdist.linux-x86_64/egg/gunicorn/glogging.py to glogging.pyc
byte-compiling build/bdist.linux-x86_64/egg/gunicorn/sock.py to sock.pyc
byte-compiling build/bdist.linux-x86_64/egg/gunicorn/debug.py to debug.pyc
byte-compiling build/bdist.linux-x86_64/egg/gunicorn/instrument/statsd.py to statsd.pyc
byte-compiling build/bdist.linux-x86_64/egg/gunicorn/instrument/__init__.py to __init__.pyc
byte-compiling build/bdist.linux-x86_64/egg/gunicorn/workers/sync.py to sync.pyc
byte-compiling build/bdist.linux-x86_64/egg/gunicorn/workers/geventlet.py to geventlet.pyc
byte-compiling build/bdist.linux-x86_64/egg/gunicorn/workers/ggevent.py to ggevent.pyc
byte-compiling build/bdist.linux-x86_64/egg/gunicorn/workers/workertmp.py to workertmp.pyc
byte-compiling build/bdist.linux-x86_64/egg/gunicorn/workers/_gaiohttp.py to _gaiohttp.pyc
  File "build/bdist.linux-x86_64/egg/gunicorn/workers/_gaiohttp.py", line 68
    yield from self.wsgi.close()
             ^
SyntaxError: invalid syntax

byte-compiling build/bdist.linux-x86_64/egg/gunicorn/workers/gthread.py to gthread.pyc
byte-compiling build/bdist.linux-x86_64/egg/gunicorn/workers/async.py to async.pyc
byte-compiling build/bdist.linux-x86_64/egg/gunicorn/workers/gtornado.py to gtornado.pyc
byte-compiling build/bdist.linux-x86_64/egg/gunicorn/workers/__init__.py to __init__.pyc
byte-compiling build/bdist.linux-x86_64/egg/gunicorn/workers/gaiohttp.py to gaiohttp.pyc
byte-compiling build/bdist.linux-x86_64/egg/gunicorn/workers/base.py to base.pyc
byte-compiling build/bdist.linux-x86_64/egg/gunicorn/util.py to util.pyc
byte-compiling build/bdist.linux-x86_64/egg/gunicorn/selectors.py to selectors.pyc
byte-compiling build/bdist.linux-x86_64/egg/gunicorn/__init__.py to __init__.pyc
byte-compiling build/bdist.linux-x86_64/egg/gunicorn/http/errors.py to errors.pyc
byte-compiling build/bdist.linux-x86_64/egg/gunicorn/http/unreader.py to unreader.pyc
byte-compiling build/bdist.linux-x86_64/egg/gunicorn/http/parser.py to parser.pyc
byte-compiling build/bdist.linux-x86_64/egg/gunicorn/http/message.py to message.pyc
byte-compiling build/bdist.linux-x86_64/egg/gunicorn/http/wsgi.py to wsgi.pyc
byte-compiling build/bdist.linux-x86_64/egg/gunicorn/http/__init__.py to __init__.pyc
byte-compiling build/bdist.linux-x86_64/egg/gunicorn/http/body.py to body.pyc
byte-compiling build/bdist.linux-x86_64/egg/gunicorn/http/_sendfile.py to _sendfile.pyc
byte-compiling build/bdist.linux-x86_64/egg/gunicorn/app/djangoapp.py to djangoapp.pyc
byte-compiling build/bdist.linux-x86_64/egg/gunicorn/app/django_wsgi.py to django_wsgi.pyc
byte-compiling build/bdist.linux-x86_64/egg/gunicorn/app/pasterapp.py to pasterapp.pyc
byte-compiling build/bdist.linux-x86_64/egg/gunicorn/app/wsgiapp.py to wsgiapp.pyc
byte-compiling build/bdist.linux-x86_64/egg/gunicorn/app/__init__.py to __init__.pyc
byte-compiling build/bdist.linux-x86_64/egg/gunicorn/app/base.py to base.pyc
byte-compiling build/bdist.linux-x86_64/egg/gunicorn/_compat.py to _compat.pyc
byte-compiling build/bdist.linux-x86_64/egg/gunicorn/pidfile.py to pidfile.pyc
creating build/bdist.linux-x86_64/egg/EGG-INFO
copying gunicorn.egg-info/PKG-INFO -> build/bdist.linux-x86_64/egg/EGG-INFO
copying gunicorn.egg-info/SOURCES.txt -> build/bdist.linux-x86_64/egg/EGG-INFO
copying gunicorn.egg-info/dependency_links.txt -> build/bdist.linux-x86_64/egg/EGG-INFO
copying gunicorn.egg-info/entry_points.txt -> build/bdist.linux-x86_64/egg/EGG-INFO
copying gunicorn.egg-info/not-zip-safe -> build/bdist.linux-x86_64/egg/EGG-INFO
copying gunicorn.egg-info/top_level.txt -> build/bdist.linux-x86_64/egg/EGG-INFO
creating dist
creating 'dist/gunicorn-19.3.0-py2.7.egg' and adding 'build/bdist.linux-x86_64/egg' to it
removing 'build/bdist.linux-x86_64/egg' (and everything under it)
Processing gunicorn-19.3.0-py2.7.egg
creating /home/ubuntu/miniconda/envs/_build/lib/python2.7/site-packages/gunicorn-19.3.0-py2.7.egg
Extracting gunicorn-19.3.0-py2.7.egg to /home/ubuntu/miniconda/envs/_build/lib/python2.7/site-packages
  File "/home/ubuntu/miniconda/envs/_build/lib/python2.7/site-packages/gunicorn-19.3.0-py2.7.egg/gunicorn/workers/_gaiohttp.py", line 68
    yield from self.wsgi.close()
             ^
SyntaxError: invalid syntax

Adding gunicorn 19.3.0 to easy-install.pth file
Installing gunicorn_paster script to /home/ubuntu/miniconda/envs/_build/bin
Installing gunicorn script to /home/ubuntu/miniconda/envs/_build/bin
Installing gunicorn_django script to /home/ubuntu/miniconda/envs/_build/bin

Installed /home/ubuntu/miniconda/envs/_build/lib/python2.7/site-packages/gunicorn-19.3.0-py2.7.egg
Processing dependencies for gunicorn==19.3.0
Finished processing dependencies for gunicorn==19.3.0
Compiling /home/ubuntu/miniconda/envs/_build/lib/python2.7/site-packages/gunicorn-19.3.0-py2.7.egg/gunicorn/workers/_gaiohttp.py ...
  File "/home/ubuntu/miniconda/envs/_build/lib/python2.7/site-packages/gunicorn-19.3.0-py2.7.egg/gunicorn/workers/_gaiohttp.py", line 68
    yield from self.wsgi.close()
             ^
SyntaxError: invalid syntax


The following NEW packages will be INSTALLED:

    openssl:    1.0.1k-1    
    pip:        7.0.1-py27_0
    python:     2.7.10-0    
    readline:   6.2-2       
    setuptools: 17.0-py27_0 
    sqlite:     3.8.4.1-1   
    system:     5.8-2       
    tk:         8.5.18-0    
    zlib:       1.2.8-0     

Linking packages ...
[                    ]|                                                  |   0%[openssl             ]|                                                  |   0%[readline            ]|#####                                             |  11%[sqlite              ]|###########                                       |  22%[system              ]|################                                  |  33%[tk                  ]|######################                            |  44%[zlib                ]|###########################                       |  55%[python              ]|#################################                 |  66%[setuptools          ]|######################################            |  77%[pip                 ]|############################################      |  88%[      COMPLETE      ]|##################################################| 100%
Removing old work directory
Source cache directory is: /home/ubuntu/miniconda/conda-bld/src_cache
Found source in cache: gunicorn-19.3.0.tar.gz
Extracting download
Package: gunicorn-19.3.0-py27_0
source tree in: /home/ubuntu/miniconda/conda-bld/work/gunicorn-19.3.0
compiling .pyc files...
Command failed: /home/ubuntu/miniconda/envs/_build/bin/python -Wi /home/ubuntu/miniconda/envs/_build/lib/python2.7/compileall.py -q -x port_v3 /home/ubuntu/miniconda/envs/_build/lib/python2.7/site-packages
