Warning, the following versions were found for hacking
0.10.2
0.10.1
0.10.0
0.9.6
0.9.5
0.9.4
0.9.3
0.9.2
0.9.1
0.9.0
0.8.1
0.8.0
0.7.2
0.7.1
0.7.0
0.6.0
0.5.6
0.5.5
0.5.4
0.5.3
0.5.2
0.5.1
0.5.0
Using 0.10.2
Use --version to specify a different version.
Using url https://pypi.python.org/packages/source/h/hacking/hacking-0.10.2.tar.gz (40 KB) for hacking.
Downloading hacking (use --no-download to skip this step)
Using cached download
Unpacking hacking...
done
working in /tmp/tmpjBdv27conda_skeleton_hacking-0.10.2.tar.gz
Fetching package metadata: ......
Solving package specifications: .patching file core.py
Hunk #1 succeeded at 168 with fuzz 2 (offset 2 lines).

The following NEW packages will be INSTALLED:

    numpy:  1.9.2-py27_0
    pyyaml: 3.11-py27_0 
    yaml:   0.1.4-0     

Linking packages ...
[                    ]|                                                  |   0%[yaml                ]|                                                  |   0%[numpy               ]|################                                  |  33%[pyyaml              ]|#################################                 |  66%[      COMPLETE      ]|##################################################| 100%
Applying patch: '/tmp/tmpjBdv27conda_skeleton_hacking-0.10.2.tar.gz/pypi-distutils.patch'
Writing recipe for hacking
Done
