Package search: {'_pypi_ordering': False, 'version': '0.9.6', 'name': 'hacking', 'summary': 'OpenStack Hacking Guideline Enforcement'}
Fetching package metadata: ....
Fetching package metadata: ....
Solving package specifications: .
Package plan for installation in environment /home/ubuntu/miniconda/envs/_pipbuild_:

The following NEW packages will be INSTALLED:

    openssl:    1.0.1k-1    
    pip:        7.0.1-py27_0
    python:     2.7.10-0    
    readline:   6.2-2       
    setuptools: 17.0-py27_0 
    sqlite:     3.8.4.1-1   
    system:     5.8-2       
    tk:         8.5.18-0    
    zlib:       1.2.8-0     

Linking packages ...
[                    ]|                                                  |   0%[openssl             ]|                                                  |   0%[readline            ]|#####                                             |  11%[sqlite              ]|###########                                       |  22%[system              ]|################                                  |  33%[tk                  ]|######################                            |  44%[zlib                ]|###########################                       |  55%[python              ]|#################################                 |  66%[setuptools          ]|######################################            |  77%[pip                 ]|############################################      |  88%[      COMPLETE      ]|##################################################| 100%
#
# To activate this environment, use:
# $ source activate _pipbuild_
#
# To deactivate this environment, use:
# $ source deactivate
#
You are using pip version 7.0.1, however version 7.0.3 is available.
You should consider upgrading via the 'pip install --upgrade pip' command.
Collecting hacking==0.9.6
  Could not find a version that satisfies the requirement hacking==0.9.6 (from versions: 0.5.0, 0.5.1, 0.5.2, 0.5.3, 0.5.4, 0.5.5, 0.5.6, 0.6.0, 0.7.0, 0.7.1, 0.7.2, 0.8.0, 0.8.1, 0.9.0, 0.9.1, 0.9.2, 0.9.3, 0.9.4, 0.9.5, 0.10.0, 0.10.1)
No matching distribution found for hacking==0.9.6
Creating standard recipe for hacking-0.9.6
Error: directory already exists: ./hacking

conda create -n _pipbuild_ --yes python pip
/home/ubuntu/miniconda/envs/_pipbuild_/bin/pip install hacking==0.9.6
Error: Could not pip install hacking==0.9.6
