Package search: {'_pypi_ordering': False, 'version': '2.4.1', 'name': 'helper', 'summary': 'Development library for quickly writing configurable applications and daemons'}
Fetching package metadata: ....
Removing old build directory
Removing old work directory
BUILD START: helper-2.4.1-py27_0
Fetching package metadata: ......
Solving package specifications: .+ pip install helper
You are using pip version 7.0.1, however version 7.0.3 is available.
You should consider upgrading via the 'pip install --upgrade pip' command.
Collecting helper
  Downloading http://localhost/packages/source/h/helper/helper-2.4.1.tar.gz
Requirement already satisfied (use --upgrade to upgrade): pyyaml in /home/ubuntu/miniconda/envs/_build/lib/python2.7/site-packages (from helper)
Installing collected packages: helper
  Running setup.py install for helper
Successfully installed helper-2.4.1

The following NEW packages will be INSTALLED:

    openssl:    1.0.1k-1    
    pip:        7.0.1-py27_0
    python:     2.7.10-0    
    pyyaml:     3.11-py27_0 
    readline:   6.2-2       
    setuptools: 17.0-py27_0 
    sqlite:     3.8.4.1-1   
    system:     5.8-2       
    tk:         8.5.18-0    
    yaml:       0.1.4-0     
    zlib:       1.2.8-0     

Linking packages ...
[                    ]|                                                  |   0%[openssl             ]|                                                  |   0%[readline            ]|####                                              |   9%[sqlite              ]|#########                                         |  18%[system              ]|#############                                     |  27%[tk                  ]|##################                                |  36%[yaml                ]|######################                            |  45%[zlib                ]|###########################                       |  54%[python              ]|###############################                   |  63%[pyyaml              ]|####################################              |  72%[setuptools          ]|########################################          |  81%[pip                 ]|#############################################     |  90%[      COMPLETE      ]|##################################################| 100%
Removing old work directory
Copying /home/ubuntu/pypi-conda-builds/helper to /home/ubuntu/miniconda/conda-bld/work
Package: helper-2.4.1-py27_0
source tree in: /home/ubuntu/miniconda/conda-bld/work
number of files: 22
Fixing permissions
Fixing permissions
BUILD END: helper-2.4.1-py27_0
# If you want to upload this package to binstar.org later, type:
#
# $ binstar upload /home/ubuntu/miniconda/conda-bld/linux-64/helper-2.4.1-py27_0.tar.bz2
#
# To have conda build upload to binstar automatically, use
# $ conda config --set binstar_upload yes

Creating standard recipe for helper-2.4.1
Converting recipe in /home/ubuntu/pypi-conda-builds/helper
package = helper
   dependencies = [u'pyyaml']
Building conda package for helper
