Warning, the following versions were found for helper
2.4.1
2.4.0
2.3.1
2.3.0
2.2.3
2.2.2
2.2.1
2.1.1
2.1.0
2.0.5
2.0.4
2.0.3
2.0.2
2.0.1
2.0.0
Using 2.4.1
Use --version to specify a different version.
Using url https://pypi.python.org/packages/source/h/helper/helper-2.4.1.tar.gz (17 KB) for helper.
Downloading helper (use --no-download to skip this step)
Using cached download
Unpacking helper...
done
working in /tmp/tmpG0u48fconda_skeleton_helper-2.4.1.tar.gz
Fetching package metadata: ......
Solving package specifications: .patching file core.py
Hunk #1 succeeded at 168 with fuzz 2 (offset 2 lines).

Applying patch: '/tmp/tmpG0u48fconda_skeleton_helper-2.4.1.tar.gz/pypi-distutils.patch'
Writing recipe for helper
Done
