Removing old build directory
Removing old work directory
BUILD START: hiredis-0.2.0-py_0
Fetching package metadata: ......
Solving package specifications: .+ pip install hiredis
Collecting hiredis
  Downloading http://localhost/packages/source/h/hiredis/hiredis-0.2.0.tar.gz (46kB)
Installing collected packages: hiredis
  Running setup.py install for hiredis
Successfully installed hiredis-0.2.0

The following NEW packages will be INSTALLED:

    openssl:    1.0.1k-1    
    pip:        7.0.3-py27_0
    python:     2.7.10-0    
    readline:   6.2-2       
    setuptools: 17.0-py27_0 
    sqlite:     3.8.4.1-1   
    system:     5.8-2       
    tk:         8.5.18-0    
    zlib:       1.2.8-0     

Linking packages ...
[                    ]|                                                  |   0%[openssl             ]|                                                  |   0%[readline            ]|#####                                             |  11%[sqlite              ]|###########                                       |  22%[system              ]|################                                  |  33%[tk                  ]|######################                            |  44%[zlib                ]|###########################                       |  55%[python              ]|#################################                 |  66%[setuptools          ]|######################################            |  77%[pip                 ]|############################################      |  88%[      COMPLETE      ]|##################################################| 100%
Removing old work directory
Copying /home/ubuntu/pypi-conda-builds/hiredis to /home/ubuntu/miniconda/conda-bld/work
Package: hiredis-0.2.0-py_0
source tree in: /home/ubuntu/miniconda/conda-bld/work
number of files: 10
Fixing permissions
patchelf: file: /home/ubuntu/miniconda/envs/_build/lib/python2.7/site-packages/hiredis/hiredis.so
    setting rpath to: $ORIGIN/../../..
[noarch_python] Error: Shared object file found: lib/python2.7/site-packages/hiredis/hiredis.so
Package search: {'_pypi_ordering': False, 'version': '0.2.0', 'name': 'hiredis', 'summary': 'Python wrapper for hiredis'}
Creating standard recipe for hiredis-0.2.0
Converting recipe in /home/ubuntu/pypi-conda-builds/hiredis
package = hiredis
   dependencies = []
Building conda package for hiredis
