Warning, the following versions were found for hiredis
0.2.0
0.1.6
0.1.5
0.1.4
0.1.3
0.1.2
0.1.1
0.1.0
0.0.4
0.0.3
0.0.1
Using 0.2.0
Use --version to specify a different version.
Using url https://pypi.python.org/packages/source/h/hiredis/hiredis-0.2.0.tar.gz (45 KB) for hiredis.
Downloading hiredis (use --no-download to skip this step)
Using cached download
Unpacking hiredis...
done
working in /tmp/tmp0FRa8Iconda_skeleton_hiredis-0.2.0.tar.gz
Fetching package metadata: ......
Solving package specifications: .patching file core.py
Hunk #1 succeeded at 168 with fuzz 2 (offset 2 lines).

Applying patch: '/tmp/tmp0FRa8Iconda_skeleton_hiredis-0.2.0.tar.gz/pypi-distutils.patch'
Writing recipe for hiredis
Done
