Warning, the following versions were found for html5lib
1.0b6
1.0b5
1.0b3
1.0b2
1.0b1
0.99999
0.9999
0.999
0.99
0.95
0.90
0.11.1
0.11
0.10
0.9
0.2
Using 1.0b6
Use --version to specify a different version.
Using url https://pypi.python.org/packages/source/h/html5lib/html5lib-1.0b6.tar.gz (867 KB) for html5lib.
Downloading html5lib (use --no-download to skip this step)
Unpacking html5lib...
done
working in /tmp/tmpsFc_ficonda_skeleton_html5lib-1.0b6.tar.gz
Fetching package metadata: ......
Solving package specifications: .patching file core.py
Hunk #1 succeeded at 168 with fuzz 2 (offset 2 lines).

The following NEW packages will be INSTALLED:

    numpy:  1.9.2-py27_0
    pyyaml: 3.11-py27_0 
    yaml:   0.1.4-0     

Linking packages ...
[                    ]|                                                  |   0%[yaml                ]|                                                  |   0%[numpy               ]|################                                  |  33%[pyyaml              ]|#################################                 |  66%[      COMPLETE      ]|##################################################| 100%
Applying patch: '/tmp/tmpsFc_ficonda_skeleton_html5lib-1.0b6.tar.gz/pypi-distutils.patch'
Writing recipe for html5lib
Done
