Warning, the following versions were found for html2text
2015.6.12
2015.6.6
2015.6.5
2015.4.14
2015.4.13
2015.2.18
2014.12.29
2014.12.24
2014.12.5
2014.9.25
2014.9.8
2014.9.7
2014.7.3
2014.4.5
3.200.3
3.200.2
3.200.1
3.200.0
3.101
3.02
3.01
3.1
2.40
2.39
2.38
2.37
2.35
Using 2015.6.12
Use --version to specify a different version.
Using url https://pypi.python.org/packages/source/h/html2text/html2text-2015.6.12.tar.gz (39 KB) for html2text.
Downloading html2text (use --no-download to skip this step)
Unpacking html2text...
done
working in /tmp/tmpoHm1gCconda_skeleton_html2text-2015.6.12.tar.gz
Fetching package metadata: ......
Solving package specifications: .patching file core.py
Hunk #1 succeeded at 168 with fuzz 2 (offset 2 lines).

The following NEW packages will be INSTALLED:

    numpy:  1.9.2-py27_0
    pyyaml: 3.11-py27_0 

Linking packages ...
[                    ]|                                                  |   0%[numpy               ]|                                                  |   0%[pyyaml              ]|#########################                         |  50%[      COMPLETE      ]|##################################################| 100%
Applying patch: '/tmp/tmpoHm1gCconda_skeleton_html2text-2015.6.12.tar.gz/pypi-distutils.patch'
Writing recipe for html2text
Done
