Warning, the following versions were found for httmock
1.2.3
1.2.2
1.2.1
1.2
1.1.1
1.1
1.0.7
1.0.6
1.0.5
1.0.4
1.0.3
1.0.2
1.0.1
1.0
Using 1.2.3
Use --version to specify a different version.
Using url https://pypi.python.org/packages/source/h/httmock/httmock-1.2.3.tar.gz (4 KB) for httmock.
Downloading httmock (use --no-download to skip this step)
Using cached download
Unpacking httmock...
done
working in /tmp/tmpQ9YjVZconda_skeleton_httmock-1.2.3.tar.gz
Fetching package metadata: ......
Solving package specifications: .patching file core.py
Hunk #1 succeeded at 168 with fuzz 2 (offset 2 lines).
Traceback (most recent call last):
  File "setup.py", line 3, in <module>
    from setuptools import setup
ImportError: No module named setuptools

Applying patch: '/tmp/tmpQ9YjVZconda_skeleton_httmock-1.2.3.tar.gz/pypi-distutils.patch'
$PYTHONPATH = /tmp/tmpQ9YjVZconda_skeleton_httmock-1.2.3.tar.gz/httmock-1.2.3
Error: command failed: /home/ubuntu/miniconda/envs/_build/bin/python setup.py install
