Warning, the following versions were found for httplib2
0.9.1
0.9
0.8
0.7.7
0.7.6
0.7.5
0.7.4
0.7.3
0.7.2
0.7.1
0.7.0
Using 0.9.1
Use --version to specify a different version.
Using url https://pypi.python.org/packages/source/h/httplib2/httplib2-0.9.1.tar.gz (200 KB) for httplib2.
Downloading httplib2 (use --no-download to skip this step)
Using cached download
Unpacking httplib2...
done
working in /tmp/tmpoWqG1Cconda_skeleton_httplib2-0.9.1.tar.gz
Fetching package metadata: ......
Solving package specifications: .patching file core.py
Hunk #1 succeeded at 168 with fuzz 2 (offset 2 lines).

The following NEW packages will be INSTALLED:

    numpy:  1.9.2-py27_0
    pyyaml: 3.11-py27_0 

Linking packages ...
[                    ]|                                                  |   0%[numpy               ]|                                                  |   0%[pyyaml              ]|#########################                         |  50%[      COMPLETE      ]|##################################################| 100%
Applying patch: '/tmp/tmpoWqG1Cconda_skeleton_httplib2-0.9.1.tar.gz/pypi-distutils.patch'
Writing recipe for httplib2
Done
