Package search: {'_pypi_ordering': False, 'version': '0.8.10', 'name': 'httpretty', 'summary': 'HTTP client mock for Python'}
Fetching package metadata: ....
Removing old build directory
Removing old work directory
BUILD START: httpretty-0.8.10-py27_0
Fetching package metadata: ......
Solving package specifications: .+ pip install httpretty
Collecting httpretty
  Downloading http://localhost/packages/2.7/h/httpretty/httpretty-0.8.9-py2-none-any.whl
Installing collected packages: httpretty
Successfully installed httpretty-0.8.9

The following NEW packages will be INSTALLED:

    openssl:    1.0.1k-1    
    pip:        7.0.3-py27_0
    python:     2.7.10-0    
    readline:   6.2-2       
    setuptools: 17.0-py27_0 
    sqlite:     3.8.4.1-1   
    system:     5.8-2       
    tk:         8.5.18-0    
    zlib:       1.2.8-0     

Linking packages ...
[                    ]|                                                  |   0%[openssl             ]|                                                  |   0%[readline            ]|#####                                             |  11%[sqlite              ]|###########                                       |  22%[system              ]|################                                  |  33%[tk                  ]|######################                            |  44%[zlib                ]|###########################                       |  55%[python              ]|#################################                 |  66%[setuptools          ]|######################################            |  77%[pip                 ]|############################################      |  88%[      COMPLETE      ]|##################################################| 100%
Removing old work directory
Copying /home/ubuntu/pypi-conda-builds/httpretty to /home/ubuntu/miniconda/conda-bld/work
Package: httpretty-0.8.10-py27_0
source tree in: /home/ubuntu/miniconda/conda-bld/work
number of files: 18
Fixing permissions
Fixing permissions
BUILD END: httpretty-0.8.10-py27_0
# If you want to upload this package to binstar.org later, type:
#
# $ binstar upload /home/ubuntu/miniconda/conda-bld/linux-64/httpretty-0.8.10-py27_0.tar.bz2
#
# To have conda build upload to binstar automatically, use
# $ conda config --set binstar_upload yes

Creating standard recipe for httpretty-0.8.10
Converting recipe in /home/ubuntu/pypi-conda-builds/httpretty
package = httpretty
   dependencies = []
Building conda package for httpretty
