Warning, the following versions were found for httpie
0.9.2
0.9.1
0.9.0
0.8.0
0.7.2
0.7.0
0.6.0
0.5.1
0.5.0
0.4.1
0.4.0
0.3.1
0.3.0
0.2.7
0.2.6
0.2.5
0.2.4
0.2.4dev
0.2.3
0.2.2
0.2.1
0.2.0
0.1.6
0.1.5
0.1.4
0.1.3
0.1.2
0.1.1
0.1
Using 0.9.2
Use --version to specify a different version.
Using url https://pypi.python.org/packages/source/h/httpie/httpie-0.9.2.tar.gz (71 KB) for httpie.
Downloading httpie (use --no-download to skip this step)
Using cached download
Unpacking httpie...
done
working in /tmp/tmp8uQ6Mmconda_skeleton_httpie-0.9.2.tar.gz
Fetching package metadata: ......
Solving package specifications: .patching file core.py
Hunk #1 succeeded at 168 with fuzz 2 (offset 2 lines).
Traceback (most recent call last):
  File "setup.py", line 6, in <module>
    from setuptools import setup, find_packages
ImportError: No module named setuptools

Applying patch: '/tmp/tmp8uQ6Mmconda_skeleton_httpie-0.9.2.tar.gz/pypi-distutils.patch'
$PYTHONPATH = /tmp/tmp8uQ6Mmconda_skeleton_httpie-0.9.2.tar.gz/httpie-0.9.2
Error: command failed: /home/ubuntu/miniconda/envs/_build/bin/python setup.py install
