Warning, the following versions were found for http-parser
0.8.3
0.8.2
0.8.1
0.8.0
0.7.12
0.7.11
0.7.10
0.7.8
0.7.7
0.7.6
0.7.5
0.7.4
0.7.3
0.7.2
0.7.1
0.7.0
0.6.3
0.6.2
0.6.1
0.6.0
0.5.4
0.5.3
0.5.2
0.5.1
0.5.0
0.4.1
0.3.3
0.3.2
0.3.1
0.3.0
0.2.0
0.1.3
0.1.2
0.1.1
0.1.0
Using 0.8.3
Use --version to specify a different version.
Using url https://pypi.python.org/packages/source/h/http-parser/http-parser-0.8.3.tar.gz (81 KB) for http-parser.
Downloading http-parser (use --no-download to skip this step)
Using cached download
Unpacking http-parser...
done
working in /tmp/tmpSbICa_conda_skeleton_http-parser-0.8.3.tar.gz
Fetching package metadata: ......
Solving package specifications: .patching file core.py
Hunk #1 succeeded at 168 with fuzz 2 (offset 2 lines).

Applying patch: '/tmp/tmpSbICa_conda_skeleton_http-parser-0.8.3.tar.gz/pypi-distutils.patch'
Writing recipe for http-parser
Done
