Package search: {'_pypi_ordering': False, 'version': '0.8.10', 'name': 'httpretty', 'summary': 'HTTP client mock for Python'}
Fetching package metadata: ....
Error: prefix already exists: /home/ubuntu/miniconda/envs/_pipbuild_
You are using pip version 7.0.1, however version 7.0.3 is available.
You should consider upgrading via the 'pip install --upgrade pip' command.
Collecting httpretty==0.8.10
  Could not find a version that satisfies the requirement httpretty==0.8.10 (from versions: 0.1, 0.2, 0.3, 0.4, 0.5, 0.5.1, 0.5.2, 0.5.3, 0.5.4, 0.5.5, 0.5.6, 0.5.7, 0.5.8, 0.5.9, 0.5.10, 0.5.11, 0.5.12, 0.5.13, 0.5.14, 0.6.0, 0.6.1, 0.6.2, 0.6.3, 0.6.4, 0.6.5, 0.7.0, 0.7.1, 0.8.0, 0.8.1, 0.8.2, 0.8.3, 0.8.4, 0.8.5, 0.8.6, 0.8.7, 0.8.8, 0.8.9)
No matching distribution found for httpretty==0.8.10
Creating standard recipe for httpretty-0.8.10
Using url https://pypi.python.org/packages/source/h/httpretty/httpretty-0.8.10.tar.gz (41 KB) for httpretty.
Downloading httpretty (use --no-download to skip this step)
Using cached download
Unpacking httpretty...
done
working in /tmp/tmpKEBlzmconda_skeleton_httpretty-0.8.10.tar.gz
Fetching package metadata: ......
Solving package specifications: .patching file core.py
Hunk #1 succeeded at 168 with fuzz 2 (offset 2 lines).
An unexpected error has occurred, please consider sending the
following traceback to the conda GitHub issue tracker at:

    https://github.com/conda/conda-build/issues

Include the output of the command 'conda info' in your report.



Applying patch: '/tmp/tmpKEBlzmconda_skeleton_httpretty-0.8.10.tar.gz/pypi-distutils.patch'
Traceback (most recent call last):
  File "/home/ubuntu/miniconda/bin/conda-skeleton", line 6, in <module>
    exec(compile(open(__file__).read(), __file__, 'exec'))
  File "/home/ubuntu/conda-build/bin/conda-skeleton", line 5, in <module>
    sys.exit(main())
  File "/home/ubuntu/conda-build/conda_build/main_skeleton.py", line 231, in main
    args_func(args, p)
  File "/home/ubuntu/conda-build/conda_build/main_build.py", line 346, in args_func
    args.func(args, p)
  File "/home/ubuntu/conda-build/conda_build/main_skeleton.py", line 245, in execute
    pypi.main(args, parser)
  File "/home/ubuntu/conda-build/conda_build/pypi.py", line 388, in main
    get_package_metadata(args, package, d, data)
  File "/home/ubuntu/conda-build/conda_build/pypi.py", line 584, in get_package_metadata
    d['tests_require'] = INDENT.join(sorted(pkginfo['tests_require']))
TypeError: sequence item 0: expected string, list found

conda create -n _pipbuild_ --yes python pip
/home/ubuntu/miniconda/envs/_pipbuild_/bin/pip install httpretty==0.8.10
Error: Could not pip install httpretty==0.8.10
