Warning, the following versions were found for humanfriendly
1.27
1.26
1.25.1
1.25
1.24
1.23.1
1.23
1.22
1.21
1.20
1.19
1.17
1.16
1.15
1.14
1.13
1.11
1.10
1.9.6
1.9.4
1.9.3
1.9.2
1.9.1
1.9
1.8.6
1.8.4
1.8.3
1.8.2
1.8.1
1.8
1.7.1
1.7
1.6
1.5
1.4.2
1.4.1
Using 1.27
Use --version to specify a different version.
Using url https://pypi.python.org/packages/source/h/humanfriendly/humanfriendly-1.27.tar.gz (26 KB) for humanfriendly.
Downloading humanfriendly (use --no-download to skip this step)
Using cached download
Unpacking humanfriendly...
done
working in /tmp/tmpsohfUxconda_skeleton_humanfriendly-1.27.tar.gz
Fetching package metadata: ......
Solving package specifications: .patching file core.py
Hunk #1 succeeded at 168 with fuzz 2 (offset 2 lines).
Traceback (most recent call last):
  File "setup.py", line 15, in <module>
    from setuptools import find_packages, setup
ImportError: No module named setuptools

Applying patch: '/tmp/tmpsohfUxconda_skeleton_humanfriendly-1.27.tar.gz/pypi-distutils.patch'
$PYTHONPATH = /tmp/tmpsohfUxconda_skeleton_humanfriendly-1.27.tar.gz/humanfriendly-1.27
Error: command failed: /home/ubuntu/miniconda/envs/_build/bin/python setup.py install
