Warning, the following versions were found for icalendar
3.9.0
3.8.4
3.8.3
3.8.2
3.8.1
3.8
3.7
3.6.2
3.6.1
3.6
3.5
3.4
3.3
3.2
3.1
3.0.1b2
3.0.1b1
3.0
2.2
2.1
2.0.1
2.0
1.2
1.1
Using 3.9.0
Use --version to specify a different version.
Using url https://pypi.python.org/packages/source/i/icalendar/icalendar-3.9.0.tar.gz (61 KB) for icalendar.
Downloading icalendar (use --no-download to skip this step)
Using cached download
Unpacking icalendar...
done
working in /tmp/tmp4ZXyMiconda_skeleton_icalendar-3.9.0.tar.gz
Fetching package metadata: ......
Solving package specifications: .patching file core.py
Hunk #1 succeeded at 168 with fuzz 2 (offset 2 lines).

The following NEW packages will be INSTALLED:

    numpy:  1.9.2-py27_0
    pyyaml: 3.11-py27_0 

Linking packages ...
[                    ]|                                                  |   0%[numpy               ]|                                                  |   0%[pyyaml              ]|#########################                         |  50%[      COMPLETE      ]|##################################################| 100%
Applying patch: '/tmp/tmp4ZXyMiconda_skeleton_icalendar-3.9.0.tar.gz/pypi-distutils.patch'
Writing recipe for icalendar
Done
