Warning, the following versions were found for idna
2.0
1.1
1.0
0.9
0.8
0.7
0.6
0.5
0.4
0.3
0.2
0.1
Using 2.0
Use --version to specify a different version.
Using url https://pypi.python.org/packages/source/i/idna/idna-2.0.tar.gz (132 KB) for idna.
Downloading idna (use --no-download to skip this step)
Using cached download
Unpacking idna...
done
working in /tmp/tmpujPuaFconda_skeleton_idna-2.0.tar.gz
Fetching package metadata: ......
Solving package specifications: .patching file core.py
Hunk #1 succeeded at 168 with fuzz 2 (offset 2 lines).
Traceback (most recent call last):
  File "setup.py", line 10, in <module>
    from setuptools import setup
ImportError: No module named setuptools

Applying patch: '/tmp/tmpujPuaFconda_skeleton_idna-2.0.tar.gz/pypi-distutils.patch'
$PYTHONPATH = /tmp/tmpujPuaFconda_skeleton_idna-2.0.tar.gz/idna-2.0
Error: command failed: /home/ubuntu/miniconda/envs/_build/bin/python setup.py install
