Warning, the following versions were found for importlib
1.0.3
1.0.2
1.0.1
1.0
Using 1.0.3
Use --version to specify a different version.
Using url https://pypi.python.org/packages/source/i/importlib/importlib-1.0.3.tar.bz2 (2 KB) for importlib.
Downloading importlib (use --no-download to skip this step)
Using cached download
Unpacking importlib...
done
working in /tmp/tmpa8JMu6conda_skeleton_importlib-1.0.3.tar.bz2
Fetching package metadata: ......
Solving package specifications: .patching file core.py
Hunk #1 succeeded at 168 with fuzz 2 (offset 2 lines).

The following NEW packages will be INSTALLED:

    numpy:  1.9.2-py27_0
    pyyaml: 3.11-py27_0 
    yaml:   0.1.4-0     

Linking packages ...
[                    ]|                                                  |   0%[yaml                ]|                                                  |   0%[numpy               ]|################                                  |  33%[pyyaml              ]|#################################                 |  66%[      COMPLETE      ]|##################################################| 100%
Applying patch: '/tmp/tmpa8JMu6conda_skeleton_importlib-1.0.3.tar.bz2/pypi-distutils.patch'
Writing recipe for importlib
Done
