Error: prefix already exists: /home/ubuntu/miniconda/envs/_pipbuild_
Collecting importlib==1.0.3
  Downloading http://localhost/packages/source/i/importlib/importlib-1.0.3.tar.bz2
Installing collected packages: importlib
  Running setup.py install for importlib
Successfully installed importlib-1.0.3
Fetching package metadata: ....

Package plan for package removal in environment /home/ubuntu/miniconda/envs/_pipbuild_:

The following packages will be REMOVED:

    openssl:    1.0.1k-1    
    pip:        7.0.3-py27_0
    python:     2.7.10-0    
    readline:   6.2-2       
    setuptools: 17.0-py27_0 
    sqlite:     3.8.4.1-1   
    system:     5.8-2       
    tk:         8.5.18-0    
    zlib:       1.2.8-0     

Unlinking packages ...
[                    ]|                                                  |   0%[openssl             ]|                                                  |   0%[pip                 ]|#####                                             |  11%[python              ]|###########                                       |  22%[readline            ]|################                                  |  33%[setuptools          ]|######################                            |  44%[sqlite              ]|###########################                       |  55%[system              ]|#################################                 |  66%[tk                  ]|######################################            |  77%[zlib                ]|############################################      |  88%[      COMPLETE      ]|##################################################| 100%
Removing old build directory
Removing old work directory
BUILD START: importlib-1.0.3-py_0
Fetching package metadata: ......
Solving package specifications: .+ pip install importlib==1.0.3
Collecting importlib==1.0.3
  Downloading http://localhost/packages/source/i/importlib/importlib-1.0.3.tar.bz2
setuptools must be installed to install from a source distribution

The following NEW packages will be INSTALLED:

    openssl:    1.0.1k-1     
    pip:        7.0.3-py27_0 
    python:     2.7.10-0     
    readline:   6.2-2        
    setuptools: 17.1.1-py27_0
    sqlite:     3.8.4.1-1    
    system:     5.8-2        
    tk:         8.5.18-0     
    zlib:       1.2.8-0      

Linking packages ...
[                    ]|                                                  |   0%[openssl             ]|                                                  |   0%[readline            ]|#####                                             |  11%[sqlite              ]|###########                                       |  22%[system              ]|################                                  |  33%[tk                  ]|######################                            |  44%[zlib                ]|###########################                       |  55%[python              ]|#################################                 |  66%[setuptools          ]|######################################            |  77%[pip                 ]|############################################      |  88%[      COMPLETE      ]|##################################################| 100%
Removing old work directory
Copying /home/ubuntu/pypi-conda-builds/importlib-1.0.3 to /home/ubuntu/miniconda/conda-bld/work
Package: importlib-1.0.3-py_0
source tree in: /home/ubuntu/miniconda/conda-bld/work
Command failed: /bin/bash -x -e /home/ubuntu/pypi-conda-builds/importlib-1.0.3/build.sh
Package search: {'_pypi_ordering': False, 'version': '1.0.3', 'name': 'importlib', 'summary': 'Backport of importlib.import_module() from Python 2.7'}
Creating standard recipe for importlib-1.0.3
Error: directory already exists: ./importlib

conda create -n _pipbuild_ --yes python pip
/home/ubuntu/miniconda/envs/_pipbuild_/bin/pip install importlib==1.0.3
Getting dependencies...
package = importlib
   dependencies = []
Building conda package for importlib
