Warning, the following versions were found for infinity
1.3
1.2
1.1
1.0
Using 1.3
Use --version to specify a different version.
Using url https://pypi.python.org/packages/source/i/infinity/infinity-1.3.tar.gz (5 KB) for infinity.
Downloading infinity (use --no-download to skip this step)
Using cached download
Unpacking infinity...
done
working in /tmp/tmphcqED0conda_skeleton_infinity-1.3.tar.gz
Fetching package metadata: ......
Solving package specifications: .patching file core.py
Hunk #1 succeeded at 168 with fuzz 2 (offset 2 lines).
Traceback (most recent call last):
  File "setup.py", line 7, in <module>
    from setuptools import setup, find_packages
ImportError: No module named setuptools

Applying patch: '/tmp/tmphcqED0conda_skeleton_infinity-1.3.tar.gz/pypi-distutils.patch'
$PYTHONPATH = /tmp/tmphcqED0conda_skeleton_infinity-1.3.tar.gz/infinity-1.3
Error: command failed: /home/ubuntu/miniconda/envs/_build/bin/python setup.py install
