Warning, the following versions were found for inflect
0.2.5
0.2.4
0.2.3
0.2.1
0.2.0
0.1.8
0.1.7
0.1.6
0.1.5
0.1.4
0.1.3
0.1.2
0.1.1
0.1
Using 0.2.5
Use --version to specify a different version.
Using url https://pypi.python.org/packages/source/i/inflect/inflect-0.2.5.tar.gz (107 KB) for inflect.
Downloading inflect (use --no-download to skip this step)
Using cached download
Unpacking inflect...
done
working in /tmp/tmpXzSF4Kconda_skeleton_inflect-0.2.5.tar.gz
Fetching package metadata: ......
Solving package specifications: .patching file core.py
Hunk #1 succeeded at 168 with fuzz 2 (offset 2 lines).

Applying patch: '/tmp/tmpXzSF4Kconda_skeleton_inflect-0.2.5.tar.gz/pypi-distutils.patch'
Writing recipe for inflect
Done
