Warning, the following versions were found for influxdb
2.5.1
2.5.0
2.4.0
2.3.0
2.2.0
2.1.0
2.0.2
2.0.1
2.0.0
1.0.2
1.0.0
0.4.1
0.4.0
0.3.1
0.3.0
0.2.0
0.1.13
0.1.12
0.1.11
0.1.10
0.1.9
0.1.8
0.1.7
0.1.6
0.1.5
0.1.4
0.1.3
0.1.2
0.1.1
Using 2.5.1
Use --version to specify a different version.
Using url https://pypi.python.org/packages/source/i/influxdb/influxdb-2.5.1.tar.gz (44 KB) for influxdb.
Downloading influxdb (use --no-download to skip this step)
Unpacking influxdb...
done
working in /tmp/tmpHDK17Mconda_skeleton_influxdb-2.5.1.tar.gz
Fetching package metadata: ......
Solving package specifications: .patching file core.py
Hunk #1 succeeded at 168 with fuzz 2 (offset 2 lines).
Traceback (most recent call last):
  File "setup.py", line 39, in <module>
    packages=find_packages(exclude=['tests']),
NameError: name 'find_packages' is not defined

Applying patch: '/tmp/tmpHDK17Mconda_skeleton_influxdb-2.5.1.tar.gz/pypi-distutils.patch'
$PYTHONPATH = /tmp/tmpHDK17Mconda_skeleton_influxdb-2.5.1.tar.gz/influxdb-2.5.1
Error: command failed: /home/ubuntu/miniconda/envs/_build/bin/python setup.py install
