initools not found, trying INITools
0
Using url https://pypi.python.org/packages/source/I/INITools/INITools-0.3.1.tar.gz (21 KB) for INITools.
Downloading INITools (use --no-download to skip this step)
Using cached download
Unpacking INITools...
done
working in /tmp/tmpIJNWCyconda_skeleton_INITools-0.3.1.tar.gz
Fetching package metadata: ......
Solving package specifications: .patching file core.py
Hunk #1 succeeded at 168 with fuzz 2 (offset 2 lines).

The following NEW packages will be INSTALLED:

    numpy:  1.9.2-py27_0
    pyyaml: 3.11-py27_0 
    yaml:   0.1.4-0     

Linking packages ...
[                    ]|                                                  |   0%[yaml                ]|                                                  |   0%[numpy               ]|################                                  |  33%[pyyaml              ]|#################################                 |  66%[      COMPLETE      ]|##################################################| 100%
Applying patch: '/tmp/tmpIJNWCyconda_skeleton_INITools-0.3.1.tar.gz/pypi-distutils.patch'
Writing recipe for initools
Done
