Warning, the following versions were found for invoke
0.10.1
0.10.0
0.9.0
0.8.2
0.8.1
0.8.0
0.7.0
0.6.1
0.6.0
0.5.1
0.5.0
0.4.0
0.3.0
0.2.0
0.1
Using 0.10.1
Use --version to specify a different version.
Using url https://pypi.python.org/packages/source/i/invoke/invoke-0.10.1.tar.gz (173 KB) for invoke.
Downloading invoke (use --no-download to skip this step)
Using cached download
Unpacking invoke...
done
working in /tmp/tmp7BNtDyconda_skeleton_invoke-0.10.1.tar.gz
Fetching package metadata: ......
Solving package specifications: .patching file core.py
Hunk #1 succeeded at 168 with fuzz 2 (offset 2 lines).

Applying patch: '/tmp/tmp7BNtDyconda_skeleton_invoke-0.10.1.tar.gz/pypi-distutils.patch'
Writing recipe for invoke
Done
