There was an error importing jinja2.
Please run `conda install jinja2` to enable jinja template support
Removing old build directory
Removing old work directory
BUILD START: invoke-0.10.1-py27_0
Fetching package metadata: ......
Solving package specifications: .There was an error importing jinja2.
Please run `conda install jinja2` to enable jinja template support
+ /home/ubuntu/miniconda/envs/_build/bin/python setup.py install
running install
running bdist_egg
running egg_info
writing invoke.egg-info/PKG-INFO
writing top-level names to invoke.egg-info/top_level.txt
writing dependency_links to invoke.egg-info/dependency_links.txt
writing entry points to invoke.egg-info/entry_points.txt
reading manifest file 'invoke.egg-info/SOURCES.txt'
reading manifest template 'MANIFEST.in'
warning: no files found matching '*' under directory 'docs'
warning: no previously-included files matching '*' found under directory 'docs/_build'
warning: no previously-included files matching '*.pyc' found under directory 'tests'
warning: no previously-included files matching '*.pyo' found under directory 'tests'
writing manifest file 'invoke.egg-info/SOURCES.txt'
installing library code to build/bdist.linux-x86_64/egg
running install_lib
running build_py
creating build
creating build/lib
creating build/lib/invoke
copying invoke/_version.py -> build/lib/invoke
copying invoke/tasks.py -> build/lib/invoke
copying invoke/config.py -> build/lib/invoke
copying invoke/platform.py -> build/lib/invoke
copying invoke/loader.py -> build/lib/invoke
copying invoke/collection.py -> build/lib/invoke
copying invoke/cli.py -> build/lib/invoke
copying invoke/util.py -> build/lib/invoke
copying invoke/context.py -> build/lib/invoke
copying invoke/env.py -> build/lib/invoke
copying invoke/__init__.py -> build/lib/invoke
copying invoke/runner.py -> build/lib/invoke
copying invoke/executor.py -> build/lib/invoke
copying invoke/exceptions.py -> build/lib/invoke
creating build/lib/invoke/parser
copying invoke/parser/parser.py -> build/lib/invoke/parser
copying invoke/parser/context.py -> build/lib/invoke/parser
copying invoke/parser/__init__.py -> build/lib/invoke/parser
copying invoke/parser/argument.py -> build/lib/invoke/parser
creating build/lib/invoke/vendor
copying invoke/vendor/six.py -> build/lib/invoke/vendor
copying invoke/vendor/__init__.py -> build/lib/invoke/vendor
copying invoke/vendor/pexpect.py -> build/lib/invoke/vendor
creating build/lib/invoke/vendor/fluidity
copying invoke/vendor/fluidity/backwardscompat.py -> build/lib/invoke/vendor/fluidity
copying invoke/vendor/fluidity/machine.py -> build/lib/invoke/vendor/fluidity
copying invoke/vendor/fluidity/__init__.py -> build/lib/invoke/vendor/fluidity
creating build/lib/invoke/vendor/lexicon
copying invoke/vendor/lexicon/alias_dict.py -> build/lib/invoke/vendor/lexicon
copying invoke/vendor/lexicon/__init__.py -> build/lib/invoke/vendor/lexicon
copying invoke/vendor/lexicon/attribute_dict.py -> build/lib/invoke/vendor/lexicon
creating build/lib/invoke/vendor/yaml3
copying invoke/vendor/yaml3/constructor.py -> build/lib/invoke/vendor/yaml3
copying invoke/vendor/yaml3/resolver.py -> build/lib/invoke/vendor/yaml3
copying invoke/vendor/yaml3/nodes.py -> build/lib/invoke/vendor/yaml3
copying invoke/vendor/yaml3/loader.py -> build/lib/invoke/vendor/yaml3
copying invoke/vendor/yaml3/composer.py -> build/lib/invoke/vendor/yaml3
copying invoke/vendor/yaml3/reader.py -> build/lib/invoke/vendor/yaml3
copying invoke/vendor/yaml3/scanner.py -> build/lib/invoke/vendor/yaml3
copying invoke/vendor/yaml3/parser.py -> build/lib/invoke/vendor/yaml3
copying invoke/vendor/yaml3/tokens.py -> build/lib/invoke/vendor/yaml3
copying invoke/vendor/yaml3/representer.py -> build/lib/invoke/vendor/yaml3
copying invoke/vendor/yaml3/dumper.py -> build/lib/invoke/vendor/yaml3
copying invoke/vendor/yaml3/events.py -> build/lib/invoke/vendor/yaml3
copying invoke/vendor/yaml3/emitter.py -> build/lib/invoke/vendor/yaml3
copying invoke/vendor/yaml3/cyaml.py -> build/lib/invoke/vendor/yaml3
copying invoke/vendor/yaml3/__init__.py -> build/lib/invoke/vendor/yaml3
copying invoke/vendor/yaml3/error.py -> build/lib/invoke/vendor/yaml3
copying invoke/vendor/yaml3/serializer.py -> build/lib/invoke/vendor/yaml3
creating build/lib/invoke/vendor/yaml2
copying invoke/vendor/yaml2/constructor.py -> build/lib/invoke/vendor/yaml2
copying invoke/vendor/yaml2/resolver.py -> build/lib/invoke/vendor/yaml2
copying invoke/vendor/yaml2/nodes.py -> build/lib/invoke/vendor/yaml2
copying invoke/vendor/yaml2/loader.py -> build/lib/invoke/vendor/yaml2
copying invoke/vendor/yaml2/composer.py -> build/lib/invoke/vendor/yaml2
copying invoke/vendor/yaml2/reader.py -> build/lib/invoke/vendor/yaml2
copying invoke/vendor/yaml2/scanner.py -> build/lib/invoke/vendor/yaml2
copying invoke/vendor/yaml2/parser.py -> build/lib/invoke/vendor/yaml2
copying invoke/vendor/yaml2/tokens.py -> build/lib/invoke/vendor/yaml2
copying invoke/vendor/yaml2/representer.py -> build/lib/invoke/vendor/yaml2
copying invoke/vendor/yaml2/dumper.py -> build/lib/invoke/vendor/yaml2
copying invoke/vendor/yaml2/events.py -> build/lib/invoke/vendor/yaml2
copying invoke/vendor/yaml2/emitter.py -> build/lib/invoke/vendor/yaml2
copying invoke/vendor/yaml2/cyaml.py -> build/lib/invoke/vendor/yaml2
copying invoke/vendor/yaml2/__init__.py -> build/lib/invoke/vendor/yaml2
copying invoke/vendor/yaml2/error.py -> build/lib/invoke/vendor/yaml2
copying invoke/vendor/yaml2/serializer.py -> build/lib/invoke/vendor/yaml2
creating build/bdist.linux-x86_64
creating build/bdist.linux-x86_64/egg
creating build/bdist.linux-x86_64/egg/invoke
copying build/lib/invoke/_version.py -> build/bdist.linux-x86_64/egg/invoke
copying build/lib/invoke/tasks.py -> build/bdist.linux-x86_64/egg/invoke
copying build/lib/invoke/config.py -> build/bdist.linux-x86_64/egg/invoke
copying build/lib/invoke/platform.py -> build/bdist.linux-x86_64/egg/invoke
copying build/lib/invoke/loader.py -> build/bdist.linux-x86_64/egg/invoke
copying build/lib/invoke/collection.py -> build/bdist.linux-x86_64/egg/invoke
copying build/lib/invoke/cli.py -> build/bdist.linux-x86_64/egg/invoke
creating build/bdist.linux-x86_64/egg/invoke/parser
copying build/lib/invoke/parser/parser.py -> build/bdist.linux-x86_64/egg/invoke/parser
copying build/lib/invoke/parser/context.py -> build/bdist.linux-x86_64/egg/invoke/parser
copying build/lib/invoke/parser/__init__.py -> build/bdist.linux-x86_64/egg/invoke/parser
copying build/lib/invoke/parser/argument.py -> build/bdist.linux-x86_64/egg/invoke/parser
copying build/lib/invoke/util.py -> build/bdist.linux-x86_64/egg/invoke
copying build/lib/invoke/context.py -> build/bdist.linux-x86_64/egg/invoke
copying build/lib/invoke/env.py -> build/bdist.linux-x86_64/egg/invoke
copying build/lib/invoke/__init__.py -> build/bdist.linux-x86_64/egg/invoke
copying build/lib/invoke/runner.py -> build/bdist.linux-x86_64/egg/invoke
creating build/bdist.linux-x86_64/egg/invoke/vendor
copying build/lib/invoke/vendor/six.py -> build/bdist.linux-x86_64/egg/invoke/vendor
creating build/bdist.linux-x86_64/egg/invoke/vendor/fluidity
copying build/lib/invoke/vendor/fluidity/backwardscompat.py -> build/bdist.linux-x86_64/egg/invoke/vendor/fluidity
copying build/lib/invoke/vendor/fluidity/machine.py -> build/bdist.linux-x86_64/egg/invoke/vendor/fluidity
copying build/lib/invoke/vendor/fluidity/__init__.py -> build/bdist.linux-x86_64/egg/invoke/vendor/fluidity
creating build/bdist.linux-x86_64/egg/invoke/vendor/lexicon
copying build/lib/invoke/vendor/lexicon/alias_dict.py -> build/bdist.linux-x86_64/egg/invoke/vendor/lexicon
copying build/lib/invoke/vendor/lexicon/__init__.py -> build/bdist.linux-x86_64/egg/invoke/vendor/lexicon
copying build/lib/invoke/vendor/lexicon/attribute_dict.py -> build/bdist.linux-x86_64/egg/invoke/vendor/lexicon
creating build/bdist.linux-x86_64/egg/invoke/vendor/yaml3
copying build/lib/invoke/vendor/yaml3/constructor.py -> build/bdist.linux-x86_64/egg/invoke/vendor/yaml3
copying build/lib/invoke/vendor/yaml3/resolver.py -> build/bdist.linux-x86_64/egg/invoke/vendor/yaml3
copying build/lib/invoke/vendor/yaml3/nodes.py -> build/bdist.linux-x86_64/egg/invoke/vendor/yaml3
copying build/lib/invoke/vendor/yaml3/loader.py -> build/bdist.linux-x86_64/egg/invoke/vendor/yaml3
copying build/lib/invoke/vendor/yaml3/composer.py -> build/bdist.linux-x86_64/egg/invoke/vendor/yaml3
copying build/lib/invoke/vendor/yaml3/reader.py -> build/bdist.linux-x86_64/egg/invoke/vendor/yaml3
copying build/lib/invoke/vendor/yaml3/scanner.py -> build/bdist.linux-x86_64/egg/invoke/vendor/yaml3
copying build/lib/invoke/vendor/yaml3/parser.py -> build/bdist.linux-x86_64/egg/invoke/vendor/yaml3
copying build/lib/invoke/vendor/yaml3/tokens.py -> build/bdist.linux-x86_64/egg/invoke/vendor/yaml3
copying build/lib/invoke/vendor/yaml3/representer.py -> build/bdist.linux-x86_64/egg/invoke/vendor/yaml3
copying build/lib/invoke/vendor/yaml3/dumper.py -> build/bdist.linux-x86_64/egg/invoke/vendor/yaml3
copying build/lib/invoke/vendor/yaml3/events.py -> build/bdist.linux-x86_64/egg/invoke/vendor/yaml3
copying build/lib/invoke/vendor/yaml3/emitter.py -> build/bdist.linux-x86_64/egg/invoke/vendor/yaml3
copying build/lib/invoke/vendor/yaml3/cyaml.py -> build/bdist.linux-x86_64/egg/invoke/vendor/yaml3
copying build/lib/invoke/vendor/yaml3/__init__.py -> build/bdist.linux-x86_64/egg/invoke/vendor/yaml3
copying build/lib/invoke/vendor/yaml3/error.py -> build/bdist.linux-x86_64/egg/invoke/vendor/yaml3
copying build/lib/invoke/vendor/yaml3/serializer.py -> build/bdist.linux-x86_64/egg/invoke/vendor/yaml3
copying build/lib/invoke/vendor/__init__.py -> build/bdist.linux-x86_64/egg/invoke/vendor
creating build/bdist.linux-x86_64/egg/invoke/vendor/yaml2
copying build/lib/invoke/vendor/yaml2/constructor.py -> build/bdist.linux-x86_64/egg/invoke/vendor/yaml2
copying build/lib/invoke/vendor/yaml2/resolver.py -> build/bdist.linux-x86_64/egg/invoke/vendor/yaml2
copying build/lib/invoke/vendor/yaml2/nodes.py -> build/bdist.linux-x86_64/egg/invoke/vendor/yaml2
copying build/lib/invoke/vendor/yaml2/loader.py -> build/bdist.linux-x86_64/egg/invoke/vendor/yaml2
copying build/lib/invoke/vendor/yaml2/composer.py -> build/bdist.linux-x86_64/egg/invoke/vendor/yaml2
copying build/lib/invoke/vendor/yaml2/reader.py -> build/bdist.linux-x86_64/egg/invoke/vendor/yaml2
copying build/lib/invoke/vendor/yaml2/scanner.py -> build/bdist.linux-x86_64/egg/invoke/vendor/yaml2
copying build/lib/invoke/vendor/yaml2/parser.py -> build/bdist.linux-x86_64/egg/invoke/vendor/yaml2
copying build/lib/invoke/vendor/yaml2/tokens.py -> build/bdist.linux-x86_64/egg/invoke/vendor/yaml2
copying build/lib/invoke/vendor/yaml2/representer.py -> build/bdist.linux-x86_64/egg/invoke/vendor/yaml2
copying build/lib/invoke/vendor/yaml2/dumper.py -> build/bdist.linux-x86_64/egg/invoke/vendor/yaml2
copying build/lib/invoke/vendor/yaml2/events.py -> build/bdist.linux-x86_64/egg/invoke/vendor/yaml2
copying build/lib/invoke/vendor/yaml2/emitter.py -> build/bdist.linux-x86_64/egg/invoke/vendor/yaml2
copying build/lib/invoke/vendor/yaml2/cyaml.py -> build/bdist.linux-x86_64/egg/invoke/vendor/yaml2
copying build/lib/invoke/vendor/yaml2/__init__.py -> build/bdist.linux-x86_64/egg/invoke/vendor/yaml2
copying build/lib/invoke/vendor/yaml2/error.py -> build/bdist.linux-x86_64/egg/invoke/vendor/yaml2
copying build/lib/invoke/vendor/yaml2/serializer.py -> build/bdist.linux-x86_64/egg/invoke/vendor/yaml2
copying build/lib/invoke/vendor/pexpect.py -> build/bdist.linux-x86_64/egg/invoke/vendor
copying build/lib/invoke/executor.py -> build/bdist.linux-x86_64/egg/invoke
copying build/lib/invoke/exceptions.py -> build/bdist.linux-x86_64/egg/invoke
byte-compiling build/bdist.linux-x86_64/egg/invoke/_version.py to _version.pyc
byte-compiling build/bdist.linux-x86_64/egg/invoke/tasks.py to tasks.pyc
byte-compiling build/bdist.linux-x86_64/egg/invoke/config.py to config.pyc
byte-compiling build/bdist.linux-x86_64/egg/invoke/platform.py to platform.pyc
byte-compiling build/bdist.linux-x86_64/egg/invoke/loader.py to loader.pyc
byte-compiling build/bdist.linux-x86_64/egg/invoke/collection.py to collection.pyc
byte-compiling build/bdist.linux-x86_64/egg/invoke/cli.py to cli.pyc
byte-compiling build/bdist.linux-x86_64/egg/invoke/parser/parser.py to parser.pyc
byte-compiling build/bdist.linux-x86_64/egg/invoke/parser/context.py to context.pyc
byte-compiling build/bdist.linux-x86_64/egg/invoke/parser/__init__.py to __init__.pyc
byte-compiling build/bdist.linux-x86_64/egg/invoke/parser/argument.py to argument.pyc
byte-compiling build/bdist.linux-x86_64/egg/invoke/util.py to util.pyc
byte-compiling build/bdist.linux-x86_64/egg/invoke/context.py to context.pyc
byte-compiling build/bdist.linux-x86_64/egg/invoke/env.py to env.pyc
byte-compiling build/bdist.linux-x86_64/egg/invoke/__init__.py to __init__.pyc
byte-compiling build/bdist.linux-x86_64/egg/invoke/runner.py to runner.pyc
byte-compiling build/bdist.linux-x86_64/egg/invoke/vendor/six.py to six.pyc
byte-compiling build/bdist.linux-x86_64/egg/invoke/vendor/fluidity/backwardscompat.py to backwardscompat.pyc
byte-compiling build/bdist.linux-x86_64/egg/invoke/vendor/fluidity/machine.py to machine.pyc
byte-compiling build/bdist.linux-x86_64/egg/invoke/vendor/fluidity/__init__.py to __init__.pyc
byte-compiling build/bdist.linux-x86_64/egg/invoke/vendor/lexicon/alias_dict.py to alias_dict.pyc
byte-compiling build/bdist.linux-x86_64/egg/invoke/vendor/lexicon/__init__.py to __init__.pyc
byte-compiling build/bdist.linux-x86_64/egg/invoke/vendor/lexicon/attribute_dict.py to attribute_dict.pyc
byte-compiling build/bdist.linux-x86_64/egg/invoke/vendor/yaml3/constructor.py to constructor.pyc
byte-compiling build/bdist.linux-x86_64/egg/invoke/vendor/yaml3/resolver.py to resolver.pyc
byte-compiling build/bdist.linux-x86_64/egg/invoke/vendor/yaml3/nodes.py to nodes.pyc
byte-compiling build/bdist.linux-x86_64/egg/invoke/vendor/yaml3/loader.py to loader.pyc
byte-compiling build/bdist.linux-x86_64/egg/invoke/vendor/yaml3/composer.py to composer.pyc
byte-compiling build/bdist.linux-x86_64/egg/invoke/vendor/yaml3/reader.py to reader.pyc
byte-compiling build/bdist.linux-x86_64/egg/invoke/vendor/yaml3/scanner.py to scanner.pyc
byte-compiling build/bdist.linux-x86_64/egg/invoke/vendor/yaml3/parser.py to parser.pyc
byte-compiling build/bdist.linux-x86_64/egg/invoke/vendor/yaml3/tokens.py to tokens.pyc
byte-compiling build/bdist.linux-x86_64/egg/invoke/vendor/yaml3/representer.py to representer.pyc
byte-compiling build/bdist.linux-x86_64/egg/invoke/vendor/yaml3/dumper.py to dumper.pyc
byte-compiling build/bdist.linux-x86_64/egg/invoke/vendor/yaml3/events.py to events.pyc
byte-compiling build/bdist.linux-x86_64/egg/invoke/vendor/yaml3/emitter.py to emitter.pyc
byte-compiling build/bdist.linux-x86_64/egg/invoke/vendor/yaml3/cyaml.py to cyaml.pyc
byte-compiling build/bdist.linux-x86_64/egg/invoke/vendor/yaml3/__init__.py to __init__.pyc
  File "build/bdist.linux-x86_64/egg/invoke/vendor/yaml3/__init__.py", line 284
    class YAMLObject(metaclass=YAMLObjectMetaclass):
                              ^
SyntaxError: invalid syntax

byte-compiling build/bdist.linux-x86_64/egg/invoke/vendor/yaml3/error.py to error.pyc
byte-compiling build/bdist.linux-x86_64/egg/invoke/vendor/yaml3/serializer.py to serializer.pyc
byte-compiling build/bdist.linux-x86_64/egg/invoke/vendor/__init__.py to __init__.pyc
byte-compiling build/bdist.linux-x86_64/egg/invoke/vendor/yaml2/constructor.py to constructor.pyc
byte-compiling build/bdist.linux-x86_64/egg/invoke/vendor/yaml2/resolver.py to resolver.pyc
byte-compiling build/bdist.linux-x86_64/egg/invoke/vendor/yaml2/nodes.py to nodes.pyc
byte-compiling build/bdist.linux-x86_64/egg/invoke/vendor/yaml2/loader.py to loader.pyc
byte-compiling build/bdist.linux-x86_64/egg/invoke/vendor/yaml2/composer.py to composer.pyc
byte-compiling build/bdist.linux-x86_64/egg/invoke/vendor/yaml2/reader.py to reader.pyc
byte-compiling build/bdist.linux-x86_64/egg/invoke/vendor/yaml2/scanner.py to scanner.pyc
byte-compiling build/bdist.linux-x86_64/egg/invoke/vendor/yaml2/parser.py to parser.pyc
byte-compiling build/bdist.linux-x86_64/egg/invoke/vendor/yaml2/tokens.py to tokens.pyc
byte-compiling build/bdist.linux-x86_64/egg/invoke/vendor/yaml2/representer.py to representer.pyc
byte-compiling build/bdist.linux-x86_64/egg/invoke/vendor/yaml2/dumper.py to dumper.pyc
byte-compiling build/bdist.linux-x86_64/egg/invoke/vendor/yaml2/events.py to events.pyc
byte-compiling build/bdist.linux-x86_64/egg/invoke/vendor/yaml2/emitter.py to emitter.pyc
byte-compiling build/bdist.linux-x86_64/egg/invoke/vendor/yaml2/cyaml.py to cyaml.pyc
byte-compiling build/bdist.linux-x86_64/egg/invoke/vendor/yaml2/__init__.py to __init__.pyc
byte-compiling build/bdist.linux-x86_64/egg/invoke/vendor/yaml2/error.py to error.pyc
byte-compiling build/bdist.linux-x86_64/egg/invoke/vendor/yaml2/serializer.py to serializer.pyc
byte-compiling build/bdist.linux-x86_64/egg/invoke/vendor/pexpect.py to pexpect.pyc
byte-compiling build/bdist.linux-x86_64/egg/invoke/executor.py to executor.pyc
byte-compiling build/bdist.linux-x86_64/egg/invoke/exceptions.py to exceptions.pyc
creating build/bdist.linux-x86_64/egg/EGG-INFO
copying invoke.egg-info/PKG-INFO -> build/bdist.linux-x86_64/egg/EGG-INFO
copying invoke.egg-info/SOURCES.txt -> build/bdist.linux-x86_64/egg/EGG-INFO
copying invoke.egg-info/dependency_links.txt -> build/bdist.linux-x86_64/egg/EGG-INFO
copying invoke.egg-info/entry_points.txt -> build/bdist.linux-x86_64/egg/EGG-INFO
copying invoke.egg-info/pbr.json -> build/bdist.linux-x86_64/egg/EGG-INFO
copying invoke.egg-info/top_level.txt -> build/bdist.linux-x86_64/egg/EGG-INFO
zip_safe flag not set; analyzing archive contents...
invoke.vendor.six: module references __file__
invoke.vendor.six: module references __path__
creating dist
creating 'dist/invoke-0.10.1-py2.7.egg' and adding 'build/bdist.linux-x86_64/egg' to it
removing 'build/bdist.linux-x86_64/egg' (and everything under it)
Processing invoke-0.10.1-py2.7.egg
creating /home/ubuntu/miniconda/envs/_build/lib/python2.7/site-packages/invoke-0.10.1-py2.7.egg
Extracting invoke-0.10.1-py2.7.egg to /home/ubuntu/miniconda/envs/_build/lib/python2.7/site-packages
  File "/home/ubuntu/miniconda/envs/_build/lib/python2.7/site-packages/invoke-0.10.1-py2.7.egg/invoke/vendor/yaml3/__init__.py", line 284
    class YAMLObject(metaclass=YAMLObjectMetaclass):
                              ^
SyntaxError: invalid syntax

Adding invoke 0.10.1 to easy-install.pth file
Installing inv script to /home/ubuntu/miniconda/envs/_build/bin
Installing invoke script to /home/ubuntu/miniconda/envs/_build/bin

Installed /home/ubuntu/miniconda/envs/_build/lib/python2.7/site-packages/invoke-0.10.1-py2.7.egg
Processing dependencies for invoke==0.10.1
Finished processing dependencies for invoke==0.10.1
Compiling /home/ubuntu/miniconda/envs/_build/lib/python2.7/site-packages/invoke/vendor/yaml3/__init__.py ...
  File "/home/ubuntu/miniconda/envs/_build/lib/python2.7/site-packages/invoke/vendor/yaml3/__init__.py", line 284
    class YAMLObject(metaclass=YAMLObjectMetaclass):
                              ^
SyntaxError: invalid syntax


The following NEW packages will be INSTALLED:

    openssl:    1.0.1k-1    
    pip:        6.1.1-py27_0
    python:     2.7.9-3     
    readline:   6.2-2       
    setuptools: 16.0-py27_0 
    sqlite:     3.8.4.1-1   
    system:     5.8-2       
    tk:         8.5.18-0    
    zlib:       1.2.8-0     

Linking packages ...
[                    ]|                                                  |   0%[openssl             ]|                                                  |   0%[readline            ]|#####                                             |  11%[sqlite              ]|###########                                       |  22%[system              ]|################                                  |  33%[tk                  ]|######################                            |  44%[zlib                ]|###########################                       |  55%[python              ]|#################################                 |  66%[setuptools          ]|######################################            |  77%[pip                 ]|############################################      |  88%[      COMPLETE      ]|##################################################| 100%
Removing old work directory
Source cache directory is: /home/ubuntu/miniconda/conda-bld/src_cache
Found source in cache: invoke-0.10.1.tar.gz
Extracting download
Package: invoke-0.10.1-py27_0
source tree in: /home/ubuntu/miniconda/conda-bld/work/invoke-0.10.1
found egg dir: /home/ubuntu/miniconda/envs/_build/lib/python2.7/site-packages/invoke-0.10.1-py2.7.egg
compiling .pyc files...
Command failed: /home/ubuntu/miniconda/envs/_build/bin/python -Wi /home/ubuntu/miniconda/envs/_build/lib/python2.7/compileall.py -q -x port_v3 /home/ubuntu/miniconda/envs/_build/lib/python2.7/site-packages
