Warning, the following versions were found for iowait
0.2
0.1
Using 0.2
Use --version to specify a different version.
Using url https://pypi.python.org/packages/source/i/iowait/iowait-0.2.tar.gz (22 KB) for iowait.
Downloading iowait (use --no-download to skip this step)
Using cached download
Unpacking iowait...
done
working in /tmp/tmpVZO3Ryconda_skeleton_iowait-0.2.tar.gz
Fetching package metadata: ......
Solving package specifications: .patching file core.py
Hunk #1 succeeded at 168 with fuzz 2 (offset 2 lines).

The following NEW packages will be INSTALLED:

    numpy:  1.9.2-py27_0
    pyyaml: 3.11-py27_0 

Linking packages ...
[                    ]|                                                  |   0%[numpy               ]|                                                  |   0%[pyyaml              ]|#########################                         |  50%[      COMPLETE      ]|##################################################| 100%
Applying patch: '/tmp/tmpVZO3Ryconda_skeleton_iowait-0.2.tar.gz/pypi-distutils.patch'
Writing recipe for iowait
Done
