Warning, the following versions were found for ipaddr
2.1.11
2.1.10
2.1.7
2.1.6
2.0.0
1.0.2
1.0.0
Using 2.1.11
Use --version to specify a different version.
Using url https://pypi.python.org/packages/source/i/ipaddr/ipaddr-2.1.11.tar.gz (28 KB) for ipaddr.
Downloading ipaddr (use --no-download to skip this step)
Using cached download
Unpacking ipaddr...
done
working in /tmp/tmpZsLOQ9conda_skeleton_ipaddr-2.1.11.tar.gz
Fetching package metadata: ......
Solving package specifications: .patching file core.py
Hunk #1 succeeded at 168 with fuzz 2 (offset 2 lines).

Applying patch: '/tmp/tmpZsLOQ9conda_skeleton_ipaddr-2.1.11.tar.gz/pypi-distutils.patch'
Writing recipe for ipaddr
Done
