Removing old build directory
Removing old work directory
BUILD START: ipaddr-2.1.11-py_0
Fetching package metadata: ......
Solving package specifications: .+ pip install ipaddr
Collecting ipaddr
  Downloading http://localhost/packages/source/i/ipaddr/ipaddr-2.1.11.tar.gz
setuptools must be installed to install from a source distribution

The following NEW packages will be INSTALLED:

    openssl:    1.0.1k-1     
    pip:        7.0.3-py27_0 
    python:     2.7.10-0     
    readline:   6.2-2        
    setuptools: 17.1.1-py27_0
    sqlite:     3.8.4.1-1    
    system:     5.8-2        
    tk:         8.5.18-0     
    zlib:       1.2.8-0      

Linking packages ...
[                    ]|                                                  |   0%[openssl             ]|                                                  |   0%[readline            ]|#####                                             |  11%[sqlite              ]|###########                                       |  22%[system              ]|################                                  |  33%[tk                  ]|######################                            |  44%[zlib                ]|###########################                       |  55%[python              ]|#################################                 |  66%[setuptools          ]|######################################            |  77%[pip                 ]|############################################      |  88%[      COMPLETE      ]|##################################################| 100%
Removing old work directory
Copying /home/ubuntu/pypi-conda-builds/ipaddr to /home/ubuntu/miniconda/conda-bld/work
Package: ipaddr-2.1.11-py_0
source tree in: /home/ubuntu/miniconda/conda-bld/work
Command failed: /bin/bash -x -e /home/ubuntu/pypi-conda-builds/ipaddr/build.sh
Package search: {'_pypi_ordering': False, 'version': '2.1.11', 'name': 'ipaddr', 'summary': "Google's IP address manipulation library"}
Creating standard recipe for ipaddr-2.1.11
Converting recipe in /home/ubuntu/pypi-conda-builds/ipaddr
package = ipaddr
   dependencies = []
Building conda package for ipaddr
