Package search: {'_pypi_ordering': False, 'version': '1.0.7', 'name': 'ipaddress', 'summary': 'IPv4/IPv6 manipulation library'}
Fetching package metadata: ....
Removing old build directory
Removing old work directory
BUILD START: ipaddress-1.0.7-py27_0
Fetching package metadata: ......
Solving package specifications: .+ pip install ipaddress
Collecting ipaddress
  Downloading http://localhost/packages/2.7/i/ipaddress/ipaddress-1.0.7-py27-none-any.whl
Installing collected packages: ipaddress
Successfully installed ipaddress-1.0.7

The following NEW packages will be INSTALLED:

    openssl:    1.0.1k-1    
    pip:        7.0.3-py27_0
    python:     2.7.10-0    
    readline:   6.2-2       
    setuptools: 17.0-py27_0 
    sqlite:     3.8.4.1-1   
    system:     5.8-2       
    tk:         8.5.18-0    
    zlib:       1.2.8-0     

Linking packages ...
[                    ]|                                                  |   0%[openssl             ]|                                                  |   0%[readline            ]|#####                                             |  11%[sqlite              ]|###########                                       |  22%[system              ]|################                                  |  33%[tk                  ]|######################                            |  44%[zlib                ]|###########################                       |  55%[python              ]|#################################                 |  66%[setuptools          ]|######################################            |  77%[pip                 ]|############################################      |  88%[      COMPLETE      ]|##################################################| 100%
Removing old work directory
Copying /home/ubuntu/pypi-conda-builds/ipaddress to /home/ubuntu/miniconda/conda-bld/work
Package: ipaddress-1.0.7-py27_0
source tree in: /home/ubuntu/miniconda/conda-bld/work
number of files: 8
Fixing permissions
Fixing permissions
BUILD END: ipaddress-1.0.7-py27_0
# If you want to upload this package to binstar.org later, type:
#
# $ binstar upload /home/ubuntu/miniconda/conda-bld/linux-64/ipaddress-1.0.7-py27_0.tar.bz2
#
# To have conda build upload to binstar automatically, use
# $ conda config --set binstar_upload yes

Creating standard recipe for ipaddress-1.0.7
Converting recipe in /home/ubuntu/pypi-conda-builds/ipaddress
package = ipaddress
   dependencies = []
Building conda package for ipaddress
