Warning, the following versions were found for ipaddress
1.0.7
1.0.6
1.0.5
1.0.4
1.0.3
1.0.2
1.0.1
Using 1.0.7
Use --version to specify a different version.
Using url https://pypi.python.org/packages/source/i/ipaddress/ipaddress-1.0.7.tar.gz (15 KB) for ipaddress.
Downloading ipaddress (use --no-download to skip this step)
Using cached download
Unpacking ipaddress...
done
working in /tmp/tmpnM0lreconda_skeleton_ipaddress-1.0.7.tar.gz
Fetching package metadata: ......
Solving package specifications: .patching file core.py
Hunk #1 succeeded at 168 with fuzz 2 (offset 2 lines).

Applying patch: '/tmp/tmpnM0lreconda_skeleton_ipaddress-1.0.7.tar.gz/pypi-distutils.patch'
Writing recipe for ipaddress
Done
