Warning, the following versions were found for ipdb
0.8.1
0.8
0.7.1
0.7
0.6.1
0.6
0.5
0.4
0.3
0.2
0.1
0.1dev-r1716
0.1dev-r1714
0.1dev-r1713
0.1dev-r1556
Using 0.8.1
Use --version to specify a different version.
Using url https://pypi.python.org/packages/source/i/ipdb/ipdb-0.8.1.zip (20 KB) for ipdb.
Downloading ipdb (use --no-download to skip this step)
Using cached download
Unpacking ipdb...
done
working in /tmp/tmpRqyywqconda_skeleton_ipdb-0.8.1.zip
Fetching package metadata: ......
Solving package specifications: .patching file core.py
Hunk #1 succeeded at 168 with fuzz 2 (offset 2 lines).
Traceback (most recent call last):
  File "setup.py", line 14, in <module>
    from setuptools import setup, find_packages
ImportError: No module named setuptools

Applying patch: '/tmp/tmpRqyywqconda_skeleton_ipdb-0.8.1.zip/pypi-distutils.patch'
$PYTHONPATH = /tmp/tmpRqyywqconda_skeleton_ipdb-0.8.1.zip/ipdb-0.8.1
Error: command failed: /home/ubuntu/miniconda/envs/_build/bin/python setup.py install
