Warning, the following versions were found for iptools
0.6.1
0.6.0
0.5.0
0.4.0
0.3
Using 0.6.1
Use --version to specify a different version.
Using url https://pypi.python.org/packages/source/i/iptools/iptools-0.6.1.tar.gz (14 KB) for iptools.
Downloading iptools (use --no-download to skip this step)
Using cached download
Unpacking iptools...
done
working in /tmp/tmpW_Scwiconda_skeleton_iptools-0.6.1.tar.gz
Fetching package metadata: ......
Solving package specifications: .patching file core.py
Hunk #1 succeeded at 168 with fuzz 2 (offset 2 lines).
Traceback (most recent call last):
  File "setup.py", line 5, in <module>
    from setuptools import setup, find_packages
ImportError: No module named setuptools

Applying patch: '/tmp/tmpW_Scwiconda_skeleton_iptools-0.6.1.tar.gz/pypi-distutils.patch'
$PYTHONPATH = /tmp/tmpW_Scwiconda_skeleton_iptools-0.6.1.tar.gz/iptools-0.6.1
Error: command failed: /home/ubuntu/miniconda/envs/_build/bin/python setup.py install
