Warning, the following versions were found for iso8601
0.1.10
0.1.9
0.1.8
0.1.7
0.1.6
0.1.5
0.1.4
0.1.3
0.1.2
0.1.1
0.1
Using 0.1.10
Use --version to specify a different version.
Using url https://pypi.python.org/packages/source/i/iso8601/iso8601-0.1.10.tar.gz (8 KB) for iso8601.
Downloading iso8601 (use --no-download to skip this step)
Using cached download
Unpacking iso8601...
done
working in /tmp/tmpRuihwzconda_skeleton_iso8601-0.1.10.tar.gz
Fetching package metadata: ......
Solving package specifications: .patching file core.py
Hunk #1 succeeded at 168 with fuzz 2 (offset 2 lines).

Applying patch: '/tmp/tmpRuihwzconda_skeleton_iso8601-0.1.10.tar.gz/pypi-distutils.patch'
Writing recipe for iso8601
Done
