Warning, the following versions were found for isodate
0.5.1
0.5.0
0.4.9
0.4.8
0.4.7
0.4.6
0.4.5
0.4.4
0.4.3
0.4.2
0.4.1
0.4.0
0.3.0
Using 0.5.1
Use --version to specify a different version.
Using url https://pypi.python.org/packages/source/i/isodate/isodate-0.5.1.tar.gz (26 KB) for isodate.
Downloading isodate (use --no-download to skip this step)
Using cached download
Unpacking isodate...
done
working in /tmp/tmpsXlj5Pconda_skeleton_isodate-0.5.1.tar.gz
Fetching package metadata: ......
Solving package specifications: .patching file core.py
Hunk #1 succeeded at 168 with fuzz 2 (offset 2 lines).

Applying patch: '/tmp/tmpsXlj5Pconda_skeleton_isodate-0.5.1.tar.gz/pypi-distutils.patch'
Writing recipe for isodate
Done
