Warning, the following versions were found for isso
0.9.10
0.9.9
0.9.8
0.9.7
0.9.6
0.9.5
0.9.4
0.9.3
0.9.2
0.9.1
0.9
0.8.3
0.8.2
0.8.1
0.8
Using 0.9.10
Use --version to specify a different version.
Using url https://pypi.python.org/packages/source/i/isso/isso-0.9.10.tar.gz (78 KB) for isso.
Downloading isso (use --no-download to skip this step)
Using cached download
Unpacking isso...
done
working in /tmp/tmpVVxm8hconda_skeleton_isso-0.9.10.tar.gz
Fetching package metadata: ......
Solving package specifications: .patching file core.py
Hunk #1 succeeded at 168 with fuzz 2 (offset 2 lines).
Traceback (most recent call last):
  File "setup.py", line 7, in <module>
    from setuptools import setup, find_packages
ImportError: No module named setuptools

Applying patch: '/tmp/tmpVVxm8hconda_skeleton_isso-0.9.10.tar.gz/pypi-distutils.patch'
$PYTHONPATH = /tmp/tmpVVxm8hconda_skeleton_isso-0.9.10.tar.gz/isso-0.9.10
Error: command failed: /home/ubuntu/miniconda/envs/_build/bin/python setup.py install
