Removing old build directory
Removing old work directory
BUILD START: jellyfish-0.5.0-py_0
Fetching package metadata: ......
Solving package specifications: .+ pip install jellyfish
Collecting jellyfish
  Downloading http://localhost/packages/source/j/jellyfish/jellyfish-0.5.0.tar.gz
Installing collected packages: jellyfish
  Running setup.py install for jellyfish
Successfully installed jellyfish-0.5.0

The following NEW packages will be INSTALLED:

    openssl:    1.0.1k-1    
    pip:        7.0.3-py27_0
    python:     2.7.10-0    
    readline:   6.2-2       
    setuptools: 17.0-py27_0 
    sqlite:     3.8.4.1-1   
    system:     5.8-2       
    tk:         8.5.18-0    
    zlib:       1.2.8-0     

Linking packages ...
[                    ]|                                                  |   0%[openssl             ]|                                                  |   0%[readline            ]|#####                                             |  11%[sqlite              ]|###########                                       |  22%[system              ]|################                                  |  33%[tk                  ]|######################                            |  44%[zlib                ]|###########################                       |  55%[python              ]|#################################                 |  66%[setuptools          ]|######################################            |  77%[pip                 ]|############################################      |  88%[      COMPLETE      ]|##################################################| 100%
Removing old work directory
Copying /home/ubuntu/pypi-conda-builds/jellyfish to /home/ubuntu/miniconda/conda-bld/work
Package: jellyfish-0.5.0-py_0
source tree in: /home/ubuntu/miniconda/conda-bld/work
number of files: 16
Fixing permissions
patchelf: file: /home/ubuntu/miniconda/envs/_build/lib/python2.7/site-packages/jellyfish/cjellyfish.so
    setting rpath to: $ORIGIN/../../..
[noarch_python] Error: Shared object file found: lib/python2.7/site-packages/jellyfish/cjellyfish.so
Package search: {'_pypi_ordering': False, 'version': '0.5.0', 'name': 'jellyfish', 'summary': 'a library for doing approximate and phonetic matching of strings.'}
Creating standard recipe for jellyfish-0.5.0
Converting recipe in /home/ubuntu/pypi-conda-builds/jellyfish
package = jellyfish
   dependencies = []
Building conda package for jellyfish
