Package search: {'_pypi_ordering': False, 'version': '0.2.28', 'name': 'jenkinsapi', 'summary': 'A Python API for accessing resources on a Jenkins continuous-integration server.'}
Fetching package metadata: ....
Removing old build directory
Removing old work directory
BUILD START: jenkinsapi-0.2.28-py27_0
Fetching package metadata: ......
Solving package specifications: .+ pip install jenkinsapi
You are using pip version 7.0.1, however version 7.0.3 is available.
You should consider upgrading via the 'pip install --upgrade pip' command.
Collecting jenkinsapi
  Downloading http://localhost/packages/source/j/jenkinsapi/jenkinsapi-0.2.28.tar.gz
Requirement already satisfied (use --upgrade to upgrade): requests>=2.3.0 in /home/ubuntu/miniconda/envs/_build/lib/python2.7/site-packages (from jenkinsapi)
Requirement already satisfied (use --upgrade to upgrade): pytz>=2014.4 in /home/ubuntu/miniconda/envs/_build/lib/python2.7/site-packages/pytz-2015.4-py2.7.egg (from jenkinsapi)
Installing collected packages: jenkinsapi
  Running setup.py install for jenkinsapi
Successfully installed jenkinsapi-0.2.28

The following NEW packages will be INSTALLED:

    openssl:    1.0.1k-1     
    pip:        7.0.1-py27_0 
    python:     2.7.10-0     
    pytz:       2015.4-py27_0
    readline:   6.2-2        
    requests:   2.7.0-py27_0 
    setuptools: 17.0-py27_0  
    sqlite:     3.8.4.1-1    
    system:     5.8-2        
    tk:         8.5.18-0     
    zlib:       1.2.8-0      

Linking packages ...
[                    ]|                                                  |   0%[openssl             ]|                                                  |   0%[readline            ]|####                                              |   9%[sqlite              ]|#########                                         |  18%[system              ]|#############                                     |  27%[tk                  ]|##################                                |  36%[zlib                ]|######################                            |  45%[python              ]|###########################                       |  54%[pytz                ]|###############################                   |  63%[requests            ]|####################################              |  72%[setuptools          ]|########################################          |  81%[pip                 ]|#############################################     |  90%[      COMPLETE      ]|##################################################| 100%
Removing old work directory
Copying /home/ubuntu/pypi-conda-builds/jenkinsapi to /home/ubuntu/miniconda/conda-bld/work
Package: jenkinsapi-0.2.28-py27_0
source tree in: /home/ubuntu/miniconda/conda-bld/work
number of files: 72
Fixing permissions
Detected hard-coded path in text file bin/jenkins_invoke
Detected hard-coded path in text file bin/jenkinsapi_version
Fixing permissions
BUILD END: jenkinsapi-0.2.28-py27_0
# If you want to upload this package to binstar.org later, type:
#
# $ binstar upload /home/ubuntu/miniconda/conda-bld/linux-64/jenkinsapi-0.2.28-py27_0.tar.bz2
#
# To have conda build upload to binstar automatically, use
# $ conda config --set binstar_upload yes

Creating standard recipe for jenkinsapi-0.2.28
Converting recipe in /home/ubuntu/pypi-conda-builds/jenkinsapi
package = jenkinsapi
   dependencies = [u'requests >=2.3.0', u'pytz >=2014.4']
Building conda package for jenkinsapi
