Removing old build directory
Removing old work directory
BUILD START: jenkinsapi-0.2.28-py_0
Fetching package metadata: ......
Solving package specifications: .+ /home/ubuntu/miniconda/envs/_build/bin/python setup.py install
running install
running bdist_egg
running egg_info
writing requirements to jenkinsapi.egg-info/requires.txt
writing jenkinsapi.egg-info/PKG-INFO
writing top-level names to jenkinsapi.egg-info/top_level.txt
writing dependency_links to jenkinsapi.egg-info/dependency_links.txt
writing entry points to jenkinsapi.egg-info/entry_points.txt
reading manifest file 'jenkinsapi.egg-info/SOURCES.txt'
writing manifest file 'jenkinsapi.egg-info/SOURCES.txt'
installing library code to build/bdist.linux-x86_64/egg
running install_lib
running build_py
creating build
creating build/lib
creating build/lib/jenkinsapi
copying jenkinsapi/queue.py -> build/lib/jenkinsapi
copying jenkinsapi/build.py -> build/lib/jenkinsapi
copying jenkinsapi/plugin.py -> build/lib/jenkinsapi
copying jenkinsapi/jobs.py -> build/lib/jenkinsapi
copying jenkinsapi/nodes.py -> build/lib/jenkinsapi
copying jenkinsapi/config.py -> build/lib/jenkinsapi
copying jenkinsapi/api.py -> build/lib/jenkinsapi
copying jenkinsapi/fingerprint.py -> build/lib/jenkinsapi
copying jenkinsapi/mutable_jenkins_thing.py -> build/lib/jenkinsapi
copying jenkinsapi/result_set.py -> build/lib/jenkinsapi
copying jenkinsapi/job.py -> build/lib/jenkinsapi
copying jenkinsapi/jenkinsbase.py -> build/lib/jenkinsapi
copying jenkinsapi/views.py -> build/lib/jenkinsapi
copying jenkinsapi/constants.py -> build/lib/jenkinsapi
copying jenkinsapi/artifact.py -> build/lib/jenkinsapi
copying jenkinsapi/__init__.py -> build/lib/jenkinsapi
copying jenkinsapi/node.py -> build/lib/jenkinsapi
copying jenkinsapi/result.py -> build/lib/jenkinsapi
copying jenkinsapi/custom_exceptions.py -> build/lib/jenkinsapi
copying jenkinsapi/executors.py -> build/lib/jenkinsapi
copying jenkinsapi/plugins.py -> build/lib/jenkinsapi
copying jenkinsapi/jenkins.py -> build/lib/jenkinsapi
copying jenkinsapi/view.py -> build/lib/jenkinsapi
copying jenkinsapi/executor.py -> build/lib/jenkinsapi
creating build/lib/jenkinsapi/utils
copying jenkinsapi/utils/requester.py -> build/lib/jenkinsapi/utils
copying jenkinsapi/utils/__init__.py -> build/lib/jenkinsapi/utils
copying jenkinsapi/utils/krb_requester.py -> build/lib/jenkinsapi/utils
creating build/lib/jenkinsapi/command_line
copying jenkinsapi/command_line/jenkinsapi_version.py -> build/lib/jenkinsapi/command_line
copying jenkinsapi/command_line/__init__.py -> build/lib/jenkinsapi/command_line
copying jenkinsapi/command_line/jenkins_invoke.py -> build/lib/jenkinsapi/command_line
creating build/lib/jenkinsapi_tests
copying jenkinsapi_tests/__init__.py -> build/lib/jenkinsapi_tests
creating build/bdist.linux-x86_64
creating build/bdist.linux-x86_64/egg
creating build/bdist.linux-x86_64/egg/jenkinsapi
copying build/lib/jenkinsapi/queue.py -> build/bdist.linux-x86_64/egg/jenkinsapi
copying build/lib/jenkinsapi/build.py -> build/bdist.linux-x86_64/egg/jenkinsapi
copying build/lib/jenkinsapi/plugin.py -> build/bdist.linux-x86_64/egg/jenkinsapi
copying build/lib/jenkinsapi/jobs.py -> build/bdist.linux-x86_64/egg/jenkinsapi
creating build/bdist.linux-x86_64/egg/jenkinsapi/command_line
copying build/lib/jenkinsapi/command_line/jenkinsapi_version.py -> build/bdist.linux-x86_64/egg/jenkinsapi/command_line
copying build/lib/jenkinsapi/command_line/__init__.py -> build/bdist.linux-x86_64/egg/jenkinsapi/command_line
copying build/lib/jenkinsapi/command_line/jenkins_invoke.py -> build/bdist.linux-x86_64/egg/jenkinsapi/command_line
copying build/lib/jenkinsapi/nodes.py -> build/bdist.linux-x86_64/egg/jenkinsapi
copying build/lib/jenkinsapi/config.py -> build/bdist.linux-x86_64/egg/jenkinsapi
copying build/lib/jenkinsapi/api.py -> build/bdist.linux-x86_64/egg/jenkinsapi
creating build/bdist.linux-x86_64/egg/jenkinsapi/utils
copying build/lib/jenkinsapi/utils/requester.py -> build/bdist.linux-x86_64/egg/jenkinsapi/utils
copying build/lib/jenkinsapi/utils/__init__.py -> build/bdist.linux-x86_64/egg/jenkinsapi/utils
copying build/lib/jenkinsapi/utils/krb_requester.py -> build/bdist.linux-x86_64/egg/jenkinsapi/utils
copying build/lib/jenkinsapi/fingerprint.py -> build/bdist.linux-x86_64/egg/jenkinsapi
copying build/lib/jenkinsapi/mutable_jenkins_thing.py -> build/bdist.linux-x86_64/egg/jenkinsapi
copying build/lib/jenkinsapi/result_set.py -> build/bdist.linux-x86_64/egg/jenkinsapi
copying build/lib/jenkinsapi/job.py -> build/bdist.linux-x86_64/egg/jenkinsapi
copying build/lib/jenkinsapi/jenkinsbase.py -> build/bdist.linux-x86_64/egg/jenkinsapi
copying build/lib/jenkinsapi/views.py -> build/bdist.linux-x86_64/egg/jenkinsapi
copying build/lib/jenkinsapi/constants.py -> build/bdist.linux-x86_64/egg/jenkinsapi
copying build/lib/jenkinsapi/artifact.py -> build/bdist.linux-x86_64/egg/jenkinsapi
copying build/lib/jenkinsapi/__init__.py -> build/bdist.linux-x86_64/egg/jenkinsapi
copying build/lib/jenkinsapi/node.py -> build/bdist.linux-x86_64/egg/jenkinsapi
copying build/lib/jenkinsapi/result.py -> build/bdist.linux-x86_64/egg/jenkinsapi
copying build/lib/jenkinsapi/custom_exceptions.py -> build/bdist.linux-x86_64/egg/jenkinsapi
copying build/lib/jenkinsapi/executors.py -> build/bdist.linux-x86_64/egg/jenkinsapi
copying build/lib/jenkinsapi/plugins.py -> build/bdist.linux-x86_64/egg/jenkinsapi
copying build/lib/jenkinsapi/jenkins.py -> build/bdist.linux-x86_64/egg/jenkinsapi
copying build/lib/jenkinsapi/view.py -> build/bdist.linux-x86_64/egg/jenkinsapi
copying build/lib/jenkinsapi/executor.py -> build/bdist.linux-x86_64/egg/jenkinsapi
creating build/bdist.linux-x86_64/egg/jenkinsapi_tests
copying build/lib/jenkinsapi_tests/__init__.py -> build/bdist.linux-x86_64/egg/jenkinsapi_tests
byte-compiling build/bdist.linux-x86_64/egg/jenkinsapi/queue.py to queue.pyc
byte-compiling build/bdist.linux-x86_64/egg/jenkinsapi/build.py to build.pyc
byte-compiling build/bdist.linux-x86_64/egg/jenkinsapi/plugin.py to plugin.pyc
byte-compiling build/bdist.linux-x86_64/egg/jenkinsapi/jobs.py to jobs.pyc
byte-compiling build/bdist.linux-x86_64/egg/jenkinsapi/command_line/jenkinsapi_version.py to jenkinsapi_version.pyc
byte-compiling build/bdist.linux-x86_64/egg/jenkinsapi/command_line/__init__.py to __init__.pyc
byte-compiling build/bdist.linux-x86_64/egg/jenkinsapi/command_line/jenkins_invoke.py to jenkins_invoke.pyc
byte-compiling build/bdist.linux-x86_64/egg/jenkinsapi/nodes.py to nodes.pyc
byte-compiling build/bdist.linux-x86_64/egg/jenkinsapi/config.py to config.pyc
byte-compiling build/bdist.linux-x86_64/egg/jenkinsapi/api.py to api.pyc
byte-compiling build/bdist.linux-x86_64/egg/jenkinsapi/utils/requester.py to requester.pyc
byte-compiling build/bdist.linux-x86_64/egg/jenkinsapi/utils/__init__.py to __init__.pyc
byte-compiling build/bdist.linux-x86_64/egg/jenkinsapi/utils/krb_requester.py to krb_requester.pyc
byte-compiling build/bdist.linux-x86_64/egg/jenkinsapi/fingerprint.py to fingerprint.pyc
byte-compiling build/bdist.linux-x86_64/egg/jenkinsapi/mutable_jenkins_thing.py to mutable_jenkins_thing.pyc
byte-compiling build/bdist.linux-x86_64/egg/jenkinsapi/result_set.py to result_set.pyc
byte-compiling build/bdist.linux-x86_64/egg/jenkinsapi/job.py to job.pyc
byte-compiling build/bdist.linux-x86_64/egg/jenkinsapi/jenkinsbase.py to jenkinsbase.pyc
byte-compiling build/bdist.linux-x86_64/egg/jenkinsapi/views.py to views.pyc
byte-compiling build/bdist.linux-x86_64/egg/jenkinsapi/constants.py to constants.pyc
byte-compiling build/bdist.linux-x86_64/egg/jenkinsapi/artifact.py to artifact.pyc
byte-compiling build/bdist.linux-x86_64/egg/jenkinsapi/__init__.py to __init__.pyc
byte-compiling build/bdist.linux-x86_64/egg/jenkinsapi/node.py to node.pyc
byte-compiling build/bdist.linux-x86_64/egg/jenkinsapi/result.py to result.pyc
byte-compiling build/bdist.linux-x86_64/egg/jenkinsapi/custom_exceptions.py to custom_exceptions.pyc
byte-compiling build/bdist.linux-x86_64/egg/jenkinsapi/executors.py to executors.pyc
byte-compiling build/bdist.linux-x86_64/egg/jenkinsapi/plugins.py to plugins.pyc
byte-compiling build/bdist.linux-x86_64/egg/jenkinsapi/jenkins.py to jenkins.pyc
byte-compiling build/bdist.linux-x86_64/egg/jenkinsapi/view.py to view.pyc
byte-compiling build/bdist.linux-x86_64/egg/jenkinsapi/executor.py to executor.pyc
byte-compiling build/bdist.linux-x86_64/egg/jenkinsapi_tests/__init__.py to __init__.pyc
creating build/bdist.linux-x86_64/egg/EGG-INFO
copying jenkinsapi.egg-info/PKG-INFO -> build/bdist.linux-x86_64/egg/EGG-INFO
copying jenkinsapi.egg-info/SOURCES.txt -> build/bdist.linux-x86_64/egg/EGG-INFO
copying jenkinsapi.egg-info/dependency_links.txt -> build/bdist.linux-x86_64/egg/EGG-INFO
copying jenkinsapi.egg-info/entry_points.txt -> build/bdist.linux-x86_64/egg/EGG-INFO
copying jenkinsapi.egg-info/requires.txt -> build/bdist.linux-x86_64/egg/EGG-INFO
copying jenkinsapi.egg-info/top_level.txt -> build/bdist.linux-x86_64/egg/EGG-INFO
copying jenkinsapi.egg-info/zip-safe -> build/bdist.linux-x86_64/egg/EGG-INFO
creating dist
creating 'dist/jenkinsapi-0.2.28-py2.7.egg' and adding 'build/bdist.linux-x86_64/egg' to it
removing 'build/bdist.linux-x86_64/egg' (and everything under it)
Processing jenkinsapi-0.2.28-py2.7.egg
Copying jenkinsapi-0.2.28-py2.7.egg to /home/ubuntu/miniconda/envs/_build/lib/python2.7/site-packages
Adding jenkinsapi 0.2.28 to easy-install.pth file
Installing jenkins_invoke script to /home/ubuntu/miniconda/envs/_build/bin
Installing jenkinsapi_version script to /home/ubuntu/miniconda/envs/_build/bin

Installed /home/ubuntu/miniconda/envs/_build/lib/python2.7/site-packages/jenkinsapi-0.2.28-py2.7.egg
Processing dependencies for jenkinsapi==0.2.28
Searching for pytz==2015.4
Best match: pytz 2015.4
Processing pytz-2015.4-py2.7.egg
Adding pytz 2015.4 to easy-install.pth file

Using /home/ubuntu/miniconda/envs/_build/lib/python2.7/site-packages/pytz-2015.4-py2.7.egg
Searching for requests==2.7.0
Best match: requests 2.7.0
Adding requests 2.7.0 to easy-install.pth file

Using /home/ubuntu/miniconda/envs/_build/lib/python2.7/site-packages
Finished processing dependencies for jenkinsapi==0.2.28

The following NEW packages will be INSTALLED:

    openssl:    1.0.1k-1     
    pip:        7.0.3-py27_0 
    python:     2.7.10-0     
    pytz:       2015.4-py27_0
    readline:   6.2-2        
    requests:   2.7.0-py27_0 
    setuptools: 17.0-py27_0  
    sqlite:     3.8.4.1-1    
    system:     5.8-2        
    tk:         8.5.18-0     
    zlib:       1.2.8-0      

Linking packages ...
[                    ]|                                                  |   0%[openssl             ]|                                                  |   0%[readline            ]|####                                              |   9%[sqlite              ]|#########                                         |  18%[system              ]|#############                                     |  27%[tk                  ]|##################                                |  36%[zlib                ]|######################                            |  45%[python              ]|###########################                       |  54%[pytz                ]|###############################                   |  63%[requests            ]|####################################              |  72%[setuptools          ]|########################################          |  81%[pip                 ]|#############################################     |  90%[      COMPLETE      ]|##################################################| 100%
Removing old work directory
Source cache directory is: /home/ubuntu/miniconda/conda-bld/src_cache
Found source in cache: jenkinsapi-0.2.28.tar.gz
Extracting download
Package: jenkinsapi-0.2.28-py_0
source tree in: /home/ubuntu/miniconda/conda-bld/work/jenkinsapi-0.2.28
found egg: /home/ubuntu/miniconda/envs/_build/lib/python2.7/site-packages/jenkinsapi-0.2.28-py2.7.egg
number of files: 4
Fixing permissions
Fixing permissions
BUILD END: jenkinsapi-0.2.28-py_0
TEST START: jenkinsapi-0.2.28-py_0
Fetching package metadata: ......
Solving package specifications: ..
Error: Unsatisfiable package specifications.
Generating hint: 
[      COMPLETE      ]|                                                  |   0%[3/6                 ]|#########################                         |  50%[4/6                 ]|#################################                 |  66%
Hint: the following packages conflict with each other:
  - unittest2
  - python 2.7*
