Package search: {'_pypi_ordering': False, 'version': '2.7.3', 'name': 'Jinja2', 'summary': 'A small but fast and easy to use stand-alone template engine written in pure python.'}
Fetching package metadata: ....
Removing old build directory
Removing old work directory
BUILD START: jinja2-2.7.3-py27_0
Fetching package metadata: ......
Solving package specifications: .+ pip install Jinja2
Collecting Jinja2
  Downloading http://localhost/packages/source/J/Jinja2/Jinja2-2.7.3.tar.gz (378kB)
Requirement already satisfied (use --upgrade to upgrade): markupsafe in /home/ubuntu/miniconda/envs/_build/lib/python2.7/site-packages (from Jinja2)
Installing collected packages: Jinja2
  Running setup.py install for Jinja2
Successfully installed Jinja2-2.7.3

The following NEW packages will be INSTALLED:

    markupsafe: 0.23-py27_0 
    openssl:    1.0.1k-1    
    pip:        7.0.3-py27_0
    python:     2.7.10-0    
    readline:   6.2-2       
    setuptools: 17.0-py27_0 
    sqlite:     3.8.4.1-1   
    system:     5.8-2       
    tk:         8.5.18-0    
    zlib:       1.2.8-0     

Linking packages ...
[                    ]|                                                  |   0%[openssl             ]|                                                  |   0%[readline            ]|#####                                             |  10%[sqlite              ]|##########                                        |  20%[system              ]|###############                                   |  30%[tk                  ]|####################                              |  40%[zlib                ]|#########################                         |  50%[markupsafe          ]|##############################                    |  60%[python              ]|###################################               |  70%[setuptools          ]|########################################          |  80%[pip                 ]|#############################################     |  90%[      COMPLETE      ]|##################################################| 100%
Removing old work directory
Copying /home/ubuntu/pypi-conda-builds/jinja2 to /home/ubuntu/miniconda/conda-bld/work
Package: jinja2-2.7.3-py27_0
source tree in: /home/ubuntu/miniconda/conda-bld/work
number of files: 92
Fixing permissions
Fixing permissions
BUILD END: jinja2-2.7.3-py27_0
# If you want to upload this package to binstar.org later, type:
#
# $ binstar upload /home/ubuntu/miniconda/conda-bld/linux-64/jinja2-2.7.3-py27_0.tar.bz2
#
# To have conda build upload to binstar automatically, use
# $ conda config --set binstar_upload yes

Creating standard recipe for jinja2-2.7.3
Converting recipe in /home/ubuntu/pypi-conda-builds/jinja2
package = Jinja2
   dependencies = [u'markupsafe']
Building conda package for jinja2
