Warning, the following versions were found for jira
0.47
0.46
0.45
0.44
0.43
0.42
0.41
0.40
0.39
0.38
0.37
0.36
0.35
0.33
0.32
0.31
0.30
0.28
0.25
0.23
0.22
0.21
0.20
0.19
0.18
0.17
0.16
0.1.0
Using 0.47
Use --version to specify a different version.
Using url https://pypi.python.org/packages/source/j/jira/jira-0.47.tar.gz (40 KB) for jira.
Downloading jira (use --no-download to skip this step)
Using cached download
Unpacking jira...
done
working in /tmp/tmpjbBwqLconda_skeleton_jira-0.47.tar.gz
Fetching package metadata: ......
Solving package specifications: .patching file core.py
Hunk #1 succeeded at 168 with fuzz 2 (offset 2 lines).

The following NEW packages will be INSTALLED:

    numpy:  1.9.2-py27_0
    pyyaml: 3.11-py27_0 

Linking packages ...
[                    ]|                                                  |   0%[numpy               ]|                                                  |   0%[pyyaml              ]|#########################                         |  50%[      COMPLETE      ]|##################################################| 100%
Applying patch: '/tmp/tmpjbBwqLconda_skeleton_jira-0.47.tar.gz/pypi-distutils.patch'
Warning, the following versions were found for filemagic
1.6
1.5
1.4
1.3
1.2
1.1
1.0
Using 1.6
Use --version to specify a different version.
Using url https://pypi.python.org/packages/source/f/filemagic/filemagic-1.6.tar.gz (16 KB) for filemagic.
Downloading filemagic (use --no-download to skip this step)
Using cached download
Unpacking filemagic...
done
working in /tmp/tmpZ5EKM6conda_skeleton_filemagic-1.6.tar.gz
Solving package specifications: .patching file core.py
Hunk #1 succeeded at 168 with fuzz 2 (offset 2 lines).

Applying patch: '/tmp/tmpZ5EKM6conda_skeleton_filemagic-1.6.tar.gz/pypi-distutils.patch'
Error: Could not find any versions of package requests_toolbelt
