Warning, the following versions were found for jlddk
0.7.37
0.7.36
0.7.35
0.7.34
0.7.33
0.7.32
0.7.31
0.7.30
0.7.29
0.7.28
0.7.27
0.7.26
0.7.25
0.7.24
0.7.23
0.7.22
0.7.21
0.7.20
0.7.19
0.7.18
0.7.17
0.7.16
0.7.15
0.7.14
0.7.13
0.7.12
0.7.11
0.7.10
0.7.9
0.7.8
0.7.7
0.7.6
0.7.5
0.7.4
0.7.3
0.7.2
0.7.1
0.7.0
0.6.9
0.6.8
0.6.7
0.6.6
0.6.5
0.6.4
0.6.3
0.6.2
0.6.1
0.6.0
0.5.1
0.5.0
0.4.22
0.4.21
0.4.20
0.4.18
0.4.17
0.4.16
0.4.15
0.4.14
0.4.13
0.4.12
0.4.11
0.4.10
0.4.9
0.4.8
0.4.7
0.4.6
0.4.5
0.4.4
0.4.3
0.4.2
0.4.1
0.4.0
0.3.1
0.3.0
0.2.9
0.2.8
0.2.7
0.2.6
0.2.5
0.2.4
0.2.3
0.2.2
0.2.1
0.2.0
0.1.27
0.1.26
0.1.24
0.1.23
0.1.22
0.1.21
0.1.20
0.1.19
0.1.18
0.1.17
0.1.16
0.1.15
0.1.14
0.1.13
0.1.12
0.1.11
0.1.10
0.1.9
0.1.8
0.1.7
0.1.6
0.1.5
0.1.4
0.1.3
0.1.2
Using 0.7.37
Use --version to specify a different version.
Using url https://pypi.python.org/packages/source/j/jlddk/jlddk-0.7.37.tar.gz (55 KB) for jlddk.
Downloading jlddk (use --no-download to skip this step)
Using cached download
Unpacking jlddk...
done
working in /tmp/tmpIROg8Uconda_skeleton_jlddk-0.7.37.tar.gz
Fetching package metadata: ......
Solving package specifications: .patching file core.py
Hunk #1 succeeded at 168 with fuzz 2 (offset 2 lines).
Traceback (most recent call last):
  File "setup.py", line 13, in <module>
    from setuptools import find_packages
ImportError: No module named setuptools

Applying patch: '/tmp/tmpIROg8Uconda_skeleton_jlddk-0.7.37.tar.gz/pypi-distutils.patch'
$PYTHONPATH = /tmp/tmpIROg8Uconda_skeleton_jlddk-0.7.37.tar.gz/jlddk-0.7.37
Error: command failed: /home/ubuntu/miniconda/envs/_build/bin/python setup.py install
