Warning, the following versions were found for jmespath
0.7.1
0.7.0
0.6.2
0.6.1
0.6.0
0.5.0
0.4.1
0.4.0
0.3.1
0.3.0
0.2.1
0.2.0
0.1.0
0.0.3
0.0.2
0.0.1
Using 0.7.1
Use --version to specify a different version.
Using url https://pypi.python.org/packages/source/j/jmespath/jmespath-0.7.1.tar.gz (19 KB) for jmespath.
Downloading jmespath (use --no-download to skip this step)
Using cached download
Unpacking jmespath...
done
working in /tmp/tmpYBYBSrconda_skeleton_jmespath-0.7.1.tar.gz
Fetching package metadata: ......
Solving package specifications: .patching file core.py
Hunk #1 succeeded at 168 with fuzz 2 (offset 2 lines).

Applying patch: '/tmp/tmpYBYBSrconda_skeleton_jmespath-0.7.1.tar.gz/pypi-distutils.patch'
Writing recipe for jmespath
Done
