Warning, the following versions were found for joblib
0.8.4
0.8.3-r1
0.8.3
0.8.2
0.8.1
0.8.0
0.8.0a3
0.8.0a2
0.8.0a
0.7.1
0.7.0d
0.7.0c
0.7.0b
0.7.0a
0.6.5
0.6.4
0.6.3
0.6.2
0.6.1
0.6.0
0.6.0b3
0.6.0b2
0.6.0b
0.6.0a
0.5.7
0.5.7b.dev
0.5.7a
0.5.7a.dev
0.5.7.dev
0.5.6.dev
0.5.5.dev
0.5.4.dev
0.5.3.dev
0.5.2.dev
0.5.1.dev
0.5.0a.dev
0.5.0.dev
0.4.6.dev
0.4.5.dev
0.4.4.dev
0.4.3.dev
0.4.2.dev
0.4.1.dev
0.4.0.dev
0.3.7.dev
0.3.6.dev
0.3.5.dev
0.3.4.dev
0.3.3c.dev
0.3.3b.dev
0.3.3a.dev
0.3.2g.dev
0.3.2f
0.3.2f.dev
0.3.2e.dev
0.3.2d
0.3.2d.dev
0.3.2c.dev
0.3.2b.dev
0.3.2a.dev
0.3.2.dev
0.3.1a.dev
0.3a.dev
0.2a.dev
0.1a
0.1a.dev
Using 0.8.4
Use --version to specify a different version.
Using url https://pypi.python.org/packages/source/j/joblib/joblib-0.8.4.tar.gz (307 KB) for joblib.
Downloading joblib (use --no-download to skip this step)
Using cached download
Unpacking joblib...
done
working in /tmp/tmphEtJo5conda_skeleton_joblib-0.8.4.tar.gz
Fetching package metadata: ......
Solving package specifications: .patching file core.py
Hunk #1 succeeded at 168 with fuzz 2 (offset 2 lines).

The following NEW packages will be INSTALLED:

    numpy:  1.9.2-py27_0
    pyyaml: 3.11-py27_0 

Linking packages ...
[                    ]|                                                  |   0%[numpy               ]|                                                  |   0%[pyyaml              ]|#########################                         |  50%[      COMPLETE      ]|##################################################| 100%
Applying patch: '/tmp/tmphEtJo5conda_skeleton_joblib-0.8.4.tar.gz/pypi-distutils.patch'
Writing recipe for joblib
Done
