Warning, the following versions were found for jprops
1.0
0.2
0.1
Using 1.0
Use --version to specify a different version.
Using url https://pypi.python.org/packages/source/j/jprops/jprops-1.0.tar.gz (5 KB) for jprops.
Downloading jprops (use --no-download to skip this step)
Using cached download
Unpacking jprops...
done
working in /tmp/tmpzTfdB3conda_skeleton_jprops-1.0.tar.gz
Fetching package metadata: ......
Solving package specifications: .patching file core.py
Hunk #1 succeeded at 168 with fuzz 2 (offset 2 lines).
Traceback (most recent call last):
  File "setup.py", line 4, in <module>
    import setuptools
ImportError: No module named setuptools

Applying patch: '/tmp/tmpzTfdB3conda_skeleton_jprops-1.0.tar.gz/pypi-distutils.patch'
$PYTHONPATH = /tmp/tmpzTfdB3conda_skeleton_jprops-1.0.tar.gz/jprops-1.0
Error: command failed: /home/ubuntu/miniconda/envs/_build/bin/python setup.py install
