Warning, the following versions were found for jsonpath-rw
1.4.0
1.3.0
1.2.3
1.2.2
1.2.1
1.2.0
1.1.4
1.1.3
1.1.2
1.1.1
1.1
1.0
0.9
0.8
0.7
0.6
0.5
0.4
0.3
0.2
0.1
Using 1.4.0
Use --version to specify a different version.
Using url https://pypi.python.org/packages/source/j/jsonpath-rw/jsonpath-rw-1.4.0.tar.gz (13 KB) for jsonpath-rw.
Downloading jsonpath-rw (use --no-download to skip this step)
Using cached download
Unpacking jsonpath-rw...
done
working in /tmp/tmpF8NKFTconda_skeleton_jsonpath-rw-1.4.0.tar.gz
Fetching package metadata: ......
Solving package specifications: .patching file core.py
Hunk #1 succeeded at 168 with fuzz 2 (offset 2 lines).

Applying patch: '/tmp/tmpF8NKFTconda_skeleton_jsonpath-rw-1.4.0.tar.gz/pypi-distutils.patch'
Writing recipe for jsonpath-rw
Done
