Package search: {'_pypi_ordering': False, 'version': '1.0.3', 'name': 'jsonfield', 'summary': 'A reusable Django field that allows you to store validated JSON in your model.'}
Fetching package metadata: ....
Removing old build directory
Removing old work directory
BUILD START: jsonfield-1.0.3-py27_0
Fetching package metadata: ......
Solving package specifications: .+ pip install jsonfield
You are using pip version 7.0.1, however version 7.0.3 is available.
You should consider upgrading via the 'pip install --upgrade pip' command.
Collecting jsonfield
  Downloading http://localhost/packages/source/j/jsonfield/jsonfield-1.0.3.tar.gz
Requirement already satisfied (use --upgrade to upgrade): Django>=1.4.3 in /home/ubuntu/miniconda/envs/_build/lib/python2.7/site-packages (from jsonfield)
Installing collected packages: jsonfield
  Running setup.py install for jsonfield
Successfully installed jsonfield-1.0.3

The following NEW packages will be INSTALLED:

    django:     1.8.2-py27_0
    openssl:    1.0.1k-1    
    pip:        7.0.1-py27_0
    python:     2.7.10-0    
    readline:   6.2-2       
    setuptools: 17.0-py27_0 
    sqlite:     3.8.4.1-1   
    system:     5.8-2       
    tk:         8.5.18-0    
    zlib:       1.2.8-0     

Linking packages ...
[                    ]|                                                  |   0%[openssl             ]|                                                  |   0%[readline            ]|#####                                             |  10%[sqlite              ]|##########                                        |  20%[system              ]|###############                                   |  30%[tk                  ]|####################                              |  40%[zlib                ]|#########################                         |  50%[django              ]|##############################                    |  60%[python              ]|###################################               |  70%[setuptools          ]|########################################          |  80%[pip                 ]|#############################################     |  90%[      COMPLETE      ]|##################################################| 100%
Removing old work directory
Copying /home/ubuntu/pypi-conda-builds/jsonfield to /home/ubuntu/miniconda/conda-bld/work
Package: jsonfield-1.0.3-py27_0
source tree in: /home/ubuntu/miniconda/conda-bld/work
number of files: 18
Fixing permissions
Fixing permissions
BUILD END: jsonfield-1.0.3-py27_0
# If you want to upload this package to binstar.org later, type:
#
# $ binstar upload /home/ubuntu/miniconda/conda-bld/linux-64/jsonfield-1.0.3-py27_0.tar.bz2
#
# To have conda build upload to binstar automatically, use
# $ conda config --set binstar_upload yes

Creating standard recipe for jsonfield-1.0.3
Converting recipe in /home/ubuntu/pypi-conda-builds/jsonfield
package = jsonfield
   dependencies = [u'django >=1.4.3']
Building conda package for jsonfield
