Warning, the following versions were found for jsonfield
1.0.3
1.0.2
1.0.1
1.0.0
0.9.23
0.9.22
0.9.20
0.9.19
0.9.18
0.9.17
0.9.15
0.9.14
0.9.13
0.9.12
0.9.11
0.9.10
0.9.9
0.9.8
0.9.7
0.9.6
0.9.5
0.9.4
0.9.2
0.9
0.8
0.7
0.6
Using 1.0.3
Use --version to specify a different version.
Using url https://pypi.python.org/packages/source/j/jsonfield/jsonfield-1.0.3.tar.gz (8 KB) for jsonfield.
Downloading jsonfield (use --no-download to skip this step)
Using cached download
Unpacking jsonfield...
done
working in /tmp/tmp7qo5jNconda_skeleton_jsonfield-1.0.3.tar.gz
Fetching package metadata: ......
Solving package specifications: .patching file core.py
Hunk #1 succeeded at 168 with fuzz 2 (offset 2 lines).

Applying patch: '/tmp/tmp7qo5jNconda_skeleton_jsonfield-1.0.3.tar.gz/pypi-distutils.patch'
Writing recipe for jsonfield
Done
