Warning, the following versions were found for jsonpickle
0.9.2
0.9.1
0.9.0
0.8.0
0.7.2
0.7.1
0.7.0
0.6.1
0.6.0
0.5.0
0.5.0-beta
0.4.0
0.3.1
0.3.0
0.2.0
0.1.0
0.0.5
0.0.4
0.0.2
0.0.1
Using 0.9.2
Use --version to specify a different version.
Using url https://pypi.python.org/packages/source/j/jsonpickle/jsonpickle-0.9.2.tar.gz (58 KB) for jsonpickle.
Downloading jsonpickle (use --no-download to skip this step)
Using cached download
Unpacking jsonpickle...
done
working in /tmp/tmpiz6p8pconda_skeleton_jsonpickle-0.9.2.tar.gz
Fetching package metadata: ......
Solving package specifications: .patching file core.py
Hunk #1 succeeded at 168 with fuzz 2 (offset 2 lines).

The following NEW packages will be INSTALLED:

    numpy:  1.9.2-py27_0
    pyyaml: 3.11-py27_0 

Linking packages ...
[                    ]|                                                  |   0%[numpy               ]|                                                  |   0%[pyyaml              ]|#########################                         |  50%[      COMPLETE      ]|##################################################| 100%
Applying patch: '/tmp/tmpiz6p8pconda_skeleton_jsonpickle-0.9.2.tar.gz/pypi-distutils.patch'
Writing recipe for jsonpickle
Done
