Removing old build directory
Removing old work directory
BUILD START: jsonpointer-1.9-py27_0
Fetching package metadata: ......
Solving package specifications: .+ /home/ubuntu/miniconda/envs/_build/bin/python setup.py install
warning: pypandoc module not found, could not convert Markdown to RST
running install
running bdist_egg
running egg_info
writing jsonpointer.egg-info/PKG-INFO
writing top-level names to jsonpointer.egg-info/top_level.txt
writing dependency_links to jsonpointer.egg-info/dependency_links.txt
reading manifest file 'jsonpointer.egg-info/SOURCES.txt'
reading manifest template 'MANIFEST.in'
writing manifest file 'jsonpointer.egg-info/SOURCES.txt'
installing library code to build/bdist.linux-x86_64/egg
running install_lib
running build_py
creating build
creating build/lib
copying jsonpointer.py -> build/lib
creating build/bdist.linux-x86_64
creating build/bdist.linux-x86_64/egg
copying build/lib/jsonpointer.py -> build/bdist.linux-x86_64/egg
byte-compiling build/bdist.linux-x86_64/egg/jsonpointer.py to jsonpointer.pyc
creating build/bdist.linux-x86_64/egg/EGG-INFO
installing scripts to build/bdist.linux-x86_64/egg/EGG-INFO/scripts
running install_scripts
running build_scripts
creating build/scripts-2.7
copying and adjusting bin/jsonpointer -> build/scripts-2.7
changing mode of build/scripts-2.7/jsonpointer from 664 to 775
creating build/bdist.linux-x86_64/egg/EGG-INFO/scripts
copying build/scripts-2.7/jsonpointer -> build/bdist.linux-x86_64/egg/EGG-INFO/scripts
changing mode of build/bdist.linux-x86_64/egg/EGG-INFO/scripts/jsonpointer to 775
copying jsonpointer.egg-info/PKG-INFO -> build/bdist.linux-x86_64/egg/EGG-INFO
copying jsonpointer.egg-info/SOURCES.txt -> build/bdist.linux-x86_64/egg/EGG-INFO
copying jsonpointer.egg-info/dependency_links.txt -> build/bdist.linux-x86_64/egg/EGG-INFO
copying jsonpointer.egg-info/top_level.txt -> build/bdist.linux-x86_64/egg/EGG-INFO
zip_safe flag not set; analyzing archive contents...
creating dist
creating 'dist/jsonpointer-1.9-py2.7.egg' and adding 'build/bdist.linux-x86_64/egg' to it
removing 'build/bdist.linux-x86_64/egg' (and everything under it)
Processing jsonpointer-1.9-py2.7.egg
Copying jsonpointer-1.9-py2.7.egg to /home/ubuntu/miniconda/envs/_build/lib/python2.7/site-packages
Adding jsonpointer 1.9 to easy-install.pth file
Installing jsonpointer script to /home/ubuntu/miniconda/envs/_build/bin

Installed /home/ubuntu/miniconda/envs/_build/lib/python2.7/site-packages/jsonpointer-1.9-py2.7.egg
Processing dependencies for jsonpointer==1.9
Finished processing dependencies for jsonpointer==1.9

The following NEW packages will be INSTALLED:

    openssl:    1.0.1k-1    
    pip:        7.0.3-py27_0
    python:     2.7.10-0    
    readline:   6.2-2       
    setuptools: 17.0-py27_0 
    sqlite:     3.8.4.1-1   
    system:     5.8-2       
    tk:         8.5.18-0    
    zlib:       1.2.8-0     

Linking packages ...
[                    ]|                                                  |   0%[openssl             ]|                                                  |   0%[readline            ]|#####                                             |  11%[sqlite              ]|###########                                       |  22%[system              ]|################                                  |  33%[tk                  ]|######################                            |  44%[zlib                ]|###########################                       |  55%[python              ]|#################################                 |  66%[setuptools          ]|######################################            |  77%[pip                 ]|############################################      |  88%[      COMPLETE      ]|##################################################| 100%
Removing old work directory
Source cache directory is: /home/ubuntu/miniconda/conda-bld/src_cache
Found source in cache: jsonpointer-1.9.tar.gz
Extracting download
Package: jsonpointer-1.9-py27_0
source tree in: /home/ubuntu/miniconda/conda-bld/work/jsonpointer-1.9
found egg: /home/ubuntu/miniconda/envs/_build/lib/python2.7/site-packages/jsonpointer-1.9-py2.7.egg
number of files: 3
Fixing permissions
Detected hard-coded path in text file bin/jsonpointer
Fixing permissions
BUILD END: jsonpointer-1.9-py27_0
Nothing to test for: jsonpointer-1.9-py27_0
# If you want to upload this package to binstar.org later, type:
#
# $ binstar upload /home/ubuntu/miniconda/conda-bld/linux-64/jsonpointer-1.9-py27_0.tar.bz2
#
# To have conda build upload to binstar automatically, use
# $ conda config --set binstar_upload yes

