Removing old build directory
Removing old work directory
BUILD START: jsonlib-1.6.1-py_0
Fetching package metadata: ......
Solving package specifications: .+ pip install jsonlib
Collecting jsonlib
  Downloading http://localhost/packages/source/j/jsonlib/jsonlib-1.6.1.tar.gz (43kB)
setuptools must be installed to install from a source distribution

The following NEW packages will be INSTALLED:

    openssl:    1.0.1k-1     
    pip:        7.0.3-py27_0 
    python:     2.7.10-0     
    readline:   6.2-2        
    setuptools: 17.1.1-py27_0
    sqlite:     3.8.4.1-1    
    system:     5.8-2        
    tk:         8.5.18-0     
    zlib:       1.2.8-0      

Linking packages ...
[                    ]|                                                  |   0%[openssl             ]|                                                  |   0%[readline            ]|#####                                             |  11%[sqlite              ]|###########                                       |  22%[system              ]|################                                  |  33%[tk                  ]|######################                            |  44%[zlib                ]|###########################                       |  55%[python              ]|#################################                 |  66%[setuptools          ]|######################################            |  77%[pip                 ]|############################################      |  88%[      COMPLETE      ]|##################################################| 100%
Removing old work directory
Copying /home/ubuntu/pypi-conda-builds/jsonlib to /home/ubuntu/miniconda/conda-bld/work
Package: jsonlib-1.6.1-py_0
source tree in: /home/ubuntu/miniconda/conda-bld/work
Command failed: /bin/bash -x -e /home/ubuntu/pypi-conda-builds/jsonlib/build.sh
Package search: {'_pypi_ordering': False, 'version': '1.6.1', 'name': 'jsonlib', 'summary': 'JSON serializer/deserializer for Python'}
Creating standard recipe for jsonlib-1.6.1
Converting recipe in /home/ubuntu/pypi-conda-builds/jsonlib
package = jsonlib
   dependencies = []
Building conda package for jsonlib
