Package search: {'_pypi_ordering': False, 'version': '1.4.0', 'name': 'jsonpath-rw', 'summary': 'A robust and significantly extended implementation of JSONPath for Python, with a clear AST for metaprogramming.'}
Fetching package metadata: ....
Removing old build directory
Removing old work directory
BUILD START: jsonpath-rw-1.4.0-py27_0
Fetching package metadata: ......
Solving package specifications: .+ pip install jsonpath-rw
Collecting jsonpath-rw
  Downloading http://localhost/packages/source/j/jsonpath-rw/jsonpath-rw-1.4.0.tar.gz
Requirement already satisfied (use --upgrade to upgrade): ply in /home/ubuntu/miniconda/envs/_build/lib/python2.7/site-packages (from jsonpath-rw)
Requirement already satisfied (use --upgrade to upgrade): decorator in /home/ubuntu/miniconda/envs/_build/lib/python2.7/site-packages (from jsonpath-rw)
Requirement already satisfied (use --upgrade to upgrade): six in /home/ubuntu/miniconda/envs/_build/lib/python2.7/site-packages (from jsonpath-rw)
Installing collected packages: jsonpath-rw
  Running setup.py install for jsonpath-rw
Successfully installed jsonpath-rw-1.4.0

The following NEW packages will be INSTALLED:

    decorator:  3.4.2-py27_0
    openssl:    1.0.1k-1    
    pip:        7.0.3-py27_0
    ply:        3.6-py27_0  
    python:     2.7.10-0    
    readline:   6.2-2       
    setuptools: 17.0-py27_0 
    six:        1.9.0-py27_0
    sqlite:     3.8.4.1-1   
    system:     5.8-2       
    tk:         8.5.18-0    
    zlib:       1.2.8-0     

Linking packages ...
[                    ]|                                                  |   0%[openssl             ]|                                                  |   0%[readline            ]|####                                              |   8%[sqlite              ]|########                                          |  16%[system              ]|############                                      |  25%[tk                  ]|################                                  |  33%[zlib                ]|####################                              |  41%[decorator           ]|#########################                         |  50%[ply                 ]|#############################                     |  58%[python              ]|#################################                 |  66%[setuptools          ]|#####################################             |  75%[six                 ]|#########################################         |  83%[pip                 ]|#############################################     |  91%[      COMPLETE      ]|##################################################| 100%
Removing old work directory
Copying /home/ubuntu/pypi-conda-builds/jsonpath-rw to /home/ubuntu/miniconda/conda-bld/work
Package: jsonpath-rw-1.4.0-py27_0
source tree in: /home/ubuntu/miniconda/conda-bld/work
number of files: 20
Fixing permissions
Detected hard-coded path in text file bin/jsonpath.py
Fixing permissions
BUILD END: jsonpath-rw-1.4.0-py27_0
# If you want to upload this package to binstar.org later, type:
#
# $ binstar upload /home/ubuntu/miniconda/conda-bld/linux-64/jsonpath-rw-1.4.0-py27_0.tar.bz2
#
# To have conda build upload to binstar automatically, use
# $ conda config --set binstar_upload yes

Creating standard recipe for jsonpath-rw-1.4.0
Converting recipe in /home/ubuntu/pypi-conda-builds/jsonpath-rw
package = jsonpath-rw
   dependencies = [u'ply', u'decorator', u'six']
Building conda package for jsonpath-rw
