Warning, the following versions were found for jsonpatch
1.11
1.10
1.9
1.8
1.7
1.6
1.5
1.4
1.3
1.2
1.1
1.0
0.12
0.11
0.10
0.9
0.8
0.7
0.6
0.5
0.4
0.3
0.2
0.1
Using 1.11
Use --version to specify a different version.
Using url https://pypi.python.org/packages/source/j/jsonpatch/jsonpatch-1.11.tar.gz (14 KB) for jsonpatch.
Downloading jsonpatch (use --no-download to skip this step)
Using cached download
Unpacking jsonpatch...
done
working in /tmp/tmpQCFL1xconda_skeleton_jsonpatch-1.11.tar.gz
Fetching package metadata: ......
Solving package specifications: .patching file core.py
Hunk #1 succeeded at 168 with fuzz 2 (offset 2 lines).
warning: pypandoc module not found, could not convert Markdown to RST

Applying patch: '/tmp/tmpQCFL1xconda_skeleton_jsonpatch-1.11.tar.gz/pypi-distutils.patch'
Writing recipe for jsonpatch
Done
