Warning, the following versions were found for junitxml
0.7
0.6
0.5
0.4
0.3
0.2
0.1
Using 0.7
Use --version to specify a different version.
Using url https://pypi.python.org/packages/source/j/junitxml/junitxml-0.7.tar.gz (25 KB) for junitxml.
Downloading junitxml (use --no-download to skip this step)
Using cached download
Unpacking junitxml...
done
working in /tmp/tmpc33QsUconda_skeleton_junitxml-0.7.tar.gz
Fetching package metadata: ......
Solving package specifications: .patching file core.py
Hunk #1 succeeded at 168 with fuzz 2 (offset 2 lines).

The following NEW packages will be INSTALLED:

    numpy:  1.9.2-py27_0
    pyyaml: 3.11-py27_0 

Linking packages ...
[                    ]|                                                  |   0%[numpy               ]|                                                  |   0%[pyyaml              ]|#########################                         |  50%[      COMPLETE      ]|##################################################| 100%
Applying patch: '/tmp/tmpc33QsUconda_skeleton_junitxml-0.7.tar.gz/pypi-distutils.patch'
Writing recipe for junitxml
Done
