Package search: {'_pypi_ordering': False, 'version': '0.9.3', 'name': 'kafka-python', 'summary': 'Pure Python client for Apache Kafka'}
Fetching package metadata: ....
Removing old build directory
Removing old work directory
BUILD START: kafka-python-0.9.3-py27_0
Fetching package metadata: ......
Solving package specifications: .+ pip install kafka-python
Collecting kafka-python
  Downloading http://localhost/packages/source/k/kafka-python/kafka-python-0.9.3.tar.gz (52kB)
Requirement already satisfied (use --upgrade to upgrade): six in /home/ubuntu/miniconda/envs/_build/lib/python2.7/site-packages (from kafka-python)
Installing collected packages: kafka-python
  Running setup.py install for kafka-python
Successfully installed kafka-python-0.9.3

The following NEW packages will be INSTALLED:

    openssl:    1.0.1k-1    
    pip:        7.0.3-py27_0
    python:     2.7.10-0    
    readline:   6.2-2       
    setuptools: 17.0-py27_0 
    six:        1.9.0-py27_0
    sqlite:     3.8.4.1-1   
    system:     5.8-2       
    tk:         8.5.18-0    
    zlib:       1.2.8-0     

Linking packages ...
[                    ]|                                                  |   0%[openssl             ]|                                                  |   0%[readline            ]|#####                                             |  10%[sqlite              ]|##########                                        |  20%[system              ]|###############                                   |  30%[tk                  ]|####################                              |  40%[zlib                ]|#########################                         |  50%[python              ]|##############################                    |  60%[setuptools          ]|###################################               |  70%[six                 ]|########################################          |  80%[pip                 ]|#############################################     |  90%[      COMPLETE      ]|##################################################| 100%
Removing old work directory
Copying /home/ubuntu/pypi-conda-builds/kafka-python to /home/ubuntu/miniconda/conda-bld/work
Package: kafka-python-0.9.3-py27_0
source tree in: /home/ubuntu/miniconda/conda-bld/work
number of files: 50
Fixing permissions
Fixing permissions
BUILD END: kafka-python-0.9.3-py27_0
# If you want to upload this package to binstar.org later, type:
#
# $ binstar upload /home/ubuntu/miniconda/conda-bld/linux-64/kafka-python-0.9.3-py27_0.tar.bz2
#
# To have conda build upload to binstar automatically, use
# $ conda config --set binstar_upload yes

Creating standard recipe for kafka-python-0.9.3
Converting recipe in /home/ubuntu/pypi-conda-builds/kafka-python
package = kafka-python
   dependencies = [u'six']
Building conda package for kafka-python
