Using url https://pypi.python.org/packages/source/k/kairos/kairos-0.10.1.tar.gz (54 KB) for kairos.
Downloading kairos (use --no-download to skip this step)
Using cached download
Unpacking kairos...
done
working in /tmp/tmpVNPknFconda_skeleton_kairos-0.10.1.tar.gz
Fetching package metadata: ......
Solving package specifications: .patching file core.py
Hunk #1 succeeded at 168 with fuzz 2 (offset 2 lines).

The following NEW packages will be INSTALLED:

    numpy:  1.9.2-py27_0
    pyyaml: 3.11-py27_0 
    yaml:   0.1.4-0     

Linking packages ...
[                    ]|                                                  |   0%[yaml                ]|                                                  |   0%[numpy               ]|################                                  |  33%[pyyaml              ]|#################################                 |  66%[      COMPLETE      ]|##################################################| 100%
Applying patch: '/tmp/tmpVNPknFconda_skeleton_kairos-0.10.1.tar.gz/pypi-distutils.patch'
monthdelta not found, trying MonthDelta
0
Using url https://pypi.python.org/packages/source/M/MonthDelta/MonthDelta-1.0b.tar.bz2 (7 KB) for MonthDelta.
Downloading MonthDelta (use --no-download to skip this step)
Using cached download
Unpacking MonthDelta...
done
working in /tmp/tmp4QAA70conda_skeleton_MonthDelta-1.0b.tar.bz2
Solving package specifications: .patching file core.py
Hunk #1 succeeded at 168 with fuzz 2 (offset 2 lines).

Applying patch: '/tmp/tmp4QAA70conda_skeleton_MonthDelta-1.0b.tar.bz2/pypi-distutils.patch'
Writing recipe for kairos
Writing recipe for monthdelta
Done
