Package search: {'_pypi_ordering': False, 'version': '2.1', 'name': 'kazoo', 'summary': 'Higher Level Zookeeper Client'}
Fetching package metadata: ....
Removing old build directory
Removing old work directory
BUILD START: kazoo-2.1-py27_0
Fetching package metadata: ......
Solving package specifications: .+ pip install kazoo
Collecting kazoo
  Downloading http://localhost/packages/py2.py3/k/kazoo/kazoo-2.1-py2.py3-none-any.whl (119kB)
Requirement already satisfied (use --upgrade to upgrade): six in /home/ubuntu/miniconda/envs/_build/lib/python2.7/site-packages (from kazoo)
Installing collected packages: kazoo
Successfully installed kazoo-2.1

The following NEW packages will be INSTALLED:

    openssl:    1.0.1k-1    
    pip:        7.0.3-py27_0
    python:     2.7.10-0    
    readline:   6.2-2       
    setuptools: 17.0-py27_0 
    six:        1.9.0-py27_0
    sqlite:     3.8.4.1-1   
    system:     5.8-2       
    tk:         8.5.18-0    
    zlib:       1.2.8-0     

Linking packages ...
[                    ]|                                                  |   0%[openssl             ]|                                                  |   0%[readline            ]|#####                                             |  10%[sqlite              ]|##########                                        |  20%[system              ]|###############                                   |  30%[tk                  ]|####################                              |  40%[zlib                ]|#########################                         |  50%[python              ]|##############################                    |  60%[setuptools          ]|###################################               |  70%[six                 ]|########################################          |  80%[pip                 ]|#############################################     |  90%[      COMPLETE      ]|##################################################| 100%
Removing old work directory
Copying /home/ubuntu/pypi-conda-builds/kazoo to /home/ubuntu/miniconda/conda-bld/work
Package: kazoo-2.1-py27_0
source tree in: /home/ubuntu/miniconda/conda-bld/work
number of files: 114
Fixing permissions
Fixing permissions
BUILD END: kazoo-2.1-py27_0
# If you want to upload this package to binstar.org later, type:
#
# $ binstar upload /home/ubuntu/miniconda/conda-bld/linux-64/kazoo-2.1-py27_0.tar.bz2
#
# To have conda build upload to binstar automatically, use
# $ conda config --set binstar_upload yes

Creating standard recipe for kazoo-2.1
Converting recipe in /home/ubuntu/pypi-conda-builds/kazoo
package = kazoo
   dependencies = [u'six']
Building conda package for kazoo
