Using url https://pypi.python.org/packages/source/k/kazoo/kazoo-2.1.tar.gz (103 KB) for kazoo.
Downloading kazoo (use --no-download to skip this step)
Using cached download
Unpacking kazoo...
done
working in /tmp/tmp_CGYZhconda_skeleton_kazoo-2.1.tar.gz
Fetching package metadata: ......
Solving package specifications: .patching file core.py
Hunk #1 succeeded at 168 with fuzz 2 (offset 2 lines).

The following NEW packages will be INSTALLED:

    numpy:  1.9.2-py27_0
    pyyaml: 3.11-py27_0 
    yaml:   0.1.4-0     

Linking packages ...
[                    ]|                                                  |   0%[yaml                ]|                                                  |   0%[numpy               ]|################                                  |  33%[pyyaml              ]|#################################                 |  66%[      COMPLETE      ]|##################################################| 100%
Applying patch: '/tmp/tmp_CGYZhconda_skeleton_kazoo-2.1.tar.gz/pypi-distutils.patch'
Using url https://pypi.python.org/packages/source/g/gevent/gevent-1.0.2.tar.gz (1.7 MB) for gevent.
Downloading gevent (use --no-download to skip this step)
Using cached download
Unpacking gevent...
done
working in /tmp/tmpEfnLFhconda_skeleton_gevent-1.0.2.tar.gz
Solving package specifications: .patching file core.py
Hunk #1 succeeded at 168 with fuzz 2 (offset 2 lines).

Applying patch: '/tmp/tmpEfnLFhconda_skeleton_gevent-1.0.2.tar.gz/pypi-distutils.patch'
Writing recipe for kazoo
Writing recipe for gevent
Done
