Warning, the following versions were found for keyring
5.3
5.2.1
5.2
5.1
5.0
4.1.1
4.1
4.0
3.8
3.7
3.6
3.5
3.4
3.3
3.2.1
3.2
3.1
3.0.5
3.0.4
3.0.3
3.0.2
3.0.1
3.0
2.1.1
2.1
2.0.3
2.0.2
2.0.1
2.0
1.6.1
1.6
1.5
1.4
1.3
1.2.3
1.2.2
1.2.1
1.2
1.2dev
1.1.2
1.1.1
1.1
1.0
0.10.1
0.10
0.9.3
0.9.2
0.9.1
0.9
0.8.1
0.8
0.7.1
0.7
0.6.2
0.5.1
0.5
0.4
0.3
0.2
0.1
Using 5.3
Use --version to specify a different version.
Using url https://pypi.python.org/packages/source/k/keyring/keyring-5.3.zip (86 KB) for keyring.
Downloading keyring (use --no-download to skip this step)
Using cached download
Unpacking keyring...
done
working in /tmp/tmpnImx3Oconda_skeleton_keyring-5.3.zip
Fetching package metadata: ......
Solving package specifications: .patching file core.py
Hunk #1 succeeded at 168 with fuzz 2 (offset 2 lines).

The following NEW packages will be INSTALLED:

    numpy:      1.9.2-py27_0
    openssl:    1.0.1k-1    
    pip:        7.0.3-py27_0
    python:     2.7.10-0    
    pyyaml:     3.11-py27_0 
    readline:   6.2-2       
    setuptools: 17.0-py27_0 
    sqlite:     3.8.4.1-1   
    system:     5.8-2       
    tk:         8.5.18-0    
    yaml:       0.1.4-0     
    zlib:       1.2.8-0     

Linking packages ...
[                    ]|                                                  |   0%[openssl             ]|                                                  |   0%[readline            ]|####                                              |   8%[sqlite              ]|########                                          |  16%[system              ]|############                                      |  25%[tk                  ]|################                                  |  33%[yaml                ]|####################                              |  41%[zlib                ]|#########################                         |  50%[numpy               ]|#############################                     |  58%[python              ]|#################################                 |  66%[pyyaml              ]|#####################################             |  75%[setuptools          ]|#########################################         |  83%[pip                 ]|#############################################     |  91%[      COMPLETE      ]|##################################################| 100%
Applying patch: '/tmp/tmpnImx3Oconda_skeleton_keyring-5.3.zip/pypi-distutils.patch'
Writing recipe for keyring
Done
