Warning, the following versions were found for klein
15.0.0
14.0.0
0.2.3
0.2.2
0.2.1
0.2.0
0.1.1
0.1.0
Using 15.0.0
Use --version to specify a different version.
Using url https://pypi.python.org/packages/source/k/klein/klein-15.0.0.tar.gz (17 KB) for klein.
Downloading klein (use --no-download to skip this step)
Using cached download
Unpacking klein...
done
working in /tmp/tmpwzPs2mconda_skeleton_klein-15.0.0.tar.gz
Fetching package metadata: ......
Solving package specifications: .patching file core.py
Hunk #1 succeeded at 168 with fuzz 2 (offset 2 lines).
Traceback (most recent call last):
  File "setup.py", line 5, in <module>
    from setuptools import setup
ImportError: No module named setuptools

Applying patch: '/tmp/tmpwzPs2mconda_skeleton_klein-15.0.0.tar.gz/pypi-distutils.patch'
$PYTHONPATH = /tmp/tmpwzPs2mconda_skeleton_klein-15.0.0.tar.gz/klein-15.0.0
Error: command failed: /home/ubuntu/miniconda/envs/_build/bin/python setup.py install
