Using url https://pypi.python.org/packages/source/k/kombu/kombu-3.0.26.tar.gz (367 KB) for kombu.
Downloading kombu (use --no-download to skip this step)
Using cached download
Unpacking kombu...
done
working in /tmp/tmp14r7x3conda_skeleton_kombu-3.0.26.tar.gz
Fetching package metadata: ......
Solving package specifications: .patching file core.py
Hunk #1 succeeded at 168 with fuzz 2 (offset 2 lines).

The following NEW packages will be INSTALLED:

    numpy:  1.9.2-py27_0
    pyyaml: 3.11-py27_0 
    yaml:   0.1.4-0     

Linking packages ...
[                    ]|                                                  |   0%[yaml                ]|                                                  |   0%[numpy               ]|################                                  |  33%[pyyaml              ]|#################################                 |  66%[      COMPLETE      ]|##################################################| 100%
Applying patch: '/tmp/tmp14r7x3conda_skeleton_kombu-3.0.26.tar.gz/pypi-distutils.patch'
Using url https://pypi.python.org/packages/source/a/amqp/amqp-1.4.6.tar.gz (76 KB) for amqp.
Downloading amqp (use --no-download to skip this step)
Using cached download
Unpacking amqp...
done
working in /tmp/tmpuBH3k8conda_skeleton_amqp-1.4.6.tar.gz
Solving package specifications: .patching file core.py
Hunk #1 succeeded at 168 with fuzz 2 (offset 2 lines).

Applying patch: '/tmp/tmpuBH3k8conda_skeleton_amqp-1.4.6.tar.gz/pypi-distutils.patch'
Writing recipe for kombu
Writing recipe for amqp
Done
