Warning, the following versions were found for langid
1.1.4dev
1.1.3dev
1.1.2dev
1.1.1dev
1.1dev
1.0dev
Using 1.1.4dev
Use --version to specify a different version.
Using url https://pypi.python.org/packages/source/l/langid/langid-1.1.4dev.tar.gz (1.3 MB) for langid.
Downloading langid (use --no-download to skip this step)
Using cached download
Unpacking langid...
done
working in /tmp/tmpMFwEjJconda_skeleton_langid-1.1.4dev.tar.gz
Fetching package metadata: ......
Solving package specifications: .patching file core.py
Hunk #1 succeeded at 168 with fuzz 2 (offset 2 lines).
Traceback (most recent call last):
  File "setup.py", line 1, in <module>
    from setuptools import setup, find_packages
ImportError: No module named setuptools

Applying patch: '/tmp/tmpMFwEjJconda_skeleton_langid-1.1.4dev.tar.gz/pypi-distutils.patch'
$PYTHONPATH = /tmp/tmpMFwEjJconda_skeleton_langid-1.1.4dev.tar.gz/langid-1.1.4dev
Error: command failed: /home/ubuntu/miniconda/envs/_build/bin/python setup.py install
