Warning, the following versions were found for leaderboard
3.3.0
3.2.0
3.1.0
3.0.1
3.0.0
2.8.0
2.7.0
2.6.1
2.6.0
2.5.0
2.4.0
2.3.0
2.2.2
2.2.1
2.2.0
2.1
2.0.1
2.0.0
1.1.8
1.1.7
1.1.6
1.1.5
1.1.4
1.1.3
1.1.2
1.1.1
0.0.1
Using 3.3.0
Use --version to specify a different version.
Using url https://pypi.python.org/packages/source/l/leaderboard/leaderboard-3.3.0.tar.gz (15 KB) for leaderboard.
Downloading leaderboard (use --no-download to skip this step)
Using cached download
Unpacking leaderboard...
done
working in /tmp/tmpLSmGxfconda_skeleton_leaderboard-3.3.0.tar.gz
Fetching package metadata: ......
Solving package specifications: .patching file core.py
Hunk #1 succeeded at 168 with fuzz 2 (offset 2 lines).

Applying patch: '/tmp/tmpLSmGxfconda_skeleton_leaderboard-3.3.0.tar.gz/pypi-distutils.patch'
Writing recipe for leaderboard
Done
