Warning, the following versions were found for lettuce
0.2.20
0.2.19
0.2.18
0.2.17
0.2.16
0.2.15
0.2.14
0.2.13
0.2.12
0.2.11
0.2.10
0.2.9
0.2.7
0.2.6
0.2.5
0.2.4
0.2.3
0.2.2
0.2.1
0.2.0
0.1.35
0.1.34
0.1.33
0.1.32
0.1.31
0.1.30
0.1.29
0.1.28
0.1.27
0.1.26
0.1.25
0.1.24
0.1.23
0.1.22
0.1.21
0.1.20
0.1.19
0.1.18
0.1.17
0.1.16
0.1.15
0.1.14
0.1.13
0.1.12
0.1.11
0.1.10
0.1.9
0.1.8
0.1.7
0.1.6
0.1.5
0.1.4.1
0.1.4
0.1.3
0.1.2
0.1.1
0.1
0.1rc13
0.1rc12
0.1rc11
0.1rc10
0.1rc9
0.1rc8
0.1rc7
0.1rc6
0.1rc5
0.1rc4
0.1rc1
Using 0.2.20
Use --version to specify a different version.
Using url https://pypi.python.org/packages/source/l/lettuce/lettuce-0.2.20.tar.gz (53 KB) for lettuce.
Downloading lettuce (use --no-download to skip this step)
Using cached download
Unpacking lettuce...
done
working in /tmp/tmpTbsTFUconda_skeleton_lettuce-0.2.20.tar.gz
Fetching package metadata: ......
Solving package specifications: .patching file core.py
Hunk #1 succeeded at 168 with fuzz 2 (offset 2 lines).
Traceback (most recent call last):
  File "setup.py", line 20, in <module>
    from setuptools import setup
ImportError: No module named setuptools

Applying patch: '/tmp/tmpTbsTFUconda_skeleton_lettuce-0.2.20.tar.gz/pypi-distutils.patch'
$PYTHONPATH = /tmp/tmpTbsTFUconda_skeleton_lettuce-0.2.20.tar.gz/lettuce-0.2.20
Error: command failed: /home/ubuntu/miniconda/envs/_build/bin/python setup.py install
