Removing old build directory
Removing old work directory
BUILD START: librabbitmq-1.6.1-py27_0
Fetching package metadata: ......
Solving package specifications: .+ /home/ubuntu/miniconda/envs/_build/bin/python setup.py install
running build
running install
running bdist_egg
running egg_info
writing requirements to librabbitmq.egg-info/requires.txt
writing librabbitmq.egg-info/PKG-INFO
writing top-level names to librabbitmq.egg-info/top_level.txt
writing dependency_links to librabbitmq.egg-info/dependency_links.txt
reading manifest file 'librabbitmq.egg-info/SOURCES.txt'
reading manifest template 'MANIFEST.in'
warning: no files found matching '*' under directory 'tests'
no previously-included directories found matching '*.pyc'
no previously-included directories found matching '*.o'
no previously-included directories found matching '*.la'
no previously-included directories found matching '*.so'
no previously-included directories found matching '*.dylib'
writing manifest file 'librabbitmq.egg-info/SOURCES.txt'
installing library code to build/bdist.linux-x86_64/egg
running install_lib
warning: install_lib: 'build/lib' does not exist -- no Python modules to install

creating build
creating build/bdist.linux-x86_64
creating build/bdist.linux-x86_64/egg
creating build/bdist.linux-x86_64/egg/EGG-INFO
copying librabbitmq.egg-info/PKG-INFO -> build/bdist.linux-x86_64/egg/EGG-INFO
copying librabbitmq.egg-info/SOURCES.txt -> build/bdist.linux-x86_64/egg/EGG-INFO
copying librabbitmq.egg-info/dependency_links.txt -> build/bdist.linux-x86_64/egg/EGG-INFO
copying librabbitmq.egg-info/not-zip-safe -> build/bdist.linux-x86_64/egg/EGG-INFO
copying librabbitmq.egg-info/requires.txt -> build/bdist.linux-x86_64/egg/EGG-INFO
copying librabbitmq.egg-info/top_level.txt -> build/bdist.linux-x86_64/egg/EGG-INFO
creating dist
creating 'dist/librabbitmq-1.6.1-py2.7.egg' and adding 'build/bdist.linux-x86_64/egg' to it
removing 'build/bdist.linux-x86_64/egg' (and everything under it)
Processing librabbitmq-1.6.1-py2.7.egg
creating /home/ubuntu/miniconda/envs/_build/lib/python2.7/site-packages/librabbitmq-1.6.1-py2.7.egg
Extracting librabbitmq-1.6.1-py2.7.egg to /home/ubuntu/miniconda/envs/_build/lib/python2.7/site-packages
Adding librabbitmq 1.6.1 to easy-install.pth file

Installed /home/ubuntu/miniconda/envs/_build/lib/python2.7/site-packages/librabbitmq-1.6.1-py2.7.egg
Processing dependencies for librabbitmq==1.6.1
Searching for amqp==1.4.6
Best match: amqp 1.4.6
Adding amqp 1.4.6 to easy-install.pth file

Using /home/ubuntu/miniconda/envs/_build/lib/python2.7/site-packages
Finished processing dependencies for librabbitmq==1.6.1

The following NEW packages will be INSTALLED:

    amqp:       1.4.6-py27_0
    openssl:    1.0.1k-1    
    pip:        7.0.3-py27_0
    python:     2.7.10-0    
    readline:   6.2-2       
    setuptools: 17.0-py27_0 
    sqlite:     3.8.4.1-1   
    system:     5.8-2       
    tk:         8.5.18-0    
    zlib:       1.2.8-0     

Linking packages ...
[                    ]|                                                  |   0%[openssl             ]|                                                  |   0%[readline            ]|#####                                             |  10%[sqlite              ]|##########                                        |  20%[system              ]|###############                                   |  30%[tk                  ]|####################                              |  40%[zlib                ]|#########################                         |  50%[amqp                ]|##############################                    |  60%[python              ]|###################################               |  70%[setuptools          ]|########################################          |  80%[pip                 ]|#############################################     |  90%[      COMPLETE      ]|##################################################| 100%
Removing old work directory
Source cache directory is: /home/ubuntu/miniconda/conda-bld/src_cache
Found source in cache: librabbitmq-1.6.1.tar.gz
Extracting download
Package: librabbitmq-1.6.1-py27_0
source tree in: /home/ubuntu/miniconda/conda-bld/work/librabbitmq-1.6.1
found egg dir: /home/ubuntu/miniconda/envs/_build/lib/python2.7/site-packages/librabbitmq-1.6.1-py2.7.egg
number of files: 1
Fixing permissions
Fixing permissions
BUILD END: librabbitmq-1.6.1-py27_0
Nothing to test for: librabbitmq-1.6.1-py27_0
# If you want to upload this package to binstar.org later, type:
#
# $ binstar upload /home/ubuntu/miniconda/conda-bld/linux-64/librabbitmq-1.6.1-py27_0.tar.bz2
#
# To have conda build upload to binstar automatically, use
# $ conda config --set binstar_upload yes

