Warning, the following versions were found for livereload
2.4.0
2.3.2
2.3.1
2.3.0
2.2.2
2.2.1
2.2.0
2.1.0
2.0.0
1.0.1
1.0.0
0.15
0.14
0.13
0.12
0.11
0.10
0.9
0.8
0.7
0.6
0.5
0.4
Using 2.4.0
Use --version to specify a different version.
Using url https://pypi.python.org/packages/source/l/livereload/livereload-2.4.0.tar.gz (19 KB) for livereload.
Downloading livereload (use --no-download to skip this step)
Using cached download
Unpacking livereload...
done
working in /tmp/tmpoYCOsDconda_skeleton_livereload-2.4.0.tar.gz
Fetching package metadata: ......
Solving package specifications: .patching file core.py
Hunk #1 succeeded at 168 with fuzz 2 (offset 2 lines).

The following NEW packages will be INSTALLED:

    numpy:  1.9.2-py27_0
    pyyaml: 3.11-py27_0 

Linking packages ...
[                    ]|                                                  |   0%[numpy               ]|                                                  |   0%[pyyaml              ]|#########################                         |  50%[      COMPLETE      ]|##################################################| 100%
Applying patch: '/tmp/tmpoYCOsDconda_skeleton_livereload-2.4.0.tar.gz/pypi-distutils.patch'
Writing recipe for livereload
Done
