Warning, the following versions were found for lizepy
0.3.2
0.3.1
Using 0.3.2
Use --version to specify a different version.
Using url https://pypi.python.org/packages/source/l/lizepy/lizepy-0.3.2.tar.gz (33 KB) for lizepy.
Downloading lizepy (use --no-download to skip this step)
Using cached download
Unpacking lizepy...
done
working in /tmp/tmp85hBqFconda_skeleton_lizepy-0.3.2.tar.gz
Fetching package metadata: ......
Solving package specifications: .patching file core.py
Hunk #1 succeeded at 168 with fuzz 2 (offset 2 lines).

The following NEW packages will be INSTALLED:

    numpy:  1.9.2-py27_0
    pyyaml: 3.11-py27_0 

Linking packages ...
[                    ]|                                                  |   0%[numpy               ]|                                                  |   0%[pyyaml              ]|#########################                         |  50%[      COMPLETE      ]|##################################################| 100%
Applying patch: '/tmp/tmp85hBqFconda_skeleton_lizepy-0.3.2.tar.gz/pypi-distutils.patch'
Writing recipe for lizepy
Done
