Warning, the following versions were found for lmj.pursuit
0.3.1
0.3
Using 0.3.1
Use --version to specify a different version.
Using url https://pypi.python.org/packages/source/l/lmj.pursuit/lmj.pursuit-0.3.1.tar.gz (16 KB) for lmj.pursuit.
Downloading lmj.pursuit (use --no-download to skip this step)
Using cached download
Unpacking lmj.pursuit...
done
working in /tmp/tmpmWOv6Fconda_skeleton_lmj.pursuit-0.3.1.tar.gz
Fetching package metadata: ......
Solving package specifications: .patching file core.py
Hunk #1 succeeded at 168 with fuzz 2 (offset 2 lines).

The following NEW packages will be INSTALLED:

    numpy:      1.9.2-py27_0
    openssl:    1.0.1k-1    
    pip:        7.0.3-py27_0
    python:     2.7.10-0    
    pyyaml:     3.11-py27_0 
    readline:   6.2-2       
    setuptools: 17.0-py27_0 
    sqlite:     3.8.4.1-1   
    system:     5.8-2       
    tk:         8.5.18-0    
    zlib:       1.2.8-0     

Linking packages ...
[                    ]|                                                  |   0%[openssl             ]|                                                  |   0%[readline            ]|####                                              |   9%[sqlite              ]|#########                                         |  18%[system              ]|#############                                     |  27%[tk                  ]|##################                                |  36%[zlib                ]|######################                            |  45%[numpy               ]|###########################                       |  54%[python              ]|###############################                   |  63%[pyyaml              ]|####################################              |  72%[setuptools          ]|########################################          |  81%[pip                 ]|#############################################     |  90%[      COMPLETE      ]|##################################################| 100%
Applying patch: '/tmp/tmpmWOv6Fconda_skeleton_lmj.pursuit-0.3.1.tar.gz/pypi-distutils.patch'
Warning, the following versions were found for numpy
1.9.2
1.9.1
1.9.0
1.8.2
1.8.1
1.8.0
1.7.2
1.7.1
1.7.0
1.6.2
1.6.1
1.6.0
1.5.1
1.5.0
1.4.1
1.4.0
1.3.0
1.2.1
1.2.0
1.1.1
1.0.4
1.0.3
1.0
1.0rc3
1.0rc2
1.0rc1
1.0b5
1.0b4
1.0b1
0.9.8
0.9.6
Using 1.9.2
Use --version to specify a different version.
Using url https://pypi.python.org/packages/source/n/numpy/numpy-1.9.2.tar.gz (3.8 MB) for numpy.
Downloading numpy (use --no-download to skip this step)
Using cached download
Unpacking numpy...
done
working in /tmp/tmpRdGQtHconda_skeleton_numpy-1.9.2.tar.gz
Solving package specifications: .patching file core.py
Hunk #1 succeeded at 168 with fuzz 2 (offset 2 lines).
Running from numpy source directory.
Traceback (most recent call last):
  File "setup.py", line 251, in <module>
    setup_package()
  File "setup.py", line 243, in setup_package
    setup(**metadata)
  File "/tmp/tmpRdGQtHconda_skeleton_numpy-1.9.2.tar.gz/numpy-1.9.2/numpy/distutils/core.py", line 130, in setup
    if dist.help or not _command_line_ok():
AttributeError: 'NoneType' object has no attribute 'help'

Applying patch: '/tmp/tmpRdGQtHconda_skeleton_numpy-1.9.2.tar.gz/pypi-distutils.patch'
$PYTHONPATH = /tmp/tmpRdGQtHconda_skeleton_numpy-1.9.2.tar.gz/numpy-1.9.2
Error: command failed: /home/ubuntu/miniconda/envs/_build/bin/python setup.py install
