Warning, the following versions were found for lockfile
0.10.2
0.9.1
0.8
Using 0.10.2
Use --version to specify a different version.
Using url https://pypi.python.org/packages/source/l/lockfile/lockfile-0.10.2.tar.gz (20 KB) for lockfile.
Downloading lockfile (use --no-download to skip this step)
Using cached download
Unpacking lockfile...
done
working in /tmp/tmpar3th5conda_skeleton_lockfile-0.10.2.tar.gz
Fetching package metadata: ......
Solving package specifications: .patching file core.py
Hunk #1 succeeded at 168 with fuzz 2 (offset 2 lines).
Traceback (most recent call last):
  File "setup.py", line 18, in <module>
    import setuptools
ImportError: No module named setuptools

The following NEW packages will be INSTALLED:

    numpy:  1.9.2-py27_0
    pyyaml: 3.11-py27_0 

Linking packages ...
[                    ]|                                                  |   0%[numpy               ]|                                                  |   0%[pyyaml              ]|#########################                         |  50%[      COMPLETE      ]|##################################################| 100%
Applying patch: '/tmp/tmpar3th5conda_skeleton_lockfile-0.10.2.tar.gz/pypi-distutils.patch'
$PYTHONPATH = /tmp/tmpar3th5conda_skeleton_lockfile-0.10.2.tar.gz/lockfile-0.10.2
Error: command failed: /home/ubuntu/miniconda/envs/_build/bin/python setup.py install
