Warning, the following versions were found for Logbook
0.9.1
0.9.0
0.8.1
0.8.0
0.7.0
0.6.0
0.5.0
0.4.2
0.4.1
0.4
0.3
0.2.1
0.2
0.1
Using 0.9.1
Use --version to specify a different version.
Using url https://pypi.python.org/packages/source/L/Logbook/Logbook-0.9.1.tar.gz (104 KB) for Logbook.
Downloading Logbook (use --no-download to skip this step)
Using cached download
Unpacking Logbook...
done
working in /tmp/tmpOHUqBtconda_skeleton_Logbook-0.9.1.tar.gz
Fetching package metadata: ......
Solving package specifications: .patching file core.py
Hunk #1 succeeded at 168 with fuzz 2 (offset 2 lines).

Applying patch: '/tmp/tmpOHUqBtconda_skeleton_Logbook-0.9.1.tar.gz/pypi-distutils.patch'
Writing recipe for logbook
Done
