Warning, the following versions were found for Logentries
0.7
0.6
0.5
0.4
0.2
Using 0.7
Use --version to specify a different version.
Using url https://pypi.python.org/packages/source/L/Logentries/Logentries-0.7.tar.gz (4 KB) for Logentries.
Downloading Logentries (use --no-download to skip this step)
Using cached download
Unpacking Logentries...
done
working in /tmp/tmpBpxaG6conda_skeleton_Logentries-0.7.tar.gz
Fetching package metadata: ......
Solving package specifications: .patching file core.py
Hunk #1 succeeded at 168 with fuzz 2 (offset 2 lines).

Applying patch: '/tmp/tmpBpxaG6conda_skeleton_Logentries-0.7.tar.gz/pypi-distutils.patch'
Writing recipe for logentries
Done
