Removing old build directory
Removing old work directory
BUILD START: logilab-common-0.63.2-py27_0
Fetching package metadata: ......
Solving package specifications: .+ /home/ubuntu/miniconda/envs/_build/bin/python setup.py install
running install
running build
running build_py
creating build
creating build/lib
creating build/lib/logilab
creating build/lib/logilab/common
copying ./proc.py -> build/lib/logilab/common
copying ./table.py -> build/lib/logilab/common
copying ./shellutils.py -> build/lib/logilab/common
copying ./contexts.py -> build/lib/logilab/common
copying ./dbf.py -> build/lib/logilab/common
copying ./graph.py -> build/lib/logilab/common
copying ./compat.py -> build/lib/logilab/common
copying ./optik_ext.py -> build/lib/logilab/common
copying ./date.py -> build/lib/logilab/common
copying ./deprecation.py -> build/lib/logilab/common
copying ./vcgutils.py -> build/lib/logilab/common
copying ./registry.py -> build/lib/logilab/common
copying ./tree.py -> build/lib/logilab/common
copying ./urllib2ext.py -> build/lib/logilab/common
copying ./visitor.py -> build/lib/logilab/common
copying ./corbautils.py -> build/lib/logilab/common
copying ./xmlrpcutils.py -> build/lib/logilab/common
copying ./xmlutils.py -> build/lib/logilab/common
copying ./cli.py -> build/lib/logilab/common
copying ./debugger.py -> build/lib/logilab/common
copying ./clcommands.py -> build/lib/logilab/common
copying ./interface.py -> build/lib/logilab/common
copying ./modutils.py -> build/lib/logilab/common
copying ./configuration.py -> build/lib/logilab/common
copying ./changelog.py -> build/lib/logilab/common
copying ./logging_ext.py -> build/lib/logilab/common
copying ./umessage.py -> build/lib/logilab/common
copying ./cache.py -> build/lib/logilab/common
copying ./sphinxutils.py -> build/lib/logilab/common
copying ./testlib.py -> build/lib/logilab/common
copying ./textutils.py -> build/lib/logilab/common
copying ./__init__.py -> build/lib/logilab/common
copying ./daemon.py -> build/lib/logilab/common
copying ./decorators.py -> build/lib/logilab/common
copying ./pytest.py -> build/lib/logilab/common
copying ./tasksqueue.py -> build/lib/logilab/common
copying ./__pkginfo__.py -> build/lib/logilab/common
copying ./fileutils.py -> build/lib/logilab/common
copying ./pyro_ext.py -> build/lib/logilab/common
copying ./optparser.py -> build/lib/logilab/common
copying ./sphinx_ext.py -> build/lib/logilab/common
creating build/lib/logilab/common/ureports
copying ./ureports/nodes.py -> build/lib/logilab/common/ureports
copying ./ureports/__init__.py -> build/lib/logilab/common/ureports
copying ./ureports/text_writer.py -> build/lib/logilab/common/ureports
copying ./ureports/docbook_writer.py -> build/lib/logilab/common/ureports
copying ./ureports/html_writer.py -> build/lib/logilab/common/ureports
package init file './test/__init__.py' not found (or not a regular file)
creating build/lib/logilab/common/test
copying ./test/unittest_taskqueue.py -> build/lib/logilab/common/test
copying ./test/unittest_testlib.py -> build/lib/logilab/common/test
copying ./test/utils.py -> build/lib/logilab/common/test
copying ./test/unittest_registry.py -> build/lib/logilab/common/test
copying ./test/unittest_graph.py -> build/lib/logilab/common/test
copying ./test/unittest_decorators.py -> build/lib/logilab/common/test
copying ./test/unittest_configuration.py -> build/lib/logilab/common/test
copying ./test/unittest_interface.py -> build/lib/logilab/common/test
copying ./test/unittest_umessage.py -> build/lib/logilab/common/test
copying ./test/unittest_deprecation.py -> build/lib/logilab/common/test
copying ./test/unittest_modutils.py -> build/lib/logilab/common/test
copying ./test/unittest_xmlutils.py -> build/lib/logilab/common/test
copying ./test/unittest_date.py -> build/lib/logilab/common/test
copying ./test/unittest_table.py -> build/lib/logilab/common/test
copying ./test/unittest_ureports_text.py -> build/lib/logilab/common/test
copying ./test/unittest_changelog.py -> build/lib/logilab/common/test
copying ./test/unittest_ureports_html.py -> build/lib/logilab/common/test
copying ./test/unittest_textutils.py -> build/lib/logilab/common/test
copying ./test/unittest_pytest.py -> build/lib/logilab/common/test
copying ./test/unittest_cache.py -> build/lib/logilab/common/test
copying ./test/unittest_tree.py -> build/lib/logilab/common/test
copying ./test/unittest_shellutils.py -> build/lib/logilab/common/test
copying ./test/unittest_fileutils.py -> build/lib/logilab/common/test
creating build/lib/logilab/common/test/data
copying ./test/data/module.py -> build/lib/logilab/common/test/data
copying ./test/data/deprecation.py -> build/lib/logilab/common/test/data
copying ./test/data/module2.py -> build/lib/logilab/common/test/data
copying ./test/data/regobjects2.py -> build/lib/logilab/common/test/data
copying ./test/data/nonregr.py -> build/lib/logilab/common/test/data
copying ./test/data/__init__.py -> build/lib/logilab/common/test/data
copying ./test/data/noendingnewline.py -> build/lib/logilab/common/test/data
copying ./test/data/regobjects.py -> build/lib/logilab/common/test/data
creating build/lib/logilab/common/test/data/find_test
copying ./test/data/find_test/module.py -> build/lib/logilab/common/test/data/find_test
copying ./test/data/find_test/module2.py -> build/lib/logilab/common/test/data/find_test
copying ./test/data/find_test/nonregr.py -> build/lib/logilab/common/test/data/find_test
copying ./test/data/find_test/__init__.py -> build/lib/logilab/common/test/data/find_test
copying ./test/data/find_test/noendingnewline.py -> build/lib/logilab/common/test/data/find_test
creating build/lib/logilab/common/test/data/lmfp
copying ./test/data/lmfp/foo.py -> build/lib/logilab/common/test/data/lmfp
copying ./test/data/lmfp/__init__.py -> build/lib/logilab/common/test/data/lmfp
package init file './test/__init__.py' not found (or not a regular file)
running build_scripts
creating build/scripts-2.7
copying and adjusting bin/pytest -> build/scripts-2.7
changing mode of build/scripts-2.7/pytest from 664 to 775
running install_lib
creating /home/ubuntu/miniconda/envs/_build/lib/python2.7/site-packages/logilab
creating /home/ubuntu/miniconda/envs/_build/lib/python2.7/site-packages/logilab/common
copying build/lib/logilab/common/proc.py -> /home/ubuntu/miniconda/envs/_build/lib/python2.7/site-packages/logilab/common
copying build/lib/logilab/common/table.py -> /home/ubuntu/miniconda/envs/_build/lib/python2.7/site-packages/logilab/common
copying build/lib/logilab/common/shellutils.py -> /home/ubuntu/miniconda/envs/_build/lib/python2.7/site-packages/logilab/common
copying build/lib/logilab/common/contexts.py -> /home/ubuntu/miniconda/envs/_build/lib/python2.7/site-packages/logilab/common
copying build/lib/logilab/common/dbf.py -> /home/ubuntu/miniconda/envs/_build/lib/python2.7/site-packages/logilab/common
copying build/lib/logilab/common/graph.py -> /home/ubuntu/miniconda/envs/_build/lib/python2.7/site-packages/logilab/common
copying build/lib/logilab/common/compat.py -> /home/ubuntu/miniconda/envs/_build/lib/python2.7/site-packages/logilab/common
copying build/lib/logilab/common/optik_ext.py -> /home/ubuntu/miniconda/envs/_build/lib/python2.7/site-packages/logilab/common
copying build/lib/logilab/common/date.py -> /home/ubuntu/miniconda/envs/_build/lib/python2.7/site-packages/logilab/common
copying build/lib/logilab/common/deprecation.py -> /home/ubuntu/miniconda/envs/_build/lib/python2.7/site-packages/logilab/common
copying build/lib/logilab/common/vcgutils.py -> /home/ubuntu/miniconda/envs/_build/lib/python2.7/site-packages/logilab/common
copying build/lib/logilab/common/registry.py -> /home/ubuntu/miniconda/envs/_build/lib/python2.7/site-packages/logilab/common
copying build/lib/logilab/common/tree.py -> /home/ubuntu/miniconda/envs/_build/lib/python2.7/site-packages/logilab/common
copying build/lib/logilab/common/urllib2ext.py -> /home/ubuntu/miniconda/envs/_build/lib/python2.7/site-packages/logilab/common
copying build/lib/logilab/common/visitor.py -> /home/ubuntu/miniconda/envs/_build/lib/python2.7/site-packages/logilab/common
copying build/lib/logilab/common/corbautils.py -> /home/ubuntu/miniconda/envs/_build/lib/python2.7/site-packages/logilab/common
copying build/lib/logilab/common/xmlrpcutils.py -> /home/ubuntu/miniconda/envs/_build/lib/python2.7/site-packages/logilab/common
creating /home/ubuntu/miniconda/envs/_build/lib/python2.7/site-packages/logilab/common/ureports
copying build/lib/logilab/common/ureports/nodes.py -> /home/ubuntu/miniconda/envs/_build/lib/python2.7/site-packages/logilab/common/ureports
copying build/lib/logilab/common/ureports/__init__.py -> /home/ubuntu/miniconda/envs/_build/lib/python2.7/site-packages/logilab/common/ureports
copying build/lib/logilab/common/ureports/text_writer.py -> /home/ubuntu/miniconda/envs/_build/lib/python2.7/site-packages/logilab/common/ureports
copying build/lib/logilab/common/ureports/docbook_writer.py -> /home/ubuntu/miniconda/envs/_build/lib/python2.7/site-packages/logilab/common/ureports
copying build/lib/logilab/common/ureports/html_writer.py -> /home/ubuntu/miniconda/envs/_build/lib/python2.7/site-packages/logilab/common/ureports
copying build/lib/logilab/common/xmlutils.py -> /home/ubuntu/miniconda/envs/_build/lib/python2.7/site-packages/logilab/common
copying build/lib/logilab/common/cli.py -> /home/ubuntu/miniconda/envs/_build/lib/python2.7/site-packages/logilab/common
copying build/lib/logilab/common/debugger.py -> /home/ubuntu/miniconda/envs/_build/lib/python2.7/site-packages/logilab/common
copying build/lib/logilab/common/clcommands.py -> /home/ubuntu/miniconda/envs/_build/lib/python2.7/site-packages/logilab/common
copying build/lib/logilab/common/interface.py -> /home/ubuntu/miniconda/envs/_build/lib/python2.7/site-packages/logilab/common
copying build/lib/logilab/common/modutils.py -> /home/ubuntu/miniconda/envs/_build/lib/python2.7/site-packages/logilab/common
copying build/lib/logilab/common/configuration.py -> /home/ubuntu/miniconda/envs/_build/lib/python2.7/site-packages/logilab/common
copying build/lib/logilab/common/changelog.py -> /home/ubuntu/miniconda/envs/_build/lib/python2.7/site-packages/logilab/common
copying build/lib/logilab/common/logging_ext.py -> /home/ubuntu/miniconda/envs/_build/lib/python2.7/site-packages/logilab/common
copying build/lib/logilab/common/umessage.py -> /home/ubuntu/miniconda/envs/_build/lib/python2.7/site-packages/logilab/common
creating /home/ubuntu/miniconda/envs/_build/lib/python2.7/site-packages/logilab/common/test
copying build/lib/logilab/common/test/unittest_taskqueue.py -> /home/ubuntu/miniconda/envs/_build/lib/python2.7/site-packages/logilab/common/test
copying build/lib/logilab/common/test/unittest_testlib.py -> /home/ubuntu/miniconda/envs/_build/lib/python2.7/site-packages/logilab/common/test
copying build/lib/logilab/common/test/utils.py -> /home/ubuntu/miniconda/envs/_build/lib/python2.7/site-packages/logilab/common/test
copying build/lib/logilab/common/test/unittest_registry.py -> /home/ubuntu/miniconda/envs/_build/lib/python2.7/site-packages/logilab/common/test
copying build/lib/logilab/common/test/unittest_graph.py -> /home/ubuntu/miniconda/envs/_build/lib/python2.7/site-packages/logilab/common/test
copying build/lib/logilab/common/test/unittest_decorators.py -> /home/ubuntu/miniconda/envs/_build/lib/python2.7/site-packages/logilab/common/test
copying build/lib/logilab/common/test/unittest_configuration.py -> /home/ubuntu/miniconda/envs/_build/lib/python2.7/site-packages/logilab/common/test
copying build/lib/logilab/common/test/unittest_interface.py -> /home/ubuntu/miniconda/envs/_build/lib/python2.7/site-packages/logilab/common/test
copying build/lib/logilab/common/test/unittest_umessage.py -> /home/ubuntu/miniconda/envs/_build/lib/python2.7/site-packages/logilab/common/test
copying build/lib/logilab/common/test/unittest_deprecation.py -> /home/ubuntu/miniconda/envs/_build/lib/python2.7/site-packages/logilab/common/test
copying build/lib/logilab/common/test/unittest_modutils.py -> /home/ubuntu/miniconda/envs/_build/lib/python2.7/site-packages/logilab/common/test
copying build/lib/logilab/common/test/unittest_xmlutils.py -> /home/ubuntu/miniconda/envs/_build/lib/python2.7/site-packages/logilab/common/test
copying build/lib/logilab/common/test/unittest_date.py -> /home/ubuntu/miniconda/envs/_build/lib/python2.7/site-packages/logilab/common/test
copying build/lib/logilab/common/test/unittest_table.py -> /home/ubuntu/miniconda/envs/_build/lib/python2.7/site-packages/logilab/common/test
copying build/lib/logilab/common/test/unittest_ureports_text.py -> /home/ubuntu/miniconda/envs/_build/lib/python2.7/site-packages/logilab/common/test
copying build/lib/logilab/common/test/unittest_changelog.py -> /home/ubuntu/miniconda/envs/_build/lib/python2.7/site-packages/logilab/common/test
creating /home/ubuntu/miniconda/envs/_build/lib/python2.7/site-packages/logilab/common/test/data
copying build/lib/logilab/common/test/data/module.py -> /home/ubuntu/miniconda/envs/_build/lib/python2.7/site-packages/logilab/common/test/data
copying build/lib/logilab/common/test/data/ChangeLog -> /home/ubuntu/miniconda/envs/_build/lib/python2.7/site-packages/logilab/common/test/data
creating /home/ubuntu/miniconda/envs/_build/lib/python2.7/site-packages/logilab/common/test/data/reference_dir
creating /home/ubuntu/miniconda/envs/_build/lib/python2.7/site-packages/logilab/common/test/data/reference_dir/subdir
copying build/lib/logilab/common/test/data/reference_dir/subdir/toto.txt -> /home/ubuntu/miniconda/envs/_build/lib/python2.7/site-packages/logilab/common/test/data/reference_dir/subdir
copying build/lib/logilab/common/test/data/reference_dir/subdir/coin -> /home/ubuntu/miniconda/envs/_build/lib/python2.7/site-packages/logilab/common/test/data/reference_dir/subdir
copying build/lib/logilab/common/test/data/reference_dir/NOTHING -> /home/ubuntu/miniconda/envs/_build/lib/python2.7/site-packages/logilab/common/test/data/reference_dir
copying build/lib/logilab/common/test/data/reference_dir/README -> /home/ubuntu/miniconda/envs/_build/lib/python2.7/site-packages/logilab/common/test/data/reference_dir
copying build/lib/logilab/common/test/data/deprecation.py -> /home/ubuntu/miniconda/envs/_build/lib/python2.7/site-packages/logilab/common/test/data
creating /home/ubuntu/miniconda/envs/_build/lib/python2.7/site-packages/logilab/common/test/data/subdir_differ_dir
creating /home/ubuntu/miniconda/envs/_build/lib/python2.7/site-packages/logilab/common/test/data/subdir_differ_dir/subdir
copying build/lib/logilab/common/test/data/subdir_differ_dir/subdir/toto.txt -> /home/ubuntu/miniconda/envs/_build/lib/python2.7/site-packages/logilab/common/test/data/subdir_differ_dir/subdir
copying build/lib/logilab/common/test/data/subdir_differ_dir/subdir/coin -> /home/ubuntu/miniconda/envs/_build/lib/python2.7/site-packages/logilab/common/test/data/subdir_differ_dir/subdir
copying build/lib/logilab/common/test/data/subdir_differ_dir/NOTHING -> /home/ubuntu/miniconda/envs/_build/lib/python2.7/site-packages/logilab/common/test/data/subdir_differ_dir
copying build/lib/logilab/common/test/data/subdir_differ_dir/README -> /home/ubuntu/miniconda/envs/_build/lib/python2.7/site-packages/logilab/common/test/data/subdir_differ_dir
copying build/lib/logilab/common/test/data/MyPyPa-0.1.0.zip -> /home/ubuntu/miniconda/envs/_build/lib/python2.7/site-packages/logilab/common/test/data
copying build/lib/logilab/common/test/data/test1.msg -> /home/ubuntu/miniconda/envs/_build/lib/python2.7/site-packages/logilab/common/test/data
copying build/lib/logilab/common/test/data/write_protected_file.txt -> /home/ubuntu/miniconda/envs/_build/lib/python2.7/site-packages/logilab/common/test/data
copying build/lib/logilab/common/test/data/spam.txt -> /home/ubuntu/miniconda/envs/_build/lib/python2.7/site-packages/logilab/common/test/data
creating /home/ubuntu/miniconda/envs/_build/lib/python2.7/site-packages/logilab/common/test/data/same_dir
creating /home/ubuntu/miniconda/envs/_build/lib/python2.7/site-packages/logilab/common/test/data/same_dir/subdir
copying build/lib/logilab/common/test/data/same_dir/subdir/toto.txt -> /home/ubuntu/miniconda/envs/_build/lib/python2.7/site-packages/logilab/common/test/data/same_dir/subdir
copying build/lib/logilab/common/test/data/same_dir/subdir/coin -> /home/ubuntu/miniconda/envs/_build/lib/python2.7/site-packages/logilab/common/test/data/same_dir/subdir
copying build/lib/logilab/common/test/data/same_dir/NOTHING -> /home/ubuntu/miniconda/envs/_build/lib/python2.7/site-packages/logilab/common/test/data/same_dir
copying build/lib/logilab/common/test/data/same_dir/README -> /home/ubuntu/miniconda/envs/_build/lib/python2.7/site-packages/logilab/common/test/data/same_dir
copying build/lib/logilab/common/test/data/module2.py -> /home/ubuntu/miniconda/envs/_build/lib/python2.7/site-packages/logilab/common/test/data
copying build/lib/logilab/common/test/data/regobjects2.py -> /home/ubuntu/miniconda/envs/_build/lib/python2.7/site-packages/logilab/common/test/data
creating /home/ubuntu/miniconda/envs/_build/lib/python2.7/site-packages/logilab/common/test/data/find_test
copying build/lib/logilab/common/test/data/find_test/module.py -> /home/ubuntu/miniconda/envs/_build/lib/python2.7/site-packages/logilab/common/test/data/find_test
copying build/lib/logilab/common/test/data/find_test/test1.msg -> /home/ubuntu/miniconda/envs/_build/lib/python2.7/site-packages/logilab/common/test/data/find_test
copying build/lib/logilab/common/test/data/find_test/write_protected_file.txt -> /home/ubuntu/miniconda/envs/_build/lib/python2.7/site-packages/logilab/common/test/data/find_test
copying build/lib/logilab/common/test/data/find_test/spam.txt -> /home/ubuntu/miniconda/envs/_build/lib/python2.7/site-packages/logilab/common/test/data/find_test
copying build/lib/logilab/common/test/data/find_test/module2.py -> /home/ubuntu/miniconda/envs/_build/lib/python2.7/site-packages/logilab/common/test/data/find_test
copying build/lib/logilab/common/test/data/find_test/test2.msg -> /home/ubuntu/miniconda/envs/_build/lib/python2.7/site-packages/logilab/common/test/data/find_test
copying build/lib/logilab/common/test/data/find_test/nonregr.py -> /home/ubuntu/miniconda/envs/_build/lib/python2.7/site-packages/logilab/common/test/data/find_test
copying build/lib/logilab/common/test/data/find_test/__init__.py -> /home/ubuntu/miniconda/envs/_build/lib/python2.7/site-packages/logilab/common/test/data/find_test
copying build/lib/logilab/common/test/data/find_test/noendingnewline.py -> /home/ubuntu/miniconda/envs/_build/lib/python2.7/site-packages/logilab/common/test/data/find_test
copying build/lib/logilab/common/test/data/find_test/newlines.txt -> /home/ubuntu/miniconda/envs/_build/lib/python2.7/site-packages/logilab/common/test/data/find_test
copying build/lib/logilab/common/test/data/find_test/normal_file.txt -> /home/ubuntu/miniconda/envs/_build/lib/python2.7/site-packages/logilab/common/test/data/find_test
creating /home/ubuntu/miniconda/envs/_build/lib/python2.7/site-packages/logilab/common/test/data/find_test/sub
copying build/lib/logilab/common/test/data/find_test/sub/momo.py -> /home/ubuntu/miniconda/envs/_build/lib/python2.7/site-packages/logilab/common/test/data/find_test/sub
copying build/lib/logilab/common/test/data/find_test/sub/doc.txt -> /home/ubuntu/miniconda/envs/_build/lib/python2.7/site-packages/logilab/common/test/data/find_test/sub
copying build/lib/logilab/common/test/data/find_test/test.ini -> /home/ubuntu/miniconda/envs/_build/lib/python2.7/site-packages/logilab/common/test/data/find_test
copying build/lib/logilab/common/test/data/find_test/foo.txt -> /home/ubuntu/miniconda/envs/_build/lib/python2.7/site-packages/logilab/common/test/data/find_test
copying build/lib/logilab/common/test/data/test2.msg -> /home/ubuntu/miniconda/envs/_build/lib/python2.7/site-packages/logilab/common/test/data
creating /home/ubuntu/miniconda/envs/_build/lib/python2.7/site-packages/logilab/common/test/data/file_differ_dir
creating /home/ubuntu/miniconda/envs/_build/lib/python2.7/site-packages/logilab/common/test/data/file_differ_dir/subdir
copying build/lib/logilab/common/test/data/file_differ_dir/subdir/toto.txt -> /home/ubuntu/miniconda/envs/_build/lib/python2.7/site-packages/logilab/common/test/data/file_differ_dir/subdir
creating /home/ubuntu/miniconda/envs/_build/lib/python2.7/site-packages/logilab/common/test/data/file_differ_dir/subdirtwo
copying build/lib/logilab/common/test/data/file_differ_dir/subdirtwo/Hello -> /home/ubuntu/miniconda/envs/_build/lib/python2.7/site-packages/logilab/common/test/data/file_differ_dir/subdirtwo
copying build/lib/logilab/common/test/data/file_differ_dir/NOTHING -> /home/ubuntu/miniconda/envs/_build/lib/python2.7/site-packages/logilab/common/test/data/file_differ_dir
copying build/lib/logilab/common/test/data/file_differ_dir/README -> /home/ubuntu/miniconda/envs/_build/lib/python2.7/site-packages/logilab/common/test/data/file_differ_dir
copying build/lib/logilab/common/test/data/nonregr.py -> /home/ubuntu/miniconda/envs/_build/lib/python2.7/site-packages/logilab/common/test/data
copying build/lib/logilab/common/test/data/__init__.py -> /home/ubuntu/miniconda/envs/_build/lib/python2.7/site-packages/logilab/common/test/data
copying build/lib/logilab/common/test/data/noendingnewline.py -> /home/ubuntu/miniconda/envs/_build/lib/python2.7/site-packages/logilab/common/test/data
copying build/lib/logilab/common/test/data/regobjects.py -> /home/ubuntu/miniconda/envs/_build/lib/python2.7/site-packages/logilab/common/test/data
copying build/lib/logilab/common/test/data/newlines.txt -> /home/ubuntu/miniconda/envs/_build/lib/python2.7/site-packages/logilab/common/test/data
copying build/lib/logilab/common/test/data/normal_file.txt -> /home/ubuntu/miniconda/envs/_build/lib/python2.7/site-packages/logilab/common/test/data
copying build/lib/logilab/common/test/data/MyPyPa-0.1.0-py2.5.egg -> /home/ubuntu/miniconda/envs/_build/lib/python2.7/site-packages/logilab/common/test/data
creating /home/ubuntu/miniconda/envs/_build/lib/python2.7/site-packages/logilab/common/test/data/lmfp
copying build/lib/logilab/common/test/data/lmfp/foo.py -> /home/ubuntu/miniconda/envs/_build/lib/python2.7/site-packages/logilab/common/test/data/lmfp
copying build/lib/logilab/common/test/data/lmfp/__init__.py -> /home/ubuntu/miniconda/envs/_build/lib/python2.7/site-packages/logilab/common/test/data/lmfp
creating /home/ubuntu/miniconda/envs/_build/lib/python2.7/site-packages/logilab/common/test/data/content_differ_dir
creating /home/ubuntu/miniconda/envs/_build/lib/python2.7/site-packages/logilab/common/test/data/content_differ_dir/subdir
copying build/lib/logilab/common/test/data/content_differ_dir/subdir/toto.txt -> /home/ubuntu/miniconda/envs/_build/lib/python2.7/site-packages/logilab/common/test/data/content_differ_dir/subdir
copying build/lib/logilab/common/test/data/content_differ_dir/subdir/coin -> /home/ubuntu/miniconda/envs/_build/lib/python2.7/site-packages/logilab/common/test/data/content_differ_dir/subdir
copying build/lib/logilab/common/test/data/content_differ_dir/NOTHING -> /home/ubuntu/miniconda/envs/_build/lib/python2.7/site-packages/logilab/common/test/data/content_differ_dir
copying build/lib/logilab/common/test/data/content_differ_dir/README -> /home/ubuntu/miniconda/envs/_build/lib/python2.7/site-packages/logilab/common/test/data/content_differ_dir
creating /home/ubuntu/miniconda/envs/_build/lib/python2.7/site-packages/logilab/common/test/data/sub
copying build/lib/logilab/common/test/data/sub/momo.py -> /home/ubuntu/miniconda/envs/_build/lib/python2.7/site-packages/logilab/common/test/data/sub
copying build/lib/logilab/common/test/data/sub/doc.txt -> /home/ubuntu/miniconda/envs/_build/lib/python2.7/site-packages/logilab/common/test/data/sub
copying build/lib/logilab/common/test/data/test.ini -> /home/ubuntu/miniconda/envs/_build/lib/python2.7/site-packages/logilab/common/test/data
copying build/lib/logilab/common/test/data/foo.txt -> /home/ubuntu/miniconda/envs/_build/lib/python2.7/site-packages/logilab/common/test/data
copying build/lib/logilab/common/test/unittest_ureports_html.py -> /home/ubuntu/miniconda/envs/_build/lib/python2.7/site-packages/logilab/common/test
copying build/lib/logilab/common/test/unittest_textutils.py -> /home/ubuntu/miniconda/envs/_build/lib/python2.7/site-packages/logilab/common/test
copying build/lib/logilab/common/test/unittest_pytest.py -> /home/ubuntu/miniconda/envs/_build/lib/python2.7/site-packages/logilab/common/test
copying build/lib/logilab/common/test/unittest_cache.py -> /home/ubuntu/miniconda/envs/_build/lib/python2.7/site-packages/logilab/common/test
copying build/lib/logilab/common/test/unittest_tree.py -> /home/ubuntu/miniconda/envs/_build/lib/python2.7/site-packages/logilab/common/test
copying build/lib/logilab/common/test/unittest_shellutils.py -> /home/ubuntu/miniconda/envs/_build/lib/python2.7/site-packages/logilab/common/test
copying build/lib/logilab/common/test/unittest_fileutils.py -> /home/ubuntu/miniconda/envs/_build/lib/python2.7/site-packages/logilab/common/test
copying build/lib/logilab/common/cache.py -> /home/ubuntu/miniconda/envs/_build/lib/python2.7/site-packages/logilab/common
copying build/lib/logilab/common/sphinxutils.py -> /home/ubuntu/miniconda/envs/_build/lib/python2.7/site-packages/logilab/common
copying build/lib/logilab/common/testlib.py -> /home/ubuntu/miniconda/envs/_build/lib/python2.7/site-packages/logilab/common
copying build/lib/logilab/common/textutils.py -> /home/ubuntu/miniconda/envs/_build/lib/python2.7/site-packages/logilab/common
copying build/lib/logilab/common/__init__.py -> /home/ubuntu/miniconda/envs/_build/lib/python2.7/site-packages/logilab/common
copying build/lib/logilab/common/daemon.py -> /home/ubuntu/miniconda/envs/_build/lib/python2.7/site-packages/logilab/common
copying build/lib/logilab/common/decorators.py -> /home/ubuntu/miniconda/envs/_build/lib/python2.7/site-packages/logilab/common
copying build/lib/logilab/common/pytest.py -> /home/ubuntu/miniconda/envs/_build/lib/python2.7/site-packages/logilab/common
copying build/lib/logilab/common/tasksqueue.py -> /home/ubuntu/miniconda/envs/_build/lib/python2.7/site-packages/logilab/common
copying build/lib/logilab/common/__pkginfo__.py -> /home/ubuntu/miniconda/envs/_build/lib/python2.7/site-packages/logilab/common
copying build/lib/logilab/common/fileutils.py -> /home/ubuntu/miniconda/envs/_build/lib/python2.7/site-packages/logilab/common
copying build/lib/logilab/common/pyro_ext.py -> /home/ubuntu/miniconda/envs/_build/lib/python2.7/site-packages/logilab/common
copying build/lib/logilab/common/optparser.py -> /home/ubuntu/miniconda/envs/_build/lib/python2.7/site-packages/logilab/common
copying build/lib/logilab/common/sphinx_ext.py -> /home/ubuntu/miniconda/envs/_build/lib/python2.7/site-packages/logilab/common
byte-compiling /home/ubuntu/miniconda/envs/_build/lib/python2.7/site-packages/logilab/common/proc.py to proc.pyc
byte-compiling /home/ubuntu/miniconda/envs/_build/lib/python2.7/site-packages/logilab/common/table.py to table.pyc
byte-compiling /home/ubuntu/miniconda/envs/_build/lib/python2.7/site-packages/logilab/common/shellutils.py to shellutils.pyc
byte-compiling /home/ubuntu/miniconda/envs/_build/lib/python2.7/site-packages/logilab/common/contexts.py to contexts.pyc
byte-compiling /home/ubuntu/miniconda/envs/_build/lib/python2.7/site-packages/logilab/common/dbf.py to dbf.pyc
byte-compiling /home/ubuntu/miniconda/envs/_build/lib/python2.7/site-packages/logilab/common/graph.py to graph.pyc
byte-compiling /home/ubuntu/miniconda/envs/_build/lib/python2.7/site-packages/logilab/common/compat.py to compat.pyc
byte-compiling /home/ubuntu/miniconda/envs/_build/lib/python2.7/site-packages/logilab/common/optik_ext.py to optik_ext.pyc
byte-compiling /home/ubuntu/miniconda/envs/_build/lib/python2.7/site-packages/logilab/common/date.py to date.pyc
byte-compiling /home/ubuntu/miniconda/envs/_build/lib/python2.7/site-packages/logilab/common/deprecation.py to deprecation.pyc
byte-compiling /home/ubuntu/miniconda/envs/_build/lib/python2.7/site-packages/logilab/common/vcgutils.py to vcgutils.pyc
byte-compiling /home/ubuntu/miniconda/envs/_build/lib/python2.7/site-packages/logilab/common/registry.py to registry.pyc
byte-compiling /home/ubuntu/miniconda/envs/_build/lib/python2.7/site-packages/logilab/common/tree.py to tree.pyc
byte-compiling /home/ubuntu/miniconda/envs/_build/lib/python2.7/site-packages/logilab/common/urllib2ext.py to urllib2ext.pyc
byte-compiling /home/ubuntu/miniconda/envs/_build/lib/python2.7/site-packages/logilab/common/visitor.py to visitor.pyc
byte-compiling /home/ubuntu/miniconda/envs/_build/lib/python2.7/site-packages/logilab/common/corbautils.py to corbautils.pyc
byte-compiling /home/ubuntu/miniconda/envs/_build/lib/python2.7/site-packages/logilab/common/xmlrpcutils.py to xmlrpcutils.pyc
byte-compiling /home/ubuntu/miniconda/envs/_build/lib/python2.7/site-packages/logilab/common/ureports/nodes.py to nodes.pyc
byte-compiling /home/ubuntu/miniconda/envs/_build/lib/python2.7/site-packages/logilab/common/ureports/__init__.py to __init__.pyc
byte-compiling /home/ubuntu/miniconda/envs/_build/lib/python2.7/site-packages/logilab/common/ureports/text_writer.py to text_writer.pyc
byte-compiling /home/ubuntu/miniconda/envs/_build/lib/python2.7/site-packages/logilab/common/ureports/docbook_writer.py to docbook_writer.pyc
byte-compiling /home/ubuntu/miniconda/envs/_build/lib/python2.7/site-packages/logilab/common/ureports/html_writer.py to html_writer.pyc
byte-compiling /home/ubuntu/miniconda/envs/_build/lib/python2.7/site-packages/logilab/common/xmlutils.py to xmlutils.pyc
byte-compiling /home/ubuntu/miniconda/envs/_build/lib/python2.7/site-packages/logilab/common/cli.py to cli.pyc
byte-compiling /home/ubuntu/miniconda/envs/_build/lib/python2.7/site-packages/logilab/common/debugger.py to debugger.pyc
byte-compiling /home/ubuntu/miniconda/envs/_build/lib/python2.7/site-packages/logilab/common/clcommands.py to clcommands.pyc
byte-compiling /home/ubuntu/miniconda/envs/_build/lib/python2.7/site-packages/logilab/common/interface.py to interface.pyc
byte-compiling /home/ubuntu/miniconda/envs/_build/lib/python2.7/site-packages/logilab/common/modutils.py to modutils.pyc
byte-compiling /home/ubuntu/miniconda/envs/_build/lib/python2.7/site-packages/logilab/common/configuration.py to configuration.pyc
byte-compiling /home/ubuntu/miniconda/envs/_build/lib/python2.7/site-packages/logilab/common/changelog.py to changelog.pyc
byte-compiling /home/ubuntu/miniconda/envs/_build/lib/python2.7/site-packages/logilab/common/logging_ext.py to logging_ext.pyc
byte-compiling /home/ubuntu/miniconda/envs/_build/lib/python2.7/site-packages/logilab/common/umessage.py to umessage.pyc
byte-compiling /home/ubuntu/miniconda/envs/_build/lib/python2.7/site-packages/logilab/common/test/unittest_taskqueue.py to unittest_taskqueue.pyc
byte-compiling /home/ubuntu/miniconda/envs/_build/lib/python2.7/site-packages/logilab/common/test/unittest_testlib.py to unittest_testlib.pyc
byte-compiling /home/ubuntu/miniconda/envs/_build/lib/python2.7/site-packages/logilab/common/test/utils.py to utils.pyc
byte-compiling /home/ubuntu/miniconda/envs/_build/lib/python2.7/site-packages/logilab/common/test/unittest_registry.py to unittest_registry.pyc
byte-compiling /home/ubuntu/miniconda/envs/_build/lib/python2.7/site-packages/logilab/common/test/unittest_graph.py to unittest_graph.pyc
byte-compiling /home/ubuntu/miniconda/envs/_build/lib/python2.7/site-packages/logilab/common/test/unittest_decorators.py to unittest_decorators.pyc
byte-compiling /home/ubuntu/miniconda/envs/_build/lib/python2.7/site-packages/logilab/common/test/unittest_configuration.py to unittest_configuration.pyc
byte-compiling /home/ubuntu/miniconda/envs/_build/lib/python2.7/site-packages/logilab/common/test/unittest_interface.py to unittest_interface.pyc
byte-compiling /home/ubuntu/miniconda/envs/_build/lib/python2.7/site-packages/logilab/common/test/unittest_umessage.py to unittest_umessage.pyc
byte-compiling /home/ubuntu/miniconda/envs/_build/lib/python2.7/site-packages/logilab/common/test/unittest_deprecation.py to unittest_deprecation.pyc
byte-compiling /home/ubuntu/miniconda/envs/_build/lib/python2.7/site-packages/logilab/common/test/unittest_modutils.py to unittest_modutils.pyc
byte-compiling /home/ubuntu/miniconda/envs/_build/lib/python2.7/site-packages/logilab/common/test/unittest_xmlutils.py to unittest_xmlutils.pyc
byte-compiling /home/ubuntu/miniconda/envs/_build/lib/python2.7/site-packages/logilab/common/test/unittest_date.py to unittest_date.pyc
byte-compiling /home/ubuntu/miniconda/envs/_build/lib/python2.7/site-packages/logilab/common/test/unittest_table.py to unittest_table.pyc
byte-compiling /home/ubuntu/miniconda/envs/_build/lib/python2.7/site-packages/logilab/common/test/unittest_ureports_text.py to unittest_ureports_text.pyc
byte-compiling /home/ubuntu/miniconda/envs/_build/lib/python2.7/site-packages/logilab/common/test/unittest_changelog.py to unittest_changelog.pyc
byte-compiling /home/ubuntu/miniconda/envs/_build/lib/python2.7/site-packages/logilab/common/test/data/module.py to module.pyc
byte-compiling /home/ubuntu/miniconda/envs/_build/lib/python2.7/site-packages/logilab/common/test/data/deprecation.py to deprecation.pyc
byte-compiling /home/ubuntu/miniconda/envs/_build/lib/python2.7/site-packages/logilab/common/test/data/module2.py to module2.pyc
byte-compiling /home/ubuntu/miniconda/envs/_build/lib/python2.7/site-packages/logilab/common/test/data/regobjects2.py to regobjects2.pyc
byte-compiling /home/ubuntu/miniconda/envs/_build/lib/python2.7/site-packages/logilab/common/test/data/find_test/module.py to module.pyc
byte-compiling /home/ubuntu/miniconda/envs/_build/lib/python2.7/site-packages/logilab/common/test/data/find_test/module2.py to module2.pyc
byte-compiling /home/ubuntu/miniconda/envs/_build/lib/python2.7/site-packages/logilab/common/test/data/find_test/nonregr.py to nonregr.pyc
byte-compiling /home/ubuntu/miniconda/envs/_build/lib/python2.7/site-packages/logilab/common/test/data/find_test/__init__.py to __init__.pyc
byte-compiling /home/ubuntu/miniconda/envs/_build/lib/python2.7/site-packages/logilab/common/test/data/find_test/noendingnewline.py to noendingnewline.pyc
byte-compiling /home/ubuntu/miniconda/envs/_build/lib/python2.7/site-packages/logilab/common/test/data/find_test/sub/momo.py to momo.pyc
byte-compiling /home/ubuntu/miniconda/envs/_build/lib/python2.7/site-packages/logilab/common/test/data/nonregr.py to nonregr.pyc
byte-compiling /home/ubuntu/miniconda/envs/_build/lib/python2.7/site-packages/logilab/common/test/data/__init__.py to __init__.pyc
byte-compiling /home/ubuntu/miniconda/envs/_build/lib/python2.7/site-packages/logilab/common/test/data/noendingnewline.py to noendingnewline.pyc
byte-compiling /home/ubuntu/miniconda/envs/_build/lib/python2.7/site-packages/logilab/common/test/data/regobjects.py to regobjects.pyc
byte-compiling /home/ubuntu/miniconda/envs/_build/lib/python2.7/site-packages/logilab/common/test/data/lmfp/foo.py to foo.pyc
byte-compiling /home/ubuntu/miniconda/envs/_build/lib/python2.7/site-packages/logilab/common/test/data/lmfp/__init__.py to __init__.pyc
byte-compiling /home/ubuntu/miniconda/envs/_build/lib/python2.7/site-packages/logilab/common/test/data/sub/momo.py to momo.pyc
byte-compiling /home/ubuntu/miniconda/envs/_build/lib/python2.7/site-packages/logilab/common/test/unittest_ureports_html.py to unittest_ureports_html.pyc
byte-compiling /home/ubuntu/miniconda/envs/_build/lib/python2.7/site-packages/logilab/common/test/unittest_textutils.py to unittest_textutils.pyc
byte-compiling /home/ubuntu/miniconda/envs/_build/lib/python2.7/site-packages/logilab/common/test/unittest_pytest.py to unittest_pytest.pyc
byte-compiling /home/ubuntu/miniconda/envs/_build/lib/python2.7/site-packages/logilab/common/test/unittest_cache.py to unittest_cache.pyc
byte-compiling /home/ubuntu/miniconda/envs/_build/lib/python2.7/site-packages/logilab/common/test/unittest_tree.py to unittest_tree.pyc
byte-compiling /home/ubuntu/miniconda/envs/_build/lib/python2.7/site-packages/logilab/common/test/unittest_shellutils.py to unittest_shellutils.pyc
byte-compiling /home/ubuntu/miniconda/envs/_build/lib/python2.7/site-packages/logilab/common/test/unittest_fileutils.py to unittest_fileutils.pyc
byte-compiling /home/ubuntu/miniconda/envs/_build/lib/python2.7/site-packages/logilab/common/cache.py to cache.pyc
byte-compiling /home/ubuntu/miniconda/envs/_build/lib/python2.7/site-packages/logilab/common/sphinxutils.py to sphinxutils.pyc
byte-compiling /home/ubuntu/miniconda/envs/_build/lib/python2.7/site-packages/logilab/common/testlib.py to testlib.pyc
byte-compiling /home/ubuntu/miniconda/envs/_build/lib/python2.7/site-packages/logilab/common/textutils.py to textutils.pyc
byte-compiling /home/ubuntu/miniconda/envs/_build/lib/python2.7/site-packages/logilab/common/__init__.py to __init__.pyc
byte-compiling /home/ubuntu/miniconda/envs/_build/lib/python2.7/site-packages/logilab/common/daemon.py to daemon.pyc
byte-compiling /home/ubuntu/miniconda/envs/_build/lib/python2.7/site-packages/logilab/common/decorators.py to decorators.pyc
byte-compiling /home/ubuntu/miniconda/envs/_build/lib/python2.7/site-packages/logilab/common/pytest.py to pytest.pyc
byte-compiling /home/ubuntu/miniconda/envs/_build/lib/python2.7/site-packages/logilab/common/tasksqueue.py to tasksqueue.pyc
byte-compiling /home/ubuntu/miniconda/envs/_build/lib/python2.7/site-packages/logilab/common/__pkginfo__.py to __pkginfo__.pyc
byte-compiling /home/ubuntu/miniconda/envs/_build/lib/python2.7/site-packages/logilab/common/fileutils.py to fileutils.pyc
byte-compiling /home/ubuntu/miniconda/envs/_build/lib/python2.7/site-packages/logilab/common/pyro_ext.py to pyro_ext.pyc
byte-compiling /home/ubuntu/miniconda/envs/_build/lib/python2.7/site-packages/logilab/common/optparser.py to optparser.pyc
byte-compiling /home/ubuntu/miniconda/envs/_build/lib/python2.7/site-packages/logilab/common/sphinx_ext.py to sphinx_ext.pyc
running install_scripts
copying build/scripts-2.7/pytest -> /home/ubuntu/miniconda/envs/_build/bin
changing mode of /home/ubuntu/miniconda/envs/_build/bin/pytest to 775
running install_egg_info
Writing /home/ubuntu/miniconda/envs/_build/lib/python2.7/site-packages/logilab_common-0.63.2-py2.7.egg-info

The following NEW packages will be INSTALLED:

    openssl:    1.0.1k-1     
    pip:        7.0.3-py27_0 
    python:     2.7.10-0     
    readline:   6.2-2        
    setuptools: 17.1.1-py27_0
    sqlite:     3.8.4.1-1    
    system:     5.8-2        
    tk:         8.5.18-0     
    zlib:       1.2.8-0      

Linking packages ...
[                    ]|                                                  |   0%[openssl             ]|                                                  |   0%[readline            ]|#####                                             |  11%[sqlite              ]|###########                                       |  22%[system              ]|################                                  |  33%[tk                  ]|######################                            |  44%[zlib                ]|###########################                       |  55%[python              ]|#################################                 |  66%[setuptools          ]|######################################            |  77%[pip                 ]|############################################      |  88%[      COMPLETE      ]|##################################################| 100%
Removing old work directory
Source cache directory is: /home/ubuntu/miniconda/conda-bld/src_cache
Found source in cache: logilab-common-0.63.2.tar.gz
Extracting download
Package: logilab-common-0.63.2-py27_0
source tree in: /home/ubuntu/miniconda/conda-bld/work/logilab-common-0.63.2
compiling .pyc files...
number of files: 217
Fixing permissions
Detected hard-coded path in text file bin/pytest
Fixing permissions
BUILD END: logilab-common-0.63.2-py27_0
TEST START: logilab-common-0.63.2-py27_0
Fetching package metadata: ......
Solving package specifications: .===== testing package: logilab-common-0.63.2-py27_0 =====
import: u'logilab.common'
Traceback (most recent call last):
  File "/home/ubuntu/miniconda/conda-bld/test-tmp_dir/run_test.py", line 25, in <module>
    import logilab.common
  File "/home/ubuntu/miniconda/envs/_test/lib/python2.7/site-packages/logilab/common/__init__.py", line 29, in <module>
    from six.moves import range
ImportError: No module named six.moves

The following packages will be downloaded:

    package                    |            build
    ---------------------------|-----------------
    logilab-common-0.63.2      |           py27_0         287 KB

The following NEW packages will be INSTALLED:

    logilab-common: 0.63.2-py27_0
    openssl:        1.0.1k-1     
    pip:            7.0.3-py27_0 
    python:         2.7.10-0     
    readline:       6.2-2        
    setuptools:     17.1.1-py27_0
    sqlite:         3.8.4.1-1    
    system:         5.8-2        
    tk:             8.5.18-0     
    zlib:           1.2.8-0      

Fetching packages ...
logilab-common   0% |                              | ETA:  --:--:--   0.00  B/slogilab-common   5% |#                              | ETA:  0:00:00  47.49 MB/slogilab-common  11% |###                            | ETA:  0:00:00  58.84 MB/slogilab-common  16% |#####                          | ETA:  0:00:00  65.72 MB/slogilab-common  22% |######                         | ETA:  0:00:00  69.87 MB/slogilab-common  27% |########                       | ETA:  0:00:00  72.89 MB/slogilab-common  33% |##########                     | ETA:  0:00:00  74.87 MB/slogilab-common  39% |############                   | ETA:  0:00:00  76.72 MB/slogilab-common  44% |#############                  | ETA:  0:00:00  78.07 MB/slogilab-common  50% |###############                | ETA:  0:00:00  79.20 MB/slogilab-common  55% |#################              | ETA:  0:00:00  80.24 MB/slogilab-common  61% |###################            | ETA:  0:00:00  79.92 MB/slogilab-common  66% |####################           | ETA:  0:00:00  80.71 MB/slogilab-common  72% |######################         | ETA:  0:00:00  19.81 MB/slogilab-common  78% |########################       | ETA:  0:00:00  20.97 MB/slogilab-common  83% |#########################      | ETA:  0:00:00  22.11 MB/slogilab-common  89% |###########################    | ETA:  0:00:00  23.21 MB/slogilab-common  94% |#############################  | ETA:  0:00:00  24.27 MB/slogilab-common 100% |###############################| ETA:  0:00:00  25.18 MB/slogilab-common 100% |###############################| Time: 0:00:00  24.69 MB/s
Extracting packages ...
[      COMPLETE      ]|                                                  |   0%[logilab-common      ]|                                                  |   0%[logilab-common      ]|                                                  |   0%[      COMPLETE      ]|##################################################| 100%
Linking packages ...
[      COMPLETE      ]|                                                  |   0%[openssl             ]|                                                  |   0%[openssl             ]|                                                  |   0%[readline            ]|#####                                             |  10%[sqlite              ]|##########                                        |  20%[system              ]|###############                                   |  30%[tk                  ]|####################                              |  40%[zlib                ]|#########################                         |  50%[logilab-common      ]|##############################                    |  60%[python              ]|###################################               |  70%[setuptools          ]|########################################          |  80%[pip                 ]|#############################################     |  90%[      COMPLETE      ]|##################################################| 100%
TESTS FAILED: logilab-common-0.63.2-py27_0
