Warning, the following versions were found for logilab-common
0.63.2
0.63.1
0.63.0
0.62.1
0.62.0
0.61.0
0.60.1
0.60.0
0.59.1
0.59.0
0.58.3
0.58.1
0.57.1
0.57.0
0.56.2
0.56.1
0.56.0
0.55.2
0.55.0
0.54.0
0.53.0
0.52.1
0.52.0
0.51.1
0.51.0
0.50.3
0.50.2
0.50.1
0.50.0
0.49.0
0.48.1
0.47.0
0.46.1
0.46.0
0.44.0
0.43.0
0.39.0
0.38.1
0.38.0
0.28.1
Using 0.63.2
Use --version to specify a different version.
Using url https://pypi.python.org/packages/source/l/logilab-common/logilab-common-0.63.2.tar.gz (192 KB) for logilab-common.
Downloading logilab-common (use --no-download to skip this step)
Using cached download
Unpacking logilab-common...
done
working in /tmp/tmpc1jJQRconda_skeleton_logilab-common-0.63.2.tar.gz
Fetching package metadata: ......
Solving package specifications: .patching file core.py
Hunk #1 succeeded at 168 with fuzz 2 (offset 2 lines).

Applying patch: '/tmp/tmpc1jJQRconda_skeleton_logilab-common-0.63.2.tar.gz/pypi-distutils.patch'
Writing recipe for logilab-common
Done
