Warning, the following versions were found for logstash_formatter
0.5.14
0.5.13
0.5.12
0.5.11
0.5.9
0.5.8
0.5.7
0.5.5
0.5.4
0.5.2
Using 0.5.14
Use --version to specify a different version.
Using url https://pypi.python.org/packages/source/l/logstash_formatter/logstash_formatter-0.5.14.tar.gz (4 KB) for logstash_formatter.
Downloading logstash_formatter (use --no-download to skip this step)
Using cached download
Unpacking logstash_formatter...
done
working in /tmp/tmpmd7XJjconda_skeleton_logstash_formatter-0.5.14.tar.gz
Fetching package metadata: ......
Solving package specifications: .patching file core.py
Hunk #1 succeeded at 168 with fuzz 2 (offset 2 lines).

Applying patch: '/tmp/tmpmd7XJjconda_skeleton_logstash_formatter-0.5.14.tar.gz/pypi-distutils.patch'
Writing recipe for logstash_formatter
Done
