Warning, the following versions were found for logutils
0.3.3
0.3.2
0.3.1
0.2
0.1
Using 0.3.3
Use --version to specify a different version.
Using url https://pypi.python.org/packages/source/l/logutils/logutils-0.3.3.tar.gz (26 KB) for logutils.
Downloading logutils (use --no-download to skip this step)
Using cached download
Unpacking logutils...
done
working in /tmp/tmpJI3mhHconda_skeleton_logutils-0.3.3.tar.gz
Fetching package metadata: ......
Solving package specifications: .patching file core.py
Hunk #1 succeeded at 168 with fuzz 2 (offset 2 lines).

Applying patch: '/tmp/tmpJI3mhHconda_skeleton_logutils-0.3.3.tar.gz/pypi-distutils.patch'
Writing recipe for logutils
Done
