Warning, the following versions were found for luigi
1.2.1
1.1.2
1.1.1
1.1.0
1.0.24
1.0.23
1.0.22
1.0.21
1.0.20
1.0.19
1.0.18
1.0.17
1.0.16
1.0.15
1.0.14
1.0.13
1.0.12
1.0.11
1.0.10
1.0.9
1.0.8
1.0.7
1.0.6
1.0.5
1.0.4
1.0.3
1.0.2
1.0.1
1.0
Using 1.2.1
Use --version to specify a different version.
Using url https://pypi.python.org/packages/source/l/luigi/luigi-1.2.1.tar.gz (439 KB) for luigi.
Downloading luigi (use --no-download to skip this step)
Using cached download
Unpacking luigi...
done
working in /tmp/tmp2cxTYlconda_skeleton_luigi-1.2.1.tar.gz
Fetching package metadata: ......
Solving package specifications: .patching file core.py
Hunk #1 succeeded at 168 with fuzz 2 (offset 2 lines).

Applying patch: '/tmp/tmp2cxTYlconda_skeleton_luigi-1.2.1.tar.gz/pypi-distutils.patch'
Error: Could not find any versions of package cached_property
