m2crypto not found, trying M2Crypto
0
Using url https://pypi.python.org/packages/source/M/M2Crypto/M2Crypto-0.22.3.tar.gz (73 KB) for M2Crypto.
Downloading M2Crypto (use --no-download to skip this step)
Using cached download
Unpacking M2Crypto...
done
working in /tmp/tmpTvnaQqconda_skeleton_M2Crypto-0.22.3.tar.gz
Fetching package metadata: ......
Solving package specifications: .patching file core.py
Hunk #1 succeeded at 168 with fuzz 2 (offset 2 lines).

The following NEW packages will be INSTALLED:

    numpy:  1.9.2-py27_0
    pyyaml: 3.11-py27_0 
    yaml:   0.1.4-0     

Linking packages ...
[                    ]|                                                  |   0%[yaml                ]|                                                  |   0%[numpy               ]|################                                  |  33%[pyyaml              ]|#################################                 |  66%[      COMPLETE      ]|##################################################| 100%
Applying patch: '/tmp/tmpTvnaQqconda_skeleton_M2Crypto-0.22.3.tar.gz/pypi-distutils.patch'
Writing recipe for m2crypto
Done
