Removing old build directory
Removing old work directory
BUILD START: m2crypto-0.22.3-py27_0
Fetching package metadata: ......
Solving package specifications: .+ /home/ubuntu/miniconda/envs/_build/bin/python setup.py install
running install
running bdist_egg
running egg_info
writing M2Crypto.egg-info/PKG-INFO
writing top-level names to M2Crypto.egg-info/top_level.txt
writing dependency_links to M2Crypto.egg-info/dependency_links.txt
reading manifest file 'M2Crypto.egg-info/SOURCES.txt'
reading manifest template 'MANIFEST.in'
writing manifest file 'M2Crypto.egg-info/SOURCES.txt'
installing library code to build/bdist.linux-x86_64/egg
running install_lib
running build_py
creating build
creating build/lib.linux-x86_64-2.7
creating build/lib.linux-x86_64-2.7/M2Crypto
copying M2Crypto/Rand.py -> build/lib.linux-x86_64-2.7/M2Crypto
copying M2Crypto/m2urllib.py -> build/lib.linux-x86_64-2.7/M2Crypto
copying M2Crypto/threading.py -> build/lib.linux-x86_64-2.7/M2Crypto
copying M2Crypto/BIO.py -> build/lib.linux-x86_64-2.7/M2Crypto
copying M2Crypto/RSA.py -> build/lib.linux-x86_64-2.7/M2Crypto
copying M2Crypto/BN.py -> build/lib.linux-x86_64-2.7/M2Crypto
copying M2Crypto/AuthCookie.py -> build/lib.linux-x86_64-2.7/M2Crypto
copying M2Crypto/RC4.py -> build/lib.linux-x86_64-2.7/M2Crypto
copying M2Crypto/Err.py -> build/lib.linux-x86_64-2.7/M2Crypto
copying M2Crypto/m2xmlrpclib.py -> build/lib.linux-x86_64-2.7/M2Crypto
copying M2Crypto/ftpslib.py -> build/lib.linux-x86_64-2.7/M2Crypto
copying M2Crypto/Engine.py -> build/lib.linux-x86_64-2.7/M2Crypto
copying M2Crypto/ASN1.py -> build/lib.linux-x86_64-2.7/M2Crypto
copying M2Crypto/util.py -> build/lib.linux-x86_64-2.7/M2Crypto
copying M2Crypto/DSA.py -> build/lib.linux-x86_64-2.7/M2Crypto
copying M2Crypto/EC.py -> build/lib.linux-x86_64-2.7/M2Crypto
copying M2Crypto/m2.py -> build/lib.linux-x86_64-2.7/M2Crypto
copying M2Crypto/__init__.py -> build/lib.linux-x86_64-2.7/M2Crypto
copying M2Crypto/DH.py -> build/lib.linux-x86_64-2.7/M2Crypto
copying M2Crypto/httpslib.py -> build/lib.linux-x86_64-2.7/M2Crypto
copying M2Crypto/SMIME.py -> build/lib.linux-x86_64-2.7/M2Crypto
copying M2Crypto/m2urllib2.py -> build/lib.linux-x86_64-2.7/M2Crypto
copying M2Crypto/EVP.py -> build/lib.linux-x86_64-2.7/M2Crypto
copying M2Crypto/X509.py -> build/lib.linux-x86_64-2.7/M2Crypto
copying M2Crypto/callback.py -> build/lib.linux-x86_64-2.7/M2Crypto
creating build/lib.linux-x86_64-2.7/M2Crypto/SSL
copying M2Crypto/SSL/SSLServer.py -> build/lib.linux-x86_64-2.7/M2Crypto/SSL
copying M2Crypto/SSL/Context.py -> build/lib.linux-x86_64-2.7/M2Crypto/SSL
copying M2Crypto/SSL/Checker.py -> build/lib.linux-x86_64-2.7/M2Crypto/SSL
copying M2Crypto/SSL/TwistedProtocolWrapper.py -> build/lib.linux-x86_64-2.7/M2Crypto/SSL
copying M2Crypto/SSL/cb.py -> build/lib.linux-x86_64-2.7/M2Crypto/SSL
copying M2Crypto/SSL/ssl_dispatcher.py -> build/lib.linux-x86_64-2.7/M2Crypto/SSL
copying M2Crypto/SSL/timeout.py -> build/lib.linux-x86_64-2.7/M2Crypto/SSL
copying M2Crypto/SSL/__init__.py -> build/lib.linux-x86_64-2.7/M2Crypto/SSL
copying M2Crypto/SSL/Cipher.py -> build/lib.linux-x86_64-2.7/M2Crypto/SSL
copying M2Crypto/SSL/Connection.py -> build/lib.linux-x86_64-2.7/M2Crypto/SSL
copying M2Crypto/SSL/Session.py -> build/lib.linux-x86_64-2.7/M2Crypto/SSL
running build_ext
building 'M2Crypto.__m2crypto' extension
swigging SWIG/_m2crypto.i to SWIG/_m2crypto_wrap.c
swig -python -I/home/ubuntu/miniconda/envs/_build/include/python2.7 -I/usr/include -I/usr/include/openssl -includeall -modern -o SWIG/_m2crypto_wrap.c SWIG/_m2crypto.i
unable to execute 'swig': No such file or directory
error: command 'swig' failed with exit status 1

The following NEW packages will be INSTALLED:

    openssl:    1.0.1k-1    
    pip:        7.0.3-py27_0
    python:     2.7.10-0    
    readline:   6.2-2       
    setuptools: 17.0-py27_0 
    sqlite:     3.8.4.1-1   
    system:     5.8-2       
    tk:         8.5.18-0    
    zlib:       1.2.8-0     

Linking packages ...
[                    ]|                                                  |   0%[openssl             ]|                                                  |   0%[readline            ]|#####                                             |  11%[sqlite              ]|###########                                       |  22%[system              ]|################                                  |  33%[tk                  ]|######################                            |  44%[zlib                ]|###########################                       |  55%[python              ]|#################################                 |  66%[setuptools          ]|######################################            |  77%[pip                 ]|############################################      |  88%[      COMPLETE      ]|##################################################| 100%
Removing old work directory
Source cache directory is: /home/ubuntu/miniconda/conda-bld/src_cache
Found source in cache: M2Crypto-0.22.3.tar.gz
Extracting download
Package: m2crypto-0.22.3-py27_0
source tree in: /home/ubuntu/miniconda/conda-bld/work/M2Crypto-0.22.3
Command failed: /bin/bash -x -e /home/ubuntu/pypi-conda-builds/recipes/m2crypto/build.sh
