Warning, the following versions were found for mailchimp
2.0.9
2.0.8
2.0.7
2.0.6
2.0.5
2.0.4
2.0.3
2.0.2
2.0.1
2.0.0
Using 2.0.9
Use --version to specify a different version.
Using url https://pypi.python.org/packages/source/m/mailchimp/mailchimp-2.0.9.tar.gz (43 KB) for mailchimp.
Downloading mailchimp (use --no-download to skip this step)
Using cached download
Unpacking mailchimp...
done
working in /tmp/tmpjx1ZJ6conda_skeleton_mailchimp-2.0.9.tar.gz
Fetching package metadata: ......
Solving package specifications: .patching file core.py
Hunk #1 succeeded at 168 with fuzz 2 (offset 2 lines).
Traceback (most recent call last):
  File "setup.py", line 1, in <module>
    from setuptools import setup
ImportError: No module named setuptools

Applying patch: '/tmp/tmpjx1ZJ6conda_skeleton_mailchimp-2.0.9.tar.gz/pypi-distutils.patch'
$PYTHONPATH = /tmp/tmpjx1ZJ6conda_skeleton_mailchimp-2.0.9.tar.gz/mailchimp-2.0.9
Error: command failed: /home/ubuntu/miniconda/envs/_build/bin/python setup.py install
