Package search: {'_pypi_ordering': False, 'version': '0.3.6', 'name': 'Mako', 'summary': 'A super-fast templating language that borrows the  best ideas from the existing templating languages.'}
Fetching package metadata: ....
Removing old build directory
Removing old work directory
BUILD START: mako-1.0.1-py27_0
Fetching package metadata: ......
Solving package specifications: .+ pip install Mako
Collecting Mako
  Downloading http://localhost/packages/source/M/Mako/Mako-1.0.1.tar.gz (473kB)
Requirement already satisfied (use --upgrade to upgrade): MarkupSafe>=0.9.2 in /home/ubuntu/miniconda/envs/_build/lib/python2.7/site-packages (from Mako)
Installing collected packages: Mako
  Running setup.py install for Mako
Successfully installed Mako-1.0.1

The following NEW packages will be INSTALLED:

    markupsafe: 0.23-py27_0 
    openssl:    1.0.1k-1    
    pip:        7.0.3-py27_0
    python:     2.7.10-0    
    readline:   6.2-2       
    setuptools: 17.0-py27_0 
    sqlite:     3.8.4.1-1   
    system:     5.8-2       
    tk:         8.5.18-0    
    zlib:       1.2.8-0     

Linking packages ...
[                    ]|                                                  |   0%[openssl             ]|                                                  |   0%[readline            ]|#####                                             |  10%[sqlite              ]|##########                                        |  20%[system              ]|###############                                   |  30%[tk                  ]|####################                              |  40%[zlib                ]|#########################                         |  50%[markupsafe          ]|##############################                    |  60%[python              ]|###################################               |  70%[setuptools          ]|########################################          |  80%[pip                 ]|#############################################     |  90%[      COMPLETE      ]|##################################################| 100%
Removing old work directory
Copying /home/ubuntu/pypi-conda-builds/mako to /home/ubuntu/miniconda/conda-bld/work
Package: mako-1.0.1-py27_0
source tree in: /home/ubuntu/miniconda/conda-bld/work
number of files: 62
Fixing permissions
Detected hard-coded path in text file bin/mako-render
Fixing permissions
BUILD END: mako-1.0.1-py27_0
# If you want to upload this package to binstar.org later, type:
#
# $ binstar upload /home/ubuntu/miniconda/conda-bld/linux-64/mako-1.0.1-py27_0.tar.bz2
#
# To have conda build upload to binstar automatically, use
# $ conda config --set binstar_upload yes

Creating standard recipe for mako-1.0.1
Converting recipe in /home/ubuntu/pypi-conda-builds/mako
package = Mako
   dependencies = [u'markupsafe >=0.9.2']
Building conda package for mako
