Warning, the following versions were found for mandrill
1.0.57
1.0.56
1.0.53
1.0.52
1.0.51
1.0.50
1.0.49
1.0.48
1.0.47
1.0.46
1.0.45
1.0.44
1.0.43
1.0.42
1.0.41
1.0.40
1.0.39
1.0.38
1.0.37
1.0.36
1.0.35
1.0.34
1.0.33
1.0.32
1.0.31
1.0.30
1.0.29
1.0.28
1.0.27
1.0.22
1.0.19
1.0.16
1.0.15
1.0.14
1.0.13
1.0.6
1.0.5
1.0.4
1.0.3
1.0.2
1.0.1
1.0.0
0.1.0
Using 1.0.57
Use --version to specify a different version.
Using url https://pypi.python.org/packages/source/m/mandrill/mandrill-1.0.57.tar.gz (27 KB) for mandrill.
Downloading mandrill (use --no-download to skip this step)
Using cached download
Unpacking mandrill...
done
working in /tmp/tmpoJqOnzconda_skeleton_mandrill-1.0.57.tar.gz
Fetching package metadata: ......
Solving package specifications: .patching file core.py
Hunk #1 succeeded at 168 with fuzz 2 (offset 2 lines).
Traceback (most recent call last):
  File "setup.py", line 1, in <module>
    from setuptools import setup
ImportError: No module named setuptools

The following NEW packages will be INSTALLED:

    numpy:      1.9.2-py27_0 
    openssl:    1.0.1k-1     
    pip:        7.0.3-py27_0 
    python:     2.7.10-0     
    pyyaml:     3.11-py27_0  
    readline:   6.2-2        
    setuptools: 17.1.1-py27_0
    sqlite:     3.8.4.1-1    
    system:     5.8-2        
    tk:         8.5.18-0     
    zlib:       1.2.8-0      

Linking packages ...
[                    ]|                                                  |   0%[openssl             ]|                                                  |   0%[readline            ]|####                                              |   9%[sqlite              ]|#########                                         |  18%[system              ]|#############                                     |  27%[tk                  ]|##################                                |  36%[zlib                ]|######################                            |  45%[numpy               ]|###########################                       |  54%[python              ]|###############################                   |  63%[pyyaml              ]|####################################              |  72%[setuptools          ]|########################################          |  81%[pip                 ]|#############################################     |  90%[      COMPLETE      ]|##################################################| 100%
Applying patch: '/tmp/tmpoJqOnzconda_skeleton_mandrill-1.0.57.tar.gz/pypi-distutils.patch'
$PYTHONPATH = /tmp/tmpoJqOnzconda_skeleton_mandrill-1.0.57.tar.gz/mandrill-1.0.57
Error: command failed: /home/ubuntu/miniconda/envs/_build/bin/python setup.py install
