Warning, the following versions were found for manifestparser
1.1
1.0
0.9
0.8
0.7
0.6
Using 1.1
Use --version to specify a different version.
Using url https://pypi.python.org/packages/source/m/manifestparser/manifestparser-1.1.tar.gz (16 KB) for manifestparser.
Downloading manifestparser (use --no-download to skip this step)
Using cached download
Unpacking manifestparser...
done
working in /tmp/tmpD5Da64conda_skeleton_manifestparser-1.1.tar.gz
Fetching package metadata: ......
Solving package specifications: .patching file core.py
Hunk #1 succeeded at 168 with fuzz 2 (offset 2 lines).

Applying patch: '/tmp/tmpD5Da64conda_skeleton_manifestparser-1.1.tar.gz/pypi-distutils.patch'
Writing recipe for manifestparser
Done
