Warning, the following versions were found for marionette_driver
0.8
0.7
0.5
0.4
0.3.1
0.2
0.1.0
Using 0.8
Use --version to specify a different version.
Using url https://pypi.python.org/packages/source/m/marionette_driver/marionette_driver-0.8.tar.gz (28 KB) for marionette_driver.
Downloading marionette_driver (use --no-download to skip this step)
Using cached download
Unpacking marionette_driver...
done
working in /tmp/tmpLvk41fconda_skeleton_marionette_driver-0.8.tar.gz
Fetching package metadata: ......
Solving package specifications: .patching file core.py
Hunk #1 succeeded at 168 with fuzz 2 (offset 2 lines).

Applying patch: '/tmp/tmpLvk41fconda_skeleton_marionette_driver-0.8.tar.gz/pypi-distutils.patch'
Writing recipe for marionette_driver
Done
