Using url https://pypi.python.org/packages/source/m/marionette_client/marionette_client-0.15.tar.gz (140 KB) for marionette_client.
Downloading marionette_client (use --no-download to skip this step)
Using cached download
Unpacking marionette_client...
done
working in /tmp/tmpp_8SmAconda_skeleton_marionette_client-0.15.tar.gz
Fetching package metadata: ......
Solving package specifications: .patching file core.py
Hunk #1 succeeded at 168 with fuzz 2 (offset 2 lines).

Applying patch: '/tmp/tmpp_8SmAconda_skeleton_marionette_client-0.15.tar.gz/pypi-distutils.patch'
Using url https://pypi.python.org/packages/source/m/moztest/moztest-0.7.tar.gz (7 KB) for moztest.
Downloading moztest (use --no-download to skip this step)
Using cached download
Unpacking moztest...
done
working in /tmp/tmpqoUx3aconda_skeleton_moztest-0.7.tar.gz
Solving package specifications: .patching file core.py
Hunk #1 succeeded at 168 with fuzz 2 (offset 2 lines).

Applying patch: '/tmp/tmpqoUx3aconda_skeleton_moztest-0.7.tar.gz/pypi-distutils.patch'
Using url https://pypi.python.org/packages/source/m/mozhttpd/mozhttpd-0.7.tar.gz (6 KB) for mozhttpd.
Downloading mozhttpd (use --no-download to skip this step)
Using cached download
Unpacking mozhttpd...
done
working in /tmp/tmpBkaOPiconda_skeleton_mozhttpd-0.7.tar.gz
Solving package specifications: .patching file core.py
Hunk #1 succeeded at 168 with fuzz 2 (offset 2 lines).

Applying patch: '/tmp/tmpBkaOPiconda_skeleton_mozhttpd-0.7.tar.gz/pypi-distutils.patch'
Using url https://pypi.python.org/packages/source/b/browsermob-proxy/browsermob-proxy-0.6.0.tar.gz (6 KB) for browsermob-proxy.
Downloading browsermob-proxy (use --no-download to skip this step)
Using cached download
Unpacking browsermob-proxy...
done
working in /tmp/tmpHkSBdmconda_skeleton_browsermob-proxy-0.6.0.tar.gz
Solving package specifications: .patching file core.py
Hunk #1 succeeded at 168 with fuzz 2 (offset 2 lines).

Applying patch: '/tmp/tmpHkSBdmconda_skeleton_browsermob-proxy-0.6.0.tar.gz/pypi-distutils.patch'
Error: Could not find any versions of package marionette-driver
