Package search: {'_pypi_ordering': False, 'version': '0.15', 'name': 'marionette_client', 'summary': 'Marionette test automation client'}
Fetching package metadata: ....
Error: prefix already exists: /home/ubuntu/miniconda/envs/_pipbuild_
You are using pip version 7.0.1, however version 7.0.3 is available.
You should consider upgrading via the 'pip install --upgrade pip' command.
Exception:
Traceback (most recent call last):
  File "/home/ubuntu/miniconda/envs/_pipbuild_/lib/python2.7/site-packages/pip/basecommand.py", line 223, in main
    status = self.run(options, args)
  File "/home/ubuntu/miniconda/envs/_pipbuild_/lib/python2.7/site-packages/pip/commands/install.py", line 268, in run
    wheel_cache
  File "/home/ubuntu/miniconda/envs/_pipbuild_/lib/python2.7/site-packages/pip/basecommand.py", line 268, in populate_requirement_set
    wheel_cache=wheel_cache
  File "/home/ubuntu/miniconda/envs/_pipbuild_/lib/python2.7/site-packages/pip/req/req_install.py", line 207, in from_line
    wheel_cache=wheel_cache)
  File "/home/ubuntu/miniconda/envs/_pipbuild_/lib/python2.7/site-packages/pip/req/req_install.py", line 66, in __init__
    req = pkg_resources.Requirement.parse(req)
  File "/home/ubuntu/miniconda/envs/_pipbuild_/lib/python2.7/site-packages/pip/_vendor/pkg_resources/__init__.py", line 2960, in parse
    reqs = list(parse_requirements(s))
  File "/home/ubuntu/miniconda/envs/_pipbuild_/lib/python2.7/site-packages/pip/_vendor/pkg_resources/__init__.py", line 2904, in parse_requirements
    "version spec")
  File "/home/ubuntu/miniconda/envs/_pipbuild_/lib/python2.7/site-packages/pip/_vendor/pkg_resources/__init__.py", line 2869, in scan_list
    raise ValueError(msg, line, "at", line[p:])
ValueError: ('Expected version spec in', 'marionette-transport==>=0.4', 'at', '==>=0.4')

Creating standard recipe for marionette_client-0.15
Converting recipe in /home/ubuntu/pypi-conda-builds/marionette_client
package = marionette_client
   dependencies = [u'marionette-transport >=0.4', u'marionette-driver >=0.8', u'browsermob-proxy >=0.6.0', u'manifestparser >=1.1', u'mozhttpd >=0.7', u'mozinfo >=0.8', u'mozprocess >=0.9', u'mozrunner >=6.2', u'mozdevice >=0.44', u'mozlog >=2.7', u'moznetwork >=0.21', u'mozcrash >=0.5', u'mozprofile >=0.7', u'moztest >=0.7', u'mozversion >=1.1']
Creating standard recipe for marionette-transport->=0.4
Error: Version >=0.4 of marionette-transport is not available on PyPI.

conda create -n _pipbuild_ --yes python pip
/home/ubuntu/miniconda/envs/_pipbuild_/bin/pip install marionette-transport==>=0.4
Error: Could not pip install marionette-transport==>=0.4
