Removing old build directory
Removing old work directory
BUILD START: markdown2-2.3.0-py27_0
Fetching package metadata: ......
Solving package specifications: .+ /home/ubuntu/miniconda/envs/_build/bin/python setup.py install
running install
running build
running build_py
creating build
creating build/lib
copying lib/markdown2.py -> build/lib
running build_scripts
creating build/scripts-2.7
copying and adjusting bin/markdown2 -> build/scripts-2.7
changing mode of build/scripts-2.7/markdown2 from 664 to 775
running install_lib
copying build/lib/markdown2.py -> /home/ubuntu/miniconda/envs/_build/lib/python2.7/site-packages
byte-compiling /home/ubuntu/miniconda/envs/_build/lib/python2.7/site-packages/markdown2.py to markdown2.pyc
running install_scripts
copying build/scripts-2.7/markdown2 -> /home/ubuntu/miniconda/envs/_build/bin
changing mode of /home/ubuntu/miniconda/envs/_build/bin/markdown2 to 775
running install_egg_info
Writing /home/ubuntu/miniconda/envs/_build/lib/python2.7/site-packages/markdown2-2.3.0-py2.7.egg-info

The following NEW packages will be INSTALLED:

    openssl:    1.0.1k-1     
    pip:        7.0.3-py27_0 
    python:     2.7.10-0     
    readline:   6.2-2        
    setuptools: 17.1.1-py27_0
    sqlite:     3.8.4.1-1    
    system:     5.8-2        
    tk:         8.5.18-0     
    zlib:       1.2.8-0      

Linking packages ...
[                    ]|                                                  |   0%[openssl             ]|                                                  |   0%[readline            ]|#####                                             |  11%[sqlite              ]|###########                                       |  22%[system              ]|################                                  |  33%[tk                  ]|######################                            |  44%[zlib                ]|###########################                       |  55%[python              ]|#################################                 |  66%[setuptools          ]|######################################            |  77%[pip                 ]|############################################      |  88%[      COMPLETE      ]|##################################################| 100%
Removing old work directory
Source cache directory is: /home/ubuntu/miniconda/conda-bld/src_cache
Found source in cache: markdown2-2.3.0.zip
Extracting download
Package: markdown2-2.3.0-py27_0
source tree in: /home/ubuntu/miniconda/conda-bld/work/markdown2-2.3.0
number of files: 4
Fixing permissions
Detected hard-coded path in text file bin/markdown2
Fixing permissions
BUILD END: markdown2-2.3.0-py27_0
Nothing to test for: markdown2-2.3.0-py27_0
# If you want to upload this package to binstar.org later, type:
#
# $ binstar upload /home/ubuntu/miniconda/conda-bld/linux-64/markdown2-2.3.0-py27_0.tar.bz2
#
# To have conda build upload to binstar automatically, use
# $ conda config --set binstar_upload yes

