Warning, the following versions were found for marshmallow
2.0.0b3
2.0.0b2
2.0.0b1
2.0.0a1
1.2.6
1.2.5
1.2.4
1.2.3
1.2.2
1.2.1
1.2.0
1.1.0
1.0.1
1.0.0
1.0.0-a
0.7.0
0.6.0
0.5.5
0.5.4
0.5.3
0.5.2
0.5.1
0.5.0
0.4.1
0.4.0
0.3.1
0.3.0
0.2.1
0.2.0
0.1.0
Using 2.0.0b3
Use --version to specify a different version.
Using url https://pypi.python.org/packages/source/m/marshmallow/marshmallow-2.0.0b3.tar.gz (45 KB) for marshmallow.
Downloading marshmallow (use --no-download to skip this step)
Unpacking marshmallow...
done
working in /tmp/tmpwgH3_4conda_skeleton_marshmallow-2.0.0b3.tar.gz
Fetching package metadata: ......
Solving package specifications: .patching file core.py
Hunk #1 succeeded at 168 with fuzz 2 (offset 2 lines).
Traceback (most recent call last):
  File "setup.py", line 5, in <module>
    from setuptools import setup, find_packages
ImportError: No module named setuptools

Applying patch: '/tmp/tmpwgH3_4conda_skeleton_marshmallow-2.0.0b3.tar.gz/pypi-distutils.patch'
$PYTHONPATH = /tmp/tmpwgH3_4conda_skeleton_marshmallow-2.0.0b3.tar.gz/marshmallow-2.0.0b3
Error: command failed: /home/ubuntu/miniconda/envs/_build/bin/python setup.py install
