Warning, the following versions were found for maxminddb
1.2.0
1.1.1
1.1.0
1.0.0
0.3.3
0.3.2
0.3.1
0.3.0
0.2.1
0.2.0
0.1.1
0.1.0
Using 1.2.0
Use --version to specify a different version.
Using url https://pypi.python.org/packages/source/m/maxminddb/maxminddb-1.2.0.tar.gz (1.2 MB) for maxminddb.
Downloading maxminddb (use --no-download to skip this step)
Using cached download
Unpacking maxminddb...
done
working in /tmp/tmp2JktcAconda_skeleton_maxminddb-1.2.0.tar.gz
Fetching package metadata: ......
Solving package specifications: .patching file core.py
Hunk #1 succeeded at 168 with fuzz 2 (offset 2 lines).

Applying patch: '/tmp/tmp2JktcAconda_skeleton_maxminddb-1.2.0.tar.gz/pypi-distutils.patch'
Writing recipe for maxminddb
Done
