Warning, the following versions were found for mccabe
0.3.1
0.3
0.2.1
0.2
0.0.0
Using 0.3.1
Use --version to specify a different version.
Using url https://pypi.python.org/packages/source/m/mccabe/mccabe-0.3.1.tar.gz (7 KB) for mccabe.
Downloading mccabe (use --no-download to skip this step)
Unpacking mccabe...
done
working in /tmp/tmpEUo9Q7conda_skeleton_mccabe-0.3.1.tar.gz
Fetching package metadata: ......
Solving package specifications: .patching file core.py
Hunk #1 succeeded at 168 with fuzz 2 (offset 2 lines).
Traceback (most recent call last):
  File "setup.py", line 4, in <module>
    from setuptools import setup
ImportError: No module named setuptools

Applying patch: '/tmp/tmpEUo9Q7conda_skeleton_mccabe-0.3.1.tar.gz/pypi-distutils.patch'
$PYTHONPATH = /tmp/tmpEUo9Q7conda_skeleton_mccabe-0.3.1.tar.gz/mccabe-0.3.1
Error: command failed: /home/ubuntu/miniconda/envs/_build/bin/python setup.py install
