Warning, the following versions were found for mechanize
0.2.5
0.2.4
0.2.3
0.2.2
0.2.1
0.2.0
0.1.11
0.1.10
0.1.9
0.1.8
0.1.7b
0.1.6b
0.1.5b
0.1.4b
0.1.2b
0.1.1a
0.1.0a
0.0.11a
0.0.10a
0.0.9a
0.0.8a
0.0.1a
Using 0.2.5
Use --version to specify a different version.
Using url https://pypi.python.org/packages/source/m/mechanize/mechanize-0.2.5.tar.gz (375 KB) for mechanize.
Downloading mechanize (use --no-download to skip this step)
Using cached download
Unpacking mechanize...
done
working in /tmp/tmpOZ1ANgconda_skeleton_mechanize-0.2.5.tar.gz
Fetching package metadata: ......
Solving package specifications: .patching file core.py
Hunk #1 succeeded at 168 with fuzz 2 (offset 2 lines).

Applying patch: '/tmp/tmpOZ1ANgconda_skeleton_mechanize-0.2.5.tar.gz/pypi-distutils.patch'
Writing recipe for mechanize
Done
