Warning, the following versions were found for meld3
1.0.2
1.0.1
1.0.0
0.6.10
0.6.9
0.6.8
0.6.7
0.6.6
0.6.4
0.6.3
0.6
Using 1.0.2
Use --version to specify a different version.
Using url https://pypi.python.org/packages/source/m/meld3/meld3-1.0.2.tar.gz (36 KB) for meld3.
Downloading meld3 (use --no-download to skip this step)
Using cached download
Unpacking meld3...
done
working in /tmp/tmp8Clcofconda_skeleton_meld3-1.0.2.tar.gz
Fetching package metadata: ......
Solving package specifications: .patching file core.py
Hunk #1 succeeded at 168 with fuzz 2 (offset 2 lines).

Applying patch: '/tmp/tmp8Clcofconda_skeleton_meld3-1.0.2.tar.gz/pypi-distutils.patch'
Writing recipe for meld3
Done
