Warning, the following versions were found for Mercurial
3.4.1
3.4
3.4-rc
3.3.3
3.3.2
3.3.1
3.3
3.3-rc
3.2.4
3.2.3
3.2.2
3.2.1
3.2
3.1.2
3.1.1
3.1
3.0.1
3.0
2.9.1
2.9
2.8.2
2.8.1
2.8
2.7.2
2.7.1
2.7.0
2.6.3
2.6.2
2.6.1
2.6
2.5.2
2.5.1
2.5
2.4.1
2.3
2.2.2
2.2
2.1.2
2.1.1
2.1
2.0.2
2.0.1
2.0
1.9.3
1.9.2
1.9.1
1.9
1.8.4
1.8.3
1.8.2
1.8.1
1.8
1.7.5
1.7.3
1.7.2
1.7.1
1.7
1.6.4
1.6.3
1.6.2
1.6.1
1.6
1.5.4
1.5.3
1.5.2
1.5.1
1.5
1.4.3
1.4.2
1.4.1
1.4
1.3.1
1.3
1.2.1
1.2
1.1.2
1.1.1
1.1
1.0.2
1.0.1
1.0
0.9.5
0.9.4
0.9.3
0.9.2
0.9.1
0.9
0.8.1
Using 3.4.1
Use --version to specify a different version.
Using url https://pypi.python.org/packages/source/M/Mercurial/mercurial-3.4.1.tar.gz (4.1 MB) for Mercurial.
Downloading Mercurial (use --no-download to skip this step)
Unpacking Mercurial...
done
working in /tmp/tmplgnc40conda_skeleton_mercurial-3.4.1.tar.gz
Fetching package metadata: ......
Solving package specifications: .patching file core.py
Hunk #1 succeeded at 168 with fuzz 2 (offset 2 lines).

Applying patch: '/tmp/tmplgnc40conda_skeleton_mercurial-3.4.1.tar.gz/pypi-distutils.patch'
Writing recipe for mercurial
Done
