Warning, the following versions were found for minitage.paste
1.4.6
1.4.5
1.4.4
1.4.3
1.4.2
1.4.1
1.4.0
1.3.1874
1.3.1873
1.3.1872
1.3.1871
1.3.1870
1.3.1859
1.3.1858
1.3.1856
1.3.1855
1.3.1854
1.3.1853
1.3.1852
1.3.1851
1.3.1850
1.3.1849
1.3.1848
1.3.1847
1.3.1846
1.3.1845
1.3.1843
1.3.1842
1.3.1841
1.3.1840
1.3.1839
1.3.1838
1.3.1836
1.3.1835
1.3.1834
1.3.1833
1.3.1832
1.3.1831
1.3.1830
1.3.1828
1.3.1827
1.3.1826
1.3.1825
1.3.1824
1.3.1823
1.3.1821
1.3.181
1.3.180
1.3.179
1.3.178
1.3.177
1.3.176
1.3.175
1.3.174
1.3.173
1.3.172
1.3.171
1.3.170
1.3.169
1.3.168
1.3.167
1.3.166
1.3.165
1.3.164
1.3.163
1.3.162
1.3.161
1.3.160
1.3.159
1.3.158
1.3.157
1.3.156
1.3.155
1.3.154
1.3.153
1.3.152
1.3.151
1.3.150
1.3.149
1.3.148
1.3.147
1.3.146
1.3.145
1.3.144
1.3.142
1.3.141
1.3.140
1.3.139
1.3.138
1.3.137
1.3.136
1.3.135
1.3.134
1.3.133
1.3.131
1.3.130
1.3.129
1.3.128
1.3.127
1.3.126
1.3.125
1.3.124
1.3.123
1.3.122
1.3.121
1.3.120
1.3.119
1.3.118
1.3.117
1.3.116
1.3.115
1.3.114
1.3.113
1.3.112
1.3.111
1.3.110
1.3.109
1.3.108
1.3.107
1.3.106
1.3.105
1.3.104
1.3.102
1.3.101
1.3.99
1.3.96
1.3.95
1.3.93
1.3.92
1.3.91
1.3.90
1.3.89
1.3.88
1.3.87
1.3.86
1.3.85
1.3.84
1.3.83
1.3.82
1.3.80
1.3.78
1.3.77
1.3.76
1.3.75
1.3.74
1.3.73
1.3.72
1.3.71
1.3.69
1.3.68
1.3.67
1.3.66
1.3.65
1.3.64
1.3.63
1.3.62
1.3.60
1.3.59
1.3.58
1.3.57
1.3.56
1.3.55
1.3.54
1.3.53
1.3.52
1.3.51
1.3.50
1.3.49
1.3.48
1.3.46
1.3.45
1.3.43
1.3.42
1.3.41
1.3.39
1.3.38
1.3.37
1.3.36
1.3.35
1.3.34
1.3.32
1.3.31
1.3.30
1.3.28
1.3.27
1.3.26
1.3.23
1.3.22
1.3.21
1.3.20
1.3.19
1.3.18
1.3.17
1.3.16
1.3.15
1.3.14
1.3.13
1.3.12
1.3.11
1.3.10
1.3.9
1.3.8
1.3.6
1.3.5
1.3.4
1.3.3
1.3.1
1.2
1.1
1.0
0.22
0.21
0.20
0.19
0.18
0.17
0.16
0.15
0.14
0.13
0.12
0.11
0.10
0.9
0.8
0.7
0.6
0.5
0.4
0.3
0.2
0.1.1
0.1
0.0.1-alpha47
0.0.1-alpha46
0.0.1-alpha45
0.0.1-alpha44
0.0.1-alpha43
0.0.1-alpha42
0.0.1-alpha41
0.0.1-alpha40
0.0.1-alpha39
0.0.1-alpha38
0.0.1-alpha37
0.0.1-alpha36
0.0.1-alpha35
0.0.1-alpha34
0.0.1-alpha33
0.0.1-alpha32
0.0.1-alpha31
0.0.1-alpha30
0.0.1-alpha29
0.0.1-alpha28
Using 1.4.6
Use --version to specify a different version.
Using url https://pypi.python.org/packages/source/m/minitage.paste/minitage.paste-1.4.6.zip (658 KB) for minitage.paste.
Downloading minitage.paste (use --no-download to skip this step)
Using cached download
Unpacking minitage.paste...
done
working in /tmp/tmpSmP5qhconda_skeleton_minitage.paste-1.4.6.zip
Fetching package metadata: ......
Solving package specifications: .patching file core.py
Hunk #1 succeeded at 168 with fuzz 2 (offset 2 lines).
Traceback (most recent call last):
  File "setup.py", line 2, in <module>
    from setuptools import setup, find_packages
ImportError: No module named setuptools

Applying patch: '/tmp/tmpSmP5qhconda_skeleton_minitage.paste-1.4.6.zip/pypi-distutils.patch'
$PYTHONPATH = /tmp/tmpSmP5qhconda_skeleton_minitage.paste-1.4.6.zip/minitage.paste-1.4.6
Error: command failed: /home/ubuntu/miniconda/envs/_build/bin/python setup.py install
