Using url https://pypi.python.org/packages/source/m/mkdocs/mkdocs-0.12.2.tar.gz (5.2 MB) for mkdocs.
Downloading mkdocs (use --no-download to skip this step)
Using cached download
Unpacking mkdocs...
done
working in /tmp/tmpY6ebUrconda_skeleton_mkdocs-0.12.2.tar.gz
Fetching package metadata: ......
Solving package specifications: .patching file core.py
Hunk #1 succeeded at 168 with fuzz 2 (offset 2 lines).

The following NEW packages will be INSTALLED:

    numpy:      1.9.2-py27_0
    openssl:    1.0.1k-1    
    pip:        6.1.1-py27_0
    python:     2.7.9-3     
    pyyaml:     3.11-py27_0 
    readline:   6.2-2       
    setuptools: 16.0-py27_0 
    sqlite:     3.8.4.1-1   
    system:     5.8-2       
    tk:         8.5.18-0    
    yaml:       0.1.4-0     
    zlib:       1.2.8-0     

Linking packages ...
[                    ]|                                                  |   0%[openssl             ]|                                                  |   0%[readline            ]|####                                              |   8%[sqlite              ]|########                                          |  16%[system              ]|############                                      |  25%[tk                  ]|################                                  |  33%[yaml                ]|####################                              |  41%[zlib                ]|#########################                         |  50%[numpy               ]|#############################                     |  58%[python              ]|#################################                 |  66%[pyyaml              ]|#####################################             |  75%[setuptools          ]|#########################################         |  83%[pip                 ]|#############################################     |  91%[      COMPLETE      ]|##################################################| 100%
Applying patch: '/tmp/tmpY6ebUrconda_skeleton_mkdocs-0.12.2.tar.gz/pypi-distutils.patch'
Using url https://pypi.python.org/packages/source/l/livereload/livereload-2.3.2.tar.gz (18 KB) for livereload.
Downloading livereload (use --no-download to skip this step)
Using cached download
Unpacking livereload...
done
working in /tmp/tmpaXopXVconda_skeleton_livereload-2.3.2.tar.gz
Solving package specifications: .patching file core.py
Hunk #1 succeeded at 168 with fuzz 2 (offset 2 lines).

Applying patch: '/tmp/tmpaXopXVconda_skeleton_livereload-2.3.2.tar.gz/pypi-distutils.patch'
Warning, the following versions were found for tornado
4.2b1
4.1
Using 4.2b1
Use --version to specify a different version.
Using url https://pypi.python.org/packages/source/t/tornado/tornado-4.2b1.tar.gz (423 KB) for tornado.
Downloading tornado (use --no-download to skip this step)
Using cached download
Unpacking tornado...
done
working in /tmp/tmpQnhHNNconda_skeleton_tornado-4.2b1.tar.gz
Solving package specifications: .patching file core.py
Hunk #1 succeeded at 168 with fuzz 2 (offset 2 lines).

Applying patch: '/tmp/tmpQnhHNNconda_skeleton_tornado-4.2b1.tar.gz/pypi-distutils.patch'
Error: Could not parse url for certifi: UNKNOWN
