Package search: {'_pypi_ordering': False, 'version': '0.9.0', 'name': 'mongoengine', 'summary': 'MongoEngine is a Python Object-Document Mapper for working with MongoDB.'}
Fetching package metadata: ....
Removing old build directory
Removing old work directory
BUILD START: mongoengine-0.9.0-py27_0
Fetching package metadata: ......
Solving package specifications: .+ pip install mongoengine
Collecting mongoengine
  Downloading http://localhost/packages/source/m/mongoengine/mongoengine-0.9.0.tar.gz (347kB)
Requirement already satisfied (use --upgrade to upgrade): pymongo>=2.7.1 in /home/ubuntu/miniconda/envs/_build/lib/python2.7/site-packages/pymongo-3.0.2-py2.7-linux-x86_64.egg (from mongoengine)
Installing collected packages: mongoengine
  Running setup.py install for mongoengine
Successfully installed mongoengine-0.9.0

The following NEW packages will be INSTALLED:

    openssl:    1.0.1k-1    
    pip:        7.0.3-py27_0
    pymongo:    3.0.2-py27_0
    python:     2.7.10-0    
    readline:   6.2-2       
    setuptools: 17.0-py27_0 
    sqlite:     3.8.4.1-1   
    system:     5.8-2       
    tk:         8.5.18-0    
    zlib:       1.2.8-0     

Linking packages ...
[                    ]|                                                  |   0%[openssl             ]|                                                  |   0%[readline            ]|#####                                             |  10%[sqlite              ]|##########                                        |  20%[system              ]|###############                                   |  30%[tk                  ]|####################                              |  40%[zlib                ]|#########################                         |  50%[pymongo             ]|##############################                    |  60%[python              ]|###################################               |  70%[setuptools          ]|########################################          |  80%[pip                 ]|#############################################     |  90%[      COMPLETE      ]|##################################################| 100%
Removing old work directory
Copying /home/ubuntu/pypi-conda-builds/mongoengine to /home/ubuntu/miniconda/conda-bld/work
Package: mongoengine-0.9.0-py27_0
source tree in: /home/ubuntu/miniconda/conda-bld/work
number of files: 70
Fixing permissions
Fixing permissions
BUILD END: mongoengine-0.9.0-py27_0
# If you want to upload this package to binstar.org later, type:
#
# $ binstar upload /home/ubuntu/miniconda/conda-bld/linux-64/mongoengine-0.9.0-py27_0.tar.bz2
#
# To have conda build upload to binstar automatically, use
# $ conda config --set binstar_upload yes

Creating standard recipe for mongoengine-0.9.0
Converting recipe in /home/ubuntu/pypi-conda-builds/mongoengine
package = mongoengine
   dependencies = [u'pymongo >=2.7.1']
Building conda package for mongoengine
