Warning, the following versions were found for mongoengine
0.9.0
0.8.8
0.8.7
0.8.6
0.8.5
0.8.4
0.8.3
0.8.2
0.8.1
0.8.0
0.7.10
0.7.9
0.7.8
0.7.5
0.7.4
0.7.3
0.7.2
0.7.1
0.7.0
0.6.20
0.6.19
0.6.17
0.6.16
0.6.15
0.6.13
0.6.12
0.6.10
0.6.8
0.6.7
0.6.6
0.6.4
0.6.3
0.6.1
0.5.2
0.5.1
0.5
0.4
Using 0.9.0
Use --version to specify a different version.
Using url https://pypi.python.org/packages/source/m/mongoengine/mongoengine-0.9.0.tar.gz (340 KB) for mongoengine.
Downloading mongoengine (use --no-download to skip this step)
Using cached download
Unpacking mongoengine...
done
working in /tmp/tmp3LVSnyconda_skeleton_mongoengine-0.9.0.tar.gz
Fetching package metadata: ......
Solving package specifications: .patching file core.py
Hunk #1 succeeded at 168 with fuzz 2 (offset 2 lines).
Traceback (most recent call last):
  File "setup.py", line 3, in <module>
    from setuptools import setup, find_packages
ImportError: No module named setuptools

Applying patch: '/tmp/tmp3LVSnyconda_skeleton_mongoengine-0.9.0.tar.gz/pypi-distutils.patch'
$PYTHONPATH = /tmp/tmp3LVSnyconda_skeleton_mongoengine-0.9.0.tar.gz/mongoengine-0.9.0
Error: command failed: /home/ubuntu/miniconda/envs/_build/bin/python setup.py install
