Warning, the following versions were found for monk_tf
0.17.5
0.17.4
0.17.3
0.17.2
0.17.1
0.17.0
0.16.3
0.16.2
0.16.1
0.16.0
0.15.6
0.15.5
0.15.4
0.15.3
0.15.2
0.15.1
0.15.0
0.14.3
0.14.2
0.14.1
0.13.7
0.13.6
0.13.5
0.13.4
0.13.3
0.13.2
0.13.1
0.13.0
0.12.4
0.12.3
0.12.2
0.12.1
0.12.0
0.11.1
0.11.0
0.10.2
0.10.1
0.10.0
0.9.0
0.8.9
0.8.8
0.8.7
0.8.6
0.8.5
0.8.4
0.8.3
0.8.2
0.8.1
0.8.0
0.7.5
0.7.4
0.7.3
0.7.2
0.6.1
0.6.0
0.5.13
0.5.12
0.5.11
0.5.10
0.5.9
0.5.8
0.5.7
0.5.6
0.5.5
0.5.4
0.5.3
0.5.2
0.5.1
0.5.0
0.4.1
0.4.0
0.3.2
0.3.1
0.3.0
0.2.22
0.2.21
0.2.20
0.2.19
0.2.18
0.2.17
0.2.16
0.2.15
0.2.14
0.2.13
0.2.12
0.2.11
0.2.10
0.2.9
0.2.8
0.2.7
0.2.6
0.2.5
0.2.4
0.2.3
0.2.2
0.2.1
0.2.0
0.1.14
0.1.13
0.1.12
0.1.11
0.1.10
0.1.9
0.1.8
0.1.7
0.1.6
0.1.5
0.1.4
0.1.3
0.1.2
0.1.1
v0.1
Using 0.17.5
Use --version to specify a different version.
Using url https://pypi.python.org/packages/source/m/monk_tf/monk_tf-0.17.5.tar.gz (43 KB) for monk_tf.
Downloading monk_tf (use --no-download to skip this step)
Unpacking monk_tf...
done
working in /tmp/tmpJiUK3oconda_skeleton_monk_tf-0.17.5.tar.gz
Fetching package metadata: ......
Solving package specifications: .patching file core.py
Hunk #1 succeeded at 168 with fuzz 2 (offset 2 lines).

The following NEW packages will be INSTALLED:

    numpy:  1.9.2-py27_0
    pyyaml: 3.11-py27_0 

Linking packages ...
[                    ]|                                                  |   0%[numpy               ]|                                                  |   0%[pyyaml              ]|#########################                         |  50%[      COMPLETE      ]|##################################################| 100%
Applying patch: '/tmp/tmpJiUK3oconda_skeleton_monk_tf-0.17.5.tar.gz/pypi-distutils.patch'
Warning, the following versions were found for pyte
0.4.9
0.4.8
0.4.7
0.4.6
0.4.5
0.4.4
0.4.3
0.4.2
0.4.1
0.4.0
Using 0.4.9
Use --version to specify a different version.
Using url https://pypi.python.org/packages/source/p/pyte/pyte-0.4.9.tar.gz (43 KB) for pyte.
Downloading pyte (use --no-download to skip this step)
Using cached download
Unpacking pyte...
done
working in /tmp/tmpqXuuC5conda_skeleton_pyte-0.4.9.tar.gz
Solving package specifications: .patching file core.py
Hunk #1 succeeded at 168 with fuzz 2 (offset 2 lines).
Traceback (most recent call last):
  File "setup.py", line 7, in <module>
    from setuptools import setup
ImportError: No module named setuptools

Applying patch: '/tmp/tmpqXuuC5conda_skeleton_pyte-0.4.9.tar.gz/pypi-distutils.patch'
$PYTHONPATH = /tmp/tmpqXuuC5conda_skeleton_pyte-0.4.9.tar.gz/pyte-0.4.9
Error: command failed: /home/ubuntu/miniconda/envs/_build/bin/python setup.py install
