Removing old build directory
Removing old work directory
BUILD START: moto-0.4.3-py_0
Fetching package metadata: ......
Solving package specifications: .+ /home/ubuntu/miniconda/envs/_build/bin/python setup.py install
running install
running bdist_egg
running egg_info
writing requirements to moto.egg-info/requires.txt
writing moto.egg-info/PKG-INFO
writing top-level names to moto.egg-info/top_level.txt
writing dependency_links to moto.egg-info/dependency_links.txt
writing entry points to moto.egg-info/entry_points.txt
reading manifest file 'moto.egg-info/SOURCES.txt'
reading manifest template 'MANIFEST.in'
writing manifest file 'moto.egg-info/SOURCES.txt'
installing library code to build/bdist.linux-x86_64/egg
running install_lib
running build_py
creating build
creating build/lib
creating build/lib/moto
copying moto/compat.py -> build/lib/moto
copying moto/__init__.py -> build/lib/moto
copying moto/backends.py -> build/lib/moto
copying moto/server.py -> build/lib/moto
creating build/lib/moto/dynamodb2
copying moto/dynamodb2/responses.py -> build/lib/moto/dynamodb2
copying moto/dynamodb2/utils.py -> build/lib/moto/dynamodb2
copying moto/dynamodb2/comparisons.py -> build/lib/moto/dynamodb2
copying moto/dynamodb2/urls.py -> build/lib/moto/dynamodb2
copying moto/dynamodb2/__init__.py -> build/lib/moto/dynamodb2
copying moto/dynamodb2/models.py -> build/lib/moto/dynamodb2
creating build/lib/moto/glacier
copying moto/glacier/responses.py -> build/lib/moto/glacier
copying moto/glacier/utils.py -> build/lib/moto/glacier
copying moto/glacier/urls.py -> build/lib/moto/glacier
copying moto/glacier/__init__.py -> build/lib/moto/glacier
copying moto/glacier/models.py -> build/lib/moto/glacier
creating build/lib/moto/rds
copying moto/rds/responses.py -> build/lib/moto/rds
copying moto/rds/urls.py -> build/lib/moto/rds
copying moto/rds/__init__.py -> build/lib/moto/rds
copying moto/rds/models.py -> build/lib/moto/rds
copying moto/rds/exceptions.py -> build/lib/moto/rds
creating build/lib/moto/rds2
copying moto/rds2/responses.py -> build/lib/moto/rds2
copying moto/rds2/urls.py -> build/lib/moto/rds2
copying moto/rds2/__init__.py -> build/lib/moto/rds2
copying moto/rds2/models.py -> build/lib/moto/rds2
copying moto/rds2/exceptions.py -> build/lib/moto/rds2
creating build/lib/moto/dynamodb
copying moto/dynamodb/responses.py -> build/lib/moto/dynamodb
copying moto/dynamodb/utils.py -> build/lib/moto/dynamodb
copying moto/dynamodb/comparisons.py -> build/lib/moto/dynamodb
copying moto/dynamodb/urls.py -> build/lib/moto/dynamodb
copying moto/dynamodb/__init__.py -> build/lib/moto/dynamodb
copying moto/dynamodb/models.py -> build/lib/moto/dynamodb
creating build/lib/moto/cloudformation
copying moto/cloudformation/responses.py -> build/lib/moto/cloudformation
copying moto/cloudformation/utils.py -> build/lib/moto/cloudformation
copying moto/cloudformation/urls.py -> build/lib/moto/cloudformation
copying moto/cloudformation/__init__.py -> build/lib/moto/cloudformation
copying moto/cloudformation/models.py -> build/lib/moto/cloudformation
copying moto/cloudformation/parsing.py -> build/lib/moto/cloudformation
copying moto/cloudformation/exceptions.py -> build/lib/moto/cloudformation
creating build/lib/moto/elb
copying moto/elb/responses.py -> build/lib/moto/elb
copying moto/elb/urls.py -> build/lib/moto/elb
copying moto/elb/__init__.py -> build/lib/moto/elb
copying moto/elb/models.py -> build/lib/moto/elb
creating build/lib/moto/route53
copying moto/route53/responses.py -> build/lib/moto/route53
copying moto/route53/urls.py -> build/lib/moto/route53
copying moto/route53/__init__.py -> build/lib/moto/route53
copying moto/route53/models.py -> build/lib/moto/route53
creating build/lib/moto/cloudwatch
copying moto/cloudwatch/responses.py -> build/lib/moto/cloudwatch
copying moto/cloudwatch/urls.py -> build/lib/moto/cloudwatch
copying moto/cloudwatch/__init__.py -> build/lib/moto/cloudwatch
copying moto/cloudwatch/models.py -> build/lib/moto/cloudwatch
creating build/lib/moto/emr
copying moto/emr/responses.py -> build/lib/moto/emr
copying moto/emr/utils.py -> build/lib/moto/emr
copying moto/emr/urls.py -> build/lib/moto/emr
copying moto/emr/__init__.py -> build/lib/moto/emr
copying moto/emr/models.py -> build/lib/moto/emr
creating build/lib/moto/s3bucket_path
copying moto/s3bucket_path/responses.py -> build/lib/moto/s3bucket_path
copying moto/s3bucket_path/utils.py -> build/lib/moto/s3bucket_path
copying moto/s3bucket_path/urls.py -> build/lib/moto/s3bucket_path
copying moto/s3bucket_path/__init__.py -> build/lib/moto/s3bucket_path
copying moto/s3bucket_path/models.py -> build/lib/moto/s3bucket_path
creating build/lib/moto/ec2
copying moto/ec2/utils.py -> build/lib/moto/ec2
copying moto/ec2/urls.py -> build/lib/moto/ec2
copying moto/ec2/__init__.py -> build/lib/moto/ec2
copying moto/ec2/models.py -> build/lib/moto/ec2
copying moto/ec2/exceptions.py -> build/lib/moto/ec2
creating build/lib/moto/sts
copying moto/sts/responses.py -> build/lib/moto/sts
copying moto/sts/urls.py -> build/lib/moto/sts
copying moto/sts/__init__.py -> build/lib/moto/sts
copying moto/sts/models.py -> build/lib/moto/sts
creating build/lib/moto/sqs
copying moto/sqs/responses.py -> build/lib/moto/sqs
copying moto/sqs/utils.py -> build/lib/moto/sqs
copying moto/sqs/urls.py -> build/lib/moto/sqs
copying moto/sqs/__init__.py -> build/lib/moto/sqs
copying moto/sqs/models.py -> build/lib/moto/sqs
copying moto/sqs/exceptions.py -> build/lib/moto/sqs
creating build/lib/moto/core
copying moto/core/responses.py -> build/lib/moto/core
copying moto/core/utils.py -> build/lib/moto/core
copying moto/core/__init__.py -> build/lib/moto/core
copying moto/core/models.py -> build/lib/moto/core
copying moto/core/exceptions.py -> build/lib/moto/core
creating build/lib/moto/kinesis
copying moto/kinesis/responses.py -> build/lib/moto/kinesis
copying moto/kinesis/utils.py -> build/lib/moto/kinesis
copying moto/kinesis/urls.py -> build/lib/moto/kinesis
copying moto/kinesis/__init__.py -> build/lib/moto/kinesis
copying moto/kinesis/models.py -> build/lib/moto/kinesis
copying moto/kinesis/exceptions.py -> build/lib/moto/kinesis
creating build/lib/moto/ses
copying moto/ses/responses.py -> build/lib/moto/ses
copying moto/ses/utils.py -> build/lib/moto/ses
copying moto/ses/urls.py -> build/lib/moto/ses
copying moto/ses/__init__.py -> build/lib/moto/ses
copying moto/ses/models.py -> build/lib/moto/ses
creating build/lib/moto/autoscaling
copying moto/autoscaling/responses.py -> build/lib/moto/autoscaling
copying moto/autoscaling/urls.py -> build/lib/moto/autoscaling
copying moto/autoscaling/__init__.py -> build/lib/moto/autoscaling
copying moto/autoscaling/models.py -> build/lib/moto/autoscaling
creating build/lib/moto/sns
copying moto/sns/responses.py -> build/lib/moto/sns
copying moto/sns/utils.py -> build/lib/moto/sns
copying moto/sns/urls.py -> build/lib/moto/sns
copying moto/sns/__init__.py -> build/lib/moto/sns
copying moto/sns/models.py -> build/lib/moto/sns
copying moto/sns/exceptions.py -> build/lib/moto/sns
creating build/lib/moto/s3
copying moto/s3/responses.py -> build/lib/moto/s3
copying moto/s3/utils.py -> build/lib/moto/s3
copying moto/s3/urls.py -> build/lib/moto/s3
copying moto/s3/__init__.py -> build/lib/moto/s3
copying moto/s3/models.py -> build/lib/moto/s3
copying moto/s3/exceptions.py -> build/lib/moto/s3
creating build/lib/moto/iam
copying moto/iam/responses.py -> build/lib/moto/iam
copying moto/iam/utils.py -> build/lib/moto/iam
copying moto/iam/urls.py -> build/lib/moto/iam
copying moto/iam/__init__.py -> build/lib/moto/iam
copying moto/iam/models.py -> build/lib/moto/iam
creating build/lib/moto/redshift
copying moto/redshift/responses.py -> build/lib/moto/redshift
copying moto/redshift/utils.py -> build/lib/moto/redshift
copying moto/redshift/urls.py -> build/lib/moto/redshift
copying moto/redshift/__init__.py -> build/lib/moto/redshift
copying moto/redshift/models.py -> build/lib/moto/redshift
copying moto/redshift/exceptions.py -> build/lib/moto/redshift
creating build/lib/moto/ec2/responses
copying moto/ec2/responses/customer_gateways.py -> build/lib/moto/ec2/responses
copying moto/ec2/responses/elastic_block_store.py -> build/lib/moto/ec2/responses
copying moto/ec2/responses/virtual_private_gateways.py -> build/lib/moto/ec2/responses
copying moto/ec2/responses/subnets.py -> build/lib/moto/ec2/responses
copying moto/ec2/responses/ip_addresses.py -> build/lib/moto/ec2/responses
copying moto/ec2/responses/monitoring.py -> build/lib/moto/ec2/responses
copying moto/ec2/responses/elastic_ip_addresses.py -> build/lib/moto/ec2/responses
copying moto/ec2/responses/network_acls.py -> build/lib/moto/ec2/responses
copying moto/ec2/responses/security_groups.py -> build/lib/moto/ec2/responses
copying moto/ec2/responses/elastic_network_interfaces.py -> build/lib/moto/ec2/responses
copying moto/ec2/responses/tags.py -> build/lib/moto/ec2/responses
copying moto/ec2/responses/amis.py -> build/lib/moto/ec2/responses
copying moto/ec2/responses/vm_export.py -> build/lib/moto/ec2/responses
copying moto/ec2/responses/spot_instances.py -> build/lib/moto/ec2/responses
copying moto/ec2/responses/route_tables.py -> build/lib/moto/ec2/responses
copying moto/ec2/responses/vm_import.py -> build/lib/moto/ec2/responses
copying moto/ec2/responses/reserved_instances.py -> build/lib/moto/ec2/responses
copying moto/ec2/responses/dhcp_options.py -> build/lib/moto/ec2/responses
copying moto/ec2/responses/general.py -> build/lib/moto/ec2/responses
copying moto/ec2/responses/instances.py -> build/lib/moto/ec2/responses
copying moto/ec2/responses/vpc_peering_connections.py -> build/lib/moto/ec2/responses
copying moto/ec2/responses/placement_groups.py -> build/lib/moto/ec2/responses
copying moto/ec2/responses/__init__.py -> build/lib/moto/ec2/responses
copying moto/ec2/responses/availability_zones_and_regions.py -> build/lib/moto/ec2/responses
copying moto/ec2/responses/vpn_connections.py -> build/lib/moto/ec2/responses
copying moto/ec2/responses/vpcs.py -> build/lib/moto/ec2/responses
copying moto/ec2/responses/key_pairs.py -> build/lib/moto/ec2/responses
copying moto/ec2/responses/windows.py -> build/lib/moto/ec2/responses
copying moto/ec2/responses/internet_gateways.py -> build/lib/moto/ec2/responses
copying moto/ec2/responses/amazon_dev_pay.py -> build/lib/moto/ec2/responses
creating build/bdist.linux-x86_64
creating build/bdist.linux-x86_64/egg
creating build/bdist.linux-x86_64/egg/moto
creating build/bdist.linux-x86_64/egg/moto/dynamodb2
copying build/lib/moto/dynamodb2/responses.py -> build/bdist.linux-x86_64/egg/moto/dynamodb2
copying build/lib/moto/dynamodb2/utils.py -> build/bdist.linux-x86_64/egg/moto/dynamodb2
copying build/lib/moto/dynamodb2/comparisons.py -> build/bdist.linux-x86_64/egg/moto/dynamodb2
copying build/lib/moto/dynamodb2/urls.py -> build/bdist.linux-x86_64/egg/moto/dynamodb2
copying build/lib/moto/dynamodb2/__init__.py -> build/bdist.linux-x86_64/egg/moto/dynamodb2
copying build/lib/moto/dynamodb2/models.py -> build/bdist.linux-x86_64/egg/moto/dynamodb2
creating build/bdist.linux-x86_64/egg/moto/glacier
copying build/lib/moto/glacier/responses.py -> build/bdist.linux-x86_64/egg/moto/glacier
copying build/lib/moto/glacier/utils.py -> build/bdist.linux-x86_64/egg/moto/glacier
copying build/lib/moto/glacier/urls.py -> build/bdist.linux-x86_64/egg/moto/glacier
copying build/lib/moto/glacier/__init__.py -> build/bdist.linux-x86_64/egg/moto/glacier
copying build/lib/moto/glacier/models.py -> build/bdist.linux-x86_64/egg/moto/glacier
creating build/bdist.linux-x86_64/egg/moto/rds
copying build/lib/moto/rds/responses.py -> build/bdist.linux-x86_64/egg/moto/rds
copying build/lib/moto/rds/urls.py -> build/bdist.linux-x86_64/egg/moto/rds
copying build/lib/moto/rds/__init__.py -> build/bdist.linux-x86_64/egg/moto/rds
copying build/lib/moto/rds/models.py -> build/bdist.linux-x86_64/egg/moto/rds
copying build/lib/moto/rds/exceptions.py -> build/bdist.linux-x86_64/egg/moto/rds
copying build/lib/moto/compat.py -> build/bdist.linux-x86_64/egg/moto
creating build/bdist.linux-x86_64/egg/moto/rds2
copying build/lib/moto/rds2/responses.py -> build/bdist.linux-x86_64/egg/moto/rds2
copying build/lib/moto/rds2/urls.py -> build/bdist.linux-x86_64/egg/moto/rds2
copying build/lib/moto/rds2/__init__.py -> build/bdist.linux-x86_64/egg/moto/rds2
copying build/lib/moto/rds2/models.py -> build/bdist.linux-x86_64/egg/moto/rds2
copying build/lib/moto/rds2/exceptions.py -> build/bdist.linux-x86_64/egg/moto/rds2
creating build/bdist.linux-x86_64/egg/moto/dynamodb
copying build/lib/moto/dynamodb/responses.py -> build/bdist.linux-x86_64/egg/moto/dynamodb
copying build/lib/moto/dynamodb/utils.py -> build/bdist.linux-x86_64/egg/moto/dynamodb
copying build/lib/moto/dynamodb/comparisons.py -> build/bdist.linux-x86_64/egg/moto/dynamodb
copying build/lib/moto/dynamodb/urls.py -> build/bdist.linux-x86_64/egg/moto/dynamodb
copying build/lib/moto/dynamodb/__init__.py -> build/bdist.linux-x86_64/egg/moto/dynamodb
copying build/lib/moto/dynamodb/models.py -> build/bdist.linux-x86_64/egg/moto/dynamodb
creating build/bdist.linux-x86_64/egg/moto/cloudformation
copying build/lib/moto/cloudformation/responses.py -> build/bdist.linux-x86_64/egg/moto/cloudformation
copying build/lib/moto/cloudformation/utils.py -> build/bdist.linux-x86_64/egg/moto/cloudformation
copying build/lib/moto/cloudformation/urls.py -> build/bdist.linux-x86_64/egg/moto/cloudformation
copying build/lib/moto/cloudformation/__init__.py -> build/bdist.linux-x86_64/egg/moto/cloudformation
copying build/lib/moto/cloudformation/models.py -> build/bdist.linux-x86_64/egg/moto/cloudformation
copying build/lib/moto/cloudformation/parsing.py -> build/bdist.linux-x86_64/egg/moto/cloudformation
copying build/lib/moto/cloudformation/exceptions.py -> build/bdist.linux-x86_64/egg/moto/cloudformation
creating build/bdist.linux-x86_64/egg/moto/elb
copying build/lib/moto/elb/responses.py -> build/bdist.linux-x86_64/egg/moto/elb
copying build/lib/moto/elb/urls.py -> build/bdist.linux-x86_64/egg/moto/elb
copying build/lib/moto/elb/__init__.py -> build/bdist.linux-x86_64/egg/moto/elb
copying build/lib/moto/elb/models.py -> build/bdist.linux-x86_64/egg/moto/elb
creating build/bdist.linux-x86_64/egg/moto/route53
copying build/lib/moto/route53/responses.py -> build/bdist.linux-x86_64/egg/moto/route53
copying build/lib/moto/route53/urls.py -> build/bdist.linux-x86_64/egg/moto/route53
copying build/lib/moto/route53/__init__.py -> build/bdist.linux-x86_64/egg/moto/route53
copying build/lib/moto/route53/models.py -> build/bdist.linux-x86_64/egg/moto/route53
creating build/bdist.linux-x86_64/egg/moto/cloudwatch
copying build/lib/moto/cloudwatch/responses.py -> build/bdist.linux-x86_64/egg/moto/cloudwatch
copying build/lib/moto/cloudwatch/urls.py -> build/bdist.linux-x86_64/egg/moto/cloudwatch
copying build/lib/moto/cloudwatch/__init__.py -> build/bdist.linux-x86_64/egg/moto/cloudwatch
copying build/lib/moto/cloudwatch/models.py -> build/bdist.linux-x86_64/egg/moto/cloudwatch
creating build/bdist.linux-x86_64/egg/moto/emr
copying build/lib/moto/emr/responses.py -> build/bdist.linux-x86_64/egg/moto/emr
copying build/lib/moto/emr/utils.py -> build/bdist.linux-x86_64/egg/moto/emr
copying build/lib/moto/emr/urls.py -> build/bdist.linux-x86_64/egg/moto/emr
copying build/lib/moto/emr/__init__.py -> build/bdist.linux-x86_64/egg/moto/emr
copying build/lib/moto/emr/models.py -> build/bdist.linux-x86_64/egg/moto/emr
creating build/bdist.linux-x86_64/egg/moto/s3bucket_path
copying build/lib/moto/s3bucket_path/responses.py -> build/bdist.linux-x86_64/egg/moto/s3bucket_path
copying build/lib/moto/s3bucket_path/utils.py -> build/bdist.linux-x86_64/egg/moto/s3bucket_path
copying build/lib/moto/s3bucket_path/urls.py -> build/bdist.linux-x86_64/egg/moto/s3bucket_path
copying build/lib/moto/s3bucket_path/__init__.py -> build/bdist.linux-x86_64/egg/moto/s3bucket_path
copying build/lib/moto/s3bucket_path/models.py -> build/bdist.linux-x86_64/egg/moto/s3bucket_path
creating build/bdist.linux-x86_64/egg/moto/ec2
copying build/lib/moto/ec2/utils.py -> build/bdist.linux-x86_64/egg/moto/ec2
creating build/bdist.linux-x86_64/egg/moto/ec2/responses
copying build/lib/moto/ec2/responses/customer_gateways.py -> build/bdist.linux-x86_64/egg/moto/ec2/responses
copying build/lib/moto/ec2/responses/elastic_block_store.py -> build/bdist.linux-x86_64/egg/moto/ec2/responses
copying build/lib/moto/ec2/responses/virtual_private_gateways.py -> build/bdist.linux-x86_64/egg/moto/ec2/responses
copying build/lib/moto/ec2/responses/subnets.py -> build/bdist.linux-x86_64/egg/moto/ec2/responses
copying build/lib/moto/ec2/responses/ip_addresses.py -> build/bdist.linux-x86_64/egg/moto/ec2/responses
copying build/lib/moto/ec2/responses/monitoring.py -> build/bdist.linux-x86_64/egg/moto/ec2/responses
copying build/lib/moto/ec2/responses/elastic_ip_addresses.py -> build/bdist.linux-x86_64/egg/moto/ec2/responses
copying build/lib/moto/ec2/responses/network_acls.py -> build/bdist.linux-x86_64/egg/moto/ec2/responses
copying build/lib/moto/ec2/responses/security_groups.py -> build/bdist.linux-x86_64/egg/moto/ec2/responses
copying build/lib/moto/ec2/responses/elastic_network_interfaces.py -> build/bdist.linux-x86_64/egg/moto/ec2/responses
copying build/lib/moto/ec2/responses/tags.py -> build/bdist.linux-x86_64/egg/moto/ec2/responses
copying build/lib/moto/ec2/responses/amis.py -> build/bdist.linux-x86_64/egg/moto/ec2/responses
copying build/lib/moto/ec2/responses/vm_export.py -> build/bdist.linux-x86_64/egg/moto/ec2/responses
copying build/lib/moto/ec2/responses/spot_instances.py -> build/bdist.linux-x86_64/egg/moto/ec2/responses
copying build/lib/moto/ec2/responses/route_tables.py -> build/bdist.linux-x86_64/egg/moto/ec2/responses
copying build/lib/moto/ec2/responses/vm_import.py -> build/bdist.linux-x86_64/egg/moto/ec2/responses
copying build/lib/moto/ec2/responses/reserved_instances.py -> build/bdist.linux-x86_64/egg/moto/ec2/responses
copying build/lib/moto/ec2/responses/dhcp_options.py -> build/bdist.linux-x86_64/egg/moto/ec2/responses
copying build/lib/moto/ec2/responses/general.py -> build/bdist.linux-x86_64/egg/moto/ec2/responses
copying build/lib/moto/ec2/responses/instances.py -> build/bdist.linux-x86_64/egg/moto/ec2/responses
copying build/lib/moto/ec2/responses/vpc_peering_connections.py -> build/bdist.linux-x86_64/egg/moto/ec2/responses
copying build/lib/moto/ec2/responses/placement_groups.py -> build/bdist.linux-x86_64/egg/moto/ec2/responses
copying build/lib/moto/ec2/responses/__init__.py -> build/bdist.linux-x86_64/egg/moto/ec2/responses
copying build/lib/moto/ec2/responses/availability_zones_and_regions.py -> build/bdist.linux-x86_64/egg/moto/ec2/responses
copying build/lib/moto/ec2/responses/vpn_connections.py -> build/bdist.linux-x86_64/egg/moto/ec2/responses
copying build/lib/moto/ec2/responses/vpcs.py -> build/bdist.linux-x86_64/egg/moto/ec2/responses
copying build/lib/moto/ec2/responses/key_pairs.py -> build/bdist.linux-x86_64/egg/moto/ec2/responses
copying build/lib/moto/ec2/responses/windows.py -> build/bdist.linux-x86_64/egg/moto/ec2/responses
copying build/lib/moto/ec2/responses/internet_gateways.py -> build/bdist.linux-x86_64/egg/moto/ec2/responses
copying build/lib/moto/ec2/responses/amazon_dev_pay.py -> build/bdist.linux-x86_64/egg/moto/ec2/responses
copying build/lib/moto/ec2/urls.py -> build/bdist.linux-x86_64/egg/moto/ec2
copying build/lib/moto/ec2/__init__.py -> build/bdist.linux-x86_64/egg/moto/ec2
copying build/lib/moto/ec2/models.py -> build/bdist.linux-x86_64/egg/moto/ec2
copying build/lib/moto/ec2/exceptions.py -> build/bdist.linux-x86_64/egg/moto/ec2
creating build/bdist.linux-x86_64/egg/moto/sts
copying build/lib/moto/sts/responses.py -> build/bdist.linux-x86_64/egg/moto/sts
copying build/lib/moto/sts/urls.py -> build/bdist.linux-x86_64/egg/moto/sts
copying build/lib/moto/sts/__init__.py -> build/bdist.linux-x86_64/egg/moto/sts
copying build/lib/moto/sts/models.py -> build/bdist.linux-x86_64/egg/moto/sts
creating build/bdist.linux-x86_64/egg/moto/sqs
copying build/lib/moto/sqs/responses.py -> build/bdist.linux-x86_64/egg/moto/sqs
copying build/lib/moto/sqs/utils.py -> build/bdist.linux-x86_64/egg/moto/sqs
copying build/lib/moto/sqs/urls.py -> build/bdist.linux-x86_64/egg/moto/sqs
copying build/lib/moto/sqs/__init__.py -> build/bdist.linux-x86_64/egg/moto/sqs
copying build/lib/moto/sqs/models.py -> build/bdist.linux-x86_64/egg/moto/sqs
copying build/lib/moto/sqs/exceptions.py -> build/bdist.linux-x86_64/egg/moto/sqs
copying build/lib/moto/__init__.py -> build/bdist.linux-x86_64/egg/moto
copying build/lib/moto/backends.py -> build/bdist.linux-x86_64/egg/moto
creating build/bdist.linux-x86_64/egg/moto/core
copying build/lib/moto/core/responses.py -> build/bdist.linux-x86_64/egg/moto/core
copying build/lib/moto/core/utils.py -> build/bdist.linux-x86_64/egg/moto/core
copying build/lib/moto/core/__init__.py -> build/bdist.linux-x86_64/egg/moto/core
copying build/lib/moto/core/models.py -> build/bdist.linux-x86_64/egg/moto/core
copying build/lib/moto/core/exceptions.py -> build/bdist.linux-x86_64/egg/moto/core
creating build/bdist.linux-x86_64/egg/moto/kinesis
copying build/lib/moto/kinesis/responses.py -> build/bdist.linux-x86_64/egg/moto/kinesis
copying build/lib/moto/kinesis/utils.py -> build/bdist.linux-x86_64/egg/moto/kinesis
copying build/lib/moto/kinesis/urls.py -> build/bdist.linux-x86_64/egg/moto/kinesis
copying build/lib/moto/kinesis/__init__.py -> build/bdist.linux-x86_64/egg/moto/kinesis
copying build/lib/moto/kinesis/models.py -> build/bdist.linux-x86_64/egg/moto/kinesis
copying build/lib/moto/kinesis/exceptions.py -> build/bdist.linux-x86_64/egg/moto/kinesis
creating build/bdist.linux-x86_64/egg/moto/ses
copying build/lib/moto/ses/responses.py -> build/bdist.linux-x86_64/egg/moto/ses
copying build/lib/moto/ses/utils.py -> build/bdist.linux-x86_64/egg/moto/ses
copying build/lib/moto/ses/urls.py -> build/bdist.linux-x86_64/egg/moto/ses
copying build/lib/moto/ses/__init__.py -> build/bdist.linux-x86_64/egg/moto/ses
copying build/lib/moto/ses/models.py -> build/bdist.linux-x86_64/egg/moto/ses
creating build/bdist.linux-x86_64/egg/moto/autoscaling
copying build/lib/moto/autoscaling/responses.py -> build/bdist.linux-x86_64/egg/moto/autoscaling
copying build/lib/moto/autoscaling/urls.py -> build/bdist.linux-x86_64/egg/moto/autoscaling
copying build/lib/moto/autoscaling/__init__.py -> build/bdist.linux-x86_64/egg/moto/autoscaling
copying build/lib/moto/autoscaling/models.py -> build/bdist.linux-x86_64/egg/moto/autoscaling
creating build/bdist.linux-x86_64/egg/moto/sns
copying build/lib/moto/sns/responses.py -> build/bdist.linux-x86_64/egg/moto/sns
copying build/lib/moto/sns/utils.py -> build/bdist.linux-x86_64/egg/moto/sns
copying build/lib/moto/sns/urls.py -> build/bdist.linux-x86_64/egg/moto/sns
copying build/lib/moto/sns/__init__.py -> build/bdist.linux-x86_64/egg/moto/sns
copying build/lib/moto/sns/models.py -> build/bdist.linux-x86_64/egg/moto/sns
copying build/lib/moto/sns/exceptions.py -> build/bdist.linux-x86_64/egg/moto/sns
creating build/bdist.linux-x86_64/egg/moto/s3
copying build/lib/moto/s3/responses.py -> build/bdist.linux-x86_64/egg/moto/s3
copying build/lib/moto/s3/utils.py -> build/bdist.linux-x86_64/egg/moto/s3
copying build/lib/moto/s3/urls.py -> build/bdist.linux-x86_64/egg/moto/s3
copying build/lib/moto/s3/__init__.py -> build/bdist.linux-x86_64/egg/moto/s3
copying build/lib/moto/s3/models.py -> build/bdist.linux-x86_64/egg/moto/s3
copying build/lib/moto/s3/exceptions.py -> build/bdist.linux-x86_64/egg/moto/s3
copying build/lib/moto/server.py -> build/bdist.linux-x86_64/egg/moto
creating build/bdist.linux-x86_64/egg/moto/iam
copying build/lib/moto/iam/responses.py -> build/bdist.linux-x86_64/egg/moto/iam
copying build/lib/moto/iam/utils.py -> build/bdist.linux-x86_64/egg/moto/iam
copying build/lib/moto/iam/urls.py -> build/bdist.linux-x86_64/egg/moto/iam
copying build/lib/moto/iam/__init__.py -> build/bdist.linux-x86_64/egg/moto/iam
copying build/lib/moto/iam/models.py -> build/bdist.linux-x86_64/egg/moto/iam
creating build/bdist.linux-x86_64/egg/moto/redshift
copying build/lib/moto/redshift/responses.py -> build/bdist.linux-x86_64/egg/moto/redshift
copying build/lib/moto/redshift/utils.py -> build/bdist.linux-x86_64/egg/moto/redshift
copying build/lib/moto/redshift/urls.py -> build/bdist.linux-x86_64/egg/moto/redshift
copying build/lib/moto/redshift/__init__.py -> build/bdist.linux-x86_64/egg/moto/redshift
copying build/lib/moto/redshift/models.py -> build/bdist.linux-x86_64/egg/moto/redshift
copying build/lib/moto/redshift/exceptions.py -> build/bdist.linux-x86_64/egg/moto/redshift
byte-compiling build/bdist.linux-x86_64/egg/moto/dynamodb2/responses.py to responses.pyc
byte-compiling build/bdist.linux-x86_64/egg/moto/dynamodb2/utils.py to utils.pyc
byte-compiling build/bdist.linux-x86_64/egg/moto/dynamodb2/comparisons.py to comparisons.pyc
byte-compiling build/bdist.linux-x86_64/egg/moto/dynamodb2/urls.py to urls.pyc
byte-compiling build/bdist.linux-x86_64/egg/moto/dynamodb2/__init__.py to __init__.pyc
byte-compiling build/bdist.linux-x86_64/egg/moto/dynamodb2/models.py to models.pyc
byte-compiling build/bdist.linux-x86_64/egg/moto/glacier/responses.py to responses.pyc
byte-compiling build/bdist.linux-x86_64/egg/moto/glacier/utils.py to utils.pyc
byte-compiling build/bdist.linux-x86_64/egg/moto/glacier/urls.py to urls.pyc
byte-compiling build/bdist.linux-x86_64/egg/moto/glacier/__init__.py to __init__.pyc
byte-compiling build/bdist.linux-x86_64/egg/moto/glacier/models.py to models.pyc
byte-compiling build/bdist.linux-x86_64/egg/moto/rds/responses.py to responses.pyc
byte-compiling build/bdist.linux-x86_64/egg/moto/rds/urls.py to urls.pyc
byte-compiling build/bdist.linux-x86_64/egg/moto/rds/__init__.py to __init__.pyc
byte-compiling build/bdist.linux-x86_64/egg/moto/rds/models.py to models.pyc
byte-compiling build/bdist.linux-x86_64/egg/moto/rds/exceptions.py to exceptions.pyc
byte-compiling build/bdist.linux-x86_64/egg/moto/compat.py to compat.pyc
byte-compiling build/bdist.linux-x86_64/egg/moto/rds2/responses.py to responses.pyc
byte-compiling build/bdist.linux-x86_64/egg/moto/rds2/urls.py to urls.pyc
byte-compiling build/bdist.linux-x86_64/egg/moto/rds2/__init__.py to __init__.pyc
byte-compiling build/bdist.linux-x86_64/egg/moto/rds2/models.py to models.pyc
byte-compiling build/bdist.linux-x86_64/egg/moto/rds2/exceptions.py to exceptions.pyc
byte-compiling build/bdist.linux-x86_64/egg/moto/dynamodb/responses.py to responses.pyc
byte-compiling build/bdist.linux-x86_64/egg/moto/dynamodb/utils.py to utils.pyc
byte-compiling build/bdist.linux-x86_64/egg/moto/dynamodb/comparisons.py to comparisons.pyc
byte-compiling build/bdist.linux-x86_64/egg/moto/dynamodb/urls.py to urls.pyc
byte-compiling build/bdist.linux-x86_64/egg/moto/dynamodb/__init__.py to __init__.pyc
byte-compiling build/bdist.linux-x86_64/egg/moto/dynamodb/models.py to models.pyc
byte-compiling build/bdist.linux-x86_64/egg/moto/cloudformation/responses.py to responses.pyc
byte-compiling build/bdist.linux-x86_64/egg/moto/cloudformation/utils.py to utils.pyc
byte-compiling build/bdist.linux-x86_64/egg/moto/cloudformation/urls.py to urls.pyc
byte-compiling build/bdist.linux-x86_64/egg/moto/cloudformation/__init__.py to __init__.pyc
byte-compiling build/bdist.linux-x86_64/egg/moto/cloudformation/models.py to models.pyc
byte-compiling build/bdist.linux-x86_64/egg/moto/cloudformation/parsing.py to parsing.pyc
byte-compiling build/bdist.linux-x86_64/egg/moto/cloudformation/exceptions.py to exceptions.pyc
byte-compiling build/bdist.linux-x86_64/egg/moto/elb/responses.py to responses.pyc
byte-compiling build/bdist.linux-x86_64/egg/moto/elb/urls.py to urls.pyc
byte-compiling build/bdist.linux-x86_64/egg/moto/elb/__init__.py to __init__.pyc
byte-compiling build/bdist.linux-x86_64/egg/moto/elb/models.py to models.pyc
byte-compiling build/bdist.linux-x86_64/egg/moto/route53/responses.py to responses.pyc
byte-compiling build/bdist.linux-x86_64/egg/moto/route53/urls.py to urls.pyc
byte-compiling build/bdist.linux-x86_64/egg/moto/route53/__init__.py to __init__.pyc
byte-compiling build/bdist.linux-x86_64/egg/moto/route53/models.py to models.pyc
byte-compiling build/bdist.linux-x86_64/egg/moto/cloudwatch/responses.py to responses.pyc
byte-compiling build/bdist.linux-x86_64/egg/moto/cloudwatch/urls.py to urls.pyc
byte-compiling build/bdist.linux-x86_64/egg/moto/cloudwatch/__init__.py to __init__.pyc
byte-compiling build/bdist.linux-x86_64/egg/moto/cloudwatch/models.py to models.pyc
byte-compiling build/bdist.linux-x86_64/egg/moto/emr/responses.py to responses.pyc
byte-compiling build/bdist.linux-x86_64/egg/moto/emr/utils.py to utils.pyc
byte-compiling build/bdist.linux-x86_64/egg/moto/emr/urls.py to urls.pyc
byte-compiling build/bdist.linux-x86_64/egg/moto/emr/__init__.py to __init__.pyc
byte-compiling build/bdist.linux-x86_64/egg/moto/emr/models.py to models.pyc
byte-compiling build/bdist.linux-x86_64/egg/moto/s3bucket_path/responses.py to responses.pyc
byte-compiling build/bdist.linux-x86_64/egg/moto/s3bucket_path/utils.py to utils.pyc
byte-compiling build/bdist.linux-x86_64/egg/moto/s3bucket_path/urls.py to urls.pyc
byte-compiling build/bdist.linux-x86_64/egg/moto/s3bucket_path/__init__.py to __init__.pyc
byte-compiling build/bdist.linux-x86_64/egg/moto/s3bucket_path/models.py to models.pyc
byte-compiling build/bdist.linux-x86_64/egg/moto/ec2/utils.py to utils.pyc
byte-compiling build/bdist.linux-x86_64/egg/moto/ec2/responses/customer_gateways.py to customer_gateways.pyc
byte-compiling build/bdist.linux-x86_64/egg/moto/ec2/responses/elastic_block_store.py to elastic_block_store.pyc
byte-compiling build/bdist.linux-x86_64/egg/moto/ec2/responses/virtual_private_gateways.py to virtual_private_gateways.pyc
byte-compiling build/bdist.linux-x86_64/egg/moto/ec2/responses/subnets.py to subnets.pyc
byte-compiling build/bdist.linux-x86_64/egg/moto/ec2/responses/ip_addresses.py to ip_addresses.pyc
byte-compiling build/bdist.linux-x86_64/egg/moto/ec2/responses/monitoring.py to monitoring.pyc
byte-compiling build/bdist.linux-x86_64/egg/moto/ec2/responses/elastic_ip_addresses.py to elastic_ip_addresses.pyc
byte-compiling build/bdist.linux-x86_64/egg/moto/ec2/responses/network_acls.py to network_acls.pyc
byte-compiling build/bdist.linux-x86_64/egg/moto/ec2/responses/security_groups.py to security_groups.pyc
byte-compiling build/bdist.linux-x86_64/egg/moto/ec2/responses/elastic_network_interfaces.py to elastic_network_interfaces.pyc
byte-compiling build/bdist.linux-x86_64/egg/moto/ec2/responses/tags.py to tags.pyc
byte-compiling build/bdist.linux-x86_64/egg/moto/ec2/responses/amis.py to amis.pyc
byte-compiling build/bdist.linux-x86_64/egg/moto/ec2/responses/vm_export.py to vm_export.pyc
byte-compiling build/bdist.linux-x86_64/egg/moto/ec2/responses/spot_instances.py to spot_instances.pyc
byte-compiling build/bdist.linux-x86_64/egg/moto/ec2/responses/route_tables.py to route_tables.pyc
byte-compiling build/bdist.linux-x86_64/egg/moto/ec2/responses/vm_import.py to vm_import.pyc
byte-compiling build/bdist.linux-x86_64/egg/moto/ec2/responses/reserved_instances.py to reserved_instances.pyc
byte-compiling build/bdist.linux-x86_64/egg/moto/ec2/responses/dhcp_options.py to dhcp_options.pyc
byte-compiling build/bdist.linux-x86_64/egg/moto/ec2/responses/general.py to general.pyc
byte-compiling build/bdist.linux-x86_64/egg/moto/ec2/responses/instances.py to instances.pyc
byte-compiling build/bdist.linux-x86_64/egg/moto/ec2/responses/vpc_peering_connections.py to vpc_peering_connections.pyc
byte-compiling build/bdist.linux-x86_64/egg/moto/ec2/responses/placement_groups.py to placement_groups.pyc
byte-compiling build/bdist.linux-x86_64/egg/moto/ec2/responses/__init__.py to __init__.pyc
byte-compiling build/bdist.linux-x86_64/egg/moto/ec2/responses/availability_zones_and_regions.py to availability_zones_and_regions.pyc
byte-compiling build/bdist.linux-x86_64/egg/moto/ec2/responses/vpn_connections.py to vpn_connections.pyc
byte-compiling build/bdist.linux-x86_64/egg/moto/ec2/responses/vpcs.py to vpcs.pyc
byte-compiling build/bdist.linux-x86_64/egg/moto/ec2/responses/key_pairs.py to key_pairs.pyc
byte-compiling build/bdist.linux-x86_64/egg/moto/ec2/responses/windows.py to windows.pyc
byte-compiling build/bdist.linux-x86_64/egg/moto/ec2/responses/internet_gateways.py to internet_gateways.pyc
byte-compiling build/bdist.linux-x86_64/egg/moto/ec2/responses/amazon_dev_pay.py to amazon_dev_pay.pyc
byte-compiling build/bdist.linux-x86_64/egg/moto/ec2/urls.py to urls.pyc
byte-compiling build/bdist.linux-x86_64/egg/moto/ec2/__init__.py to __init__.pyc
byte-compiling build/bdist.linux-x86_64/egg/moto/ec2/models.py to models.pyc
byte-compiling build/bdist.linux-x86_64/egg/moto/ec2/exceptions.py to exceptions.pyc
byte-compiling build/bdist.linux-x86_64/egg/moto/sts/responses.py to responses.pyc
byte-compiling build/bdist.linux-x86_64/egg/moto/sts/urls.py to urls.pyc
byte-compiling build/bdist.linux-x86_64/egg/moto/sts/__init__.py to __init__.pyc
byte-compiling build/bdist.linux-x86_64/egg/moto/sts/models.py to models.pyc
byte-compiling build/bdist.linux-x86_64/egg/moto/sqs/responses.py to responses.pyc
byte-compiling build/bdist.linux-x86_64/egg/moto/sqs/utils.py to utils.pyc
byte-compiling build/bdist.linux-x86_64/egg/moto/sqs/urls.py to urls.pyc
byte-compiling build/bdist.linux-x86_64/egg/moto/sqs/__init__.py to __init__.pyc
byte-compiling build/bdist.linux-x86_64/egg/moto/sqs/models.py to models.pyc
byte-compiling build/bdist.linux-x86_64/egg/moto/sqs/exceptions.py to exceptions.pyc
byte-compiling build/bdist.linux-x86_64/egg/moto/__init__.py to __init__.pyc
byte-compiling build/bdist.linux-x86_64/egg/moto/backends.py to backends.pyc
byte-compiling build/bdist.linux-x86_64/egg/moto/core/responses.py to responses.pyc
byte-compiling build/bdist.linux-x86_64/egg/moto/core/utils.py to utils.pyc
byte-compiling build/bdist.linux-x86_64/egg/moto/core/__init__.py to __init__.pyc
byte-compiling build/bdist.linux-x86_64/egg/moto/core/models.py to models.pyc
byte-compiling build/bdist.linux-x86_64/egg/moto/core/exceptions.py to exceptions.pyc
byte-compiling build/bdist.linux-x86_64/egg/moto/kinesis/responses.py to responses.pyc
byte-compiling build/bdist.linux-x86_64/egg/moto/kinesis/utils.py to utils.pyc
byte-compiling build/bdist.linux-x86_64/egg/moto/kinesis/urls.py to urls.pyc
byte-compiling build/bdist.linux-x86_64/egg/moto/kinesis/__init__.py to __init__.pyc
byte-compiling build/bdist.linux-x86_64/egg/moto/kinesis/models.py to models.pyc
byte-compiling build/bdist.linux-x86_64/egg/moto/kinesis/exceptions.py to exceptions.pyc
byte-compiling build/bdist.linux-x86_64/egg/moto/ses/responses.py to responses.pyc
byte-compiling build/bdist.linux-x86_64/egg/moto/ses/utils.py to utils.pyc
byte-compiling build/bdist.linux-x86_64/egg/moto/ses/urls.py to urls.pyc
byte-compiling build/bdist.linux-x86_64/egg/moto/ses/__init__.py to __init__.pyc
byte-compiling build/bdist.linux-x86_64/egg/moto/ses/models.py to models.pyc
byte-compiling build/bdist.linux-x86_64/egg/moto/autoscaling/responses.py to responses.pyc
byte-compiling build/bdist.linux-x86_64/egg/moto/autoscaling/urls.py to urls.pyc
byte-compiling build/bdist.linux-x86_64/egg/moto/autoscaling/__init__.py to __init__.pyc
byte-compiling build/bdist.linux-x86_64/egg/moto/autoscaling/models.py to models.pyc
byte-compiling build/bdist.linux-x86_64/egg/moto/sns/responses.py to responses.pyc
byte-compiling build/bdist.linux-x86_64/egg/moto/sns/utils.py to utils.pyc
byte-compiling build/bdist.linux-x86_64/egg/moto/sns/urls.py to urls.pyc
byte-compiling build/bdist.linux-x86_64/egg/moto/sns/__init__.py to __init__.pyc
byte-compiling build/bdist.linux-x86_64/egg/moto/sns/models.py to models.pyc
byte-compiling build/bdist.linux-x86_64/egg/moto/sns/exceptions.py to exceptions.pyc
byte-compiling build/bdist.linux-x86_64/egg/moto/s3/responses.py to responses.pyc
byte-compiling build/bdist.linux-x86_64/egg/moto/s3/utils.py to utils.pyc
byte-compiling build/bdist.linux-x86_64/egg/moto/s3/urls.py to urls.pyc
byte-compiling build/bdist.linux-x86_64/egg/moto/s3/__init__.py to __init__.pyc
byte-compiling build/bdist.linux-x86_64/egg/moto/s3/models.py to models.pyc
byte-compiling build/bdist.linux-x86_64/egg/moto/s3/exceptions.py to exceptions.pyc
byte-compiling build/bdist.linux-x86_64/egg/moto/server.py to server.pyc
byte-compiling build/bdist.linux-x86_64/egg/moto/iam/responses.py to responses.pyc
byte-compiling build/bdist.linux-x86_64/egg/moto/iam/utils.py to utils.pyc
byte-compiling build/bdist.linux-x86_64/egg/moto/iam/urls.py to urls.pyc
byte-compiling build/bdist.linux-x86_64/egg/moto/iam/__init__.py to __init__.pyc
byte-compiling build/bdist.linux-x86_64/egg/moto/iam/models.py to models.pyc
byte-compiling build/bdist.linux-x86_64/egg/moto/redshift/responses.py to responses.pyc
byte-compiling build/bdist.linux-x86_64/egg/moto/redshift/utils.py to utils.pyc
byte-compiling build/bdist.linux-x86_64/egg/moto/redshift/urls.py to urls.pyc
byte-compiling build/bdist.linux-x86_64/egg/moto/redshift/__init__.py to __init__.pyc
byte-compiling build/bdist.linux-x86_64/egg/moto/redshift/models.py to models.pyc
byte-compiling build/bdist.linux-x86_64/egg/moto/redshift/exceptions.py to exceptions.pyc
creating build/bdist.linux-x86_64/egg/EGG-INFO
copying moto.egg-info/PKG-INFO -> build/bdist.linux-x86_64/egg/EGG-INFO
copying moto.egg-info/SOURCES.txt -> build/bdist.linux-x86_64/egg/EGG-INFO
copying moto.egg-info/dependency_links.txt -> build/bdist.linux-x86_64/egg/EGG-INFO
copying moto.egg-info/entry_points.txt -> build/bdist.linux-x86_64/egg/EGG-INFO
copying moto.egg-info/requires.txt -> build/bdist.linux-x86_64/egg/EGG-INFO
copying moto.egg-info/top_level.txt -> build/bdist.linux-x86_64/egg/EGG-INFO
zip_safe flag not set; analyzing archive contents...
creating dist
creating 'dist/moto-0.4.3-py2.7.egg' and adding 'build/bdist.linux-x86_64/egg' to it
removing 'build/bdist.linux-x86_64/egg' (and everything under it)
Processing moto-0.4.3-py2.7.egg
Copying moto-0.4.3-py2.7.egg to /home/ubuntu/miniconda/envs/_build/lib/python2.7/site-packages
Adding moto 0.4.3 to easy-install.pth file
Installing moto_server script to /home/ubuntu/miniconda/envs/_build/bin

Installed /home/ubuntu/miniconda/envs/_build/lib/python2.7/site-packages/moto-0.4.3-py2.7.egg
Processing dependencies for moto==0.4.3
Searching for Werkzeug==0.10.4
Best match: Werkzeug 0.10.4
Adding Werkzeug 0.10.4 to easy-install.pth file

Using /home/ubuntu/miniconda/envs/_build/lib/python2.7/site-packages
Searching for six==1.9.0
Best match: six 1.9.0
Adding six 1.9.0 to easy-install.pth file

Using /home/ubuntu/miniconda/envs/_build/lib/python2.7/site-packages
Searching for xmltodict==0.9.2
Best match: xmltodict 0.9.2
Processing xmltodict-0.9.2-py2.7.egg
Adding xmltodict 0.9.2 to easy-install.pth file

Using /home/ubuntu/miniconda/envs/_build/lib/python2.7/site-packages/xmltodict-0.9.2-py2.7.egg
Searching for requests==2.7.0
Best match: requests 2.7.0
Adding requests 2.7.0 to easy-install.pth file

Using /home/ubuntu/miniconda/envs/_build/lib/python2.7/site-packages
Searching for httpretty==0.8.10
Best match: httpretty 0.8.10
Adding httpretty 0.8.10 to easy-install.pth file

Using /home/ubuntu/miniconda/envs/_build/lib/python2.7/site-packages
Searching for Flask==0.10.1
Best match: Flask 0.10.1
Adding Flask 0.10.1 to easy-install.pth file

Using /home/ubuntu/miniconda/envs/_build/lib/python2.7/site-packages
Searching for boto==2.38.0
Best match: boto 2.38.0
Adding boto 2.38.0 to easy-install.pth file

Using /home/ubuntu/miniconda/envs/_build/lib/python2.7/site-packages
Searching for Jinja2==2.7.3
Best match: Jinja2 2.7.3
Adding Jinja2 2.7.3 to easy-install.pth file

Using /home/ubuntu/miniconda/envs/_build/lib/python2.7/site-packages
Finished processing dependencies for moto==0.4.3

The following NEW packages will be INSTALLED:

    boto:         2.38.0-py27_0
    flask:        0.10.1-py27_1
    httpretty:    0.8.10-py27_0
    itsdangerous: 0.24-py27_0  
    jinja2:       2.7.3-py27_1 
    markupsafe:   0.23-py27_0  
    openssl:      1.0.1k-1     
    pip:          7.0.3-py27_0 
    python:       2.7.10-0     
    readline:     6.2-2        
    requests:     2.7.0-py27_0 
    setuptools:   17.0-py27_0  
    six:          1.9.0-py27_0 
    sqlite:       3.8.4.1-1    
    system:       5.8-2        
    tk:           8.5.18-0     
    werkzeug:     0.10.4-py27_0
    xmltodict:    0.9.2-py27_0 
    zlib:         1.2.8-0      

Linking packages ...
[                    ]|                                                  |   0%[openssl             ]|                                                  |   0%[readline            ]|##                                                |   5%[sqlite              ]|#####                                             |  10%[system              ]|#######                                           |  15%[tk                  ]|##########                                        |  21%[zlib                ]|#############                                     |  26%[boto                ]|###############                                   |  31%[httpretty           ]|##################                                |  36%[itsdangerous        ]|#####################                             |  42%[markupsafe          ]|#######################                           |  47%[python              ]|##########################                        |  52%[requests            ]|############################                      |  57%[setuptools          ]|###############################                   |  63%[six                 ]|##################################                |  68%[werkzeug            ]|####################################              |  73%[xmltodict           ]|#######################################           |  78%[jinja2              ]|##########################################        |  84%[pip                 ]|############################################      |  89%[flask               ]|###############################################   |  94%[      COMPLETE      ]|##################################################| 100%
Removing old work directory
Source cache directory is: /home/ubuntu/miniconda/conda-bld/src_cache
Found source in cache: moto-0.4.3.tar.gz
Extracting download
Package: moto-0.4.3-py_0
source tree in: /home/ubuntu/miniconda/conda-bld/work/moto-0.4.3
found egg: /home/ubuntu/miniconda/envs/_build/lib/python2.7/site-packages/moto-0.4.3-py2.7.egg
number of files: 3
Fixing permissions
Fixing permissions
BUILD END: moto-0.4.3-py_0
TEST START: moto-0.4.3-py_0
Fetching package metadata: ......
Solving package specifications: .
The following packages will be downloaded:

    package                    |            build
    ---------------------------|-----------------
    moto-0.4.3                 |             py_0         536 KB

The following NEW packages will be INSTALLED:

    boto:         2.38.0-py27_0
    flask:        0.10.1-py27_1
    httpretty:    0.8.10-py27_0
    itsdangerous: 0.24-py27_0  
    jinja2:       2.7.3-py27_1 
    markupsafe:   0.23-py27_0  
    moto:         0.4.3-py_0   
    openssl:      1.0.1k-1     
    pip:          7.0.3-py27_0 
    python:       2.7.10-0     
    readline:     6.2-2        
    requests:     2.7.0-py27_0 
    setuptools:   17.0-py27_0  
    six:          1.9.0-py27_0 
    sqlite:       3.8.4.1-1    
    system:       5.8-2        
    tk:           8.5.18-0     
    werkzeug:     0.10.4-py27_0
    xmltodict:    0.9.2-py27_0 
    zlib:         1.2.8-0      

Fetching packages ...
moto-0.4.3-py_   0% |                              | ETA:  --:--:--   0.00  B/smoto-0.4.3-py_   2% |                               | ETA:  0:00:00  41.57 MB/smoto-0.4.3-py_   5% |#                              | ETA:  0:00:00  53.54 MB/smoto-0.4.3-py_   8% |##                             | ETA:  0:00:00  61.21 MB/smoto-0.4.3-py_  11% |###                            | ETA:  0:00:00  65.93 MB/smoto-0.4.3-py_  14% |####                           | ETA:  0:00:00  69.25 MB/smoto-0.4.3-py_  17% |#####                          | ETA:  0:00:00  71.60 MB/smoto-0.4.3-py_  20% |######                         | ETA:  0:00:00  73.71 MB/smoto-0.4.3-py_  23% |#######                        | ETA:  0:00:00  75.24 MB/smoto-0.4.3-py_  26% |########                       | ETA:  0:00:00  76.60 MB/smoto-0.4.3-py_  29% |#########                      | ETA:  0:00:00  77.83 MB/smoto-0.4.3-py_  32% |##########                     | ETA:  0:00:00  78.84 MB/smoto-0.4.3-py_  35% |###########                    | ETA:  0:00:00  79.76 MB/smoto-0.4.3-py_  38% |############                   | ETA:  0:00:00  80.37 MB/smoto-0.4.3-py_  41% |############                   | ETA:  0:00:00  81.02 MB/smoto-0.4.3-py_  44% |#############                  | ETA:  0:00:00  81.62 MB/smoto-0.4.3-py_  47% |##############                 | ETA:  0:00:00  82.05 MB/smoto-0.4.3-py_  50% |###############                | ETA:  0:00:00  82.53 MB/smoto-0.4.3-py_  53% |################               | ETA:  0:00:00  82.98 MB/smoto-0.4.3-py_  56% |#################              | ETA:  0:00:00  83.39 MB/smoto-0.4.3-py_  59% |##################             | ETA:  0:00:00  83.74 MB/smoto-0.4.3-py_  62% |###################            | ETA:  0:00:00  83.69 MB/smoto-0.4.3-py_  65% |####################           | ETA:  0:00:00  84.04 MB/smoto-0.4.3-py_  68% |#####################          | ETA:  0:00:00  84.28 MB/smoto-0.4.3-py_  71% |######################         | ETA:  0:00:00  30.73 MB/smoto-0.4.3-py_  74% |#######################        | ETA:  0:00:00  31.56 MB/smoto-0.4.3-py_  77% |########################       | ETA:  0:00:00  32.38 MB/smoto-0.4.3-py_  80% |#########################      | ETA:  0:00:00  33.18 MB/smoto-0.4.3-py_  83% |#########################      | ETA:  0:00:00  33.94 MB/smoto-0.4.3-py_  86% |##########################     | ETA:  0:00:00  34.69 MB/smoto-0.4.3-py_  89% |###########################    | ETA:  0:00:00  35.42 MB/smoto-0.4.3-py_  92% |############################   | ETA:  0:00:00  36.14 MB/smoto-0.4.3-py_  95% |#############################  | ETA:  0:00:00  36.83 MB/smoto-0.4.3-py_  98% |############################## | ETA:  0:00:00  37.50 MB/smoto-0.4.3-py_ 100% |###############################| ETA:  0:00:00  37.64 MB/smoto-0.4.3-py_ 100% |###############################| Time: 0:00:00  37.04 MB/s
Extracting packages ...
[      COMPLETE      ]|                                                  |   0%[moto                ]|                                                  |   0%[moto                ]|                                                  |   0%[      COMPLETE      ]|#######===== testing package: moto-0.4.3-py_0 =====
import: u'moto'
import: u'moto.autoscaling'
import: u'moto.cloudformation'
import: u'moto.cloudwatch'
import: u'moto.core'
import: u'moto.dynamodb'
import: u'moto.dynamodb2'
import: u'moto.ec2'
import: u'moto.ec2.responses'
import: u'moto.elb'
import: u'moto.emr'
import: u'moto.glacier'
import: u'moto.iam'
import: u'moto.kinesis'
import: u'moto.rds'
import: u'moto.rds2'
import: u'moto.redshift'
import: u'moto.route53'
import: u'moto.s3'
import: u'moto.s3bucket_path'
import: u'moto.ses'
import: u'moto.sns'
import: u'moto.sqs'
import: u'moto.sts'
===== moto-0.4.3-py_0 OK =====
+ moto_server --help
usage: moto_server [-h] [-H HOST] [-p PORT] [service]

positional arguments:
  service

optional arguments:
  -h, --help            show this help message and exit
  -H HOST, --host HOST  Which host to bind
  -p PORT, --port PORT  Port number to use for connection
###########################################| 100%
Linking packages ...
[      COMPLETE      ]|                                                  |   0%[openssl             ]|                                                  |   0%[openssl             ]|                                                  |   0%[readline            ]|##                                                |   5%[sqlite              ]|#####                                             |  10%[system              ]|#######                                           |  15%[tk                  ]|##########                                        |  20%[zlib                ]|############                                      |  25%[boto                ]|###############                                   |  30%[httpretty           ]|#################                                 |  35%[itsdangerous        ]|####################                              |  40%[markupsafe          ]|######################                            |  45%[python              ]|#########################                         |  50%[requests            ]|###########################                       |  55%[setuptools          ]|##############################                    |  60%[six                 ]|################################                  |  65%[werkzeug            ]|###################################               |  70%[xmltodict           ]|#####################################             |  75%[jinja2              ]|########################################          |  80%[pip                 ]|##########################################        |  85%[flask               ]|#############################################     |  90%[moto                ]|###############################################   |  95%[      COMPLETE      ]|##################################################| 100%
TEST END: moto-0.4.3-py_0
# If you want to upload this package to binstar.org later, type:
#
# $ binstar upload /home/ubuntu/miniconda/conda-bld/noarch/moto-0.4.3-py_0.tar.bz2
#
# To have conda build upload to binstar automatically, use
# $ conda config --set binstar_upload yes

