Removing old build directory
Removing old work directory
BUILD START: mox-0.5.3-py27_0
Fetching package metadata: ......
Solving package specifications: .+ /home/ubuntu/miniconda/envs/_build/bin/python setup.py install
running install
running build
running build_py
creating build
creating build/lib
copying mox.py -> build/lib
copying stubout.py -> build/lib
running install_lib
copying build/lib/stubout.py -> /home/ubuntu/miniconda/envs/_build/lib/python2.7/site-packages
copying build/lib/mox.py -> /home/ubuntu/miniconda/envs/_build/lib/python2.7/site-packages
byte-compiling /home/ubuntu/miniconda/envs/_build/lib/python2.7/site-packages/stubout.py to stubout.pyc
byte-compiling /home/ubuntu/miniconda/envs/_build/lib/python2.7/site-packages/mox.py to mox.pyc
running install_egg_info
Writing /home/ubuntu/miniconda/envs/_build/lib/python2.7/site-packages/mox-0.5.3-py2.7.egg-info

The following NEW packages will be INSTALLED:

    openssl:    1.0.1k-1    
    pip:        7.0.3-py27_0
    python:     2.7.10-0    
    readline:   6.2-2       
    setuptools: 17.0-py27_0 
    sqlite:     3.8.4.1-1   
    system:     5.8-2       
    tk:         8.5.18-0    
    zlib:       1.2.8-0     

Linking packages ...
[                    ]|                                                  |   0%[openssl             ]|                                                  |   0%[readline            ]|#####                                             |  11%[sqlite              ]|###########                                       |  22%[system              ]|################                                  |  33%[tk                  ]|######################                            |  44%[zlib                ]|###########################                       |  55%[python              ]|#################################                 |  66%[setuptools          ]|######################################            |  77%[pip                 ]|############################################      |  88%[      COMPLETE      ]|##################################################| 100%
Removing old work directory
Source cache directory is: /home/ubuntu/miniconda/conda-bld/src_cache
Found source in cache: mox-0.5.3.tar.gz
Extracting download
Package: mox-0.5.3-py27_0
source tree in: /home/ubuntu/miniconda/conda-bld/work/mox-0.5.3
number of files: 5
Fixing permissions
Fixing permissions
BUILD END: mox-0.5.3-py27_0
Nothing to test for: mox-0.5.3-py27_0
# If you want to upload this package to binstar.org later, type:
#
# $ binstar upload /home/ubuntu/miniconda/conda-bld/linux-64/mox-0.5.3-py27_0.tar.bz2
#
# To have conda build upload to binstar automatically, use
# $ conda config --set binstar_upload yes

