Warning, the following versions were found for mozcrash
0.14
0.13
0.12
0.11
0.10
0.9
0.8
0.7
0.6
0.5
0.4
0.3.1
0.3
0.2.1
0.1
Using 0.14
Use --version to specify a different version.
Using url https://pypi.python.org/packages/source/m/mozcrash/mozcrash-0.14.tar.gz (5 KB) for mozcrash.
Downloading mozcrash (use --no-download to skip this step)
Using cached download
Unpacking mozcrash...
done
working in /tmp/tmpF2r2cfconda_skeleton_mozcrash-0.14.tar.gz
Fetching package metadata: ......
Solving package specifications: .patching file core.py
Hunk #1 succeeded at 168 with fuzz 2 (offset 2 lines).
Traceback (most recent call last):
  File "setup.py", line 5, in <module>
    from setuptools import setup
ImportError: No module named setuptools

Applying patch: '/tmp/tmpF2r2cfconda_skeleton_mozcrash-0.14.tar.gz/pypi-distutils.patch'
$PYTHONPATH = /tmp/tmpF2r2cfconda_skeleton_mozcrash-0.14.tar.gz/mozcrash-0.14
Error: command failed: /home/ubuntu/miniconda/envs/_build/bin/python setup.py install
