Removing old build directory
Removing old work directory
BUILD START: mozdevice-0.45-py_0
Fetching package metadata: ......
Solving package specifications: .................
Warning: 8 possible package resolutions (only showing differing packages):
	[u'mozinfo-0.8-py_0.tar.bz2', u'mozlog-2.11-py_0.tar.bz2', u'mozprocess-0.22-py_0.tar.bz2'],
	[u'mozinfo-0.8-py_0.tar.bz2', u'mozlog-2.11-py_0.tar.bz2', u'mozprocess-0.22-py27_0.tar.bz2'],
	[u'mozinfo-0.8-py_0.tar.bz2', u'mozlog-2.11-py27_0.tar.bz2', u'mozprocess-0.22-py27_0.tar.bz2'],
	[u'mozinfo-0.8-py_0.tar.bz2', u'mozlog-2.11-py27_0.tar.bz2', u'mozprocess-0.22-py_0.tar.bz2'],
	[u'mozinfo-0.8-py27_0.tar.bz2', u'mozlog-2.11-py27_0.tar.bz2', u'mozprocess-0.22-py_0.tar.bz2'],
	[u'mozinfo-0.8-py27_0.tar.bz2', u'mozlog-2.11-py27_0.tar.bz2', u'mozprocess-0.22-py27_0.tar.bz2'],
	[u'mozinfo-0.8-py27_0.tar.bz2', u'mozlog-2.11-py_0.tar.bz2', u'mozprocess-0.22-py27_0.tar.bz2'],
	[u'mozinfo-0.8-py27_0.tar.bz2', u'mozlog-2.11-py_0.tar.bz2', u'mozprocess-0.22-py_0.tar.bz2'],
/home/ubuntu/miniconda/pkgs/mozlog-2.11-py_0/bin/.mozlog-pre-link.sh: line 2: /home/ubuntu/miniconda/envs/_build/bin/python: No such file or directory

The following NEW packages will be INSTALLED:

    blessings:  1.6-py27_0  
    mozfile:    1.1-py27_0  
    mozinfo:    0.8-py_0    
    mozlog:     2.11-py_0   
    moznetwork: 0.24-py27_0 
    mozprocess: 0.22-py_0   
    openssl:    1.0.1k-1    
    pip:        7.0.3-py27_0
    python:     2.7.10-0    
    readline:   6.2-2       
    setuptools: 17.0-py27_0 
    sqlite:     3.8.4.1-1   
    system:     5.8-2       
    tk:         8.5.18-0    
    zlib:       1.2.8-0     

Linking packages ...
[                    ]|                                                  |   0%[openssl             ]|                                                  |   0%[readline            ]|###                                               |   6%[sqlite              ]|######                                            |  13%[system              ]|##########                                        |  20%[tk                  ]|#############                                     |  26%[zlib                ]|################                                  |  33%[blessings           ]|####################                              |  40%[mozfile             ]|#######################                           |  46%[mozlog              ]|##########################                        |  53%Error: pre-link failed: mozlog-2.11-py_0
