Warning, the following versions were found for mozdevice
0.45
0.44
0.43
0.42
0.41
0.40
0.39
0.38
0.37
0.36
0.34
0.33
0.32
0.31
0.30
0.29
0.28
0.27
0.26
0.25
0.24
0.23
0.22
0.21
0.20
0.19
0.18
0.17
0.16
0.15
0.14
0.13
0.12
0.11
0.10
0.9
0.8
0.7
0.6
0.5
0.3
0.2
0.1
Using 0.45
Use --version to specify a different version.
Using url https://pypi.python.org/packages/source/m/mozdevice/mozdevice-0.45.tar.gz (59 KB) for mozdevice.
Downloading mozdevice (use --no-download to skip this step)
Using cached download
Unpacking mozdevice...
done
working in /tmp/tmpx_fbQxconda_skeleton_mozdevice-0.45.tar.gz
Fetching package metadata: ......
Solving package specifications: .patching file core.py
Hunk #1 succeeded at 168 with fuzz 2 (offset 2 lines).
Traceback (most recent call last):
  File "setup.py", line 5, in <module>
    from setuptools import setup
ImportError: No module named setuptools

The following NEW packages will be INSTALLED:

    numpy:  1.9.2-py27_0
    pyyaml: 3.11-py27_0 

Linking packages ...
[                    ]|                                                  |   0%[numpy               ]|                                                  |   0%[pyyaml              ]|#########################                         |  50%[      COMPLETE      ]|##################################################| 100%
Applying patch: '/tmp/tmpx_fbQxconda_skeleton_mozdevice-0.45.tar.gz/pypi-distutils.patch'
$PYTHONPATH = /tmp/tmpx_fbQxconda_skeleton_mozdevice-0.45.tar.gz/mozdevice-0.45
Error: command failed: /home/ubuntu/miniconda/envs/_build/bin/python setup.py install
