Warning, the following versions were found for mozfile
1.1
1.0
0.12
0.11
0.10
0.9
0.8
0.7
0.6
0.5
0.4
0.3
0.2
0.1
0.0
Using 1.1
Use --version to specify a different version.
Using url https://pypi.python.org/packages/source/m/mozfile/mozfile-1.1.tar.gz (5 KB) for mozfile.
Downloading mozfile (use --no-download to skip this step)
Using cached download
Unpacking mozfile...
done
working in /tmp/tmpA23uwxconda_skeleton_mozfile-1.1.tar.gz
Fetching package metadata: ......
Solving package specifications: .patching file core.py
Hunk #1 succeeded at 168 with fuzz 2 (offset 2 lines).
Traceback (most recent call last):
  File "setup.py", line 5, in <module>
    from setuptools import setup
ImportError: No module named setuptools

Applying patch: '/tmp/tmpA23uwxconda_skeleton_mozfile-1.1.tar.gz/pypi-distutils.patch'
$PYTHONPATH = /tmp/tmpA23uwxconda_skeleton_mozfile-1.1.tar.gz/mozfile-1.1
Error: command failed: /home/ubuntu/miniconda/envs/_build/bin/python setup.py install
