Warning, the following versions were found for mozhttpd
0.7
0.6
0.5
0.4
0.3
0.2
0.1
Using 0.7
Use --version to specify a different version.
Using url https://pypi.python.org/packages/source/m/mozhttpd/mozhttpd-0.7.tar.gz (6 KB) for mozhttpd.
Downloading mozhttpd (use --no-download to skip this step)
Using cached download
Unpacking mozhttpd...
done
working in /tmp/tmpjxPhR8conda_skeleton_mozhttpd-0.7.tar.gz
Fetching package metadata: ......
Solving package specifications: .patching file core.py
Hunk #1 succeeded at 168 with fuzz 2 (offset 2 lines).
Traceback (most recent call last):
  File "setup.py", line 5, in <module>
    from setuptools import setup
ImportError: No module named setuptools

Applying patch: '/tmp/tmpjxPhR8conda_skeleton_mozhttpd-0.7.tar.gz/pypi-distutils.patch'
$PYTHONPATH = /tmp/tmpjxPhR8conda_skeleton_mozhttpd-0.7.tar.gz/mozhttpd-0.7
Error: command failed: /home/ubuntu/miniconda/envs/_build/bin/python setup.py install
