Warning, the following versions were found for mozinfo
0.8
0.7
0.6
0.5
0.4
0.3.3
0.3.2
Using 0.8
Use --version to specify a different version.
Using url https://pypi.python.org/packages/source/m/mozinfo/mozinfo-0.8.tar.gz (4 KB) for mozinfo.
Downloading mozinfo (use --no-download to skip this step)
Using cached download
Unpacking mozinfo...
done
working in /tmp/tmpy563dPconda_skeleton_mozinfo-0.8.tar.gz
Fetching package metadata: ......
Solving package specifications: .patching file core.py
Hunk #1 succeeded at 168 with fuzz 2 (offset 2 lines).

Applying patch: '/tmp/tmpy563dPconda_skeleton_mozinfo-0.8.tar.gz/pypi-distutils.patch'
Writing recipe for mozinfo
Done
