Warning, the following versions were found for moznetwork
0.24
0.23
0.22
0.21
0.2
0.1
Using 0.24
Use --version to specify a different version.
Using url https://pypi.python.org/packages/source/m/moznetwork/moznetwork-0.24.tar.gz (3 KB) for moznetwork.
Downloading moznetwork (use --no-download to skip this step)
Using cached download
Unpacking moznetwork...
done
working in /tmp/tmpxgZ0U4conda_skeleton_moznetwork-0.24.tar.gz
Fetching package metadata: ......
Solving package specifications: .patching file core.py
Hunk #1 succeeded at 168 with fuzz 2 (offset 2 lines).

Applying patch: '/tmp/tmpxgZ0U4conda_skeleton_moznetwork-0.24.tar.gz/pypi-distutils.patch'
Writing recipe for moznetwork
Done
