Warning, the following versions were found for mozprofile
0.23
0.22
0.21
0.20
0.19
0.18
0.17
0.16
0.15
0.14
0.13
0.12
0.11
0.10
0.9
0.8
0.7
0.6
0.5
0.4
0.3.2
0.3.1
0.3
0.2
0.1
0.1b2
0.1b1
0.1a
Using 0.23
Use --version to specify a different version.
Using url https://pypi.python.org/packages/source/m/mozprofile/mozprofile-0.23.tar.gz (19 KB) for mozprofile.
Downloading mozprofile (use --no-download to skip this step)
Using cached download
Unpacking mozprofile...
done
working in /tmp/tmp1N4ZPGconda_skeleton_mozprofile-0.23.tar.gz
Fetching package metadata: ......
Solving package specifications: .patching file core.py
Hunk #1 succeeded at 168 with fuzz 2 (offset 2 lines).

Applying patch: '/tmp/tmp1N4ZPGconda_skeleton_mozprofile-0.23.tar.gz/pypi-distutils.patch'
Writing recipe for mozprofile
Done
