Warning, the following versions were found for mozprocess
0.22
0.21
0.20
0.19
0.18
0.17
0.16
0.15
0.14
0.13
0.11
0.10
0.9
0.8
0.7
0.5
0.4
0.3
0.2
0.1b2
0.1b1
Using 0.22
Use --version to specify a different version.
Using url https://pypi.python.org/packages/source/m/mozprocess/mozprocess-0.22.tar.gz (19 KB) for mozprocess.
Downloading mozprocess (use --no-download to skip this step)
Using cached download
Unpacking mozprocess...
done
working in /tmp/tmpbblAI8conda_skeleton_mozprocess-0.22.tar.gz
Fetching package metadata: ......
Solving package specifications: .patching file core.py
Hunk #1 succeeded at 168 with fuzz 2 (offset 2 lines).

Applying patch: '/tmp/tmpbblAI8conda_skeleton_mozprocess-0.22.tar.gz/pypi-distutils.patch'
Writing recipe for mozprocess
Done
