Using url https://pypi.python.org/packages/source/m/mozrunner/mozrunner-6.7.tar.gz (50 KB) for mozrunner.
Downloading mozrunner (use --no-download to skip this step)
Using cached download
Unpacking mozrunner...
done
working in /tmp/tmp0g3Qa5conda_skeleton_mozrunner-6.7.tar.gz
Fetching package metadata: ......
Solving package specifications: .patching file core.py
Hunk #1 succeeded at 168 with fuzz 2 (offset 2 lines).

The following NEW packages will be INSTALLED:

    numpy:      1.9.2-py27_0
    openssl:    1.0.1k-1    
    pip:        6.1.1-py27_0
    python:     2.7.9-3     
    pyyaml:     3.11-py27_0 
    readline:   6.2-2       
    setuptools: 16.0-py27_0 
    sqlite:     3.8.4.1-1   
    system:     5.8-2       
    tk:         8.5.18-0    
    yaml:       0.1.4-0     
    zlib:       1.2.8-0     

Linking packages ...
[                    ]|                                                  |   0%[openssl             ]|                                                  |   0%[readline            ]|####                                              |   8%[sqlite              ]|########                                          |  16%[system              ]|############                                      |  25%[tk                  ]|################                                  |  33%[yaml                ]|####################                              |  41%[zlib                ]|#########################                         |  50%[numpy               ]|#############################                     |  58%[python              ]|#################################                 |  66%[pyyaml              ]|#####################################             |  75%[setuptools          ]|#########################################         |  83%[pip                 ]|#############################################     |  91%[      COMPLETE      ]|##################################################| 100%
Applying patch: '/tmp/tmp0g3Qa5conda_skeleton_mozrunner-6.7.tar.gz/pypi-distutils.patch'
Using url https://pypi.python.org/packages/source/m/mozprofile/mozprofile-0.23.tar.gz (19 KB) for mozprofile.
Downloading mozprofile (use --no-download to skip this step)
Using cached download
Unpacking mozprofile...
done
working in /tmp/tmpCZFqJgconda_skeleton_mozprofile-0.23.tar.gz
Solving package specifications: .patching file core.py
Hunk #1 succeeded at 168 with fuzz 2 (offset 2 lines).

Applying patch: '/tmp/tmpCZFqJgconda_skeleton_mozprofile-0.23.tar.gz/pypi-distutils.patch'
Using url https://pypi.python.org/packages/source/m/mozlog/mozlog-2.11.tar.gz (30 KB) for mozlog.
Downloading mozlog (use --no-download to skip this step)
Using cached download
Unpacking mozlog...
done
working in /tmp/tmpw8XTVfconda_skeleton_mozlog-2.11.tar.gz
Solving package specifications: .patching file core.py
Hunk #1 succeeded at 168 with fuzz 2 (offset 2 lines).

Applying patch: '/tmp/tmpw8XTVfconda_skeleton_mozlog-2.11.tar.gz/pypi-distutils.patch'
Using url https://pypi.python.org/packages/source/m/mozfile/mozfile-1.1.tar.gz (5 KB) for mozfile.
Downloading mozfile (use --no-download to skip this step)
Using cached download
Unpacking mozfile...
done
working in /tmp/tmpnlnB0Jconda_skeleton_mozfile-1.1.tar.gz
Solving package specifications: .patching file core.py
Hunk #1 succeeded at 168 with fuzz 2 (offset 2 lines).

Applying patch: '/tmp/tmpnlnB0Jconda_skeleton_mozfile-1.1.tar.gz/pypi-distutils.patch'
Using "MPL" for the license
Using url https://pypi.python.org/packages/source/m/manifestparser/manifestparser-1.1.tar.gz (16 KB) for manifestparser.
Downloading manifestparser (use --no-download to skip this step)
Using cached download
Unpacking manifestparser...
done
working in /tmp/tmpSUonIfconda_skeleton_manifestparser-1.1.tar.gz
Solving package specifications: .patching file core.py
Hunk #1 succeeded at 168 with fuzz 2 (offset 2 lines).

Applying patch: '/tmp/tmpSUonIfconda_skeleton_manifestparser-1.1.tar.gz/pypi-distutils.patch'
Using "MPL" for the license
Using url https://pypi.python.org/packages/source/m/mozprocess/mozprocess-0.22.tar.gz (19 KB) for mozprocess.
Downloading mozprocess (use --no-download to skip this step)
Using cached download
Unpacking mozprocess...
done
working in /tmp/tmpcI5eS6conda_skeleton_mozprocess-0.22.tar.gz
Solving package specifications: .patching file core.py
Hunk #1 succeeded at 168 with fuzz 2 (offset 2 lines).

Applying patch: '/tmp/tmpcI5eS6conda_skeleton_mozprocess-0.22.tar.gz/pypi-distutils.patch'
Using url https://pypi.python.org/packages/source/m/mozinfo/mozinfo-0.7.tar.gz (4 KB) for mozinfo.
Downloading mozinfo (use --no-download to skip this step)
Using cached download
Unpacking mozinfo...
done
working in /tmp/tmpFTWrCZconda_skeleton_mozinfo-0.7.tar.gz
Solving package specifications: .patching file core.py
Hunk #1 succeeded at 168 with fuzz 2 (offset 2 lines).

Applying patch: '/tmp/tmpFTWrCZconda_skeleton_mozinfo-0.7.tar.gz/pypi-distutils.patch'
Using "MPL" for the license
Using url https://pypi.python.org/packages/source/m/mozlog/mozlog-2.11.tar.gz (30 KB) for mozlog.
Downloading mozlog (use --no-download to skip this step)
Using cached download
Unpacking mozlog...
done
working in /tmp/tmpjnKbQZconda_skeleton_mozlog-2.11.tar.gz
Solving package specifications: .patching file core.py
Hunk #1 succeeded at 168 with fuzz 2 (offset 2 lines).

Applying patch: '/tmp/tmpjnKbQZconda_skeleton_mozlog-2.11.tar.gz/pypi-distutils.patch'
Using url https://pypi.python.org/packages/source/m/mozinfo/mozinfo-0.7.tar.gz (4 KB) for mozinfo.
Downloading mozinfo (use --no-download to skip this step)
Using cached download
Unpacking mozinfo...
done
working in /tmp/tmpz8P30Tconda_skeleton_mozinfo-0.7.tar.gz
Solving package specifications: .patching file core.py
Hunk #1 succeeded at 168 with fuzz 2 (offset 2 lines).

Applying patch: '/tmp/tmpz8P30Tconda_skeleton_mozinfo-0.7.tar.gz/pypi-distutils.patch'
Using "MPL" for the license
Using url https://pypi.python.org/packages/source/m/mozfile/mozfile-1.1.tar.gz (5 KB) for mozfile.
Downloading mozfile (use --no-download to skip this step)
Using cached download
Unpacking mozfile...
done
working in /tmp/tmpwFbWiaconda_skeleton_mozfile-1.1.tar.gz
Solving package specifications: .patching file core.py
Hunk #1 succeeded at 168 with fuzz 2 (offset 2 lines).

Applying patch: '/tmp/tmpwFbWiaconda_skeleton_mozfile-1.1.tar.gz/pypi-distutils.patch'
Using "MPL" for the license
Using url https://pypi.python.org/packages/source/m/mozdevice/mozdevice-0.45.tar.gz (59 KB) for mozdevice.
Downloading mozdevice (use --no-download to skip this step)
Using cached download
Unpacking mozdevice...
done
working in /tmp/tmpT177FUconda_skeleton_mozdevice-0.45.tar.gz
Solving package specifications: .patching file core.py
Hunk #1 succeeded at 168 with fuzz 2 (offset 2 lines).

Applying patch: '/tmp/tmpT177FUconda_skeleton_mozdevice-0.45.tar.gz/pypi-distutils.patch'
Using "MPL" for the license
Using url https://pypi.python.org/packages/source/m/moznetwork/moznetwork-0.24.tar.gz (3 KB) for moznetwork.
Downloading moznetwork (use --no-download to skip this step)
Using cached download
Unpacking moznetwork...
done
working in /tmp/tmp5VW9Tfconda_skeleton_moznetwork-0.24.tar.gz
Solving package specifications: .patching file core.py
Hunk #1 succeeded at 168 with fuzz 2 (offset 2 lines).

Applying patch: '/tmp/tmp5VW9Tfconda_skeleton_moznetwork-0.24.tar.gz/pypi-distutils.patch'
Using "MPL" for the license
Using url https://pypi.python.org/packages/source/m/mozcrash/mozcrash-0.14.tar.gz (5 KB) for mozcrash.
Downloading mozcrash (use --no-download to skip this step)
Using cached download
Unpacking mozcrash...
done
working in /tmp/tmp3Vxk3rconda_skeleton_mozcrash-0.14.tar.gz
Solving package specifications: .patching file core.py
Hunk #1 succeeded at 168 with fuzz 2 (offset 2 lines).

Applying patch: '/tmp/tmp3Vxk3rconda_skeleton_mozcrash-0.14.tar.gz/pypi-distutils.patch'
Using "MPL" for the license
Writing recipe for manifestparser
Writing recipe for mozprofile
Writing recipe for mozinfo
Writing recipe for moznetwork
Writing recipe for mozfile
Writing recipe for mozdevice
Writing recipe for mozlog
Writing recipe for mozprocess
Writing recipe for mozcrash
Writing recipe for mozrunner
Done
