Warning, the following versions were found for mozversion
1.2
1.1
1.0
0.9
0.8
0.7
0.6
0.5
0.4
0.3
0.2
0.1
Using 1.2
Use --version to specify a different version.
Using url https://pypi.python.org/packages/source/m/mozversion/mozversion-1.2.tar.gz (5 KB) for mozversion.
Downloading mozversion (use --no-download to skip this step)
Using cached download
Unpacking mozversion...
done
working in /tmp/tmpfacODEconda_skeleton_mozversion-1.2.tar.gz
Fetching package metadata: ......
Solving package specifications: .patching file core.py
Hunk #1 succeeded at 168 with fuzz 2 (offset 2 lines).

Applying patch: '/tmp/tmpfacODEconda_skeleton_mozversion-1.2.tar.gz/pypi-distutils.patch'
Writing recipe for mozversion
Done
