Warning, the following versions were found for mpmath
0.19
0.18
0.17
0.16
0.15
0.14
0.13
0.12
0.11
0.10
0.9
0.8
0.7
0.6
0.5
0.4
0.3
0.2
0.1
Using 0.19
Use --version to specify a different version.
Using url https://pypi.python.org/packages/source/m/mpmath/mpmath-0.19.tar.gz (487 KB) for mpmath.
Downloading mpmath (use --no-download to skip this step)
Using cached download
Unpacking mpmath...
done
working in /tmp/tmp6zZT5mconda_skeleton_mpmath-0.19.tar.gz
Fetching package metadata: ......
Solving package specifications: .patching file core.py
Hunk #1 succeeded at 168 with fuzz 2 (offset 2 lines).

Applying patch: '/tmp/tmp6zZT5mconda_skeleton_mpmath-0.19.tar.gz/pypi-distutils.patch'
Writing recipe for mpmath
Done
