Warning, the following versions were found for mrjob
0.4.4
0.4.3
0.4.2
0.4.1
0.4.0
0.4
0.4-RC1
0.4-dev
0.3.5
0.3.4.1
0.3.3.2
0.3.3.1
0.3.3
0.3.2
0.3.1
0.3.0
0.2.8
0.2.7
0.2.6
0.2.5
0.2.4
0.2.3
0.2.2
0.2.1
0.2.0
0.1.0
0.1.0-pre3
0.1.0-pre2
0.1.0-pre1
Using 0.4.4
Use --version to specify a different version.
Using url https://pypi.python.org/packages/source/m/mrjob/mrjob-0.4.4.tar.gz (182 KB) for mrjob.
Downloading mrjob (use --no-download to skip this step)
Using cached download
Unpacking mrjob...
done
working in /tmp/tmpAzRd1yconda_skeleton_mrjob-0.4.4.tar.gz
Fetching package metadata: ......
Solving package specifications: .patching file core.py
Hunk #1 succeeded at 168 with fuzz 2 (offset 2 lines).

Applying patch: '/tmp/tmpAzRd1yconda_skeleton_mrjob-0.4.4.tar.gz/pypi-distutils.patch'
Writing recipe for mrjob
Done
