Warning, the following versions were found for msgpack-python
0.4.6
0.4.5
0.4.4
0.4.3
0.4.2
0.4.1
0.4.0
0.3.0
0.2.4
0.2.3
0.2.2
0.2.1
0.2.0
0.1.13
0.1.12
0.1.11
0.1.10
0.1.9
0.1.8
0.1.7
0.1.6
0.1.4
0.1.3
0.1.2
Using 0.4.6
Use --version to specify a different version.
Using url https://pypi.python.org/packages/source/m/msgpack-python/msgpack-python-0.4.6.tar.gz (114 KB) for msgpack-python.
Downloading msgpack-python (use --no-download to skip this step)
Using cached download
Unpacking msgpack-python...
done
working in /tmp/tmpEo3qFQconda_skeleton_msgpack-python-0.4.6.tar.gz
Fetching package metadata: ......
Solving package specifications: .patching file core.py
Hunk #1 succeeded at 168 with fuzz 2 (offset 2 lines).

Applying patch: '/tmp/tmpEo3qFQconda_skeleton_msgpack-python-0.4.6.tar.gz/pypi-distutils.patch'
Writing recipe for msgpack-python
Done
