Warning, the following versions were found for msgpack-pure
0.1.3
0.1.2
0.1.1
0.1.0
Using 0.1.3
Use --version to specify a different version.
Using url https://pypi.python.org/packages/source/m/msgpack-pure/msgpack-pure-0.1.3.tar.gz (4 KB) for msgpack-pure.
Downloading msgpack-pure (use --no-download to skip this step)
Using cached download
Unpacking msgpack-pure...
done
working in /tmp/tmpdlbpEIconda_skeleton_msgpack-pure-0.1.3.tar.gz
Fetching package metadata: ......
Solving package specifications: .patching file core.py
Hunk #1 succeeded at 168 with fuzz 2 (offset 2 lines).
Traceback (most recent call last):
  File "setup.py", line 6, in <module>
    from setuptools import setup, find_packages
ImportError: No module named setuptools

Applying patch: '/tmp/tmpdlbpEIconda_skeleton_msgpack-pure-0.1.3.tar.gz/pypi-distutils.patch'
$PYTHONPATH = /tmp/tmpdlbpEIconda_skeleton_msgpack-pure-0.1.3.tar.gz/msgpack-pure-0.1.3
Error: command failed: /home/ubuntu/miniconda/envs/_build/bin/python setup.py install
