Warning, the following versions were found for multiprocessing
2.6.2.1
2.6.1.1
2.6.0.2
2.6.0-0.1
Using 2.6.2.1
Use --version to specify a different version.
Using url https://pypi.python.org/packages/source/m/multiprocessing/multiprocessing-2.6.2.1.tar.gz (105 KB) for multiprocessing.
Downloading multiprocessing (use --no-download to skip this step)
Using cached download
Unpacking multiprocessing...
done
working in /tmp/tmpwY2zGFconda_skeleton_multiprocessing-2.6.2.1.tar.gz
Fetching package metadata: ......
Solving package specifications: .patching file core.py
Hunk #1 succeeded at 168 with fuzz 2 (offset 2 lines).

The following NEW packages will be INSTALLED:

    numpy:  1.9.2-py27_0
    pyyaml: 3.11-py27_0 

Linking packages ...
[                    ]|                                                  |   0%[numpy               ]|                                                  |   0%[pyyaml              ]|#########################                         |  50%[      COMPLETE      ]|##################################################| 100%
Applying patch: '/tmp/tmpwY2zGFconda_skeleton_multiprocessing-2.6.2.1.tar.gz/pypi-distutils.patch'
Writing recipe for multiprocessing
Done
