Warning, the following versions were found for munerator
0.23.0
0.22.1
0.22.0
0.21.0
0.20.7
0.20.6
0.20.5
0.20.4
0.20.3
0.20.2
0.20.1
0.20.0
0.19.5
0.19.4
0.19.2
0.19.1
0.19.0
0.18.3
0.18.2
0.18.1
0.18.0
0.17.14
0.17.2
0.17.1
0.17.0
0.16.2
0.16.1
0.16.0
0.15.4
0.15.3
0.15.2
0.15.1
0.15.0
0.14.6
0.14.5
0.14.3
0.14.2
0.14.1
0.13.2
0.13.1
0.13.0
0.12.17
0.12.16
0.12.15
0.12.14
0.12.13
0.12.11
0.12.10
0.12.6
0.12.5
0.12.4
0.12.3
0.12.2
0.12.1
0.12.0
0.11.3
0.11.2
0.11.1
0.11.0
0.10.16
0.10.15
0.10.14
0.10.13
0.10.12
0.10.11
0.10.10
0.10.9
0.10.8
0.10.7
0.10.6
0.10.5
0.10.2
0.10.0
0.9.18
0.9.17
0.9.16
0.9.15
0.9.14
0.9.13
0.9.12
0.9.11
0.9.10
0.9.8
0.9.4
0.9.3
0.9.2
0.9.0
0.8.14
0.8.13
0.8.12
0.8.11
0.8.10
0.8.9
0.8.8
0.8.7
0.8.6
0.8.5
0.8.2
0.8.1
0.8.0
0.7.2
0.7.1
0.7.0
0.6.10
0.6.9
0.6.8
0.6.7
0.6.6
0.6.5
0.6.4
0.6.3
0.6.2
0.6.1
0.6.0
0.5.12
0.5.11
0.5.10
0.5.9
0.5.8
0.5.3
0.5.2
0.5.0
0.4.8
0.4.7
0.4.5
0.4.4
0.4.3
0.4.2
0.4.1
0.4.0
0.3.24
0.3.23
0.3.22
0.3.21
0.3.20
0.3.18
0.3.16
0.3.15
0.3.14
0.3.13
0.3.9
Using 0.23.0
Use --version to specify a different version.
Using url https://pypi.python.org/packages/source/m/munerator/munerator-0.23.0.tar.gz (2.5 MB) for munerator.
Downloading munerator (use --no-download to skip this step)
Using cached download
Unpacking munerator...
done
working in /tmp/tmp3s5atIconda_skeleton_munerator-0.23.0.tar.gz
Fetching package metadata: ......
Solving package specifications: .patching file core.py
Hunk #1 succeeded at 168 with fuzz 2 (offset 2 lines).
Traceback (most recent call last):
  File "setup.py", line 2, in <module>
    from setuptools import setup, find_packages
ImportError: No module named setuptools

Applying patch: '/tmp/tmp3s5atIconda_skeleton_munerator-0.23.0.tar.gz/pypi-distutils.patch'
$PYTHONPATH = /tmp/tmp3s5atIconda_skeleton_munerator-0.23.0.tar.gz/munerator-0.23.0
Error: command failed: /home/ubuntu/miniconda/envs/_build/bin/python setup.py install
