Package search: {'_pypi_ordering': False, 'version': '1.2.3', 'name': 'MySQL-python', 'summary': 'Python interface to MySQL'}
Fetching package metadata: ....
Error: prefix already exists: /home/ubuntu/miniconda/envs/_pipbuild_
Collecting MySQL-python==1.2.5
  Downloading http://localhost/packages/source/M/MySQL-python/MySQL-python-1.2.5.zip (108kB)
    Complete output from command python setup.py egg_info:
    sh: 1: mysql_config: not found
    Traceback (most recent call last):
      File "<string>", line 20, in <module>
      File "/tmp/pip-build-36sNmE/MySQL-python/setup.py", line 17, in <module>
        metadata, options = get_config()
      File "setup_posix.py", line 43, in get_config
        libs = mysql_config("libs_r")
      File "setup_posix.py", line 25, in mysql_config
        raise EnvironmentError("%s not found" % (mysql_config.path,))
    EnvironmentError: mysql_config not found
    
    ----------------------------------------
Command "python setup.py egg_info" failed with error code 1 in /tmp/pip-build-36sNmE/MySQL-python
Creating standard recipe for mysql-python-1.2.5
Using url https://pypi.python.org/packages/source/M/MySQL-python/MySQL-python-1.2.5.zip (106 KB) for MySQL-python.
Downloading MySQL-python (use --no-download to skip this step)
Using cached download
Unpacking MySQL-python...
done
working in /tmp/tmpipbH6Rconda_skeleton_MySQL-python-1.2.5.zip
Fetching package metadata: ......
Solving package specifications: .patching file core.py
Hunk #1 succeeded at 168 with fuzz 2 (offset 2 lines).
sh: 1: mysql_config: not found
Traceback (most recent call last):
  File "setup.py", line 17, in <module>
    metadata, options = get_config()
  File "/tmp/tmpipbH6Rconda_skeleton_MySQL-python-1.2.5.zip/MySQL-python-1.2.5/setup_posix.py", line 43, in get_config
    libs = mysql_config("libs_r")
  File "/tmp/tmpipbH6Rconda_skeleton_MySQL-python-1.2.5.zip/MySQL-python-1.2.5/setup_posix.py", line 25, in mysql_config
    raise EnvironmentError("%s not found" % (mysql_config.path,))
EnvironmentError: mysql_config not found

The following NEW packages will be INSTALLED:

    numpy:  1.9.2-py27_0
    pyyaml: 3.11-py27_0 

Linking packages ...
[                    ]|                                                  |   0%[numpy               ]|                                                  |   0%[pyyaml              ]|#########################                         |  50%[      COMPLETE      ]|##################################################| 100%
Applying patch: '/tmp/tmpipbH6Rconda_skeleton_MySQL-python-1.2.5.zip/pypi-distutils.patch'
$PYTHONPATH = /tmp/tmpipbH6Rconda_skeleton_MySQL-python-1.2.5.zip/MySQL-python-1.2.5
Error: command failed: /home/ubuntu/miniconda/envs/_build/bin/python setup.py install

conda create -n _pipbuild_ --yes python pip
/home/ubuntu/miniconda/envs/_pipbuild_/bin/pip install MySQL-python==1.2.5
Error: Could not pip install MySQL-python==1.2.5
