Warning, the following versions were found for mysqlclient
1.3.6
1.3.5
1.3.4
1.3.3
1.3.2
1.3.1
1.3.0
Using 1.3.6
Use --version to specify a different version.
Using url https://pypi.python.org/packages/source/m/mysqlclient/mysqlclient-1.3.6.tar.gz (76 KB) for mysqlclient.
Downloading mysqlclient (use --no-download to skip this step)
Using cached download
Unpacking mysqlclient...
done
working in /tmp/tmpFvhEBxconda_skeleton_mysqlclient-1.3.6.tar.gz
Fetching package metadata: ......
Solving package specifications: .patching file core.py
Hunk #1 succeeded at 168 with fuzz 2 (offset 2 lines).
sh: 1: mysql_config: not found
Traceback (most recent call last):
  File "setup.py", line 17, in <module>
    metadata, options = get_config()
  File "/tmp/tmpFvhEBxconda_skeleton_mysqlclient-1.3.6.tar.gz/mysqlclient-1.3.6/setup_posix.py", line 47, in get_config
    libs = mysql_config("libs_r")
  File "/tmp/tmpFvhEBxconda_skeleton_mysqlclient-1.3.6.tar.gz/mysqlclient-1.3.6/setup_posix.py", line 29, in mysql_config
    raise EnvironmentError("%s not found" % (mysql_config.path,))
EnvironmentError: mysql_config not found

Applying patch: '/tmp/tmpFvhEBxconda_skeleton_mysqlclient-1.3.6.tar.gz/pypi-distutils.patch'
$PYTHONPATH = /tmp/tmpFvhEBxconda_skeleton_mysqlclient-1.3.6.tar.gz/mysqlclient-1.3.6
Error: command failed: /home/ubuntu/miniconda/envs/_build/bin/python setup.py install
