Warning, the following versions were found for MySQL-python
1.2.5
1.2.4
1.2.4c1
1.2.4b5
1.2.4b4
1.2.4b3
1.2.4b2
1.2.4b1
1.2.3
1.2.3c1
1.2.3b2
1.2.3b1
1.2.2
1.2.2c1
1.2.2b3
1.2.2b2
1.2.2b1
1.2.1
1.2.1c6
1.2.1c5
1.2.1c4
1.2.1_p2
1.2.0
1.1.10
1.1.9
1.1.8
1.0.1
1.0.0
0.9.2
Using 1.2.5
Use --version to specify a different version.
Using url https://pypi.python.org/packages/source/M/MySQL-python/MySQL-python-1.2.5.zip (106 KB) for MySQL-python.
Downloading MySQL-python (use --no-download to skip this step)
Using cached download
Unpacking MySQL-python...
done
working in /tmp/tmpEikiDBconda_skeleton_MySQL-python-1.2.5.zip
Fetching package metadata: ......
Solving package specifications: .patching file core.py
Hunk #1 succeeded at 168 with fuzz 2 (offset 2 lines).
Traceback (most recent call last):
  File "setup.py", line 7, in <module>
    import setuptools
ImportError: No module named setuptools

Applying patch: '/tmp/tmpEikiDBconda_skeleton_MySQL-python-1.2.5.zip/pypi-distutils.patch'
$PYTHONPATH = /tmp/tmpEikiDBconda_skeleton_MySQL-python-1.2.5.zip/MySQL-python-1.2.5
Error: command failed: /home/ubuntu/miniconda/envs/_build/bin/python setup.py install
