Removing old build directory
Removing old work directory
BUILD START: named_constants-1.0-py_0
Fetching package metadata: ......
Solving package specifications: .+ pip install named_constants
Collecting named-constants
  Downloading http://localhost/packages/source/n/named_constants/named_constants-1.0.tar.gz
Installing collected packages: named-constants
  Running setup.py install for named-constants
Successfully installed named-constants-1.0

The following NEW packages will be INSTALLED:

    openssl:    1.0.1k-1    
    pip:        7.0.3-py27_0
    python:     2.7.10-0    
    readline:   6.2-2       
    setuptools: 17.0-py27_0 
    sqlite:     3.8.4.1-1   
    system:     5.8-2       
    tk:         8.5.18-0    
    zlib:       1.2.8-0     

Linking packages ...
[                    ]|                                                  |   0%[openssl             ]|                                                  |   0%[readline            ]|#####                                             |  11%[sqlite              ]|###########                                       |  22%[system              ]|################                                  |  33%[tk                  ]|######################                            |  44%[zlib                ]|###########################                       |  55%[python              ]|#################################                 |  66%[setuptools          ]|######################################            |  77%[pip                 ]|############################################      |  88%[      COMPLETE      ]|##################################################| 100%
Removing old work directory
Copying /home/ubuntu/pypi-conda-builds/named_constants to /home/ubuntu/miniconda/conda-bld/work
Package: named_constants-1.0-py_0
source tree in: /home/ubuntu/miniconda/conda-bld/work
number of files: 7
Fixing permissions
Fixing permissions
BUILD END: named_constants-1.0-py_0
# If you want to upload this package to binstar.org later, type:
#
# $ binstar upload /home/ubuntu/miniconda/conda-bld/noarch/named_constants-1.0-py_0.tar.bz2
#
# To have conda build upload to binstar automatically, use
# $ conda config --set binstar_upload yes

Package search: {'_pypi_ordering': False, 'version': '1.0', 'name': 'named_constants', 'summary': 'This module offers an easy way to define named constants in Python, supporting some simple enum-like use case, as well as arbitrary value types like strings or floats.'}
Creating standard recipe for named_constants-1.0
Converting recipe in /home/ubuntu/pypi-conda-builds/named_constants
package = named_constants
   dependencies = []
Building conda package for named_constants
