Warning, the following versions were found for natsort
4.0.1
4.0.0
3.5.6
3.5.5
3.5.4
3.5.3
3.5.2
3.5.1
3.5.0
3.4.1
3.4.0
3.3.0
3.2.1
3.2.0
3.1.2
3.1.1
3.1.0
3.0.2
3.0.1
3.0.0
2.2.0
2.1.0
2.0.2
2.0.1
2.0.0
Using 4.0.1
Use --version to specify a different version.
Using url https://pypi.python.org/packages/source/n/natsort/natsort-4.0.1.tar.gz (58 KB) for natsort.
Downloading natsort (use --no-download to skip this step)
Unpacking natsort...
done
working in /tmp/tmpc_Pm5Gconda_skeleton_natsort-4.0.1.tar.gz
Fetching package metadata: ......
Solving package specifications: .patching file core.py
Hunk #1 succeeded at 168 with fuzz 2 (offset 2 lines).
Traceback (most recent call last):
  File "setup.py", line 9, in <module>
    from setuptools import setup
ImportError: No module named setuptools

Applying patch: '/tmp/tmpc_Pm5Gconda_skeleton_natsort-4.0.1.tar.gz/pypi-distutils.patch'
$PYTHONPATH = /tmp/tmpc_Pm5Gconda_skeleton_natsort-4.0.1.tar.gz/natsort-4.0.1
Error: command failed: /home/ubuntu/miniconda/envs/_build/bin/python setup.py install
