Warning, the following versions were found for ndg-httpsclient
0.4.0
0.3.3
0.3.2
0.3.1
0.3.0
0.2.0
0.1.0
Using 0.4.0
Use --version to specify a different version.
Using url https://pypi.python.org/packages/source/n/ndg-httpsclient/ndg_httpsclient-0.4.0.tar.gz (23 KB) for ndg-httpsclient.
Downloading ndg-httpsclient (use --no-download to skip this step)
Using cached download
Unpacking ndg-httpsclient...
done
working in /tmp/tmpADJdTnconda_skeleton_ndg_httpsclient-0.4.0.tar.gz
Fetching package metadata: ......
Solving package specifications: .patching file core.py
Hunk #1 succeeded at 168 with fuzz 2 (offset 2 lines).

Applying patch: '/tmp/tmpADJdTnconda_skeleton_ndg_httpsclient-0.4.0.tar.gz/pypi-distutils.patch'
Writing recipe for ndg-httpsclient
Done
