More than one source version is available for netaddr:
Using the one with the least source size
use --manual-url to override this behavior
Using url https://pypi.python.org/packages/source/n/netaddr/netaddr-0.7.14.tar.gz (1.5 MB) for netaddr.
Downloading netaddr (use --no-download to skip this step)
Using cached download
Unpacking netaddr...
done
working in /tmp/tmpbsr50vconda_skeleton_netaddr-0.7.14.tar.gz
Fetching package metadata: ......
Solving package specifications: .patching file core.py
Hunk #1 succeeded at 168 with fuzz 2 (offset 2 lines).

The following NEW packages will be INSTALLED:

    numpy:  1.9.2-py27_0
    pyyaml: 3.11-py27_0 
    yaml:   0.1.4-0     

Linking packages ...
[                    ]|                                                  |   0%[yaml                ]|                                                  |   0%[numpy               ]|################                                  |  33%[pyyaml              ]|#################################                 |  66%[      COMPLETE      ]|##################################################| 100%
Applying patch: '/tmp/tmpbsr50vconda_skeleton_netaddr-0.7.14.tar.gz/pypi-distutils.patch'
Writing recipe for netaddr
Done
