Warning, the following versions were found for nodeenv
0.13.2
0.13.1
0.13.0
0.12.3
0.12.2
0.12.1
0.12.0
0.11.1
0.11.0
0.10.0
0.9.6
0.9.5
0.9.4
0.9.3
0.9.2
0.9.1
0.9.0
0.8.2
0.8.1
0.8.0
0.7.3
0.7.2
0.7.1
0.7.0
0.6.6
0.6.5
0.6.4
0.6.3
0.6.2
0.6.1
0.6.0
0.5.3
0.5.2
0.5.1
0.5.0
0.4.3
0.4.2
0.4.1
0.4.0
0.3.10
0.3.9
0.3.8
0.3.7
0.3.6
0.3.5
0.3.4
0.3.3
0.3.2
0.3.1
0.3.0
Using 0.13.2
Use --version to specify a different version.
Using url https://pypi.python.org/packages/source/n/nodeenv/nodeenv-0.13.2.tar.gz (26 KB) for nodeenv.
Downloading nodeenv (use --no-download to skip this step)
Using cached download
Unpacking nodeenv...
done
working in /tmp/tmpWe5tKaconda_skeleton_nodeenv-0.13.2.tar.gz
Fetching package metadata: ......
Solving package specifications: .patching file core.py
Hunk #1 succeeded at 168 with fuzz 2 (offset 2 lines).
Traceback (most recent call last):
  File "setup.py", line 8, in <module>
    from setuptools import setup
ImportError: No module named setuptools

Applying patch: '/tmp/tmpWe5tKaconda_skeleton_nodeenv-0.13.2.tar.gz/pypi-distutils.patch'
$PYTHONPATH = /tmp/tmpWe5tKaconda_skeleton_nodeenv-0.13.2.tar.gz/nodeenv-0.13.2
Error: command failed: /home/ubuntu/miniconda/envs/_build/bin/python setup.py install
