Warning, the following versions were found for nose-parameterized
0.3.5
0.3.4
0.3.3
0.3.2
0.3.1
0.3
0.2
0.1
Using 0.3.5
Use --version to specify a different version.
Using url https://pypi.python.org/packages/source/n/nose-parameterized/nose-parameterized-0.3.5.tar.gz (6 KB) for nose-parameterized.
Downloading nose-parameterized (use --no-download to skip this step)
Using cached download
Unpacking nose-parameterized...
done
working in /tmp/tmpeb1kVZconda_skeleton_nose-parameterized-0.3.5.tar.gz
Fetching package metadata: ......
Solving package specifications: .patching file core.py
Hunk #1 succeeded at 168 with fuzz 2 (offset 2 lines).
Traceback (most recent call last):
  File "setup.py", line 6, in <module>
    from setuptools import setup, find_packages
ImportError: No module named setuptools

Applying patch: '/tmp/tmpeb1kVZconda_skeleton_nose-parameterized-0.3.5.tar.gz/pypi-distutils.patch'
$PYTHONPATH = /tmp/tmpeb1kVZconda_skeleton_nose-parameterized-0.3.5.tar.gz/nose-parameterized-0.3.5
Error: command failed: /home/ubuntu/miniconda/envs/_build/bin/python setup.py install
