Warning, the following versions were found for nose-timer
0.4.4
0.4.3
0.3.0
0.2.0
0.1.2
0.1.1
0.1
Using 0.4.4
Use --version to specify a different version.
Using url https://pypi.python.org/packages/source/n/nose-timer/nose-timer-0.4.4.tar.gz (6 KB) for nose-timer.
Downloading nose-timer (use --no-download to skip this step)
Using cached download
Unpacking nose-timer...
done
working in /tmp/tmpQM2B7tconda_skeleton_nose-timer-0.4.4.tar.gz
Fetching package metadata: ......
Solving package specifications: .patching file core.py
Hunk #1 succeeded at 168 with fuzz 2 (offset 2 lines).
Traceback (most recent call last):
  File "setup.py", line 4, in <module>
    from setuptools import setup
ImportError: No module named setuptools

Applying patch: '/tmp/tmpQM2B7tconda_skeleton_nose-timer-0.4.4.tar.gz/pypi-distutils.patch'
$PYTHONPATH = /tmp/tmpQM2B7tconda_skeleton_nose-timer-0.4.4.tar.gz/nose-timer-0.4.4
Error: command failed: /home/ubuntu/miniconda/envs/_build/bin/python setup.py install
