Warning, the following versions were found for nose-cov
1.6
1.5
1.4
1.3
1.2
1.1
1.0
1.0a2
Using 1.6
Use --version to specify a different version.
Using url https://pypi.python.org/packages/source/n/nose-cov/nose-cov-1.6.tar.gz (5 KB) for nose-cov.
Downloading nose-cov (use --no-download to skip this step)
Using cached download
Unpacking nose-cov...
done
working in /tmp/tmp8sNaG3conda_skeleton_nose-cov-1.6.tar.gz
Fetching package metadata: ......
Solving package specifications: .patching file core.py
Hunk #1 succeeded at 168 with fuzz 2 (offset 2 lines).
Traceback (most recent call last):
  File "setup.py", line 1, in <module>
    import setuptools
ImportError: No module named setuptools

Applying patch: '/tmp/tmp8sNaG3conda_skeleton_nose-cov-1.6.tar.gz/pypi-distutils.patch'
$PYTHONPATH = /tmp/tmp8sNaG3conda_skeleton_nose-cov-1.6.tar.gz/nose-cov-1.6
Error: command failed: /home/ubuntu/miniconda/envs/_build/bin/python setup.py install
