Warning, the following versions were found for nose-exclude
0.2.0
0.1.10
0.1.9
0.1.8
0.1.7
0.1.6
0.1.5
0.1.4
Using 0.2.0
Use --version to specify a different version.
Using url https://pypi.python.org/packages/source/n/nose-exclude/nose-exclude-0.2.0.tar.gz (6 KB) for nose-exclude.
Downloading nose-exclude (use --no-download to skip this step)
Using cached download
Unpacking nose-exclude...
done
working in /tmp/tmpF_TZCyconda_skeleton_nose-exclude-0.2.0.tar.gz
Fetching package metadata: ......
Solving package specifications: .patching file core.py
Hunk #1 succeeded at 168 with fuzz 2 (offset 2 lines).
Traceback (most recent call last):
  File "setup.py", line 7, in <module>
    from setuptools import setup
ImportError: No module named setuptools

Applying patch: '/tmp/tmpF_TZCyconda_skeleton_nose-exclude-0.2.0.tar.gz/pypi-distutils.patch'
$PYTHONPATH = /tmp/tmpF_TZCyconda_skeleton_nose-exclude-0.2.0.tar.gz/nose-exclude-0.2.0
Error: command failed: /home/ubuntu/miniconda/envs/_build/bin/python setup.py install
