Warning, the following versions were found for numpydoc
0.5
0.4
0.3.1
0.2
0.1
Using 0.5
Use --version to specify a different version.
Using url https://pypi.python.org/packages/source/n/numpydoc/numpydoc-0.5.tar.gz (31 KB) for numpydoc.
Downloading numpydoc (use --no-download to skip this step)
Using cached download
Unpacking numpydoc...
done
working in /tmp/tmpwq5kLtconda_skeleton_numpydoc-0.5.tar.gz
Fetching package metadata: ......
Solving package specifications: .patching file core.py
Hunk #1 succeeded at 168 with fuzz 2 (offset 2 lines).

Applying patch: '/tmp/tmpwq5kLtconda_skeleton_numpydoc-0.5.tar.gz/pypi-distutils.patch'
Writing recipe for numpydoc
Done
