Warning, the following versions were found for oauth2client
1.4.11
1.4.10
1.4.9
1.4.8
1.4.7
1.4.6
1.4.5
1.4.4
1.4.3
1.4.2
1.4.1
1.4
1.3.2
1.3.1
1.3
1.2
1.1
1.0
1.0c3
1.0c2
1.0c1
1.0beta8
1.0beta7
1.0beta6
1.0beta4
1.0beta3
1.0beta2
1.0beta5prerelease
Using 1.4.11
Use --version to specify a different version.
Using url https://pypi.python.org/packages/source/o/oauth2client/oauth2client-1.4.11.tar.gz (48 KB) for oauth2client.
Downloading oauth2client (use --no-download to skip this step)
Using cached download
Unpacking oauth2client...
done
working in /tmp/tmpNwn2opconda_skeleton_oauth2client-1.4.11.tar.gz
Fetching package metadata: ......
Solving package specifications: .patching file core.py
Hunk #1 succeeded at 168 with fuzz 2 (offset 2 lines).

Applying patch: '/tmp/tmpNwn2opconda_skeleton_oauth2client-1.4.11.tar.gz/pypi-distutils.patch'
Error: Could not find any versions of package pyasn1_modules
