Warning, the following versions were found for oauth2
1.5.211
1.5.210
1.5.170
1.5.169
1.5.168
1.5.167
1.5.166
1.5.165
1.5.164
1.5.163
1.5.162
1.5.161
1.5.160
1.5.159
1.5.158
1.5.155
1.5.153
1.5.150
1.2.0
1.1.3
1.1.1
1.1.0
1.0.9
1.0.8
1.0.7
1.0.6
1.0.5
1.0.4
1.0.0
Using 1.5.211
Use --version to specify a different version.
Using url https://pypi.python.org/packages/source/o/oauth2/oauth2-1.5.211.tar.gz (18 KB) for oauth2.
Downloading oauth2 (use --no-download to skip this step)
Using cached download
Unpacking oauth2...
done
working in /tmp/tmpmU7Vzsconda_skeleton_oauth2-1.5.211.tar.gz
Fetching package metadata: ......
Solving package specifications: .patching file core.py
Hunk #1 succeeded at 168 with fuzz 2 (offset 2 lines).

The following NEW packages will be INSTALLED:

    numpy:  1.9.2-py27_0
    pyyaml: 3.11-py27_0 
    yaml:   0.1.4-0     

Linking packages ...
[                    ]|                                                  |   0%[yaml                ]|                                                  |   0%[numpy               ]|################                                  |  33%[pyyaml              ]|#################################                 |  66%[      COMPLETE      ]|##################################################| 100%
Applying patch: '/tmp/tmpmU7Vzsconda_skeleton_oauth2-1.5.211.tar.gz/pypi-distutils.patch'
Writing recipe for oauth2
Done
