Error: prefix already exists: /home/ubuntu/miniconda/envs/_pipbuild_
Collecting ordereddict==1.1
  Downloading http://localhost/packages/source/o/ordereddict/ordereddict-1.1.tar.gz
Installing collected packages: ordereddict
  Running setup.py install for ordereddict
Successfully installed ordereddict-1.1
Fetching package metadata: ....

Package plan for package removal in environment /home/ubuntu/miniconda/envs/_pipbuild_:

The following packages will be REMOVED:

    openssl:    1.0.1k-1    
    pip:        7.0.3-py27_0
    python:     2.7.10-0    
    readline:   6.2-2       
    setuptools: 17.0-py27_0 
    sqlite:     3.8.4.1-1   
    system:     5.8-2       
    tk:         8.5.18-0    
    zlib:       1.2.8-0     

Unlinking packages ...
[                    ]|                                                  |   0%[openssl             ]|                                                  |   0%[pip                 ]|#####                                             |  11%[python              ]|###########                                       |  22%[readline            ]|################                                  |  33%[setuptools          ]|######################                            |  44%[sqlite              ]|###########################                       |  55%[system              ]|#################################                 |  66%[tk                  ]|######################################            |  77%[zlib                ]|############################################      |  88%[      COMPLETE      ]|##################################################| 100%
Removing old build directory
Removing old work directory
BUILD START: ordereddict-1.1-py_0
Fetching package metadata: ......
Solving package specifications: .+ pip install ordereddict==1.1
Collecting ordereddict==1.1
  Downloading http://localhost/packages/source/o/ordereddict/ordereddict-1.1.tar.gz
setuptools must be installed to install from a source distribution

The following NEW packages will be INSTALLED:

    openssl:    1.0.1k-1     
    pip:        7.0.3-py27_0 
    python:     2.7.10-0     
    readline:   6.2-2        
    setuptools: 17.1.1-py27_0
    sqlite:     3.8.4.1-1    
    system:     5.8-2        
    tk:         8.5.18-0     
    zlib:       1.2.8-0      

Linking packages ...
[                    ]|                                                  |   0%[openssl             ]|                                                  |   0%[readline            ]|#####                                             |  11%[sqlite              ]|###########                                       |  22%[system              ]|################                                  |  33%[tk                  ]|######################                            |  44%[zlib                ]|###########################                       |  55%[python              ]|#################################                 |  66%[setuptools          ]|######################################            |  77%[pip                 ]|############################################      |  88%[      COMPLETE      ]|##################################################| 100%
Removing old work directory
Copying /home/ubuntu/pypi-conda-builds/ordereddict-1.1 to /home/ubuntu/miniconda/conda-bld/work
Package: ordereddict-1.1-py_0
source tree in: /home/ubuntu/miniconda/conda-bld/work
Command failed: /bin/bash -x -e /home/ubuntu/pypi-conda-builds/ordereddict-1.1/build.sh
Package search: {'_pypi_ordering': False, 'version': '1.1', 'name': 'ordereddict', 'summary': "A drop-in substitute for Py2.7's new collections.OrderedDict that works in Python 2.4-2.6."}
Creating standard recipe for ordereddict-1.1
Error: directory already exists: ./ordereddict

conda create -n _pipbuild_ --yes python pip
/home/ubuntu/miniconda/envs/_pipbuild_/bin/pip install ordereddict==1.1
Getting dependencies...
package = ordereddict
   dependencies = []
Building conda package for ordereddict
