Warning, the following versions were found for os-brick
0.2.0
0.1.1
0.1.0
0.0.0
Using 0.2.0
Use --version to specify a different version.
Using url https://pypi.python.org/packages/source/o/os-brick/os-brick-0.2.0.tar.gz (45 KB) for os-brick.
Downloading os-brick (use --no-download to skip this step)
Unpacking os-brick...
done
working in /tmp/tmpaDlWmfconda_skeleton_os-brick-0.2.0.tar.gz
Fetching package metadata: ......
Solving package specifications: .patching file core.py
Hunk #1 succeeded at 168 with fuzz 2 (offset 2 lines).
Traceback (most recent call last):
  File "setup.py", line 18, in <module>
    import setuptools
ImportError: No module named setuptools

Applying patch: '/tmp/tmpaDlWmfconda_skeleton_os-brick-0.2.0.tar.gz/pypi-distutils.patch'
$PYTHONPATH = /tmp/tmpaDlWmfconda_skeleton_os-brick-0.2.0.tar.gz/os-brick-0.2.0
Error: command failed: /home/ubuntu/miniconda/envs/_build/bin/python setup.py install
