Warning, the following versions were found for os-client-config
1.3.0
1.2.0
1.1.0
1.0.0
0.8.2
0.8.1
0.8.0
0.7.0
0.6.0
0.5.0
0.4.3
0.4.2
0.4.1
0.4.0
0.3.0
0.2.0
0.1.0
9bbb4f3
Using 1.3.0
Use --version to specify a different version.
Using url https://pypi.python.org/packages/source/o/os-client-config/os-client-config-1.3.0.tar.gz (21 KB) for os-client-config.
Downloading os-client-config (use --no-download to skip this step)
Using cached download
Unpacking os-client-config...
done
working in /tmp/tmpwJRPfTconda_skeleton_os-client-config-1.3.0.tar.gz
Fetching package metadata: ......
Solving package specifications: .patching file core.py
Hunk #1 succeeded at 168 with fuzz 2 (offset 2 lines).

Applying patch: '/tmp/tmpwJRPfTconda_skeleton_os-client-config-1.3.0.tar.gz/pypi-distutils.patch'
Writing recipe for os-client-config
Done
