Warning, the following versions were found for os_diskconfig_python_novaclient_ext
0.1.2
0.1.1
0.1.0
Using 0.1.2
Use --version to specify a different version.
Using url https://pypi.python.org/packages/source/o/os_diskconfig_python_novaclient_ext/os_diskconfig_python_novaclient_ext-0.1.2.tar.gz (2 KB) for os_diskconfig_python_novaclient_ext.
Downloading os_diskconfig_python_novaclient_ext (use --no-download to skip this step)
Using cached download
Unpacking os_diskconfig_python_novaclient_ext...
done
working in /tmp/tmpsjNgrkconda_skeleton_os_diskconfig_python_novaclient_ext-0.1.2.tar.gz
Fetching package metadata: ......
Solving package specifications: .patching file core.py
Hunk #1 succeeded at 168 with fuzz 2 (offset 2 lines).
Traceback (most recent call last):
  File "setup.py", line 15, in <module>
    import setuptools
ImportError: No module named setuptools

Applying patch: '/tmp/tmpsjNgrkconda_skeleton_os_diskconfig_python_novaclient_ext-0.1.2.tar.gz/pypi-distutils.patch'
$PYTHONPATH = /tmp/tmpsjNgrkconda_skeleton_os_diskconfig_python_novaclient_ext-0.1.2.tar.gz/os_diskconfig_python_novaclient_ext-0.1.2
Error: command failed: /home/ubuntu/miniconda/envs/_build/bin/python setup.py install
