Removing old build directory
Removing old work directory
BUILD START: oslo.middleware-1.2.0-py27_0
Fetching package metadata: ......
Solving package specifications: .+ /home/ubuntu/miniconda/envs/_build/bin/python setup.py install
running install
running build
running build_py
creating build
creating build/lib
creating build/lib/oslo
copying oslo/__init__.py -> build/lib/oslo
creating build/lib/oslo/middleware
copying oslo/middleware/correlation_id.py -> build/lib/oslo/middleware
copying oslo/middleware/debug.py -> build/lib/oslo/middleware
copying oslo/middleware/request_id.py -> build/lib/oslo/middleware
copying oslo/middleware/catch_errors.py -> build/lib/oslo/middleware
copying oslo/middleware/__init__.py -> build/lib/oslo/middleware
copying oslo/middleware/sizelimit.py -> build/lib/oslo/middleware
copying oslo/middleware/base.py -> build/lib/oslo/middleware
creating build/lib/oslo_middleware
creating build/lib/oslo_middleware/healthcheck
copying oslo_middleware/healthcheck/pluginbase.py -> build/lib/oslo_middleware/healthcheck
copying oslo_middleware/healthcheck/disable_by_file.py -> build/lib/oslo_middleware/healthcheck
copying oslo_middleware/healthcheck/__init__.py -> build/lib/oslo_middleware/healthcheck
creating build/lib/oslo_middleware/tests
copying oslo_middleware/tests/test_healthcheck.py -> build/lib/oslo_middleware/tests
copying oslo_middleware/tests/test_sizelimit.py -> build/lib/oslo_middleware/tests
copying oslo_middleware/tests/test_cors.py -> build/lib/oslo_middleware/tests
copying oslo_middleware/tests/test_correlation_id.py -> build/lib/oslo_middleware/tests
copying oslo_middleware/tests/__init__.py -> build/lib/oslo_middleware/tests
copying oslo_middleware/tests/test_catch_errors.py -> build/lib/oslo_middleware/tests
copying oslo_middleware/tests/test_request_id.py -> build/lib/oslo_middleware/tests
copying oslo_middleware/_i18n.py -> build/lib/oslo_middleware
copying oslo_middleware/correlation_id.py -> build/lib/oslo_middleware
copying oslo_middleware/cors.py -> build/lib/oslo_middleware
copying oslo_middleware/debug.py -> build/lib/oslo_middleware
copying oslo_middleware/request_id.py -> build/lib/oslo_middleware
copying oslo_middleware/catch_errors.py -> build/lib/oslo_middleware
copying oslo_middleware/__init__.py -> build/lib/oslo_middleware
copying oslo_middleware/sizelimit.py -> build/lib/oslo_middleware
copying oslo_middleware/base.py -> build/lib/oslo_middleware
copying oslo_middleware/opts.py -> build/lib/oslo_middleware
running egg_info
writing requirements to oslo.middleware.egg-info/requires.txt
writing oslo.middleware.egg-info/PKG-INFO
writing namespace_packages to oslo.middleware.egg-info/namespace_packages.txt
writing top-level names to oslo.middleware.egg-info/top_level.txt
writing dependency_links to oslo.middleware.egg-info/dependency_links.txt
writing entry points to oslo.middleware.egg-info/entry_points.txt
[pbr] Reusing existing SOURCES.txt
running install_lib
creating /home/ubuntu/miniconda/envs/_build/lib/python2.7/site-packages/oslo
creating /home/ubuntu/miniconda/envs/_build/lib/python2.7/site-packages/oslo/middleware
copying build/lib/oslo/middleware/correlation_id.py -> /home/ubuntu/miniconda/envs/_build/lib/python2.7/site-packages/oslo/middleware
copying build/lib/oslo/middleware/debug.py -> /home/ubuntu/miniconda/envs/_build/lib/python2.7/site-packages/oslo/middleware
copying build/lib/oslo/middleware/request_id.py -> /home/ubuntu/miniconda/envs/_build/lib/python2.7/site-packages/oslo/middleware
copying build/lib/oslo/middleware/catch_errors.py -> /home/ubuntu/miniconda/envs/_build/lib/python2.7/site-packages/oslo/middleware
copying build/lib/oslo/middleware/__init__.py -> /home/ubuntu/miniconda/envs/_build/lib/python2.7/site-packages/oslo/middleware
copying build/lib/oslo/middleware/sizelimit.py -> /home/ubuntu/miniconda/envs/_build/lib/python2.7/site-packages/oslo/middleware
copying build/lib/oslo/middleware/base.py -> /home/ubuntu/miniconda/envs/_build/lib/python2.7/site-packages/oslo/middleware
copying build/lib/oslo/__init__.py -> /home/ubuntu/miniconda/envs/_build/lib/python2.7/site-packages/oslo
creating /home/ubuntu/miniconda/envs/_build/lib/python2.7/site-packages/oslo_middleware
copying build/lib/oslo_middleware/_i18n.py -> /home/ubuntu/miniconda/envs/_build/lib/python2.7/site-packages/oslo_middleware
copying build/lib/oslo_middleware/correlation_id.py -> /home/ubuntu/miniconda/envs/_build/lib/python2.7/site-packages/oslo_middleware
copying build/lib/oslo_middleware/cors.py -> /home/ubuntu/miniconda/envs/_build/lib/python2.7/site-packages/oslo_middleware
copying build/lib/oslo_middleware/debug.py -> /home/ubuntu/miniconda/envs/_build/lib/python2.7/site-packages/oslo_middleware
creating /home/ubuntu/miniconda/envs/_build/lib/python2.7/site-packages/oslo_middleware/healthcheck
copying build/lib/oslo_middleware/healthcheck/pluginbase.py -> /home/ubuntu/miniconda/envs/_build/lib/python2.7/site-packages/oslo_middleware/healthcheck
copying build/lib/oslo_middleware/healthcheck/disable_by_file.py -> /home/ubuntu/miniconda/envs/_build/lib/python2.7/site-packages/oslo_middleware/healthcheck
copying build/lib/oslo_middleware/healthcheck/__init__.py -> /home/ubuntu/miniconda/envs/_build/lib/python2.7/site-packages/oslo_middleware/healthcheck
creating /home/ubuntu/miniconda/envs/_build/lib/python2.7/site-packages/oslo_middleware/tests
copying build/lib/oslo_middleware/tests/test_healthcheck.py -> /home/ubuntu/miniconda/envs/_build/lib/python2.7/site-packages/oslo_middleware/tests
copying build/lib/oslo_middleware/tests/test_sizelimit.py -> /home/ubuntu/miniconda/envs/_build/lib/python2.7/site-packages/oslo_middleware/tests
copying build/lib/oslo_middleware/tests/test_cors.py -> /home/ubuntu/miniconda/envs/_build/lib/python2.7/site-packages/oslo_middleware/tests
copying build/lib/oslo_middleware/tests/test_correlation_id.py -> /home/ubuntu/miniconda/envs/_build/lib/python2.7/site-packages/oslo_middleware/tests
copying build/lib/oslo_middleware/tests/__init__.py -> /home/ubuntu/miniconda/envs/_build/lib/python2.7/site-packages/oslo_middleware/tests
copying build/lib/oslo_middleware/tests/test_catch_errors.py -> /home/ubuntu/miniconda/envs/_build/lib/python2.7/site-packages/oslo_middleware/tests
copying build/lib/oslo_middleware/tests/test_request_id.py -> /home/ubuntu/miniconda/envs/_build/lib/python2.7/site-packages/oslo_middleware/tests
copying build/lib/oslo_middleware/request_id.py -> /home/ubuntu/miniconda/envs/_build/lib/python2.7/site-packages/oslo_middleware
copying build/lib/oslo_middleware/catch_errors.py -> /home/ubuntu/miniconda/envs/_build/lib/python2.7/site-packages/oslo_middleware
copying build/lib/oslo_middleware/__init__.py -> /home/ubuntu/miniconda/envs/_build/lib/python2.7/site-packages/oslo_middleware
copying build/lib/oslo_middleware/sizelimit.py -> /home/ubuntu/miniconda/envs/_build/lib/python2.7/site-packages/oslo_middleware
copying build/lib/oslo_middleware/base.py -> /home/ubuntu/miniconda/envs/_build/lib/python2.7/site-packages/oslo_middleware
copying build/lib/oslo_middleware/opts.py -> /home/ubuntu/miniconda/envs/_build/lib/python2.7/site-packages/oslo_middleware
byte-compiling /home/ubuntu/miniconda/envs/_build/lib/python2.7/site-packages/oslo/middleware/correlation_id.py to correlation_id.pyc
byte-compiling /home/ubuntu/miniconda/envs/_build/lib/python2.7/site-packages/oslo/middleware/debug.py to debug.pyc
byte-compiling /home/ubuntu/miniconda/envs/_build/lib/python2.7/site-packages/oslo/middleware/request_id.py to request_id.pyc
byte-compiling /home/ubuntu/miniconda/envs/_build/lib/python2.7/site-packages/oslo/middleware/catch_errors.py to catch_errors.pyc
byte-compiling /home/ubuntu/miniconda/envs/_build/lib/python2.7/site-packages/oslo/middleware/__init__.py to __init__.pyc
byte-compiling /home/ubuntu/miniconda/envs/_build/lib/python2.7/site-packages/oslo/middleware/sizelimit.py to sizelimit.pyc
byte-compiling /home/ubuntu/miniconda/envs/_build/lib/python2.7/site-packages/oslo/middleware/base.py to base.pyc
byte-compiling /home/ubuntu/miniconda/envs/_build/lib/python2.7/site-packages/oslo/__init__.py to __init__.pyc
byte-compiling /home/ubuntu/miniconda/envs/_build/lib/python2.7/site-packages/oslo_middleware/_i18n.py to _i18n.pyc
byte-compiling /home/ubuntu/miniconda/envs/_build/lib/python2.7/site-packages/oslo_middleware/correlation_id.py to correlation_id.pyc
byte-compiling /home/ubuntu/miniconda/envs/_build/lib/python2.7/site-packages/oslo_middleware/cors.py to cors.pyc
byte-compiling /home/ubuntu/miniconda/envs/_build/lib/python2.7/site-packages/oslo_middleware/debug.py to debug.pyc
byte-compiling /home/ubuntu/miniconda/envs/_build/lib/python2.7/site-packages/oslo_middleware/healthcheck/pluginbase.py to pluginbase.pyc
byte-compiling /home/ubuntu/miniconda/envs/_build/lib/python2.7/site-packages/oslo_middleware/healthcheck/disable_by_file.py to disable_by_file.pyc
byte-compiling /home/ubuntu/miniconda/envs/_build/lib/python2.7/site-packages/oslo_middleware/healthcheck/__init__.py to __init__.pyc
byte-compiling /home/ubuntu/miniconda/envs/_build/lib/python2.7/site-packages/oslo_middleware/tests/test_healthcheck.py to test_healthcheck.pyc
byte-compiling /home/ubuntu/miniconda/envs/_build/lib/python2.7/site-packages/oslo_middleware/tests/test_sizelimit.py to test_sizelimit.pyc
byte-compiling /home/ubuntu/miniconda/envs/_build/lib/python2.7/site-packages/oslo_middleware/tests/test_cors.py to test_cors.pyc
byte-compiling /home/ubuntu/miniconda/envs/_build/lib/python2.7/site-packages/oslo_middleware/tests/test_correlation_id.py to test_correlation_id.pyc
byte-compiling /home/ubuntu/miniconda/envs/_build/lib/python2.7/site-packages/oslo_middleware/tests/__init__.py to __init__.pyc
byte-compiling /home/ubuntu/miniconda/envs/_build/lib/python2.7/site-packages/oslo_middleware/tests/test_catch_errors.py to test_catch_errors.pyc
byte-compiling /home/ubuntu/miniconda/envs/_build/lib/python2.7/site-packages/oslo_middleware/tests/test_request_id.py to test_request_id.pyc
byte-compiling /home/ubuntu/miniconda/envs/_build/lib/python2.7/site-packages/oslo_middleware/request_id.py to request_id.pyc
byte-compiling /home/ubuntu/miniconda/envs/_build/lib/python2.7/site-packages/oslo_middleware/catch_errors.py to catch_errors.pyc
byte-compiling /home/ubuntu/miniconda/envs/_build/lib/python2.7/site-packages/oslo_middleware/__init__.py to __init__.pyc
byte-compiling /home/ubuntu/miniconda/envs/_build/lib/python2.7/site-packages/oslo_middleware/sizelimit.py to sizelimit.pyc
byte-compiling /home/ubuntu/miniconda/envs/_build/lib/python2.7/site-packages/oslo_middleware/base.py to base.pyc
byte-compiling /home/ubuntu/miniconda/envs/_build/lib/python2.7/site-packages/oslo_middleware/opts.py to opts.pyc
running install_egg_info
Copying oslo.middleware.egg-info to /home/ubuntu/miniconda/envs/_build/lib/python2.7/site-packages/oslo.middleware-1.2.0-py2.7.egg-info
Installing /home/ubuntu/miniconda/envs/_build/lib/python2.7/site-packages/oslo.middleware-1.2.0-py2.7-nspkg.pth
running install_scripts

The following NEW packages will be INSTALLED:

    openssl:    1.0.1k-1    
    pbr:        1.0.1-py27_0
    pip:        6.1.1-py27_0
    python:     2.7.9-3     
    readline:   6.2-2       
    setuptools: 16.0-py27_0 
    sqlite:     3.8.4.1-1   
    system:     5.8-2       
    tk:         8.5.18-0    
    zlib:       1.2.8-0     

Linking packages ...
[                    ]|                                                  |   0%[openssl             ]|                                                  |   0%[readline            ]|#####                                             |  10%[sqlite              ]|##########                                        |  20%[system              ]|###############                                   |  30%[tk                  ]|####################                              |  40%[zlib                ]|#########################                         |  50%[python              ]|##############################                    |  60%[setuptools          ]|###################################               |  70%[pbr                 ]|########################################          |  80%[pip                 ]|#############################################     |  90%[      COMPLETE      ]|##################################################| 100%
Removing old work directory
Source cache directory is: /home/ubuntu/miniconda/conda-bld/src_cache
Found source in cache: oslo.middleware-1.2.0.tar.gz
Extracting download
Package: oslo.middleware-1.2.0-py27_0
source tree in: /home/ubuntu/miniconda/conda-bld/work/oslo.middleware-1.2.0
number of files: 66
Fixing permissions
Fixing permissions
BUILD END: oslo.middleware-1.2.0-py27_0
Nothing to test for: oslo.middleware-1.2.0-py27_0
# If you want to upload this package to binstar.org later, type:
#
# $ binstar upload /home/ubuntu/miniconda/conda-bld/linux-64/oslo.middleware-1.2.0-py27_0.tar.bz2
#
# To have conda build upload to binstar automatically, use
# $ conda config --set binstar_upload yes

