Warning, the following versions were found for oslo.versionedobjects
0.4.0
0.3.0
0.2.0
0.1.1
0.1.0
0.0.0
Using 0.4.0
Use --version to specify a different version.
Using url https://pypi.python.org/packages/source/o/oslo.versionedobjects/oslo.versionedobjects-0.4.0.tar.gz (111 KB) for oslo.versionedobjects.
Downloading oslo.versionedobjects (use --no-download to skip this step)
Using cached download
Unpacking oslo.versionedobjects...
done
working in /tmp/tmpeedNbXconda_skeleton_oslo.versionedobjects-0.4.0.tar.gz
Fetching package metadata: ......
Solving package specifications: .patching file core.py
Hunk #1 succeeded at 168 with fuzz 2 (offset 2 lines).
Traceback (most recent call last):
  File "setup.py", line 18, in <module>
    import setuptools
ImportError: No module named setuptools

Applying patch: '/tmp/tmpeedNbXconda_skeleton_oslo.versionedobjects-0.4.0.tar.gz/pypi-distutils.patch'
$PYTHONPATH = /tmp/tmpeedNbXconda_skeleton_oslo.versionedobjects-0.4.0.tar.gz/oslo.versionedobjects-0.4.0
Error: command failed: /home/ubuntu/miniconda/envs/_build/bin/python setup.py install
