Removing old build directory
Removing old work directory
BUILD START: oslo.policy-0.4.0-py27_0
Fetching package metadata: ......
Solving package specifications: .+ /home/ubuntu/miniconda/envs/_build/bin/python setup.py install
running install
running build
running build_py
creating build
creating build/lib
creating build/lib/oslo_policy
creating build/lib/oslo_policy/openstack
copying oslo_policy/openstack/__init__.py -> build/lib/oslo_policy/openstack
creating build/lib/oslo_policy/tests
copying oslo_policy/tests/test_checks.py -> build/lib/oslo_policy/tests
copying oslo_policy/tests/test_parser.py -> build/lib/oslo_policy/tests
copying oslo_policy/tests/test_policy.py -> build/lib/oslo_policy/tests
copying oslo_policy/tests/__init__.py -> build/lib/oslo_policy/tests
copying oslo_policy/tests/token_fixture.py -> build/lib/oslo_policy/tests
copying oslo_policy/tests/base.py -> build/lib/oslo_policy/tests
copying oslo_policy/tests/test_opts.py -> build/lib/oslo_policy/tests
copying oslo_policy/_i18n.py -> build/lib/oslo_policy
copying oslo_policy/policy.py -> build/lib/oslo_policy
copying oslo_policy/_parser.py -> build/lib/oslo_policy
copying oslo_policy/_checks.py -> build/lib/oslo_policy
copying oslo_policy/__init__.py -> build/lib/oslo_policy
copying oslo_policy/opts.py -> build/lib/oslo_policy
creating build/lib/oslo_policy/openstack/common
copying oslo_policy/openstack/common/__init__.py -> build/lib/oslo_policy/openstack/common
copying oslo_policy/openstack/common/fileutils.py -> build/lib/oslo_policy/openstack/common
running egg_info
writing requirements to oslo.policy.egg-info/requires.txt
writing oslo.policy.egg-info/PKG-INFO
writing top-level names to oslo.policy.egg-info/top_level.txt
writing dependency_links to oslo.policy.egg-info/dependency_links.txt
writing entry points to oslo.policy.egg-info/entry_points.txt
[pbr] Reusing existing SOURCES.txt
running install_lib
creating /home/ubuntu/miniconda/envs/_build/lib/python2.7/site-packages/oslo_policy
copying build/lib/oslo_policy/_i18n.py -> /home/ubuntu/miniconda/envs/_build/lib/python2.7/site-packages/oslo_policy
copying build/lib/oslo_policy/policy.py -> /home/ubuntu/miniconda/envs/_build/lib/python2.7/site-packages/oslo_policy
copying build/lib/oslo_policy/_parser.py -> /home/ubuntu/miniconda/envs/_build/lib/python2.7/site-packages/oslo_policy
copying build/lib/oslo_policy/_checks.py -> /home/ubuntu/miniconda/envs/_build/lib/python2.7/site-packages/oslo_policy
creating /home/ubuntu/miniconda/envs/_build/lib/python2.7/site-packages/oslo_policy/tests
copying build/lib/oslo_policy/tests/test_checks.py -> /home/ubuntu/miniconda/envs/_build/lib/python2.7/site-packages/oslo_policy/tests
copying build/lib/oslo_policy/tests/test_parser.py -> /home/ubuntu/miniconda/envs/_build/lib/python2.7/site-packages/oslo_policy/tests
copying build/lib/oslo_policy/tests/test_policy.py -> /home/ubuntu/miniconda/envs/_build/lib/python2.7/site-packages/oslo_policy/tests
copying build/lib/oslo_policy/tests/__init__.py -> /home/ubuntu/miniconda/envs/_build/lib/python2.7/site-packages/oslo_policy/tests
copying build/lib/oslo_policy/tests/token_fixture.py -> /home/ubuntu/miniconda/envs/_build/lib/python2.7/site-packages/oslo_policy/tests
copying build/lib/oslo_policy/tests/base.py -> /home/ubuntu/miniconda/envs/_build/lib/python2.7/site-packages/oslo_policy/tests
copying build/lib/oslo_policy/tests/test_opts.py -> /home/ubuntu/miniconda/envs/_build/lib/python2.7/site-packages/oslo_policy/tests
copying build/lib/oslo_policy/__init__.py -> /home/ubuntu/miniconda/envs/_build/lib/python2.7/site-packages/oslo_policy
creating /home/ubuntu/miniconda/envs/_build/lib/python2.7/site-packages/oslo_policy/openstack
creating /home/ubuntu/miniconda/envs/_build/lib/python2.7/site-packages/oslo_policy/openstack/common
copying build/lib/oslo_policy/openstack/common/__init__.py -> /home/ubuntu/miniconda/envs/_build/lib/python2.7/site-packages/oslo_policy/openstack/common
copying build/lib/oslo_policy/openstack/common/fileutils.py -> /home/ubuntu/miniconda/envs/_build/lib/python2.7/site-packages/oslo_policy/openstack/common
copying build/lib/oslo_policy/openstack/__init__.py -> /home/ubuntu/miniconda/envs/_build/lib/python2.7/site-packages/oslo_policy/openstack
copying build/lib/oslo_policy/opts.py -> /home/ubuntu/miniconda/envs/_build/lib/python2.7/site-packages/oslo_policy
byte-compiling /home/ubuntu/miniconda/envs/_build/lib/python2.7/site-packages/oslo_policy/_i18n.py to _i18n.pyc
byte-compiling /home/ubuntu/miniconda/envs/_build/lib/python2.7/site-packages/oslo_policy/policy.py to policy.pyc
byte-compiling /home/ubuntu/miniconda/envs/_build/lib/python2.7/site-packages/oslo_policy/_parser.py to _parser.pyc
byte-compiling /home/ubuntu/miniconda/envs/_build/lib/python2.7/site-packages/oslo_policy/_checks.py to _checks.pyc
byte-compiling /home/ubuntu/miniconda/envs/_build/lib/python2.7/site-packages/oslo_policy/tests/test_checks.py to test_checks.pyc
byte-compiling /home/ubuntu/miniconda/envs/_build/lib/python2.7/site-packages/oslo_policy/tests/test_parser.py to test_parser.pyc
byte-compiling /home/ubuntu/miniconda/envs/_build/lib/python2.7/site-packages/oslo_policy/tests/test_policy.py to test_policy.pyc
byte-compiling /home/ubuntu/miniconda/envs/_build/lib/python2.7/site-packages/oslo_policy/tests/__init__.py to __init__.pyc
byte-compiling /home/ubuntu/miniconda/envs/_build/lib/python2.7/site-packages/oslo_policy/tests/token_fixture.py to token_fixture.pyc
byte-compiling /home/ubuntu/miniconda/envs/_build/lib/python2.7/site-packages/oslo_policy/tests/base.py to base.pyc
byte-compiling /home/ubuntu/miniconda/envs/_build/lib/python2.7/site-packages/oslo_policy/tests/test_opts.py to test_opts.pyc
byte-compiling /home/ubuntu/miniconda/envs/_build/lib/python2.7/site-packages/oslo_policy/__init__.py to __init__.pyc
byte-compiling /home/ubuntu/miniconda/envs/_build/lib/python2.7/site-packages/oslo_policy/openstack/common/__init__.py to __init__.pyc
byte-compiling /home/ubuntu/miniconda/envs/_build/lib/python2.7/site-packages/oslo_policy/openstack/common/fileutils.py to fileutils.pyc
byte-compiling /home/ubuntu/miniconda/envs/_build/lib/python2.7/site-packages/oslo_policy/openstack/__init__.py to __init__.pyc
byte-compiling /home/ubuntu/miniconda/envs/_build/lib/python2.7/site-packages/oslo_policy/opts.py to opts.pyc
running install_egg_info
Copying oslo.policy.egg-info to /home/ubuntu/miniconda/envs/_build/lib/python2.7/site-packages/oslo.policy-0.4.0-py2.7.egg-info
running install_scripts

The following NEW packages will be INSTALLED:

    openssl:    1.0.1k-1    
    pbr:        1.0.1-py27_0
    pip:        6.1.1-py27_0
    python:     2.7.9-3     
    readline:   6.2-2       
    setuptools: 16.0-py27_0 
    sqlite:     3.8.4.1-1   
    system:     5.8-2       
    tk:         8.5.18-0    
    zlib:       1.2.8-0     

Linking packages ...
[                    ]|                                                  |   0%[openssl             ]|                                                  |   0%[readline            ]|#####                                             |  10%[sqlite              ]|##########                                        |  20%[system              ]|###############                                   |  30%[tk                  ]|####################                              |  40%[zlib                ]|#########################                         |  50%[python              ]|##############################                    |  60%[setuptools          ]|###################################               |  70%[pbr                 ]|########################################          |  80%[pip                 ]|#############################################     |  90%[      COMPLETE      ]|##################################################| 100%
Removing old work directory
Source cache directory is: /home/ubuntu/miniconda/conda-bld/src_cache
Found source in cache: oslo.policy-0.4.0.tar.gz
Extracting download
Package: oslo.policy-0.4.0-py27_0
source tree in: /home/ubuntu/miniconda/conda-bld/work/oslo.policy-0.4.0
number of files: 40
Fixing permissions
Fixing permissions
BUILD END: oslo.policy-0.4.0-py27_0
Nothing to test for: oslo.policy-0.4.0-py27_0
# If you want to upload this package to binstar.org later, type:
#
# $ binstar upload /home/ubuntu/miniconda/conda-bld/linux-64/oslo.policy-0.4.0-py27_0.tar.bz2
#
# To have conda build upload to binstar automatically, use
# $ conda config --set binstar_upload yes

