Package search: {'_pypi_ordering': False, 'version': '1.1.0', 'name': 'oslo.config', 'summary': 'Oslo configuration API'}
Fetching package metadata: ....
Fetching package metadata: ....
Solving package specifications: .
Package plan for installation in environment /home/ubuntu/miniconda/envs/_pipbuild_:

The following NEW packages will be INSTALLED:

    openssl:    1.0.1k-1    
    pip:        7.0.1-py27_0
    python:     2.7.10-0    
    readline:   6.2-2       
    setuptools: 17.0-py27_0 
    sqlite:     3.8.4.1-1   
    system:     5.8-2       
    tk:         8.5.18-0    
    zlib:       1.2.8-0     

Linking packages ...
[                    ]|                                                  |   0%[openssl             ]|                                                  |   0%[readline            ]|#####                                             |  11%[sqlite              ]|###########                                       |  22%[system              ]|################                                  |  33%[tk                  ]|######################                            |  44%[zlib                ]|###########################                       |  55%[python              ]|#################################                 |  66%[setuptools          ]|######################################            |  77%[pip                 ]|############################################      |  88%[      COMPLETE      ]|##################################################| 100%
#
# To activate this environment, use:
# $ source activate _pipbuild_
#
# To deactivate this environment, use:
# $ source deactivate
#
You are using pip version 7.0.1, however version 7.0.3 is available.
You should consider upgrading via the 'pip install --upgrade pip' command.
Collecting oslo.config==1.12.0
  Could not find a version that satisfies the requirement oslo.config==1.12.0 (from versions: 1.1.0, 1.1.1, 1.2.0, 1.2.1, 1.3.0, 1.4.0.0a1, 1.4.0.0a2, 1.4.0.0a3, 1.4.0.0a4, 1.4.0.0a5, 1.4.0, 1.5.0, 1.6.0, 1.6.1, 1.7.0, 1.8.0, 1.9.0, 1.9.1, 1.9.2, 1.9.3, 1.10.0, 1.11.0)
No matching distribution found for oslo.config==1.12.0
Creating standard recipe for oslo.config-1.12.0
Error: directory already exists: ./oslo.config

conda create -n _pipbuild_ --yes python pip
/home/ubuntu/miniconda/envs/_pipbuild_/bin/pip install oslo.config==1.12.0
Error: Could not pip install oslo.config==1.12.0
