Warning, the following versions were found for oslo.serialization
1.6.0
1.5.0
1.4.0
1.3.0
1.2.0
1.1.0
1.0.0
0.3.0
0.2.0
0.1.0
Using 1.6.0
Use --version to specify a different version.
Using url https://pypi.python.org/packages/source/o/oslo.serialization/oslo.serialization-1.6.0.tar.gz (23 KB) for oslo.serialization.
Downloading oslo.serialization (use --no-download to skip this step)
Using cached download
Unpacking oslo.serialization...
done
working in /tmp/tmpMem1siconda_skeleton_oslo.serialization-1.6.0.tar.gz
Fetching package metadata: ......
Solving package specifications: .patching file core.py
Hunk #1 succeeded at 168 with fuzz 2 (offset 2 lines).

Applying patch: '/tmp/tmpMem1siconda_skeleton_oslo.serialization-1.6.0.tar.gz/pypi-distutils.patch'
Writing recipe for oslo.serialization
Done
