Removing old build directory
Removing old work directory
BUILD START: oslo.context-0.3.0-py27_0
Fetching package metadata: ........
Solving package specifications: .+ /home/hargup/anaconda/envs/_build/bin/python setup.py install
running install
running build
running build_py
creating build
creating build/lib
creating build/lib/oslo_context
creating build/lib/oslo_context/tests
copying oslo_context/tests/test_fixture.py -> build/lib/oslo_context/tests
copying oslo_context/tests/test_context.py -> build/lib/oslo_context/tests
copying oslo_context/tests/__init__.py -> build/lib/oslo_context/tests
copying oslo_context/context.py -> build/lib/oslo_context
copying oslo_context/fixture.py -> build/lib/oslo_context
copying oslo_context/__init__.py -> build/lib/oslo_context
running egg_info
writing requirements to oslo.context.egg-info/requires.txt
writing oslo.context.egg-info/PKG-INFO
writing top-level names to oslo.context.egg-info/top_level.txt
writing dependency_links to oslo.context.egg-info/dependency_links.txt
[pbr] Reusing existing SOURCES.txt
running install_lib
creating /home/hargup/anaconda/envs/_build/lib/python2.7/site-packages/oslo_context
copying build/lib/oslo_context/context.py -> /home/hargup/anaconda/envs/_build/lib/python2.7/site-packages/oslo_context
creating /home/hargup/anaconda/envs/_build/lib/python2.7/site-packages/oslo_context/tests
copying build/lib/oslo_context/tests/test_fixture.py -> /home/hargup/anaconda/envs/_build/lib/python2.7/site-packages/oslo_context/tests
copying build/lib/oslo_context/tests/test_context.py -> /home/hargup/anaconda/envs/_build/lib/python2.7/site-packages/oslo_context/tests
copying build/lib/oslo_context/tests/__init__.py -> /home/hargup/anaconda/envs/_build/lib/python2.7/site-packages/oslo_context/tests
copying build/lib/oslo_context/fixture.py -> /home/hargup/anaconda/envs/_build/lib/python2.7/site-packages/oslo_context
copying build/lib/oslo_context/__init__.py -> /home/hargup/anaconda/envs/_build/lib/python2.7/site-packages/oslo_context
byte-compiling /home/hargup/anaconda/envs/_build/lib/python2.7/site-packages/oslo_context/context.py to context.pyc
byte-compiling /home/hargup/anaconda/envs/_build/lib/python2.7/site-packages/oslo_context/tests/test_fixture.py to test_fixture.pyc
byte-compiling /home/hargup/anaconda/envs/_build/lib/python2.7/site-packages/oslo_context/tests/test_context.py to test_context.pyc
byte-compiling /home/hargup/anaconda/envs/_build/lib/python2.7/site-packages/oslo_context/tests/__init__.py to __init__.pyc
byte-compiling /home/hargup/anaconda/envs/_build/lib/python2.7/site-packages/oslo_context/fixture.py to fixture.pyc
byte-compiling /home/hargup/anaconda/envs/_build/lib/python2.7/site-packages/oslo_context/__init__.py to __init__.pyc
running install_egg_info
Copying oslo.context.egg-info to /home/hargup/anaconda/envs/_build/lib/python2.7/site-packages/oslo.context-0.3.0-py2.7.egg-info
running install_scripts

The following NEW packages will be INSTALLED:

    openssl:    1.0.1k-1    
    pbr:        1.0.1-py27_0
    pip:        6.1.1-py27_0
    python:     2.7.9-3     
    readline:   6.2-2       
    setuptools: 16.0-py27_0 
    sqlite:     3.8.4.1-1   
    system:     5.8-2       
    tk:         8.5.18-0    
    zlib:       1.2.8-0     

Linking packages ...
[                    ]|                                                  |   0%[openssl             ]|                                                  |   0%[readline            ]|#####                                             |  10%[sqlite              ]|##########                                        |  20%[system              ]|###############                                   |  30%[tk                  ]|####################                              |  40%[zlib                ]|#########################                         |  50%[python              ]|##############################                    |  60%[setuptools          ]|###################################               |  70%[pbr                 ]|########################################          |  80%[pip                 ]|#############################################     |  90%[      COMPLETE      ]|##################################################| 100%
Removing old work directory
Source cache directory is: /home/hargup/anaconda/conda-bld/src_cache
Found source in cache: oslo.context-0.3.0.tar.gz
Extracting download
Package: oslo.context-0.3.0-py27_0
source tree in: /home/hargup/anaconda/conda-bld/work/oslo.context-0.3.0
number of files: 19
Fixing permissions
Fixing permissions
BUILD END: oslo.context-0.3.0-py27_0
Nothing to test for: oslo.context-0.3.0-py27_0
# If you want to upload this package to binstar.org later, type:
#
# $ binstar upload /home/hargup/anaconda/conda-bld/linux-64/oslo.context-0.3.0-py27_0.tar.bz2
#
# To have conda build upload to binstar automatically, use
# $ conda config --set binstar_upload yes

