Removing old build directory
Removing old work directory
BUILD START: oslo.vmware-0.13.0-py27_0
Fetching package metadata: ......
Solving package specifications: .+ /home/ubuntu/miniconda/envs/_build/bin/python setup.py install
running install
running build
running build_py
creating build
creating build/lib
creating build/lib/oslo
copying oslo/__init__.py -> build/lib/oslo
creating build/lib/oslo/vmware
copying oslo/vmware/vim_util.py -> build/lib/oslo/vmware
copying oslo/vmware/api.py -> build/lib/oslo/vmware
copying oslo/vmware/rw_handles.py -> build/lib/oslo/vmware
copying oslo/vmware/vim.py -> build/lib/oslo/vmware
copying oslo/vmware/image_transfer.py -> build/lib/oslo/vmware
copying oslo/vmware/constants.py -> build/lib/oslo/vmware
copying oslo/vmware/service.py -> build/lib/oslo/vmware
copying oslo/vmware/__init__.py -> build/lib/oslo/vmware
copying oslo/vmware/pbm.py -> build/lib/oslo/vmware
copying oslo/vmware/exceptions.py -> build/lib/oslo/vmware
creating build/lib/oslo/vmware/objects
copying oslo/vmware/objects/datacenter.py -> build/lib/oslo/vmware/objects
copying oslo/vmware/objects/__init__.py -> build/lib/oslo/vmware/objects
copying oslo/vmware/objects/datastore.py -> build/lib/oslo/vmware/objects
creating build/lib/oslo_vmware
creating build/lib/oslo_vmware/tests
copying oslo_vmware/tests/test_image_transfer.py -> build/lib/oslo_vmware/tests
copying oslo_vmware/tests/test_vim.py -> build/lib/oslo_vmware/tests
copying oslo_vmware/tests/test_pbm.py -> build/lib/oslo_vmware/tests
copying oslo_vmware/tests/test_api.py -> build/lib/oslo_vmware/tests
copying oslo_vmware/tests/__init__.py -> build/lib/oslo_vmware/tests
copying oslo_vmware/tests/test_service.py -> build/lib/oslo_vmware/tests
copying oslo_vmware/tests/test_vim_util.py -> build/lib/oslo_vmware/tests
copying oslo_vmware/tests/test_exceptions.py -> build/lib/oslo_vmware/tests
copying oslo_vmware/tests/test_rw_handles.py -> build/lib/oslo_vmware/tests
copying oslo_vmware/tests/base.py -> build/lib/oslo_vmware/tests
creating build/lib/oslo_vmware/objects
copying oslo_vmware/objects/datacenter.py -> build/lib/oslo_vmware/objects
copying oslo_vmware/objects/__init__.py -> build/lib/oslo_vmware/objects
copying oslo_vmware/objects/datastore.py -> build/lib/oslo_vmware/objects
copying oslo_vmware/_i18n.py -> build/lib/oslo_vmware
copying oslo_vmware/vim_util.py -> build/lib/oslo_vmware
copying oslo_vmware/api.py -> build/lib/oslo_vmware
copying oslo_vmware/rw_handles.py -> build/lib/oslo_vmware
copying oslo_vmware/vim.py -> build/lib/oslo_vmware
copying oslo_vmware/image_transfer.py -> build/lib/oslo_vmware
copying oslo_vmware/constants.py -> build/lib/oslo_vmware
copying oslo_vmware/service.py -> build/lib/oslo_vmware
copying oslo_vmware/__init__.py -> build/lib/oslo_vmware
copying oslo_vmware/pbm.py -> build/lib/oslo_vmware
copying oslo_vmware/exceptions.py -> build/lib/oslo_vmware
creating build/lib/oslo_vmware/common
copying oslo_vmware/common/loopingcall.py -> build/lib/oslo_vmware/common
copying oslo_vmware/common/__init__.py -> build/lib/oslo_vmware/common
creating build/lib/oslo_vmware/tests/objects
copying oslo_vmware/tests/objects/test_datastore.py -> build/lib/oslo_vmware/tests/objects
copying oslo_vmware/tests/objects/test_datacenter.py -> build/lib/oslo_vmware/tests/objects
copying oslo_vmware/tests/objects/__init__.py -> build/lib/oslo_vmware/tests/objects
running egg_info
writing requirements to oslo.vmware.egg-info/requires.txt
writing oslo.vmware.egg-info/PKG-INFO
writing namespace_packages to oslo.vmware.egg-info/namespace_packages.txt
writing top-level names to oslo.vmware.egg-info/top_level.txt
writing dependency_links to oslo.vmware.egg-info/dependency_links.txt
[pbr] Reusing existing SOURCES.txt
creating build/lib/oslo_vmware/wsdl
creating build/lib/oslo_vmware/wsdl/5.5
copying oslo_vmware/wsdl/5.5/core-types.xsd -> build/lib/oslo_vmware/wsdl/5.5
copying oslo_vmware/wsdl/5.5/pbm-messagetypes.xsd -> build/lib/oslo_vmware/wsdl/5.5
copying oslo_vmware/wsdl/5.5/pbm-types.xsd -> build/lib/oslo_vmware/wsdl/5.5
copying oslo_vmware/wsdl/5.5/pbm.wsdl -> build/lib/oslo_vmware/wsdl/5.5
copying oslo_vmware/wsdl/5.5/pbmService.wsdl -> build/lib/oslo_vmware/wsdl/5.5
creating build/lib/oslo_vmware/wsdl/6.0
copying oslo_vmware/wsdl/6.0/core-types.xsd -> build/lib/oslo_vmware/wsdl/6.0
copying oslo_vmware/wsdl/6.0/pbm-messagetypes.xsd -> build/lib/oslo_vmware/wsdl/6.0
copying oslo_vmware/wsdl/6.0/pbm-types.xsd -> build/lib/oslo_vmware/wsdl/6.0
copying oslo_vmware/wsdl/6.0/pbm.wsdl -> build/lib/oslo_vmware/wsdl/6.0
copying oslo_vmware/wsdl/6.0/pbmService.wsdl -> build/lib/oslo_vmware/wsdl/6.0
running install_lib
creating /home/ubuntu/miniconda/envs/_build/lib/python2.7/site-packages/oslo
copying build/lib/oslo/__init__.py -> /home/ubuntu/miniconda/envs/_build/lib/python2.7/site-packages/oslo
creating /home/ubuntu/miniconda/envs/_build/lib/python2.7/site-packages/oslo/vmware
copying build/lib/oslo/vmware/vim_util.py -> /home/ubuntu/miniconda/envs/_build/lib/python2.7/site-packages/oslo/vmware
creating /home/ubuntu/miniconda/envs/_build/lib/python2.7/site-packages/oslo/vmware/objects
copying build/lib/oslo/vmware/objects/datacenter.py -> /home/ubuntu/miniconda/envs/_build/lib/python2.7/site-packages/oslo/vmware/objects
copying build/lib/oslo/vmware/objects/__init__.py -> /home/ubuntu/miniconda/envs/_build/lib/python2.7/site-packages/oslo/vmware/objects
copying build/lib/oslo/vmware/objects/datastore.py -> /home/ubuntu/miniconda/envs/_build/lib/python2.7/site-packages/oslo/vmware/objects
copying build/lib/oslo/vmware/api.py -> /home/ubuntu/miniconda/envs/_build/lib/python2.7/site-packages/oslo/vmware
copying build/lib/oslo/vmware/rw_handles.py -> /home/ubuntu/miniconda/envs/_build/lib/python2.7/site-packages/oslo/vmware
copying build/lib/oslo/vmware/vim.py -> /home/ubuntu/miniconda/envs/_build/lib/python2.7/site-packages/oslo/vmware
copying build/lib/oslo/vmware/image_transfer.py -> /home/ubuntu/miniconda/envs/_build/lib/python2.7/site-packages/oslo/vmware
copying build/lib/oslo/vmware/constants.py -> /home/ubuntu/miniconda/envs/_build/lib/python2.7/site-packages/oslo/vmware
copying build/lib/oslo/vmware/service.py -> /home/ubuntu/miniconda/envs/_build/lib/python2.7/site-packages/oslo/vmware
copying build/lib/oslo/vmware/__init__.py -> /home/ubuntu/miniconda/envs/_build/lib/python2.7/site-packages/oslo/vmware
copying build/lib/oslo/vmware/pbm.py -> /home/ubuntu/miniconda/envs/_build/lib/python2.7/site-packages/oslo/vmware
copying build/lib/oslo/vmware/exceptions.py -> /home/ubuntu/miniconda/envs/_build/lib/python2.7/site-packages/oslo/vmware
creating /home/ubuntu/miniconda/envs/_build/lib/python2.7/site-packages/oslo_vmware
copying build/lib/oslo_vmware/_i18n.py -> /home/ubuntu/miniconda/envs/_build/lib/python2.7/site-packages/oslo_vmware
creating /home/ubuntu/miniconda/envs/_build/lib/python2.7/site-packages/oslo_vmware/common
copying build/lib/oslo_vmware/common/loopingcall.py -> /home/ubuntu/miniconda/envs/_build/lib/python2.7/site-packages/oslo_vmware/common
copying build/lib/oslo_vmware/common/__init__.py -> /home/ubuntu/miniconda/envs/_build/lib/python2.7/site-packages/oslo_vmware/common
copying build/lib/oslo_vmware/vim_util.py -> /home/ubuntu/miniconda/envs/_build/lib/python2.7/site-packages/oslo_vmware
creating /home/ubuntu/miniconda/envs/_build/lib/python2.7/site-packages/oslo_vmware/objects
copying build/lib/oslo_vmware/objects/datacenter.py -> /home/ubuntu/miniconda/envs/_build/lib/python2.7/site-packages/oslo_vmware/objects
copying build/lib/oslo_vmware/objects/__init__.py -> /home/ubuntu/miniconda/envs/_build/lib/python2.7/site-packages/oslo_vmware/objects
copying build/lib/oslo_vmware/objects/datastore.py -> /home/ubuntu/miniconda/envs/_build/lib/python2.7/site-packages/oslo_vmware/objects
copying build/lib/oslo_vmware/api.py -> /home/ubuntu/miniconda/envs/_build/lib/python2.7/site-packages/oslo_vmware
copying build/lib/oslo_vmware/rw_handles.py -> /home/ubuntu/miniconda/envs/_build/lib/python2.7/site-packages/oslo_vmware
copying build/lib/oslo_vmware/vim.py -> /home/ubuntu/miniconda/envs/_build/lib/python2.7/site-packages/oslo_vmware
copying build/lib/oslo_vmware/image_transfer.py -> /home/ubuntu/miniconda/envs/_build/lib/python2.7/site-packages/oslo_vmware
creating /home/ubuntu/miniconda/envs/_build/lib/python2.7/site-packages/oslo_vmware/tests
copying build/lib/oslo_vmware/tests/test_image_transfer.py -> /home/ubuntu/miniconda/envs/_build/lib/python2.7/site-packages/oslo_vmware/tests
creating /home/ubuntu/miniconda/envs/_build/lib/python2.7/site-packages/oslo_vmware/tests/objects
copying build/lib/oslo_vmware/tests/objects/test_datastore.py -> /home/ubuntu/miniconda/envs/_build/lib/python2.7/site-packages/oslo_vmware/tests/objects
copying build/lib/oslo_vmware/tests/objects/test_datacenter.py -> /home/ubuntu/miniconda/envs/_build/lib/python2.7/site-packages/oslo_vmware/tests/objects
copying build/lib/oslo_vmware/tests/objects/__init__.py -> /home/ubuntu/miniconda/envs/_build/lib/python2.7/site-packages/oslo_vmware/tests/objects
copying build/lib/oslo_vmware/tests/test_vim.py -> /home/ubuntu/miniconda/envs/_build/lib/python2.7/site-packages/oslo_vmware/tests
copying build/lib/oslo_vmware/tests/test_pbm.py -> /home/ubuntu/miniconda/envs/_build/lib/python2.7/site-packages/oslo_vmware/tests
copying build/lib/oslo_vmware/tests/test_api.py -> /home/ubuntu/miniconda/envs/_build/lib/python2.7/site-packages/oslo_vmware/tests
copying build/lib/oslo_vmware/tests/__init__.py -> /home/ubuntu/miniconda/envs/_build/lib/python2.7/site-packages/oslo_vmware/tests
copying build/lib/oslo_vmware/tests/test_service.py -> /home/ubuntu/miniconda/envs/_build/lib/python2.7/site-packages/oslo_vmware/tests
copying build/lib/oslo_vmware/tests/test_vim_util.py -> /home/ubuntu/miniconda/envs/_build/lib/python2.7/site-packages/oslo_vmware/tests
copying build/lib/oslo_vmware/tests/test_exceptions.py -> /home/ubuntu/miniconda/envs/_build/lib/python2.7/site-packages/oslo_vmware/tests
copying build/lib/oslo_vmware/tests/test_rw_handles.py -> /home/ubuntu/miniconda/envs/_build/lib/python2.7/site-packages/oslo_vmware/tests
copying build/lib/oslo_vmware/tests/base.py -> /home/ubuntu/miniconda/envs/_build/lib/python2.7/site-packages/oslo_vmware/tests
creating /home/ubuntu/miniconda/envs/_build/lib/python2.7/site-packages/oslo_vmware/wsdl
creating /home/ubuntu/miniconda/envs/_build/lib/python2.7/site-packages/oslo_vmware/wsdl/5.5
copying build/lib/oslo_vmware/wsdl/5.5/pbm-messagetypes.xsd -> /home/ubuntu/miniconda/envs/_build/lib/python2.7/site-packages/oslo_vmware/wsdl/5.5
copying build/lib/oslo_vmware/wsdl/5.5/core-types.xsd -> /home/ubuntu/miniconda/envs/_build/lib/python2.7/site-packages/oslo_vmware/wsdl/5.5
copying build/lib/oslo_vmware/wsdl/5.5/pbmService.wsdl -> /home/ubuntu/miniconda/envs/_build/lib/python2.7/site-packages/oslo_vmware/wsdl/5.5
copying build/lib/oslo_vmware/wsdl/5.5/pbm.wsdl -> /home/ubuntu/miniconda/envs/_build/lib/python2.7/site-packages/oslo_vmware/wsdl/5.5
copying build/lib/oslo_vmware/wsdl/5.5/pbm-types.xsd -> /home/ubuntu/miniconda/envs/_build/lib/python2.7/site-packages/oslo_vmware/wsdl/5.5
creating /home/ubuntu/miniconda/envs/_build/lib/python2.7/site-packages/oslo_vmware/wsdl/6.0
copying build/lib/oslo_vmware/wsdl/6.0/pbm-messagetypes.xsd -> /home/ubuntu/miniconda/envs/_build/lib/python2.7/site-packages/oslo_vmware/wsdl/6.0
copying build/lib/oslo_vmware/wsdl/6.0/core-types.xsd -> /home/ubuntu/miniconda/envs/_build/lib/python2.7/site-packages/oslo_vmware/wsdl/6.0
copying build/lib/oslo_vmware/wsdl/6.0/pbmService.wsdl -> /home/ubuntu/miniconda/envs/_build/lib/python2.7/site-packages/oslo_vmware/wsdl/6.0
copying build/lib/oslo_vmware/wsdl/6.0/pbm.wsdl -> /home/ubuntu/miniconda/envs/_build/lib/python2.7/site-packages/oslo_vmware/wsdl/6.0
copying build/lib/oslo_vmware/wsdl/6.0/pbm-types.xsd -> /home/ubuntu/miniconda/envs/_build/lib/python2.7/site-packages/oslo_vmware/wsdl/6.0
copying build/lib/oslo_vmware/constants.py -> /home/ubuntu/miniconda/envs/_build/lib/python2.7/site-packages/oslo_vmware
copying build/lib/oslo_vmware/service.py -> /home/ubuntu/miniconda/envs/_build/lib/python2.7/site-packages/oslo_vmware
copying build/lib/oslo_vmware/__init__.py -> /home/ubuntu/miniconda/envs/_build/lib/python2.7/site-packages/oslo_vmware
copying build/lib/oslo_vmware/pbm.py -> /home/ubuntu/miniconda/envs/_build/lib/python2.7/site-packages/oslo_vmware
copying build/lib/oslo_vmware/exceptions.py -> /home/ubuntu/miniconda/envs/_build/lib/python2.7/site-packages/oslo_vmware
byte-compiling /home/ubuntu/miniconda/envs/_build/lib/python2.7/site-packages/oslo/__init__.py to __init__.pyc
byte-compiling /home/ubuntu/miniconda/envs/_build/lib/python2.7/site-packages/oslo/vmware/vim_util.py to vim_util.pyc
byte-compiling /home/ubuntu/miniconda/envs/_build/lib/python2.7/site-packages/oslo/vmware/objects/datacenter.py to datacenter.pyc
byte-compiling /home/ubuntu/miniconda/envs/_build/lib/python2.7/site-packages/oslo/vmware/objects/__init__.py to __init__.pyc
byte-compiling /home/ubuntu/miniconda/envs/_build/lib/python2.7/site-packages/oslo/vmware/objects/datastore.py to datastore.pyc
byte-compiling /home/ubuntu/miniconda/envs/_build/lib/python2.7/site-packages/oslo/vmware/api.py to api.pyc
byte-compiling /home/ubuntu/miniconda/envs/_build/lib/python2.7/site-packages/oslo/vmware/rw_handles.py to rw_handles.pyc
byte-compiling /home/ubuntu/miniconda/envs/_build/lib/python2.7/site-packages/oslo/vmware/vim.py to vim.pyc
byte-compiling /home/ubuntu/miniconda/envs/_build/lib/python2.7/site-packages/oslo/vmware/image_transfer.py to image_transfer.pyc
byte-compiling /home/ubuntu/miniconda/envs/_build/lib/python2.7/site-packages/oslo/vmware/constants.py to constants.pyc
byte-compiling /home/ubuntu/miniconda/envs/_build/lib/python2.7/site-packages/oslo/vmware/service.py to service.pyc
byte-compiling /home/ubuntu/miniconda/envs/_build/lib/python2.7/site-packages/oslo/vmware/__init__.py to __init__.pyc
byte-compiling /home/ubuntu/miniconda/envs/_build/lib/python2.7/site-packages/oslo/vmware/pbm.py to pbm.pyc
byte-compiling /home/ubuntu/miniconda/envs/_build/lib/python2.7/site-packages/oslo/vmware/exceptions.py to exceptions.pyc
byte-compiling /home/ubuntu/miniconda/envs/_build/lib/python2.7/site-packages/oslo_vmware/_i18n.py to _i18n.pyc
byte-compiling /home/ubuntu/miniconda/envs/_build/lib/python2.7/site-packages/oslo_vmware/common/loopingcall.py to loopingcall.pyc
byte-compiling /home/ubuntu/miniconda/envs/_build/lib/python2.7/site-packages/oslo_vmware/common/__init__.py to __init__.pyc
byte-compiling /home/ubuntu/miniconda/envs/_build/lib/python2.7/site-packages/oslo_vmware/vim_util.py to vim_util.pyc
byte-compiling /home/ubuntu/miniconda/envs/_build/lib/python2.7/site-packages/oslo_vmware/objects/datacenter.py to datacenter.pyc
byte-compiling /home/ubuntu/miniconda/envs/_build/lib/python2.7/site-packages/oslo_vmware/objects/__init__.py to __init__.pyc
byte-compiling /home/ubuntu/miniconda/envs/_build/lib/python2.7/site-packages/oslo_vmware/objects/datastore.py to datastore.pyc
byte-compiling /home/ubuntu/miniconda/envs/_build/lib/python2.7/site-packages/oslo_vmware/api.py to api.pyc
byte-compiling /home/ubuntu/miniconda/envs/_build/lib/python2.7/site-packages/oslo_vmware/rw_handles.py to rw_handles.pyc
byte-compiling /home/ubuntu/miniconda/envs/_build/lib/python2.7/site-packages/oslo_vmware/vim.py to vim.pyc
byte-compiling /home/ubuntu/miniconda/envs/_build/lib/python2.7/site-packages/oslo_vmware/image_transfer.py to image_transfer.pyc
byte-compiling /home/ubuntu/miniconda/envs/_build/lib/python2.7/site-packages/oslo_vmware/tests/test_image_transfer.py to test_image_transfer.pyc
byte-compiling /home/ubuntu/miniconda/envs/_build/lib/python2.7/site-packages/oslo_vmware/tests/objects/test_datastore.py to test_datastore.pyc
byte-compiling /home/ubuntu/miniconda/envs/_build/lib/python2.7/site-packages/oslo_vmware/tests/objects/test_datacenter.py to test_datacenter.pyc
byte-compiling /home/ubuntu/miniconda/envs/_build/lib/python2.7/site-packages/oslo_vmware/tests/objects/__init__.py to __init__.pyc
byte-compiling /home/ubuntu/miniconda/envs/_build/lib/python2.7/site-packages/oslo_vmware/tests/test_vim.py to test_vim.pyc
byte-compiling /home/ubuntu/miniconda/envs/_build/lib/python2.7/site-packages/oslo_vmware/tests/test_pbm.py to test_pbm.pyc
byte-compiling /home/ubuntu/miniconda/envs/_build/lib/python2.7/site-packages/oslo_vmware/tests/test_api.py to test_api.pyc
byte-compiling /home/ubuntu/miniconda/envs/_build/lib/python2.7/site-packages/oslo_vmware/tests/__init__.py to __init__.pyc
byte-compiling /home/ubuntu/miniconda/envs/_build/lib/python2.7/site-packages/oslo_vmware/tests/test_service.py to test_service.pyc
byte-compiling /home/ubuntu/miniconda/envs/_build/lib/python2.7/site-packages/oslo_vmware/tests/test_vim_util.py to test_vim_util.pyc
byte-compiling /home/ubuntu/miniconda/envs/_build/lib/python2.7/site-packages/oslo_vmware/tests/test_exceptions.py to test_exceptions.pyc
byte-compiling /home/ubuntu/miniconda/envs/_build/lib/python2.7/site-packages/oslo_vmware/tests/test_rw_handles.py to test_rw_handles.pyc
byte-compiling /home/ubuntu/miniconda/envs/_build/lib/python2.7/site-packages/oslo_vmware/tests/base.py to base.pyc
byte-compiling /home/ubuntu/miniconda/envs/_build/lib/python2.7/site-packages/oslo_vmware/constants.py to constants.pyc
byte-compiling /home/ubuntu/miniconda/envs/_build/lib/python2.7/site-packages/oslo_vmware/service.py to service.pyc
byte-compiling /home/ubuntu/miniconda/envs/_build/lib/python2.7/site-packages/oslo_vmware/__init__.py to __init__.pyc
byte-compiling /home/ubuntu/miniconda/envs/_build/lib/python2.7/site-packages/oslo_vmware/pbm.py to pbm.pyc
byte-compiling /home/ubuntu/miniconda/envs/_build/lib/python2.7/site-packages/oslo_vmware/exceptions.py to exceptions.pyc
running install_egg_info
Copying oslo.vmware.egg-info to /home/ubuntu/miniconda/envs/_build/lib/python2.7/site-packages/oslo.vmware-0.13.0-py2.7.egg-info
Installing /home/ubuntu/miniconda/envs/_build/lib/python2.7/site-packages/oslo.vmware-0.13.0-py2.7-nspkg.pth
running install_scripts

The following NEW packages will be INSTALLED:

    openssl:    1.0.1k-1    
    pbr:        1.0.1-py27_0
    pip:        6.1.1-py27_0
    python:     2.7.9-3     
    readline:   6.2-2       
    setuptools: 16.0-py27_0 
    sqlite:     3.8.4.1-1   
    system:     5.8-2       
    tk:         8.5.18-0    
    zlib:       1.2.8-0     

Linking packages ...
[                    ]|                                                  |   0%[openssl             ]|                                                  |   0%[readline            ]|#####                                             |  10%[sqlite              ]|##########                                        |  20%[system              ]|###############                                   |  30%[tk                  ]|####################                              |  40%[zlib                ]|#########################                         |  50%[python              ]|##############################                    |  60%[setuptools          ]|###################################               |  70%[pbr                 ]|########################################          |  80%[pip                 ]|#############################################     |  90%[      COMPLETE      ]|##################################################| 100%
Removing old work directory
Source cache directory is: /home/ubuntu/miniconda/conda-bld/src_cache
Found source in cache: oslo.vmware-0.13.0.tar.gz
Extracting download
Package: oslo.vmware-0.13.0-py27_0
source tree in: /home/ubuntu/miniconda/conda-bld/work/oslo.vmware-0.13.0
number of files: 105
Fixing permissions
Fixing permissions
BUILD END: oslo.vmware-0.13.0-py27_0
Nothing to test for: oslo.vmware-0.13.0-py27_0
# If you want to upload this package to binstar.org later, type:
#
# $ binstar upload /home/ubuntu/miniconda/conda-bld/linux-64/oslo.vmware-0.13.0-py27_0.tar.bz2
#
# To have conda build upload to binstar automatically, use
# $ conda config --set binstar_upload yes

