Removing old build directory
Removing old work directory
BUILD START: oslo.versionedobjects-0.2.0-py27_0
Fetching package metadata: ......
Solving package specifications: .+ /home/ubuntu/miniconda/envs/_build/bin/python setup.py install
running install
running build
running build_py
creating build
creating build/lib
creating build/lib/oslo_versionedobjects
creating build/lib/oslo_versionedobjects/openstack
copying oslo_versionedobjects/openstack/__init__.py -> build/lib/oslo_versionedobjects/openstack
creating build/lib/oslo_versionedobjects/tests
copying oslo_versionedobjects/tests/test_objects.py -> build/lib/oslo_versionedobjects/tests
copying oslo_versionedobjects/tests/test_fields.py -> build/lib/oslo_versionedobjects/tests
copying oslo_versionedobjects/tests/__init__.py -> build/lib/oslo_versionedobjects/tests
copying oslo_versionedobjects/tests/obj_fixtures.py -> build/lib/oslo_versionedobjects/tests
copying oslo_versionedobjects/tests/test_utils.py -> build/lib/oslo_versionedobjects/tests
copying oslo_versionedobjects/_i18n.py -> build/lib/oslo_versionedobjects
copying oslo_versionedobjects/fields.py -> build/lib/oslo_versionedobjects
copying oslo_versionedobjects/exception.py -> build/lib/oslo_versionedobjects
copying oslo_versionedobjects/__init__.py -> build/lib/oslo_versionedobjects
copying oslo_versionedobjects/safe_utils.py -> build/lib/oslo_versionedobjects
copying oslo_versionedobjects/_utils.py -> build/lib/oslo_versionedobjects
copying oslo_versionedobjects/fixture.py -> build/lib/oslo_versionedobjects
copying oslo_versionedobjects/base.py -> build/lib/oslo_versionedobjects
copying oslo_versionedobjects/test.py -> build/lib/oslo_versionedobjects
creating build/lib/oslo_versionedobjects/openstack/common
copying oslo_versionedobjects/openstack/common/_i18n.py -> build/lib/oslo_versionedobjects/openstack/common
copying oslo_versionedobjects/openstack/common/versionutils.py -> build/lib/oslo_versionedobjects/openstack/common
copying oslo_versionedobjects/openstack/common/__init__.py -> build/lib/oslo_versionedobjects/openstack/common
running egg_info
writing requirements to oslo.versionedobjects.egg-info/requires.txt
writing oslo.versionedobjects.egg-info/PKG-INFO
writing top-level names to oslo.versionedobjects.egg-info/top_level.txt
writing dependency_links to oslo.versionedobjects.egg-info/dependency_links.txt
[pbr] Reusing existing SOURCES.txt
running install_lib
creating /home/ubuntu/miniconda/envs/_build/lib/python2.7/site-packages/oslo_versionedobjects
copying build/lib/oslo_versionedobjects/_i18n.py -> /home/ubuntu/miniconda/envs/_build/lib/python2.7/site-packages/oslo_versionedobjects
copying build/lib/oslo_versionedobjects/fields.py -> /home/ubuntu/miniconda/envs/_build/lib/python2.7/site-packages/oslo_versionedobjects
creating /home/ubuntu/miniconda/envs/_build/lib/python2.7/site-packages/oslo_versionedobjects/tests
copying build/lib/oslo_versionedobjects/tests/test_objects.py -> /home/ubuntu/miniconda/envs/_build/lib/python2.7/site-packages/oslo_versionedobjects/tests
copying build/lib/oslo_versionedobjects/tests/test_fields.py -> /home/ubuntu/miniconda/envs/_build/lib/python2.7/site-packages/oslo_versionedobjects/tests
copying build/lib/oslo_versionedobjects/tests/__init__.py -> /home/ubuntu/miniconda/envs/_build/lib/python2.7/site-packages/oslo_versionedobjects/tests
copying build/lib/oslo_versionedobjects/tests/obj_fixtures.py -> /home/ubuntu/miniconda/envs/_build/lib/python2.7/site-packages/oslo_versionedobjects/tests
copying build/lib/oslo_versionedobjects/tests/test_utils.py -> /home/ubuntu/miniconda/envs/_build/lib/python2.7/site-packages/oslo_versionedobjects/tests
copying build/lib/oslo_versionedobjects/exception.py -> /home/ubuntu/miniconda/envs/_build/lib/python2.7/site-packages/oslo_versionedobjects
copying build/lib/oslo_versionedobjects/__init__.py -> /home/ubuntu/miniconda/envs/_build/lib/python2.7/site-packages/oslo_versionedobjects
copying build/lib/oslo_versionedobjects/safe_utils.py -> /home/ubuntu/miniconda/envs/_build/lib/python2.7/site-packages/oslo_versionedobjects
creating /home/ubuntu/miniconda/envs/_build/lib/python2.7/site-packages/oslo_versionedobjects/openstack
creating /home/ubuntu/miniconda/envs/_build/lib/python2.7/site-packages/oslo_versionedobjects/openstack/common
copying build/lib/oslo_versionedobjects/openstack/common/_i18n.py -> /home/ubuntu/miniconda/envs/_build/lib/python2.7/site-packages/oslo_versionedobjects/openstack/common
copying build/lib/oslo_versionedobjects/openstack/common/versionutils.py -> /home/ubuntu/miniconda/envs/_build/lib/python2.7/site-packages/oslo_versionedobjects/openstack/common
copying build/lib/oslo_versionedobjects/openstack/common/__init__.py -> /home/ubuntu/miniconda/envs/_build/lib/python2.7/site-packages/oslo_versionedobjects/openstack/common
copying build/lib/oslo_versionedobjects/openstack/__init__.py -> /home/ubuntu/miniconda/envs/_build/lib/python2.7/site-packages/oslo_versionedobjects/openstack
copying build/lib/oslo_versionedobjects/_utils.py -> /home/ubuntu/miniconda/envs/_build/lib/python2.7/site-packages/oslo_versionedobjects
copying build/lib/oslo_versionedobjects/fixture.py -> /home/ubuntu/miniconda/envs/_build/lib/python2.7/site-packages/oslo_versionedobjects
copying build/lib/oslo_versionedobjects/base.py -> /home/ubuntu/miniconda/envs/_build/lib/python2.7/site-packages/oslo_versionedobjects
copying build/lib/oslo_versionedobjects/test.py -> /home/ubuntu/miniconda/envs/_build/lib/python2.7/site-packages/oslo_versionedobjects
byte-compiling /home/ubuntu/miniconda/envs/_build/lib/python2.7/site-packages/oslo_versionedobjects/_i18n.py to _i18n.pyc
byte-compiling /home/ubuntu/miniconda/envs/_build/lib/python2.7/site-packages/oslo_versionedobjects/fields.py to fields.pyc
byte-compiling /home/ubuntu/miniconda/envs/_build/lib/python2.7/site-packages/oslo_versionedobjects/tests/test_objects.py to test_objects.pyc
byte-compiling /home/ubuntu/miniconda/envs/_build/lib/python2.7/site-packages/oslo_versionedobjects/tests/test_fields.py to test_fields.pyc
byte-compiling /home/ubuntu/miniconda/envs/_build/lib/python2.7/site-packages/oslo_versionedobjects/tests/__init__.py to __init__.pyc
byte-compiling /home/ubuntu/miniconda/envs/_build/lib/python2.7/site-packages/oslo_versionedobjects/tests/obj_fixtures.py to obj_fixtures.pyc
byte-compiling /home/ubuntu/miniconda/envs/_build/lib/python2.7/site-packages/oslo_versionedobjects/tests/test_utils.py to test_utils.pyc
byte-compiling /home/ubuntu/miniconda/envs/_build/lib/python2.7/site-packages/oslo_versionedobjects/exception.py to exception.pyc
byte-compiling /home/ubuntu/miniconda/envs/_build/lib/python2.7/site-packages/oslo_versionedobjects/__init__.py to __init__.pyc
byte-compiling /home/ubuntu/miniconda/envs/_build/lib/python2.7/site-packages/oslo_versionedobjects/safe_utils.py to safe_utils.pyc
byte-compiling /home/ubuntu/miniconda/envs/_build/lib/python2.7/site-packages/oslo_versionedobjects/openstack/common/_i18n.py to _i18n.pyc
byte-compiling /home/ubuntu/miniconda/envs/_build/lib/python2.7/site-packages/oslo_versionedobjects/openstack/common/versionutils.py to versionutils.pyc
byte-compiling /home/ubuntu/miniconda/envs/_build/lib/python2.7/site-packages/oslo_versionedobjects/openstack/common/__init__.py to __init__.pyc
byte-compiling /home/ubuntu/miniconda/envs/_build/lib/python2.7/site-packages/oslo_versionedobjects/openstack/__init__.py to __init__.pyc
byte-compiling /home/ubuntu/miniconda/envs/_build/lib/python2.7/site-packages/oslo_versionedobjects/_utils.py to _utils.pyc
byte-compiling /home/ubuntu/miniconda/envs/_build/lib/python2.7/site-packages/oslo_versionedobjects/fixture.py to fixture.pyc
byte-compiling /home/ubuntu/miniconda/envs/_build/lib/python2.7/site-packages/oslo_versionedobjects/base.py to base.pyc
byte-compiling /home/ubuntu/miniconda/envs/_build/lib/python2.7/site-packages/oslo_versionedobjects/test.py to test.pyc
running install_egg_info
Copying oslo.versionedobjects.egg-info to /home/ubuntu/miniconda/envs/_build/lib/python2.7/site-packages/oslo.versionedobjects-0.2.0-py2.7.egg-info
running install_scripts

The following NEW packages will be INSTALLED:

    openssl:    1.0.1k-1    
    pbr:        1.0.1-py27_0
    pip:        6.1.1-py27_0
    python:     2.7.9-3     
    readline:   6.2-2       
    setuptools: 16.0-py27_0 
    sqlite:     3.8.4.1-1   
    system:     5.8-2       
    tk:         8.5.18-0    
    zlib:       1.2.8-0     

Linking packages ...
[                    ]|                                                  |   0%[openssl             ]|                                                  |   0%[readline            ]|#####                                             |  10%[sqlite              ]|##########                                        |  20%[system              ]|###############                                   |  30%[tk                  ]|####################                              |  40%[zlib                ]|#########################                         |  50%[python              ]|##############################                    |  60%[setuptools          ]|###################################               |  70%[pbr                 ]|########################################          |  80%[pip                 ]|#############################################     |  90%[      COMPLETE      ]|##################################################| 100%
Removing old work directory
Source cache directory is: /home/ubuntu/miniconda/conda-bld/src_cache
Found source in cache: oslo.versionedobjects-0.2.0.tar.gz
Extracting download
Package: oslo.versionedobjects-0.2.0-py27_0
source tree in: /home/ubuntu/miniconda/conda-bld/work/oslo.versionedobjects-0.2.0
number of files: 43
Fixing permissions
Fixing permissions
BUILD END: oslo.versionedobjects-0.2.0-py27_0
Nothing to test for: oslo.versionedobjects-0.2.0-py27_0
# If you want to upload this package to binstar.org later, type:
#
# $ binstar upload /home/ubuntu/miniconda/conda-bld/linux-64/oslo.versionedobjects-0.2.0-py27_0.tar.bz2
#
# To have conda build upload to binstar automatically, use
# $ conda config --set binstar_upload yes

