Package search: {'_pypi_ordering': False, 'version': '2.0.0', 'name': 'oslo.concurrency', 'summary': 'Oslo Concurrency library'}
Fetching package metadata: ....
Error: prefix already exists: /home/ubuntu/miniconda/envs/_pipbuild_
Collecting oslo.concurrency==2.0.0
  Could not find a version that satisfies the requirement oslo.concurrency==2.0.0 (from versions: 0.1.0, 0.2.0, 0.3.0, 0.4.0, 1.4.1, 1.5.0, 1.6.0, 1.7.0, 1.8.0, 1.9.0)
No matching distribution found for oslo.concurrency==2.0.0
Creating standard recipe for oslo.concurrency-2.0.0
    LOCKERROR: It looks like conda is already doing something.
    The lock /home/ubuntu/miniconda/conda-bld/.conda_lock-9322 was found. Wait for it to finish before continuing.
    If you are sure that conda is not running, remove it and try again.
    You can also use: $ conda clean --lock
Sleeping for 1 seconds
    LOCKERROR: It looks like conda is already doing something.
    The lock /home/ubuntu/miniconda/conda-bld/.conda_lock-9322 was found. Wait for it to finish before continuing.
    If you are sure that conda is not running, remove it and try again.
    You can also use: $ conda clean --lock
Sleeping for 2 seconds
    LOCKERROR: It looks like conda is already doing something.
    The lock /home/ubuntu/miniconda/conda-bld/.conda_lock-9322 was found. Wait for it to finish before continuing.
    If you are sure that conda is not running, remove it and try again.
    You can also use: $ conda clean --lock
Sleeping for 4 seconds
    LOCKERROR: It looks like conda is already doing something.
    The lock /home/ubuntu/miniconda/conda-bld/.conda_lock-9322 was found. Wait for it to finish before continuing.
    If you are sure that conda is not running, remove it and try again.
    You can also use: $ conda clean --lock
Sleeping for 8 seconds
    LOCKERROR: It looks like conda is already doing something.
    The lock /home/ubuntu/miniconda/conda-bld/.conda_lock-9322 was found. Wait for it to finish before continuing.
    If you are sure that conda is not running, remove it and try again.
    You can also use: $ conda clean --lock
Sleeping for 16 seconds
    LOCKERROR: It looks like conda is already doing something.
    The lock /home/ubuntu/miniconda/conda-bld/.conda_lock-9322 was found. Wait for it to finish before continuing.
    If you are sure that conda is not running, remove it and try again.
    You can also use: $ conda clean --lock
Sleeping for 32 seconds
    LOCKERROR: It looks like conda is already doing something.
    The lock /home/ubuntu/miniconda/conda-bld/.conda_lock-9322 was found. Wait for it to finish before continuing.
    If you are sure that conda is not running, remove it and try again.
    You can also use: $ conda clean --lock
Sleeping for 64 seconds
Error: directory already exists: ./oslo.concurrency

conda create -n _pipbuild_ --yes python pip
/home/ubuntu/miniconda/envs/_pipbuild_/bin/pip install oslo.concurrency==2.0.0
Error: Could not pip install oslo.concurrency==2.0.0
