Removing old build directory
Removing old work directory
BUILD START: oslo.utils-1.5.0-py27_0
Fetching package metadata: ......
Solving package specifications: .+ /home/ubuntu/miniconda/envs/_build/bin/python setup.py install
running install
running build
running build_py
creating build
creating build/lib
creating build/lib/oslo
copying oslo/__init__.py -> build/lib/oslo
creating build/lib/oslo/utils
copying oslo/utils/netutils.py -> build/lib/oslo/utils
copying oslo/utils/units.py -> build/lib/oslo/utils
copying oslo/utils/excutils.py -> build/lib/oslo/utils
copying oslo/utils/reflection.py -> build/lib/oslo/utils
copying oslo/utils/encodeutils.py -> build/lib/oslo/utils
copying oslo/utils/timeutils.py -> build/lib/oslo/utils
copying oslo/utils/uuidutils.py -> build/lib/oslo/utils
copying oslo/utils/strutils.py -> build/lib/oslo/utils
copying oslo/utils/__init__.py -> build/lib/oslo/utils
copying oslo/utils/importutils.py -> build/lib/oslo/utils
creating build/lib/oslo_utils
creating build/lib/oslo_utils/tests
copying oslo_utils/tests/test_uuidutils.py -> build/lib/oslo_utils/tests
copying oslo_utils/tests/test_importutils.py -> build/lib/oslo_utils/tests
copying oslo_utils/tests/test_timeutils.py -> build/lib/oslo_utils/tests
copying oslo_utils/tests/test_fixture.py -> build/lib/oslo_utils/tests
copying oslo_utils/tests/__init__.py -> build/lib/oslo_utils/tests
copying oslo_utils/tests/tests_encodeutils.py -> build/lib/oslo_utils/tests
copying oslo_utils/tests/test_netutils.py -> build/lib/oslo_utils/tests
copying oslo_utils/tests/test_eventletutils.py -> build/lib/oslo_utils/tests
copying oslo_utils/tests/test_excutils.py -> build/lib/oslo_utils/tests
copying oslo_utils/tests/base.py -> build/lib/oslo_utils/tests
copying oslo_utils/tests/test_strutils.py -> build/lib/oslo_utils/tests
copying oslo_utils/tests/test_reflection.py -> build/lib/oslo_utils/tests
copying oslo_utils/netutils.py -> build/lib/oslo_utils
copying oslo_utils/_i18n.py -> build/lib/oslo_utils
copying oslo_utils/units.py -> build/lib/oslo_utils
copying oslo_utils/excutils.py -> build/lib/oslo_utils
copying oslo_utils/reflection.py -> build/lib/oslo_utils
copying oslo_utils/encodeutils.py -> build/lib/oslo_utils
copying oslo_utils/timeutils.py -> build/lib/oslo_utils
copying oslo_utils/eventletutils.py -> build/lib/oslo_utils
copying oslo_utils/uuidutils.py -> build/lib/oslo_utils
copying oslo_utils/strutils.py -> build/lib/oslo_utils
copying oslo_utils/__init__.py -> build/lib/oslo_utils
copying oslo_utils/fixture.py -> build/lib/oslo_utils
copying oslo_utils/importutils.py -> build/lib/oslo_utils
creating build/lib/oslo_utils/tests/fake
copying oslo_utils/tests/fake/__init__.py -> build/lib/oslo_utils/tests/fake
running egg_info
writing requirements to oslo.utils.egg-info/requires.txt
writing oslo.utils.egg-info/PKG-INFO
writing namespace_packages to oslo.utils.egg-info/namespace_packages.txt
writing top-level names to oslo.utils.egg-info/top_level.txt
writing dependency_links to oslo.utils.egg-info/dependency_links.txt
[pbr] Reusing existing SOURCES.txt
running install_lib
creating /home/ubuntu/miniconda/envs/_build/lib/python2.7/site-packages/oslo_utils
copying build/lib/oslo_utils/netutils.py -> /home/ubuntu/miniconda/envs/_build/lib/python2.7/site-packages/oslo_utils
copying build/lib/oslo_utils/_i18n.py -> /home/ubuntu/miniconda/envs/_build/lib/python2.7/site-packages/oslo_utils
copying build/lib/oslo_utils/units.py -> /home/ubuntu/miniconda/envs/_build/lib/python2.7/site-packages/oslo_utils
copying build/lib/oslo_utils/excutils.py -> /home/ubuntu/miniconda/envs/_build/lib/python2.7/site-packages/oslo_utils
copying build/lib/oslo_utils/reflection.py -> /home/ubuntu/miniconda/envs/_build/lib/python2.7/site-packages/oslo_utils
copying build/lib/oslo_utils/encodeutils.py -> /home/ubuntu/miniconda/envs/_build/lib/python2.7/site-packages/oslo_utils
copying build/lib/oslo_utils/timeutils.py -> /home/ubuntu/miniconda/envs/_build/lib/python2.7/site-packages/oslo_utils
copying build/lib/oslo_utils/eventletutils.py -> /home/ubuntu/miniconda/envs/_build/lib/python2.7/site-packages/oslo_utils
creating /home/ubuntu/miniconda/envs/_build/lib/python2.7/site-packages/oslo_utils/tests
copying build/lib/oslo_utils/tests/test_uuidutils.py -> /home/ubuntu/miniconda/envs/_build/lib/python2.7/site-packages/oslo_utils/tests
copying build/lib/oslo_utils/tests/test_importutils.py -> /home/ubuntu/miniconda/envs/_build/lib/python2.7/site-packages/oslo_utils/tests
copying build/lib/oslo_utils/tests/test_timeutils.py -> /home/ubuntu/miniconda/envs/_build/lib/python2.7/site-packages/oslo_utils/tests
copying build/lib/oslo_utils/tests/test_fixture.py -> /home/ubuntu/miniconda/envs/_build/lib/python2.7/site-packages/oslo_utils/tests
copying build/lib/oslo_utils/tests/__init__.py -> /home/ubuntu/miniconda/envs/_build/lib/python2.7/site-packages/oslo_utils/tests
copying build/lib/oslo_utils/tests/tests_encodeutils.py -> /home/ubuntu/miniconda/envs/_build/lib/python2.7/site-packages/oslo_utils/tests
copying build/lib/oslo_utils/tests/test_netutils.py -> /home/ubuntu/miniconda/envs/_build/lib/python2.7/site-packages/oslo_utils/tests
copying build/lib/oslo_utils/tests/test_eventletutils.py -> /home/ubuntu/miniconda/envs/_build/lib/python2.7/site-packages/oslo_utils/tests
copying build/lib/oslo_utils/tests/test_excutils.py -> /home/ubuntu/miniconda/envs/_build/lib/python2.7/site-packages/oslo_utils/tests
creating /home/ubuntu/miniconda/envs/_build/lib/python2.7/site-packages/oslo_utils/tests/fake
copying build/lib/oslo_utils/tests/fake/__init__.py -> /home/ubuntu/miniconda/envs/_build/lib/python2.7/site-packages/oslo_utils/tests/fake
copying build/lib/oslo_utils/tests/base.py -> /home/ubuntu/miniconda/envs/_build/lib/python2.7/site-packages/oslo_utils/tests
copying build/lib/oslo_utils/tests/test_strutils.py -> /home/ubuntu/miniconda/envs/_build/lib/python2.7/site-packages/oslo_utils/tests
copying build/lib/oslo_utils/tests/test_reflection.py -> /home/ubuntu/miniconda/envs/_build/lib/python2.7/site-packages/oslo_utils/tests
copying build/lib/oslo_utils/uuidutils.py -> /home/ubuntu/miniconda/envs/_build/lib/python2.7/site-packages/oslo_utils
copying build/lib/oslo_utils/strutils.py -> /home/ubuntu/miniconda/envs/_build/lib/python2.7/site-packages/oslo_utils
copying build/lib/oslo_utils/__init__.py -> /home/ubuntu/miniconda/envs/_build/lib/python2.7/site-packages/oslo_utils
copying build/lib/oslo_utils/fixture.py -> /home/ubuntu/miniconda/envs/_build/lib/python2.7/site-packages/oslo_utils
copying build/lib/oslo_utils/importutils.py -> /home/ubuntu/miniconda/envs/_build/lib/python2.7/site-packages/oslo_utils
creating /home/ubuntu/miniconda/envs/_build/lib/python2.7/site-packages/oslo
creating /home/ubuntu/miniconda/envs/_build/lib/python2.7/site-packages/oslo/utils
copying build/lib/oslo/utils/netutils.py -> /home/ubuntu/miniconda/envs/_build/lib/python2.7/site-packages/oslo/utils
copying build/lib/oslo/utils/units.py -> /home/ubuntu/miniconda/envs/_build/lib/python2.7/site-packages/oslo/utils
copying build/lib/oslo/utils/excutils.py -> /home/ubuntu/miniconda/envs/_build/lib/python2.7/site-packages/oslo/utils
copying build/lib/oslo/utils/reflection.py -> /home/ubuntu/miniconda/envs/_build/lib/python2.7/site-packages/oslo/utils
copying build/lib/oslo/utils/encodeutils.py -> /home/ubuntu/miniconda/envs/_build/lib/python2.7/site-packages/oslo/utils
copying build/lib/oslo/utils/timeutils.py -> /home/ubuntu/miniconda/envs/_build/lib/python2.7/site-packages/oslo/utils
copying build/lib/oslo/utils/uuidutils.py -> /home/ubuntu/miniconda/envs/_build/lib/python2.7/site-packages/oslo/utils
copying build/lib/oslo/utils/strutils.py -> /home/ubuntu/miniconda/envs/_build/lib/python2.7/site-packages/oslo/utils
copying build/lib/oslo/utils/__init__.py -> /home/ubuntu/miniconda/envs/_build/lib/python2.7/site-packages/oslo/utils
copying build/lib/oslo/utils/importutils.py -> /home/ubuntu/miniconda/envs/_build/lib/python2.7/site-packages/oslo/utils
copying build/lib/oslo/__init__.py -> /home/ubuntu/miniconda/envs/_build/lib/python2.7/site-packages/oslo
byte-compiling /home/ubuntu/miniconda/envs/_build/lib/python2.7/site-packages/oslo_utils/netutils.py to netutils.pyc
byte-compiling /home/ubuntu/miniconda/envs/_build/lib/python2.7/site-packages/oslo_utils/_i18n.py to _i18n.pyc
byte-compiling /home/ubuntu/miniconda/envs/_build/lib/python2.7/site-packages/oslo_utils/units.py to units.pyc
byte-compiling /home/ubuntu/miniconda/envs/_build/lib/python2.7/site-packages/oslo_utils/excutils.py to excutils.pyc
byte-compiling /home/ubuntu/miniconda/envs/_build/lib/python2.7/site-packages/oslo_utils/reflection.py to reflection.pyc
byte-compiling /home/ubuntu/miniconda/envs/_build/lib/python2.7/site-packages/oslo_utils/encodeutils.py to encodeutils.pyc
byte-compiling /home/ubuntu/miniconda/envs/_build/lib/python2.7/site-packages/oslo_utils/timeutils.py to timeutils.pyc
byte-compiling /home/ubuntu/miniconda/envs/_build/lib/python2.7/site-packages/oslo_utils/eventletutils.py to eventletutils.pyc
byte-compiling /home/ubuntu/miniconda/envs/_build/lib/python2.7/site-packages/oslo_utils/tests/test_uuidutils.py to test_uuidutils.pyc
byte-compiling /home/ubuntu/miniconda/envs/_build/lib/python2.7/site-packages/oslo_utils/tests/test_importutils.py to test_importutils.pyc
byte-compiling /home/ubuntu/miniconda/envs/_build/lib/python2.7/site-packages/oslo_utils/tests/test_timeutils.py to test_timeutils.pyc
byte-compiling /home/ubuntu/miniconda/envs/_build/lib/python2.7/site-packages/oslo_utils/tests/test_fixture.py to test_fixture.pyc
byte-compiling /home/ubuntu/miniconda/envs/_build/lib/python2.7/site-packages/oslo_utils/tests/__init__.py to __init__.pyc
byte-compiling /home/ubuntu/miniconda/envs/_build/lib/python2.7/site-packages/oslo_utils/tests/tests_encodeutils.py to tests_encodeutils.pyc
byte-compiling /home/ubuntu/miniconda/envs/_build/lib/python2.7/site-packages/oslo_utils/tests/test_netutils.py to test_netutils.pyc
byte-compiling /home/ubuntu/miniconda/envs/_build/lib/python2.7/site-packages/oslo_utils/tests/test_eventletutils.py to test_eventletutils.pyc
byte-compiling /home/ubuntu/miniconda/envs/_build/lib/python2.7/site-packages/oslo_utils/tests/test_excutils.py to test_excutils.pyc
byte-compiling /home/ubuntu/miniconda/envs/_build/lib/python2.7/site-packages/oslo_utils/tests/fake/__init__.py to __init__.pyc
byte-compiling /home/ubuntu/miniconda/envs/_build/lib/python2.7/site-packages/oslo_utils/tests/base.py to base.pyc
byte-compiling /home/ubuntu/miniconda/envs/_build/lib/python2.7/site-packages/oslo_utils/tests/test_strutils.py to test_strutils.pyc
byte-compiling /home/ubuntu/miniconda/envs/_build/lib/python2.7/site-packages/oslo_utils/tests/test_reflection.py to test_reflection.pyc
byte-compiling /home/ubuntu/miniconda/envs/_build/lib/python2.7/site-packages/oslo_utils/uuidutils.py to uuidutils.pyc
byte-compiling /home/ubuntu/miniconda/envs/_build/lib/python2.7/site-packages/oslo_utils/strutils.py to strutils.pyc
byte-compiling /home/ubuntu/miniconda/envs/_build/lib/python2.7/site-packages/oslo_utils/__init__.py to __init__.pyc
byte-compiling /home/ubuntu/miniconda/envs/_build/lib/python2.7/site-packages/oslo_utils/fixture.py to fixture.pyc
byte-compiling /home/ubuntu/miniconda/envs/_build/lib/python2.7/site-packages/oslo_utils/importutils.py to importutils.pyc
byte-compiling /home/ubuntu/miniconda/envs/_build/lib/python2.7/site-packages/oslo/utils/netutils.py to netutils.pyc
byte-compiling /home/ubuntu/miniconda/envs/_build/lib/python2.7/site-packages/oslo/utils/units.py to units.pyc
byte-compiling /home/ubuntu/miniconda/envs/_build/lib/python2.7/site-packages/oslo/utils/excutils.py to excutils.pyc
byte-compiling /home/ubuntu/miniconda/envs/_build/lib/python2.7/site-packages/oslo/utils/reflection.py to reflection.pyc
byte-compiling /home/ubuntu/miniconda/envs/_build/lib/python2.7/site-packages/oslo/utils/encodeutils.py to encodeutils.pyc
byte-compiling /home/ubuntu/miniconda/envs/_build/lib/python2.7/site-packages/oslo/utils/timeutils.py to timeutils.pyc
byte-compiling /home/ubuntu/miniconda/envs/_build/lib/python2.7/site-packages/oslo/utils/uuidutils.py to uuidutils.pyc
byte-compiling /home/ubuntu/miniconda/envs/_build/lib/python2.7/site-packages/oslo/utils/strutils.py to strutils.pyc
byte-compiling /home/ubuntu/miniconda/envs/_build/lib/python2.7/site-packages/oslo/utils/__init__.py to __init__.pyc
byte-compiling /home/ubuntu/miniconda/envs/_build/lib/python2.7/site-packages/oslo/utils/importutils.py to importutils.pyc
byte-compiling /home/ubuntu/miniconda/envs/_build/lib/python2.7/site-packages/oslo/__init__.py to __init__.pyc
running install_egg_info
Copying oslo.utils.egg-info to /home/ubuntu/miniconda/envs/_build/lib/python2.7/site-packages/oslo.utils-1.5.0-py2.7.egg-info
Installing /home/ubuntu/miniconda/envs/_build/lib/python2.7/site-packages/oslo.utils-1.5.0-py2.7-nspkg.pth
running install_scripts

The following NEW packages will be INSTALLED:

    openssl:    1.0.1k-1    
    pbr:        1.0.1-py27_0
    pip:        6.1.1-py27_0
    python:     2.7.9-3     
    readline:   6.2-2       
    setuptools: 16.0-py27_0 
    sqlite:     3.8.4.1-1   
    system:     5.8-2       
    tk:         8.5.18-0    
    zlib:       1.2.8-0     

Linking packages ...
[                    ]|                                                  |   0%[openssl             ]|                                                  |   0%[readline            ]|#####                                             |  10%[sqlite              ]|##########                                        |  20%[system              ]|###############                                   |  30%[tk                  ]|####################                              |  40%[zlib                ]|#########################                         |  50%[python              ]|##############################                    |  60%[setuptools          ]|###################################               |  70%[pbr                 ]|########################################          |  80%[pip                 ]|#############################################     |  90%[      COMPLETE      ]|##################################################| 100%
Removing old work directory
Source cache directory is: /home/ubuntu/miniconda/conda-bld/src_cache
Found source in cache: oslo.utils-1.5.0.tar.gz
Extracting download
Package: oslo.utils-1.5.0-py27_0
source tree in: /home/ubuntu/miniconda/conda-bld/work/oslo.utils-1.5.0
number of files: 83
Fixing permissions
Fixing permissions
BUILD END: oslo.utils-1.5.0-py27_0
Nothing to test for: oslo.utils-1.5.0-py27_0
# If you want to upload this package to binstar.org later, type:
#
# $ binstar upload /home/ubuntu/miniconda/conda-bld/linux-64/oslo.utils-1.5.0-py27_0.tar.bz2
#
# To have conda build upload to binstar automatically, use
# $ conda config --set binstar_upload yes

