Warning, the following versions were found for oslo.i18n
1.7.0
1.6.0
1.5.0
1.4.0
1.3.1
1.3.0
1.2.0
1.1.0
1.0.0
0.4.0
0.3.0
0.2.0
0.1.0
0.0
Using 1.7.0
Use --version to specify a different version.
Using url https://pypi.python.org/packages/source/o/oslo.i18n/oslo.i18n-1.7.0.tar.gz (35 KB) for oslo.i18n.
Downloading oslo.i18n (use --no-download to skip this step)
Using cached download
Unpacking oslo.i18n...
done
working in /tmp/tmpZkUJboconda_skeleton_oslo.i18n-1.7.0.tar.gz
Fetching package metadata: ......
Solving package specifications: .patching file core.py
Hunk #1 succeeded at 168 with fuzz 2 (offset 2 lines).

Applying patch: '/tmp/tmpZkUJboconda_skeleton_oslo.i18n-1.7.0.tar.gz/pypi-distutils.patch'
Writing recipe for oslo.i18n
Done
