Warning, the following versions were found for oslo.log
1.4.0
1.3.0
1.2.0
1.1.0
1.0.0
0.4.0
0.3.0
0.2.0
0.1.0
Using 1.4.0
Use --version to specify a different version.
Using url https://pypi.python.org/packages/source/o/oslo.log/oslo.log-1.4.0.tar.gz (40 KB) for oslo.log.
Downloading oslo.log (use --no-download to skip this step)
Using cached download
Unpacking oslo.log...
done
working in /tmp/tmpjkMfomconda_skeleton_oslo.log-1.4.0.tar.gz
Fetching package metadata: ......
Solving package specifications: .patching file core.py
Hunk #1 succeeded at 168 with fuzz 2 (offset 2 lines).
Traceback (most recent call last):
  File "setup.py", line 18, in <module>
    import setuptools
ImportError: No module named setuptools

Applying patch: '/tmp/tmpjkMfomconda_skeleton_oslo.log-1.4.0.tar.gz/pypi-distutils.patch'
$PYTHONPATH = /tmp/tmpjkMfomconda_skeleton_oslo.log-1.4.0.tar.gz/oslo.log-1.4.0
Error: command failed: /home/ubuntu/miniconda/envs/_build/bin/python setup.py install
