Removing old build directory
Removing old work directory
BUILD START: oslo.messaging-1.8.2-py27_0
Fetching package metadata: ......
Solving package specifications: .+ /home/ubuntu/miniconda/envs/_build/bin/python setup.py install
running install
running build
running build_py
creating build
creating build/lib
creating build/lib/oslo
creating build/lib/oslo/messaging
creating build/lib/oslo/messaging/_drivers
copying oslo/messaging/_drivers/__init__.py -> build/lib/oslo/messaging/_drivers
copying oslo/messaging/_drivers/common.py -> build/lib/oslo/messaging/_drivers
creating build/lib/oslo/messaging/_executors
copying oslo/messaging/_executors/__init__.py -> build/lib/oslo/messaging/_executors
copying oslo/messaging/_executors/base.py -> build/lib/oslo/messaging/_executors
copying oslo/__init__.py -> build/lib/oslo
creating build/lib/oslo/messaging/rpc
copying oslo/messaging/rpc/client.py -> build/lib/oslo/messaging/rpc
copying oslo/messaging/rpc/__init__.py -> build/lib/oslo/messaging/rpc
copying oslo/messaging/rpc/dispatcher.py -> build/lib/oslo/messaging/rpc
copying oslo/messaging/rpc/server.py -> build/lib/oslo/messaging/rpc
copying oslo/messaging/conffixture.py -> build/lib/oslo/messaging
copying oslo/messaging/target.py -> build/lib/oslo/messaging
copying oslo/messaging/transport.py -> build/lib/oslo/messaging
copying oslo/messaging/__init__.py -> build/lib/oslo/messaging
copying oslo/messaging/serializer.py -> build/lib/oslo/messaging
copying oslo/messaging/localcontext.py -> build/lib/oslo/messaging
copying oslo/messaging/server.py -> build/lib/oslo/messaging
copying oslo/messaging/exceptions.py -> build/lib/oslo/messaging
creating build/lib/oslo/messaging/notify
copying oslo/messaging/notify/log_handler.py -> build/lib/oslo/messaging/notify
copying oslo/messaging/notify/notifier.py -> build/lib/oslo/messaging/notify
copying oslo/messaging/notify/listener.py -> build/lib/oslo/messaging/notify
copying oslo/messaging/notify/__init__.py -> build/lib/oslo/messaging/notify
copying oslo/messaging/notify/dispatcher.py -> build/lib/oslo/messaging/notify
copying oslo/messaging/notify/logger.py -> build/lib/oslo/messaging/notify
copying oslo/messaging/notify/middleware.py -> build/lib/oslo/messaging/notify
creating build/lib/oslo_messaging
creating build/lib/oslo_messaging/_executors
copying oslo_messaging/_executors/impl_aioeventlet.py -> build/lib/oslo_messaging/_executors
copying oslo_messaging/_executors/impl_eventlet.py -> build/lib/oslo_messaging/_executors
copying oslo_messaging/_executors/impl_blocking.py -> build/lib/oslo_messaging/_executors
copying oslo_messaging/_executors/impl_thread.py -> build/lib/oslo_messaging/_executors
copying oslo_messaging/_executors/__init__.py -> build/lib/oslo_messaging/_executors
copying oslo_messaging/_executors/base.py -> build/lib/oslo_messaging/_executors
creating build/lib/oslo_messaging/notify
copying oslo_messaging/notify/log_handler.py -> build/lib/oslo_messaging/notify
copying oslo_messaging/notify/_impl_routing.py -> build/lib/oslo_messaging/notify
copying oslo_messaging/notify/notifier.py -> build/lib/oslo_messaging/notify
copying oslo_messaging/notify/filter.py -> build/lib/oslo_messaging/notify
copying oslo_messaging/notify/_impl_log.py -> build/lib/oslo_messaging/notify
copying oslo_messaging/notify/_impl_test.py -> build/lib/oslo_messaging/notify
copying oslo_messaging/notify/listener.py -> build/lib/oslo_messaging/notify
copying oslo_messaging/notify/__init__.py -> build/lib/oslo_messaging/notify
copying oslo_messaging/notify/dispatcher.py -> build/lib/oslo_messaging/notify
copying oslo_messaging/notify/logger.py -> build/lib/oslo_messaging/notify
copying oslo_messaging/notify/_impl_noop.py -> build/lib/oslo_messaging/notify
copying oslo_messaging/notify/middleware.py -> build/lib/oslo_messaging/notify
copying oslo_messaging/notify/_impl_messaging.py -> build/lib/oslo_messaging/notify
creating build/lib/oslo_messaging/tests
creating build/lib/oslo_messaging/tests/drivers
copying oslo_messaging/tests/drivers/test_matchmaker_redis.py -> build/lib/oslo_messaging/tests/drivers
copying oslo_messaging/tests/drivers/test_impl_qpid.py -> build/lib/oslo_messaging/tests/drivers
copying oslo_messaging/tests/drivers/test_impl_zmq.py -> build/lib/oslo_messaging/tests/drivers
copying oslo_messaging/tests/drivers/test_pool.py -> build/lib/oslo_messaging/tests/drivers
copying oslo_messaging/tests/drivers/test_impl_rabbit.py -> build/lib/oslo_messaging/tests/drivers
copying oslo_messaging/tests/drivers/test_matchmaker_ring.py -> build/lib/oslo_messaging/tests/drivers
copying oslo_messaging/tests/drivers/test_matchmaker.py -> build/lib/oslo_messaging/tests/drivers
copying oslo_messaging/tests/drivers/__init__.py -> build/lib/oslo_messaging/tests/drivers
creating build/lib/oslo_messaging/_cmd
copying oslo_messaging/_cmd/zmq_receiver.py -> build/lib/oslo_messaging/_cmd
copying oslo_messaging/_cmd/__init__.py -> build/lib/oslo_messaging/_cmd
creating build/lib/oslo_messaging/tests/rpc
copying oslo_messaging/tests/rpc/test_client.py -> build/lib/oslo_messaging/tests/rpc
copying oslo_messaging/tests/rpc/test_dispatcher.py -> build/lib/oslo_messaging/tests/rpc
copying oslo_messaging/tests/rpc/test_server.py -> build/lib/oslo_messaging/tests/rpc
copying oslo_messaging/tests/rpc/__init__.py -> build/lib/oslo_messaging/tests/rpc
copying oslo_messaging/conffixture.py -> build/lib/oslo_messaging
copying oslo_messaging/_i18n.py -> build/lib/oslo_messaging
copying oslo_messaging/target.py -> build/lib/oslo_messaging
copying oslo_messaging/transport.py -> build/lib/oslo_messaging
copying oslo_messaging/__init__.py -> build/lib/oslo_messaging
copying oslo_messaging/serializer.py -> build/lib/oslo_messaging
copying oslo_messaging/localcontext.py -> build/lib/oslo_messaging
copying oslo_messaging/_utils.py -> build/lib/oslo_messaging
copying oslo_messaging/server.py -> build/lib/oslo_messaging
copying oslo_messaging/opts.py -> build/lib/oslo_messaging
copying oslo_messaging/exceptions.py -> build/lib/oslo_messaging
creating build/lib/oslo_messaging/tests/functional
copying oslo_messaging/tests/functional/utils.py -> build/lib/oslo_messaging/tests/functional
copying oslo_messaging/tests/functional/test_functional.py -> build/lib/oslo_messaging/tests/functional
copying oslo_messaging/tests/functional/__init__.py -> build/lib/oslo_messaging/tests/functional
creating build/lib/oslo_messaging/openstack
creating build/lib/oslo_messaging/openstack/common
copying oslo_messaging/openstack/common/context.py -> build/lib/oslo_messaging/openstack/common
copying oslo_messaging/openstack/common/__init__.py -> build/lib/oslo_messaging/openstack/common
creating build/lib/oslo_messaging/rpc
copying oslo_messaging/rpc/client.py -> build/lib/oslo_messaging/rpc
copying oslo_messaging/rpc/__init__.py -> build/lib/oslo_messaging/rpc
copying oslo_messaging/rpc/dispatcher.py -> build/lib/oslo_messaging/rpc
copying oslo_messaging/rpc/server.py -> build/lib/oslo_messaging/rpc
copying oslo_messaging/tests/utils.py -> build/lib/oslo_messaging/tests
copying oslo_messaging/tests/test_amqp_driver.py -> build/lib/oslo_messaging/tests
copying oslo_messaging/tests/test_target.py -> build/lib/oslo_messaging/tests
copying oslo_messaging/tests/test_expected_exceptions.py -> build/lib/oslo_messaging/tests
copying oslo_messaging/tests/__init__.py -> build/lib/oslo_messaging/tests
copying oslo_messaging/tests/test_transport.py -> build/lib/oslo_messaging/tests
copying oslo_messaging/tests/test_exception_serialization.py -> build/lib/oslo_messaging/tests
copying oslo_messaging/tests/test_urls.py -> build/lib/oslo_messaging/tests
copying oslo_messaging/tests/test_utils.py -> build/lib/oslo_messaging/tests
copying oslo_messaging/tests/test_opts.py -> build/lib/oslo_messaging/tests
copying oslo_messaging/openstack/__init__.py -> build/lib/oslo_messaging/openstack
creating build/lib/oslo_messaging/tests/executors
copying oslo_messaging/tests/executors/test_executor.py -> build/lib/oslo_messaging/tests/executors
copying oslo_messaging/tests/executors/__init__.py -> build/lib/oslo_messaging/tests/executors
creating build/lib/oslo_messaging/_drivers
creating build/lib/oslo_messaging/_drivers/protocols
creating build/lib/oslo_messaging/_drivers/protocols/amqp
copying oslo_messaging/_drivers/protocols/amqp/controller.py -> build/lib/oslo_messaging/_drivers/protocols/amqp
copying oslo_messaging/_drivers/protocols/amqp/eventloop.py -> build/lib/oslo_messaging/_drivers/protocols/amqp
copying oslo_messaging/_drivers/protocols/amqp/__init__.py -> build/lib/oslo_messaging/_drivers/protocols/amqp
copying oslo_messaging/_drivers/protocols/amqp/opts.py -> build/lib/oslo_messaging/_drivers/protocols/amqp
copying oslo_messaging/_drivers/protocols/amqp/driver.py -> build/lib/oslo_messaging/_drivers/protocols/amqp
copying oslo_messaging/_drivers/matchmaker_redis.py -> build/lib/oslo_messaging/_drivers
copying oslo_messaging/_drivers/pool.py -> build/lib/oslo_messaging/_drivers
copying oslo_messaging/_drivers/amqp.py -> build/lib/oslo_messaging/_drivers
copying oslo_messaging/_drivers/impl_rabbit.py -> build/lib/oslo_messaging/_drivers
copying oslo_messaging/_drivers/impl_qpid.py -> build/lib/oslo_messaging/_drivers
copying oslo_messaging/_drivers/matchmaker_ring.py -> build/lib/oslo_messaging/_drivers
copying oslo_messaging/_drivers/amqpdriver.py -> build/lib/oslo_messaging/_drivers
copying oslo_messaging/_drivers/impl_zmq.py -> build/lib/oslo_messaging/_drivers
copying oslo_messaging/_drivers/__init__.py -> build/lib/oslo_messaging/_drivers
copying oslo_messaging/_drivers/matchmaker.py -> build/lib/oslo_messaging/_drivers
copying oslo_messaging/_drivers/common.py -> build/lib/oslo_messaging/_drivers
copying oslo_messaging/_drivers/base.py -> build/lib/oslo_messaging/_drivers
copying oslo_messaging/_drivers/impl_fake.py -> build/lib/oslo_messaging/_drivers
copying oslo_messaging/_drivers/protocols/__init__.py -> build/lib/oslo_messaging/_drivers/protocols
creating build/lib/oslo_messaging/tests/notify
copying oslo_messaging/tests/notify/test_listener.py -> build/lib/oslo_messaging/tests/notify
copying oslo_messaging/tests/notify/test_log_handler.py -> build/lib/oslo_messaging/tests/notify
copying oslo_messaging/tests/notify/test_notifier.py -> build/lib/oslo_messaging/tests/notify
copying oslo_messaging/tests/notify/test_logger.py -> build/lib/oslo_messaging/tests/notify
copying oslo_messaging/tests/notify/test_dispatcher.py -> build/lib/oslo_messaging/tests/notify
copying oslo_messaging/tests/notify/__init__.py -> build/lib/oslo_messaging/tests/notify
copying oslo_messaging/tests/notify/test_middleware.py -> build/lib/oslo_messaging/tests/notify
running egg_info
writing requirements to oslo.messaging.egg-info/requires.txt
writing oslo.messaging.egg-info/PKG-INFO
writing namespace_packages to oslo.messaging.egg-info/namespace_packages.txt
writing top-level names to oslo.messaging.egg-info/top_level.txt
writing dependency_links to oslo.messaging.egg-info/dependency_links.txt
writing entry points to oslo.messaging.egg-info/entry_points.txt
[pbr] Reusing existing SOURCES.txt
creating build/lib/oslo_messaging/tests/functional/gate
copying oslo_messaging/tests/functional/gate/gate_hook.sh -> build/lib/oslo_messaging/tests/functional/gate
copying oslo_messaging/tests/functional/gate/post_test_hook.sh -> build/lib/oslo_messaging/tests/functional/gate
running install_lib
creating /home/ubuntu/miniconda/envs/_build/lib/python2.7/site-packages/oslo_messaging
copying build/lib/oslo_messaging/conffixture.py -> /home/ubuntu/miniconda/envs/_build/lib/python2.7/site-packages/oslo_messaging
creating /home/ubuntu/miniconda/envs/_build/lib/python2.7/site-packages/oslo_messaging/_cmd
copying build/lib/oslo_messaging/_cmd/zmq_receiver.py -> /home/ubuntu/miniconda/envs/_build/lib/python2.7/site-packages/oslo_messaging/_cmd
copying build/lib/oslo_messaging/_cmd/__init__.py -> /home/ubuntu/miniconda/envs/_build/lib/python2.7/site-packages/oslo_messaging/_cmd
copying build/lib/oslo_messaging/_i18n.py -> /home/ubuntu/miniconda/envs/_build/lib/python2.7/site-packages/oslo_messaging
copying build/lib/oslo_messaging/target.py -> /home/ubuntu/miniconda/envs/_build/lib/python2.7/site-packages/oslo_messaging
creating /home/ubuntu/miniconda/envs/_build/lib/python2.7/site-packages/oslo_messaging/rpc
copying build/lib/oslo_messaging/rpc/client.py -> /home/ubuntu/miniconda/envs/_build/lib/python2.7/site-packages/oslo_messaging/rpc
copying build/lib/oslo_messaging/rpc/__init__.py -> /home/ubuntu/miniconda/envs/_build/lib/python2.7/site-packages/oslo_messaging/rpc
copying build/lib/oslo_messaging/rpc/dispatcher.py -> /home/ubuntu/miniconda/envs/_build/lib/python2.7/site-packages/oslo_messaging/rpc
copying build/lib/oslo_messaging/rpc/server.py -> /home/ubuntu/miniconda/envs/_build/lib/python2.7/site-packages/oslo_messaging/rpc
copying build/lib/oslo_messaging/transport.py -> /home/ubuntu/miniconda/envs/_build/lib/python2.7/site-packages/oslo_messaging
creating /home/ubuntu/miniconda/envs/_build/lib/python2.7/site-packages/oslo_messaging/_executors
copying build/lib/oslo_messaging/_executors/impl_aioeventlet.py -> /home/ubuntu/miniconda/envs/_build/lib/python2.7/site-packages/oslo_messaging/_executors
copying build/lib/oslo_messaging/_executors/impl_eventlet.py -> /home/ubuntu/miniconda/envs/_build/lib/python2.7/site-packages/oslo_messaging/_executors
copying build/lib/oslo_messaging/_executors/impl_blocking.py -> /home/ubuntu/miniconda/envs/_build/lib/python2.7/site-packages/oslo_messaging/_executors
copying build/lib/oslo_messaging/_executors/impl_thread.py -> /home/ubuntu/miniconda/envs/_build/lib/python2.7/site-packages/oslo_messaging/_executors
copying build/lib/oslo_messaging/_executors/__init__.py -> /home/ubuntu/miniconda/envs/_build/lib/python2.7/site-packages/oslo_messaging/_executors
copying build/lib/oslo_messaging/_executors/base.py -> /home/ubuntu/miniconda/envs/_build/lib/python2.7/site-packages/oslo_messaging/_executors
creating /home/ubuntu/miniconda/envs/_build/lib/python2.7/site-packages/oslo_messaging/tests
creating /home/ubuntu/miniconda/envs/_build/lib/python2.7/site-packages/oslo_messaging/tests/drivers
copying build/lib/oslo_messaging/tests/drivers/test_matchmaker_redis.py -> /home/ubuntu/miniconda/envs/_build/lib/python2.7/site-packages/oslo_messaging/tests/drivers
copying build/lib/oslo_messaging/tests/drivers/test_impl_qpid.py -> /home/ubuntu/miniconda/envs/_build/lib/python2.7/site-packages/oslo_messaging/tests/drivers
copying build/lib/oslo_messaging/tests/drivers/test_impl_zmq.py -> /home/ubuntu/miniconda/envs/_build/lib/python2.7/site-packages/oslo_messaging/tests/drivers
copying build/lib/oslo_messaging/tests/drivers/test_pool.py -> /home/ubuntu/miniconda/envs/_build/lib/python2.7/site-packages/oslo_messaging/tests/drivers
copying build/lib/oslo_messaging/tests/drivers/test_impl_rabbit.py -> /home/ubuntu/miniconda/envs/_build/lib/python2.7/site-packages/oslo_messaging/tests/drivers
copying build/lib/oslo_messaging/tests/drivers/test_matchmaker_ring.py -> /home/ubuntu/miniconda/envs/_build/lib/python2.7/site-packages/oslo_messaging/tests/drivers
copying build/lib/oslo_messaging/tests/drivers/test_matchmaker.py -> /home/ubuntu/miniconda/envs/_build/lib/python2.7/site-packages/oslo_messaging/tests/drivers
copying build/lib/oslo_messaging/tests/drivers/__init__.py -> /home/ubuntu/miniconda/envs/_build/lib/python2.7/site-packages/oslo_messaging/tests/drivers
copying build/lib/oslo_messaging/tests/utils.py -> /home/ubuntu/miniconda/envs/_build/lib/python2.7/site-packages/oslo_messaging/tests
copying build/lib/oslo_messaging/tests/test_amqp_driver.py -> /home/ubuntu/miniconda/envs/_build/lib/python2.7/site-packages/oslo_messaging/tests
copying build/lib/oslo_messaging/tests/test_target.py -> /home/ubuntu/miniconda/envs/_build/lib/python2.7/site-packages/oslo_messaging/tests
creating /home/ubuntu/miniconda/envs/_build/lib/python2.7/site-packages/oslo_messaging/tests/rpc
copying build/lib/oslo_messaging/tests/rpc/test_client.py -> /home/ubuntu/miniconda/envs/_build/lib/python2.7/site-packages/oslo_messaging/tests/rpc
copying build/lib/oslo_messaging/tests/rpc/test_dispatcher.py -> /home/ubuntu/miniconda/envs/_build/lib/python2.7/site-packages/oslo_messaging/tests/rpc
copying build/lib/oslo_messaging/tests/rpc/test_server.py -> /home/ubuntu/miniconda/envs/_build/lib/python2.7/site-packages/oslo_messaging/tests/rpc
copying build/lib/oslo_messaging/tests/rpc/__init__.py -> /home/ubuntu/miniconda/envs/_build/lib/python2.7/site-packages/oslo_messaging/tests/rpc
copying build/lib/oslo_messaging/tests/test_expected_exceptions.py -> /home/ubuntu/miniconda/envs/_build/lib/python2.7/site-packages/oslo_messaging/tests
creating /home/ubuntu/miniconda/envs/_build/lib/python2.7/site-packages/oslo_messaging/tests/functional
copying build/lib/oslo_messaging/tests/functional/utils.py -> /home/ubuntu/miniconda/envs/_build/lib/python2.7/site-packages/oslo_messaging/tests/functional
copying build/lib/oslo_messaging/tests/functional/test_functional.py -> /home/ubuntu/miniconda/envs/_build/lib/python2.7/site-packages/oslo_messaging/tests/functional
creating /home/ubuntu/miniconda/envs/_build/lib/python2.7/site-packages/oslo_messaging/tests/functional/gate
copying build/lib/oslo_messaging/tests/functional/gate/post_test_hook.sh -> /home/ubuntu/miniconda/envs/_build/lib/python2.7/site-packages/oslo_messaging/tests/functional/gate
copying build/lib/oslo_messaging/tests/functional/gate/gate_hook.sh -> /home/ubuntu/miniconda/envs/_build/lib/python2.7/site-packages/oslo_messaging/tests/functional/gate
copying build/lib/oslo_messaging/tests/functional/__init__.py -> /home/ubuntu/miniconda/envs/_build/lib/python2.7/site-packages/oslo_messaging/tests/functional
creating /home/ubuntu/miniconda/envs/_build/lib/python2.7/site-packages/oslo_messaging/tests/notify
copying build/lib/oslo_messaging/tests/notify/test_listener.py -> /home/ubuntu/miniconda/envs/_build/lib/python2.7/site-packages/oslo_messaging/tests/notify
copying build/lib/oslo_messaging/tests/notify/test_log_handler.py -> /home/ubuntu/miniconda/envs/_build/lib/python2.7/site-packages/oslo_messaging/tests/notify
copying build/lib/oslo_messaging/tests/notify/test_notifier.py -> /home/ubuntu/miniconda/envs/_build/lib/python2.7/site-packages/oslo_messaging/tests/notify
copying build/lib/oslo_messaging/tests/notify/test_logger.py -> /home/ubuntu/miniconda/envs/_build/lib/python2.7/site-packages/oslo_messaging/tests/notify
copying build/lib/oslo_messaging/tests/notify/test_dispatcher.py -> /home/ubuntu/miniconda/envs/_build/lib/python2.7/site-packages/oslo_messaging/tests/notify
copying build/lib/oslo_messaging/tests/notify/__init__.py -> /home/ubuntu/miniconda/envs/_build/lib/python2.7/site-packages/oslo_messaging/tests/notify
copying build/lib/oslo_messaging/tests/notify/test_middleware.py -> /home/ubuntu/miniconda/envs/_build/lib/python2.7/site-packages/oslo_messaging/tests/notify
copying build/lib/oslo_messaging/tests/__init__.py -> /home/ubuntu/miniconda/envs/_build/lib/python2.7/site-packages/oslo_messaging/tests
copying build/lib/oslo_messaging/tests/test_transport.py -> /home/ubuntu/miniconda/envs/_build/lib/python2.7/site-packages/oslo_messaging/tests
copying build/lib/oslo_messaging/tests/test_exception_serialization.py -> /home/ubuntu/miniconda/envs/_build/lib/python2.7/site-packages/oslo_messaging/tests
copying build/lib/oslo_messaging/tests/test_urls.py -> /home/ubuntu/miniconda/envs/_build/lib/python2.7/site-packages/oslo_messaging/tests
creating /home/ubuntu/miniconda/envs/_build/lib/python2.7/site-packages/oslo_messaging/tests/executors
copying build/lib/oslo_messaging/tests/executors/test_executor.py -> /home/ubuntu/miniconda/envs/_build/lib/python2.7/site-packages/oslo_messaging/tests/executors
copying build/lib/oslo_messaging/tests/executors/__init__.py -> /home/ubuntu/miniconda/envs/_build/lib/python2.7/site-packages/oslo_messaging/tests/executors
copying build/lib/oslo_messaging/tests/test_utils.py -> /home/ubuntu/miniconda/envs/_build/lib/python2.7/site-packages/oslo_messaging/tests
copying build/lib/oslo_messaging/tests/test_opts.py -> /home/ubuntu/miniconda/envs/_build/lib/python2.7/site-packages/oslo_messaging/tests
creating /home/ubuntu/miniconda/envs/_build/lib/python2.7/site-packages/oslo_messaging/notify
copying build/lib/oslo_messaging/notify/log_handler.py -> /home/ubuntu/miniconda/envs/_build/lib/python2.7/site-packages/oslo_messaging/notify
copying build/lib/oslo_messaging/notify/_impl_routing.py -> /home/ubuntu/miniconda/envs/_build/lib/python2.7/site-packages/oslo_messaging/notify
copying build/lib/oslo_messaging/notify/notifier.py -> /home/ubuntu/miniconda/envs/_build/lib/python2.7/site-packages/oslo_messaging/notify
copying build/lib/oslo_messaging/notify/filter.py -> /home/ubuntu/miniconda/envs/_build/lib/python2.7/site-packages/oslo_messaging/notify
copying build/lib/oslo_messaging/notify/_impl_log.py -> /home/ubuntu/miniconda/envs/_build/lib/python2.7/site-packages/oslo_messaging/notify
copying build/lib/oslo_messaging/notify/_impl_test.py -> /home/ubuntu/miniconda/envs/_build/lib/python2.7/site-packages/oslo_messaging/notify
copying build/lib/oslo_messaging/notify/listener.py -> /home/ubuntu/miniconda/envs/_build/lib/python2.7/site-packages/oslo_messaging/notify
copying build/lib/oslo_messaging/notify/__init__.py -> /home/ubuntu/miniconda/envs/_build/lib/python2.7/site-packages/oslo_messaging/notify
copying build/lib/oslo_messaging/notify/dispatcher.py -> /home/ubuntu/miniconda/envs/_build/lib/python2.7/site-packages/oslo_messaging/notify
copying build/lib/oslo_messaging/notify/logger.py -> /home/ubuntu/miniconda/envs/_build/lib/python2.7/site-packages/oslo_messaging/notify
copying build/lib/oslo_messaging/notify/_impl_noop.py -> /home/ubuntu/miniconda/envs/_build/lib/python2.7/site-packages/oslo_messaging/notify
copying build/lib/oslo_messaging/notify/middleware.py -> /home/ubuntu/miniconda/envs/_build/lib/python2.7/site-packages/oslo_messaging/notify
copying build/lib/oslo_messaging/notify/_impl_messaging.py -> /home/ubuntu/miniconda/envs/_build/lib/python2.7/site-packages/oslo_messaging/notify
copying build/lib/oslo_messaging/__init__.py -> /home/ubuntu/miniconda/envs/_build/lib/python2.7/site-packages/oslo_messaging
copying build/lib/oslo_messaging/serializer.py -> /home/ubuntu/miniconda/envs/_build/lib/python2.7/site-packages/oslo_messaging
creating /home/ubuntu/miniconda/envs/_build/lib/python2.7/site-packages/oslo_messaging/openstack
creating /home/ubuntu/miniconda/envs/_build/lib/python2.7/site-packages/oslo_messaging/openstack/common
copying build/lib/oslo_messaging/openstack/common/context.py -> /home/ubuntu/miniconda/envs/_build/lib/python2.7/site-packages/oslo_messaging/openstack/common
copying build/lib/oslo_messaging/openstack/common/__init__.py -> /home/ubuntu/miniconda/envs/_build/lib/python2.7/site-packages/oslo_messaging/openstack/common
copying build/lib/oslo_messaging/openstack/__init__.py -> /home/ubuntu/miniconda/envs/_build/lib/python2.7/site-packages/oslo_messaging/openstack
copying build/lib/oslo_messaging/localcontext.py -> /home/ubuntu/miniconda/envs/_build/lib/python2.7/site-packages/oslo_messaging
copying build/lib/oslo_messaging/_utils.py -> /home/ubuntu/miniconda/envs/_build/lib/python2.7/site-packages/oslo_messaging
creating /home/ubuntu/miniconda/envs/_build/lib/python2.7/site-packages/oslo_messaging/_drivers
copying build/lib/oslo_messaging/_drivers/matchmaker_redis.py -> /home/ubuntu/miniconda/envs/_build/lib/python2.7/site-packages/oslo_messaging/_drivers
copying build/lib/oslo_messaging/_drivers/pool.py -> /home/ubuntu/miniconda/envs/_build/lib/python2.7/site-packages/oslo_messaging/_drivers
copying build/lib/oslo_messaging/_drivers/amqp.py -> /home/ubuntu/miniconda/envs/_build/lib/python2.7/site-packages/oslo_messaging/_drivers
copying build/lib/oslo_messaging/_drivers/impl_rabbit.py -> /home/ubuntu/miniconda/envs/_build/lib/python2.7/site-packages/oslo_messaging/_drivers
copying build/lib/oslo_messaging/_drivers/impl_qpid.py -> /home/ubuntu/miniconda/envs/_build/lib/python2.7/site-packages/oslo_messaging/_drivers
copying build/lib/oslo_messaging/_drivers/matchmaker_ring.py -> /home/ubuntu/miniconda/envs/_build/lib/python2.7/site-packages/oslo_messaging/_drivers
copying build/lib/oslo_messaging/_drivers/amqpdriver.py -> /home/ubuntu/miniconda/envs/_build/lib/python2.7/site-packages/oslo_messaging/_drivers
creating /home/ubuntu/miniconda/envs/_build/lib/python2.7/site-packages/oslo_messaging/_drivers/protocols
creating /home/ubuntu/miniconda/envs/_build/lib/python2.7/site-packages/oslo_messaging/_drivers/protocols/amqp
copying build/lib/oslo_messaging/_drivers/protocols/amqp/controller.py -> /home/ubuntu/miniconda/envs/_build/lib/python2.7/site-packages/oslo_messaging/_drivers/protocols/amqp
copying build/lib/oslo_messaging/_drivers/protocols/amqp/eventloop.py -> /home/ubuntu/miniconda/envs/_build/lib/python2.7/site-packages/oslo_messaging/_drivers/protocols/amqp
copying build/lib/oslo_messaging/_drivers/protocols/amqp/__init__.py -> /home/ubuntu/miniconda/envs/_build/lib/python2.7/site-packages/oslo_messaging/_drivers/protocols/amqp
copying build/lib/oslo_messaging/_drivers/protocols/amqp/opts.py -> /home/ubuntu/miniconda/envs/_build/lib/python2.7/site-packages/oslo_messaging/_drivers/protocols/amqp
copying build/lib/oslo_messaging/_drivers/protocols/amqp/driver.py -> /home/ubuntu/miniconda/envs/_build/lib/python2.7/site-packages/oslo_messaging/_drivers/protocols/amqp
copying build/lib/oslo_messaging/_drivers/protocols/__init__.py -> /home/ubuntu/miniconda/envs/_build/lib/python2.7/site-packages/oslo_messaging/_drivers/protocols
copying build/lib/oslo_messaging/_drivers/impl_zmq.py -> /home/ubuntu/miniconda/envs/_build/lib/python2.7/site-packages/oslo_messaging/_drivers
copying build/lib/oslo_messaging/_drivers/__init__.py -> /home/ubuntu/miniconda/envs/_build/lib/python2.7/site-packages/oslo_messaging/_drivers
copying build/lib/oslo_messaging/_drivers/matchmaker.py -> /home/ubuntu/miniconda/envs/_build/lib/python2.7/site-packages/oslo_messaging/_drivers
copying build/lib/oslo_messaging/_drivers/common.py -> /home/ubuntu/miniconda/envs/_build/lib/python2.7/site-packages/oslo_messaging/_drivers
copying build/lib/oslo_messaging/_drivers/base.py -> /home/ubuntu/miniconda/envs/_build/lib/python2.7/site-packages/oslo_messaging/_drivers
copying build/lib/oslo_messaging/_drivers/impl_fake.py -> /home/ubuntu/miniconda/envs/_build/lib/python2.7/site-packages/oslo_messaging/_drivers
copying build/lib/oslo_messaging/server.py -> /home/ubuntu/miniconda/envs/_build/lib/python2.7/site-packages/oslo_messaging
copying build/lib/oslo_messaging/opts.py -> /home/ubuntu/miniconda/envs/_build/lib/python2.7/site-packages/oslo_messaging
copying build/lib/oslo_messaging/exceptions.py -> /home/ubuntu/miniconda/envs/_build/lib/python2.7/site-packages/oslo_messaging
creating /home/ubuntu/miniconda/envs/_build/lib/python2.7/site-packages/oslo
creating /home/ubuntu/miniconda/envs/_build/lib/python2.7/site-packages/oslo/messaging
copying build/lib/oslo/messaging/conffixture.py -> /home/ubuntu/miniconda/envs/_build/lib/python2.7/site-packages/oslo/messaging
copying build/lib/oslo/messaging/target.py -> /home/ubuntu/miniconda/envs/_build/lib/python2.7/site-packages/oslo/messaging
creating /home/ubuntu/miniconda/envs/_build/lib/python2.7/site-packages/oslo/messaging/rpc
copying build/lib/oslo/messaging/rpc/client.py -> /home/ubuntu/miniconda/envs/_build/lib/python2.7/site-packages/oslo/messaging/rpc
copying build/lib/oslo/messaging/rpc/__init__.py -> /home/ubuntu/miniconda/envs/_build/lib/python2.7/site-packages/oslo/messaging/rpc
copying build/lib/oslo/messaging/rpc/dispatcher.py -> /home/ubuntu/miniconda/envs/_build/lib/python2.7/site-packages/oslo/messaging/rpc
copying build/lib/oslo/messaging/rpc/server.py -> /home/ubuntu/miniconda/envs/_build/lib/python2.7/site-packages/oslo/messaging/rpc
copying build/lib/oslo/messaging/transport.py -> /home/ubuntu/miniconda/envs/_build/lib/python2.7/site-packages/oslo/messaging
creating /home/ubuntu/miniconda/envs/_build/lib/python2.7/site-packages/oslo/messaging/_executors
copying build/lib/oslo/messaging/_executors/__init__.py -> /home/ubuntu/miniconda/envs/_build/lib/python2.7/site-packages/oslo/messaging/_executors
copying build/lib/oslo/messaging/_executors/base.py -> /home/ubuntu/miniconda/envs/_build/lib/python2.7/site-packages/oslo/messaging/_executors
creating /home/ubuntu/miniconda/envs/_build/lib/python2.7/site-packages/oslo/messaging/notify
copying build/lib/oslo/messaging/notify/log_handler.py -> /home/ubuntu/miniconda/envs/_build/lib/python2.7/site-packages/oslo/messaging/notify
copying build/lib/oslo/messaging/notify/notifier.py -> /home/ubuntu/miniconda/envs/_build/lib/python2.7/site-packages/oslo/messaging/notify
copying build/lib/oslo/messaging/notify/listener.py -> /home/ubuntu/miniconda/envs/_build/lib/python2.7/site-packages/oslo/messaging/notify
copying build/lib/oslo/messaging/notify/__init__.py -> /home/ubuntu/miniconda/envs/_build/lib/python2.7/site-packages/oslo/messaging/notify
copying build/lib/oslo/messaging/notify/dispatcher.py -> /home/ubuntu/miniconda/envs/_build/lib/python2.7/site-packages/oslo/messaging/notify
copying build/lib/oslo/messaging/notify/logger.py -> /home/ubuntu/miniconda/envs/_build/lib/python2.7/site-packages/oslo/messaging/notify
copying build/lib/oslo/messaging/notify/middleware.py -> /home/ubuntu/miniconda/envs/_build/lib/python2.7/site-packages/oslo/messaging/notify
copying build/lib/oslo/messaging/__init__.py -> /home/ubuntu/miniconda/envs/_build/lib/python2.7/site-packages/oslo/messaging
copying build/lib/oslo/messaging/serializer.py -> /home/ubuntu/miniconda/envs/_build/lib/python2.7/site-packages/oslo/messaging
copying build/lib/oslo/messaging/localcontext.py -> /home/ubuntu/miniconda/envs/_build/lib/python2.7/site-packages/oslo/messaging
creating /home/ubuntu/miniconda/envs/_build/lib/python2.7/site-packages/oslo/messaging/_drivers
copying build/lib/oslo/messaging/_drivers/__init__.py -> /home/ubuntu/miniconda/envs/_build/lib/python2.7/site-packages/oslo/messaging/_drivers
copying build/lib/oslo/messaging/_drivers/common.py -> /home/ubuntu/miniconda/envs/_build/lib/python2.7/site-packages/oslo/messaging/_drivers
copying build/lib/oslo/messaging/server.py -> /home/ubuntu/miniconda/envs/_build/lib/python2.7/site-packages/oslo/messaging
copying build/lib/oslo/messaging/exceptions.py -> /home/ubuntu/miniconda/envs/_build/lib/python2.7/site-packages/oslo/messaging
copying build/lib/oslo/__init__.py -> /home/ubuntu/miniconda/envs/_build/lib/python2.7/site-packages/oslo
byte-compiling /home/ubuntu/miniconda/envs/_build/lib/python2.7/site-packages/oslo_messaging/conffixture.py to conffixture.pyc
byte-compiling /home/ubuntu/miniconda/envs/_build/lib/python2.7/site-packages/oslo_messaging/_cmd/zmq_receiver.py to zmq_receiver.pyc
byte-compiling /home/ubuntu/miniconda/envs/_build/lib/python2.7/site-packages/oslo_messaging/_cmd/__init__.py to __init__.pyc
byte-compiling /home/ubuntu/miniconda/envs/_build/lib/python2.7/site-packages/oslo_messaging/_i18n.py to _i18n.pyc
byte-compiling /home/ubuntu/miniconda/envs/_build/lib/python2.7/site-packages/oslo_messaging/target.py to target.pyc
byte-compiling /home/ubuntu/miniconda/envs/_build/lib/python2.7/site-packages/oslo_messaging/rpc/client.py to client.pyc
byte-compiling /home/ubuntu/miniconda/envs/_build/lib/python2.7/site-packages/oslo_messaging/rpc/__init__.py to __init__.pyc
byte-compiling /home/ubuntu/miniconda/envs/_build/lib/python2.7/site-packages/oslo_messaging/rpc/dispatcher.py to dispatcher.pyc
byte-compiling /home/ubuntu/miniconda/envs/_build/lib/python2.7/site-packages/oslo_messaging/rpc/server.py to server.pyc
byte-compiling /home/ubuntu/miniconda/envs/_build/lib/python2.7/site-packages/oslo_messaging/transport.py to transport.pyc
byte-compiling /home/ubuntu/miniconda/envs/_build/lib/python2.7/site-packages/oslo_messaging/_executors/impl_aioeventlet.py to impl_aioeventlet.pyc
byte-compiling /home/ubuntu/miniconda/envs/_build/lib/python2.7/site-packages/oslo_messaging/_executors/impl_eventlet.py to impl_eventlet.pyc
byte-compiling /home/ubuntu/miniconda/envs/_build/lib/python2.7/site-packages/oslo_messaging/_executors/impl_blocking.py to impl_blocking.pyc
byte-compiling /home/ubuntu/miniconda/envs/_build/lib/python2.7/site-packages/oslo_messaging/_executors/impl_thread.py to impl_thread.pyc
byte-compiling /home/ubuntu/miniconda/envs/_build/lib/python2.7/site-packages/oslo_messaging/_executors/__init__.py to __init__.pyc
byte-compiling /home/ubuntu/miniconda/envs/_build/lib/python2.7/site-packages/oslo_messaging/_executors/base.py to base.pyc
byte-compiling /home/ubuntu/miniconda/envs/_build/lib/python2.7/site-packages/oslo_messaging/tests/drivers/test_matchmaker_redis.py to test_matchmaker_redis.pyc
byte-compiling /home/ubuntu/miniconda/envs/_build/lib/python2.7/site-packages/oslo_messaging/tests/drivers/test_impl_qpid.py to test_impl_qpid.pyc
byte-compiling /home/ubuntu/miniconda/envs/_build/lib/python2.7/site-packages/oslo_messaging/tests/drivers/test_impl_zmq.py to test_impl_zmq.pyc
byte-compiling /home/ubuntu/miniconda/envs/_build/lib/python2.7/site-packages/oslo_messaging/tests/drivers/test_pool.py to test_pool.pyc
byte-compiling /home/ubuntu/miniconda/envs/_build/lib/python2.7/site-packages/oslo_messaging/tests/drivers/test_impl_rabbit.py to test_impl_rabbit.pyc
byte-compiling /home/ubuntu/miniconda/envs/_build/lib/python2.7/site-packages/oslo_messaging/tests/drivers/test_matchmaker_ring.py to test_matchmaker_ring.pyc
byte-compiling /home/ubuntu/miniconda/envs/_build/lib/python2.7/site-packages/oslo_messaging/tests/drivers/test_matchmaker.py to test_matchmaker.pyc
byte-compiling /home/ubuntu/miniconda/envs/_build/lib/python2.7/site-packages/oslo_messaging/tests/drivers/__init__.py to __init__.pyc
byte-compiling /home/ubuntu/miniconda/envs/_build/lib/python2.7/site-packages/oslo_messaging/tests/utils.py to utils.pyc
byte-compiling /home/ubuntu/miniconda/envs/_build/lib/python2.7/site-packages/oslo_messaging/tests/test_amqp_driver.py to test_amqp_driver.pyc
byte-compiling /home/ubuntu/miniconda/envs/_build/lib/python2.7/site-packages/oslo_messaging/tests/test_target.py to test_target.pyc
byte-compiling /home/ubuntu/miniconda/envs/_build/lib/python2.7/site-packages/oslo_messaging/tests/rpc/test_client.py to test_client.pyc
byte-compiling /home/ubuntu/miniconda/envs/_build/lib/python2.7/site-packages/oslo_messaging/tests/rpc/test_dispatcher.py to test_dispatcher.pyc
byte-compiling /home/ubuntu/miniconda/envs/_build/lib/python2.7/site-packages/oslo_messaging/tests/rpc/test_server.py to test_server.pyc
byte-compiling /home/ubuntu/miniconda/envs/_build/lib/python2.7/site-packages/oslo_messaging/tests/rpc/__init__.py to __init__.pyc
byte-compiling /home/ubuntu/miniconda/envs/_build/lib/python2.7/site-packages/oslo_messaging/tests/test_expected_exceptions.py to test_expected_exceptions.pyc
byte-compiling /home/ubuntu/miniconda/envs/_build/lib/python2.7/site-packages/oslo_messaging/tests/functional/utils.py to utils.pyc
byte-compiling /home/ubuntu/miniconda/envs/_build/lib/python2.7/site-packages/oslo_messaging/tests/functional/test_functional.py to test_functional.pyc
byte-compiling /home/ubuntu/miniconda/envs/_build/lib/python2.7/site-packages/oslo_messaging/tests/functional/__init__.py to __init__.pyc
byte-compiling /home/ubuntu/miniconda/envs/_build/lib/python2.7/site-packages/oslo_messaging/tests/notify/test_listener.py to test_listener.pyc
byte-compiling /home/ubuntu/miniconda/envs/_build/lib/python2.7/site-packages/oslo_messaging/tests/notify/test_log_handler.py to test_log_handler.pyc
byte-compiling /home/ubuntu/miniconda/envs/_build/lib/python2.7/site-packages/oslo_messaging/tests/notify/test_notifier.py to test_notifier.pyc
byte-compiling /home/ubuntu/miniconda/envs/_build/lib/python2.7/site-packages/oslo_messaging/tests/notify/test_logger.py to test_logger.pyc
byte-compiling /home/ubuntu/miniconda/envs/_build/lib/python2.7/site-packages/oslo_messaging/tests/notify/test_dispatcher.py to test_dispatcher.pyc
byte-compiling /home/ubuntu/miniconda/envs/_build/lib/python2.7/site-packages/oslo_messaging/tests/notify/__init__.py to __init__.pyc
byte-compiling /home/ubuntu/miniconda/envs/_build/lib/python2.7/site-packages/oslo_messaging/tests/notify/test_middleware.py to test_middleware.pyc
byte-compiling /home/ubuntu/miniconda/envs/_build/lib/python2.7/site-packages/oslo_messaging/tests/__init__.py to __init__.pyc
byte-compiling /home/ubuntu/miniconda/envs/_build/lib/python2.7/site-packages/oslo_messaging/tests/test_transport.py to test_transport.pyc
byte-compiling /home/ubuntu/miniconda/envs/_build/lib/python2.7/site-packages/oslo_messaging/tests/test_exception_serialization.py to test_exception_serialization.pyc
byte-compiling /home/ubuntu/miniconda/envs/_build/lib/python2.7/site-packages/oslo_messaging/tests/test_urls.py to test_urls.pyc
byte-compiling /home/ubuntu/miniconda/envs/_build/lib/python2.7/site-packages/oslo_messaging/tests/executors/test_executor.py to test_executor.pyc
byte-compiling /home/ubuntu/miniconda/envs/_build/lib/python2.7/site-packages/oslo_messaging/tests/executors/__init__.py to __init__.pyc
byte-compiling /home/ubuntu/miniconda/envs/_build/lib/python2.7/site-packages/oslo_messaging/tests/test_utils.py to test_utils.pyc
byte-compiling /home/ubuntu/miniconda/envs/_build/lib/python2.7/site-packages/oslo_messaging/tests/test_opts.py to test_opts.pyc
byte-compiling /home/ubuntu/miniconda/envs/_build/lib/python2.7/site-packages/oslo_messaging/notify/log_handler.py to log_handler.pyc
byte-compiling /home/ubuntu/miniconda/envs/_build/lib/python2.7/site-packages/oslo_messaging/notify/_impl_routing.py to _impl_routing.pyc
byte-compiling /home/ubuntu/miniconda/envs/_build/lib/python2.7/site-packages/oslo_messaging/notify/notifier.py to notifier.pyc
byte-compiling /home/ubuntu/miniconda/envs/_build/lib/python2.7/site-packages/oslo_messaging/notify/filter.py to filter.pyc
byte-compiling /home/ubuntu/miniconda/envs/_build/lib/python2.7/site-packages/oslo_messaging/notify/_impl_log.py to _impl_log.pyc
byte-compiling /home/ubuntu/miniconda/envs/_build/lib/python2.7/site-packages/oslo_messaging/notify/_impl_test.py to _impl_test.pyc
byte-compiling /home/ubuntu/miniconda/envs/_build/lib/python2.7/site-packages/oslo_messaging/notify/listener.py to listener.pyc
byte-compiling /home/ubuntu/miniconda/envs/_build/lib/python2.7/site-packages/oslo_messaging/notify/__init__.py to __init__.pyc
byte-compiling /home/ubuntu/miniconda/envs/_build/lib/python2.7/site-packages/oslo_messaging/notify/dispatcher.py to dispatcher.pyc
byte-compiling /home/ubuntu/miniconda/envs/_build/lib/python2.7/site-packages/oslo_messaging/notify/logger.py to logger.pyc
byte-compiling /home/ubuntu/miniconda/envs/_build/lib/python2.7/site-packages/oslo_messaging/notify/_impl_noop.py to _impl_noop.pyc
byte-compiling /home/ubuntu/miniconda/envs/_build/lib/python2.7/site-packages/oslo_messaging/notify/middleware.py to middleware.pyc
byte-compiling /home/ubuntu/miniconda/envs/_build/lib/python2.7/site-packages/oslo_messaging/notify/_impl_messaging.py to _impl_messaging.pyc
byte-compiling /home/ubuntu/miniconda/envs/_build/lib/python2.7/site-packages/oslo_messaging/__init__.py to __init__.pyc
byte-compiling /home/ubuntu/miniconda/envs/_build/lib/python2.7/site-packages/oslo_messaging/serializer.py to serializer.pyc
byte-compiling /home/ubuntu/miniconda/envs/_build/lib/python2.7/site-packages/oslo_messaging/openstack/common/context.py to context.pyc
byte-compiling /home/ubuntu/miniconda/envs/_build/lib/python2.7/site-packages/oslo_messaging/openstack/common/__init__.py to __init__.pyc
byte-compiling /home/ubuntu/miniconda/envs/_build/lib/python2.7/site-packages/oslo_messaging/openstack/__init__.py to __init__.pyc
byte-compiling /home/ubuntu/miniconda/envs/_build/lib/python2.7/site-packages/oslo_messaging/localcontext.py to localcontext.pyc
byte-compiling /home/ubuntu/miniconda/envs/_build/lib/python2.7/site-packages/oslo_messaging/_utils.py to _utils.pyc
byte-compiling /home/ubuntu/miniconda/envs/_build/lib/python2.7/site-packages/oslo_messaging/_drivers/matchmaker_redis.py to matchmaker_redis.pyc
byte-compiling /home/ubuntu/miniconda/envs/_build/lib/python2.7/site-packages/oslo_messaging/_drivers/pool.py to pool.pyc
byte-compiling /home/ubuntu/miniconda/envs/_build/lib/python2.7/site-packages/oslo_messaging/_drivers/amqp.py to amqp.pyc
byte-compiling /home/ubuntu/miniconda/envs/_build/lib/python2.7/site-packages/oslo_messaging/_drivers/impl_rabbit.py to impl_rabbit.pyc
byte-compiling /home/ubuntu/miniconda/envs/_build/lib/python2.7/site-packages/oslo_messaging/_drivers/impl_qpid.py to impl_qpid.pyc
byte-compiling /home/ubuntu/miniconda/envs/_build/lib/python2.7/site-packages/oslo_messaging/_drivers/matchmaker_ring.py to matchmaker_ring.pyc
byte-compiling /home/ubuntu/miniconda/envs/_build/lib/python2.7/site-packages/oslo_messaging/_drivers/amqpdriver.py to amqpdriver.pyc
byte-compiling /home/ubuntu/miniconda/envs/_build/lib/python2.7/site-packages/oslo_messaging/_drivers/protocols/amqp/controller.py to controller.pyc
byte-compiling /home/ubuntu/miniconda/envs/_build/lib/python2.7/site-packages/oslo_messaging/_drivers/protocols/amqp/eventloop.py to eventloop.pyc
byte-compiling /home/ubuntu/miniconda/envs/_build/lib/python2.7/site-packages/oslo_messaging/_drivers/protocols/amqp/__init__.py to __init__.pyc
byte-compiling /home/ubuntu/miniconda/envs/_build/lib/python2.7/site-packages/oslo_messaging/_drivers/protocols/amqp/opts.py to opts.pyc
byte-compiling /home/ubuntu/miniconda/envs/_build/lib/python2.7/site-packages/oslo_messaging/_drivers/protocols/amqp/driver.py to driver.pyc
byte-compiling /home/ubuntu/miniconda/envs/_build/lib/python2.7/site-packages/oslo_messaging/_drivers/protocols/__init__.py to __init__.pyc
byte-compiling /home/ubuntu/miniconda/envs/_build/lib/python2.7/site-packages/oslo_messaging/_drivers/impl_zmq.py to impl_zmq.pyc
byte-compiling /home/ubuntu/miniconda/envs/_build/lib/python2.7/site-packages/oslo_messaging/_drivers/__init__.py to __init__.pyc
byte-compiling /home/ubuntu/miniconda/envs/_build/lib/python2.7/site-packages/oslo_messaging/_drivers/matchmaker.py to matchmaker.pyc
byte-compiling /home/ubuntu/miniconda/envs/_build/lib/python2.7/site-packages/oslo_messaging/_drivers/common.py to common.pyc
byte-compiling /home/ubuntu/miniconda/envs/_build/lib/python2.7/site-packages/oslo_messaging/_drivers/base.py to base.pyc
byte-compiling /home/ubuntu/miniconda/envs/_build/lib/python2.7/site-packages/oslo_messaging/_drivers/impl_fake.py to impl_fake.pyc
byte-compiling /home/ubuntu/miniconda/envs/_build/lib/python2.7/site-packages/oslo_messaging/server.py to server.pyc
byte-compiling /home/ubuntu/miniconda/envs/_build/lib/python2.7/site-packages/oslo_messaging/opts.py to opts.pyc
byte-compiling /home/ubuntu/miniconda/envs/_build/lib/python2.7/site-packages/oslo_messaging/exceptions.py to exceptions.pyc
byte-compiling /home/ubuntu/miniconda/envs/_build/lib/python2.7/site-packages/oslo/messaging/conffixture.py to conffixture.pyc
byte-compiling /home/ubuntu/miniconda/envs/_build/lib/python2.7/site-packages/oslo/messaging/target.py to target.pyc
byte-compiling /home/ubuntu/miniconda/envs/_build/lib/python2.7/site-packages/oslo/messaging/rpc/client.py to client.pyc
byte-compiling /home/ubuntu/miniconda/envs/_build/lib/python2.7/site-packages/oslo/messaging/rpc/__init__.py to __init__.pyc
byte-compiling /home/ubuntu/miniconda/envs/_build/lib/python2.7/site-packages/oslo/messaging/rpc/dispatcher.py to dispatcher.pyc
byte-compiling /home/ubuntu/miniconda/envs/_build/lib/python2.7/site-packages/oslo/messaging/rpc/server.py to server.pyc
byte-compiling /home/ubuntu/miniconda/envs/_build/lib/python2.7/site-packages/oslo/messaging/transport.py to transport.pyc
byte-compiling /home/ubuntu/miniconda/envs/_build/lib/python2.7/site-packages/oslo/messaging/_executors/__init__.py to __init__.pyc
byte-compiling /home/ubuntu/miniconda/envs/_build/lib/python2.7/site-packages/oslo/messaging/_executors/base.py to base.pyc
byte-compiling /home/ubuntu/miniconda/envs/_build/lib/python2.7/site-packages/oslo/messaging/notify/log_handler.py to log_handler.pyc
byte-compiling /home/ubuntu/miniconda/envs/_build/lib/python2.7/site-packages/oslo/messaging/notify/notifier.py to notifier.pyc
byte-compiling /home/ubuntu/miniconda/envs/_build/lib/python2.7/site-packages/oslo/messaging/notify/listener.py to listener.pyc
byte-compiling /home/ubuntu/miniconda/envs/_build/lib/python2.7/site-packages/oslo/messaging/notify/__init__.py to __init__.pyc
byte-compiling /home/ubuntu/miniconda/envs/_build/lib/python2.7/site-packages/oslo/messaging/notify/dispatcher.py to dispatcher.pyc
byte-compiling /home/ubuntu/miniconda/envs/_build/lib/python2.7/site-packages/oslo/messaging/notify/logger.py to logger.pyc
byte-compiling /home/ubuntu/miniconda/envs/_build/lib/python2.7/site-packages/oslo/messaging/notify/middleware.py to middleware.pyc
byte-compiling /home/ubuntu/miniconda/envs/_build/lib/python2.7/site-packages/oslo/messaging/__init__.py to __init__.pyc
byte-compiling /home/ubuntu/miniconda/envs/_build/lib/python2.7/site-packages/oslo/messaging/serializer.py to serializer.pyc
byte-compiling /home/ubuntu/miniconda/envs/_build/lib/python2.7/site-packages/oslo/messaging/localcontext.py to localcontext.pyc
byte-compiling /home/ubuntu/miniconda/envs/_build/lib/python2.7/site-packages/oslo/messaging/_drivers/__init__.py to __init__.pyc
byte-compiling /home/ubuntu/miniconda/envs/_build/lib/python2.7/site-packages/oslo/messaging/_drivers/common.py to common.pyc
byte-compiling /home/ubuntu/miniconda/envs/_build/lib/python2.7/site-packages/oslo/messaging/server.py to server.pyc
byte-compiling /home/ubuntu/miniconda/envs/_build/lib/python2.7/site-packages/oslo/messaging/exceptions.py to exceptions.pyc
byte-compiling /home/ubuntu/miniconda/envs/_build/lib/python2.7/site-packages/oslo/__init__.py to __init__.pyc
running install_egg_info
Copying oslo.messaging.egg-info to /home/ubuntu/miniconda/envs/_build/lib/python2.7/site-packages/oslo.messaging-1.8.2-py2.7.egg-info
Installing /home/ubuntu/miniconda/envs/_build/lib/python2.7/site-packages/oslo.messaging-1.8.2-py2.7-nspkg.pth
running install_scripts
Installing oslo-messaging-zmq-receiver script to /home/ubuntu/miniconda/envs/_build/bin

The following NEW packages will be INSTALLED:

    openssl:    1.0.1k-1    
    pbr:        1.0.1-py27_0
    pip:        6.1.1-py27_0
    python:     2.7.9-3     
    readline:   6.2-2       
    setuptools: 16.0-py27_0 
    sqlite:     3.8.4.1-1   
    system:     5.8-2       
    tk:         8.5.18-0    
    zlib:       1.2.8-0     

Linking packages ...
[                    ]|                                                  |   0%[openssl             ]|                                                  |   0%[readline            ]|#####                                             |  10%[sqlite              ]|##########                                        |  20%[system              ]|###############                                   |  30%[tk                  ]|####################                              |  40%[zlib                ]|#########################                         |  50%[python              ]|##############################                    |  60%[setuptools          ]|###################################               |  70%[pbr                 ]|########################################          |  80%[pip                 ]|#############################################     |  90%[      COMPLETE      ]|##################################################| 100%
Removing old work directory
Source cache directory is: /home/ubuntu/miniconda/conda-bld/src_cache
Found source in cache: oslo.messaging-1.8.2.tar.gz
Extracting download
Package: oslo.messaging-1.8.2-py27_0
source tree in: /home/ubuntu/miniconda/conda-bld/work/oslo.messaging-1.8.2
number of files: 245
Fixing permissions
Detected hard-coded path in text file bin/oslo-messaging-zmq-receiver
Fixing permissions
BUILD END: oslo.messaging-1.8.2-py27_0
Nothing to test for: oslo.messaging-1.8.2-py27_0
# If you want to upload this package to binstar.org later, type:
#
# $ binstar upload /home/ubuntu/miniconda/conda-bld/linux-64/oslo.messaging-1.8.2-py27_0.tar.bz2
#
# To have conda build upload to binstar automatically, use
# $ conda config --set binstar_upload yes

