Warning, the following versions were found for oslo.vmware
0.14.0
0.13.1
0.13.0
0.12.0
0.11.1
0.11.0
0.10.0
0.9.0
0.8.0
0.7.0
0.6.0
0.5.0
0.4.0
0.3
0.2
0.1
0
Using 0.14.0
Use --version to specify a different version.
Using url https://pypi.python.org/packages/source/o/oslo.vmware/oslo.vmware-0.14.0.tar.gz (79 KB) for oslo.vmware.
Downloading oslo.vmware (use --no-download to skip this step)
Using cached download
Unpacking oslo.vmware...
done
working in /tmp/tmpI2kRBeconda_skeleton_oslo.vmware-0.14.0.tar.gz
Fetching package metadata: ......
Solving package specifications: .patching file core.py
Hunk #1 succeeded at 168 with fuzz 2 (offset 2 lines).

The following NEW packages will be INSTALLED:

    numpy:      1.9.2-py27_0
    openssl:    1.0.1k-1    
    pip:        7.0.3-py27_0
    python:     2.7.10-0    
    pyyaml:     3.11-py27_0 
    readline:   6.2-2       
    setuptools: 17.0-py27_0 
    sqlite:     3.8.4.1-1   
    system:     5.8-2       
    tk:         8.5.18-0    
    zlib:       1.2.8-0     

Linking packages ...
[                    ]|                                                  |   0%[openssl             ]|                                                  |   0%[readline            ]|####                                              |   9%[sqlite              ]|#########                                         |  18%[system              ]|#############                                     |  27%[tk                  ]|##################                                |  36%[zlib                ]|######################                            |  45%[numpy               ]|###########################                       |  54%[python              ]|###############################                   |  63%[pyyaml              ]|####################################              |  72%[setuptools          ]|########################################          |  81%[pip                 ]|#############################################     |  90%[      COMPLETE      ]|##################################################| 100%
Applying patch: '/tmp/tmpI2kRBeconda_skeleton_oslo.vmware-0.14.0.tar.gz/pypi-distutils.patch'
Writing recipe for oslo.vmware
Done
