Removing old build directory
Removing old work directory
BUILD START: oslo.concurrency-1.9.0-py27_0
Fetching package metadata: ......
Solving package specifications: .+ /home/ubuntu/miniconda/envs/_build/bin/python setup.py install
running install
running build
running build_py
creating build
creating build/lib
creating build/lib/oslo
copying oslo/__init__.py -> build/lib/oslo
creating build/lib/oslo/concurrency
copying oslo/concurrency/__init__.py -> build/lib/oslo/concurrency
creating build/lib/oslo/concurrency/fixture
copying oslo/concurrency/fixture/__init__.py -> build/lib/oslo/concurrency/fixture
creating build/lib/oslo_concurrency
creating build/lib/oslo_concurrency/tests
copying oslo_concurrency/tests/__init__.py -> build/lib/oslo_concurrency/tests
creating build/lib/oslo_concurrency/fixture
copying oslo_concurrency/fixture/__init__.py -> build/lib/oslo_concurrency/fixture
copying oslo_concurrency/fixture/lockutils.py -> build/lib/oslo_concurrency/fixture
creating build/lib/oslo_concurrency/openstack
creating build/lib/oslo_concurrency/openstack/common
copying oslo_concurrency/openstack/common/__init__.py -> build/lib/oslo_concurrency/openstack/common
copying oslo_concurrency/openstack/common/fileutils.py -> build/lib/oslo_concurrency/openstack/common
copying oslo_concurrency/openstack/__init__.py -> build/lib/oslo_concurrency/openstack
copying oslo_concurrency/_i18n.py -> build/lib/oslo_concurrency
copying oslo_concurrency/watchdog.py -> build/lib/oslo_concurrency
copying oslo_concurrency/processutils.py -> build/lib/oslo_concurrency
copying oslo_concurrency/__init__.py -> build/lib/oslo_concurrency
copying oslo_concurrency/lockutils.py -> build/lib/oslo_concurrency
copying oslo_concurrency/opts.py -> build/lib/oslo_concurrency
creating build/lib/oslo_concurrency/tests/unit
copying oslo_concurrency/tests/unit/test_processutils.py -> build/lib/oslo_concurrency/tests/unit
copying oslo_concurrency/tests/unit/test_lockutils.py -> build/lib/oslo_concurrency/tests/unit
copying oslo_concurrency/tests/unit/__init__.py -> build/lib/oslo_concurrency/tests/unit
copying oslo_concurrency/tests/unit/test_lockutils_eventlet.py -> build/lib/oslo_concurrency/tests/unit
running egg_info
writing requirements to oslo.concurrency.egg-info/requires.txt
writing oslo.concurrency.egg-info/PKG-INFO
writing namespace_packages to oslo.concurrency.egg-info/namespace_packages.txt
writing top-level names to oslo.concurrency.egg-info/top_level.txt
writing dependency_links to oslo.concurrency.egg-info/dependency_links.txt
writing entry points to oslo.concurrency.egg-info/entry_points.txt
[pbr] Reusing existing SOURCES.txt
running install_lib
creating /home/ubuntu/miniconda/envs/_build/lib/python2.7/site-packages/oslo_concurrency
copying build/lib/oslo_concurrency/_i18n.py -> /home/ubuntu/miniconda/envs/_build/lib/python2.7/site-packages/oslo_concurrency
copying build/lib/oslo_concurrency/watchdog.py -> /home/ubuntu/miniconda/envs/_build/lib/python2.7/site-packages/oslo_concurrency
creating /home/ubuntu/miniconda/envs/_build/lib/python2.7/site-packages/oslo_concurrency/fixture
copying build/lib/oslo_concurrency/fixture/__init__.py -> /home/ubuntu/miniconda/envs/_build/lib/python2.7/site-packages/oslo_concurrency/fixture
copying build/lib/oslo_concurrency/fixture/lockutils.py -> /home/ubuntu/miniconda/envs/_build/lib/python2.7/site-packages/oslo_concurrency/fixture
copying build/lib/oslo_concurrency/processutils.py -> /home/ubuntu/miniconda/envs/_build/lib/python2.7/site-packages/oslo_concurrency
creating /home/ubuntu/miniconda/envs/_build/lib/python2.7/site-packages/oslo_concurrency/tests
creating /home/ubuntu/miniconda/envs/_build/lib/python2.7/site-packages/oslo_concurrency/tests/unit
copying build/lib/oslo_concurrency/tests/unit/test_processutils.py -> /home/ubuntu/miniconda/envs/_build/lib/python2.7/site-packages/oslo_concurrency/tests/unit
copying build/lib/oslo_concurrency/tests/unit/test_lockutils.py -> /home/ubuntu/miniconda/envs/_build/lib/python2.7/site-packages/oslo_concurrency/tests/unit
copying build/lib/oslo_concurrency/tests/unit/__init__.py -> /home/ubuntu/miniconda/envs/_build/lib/python2.7/site-packages/oslo_concurrency/tests/unit
copying build/lib/oslo_concurrency/tests/unit/test_lockutils_eventlet.py -> /home/ubuntu/miniconda/envs/_build/lib/python2.7/site-packages/oslo_concurrency/tests/unit
copying build/lib/oslo_concurrency/tests/__init__.py -> /home/ubuntu/miniconda/envs/_build/lib/python2.7/site-packages/oslo_concurrency/tests
copying build/lib/oslo_concurrency/__init__.py -> /home/ubuntu/miniconda/envs/_build/lib/python2.7/site-packages/oslo_concurrency
copying build/lib/oslo_concurrency/lockutils.py -> /home/ubuntu/miniconda/envs/_build/lib/python2.7/site-packages/oslo_concurrency
creating /home/ubuntu/miniconda/envs/_build/lib/python2.7/site-packages/oslo_concurrency/openstack
creating /home/ubuntu/miniconda/envs/_build/lib/python2.7/site-packages/oslo_concurrency/openstack/common
copying build/lib/oslo_concurrency/openstack/common/__init__.py -> /home/ubuntu/miniconda/envs/_build/lib/python2.7/site-packages/oslo_concurrency/openstack/common
copying build/lib/oslo_concurrency/openstack/common/fileutils.py -> /home/ubuntu/miniconda/envs/_build/lib/python2.7/site-packages/oslo_concurrency/openstack/common
copying build/lib/oslo_concurrency/openstack/__init__.py -> /home/ubuntu/miniconda/envs/_build/lib/python2.7/site-packages/oslo_concurrency/openstack
copying build/lib/oslo_concurrency/opts.py -> /home/ubuntu/miniconda/envs/_build/lib/python2.7/site-packages/oslo_concurrency
creating /home/ubuntu/miniconda/envs/_build/lib/python2.7/site-packages/oslo
creating /home/ubuntu/miniconda/envs/_build/lib/python2.7/site-packages/oslo/concurrency
creating /home/ubuntu/miniconda/envs/_build/lib/python2.7/site-packages/oslo/concurrency/fixture
copying build/lib/oslo/concurrency/fixture/__init__.py -> /home/ubuntu/miniconda/envs/_build/lib/python2.7/site-packages/oslo/concurrency/fixture
copying build/lib/oslo/concurrency/__init__.py -> /home/ubuntu/miniconda/envs/_build/lib/python2.7/site-packages/oslo/concurrency
copying build/lib/oslo/__init__.py -> /home/ubuntu/miniconda/envs/_build/lib/python2.7/site-packages/oslo
byte-compiling /home/ubuntu/miniconda/envs/_build/lib/python2.7/site-packages/oslo_concurrency/_i18n.py to _i18n.pyc
byte-compiling /home/ubuntu/miniconda/envs/_build/lib/python2.7/site-packages/oslo_concurrency/watchdog.py to watchdog.pyc
byte-compiling /home/ubuntu/miniconda/envs/_build/lib/python2.7/site-packages/oslo_concurrency/fixture/__init__.py to __init__.pyc
byte-compiling /home/ubuntu/miniconda/envs/_build/lib/python2.7/site-packages/oslo_concurrency/fixture/lockutils.py to lockutils.pyc
byte-compiling /home/ubuntu/miniconda/envs/_build/lib/python2.7/site-packages/oslo_concurrency/processutils.py to processutils.pyc
byte-compiling /home/ubuntu/miniconda/envs/_build/lib/python2.7/site-packages/oslo_concurrency/tests/unit/test_processutils.py to test_processutils.pyc
byte-compiling /home/ubuntu/miniconda/envs/_build/lib/python2.7/site-packages/oslo_concurrency/tests/unit/test_lockutils.py to test_lockutils.pyc
byte-compiling /home/ubuntu/miniconda/envs/_build/lib/python2.7/site-packages/oslo_concurrency/tests/unit/__init__.py to __init__.pyc
byte-compiling /home/ubuntu/miniconda/envs/_build/lib/python2.7/site-packages/oslo_concurrency/tests/unit/test_lockutils_eventlet.py to test_lockutils_eventlet.pyc
byte-compiling /home/ubuntu/miniconda/envs/_build/lib/python2.7/site-packages/oslo_concurrency/tests/__init__.py to __init__.pyc
byte-compiling /home/ubuntu/miniconda/envs/_build/lib/python2.7/site-packages/oslo_concurrency/__init__.py to __init__.pyc
byte-compiling /home/ubuntu/miniconda/envs/_build/lib/python2.7/site-packages/oslo_concurrency/lockutils.py to lockutils.pyc
byte-compiling /home/ubuntu/miniconda/envs/_build/lib/python2.7/site-packages/oslo_concurrency/openstack/common/__init__.py to __init__.pyc
byte-compiling /home/ubuntu/miniconda/envs/_build/lib/python2.7/site-packages/oslo_concurrency/openstack/common/fileutils.py to fileutils.pyc
byte-compiling /home/ubuntu/miniconda/envs/_build/lib/python2.7/site-packages/oslo_concurrency/openstack/__init__.py to __init__.pyc
byte-compiling /home/ubuntu/miniconda/envs/_build/lib/python2.7/site-packages/oslo_concurrency/opts.py to opts.pyc
byte-compiling /home/ubuntu/miniconda/envs/_build/lib/python2.7/site-packages/oslo/concurrency/fixture/__init__.py to __init__.pyc
byte-compiling /home/ubuntu/miniconda/envs/_build/lib/python2.7/site-packages/oslo/concurrency/__init__.py to __init__.pyc
byte-compiling /home/ubuntu/miniconda/envs/_build/lib/python2.7/site-packages/oslo/__init__.py to __init__.pyc
running install_egg_info
Copying oslo.concurrency.egg-info to /home/ubuntu/miniconda/envs/_build/lib/python2.7/site-packages/oslo.concurrency-1.9.0-py2.7.egg-info
Installing /home/ubuntu/miniconda/envs/_build/lib/python2.7/site-packages/oslo.concurrency-1.9.0-py2.7-nspkg.pth
running install_scripts
Installing lockutils-wrapper script to /home/ubuntu/miniconda/envs/_build/bin

The following NEW packages will be INSTALLED:

    openssl:    1.0.1k-1    
    pbr:        1.0.1-py27_0
    pip:        6.1.1-py27_0
    python:     2.7.9-3     
    readline:   6.2-2       
    setuptools: 16.0-py27_0 
    sqlite:     3.8.4.1-1   
    system:     5.8-2       
    tk:         8.5.18-0    
    zlib:       1.2.8-0     

Linking packages ...
[                    ]|                                                  |   0%[openssl             ]|                                                  |   0%[readline            ]|#####                                             |  10%[sqlite              ]|##########                                        |  20%[system              ]|###############                                   |  30%[tk                  ]|####################                              |  40%[zlib                ]|#########################                         |  50%[python              ]|##############################                    |  60%[setuptools          ]|###################################               |  70%[pbr                 ]|########################################          |  80%[pip                 ]|#############################################     |  90%[      COMPLETE      ]|##################################################| 100%
Removing old work directory
Source cache directory is: /home/ubuntu/miniconda/conda-bld/src_cache
Found source in cache: oslo.concurrency-1.9.0.tar.gz
Extracting download
Package: oslo.concurrency-1.9.0-py27_0
source tree in: /home/ubuntu/miniconda/conda-bld/work/oslo.concurrency-1.9.0
number of files: 49
Fixing permissions
Detected hard-coded path in text file bin/lockutils-wrapper
Fixing permissions
BUILD END: oslo.concurrency-1.9.0-py27_0
Nothing to test for: oslo.concurrency-1.9.0-py27_0
# If you want to upload this package to binstar.org later, type:
#
# $ binstar upload /home/ubuntu/miniconda/conda-bld/linux-64/oslo.concurrency-1.9.0-py27_0.tar.bz2
#
# To have conda build upload to binstar automatically, use
# $ conda config --set binstar_upload yes

