Warning, the following versions were found for oslo.concurrency
2.0.0
1.10.0
1.9.0
1.8.0
1.7.0
1.6.0
1.5.0
1.4.1
0.4.0
0.3.0
0.2.0
0.1.0
Using 2.0.0
Use --version to specify a different version.
Using url https://pypi.python.org/packages/source/o/oslo.concurrency/oslo.concurrency-2.0.0.tar.gz (41 KB) for oslo.concurrency.
Downloading oslo.concurrency (use --no-download to skip this step)
Using cached download
Unpacking oslo.concurrency...
done
working in /tmp/tmpPQMKlHconda_skeleton_oslo.concurrency-2.0.0.tar.gz
Fetching package metadata: ......
Solving package specifications: .patching file core.py
Hunk #1 succeeded at 168 with fuzz 2 (offset 2 lines).

The following NEW packages will be INSTALLED:

    numpy:  1.9.2-py27_0
    pyyaml: 3.11-py27_0 

Linking packages ...
[                    ]|                                                  |   0%[numpy               ]|                                                  |   0%[pyyaml              ]|#########################                         |  50%[      COMPLETE      ]|##################################################| 100%
Applying patch: '/tmp/tmpPQMKlHconda_skeleton_oslo.concurrency-2.0.0.tar.gz/pypi-distutils.patch'
Writing recipe for oslo.concurrency
Done
