Warning, the following versions were found for oslo.config
1.12.1
1.12.0
1.11.0
1.10.0
1.9.3
1.9.2
1.9.1
1.9.0
1.8.0
1.7.0
1.6.1
1.6.0
1.5.0
1.4.0
1.4.0.0a5
1.4.0.0a4
1.4.0.0a3
1.4.0.0a2
1.4.0.0a1
1.3.0
1.2.1
1.2.0
1.1.1
1.1.0
Using 1.12.1
Use --version to specify a different version.
Using url https://pypi.python.org/packages/source/o/oslo.config/oslo.config-1.12.1.tar.gz (92 KB) for oslo.config.
Downloading oslo.config (use --no-download to skip this step)
Using cached download
Unpacking oslo.config...
done
working in /tmp/tmpnIKOtnconda_skeleton_oslo.config-1.12.1.tar.gz
Fetching package metadata: ......
Solving package specifications: .patching file core.py
Hunk #1 succeeded at 168 with fuzz 2 (offset 2 lines).
Traceback (most recent call last):
  File "setup.py", line 18, in <module>
    import setuptools
ImportError: No module named setuptools

Applying patch: '/tmp/tmpnIKOtnconda_skeleton_oslo.config-1.12.1.tar.gz/pypi-distutils.patch'
$PYTHONPATH = /tmp/tmpnIKOtnconda_skeleton_oslo.config-1.12.1.tar.gz/oslo.config-1.12.1
Error: command failed: /home/ubuntu/miniconda/envs/_build/bin/python setup.py install
