Warning, the following versions were found for oslo.middleware
1.3.0
1.2.0
1.1.0
1.0.0
0.5.0
0.4.0
0.3.0
0.2.0
0.1.0
Using 1.3.0
Use --version to specify a different version.
Using url https://pypi.python.org/packages/source/o/oslo.middleware/oslo.middleware-1.3.0.tar.gz (28 KB) for oslo.middleware.
Downloading oslo.middleware (use --no-download to skip this step)
Using cached download
Unpacking oslo.middleware...
done
working in /tmp/tmpARzHb6conda_skeleton_oslo.middleware-1.3.0.tar.gz
Fetching package metadata: ......
Solving package specifications: .patching file core.py
Hunk #1 succeeded at 168 with fuzz 2 (offset 2 lines).

Applying patch: '/tmp/tmpARzHb6conda_skeleton_oslo.middleware-1.3.0.tar.gz/pypi-distutils.patch'
Writing recipe for oslo.middleware
Done
