Warning, the following versions were found for oslo.messaging
1.13.0
1.12.1
1.12.0
1.11.0
1.10.0
1.9.0
1.8.2
1.8.1
1.8.0
1.7.0
1.6.0
1.5.1
1.5.0
1.4.1
1.4.0
1.4.0.0a5
1.4.0.0a4
1.4.0.0a3
1.4.0.0a2
1.4.0.0a1
1.3.1
1.3.0
1.3.0a9
1.3.0a8
1.3.0a7
1.3.0a6
1.3.0a5
1.3.0a4
0
Using 1.13.0
Use --version to specify a different version.
Using url https://pypi.python.org/packages/source/o/oslo.messaging/oslo.messaging-1.13.0.tar.gz (210 KB) for oslo.messaging.
Downloading oslo.messaging (use --no-download to skip this step)
Using cached download
Unpacking oslo.messaging...
done
working in /tmp/tmpF1OR0uconda_skeleton_oslo.messaging-1.13.0.tar.gz
Fetching package metadata: ......
Solving package specifications: .patching file core.py
Hunk #1 succeeded at 168 with fuzz 2 (offset 2 lines).

The following NEW packages will be INSTALLED:

    numpy:  1.9.2-py27_0
    pyyaml: 3.11-py27_0 
    yaml:   0.1.4-0     

Linking packages ...
[                    ]|                                                  |   0%[yaml                ]|                                                  |   0%[numpy               ]|################                                  |  33%[pyyaml              ]|#################################                 |  66%[      COMPLETE      ]|##################################################| 100%
Applying patch: '/tmp/tmpF1OR0uconda_skeleton_oslo.messaging-1.13.0.tar.gz/pypi-distutils.patch'
Writing recipe for oslo.messaging
Done
