Removing old build directory
Removing old work directory
BUILD START: oslo.i18n-1.6.0-py27_0
Fetching package metadata: ........
Solving package specifications: .+ /home/hargup/anaconda/envs/_build/bin/python setup.py install
running install
running build
running build_py
creating build
creating build/lib
creating build/lib/oslo
creating build/lib/oslo/i18n
copying oslo/i18n/fixture.py -> build/lib/oslo/i18n
copying oslo/i18n/log.py -> build/lib/oslo/i18n
copying oslo/i18n/__init__.py -> build/lib/oslo/i18n
copying oslo/__init__.py -> build/lib/oslo
creating build/lib/oslo_i18n
creating build/lib/oslo_i18n/tests
copying oslo_i18n/tests/test_handler.py -> build/lib/oslo_i18n/tests
copying oslo_i18n/tests/utils.py -> build/lib/oslo_i18n/tests
copying oslo_i18n/tests/test_message.py -> build/lib/oslo_i18n/tests
copying oslo_i18n/tests/test_locale_dir_variable.py -> build/lib/oslo_i18n/tests
copying oslo_i18n/tests/test_logging.py -> build/lib/oslo_i18n/tests
copying oslo_i18n/tests/test_lazy.py -> build/lib/oslo_i18n/tests
copying oslo_i18n/tests/fakes.py -> build/lib/oslo_i18n/tests
copying oslo_i18n/tests/test_fixture.py -> build/lib/oslo_i18n/tests
copying oslo_i18n/tests/test_public_api.py -> build/lib/oslo_i18n/tests
copying oslo_i18n/tests/test_gettextutils.py -> build/lib/oslo_i18n/tests
copying oslo_i18n/tests/test_translate.py -> build/lib/oslo_i18n/tests
copying oslo_i18n/tests/test_factory.py -> build/lib/oslo_i18n/tests
copying oslo_i18n/tests/__init__.py -> build/lib/oslo_i18n/tests
copying oslo_i18n/_gettextutils.py -> build/lib/oslo_i18n
copying oslo_i18n/_translate.py -> build/lib/oslo_i18n
copying oslo_i18n/_lazy.py -> build/lib/oslo_i18n
copying oslo_i18n/_factory.py -> build/lib/oslo_i18n
copying oslo_i18n/_locale.py -> build/lib/oslo_i18n
copying oslo_i18n/fixture.py -> build/lib/oslo_i18n
copying oslo_i18n/log.py -> build/lib/oslo_i18n
copying oslo_i18n/_message.py -> build/lib/oslo_i18n
copying oslo_i18n/__init__.py -> build/lib/oslo_i18n
copying oslo_i18n/_i18n.py -> build/lib/oslo_i18n
running egg_info
writing requirements to oslo.i18n.egg-info/requires.txt
writing oslo.i18n.egg-info/PKG-INFO
writing namespace_packages to oslo.i18n.egg-info/namespace_packages.txt
writing top-level names to oslo.i18n.egg-info/top_level.txt
writing dependency_links to oslo.i18n.egg-info/dependency_links.txt
[pbr] Reusing existing SOURCES.txt
running install_lib
creating /home/hargup/anaconda/envs/_build/lib/python2.7/site-packages/oslo_i18n
copying build/lib/oslo_i18n/_gettextutils.py -> /home/hargup/anaconda/envs/_build/lib/python2.7/site-packages/oslo_i18n
copying build/lib/oslo_i18n/_translate.py -> /home/hargup/anaconda/envs/_build/lib/python2.7/site-packages/oslo_i18n
copying build/lib/oslo_i18n/_lazy.py -> /home/hargup/anaconda/envs/_build/lib/python2.7/site-packages/oslo_i18n
creating /home/hargup/anaconda/envs/_build/lib/python2.7/site-packages/oslo_i18n/tests
copying build/lib/oslo_i18n/tests/test_handler.py -> /home/hargup/anaconda/envs/_build/lib/python2.7/site-packages/oslo_i18n/tests
copying build/lib/oslo_i18n/tests/utils.py -> /home/hargup/anaconda/envs/_build/lib/python2.7/site-packages/oslo_i18n/tests
copying build/lib/oslo_i18n/tests/test_message.py -> /home/hargup/anaconda/envs/_build/lib/python2.7/site-packages/oslo_i18n/tests
copying build/lib/oslo_i18n/tests/test_locale_dir_variable.py -> /home/hargup/anaconda/envs/_build/lib/python2.7/site-packages/oslo_i18n/tests
copying build/lib/oslo_i18n/tests/test_logging.py -> /home/hargup/anaconda/envs/_build/lib/python2.7/site-packages/oslo_i18n/tests
copying build/lib/oslo_i18n/tests/test_lazy.py -> /home/hargup/anaconda/envs/_build/lib/python2.7/site-packages/oslo_i18n/tests
copying build/lib/oslo_i18n/tests/fakes.py -> /home/hargup/anaconda/envs/_build/lib/python2.7/site-packages/oslo_i18n/tests
copying build/lib/oslo_i18n/tests/test_fixture.py -> /home/hargup/anaconda/envs/_build/lib/python2.7/site-packages/oslo_i18n/tests
copying build/lib/oslo_i18n/tests/test_public_api.py -> /home/hargup/anaconda/envs/_build/lib/python2.7/site-packages/oslo_i18n/tests
copying build/lib/oslo_i18n/tests/test_gettextutils.py -> /home/hargup/anaconda/envs/_build/lib/python2.7/site-packages/oslo_i18n/tests
copying build/lib/oslo_i18n/tests/test_translate.py -> /home/hargup/anaconda/envs/_build/lib/python2.7/site-packages/oslo_i18n/tests
copying build/lib/oslo_i18n/tests/test_factory.py -> /home/hargup/anaconda/envs/_build/lib/python2.7/site-packages/oslo_i18n/tests
copying build/lib/oslo_i18n/tests/__init__.py -> /home/hargup/anaconda/envs/_build/lib/python2.7/site-packages/oslo_i18n/tests
copying build/lib/oslo_i18n/_factory.py -> /home/hargup/anaconda/envs/_build/lib/python2.7/site-packages/oslo_i18n
copying build/lib/oslo_i18n/_locale.py -> /home/hargup/anaconda/envs/_build/lib/python2.7/site-packages/oslo_i18n
copying build/lib/oslo_i18n/fixture.py -> /home/hargup/anaconda/envs/_build/lib/python2.7/site-packages/oslo_i18n
copying build/lib/oslo_i18n/log.py -> /home/hargup/anaconda/envs/_build/lib/python2.7/site-packages/oslo_i18n
copying build/lib/oslo_i18n/_message.py -> /home/hargup/anaconda/envs/_build/lib/python2.7/site-packages/oslo_i18n
copying build/lib/oslo_i18n/__init__.py -> /home/hargup/anaconda/envs/_build/lib/python2.7/site-packages/oslo_i18n
copying build/lib/oslo_i18n/_i18n.py -> /home/hargup/anaconda/envs/_build/lib/python2.7/site-packages/oslo_i18n
creating /home/hargup/anaconda/envs/_build/lib/python2.7/site-packages/oslo
copying build/lib/oslo/__init__.py -> /home/hargup/anaconda/envs/_build/lib/python2.7/site-packages/oslo
creating /home/hargup/anaconda/envs/_build/lib/python2.7/site-packages/oslo/i18n
copying build/lib/oslo/i18n/fixture.py -> /home/hargup/anaconda/envs/_build/lib/python2.7/site-packages/oslo/i18n
copying build/lib/oslo/i18n/log.py -> /home/hargup/anaconda/envs/_build/lib/python2.7/site-packages/oslo/i18n
copying build/lib/oslo/i18n/__init__.py -> /home/hargup/anaconda/envs/_build/lib/python2.7/site-packages/oslo/i18n
byte-compiling /home/hargup/anaconda/envs/_build/lib/python2.7/site-packages/oslo_i18n/_gettextutils.py to _gettextutils.pyc
byte-compiling /home/hargup/anaconda/envs/_build/lib/python2.7/site-packages/oslo_i18n/_translate.py to _translate.pyc
byte-compiling /home/hargup/anaconda/envs/_build/lib/python2.7/site-packages/oslo_i18n/_lazy.py to _lazy.pyc
byte-compiling /home/hargup/anaconda/envs/_build/lib/python2.7/site-packages/oslo_i18n/tests/test_handler.py to test_handler.pyc
byte-compiling /home/hargup/anaconda/envs/_build/lib/python2.7/site-packages/oslo_i18n/tests/utils.py to utils.pyc
byte-compiling /home/hargup/anaconda/envs/_build/lib/python2.7/site-packages/oslo_i18n/tests/test_message.py to test_message.pyc
byte-compiling /home/hargup/anaconda/envs/_build/lib/python2.7/site-packages/oslo_i18n/tests/test_locale_dir_variable.py to test_locale_dir_variable.pyc
byte-compiling /home/hargup/anaconda/envs/_build/lib/python2.7/site-packages/oslo_i18n/tests/test_logging.py to test_logging.pyc
byte-compiling /home/hargup/anaconda/envs/_build/lib/python2.7/site-packages/oslo_i18n/tests/test_lazy.py to test_lazy.pyc
byte-compiling /home/hargup/anaconda/envs/_build/lib/python2.7/site-packages/oslo_i18n/tests/fakes.py to fakes.pyc
byte-compiling /home/hargup/anaconda/envs/_build/lib/python2.7/site-packages/oslo_i18n/tests/test_fixture.py to test_fixture.pyc
byte-compiling /home/hargup/anaconda/envs/_build/lib/python2.7/site-packages/oslo_i18n/tests/test_public_api.py to test_public_api.pyc
byte-compiling /home/hargup/anaconda/envs/_build/lib/python2.7/site-packages/oslo_i18n/tests/test_gettextutils.py to test_gettextutils.pyc
byte-compiling /home/hargup/anaconda/envs/_build/lib/python2.7/site-packages/oslo_i18n/tests/test_translate.py to test_translate.pyc
byte-compiling /home/hargup/anaconda/envs/_build/lib/python2.7/site-packages/oslo_i18n/tests/test_factory.py to test_factory.pyc
byte-compiling /home/hargup/anaconda/envs/_build/lib/python2.7/site-packages/oslo_i18n/tests/__init__.py to __init__.pyc
byte-compiling /home/hargup/anaconda/envs/_build/lib/python2.7/site-packages/oslo_i18n/_factory.py to _factory.pyc
byte-compiling /home/hargup/anaconda/envs/_build/lib/python2.7/site-packages/oslo_i18n/_locale.py to _locale.pyc
byte-compiling /home/hargup/anaconda/envs/_build/lib/python2.7/site-packages/oslo_i18n/fixture.py to fixture.pyc
byte-compiling /home/hargup/anaconda/envs/_build/lib/python2.7/site-packages/oslo_i18n/log.py to log.pyc
byte-compiling /home/hargup/anaconda/envs/_build/lib/python2.7/site-packages/oslo_i18n/_message.py to _message.pyc
byte-compiling /home/hargup/anaconda/envs/_build/lib/python2.7/site-packages/oslo_i18n/__init__.py to __init__.pyc
byte-compiling /home/hargup/anaconda/envs/_build/lib/python2.7/site-packages/oslo_i18n/_i18n.py to _i18n.pyc
byte-compiling /home/hargup/anaconda/envs/_build/lib/python2.7/site-packages/oslo/__init__.py to __init__.pyc
byte-compiling /home/hargup/anaconda/envs/_build/lib/python2.7/site-packages/oslo/i18n/fixture.py to fixture.pyc
byte-compiling /home/hargup/anaconda/envs/_build/lib/python2.7/site-packages/oslo/i18n/log.py to log.pyc
byte-compiling /home/hargup/anaconda/envs/_build/lib/python2.7/site-packages/oslo/i18n/__init__.py to __init__.pyc
running install_egg_info
Copying oslo.i18n.egg-info to /home/hargup/anaconda/envs/_build/lib/python2.7/site-packages/oslo.i18n-1.6.0-py2.7.egg-info
Installing /home/hargup/anaconda/envs/_build/lib/python2.7/site-packages/oslo.i18n-1.6.0-py2.7-nspkg.pth
running install_scripts

The following NEW packages will be INSTALLED:

    openssl:    1.0.1k-1    
    pbr:        1.0.1-py27_0
    pip:        6.1.1-py27_0
    python:     2.7.9-3     
    readline:   6.2-2       
    setuptools: 16.0-py27_0 
    sqlite:     3.8.4.1-1   
    system:     5.8-2       
    tk:         8.5.18-0    
    zlib:       1.2.8-0     

Linking packages ...
[                    ]|                                                  |   0%[openssl             ]|                                                  |   0%[readline            ]|#####                                             |  10%[sqlite              ]|##########                                        |  20%[system              ]|###############                                   |  30%[tk                  ]|####################                              |  40%[zlib                ]|#########################                         |  50%[python              ]|##############################                    |  60%[setuptools          ]|###################################               |  70%[pbr                 ]|########################################          |  80%[pip                 ]|#############################################     |  90%[      COMPLETE      ]|##################################################| 100%
Removing old work directory
Source cache directory is: /home/hargup/anaconda/conda-bld/src_cache
Found source in cache: oslo.i18n-1.6.0.tar.gz
Extracting download
Package: oslo.i18n-1.6.0-py27_0
source tree in: /home/hargup/anaconda/conda-bld/work/oslo.i18n-1.6.0
number of files: 63
Fixing permissions
Fixing permissions
BUILD END: oslo.i18n-1.6.0-py27_0
Nothing to test for: oslo.i18n-1.6.0-py27_0
# If you want to upload this package to binstar.org later, type:
#
# $ binstar upload /home/hargup/anaconda/conda-bld/linux-64/oslo.i18n-1.6.0-py27_0.tar.bz2
#
# To have conda build upload to binstar automatically, use
# $ conda config --set binstar_upload yes

