Removing old build directory
Removing old work directory
BUILD START: oslo.rootwrap-1.7.0-py27_0
Fetching package metadata: ......
Solving package specifications: .+ /home/ubuntu/miniconda/envs/_build/bin/python setup.py install
running install
running build
running build_py
creating build
creating build/lib
creating build/lib/oslo
creating build/lib/oslo/rootwrap
copying oslo/rootwrap/jsonrpc.py -> build/lib/oslo/rootwrap
copying oslo/rootwrap/filters.py -> build/lib/oslo/rootwrap
copying oslo/rootwrap/cmd.py -> build/lib/oslo/rootwrap
copying oslo/rootwrap/client.py -> build/lib/oslo/rootwrap
copying oslo/rootwrap/__init__.py -> build/lib/oslo/rootwrap
copying oslo/rootwrap/daemon.py -> build/lib/oslo/rootwrap
copying oslo/rootwrap/wrapper.py -> build/lib/oslo/rootwrap
copying oslo/__init__.py -> build/lib/oslo
creating build/lib/oslo_rootwrap
copying oslo_rootwrap/jsonrpc.py -> build/lib/oslo_rootwrap
copying oslo_rootwrap/filters.py -> build/lib/oslo_rootwrap
copying oslo_rootwrap/cmd.py -> build/lib/oslo_rootwrap
copying oslo_rootwrap/client.py -> build/lib/oslo_rootwrap
copying oslo_rootwrap/__init__.py -> build/lib/oslo_rootwrap
copying oslo_rootwrap/daemon.py -> build/lib/oslo_rootwrap
copying oslo_rootwrap/wrapper.py -> build/lib/oslo_rootwrap
creating build/lib/oslo_rootwrap/tests
copying oslo_rootwrap/tests/test_functional.py -> build/lib/oslo_rootwrap/tests
copying oslo_rootwrap/tests/test_functional_eventlet.py -> build/lib/oslo_rootwrap/tests
copying oslo_rootwrap/tests/run_daemon.py -> build/lib/oslo_rootwrap/tests
copying oslo_rootwrap/tests/test_rootwrap.py -> build/lib/oslo_rootwrap/tests
copying oslo_rootwrap/tests/__init__.py -> build/lib/oslo_rootwrap/tests
running egg_info
writing requirements to oslo.rootwrap.egg-info/requires.txt
writing oslo.rootwrap.egg-info/PKG-INFO
writing namespace_packages to oslo.rootwrap.egg-info/namespace_packages.txt
writing top-level names to oslo.rootwrap.egg-info/top_level.txt
writing dependency_links to oslo.rootwrap.egg-info/dependency_links.txt
[pbr] Reusing existing SOURCES.txt
running install_lib
creating /home/ubuntu/miniconda/envs/_build/lib/python2.7/site-packages/oslo_rootwrap
copying build/lib/oslo_rootwrap/jsonrpc.py -> /home/ubuntu/miniconda/envs/_build/lib/python2.7/site-packages/oslo_rootwrap
copying build/lib/oslo_rootwrap/filters.py -> /home/ubuntu/miniconda/envs/_build/lib/python2.7/site-packages/oslo_rootwrap
creating /home/ubuntu/miniconda/envs/_build/lib/python2.7/site-packages/oslo_rootwrap/tests
copying build/lib/oslo_rootwrap/tests/test_functional.py -> /home/ubuntu/miniconda/envs/_build/lib/python2.7/site-packages/oslo_rootwrap/tests
copying build/lib/oslo_rootwrap/tests/test_functional_eventlet.py -> /home/ubuntu/miniconda/envs/_build/lib/python2.7/site-packages/oslo_rootwrap/tests
copying build/lib/oslo_rootwrap/tests/run_daemon.py -> /home/ubuntu/miniconda/envs/_build/lib/python2.7/site-packages/oslo_rootwrap/tests
copying build/lib/oslo_rootwrap/tests/test_rootwrap.py -> /home/ubuntu/miniconda/envs/_build/lib/python2.7/site-packages/oslo_rootwrap/tests
copying build/lib/oslo_rootwrap/tests/__init__.py -> /home/ubuntu/miniconda/envs/_build/lib/python2.7/site-packages/oslo_rootwrap/tests
copying build/lib/oslo_rootwrap/cmd.py -> /home/ubuntu/miniconda/envs/_build/lib/python2.7/site-packages/oslo_rootwrap
copying build/lib/oslo_rootwrap/client.py -> /home/ubuntu/miniconda/envs/_build/lib/python2.7/site-packages/oslo_rootwrap
copying build/lib/oslo_rootwrap/__init__.py -> /home/ubuntu/miniconda/envs/_build/lib/python2.7/site-packages/oslo_rootwrap
copying build/lib/oslo_rootwrap/daemon.py -> /home/ubuntu/miniconda/envs/_build/lib/python2.7/site-packages/oslo_rootwrap
copying build/lib/oslo_rootwrap/wrapper.py -> /home/ubuntu/miniconda/envs/_build/lib/python2.7/site-packages/oslo_rootwrap
creating /home/ubuntu/miniconda/envs/_build/lib/python2.7/site-packages/oslo
creating /home/ubuntu/miniconda/envs/_build/lib/python2.7/site-packages/oslo/rootwrap
copying build/lib/oslo/rootwrap/jsonrpc.py -> /home/ubuntu/miniconda/envs/_build/lib/python2.7/site-packages/oslo/rootwrap
copying build/lib/oslo/rootwrap/filters.py -> /home/ubuntu/miniconda/envs/_build/lib/python2.7/site-packages/oslo/rootwrap
copying build/lib/oslo/rootwrap/cmd.py -> /home/ubuntu/miniconda/envs/_build/lib/python2.7/site-packages/oslo/rootwrap
copying build/lib/oslo/rootwrap/client.py -> /home/ubuntu/miniconda/envs/_build/lib/python2.7/site-packages/oslo/rootwrap
copying build/lib/oslo/rootwrap/__init__.py -> /home/ubuntu/miniconda/envs/_build/lib/python2.7/site-packages/oslo/rootwrap
copying build/lib/oslo/rootwrap/daemon.py -> /home/ubuntu/miniconda/envs/_build/lib/python2.7/site-packages/oslo/rootwrap
copying build/lib/oslo/rootwrap/wrapper.py -> /home/ubuntu/miniconda/envs/_build/lib/python2.7/site-packages/oslo/rootwrap
copying build/lib/oslo/__init__.py -> /home/ubuntu/miniconda/envs/_build/lib/python2.7/site-packages/oslo
byte-compiling /home/ubuntu/miniconda/envs/_build/lib/python2.7/site-packages/oslo_rootwrap/jsonrpc.py to jsonrpc.pyc
byte-compiling /home/ubuntu/miniconda/envs/_build/lib/python2.7/site-packages/oslo_rootwrap/filters.py to filters.pyc
byte-compiling /home/ubuntu/miniconda/envs/_build/lib/python2.7/site-packages/oslo_rootwrap/tests/test_functional.py to test_functional.pyc
byte-compiling /home/ubuntu/miniconda/envs/_build/lib/python2.7/site-packages/oslo_rootwrap/tests/test_functional_eventlet.py to test_functional_eventlet.pyc
byte-compiling /home/ubuntu/miniconda/envs/_build/lib/python2.7/site-packages/oslo_rootwrap/tests/run_daemon.py to run_daemon.pyc
byte-compiling /home/ubuntu/miniconda/envs/_build/lib/python2.7/site-packages/oslo_rootwrap/tests/test_rootwrap.py to test_rootwrap.pyc
byte-compiling /home/ubuntu/miniconda/envs/_build/lib/python2.7/site-packages/oslo_rootwrap/tests/__init__.py to __init__.pyc
byte-compiling /home/ubuntu/miniconda/envs/_build/lib/python2.7/site-packages/oslo_rootwrap/cmd.py to cmd.pyc
byte-compiling /home/ubuntu/miniconda/envs/_build/lib/python2.7/site-packages/oslo_rootwrap/client.py to client.pyc
byte-compiling /home/ubuntu/miniconda/envs/_build/lib/python2.7/site-packages/oslo_rootwrap/__init__.py to __init__.pyc
byte-compiling /home/ubuntu/miniconda/envs/_build/lib/python2.7/site-packages/oslo_rootwrap/daemon.py to daemon.pyc
byte-compiling /home/ubuntu/miniconda/envs/_build/lib/python2.7/site-packages/oslo_rootwrap/wrapper.py to wrapper.pyc
byte-compiling /home/ubuntu/miniconda/envs/_build/lib/python2.7/site-packages/oslo/rootwrap/jsonrpc.py to jsonrpc.pyc
byte-compiling /home/ubuntu/miniconda/envs/_build/lib/python2.7/site-packages/oslo/rootwrap/filters.py to filters.pyc
byte-compiling /home/ubuntu/miniconda/envs/_build/lib/python2.7/site-packages/oslo/rootwrap/cmd.py to cmd.pyc
byte-compiling /home/ubuntu/miniconda/envs/_build/lib/python2.7/site-packages/oslo/rootwrap/client.py to client.pyc
byte-compiling /home/ubuntu/miniconda/envs/_build/lib/python2.7/site-packages/oslo/rootwrap/__init__.py to __init__.pyc
byte-compiling /home/ubuntu/miniconda/envs/_build/lib/python2.7/site-packages/oslo/rootwrap/daemon.py to daemon.pyc
byte-compiling /home/ubuntu/miniconda/envs/_build/lib/python2.7/site-packages/oslo/rootwrap/wrapper.py to wrapper.pyc
byte-compiling /home/ubuntu/miniconda/envs/_build/lib/python2.7/site-packages/oslo/__init__.py to __init__.pyc
running install_egg_info
Copying oslo.rootwrap.egg-info to /home/ubuntu/miniconda/envs/_build/lib/python2.7/site-packages/oslo.rootwrap-1.7.0-py2.7.egg-info
Installing /home/ubuntu/miniconda/envs/_build/lib/python2.7/site-packages/oslo.rootwrap-1.7.0-py2.7-nspkg.pth
running install_scripts

The following NEW packages will be INSTALLED:

    openssl:    1.0.1k-1    
    pbr:        1.0.1-py27_0
    pip:        6.1.1-py27_0
    python:     2.7.9-3     
    readline:   6.2-2       
    setuptools: 16.0-py27_0 
    sqlite:     3.8.4.1-1   
    system:     5.8-2       
    tk:         8.5.18-0    
    zlib:       1.2.8-0     

Linking packages ...
[                    ]|                                                  |   0%[openssl             ]|                                                  |   0%[readline            ]|#####                                             |  10%[sqlite              ]|##########                                        |  20%[system              ]|###############                                   |  30%[tk                  ]|####################                              |  40%[zlib                ]|#########################                         |  50%[python              ]|##############################                    |  60%[setuptools          ]|###################################               |  70%[pbr                 ]|########################################          |  80%[pip                 ]|#############################################     |  90%[      COMPLETE      ]|##################################################| 100%
Removing old work directory
Source cache directory is: /home/ubuntu/miniconda/conda-bld/src_cache
Found source in cache: oslo.rootwrap-1.7.0.tar.gz
Extracting download
Package: oslo.rootwrap-1.7.0-py27_0
source tree in: /home/ubuntu/miniconda/conda-bld/work/oslo.rootwrap-1.7.0
number of files: 49
Fixing permissions
Fixing permissions
BUILD END: oslo.rootwrap-1.7.0-py27_0
Nothing to test for: oslo.rootwrap-1.7.0-py27_0
# If you want to upload this package to binstar.org later, type:
#
# $ binstar upload /home/ubuntu/miniconda/conda-bld/linux-64/oslo.rootwrap-1.7.0-py27_0.tar.bz2
#
# To have conda build upload to binstar automatically, use
# $ conda config --set binstar_upload yes

