Warning, the following versions were found for paramiko
1.15.2
1.15.1
1.15.0
1.14.2
1.14.1
1.14.0
1.13.3
1.13.2
1.13.1
1.13.0
1.12.4
1.12.3
1.12.2
1.12.1
1.12.0
1.11.6
1.11.5
1.11.4
1.11.3
1.11.2
1.11.1
1.11.0
1.10.7
1.10.6
1.10.5
1.10.4
1.10.3
1.10.2
1.10.1
1.10.0
1.9.0
1.8.1
1.8.0
1.7.7.2
1.7.7.1
1.7.6
1.7.5
1.7.4
1.7.2
1.7.1
1.7
1.6.4
1.6.3
1.6.2
1.6.1
1.6
1.5.4
1.5.2
1.5.1
1.4
1.3.1
1.3
1.2
1.1
1.0
0.9-ivysaur
0.9-horsea
0.9-gyarados
0.9-fearow
0.9-eevee
0.9-doduo
0.1-charmander
0.1-bulbasaur
Using 1.15.2
Use --version to specify a different version.
Using url https://pypi.python.org/packages/source/p/paramiko/paramiko-1.15.2.tar.gz (1.2 MB) for paramiko.
Downloading paramiko (use --no-download to skip this step)
Using cached download
Unpacking paramiko...
done
working in /tmp/tmpFzrEKBconda_skeleton_paramiko-1.15.2.tar.gz
Fetching package metadata: ......
Solving package specifications: .patching file core.py
Hunk #1 succeeded at 168 with fuzz 2 (offset 2 lines).

The following NEW packages will be INSTALLED:

    numpy:  1.9.2-py27_0
    pyyaml: 3.11-py27_0 
    yaml:   0.1.4-0     

Linking packages ...
[                    ]|                                                  |   0%[yaml                ]|                                                  |   0%[numpy               ]|################                                  |  33%[pyyaml              ]|#################################                 |  66%[      COMPLETE      ]|##################################################| 100%
Applying patch: '/tmp/tmpFzrEKBconda_skeleton_paramiko-1.15.2.tar.gz/pypi-distutils.patch'
Writing recipe for paramiko
Done
