paste not found, trying Paste
Warning, the following versions were found for Paste
2.0.2
2.0.1
2.0
1.7.5.1
1.7.5
1.7.4
1.7.3.1
1.7.3
1.7.2
1.7.1
1.7
1.6
1.5.1
1.5
1.4.2
1.4.1
1.4
1.3
1.2.1
1.2
1.1.1
1.1
1.0.1
1.0
0.9.8.1
0.9.8
0.9.7
0.9.6
0.9.5
0.9.3
0.9.2
0.9.1
0.9
0.5
0.4.1
0.4
0.3
Using 2.0.2
Use --version to specify a different version.
Using url https://pypi.python.org/packages/source/P/Paste/Paste-2.0.2.tar.gz (613 KB) for Paste.
Downloading Paste (use --no-download to skip this step)
Using cached download
Unpacking Paste...
done
working in /tmp/tmpA6idCdconda_skeleton_Paste-2.0.2.tar.gz
Fetching package metadata: ......
Solving package specifications: .patching file core.py
Hunk #1 succeeded at 168 with fuzz 2 (offset 2 lines).

Applying patch: '/tmp/tmpA6idCdconda_skeleton_Paste-2.0.2.tar.gz/pypi-distutils.patch'
Writing recipe for paste
Done
