Warning, the following versions were found for PasteScript
2.0.2
2.0.1
2.0
1.7.5
1.7.4.2
1.7.4.1
1.7.4
1.7.3
1.7.2
1.7
1.6.3
1.6.2
1.6.1.1
1.6.1
1.6
1.3.6
1.3.5
1.3.4
1.3.3
1.3.2
1.3.1
1.3
1.1
1.0
0.9.8
0.9.7
0.9.6
0.9
0.5.1
0.5
0.4.2
0.4.1
0.4
0.3.1
0.3
Using 2.0.2
Use --version to specify a different version.
Using url https://pypi.python.org/packages/source/P/PasteScript/PasteScript-2.0.2.tar.gz (115 KB) for PasteScript.
Downloading PasteScript (use --no-download to skip this step)
Using cached download
Unpacking PasteScript...
done
working in /tmp/tmpykHGBCconda_skeleton_PasteScript-2.0.2.tar.gz
Fetching package metadata: ......
Solving package specifications: .patching file core.py
Hunk #1 succeeded at 168 with fuzz 2 (offset 2 lines).
Traceback (most recent call last):
  File "setup.py", line 17, in <module>
    from setuptools import setup, find_packages
ImportError: No module named setuptools

Applying patch: '/tmp/tmpykHGBCconda_skeleton_PasteScript-2.0.2.tar.gz/pypi-distutils.patch'
$PYTHONPATH = /tmp/tmpykHGBCconda_skeleton_PasteScript-2.0.2.tar.gz/PasteScript-2.0.2
Error: command failed: /home/ubuntu/miniconda/envs/_build/bin/python setup.py install
