Removing old build directory
Removing old work directory
BUILD START: path.py-7.3-py_0
Fetching package metadata: ......
Solving package specifications: .+ pip install path.py
Collecting path.py
  Downloading http://localhost/packages/3.4/p/path.py/path.py-7.3-py2.py3-none-any.whl
Installing collected packages: path.py
Successfully installed path.py-7.3

The following NEW packages will be INSTALLED:

    openssl:    1.0.1k-1    
    pip:        7.0.3-py27_0
    python:     2.7.10-0    
    readline:   6.2-2       
    setuptools: 17.0-py27_0 
    sqlite:     3.8.4.1-1   
    system:     5.8-2       
    tk:         8.5.18-0    
    zlib:       1.2.8-0     

Linking packages ...
[                    ]|                                                  |   0%[openssl             ]|                                                  |   0%[readline            ]|#####                                             |  11%[sqlite              ]|###########                                       |  22%[system              ]|################                                  |  33%[tk                  ]|######################                            |  44%[zlib                ]|###########################                       |  55%[python              ]|#################################                 |  66%[setuptools          ]|######################################            |  77%[pip                 ]|############################################      |  88%[      COMPLETE      ]|##################################################| 100%
Removing old work directory
Copying /home/ubuntu/pypi-conda-builds/path.py to /home/ubuntu/miniconda/conda-bld/work
Package: path.py-7.3-py_0
source tree in: /home/ubuntu/miniconda/conda-bld/work
number of files: 10
Fixing permissions
Fixing permissions
BUILD END: path.py-7.3-py_0
# If you want to upload this package to binstar.org later, type:
#
# $ binstar upload /home/ubuntu/miniconda/conda-bld/noarch/path.py-7.3-py_0.tar.bz2
#
# To have conda build upload to binstar automatically, use
# $ conda config --set binstar_upload yes

Package search: {'_pypi_ordering': False, 'version': '7.3', 'name': 'path.py', 'summary': 'A module wrapper for os.path'}
Creating standard recipe for path.py-7.3
Converting recipe in /home/ubuntu/pypi-conda-builds/path.py
package = path.py
   dependencies = []
Building conda package for path.py
