Warning, the following versions were found for path.py
7.3
7.2
7.1
7.0
6.2
6.1
6.0
5.3
5.2
5.1
5.0
4.4
4.3
4.2
4.1
4.0
3.2
3.1
3.0.1
3.0
2.6.1
2.6
2.5
2.4.1
2.4
2.3
2.2.2
2.2
2.1
1.2
Using 7.3
Use --version to specify a different version.
Using url https://pypi.python.org/packages/source/p/path.py/path.py-7.3.zip (33 KB) for path.py.
Downloading path.py (use --no-download to skip this step)
Using cached download
Unpacking path.py...
done
working in /tmp/tmpDPerr5conda_skeleton_path.py-7.3.zip
Fetching package metadata: ......
Solving package specifications: .patching file core.py
Hunk #1 succeeded at 168 with fuzz 2 (offset 2 lines).

Applying patch: '/tmp/tmpDPerr5conda_skeleton_path.py-7.3.zip/pypi-distutils.patch'
Writing recipe for path.py
Done
