Warning, the following versions were found for pathlib
1.0.1
1.0
0.97
0.8
0.7
0.6
0.5
0.4
0.3
0.2
0.1
Using 1.0.1
Use --version to specify a different version.
Using url https://pypi.python.org/packages/source/p/pathlib/pathlib-1.0.1.tar.gz (48 KB) for pathlib.
Downloading pathlib (use --no-download to skip this step)
Using cached download
Unpacking pathlib...
done
working in /tmp/tmpSK4cpVconda_skeleton_pathlib-1.0.1.tar.gz
Fetching package metadata: ......
Solving package specifications: .patching file core.py
Hunk #1 succeeded at 168 with fuzz 2 (offset 2 lines).

Applying patch: '/tmp/tmpSK4cpVconda_skeleton_pathlib-1.0.1.tar.gz/pypi-distutils.patch'
Writing recipe for pathlib
Done
