There was an error importing jinja2.
Please run `conda install jinja2` to enable jinja template support
Removing old build directory
Removing old work directory
BUILD START: pattern-2.6-py27_0
Fetching package metadata: ......
Solving package specifications: .There was an error importing jinja2.
Please run `conda install jinja2` to enable jinja template support
+ /home/ubuntu/miniconda/envs/_build/bin/python setup.py install
running install
running bdist_egg
running egg_info
creating Pattern.egg-info
writing Pattern.egg-info/PKG-INFO
writing top-level names to Pattern.egg-info/top_level.txt
writing dependency_links to Pattern.egg-info/dependency_links.txt
writing manifest file 'Pattern.egg-info/SOURCES.txt'
reading manifest file 'Pattern.egg-info/SOURCES.txt'
writing manifest file 'Pattern.egg-info/SOURCES.txt'
installing library code to build/bdist.linux-x86_64/egg
running install_lib
running build_py
creating build
creating build/lib
creating build/lib/pattern
copying pattern/__init__.py -> build/lib/pattern
copying pattern/metrics.py -> build/lib/pattern
creating build/lib/pattern/text
copying pattern/text/__init__.py -> build/lib/pattern/text
copying pattern/text/search.py -> build/lib/pattern/text
copying pattern/text/tree.py -> build/lib/pattern/text
creating build/lib/pattern/web
copying pattern/web/api.py -> build/lib/pattern/web
copying pattern/web/__init__.py -> build/lib/pattern/web
creating build/lib/pattern/web/cache
copying pattern/web/cache/__init__.py -> build/lib/pattern/web/cache
creating build/lib/pattern/web/docx
copying pattern/web/docx/docx.py -> build/lib/pattern/web/docx
copying pattern/web/docx/__init__.py -> build/lib/pattern/web/docx
creating build/lib/pattern/web/feed
copying pattern/web/feed/setup.py -> build/lib/pattern/web/feed
copying pattern/web/feed/feedparser.py -> build/lib/pattern/web/feed
copying pattern/web/feed/__init__.py -> build/lib/pattern/web/feed
creating build/lib/pattern/web/imap
copying pattern/web/imap/__init__.py -> build/lib/pattern/web/imap
creating build/lib/pattern/web/json
copying pattern/web/json/ordered_dict.py -> build/lib/pattern/web/json
copying pattern/web/json/decoder.py -> build/lib/pattern/web/json
copying pattern/web/json/scanner.py -> build/lib/pattern/web/json
copying pattern/web/json/__init__.py -> build/lib/pattern/web/json
copying pattern/web/json/tool.py -> build/lib/pattern/web/json
copying pattern/web/json/encoder.py -> build/lib/pattern/web/json
creating build/lib/pattern/web/locale
copying pattern/web/locale/__init__.py -> build/lib/pattern/web/locale
creating build/lib/pattern/web/oauth
copying pattern/web/oauth/__init__.py -> build/lib/pattern/web/oauth
creating build/lib/pattern/web/pdf
copying pattern/web/pdf/fontmetrics.py -> build/lib/pattern/web/pdf
copying pattern/web/pdf/utils.py -> build/lib/pattern/web/pdf
copying pattern/web/pdf/pdfdevice.py -> build/lib/pattern/web/pdf
copying pattern/web/pdf/lzw.py -> build/lib/pattern/web/pdf
copying pattern/web/pdf/glyphlist.py -> build/lib/pattern/web/pdf
copying pattern/web/pdf/pdftypes.py -> build/lib/pattern/web/pdf
copying pattern/web/pdf/converter.py -> build/lib/pattern/web/pdf
copying pattern/web/pdf/psparser.py -> build/lib/pattern/web/pdf
copying pattern/web/pdf/layout.py -> build/lib/pattern/web/pdf
copying pattern/web/pdf/pdfinterp.py -> build/lib/pattern/web/pdf
copying pattern/web/pdf/runlength.py -> build/lib/pattern/web/pdf
copying pattern/web/pdf/latin_enc.py -> build/lib/pattern/web/pdf
copying pattern/web/pdf/pdffont.py -> build/lib/pattern/web/pdf
copying pattern/web/pdf/encodingdb.py -> build/lib/pattern/web/pdf
copying pattern/web/pdf/arcfour.py -> build/lib/pattern/web/pdf
copying pattern/web/pdf/ascii85.py -> build/lib/pattern/web/pdf
copying pattern/web/pdf/pdfcolor.py -> build/lib/pattern/web/pdf
copying pattern/web/pdf/__init__.py -> build/lib/pattern/web/pdf
copying pattern/web/pdf/pdfparser.py -> build/lib/pattern/web/pdf
copying pattern/web/pdf/cmapdb.py -> build/lib/pattern/web/pdf
creating build/lib/pattern/web/soup
copying pattern/web/soup/setup.py -> build/lib/pattern/web/soup
copying pattern/web/soup/BeautifulSoup.py -> build/lib/pattern/web/soup
copying pattern/web/soup/__init__.py -> build/lib/pattern/web/soup
copying pattern/web/soup/BeautifulSoupTests.py -> build/lib/pattern/web/soup
creating build/lib/pattern/db
copying pattern/db/__init__.py -> build/lib/pattern/db
creating build/lib/pattern/text/de
copying pattern/text/de/__main__.py -> build/lib/pattern/text/de
copying pattern/text/de/__init__.py -> build/lib/pattern/text/de
copying pattern/text/de/inflect.py -> build/lib/pattern/text/de
creating build/lib/pattern/text/en
copying pattern/text/en/__main__.py -> build/lib/pattern/text/en
copying pattern/text/en/inflect_quantify.py -> build/lib/pattern/text/en
copying pattern/text/en/modality.py -> build/lib/pattern/text/en
copying pattern/text/en/__init__.py -> build/lib/pattern/text/en
copying pattern/text/en/inflect.py -> build/lib/pattern/text/en
creating build/lib/pattern/text/en/wordlist
copying pattern/text/en/wordlist/__init__.py -> build/lib/pattern/text/en/wordlist
creating build/lib/pattern/text/en/wordnet
copying pattern/text/en/wordnet/__init__.py -> build/lib/pattern/text/en/wordnet
creating build/lib/pattern/text/en/wordnet/pywordnet
copying pattern/text/en/wordnet/pywordnet/setup.py -> build/lib/pattern/text/en/wordnet/pywordnet
copying pattern/text/en/wordnet/pywordnet/__init__.py -> build/lib/pattern/text/en/wordnet/pywordnet
copying pattern/text/en/wordnet/pywordnet/concordance.py -> build/lib/pattern/text/en/wordnet/pywordnet
copying pattern/text/en/wordnet/pywordnet/wntools.py -> build/lib/pattern/text/en/wordnet/pywordnet
copying pattern/text/en/wordnet/pywordnet/wordnet.py -> build/lib/pattern/text/en/wordnet/pywordnet
creating build/lib/pattern/text/es
copying pattern/text/es/__main__.py -> build/lib/pattern/text/es
copying pattern/text/es/__init__.py -> build/lib/pattern/text/es
copying pattern/text/es/inflect.py -> build/lib/pattern/text/es
creating build/lib/pattern/text/fr
copying pattern/text/fr/__main__.py -> build/lib/pattern/text/fr
copying pattern/text/fr/__init__.py -> build/lib/pattern/text/fr
copying pattern/text/fr/inflect.py -> build/lib/pattern/text/fr
creating build/lib/pattern/text/it
copying pattern/text/it/__main__.py -> build/lib/pattern/text/it
copying pattern/text/it/__init__.py -> build/lib/pattern/text/it
copying pattern/text/it/inflect.py -> build/lib/pattern/text/it
creating build/lib/pattern/text/nl
copying pattern/text/nl/__main__.py -> build/lib/pattern/text/nl
copying pattern/text/nl/__init__.py -> build/lib/pattern/text/nl
copying pattern/text/nl/inflect.py -> build/lib/pattern/text/nl
creating build/lib/pattern/vector
copying pattern/vector/__init__.py -> build/lib/pattern/vector
copying pattern/vector/stemmer.py -> build/lib/pattern/vector
creating build/lib/pattern/vector/svm
copying pattern/vector/svm/libsvmutil.py -> build/lib/pattern/vector/svm
copying pattern/vector/svm/liblinear.py -> build/lib/pattern/vector/svm
copying pattern/vector/svm/__init__.py -> build/lib/pattern/vector/svm
copying pattern/vector/svm/liblinearutil.py -> build/lib/pattern/vector/svm
copying pattern/vector/svm/libsvm.py -> build/lib/pattern/vector/svm
creating build/lib/pattern/graph
copying pattern/graph/__init__.py -> build/lib/pattern/graph
copying pattern/graph/commonsense.py -> build/lib/pattern/graph
creating build/lib/pattern/server
copying pattern/server/__init__.py -> build/lib/pattern/server
copying pattern/canvas.js -> build/lib/pattern
copying pattern/web/docx/LICENSE -> build/lib/pattern/web/docx
copying pattern/web/docx/README.rst -> build/lib/pattern/web/docx
copying pattern/web/feed/LICENSE -> build/lib/pattern/web/feed
copying pattern/web/feed/README -> build/lib/pattern/web/feed
copying pattern/web/json/_speedups.c -> build/lib/pattern/web/json
copying pattern/web/pdf/README.txt -> build/lib/pattern/web/pdf
creating build/lib/pattern/web/pdf/cmap
copying pattern/web/pdf/cmap/Makefile -> build/lib/pattern/web/pdf/cmap
copying pattern/web/pdf/cmap/__init__.py -> build/lib/pattern/web/pdf/cmap
copying pattern/web/soup/PKG-INFO -> build/lib/pattern/web/soup
copying pattern/text/de/de-lexicon.txt -> build/lib/pattern/text/de
copying pattern/text/de/de-verbs.txt -> build/lib/pattern/text/de
copying pattern/text/de/de-context.txt -> build/lib/pattern/text/de
copying pattern/text/de/de-morphology.txt -> build/lib/pattern/text/de
copying pattern/text/en/en-context.txt -> build/lib/pattern/text/en
copying pattern/text/en/en-morphology.txt -> build/lib/pattern/text/en
copying pattern/text/en/en-entities.txt -> build/lib/pattern/text/en
copying pattern/text/en/en-spelling.txt -> build/lib/pattern/text/en
copying pattern/text/en/en-lexicon.txt -> build/lib/pattern/text/en
copying pattern/text/en/en-verbs.txt -> build/lib/pattern/text/en
copying pattern/text/en/en-sentiment.xml -> build/lib/pattern/text/en
copying pattern/text/en/en-model.slp -> build/lib/pattern/text/en
copying pattern/text/en/wordlist/basic.txt -> build/lib/pattern/text/en/wordlist
copying pattern/text/en/wordlist/profanity.txt -> build/lib/pattern/text/en/wordlist
copying pattern/text/en/wordlist/stopwords.txt -> build/lib/pattern/text/en/wordlist
copying pattern/text/en/wordlist/time.txt -> build/lib/pattern/text/en/wordlist
copying pattern/text/en/wordlist/academic.txt -> build/lib/pattern/text/en/wordlist
copying pattern/text/en/wordnet/resnik-ic3.txt -> build/lib/pattern/text/en/wordnet
copying pattern/text/en/wordnet/resnik-ic2.txt -> build/lib/pattern/text/en/wordnet
creating build/lib/pattern/text/en/wordnet/dict
copying pattern/text/en/wordnet/dict/data.noun1 -> build/lib/pattern/text/en/wordnet/dict
copying pattern/text/en/wordnet/dict/index.noun -> build/lib/pattern/text/en/wordnet/dict
copying pattern/text/en/wordnet/dict/data.adj -> build/lib/pattern/text/en/wordnet/dict
copying pattern/text/en/wordnet/dict/data.adv -> build/lib/pattern/text/en/wordnet/dict
copying pattern/text/en/wordnet/dict/lexnames -> build/lib/pattern/text/en/wordnet/dict
copying pattern/text/en/wordnet/dict/index.adj -> build/lib/pattern/text/en/wordnet/dict
copying pattern/text/en/wordnet/dict/LICENSE.txt -> build/lib/pattern/text/en/wordnet/dict
copying pattern/text/en/wordnet/dict/index.verb -> build/lib/pattern/text/en/wordnet/dict
copying pattern/text/en/wordnet/dict/index.sense -> build/lib/pattern/text/en/wordnet/dict
copying pattern/text/en/wordnet/dict/index.adv -> build/lib/pattern/text/en/wordnet/dict
copying pattern/text/en/wordnet/dict/data.noun2 -> build/lib/pattern/text/en/wordnet/dict
copying pattern/text/en/wordnet/dict/index.32 -> build/lib/pattern/text/en/wordnet/dict
copying pattern/text/en/wordnet/dict/data.verb -> build/lib/pattern/text/en/wordnet/dict
copying pattern/text/en/wordnet/pywordnet/PKG-INFO -> build/lib/pattern/text/en/wordnet/pywordnet
copying pattern/text/en/wordnet/pywordnet/README.txt -> build/lib/pattern/text/en/wordnet/pywordnet
copying pattern/text/en/wordnet/pywordnet/LICENSE.txt -> build/lib/pattern/text/en/wordnet/pywordnet
copying pattern/text/es/es-morphology.txt -> build/lib/pattern/text/es
copying pattern/text/es/es-context.txt -> build/lib/pattern/text/es
copying pattern/text/es/es-verbs.txt -> build/lib/pattern/text/es
copying pattern/text/es/es-lexicon.txt -> build/lib/pattern/text/es
copying pattern/text/fr/fr-context.txt -> build/lib/pattern/text/fr
copying pattern/text/fr/fr-verbs.txt -> build/lib/pattern/text/fr
copying pattern/text/fr/fr-lexicon.txt -> build/lib/pattern/text/fr
copying pattern/text/fr/fr-morphology.txt -> build/lib/pattern/text/fr
copying pattern/text/fr/fr-sentiment.xml -> build/lib/pattern/text/fr
copying pattern/text/it/it-lexicon.txt -> build/lib/pattern/text/it
copying pattern/text/it/it-morphology.txt -> build/lib/pattern/text/it
copying pattern/text/it/it-verbs.txt -> build/lib/pattern/text/it
copying pattern/text/it/it-context.txt -> build/lib/pattern/text/it
copying pattern/text/nl/nl-morphology.txt -> build/lib/pattern/text/nl
copying pattern/text/nl/nl-verbs.txt -> build/lib/pattern/text/nl
copying pattern/text/nl/nl-lexicon.txt -> build/lib/pattern/text/nl
copying pattern/text/nl/nl-context.txt -> build/lib/pattern/text/nl
copying pattern/text/nl/nl-sentiment.xml -> build/lib/pattern/text/nl
copying pattern/vector/stopwords-es.txt -> build/lib/pattern/vector
copying pattern/vector/stopwords-en.txt -> build/lib/pattern/vector
copying pattern/vector/stopwords-de.txt -> build/lib/pattern/vector
copying pattern/vector/stopwords-fr.txt -> build/lib/pattern/vector
copying pattern/vector/stopwords-nl.txt -> build/lib/pattern/vector
copying pattern/vector/svm/README.txt -> build/lib/pattern/vector/svm
copying pattern/vector/svm/INSTALL.txt -> build/lib/pattern/vector/svm
creating build/lib/pattern/vector/svm/libsvm-3.11
copying pattern/vector/svm/libsvm-3.11/libsvm-mac32.so -> build/lib/pattern/vector/svm/libsvm-3.11
copying pattern/vector/svm/libsvm-3.11/libsvm-mac64.so -> build/lib/pattern/vector/svm/libsvm-3.11
copying pattern/vector/svm/libsvm-3.11/libsvm-win32.dll -> build/lib/pattern/vector/svm/libsvm-3.11
copying pattern/vector/svm/libsvm-3.11/libsvm-ubuntu64.so -> build/lib/pattern/vector/svm/libsvm-3.11
copying pattern/vector/svm/libsvm-3.11/COPYRIGHT -> build/lib/pattern/vector/svm/libsvm-3.11
creating build/lib/pattern/vector/svm/libsvm-3.17
copying pattern/vector/svm/libsvm-3.17/libsvm-mac32.so -> build/lib/pattern/vector/svm/libsvm-3.17
copying pattern/vector/svm/libsvm-3.17/libsvm-win64.dll -> build/lib/pattern/vector/svm/libsvm-3.17
copying pattern/vector/svm/libsvm-3.17/libsvm-mac64.so -> build/lib/pattern/vector/svm/libsvm-3.17
copying pattern/vector/svm/libsvm-3.17/libsvm-win32.dll -> build/lib/pattern/vector/svm/libsvm-3.17
copying pattern/vector/svm/libsvm-3.17/libsvm-ubuntu64.so -> build/lib/pattern/vector/svm/libsvm-3.17
copying pattern/vector/svm/libsvm-3.17/COPYRIGHT -> build/lib/pattern/vector/svm/libsvm-3.17
creating build/lib/pattern/vector/svm/liblinear-1.93
copying pattern/vector/svm/liblinear-1.93/liblinear-win64.dll -> build/lib/pattern/vector/svm/liblinear-1.93
copying pattern/vector/svm/liblinear-1.93/liblinear-win32.dll -> build/lib/pattern/vector/svm/liblinear-1.93
copying pattern/vector/svm/liblinear-1.93/liblinear-ubuntu64.so -> build/lib/pattern/vector/svm/liblinear-1.93
copying pattern/vector/svm/liblinear-1.93/liblinear-mac64.so -> build/lib/pattern/vector/svm/liblinear-1.93
copying pattern/vector/svm/liblinear-1.93/liblinear-mac32.so -> build/lib/pattern/vector/svm/liblinear-1.93
copying pattern/vector/svm/liblinear-1.93/COPYRIGHT -> build/lib/pattern/vector/svm/liblinear-1.93
copying pattern/graph/graph.js -> build/lib/pattern/graph
copying pattern/graph/commonsense.csv -> build/lib/pattern/graph
creating build/lib/pattern/server/static
copying pattern/server/static/robots.txt -> build/lib/pattern/server/static
creating build/lib/pattern/server/cherrypy
creating build/lib/pattern/server/cherrypy/cherrypy
copying pattern/server/cherrypy/cherrypy/_cplogging.py -> build/lib/pattern/server/cherrypy/cherrypy
copying pattern/server/cherrypy/cherrypy/_cpcompat.py -> build/lib/pattern/server/cherrypy/cherrypy
copying pattern/server/cherrypy/cherrypy/_cprequest.py -> build/lib/pattern/server/cherrypy/cherrypy
copying pattern/server/cherrypy/cherrypy/_cpreqbody.py -> build/lib/pattern/server/cherrypy/cherrypy
copying pattern/server/cherrypy/cherrypy/_cpcompat_subprocess.py -> build/lib/pattern/server/cherrypy/cherrypy
copying pattern/server/cherrypy/cherrypy/_cpmodpy.py -> build/lib/pattern/server/cherrypy/cherrypy
copying pattern/server/cherrypy/cherrypy/_cpdispatch.py -> build/lib/pattern/server/cherrypy/cherrypy
copying pattern/server/cherrypy/cherrypy/LICENSE.txt -> build/lib/pattern/server/cherrypy/cherrypy
copying pattern/server/cherrypy/cherrypy/_cperror.py -> build/lib/pattern/server/cherrypy/cherrypy
copying pattern/server/cherrypy/cherrypy/_cptools.py -> build/lib/pattern/server/cherrypy/cherrypy
copying pattern/server/cherrypy/cherrypy/_cpserver.py -> build/lib/pattern/server/cherrypy/cherrypy
copying pattern/server/cherrypy/cherrypy/_cpchecker.py -> build/lib/pattern/server/cherrypy/cherrypy
copying pattern/server/cherrypy/cherrypy/_cpwsgi.py -> build/lib/pattern/server/cherrypy/cherrypy
copying pattern/server/cherrypy/cherrypy/_cpwsgi_server.py -> build/lib/pattern/server/cherrypy/cherrypy
copying pattern/server/cherrypy/cherrypy/_cpconfig.py -> build/lib/pattern/server/cherrypy/cherrypy
copying pattern/server/cherrypy/cherrypy/__init__.py -> build/lib/pattern/server/cherrypy/cherrypy
copying pattern/server/cherrypy/cherrypy/_cpnative_server.py -> build/lib/pattern/server/cherrypy/cherrypy
copying pattern/server/cherrypy/cherrypy/_cptree.py -> build/lib/pattern/server/cherrypy/cherrypy
copying pattern/server/cherrypy/cherrypy/_cpthreadinglocal.py -> build/lib/pattern/server/cherrypy/cherrypy
copying pattern/server/cherrypy/cherrypy/favicon.ico -> build/lib/pattern/server/cherrypy/cherrypy
creating build/lib/pattern/server/cherrypy/cherrypy/wsgiserver
copying pattern/server/cherrypy/cherrypy/wsgiserver/wsgiserver2.py -> build/lib/pattern/server/cherrypy/cherrypy/wsgiserver
copying pattern/server/cherrypy/cherrypy/wsgiserver/ssl_builtin.py -> build/lib/pattern/server/cherrypy/cherrypy/wsgiserver
copying pattern/server/cherrypy/cherrypy/wsgiserver/__init__.py -> build/lib/pattern/server/cherrypy/cherrypy/wsgiserver
copying pattern/server/cherrypy/cherrypy/wsgiserver/ssl_pyopenssl.py -> build/lib/pattern/server/cherrypy/cherrypy/wsgiserver
creating build/lib/pattern/server/cherrypy/cherrypy/process
copying pattern/server/cherrypy/cherrypy/process/wspbus.py -> build/lib/pattern/server/cherrypy/cherrypy/process
copying pattern/server/cherrypy/cherrypy/process/__init__.py -> build/lib/pattern/server/cherrypy/cherrypy/process
copying pattern/server/cherrypy/cherrypy/process/plugins.py -> build/lib/pattern/server/cherrypy/cherrypy/process
copying pattern/server/cherrypy/cherrypy/process/servers.py -> build/lib/pattern/server/cherrypy/cherrypy/process
copying pattern/server/cherrypy/cherrypy/process/win32.py -> build/lib/pattern/server/cherrypy/cherrypy/process
creating build/lib/pattern/server/cherrypy/cherrypy/lib
copying pattern/server/cherrypy/cherrypy/lib/gctools.py -> build/lib/pattern/server/cherrypy/cherrypy/lib
copying pattern/server/cherrypy/cherrypy/lib/encoding.py -> build/lib/pattern/server/cherrypy/cherrypy/lib
copying pattern/server/cherrypy/cherrypy/lib/auth_digest.py -> build/lib/pattern/server/cherrypy/cherrypy/lib
copying pattern/server/cherrypy/cherrypy/lib/cptools.py -> build/lib/pattern/server/cherrypy/cherrypy/lib
copying pattern/server/cherrypy/cherrypy/lib/profiler.py -> build/lib/pattern/server/cherrypy/cherrypy/lib
copying pattern/server/cherrypy/cherrypy/lib/sessions.py -> build/lib/pattern/server/cherrypy/cherrypy/lib
copying pattern/server/cherrypy/cherrypy/lib/httputil.py -> build/lib/pattern/server/cherrypy/cherrypy/lib
copying pattern/server/cherrypy/cherrypy/lib/jsontools.py -> build/lib/pattern/server/cherrypy/cherrypy/lib
copying pattern/server/cherrypy/cherrypy/lib/cpstats.py -> build/lib/pattern/server/cherrypy/cherrypy/lib
copying pattern/server/cherrypy/cherrypy/lib/httpauth.py -> build/lib/pattern/server/cherrypy/cherrypy/lib
copying pattern/server/cherrypy/cherrypy/lib/http.py -> build/lib/pattern/server/cherrypy/cherrypy/lib
copying pattern/server/cherrypy/cherrypy/lib/__init__.py -> build/lib/pattern/server/cherrypy/cherrypy/lib
copying pattern/server/cherrypy/cherrypy/lib/covercp.py -> build/lib/pattern/server/cherrypy/cherrypy/lib
copying pattern/server/cherrypy/cherrypy/lib/static.py -> build/lib/pattern/server/cherrypy/cherrypy/lib
copying pattern/server/cherrypy/cherrypy/lib/reprconf.py -> build/lib/pattern/server/cherrypy/cherrypy/lib
copying pattern/server/cherrypy/cherrypy/lib/caching.py -> build/lib/pattern/server/cherrypy/cherrypy/lib
copying pattern/server/cherrypy/cherrypy/lib/auth.py -> build/lib/pattern/server/cherrypy/cherrypy/lib
copying pattern/server/cherrypy/cherrypy/lib/xmlrpcutil.py -> build/lib/pattern/server/cherrypy/cherrypy/lib
copying pattern/server/cherrypy/cherrypy/lib/auth_basic.py -> build/lib/pattern/server/cherrypy/cherrypy/lib
copying pattern/server/cherrypy/cherrypy/cherryd -> build/lib/pattern/server/cherrypy/cherrypy
creating build/bdist.linux-x86_64
creating build/bdist.linux-x86_64/egg
creating build/bdist.linux-x86_64/egg/pattern
creating build/bdist.linux-x86_64/egg/pattern/text
creating build/bdist.linux-x86_64/egg/pattern/text/de
copying build/lib/pattern/text/de/de-lexicon.txt -> build/bdist.linux-x86_64/egg/pattern/text/de
copying build/lib/pattern/text/de/de-verbs.txt -> build/bdist.linux-x86_64/egg/pattern/text/de
copying build/lib/pattern/text/de/__main__.py -> build/bdist.linux-x86_64/egg/pattern/text/de
copying build/lib/pattern/text/de/de-context.txt -> build/bdist.linux-x86_64/egg/pattern/text/de
copying build/lib/pattern/text/de/__init__.py -> build/bdist.linux-x86_64/egg/pattern/text/de
copying build/lib/pattern/text/de/inflect.py -> build/bdist.linux-x86_64/egg/pattern/text/de
copying build/lib/pattern/text/de/de-morphology.txt -> build/bdist.linux-x86_64/egg/pattern/text/de
creating build/bdist.linux-x86_64/egg/pattern/text/it
copying build/lib/pattern/text/it/__main__.py -> build/bdist.linux-x86_64/egg/pattern/text/it
copying build/lib/pattern/text/it/it-lexicon.txt -> build/bdist.linux-x86_64/egg/pattern/text/it
copying build/lib/pattern/text/it/it-morphology.txt -> build/bdist.linux-x86_64/egg/pattern/text/it
copying build/lib/pattern/text/it/it-verbs.txt -> build/bdist.linux-x86_64/egg/pattern/text/it
copying build/lib/pattern/text/it/__init__.py -> build/bdist.linux-x86_64/egg/pattern/text/it
copying build/lib/pattern/text/it/inflect.py -> build/bdist.linux-x86_64/egg/pattern/text/it
copying build/lib/pattern/text/it/it-context.txt -> build/bdist.linux-x86_64/egg/pattern/text/it
copying build/lib/pattern/text/tree.py -> build/bdist.linux-x86_64/egg/pattern/text
creating build/bdist.linux-x86_64/egg/pattern/text/es
copying build/lib/pattern/text/es/__main__.py -> build/bdist.linux-x86_64/egg/pattern/text/es
copying build/lib/pattern/text/es/es-morphology.txt -> build/bdist.linux-x86_64/egg/pattern/text/es
copying build/lib/pattern/text/es/es-context.txt -> build/bdist.linux-x86_64/egg/pattern/text/es
copying build/lib/pattern/text/es/__init__.py -> build/bdist.linux-x86_64/egg/pattern/text/es
copying build/lib/pattern/text/es/inflect.py -> build/bdist.linux-x86_64/egg/pattern/text/es
copying build/lib/pattern/text/es/es-verbs.txt -> build/bdist.linux-x86_64/egg/pattern/text/es
copying build/lib/pattern/text/es/es-lexicon.txt -> build/bdist.linux-x86_64/egg/pattern/text/es
copying build/lib/pattern/text/search.py -> build/bdist.linux-x86_64/egg/pattern/text
creating build/bdist.linux-x86_64/egg/pattern/text/en
creating build/bdist.linux-x86_64/egg/pattern/text/en/wordnet
copying build/lib/pattern/text/en/wordnet/resnik-ic3.txt -> build/bdist.linux-x86_64/egg/pattern/text/en/wordnet
creating build/bdist.linux-x86_64/egg/pattern/text/en/wordnet/pywordnet
copying build/lib/pattern/text/en/wordnet/pywordnet/PKG-INFO -> build/bdist.linux-x86_64/egg/pattern/text/en/wordnet/pywordnet
copying build/lib/pattern/text/en/wordnet/pywordnet/README.txt -> build/bdist.linux-x86_64/egg/pattern/text/en/wordnet/pywordnet
copying build/lib/pattern/text/en/wordnet/pywordnet/setup.py -> build/bdist.linux-x86_64/egg/pattern/text/en/wordnet/pywordnet
copying build/lib/pattern/text/en/wordnet/pywordnet/LICENSE.txt -> build/bdist.linux-x86_64/egg/pattern/text/en/wordnet/pywordnet
copying build/lib/pattern/text/en/wordnet/pywordnet/__init__.py -> build/bdist.linux-x86_64/egg/pattern/text/en/wordnet/pywordnet
copying build/lib/pattern/text/en/wordnet/pywordnet/concordance.py -> build/bdist.linux-x86_64/egg/pattern/text/en/wordnet/pywordnet
copying build/lib/pattern/text/en/wordnet/pywordnet/wntools.py -> build/bdist.linux-x86_64/egg/pattern/text/en/wordnet/pywordnet
copying build/lib/pattern/text/en/wordnet/pywordnet/wordnet.py -> build/bdist.linux-x86_64/egg/pattern/text/en/wordnet/pywordnet
creating build/bdist.linux-x86_64/egg/pattern/text/en/wordnet/dict
copying build/lib/pattern/text/en/wordnet/dict/data.noun1 -> build/bdist.linux-x86_64/egg/pattern/text/en/wordnet/dict
copying build/lib/pattern/text/en/wordnet/dict/index.noun -> build/bdist.linux-x86_64/egg/pattern/text/en/wordnet/dict
copying build/lib/pattern/text/en/wordnet/dict/data.adj -> build/bdist.linux-x86_64/egg/pattern/text/en/wordnet/dict
copying build/lib/pattern/text/en/wordnet/dict/data.adv -> build/bdist.linux-x86_64/egg/pattern/text/en/wordnet/dict
copying build/lib/pattern/text/en/wordnet/dict/lexnames -> build/bdist.linux-x86_64/egg/pattern/text/en/wordnet/dict
copying build/lib/pattern/text/en/wordnet/dict/index.adj -> build/bdist.linux-x86_64/egg/pattern/text/en/wordnet/dict
copying build/lib/pattern/text/en/wordnet/dict/LICENSE.txt -> build/bdist.linux-x86_64/egg/pattern/text/en/wordnet/dict
copying build/lib/pattern/text/en/wordnet/dict/index.verb -> build/bdist.linux-x86_64/egg/pattern/text/en/wordnet/dict
copying build/lib/pattern/text/en/wordnet/dict/index.sense -> build/bdist.linux-x86_64/egg/pattern/text/en/wordnet/dict
copying build/lib/pattern/text/en/wordnet/dict/index.adv -> build/bdist.linux-x86_64/egg/pattern/text/en/wordnet/dict
copying build/lib/pattern/text/en/wordnet/dict/data.noun2 -> build/bdist.linux-x86_64/egg/pattern/text/en/wordnet/dict
copying build/lib/pattern/text/en/wordnet/dict/index.32 -> build/bdist.linux-x86_64/egg/pattern/text/en/wordnet/dict
copying build/lib/pattern/text/en/wordnet/dict/data.verb -> build/bdist.linux-x86_64/egg/pattern/text/en/wordnet/dict
copying build/lib/pattern/text/en/wordnet/resnik-ic2.txt -> build/bdist.linux-x86_64/egg/pattern/text/en/wordnet
copying build/lib/pattern/text/en/wordnet/__init__.py -> build/bdist.linux-x86_64/egg/pattern/text/en/wordnet
copying build/lib/pattern/text/en/__main__.py -> build/bdist.linux-x86_64/egg/pattern/text/en
copying build/lib/pattern/text/en/en-context.txt -> build/bdist.linux-x86_64/egg/pattern/text/en
copying build/lib/pattern/text/en/en-morphology.txt -> build/bdist.linux-x86_64/egg/pattern/text/en
copying build/lib/pattern/text/en/en-model.slp -> build/bdist.linux-x86_64/egg/pattern/text/en
copying build/lib/pattern/text/en/en-entities.txt -> build/bdist.linux-x86_64/egg/pattern/text/en
copying build/lib/pattern/text/en/inflect_quantify.py -> build/bdist.linux-x86_64/egg/pattern/text/en
copying build/lib/pattern/text/en/en-spelling.txt -> build/bdist.linux-x86_64/egg/pattern/text/en
copying build/lib/pattern/text/en/modality.py -> build/bdist.linux-x86_64/egg/pattern/text/en
copying build/lib/pattern/text/en/en-lexicon.txt -> build/bdist.linux-x86_64/egg/pattern/text/en
copying build/lib/pattern/text/en/en-verbs.txt -> build/bdist.linux-x86_64/egg/pattern/text/en
copying build/lib/pattern/text/en/en-sentiment.xml -> build/bdist.linux-x86_64/egg/pattern/text/en
copying build/lib/pattern/text/en/__init__.py -> build/bdist.linux-x86_64/egg/pattern/text/en
copying build/lib/pattern/text/en/inflect.py -> build/bdist.linux-x86_64/egg/pattern/text/en
creating build/bdist.linux-x86_64/egg/pattern/text/en/wordlist
copying build/lib/pattern/text/en/wordlist/basic.txt -> build/bdist.linux-x86_64/egg/pattern/text/en/wordlist
copying build/lib/pattern/text/en/wordlist/profanity.txt -> build/bdist.linux-x86_64/egg/pattern/text/en/wordlist
copying build/lib/pattern/text/en/wordlist/stopwords.txt -> build/bdist.linux-x86_64/egg/pattern/text/en/wordlist
copying build/lib/pattern/text/en/wordlist/__init__.py -> build/bdist.linux-x86_64/egg/pattern/text/en/wordlist
copying build/lib/pattern/text/en/wordlist/time.txt -> build/bdist.linux-x86_64/egg/pattern/text/en/wordlist
copying build/lib/pattern/text/en/wordlist/academic.txt -> build/bdist.linux-x86_64/egg/pattern/text/en/wordlist
creating build/bdist.linux-x86_64/egg/pattern/text/nl
copying build/lib/pattern/text/nl/__main__.py -> build/bdist.linux-x86_64/egg/pattern/text/nl
copying build/lib/pattern/text/nl/nl-morphology.txt -> build/bdist.linux-x86_64/egg/pattern/text/nl
copying build/lib/pattern/text/nl/nl-verbs.txt -> build/bdist.linux-x86_64/egg/pattern/text/nl
copying build/lib/pattern/text/nl/nl-lexicon.txt -> build/bdist.linux-x86_64/egg/pattern/text/nl
copying build/lib/pattern/text/nl/nl-context.txt -> build/bdist.linux-x86_64/egg/pattern/text/nl
copying build/lib/pattern/text/nl/nl-sentiment.xml -> build/bdist.linux-x86_64/egg/pattern/text/nl
copying build/lib/pattern/text/nl/__init__.py -> build/bdist.linux-x86_64/egg/pattern/text/nl
copying build/lib/pattern/text/nl/inflect.py -> build/bdist.linux-x86_64/egg/pattern/text/nl
creating build/bdist.linux-x86_64/egg/pattern/text/fr
copying build/lib/pattern/text/fr/fr-context.txt -> build/bdist.linux-x86_64/egg/pattern/text/fr
copying build/lib/pattern/text/fr/fr-sentiment.xml -> build/bdist.linux-x86_64/egg/pattern/text/fr
copying build/lib/pattern/text/fr/__main__.py -> build/bdist.linux-x86_64/egg/pattern/text/fr
copying build/lib/pattern/text/fr/fr-verbs.txt -> build/bdist.linux-x86_64/egg/pattern/text/fr
copying build/lib/pattern/text/fr/fr-lexicon.txt -> build/bdist.linux-x86_64/egg/pattern/text/fr
copying build/lib/pattern/text/fr/fr-morphology.txt -> build/bdist.linux-x86_64/egg/pattern/text/fr
copying build/lib/pattern/text/fr/__init__.py -> build/bdist.linux-x86_64/egg/pattern/text/fr
copying build/lib/pattern/text/fr/inflect.py -> build/bdist.linux-x86_64/egg/pattern/text/fr
copying build/lib/pattern/text/__init__.py -> build/bdist.linux-x86_64/egg/pattern/text
copying build/lib/pattern/metrics.py -> build/bdist.linux-x86_64/egg/pattern
creating build/bdist.linux-x86_64/egg/pattern/web
copying build/lib/pattern/web/api.py -> build/bdist.linux-x86_64/egg/pattern/web
creating build/bdist.linux-x86_64/egg/pattern/web/json
copying build/lib/pattern/web/json/ordered_dict.py -> build/bdist.linux-x86_64/egg/pattern/web/json
copying build/lib/pattern/web/json/decoder.py -> build/bdist.linux-x86_64/egg/pattern/web/json
copying build/lib/pattern/web/json/scanner.py -> build/bdist.linux-x86_64/egg/pattern/web/json
copying build/lib/pattern/web/json/__init__.py -> build/bdist.linux-x86_64/egg/pattern/web/json
copying build/lib/pattern/web/json/_speedups.c -> build/bdist.linux-x86_64/egg/pattern/web/json
copying build/lib/pattern/web/json/tool.py -> build/bdist.linux-x86_64/egg/pattern/web/json
copying build/lib/pattern/web/json/encoder.py -> build/bdist.linux-x86_64/egg/pattern/web/json
creating build/bdist.linux-x86_64/egg/pattern/web/pdf
copying build/lib/pattern/web/pdf/fontmetrics.py -> build/bdist.linux-x86_64/egg/pattern/web/pdf
copying build/lib/pattern/web/pdf/utils.py -> build/bdist.linux-x86_64/egg/pattern/web/pdf
copying build/lib/pattern/web/pdf/pdfdevice.py -> build/bdist.linux-x86_64/egg/pattern/web/pdf
copying build/lib/pattern/web/pdf/lzw.py -> build/bdist.linux-x86_64/egg/pattern/web/pdf
copying build/lib/pattern/web/pdf/glyphlist.py -> build/bdist.linux-x86_64/egg/pattern/web/pdf
copying build/lib/pattern/web/pdf/pdftypes.py -> build/bdist.linux-x86_64/egg/pattern/web/pdf
copying build/lib/pattern/web/pdf/converter.py -> build/bdist.linux-x86_64/egg/pattern/web/pdf
copying build/lib/pattern/web/pdf/psparser.py -> build/bdist.linux-x86_64/egg/pattern/web/pdf
copying build/lib/pattern/web/pdf/README.txt -> build/bdist.linux-x86_64/egg/pattern/web/pdf
copying build/lib/pattern/web/pdf/layout.py -> build/bdist.linux-x86_64/egg/pattern/web/pdf
copying build/lib/pattern/web/pdf/pdfinterp.py -> build/bdist.linux-x86_64/egg/pattern/web/pdf
copying build/lib/pattern/web/pdf/runlength.py -> build/bdist.linux-x86_64/egg/pattern/web/pdf
copying build/lib/pattern/web/pdf/latin_enc.py -> build/bdist.linux-x86_64/egg/pattern/web/pdf
copying build/lib/pattern/web/pdf/pdffont.py -> build/bdist.linux-x86_64/egg/pattern/web/pdf
copying build/lib/pattern/web/pdf/encodingdb.py -> build/bdist.linux-x86_64/egg/pattern/web/pdf
copying build/lib/pattern/web/pdf/arcfour.py -> build/bdist.linux-x86_64/egg/pattern/web/pdf
copying build/lib/pattern/web/pdf/ascii85.py -> build/bdist.linux-x86_64/egg/pattern/web/pdf
copying build/lib/pattern/web/pdf/pdfcolor.py -> build/bdist.linux-x86_64/egg/pattern/web/pdf
copying build/lib/pattern/web/pdf/__init__.py -> build/bdist.linux-x86_64/egg/pattern/web/pdf
copying build/lib/pattern/web/pdf/pdfparser.py -> build/bdist.linux-x86_64/egg/pattern/web/pdf
copying build/lib/pattern/web/pdf/cmapdb.py -> build/bdist.linux-x86_64/egg/pattern/web/pdf
creating build/bdist.linux-x86_64/egg/pattern/web/pdf/cmap
copying build/lib/pattern/web/pdf/cmap/Makefile -> build/bdist.linux-x86_64/egg/pattern/web/pdf/cmap
copying build/lib/pattern/web/pdf/cmap/__init__.py -> build/bdist.linux-x86_64/egg/pattern/web/pdf/cmap
creating build/bdist.linux-x86_64/egg/pattern/web/docx
copying build/lib/pattern/web/docx/docx.py -> build/bdist.linux-x86_64/egg/pattern/web/docx
copying build/lib/pattern/web/docx/LICENSE -> build/bdist.linux-x86_64/egg/pattern/web/docx
copying build/lib/pattern/web/docx/__init__.py -> build/bdist.linux-x86_64/egg/pattern/web/docx
copying build/lib/pattern/web/docx/README.rst -> build/bdist.linux-x86_64/egg/pattern/web/docx
creating build/bdist.linux-x86_64/egg/pattern/web/oauth
copying build/lib/pattern/web/oauth/__init__.py -> build/bdist.linux-x86_64/egg/pattern/web/oauth
copying build/lib/pattern/web/__init__.py -> build/bdist.linux-x86_64/egg/pattern/web
creating build/bdist.linux-x86_64/egg/pattern/web/feed
copying build/lib/pattern/web/feed/setup.py -> build/bdist.linux-x86_64/egg/pattern/web/feed
copying build/lib/pattern/web/feed/feedparser.py -> build/bdist.linux-x86_64/egg/pattern/web/feed
copying build/lib/pattern/web/feed/LICENSE -> build/bdist.linux-x86_64/egg/pattern/web/feed
copying build/lib/pattern/web/feed/__init__.py -> build/bdist.linux-x86_64/egg/pattern/web/feed
copying build/lib/pattern/web/feed/README -> build/bdist.linux-x86_64/egg/pattern/web/feed
creating build/bdist.linux-x86_64/egg/pattern/web/cache
copying build/lib/pattern/web/cache/__init__.py -> build/bdist.linux-x86_64/egg/pattern/web/cache
creating build/bdist.linux-x86_64/egg/pattern/web/imap
copying build/lib/pattern/web/imap/__init__.py -> build/bdist.linux-x86_64/egg/pattern/web/imap
creating build/bdist.linux-x86_64/egg/pattern/web/soup
copying build/lib/pattern/web/soup/PKG-INFO -> build/bdist.linux-x86_64/egg/pattern/web/soup
copying build/lib/pattern/web/soup/setup.py -> build/bdist.linux-x86_64/egg/pattern/web/soup
copying build/lib/pattern/web/soup/BeautifulSoup.py -> build/bdist.linux-x86_64/egg/pattern/web/soup
copying build/lib/pattern/web/soup/__init__.py -> build/bdist.linux-x86_64/egg/pattern/web/soup
copying build/lib/pattern/web/soup/BeautifulSoupTests.py -> build/bdist.linux-x86_64/egg/pattern/web/soup
creating build/bdist.linux-x86_64/egg/pattern/web/locale
copying build/lib/pattern/web/locale/__init__.py -> build/bdist.linux-x86_64/egg/pattern/web/locale
copying build/lib/pattern/canvas.js -> build/bdist.linux-x86_64/egg/pattern
creating build/bdist.linux-x86_64/egg/pattern/vector
copying build/lib/pattern/vector/stopwords-es.txt -> build/bdist.linux-x86_64/egg/pattern/vector
copying build/lib/pattern/vector/stopwords-en.txt -> build/bdist.linux-x86_64/egg/pattern/vector
creating build/bdist.linux-x86_64/egg/pattern/vector/svm
copying build/lib/pattern/vector/svm/libsvmutil.py -> build/bdist.linux-x86_64/egg/pattern/vector/svm
creating build/bdist.linux-x86_64/egg/pattern/vector/svm/libsvm-3.11
copying build/lib/pattern/vector/svm/libsvm-3.11/libsvm-mac32.so -> build/bdist.linux-x86_64/egg/pattern/vector/svm/libsvm-3.11
copying build/lib/pattern/vector/svm/libsvm-3.11/libsvm-mac64.so -> build/bdist.linux-x86_64/egg/pattern/vector/svm/libsvm-3.11
copying build/lib/pattern/vector/svm/libsvm-3.11/libsvm-win32.dll -> build/bdist.linux-x86_64/egg/pattern/vector/svm/libsvm-3.11
copying build/lib/pattern/vector/svm/libsvm-3.11/libsvm-ubuntu64.so -> build/bdist.linux-x86_64/egg/pattern/vector/svm/libsvm-3.11
copying build/lib/pattern/vector/svm/libsvm-3.11/COPYRIGHT -> build/bdist.linux-x86_64/egg/pattern/vector/svm/libsvm-3.11
creating build/bdist.linux-x86_64/egg/pattern/vector/svm/libsvm-3.17
copying build/lib/pattern/vector/svm/libsvm-3.17/libsvm-mac32.so -> build/bdist.linux-x86_64/egg/pattern/vector/svm/libsvm-3.17
copying build/lib/pattern/vector/svm/libsvm-3.17/libsvm-win64.dll -> build/bdist.linux-x86_64/egg/pattern/vector/svm/libsvm-3.17
copying build/lib/pattern/vector/svm/libsvm-3.17/libsvm-mac64.so -> build/bdist.linux-x86_64/egg/pattern/vector/svm/libsvm-3.17
copying build/lib/pattern/vector/svm/libsvm-3.17/libsvm-win32.dll -> build/bdist.linux-x86_64/egg/pattern/vector/svm/libsvm-3.17
copying build/lib/pattern/vector/svm/libsvm-3.17/libsvm-ubuntu64.so -> build/bdist.linux-x86_64/egg/pattern/vector/svm/libsvm-3.17
copying build/lib/pattern/vector/svm/libsvm-3.17/COPYRIGHT -> build/bdist.linux-x86_64/egg/pattern/vector/svm/libsvm-3.17
creating build/bdist.linux-x86_64/egg/pattern/vector/svm/liblinear-1.93
copying build/lib/pattern/vector/svm/liblinear-1.93/liblinear-win64.dll -> build/bdist.linux-x86_64/egg/pattern/vector/svm/liblinear-1.93
copying build/lib/pattern/vector/svm/liblinear-1.93/liblinear-win32.dll -> build/bdist.linux-x86_64/egg/pattern/vector/svm/liblinear-1.93
copying build/lib/pattern/vector/svm/liblinear-1.93/liblinear-ubuntu64.so -> build/bdist.linux-x86_64/egg/pattern/vector/svm/liblinear-1.93
copying build/lib/pattern/vector/svm/liblinear-1.93/liblinear-mac64.so -> build/bdist.linux-x86_64/egg/pattern/vector/svm/liblinear-1.93
copying build/lib/pattern/vector/svm/liblinear-1.93/liblinear-mac32.so -> build/bdist.linux-x86_64/egg/pattern/vector/svm/liblinear-1.93
copying build/lib/pattern/vector/svm/liblinear-1.93/COPYRIGHT -> build/bdist.linux-x86_64/egg/pattern/vector/svm/liblinear-1.93
copying build/lib/pattern/vector/svm/README.txt -> build/bdist.linux-x86_64/egg/pattern/vector/svm
copying build/lib/pattern/vector/svm/INSTALL.txt -> build/bdist.linux-x86_64/egg/pattern/vector/svm
copying build/lib/pattern/vector/svm/liblinear.py -> build/bdist.linux-x86_64/egg/pattern/vector/svm
copying build/lib/pattern/vector/svm/__init__.py -> build/bdist.linux-x86_64/egg/pattern/vector/svm
copying build/lib/pattern/vector/svm/liblinearutil.py -> build/bdist.linux-x86_64/egg/pattern/vector/svm
copying build/lib/pattern/vector/svm/libsvm.py -> build/bdist.linux-x86_64/egg/pattern/vector/svm
copying build/lib/pattern/vector/stopwords-de.txt -> build/bdist.linux-x86_64/egg/pattern/vector
copying build/lib/pattern/vector/stopwords-fr.txt -> build/bdist.linux-x86_64/egg/pattern/vector
copying build/lib/pattern/vector/__init__.py -> build/bdist.linux-x86_64/egg/pattern/vector
copying build/lib/pattern/vector/stopwords-nl.txt -> build/bdist.linux-x86_64/egg/pattern/vector
copying build/lib/pattern/vector/stemmer.py -> build/bdist.linux-x86_64/egg/pattern/vector
creating build/bdist.linux-x86_64/egg/pattern/graph
copying build/lib/pattern/graph/graph.js -> build/bdist.linux-x86_64/egg/pattern/graph
copying build/lib/pattern/graph/commonsense.csv -> build/bdist.linux-x86_64/egg/pattern/graph
copying build/lib/pattern/graph/__init__.py -> build/bdist.linux-x86_64/egg/pattern/graph
copying build/lib/pattern/graph/commonsense.py -> build/bdist.linux-x86_64/egg/pattern/graph
copying build/lib/pattern/__init__.py -> build/bdist.linux-x86_64/egg/pattern
creating build/bdist.linux-x86_64/egg/pattern/db
copying build/lib/pattern/db/__init__.py -> build/bdist.linux-x86_64/egg/pattern/db
creating build/bdist.linux-x86_64/egg/pattern/server
creating build/bdist.linux-x86_64/egg/pattern/server/cherrypy
creating build/bdist.linux-x86_64/egg/pattern/server/cherrypy/cherrypy
creating build/bdist.linux-x86_64/egg/pattern/server/cherrypy/cherrypy/wsgiserver
copying build/lib/pattern/server/cherrypy/cherrypy/wsgiserver/wsgiserver2.py -> build/bdist.linux-x86_64/egg/pattern/server/cherrypy/cherrypy/wsgiserver
copying build/lib/pattern/server/cherrypy/cherrypy/wsgiserver/ssl_builtin.py -> build/bdist.linux-x86_64/egg/pattern/server/cherrypy/cherrypy/wsgiserver
copying build/lib/pattern/server/cherrypy/cherrypy/wsgiserver/__init__.py -> build/bdist.linux-x86_64/egg/pattern/server/cherrypy/cherrypy/wsgiserver
copying build/lib/pattern/server/cherrypy/cherrypy/wsgiserver/ssl_pyopenssl.py -> build/bdist.linux-x86_64/egg/pattern/server/cherrypy/cherrypy/wsgiserver
copying build/lib/pattern/server/cherrypy/cherrypy/cherryd -> build/bdist.linux-x86_64/egg/pattern/server/cherrypy/cherrypy
copying build/lib/pattern/server/cherrypy/cherrypy/_cplogging.py -> build/bdist.linux-x86_64/egg/pattern/server/cherrypy/cherrypy
copying build/lib/pattern/server/cherrypy/cherrypy/_cpcompat.py -> build/bdist.linux-x86_64/egg/pattern/server/cherrypy/cherrypy
copying build/lib/pattern/server/cherrypy/cherrypy/_cprequest.py -> build/bdist.linux-x86_64/egg/pattern/server/cherrypy/cherrypy
copying build/lib/pattern/server/cherrypy/cherrypy/_cpreqbody.py -> build/bdist.linux-x86_64/egg/pattern/server/cherrypy/cherrypy
copying build/lib/pattern/server/cherrypy/cherrypy/_cpcompat_subprocess.py -> build/bdist.linux-x86_64/egg/pattern/server/cherrypy/cherrypy
copying build/lib/pattern/server/cherrypy/cherrypy/_cpmodpy.py -> build/bdist.linux-x86_64/egg/pattern/server/cherrypy/cherrypy
copying build/lib/pattern/server/cherrypy/cherrypy/_cpdispatch.py -> build/bdist.linux-x86_64/egg/pattern/server/cherrypy/cherrypy
copying build/lib/pattern/server/cherrypy/cherrypy/LICENSE.txt -> build/bdist.linux-x86_64/egg/pattern/server/cherrypy/cherrypy
copying build/lib/pattern/server/cherrypy/cherrypy/_cperror.py -> build/bdist.linux-x86_64/egg/pattern/server/cherrypy/cherrypy
copying build/lib/pattern/server/cherrypy/cherrypy/_cptools.py -> build/bdist.linux-x86_64/egg/pattern/server/cherrypy/cherrypy
copying build/lib/pattern/server/cherrypy/cherrypy/_cpserver.py -> build/bdist.linux-x86_64/egg/pattern/server/cherrypy/cherrypy
copying build/lib/pattern/server/cherrypy/cherrypy/_cpchecker.py -> build/bdist.linux-x86_64/egg/pattern/server/cherrypy/cherrypy
copying build/lib/pattern/server/cherrypy/cherrypy/_cpwsgi.py -> build/bdist.linux-x86_64/egg/pattern/server/cherrypy/cherrypy
copying build/lib/pattern/server/cherrypy/cherrypy/_cpwsgi_server.py -> build/bdist.linux-x86_64/egg/pattern/server/cherrypy/cherrypy
copying build/lib/pattern/server/cherrypy/cherrypy/_cpconfig.py -> build/bdist.linux-x86_64/egg/pattern/server/cherrypy/cherrypy
copying build/lib/pattern/server/cherrypy/cherrypy/__init__.py -> build/bdist.linux-x86_64/egg/pattern/server/cherrypy/cherrypy
copying build/lib/pattern/server/cherrypy/cherrypy/_cpnative_server.py -> build/bdist.linux-x86_64/egg/pattern/server/cherrypy/cherrypy
creating build/bdist.linux-x86_64/egg/pattern/server/cherrypy/cherrypy/process
copying build/lib/pattern/server/cherrypy/cherrypy/process/wspbus.py -> build/bdist.linux-x86_64/egg/pattern/server/cherrypy/cherrypy/process
copying build/lib/pattern/server/cherrypy/cherrypy/process/__init__.py -> build/bdist.linux-x86_64/egg/pattern/server/cherrypy/cherrypy/process
copying build/lib/pattern/server/cherrypy/cherrypy/process/plugins.py -> build/bdist.linux-x86_64/egg/pattern/server/cherrypy/cherrypy/process
copying build/lib/pattern/server/cherrypy/cherrypy/process/servers.py -> build/bdist.linux-x86_64/egg/pattern/server/cherrypy/cherrypy/process
copying build/lib/pattern/server/cherrypy/cherrypy/process/win32.py -> build/bdist.linux-x86_64/egg/pattern/server/cherrypy/cherrypy/process
copying build/lib/pattern/server/cherrypy/cherrypy/_cptree.py -> build/bdist.linux-x86_64/egg/pattern/server/cherrypy/cherrypy
copying build/lib/pattern/server/cherrypy/cherrypy/_cpthreadinglocal.py -> build/bdist.linux-x86_64/egg/pattern/server/cherrypy/cherrypy
copying build/lib/pattern/server/cherrypy/cherrypy/favicon.ico -> build/bdist.linux-x86_64/egg/pattern/server/cherrypy/cherrypy
creating build/bdist.linux-x86_64/egg/pattern/server/cherrypy/cherrypy/lib
copying build/lib/pattern/server/cherrypy/cherrypy/lib/gctools.py -> build/bdist.linux-x86_64/egg/pattern/server/cherrypy/cherrypy/lib
copying build/lib/pattern/server/cherrypy/cherrypy/lib/encoding.py -> build/bdist.linux-x86_64/egg/pattern/server/cherrypy/cherrypy/lib
copying build/lib/pattern/server/cherrypy/cherrypy/lib/auth_digest.py -> build/bdist.linux-x86_64/egg/pattern/server/cherrypy/cherrypy/lib
copying build/lib/pattern/server/cherrypy/cherrypy/lib/cptools.py -> build/bdist.linux-x86_64/egg/pattern/server/cherrypy/cherrypy/lib
copying build/lib/pattern/server/cherrypy/cherrypy/lib/profiler.py -> build/bdist.linux-x86_64/egg/pattern/server/cherrypy/cherrypy/lib
copying build/lib/pattern/server/cherrypy/cherrypy/lib/sessions.py -> build/bdist.linux-x86_64/egg/pattern/server/cherrypy/cherrypy/lib
copying build/lib/pattern/server/cherrypy/cherrypy/lib/httputil.py -> build/bdist.linux-x86_64/egg/pattern/server/cherrypy/cherrypy/lib
copying build/lib/pattern/server/cherrypy/cherrypy/lib/jsontools.py -> build/bdist.linux-x86_64/egg/pattern/server/cherrypy/cherrypy/lib
copying build/lib/pattern/server/cherrypy/cherrypy/lib/cpstats.py -> build/bdist.linux-x86_64/egg/pattern/server/cherrypy/cherrypy/lib
copying build/lib/pattern/server/cherrypy/cherrypy/lib/httpauth.py -> build/bdist.linux-x86_64/egg/pattern/server/cherrypy/cherrypy/lib
copying build/lib/pattern/server/cherrypy/cherrypy/lib/http.py -> build/bdist.linux-x86_64/egg/pattern/server/cherrypy/cherrypy/lib
copying build/lib/pattern/server/cherrypy/cherrypy/lib/__init__.py -> build/bdist.linux-x86_64/egg/pattern/server/cherrypy/cherrypy/lib
copying build/lib/pattern/server/cherrypy/cherrypy/lib/covercp.py -> build/bdist.linux-x86_64/egg/pattern/server/cherrypy/cherrypy/lib
copying build/lib/pattern/server/cherrypy/cherrypy/lib/static.py -> build/bdist.linux-x86_64/egg/pattern/server/cherrypy/cherrypy/lib
copying build/lib/pattern/server/cherrypy/cherrypy/lib/reprconf.py -> build/bdist.linux-x86_64/egg/pattern/server/cherrypy/cherrypy/lib
copying build/lib/pattern/server/cherrypy/cherrypy/lib/caching.py -> build/bdist.linux-x86_64/egg/pattern/server/cherrypy/cherrypy/lib
copying build/lib/pattern/server/cherrypy/cherrypy/lib/auth.py -> build/bdist.linux-x86_64/egg/pattern/server/cherrypy/cherrypy/lib
copying build/lib/pattern/server/cherrypy/cherrypy/lib/xmlrpcutil.py -> build/bdist.linux-x86_64/egg/pattern/server/cherrypy/cherrypy/lib
copying build/lib/pattern/server/cherrypy/cherrypy/lib/auth_basic.py -> build/bdist.linux-x86_64/egg/pattern/server/cherrypy/cherrypy/lib
creating build/bdist.linux-x86_64/egg/pattern/server/static
copying build/lib/pattern/server/static/robots.txt -> build/bdist.linux-x86_64/egg/pattern/server/static
copying build/lib/pattern/server/__init__.py -> build/bdist.linux-x86_64/egg/pattern/server
byte-compiling build/bdist.linux-x86_64/egg/pattern/text/de/__main__.py to __main__.pyc
byte-compiling build/bdist.linux-x86_64/egg/pattern/text/de/__init__.py to __init__.pyc
byte-compiling build/bdist.linux-x86_64/egg/pattern/text/de/inflect.py to inflect.pyc
byte-compiling build/bdist.linux-x86_64/egg/pattern/text/it/__main__.py to __main__.pyc
byte-compiling build/bdist.linux-x86_64/egg/pattern/text/it/__init__.py to __init__.pyc
byte-compiling build/bdist.linux-x86_64/egg/pattern/text/it/inflect.py to inflect.pyc
byte-compiling build/bdist.linux-x86_64/egg/pattern/text/tree.py to tree.pyc
byte-compiling build/bdist.linux-x86_64/egg/pattern/text/es/__main__.py to __main__.pyc
byte-compiling build/bdist.linux-x86_64/egg/pattern/text/es/__init__.py to __init__.pyc
byte-compiling build/bdist.linux-x86_64/egg/pattern/text/es/inflect.py to inflect.pyc
byte-compiling build/bdist.linux-x86_64/egg/pattern/text/search.py to search.pyc
byte-compiling build/bdist.linux-x86_64/egg/pattern/text/en/wordnet/pywordnet/setup.py to setup.pyc
byte-compiling build/bdist.linux-x86_64/egg/pattern/text/en/wordnet/pywordnet/__init__.py to __init__.pyc
byte-compiling build/bdist.linux-x86_64/egg/pattern/text/en/wordnet/pywordnet/concordance.py to concordance.pyc
byte-compiling build/bdist.linux-x86_64/egg/pattern/text/en/wordnet/pywordnet/wntools.py to wntools.pyc
byte-compiling build/bdist.linux-x86_64/egg/pattern/text/en/wordnet/pywordnet/wordnet.py to wordnet.pyc
byte-compiling build/bdist.linux-x86_64/egg/pattern/text/en/wordnet/__init__.py to __init__.pyc
byte-compiling build/bdist.linux-x86_64/egg/pattern/text/en/__main__.py to __main__.pyc
byte-compiling build/bdist.linux-x86_64/egg/pattern/text/en/inflect_quantify.py to inflect_quantify.pyc
byte-compiling build/bdist.linux-x86_64/egg/pattern/text/en/modality.py to modality.pyc
byte-compiling build/bdist.linux-x86_64/egg/pattern/text/en/__init__.py to __init__.pyc
byte-compiling build/bdist.linux-x86_64/egg/pattern/text/en/inflect.py to inflect.pyc
byte-compiling build/bdist.linux-x86_64/egg/pattern/text/en/wordlist/__init__.py to __init__.pyc
byte-compiling build/bdist.linux-x86_64/egg/pattern/text/nl/__main__.py to __main__.pyc
byte-compiling build/bdist.linux-x86_64/egg/pattern/text/nl/__init__.py to __init__.pyc
byte-compiling build/bdist.linux-x86_64/egg/pattern/text/nl/inflect.py to inflect.pyc
byte-compiling build/bdist.linux-x86_64/egg/pattern/text/fr/__main__.py to __main__.pyc
byte-compiling build/bdist.linux-x86_64/egg/pattern/text/fr/__init__.py to __init__.pyc
byte-compiling build/bdist.linux-x86_64/egg/pattern/text/fr/inflect.py to inflect.pyc
byte-compiling build/bdist.linux-x86_64/egg/pattern/text/__init__.py to __init__.pyc
byte-compiling build/bdist.linux-x86_64/egg/pattern/metrics.py to metrics.pyc
byte-compiling build/bdist.linux-x86_64/egg/pattern/web/api.py to api.pyc
byte-compiling build/bdist.linux-x86_64/egg/pattern/web/json/ordered_dict.py to ordered_dict.pyc
byte-compiling build/bdist.linux-x86_64/egg/pattern/web/json/decoder.py to decoder.pyc
byte-compiling build/bdist.linux-x86_64/egg/pattern/web/json/scanner.py to scanner.pyc
byte-compiling build/bdist.linux-x86_64/egg/pattern/web/json/__init__.py to __init__.pyc
byte-compiling build/bdist.linux-x86_64/egg/pattern/web/json/tool.py to tool.pyc
byte-compiling build/bdist.linux-x86_64/egg/pattern/web/json/encoder.py to encoder.pyc
byte-compiling build/bdist.linux-x86_64/egg/pattern/web/pdf/fontmetrics.py to fontmetrics.pyc
byte-compiling build/bdist.linux-x86_64/egg/pattern/web/pdf/utils.py to utils.pyc
byte-compiling build/bdist.linux-x86_64/egg/pattern/web/pdf/pdfdevice.py to pdfdevice.pyc
byte-compiling build/bdist.linux-x86_64/egg/pattern/web/pdf/lzw.py to lzw.pyc
byte-compiling build/bdist.linux-x86_64/egg/pattern/web/pdf/glyphlist.py to glyphlist.pyc
byte-compiling build/bdist.linux-x86_64/egg/pattern/web/pdf/pdftypes.py to pdftypes.pyc
byte-compiling build/bdist.linux-x86_64/egg/pattern/web/pdf/converter.py to converter.pyc
byte-compiling build/bdist.linux-x86_64/egg/pattern/web/pdf/psparser.py to psparser.pyc
byte-compiling build/bdist.linux-x86_64/egg/pattern/web/pdf/layout.py to layout.pyc
byte-compiling build/bdist.linux-x86_64/egg/pattern/web/pdf/pdfinterp.py to pdfinterp.pyc
byte-compiling build/bdist.linux-x86_64/egg/pattern/web/pdf/runlength.py to runlength.pyc
byte-compiling build/bdist.linux-x86_64/egg/pattern/web/pdf/latin_enc.py to latin_enc.pyc
byte-compiling build/bdist.linux-x86_64/egg/pattern/web/pdf/pdffont.py to pdffont.pyc
byte-compiling build/bdist.linux-x86_64/egg/pattern/web/pdf/encodingdb.py to encodingdb.pyc
byte-compiling build/bdist.linux-x86_64/egg/pattern/web/pdf/arcfour.py to arcfour.pyc
byte-compiling build/bdist.linux-x86_64/egg/pattern/web/pdf/ascii85.py to ascii85.pyc
byte-compiling build/bdist.linux-x86_64/egg/pattern/web/pdf/pdfcolor.py to pdfcolor.pyc
byte-compiling build/bdist.linux-x86_64/egg/pattern/web/pdf/__init__.py to __init__.pyc
byte-compiling build/bdist.linux-x86_64/egg/pattern/web/pdf/pdfparser.py to pdfparser.pyc
byte-compiling build/bdist.linux-x86_64/egg/pattern/web/pdf/cmapdb.py to cmapdb.pyc
byte-compiling build/bdist.linux-x86_64/egg/pattern/web/pdf/cmap/__init__.py to __init__.pyc
byte-compiling build/bdist.linux-x86_64/egg/pattern/web/docx/docx.py to docx.pyc
byte-compiling build/bdist.linux-x86_64/egg/pattern/web/docx/__init__.py to __init__.pyc
byte-compiling build/bdist.linux-x86_64/egg/pattern/web/oauth/__init__.py to __init__.pyc
byte-compiling build/bdist.linux-x86_64/egg/pattern/web/__init__.py to __init__.pyc
byte-compiling build/bdist.linux-x86_64/egg/pattern/web/feed/setup.py to setup.pyc
byte-compiling build/bdist.linux-x86_64/egg/pattern/web/feed/feedparser.py to feedparser.pyc
byte-compiling build/bdist.linux-x86_64/egg/pattern/web/feed/__init__.py to __init__.pyc
byte-compiling build/bdist.linux-x86_64/egg/pattern/web/cache/__init__.py to __init__.pyc
byte-compiling build/bdist.linux-x86_64/egg/pattern/web/imap/__init__.py to __init__.pyc
byte-compiling build/bdist.linux-x86_64/egg/pattern/web/soup/setup.py to setup.pyc
byte-compiling build/bdist.linux-x86_64/egg/pattern/web/soup/BeautifulSoup.py to BeautifulSoup.pyc
byte-compiling build/bdist.linux-x86_64/egg/pattern/web/soup/__init__.py to __init__.pyc
byte-compiling build/bdist.linux-x86_64/egg/pattern/web/soup/BeautifulSoupTests.py to BeautifulSoupTests.pyc
byte-compiling build/bdist.linux-x86_64/egg/pattern/web/locale/__init__.py to __init__.pyc
byte-compiling build/bdist.linux-x86_64/egg/pattern/vector/svm/libsvmutil.py to libsvmutil.pyc
byte-compiling build/bdist.linux-x86_64/egg/pattern/vector/svm/liblinear.py to liblinear.pyc
byte-compiling build/bdist.linux-x86_64/egg/pattern/vector/svm/__init__.py to __init__.pyc
byte-compiling build/bdist.linux-x86_64/egg/pattern/vector/svm/liblinearutil.py to liblinearutil.pyc
byte-compiling build/bdist.linux-x86_64/egg/pattern/vector/svm/libsvm.py to libsvm.pyc
byte-compiling build/bdist.linux-x86_64/egg/pattern/vector/__init__.py to __init__.pyc
byte-compiling build/bdist.linux-x86_64/egg/pattern/vector/stemmer.py to stemmer.pyc
byte-compiling build/bdist.linux-x86_64/egg/pattern/graph/__init__.py to __init__.pyc
byte-compiling build/bdist.linux-x86_64/egg/pattern/graph/commonsense.py to commonsense.pyc
byte-compiling build/bdist.linux-x86_64/egg/pattern/__init__.py to __init__.pyc
byte-compiling build/bdist.linux-x86_64/egg/pattern/db/__init__.py to __init__.pyc
byte-compiling build/bdist.linux-x86_64/egg/pattern/server/cherrypy/cherrypy/wsgiserver/wsgiserver2.py to wsgiserver2.pyc
byte-compiling build/bdist.linux-x86_64/egg/pattern/server/cherrypy/cherrypy/wsgiserver/ssl_builtin.py to ssl_builtin.pyc
byte-compiling build/bdist.linux-x86_64/egg/pattern/server/cherrypy/cherrypy/wsgiserver/__init__.py to __init__.pyc
byte-compiling build/bdist.linux-x86_64/egg/pattern/server/cherrypy/cherrypy/wsgiserver/ssl_pyopenssl.py to ssl_pyopenssl.pyc
byte-compiling build/bdist.linux-x86_64/egg/pattern/server/cherrypy/cherrypy/_cplogging.py to _cplogging.pyc
byte-compiling build/bdist.linux-x86_64/egg/pattern/server/cherrypy/cherrypy/_cpcompat.py to _cpcompat.pyc
byte-compiling build/bdist.linux-x86_64/egg/pattern/server/cherrypy/cherrypy/_cprequest.py to _cprequest.pyc
byte-compiling build/bdist.linux-x86_64/egg/pattern/server/cherrypy/cherrypy/_cpreqbody.py to _cpreqbody.pyc
byte-compiling build/bdist.linux-x86_64/egg/pattern/server/cherrypy/cherrypy/_cpcompat_subprocess.py to _cpcompat_subprocess.pyc
byte-compiling build/bdist.linux-x86_64/egg/pattern/server/cherrypy/cherrypy/_cpmodpy.py to _cpmodpy.pyc
byte-compiling build/bdist.linux-x86_64/egg/pattern/server/cherrypy/cherrypy/_cpdispatch.py to _cpdispatch.pyc
byte-compiling build/bdist.linux-x86_64/egg/pattern/server/cherrypy/cherrypy/_cperror.py to _cperror.pyc
byte-compiling build/bdist.linux-x86_64/egg/pattern/server/cherrypy/cherrypy/_cptools.py to _cptools.pyc
byte-compiling build/bdist.linux-x86_64/egg/pattern/server/cherrypy/cherrypy/_cpserver.py to _cpserver.pyc
byte-compiling build/bdist.linux-x86_64/egg/pattern/server/cherrypy/cherrypy/_cpchecker.py to _cpchecker.pyc
byte-compiling build/bdist.linux-x86_64/egg/pattern/server/cherrypy/cherrypy/_cpwsgi.py to _cpwsgi.pyc
byte-compiling build/bdist.linux-x86_64/egg/pattern/server/cherrypy/cherrypy/_cpwsgi_server.py to _cpwsgi_server.pyc
byte-compiling build/bdist.linux-x86_64/egg/pattern/server/cherrypy/cherrypy/_cpconfig.py to _cpconfig.pyc
byte-compiling build/bdist.linux-x86_64/egg/pattern/server/cherrypy/cherrypy/__init__.py to __init__.pyc
byte-compiling build/bdist.linux-x86_64/egg/pattern/server/cherrypy/cherrypy/_cpnative_server.py to _cpnative_server.pyc
byte-compiling build/bdist.linux-x86_64/egg/pattern/server/cherrypy/cherrypy/process/wspbus.py to wspbus.pyc
byte-compiling build/bdist.linux-x86_64/egg/pattern/server/cherrypy/cherrypy/process/__init__.py to __init__.pyc
byte-compiling build/bdist.linux-x86_64/egg/pattern/server/cherrypy/cherrypy/process/plugins.py to plugins.pyc
byte-compiling build/bdist.linux-x86_64/egg/pattern/server/cherrypy/cherrypy/process/servers.py to servers.pyc
byte-compiling build/bdist.linux-x86_64/egg/pattern/server/cherrypy/cherrypy/process/win32.py to win32.pyc
byte-compiling build/bdist.linux-x86_64/egg/pattern/server/cherrypy/cherrypy/_cptree.py to _cptree.pyc
byte-compiling build/bdist.linux-x86_64/egg/pattern/server/cherrypy/cherrypy/_cpthreadinglocal.py to _cpthreadinglocal.pyc
byte-compiling build/bdist.linux-x86_64/egg/pattern/server/cherrypy/cherrypy/lib/gctools.py to gctools.pyc
byte-compiling build/bdist.linux-x86_64/egg/pattern/server/cherrypy/cherrypy/lib/encoding.py to encoding.pyc
byte-compiling build/bdist.linux-x86_64/egg/pattern/server/cherrypy/cherrypy/lib/auth_digest.py to auth_digest.pyc
byte-compiling build/bdist.linux-x86_64/egg/pattern/server/cherrypy/cherrypy/lib/cptools.py to cptools.pyc
byte-compiling build/bdist.linux-x86_64/egg/pattern/server/cherrypy/cherrypy/lib/profiler.py to profiler.pyc
byte-compiling build/bdist.linux-x86_64/egg/pattern/server/cherrypy/cherrypy/lib/sessions.py to sessions.pyc
byte-compiling build/bdist.linux-x86_64/egg/pattern/server/cherrypy/cherrypy/lib/httputil.py to httputil.pyc
byte-compiling build/bdist.linux-x86_64/egg/pattern/server/cherrypy/cherrypy/lib/jsontools.py to jsontools.pyc
byte-compiling build/bdist.linux-x86_64/egg/pattern/server/cherrypy/cherrypy/lib/cpstats.py to cpstats.pyc
byte-compiling build/bdist.linux-x86_64/egg/pattern/server/cherrypy/cherrypy/lib/httpauth.py to httpauth.pyc
byte-compiling build/bdist.linux-x86_64/egg/pattern/server/cherrypy/cherrypy/lib/http.py to http.pyc
byte-compiling build/bdist.linux-x86_64/egg/pattern/server/cherrypy/cherrypy/lib/__init__.py to __init__.pyc
byte-compiling build/bdist.linux-x86_64/egg/pattern/server/cherrypy/cherrypy/lib/covercp.py to covercp.pyc
byte-compiling build/bdist.linux-x86_64/egg/pattern/server/cherrypy/cherrypy/lib/static.py to static.pyc
byte-compiling build/bdist.linux-x86_64/egg/pattern/server/cherrypy/cherrypy/lib/reprconf.py to reprconf.pyc
byte-compiling build/bdist.linux-x86_64/egg/pattern/server/cherrypy/cherrypy/lib/caching.py to caching.pyc
byte-compiling build/bdist.linux-x86_64/egg/pattern/server/cherrypy/cherrypy/lib/auth.py to auth.pyc
byte-compiling build/bdist.linux-x86_64/egg/pattern/server/cherrypy/cherrypy/lib/xmlrpcutil.py to xmlrpcutil.pyc
byte-compiling build/bdist.linux-x86_64/egg/pattern/server/cherrypy/cherrypy/lib/auth_basic.py to auth_basic.pyc
byte-compiling build/bdist.linux-x86_64/egg/pattern/server/__init__.py to __init__.pyc
creating build/bdist.linux-x86_64/egg/EGG-INFO
copying Pattern.egg-info/PKG-INFO -> build/bdist.linux-x86_64/egg/EGG-INFO
copying Pattern.egg-info/SOURCES.txt -> build/bdist.linux-x86_64/egg/EGG-INFO
copying Pattern.egg-info/dependency_links.txt -> build/bdist.linux-x86_64/egg/EGG-INFO
copying Pattern.egg-info/not-zip-safe -> build/bdist.linux-x86_64/egg/EGG-INFO
copying Pattern.egg-info/top_level.txt -> build/bdist.linux-x86_64/egg/EGG-INFO
writing build/bdist.linux-x86_64/egg/EGG-INFO/native_libs.txt
creating dist
creating 'dist/Pattern-2.6-py2.7.egg' and adding 'build/bdist.linux-x86_64/egg' to it
removing 'build/bdist.linux-x86_64/egg' (and everything under it)
Processing Pattern-2.6-py2.7.egg
creating /home/ubuntu/miniconda/envs/_build/lib/python2.7/site-packages/Pattern-2.6-py2.7.egg
Extracting Pattern-2.6-py2.7.egg to /home/ubuntu/miniconda/envs/_build/lib/python2.7/site-packages
Adding Pattern 2.6 to easy-install.pth file

Installed /home/ubuntu/miniconda/envs/_build/lib/python2.7/site-packages/Pattern-2.6-py2.7.egg
Processing dependencies for Pattern==2.6
Finished processing dependencies for Pattern==2.6

The following NEW packages will be INSTALLED:

    openssl:    1.0.1k-1    
    pip:        6.1.1-py27_0
    python:     2.7.9-3     
    readline:   6.2-2       
    setuptools: 16.0-py27_0 
    sqlite:     3.8.4.1-1   
    system:     5.8-2       
    tk:         8.5.18-0    
    zlib:       1.2.8-0     

Linking packages ...
[                    ]|                                                  |   0%[openssl             ]|                                                  |   0%[readline            ]|#####                                             |  11%[sqlite              ]|###########                                       |  22%[system              ]|################                                  |  33%[tk                  ]|######################                            |  44%[zlib                ]|###########################                       |  55%[python              ]|#################################                 |  66%[setuptools          ]|######################################            |  77%[pip                 ]|############################################      |  88%[      COMPLETE      ]|##################################################| 100%
Removing old work directory
Source cache directory is: /home/ubuntu/miniconda/conda-bld/src_cache
Found source in cache: pattern-2.6.zip
Extracting download
Package: pattern-2.6-py27_0
source tree in: /home/ubuntu/miniconda/conda-bld/work/pattern-2.6
found egg dir: /home/ubuntu/miniconda/envs/_build/lib/python2.7/site-packages/Pattern-2.6-py2.7.egg
number of files: 355
Fixing permissions
patchelf: file: /home/ubuntu/miniconda/envs/_build/lib/python2.7/site-packages/pattern/vector/svm/liblinear-1.93/liblinear-ubuntu64.so
    setting rpath to: $ORIGIN/../../../../../..
patchelf: file: /home/ubuntu/miniconda/envs/_build/lib/python2.7/site-packages/pattern/vector/svm/libsvm-3.11/libsvm-ubuntu64.so
    setting rpath to: $ORIGIN/../../../../../..
patchelf: file: /home/ubuntu/miniconda/envs/_build/lib/python2.7/site-packages/pattern/vector/svm/libsvm-3.17/libsvm-ubuntu64.so
    setting rpath to: $ORIGIN/../../../../../..
Fixing permissions
BUILD END: pattern-2.6-py27_0
TEST START: pattern-2.6-py27_0
Fetching package metadata: ......
Solving package specifications: .
The following packages will be downloaded:

    package                    |            build
    ---------------------------|-----------------
    pattern-2.6                |           py27_0        15.3 MB

The following NEW packages will be INSTALLED:

    openssl:    1.0.1k-1    
    pattern:    2.6-py27_0  
    pip:        6.1.1-py27_0
    python:     2.7.9-3     
    readline:   6.2-2       
    setuptools: 16.0-py27_0 
    sqlite:     3.8.4.1-1   
    system:     5.8-2       
    tk:         8.5.18-0    
    zlib:       1.2.8-0     

Fetching packages ...
pattern-2.6-py   0% |                              | ETA:  --:--:--   0.00  B/spattern-2.6-py   1% |                               | ETA:  0:00:00 123.46 MB/spattern-2.6-py   2% |                               | ETA:  0:00:00 136.42 MB/spattern-2.6-py   3% |                               | ETA:  0:00:00 140.91 MB/spattern-2.6-py   4% |#                              | ETA:  0:00:00 141.95 MB/spattern-2.6-py   5% |#                              | ETA:  0:00:00 144.17 MB/spattern-2.6-py   6% |#                              | ETA:  0:00:00  66.13 MB/spattern-2.6-py   7% |##                             | ETA:  0:00:00  71.98 MB/spattern-2.6-py   8% |##                             | ETA:  0:00:00  76.88 MB/spattern-2.6-py   9% |##                             | ETA:  0:00:00  81.44 MB/spattern-2.6-py  10% |###                            | ETA:  0:00:00  85.25 MB/spattern-2.6-py  11% |###                            | ETA:  0:00:00  88.81 MB/spattern-2.6-py  12% |###                            | ETA:  0:00:00  91.77 MB/spattern-2.6-py  13% |####                           | ETA:  0:00:00  94.73 MB/spattern-2.6-py  14% |####                           | ETA:  0:00:00  97.39 MB/spattern-2.6-py  15% |####                           | ETA:  0:00:00  99.88 MB/spattern-2.6-py  16% |#####                          | ETA:  0:00:00 102.18 MB/spattern-2.6-py  17% |#####                          | ETA:  0:00:00  71.53 MB/spattern-2.6-py  18% |#####                          | ETA:  0:00:00  73.71 MB/spattern-2.6-py  19% |######                         | ETA:  0:00:00  75.81 MB/spattern-2.6-py  20% |######                         | ETA:  0:00:00  77.83 MB/spattern-2.6-py  21% |######                         | ETA:  0:00:00  79.72 MB/spattern-2.6-py  22% |######                         | ETA:  0:00:00  81.50 MB/spattern-2.6-py  23% |#######                        | ETA:  0:00:00  83.24 MB/spattern-2.6-py  24% |#######                        | ETA:  0:00:00  72.20 MB/spattern-2.6-py  25% |#######                        | ETA:  0:00:00  73.75 MB/spattern-2.6-py  26% |########                       | ETA:  0:00:00  75.27 MB/spattern-2.6-py  27% |########                       | ETA:  0:00:00  76.75 MB/spattern-2.6-py  28% |########                       | ETA:  0:00:00  78.05 MB/spattern-2.6-py  29% |#########                      | ETA:  0:00:00  79.37 MB/spattern-2.6-py  30% |#########                      | ETA:  0:00:00  80.69 MB/spattern-2.6-py  31% |#########                      | ETA:  0:00:00  81.98 MB/spattern-2.6-py  32% |##########                     | ETA:  0:00:00  73.69 MB/spattern-2.6-py  33% |##########                     | ETA:  0:00:00  74.87 MB/spattern-2.6-py  34% |##########                     | ETA:  0:00:00  76.03 MB/spattern-2.6-py  35% |###########                    | ETA:  0:00:00  77.16 MB/spattern-2.6-py  36% |###########                    | ETA:  0:00:00  78.24 MB/spattern-2.6-py  37% |###########                    | ETA:  0:00:00  79.30 MB/spattern-2.6-py  38% |############                   | ETA:  0:00:00  80.34 MB/spattern-2.6-py  39% |############                   | ETA:  0:00:00  81.35 MB/spattern-2.6-py  40% |############                   | ETA:  0:00:00  82.33 MB/spattern-2.6-py  41% |#############                  | ETA:  0:00:00  83.21 MB/spattern-2.6-py  43% |#############                  | ETA:  0:00:00  84.14 MB/spattern-2.6-py  44% |#############                  | ETA:  0:00:00  74.14 MB/spattern-2.6-py  45% |#############                  | ETA:  0:00:00  75.03 MB/spattern-2.6-py  46% |##############                 | ETA:  0:00:00  75.89 MB/spattern-2.6-py  47% |##############                 | ETA:  0:00:00  76.75 MB/spattern-2.6-py  48% |##############                 | ETA:  0:00:00  77.59 MB/spattern-2.6-py  49% |###############                | ETA:  0:00:00  78.40 MB/spattern-2.6-py  50% |###############                | ETA:  0:00:00  79.15 MB/spattern-2.6-py  51% |###############                | ETA:  0:00:00  79.93 MB/spattern-2.6-py  52% |################               | ETA:  0:00:00  74.81 MB/spattern-2.6-py  53% |################               | ETA:  0:00:00  75.57 MB/spattern-2.6-py  54% |################               | ETA:  0:00:00  76.31 MB/spattern-2.6-py  55% |#################              | ETA:  0:00:00  77.04 MB/spattern-2.6-py  56% |#################              | ETA:  0:00:00  77.74 MB/spattern-2.6-py  57% |#################              | ETA:  0:00:00  78.40 MB/spattern-2.6-py  58% |##################             | ETA:  0:00:00  79.09 MB/spattern-2.6-py  59% |##################             | ETA:  0:00:00  74.65 MB/spattern-2.6-py  60% |##################             | ETA:  0:00:00  75.32 MB/spattern-2.6-py  61% |###################            | ETA:  0:00:00  75.97 MB/spattern-2.6-py  62% |###################            | ETA:  0:00:00  76.62 MB/spattern-2.6-py  63% |###################            | ETA:  0:00:00  77.24 MB/spattern-2.6-py  64% |####################           | ETA:  0:00:00  77.87 MB/spattern-2.6-py  65% |####################           | ETA:  0:00:00  78.49 MB/spattern-2.6-py  66% |####################           | ETA:  0:00:00  79.10 MB/spattern-2.6-py  67% |####################           | ETA:  0:00:00  79.68 MB/spattern-2.6-py  68% |#####################          | ETA:  0:00:00  80.27 MB/spattern-2.6-py  69% |#####################          | ETA:  0:00:00  80.86 MB/spattern-2.6-py  70% |#####################          | ETA:  0:00:00  81.43 MB/spattern-2.6-py  71% |######################         | ETA:  0:00:00  75.40 MB/spattern-2.6-py  72% |######################         | ETA:  0:00:00  75.96 MB/spattern-2.6-py  73% |######################         | ETA:  0:00:00  76.50 MB/spattern-2.6-py  74% |#######################        | ETA:  0:00:00  77.04 MB/spattern-2.6-py  75% |#######################        | ETA:  0:00:00  77.56 MB/spattern-2.6-py  76% |#######################        | ETA:  0:00:00  78.09 MB/spattern-2.6-py  77% |########################       | ETA:  0:00:00  78.61 MB/spattern-2.6-py  78% |########################       | ETA:  0:00:00  79.07 MB/spattern-2.6-py  79% |########################       | ETA:  0:00:00  75.74 MB/spattern-2.6-py  80% |#########################      | ETA:  0:00:00  76.23 MB/spattern-2.6-py  81% |#########################      | ETA:  0:00:00  76.73 MB/spattern-2.6-py  82% |#########################      | ETA:  0:00:00  77.20 MB/spattern-2.6-py  83% |##########################     | ETA:  0:00:00  77.68 MB/spattern-2.6-py  84% |##########################     | ETA:  0:00:00  78.16 MB/spattern-2.6-py  86% |##########################     | ETA:  0:00:00  78.63 MB/spattern-2.6-py  87% |##########################     | ETA:  0:00:00  75.59 MB/spattern-2.6-py  88% |###########################    | ETA:  0:00:00  76.04 MB/spattern-2.6-py  89% |###########################    | ETA:  0:00:00  76.49 MB/spattern-2.6-py  90% |###########################    | ETA:  0:00:00  76.93 MB/spattern-2.6-py  91% |############################   | ETA:  0:00:00  77.34 MB/spattern-2.6-py  92% |############################   | ETA:  0:00:00  77.78 MB/spattern-2.6-py  93% |############################   | ETA:  0:00:00  78.18 MB/spattern-2.6-py  94% |#############################  | ETA:  0:00:00  78.60 MB/spattern-2.6-py  95% |#############################  | ETA:  0:00:00  75.82 MB/spattern-2.6-py  96% |#############################  | ETA:  0:00:00  76.21 MB/spattern-2.6-py  97% |===== testing package: pattern-2.6-py27_0 =====
import: u'pattern'
import: u'pattern.db'
import: u'pattern.graph'
import: u'pattern.server'
import: u'pattern.text'
import: u'pattern.text.de'
import: u'pattern.text.en'
import: u'pattern.text.en.wordlist'
import: u'pattern.text.en.wordnet'
import: u'pattern.text.en.wordnet.pywordnet'
import: u'pattern.text.es'
import: u'pattern.text.fr'
import: u'pattern.text.it'
import: u'pattern.text.nl'
import: u'pattern.vector'
import: u'pattern.vector.svm'
import: u'pattern.web'
import: u'pattern.web.cache'
import: u'pattern.web.docx'
import: u'pattern.web.feed'
import: u'pattern.web.imap'
import: u'pattern.web.json'
import: u'pattern.web.locale'
import: u'pattern.web.oauth'
import: u'pattern.web.pdf'
import: u'pattern.web.soup'
===== pattern-2.6-py27_0 OK =====
############################## | ETA:  0:00:00  76.62 MB/spattern-2.6-py  98% |############################## | ETA:  0:00:00  76.99 MB/spattern-2.6-py  99% |############################## | ETA:  0:00:00  77.39 MB/spattern-2.6-py 100% |###############################| Time: 0:00:00  77.56 MB/s
Extracting packages ...
[      COMPLETE      ]|                                                  |   0%[pattern             ]|                                                  |   0%[pattern             ]|                                                  |   0%[      COMPLETE      ]|##################################################| 100%
Linking packages ...
[      COMPLETE      ]|                                                  |   0%[openssl             ]|                                                  |   0%[openssl             ]|                                                  |   0%[readline            ]|#####                                             |  10%[sqlite              ]|##########                                        |  20%[system              ]|###############                                   |  30%[tk                  ]|####################                              |  40%[zlib                ]|#########################                         |  50%[pattern             ]|##############################                    |  60%[python              ]|###################################               |  70%[setuptools          ]|########################################          |  80%[pip                 ]|#############################################     |  90%[      COMPLETE      ]|##################################################| 100%
TEST END: pattern-2.6-py27_0
# If you want to upload this package to binstar.org later, type:
#
# $ binstar upload /home/ubuntu/miniconda/conda-bld/linux-64/pattern-2.6-py27_0.tar.bz2
#
# To have conda build upload to binstar automatically, use
# $ conda config --set binstar_upload yes

