Removing old build directory
Removing old work directory
BUILD START: pbr-1.0.1-py27_0
Fetching package metadata: ......
Solving package specifications: .+ /home/ubuntu/miniconda/envs/_build/bin/python setup.py install
running install
running build
running build_py
creating build
creating build/lib
creating build/lib/pbr
creating build/lib/pbr/hooks
copying pbr/hooks/commands.py -> build/lib/pbr/hooks
copying pbr/hooks/files.py -> build/lib/pbr/hooks
copying pbr/hooks/__init__.py -> build/lib/pbr/hooks
copying pbr/hooks/backwards.py -> build/lib/pbr/hooks
copying pbr/hooks/metadata.py -> build/lib/pbr/hooks
copying pbr/hooks/base.py -> build/lib/pbr/hooks
creating build/lib/pbr/tests
copying pbr/tests/test_commands.py -> build/lib/pbr/tests
copying pbr/tests/test_setup.py -> build/lib/pbr/tests
copying pbr/tests/test_files.py -> build/lib/pbr/tests
copying pbr/tests/test_version.py -> build/lib/pbr/tests
copying pbr/tests/test_packaging.py -> build/lib/pbr/tests
copying pbr/tests/util.py -> build/lib/pbr/tests
copying pbr/tests/test_util.py -> build/lib/pbr/tests
copying pbr/tests/test_integration.py -> build/lib/pbr/tests
copying pbr/tests/__init__.py -> build/lib/pbr/tests
copying pbr/tests/test_core.py -> build/lib/pbr/tests
copying pbr/tests/test_hooks.py -> build/lib/pbr/tests
copying pbr/tests/base.py -> build/lib/pbr/tests
creating build/lib/pbr/cmd
copying pbr/cmd/main.py -> build/lib/pbr/cmd
copying pbr/cmd/__init__.py -> build/lib/pbr/cmd
copying pbr/extra_files.py -> build/lib/pbr
copying pbr/pbr_json.py -> build/lib/pbr
copying pbr/builddoc.py -> build/lib/pbr
copying pbr/packaging.py -> build/lib/pbr
copying pbr/options.py -> build/lib/pbr
copying pbr/version.py -> build/lib/pbr
copying pbr/util.py -> build/lib/pbr
copying pbr/__init__.py -> build/lib/pbr
copying pbr/git.py -> build/lib/pbr
copying pbr/find_package.py -> build/lib/pbr
copying pbr/testr_command.py -> build/lib/pbr
copying pbr/core.py -> build/lib/pbr
running egg_info
writing pbr.egg-info/PKG-INFO
writing top-level names to pbr.egg-info/top_level.txt
writing dependency_links to pbr.egg-info/dependency_links.txt
writing entry points to pbr.egg-info/entry_points.txt
[pbr] Reusing existing SOURCES.txt
creating build/lib/pbr/tests/testpackage
copying pbr/tests/testpackage/CHANGES.txt -> build/lib/pbr/tests/testpackage
copying pbr/tests/testpackage/LICENSE.txt -> build/lib/pbr/tests/testpackage
copying pbr/tests/testpackage/MANIFEST.in -> build/lib/pbr/tests/testpackage
copying pbr/tests/testpackage/README.txt -> build/lib/pbr/tests/testpackage
copying pbr/tests/testpackage/extra-file.txt -> build/lib/pbr/tests/testpackage
copying pbr/tests/testpackage/git-extra-file.txt -> build/lib/pbr/tests/testpackage
copying pbr/tests/testpackage/setup.cfg -> build/lib/pbr/tests/testpackage
copying pbr/tests/testpackage/setup.py -> build/lib/pbr/tests/testpackage
creating build/lib/pbr/tests/testpackage/data_files
copying pbr/tests/testpackage/data_files/a.txt -> build/lib/pbr/tests/testpackage/data_files
copying pbr/tests/testpackage/data_files/b.txt -> build/lib/pbr/tests/testpackage/data_files
copying pbr/tests/testpackage/data_files/c.rst -> build/lib/pbr/tests/testpackage/data_files
creating build/lib/pbr/tests/testpackage/pbr_testpackage
copying pbr/tests/testpackage/pbr_testpackage/__init__.py -> build/lib/pbr/tests/testpackage/pbr_testpackage
copying pbr/tests/testpackage/pbr_testpackage/_setup_hooks.py -> build/lib/pbr/tests/testpackage/pbr_testpackage
copying pbr/tests/testpackage/pbr_testpackage/cmd.py -> build/lib/pbr/tests/testpackage/pbr_testpackage
copying pbr/tests/testpackage/pbr_testpackage/extra.py -> build/lib/pbr/tests/testpackage/pbr_testpackage
creating build/lib/pbr/tests/testpackage/pbr_testpackage/package_data
copying pbr/tests/testpackage/pbr_testpackage/package_data/1.txt -> build/lib/pbr/tests/testpackage/pbr_testpackage/package_data
copying pbr/tests/testpackage/pbr_testpackage/package_data/2.txt -> build/lib/pbr/tests/testpackage/pbr_testpackage/package_data
creating build/lib/pbr/tests/testpackage/src
copying pbr/tests/testpackage/src/testext.c -> build/lib/pbr/tests/testpackage/src
running install_lib
creating /home/ubuntu/miniconda/envs/_build/lib/python2.7/site-packages/pbr
copying build/lib/pbr/extra_files.py -> /home/ubuntu/miniconda/envs/_build/lib/python2.7/site-packages/pbr
copying build/lib/pbr/pbr_json.py -> /home/ubuntu/miniconda/envs/_build/lib/python2.7/site-packages/pbr
copying build/lib/pbr/builddoc.py -> /home/ubuntu/miniconda/envs/_build/lib/python2.7/site-packages/pbr
copying build/lib/pbr/packaging.py -> /home/ubuntu/miniconda/envs/_build/lib/python2.7/site-packages/pbr
copying build/lib/pbr/options.py -> /home/ubuntu/miniconda/envs/_build/lib/python2.7/site-packages/pbr
copying build/lib/pbr/version.py -> /home/ubuntu/miniconda/envs/_build/lib/python2.7/site-packages/pbr
copying build/lib/pbr/util.py -> /home/ubuntu/miniconda/envs/_build/lib/python2.7/site-packages/pbr
creating /home/ubuntu/miniconda/envs/_build/lib/python2.7/site-packages/pbr/tests
copying build/lib/pbr/tests/test_commands.py -> /home/ubuntu/miniconda/envs/_build/lib/python2.7/site-packages/pbr/tests
copying build/lib/pbr/tests/test_setup.py -> /home/ubuntu/miniconda/envs/_build/lib/python2.7/site-packages/pbr/tests
copying build/lib/pbr/tests/test_files.py -> /home/ubuntu/miniconda/envs/_build/lib/python2.7/site-packages/pbr/tests
copying build/lib/pbr/tests/test_version.py -> /home/ubuntu/miniconda/envs/_build/lib/python2.7/site-packages/pbr/tests
copying build/lib/pbr/tests/test_packaging.py -> /home/ubuntu/miniconda/envs/_build/lib/python2.7/site-packages/pbr/tests
copying build/lib/pbr/tests/util.py -> /home/ubuntu/miniconda/envs/_build/lib/python2.7/site-packages/pbr/tests
copying build/lib/pbr/tests/test_util.py -> /home/ubuntu/miniconda/envs/_build/lib/python2.7/site-packages/pbr/tests
copying build/lib/pbr/tests/test_integration.py -> /home/ubuntu/miniconda/envs/_build/lib/python2.7/site-packages/pbr/tests
copying build/lib/pbr/tests/__init__.py -> /home/ubuntu/miniconda/envs/_build/lib/python2.7/site-packages/pbr/tests
copying build/lib/pbr/tests/test_core.py -> /home/ubuntu/miniconda/envs/_build/lib/python2.7/site-packages/pbr/tests
copying build/lib/pbr/tests/test_hooks.py -> /home/ubuntu/miniconda/envs/_build/lib/python2.7/site-packages/pbr/tests
copying build/lib/pbr/tests/base.py -> /home/ubuntu/miniconda/envs/_build/lib/python2.7/site-packages/pbr/tests
creating /home/ubuntu/miniconda/envs/_build/lib/python2.7/site-packages/pbr/tests/testpackage
copying build/lib/pbr/tests/testpackage/setup.cfg -> /home/ubuntu/miniconda/envs/_build/lib/python2.7/site-packages/pbr/tests/testpackage
creating /home/ubuntu/miniconda/envs/_build/lib/python2.7/site-packages/pbr/tests/testpackage/pbr_testpackage
creating /home/ubuntu/miniconda/envs/_build/lib/python2.7/site-packages/pbr/tests/testpackage/pbr_testpackage/package_data
copying build/lib/pbr/tests/testpackage/pbr_testpackage/package_data/2.txt -> /home/ubuntu/miniconda/envs/_build/lib/python2.7/site-packages/pbr/tests/testpackage/pbr_testpackage/package_data
copying build/lib/pbr/tests/testpackage/pbr_testpackage/package_data/1.txt -> /home/ubuntu/miniconda/envs/_build/lib/python2.7/site-packages/pbr/tests/testpackage/pbr_testpackage/package_data
copying build/lib/pbr/tests/testpackage/pbr_testpackage/cmd.py -> /home/ubuntu/miniconda/envs/_build/lib/python2.7/site-packages/pbr/tests/testpackage/pbr_testpackage
copying build/lib/pbr/tests/testpackage/pbr_testpackage/_setup_hooks.py -> /home/ubuntu/miniconda/envs/_build/lib/python2.7/site-packages/pbr/tests/testpackage/pbr_testpackage
copying build/lib/pbr/tests/testpackage/pbr_testpackage/__init__.py -> /home/ubuntu/miniconda/envs/_build/lib/python2.7/site-packages/pbr/tests/testpackage/pbr_testpackage
copying build/lib/pbr/tests/testpackage/pbr_testpackage/extra.py -> /home/ubuntu/miniconda/envs/_build/lib/python2.7/site-packages/pbr/tests/testpackage/pbr_testpackage
copying build/lib/pbr/tests/testpackage/CHANGES.txt -> /home/ubuntu/miniconda/envs/_build/lib/python2.7/site-packages/pbr/tests/testpackage
copying build/lib/pbr/tests/testpackage/README.txt -> /home/ubuntu/miniconda/envs/_build/lib/python2.7/site-packages/pbr/tests/testpackage
copying build/lib/pbr/tests/testpackage/setup.py -> /home/ubuntu/miniconda/envs/_build/lib/python2.7/site-packages/pbr/tests/testpackage
creating /home/ubuntu/miniconda/envs/_build/lib/python2.7/site-packages/pbr/tests/testpackage/data_files
copying build/lib/pbr/tests/testpackage/data_files/c.rst -> /home/ubuntu/miniconda/envs/_build/lib/python2.7/site-packages/pbr/tests/testpackage/data_files
copying build/lib/pbr/tests/testpackage/data_files/b.txt -> /home/ubuntu/miniconda/envs/_build/lib/python2.7/site-packages/pbr/tests/testpackage/data_files
copying build/lib/pbr/tests/testpackage/data_files/a.txt -> /home/ubuntu/miniconda/envs/_build/lib/python2.7/site-packages/pbr/tests/testpackage/data_files
copying build/lib/pbr/tests/testpackage/git-extra-file.txt -> /home/ubuntu/miniconda/envs/_build/lib/python2.7/site-packages/pbr/tests/testpackage
copying build/lib/pbr/tests/testpackage/LICENSE.txt -> /home/ubuntu/miniconda/envs/_build/lib/python2.7/site-packages/pbr/tests/testpackage
copying build/lib/pbr/tests/testpackage/MANIFEST.in -> /home/ubuntu/miniconda/envs/_build/lib/python2.7/site-packages/pbr/tests/testpackage
copying build/lib/pbr/tests/testpackage/extra-file.txt -> /home/ubuntu/miniconda/envs/_build/lib/python2.7/site-packages/pbr/tests/testpackage
creating /home/ubuntu/miniconda/envs/_build/lib/python2.7/site-packages/pbr/tests/testpackage/src
copying build/lib/pbr/tests/testpackage/src/testext.c -> /home/ubuntu/miniconda/envs/_build/lib/python2.7/site-packages/pbr/tests/testpackage/src
copying build/lib/pbr/__init__.py -> /home/ubuntu/miniconda/envs/_build/lib/python2.7/site-packages/pbr
copying build/lib/pbr/git.py -> /home/ubuntu/miniconda/envs/_build/lib/python2.7/site-packages/pbr
copying build/lib/pbr/find_package.py -> /home/ubuntu/miniconda/envs/_build/lib/python2.7/site-packages/pbr
copying build/lib/pbr/testr_command.py -> /home/ubuntu/miniconda/envs/_build/lib/python2.7/site-packages/pbr
creating /home/ubuntu/miniconda/envs/_build/lib/python2.7/site-packages/pbr/hooks
copying build/lib/pbr/hooks/commands.py -> /home/ubuntu/miniconda/envs/_build/lib/python2.7/site-packages/pbr/hooks
copying build/lib/pbr/hooks/files.py -> /home/ubuntu/miniconda/envs/_build/lib/python2.7/site-packages/pbr/hooks
copying build/lib/pbr/hooks/__init__.py -> /home/ubuntu/miniconda/envs/_build/lib/python2.7/site-packages/pbr/hooks
copying build/lib/pbr/hooks/backwards.py -> /home/ubuntu/miniconda/envs/_build/lib/python2.7/site-packages/pbr/hooks
copying build/lib/pbr/hooks/metadata.py -> /home/ubuntu/miniconda/envs/_build/lib/python2.7/site-packages/pbr/hooks
copying build/lib/pbr/hooks/base.py -> /home/ubuntu/miniconda/envs/_build/lib/python2.7/site-packages/pbr/hooks
copying build/lib/pbr/core.py -> /home/ubuntu/miniconda/envs/_build/lib/python2.7/site-packages/pbr
creating /home/ubuntu/miniconda/envs/_build/lib/python2.7/site-packages/pbr/cmd
copying build/lib/pbr/cmd/main.py -> /home/ubuntu/miniconda/envs/_build/lib/python2.7/site-packages/pbr/cmd
copying build/lib/pbr/cmd/__init__.py -> /home/ubuntu/miniconda/envs/_build/lib/python2.7/site-packages/pbr/cmd
byte-compiling /home/ubuntu/miniconda/envs/_build/lib/python2.7/site-packages/pbr/extra_files.py to extra_files.pyc
byte-compiling /home/ubuntu/miniconda/envs/_build/lib/python2.7/site-packages/pbr/pbr_json.py to pbr_json.pyc
byte-compiling /home/ubuntu/miniconda/envs/_build/lib/python2.7/site-packages/pbr/builddoc.py to builddoc.pyc
byte-compiling /home/ubuntu/miniconda/envs/_build/lib/python2.7/site-packages/pbr/packaging.py to packaging.pyc
byte-compiling /home/ubuntu/miniconda/envs/_build/lib/python2.7/site-packages/pbr/options.py to options.pyc
byte-compiling /home/ubuntu/miniconda/envs/_build/lib/python2.7/site-packages/pbr/version.py to version.pyc
byte-compiling /home/ubuntu/miniconda/envs/_build/lib/python2.7/site-packages/pbr/util.py to util.pyc
byte-compiling /home/ubuntu/miniconda/envs/_build/lib/python2.7/site-packages/pbr/tests/test_commands.py to test_commands.pyc
byte-compiling /home/ubuntu/miniconda/envs/_build/lib/python2.7/site-packages/pbr/tests/test_setup.py to test_setup.pyc
byte-compiling /home/ubuntu/miniconda/envs/_build/lib/python2.7/site-packages/pbr/tests/test_files.py to test_files.pyc
byte-compiling /home/ubuntu/miniconda/envs/_build/lib/python2.7/site-packages/pbr/tests/test_version.py to test_version.pyc
byte-compiling /home/ubuntu/miniconda/envs/_build/lib/python2.7/site-packages/pbr/tests/test_packaging.py to test_packaging.pyc
byte-compiling /home/ubuntu/miniconda/envs/_build/lib/python2.7/site-packages/pbr/tests/util.py to util.pyc
byte-compiling /home/ubuntu/miniconda/envs/_build/lib/python2.7/site-packages/pbr/tests/test_util.py to test_util.pyc
byte-compiling /home/ubuntu/miniconda/envs/_build/lib/python2.7/site-packages/pbr/tests/test_integration.py to test_integration.pyc
byte-compiling /home/ubuntu/miniconda/envs/_build/lib/python2.7/site-packages/pbr/tests/__init__.py to __init__.pyc
byte-compiling /home/ubuntu/miniconda/envs/_build/lib/python2.7/site-packages/pbr/tests/test_core.py to test_core.pyc
byte-compiling /home/ubuntu/miniconda/envs/_build/lib/python2.7/site-packages/pbr/tests/test_hooks.py to test_hooks.pyc
byte-compiling /home/ubuntu/miniconda/envs/_build/lib/python2.7/site-packages/pbr/tests/base.py to base.pyc
byte-compiling /home/ubuntu/miniconda/envs/_build/lib/python2.7/site-packages/pbr/tests/testpackage/pbr_testpackage/cmd.py to cmd.pyc
byte-compiling /home/ubuntu/miniconda/envs/_build/lib/python2.7/site-packages/pbr/tests/testpackage/pbr_testpackage/_setup_hooks.py to _setup_hooks.pyc
byte-compiling /home/ubuntu/miniconda/envs/_build/lib/python2.7/site-packages/pbr/tests/testpackage/pbr_testpackage/__init__.py to __init__.pyc
byte-compiling /home/ubuntu/miniconda/envs/_build/lib/python2.7/site-packages/pbr/tests/testpackage/pbr_testpackage/extra.py to extra.pyc
byte-compiling /home/ubuntu/miniconda/envs/_build/lib/python2.7/site-packages/pbr/tests/testpackage/setup.py to setup.pyc
byte-compiling /home/ubuntu/miniconda/envs/_build/lib/python2.7/site-packages/pbr/__init__.py to __init__.pyc
byte-compiling /home/ubuntu/miniconda/envs/_build/lib/python2.7/site-packages/pbr/git.py to git.pyc
byte-compiling /home/ubuntu/miniconda/envs/_build/lib/python2.7/site-packages/pbr/find_package.py to find_package.pyc
byte-compiling /home/ubuntu/miniconda/envs/_build/lib/python2.7/site-packages/pbr/testr_command.py to testr_command.pyc
byte-compiling /home/ubuntu/miniconda/envs/_build/lib/python2.7/site-packages/pbr/hooks/commands.py to commands.pyc
byte-compiling /home/ubuntu/miniconda/envs/_build/lib/python2.7/site-packages/pbr/hooks/files.py to files.pyc
byte-compiling /home/ubuntu/miniconda/envs/_build/lib/python2.7/site-packages/pbr/hooks/__init__.py to __init__.pyc
byte-compiling /home/ubuntu/miniconda/envs/_build/lib/python2.7/site-packages/pbr/hooks/backwards.py to backwards.pyc
byte-compiling /home/ubuntu/miniconda/envs/_build/lib/python2.7/site-packages/pbr/hooks/metadata.py to metadata.pyc
byte-compiling /home/ubuntu/miniconda/envs/_build/lib/python2.7/site-packages/pbr/hooks/base.py to base.pyc
byte-compiling /home/ubuntu/miniconda/envs/_build/lib/python2.7/site-packages/pbr/core.py to core.pyc
byte-compiling /home/ubuntu/miniconda/envs/_build/lib/python2.7/site-packages/pbr/cmd/main.py to main.pyc
byte-compiling /home/ubuntu/miniconda/envs/_build/lib/python2.7/site-packages/pbr/cmd/__init__.py to __init__.pyc
running install_egg_info
Copying pbr.egg-info to /home/ubuntu/miniconda/envs/_build/lib/python2.7/site-packages/pbr-1.0.1-py2.7.egg-info
running install_scripts
Installing pbr script to /home/ubuntu/miniconda/envs/_build/bin

The following NEW packages will be INSTALLED:

    openssl:    1.0.1k-1    
    pip:        7.0.1-py27_0
    python:     2.7.10-0    
    readline:   6.2-2       
    setuptools: 17.0-py27_0 
    sqlite:     3.8.4.1-1   
    system:     5.8-2       
    tk:         8.5.18-0    
    zlib:       1.2.8-0     

Linking packages ...
[                    ]|                                                  |   0%[openssl             ]|                                                  |   0%[readline            ]|#####                                             |  11%[sqlite              ]|###########                                       |  22%[system              ]|################                                  |  33%[tk                  ]|######################                            |  44%[zlib                ]|###########################                       |  55%[python              ]|#################################                 |  66%[setuptools          ]|######################################            |  77%[pip                 ]|############################################      |  88%[      COMPLETE      ]|##################################################| 100%
Removing old work directory
Source cache directory is: /home/ubuntu/miniconda/conda-bld/src_cache
Found source in cache: pbr-1.0.1.tar.gz
Extracting download
Package: pbr-1.0.1-py27_0
source tree in: /home/ubuntu/miniconda/conda-bld/work/pbr-1.0.1
number of files: 95
Fixing permissions
Detected hard-coded path in text file bin/pbr
Fixing permissions
BUILD END: pbr-1.0.1-py27_0
TEST START: pbr-1.0.1-py27_0
Fetching package metadata: ......
Error: No packages found in current linux-64 channels matching: coverage>=3.6
