Warning, the following versions were found for pdfminer
20140328
20140327
20140324
20131113
20131022
20110515
20110227
20101226
20101017
20100829
20100619p1
20100424
20100327
20100322
20100213
20100131
20100104
20091219
20091129
20091024
20091004
20090912
20090830
20090824
20090721
20090711
20090517
20090330
20090325
20090201
20090117
20090110
20080906
20080727
20080629
20080427
Using 20140328
Use --version to specify a different version.
Using url https://pypi.python.org/packages/source/p/pdfminer/pdfminer-20140328.tar.gz (3.9 MB) for pdfminer.
Downloading pdfminer (use --no-download to skip this step)
Using cached download
Unpacking pdfminer...
done
working in /tmp/tmpyURIt9conda_skeleton_pdfminer-20140328.tar.gz
Fetching package metadata: ......
Solving package specifications: .patching file core.py
Hunk #1 succeeded at 168 with fuzz 2 (offset 2 lines).

The following NEW packages will be INSTALLED:

    numpy:  1.9.2-py27_0
    pyyaml: 3.11-py27_0 

Linking packages ...
[                    ]|                                                  |   0%[numpy               ]|                                                  |   0%[pyyaml              ]|#########################                         |  50%[      COMPLETE      ]|##################################################| 100%
Applying patch: '/tmp/tmpyURIt9conda_skeleton_pdfminer-20140328.tar.gz/pypi-distutils.patch'
Writing recipe for pdfminer
Done
