Warning, the following versions were found for pecan
0.9.0
0.8.3
0.8.2
0.8.1
0.8.0
0.7.0
0.6.1
0.6.0
0.5.0
0.4.5
0.4.4
0.4.3
0.4.2
0.4.1
0.3.2
0.3.1
0.3.0
0.2.4
0.2.3
0.2.2
0.2.1
0.2.0
0.2.0b2
0.2.0a
Using 0.9.0
Use --version to specify a different version.
Using url https://pypi.python.org/packages/source/p/pecan/pecan-0.9.0.tar.gz (148 KB) for pecan.
Downloading pecan (use --no-download to skip this step)
Using cached download
Unpacking pecan...
done
working in /tmp/tmpovPY4bconda_skeleton_pecan-0.9.0.tar.gz
Fetching package metadata: ......
Solving package specifications: .patching file core.py
Hunk #1 succeeded at 168 with fuzz 2 (offset 2 lines).

The following NEW packages will be INSTALLED:

    numpy:  1.9.2-py27_0
    pyyaml: 3.11-py27_0 

Linking packages ...
[                    ]|                                                  |   0%[numpy               ]|                                                  |   0%[pyyaml              ]|#########################                         |  50%[      COMPLETE      ]|##################################################| 100%
Applying patch: '/tmp/tmpovPY4bconda_skeleton_pecan-0.9.0.tar.gz/pypi-distutils.patch'
Writing recipe for pecan
Done
