Warning, the following versions were found for peewee
2.6.1
2.6.0
2.5.1
2.5.0
2.4.7
2.4.6
2.4.5
2.4.4
2.4.3
2.4.2
2.4.1
2.4.0
2.3.3
2.3.2
2.3.1
2.3.0
2.2.5
2.2.4
2.2.3
2.2.2
2.2.1
2.2.0
2.1.7
2.1.6
2.1.5
2.1.4
2.1.3
2.1.2
2.1.1
2.1.0
2.0.9
2.0.8
2.0.7
2.0.6
2.0.5
2.0.4
2.0.3
2.0.2
2.0.1
2.0.0
1.0.0
0.9.9
0.9.8
0.9.7
0.9.6
0.9.5
0.9.4
0.9.3
0.9.2
0.9.1
0.9.0
0.8.2
0.8.1
0.8.0
0.7.5
0.7.4
0.7.3
0.7.2
0.7.1
0.7.0
0.6.2
0.6.1
0.6.0
0.5.0
0.4.0
0.3.2
0.3.1
0.3.0
0.2.2
0.2.1
0.2.0
0.1.1
0.1.0
Using 2.6.1
Use --version to specify a different version.
Using url https://pypi.python.org/packages/source/p/peewee/peewee-2.6.1.tar.gz (1.4 MB) for peewee.
Downloading peewee (use --no-download to skip this step)
Unpacking peewee...
done
working in /tmp/tmpX7jPo_conda_skeleton_peewee-2.6.1.tar.gz
Fetching package metadata: ......
Solving package specifications: .patching file core.py
Hunk #1 succeeded at 168 with fuzz 2 (offset 2 lines).
Traceback (most recent call last):
  File "setup.py", line 2, in <module>
    from setuptools import find_packages
ImportError: No module named setuptools

Applying patch: '/tmp/tmpX7jPo_conda_skeleton_peewee-2.6.1.tar.gz/pypi-distutils.patch'
$PYTHONPATH = /tmp/tmpX7jPo_conda_skeleton_peewee-2.6.1.tar.gz/peewee-2.6.1
Error: command failed: /home/ubuntu/miniconda/envs/_build/bin/python setup.py install
