Warning, the following versions were found for persistent
4.1.1
4.1.0
4.0.9
4.0.8
4.0.7
4.0.6
4.0.5
4.0.4
4.0.3
4.0.2
4.0.1
4.0.0
Using 4.1.1
Use --version to specify a different version.
Using url https://pypi.python.org/packages/source/p/persistent/persistent-4.1.1.tar.gz (92 KB) for persistent.
Downloading persistent (use --no-download to skip this step)
Unpacking persistent...
done
working in /tmp/tmpjrGNz6conda_skeleton_persistent-4.1.1.tar.gz
Fetching package metadata: ......
Solving package specifications: .patching file core.py
Hunk #1 succeeded at 168 with fuzz 2 (offset 2 lines).
Traceback (most recent call last):
  File "setup.py", line 22, in <module>
    from setuptools import Extension
ImportError: No module named setuptools

Applying patch: '/tmp/tmpjrGNz6conda_skeleton_persistent-4.1.1.tar.gz/pypi-distutils.patch'
$PYTHONPATH = /tmp/tmpjrGNz6conda_skeleton_persistent-4.1.1.tar.gz/persistent-4.1.1
Error: command failed: /home/ubuntu/miniconda/envs/_build/bin/python setup.py install
