Warning, the following versions were found for pex
1.0.0
1.0.0.dev3
1.0.0.dev0
0.9.0
0.8.6
0.8.5
0.8.4
0.8.3
0.8.2
0.8.1
0.8.0
0.7.0
0.1.0
Using 1.0.0
Use --version to specify a different version.
Using url https://pypi.python.org/packages/source/p/pex/pex-1.0.0.tar.gz (100 KB) for pex.
Downloading pex (use --no-download to skip this step)
Unpacking pex...
done
working in /tmp/tmpCplmwRconda_skeleton_pex-1.0.0.tar.gz
Fetching package metadata: ......
Solving package specifications: .patching file core.py
Hunk #1 succeeded at 168 with fuzz 2 (offset 2 lines).
Traceback (most recent call last):
  File "setup.py", line 6, in <module>
    from setuptools import setup
ImportError: No module named setuptools

Applying patch: '/tmp/tmpCplmwRconda_skeleton_pex-1.0.0.tar.gz/pypi-distutils.patch'
$PYTHONPATH = /tmp/tmpCplmwRconda_skeleton_pex-1.0.0.tar.gz/pex-1.0.0
Error: command failed: /home/ubuntu/miniconda/envs/_build/bin/python setup.py install
