Removing old build directory
Removing old work directory
BUILD START: pexpect-3.3-py_0
Fetching package metadata: ......
Solving package specifications: .+ pip install pexpect
Collecting pexpect
  Downloading http://localhost/packages/source/p/pexpect/pexpect-3.3.tar.gz (132kB)
setuptools must be installed to install from a source distribution

The following NEW packages will be INSTALLED:

    openssl:    1.0.1k-1     
    pip:        7.0.3-py27_0 
    python:     2.7.10-0     
    readline:   6.2-2        
    setuptools: 17.1.1-py27_0
    sqlite:     3.8.4.1-1    
    system:     5.8-2        
    tk:         8.5.18-0     
    zlib:       1.2.8-0      

Linking packages ...
[                    ]|                                                  |   0%[openssl             ]|                                                  |   0%[readline            ]|#####                                             |  11%[sqlite              ]|###########                                       |  22%[system              ]|################                                  |  33%[tk                  ]|######################                            |  44%[zlib                ]|###########################                       |  55%[python              ]|#################################                 |  66%[setuptools          ]|######################################            |  77%[pip                 ]|############################################      |  88%[      COMPLETE      ]|##################################################| 100%
Removing old work directory
Copying /home/ubuntu/pypi-conda-builds/pexpect to /home/ubuntu/miniconda/conda-bld/work
Package: pexpect-3.3-py_0
source tree in: /home/ubuntu/miniconda/conda-bld/work
Command failed: /bin/bash -x -e /home/ubuntu/pypi-conda-builds/pexpect/build.sh
Package search: {'_pypi_ordering': False, 'version': '3.3', 'name': 'pexpect', 'summary': 'Pexpect allows easy control of interactive console applications.'}
Creating standard recipe for pexpect-3.3
Converting recipe in /home/ubuntu/pypi-conda-builds/pexpect
package = pexpect
   dependencies = []
Building conda package for pexpect
