Warning, the following versions were found for pexpect
3.3
3.2
3.1
3.0
2.4
2.01
0.97
Using 3.3
Use --version to specify a different version.
Using url https://pypi.python.org/packages/source/p/pexpect/pexpect-3.3.tar.gz (129 KB) for pexpect.
Downloading pexpect (use --no-download to skip this step)
Using cached download
Unpacking pexpect...
done
working in /tmp/tmp2gCesrconda_skeleton_pexpect-3.3.tar.gz
Fetching package metadata: ......
Solving package specifications: .patching file core.py
Hunk #1 succeeded at 168 with fuzz 2 (offset 2 lines).

Applying patch: '/tmp/tmp2gCesrconda_skeleton_pexpect-3.3.tar.gz/pypi-distutils.patch'
Writing recipe for pexpect
Done
