Warning, the following versions were found for pg8000
1.10.2
1.10.1
1.10.0
1.9.14
1.9.13
1.9.12
1.9.11
1.9.10
1.9.9
1.9.8
1.9.7
1.9.6
1.9.5
1.9.4
1.9.3
1.9.2
1.9.1
1.9.0
1.08
1.07
1.06
1.05
1.04
1.03
1.02
1.01
1.00
Using 1.10.2
Use --version to specify a different version.
Using url https://pypi.python.org/packages/source/p/pg8000/pg8000-1.10.2.tar.gz (38 KB) for pg8000.
Downloading pg8000 (use --no-download to skip this step)
Using cached download
Unpacking pg8000...
done
working in /tmp/tmplCLKuvconda_skeleton_pg8000-1.10.2.tar.gz
Fetching package metadata: ......
Solving package specifications: .patching file core.py
Hunk #1 succeeded at 168 with fuzz 2 (offset 2 lines).

Applying patch: '/tmp/tmplCLKuvconda_skeleton_pg8000-1.10.2.tar.gz/pypi-distutils.patch'
Writing recipe for pg8000
Done
