Warning, the following versions were found for phonenumbers
7.0.5
7.0.4
7.0.2
7.0.1
7.0.0
6.3.0
6.2.0
6.1.0
6.0.0
6.0.0a
5.9.2
5.9.1
5.9b1
5.8b1
5.7b2
5.7b1
5.6b1
5.5b1
5.4b1
5.3b1
5.2b1
5.1b1
5.0b2
5.0b1
4.9b1
4.8b1
4.7b1
4.6b1
4.5b1
4.4b1
4.3b1
4.2b1
4.1b1
4.0b1
3.9b1
3.8b1
3.7b1
3.5b2
3.5b1
3.3a1
Using 7.0.5
Use --version to specify a different version.
Using url https://pypi.python.org/packages/source/p/phonenumbers/phonenumbers-7.0.5.tar.gz (2.0 MB) for phonenumbers.
Downloading phonenumbers (use --no-download to skip this step)
Using cached download
Unpacking phonenumbers...
done
working in /tmp/tmp7C5wZcconda_skeleton_phonenumbers-7.0.5.tar.gz
Fetching package metadata: ......
Solving package specifications: .patching file core.py
Hunk #1 succeeded at 168 with fuzz 2 (offset 2 lines).

Applying patch: '/tmp/tmp7C5wZcconda_skeleton_phonenumbers-7.0.5.tar.gz/pypi-distutils.patch'
Writing recipe for phonenumbers
Done
