Warning, the following versions were found for pies
2.6.5
2.6.3
2.6.2
2.6.1
2.6.0
2.5.5
2.5.4
2.5.3
2.5.2
2.5.1
2.5.0
2.0.1
2.0.0
1.0.3
1.0.2
1.0.1
1.0.0
Using 2.6.5
Use --version to specify a different version.
Using url https://pypi.python.org/packages/source/p/pies/pies-2.6.5.tar.gz (9 KB) for pies.
Downloading pies (use --no-download to skip this step)
Using cached download
Unpacking pies...
done
working in /tmp/tmpKoYfnFconda_skeleton_pies-2.6.5.tar.gz
Fetching package metadata: ......
Solving package specifications: .patching file core.py
Hunk #1 succeeded at 168 with fuzz 2 (offset 2 lines).

Applying patch: '/tmp/tmpKoYfnFconda_skeleton_pies-2.6.5.tar.gz/pypi-distutils.patch'
Warning, the following versions were found for configparser
3.5.0b2
3.5.0b1
3.3.0r2
3.3.0r1
3.2.0r3
3.2.0r2
3.2.0r1
Using 3.5.0b2
Use --version to specify a different version.
Using url https://pypi.python.org/packages/source/c/configparser/configparser-3.5.0b2.tar.gz (38 KB) for configparser.
Downloading configparser (use --no-download to skip this step)
Using cached download
Unpacking configparser...
done
working in /tmp/tmprSPNA7conda_skeleton_configparser-3.5.0b2.tar.gz
Solving package specifications: .patching file core.py
Hunk #1 succeeded at 168 with fuzz 2 (offset 2 lines).
Traceback (most recent call last):
  File "setup.py", line 13, in <module>
    from setuptools import setup, find_packages
ImportError: No module named setuptools

Applying patch: '/tmp/tmprSPNA7conda_skeleton_configparser-3.5.0b2.tar.gz/pypi-distutils.patch'
$PYTHONPATH = /tmp/tmprSPNA7conda_skeleton_configparser-3.5.0b2.tar.gz/configparser-3.5.0b2
Error: command failed: /home/ubuntu/miniconda/envs/_build/bin/python setup.py install
