Package search: {'_pypi_ordering': False, 'version': '1.7.8', 'name': 'Pillow', 'summary': 'Python Imaging Library (fork)'}
Fetching package metadata: ....
Removing old build directory
Removing old work directory
BUILD START: pillow-2.8.2-py27_0
Fetching package metadata: ......
Solving package specifications: .+ pip install Pillow
Collecting Pillow
  Downloading http://localhost/packages/source/P/Pillow/Pillow-2.8.1.tar.gz (9.0MB)
Installing collected packages: Pillow
  Running setup.py install for Pillow
    Complete output from command /home/ubuntu/miniconda/envs/_build/bin/python -c "import setuptools, tokenize;__file__='/tmp/pip-build-5XLr9S/Pillow/setup.py';exec(compile(getattr(tokenize, 'open', open)(__file__).read().replace('\r\n', '\n'), __file__, 'exec'))" install --record /tmp/pip-xpvdvn-record/install-record.txt --single-version-externally-managed --compile:
    Single threaded build, not installing mp_compile: 1 processes
    running install
    running build
    running build_py
    creating build
    creating build/lib.linux-x86_64-2.7
    creating build/lib.linux-x86_64-2.7/PIL
    copying PIL/PaletteFile.py -> build/lib.linux-x86_64-2.7/PIL
    copying PIL/FontFile.py -> build/lib.linux-x86_64-2.7/PIL
    copying PIL/GbrImagePlugin.py -> build/lib.linux-x86_64-2.7/PIL
    copying PIL/ImageFilter.py -> build/lib.linux-x86_64-2.7/PIL
    copying PIL/ImageEnhance.py -> build/lib.linux-x86_64-2.7/PIL
    copying PIL/ImageGrab.py -> build/lib.linux-x86_64-2.7/PIL
    copying PIL/ImageDraw.py -> build/lib.linux-x86_64-2.7/PIL
    copying PIL/PngImagePlugin.py -> build/lib.linux-x86_64-2.7/PIL
    copying PIL/ContainerIO.py -> build/lib.linux-x86_64-2.7/PIL
    copying PIL/PdfImagePlugin.py -> build/lib.linux-x86_64-2.7/PIL
    copying PIL/ImageTransform.py -> build/lib.linux-x86_64-2.7/PIL
    copying PIL/ImageFile.py -> build/lib.linux-x86_64-2.7/PIL
    copying PIL/ImageMorph.py -> build/lib.linux-x86_64-2.7/PIL
    copying PIL/BdfFontFile.py -> build/lib.linux-x86_64-2.7/PIL
    copying PIL/DcxImagePlugin.py -> build/lib.linux-x86_64-2.7/PIL
    copying PIL/ImageSequence.py -> build/lib.linux-x86_64-2.7/PIL
    copying PIL/PSDraw.py -> build/lib.linux-x86_64-2.7/PIL
    copying PIL/TiffTags.py -> build/lib.linux-x86_64-2.7/PIL
    copying PIL/McIdasImagePlugin.py -> build/lib.linux-x86_64-2.7/PIL
    copying PIL/XVThumbImagePlugin.py -> build/lib.linux-x86_64-2.7/PIL
    copying PIL/ImageStat.py -> build/lib.linux-x86_64-2.7/PIL
    copying PIL/XpmImagePlugin.py -> build/lib.linux-x86_64-2.7/PIL
    copying PIL/BufrStubImagePlugin.py -> build/lib.linux-x86_64-2.7/PIL
    copying PIL/EpsImagePlugin.py -> build/lib.linux-x86_64-2.7/PIL
    copying PIL/PcxImagePlugin.py -> build/lib.linux-x86_64-2.7/PIL
    copying PIL/Image.py -> build/lib.linux-x86_64-2.7/PIL
    copying PIL/SpiderImagePlugin.py -> build/lib.linux-x86_64-2.7/PIL
    copying PIL/TiffImagePlugin.py -> build/lib.linux-x86_64-2.7/PIL
    copying PIL/MpegImagePlugin.py -> build/lib.linux-x86_64-2.7/PIL
    copying PIL/JpegPresets.py -> build/lib.linux-x86_64-2.7/PIL
    copying PIL/BmpImagePlugin.py -> build/lib.linux-x86_64-2.7/PIL
    copying PIL/_binary.py -> build/lib.linux-x86_64-2.7/PIL
    copying PIL/ExifTags.py -> build/lib.linux-x86_64-2.7/PIL
    copying PIL/SunImagePlugin.py -> build/lib.linux-x86_64-2.7/PIL
    copying PIL/FpxImagePlugin.py -> build/lib.linux-x86_64-2.7/PIL
    copying PIL/IcnsImagePlugin.py -> build/lib.linux-x86_64-2.7/PIL
    copying PIL/PcdImagePlugin.py -> build/lib.linux-x86_64-2.7/PIL
    copying PIL/JpegImagePlugin.py -> build/lib.linux-x86_64-2.7/PIL
    copying PIL/GribStubImagePlugin.py -> build/lib.linux-x86_64-2.7/PIL
    copying PIL/GimpPaletteFile.py -> build/lib.linux-x86_64-2.7/PIL
    copying PIL/PsdImagePlugin.py -> build/lib.linux-x86_64-2.7/PIL
    copying PIL/ImageFont.py -> build/lib.linux-x86_64-2.7/PIL
    copying PIL/PalmImagePlugin.py -> build/lib.linux-x86_64-2.7/PIL
    copying PIL/ImageTk.py -> build/lib.linux-x86_64-2.7/PIL
    copying PIL/ImageWin.py -> build/lib.linux-x86_64-2.7/PIL
    copying PIL/MspImagePlugin.py -> build/lib.linux-x86_64-2.7/PIL
    copying PIL/PyAccess.py -> build/lib.linux-x86_64-2.7/PIL
    copying PIL/PcfFontFile.py -> build/lib.linux-x86_64-2.7/PIL
    copying PIL/ImageChops.py -> build/lib.linux-x86_64-2.7/PIL
    copying PIL/ImageShow.py -> build/lib.linux-x86_64-2.7/PIL
    copying PIL/PpmImagePlugin.py -> build/lib.linux-x86_64-2.7/PIL
    copying PIL/MicImagePlugin.py -> build/lib.linux-x86_64-2.7/PIL
    copying PIL/ImageMath.py -> build/lib.linux-x86_64-2.7/PIL
    copying PIL/GimpGradientFile.py -> build/lib.linux-x86_64-2.7/PIL
    copying PIL/OleFileIO.py -> build/lib.linux-x86_64-2.7/PIL
    copying PIL/WmfImagePlugin.py -> build/lib.linux-x86_64-2.7/PIL
    copying PIL/WebPImagePlugin.py -> build/lib.linux-x86_64-2.7/PIL
    copying PIL/Hdf5StubImagePlugin.py -> build/lib.linux-x86_64-2.7/PIL
    copying PIL/ImagePalette.py -> build/lib.linux-x86_64-2.7/PIL
    copying PIL/ImageDraw2.py -> build/lib.linux-x86_64-2.7/PIL
    copying PIL/TgaImagePlugin.py -> build/lib.linux-x86_64-2.7/PIL
    copying PIL/FitsStubImagePlugin.py -> build/lib.linux-x86_64-2.7/PIL
    copying PIL/ImageCms.py -> build/lib.linux-x86_64-2.7/PIL
    copying PIL/SgiImagePlugin.py -> build/lib.linux-x86_64-2.7/PIL
    copying PIL/ImageQt.py -> build/lib.linux-x86_64-2.7/PIL
    copying PIL/WalImageFile.py -> build/lib.linux-x86_64-2.7/PIL
    copying PIL/__init__.py -> build/lib.linux-x86_64-2.7/PIL
    copying PIL/ImtImagePlugin.py -> build/lib.linux-x86_64-2.7/PIL
    copying PIL/CurImagePlugin.py -> build/lib.linux-x86_64-2.7/PIL
    copying PIL/GdImageFile.py -> build/lib.linux-x86_64-2.7/PIL
    copying PIL/Jpeg2KImagePlugin.py -> build/lib.linux-x86_64-2.7/PIL
    copying PIL/MpoImagePlugin.py -> build/lib.linux-x86_64-2.7/PIL
    copying PIL/PixarImagePlugin.py -> build/lib.linux-x86_64-2.7/PIL
    copying PIL/ImageFileIO.py -> build/lib.linux-x86_64-2.7/PIL
    copying PIL/FliImagePlugin.py -> build/lib.linux-x86_64-2.7/PIL
    copying PIL/TarIO.py -> build/lib.linux-x86_64-2.7/PIL
    copying PIL/ImageColor.py -> build/lib.linux-x86_64-2.7/PIL
    copying PIL/IptcImagePlugin.py -> build/lib.linux-x86_64-2.7/PIL
    copying PIL/GifImagePlugin.py -> build/lib.linux-x86_64-2.7/PIL
    copying PIL/ImageMode.py -> build/lib.linux-x86_64-2.7/PIL
    copying PIL/ImagePath.py -> build/lib.linux-x86_64-2.7/PIL
    copying PIL/XbmImagePlugin.py -> build/lib.linux-x86_64-2.7/PIL
    copying PIL/ImImagePlugin.py -> build/lib.linux-x86_64-2.7/PIL
    copying PIL/ImageOps.py -> build/lib.linux-x86_64-2.7/PIL
    copying PIL/_util.py -> build/lib.linux-x86_64-2.7/PIL
    copying PIL/IcoImagePlugin.py -> build/lib.linux-x86_64-2.7/PIL
    running egg_info
    writing Pillow.egg-info/PKG-INFO
    writing top-level names to Pillow.egg-info/top_level.txt
    writing dependency_links to Pillow.egg-info/dependency_links.txt
    warning: manifest_maker: standard file '-c' not found
    
    reading manifest file 'Pillow.egg-info/SOURCES.txt'
    reading manifest template 'MANIFEST.in'
    warning: no files found matching 'LICENSE' under directory 'docs'
    writing manifest file 'Pillow.egg-info/SOURCES.txt'
    copying PIL/OleFileIO-README.md -> build/lib.linux-x86_64-2.7/PIL
    running build_ext
    building 'PIL._imaging' extension
    creating build/temp.linux-x86_64-2.7/libImaging
    gcc -pthread -fno-strict-aliasing -g -O2 -DNDEBUG -g -fwrapv -O3 -Wall -Wstrict-prototypes -fPIC -DHAVE_LIBZ -I/tmp/pip-build-5XLr9S/Pillow/libImaging -I/home/ubuntu/miniconda/envs/_build/include -I/usr/local/include -I/usr/include -I/home/ubuntu/miniconda/envs/_build/include/python2.7 -c _imaging.c -o build/temp.linux-x86_64-2.7/_imaging.o
    gcc -pthread -fno-strict-aliasing -g -O2 -DNDEBUG -g -fwrapv -O3 -Wall -Wstrict-prototypes -fPIC -DHAVE_LIBZ -I/tmp/pip-build-5XLr9S/Pillow/libImaging -I/home/ubuntu/miniconda/envs/_build/include -I/usr/local/include -I/usr/include -I/home/ubuntu/miniconda/envs/_build/include/python2.7 -c decode.c -o build/temp.linux-x86_64-2.7/decode.o
    gcc -pthread -fno-strict-aliasing -g -O2 -DNDEBUG -g -fwrapv -O3 -Wall -Wstrict-prototypes -fPIC -DHAVE_LIBZ -I/tmp/pip-build-5XLr9S/Pillow/libImaging -I/home/ubuntu/miniconda/envs/_build/include -I/usr/local/include -I/usr/include -I/home/ubuntu/miniconda/envs/_build/include/python2.7 -c encode.c -o build/temp.linux-x86_64-2.7/encode.o
    gcc -pthread -fno-strict-aliasing -g -O2 -DNDEBUG -g -fwrapv -O3 -Wall -Wstrict-prototypes -fPIC -DHAVE_LIBZ -I/tmp/pip-build-5XLr9S/Pillow/libImaging -I/home/ubuntu/miniconda/envs/_build/include -I/usr/local/include -I/usr/include -I/home/ubuntu/miniconda/envs/_build/include/python2.7 -c map.c -o build/temp.linux-x86_64-2.7/map.o
    gcc -pthread -fno-strict-aliasing -g -O2 -DNDEBUG -g -fwrapv -O3 -Wall -Wstrict-prototypes -fPIC -DHAVE_LIBZ -I/tmp/pip-build-5XLr9S/Pillow/libImaging -I/home/ubuntu/miniconda/envs/_build/include -I/usr/local/include -I/usr/include -I/home/ubuntu/miniconda/envs/_build/include/python2.7 -c display.c -o build/temp.linux-x86_64-2.7/display.o
    gcc -pthread -fno-strict-aliasing -g -O2 -DNDEBUG -g -fwrapv -O3 -Wall -Wstrict-prototypes -fPIC -DHAVE_LIBZ -I/tmp/pip-build-5XLr9S/Pillow/libImaging -I/home/ubuntu/miniconda/envs/_build/include -I/usr/local/include -I/usr/include -I/home/ubuntu/miniconda/envs/_build/include/python2.7 -c outline.c -o build/temp.linux-x86_64-2.7/outline.o
    gcc -pthread -fno-strict-aliasing -g -O2 -DNDEBUG -g -fwrapv -O3 -Wall -Wstrict-prototypes -fPIC -DHAVE_LIBZ -I/tmp/pip-build-5XLr9S/Pillow/libImaging -I/home/ubuntu/miniconda/envs/_build/include -I/usr/local/include -I/usr/include -I/home/ubuntu/miniconda/envs/_build/include/python2.7 -c path.c -o build/temp.linux-x86_64-2.7/path.o
    gcc -pthread -fno-strict-aliasing -g -O2 -DNDEBUG -g -fwrapv -O3 -Wall -Wstrict-prototypes -fPIC -DHAVE_LIBZ -I/tmp/pip-build-5XLr9S/Pillow/libImaging -I/home/ubuntu/miniconda/envs/_build/include -I/usr/local/include -I/usr/include -I/home/ubuntu/miniconda/envs/_build/include/python2.7 -c libImaging/Access.c -o build/temp.linux-x86_64-2.7/libImaging/Access.o
    gcc -pthread -fno-strict-aliasing -g -O2 -DNDEBUG -g -fwrapv -O3 -Wall -Wstrict-prototypes -fPIC -DHAVE_LIBZ -I/tmp/pip-build-5XLr9S/Pillow/libImaging -I/home/ubuntu/miniconda/envs/_build/include -I/usr/local/include -I/usr/include -I/home/ubuntu/miniconda/envs/_build/include/python2.7 -c libImaging/AlphaComposite.c -o build/temp.linux-x86_64-2.7/libImaging/AlphaComposite.o
    gcc -pthread -fno-strict-aliasing -g -O2 -DNDEBUG -g -fwrapv -O3 -Wall -Wstrict-prototypes -fPIC -DHAVE_LIBZ -I/tmp/pip-build-5XLr9S/Pillow/libImaging -I/home/ubuntu/miniconda/envs/_build/include -I/usr/local/include -I/usr/include -I/home/ubuntu/miniconda/envs/_build/include/python2.7 -c libImaging/Resample.c -o build/temp.linux-x86_64-2.7/libImaging/Resample.o
    libImaging/Resample.c:87:45: warning: always_inline function might not be inlinable [-Wattributes]
     static float __attribute__((always_inline)) i2f(int v) {
                                                 ^
    gcc -pthread -fno-strict-aliasing -g -O2 -DNDEBUG -g -fwrapv -O3 -Wall -Wstrict-prototypes -fPIC -DHAVE_LIBZ -I/tmp/pip-build-5XLr9S/Pillow/libImaging -I/home/ubuntu/miniconda/envs/_build/include -I/usr/local/include -I/usr/include -I/home/ubuntu/miniconda/envs/_build/include/python2.7 -c libImaging/Bands.c -o build/temp.linux-x86_64-2.7/libImaging/Bands.o
    gcc -pthread -fno-strict-aliasing -g -O2 -DNDEBUG -g -fwrapv -O3 -Wall -Wstrict-prototypes -fPIC -DHAVE_LIBZ -I/tmp/pip-build-5XLr9S/Pillow/libImaging -I/home/ubuntu/miniconda/envs/_build/include -I/usr/local/include -I/usr/include -I/home/ubuntu/miniconda/envs/_build/include/python2.7 -c libImaging/BitDecode.c -o build/temp.linux-x86_64-2.7/libImaging/BitDecode.o
    gcc -pthread -fno-strict-aliasing -g -O2 -DNDEBUG -g -fwrapv -O3 -Wall -Wstrict-prototypes -fPIC -DHAVE_LIBZ -I/tmp/pip-build-5XLr9S/Pillow/libImaging -I/home/ubuntu/miniconda/envs/_build/include -I/usr/local/include -I/usr/include -I/home/ubuntu/miniconda/envs/_build/include/python2.7 -c libImaging/Blend.c -o build/temp.linux-x86_64-2.7/libImaging/Blend.o
    gcc -pthread -fno-strict-aliasing -g -O2 -DNDEBUG -g -fwrapv -O3 -Wall -Wstrict-prototypes -fPIC -DHAVE_LIBZ -I/tmp/pip-build-5XLr9S/Pillow/libImaging -I/home/ubuntu/miniconda/envs/_build/include -I/usr/local/include -I/usr/include -I/home/ubuntu/miniconda/envs/_build/include/python2.7 -c libImaging/Chops.c -o build/temp.linux-x86_64-2.7/libImaging/Chops.o
    gcc -pthread -fno-strict-aliasing -g -O2 -DNDEBUG -g -fwrapv -O3 -Wall -Wstrict-prototypes -fPIC -DHAVE_LIBZ -I/tmp/pip-build-5XLr9S/Pillow/libImaging -I/home/ubuntu/miniconda/envs/_build/include -I/usr/local/include -I/usr/include -I/home/ubuntu/miniconda/envs/_build/include/python2.7 -c libImaging/Convert.c -o build/temp.linux-x86_64-2.7/libImaging/Convert.o
    gcc -pthread -fno-strict-aliasing -g -O2 -DNDEBUG -g -fwrapv -O3 -Wall -Wstrict-prototypes -fPIC -DHAVE_LIBZ -I/tmp/pip-build-5XLr9S/Pillow/libImaging -I/home/ubuntu/miniconda/envs/_build/include -I/usr/local/include -I/usr/include -I/home/ubuntu/miniconda/envs/_build/include/python2.7 -c libImaging/ConvertYCbCr.c -o build/temp.linux-x86_64-2.7/libImaging/ConvertYCbCr.o
    gcc -pthread -fno-strict-aliasing -g -O2 -DNDEBUG -g -fwrapv -O3 -Wall -Wstrict-prototypes -fPIC -DHAVE_LIBZ -I/tmp/pip-build-5XLr9S/Pillow/libImaging -I/home/ubuntu/miniconda/envs/_build/include -I/usr/local/include -I/usr/include -I/home/ubuntu/miniconda/envs/_build/include/python2.7 -c libImaging/Copy.c -o build/temp.linux-x86_64-2.7/libImaging/Copy.o
    gcc -pthread -fno-strict-aliasing -g -O2 -DNDEBUG -g -fwrapv -O3 -Wall -Wstrict-prototypes -fPIC -DHAVE_LIBZ -I/tmp/pip-build-5XLr9S/Pillow/libImaging -I/home/ubuntu/miniconda/envs/_build/include -I/usr/local/include -I/usr/include -I/home/ubuntu/miniconda/envs/_build/include/python2.7 -c libImaging/Crc32.c -o build/temp.linux-x86_64-2.7/libImaging/Crc32.o
    gcc -pthread -fno-strict-aliasing -g -O2 -DNDEBUG -g -fwrapv -O3 -Wall -Wstrict-prototypes -fPIC -DHAVE_LIBZ -I/tmp/pip-build-5XLr9S/Pillow/libImaging -I/home/ubuntu/miniconda/envs/_build/include -I/usr/local/include -I/usr/include -I/home/ubuntu/miniconda/envs/_build/include/python2.7 -c libImaging/Crop.c -o build/temp.linux-x86_64-2.7/libImaging/Crop.o
    gcc -pthread -fno-strict-aliasing -g -O2 -DNDEBUG -g -fwrapv -O3 -Wall -Wstrict-prototypes -fPIC -DHAVE_LIBZ -I/tmp/pip-build-5XLr9S/Pillow/libImaging -I/home/ubuntu/miniconda/envs/_build/include -I/usr/local/include -I/usr/include -I/home/ubuntu/miniconda/envs/_build/include/python2.7 -c libImaging/Dib.c -o build/temp.linux-x86_64-2.7/libImaging/Dib.o
    gcc -pthread -fno-strict-aliasing -g -O2 -DNDEBUG -g -fwrapv -O3 -Wall -Wstrict-prototypes -fPIC -DHAVE_LIBZ -I/tmp/pip-build-5XLr9S/Pillow/libImaging -I/home/ubuntu/miniconda/envs/_build/include -I/usr/local/include -I/usr/include -I/home/ubuntu/miniconda/envs/_build/include/python2.7 -c libImaging/Draw.c -o build/temp.linux-x86_64-2.7/libImaging/Draw.o
    gcc -pthread -fno-strict-aliasing -g -O2 -DNDEBUG -g -fwrapv -O3 -Wall -Wstrict-prototypes -fPIC -DHAVE_LIBZ -I/tmp/pip-build-5XLr9S/Pillow/libImaging -I/home/ubuntu/miniconda/envs/_build/include -I/usr/local/include -I/usr/include -I/home/ubuntu/miniconda/envs/_build/include/python2.7 -c libImaging/Effects.c -o build/temp.linux-x86_64-2.7/libImaging/Effects.o
    gcc -pthread -fno-strict-aliasing -g -O2 -DNDEBUG -g -fwrapv -O3 -Wall -Wstrict-prototypes -fPIC -DHAVE_LIBZ -I/tmp/pip-build-5XLr9S/Pillow/libImaging -I/home/ubuntu/miniconda/envs/_build/include -I/usr/local/include -I/usr/include -I/home/ubuntu/miniconda/envs/_build/include/python2.7 -c libImaging/EpsEncode.c -o build/temp.linux-x86_64-2.7/libImaging/EpsEncode.o
    gcc -pthread -fno-strict-aliasing -g -O2 -DNDEBUG -g -fwrapv -O3 -Wall -Wstrict-prototypes -fPIC -DHAVE_LIBZ -I/tmp/pip-build-5XLr9S/Pillow/libImaging -I/home/ubuntu/miniconda/envs/_build/include -I/usr/local/include -I/usr/include -I/home/ubuntu/miniconda/envs/_build/include/python2.7 -c libImaging/File.c -o build/temp.linux-x86_64-2.7/libImaging/File.o
    gcc -pthread -fno-strict-aliasing -g -O2 -DNDEBUG -g -fwrapv -O3 -Wall -Wstrict-prototypes -fPIC -DHAVE_LIBZ -I/tmp/pip-build-5XLr9S/Pillow/libImaging -I/home/ubuntu/miniconda/envs/_build/include -I/usr/local/include -I/usr/include -I/home/ubuntu/miniconda/envs/_build/include/python2.7 -c libImaging/Fill.c -o build/temp.linux-x86_64-2.7/libImaging/Fill.o
    gcc -pthread -fno-strict-aliasing -g -O2 -DNDEBUG -g -fwrapv -O3 -Wall -Wstrict-prototypes -fPIC -DHAVE_LIBZ -I/tmp/pip-build-5XLr9S/Pillow/libImaging -I/home/ubuntu/miniconda/envs/_build/include -I/usr/local/include -I/usr/include -I/home/ubuntu/miniconda/envs/_build/include/python2.7 -c libImaging/Filter.c -o build/temp.linux-x86_64-2.7/libImaging/Filter.o
    gcc -pthread -fno-strict-aliasing -g -O2 -DNDEBUG -g -fwrapv -O3 -Wall -Wstrict-prototypes -fPIC -DHAVE_LIBZ -I/tmp/pip-build-5XLr9S/Pillow/libImaging -I/home/ubuntu/miniconda/envs/_build/include -I/usr/local/include -I/usr/include -I/home/ubuntu/miniconda/envs/_build/include/python2.7 -c libImaging/FliDecode.c -o build/temp.linux-x86_64-2.7/libImaging/FliDecode.o
    gcc -pthread -fno-strict-aliasing -g -O2 -DNDEBUG -g -fwrapv -O3 -Wall -Wstrict-prototypes -fPIC -DHAVE_LIBZ -I/tmp/pip-build-5XLr9S/Pillow/libImaging -I/home/ubuntu/miniconda/envs/_build/include -I/usr/local/include -I/usr/include -I/home/ubuntu/miniconda/envs/_build/include/python2.7 -c libImaging/Geometry.c -o build/temp.linux-x86_64-2.7/libImaging/Geometry.o
    gcc -pthread -fno-strict-aliasing -g -O2 -DNDEBUG -g -fwrapv -O3 -Wall -Wstrict-prototypes -fPIC -DHAVE_LIBZ -I/tmp/pip-build-5XLr9S/Pillow/libImaging -I/home/ubuntu/miniconda/envs/_build/include -I/usr/local/include -I/usr/include -I/home/ubuntu/miniconda/envs/_build/include/python2.7 -c libImaging/GetBBox.c -o build/temp.linux-x86_64-2.7/libImaging/GetBBox.o
    gcc -pthread -fno-strict-aliasing -g -O2 -DNDEBUG -g -fwrapv -O3 -Wall -Wstrict-prototypes -fPIC -DHAVE_LIBZ -I/tmp/pip-build-5XLr9S/Pillow/libImaging -I/home/ubuntu/miniconda/envs/_build/include -I/usr/local/include -I/usr/include -I/home/ubuntu/miniconda/envs/_build/include/python2.7 -c libImaging/GifDecode.c -o build/temp.linux-x86_64-2.7/libImaging/GifDecode.o
    gcc -pthread -fno-strict-aliasing -g -O2 -DNDEBUG -g -fwrapv -O3 -Wall -Wstrict-prototypes -fPIC -DHAVE_LIBZ -I/tmp/pip-build-5XLr9S/Pillow/libImaging -I/home/ubuntu/miniconda/envs/_build/include -I/usr/local/include -I/usr/include -I/home/ubuntu/miniconda/envs/_build/include/python2.7 -c libImaging/GifEncode.c -o build/temp.linux-x86_64-2.7/libImaging/GifEncode.o
    gcc -pthread -fno-strict-aliasing -g -O2 -DNDEBUG -g -fwrapv -O3 -Wall -Wstrict-prototypes -fPIC -DHAVE_LIBZ -I/tmp/pip-build-5XLr9S/Pillow/libImaging -I/home/ubuntu/miniconda/envs/_build/include -I/usr/local/include -I/usr/include -I/home/ubuntu/miniconda/envs/_build/include/python2.7 -c libImaging/HexDecode.c -o build/temp.linux-x86_64-2.7/libImaging/HexDecode.o
    gcc -pthread -fno-strict-aliasing -g -O2 -DNDEBUG -g -fwrapv -O3 -Wall -Wstrict-prototypes -fPIC -DHAVE_LIBZ -I/tmp/pip-build-5XLr9S/Pillow/libImaging -I/home/ubuntu/miniconda/envs/_build/include -I/usr/local/include -I/usr/include -I/home/ubuntu/miniconda/envs/_build/include/python2.7 -c libImaging/Histo.c -o build/temp.linux-x86_64-2.7/libImaging/Histo.o
    gcc -pthread -fno-strict-aliasing -g -O2 -DNDEBUG -g -fwrapv -O3 -Wall -Wstrict-prototypes -fPIC -DHAVE_LIBZ -I/tmp/pip-build-5XLr9S/Pillow/libImaging -I/home/ubuntu/miniconda/envs/_build/include -I/usr/local/include -I/usr/include -I/home/ubuntu/miniconda/envs/_build/include/python2.7 -c libImaging/JpegDecode.c -o build/temp.linux-x86_64-2.7/libImaging/JpegDecode.o
    gcc -pthread -fno-strict-aliasing -g -O2 -DNDEBUG -g -fwrapv -O3 -Wall -Wstrict-prototypes -fPIC -DHAVE_LIBZ -I/tmp/pip-build-5XLr9S/Pillow/libImaging -I/home/ubuntu/miniconda/envs/_build/include -I/usr/local/include -I/usr/include -I/home/ubuntu/miniconda/envs/_build/include/python2.7 -c libImaging/JpegEncode.c -o build/temp.linux-x86_64-2.7/libImaging/JpegEncode.o
    gcc -pthread -fno-strict-aliasing -g -O2 -DNDEBUG -g -fwrapv -O3 -Wall -Wstrict-prototypes -fPIC -DHAVE_LIBZ -I/tmp/pip-build-5XLr9S/Pillow/libImaging -I/home/ubuntu/miniconda/envs/_build/include -I/usr/local/include -I/usr/include -I/home/ubuntu/miniconda/envs/_build/include/python2.7 -c libImaging/LzwDecode.c -o build/temp.linux-x86_64-2.7/libImaging/LzwDecode.o
    gcc -pthread -fno-strict-aliasing -g -O2 -DNDEBUG -g -fwrapv -O3 -Wall -Wstrict-prototypes -fPIC -DHAVE_LIBZ -I/tmp/pip-build-5XLr9S/Pillow/libImaging -I/home/ubuntu/miniconda/envs/_build/include -I/usr/local/include -I/usr/include -I/home/ubuntu/miniconda/envs/_build/include/python2.7 -c libImaging/Matrix.c -o build/temp.linux-x86_64-2.7/libImaging/Matrix.o
    gcc -pthread -fno-strict-aliasing -g -O2 -DNDEBUG -g -fwrapv -O3 -Wall -Wstrict-prototypes -fPIC -DHAVE_LIBZ -I/tmp/pip-build-5XLr9S/Pillow/libImaging -I/home/ubuntu/miniconda/envs/_build/include -I/usr/local/include -I/usr/include -I/home/ubuntu/miniconda/envs/_build/include/python2.7 -c libImaging/ModeFilter.c -o build/temp.linux-x86_64-2.7/libImaging/ModeFilter.o
    gcc -pthread -fno-strict-aliasing -g -O2 -DNDEBUG -g -fwrapv -O3 -Wall -Wstrict-prototypes -fPIC -DHAVE_LIBZ -I/tmp/pip-build-5XLr9S/Pillow/libImaging -I/home/ubuntu/miniconda/envs/_build/include -I/usr/local/include -I/usr/include -I/home/ubuntu/miniconda/envs/_build/include/python2.7 -c libImaging/MspDecode.c -o build/temp.linux-x86_64-2.7/libImaging/MspDecode.o
    gcc -pthread -fno-strict-aliasing -g -O2 -DNDEBUG -g -fwrapv -O3 -Wall -Wstrict-prototypes -fPIC -DHAVE_LIBZ -I/tmp/pip-build-5XLr9S/Pillow/libImaging -I/home/ubuntu/miniconda/envs/_build/include -I/usr/local/include -I/usr/include -I/home/ubuntu/miniconda/envs/_build/include/python2.7 -c libImaging/Negative.c -o build/temp.linux-x86_64-2.7/libImaging/Negative.o
    gcc -pthread -fno-strict-aliasing -g -O2 -DNDEBUG -g -fwrapv -O3 -Wall -Wstrict-prototypes -fPIC -DHAVE_LIBZ -I/tmp/pip-build-5XLr9S/Pillow/libImaging -I/home/ubuntu/miniconda/envs/_build/include -I/usr/local/include -I/usr/include -I/home/ubuntu/miniconda/envs/_build/include/python2.7 -c libImaging/Offset.c -o build/temp.linux-x86_64-2.7/libImaging/Offset.o
    gcc -pthread -fno-strict-aliasing -g -O2 -DNDEBUG -g -fwrapv -O3 -Wall -Wstrict-prototypes -fPIC -DHAVE_LIBZ -I/tmp/pip-build-5XLr9S/Pillow/libImaging -I/home/ubuntu/miniconda/envs/_build/include -I/usr/local/include -I/usr/include -I/home/ubuntu/miniconda/envs/_build/include/python2.7 -c libImaging/Pack.c -o build/temp.linux-x86_64-2.7/libImaging/Pack.o
    gcc -pthread -fno-strict-aliasing -g -O2 -DNDEBUG -g -fwrapv -O3 -Wall -Wstrict-prototypes -fPIC -DHAVE_LIBZ -I/tmp/pip-build-5XLr9S/Pillow/libImaging -I/home/ubuntu/miniconda/envs/_build/include -I/usr/local/include -I/usr/include -I/home/ubuntu/miniconda/envs/_build/include/python2.7 -c libImaging/PackDecode.c -o build/temp.linux-x86_64-2.7/libImaging/PackDecode.o
    gcc -pthread -fno-strict-aliasing -g -O2 -DNDEBUG -g -fwrapv -O3 -Wall -Wstrict-prototypes -fPIC -DHAVE_LIBZ -I/tmp/pip-build-5XLr9S/Pillow/libImaging -I/home/ubuntu/miniconda/envs/_build/include -I/usr/local/include -I/usr/include -I/home/ubuntu/miniconda/envs/_build/include/python2.7 -c libImaging/Palette.c -o build/temp.linux-x86_64-2.7/libImaging/Palette.o
    gcc -pthread -fno-strict-aliasing -g -O2 -DNDEBUG -g -fwrapv -O3 -Wall -Wstrict-prototypes -fPIC -DHAVE_LIBZ -I/tmp/pip-build-5XLr9S/Pillow/libImaging -I/home/ubuntu/miniconda/envs/_build/include -I/usr/local/include -I/usr/include -I/home/ubuntu/miniconda/envs/_build/include/python2.7 -c libImaging/Paste.c -o build/temp.linux-x86_64-2.7/libImaging/Paste.o
    gcc -pthread -fno-strict-aliasing -g -O2 -DNDEBUG -g -fwrapv -O3 -Wall -Wstrict-prototypes -fPIC -DHAVE_LIBZ -I/tmp/pip-build-5XLr9S/Pillow/libImaging -I/home/ubuntu/miniconda/envs/_build/include -I/usr/local/include -I/usr/include -I/home/ubuntu/miniconda/envs/_build/include/python2.7 -c libImaging/Quant.c -o build/temp.linux-x86_64-2.7/libImaging/Quant.o
    gcc -pthread -fno-strict-aliasing -g -O2 -DNDEBUG -g -fwrapv -O3 -Wall -Wstrict-prototypes -fPIC -DHAVE_LIBZ -I/tmp/pip-build-5XLr9S/Pillow/libImaging -I/home/ubuntu/miniconda/envs/_build/include -I/usr/local/include -I/usr/include -I/home/ubuntu/miniconda/envs/_build/include/python2.7 -c libImaging/QuantOctree.c -o build/temp.linux-x86_64-2.7/libImaging/QuantOctree.o
    gcc -pthread -fno-strict-aliasing -g -O2 -DNDEBUG -g -fwrapv -O3 -Wall -Wstrict-prototypes -fPIC -DHAVE_LIBZ -I/tmp/pip-build-5XLr9S/Pillow/libImaging -I/home/ubuntu/miniconda/envs/_build/include -I/usr/local/include -I/usr/include -I/home/ubuntu/miniconda/envs/_build/include/python2.7 -c libImaging/QuantHash.c -o build/temp.linux-x86_64-2.7/libImaging/QuantHash.o
    gcc -pthread -fno-strict-aliasing -g -O2 -DNDEBUG -g -fwrapv -O3 -Wall -Wstrict-prototypes -fPIC -DHAVE_LIBZ -I/tmp/pip-build-5XLr9S/Pillow/libImaging -I/home/ubuntu/miniconda/envs/_build/include -I/usr/local/include -I/usr/include -I/home/ubuntu/miniconda/envs/_build/include/python2.7 -c libImaging/QuantHeap.c -o build/temp.linux-x86_64-2.7/libImaging/QuantHeap.o
    gcc -pthread -fno-strict-aliasing -g -O2 -DNDEBUG -g -fwrapv -O3 -Wall -Wstrict-prototypes -fPIC -DHAVE_LIBZ -I/tmp/pip-build-5XLr9S/Pillow/libImaging -I/home/ubuntu/miniconda/envs/_build/include -I/usr/local/include -I/usr/include -I/home/ubuntu/miniconda/envs/_build/include/python2.7 -c libImaging/PcdDecode.c -o build/temp.linux-x86_64-2.7/libImaging/PcdDecode.o
    gcc -pthread -fno-strict-aliasing -g -O2 -DNDEBUG -g -fwrapv -O3 -Wall -Wstrict-prototypes -fPIC -DHAVE_LIBZ -I/tmp/pip-build-5XLr9S/Pillow/libImaging -I/home/ubuntu/miniconda/envs/_build/include -I/usr/local/include -I/usr/include -I/home/ubuntu/miniconda/envs/_build/include/python2.7 -c libImaging/PcxDecode.c -o build/temp.linux-x86_64-2.7/libImaging/PcxDecode.o
    gcc -pthread -fno-strict-aliasing -g -O2 -DNDEBUG -g -fwrapv -O3 -Wall -Wstrict-prototypes -fPIC -DHAVE_LIBZ -I/tmp/pip-build-5XLr9S/Pillow/libImaging -I/home/ubuntu/miniconda/envs/_build/include -I/usr/local/include -I/usr/include -I/home/ubuntu/miniconda/envs/_build/include/python2.7 -c libImaging/PcxEncode.c -o build/temp.linux-x86_64-2.7/libImaging/PcxEncode.o
    gcc -pthread -fno-strict-aliasing -g -O2 -DNDEBUG -g -fwrapv -O3 -Wall -Wstrict-prototypes -fPIC -DHAVE_LIBZ -I/tmp/pip-build-5XLr9S/Pillow/libImaging -I/home/ubuntu/miniconda/envs/_build/include -I/usr/local/include -I/usr/include -I/home/ubuntu/miniconda/envs/_build/include/python2.7 -c libImaging/Point.c -o build/temp.linux-x86_64-2.7/libImaging/Point.o
    gcc -pthread -fno-strict-aliasing -g -O2 -DNDEBUG -g -fwrapv -O3 -Wall -Wstrict-prototypes -fPIC -DHAVE_LIBZ -I/tmp/pip-build-5XLr9S/Pillow/libImaging -I/home/ubuntu/miniconda/envs/_build/include -I/usr/local/include -I/usr/include -I/home/ubuntu/miniconda/envs/_build/include/python2.7 -c libImaging/RankFilter.c -o build/temp.linux-x86_64-2.7/libImaging/RankFilter.o
    gcc -pthread -fno-strict-aliasing -g -O2 -DNDEBUG -g -fwrapv -O3 -Wall -Wstrict-prototypes -fPIC -DHAVE_LIBZ -I/tmp/pip-build-5XLr9S/Pillow/libImaging -I/home/ubuntu/miniconda/envs/_build/include -I/usr/local/include -I/usr/include -I/home/ubuntu/miniconda/envs/_build/include/python2.7 -c libImaging/RawDecode.c -o build/temp.linux-x86_64-2.7/libImaging/RawDecode.o
    gcc -pthread -fno-strict-aliasing -g -O2 -DNDEBUG -g -fwrapv -O3 -Wall -Wstrict-prototypes -fPIC -DHAVE_LIBZ -I/tmp/pip-build-5XLr9S/Pillow/libImaging -I/home/ubuntu/miniconda/envs/_build/include -I/usr/local/include -I/usr/include -I/home/ubuntu/miniconda/envs/_build/include/python2.7 -c libImaging/RawEncode.c -o build/temp.linux-x86_64-2.7/libImaging/RawEncode.o
    gcc -pthread -fno-strict-aliasing -g -O2 -DNDEBUG -g -fwrapv -O3 -Wall -Wstrict-prototypes -fPIC -DHAVE_LIBZ -I/tmp/pip-build-5XLr9S/Pillow/libImaging -I/home/ubuntu/miniconda/envs/_build/include -I/usr/local/include -I/usr/include -I/home/ubuntu/miniconda/envs/_build/include/python2.7 -c libImaging/Storage.c -o build/temp.linux-x86_64-2.7/libImaging/Storage.o
    gcc -pthread -fno-strict-aliasing -g -O2 -DNDEBUG -g -fwrapv -O3 -Wall -Wstrict-prototypes -fPIC -DHAVE_LIBZ -I/tmp/pip-build-5XLr9S/Pillow/libImaging -I/home/ubuntu/miniconda/envs/_build/include -I/usr/local/include -I/usr/include -I/home/ubuntu/miniconda/envs/_build/include/python2.7 -c libImaging/SunRleDecode.c -o build/temp.linux-x86_64-2.7/libImaging/SunRleDecode.o
    gcc -pthread -fno-strict-aliasing -g -O2 -DNDEBUG -g -fwrapv -O3 -Wall -Wstrict-prototypes -fPIC -DHAVE_LIBZ -I/tmp/pip-build-5XLr9S/Pillow/libImaging -I/home/ubuntu/miniconda/envs/_build/include -I/usr/local/include -I/usr/include -I/home/ubuntu/miniconda/envs/_build/include/python2.7 -c libImaging/TgaRleDecode.c -o build/temp.linux-x86_64-2.7/libImaging/TgaRleDecode.o
    gcc -pthread -fno-strict-aliasing -g -O2 -DNDEBUG -g -fwrapv -O3 -Wall -Wstrict-prototypes -fPIC -DHAVE_LIBZ -I/tmp/pip-build-5XLr9S/Pillow/libImaging -I/home/ubuntu/miniconda/envs/_build/include -I/usr/local/include -I/usr/include -I/home/ubuntu/miniconda/envs/_build/include/python2.7 -c libImaging/Unpack.c -o build/temp.linux-x86_64-2.7/libImaging/Unpack.o
    gcc -pthread -fno-strict-aliasing -g -O2 -DNDEBUG -g -fwrapv -O3 -Wall -Wstrict-prototypes -fPIC -DHAVE_LIBZ -I/tmp/pip-build-5XLr9S/Pillow/libImaging -I/home/ubuntu/miniconda/envs/_build/include -I/usr/local/include -I/usr/include -I/home/ubuntu/miniconda/envs/_build/include/python2.7 -c libImaging/UnpackYCC.c -o build/temp.linux-x86_64-2.7/libImaging/UnpackYCC.o
    gcc -pthread -fno-strict-aliasing -g -O2 -DNDEBUG -g -fwrapv -O3 -Wall -Wstrict-prototypes -fPIC -DHAVE_LIBZ -I/tmp/pip-build-5XLr9S/Pillow/libImaging -I/home/ubuntu/miniconda/envs/_build/include -I/usr/local/include -I/usr/include -I/home/ubuntu/miniconda/envs/_build/include/python2.7 -c libImaging/UnsharpMask.c -o build/temp.linux-x86_64-2.7/libImaging/UnsharpMask.o
    gcc -pthread -fno-strict-aliasing -g -O2 -DNDEBUG -g -fwrapv -O3 -Wall -Wstrict-prototypes -fPIC -DHAVE_LIBZ -I/tmp/pip-build-5XLr9S/Pillow/libImaging -I/home/ubuntu/miniconda/envs/_build/include -I/usr/local/include -I/usr/include -I/home/ubuntu/miniconda/envs/_build/include/python2.7 -c libImaging/XbmDecode.c -o build/temp.linux-x86_64-2.7/libImaging/XbmDecode.o
    gcc -pthread -fno-strict-aliasing -g -O2 -DNDEBUG -g -fwrapv -O3 -Wall -Wstrict-prototypes -fPIC -DHAVE_LIBZ -I/tmp/pip-build-5XLr9S/Pillow/libImaging -I/home/ubuntu/miniconda/envs/_build/include -I/usr/local/include -I/usr/include -I/home/ubuntu/miniconda/envs/_build/include/python2.7 -c libImaging/XbmEncode.c -o build/temp.linux-x86_64-2.7/libImaging/XbmEncode.o
    gcc -pthread -fno-strict-aliasing -g -O2 -DNDEBUG -g -fwrapv -O3 -Wall -Wstrict-prototypes -fPIC -DHAVE_LIBZ -I/tmp/pip-build-5XLr9S/Pillow/libImaging -I/home/ubuntu/miniconda/envs/_build/include -I/usr/local/include -I/usr/include -I/home/ubuntu/miniconda/envs/_build/include/python2.7 -c libImaging/ZipDecode.c -o build/temp.linux-x86_64-2.7/libImaging/ZipDecode.o
    gcc -pthread -fno-strict-aliasing -g -O2 -DNDEBUG -g -fwrapv -O3 -Wall -Wstrict-prototypes -fPIC -DHAVE_LIBZ -I/tmp/pip-build-5XLr9S/Pillow/libImaging -I/home/ubuntu/miniconda/envs/_build/include -I/usr/local/include -I/usr/include -I/home/ubuntu/miniconda/envs/_build/include/python2.7 -c libImaging/ZipEncode.c -o build/temp.linux-x86_64-2.7/libImaging/ZipEncode.o
    gcc -pthread -fno-strict-aliasing -g -O2 -DNDEBUG -g -fwrapv -O3 -Wall -Wstrict-prototypes -fPIC -DHAVE_LIBZ -I/tmp/pip-build-5XLr9S/Pillow/libImaging -I/home/ubuntu/miniconda/envs/_build/include -I/usr/local/include -I/usr/include -I/home/ubuntu/miniconda/envs/_build/include/python2.7 -c libImaging/TiffDecode.c -o build/temp.linux-x86_64-2.7/libImaging/TiffDecode.o
    gcc -pthread -fno-strict-aliasing -g -O2 -DNDEBUG -g -fwrapv -O3 -Wall -Wstrict-prototypes -fPIC -DHAVE_LIBZ -I/tmp/pip-build-5XLr9S/Pillow/libImaging -I/home/ubuntu/miniconda/envs/_build/include -I/usr/local/include -I/usr/include -I/home/ubuntu/miniconda/envs/_build/include/python2.7 -c libImaging/Incremental.c -o build/temp.linux-x86_64-2.7/libImaging/Incremental.o
    gcc -pthread -fno-strict-aliasing -g -O2 -DNDEBUG -g -fwrapv -O3 -Wall -Wstrict-prototypes -fPIC -DHAVE_LIBZ -I/tmp/pip-build-5XLr9S/Pillow/libImaging -I/home/ubuntu/miniconda/envs/_build/include -I/usr/local/include -I/usr/include -I/home/ubuntu/miniconda/envs/_build/include/python2.7 -c libImaging/Jpeg2KDecode.c -o build/temp.linux-x86_64-2.7/libImaging/Jpeg2KDecode.o
    gcc -pthread -fno-strict-aliasing -g -O2 -DNDEBUG -g -fwrapv -O3 -Wall -Wstrict-prototypes -fPIC -DHAVE_LIBZ -I/tmp/pip-build-5XLr9S/Pillow/libImaging -I/home/ubuntu/miniconda/envs/_build/include -I/usr/local/include -I/usr/include -I/home/ubuntu/miniconda/envs/_build/include/python2.7 -c libImaging/Jpeg2KEncode.c -o build/temp.linux-x86_64-2.7/libImaging/Jpeg2KEncode.o
    gcc -pthread -fno-strict-aliasing -g -O2 -DNDEBUG -g -fwrapv -O3 -Wall -Wstrict-prototypes -fPIC -DHAVE_LIBZ -I/tmp/pip-build-5XLr9S/Pillow/libImaging -I/home/ubuntu/miniconda/envs/_build/include -I/usr/local/include -I/usr/include -I/home/ubuntu/miniconda/envs/_build/include/python2.7 -c libImaging/BoxBlur.c -o build/temp.linux-x86_64-2.7/libImaging/BoxBlur.o
    gcc -pthread -shared -L/home/ubuntu/miniconda/envs/_build/lib -Wl,-rpath=/home/ubuntu/miniconda/envs/_build/lib,--no-as-needed build/temp.linux-x86_64-2.7/_imaging.o build/temp.linux-x86_64-2.7/decode.o build/temp.linux-x86_64-2.7/encode.o build/temp.linux-x86_64-2.7/map.o build/temp.linux-x86_64-2.7/display.o build/temp.linux-x86_64-2.7/outline.o build/temp.linux-x86_64-2.7/path.o build/temp.linux-x86_64-2.7/libImaging/Access.o build/temp.linux-x86_64-2.7/libImaging/AlphaComposite.o build/temp.linux-x86_64-2.7/libImaging/Resample.o build/temp.linux-x86_64-2.7/libImaging/Bands.o build/temp.linux-x86_64-2.7/libImaging/BitDecode.o build/temp.linux-x86_64-2.7/libImaging/Blend.o build/temp.linux-x86_64-2.7/libImaging/Chops.o build/temp.linux-x86_64-2.7/libImaging/Convert.o build/temp.linux-x86_64-2.7/libImaging/ConvertYCbCr.o build/temp.linux-x86_64-2.7/libImaging/Copy.o build/temp.linux-x86_64-2.7/libImaging/Crc32.o build/temp.linux-x86_64-2.7/libImaging/Crop.o build/temp.linux-x86_64-2.7/libImaging/Dib.o build/temp.linux-x86_64-2.7/libImaging/Draw.o build/temp.linux-x86_64-2.7/libImaging/Effects.o build/temp.linux-x86_64-2.7/libImaging/EpsEncode.o build/temp.linux-x86_64-2.7/libImaging/File.o build/temp.linux-x86_64-2.7/libImaging/Fill.o build/temp.linux-x86_64-2.7/libImaging/Filter.o build/temp.linux-x86_64-2.7/libImaging/FliDecode.o build/temp.linux-x86_64-2.7/libImaging/Geometry.o build/temp.linux-x86_64-2.7/libImaging/GetBBox.o build/temp.linux-x86_64-2.7/libImaging/GifDecode.o build/temp.linux-x86_64-2.7/libImaging/GifEncode.o build/temp.linux-x86_64-2.7/libImaging/HexDecode.o build/temp.linux-x86_64-2.7/libImaging/Histo.o build/temp.linux-x86_64-2.7/libImaging/JpegDecode.o build/temp.linux-x86_64-2.7/libImaging/JpegEncode.o build/temp.linux-x86_64-2.7/libImaging/LzwDecode.o build/temp.linux-x86_64-2.7/libImaging/Matrix.o build/temp.linux-x86_64-2.7/libImaging/ModeFilter.o build/temp.linux-x86_64-2.7/libImaging/MspDecode.o build/temp.linux-x86_64-2.7/libImaging/Negative.o build/temp.linux-x86_64-2.7/libImaging/Offset.o build/temp.linux-x86_64-2.7/libImaging/Pack.o build/temp.linux-x86_64-2.7/libImaging/PackDecode.o build/temp.linux-x86_64-2.7/libImaging/Palette.o build/temp.linux-x86_64-2.7/libImaging/Paste.o build/temp.linux-x86_64-2.7/libImaging/Quant.o build/temp.linux-x86_64-2.7/libImaging/QuantOctree.o build/temp.linux-x86_64-2.7/libImaging/QuantHash.o build/temp.linux-x86_64-2.7/libImaging/QuantHeap.o build/temp.linux-x86_64-2.7/libImaging/PcdDecode.o build/temp.linux-x86_64-2.7/libImaging/PcxDecode.o build/temp.linux-x86_64-2.7/libImaging/PcxEncode.o build/temp.linux-x86_64-2.7/libImaging/Point.o build/temp.linux-x86_64-2.7/libImaging/RankFilter.o build/temp.linux-x86_64-2.7/libImaging/RawDecode.o build/temp.linux-x86_64-2.7/libImaging/RawEncode.o build/temp.linux-x86_64-2.7/libImaging/Storage.o build/temp.linux-x86_64-2.7/libImaging/SunRleDecode.o build/temp.linux-x86_64-2.7/libImaging/TgaRleDecode.o build/temp.linux-x86_64-2.7/libImaging/Unpack.o build/temp.linux-x86_64-2.7/libImaging/UnpackYCC.o build/temp.linux-x86_64-2.7/libImaging/UnsharpMask.o build/temp.linux-x86_64-2.7/libImaging/XbmDecode.o build/temp.linux-x86_64-2.7/libImaging/XbmEncode.o build/temp.linux-x86_64-2.7/libImaging/ZipDecode.o build/temp.linux-x86_64-2.7/libImaging/ZipEncode.o build/temp.linux-x86_64-2.7/libImaging/TiffDecode.o build/temp.linux-x86_64-2.7/libImaging/Incremental.o build/temp.linux-x86_64-2.7/libImaging/Jpeg2KDecode.o build/temp.linux-x86_64-2.7/libImaging/Jpeg2KEncode.o build/temp.linux-x86_64-2.7/libImaging/BoxBlur.o -L/home/ubuntu/miniconda/envs/_build/lib -L/lib64 -L/usr/lib/x86_64-linux-gnu -L/usr/local/lib -L/usr/lib -L/home/ubuntu/miniconda/envs/_build/lib -lz -lpython2.7 -o build/lib.linux-x86_64-2.7/PIL/_imaging.so
    building 'PIL._imagingtk' extension
    creating build/temp.linux-x86_64-2.7/Tk
    gcc -pthread -fno-strict-aliasing -g -O2 -DNDEBUG -g -fwrapv -O3 -Wall -Wstrict-prototypes -fPIC -I/tmp/pip-build-5XLr9S/Pillow/libImaging -I/home/ubuntu/miniconda/envs/_build/include -I/usr/local/include -I/usr/include -I/home/ubuntu/miniconda/envs/_build/include/python2.7 -c _imagingtk.c -o build/temp.linux-x86_64-2.7/_imagingtk.o
    In file included from _imagingtk.c:19:0:
    /home/ubuntu/miniconda/envs/_build/include/tk.h:80:25: fatal error: X11/Xlib.h: No such file or directory
     #   include <X11/Xlib.h>
                             ^
    compilation terminated.
    error: command 'gcc' failed with exit status 1
    
    ----------------------------------------
Command "/home/ubuntu/miniconda/envs/_build/bin/python -c "import setuptools, tokenize;__file__='/tmp/pip-build-5XLr9S/Pillow/setup.py';exec(compile(getattr(tokenize, 'open', open)(__file__).read().replace('\r\n', '\n'), __file__, 'exec'))" install --record /tmp/pip-xpvdvn-record/install-record.txt --single-version-externally-managed --compile" failed with error code 1 in /tmp/pip-build-5XLr9S/Pillow

The following NEW packages will be INSTALLED:

    openssl:    1.0.1k-1    
    pip:        7.0.3-py27_0
    python:     2.7.10-0    
    readline:   6.2-2       
    setuptools: 17.0-py27_0 
    sqlite:     3.8.4.1-1   
    system:     5.8-2       
    tk:         8.5.18-0    
    zlib:       1.2.8-0     

Linking packages ...
[                    ]|                                                  |   0%[openssl             ]|                                                  |   0%[readline            ]|#####                                             |  11%[sqlite              ]|###########                                       |  22%[system              ]|################                                  |  33%[tk                  ]|######################                            |  44%[zlib                ]|###########################                       |  55%[python              ]|#################################                 |  66%[setuptools          ]|######################################            |  77%[pip                 ]|############################################      |  88%[      COMPLETE      ]|##################################################| 100%
Removing old work directory
Copying /home/ubuntu/pypi-conda-builds/pillow to /home/ubuntu/miniconda/conda-bld/work
Package: pillow-2.8.2-py27_0
source tree in: /home/ubuntu/miniconda/conda-bld/work
Command failed: /bin/bash -x -e /home/ubuntu/pypi-conda-builds/pillow/build.sh
Creating standard recipe for pillow-2.8.2
Converting recipe in /home/ubuntu/pypi-conda-builds/pillow
package = Pillow
   dependencies = []
Building conda package for pillow
