Warning, the following versions were found for pisa
3.0.33
3.0.32
3.0.31
3.0.30
3.0.29
3.0.28
3.0.27
3.0.26
3.0.25
3.0.24
3.0.23
3.0.22
3.0.21
3.0.20
3.0.19
3.0.18
3.0.17
3.0.16
3.0.15
3.0.14
3.0.13
3.0.12
3.0.11
3.0.10
3.0.9
Using 3.0.33
Use --version to specify a different version.
Using url https://pypi.python.org/packages/source/p/pisa/pisa-3.0.33.tar.gz (4.3 MB) for pisa.
Downloading pisa (use --no-download to skip this step)
Using cached download
Unpacking pisa...
done
working in /tmp/tmplzGE99conda_skeleton_pisa-3.0.33.tar.gz
Fetching package metadata: ......
Solving package specifications: .patching file core.py
Hunk #1 succeeded at 168 with fuzz 2 (offset 2 lines).

The following NEW packages will be INSTALLED:

    numpy:  1.9.2-py27_0
    pyyaml: 3.11-py27_0 

Linking packages ...
[                    ]|                                                  |   0%[numpy               ]|                                                  |   0%[pyyaml              ]|#########################                         |  50%[      COMPLETE      ]|##################################################| 100%
Applying patch: '/tmp/tmplzGE99conda_skeleton_pisa-3.0.33.tar.gz/pypi-distutils.patch'
Writing recipe for pisa
Done
