Warning, the following versions were found for pkgconfig
1.1.0
1.0.0
0.1.0
0.0.1dev
Using 1.1.0
Use --version to specify a different version.
Using url https://pypi.python.org/packages/source/p/pkgconfig/pkgconfig-1.1.0.tar.gz (4 KB) for pkgconfig.
Downloading pkgconfig (use --no-download to skip this step)
Using cached download
Unpacking pkgconfig...
done
working in /tmp/tmpDsKpz5conda_skeleton_pkgconfig-1.1.0.tar.gz
Fetching package metadata: ......
Solving package specifications: .patching file core.py
Hunk #1 succeeded at 168 with fuzz 2 (offset 2 lines).
Traceback (most recent call last):
  File "setup.py", line 1, in <module>
    from setuptools import setup
ImportError: No module named setuptools

Applying patch: '/tmp/tmpDsKpz5conda_skeleton_pkgconfig-1.1.0.tar.gz/pypi-distutils.patch'
$PYTHONPATH = /tmp/tmpDsKpz5conda_skeleton_pkgconfig-1.1.0.tar.gz/pkgconfig-1.1.0
Error: command failed: /home/ubuntu/miniconda/envs/_build/bin/python setup.py install
