Warning, the following versions were found for plotly
1.6.17
1.6.16
1.6.15
1.6.14
1.6.13
1.6.12
1.6.11
1.6.10
1.6.9
1.6.8
1.6.7
1.6.6
1.6.4
1.5.0
1.4.14
1.4.13
1.4.12
1.4.11
1.4.10
1.4.9
1.4.7
1.4.5
1.4.4
1.4.3
1.4.2
1.4.1
1.4.0
1.3.2
1.3.1
1.3.0
1.2.9
1.2.8
1.2.7
1.2.6
1.2.4
1.2.3
1.2.2
1.2.1
1.2.0
1.1.4
1.1.3
1.1.2
1.1.1
1.1.0
1.0.34
1.0.33
1.0.32
1.0.31
1.0.30
1.0.29
1.0.28
1.0.27
1.0.26
1.0.25
1.0.24
1.0.23
1.0.22
1.0.21
1.0.20
1.0.19
1.0.18
1.0.17
1.0.16
1.0.15
1.0.14
1.0.13
1.0.12
1.0.11
1.0.10
1.0.9
1.0.8
1.0.7
1.0.6
1.0.5
1.0.4
1.0.3
1.0.2
1.0.1
1.0.0
0.5.13
0.5.12
0.5.11
0.5.10
0.5.9
0.5.8
0.5.7
0.5.6
0.5.5
0.5.4
0.5.3
0.5.2
0.5.1
0.5
0.4
0.3
0.2
Using 1.6.17
Use --version to specify a different version.
Using url https://pypi.python.org/packages/source/p/plotly/plotly-1.6.17.tar.gz (101 KB) for plotly.
Downloading plotly (use --no-download to skip this step)
Unpacking plotly...
done
working in /tmp/tmp132iqyconda_skeleton_plotly-1.6.17.tar.gz
Fetching package metadata: ......
Solving package specifications: .patching file core.py
Hunk #1 succeeded at 168 with fuzz 2 (offset 2 lines).
Traceback (most recent call last):
  File "setup.py", line 1, in <module>
    from setuptools import setup
ImportError: No module named setuptools

The following NEW packages will be INSTALLED:

    numpy:  1.9.2-py27_0
    pyyaml: 3.11-py27_0 

Linking packages ...
[                    ]|                                                  |   0%[numpy               ]|                                                  |   0%[pyyaml              ]|#########################                         |  50%[      COMPLETE      ]|##################################################| 100%
Applying patch: '/tmp/tmp132iqyconda_skeleton_plotly-1.6.17.tar.gz/pypi-distutils.patch'
$PYTHONPATH = /tmp/tmp132iqyconda_skeleton_plotly-1.6.17.tar.gz/plotly-1.6.17
Error: command failed: /home/ubuntu/miniconda/envs/_build/bin/python setup.py install
