Warning, the following versions were found for pockets
0.2.4
0.2.3
0.2.2
0.2.1
0.2
0.1
Using 0.2.4
Use --version to specify a different version.
Using url https://pypi.python.org/packages/source/p/pockets/pockets-0.2.4.tar.gz (20 KB) for pockets.
Downloading pockets (use --no-download to skip this step)
Using cached download
Unpacking pockets...
done
working in /tmp/tmpPsDyzfconda_skeleton_pockets-0.2.4.tar.gz
Fetching package metadata: ......
Solving package specifications: .patching file core.py
Hunk #1 succeeded at 168 with fuzz 2 (offset 2 lines).
Traceback (most recent call last):
  File "setup.py", line 8, in <module>
    from setuptools import setup, find_packages
ImportError: No module named setuptools

Applying patch: '/tmp/tmpPsDyzfconda_skeleton_pockets-0.2.4.tar.gz/pypi-distutils.patch'
$PYTHONPATH = /tmp/tmpPsDyzfconda_skeleton_pockets-0.2.4.tar.gz/pockets-0.2.4
Error: command failed: /home/ubuntu/miniconda/envs/_build/bin/python setup.py install
