Warning, the following versions were found for polib
1.0.6
1.0.5
1.0.4
1.0.3
1.0.2
1.0.1
1.0.0
0.7.0
0.6.4
0.6.3
0.6.2
0.6.1
0.6.0
0.5.5
0.5.4
0.5.3
0.5.2
0.5.1
0.5.0
0.4.2
0.4.1
0.4.0
0.3.1
0.3.0
0.1.0
Using 1.0.6
Use --version to specify a different version.
Using url https://pypi.python.org/packages/source/p/polib/polib-1.0.6.tar.gz (152 KB) for polib.
Downloading polib (use --no-download to skip this step)
Using cached download
Unpacking polib...
done
working in /tmp/tmpYue30oconda_skeleton_polib-1.0.6.tar.gz
Fetching package metadata: ......
Solving package specifications: .patching file core.py
Hunk #1 succeeded at 168 with fuzz 2 (offset 2 lines).

Applying patch: '/tmp/tmpYue30oconda_skeleton_polib-1.0.6.tar.gz/pypi-distutils.patch'
Writing recipe for polib
Done
