Warning, the following versions were found for posix_ipc
1.0.0
0.9.9
0.9.8
0.9.7
0.9.6
0.9.5
0.9.4
0.9.3
0.9.2
0.9.0
0.8.1
0.8.0
0.7.0
0.6.2
0.6.1
0.6
0.5.5
0.5.4
0.5.3
0.5.1
0.5
Using 1.0.0
Use --version to specify a different version.
Using url https://pypi.python.org/packages/source/p/posix_ipc/posix_ipc-1.0.0.tar.gz (73 KB) for posix_ipc.
Downloading posix_ipc (use --no-download to skip this step)
Using cached download
Unpacking posix_ipc...
done
working in /tmp/tmp6etTBjconda_skeleton_posix_ipc-1.0.0.tar.gz
Fetching package metadata: ......
Solving package specifications: .patching file core.py
Hunk #1 succeeded at 168 with fuzz 2 (offset 2 lines).

Applying patch: '/tmp/tmp6etTBjconda_skeleton_posix_ipc-1.0.0.tar.gz/pypi-distutils.patch'
Writing recipe for posix_ipc
Done
