Warning, the following versions were found for poster
0.8.1
0.8.0
0.7.0
0.6.0
0.5
0.4
0.3
0.2
0.1
Using 0.8.1
Use --version to specify a different version.
Using url https://pypi.python.org/packages/source/p/poster/poster-0.8.1.tar.gz (12 KB) for poster.
Downloading poster (use --no-download to skip this step)
Using cached download
Unpacking poster...
done
working in /tmp/tmpikku6fconda_skeleton_poster-0.8.1.tar.gz
Fetching package metadata: ......
Solving package specifications: .patching file core.py
Hunk #1 succeeded at 168 with fuzz 2 (offset 2 lines).
Traceback (most recent call last):
  File "setup.py", line 1, in <module>
    from setuptools import setup, find_packages
ImportError: No module named setuptools

The following NEW packages will be INSTALLED:

    numpy:  1.9.2-py27_0
    pyyaml: 3.11-py27_0 

Linking packages ...
[                    ]|                                                  |   0%[numpy               ]|                                                  |   0%[pyyaml              ]|#########################                         |  50%[      COMPLETE      ]|##################################################| 100%
Applying patch: '/tmp/tmpikku6fconda_skeleton_poster-0.8.1.tar.gz/pypi-distutils.patch'
$PYTHONPATH = /tmp/tmpikku6fconda_skeleton_poster-0.8.1.tar.gz/poster-0.8.1
Error: command failed: /home/ubuntu/miniconda/envs/_build/bin/python setup.py install
