Warning, the following versions were found for premailer
2.9.2
2.9.1
2.9.0
2.8.4
2.8.3
2.8.2
2.8.1
2.8.0
2.7.0
2.6.0
2.5.1
2.5.0
2.1.4
2.1.3
2.1.2
2.1.1
2.1.0
2.0.2
2.0.1
2.0.0
1.13
1.12
1.11
1.10
1.9
1.8
1.7
1.5.0
1.5
1.4.1
1.4.0
1.4
1.3
1.3.0
1.2.3
1.2.2
1.2.1
1.2
1.2.0
1.1
1.0
Using 2.9.2
Use --version to specify a different version.
Using url https://pypi.python.org/packages/source/p/premailer/premailer-2.9.2.tar.gz (16 KB) for premailer.
Downloading premailer (use --no-download to skip this step)
Unpacking premailer...
done
working in /tmp/tmpTFSVd0conda_skeleton_premailer-2.9.2.tar.gz
Fetching package metadata: ......
Solving package specifications: .patching file core.py
Hunk #1 succeeded at 168 with fuzz 2 (offset 2 lines).
Traceback (most recent call last):
  File "setup.py", line 13, in <module>
    from setuptools import setup, find_packages
ImportError: No module named setuptools

Applying patch: '/tmp/tmpTFSVd0conda_skeleton_premailer-2.9.2.tar.gz/pypi-distutils.patch'
$PYTHONPATH = /tmp/tmpTFSVd0conda_skeleton_premailer-2.9.2.tar.gz/premailer-2.9.2
Error: command failed: /home/ubuntu/miniconda/envs/_build/bin/python setup.py install
