Warning, the following versions were found for ProDy
1.6.1
1.5.1
1.5.0
1.4.10
1.4.9
1.4.8
1.4.7
1.4.6
1.4.5
1.4.4
1.4.3
1.4.2
1.4.1
1.4
1.3.1
1.3
1.2.1
1.2
1.1
1.0.4
1.0.3
1.0.2
1.0.1
1.0
0.9.4
0.9.3
0.9.2
0.9.1
0.9
0.8.3
Using 1.6.1
Use --version to specify a different version.
Using url https://pypi.python.org/packages/source/P/ProDy/ProDy-1.6.1b.tar.gz (846 KB) for ProDy.
Downloading ProDy (use --no-download to skip this step)
Unpacking ProDy...
done
working in /tmp/tmpJMlKz8conda_skeleton_ProDy-1.6.1b.tar.gz
Fetching package metadata: ......
Solving package specifications: .patching file core.py
Hunk #1 succeeded at 168 with fuzz 2 (offset 2 lines).

Applying patch: '/tmp/tmpJMlKz8conda_skeleton_ProDy-1.6.1b.tar.gz/pypi-distutils.patch'
Writing recipe for prody
Done
