Warning, the following versions were found for prompt_toolkit
0.39
0.38
0.37
0.36
0.35
0.34
0.33
0.32
0.31
0.30
0.28
0.26
0.25
0.23
0.22
0.21
0.20
0.19
0.18
0.17
0.16
0.15
0.14
0.13
0.12
0.11
0.10
0.9
0.8
0.6
0.5
0.4
0.3
0.2
0.1
Using 0.39
Use --version to specify a different version.
Using url https://pypi.python.org/packages/source/p/prompt_toolkit/prompt_toolkit-0.39.tar.gz (114 KB) for prompt_toolkit.
Downloading prompt_toolkit (use --no-download to skip this step)
Unpacking prompt_toolkit...
done
working in /tmp/tmprnv6OKconda_skeleton_prompt_toolkit-0.39.tar.gz
Fetching package metadata: ......
Solving package specifications: .patching file core.py
Hunk #1 succeeded at 168 with fuzz 2 (offset 2 lines).
Traceback (most recent call last):
  File "setup.py", line 3, in <module>
    from setuptools import setup, find_packages
ImportError: No module named setuptools

Applying patch: '/tmp/tmprnv6OKconda_skeleton_prompt_toolkit-0.39.tar.gz/pypi-distutils.patch'
$PYTHONPATH = /tmp/tmprnv6OKconda_skeleton_prompt_toolkit-0.39.tar.gz/prompt_toolkit-0.39
Error: command failed: /home/ubuntu/miniconda/envs/_build/bin/python setup.py install
