Removing old build directory
Removing old work directory
BUILD START: protobuf-3.0.0a3-py_0
Fetching package metadata: ......
Solving package specifications: .+ pip install protobuf
Collecting protobuf
  Downloading http://localhost/packages/source/p/protobuf/protobuf-2.6.1.tar.gz (188kB)
    Complete output from command python setup.py egg_info:
    Traceback (most recent call last):
      File "<string>", line 20, in <module>
      File "/tmp/pip-build-zpFlsP/protobuf/setup.py", line 200, in <module>
        "Protocol Buffers are Google's data interchange format.",
      File "/home/ubuntu/miniconda/envs/_build/lib/python2.7/distutils/core.py", line 111, in setup
        _setup_distribution = dist = klass(attrs)
      File "/home/ubuntu/miniconda/envs/_build/lib/python2.7/site-packages/setuptools-17.0-py2.7.egg/setuptools/dist.py", line 268, in __init__
      File "/home/ubuntu/miniconda/envs/_build/lib/python2.7/site-packages/setuptools-17.0-py2.7.egg/setuptools/dist.py", line 313, in fetch_build_eggs
      File "/home/ubuntu/miniconda/envs/_build/lib/python2.7/site-packages/setuptools-17.0-py2.7.egg/pkg_resources/__init__.py", line 830, in resolve
      File "/home/ubuntu/miniconda/envs/_build/lib/python2.7/site-packages/setuptools-17.0-py2.7.egg/pkg_resources/__init__.py", line 1075, in best_match
      File "/home/ubuntu/miniconda/envs/_build/lib/python2.7/site-packages/setuptools-17.0-py2.7.egg/pkg_resources/__init__.py", line 1087, in obtain
      File "/home/ubuntu/miniconda/envs/_build/lib/python2.7/site-packages/setuptools-17.0-py2.7.egg/setuptools/dist.py", line 380, in fetch_build_egg
      File "/home/ubuntu/miniconda/envs/_build/lib/python2.7/site-packages/setuptools-17.0-py2.7.egg/setuptools/command/easy_install.py", line 617, in easy_install
      File "/home/ubuntu/miniconda/envs/_build/lib/python2.7/site-packages/setuptools-17.0-py2.7.egg/setuptools/package_index.py", line 594, in fetch_distribution
      File "/home/ubuntu/miniconda/envs/_build/lib/python2.7/site-packages/setuptools-17.0-py2.7.egg/setuptools/package_index.py", line 431, in find_packages
      File "/home/ubuntu/miniconda/envs/_build/lib/python2.7/site-packages/setuptools-17.0-py2.7.egg/setuptools/package_index.py", line 765, in scan_url
      File "/home/ubuntu/miniconda/envs/_build/lib/python2.7/site-packages/setuptools-17.0-py2.7.egg/setuptools/package_index.py", line 283, in process_url
    RuntimeError: Setuptools downloading is disabled in conda build. Be sure to add all dependencies in the meta.yaml  url=https://pypi.python.org/simple/google-apputils/r
    
    ----------------------------------------
Command "python setup.py egg_info" failed with error code 1 in /tmp/pip-build-zpFlsP/protobuf

The following NEW packages will be INSTALLED:

    openssl:    1.0.1k-1    
    pip:        7.0.3-py27_0
    python:     2.7.10-0    
    readline:   6.2-2       
    setuptools: 17.0-py27_0 
    sqlite:     3.8.4.1-1   
    system:     5.8-2       
    tk:         8.5.18-0    
    zlib:       1.2.8-0     

Linking packages ...
[                    ]|                                                  |   0%[openssl             ]|                                                  |   0%[readline            ]|#####                                             |  11%[sqlite              ]|###########                                       |  22%[system              ]|################                                  |  33%[tk                  ]|######################                            |  44%[zlib                ]|###########################                       |  55%[python              ]|#################################                 |  66%[setuptools          ]|######################################            |  77%[pip                 ]|############################################      |  88%[      COMPLETE      ]|##################################################| 100%
Removing old work directory
Copying /home/ubuntu/pypi-conda-builds/protobuf to /home/ubuntu/miniconda/conda-bld/work
Package: protobuf-3.0.0a3-py_0
source tree in: /home/ubuntu/miniconda/conda-bld/work
Command failed: /bin/bash -x -e /home/ubuntu/pypi-conda-builds/protobuf/build.sh
Package search: {'_pypi_ordering': False, 'version': '2.3.0', 'name': 'protobuf', 'summary': 'Protocol Buffers'}
Creating standard recipe for protobuf-3.0.0a3
Converting recipe in /home/ubuntu/pypi-conda-builds/protobuf
package = protobuf
   dependencies = []
Building conda package for protobuf
