Warning, the following versions were found for protorpc
0.10.0
0.9.2
0.9.1
0.9
0.1.6.7.1
0.1.6.7
0.1
Using 0.10.0
Use --version to specify a different version.
Using url https://pypi.python.org/packages/source/p/protorpc/protorpc-0.10.0.tar.gz (114 KB) for protorpc.
Downloading protorpc (use --no-download to skip this step)
Using cached download
Unpacking protorpc...
done
working in /tmp/tmpWadWi6conda_skeleton_protorpc-0.10.0.tar.gz
Fetching package metadata: ......
Solving package specifications: .patching file core.py
Hunk #1 succeeded at 168 with fuzz 2 (offset 2 lines).
Traceback (most recent call last):
  File "setup.py", line 21, in <module>
    from setuptools import setup
ImportError: No module named setuptools

Applying patch: '/tmp/tmpWadWi6conda_skeleton_protorpc-0.10.0.tar.gz/pypi-distutils.patch'
$PYTHONPATH = /tmp/tmpWadWi6conda_skeleton_protorpc-0.10.0.tar.gz/protorpc-0.10.0
Error: command failed: /home/ubuntu/miniconda/envs/_build/bin/python setup.py install
