Warning, the following versions were found for psycopg2
2.6
2.5.5
2.5.4
2.5.3
2.5.2
2.5.1
2.5
2.4.6
2.4.5
2.4.4
2.4.3
2.4.2
2.4.1
2.4
2.3.2
2.3.1
2.3.0
2.2.2
2.2.1
2.2.0
2.0.14
2.0.13
2.0.12
2.0.11
2.0.10
2.0.8
2.0.7
2.0.6
2.0.5.1
2.0.4
2.0.3
2.0.2
Using 2.6
Use --version to specify a different version.
Using url https://pypi.python.org/packages/source/p/psycopg2/psycopg2-2.6.tar.gz (359 KB) for psycopg2.
Downloading psycopg2 (use --no-download to skip this step)
Using cached download
Unpacking psycopg2...
done
working in /tmp/tmpDBLBDzconda_skeleton_psycopg2-2.6.tar.gz
Fetching package metadata: ......
Solving package specifications: .patching file core.py
Hunk #1 succeeded at 168 with fuzz 2 (offset 2 lines).

Applying patch: '/tmp/tmpDBLBDzconda_skeleton_psycopg2-2.6.tar.gz/pypi-distutils.patch'
Writing recipe for psycopg2
Done
