Removing old build directory
Removing old work directory
BUILD START: psycopg2-2.6-py27_0
Fetching package metadata: ......
Solving package specifications: .+ /home/ubuntu/miniconda/envs/_build/bin/python setup.py install
running install
running build
running build_py
creating build
creating build/lib.linux-x86_64-2.7
creating build/lib.linux-x86_64-2.7/psycopg2
copying lib/pool.py -> build/lib.linux-x86_64-2.7/psycopg2
copying lib/extensions.py -> build/lib.linux-x86_64-2.7/psycopg2
copying lib/_json.py -> build/lib.linux-x86_64-2.7/psycopg2
copying lib/psycopg1.py -> build/lib.linux-x86_64-2.7/psycopg2
copying lib/extras.py -> build/lib.linux-x86_64-2.7/psycopg2
copying lib/tz.py -> build/lib.linux-x86_64-2.7/psycopg2
copying lib/errorcodes.py -> build/lib.linux-x86_64-2.7/psycopg2
copying lib/_range.py -> build/lib.linux-x86_64-2.7/psycopg2
copying lib/__init__.py -> build/lib.linux-x86_64-2.7/psycopg2
creating build/lib.linux-x86_64-2.7/psycopg2/tests
copying tests/test_bug_gc.py -> build/lib.linux-x86_64-2.7/psycopg2/tests
copying tests/test_connection.py -> build/lib.linux-x86_64-2.7/psycopg2/tests
copying tests/test_types_extras.py -> build/lib.linux-x86_64-2.7/psycopg2/tests
copying tests/dbapi20_tpc.py -> build/lib.linux-x86_64-2.7/psycopg2/tests
copying tests/test_cursor.py -> build/lib.linux-x86_64-2.7/psycopg2/tests
copying tests/test_copy.py -> build/lib.linux-x86_64-2.7/psycopg2/tests
copying tests/test_cancel.py -> build/lib.linux-x86_64-2.7/psycopg2/tests
copying tests/test_lobject.py -> build/lib.linux-x86_64-2.7/psycopg2/tests
copying tests/test_green.py -> build/lib.linux-x86_64-2.7/psycopg2/tests
copying tests/test_dates.py -> build/lib.linux-x86_64-2.7/psycopg2/tests
copying tests/test_types_basic.py -> build/lib.linux-x86_64-2.7/psycopg2/tests
copying tests/test_notify.py -> build/lib.linux-x86_64-2.7/psycopg2/tests
copying tests/test_transaction.py -> build/lib.linux-x86_64-2.7/psycopg2/tests
copying tests/test_bugX000.py -> build/lib.linux-x86_64-2.7/psycopg2/tests
copying tests/testutils.py -> build/lib.linux-x86_64-2.7/psycopg2/tests
copying tests/test_extras_dictcursor.py -> build/lib.linux-x86_64-2.7/psycopg2/tests
copying tests/test_with.py -> build/lib.linux-x86_64-2.7/psycopg2/tests
copying tests/__init__.py -> build/lib.linux-x86_64-2.7/psycopg2/tests
copying tests/dbapi20.py -> build/lib.linux-x86_64-2.7/psycopg2/tests
copying tests/test_psycopg2_dbapi20.py -> build/lib.linux-x86_64-2.7/psycopg2/tests
copying tests/test_module.py -> build/lib.linux-x86_64-2.7/psycopg2/tests
copying tests/test_quote.py -> build/lib.linux-x86_64-2.7/psycopg2/tests
copying tests/test_async.py -> build/lib.linux-x86_64-2.7/psycopg2/tests
copying tests/testconfig.py -> build/lib.linux-x86_64-2.7/psycopg2/tests
running build_ext
Error: pg_config executable not found.

Please add the directory containing pg_config to the PATH
or specify the full executable path with the option:

    python setup.py build_ext --pg-config /path/to/pg_config build ...

or with the pg_config option in 'setup.cfg'.

The following NEW packages will be INSTALLED:

    openssl:    1.0.1k-1    
    pip:        6.1.1-py27_0
    python:     2.7.9-3     
    readline:   6.2-2       
    setuptools: 16.0-py27_0 
    sqlite:     3.8.4.1-1   
    system:     5.8-2       
    tk:         8.5.18-0    
    zlib:       1.2.8-0     

Linking packages ...
[                    ]|                                                  |   0%[openssl             ]|                                                  |   0%[readline            ]|#####                                             |  11%[sqlite              ]|###########                                       |  22%[system              ]|################                                  |  33%[tk                  ]|######################                            |  44%[zlib                ]|###########################                       |  55%[python              ]|#################################                 |  66%[setuptools          ]|######################################            |  77%[pip                 ]|############################################      |  88%[      COMPLETE      ]|##################################################| 100%
Removing old work directory
Source cache directory is: /home/ubuntu/miniconda/conda-bld/src_cache
Found source in cache: psycopg2-2.6.tar.gz
Extracting download
Package: psycopg2-2.6-py27_0
source tree in: /home/ubuntu/miniconda/conda-bld/work/psycopg2-2.6
Command failed: /bin/bash -x -e /home/ubuntu/pypi-conda-builds/recipes/psycopg2/build.sh
