Warning, the following versions were found for py-bcrypt
0.4
0.3
0.2
0.1
Using 0.4
Use --version to specify a different version.
Using url https://pypi.python.org/packages/source/p/py-bcrypt/py-bcrypt-0.4.tar.gz (27 KB) for py-bcrypt.
Downloading py-bcrypt (use --no-download to skip this step)
Using cached download
Unpacking py-bcrypt...
done
working in /tmp/tmpUQ62Iwconda_skeleton_py-bcrypt-0.4.tar.gz
Fetching package metadata: ......
Solving package specifications: .patching file core.py
Hunk #1 succeeded at 168 with fuzz 2 (offset 2 lines).

The following NEW packages will be INSTALLED:

    numpy:  1.9.2-py27_0
    pyyaml: 3.11-py27_0 
    yaml:   0.1.4-0     

Linking packages ...
[                    ]|                                                  |   0%[yaml                ]|                                                  |   0%[numpy               ]|################                                  |  33%[pyyaml              ]|#################################                 |  66%[      COMPLETE      ]|##################################################| 100%
Applying patch: '/tmp/tmpUQ62Iwconda_skeleton_py-bcrypt-0.4.tar.gz/pypi-distutils.patch'
Writing recipe for py-bcrypt
Done
