Warning, the following versions were found for PyAMF
0.7.2
0.7.1
0.7.0
0.6.1.1
0.6.1
0.6
0.6b2
0.5.1
0.5
0.4.2
Using 0.7.2
Use --version to specify a different version.
Using url https://pypi.python.org/packages/source/P/PyAMF/PyAMF-0.7.2.tar.gz (1.6 MB) for PyAMF.
Downloading PyAMF (use --no-download to skip this step)
Using cached download
Unpacking PyAMF...
done
working in /tmp/tmp6rkN1xconda_skeleton_PyAMF-0.7.2.tar.gz
Fetching package metadata: ......
Solving package specifications: .patching file core.py
Hunk #1 succeeded at 168 with fuzz 2 (offset 2 lines).
Traceback (most recent call last):
  File "setup.py", line 7, in <module>
    import setupinfo
  File "/tmp/tmp6rkN1xconda_skeleton_PyAMF-0.7.2.tar.gz/PyAMF-0.7.2/setupinfo.py", line 17, in <module>
    from setuptools.command.build_ext import build_ext
ImportError: No module named setuptools.command.build_ext

Applying patch: '/tmp/tmp6rkN1xconda_skeleton_PyAMF-0.7.2.tar.gz/pypi-distutils.patch'
$PYTHONPATH = /tmp/tmp6rkN1xconda_skeleton_PyAMF-0.7.2.tar.gz/PyAMF-0.7.2
Error: command failed: /home/ubuntu/miniconda/envs/_build/bin/python setup.py install
