Warning, the following versions were found for pyaml
15.5.7
15.5.6
15.5.5
15.5.4
15.5.3
15.5.2
15.5.1
15.5.0
15.4.0
15.03.1
15.03.0
15.02.1
15.02.0
14.12.10
14.11.3
14.11.2
14.05.7
14.05.6
14.05.5
14.05.3
14.05.2
14.04.3
14.04.2
13.12.0
13.07.1
13.07.0
13.05.2
13.01.0
12.12.5
12.12.4
12.12.3
Using 15.5.7
Use --version to specify a different version.
Using url https://pypi.python.org/packages/source/p/pyaml/pyaml-15.5.7.tar.gz (14 KB) for pyaml.
Downloading pyaml (use --no-download to skip this step)
Using cached download
Unpacking pyaml...
done
working in /tmp/tmp7jXBrIconda_skeleton_pyaml-15.5.7.tar.gz
Fetching package metadata: ......
Solving package specifications: .patching file core.py
Hunk #1 succeeded at 168 with fuzz 2 (offset 2 lines).

The following NEW packages will be INSTALLED:

    numpy:      1.9.2-py27_0
    openssl:    1.0.1k-1    
    pip:        7.0.3-py27_0
    python:     2.7.10-0    
    pyyaml:     3.11-py27_0 
    readline:   6.2-2       
    setuptools: 17.0-py27_0 
    sqlite:     3.8.4.1-1   
    system:     5.8-2       
    tk:         8.5.18-0    
    yaml:       0.1.4-0     
    zlib:       1.2.8-0     

Linking packages ...
[                    ]|                                                  |   0%[openssl             ]|                                                  |   0%[readline            ]|####                                              |   8%[sqlite              ]|########                                          |  16%[system              ]|############                                      |  25%[tk                  ]|################                                  |  33%[yaml                ]|####################                              |  41%[zlib                ]|#########################                         |  50%[numpy               ]|#############################                     |  58%[python              ]|#################################                 |  66%[pyyaml              ]|#####################################             |  75%[setuptools          ]|#########################################         |  83%[pip                 ]|#############################################     |  91%[      COMPLETE      ]|##################################################| 100%
Applying patch: '/tmp/tmp7jXBrIconda_skeleton_pyaml-15.5.7.tar.gz/pypi-distutils.patch'
Writing recipe for pyaml
Done
