Package search: {'_pypi_ordering': False, 'version': '15.5.7', 'name': 'pyaml', 'summary': 'PyYAML-based module to produce pretty and readable YAML-serialized data'}
Fetching package metadata: ....
Removing old build directory
Removing old work directory
BUILD START: pyaml-15.5.7-py27_0
Fetching package metadata: ......
Solving package specifications: .+ pip install pyaml
Collecting pyaml
  Downloading http://localhost/packages/source/p/pyaml/pyaml-15.5.2.tar.gz
Requirement already satisfied (use --upgrade to upgrade): PyYAML in /home/ubuntu/miniconda/envs/_build/lib/python2.7/site-packages (from pyaml)
Installing collected packages: pyaml
  Running setup.py install for pyaml
Successfully installed pyaml-15.5.2

The following NEW packages will be INSTALLED:

    openssl:    1.0.1k-1    
    pip:        7.0.3-py27_0
    python:     2.7.10-0    
    pyyaml:     3.11-py27_0 
    readline:   6.2-2       
    setuptools: 17.0-py27_0 
    sqlite:     3.8.4.1-1   
    system:     5.8-2       
    tk:         8.5.18-0    
    zlib:       1.2.8-0     

Linking packages ...
[                    ]|                                                  |   0%[openssl             ]|                                                  |   0%[readline            ]|#####                                             |  10%[sqlite              ]|##########                                        |  20%[system              ]|###############                                   |  30%[tk                  ]|####################                              |  40%[zlib                ]|#########################                         |  50%[python              ]|##############################                    |  60%[pyyaml              ]|###################################               |  70%[setuptools          ]|########################################          |  80%[pip                 ]|#############################################     |  90%[      COMPLETE      ]|##################################################| 100%
Removing old work directory
Copying /home/ubuntu/pypi-conda-builds/pyaml to /home/ubuntu/miniconda/conda-bld/work
Package: pyaml-15.5.7-py27_0
source tree in: /home/ubuntu/miniconda/conda-bld/work
number of files: 14
Fixing permissions
Fixing permissions
BUILD END: pyaml-15.5.7-py27_0
# If you want to upload this package to binstar.org later, type:
#
# $ binstar upload /home/ubuntu/miniconda/conda-bld/linux-64/pyaml-15.5.7-py27_0.tar.bz2
#
# To have conda build upload to binstar automatically, use
# $ conda config --set binstar_upload yes

Creating standard recipe for pyaml-15.5.7
Converting recipe in /home/ubuntu/pypi-conda-builds/pyaml
package = pyaml
   dependencies = [u'pyyaml']
Building conda package for pyaml
