Warning, the following versions were found for pyasn1-modules
0.0.5
0.0.4
0.0.3
0.0.2
0.0.1a
Using 0.0.5
Use --version to specify a different version.
Using url https://pypi.python.org/packages/source/p/pyasn1-modules/pyasn1-modules-0.0.5.tar.gz (38 KB) for pyasn1-modules.
Downloading pyasn1-modules (use --no-download to skip this step)
Using cached download
Unpacking pyasn1-modules...
done
working in /tmp/tmpOdN0liconda_skeleton_pyasn1-modules-0.0.5.tar.gz
Fetching package metadata: ......
Solving package specifications: .patching file core.py
Hunk #1 succeeded at 168 with fuzz 2 (offset 2 lines).

Applying patch: '/tmp/tmpOdN0liconda_skeleton_pyasn1-modules-0.0.5.tar.gz/pypi-distutils.patch'
Writing recipe for pyasn1-modules
Done
