Package search: {'_pypi_ordering': False, 'version': '0.0.5', 'name': 'pyasn1-modules', 'summary': 'A collection of ASN.1-based protocols modules'}
Fetching package metadata: ....
Removing old build directory
Removing old work directory
BUILD START: pyasn1-modules-0.0.5-py27_0
Fetching package metadata: ......
Solving package specifications: .+ pip install pyasn1-modules
Collecting pyasn1-modules
  Downloading http://localhost/packages/source/p/pyasn1-modules/pyasn1-modules-0.0.5.tar.gz
Requirement already satisfied (use --upgrade to upgrade): pyasn1>=0.1.4 in /home/ubuntu/miniconda/envs/_build/lib/python2.7/site-packages/pyasn1-0.1.7-py2.7.egg (from pyasn1-modules)
Installing collected packages: pyasn1-modules
  Running setup.py install for pyasn1-modules
Successfully installed pyasn1-modules-0.0.5

The following NEW packages will be INSTALLED:

    openssl:    1.0.1k-1    
    pip:        7.0.3-py27_0
    pyasn1:     0.1.7-py27_0
    python:     2.7.10-0    
    readline:   6.2-2       
    setuptools: 17.0-py27_0 
    sqlite:     3.8.4.1-1   
    system:     5.8-2       
    tk:         8.5.18-0    
    zlib:       1.2.8-0     

Linking packages ...
[                    ]|                                                  |   0%[openssl             ]|                                                  |   0%[readline            ]|#####                                             |  10%[sqlite              ]|##########                                        |  20%[system              ]|###############                                   |  30%[tk                  ]|####################                              |  40%[zlib                ]|#########################                         |  50%[pyasn1              ]|##############################                    |  60%[python              ]|###################################               |  70%[setuptools          ]|########################################          |  80%[pip                 ]|#############################################     |  90%[      COMPLETE      ]|##################################################| 100%
Removing old work directory
Copying /home/ubuntu/pypi-conda-builds/pyasn1-modules to /home/ubuntu/miniconda/conda-bld/work
Package: pyasn1-modules-0.0.5-py27_0
source tree in: /home/ubuntu/miniconda/conda-bld/work
number of files: 47
Fixing permissions
Fixing permissions
BUILD END: pyasn1-modules-0.0.5-py27_0
# If you want to upload this package to binstar.org later, type:
#
# $ binstar upload /home/ubuntu/miniconda/conda-bld/linux-64/pyasn1-modules-0.0.5-py27_0.tar.bz2
#
# To have conda build upload to binstar automatically, use
# $ conda config --set binstar_upload yes

Creating standard recipe for pyasn1-modules-0.0.5
Converting recipe in /home/ubuntu/pypi-conda-builds/pyasn1-modules
package = pyasn1-modules
   dependencies = [u'pyasn1 >=0.1.4']
Building conda package for pyasn1-modules
