Package search: {'_pypi_ordering': False, 'version': '1.0.0', 'name': 'pycadf', 'summary': 'CADF Library'}
Fetching package metadata: ....
Fetching package metadata: ....
Solving package specifications: .
Package plan for installation in environment /home/ubuntu/miniconda/envs/_pipbuild_:

The following NEW packages will be INSTALLED:

    openssl:    1.0.1k-1    
    pip:        7.0.3-py27_0
    python:     2.7.10-0    
    readline:   6.2-2       
    setuptools: 17.0-py27_0 
    sqlite:     3.8.4.1-1   
    system:     5.8-2       
    tk:         8.5.18-0    
    zlib:       1.2.8-0     

Linking packages ...
[                    ]|                                                  |   0%[openssl             ]|                                                  |   0%[readline            ]|#####                                             |  11%[sqlite              ]|###########                                       |  22%[system              ]|################                                  |  33%[tk                  ]|######################                            |  44%[zlib                ]|###########################                       |  55%[python              ]|#################################                 |  66%[setuptools          ]|######################################            |  77%[pip                 ]|############################################      |  88%[      COMPLETE      ]|##################################################| 100%
#
# To activate this environment, use:
# $ source activate _pipbuild_
#
# To deactivate this environment, use:
# $ source deactivate
#
Collecting pycadf==1.0.0
  Could not find a version that satisfies the requirement pycadf==1.0.0 (from versions: 0.1.1, 0.1.2, 0.1.3, 0.1.4, 0.1.5, 0.1.6, 0.1.7, 0.1.8, 0.1.9, 0.2, 0.2.1, 0.2.2, 0.3, 0.3.1, 0.4, 0.4.1, 0.5, 0.5.1, 0.6.0, 0.6.2, 0.7.0, 0.7.1, 0.8.0, 0.9.0)
No matching distribution found for pycadf==1.0.0
Creating standard recipe for pycadf-1.0.0
Error: directory already exists: ./pycadf

conda create -n _pipbuild_ --yes python pip
/home/ubuntu/miniconda/envs/_pipbuild_/bin/pip install pycadf==1.0.0
Error: Could not pip install pycadf==1.0.0
