Warning, the following versions were found for pycassa
1.11.1
1.11.0
1.10.0
1.9.1
1.9.0
1.8.0-4
1.8.0-3
1.8.0-2
1.8.0-1
1.8.0
1.7.2
1.7.1-2
1.7.1
1.7.0
1.6.0
1.5.1
1.5.0
1.4.0
1.3.0
1.2.1-3
1.2.1-2
1.2.1
1.2.0
1.1.1
1.1.0
1.0.8
1.0.7
1.0.6
1.0.5
1.0.4
1.0.3
1.0.2
1.0.1
1.0.0
0.5.4
0.3.0
Using 1.11.1
Use --version to specify a different version.
Using url https://pypi.python.org/packages/source/p/pycassa/pycassa-1.11.1.tar.gz (80 KB) for pycassa.
Downloading pycassa (use --no-download to skip this step)
Using cached download
Unpacking pycassa...
done
working in /tmp/tmp42sWX1conda_skeleton_pycassa-1.11.1.tar.gz
Fetching package metadata: ......
Solving package specifications: .patching file core.py
Hunk #1 succeeded at 168 with fuzz 2 (offset 2 lines).
Downloading https://pypi.python.org/packages/source/s/setuptools/setuptools-0.9.6.tar.gz
Extracting in /tmp/tmpGda_sj
Now working in /tmp/tmpGda_sj/setuptools-0.9.6
Building a Setuptools egg in /tmp/tmp42sWX1conda_skeleton_pycassa-1.11.1.tar.gz/pycassa-1.11.1
/tmp/tmp42sWX1conda_skeleton_pycassa-1.11.1.tar.gz/pycassa-1.11.1/setuptools-0.9.6-py2.7.egg
Traceback (most recent call last):
  File "setup.py", line 15, in <module>
    use_setuptools()
  File "/tmp/tmp42sWX1conda_skeleton_pycassa-1.11.1.tar.gz/pycassa-1.11.1/ez_setup.py", line 116, in use_setuptools
    return _do_download(version, download_base, to_dir, download_delay)
  File "/tmp/tmp42sWX1conda_skeleton_pycassa-1.11.1.tar.gz/pycassa-1.11.1/ez_setup.py", line 101, in _do_download
    _build_egg(egg, tarball, to_dir)
  File "/tmp/tmp42sWX1conda_skeleton_pycassa-1.11.1.tar.gz/pycassa-1.11.1/ez_setup.py", line 92, in _build_egg
    raise IOError('Could not build the egg.')
IOError: Could not build the egg.

Applying patch: '/tmp/tmp42sWX1conda_skeleton_pycassa-1.11.1.tar.gz/pypi-distutils.patch'
$PYTHONPATH = /tmp/tmp42sWX1conda_skeleton_pycassa-1.11.1.tar.gz/pycassa-1.11.1
Error: command failed: /home/ubuntu/miniconda/envs/_build/bin/python setup.py install
