Warning, the following versions were found for pycadf
1.0.0
0.9.0
0.8.0
0.7.1
0.7.0
0.6.3
0.6.2
0.6.0
0.5.1
0.5
0.4.1
0.4
0.3.1
0.3
0.2.2
0.2.1
0.2
0.1.9
0.1.8
0.1.7
0.1.6
0.1.5
0.1.4
0.1.3
0.1.2
0.1.1
0.1
Using 1.0.0
Use --version to specify a different version.
Using url https://pypi.python.org/packages/source/p/pycadf/pycadf-1.0.0.tar.gz (241 KB) for pycadf.
Downloading pycadf (use --no-download to skip this step)
Using cached download
Unpacking pycadf...
done
working in /tmp/tmpckVNWPconda_skeleton_pycadf-1.0.0.tar.gz
Fetching package metadata: ......
Solving package specifications: .patching file core.py
Hunk #1 succeeded at 168 with fuzz 2 (offset 2 lines).

Applying patch: '/tmp/tmpckVNWPconda_skeleton_pycadf-1.0.0.tar.gz/pypi-distutils.patch'
Writing recipe for pycadf
Done
