Warning, the following versions were found for pycountry
1.10
1.9
1.8
1.7
1.6
1.5
1.4
1.3
1.2
1.1
1.0
0.19
0.18
0.17
0.16
0.15
0.14.8
0.14.7
0.14.6
0.14.5
0.14.4
0.14.3
0.14.2
0.14.1
0.14
0.12.1
0.12
0.11
0.10
0.9
Using 1.10
Use --version to specify a different version.
Using url https://pypi.python.org/packages/source/p/pycountry/pycountry-1.10.zip (7.8 MB) for pycountry.
Downloading pycountry (use --no-download to skip this step)
Using cached download
Unpacking pycountry...
done
working in /tmp/tmpTAdbxEconda_skeleton_pycountry-1.10.zip
Fetching package metadata: ......
Solving package specifications: .patching file core.py
Hunk #1 succeeded at 168 with fuzz 2 (offset 2 lines).

Applying patch: '/tmp/tmpTAdbxEconda_skeleton_pycountry-1.10.zip/pypi-distutils.patch'
Writing recipe for pycountry
Done
