Warning, the following versions were found for PyContracts
1.7.6
1.7.4
1.7.3
1.7.2
1.7.1
1.7.0
1.6.6
1.6.5
1.6.4
1.6.3
1.6.2
1.6.0
1.5.1
1.5.0
1.4.0
1.2.0
Using 1.7.6
Use --version to specify a different version.
Using url https://pypi.python.org/packages/source/P/PyContracts/PyContracts-1.7.6.tar.gz (57 KB) for PyContracts.
Downloading PyContracts (use --no-download to skip this step)
Unpacking PyContracts...
done
working in /tmp/tmpCwyWrwconda_skeleton_PyContracts-1.7.6.tar.gz
Fetching package metadata: ......
Solving package specifications: .patching file core.py
Hunk #1 succeeded at 168 with fuzz 2 (offset 2 lines).
Traceback (most recent call last):
  File "setup.py", line 2, in <module>
    from setuptools import setup, find_packages
ImportError: No module named setuptools

Applying patch: '/tmp/tmpCwyWrwconda_skeleton_PyContracts-1.7.6.tar.gz/pypi-distutils.patch'
$PYTHONPATH = /tmp/tmpCwyWrwconda_skeleton_PyContracts-1.7.6.tar.gz/PyContracts-1.7.6
Error: command failed: /home/ubuntu/miniconda/envs/_build/bin/python setup.py install
