Error: prefix already exists: /home/ubuntu/miniconda/envs/_pipbuild_
Collecting pycountry==1.10
  Downloading http://localhost/packages/source/p/pycountry/pycountry-1.10.zip (8.1MB)
Installing collected packages: pycountry
  Running setup.py install for pycountry
Successfully installed pycountry-1.10
Fetching package metadata: ....

Package plan for package removal in environment /home/ubuntu/miniconda/envs/_pipbuild_:

The following packages will be REMOVED:

    openssl:    1.0.1k-1    
    pip:        7.0.3-py27_0
    python:     2.7.10-0    
    readline:   6.2-2       
    setuptools: 17.0-py27_0 
    sqlite:     3.8.4.1-1   
    system:     5.8-2       
    tk:         8.5.18-0    
    zlib:       1.2.8-0     

Unlinking packages ...
[                    ]|                                                  |   0%[openssl             ]|                                                  |   0%[pip                 ]|#####                                             |  11%[python              ]|###########                                       |  22%[readline            ]|################                                  |  33%[setuptools          ]|######################                            |  44%[sqlite              ]|###########################                       |  55%[system              ]|#################################                 |  66%[tk                  ]|######################################            |  77%[zlib                ]|############################################      |  88%[      COMPLETE      ]|##################################################| 100%
Removing old build directory
Removing old work directory
BUILD START: pycountry-1.10-py_0
Fetching package metadata: ......
Solving package specifications: .+ pip install pycountry==1.10
Collecting pycountry==1.10
  Downloading http://localhost/packages/source/p/pycountry/pycountry-1.10.zip (8.1MB)
Installing collected packages: pycountry
  Running setup.py install for pycountry
Successfully installed pycountry-1.10

The following NEW packages will be INSTALLED:

    openssl:    1.0.1k-1    
    pip:        7.0.3-py27_0
    python:     2.7.10-0    
    readline:   6.2-2       
    setuptools: 17.0-py27_0 
    sqlite:     3.8.4.1-1   
    system:     5.8-2       
    tk:         8.5.18-0    
    zlib:       1.2.8-0     

Linking packages ...
[                    ]|                                                  |   0%[openssl             ]|                                                  |   0%[readline            ]|#####                                             |  11%[sqlite              ]|###########                                       |  22%[system              ]|################                                  |  33%[tk                  ]|######################                            |  44%[zlib                ]|###########################                       |  55%[python              ]|#################################                 |  66%[setuptools          ]|######################################            |  77%[pip                 ]|############################################      |  88%[      COMPLETE      ]|##################################################| 100%
Removing old work directory
Copying /home/ubuntu/pypi-conda-builds/pycountry-1.10 to /home/ubuntu/miniconda/conda-bld/work
Package: pycountry-1.10-py_0
source tree in: /home/ubuntu/miniconda/conda-bld/work
number of files: 665
Fixing permissions
Fixing permissions
BUILD END: pycountry-1.10-py_0
# If you want to upload this package to binstar.org later, type:
#
# $ binstar upload /home/ubuntu/miniconda/conda-bld/noarch/pycountry-1.10-py_0.tar.bz2
#
# To have conda build upload to binstar automatically, use
# $ conda config --set binstar_upload yes

Package search: {'_pypi_ordering': False, 'version': '1.10', 'name': 'pycountry', 'summary': 'ISO country, subdivision, language, currency and script definitions and their translations'}
Creating standard recipe for pycountry-1.10
Error: directory already exists: ./pycountry

conda create -n _pipbuild_ --yes python pip
/home/ubuntu/miniconda/envs/_pipbuild_/bin/pip install pycountry==1.10
Getting dependencies...
package = pycountry
   dependencies = []
Building conda package for pycountry
