Removing old build directory
Removing old work directory
BUILD START: pydot-1.0.28-py_0
Fetching package metadata: ......
Solving package specifications: .+ /home/ubuntu/miniconda/envs/_build/bin/python setup.py install
/home/ubuntu/miniconda/envs/_build/lib/python2.7/distutils/dist.py:267: UserWarning: Unknown distribution option: 'install_requires'
  warnings.warn(msg)
Couldn't import dot_parser, loading of dot files will not be possible.
running install
running build
running build_py
creating build
creating build/lib
copying pydot.py -> build/lib
copying dot_parser.py -> build/lib
running install_lib
copying build/lib/dot_parser.py -> /home/ubuntu/miniconda/envs/_build/lib/python2.7/site-packages
copying build/lib/pydot.py -> /home/ubuntu/miniconda/envs/_build/lib/python2.7/site-packages
byte-compiling /home/ubuntu/miniconda/envs/_build/lib/python2.7/site-packages/dot_parser.py to dot_parser.pyc
byte-compiling /home/ubuntu/miniconda/envs/_build/lib/python2.7/site-packages/pydot.py to pydot.pyc
running install_data
copying LICENSE -> /home/ubuntu/miniconda/envs/_build/.
copying README -> /home/ubuntu/miniconda/envs/_build/.
running install_egg_info
Writing /home/ubuntu/miniconda/envs/_build/lib/python2.7/site-packages/pydot-1.0.28-py2.7.egg-info

The following NEW packages will be INSTALLED:

    openssl:    1.0.1k-1     
    pip:        7.0.3-py27_0 
    pyparsing:  2.0.3-py27_0 
    python:     2.7.10-0     
    readline:   6.2-2        
    setuptools: 17.1.1-py27_0
    sqlite:     3.8.4.1-1    
    system:     5.8-2        
    tk:         8.5.18-0     
    zlib:       1.2.8-0      

Linking packages ...
[                    ]|                                                  |   0%[openssl             ]|                                                  |   0%[readline            ]|#####                                             |  10%[sqlite              ]|##########                                        |  20%[system              ]|###############                                   |  30%[tk                  ]|####################                              |  40%[zlib                ]|#########################                         |  50%[pyparsing           ]|##############################                    |  60%[python              ]|###################################               |  70%[setuptools          ]|########################################          |  80%[pip                 ]|#############################################     |  90%[      COMPLETE      ]|##################################################| 100%
Removing old work directory
Source cache directory is: /home/ubuntu/miniconda/conda-bld/src_cache
Found source in cache: pydot-1.0.28.tar.gz
Extracting download
Package: pydot-1.0.28-py_0
source tree in: /home/ubuntu/miniconda/conda-bld/work/pydot-1.0.28
number of files: 7
Fixing permissions
[noarch_python] Error: Don't know how to handle file: LICENSE
