Warning, the following versions were found for pydot
1.0.28
1.0.25
1.0.2
0.9.10
0.9.9
0.9.6
0.9.4
0.9.2
0.9.1
0.9
Using 1.0.28
Use --version to specify a different version.
Using url http://pydot.googlecode.com/files/pydot-1.0.28.tar.gz (0 B) for pydot.
Downloading pydot (use --no-download to skip this step)
Unpacking pydot...
done
working in /tmp/tmp8ux0bZconda_skeleton_pydot-1.0.28.tar.gz
Fetching package metadata: ......
Solving package specifications: .patching file core.py
Hunk #1 succeeded at 168 with fuzz 2 (offset 2 lines).
Couldn't import dot_parser, loading of dot files will not be possible.

Applying patch: '/tmp/tmp8ux0bZconda_skeleton_pydot-1.0.28.tar.gz/pypi-distutils.patch'
Writing recipe for pydot
Done
