Warning, the following versions were found for PyECLib
1.0.7
1.0.6
1.0.4
1.0.3
1.0.2
1.0.1
1.0c2
1.0c1
0.9.8
0.9.7
0.9.6
0.9.5
0.9.4
0.9.2
0.9.1
0.2.4
0.2.3
0.2.2
0.2.1
0.2.0
0.1.17
0.1.16
0.1.15
0.1.14
0.1.12
0.1.11
0.1.10
Using 1.0.7
Use --version to specify a different version.
Using url https://pypi.python.org/packages/source/P/PyECLib/PyECLib-1.0.7.tar.gz (8.0 MB) for PyECLib.
Downloading PyECLib (use --no-download to skip this step)
Using cached download
Unpacking PyECLib...
done
working in /tmp/tmpOKlfUwconda_skeleton_PyECLib-1.0.7.tar.gz
Fetching package metadata: ......
Solving package specifications: .patching file core.py
Hunk #1 succeeded at 168 with fuzz 2 (offset 2 lines).
Traceback (most recent call last):
  File "setup.py", line 40, in <module>
    from distribute_setup import use_setuptools
ImportError: No module named distribute_setup

Applying patch: '/tmp/tmpOKlfUwconda_skeleton_PyECLib-1.0.7.tar.gz/pypi-distutils.patch'
$PYTHONPATH = /tmp/tmpOKlfUwconda_skeleton_PyECLib-1.0.7.tar.gz/PyECLib-1.0.7
Error: command failed: /home/ubuntu/miniconda/envs/_build/bin/python setup.py install
