Warning, the following versions were found for pyenchant
1.6.6
1.6.5
1.6.4
1.6.3
1.6.2
1.6.1
1.6.0
1.5.3
1.5.2
1.5.1
1.5.0
1.4.2
1.3.1
1.3.0
1.2.0
1.1.5
1.1.4
Using 1.6.6
Use --version to specify a different version.
Using url https://pypi.python.org/packages/source/p/pyenchant/pyenchant-1.6.6.tar.gz (63 KB) for pyenchant.
Downloading pyenchant (use --no-download to skip this step)
Using cached download
Unpacking pyenchant...
done
working in /tmp/tmpyWpKrXconda_skeleton_pyenchant-1.6.6.tar.gz
Fetching package metadata: ......
Solving package specifications: .patching file core.py
Hunk #1 succeeded at 168 with fuzz 2 (offset 2 lines).
Downloading https://pypi.python.org/packages/source/s/setuptools/setuptools-1.1.7.tar.gz
Traceback (most recent call last):
  File "setup.py", line 12, in <module>
    ez_setup.use_setuptools()
  File "/tmp/tmpyWpKrXconda_skeleton_pyenchant-1.6.6.tar.gz/pyenchant-1.6.6/ez_setup.py", line 132, in use_setuptools
    return _do_download(version, download_base, to_dir, download_delay)
  File "/tmp/tmpyWpKrXconda_skeleton_pyenchant-1.6.6.tar.gz/pyenchant-1.6.6/ez_setup.py", line 110, in _do_download
    to_dir, download_delay)
  File "/tmp/tmpyWpKrXconda_skeleton_pyenchant-1.6.6.tar.gz/pyenchant-1.6.6/ez_setup.py", line 278, in download_setuptools
    downloader(url, saveto)
  File "/tmp/tmpyWpKrXconda_skeleton_pyenchant-1.6.6.tar.gz/pyenchant-1.6.6/ez_setup.py", line 185, in download_file_curl
    subprocess.check_call(cmd)
  File "/home/ubuntu/miniconda/envs/_build/lib/python2.7/subprocess.py", line 540, in check_call
    raise CalledProcessError(retcode, cmd)
subprocess.CalledProcessError: Command '['curl', 'https://pypi.python.org/packages/source/s/setuptools/setuptools-1.1.7.tar.gz', '--silent', '--output', '/tmp/tmpyWpKrXconda_skeleton_pyenchant-1.6.6.tar.gz/pyenchant-1.6.6/setuptools-1.1.7.tar.gz']' returned non-zero exit status 77

The following NEW packages will be INSTALLED:

    numpy:  1.9.2-py27_0
    pyyaml: 3.11-py27_0 

Linking packages ...
[                    ]|                                                  |   0%[numpy               ]|                                                  |   0%[pyyaml              ]|#########################                         |  50%[      COMPLETE      ]|##################################################| 100%
Applying patch: '/tmp/tmpyWpKrXconda_skeleton_pyenchant-1.6.6.tar.gz/pypi-distutils.patch'
$PYTHONPATH = /tmp/tmpyWpKrXconda_skeleton_pyenchant-1.6.6.tar.gz/pyenchant-1.6.6
Error: command failed: /home/ubuntu/miniconda/envs/_build/bin/python setup.py install
