Warning, the following versions were found for pyes
0.99.5
0.99.4
0.99.2
0.99.1
0.99.0
0.90.1
0.90.0
0.20.1
0.20.0
0.19.1
0.19.0
0.16.0
0.15.0
0.14.1
0.14.0
0.13.1
Using 0.99.5
Use --version to specify a different version.
Using url https://pypi.python.org/packages/source/p/pyes/pyes-0.99.5.tar.gz (100 KB) for pyes.
Downloading pyes (use --no-download to skip this step)
Using cached download
Unpacking pyes...
done
working in /tmp/tmpV_CLROconda_skeleton_pyes-0.99.5.tar.gz
Fetching package metadata: ......
Solving package specifications: .patching file core.py
Hunk #1 succeeded at 168 with fuzz 2 (offset 2 lines).
Traceback (most recent call last):
  File "setup.py", line 12, in <module>
    from ez_setup import use_setuptools
ImportError: No module named ez_setup

Applying patch: '/tmp/tmpV_CLROconda_skeleton_pyes-0.99.5.tar.gz/pypi-distutils.patch'
$PYTHONPATH = /tmp/tmpV_CLROconda_skeleton_pyes-0.99.5.tar.gz/pyes-0.99.5
Error: command failed: /home/ubuntu/miniconda/envs/_build/bin/python setup.py install
