Warning, the following versions were found for pyfits
3.3
3.2.4
3.2.3
3.2.2
3.2.1
3.2
3.1.6
3.1.5
3.1.4
3.1.3
3.1.2
3.1.1
3.1
3.0.13
3.0.12
3.0.11
3.0.10
3.0.9
3.0.8
3.0.7
3.0.6
3.0.5
3.0.4
3.0.3
3.0.2
3.0.1
3.0
2.4.0
2.3.1
Using 3.3
Use --version to specify a different version.
Using url https://pypi.python.org/packages/source/p/pyfits/pyfits-3.3.tar.gz (1.6 MB) for pyfits.
Downloading pyfits (use --no-download to skip this step)
Using cached download
Unpacking pyfits...
done
working in /tmp/tmpBNc9Hsconda_skeleton_pyfits-3.3.tar.gz
Fetching package metadata: ......
Solving package specifications: .patching file core.py
Hunk #1 succeeded at 168 with fuzz 2 (offset 2 lines).
Traceback (most recent call last):
  File "setup.py", line 6, in <module>
    from ez_setup import use_setuptools
ImportError: No module named ez_setup

Applying patch: '/tmp/tmpBNc9Hsconda_skeleton_pyfits-3.3.tar.gz/pypi-distutils.patch'
$PYTHONPATH = /tmp/tmpBNc9Hsconda_skeleton_pyfits-3.3.tar.gz/pyfits-3.3
Error: command failed: /home/ubuntu/miniconda/envs/_build/bin/python setup.py install
