Warning, the following versions were found for pygal
1.7.0
1.6.2
1.6.1
1.6.0
1.5.1
1.5.0
1.4.6
1.4.5
1.4.4
1.4.3
1.4.2
1.4.1
1.4.0
1.3.1
1.3.0
1.2.3
1.2.2
1.2.1
1.2.0
1.1.0
1.0.0
0.13.0
0.12.2
0.12.1
0.12.0
0.10.3
0.10.2
0.10.1
0.10.0
0.9.22
0.9.21
0.9.20
0.9.19
0.9.18
0.9.17
0.9.16
0.9.15
0.9.14
0.9.12
0.9.11
0.9.10
0.9.9
0.9.8
0.9.7
0.9.6
0.9.5
0.9.4
0.9.3
0.9.2
0.9.1
0.9
Using 1.7.0
Use --version to specify a different version.
Using url https://pypi.python.org/packages/source/p/pygal/pygal-1.7.0.tar.gz (720 KB) for pygal.
Downloading pygal (use --no-download to skip this step)
Using cached download
Unpacking pygal...
done
working in /tmp/tmpenX4jbconda_skeleton_pygal-1.7.0.tar.gz
Fetching package metadata: ......
Solving package specifications: .patching file core.py
Hunk #1 succeeded at 168 with fuzz 2 (offset 2 lines).

Applying patch: '/tmp/tmpenX4jbconda_skeleton_pygal-1.7.0.tar.gz/pypi-distutils.patch'
cairosvg not found, trying CairoSVG
Warning, the following versions were found for CairoSVG
1.0.14
1.0.13
1.0.12
1.0.11
1.0.10
1.0.9
1.0.8
1.0.7
1.0.6
1.0.5
1.0.4
1.0.3
1.0.2
1.0.1
1.0
0.5
0.4.4
0.4.3
0.4.2
0.4.1
0.4
0.3.1
0.3
0.2
0.1.2
0.1.1
0.1
Using 1.0.14
Use --version to specify a different version.
Using url https://pypi.python.org/packages/source/C/CairoSVG/CairoSVG-1.0.14.tar.gz (29 KB) for CairoSVG.
Downloading CairoSVG (use --no-download to skip this step)
CairoSVG-1.0.1   0% |                              | ETA:  --:--:--   0.00  B/sCairoSVG-1.0.1  54% |################               | ETA:  0:00:00  32.77 MB/sCairoSVG-1.0.1 100% |###############################| ETA:  0:00:00  41.78 MB/sCairoSVG-1.0.1 100% |###############################| Time: 0:00:00  30.66 MB/s
Unpacking CairoSVG...
done
working in /tmp/tmp1jb1KRconda_skeleton_CairoSVG-1.0.14.tar.gz
Solving package specifications: .patching file core.py
Hunk #1 succeeded at 168 with fuzz 2 (offset 2 lines).

Applying patch: '/tmp/tmp1jb1KRconda_skeleton_CairoSVG-1.0.14.tar.gz/pypi-distutils.patch'
Warning, the following versions were found for cairocffi
0.7
0.6
0.5.4
0.5.3
0.5.2
0.5.1
0.5
0.4.3
0.4.2
0.4.1
0.4
0.3.2
0.3.1
0.3
0.2
0.1
Using 0.7
Use --version to specify a different version.
Using url https://pypi.python.org/packages/source/c/cairocffi/cairocffi-0.7.tar.gz (74 KB) for cairocffi.
Downloading cairocffi (use --no-download to skip this step)
cairocffi-0.7.   0% |                              | ETA:  --:--:--   0.00  B/scairocffi-0.7.  21% |######                         | Time: 0:00:00  48.06 MB/scairocffi-0.7.  43% |#############                  | Time: 0:00:00  55.55 MB/scairocffi-0.7.  64% |####################           | Time: 0:00:00  44.24 MB/scairocffi-0.7.  86% |##########################     | Time: 0:00:00  48.51 MB/scairocffi-0.7. 100% |###############################| Time: 0:00:00  49.16 MB/scairocffi-0.7. 100% |###############################| Time: 0:00:00  44.87 MB/scairocffi-0.7. 100% |###############################| Time: 0:00:00  40.67 MB/s
Unpacking cairocffi...
done
working in /tmp/tmptWHFhzconda_skeleton_cairocffi-0.7.tar.gz
Solving package specifications: .patching file core.py
Hunk #1 succeeded at 168 with fuzz 2 (offset 2 lines).

Applying patch: '/tmp/tmptWHFhzconda_skeleton_cairocffi-0.7.tar.gz/pypi-distutils.patch'
Warning, the following versions were found for xcffib
0.3.2
0.3.1
0.3.0
0.2.5
0.2.4
0.2.2
0.2.1
0.2.0
0.1.11
0.1.10
0.1.9
0.1.8
0.1.7
0.1.6
0.1.5
v0.1.4
v0.1.3
v0.1.2
v0.1.1
Using 0.3.2
Use --version to specify a different version.
Using url https://pypi.python.org/packages/source/x/xcffib/xcffib-0.3.2.tar.gz (64 KB) for xcffib.
Downloading xcffib (use --no-download to skip this step)
xcffib-0.3.2.t   0% |                              | ETA:  --:--:--   0.00  B/sxcffib-0.3.2.t  25% |#######                        | Time: 0:00:00  48.46 MB/sxcffib-0.3.2.t  50% |###############                | Time: 0:00:00  54.98 MB/sxcffib-0.3.2.t  75% |#######################        | Time: 0:00:00  47.26 MB/sxcffib-0.3.2.t 100% |###############################| Time: 0:00:00  51.01 MB/sxcffib-0.3.2.t 100% |###############################| Time: 0:00:00  45.64 MB/sxcffib-0.3.2.t 100% |###############################| Time: 0:00:00  40.65 MB/s
Unpacking xcffib...
done
working in /tmp/tmp3uVZbzconda_skeleton_xcffib-0.3.2.tar.gz
Solving package specifications: .patching file core.py
Hunk #1 succeeded at 168 with fuzz 2 (offset 2 lines).

Applying patch: '/tmp/tmp3uVZbzconda_skeleton_xcffib-0.3.2.tar.gz/pypi-distutils.patch'
Writing recipe for xcffib
Writing recipe for cairosvg
Writing recipe for pygal
Writing recipe for cairocffi
Done
