Warning, the following versions were found for PyGithub
1.25.2
1.25.1
1.25.0
1.24.1
1.24.0
1.23.0
1.22.0
1.21.0
1.20.0
1.19.0
1.18.0
1.17.0
1.16.0
1.15.0
1.14.2
1.14.1
1.14.0
1.13.1
1.13.0
1.12.2
1.12.1
1.11.1
1.11.0
1.10.0
1.9.1
1.9.0
1.8.1
1.8.0
1.7
1.6
1.5
1.4
1.3
1.2
1.1
1.0
0.7
0.6
0.5
0.4
0.3
0.2
0.1
Using 1.25.2
Use --version to specify a different version.
Using url https://pypi.python.org/packages/source/P/PyGithub/PyGithub-1.25.2.tar.gz (2.5 MB) for PyGithub.
Downloading PyGithub (use --no-download to skip this step)
Using cached download
Unpacking PyGithub...
done
working in /tmp/tmpka5949conda_skeleton_PyGithub-1.25.2.tar.gz
Fetching package metadata: ......
Solving package specifications: .patching file core.py
Hunk #1 succeeded at 168 with fuzz 2 (offset 2 lines).

The following NEW packages will be INSTALLED:

    numpy:  1.9.2-py27_0
    pyyaml: 3.11-py27_0 

Linking packages ...
[                    ]|                                                  |   0%[numpy               ]|                                                  |   0%[pyyaml              ]|#########################                         |  50%[      COMPLETE      ]|##################################################| 100%
Applying patch: '/tmp/tmpka5949conda_skeleton_PyGithub-1.25.2.tar.gz/pypi-distutils.patch'
Writing recipe for pygithub
Done
