Warning, the following versions were found for pygraphviz
1.3rc2
1.3rc1
1.2
1.1
1.1rc1
1.0
1.0rc6
1.0rc5
1.0rc4
1.0rc3
1.0rc2
1.0rc1
0.99.1
0.99
0.37
0.36
0.35
0.34
0.33
0.32
0.22
0.21
0.2
Using 1.3rc2
Use --version to specify a different version.
Using url https://pypi.python.org/packages/source/p/pygraphviz/pygraphviz-1.3rc2.tar.gz (94 KB) for pygraphviz.
Downloading pygraphviz (use --no-download to skip this step)
Using cached download
Unpacking pygraphviz...
done
working in /tmp/tmp3WjzCQconda_skeleton_pygraphviz-1.3rc2.tar.gz
Fetching package metadata: ......
Solving package specifications: .patching file core.py
Hunk #1 succeeded at 168 with fuzz 2 (offset 2 lines).
/bin/sh: 1: pkg-config: not found
/bin/sh: 1: pkg-config: not found
Trying pkg-config
Trying dotneato-config
Failed to find dotneato-config

Your Graphviz installation could not be found.

    1) You don't have Graphviz installed:
       Install Graphviz (http://graphviz.org)

    2) Your Graphviz package might incomplete.
       Install the binary development subpackage (e.g. libgraphviz-dev or similar.)

    3) You are using Windows
       There are no PyGraphviz binary packages for Windows but you might be
       able to build it from this source.  See
       http://networkx.lanl.gov/pygraphviz/reference/faq.html

    If you think your installation is correct you will need to manually
    change the include_dirs and library_dirs variables in setup.py to
    point to the correct locations of your graphviz installation.

    The current setting of library_dirs and include_dirs is:
library_dirs=None
include_dirs=None

Traceback (most recent call last):
  File "setup.py", line 91, in <module>
    raise OSError("Error locating graphviz.")
OSError: Error locating graphviz.

Applying patch: '/tmp/tmp3WjzCQconda_skeleton_pygraphviz-1.3rc2.tar.gz/pypi-distutils.patch'
$PYTHONPATH = /tmp/tmp3WjzCQconda_skeleton_pygraphviz-1.3rc2.tar.gz/pygraphviz-1.3rc2
Error: command failed: /home/ubuntu/miniconda/envs/_build/bin/python setup.py install
