Warning, the following versions were found for pygtail
0.5.3
0.5.2
0.5.1
0.5.0
0.4.0
0.3.0
0.2.2
0.2.1
0.2
Using 0.5.3
Use --version to specify a different version.
Using url https://pypi.python.org/packages/source/p/pygtail/pygtail-0.5.3.tar.gz (5 KB) for pygtail.
Downloading pygtail (use --no-download to skip this step)
Using cached download
Unpacking pygtail...
done
working in /tmp/tmp8UjlT1conda_skeleton_pygtail-0.5.3.tar.gz
Fetching package metadata: ......
Solving package specifications: .patching file core.py
Hunk #1 succeeded at 168 with fuzz 2 (offset 2 lines).
Traceback (most recent call last):
  File "setup.py", line 2, in <module>
    from setuptools import setup
ImportError: No module named setuptools

The following NEW packages will be INSTALLED:

    numpy:  1.9.2-py27_0
    pyyaml: 3.11-py27_0 

Linking packages ...
[                    ]|                                                  |   0%[numpy               ]|                                                  |   0%[pyyaml              ]|#########################                         |  50%[      COMPLETE      ]|##################################################| 100%
Applying patch: '/tmp/tmp8UjlT1conda_skeleton_pygtail-0.5.3.tar.gz/pypi-distutils.patch'
$PYTHONPATH = /tmp/tmp8UjlT1conda_skeleton_pygtail-0.5.3.tar.gz/pygtail-0.5.3
Error: command failed: /home/ubuntu/miniconda/envs/_build/bin/python setup.py install
