Warning, the following versions were found for PyHamcrest
1.8.3
1.8.2
1.8.1
1.8.0
1.7.2
1.7.1
1.7
1.6
1.5
1.4
1.3
1.2.1
1.1
1.0
Using 1.8.3
Use --version to specify a different version.
Using url https://pypi.python.org/packages/source/P/PyHamcrest/PyHamcrest-1.8.3.tar.gz (367 KB) for PyHamcrest.
Downloading PyHamcrest (use --no-download to skip this step)
Using cached download
Unpacking PyHamcrest...
done
working in /tmp/tmp3sXfOlconda_skeleton_PyHamcrest-1.8.3.tar.gz
Fetching package metadata: ......
Solving package specifications: .patching file core.py
Hunk #1 succeeded at 168 with fuzz 2 (offset 2 lines).
Traceback (most recent call last):
  File "setup.py", line 13, in <module>
    from distribute_setup import use_setuptools
ImportError: No module named distribute_setup

Applying patch: '/tmp/tmp3sXfOlconda_skeleton_PyHamcrest-1.8.3.tar.gz/pypi-distutils.patch'
$PYTHONPATH = /tmp/tmp3sXfOlconda_skeleton_PyHamcrest-1.8.3.tar.gz/PyHamcrest-1.8.3
Error: command failed: /home/ubuntu/miniconda/envs/_build/bin/python setup.py install
