Warning, the following versions were found for pyinotify
0.9.6
0.9.5
0.9.4
0.9.3
0.9.2
0.9.1
0.9.0
Using 0.9.6
Use --version to specify a different version.
Using url https://pypi.python.org/packages/source/p/pyinotify/pyinotify-0.9.6.tar.gz (60 KB) for pyinotify.
Downloading pyinotify (use --no-download to skip this step)
Unpacking pyinotify...
done
working in /tmp/tmpTR9nqpconda_skeleton_pyinotify-0.9.6.tar.gz
Fetching package metadata: ......
Solving package specifications: .patching file core.py
Hunk #1 succeeded at 168 with fuzz 2 (offset 2 lines).

The following NEW packages will be INSTALLED:

    numpy:  1.9.2-py27_0
    pyyaml: 3.11-py27_0 

Linking packages ...
[                    ]|                                                  |   0%[numpy               ]|                                                  |   0%[pyyaml              ]|#########################                         |  50%[      COMPLETE      ]|##################################################| 100%
Applying patch: '/tmp/tmpTR9nqpconda_skeleton_pyinotify-0.9.6.tar.gz/pypi-distutils.patch'
Writing recipe for pyinotify
Done
