Warning, the following versions were found for PyInstaller
2.1
2.0
1.5.1
1.5
Using 2.1
Use --version to specify a different version.
Using url https://pypi.python.org/packages/source/P/PyInstaller/PyInstaller-2.1.tar.gz (4.6 MB) for PyInstaller.
Downloading PyInstaller (use --no-download to skip this step)
Using cached download
Unpacking PyInstaller...
done
working in /tmp/tmpc6YGeZconda_skeleton_PyInstaller-2.1.tar.gz
Fetching package metadata: ......
Solving package specifications: .patching file core.py
Hunk #1 succeeded at 168 with fuzz 2 (offset 2 lines).
Traceback (most recent call last):
  File "setup.py", line 14, in <module>
    from setuptools import setup, find_packages
ImportError: No module named setuptools

The following NEW packages will be INSTALLED:

    numpy:  1.9.2-py27_0
    pyyaml: 3.11-py27_0 

Linking packages ...
[                    ]|                                                  |   0%[numpy               ]|                                                  |   0%[pyyaml              ]|#########################                         |  50%[      COMPLETE      ]|##################################################| 100%
Applying patch: '/tmp/tmpc6YGeZconda_skeleton_PyInstaller-2.1.tar.gz/pypi-distutils.patch'
$PYTHONPATH = /tmp/tmpc6YGeZconda_skeleton_PyInstaller-2.1.tar.gz/PyInstaller-2.1
Error: command failed: /home/ubuntu/miniconda/envs/_build/bin/python setup.py install
