Warning, the following versions were found for pylibftdi
0.15.0
0.14.2
0.14.1
0.14
0.13
0.12
0.11
0.10.3
0.10.2
0.10.1
0.10
0.9
0.8.1
0.8
0.7
0.6
0.5
0.4.1
0.4
0.3
Using 0.15.0
Use --version to specify a different version.
Using url https://pypi.python.org/packages/source/p/pylibftdi/pylibftdi-0.15.0.tar.gz (25 KB) for pylibftdi.
Downloading pylibftdi (use --no-download to skip this step)
Using cached download
Unpacking pylibftdi...
done
working in /tmp/tmplKZ0VSconda_skeleton_pylibftdi-0.15.0.tar.gz
Fetching package metadata: ......
Solving package specifications: .patching file core.py
Hunk #1 succeeded at 168 with fuzz 2 (offset 2 lines).

Applying patch: '/tmp/tmplKZ0VSconda_skeleton_pylibftdi-0.15.0.tar.gz/pypi-distutils.patch'
Writing recipe for pylibftdi
Done
