Warning, the following versions were found for pylibmc
1.4.3
1.4.2
1.4.1
1.4.0
1.3.0
1.2.3
1.2.2
1.2.1
1.2.0
1.1.1
1.1
1.0
1.0-beta
1.0-alpha
0.9.2
0.9.1
0.9
0.8.2
0.8.1
0.8
0.7.4
0.7.3
0.7.2
0.7.1
0.7
0.6.1
0.6
0.5.5
0.5.4
0.5.3
0.5.2
0.5.1
0.5
0.4
0.3
0.2
Using 1.4.3
Use --version to specify a different version.
Using url https://pypi.python.org/packages/source/p/pylibmc/pylibmc-1.4.3.tar.gz (52 KB) for pylibmc.
Downloading pylibmc (use --no-download to skip this step)
Using cached download
Unpacking pylibmc...
done
working in /tmp/tmpSBT8QGconda_skeleton_pylibmc-1.4.3.tar.gz
Fetching package metadata: ......
Solving package specifications: .patching file core.py
Hunk #1 succeeded at 168 with fuzz 2 (offset 2 lines).

Applying patch: '/tmp/tmpSBT8QGconda_skeleton_pylibmc-1.4.3.tar.gz/pypi-distutils.patch'
Writing recipe for pylibmc
Done
