Package search: {'_pypi_ordering': False, 'version': '1.4.3', 'name': 'pylibmc', 'summary': 'Quick and small memcached client for Python'}
Fetching package metadata: ....
Removing old build directory
Removing old work directory
BUILD START: pylibmc-1.4.3-py27_0
Fetching package metadata: ......
Solving package specifications: .+ pip install pylibmc
Collecting pylibmc
  Downloading http://localhost/packages/source/p/pylibmc/pylibmc-1.4.2.tar.gz (53kB)
Installing collected packages: pylibmc
  Running setup.py install for pylibmc
    Complete output from command /home/ubuntu/miniconda/envs/_build/bin/python -c "import setuptools, tokenize;__file__='/tmp/pip-build-gg74zZ/pylibmc/setup.py';exec(compile(getattr(tokenize, 'open', open)(__file__).read().replace('\r\n', '\n'), __file__, 'exec'))" install --record /tmp/pip-5coTH7-record/install-record.txt --single-version-externally-managed --compile:
    running install
    running build
    running build_py
    creating build
    creating build/lib.linux-x86_64-2.7
    creating build/lib.linux-x86_64-2.7/pylibmc
    copying src/pylibmc/__main__.py -> build/lib.linux-x86_64-2.7/pylibmc
    copying src/pylibmc/consts.py -> build/lib.linux-x86_64-2.7/pylibmc
    copying src/pylibmc/pools.py -> build/lib.linux-x86_64-2.7/pylibmc
    copying src/pylibmc/client.py -> build/lib.linux-x86_64-2.7/pylibmc
    copying src/pylibmc/__init__.py -> build/lib.linux-x86_64-2.7/pylibmc
    copying src/pylibmc/test.py -> build/lib.linux-x86_64-2.7/pylibmc
    running build_ext
    building '_pylibmc' extension
    creating build/temp.linux-x86_64-2.7
    creating build/temp.linux-x86_64-2.7/src
    gcc -pthread -fno-strict-aliasing -g -O2 -DNDEBUG -g -fwrapv -O3 -Wall -Wstrict-prototypes -fPIC -DUSE_ZLIB -I/home/ubuntu/miniconda/envs/_build/include/python2.7 -c src/_pylibmcmodule.c -o build/temp.linux-x86_64-2.7/src/_pylibmcmodule.o -fno-strict-aliasing
    In file included from src/_pylibmcmodule.c:34:0:
    src/_pylibmcmodule.h:42:36: fatal error: libmemcached/memcached.h: No such file or directory
     #include <libmemcached/memcached.h>
                                        ^
    compilation terminated.
    error: command 'gcc' failed with exit status 1
    
    ----------------------------------------
Command "/home/ubuntu/miniconda/envs/_build/bin/python -c "import setuptools, tokenize;__file__='/tmp/pip-build-gg74zZ/pylibmc/setup.py';exec(compile(getattr(tokenize, 'open', open)(__file__).read().replace('\r\n', '\n'), __file__, 'exec'))" install --record /tmp/pip-5coTH7-record/install-record.txt --single-version-externally-managed --compile" failed with error code 1 in /tmp/pip-build-gg74zZ/pylibmc

The following NEW packages will be INSTALLED:

    openssl:    1.0.1k-1    
    pip:        7.0.3-py27_0
    python:     2.7.10-0    
    readline:   6.2-2       
    setuptools: 17.0-py27_0 
    sqlite:     3.8.4.1-1   
    system:     5.8-2       
    tk:         8.5.18-0    
    zlib:       1.2.8-0     

Linking packages ...
[                    ]|                                                  |   0%[openssl             ]|                                                  |   0%[readline            ]|#####                                             |  11%[sqlite              ]|###########                                       |  22%[system              ]|################                                  |  33%[tk                  ]|######################                            |  44%[zlib                ]|###########################                       |  55%[python              ]|#################################                 |  66%[setuptools          ]|######################################            |  77%[pip                 ]|############################################      |  88%[      COMPLETE      ]|##################################################| 100%
Removing old work directory
Copying /home/ubuntu/pypi-conda-builds/pylibmc to /home/ubuntu/miniconda/conda-bld/work
Package: pylibmc-1.4.3-py27_0
source tree in: /home/ubuntu/miniconda/conda-bld/work
Command failed: /bin/bash -x -e /home/ubuntu/pypi-conda-builds/pylibmc/build.sh
Creating standard recipe for pylibmc-1.4.3
Converting recipe in /home/ubuntu/pypi-conda-builds/pylibmc
package = pylibmc
   dependencies = []
Building conda package for pylibmc
