Warning, the following versions were found for pymatgen
3.0.13
3.0.12
3.0.11
3.0.10
3.0.9
3.0.8
3.0.7
3.0.6
3.0.5
3.0.4
3.0.3
3.0.2
3.0.1
3.0.0
2.10.6
2.10.5
2.10.4
2.10.3
2.10.2
2.10.1
2.10.0
2.9.14
2.9.13
2.9.12
2.9.11
2.9.10
2.9.9
2.9.8
2.9.7
2.9.6
2.9.5
2.9.4
2.9.3
2.9.2
2.9.1
2.9.0
2.8.10
2.8.9
2.8.8
2.8.7
2.8.6
2.8.5
2.8.3
2.8.2
2.8.1
2.8.0
2.7.9
2.7.8
2.7.7
2.7.6
2.7.5
2.7.4
2.7.3
2.7.2b
2.7.1
2.7.0
2.6.6
2.6.5
2.6.4
2.6.3
2.6.2
2.6.1
2.5.5
2.5.4
2.5.3
2.5.2
2.5.1
2.5.0
2.4.3
2.4.2
2.4.1
2.4.0
2.3.2
2.3.1
2.3.0
2.2.6
2.2.4
2.2.3
2.2.2
2.2.1
2.2.0
2.1.2
2.1.0
2.0.0
1.9.0
1.8.3
1.8.2
1.8.0
1.7.2
1.7.0
1.6.0
1.5.0
1.2.9
1.2.8
1.2.4
1.2.3
1.2.2
1.2.1
1.2.0
1.1.2
1.1.1
1.1.0
1.0.5
1.0.4
Using 3.0.13
Use --version to specify a different version.
Using url https://pypi.python.org/packages/source/p/pymatgen/pymatgen-3.0.13.tar.gz (911 KB) for pymatgen.
Downloading pymatgen (use --no-download to skip this step)
Using cached download
Unpacking pymatgen...
done
working in /tmp/tmpyeEzSyconda_skeleton_pymatgen-3.0.13.tar.gz
Fetching package metadata: ......
Solving package specifications: .patching file core.py
Hunk #1 succeeded at 168 with fuzz 2 (offset 2 lines).
Traceback (most recent call last):
  File "setup.py", line 7, in <module>
    from setuptools import setup, find_packages, Extension
ImportError: No module named setuptools

The following NEW packages will be INSTALLED:

    numpy:  1.9.2-py27_0
    pyyaml: 3.11-py27_0 

Linking packages ...
[                    ]|                                                  |   0%[numpy               ]|                                                  |   0%[pyyaml              ]|#########################                         |  50%[      COMPLETE      ]|##################################################| 100%
Applying patch: '/tmp/tmpyeEzSyconda_skeleton_pymatgen-3.0.13.tar.gz/pypi-distutils.patch'
$PYTHONPATH = /tmp/tmpyeEzSyconda_skeleton_pymatgen-3.0.13.tar.gz/pymatgen-3.0.13
Error: command failed: /home/ubuntu/miniconda/envs/_build/bin/python setup.py install
