Warning, the following versions were found for pymongo
3.0.2
3.0.1
3.0
2.8.1
2.8
2.7.2
2.7.1
2.7
2.6.3
2.6.2
2.6.1
2.6
2.5.2
2.5.1
2.5
2.4.2
2.4.1
2.4
2.3
2.2.1
2.2
2.1.1
2.1
2.0.1
2.0
1.11
1.10.1
1.10
1.9
1.8.1
1.8
1.7
1.6
1.5.2
1.5.1
1.5
1.4
1.3
1.2.1
1.2
1.1.2
1.1.1
1.1
1.0
0.16
0.15.2
0.15.1
0.15
0.14.2
0.14.1
0.14
0.13
0.12
0.11.3
0.11.2
0.11.1
0.11
0.10.3
0.10.2
0.10.1
0.10
0.9.7
0.9.6
0.9.5
0.9.4
0.9.3
0.9.2
0.9.1
0.9
0.8.1
0.8
0.7.2
0.7.1
0.7
0.6
0.5.3pre
0.5.2pre
0.5.1pre
0.5pre
0.4pre
0.3.1pre
0.3pre
0.2pre
0.1.2pre
0.1.1pre
0.1pre
Using 3.0.2
Use --version to specify a different version.
Using url https://pypi.python.org/packages/source/p/pymongo/pymongo-3.0.2.tar.gz (374 KB) for pymongo.
Downloading pymongo (use --no-download to skip this step)
Using cached download
Unpacking pymongo...
done
working in /tmp/tmpEX5bSHconda_skeleton_pymongo-3.0.2.tar.gz
Fetching package metadata: ......
Solving package specifications: .patching file core.py
Hunk #1 succeeded at 168 with fuzz 2 (offset 2 lines).

Applying patch: '/tmp/tmpEX5bSHconda_skeleton_pymongo-3.0.2.tar.gz/pypi-distutils.patch'
Writing recipe for pymongo
Done
