Warning, the following versions were found for pymssql
2.1.1
2.1.0
2.0.1
2.0.0
1.0.3
1.0.2
1.0.1
1.0.0
0.7.4
0.7.1
0.6.0
0.5.2
Using 2.1.1
Use --version to specify a different version.
Using url https://pypi.python.org/packages/source/p/pymssql/pymssql-2.1.1.tar.gz (2.3 MB) for pymssql.
Downloading pymssql (use --no-download to skip this step)
Using cached download
Unpacking pymssql...
done
working in /tmp/tmpUyCDbRconda_skeleton_pymssql-2.1.1.tar.gz
Fetching package metadata: ......
Solving package specifications: .patching file core.py
Hunk #1 succeeded at 168 with fuzz 2 (offset 2 lines).

---------------------------------------------------------------------------
This script requires setuptools version 0.6c9 to run (even to display
help).  I will attempt to download it for you (from
http://pypi.python.org/packages/2.7/s/setuptools/), but
you may need to enable firewall access for this script first.
I will start the download in 15 seconds.

(Note: if this machine does not have network access, please obtain the file

   http://pypi.python.org/packages/2.7/s/setuptools/setuptools-0.6c9-py2.7.egg

and place it in this directory before rerunning this script.)
---------------------------------------------------------------------------
Downloading http://pypi.python.org/packages/2.7/s/setuptools/setuptools-0.6c9-py2.7.egg
Traceback (most recent call last):
  File "setup.py", line 45, in <module>
    ez_setup.use_setuptools()
  File "/tmp/tmpUyCDbRconda_skeleton_pymssql-2.1.1.tar.gz/pymssql-2.1.1/ez_setup.py", line 95, in use_setuptools
    return do_download()       
  File "/tmp/tmpUyCDbRconda_skeleton_pymssql-2.1.1.tar.gz/pymssql-2.1.1/ez_setup.py", line 89, in do_download
    egg = download_setuptools(version, download_base, to_dir, download_delay)
  File "/tmp/tmpUyCDbRconda_skeleton_pymssql-2.1.1.tar.gz/pymssql-2.1.1/ez_setup.py", line 150, in download_setuptools
    src = urllib2.urlopen(url)
  File "/home/ubuntu/miniconda/envs/_build/lib/python2.7/urllib2.py", line 154, in urlopen
    return opener.open(url, data, timeout)
  File "/home/ubuntu/miniconda/envs/_build/lib/python2.7/urllib2.py", line 437, in open
    response = meth(req, response)
  File "/home/ubuntu/miniconda/envs/_build/lib/python2.7/urllib2.py", line 550, in http_response
    'http', request, response, code, msg, hdrs)
  File "/home/ubuntu/miniconda/envs/_build/lib/python2.7/urllib2.py", line 469, in error
    result = self._call_chain(*args)
  File "/home/ubuntu/miniconda/envs/_build/lib/python2.7/urllib2.py", line 409, in _call_chain
    result = func(*args)
  File "/home/ubuntu/miniconda/envs/_build/lib/python2.7/urllib2.py", line 656, in http_error_302
    return self.parent.open(new, timeout=req.timeout)
  File "/home/ubuntu/miniconda/envs/_build/lib/python2.7/urllib2.py", line 437, in open
    response = meth(req, response)
  File "/home/ubuntu/miniconda/envs/_build/lib/python2.7/urllib2.py", line 550, in http_response
    'http', request, response, code, msg, hdrs)
  File "/home/ubuntu/miniconda/envs/_build/lib/python2.7/urllib2.py", line 475, in error
    return self._call_chain(*args)
  File "/home/ubuntu/miniconda/envs/_build/lib/python2.7/urllib2.py", line 409, in _call_chain
    result = func(*args)
  File "/home/ubuntu/miniconda/envs/_build/lib/python2.7/urllib2.py", line 558, in http_error_default
    raise HTTPError(req.get_full_url(), code, msg, hdrs, fp)
urllib2.HTTPError: HTTP Error 404: Not Found

Applying patch: '/tmp/tmpUyCDbRconda_skeleton_pymssql-2.1.1.tar.gz/pypi-distutils.patch'
$PYTHONPATH = /tmp/tmpUyCDbRconda_skeleton_pymssql-2.1.1.tar.gz/pymssql-2.1.1
Error: command failed: /home/ubuntu/miniconda/envs/_build/bin/python setup.py install
