Warning, the following versions were found for pyobjc-core
3.0.4
3.0.3
3.0.1
2.5.1
2.4
2.3
2.2
2.2b2
2.2b1
Using 3.0.4
Use --version to specify a different version.
Using url https://pypi.python.org/packages/source/p/pyobjc-core/pyobjc-core-3.0.4.tar.gz (2.1 MB) for pyobjc-core.
Downloading pyobjc-core (use --no-download to skip this step)
Using cached download
Unpacking pyobjc-core...
done
working in /tmp/tmpUm5fcGconda_skeleton_pyobjc-core-3.0.4.tar.gz
Fetching package metadata: ......
Solving package specifications: .patching file core.py
Hunk #1 succeeded at 168 with fuzz 2 (offset 2 lines).
Traceback (most recent call last):
  File "setup.py", line 47, in <module>
    tuple(map(int, platform.mac_ver()[0].split('.')[:2]))),
ValueError: invalid literal for int() with base 10: ''

Applying patch: '/tmp/tmpUm5fcGconda_skeleton_pyobjc-core-3.0.4.tar.gz/pypi-distutils.patch'
$PYTHONPATH = /tmp/tmpUm5fcGconda_skeleton_pyobjc-core-3.0.4.tar.gz/pyobjc-core-3.0.4
Error: command failed: /home/ubuntu/miniconda/envs/_build/bin/python setup.py install
