Warning, the following versions were found for pyodbc
3.0.10
3.0.9
3.0.8
3.0.7
3.0.6
3.0.3
3.0.3-beta01
3.0.2
2.1.11
2.1.10
2.1.8
2.1.7
2.1.6
2.1.3
2.1.1
Using 3.0.10
Use --version to specify a different version.
Using url https://pypi.python.org/packages/source/p/pyodbc/pyodbc-3.0.10.tar.gz (67 KB) for pyodbc.
Downloading pyodbc (use --no-download to skip this step)
Using cached download
Unpacking pyodbc...
done
working in /tmp/tmpmVjmSrconda_skeleton_pyodbc-3.0.10.tar.gz
Fetching package metadata: ......
Solving package specifications: .patching file core.py
Hunk #1 succeeded at 168 with fuzz 2 (offset 2 lines).

Applying patch: '/tmp/tmpmVjmSrconda_skeleton_pyodbc-3.0.10.tar.gz/pypi-distutils.patch'
Writing recipe for pyodbc
Done
