Package search: {'_pypi_ordering': False, 'version': '0.15.1', 'name': 'pyOpenSSL', 'summary': 'Python wrapper module around the OpenSSL library'}
Fetching package metadata: ....
Removing old build directory
Removing old work directory
BUILD START: pyopenssl-0.15.1-py27_0
Fetching package metadata: ......
Solving package specifications: .+ pip install pyOpenSSL
Collecting pyOpenSSL
  Downloading http://localhost/packages/py2.py3/p/pyOpenSSL/pyOpenSSL-0.15.1-py2.py3-none-any.whl (102kB)
Requirement already satisfied (use --upgrade to upgrade): six>=1.5.2 in /home/ubuntu/miniconda/envs/_build/lib/python2.7/site-packages (from pyOpenSSL)
Requirement already satisfied (use --upgrade to upgrade): cryptography>=0.7 in /home/ubuntu/miniconda/envs/_build/lib/python2.7/site-packages/cryptography-0.8.2-py2.7-linux-x86_64.egg (from pyOpenSSL)
Requirement already satisfied (use --upgrade to upgrade): pyasn1 in /home/ubuntu/miniconda/envs/_build/lib/python2.7/site-packages/pyasn1-0.1.7-py2.7.egg (from cryptography>=0.7->pyOpenSSL)
Requirement already satisfied (use --upgrade to upgrade): setuptools in /home/ubuntu/miniconda/envs/_build/lib/python2.7/site-packages/setuptools-17.0-py2.7.egg (from cryptography>=0.7->pyOpenSSL)
Requirement already satisfied (use --upgrade to upgrade): enum34 in /home/ubuntu/miniconda/envs/_build/lib/python2.7/site-packages (from cryptography>=0.7->pyOpenSSL)
Requirement already satisfied (use --upgrade to upgrade): cffi>=0.8 in /home/ubuntu/miniconda/envs/_build/lib/python2.7/site-packages (from cryptography>=0.7->pyOpenSSL)
Requirement already satisfied (use --upgrade to upgrade): pycparser in /home/ubuntu/miniconda/envs/_build/lib/python2.7/site-packages (from cffi>=0.8->cryptography>=0.7->pyOpenSSL)
Installing collected packages: pyOpenSSL
Successfully installed pyOpenSSL-0.15.1

The following NEW packages will be INSTALLED:

    cffi:         1.1.0-py27_0
    cryptography: 0.8.2-py27_0
    enum34:       1.0.4-py27_0
    libffi:       3.0.13-0    
    openssl:      1.0.1k-1    
    pip:          7.0.3-py27_0
    pyasn1:       0.1.7-py27_0
    pycparser:    2.13-py27_0 
    python:       2.7.10-0    
    readline:     6.2-2       
    setuptools:   17.0-py27_0 
    six:          1.9.0-py27_0
    sqlite:       3.8.4.1-1   
    system:       5.8-2       
    tk:           8.5.18-0    
    zlib:         1.2.8-0     

Linking packages ...
[                    ]|                                                  |   0%[libffi              ]|                                                  |   0%[openssl             ]|###                                               |   6%[readline            ]|######                                            |  12%[sqlite              ]|#########                                         |  18%[system              ]|############                                      |  25%[tk                  ]|###############                                   |  31%[zlib                ]|##################                                |  37%[enum34              ]|#####################                             |  43%[pyasn1              ]|#########################                         |  50%[pycparser           ]|############################                      |  56%[cffi                ]|###############################                   |  62%[python              ]|##################################                |  68%[setuptools          ]|#####################################             |  75%[six                 ]|########################################          |  81%[cryptography        ]|###########################################       |  87%[pip                 ]|##############################################    |  93%[      COMPLETE      ]|##################################################| 100%
Removing old work directory
Copying /home/ubuntu/pypi-conda-builds/pyopenssl to /home/ubuntu/miniconda/conda-bld/work
Package: pyopenssl-0.15.1-py27_0
source tree in: /home/ubuntu/miniconda/conda-bld/work
number of files: 34
Fixing permissions
Fixing permissions
BUILD END: pyopenssl-0.15.1-py27_0
# If you want to upload this package to binstar.org later, type:
#
# $ binstar upload /home/ubuntu/miniconda/conda-bld/linux-64/pyopenssl-0.15.1-py27_0.tar.bz2
#
# To have conda build upload to binstar automatically, use
# $ conda config --set binstar_upload yes

Creating standard recipe for pyopenssl-0.15.1
Converting recipe in /home/ubuntu/pypi-conda-builds/pyopenssl
package = pyOpenSSL
   dependencies = [u'cryptography >=0.7', u'six >=1.5.2']
Building conda package for pyopenssl
