Package search: {'_pypi_ordering': False, 'version': '1.23', 'name': 'PyPDF2', 'summary': 'PDF toolkit'}
Fetching package metadata: ....
Removing old build directory
Removing old work directory
BUILD START: pypdf2-1.24-py27_0
Fetching package metadata: ......
Solving package specifications: .+ pip install PyPDF2
Collecting PyPDF2
  Downloading http://localhost/packages/source/P/PyPDF2/PyPDF2-1.24.tar.gz (59kB)
Installing collected packages: PyPDF2
  Running setup.py install for PyPDF2
Successfully installed PyPDF2-1.24

The following NEW packages will be INSTALLED:

    openssl:    1.0.1k-1    
    pip:        7.0.3-py27_0
    python:     2.7.10-0    
    readline:   6.2-2       
    setuptools: 17.0-py27_0 
    sqlite:     3.8.4.1-1   
    system:     5.8-2       
    tk:         8.5.18-0    
    zlib:       1.2.8-0     

Linking packages ...
[                    ]|                                                  |   0%[openssl             ]|                                                  |   0%[readline            ]|#####                                             |  11%[sqlite              ]|###########                                       |  22%[system              ]|################                                  |  33%[tk                  ]|######################                            |  44%[zlib                ]|###########################                       |  55%[python              ]|#################################                 |  66%[setuptools          ]|######################################            |  77%[pip                 ]|############################################      |  88%[      COMPLETE      ]|##################################################| 100%
Removing old work directory
Copying /home/ubuntu/pypi-conda-builds/pypdf2 to /home/ubuntu/miniconda/conda-bld/work
Package: pypdf2-1.24-py27_0
source tree in: /home/ubuntu/miniconda/conda-bld/work
number of files: 23
Fixing permissions
Fixing permissions
BUILD END: pypdf2-1.24-py27_0
# If you want to upload this package to binstar.org later, type:
#
# $ binstar upload /home/ubuntu/miniconda/conda-bld/linux-64/pypdf2-1.24-py27_0.tar.bz2
#
# To have conda build upload to binstar automatically, use
# $ conda config --set binstar_upload yes

Creating standard recipe for pypdf2-1.24
Converting recipe in /home/ubuntu/pypi-conda-builds/pypdf2
package = PyPDF2
   dependencies = []
Building conda package for pypdf2
