Warning, the following versions were found for pypiserver
1.1.7
1.1.7-rc.1
1.1.6
1.1.5
1.1.4
1.1.3
1.1.2
1.1.1
1.1.0
1.0.1
1.0.0
0.6.1
0.6.0
0.5.2
0.5.1
0.5.0
0.4.1
0.4.0
0.3.0
0.2.0
0.1.3
0.1.2
0.1.1
0.1.0
Using 1.1.7
Use --version to specify a different version.
Using url https://pypi.python.org/packages/source/p/pypiserver/pypiserver-1.1.7.zip (84 KB) for pypiserver.
Downloading pypiserver (use --no-download to skip this step)
Using cached download
Unpacking pypiserver...
done
working in /tmp/tmpA4dL8Bconda_skeleton_pypiserver-1.1.7.zip
Fetching package metadata: ......
Solving package specifications: .patching file core.py
Hunk #1 succeeded at 168 with fuzz 2 (offset 2 lines).

Applying patch: '/tmp/tmpA4dL8Bconda_skeleton_pypiserver-1.1.7.zip/pypi-distutils.patch'
Writing recipe for pypiserver
Done
