Warning, the following versions were found for pyproj
1.9.4
1.9.3
1.9.2
1.9.0
1.8.9
1.8.8
1.8.7
1.8.6
1.8.5
1.8.4
1.8.3
1.8.2
1.8.1
1.8.0
Using 1.9.4
Use --version to specify a different version.
Using url https://pypi.python.org/packages/source/p/pyproj/pyproj-1.9.4.tar.gz (7.5 MB) for pyproj.
Downloading pyproj (use --no-download to skip this step)
Using cached download
Unpacking pyproj...
done
working in /tmp/tmpjGE_XDconda_skeleton_pyproj-1.9.4.tar.gz
Fetching package metadata: ......
Solving package specifications: .patching file core.py
Hunk #1 succeeded at 168 with fuzz 2 (offset 2 lines).
In file included from src/projects.h:287:0,
                 from nad2bin.c:7:
src/proj_api.h:137:1: warning: function declaration isn't a prototype [-Wstrict-prototypes]
 projFileAPI *pj_get_default_fileapi();
 ^
In file included from nad2bin.c:7:0:
src/projects.h:476:1: warning: function declaration isn't a prototype [-Wstrict-prototypes]
 void pj_deallocate_grids();
 ^
nad2bin.c:46:13: warning: function declaration isn't a prototype [-Wstrict-prototypes]
 static void Usage()
             ^
In file included from src/projects.h:287:0,
                 from src/pj_malloc.c:5:
src/proj_api.h:137:1: warning: function declaration isn't a prototype [-Wstrict-prototypes]
 projFileAPI *pj_get_default_fileapi();
 ^
In file included from src/pj_malloc.c:5:0:
src/projects.h:476:1: warning: function declaration isn't a prototype [-Wstrict-prototypes]
 void pj_deallocate_grids();
 ^
Output Binary File Format: ctable2
Output Binary File Format: ctable2
Output Binary File Format: ctable2
Output Binary File Format: ctable2
Output Binary File Format: ctable2
Output Binary File Format: ctable2
Output Binary File Format: ctable2
Output Binary File Format: ctable2
Output Binary File Format: ctable2
Output Binary File Format: ctable2
Output Binary File Format: ctable2
Output Binary File Format: ctable2
Output Binary File Format: ctable2
executing /tmp/tmpjGE_XDconda_skeleton_pyproj-1.9.4.tar.gz/pyproj-1.9.4/nad2bin lib/pyproj/data/TN < datumgrid/TN.llaexecuting /tmp/tmpjGE_XDconda_skeleton_pyproj-1.9.4.tar.gz/pyproj-1.9.4/nad2bin lib/pyproj/data/hawaii < datumgrid/hawaii.llaexecuting /tmp/tmpjGE_XDconda_skeleton_pyproj-1.9.4.tar.gz/pyproj-1.9.4/nad2bin lib/pyproj/data/stgeorge < datumgrid/stgeorge.llaexecuting /tmp/tmpjGE_XDconda_skeleton_pyproj-1.9.4.tar.gz/pyproj-1.9.4/nad2bin lib/pyproj/data/WI < datumgrid/WI.llaexecuting /tmp/tmpjGE_XDconda_skeleton_pyproj-1.9.4.tar.gz/pyproj-1.9.4/nad2bin lib/pyproj/data/null < datumgrid/null.llaexecuting /tmp/tmpjGE_XDconda_skeleton_pyproj-1.9.4.tar.gz/pyproj-1.9.4/nad2bin lib/pyproj/data/stpaul < datumgrid/stpaul.llaexecuting /tmp/tmpjGE_XDconda_skeleton_pyproj-1.9.4.tar.gz/pyproj-1.9.4/nad2bin lib/pyproj/data/prvi < datumgrid/prvi.llaexecuting /tmp/tmpjGE_XDconda_skeleton_pyproj-1.9.4.tar.gz/pyproj-1.9.4/nad2bin lib/pyproj/data/conus < datumgrid/conus.llaexecuting /tmp/tmpjGE_XDconda_skeleton_pyproj-1.9.4.tar.gz/pyproj-1.9.4/nad2bin lib/pyproj/data/WO < datumgrid/WO.llaexecuting /tmp/tmpjGE_XDconda_skeleton_pyproj-1.9.4.tar.gz/pyproj-1.9.4/nad2bin lib/pyproj/data/alaska < datumgrid/alaska.llaexecuting /tmp/tmpjGE_XDconda_skeleton_pyproj-1.9.4.tar.gz/pyproj-1.9.4/nad2bin lib/pyproj/data/MD < datumgrid/MD.llaexecuting /tmp/tmpjGE_XDconda_skeleton_pyproj-1.9.4.tar.gz/pyproj-1.9.4/nad2bin lib/pyproj/data/FL < datumgrid/FL.llaexecuting /tmp/tmpjGE_XDconda_skeleton_pyproj-1.9.4.tar.gz/pyproj-1.9.4/nad2bin lib/pyproj/data/stlrnc < datumgrid/stlrnc.lla
Applying patch: '/tmp/tmpjGE_XDconda_skeleton_pyproj-1.9.4.tar.gz/pypi-distutils.patch'
Writing recipe for pyproj
Done
