Removing old build directory
Removing old work directory
BUILD START: pyproj-1.9.4-py_0
Fetching package metadata: ......
Solving package specifications: .+ pip install pyproj
Collecting pyproj
  Downloading http://localhost/packages/source/p/pyproj/pyproj-1.9.4.tar.gz (7.8MB)
Installing collected packages: pyproj
  Running setup.py install for pyproj
Successfully installed pyproj-1.9.4

The following NEW packages will be INSTALLED:

    openssl:    1.0.1k-1    
    pip:        7.0.3-py27_0
    python:     2.7.10-0    
    readline:   6.2-2       
    setuptools: 17.0-py27_0 
    sqlite:     3.8.4.1-1   
    system:     5.8-2       
    tk:         8.5.18-0    
    zlib:       1.2.8-0     

Linking packages ...
[                    ]|                                                  |   0%[openssl             ]|                                                  |   0%[readline            ]|#####                                             |  11%[sqlite              ]|###########                                       |  22%[system              ]|################                                  |  33%[tk                  ]|######################                            |  44%[zlib                ]|###########################                       |  55%[python              ]|#################################                 |  66%[setuptools          ]|######################################            |  77%[pip                 ]|############################################      |  88%[      COMPLETE      ]|##################################################| 100%
Removing old work directory
Copying /home/ubuntu/pypi-conda-builds/pyproj to /home/ubuntu/miniconda/conda-bld/work
Package: pyproj-1.9.4-py_0
source tree in: /home/ubuntu/miniconda/conda-bld/work
number of files: 76
Fixing permissions
patchelf: file: /home/ubuntu/miniconda/envs/_build/lib/python2.7/site-packages/pyproj/_proj.so
    setting rpath to: $ORIGIN/../../..
[noarch_python] Error: Shared object file found: lib/python2.7/site-packages/pyproj/_proj.so
Package search: {'_pypi_ordering': False, 'version': '1.9.4', 'name': 'pyproj', 'summary': 'Python interface to PROJ.4 library'}
Creating standard recipe for pyproj-1.9.4
Converting recipe in /home/ubuntu/pypi-conda-builds/pyproj
package = pyproj
   dependencies = []
Building conda package for pyproj
