Warning, the following versions were found for pyquery
1.2.9
1.2.8
1.2.7
1.2.6
1.2.5
1.2.4
1.2.3
1.2.2
1.2.1
1.2
1.1.1
1.1
1.0
0.7
0.6.1
0.6
0.5
0.4
0.3.1
0.3
0.2
0.1dev
Using 1.2.9
Use --version to specify a different version.
Using url https://pypi.python.org/packages/source/p/pyquery/pyquery-1.2.9.zip (44 KB) for pyquery.
Downloading pyquery (use --no-download to skip this step)
Using cached download
Unpacking pyquery...
done
working in /tmp/tmpI0aISOconda_skeleton_pyquery-1.2.9.zip
Fetching package metadata: ......
Solving package specifications: .patching file core.py
Hunk #1 succeeded at 168 with fuzz 2 (offset 2 lines).

Applying patch: '/tmp/tmpI0aISOconda_skeleton_pyquery-1.2.9.zip/pypi-distutils.patch'
Writing recipe for pyquery
Done
