Warning, the following versions were found for pyrax
1.9.4
1.9.3
1.9.2
1.9.1
1.9.0
1.8.2
1.8.1
1.8.0
1.7.3
1.7.2
1.7.1
1.7.0
1.6.4
1.6.3
1.6.2
1.6.1
1.6.0
1.5.1
1.5.0
1.4.11
1.4.10
1.4.9
1.4.8
1.4.7
1.4.6
1.4.5
1.4.4
1.4.3
1.4.2
1.4.1
1.4.0
1.3.9
1.3.8
1.3.7
1.3.6
1.3.5
1.3.4
1.3.3
1.3.2
1.3.1
1.3.0
1.2.8
1.2.7
1.2.6
1.2.5
1.2.4
1.2.3
1.2.2
1.2.1
1.2.0
1.1.7b
1.1.6b
1.1.5b
1.1.4b
1.1.3b
1.1.2b
1.1.1b
1.0.4b
1.0.3b
1.0.2b
1.0.1b
1.0.0b
Using 1.9.4
Use --version to specify a different version.
Using url https://pypi.python.org/packages/source/p/pyrax/pyrax-1.9.4.tar.gz (305 KB) for pyrax.
Downloading pyrax (use --no-download to skip this step)
Using cached download
Unpacking pyrax...
done
working in /tmp/tmpTnS86Xconda_skeleton_pyrax-1.9.4.tar.gz
Fetching package metadata: ......
Solving package specifications: .patching file core.py
Hunk #1 succeeded at 168 with fuzz 2 (offset 2 lines).

The following NEW packages will be INSTALLED:

    numpy:  1.9.2-py27_0
    pyyaml: 3.11-py27_0 

Linking packages ...
[                    ]|                                                  |   0%[numpy               ]|                                                  |   0%[pyyaml              ]|#########################                         |  50%[      COMPLETE      ]|##################################################| 100%
Applying patch: '/tmp/tmpTnS86Xconda_skeleton_pyrax-1.9.4.tar.gz/pypi-distutils.patch'
Warning, the following versions were found for rackspace-novaclient
1.4
1.3
1.2
1.1
1.0
Using 1.4
Use --version to specify a different version.
Using url https://pypi.python.org/packages/source/r/rackspace-novaclient/rackspace-novaclient-1.4.tar.gz (2 KB) for rackspace-novaclient.
Downloading rackspace-novaclient (use --no-download to skip this step)
Using cached download
Unpacking rackspace-novaclient...
done
working in /tmp/tmpF1kKrrconda_skeleton_rackspace-novaclient-1.4.tar.gz
Solving package specifications: .patching file core.py
Hunk #1 succeeded at 168 with fuzz 2 (offset 2 lines).

Applying patch: '/tmp/tmpF1kKrrconda_skeleton_rackspace-novaclient-1.4.tar.gz/pypi-distutils.patch'
Warning, the following versions were found for rax_scheduled_images_python_novaclient_ext
0.3.1
0.3.0
0.2.2
0.2.1
0.2.0
0.1.1
0.1.0
Using 0.3.1
Use --version to specify a different version.
Using url https://pypi.python.org/packages/source/r/rax_scheduled_images_python_novaclient_ext/rax_scheduled_images_python_novaclient_ext-0.3.1.tar.gz (3 KB) for rax_scheduled_images_python_novaclient_ext.
Downloading rax_scheduled_images_python_novaclient_ext (use --no-download to skip this step)
Using cached download
Unpacking rax_scheduled_images_python_novaclient_ext...
done
working in /tmp/tmpiXtfuFconda_skeleton_rax_scheduled_images_python_novaclient_ext-0.3.1.tar.gz
Solving package specifications: .patching file core.py
Hunk #1 succeeded at 168 with fuzz 2 (offset 2 lines).

Applying patch: '/tmp/tmpiXtfuFconda_skeleton_rax_scheduled_images_python_novaclient_ext-0.3.1.tar.gz/pypi-distutils.patch'
Warning, the following versions were found for os_diskconfig_python_novaclient_ext
0.1.2
0.1.1
0.1.0
Using 0.1.2
Use --version to specify a different version.
Using url https://pypi.python.org/packages/source/o/os_diskconfig_python_novaclient_ext/os_diskconfig_python_novaclient_ext-0.1.2.tar.gz (2 KB) for os_diskconfig_python_novaclient_ext.
Downloading os_diskconfig_python_novaclient_ext (use --no-download to skip this step)
Using cached download
Unpacking os_diskconfig_python_novaclient_ext...
done
working in /tmp/tmpmHOYerconda_skeleton_os_diskconfig_python_novaclient_ext-0.1.2.tar.gz
Solving package specifications: .patching file core.py
Hunk #1 succeeded at 168 with fuzz 2 (offset 2 lines).

Applying patch: '/tmp/tmpmHOYerconda_skeleton_os_diskconfig_python_novaclient_ext-0.1.2.tar.gz/pypi-distutils.patch'
Warning, the following versions were found for rackspace-auth-openstack
1.3
1.2
1.1
1.0
Using 1.3
Use --version to specify a different version.
Using url https://pypi.python.org/packages/source/r/rackspace-auth-openstack/rackspace-auth-openstack-1.3.tar.gz (7 KB) for rackspace-auth-openstack.
Downloading rackspace-auth-openstack (use --no-download to skip this step)
Using cached download
Unpacking rackspace-auth-openstack...
done
working in /tmp/tmpMy3AOpconda_skeleton_rackspace-auth-openstack-1.3.tar.gz
Solving package specifications: .patching file core.py
Hunk #1 succeeded at 168 with fuzz 2 (offset 2 lines).

Applying patch: '/tmp/tmpMy3AOpconda_skeleton_rackspace-auth-openstack-1.3.tar.gz/pypi-distutils.patch'
Writing recipe for rackspace-auth-openstack
Writing recipe for rackspace-novaclient
Writing recipe for pyrax
Writing recipe for rax_scheduled_images_python_novaclient_ext
Writing recipe for os_diskconfig_python_novaclient_ext
Done
