Warning, the following versions were found for pyramid_tm
0.12
0.11
0.10
0.9
0.8
0.7
0.6
0.5
0.4
0.3
0.2.1
0.2
0.1
Using 0.12
Use --version to specify a different version.
Using url https://pypi.python.org/packages/source/p/pyramid_tm/pyramid_tm-0.12.tar.gz (24 KB) for pyramid_tm.
Downloading pyramid_tm (use --no-download to skip this step)
Using cached download
Unpacking pyramid_tm...
done
working in /tmp/tmpquKEaCconda_skeleton_pyramid_tm-0.12.tar.gz
Fetching package metadata: ......
Solving package specifications: .patching file core.py
Hunk #1 succeeded at 168 with fuzz 2 (offset 2 lines).
Traceback (most recent call last):
  File "setup.py", line 17, in <module>
    from setuptools import setup, find_packages
ImportError: No module named setuptools

Applying patch: '/tmp/tmpquKEaCconda_skeleton_pyramid_tm-0.12.tar.gz/pypi-distutils.patch'
$PYTHONPATH = /tmp/tmpquKEaCconda_skeleton_pyramid_tm-0.12.tar.gz/pyramid_tm-0.12
Error: command failed: /home/ubuntu/miniconda/envs/_build/bin/python setup.py install
