Warning, the following versions were found for pyramid
1.6a1
1.5.7
1.5.6
1.5.5
1.5.4
1.5.3
1.5.2
1.5.1
1.5
1.5b1
1.5a4
1.5a3
1.5a2
1.5a1
1.4.9
1.4.8
1.4.7
1.4.6
1.4.5
1.4.4
1.4.3
1.4.2
1.4.1
1.4
1.4b3
1.4b2
1.4b1
1.4a4
1.4a3
1.4a2
1.4a1
1.3.4
1.3.3
1.3.2
1.3.1
1.3
1.3b3
1.3b2
1.3b1
1.3a9
1.3a8
1.3a7
1.3a6
1.3a5
1.3a4
1.3a3
1.3a2
1.3a1
1.2.7
1.2.6
1.2.5
1.2.4
1.2.3
1.2.2
1.2.1
1.2
1.2b3
1.2b2
1.2b1
1.2a6
1.2a5
1.2a4
1.2a3
1.2a2
1.2a1
1.1.3
1.1.2
1.1.1
1.1
1.1b4
1.1b3
1.1b2
1.1b1
1.1a4
1.1a3
1.1a2
1.1a1
1.0.2
1.0.1
1.0
1.0b3
1.0b2
1.0b1
1.0a10
1.0a9
1.0a8
1.0a7
1.0a6
1.0a5
1.0a4
1.0a3
1.0a2
1.0a1
Using 1.6a1
Use --version to specify a different version.
Using url https://pypi.python.org/packages/source/p/pyramid/pyramid-1.6a1.tar.gz (2.6 MB) for pyramid.
Downloading pyramid (use --no-download to skip this step)
Using cached download
Unpacking pyramid...
done
working in /tmp/tmpkNcEMdconda_skeleton_pyramid-1.6a1.tar.gz
Fetching package metadata: ......
Solving package specifications: .patching file core.py
Hunk #1 succeeded at 168 with fuzz 2 (offset 2 lines).
Traceback (most recent call last):
  File "setup.py", line 18, in <module>
    from setuptools import setup, find_packages
ImportError: No module named setuptools

Applying patch: '/tmp/tmpkNcEMdconda_skeleton_pyramid-1.6a1.tar.gz/pypi-distutils.patch'
$PYTHONPATH = /tmp/tmpkNcEMdconda_skeleton_pyramid-1.6a1.tar.gz/pyramid-1.6a1
Error: command failed: /home/ubuntu/miniconda/envs/_build/bin/python setup.py install
