Warning, the following versions were found for pyramid_chameleon
0.3
0.1
Using 0.3
Use --version to specify a different version.
Using url https://pypi.python.org/packages/source/p/pyramid_chameleon/pyramid_chameleon-0.3.tar.gz (28 KB) for pyramid_chameleon.
Downloading pyramid_chameleon (use --no-download to skip this step)
Using cached download
Unpacking pyramid_chameleon...
done
working in /tmp/tmpfw91bJconda_skeleton_pyramid_chameleon-0.3.tar.gz
Fetching package metadata: ......
Solving package specifications: .patching file core.py
Hunk #1 succeeded at 168 with fuzz 2 (offset 2 lines).
Traceback (most recent call last):
  File "setup.py", line 3, in <module>
    from setuptools import setup, find_packages
ImportError: No module named setuptools

Applying patch: '/tmp/tmpfw91bJconda_skeleton_pyramid_chameleon-0.3.tar.gz/pypi-distutils.patch'
$PYTHONPATH = /tmp/tmpfw91bJconda_skeleton_pyramid_chameleon-0.3.tar.gz/pyramid_chameleon-0.3
Error: command failed: /home/ubuntu/miniconda/envs/_build/bin/python setup.py install
