Warning, the following versions were found for pyramid_mako
1.0.2
1.0.1
1.0
1.0a3
1.0a2
0.3.1
0.3
0.2
Using 1.0.2
Use --version to specify a different version.
Using url https://pypi.python.org/packages/source/p/pyramid_mako/pyramid_mako-1.0.2.tar.gz (37 KB) for pyramid_mako.
Downloading pyramid_mako (use --no-download to skip this step)
Using cached download
Unpacking pyramid_mako...
done
working in /tmp/tmpcfA1xkconda_skeleton_pyramid_mako-1.0.2.tar.gz
Fetching package metadata: ......
Solving package specifications: .patching file core.py
Hunk #1 succeeded at 168 with fuzz 2 (offset 2 lines).
Traceback (most recent call last):
  File "setup.py", line 17, in <module>
    from setuptools import setup, find_packages
ImportError: No module named setuptools

Applying patch: '/tmp/tmpcfA1xkconda_skeleton_pyramid_mako-1.0.2.tar.gz/pypi-distutils.patch'
$PYTHONPATH = /tmp/tmpcfA1xkconda_skeleton_pyramid_mako-1.0.2.tar.gz/pyramid_mako-1.0.2
Error: command failed: /home/ubuntu/miniconda/envs/_build/bin/python setup.py install
