Warning, the following versions were found for pyramid_beaker
0.8
0.7
0.6.1
0.6
0.5
0.4
0.3
0.2
0.1
Using 0.8
Use --version to specify a different version.
Using url https://pypi.python.org/packages/source/p/pyramid_beaker/pyramid_beaker-0.8.tar.gz (21 KB) for pyramid_beaker.
Downloading pyramid_beaker (use --no-download to skip this step)
Using cached download
Unpacking pyramid_beaker...
done
working in /tmp/tmpbfYNtJconda_skeleton_pyramid_beaker-0.8.tar.gz
Fetching package metadata: ......
Solving package specifications: .patching file core.py
Hunk #1 succeeded at 168 with fuzz 2 (offset 2 lines).

The following NEW packages will be INSTALLED:

    numpy:      1.9.2-py27_0
    openssl:    1.0.1k-1    
    pip:        7.0.3-py27_0
    python:     2.7.10-0    
    pyyaml:     3.11-py27_0 
    readline:   6.2-2       
    setuptools: 17.0-py27_0 
    sqlite:     3.8.4.1-1   
    system:     5.8-2       
    tk:         8.5.18-0    
    zlib:       1.2.8-0     

Linking packages ...
[                    ]|                                                  |   0%[openssl             ]|                                                  |   0%[readline            ]|####                                              |   9%[sqlite              ]|#########                                         |  18%[system              ]|#############                                     |  27%[tk                  ]|##################                                |  36%[zlib                ]|######################                            |  45%[numpy               ]|###########################                       |  54%[python              ]|###############################                   |  63%[pyyaml              ]|####################################              |  72%[setuptools          ]|########################################          |  81%[pip                 ]|#############################################     |  90%[      COMPLETE      ]|##################################################| 100%
Applying patch: '/tmp/tmpbfYNtJconda_skeleton_pyramid_beaker-0.8.tar.gz/pypi-distutils.patch'
Warning, the following versions were found for pyramid
1.6a1
1.5.7
1.5.6
1.5.5
1.5.4
1.5.3
1.5.2
1.5.1
1.5
1.5b1
1.5a4
1.5a3
1.5a2
1.5a1
1.4.9
1.4.8
1.4.7
1.4.6
1.4.5
1.4.4
1.4.3
1.4.2
1.4.1
1.4
1.4b3
1.4b2
1.4b1
1.4a4
1.4a3
1.4a2
1.4a1
1.3.4
1.3.3
1.3.2
1.3.1
1.3
1.3b3
1.3b2
1.3b1
1.3a9
1.3a8
1.3a7
1.3a6
1.3a5
1.3a4
1.3a3
1.3a2
1.3a1
1.2.7
1.2.6
1.2.5
1.2.4
1.2.3
1.2.2
1.2.1
1.2
1.2b3
1.2b2
1.2b1
1.2a6
1.2a5
1.2a4
1.2a3
1.2a2
1.2a1
1.1.3
1.1.2
1.1.1
1.1
1.1b4
1.1b3
1.1b2
1.1b1
1.1a4
1.1a3
1.1a2
1.1a1
1.0.2
1.0.1
1.0
1.0b3
1.0b2
1.0b1
1.0a10
1.0a9
1.0a8
1.0a7
1.0a6
1.0a5
1.0a4
1.0a3
1.0a2
1.0a1
Using 1.6a1
Use --version to specify a different version.
Using url https://pypi.python.org/packages/source/p/pyramid/pyramid-1.6a1.tar.gz (2.6 MB) for pyramid.
Downloading pyramid (use --no-download to skip this step)
Using cached download
Unpacking pyramid...
done
working in /tmp/tmpEyG6dAconda_skeleton_pyramid-1.6a1.tar.gz
Solving package specifications: .patching file core.py
Hunk #1 succeeded at 168 with fuzz 2 (offset 2 lines).

Applying patch: '/tmp/tmpEyG6dAconda_skeleton_pyramid-1.6a1.tar.gz/pypi-distutils.patch'
Warning, the following versions were found for zope.component
4.2.2
4.2.1
4.2.0
4.1.0
4.0.2
4.0.1
4.0.0
3.12.1
3.12.0
3.11.0
3.10.0
3.9.5
3.9.4
3.9.3
3.9.2
3.9.1
3.9.0
3.8.0
3.7.1
3.7.0
3.6.0
3.5.1
3.5.0
3.4.0
3.4dev-r72749
3.4dev-r72748
3.4dev-r72747
3.4dev-r72605
Using 4.2.2
Use --version to specify a different version.
Using url https://pypi.python.org/packages/source/z/zope.component/zope.component-4.2.2.tar.gz (534 KB) for zope.component.
Downloading zope.component (use --no-download to skip this step)
Using cached download
Unpacking zope.component...
done
working in /tmp/tmpv5WZ5lconda_skeleton_zope.component-4.2.2.tar.gz
Solving package specifications: .patching file core.py
Hunk #1 succeeded at 168 with fuzz 2 (offset 2 lines).

Applying patch: '/tmp/tmpv5WZ5lconda_skeleton_zope.component-4.2.2.tar.gz/pypi-distutils.patch'
Error: Could not find any versions of package zope.component[zcml]
