Warning, the following versions were found for Pyro4
4.37
4.36
4.35
4.34
4.33
4.32
4.31
4.30
4.29
4.28
4.27
4.26
4.25
4.24
4.23
4.22
4.21
4.20
4.18
4.17
4.16
4.15
4.14
4.13
4.12
4.11
4.10
4.9
4.8
4.7
4.6
4.5
4.4
4.3
4.2
Using 4.37
Use --version to specify a different version.
Using url https://pypi.python.org/packages/source/P/Pyro4/Pyro4-4.37.tar.gz (324 KB) for Pyro4.
Downloading Pyro4 (use --no-download to skip this step)
Using cached download
Unpacking Pyro4...
done
working in /tmp/tmp1hUkwxconda_skeleton_Pyro4-4.37.tar.gz
Fetching package metadata: ......
Solving package specifications: .patching file core.py
Hunk #1 succeeded at 168 with fuzz 2 (offset 2 lines).
Pyro version = 4.37

Only the Pyro library has been installed (version 4.37).
If you want to install the tests, the examples, and/or the manual,
you have to copy them manually to the desired location.

Applying patch: '/tmp/tmp1hUkwxconda_skeleton_Pyro4-4.37.tar.gz/pypi-distutils.patch'
Warning, the following versions were found for serpent
1.11
1.10
1.9
1.8
1.7
1.6
1.5
1.4
1.3
1.2
1.1
1.0
0.8
0.7
0.6
Using 1.11
Use --version to specify a different version.
Using url https://pypi.python.org/packages/source/s/serpent/serpent-1.11.tar.gz (11 KB) for serpent.
Downloading serpent (use --no-download to skip this step)
Using cached download
Unpacking serpent...
done
working in /tmp/tmpmELOdoconda_skeleton_serpent-1.11.tar.gz
Solving package specifications: .patching file core.py
Hunk #1 succeeded at 168 with fuzz 2 (offset 2 lines).

Applying patch: '/tmp/tmpmELOdoconda_skeleton_serpent-1.11.tar.gz/pypi-distutils.patch'
Writing recipe for pyro4
Writing recipe for serpent
Done
