Warning, the following versions were found for pyrsistent
0.10.3
0.10.2
0.10.1
0.10.0
0.9.4
0.9.3
0.9.2
0.9.1
0.9.0
0.8.0
0.7.1
0.7.0
0.6.3
0.6.2
0.6.1
0.6.0
0.5.0
0.4.0
0.3.1
0.3.0
0.2.1
0.2.0
0.1.0
Using 0.10.3
Use --version to specify a different version.
Using url https://pypi.python.org/packages/source/p/pyrsistent/pyrsistent-0.10.3.tar.gz (58 KB) for pyrsistent.
Downloading pyrsistent (use --no-download to skip this step)
Unpacking pyrsistent...
done
working in /tmp/tmpfzeoScconda_skeleton_pyrsistent-0.10.3.tar.gz
Fetching package metadata: ......
Solving package specifications: .patching file core.py
Hunk #1 succeeded at 168 with fuzz 2 (offset 2 lines).
Traceback (most recent call last):
  File "setup.py", line 2, in <module>
    from setuptools import setup, Extension
ImportError: No module named setuptools

Applying patch: '/tmp/tmpfzeoScconda_skeleton_pyrsistent-0.10.3.tar.gz/pypi-distutils.patch'
$PYTHONPATH = /tmp/tmpfzeoScconda_skeleton_pyrsistent-0.10.3.tar.gz/pyrsistent-0.10.3
Error: command failed: /home/ubuntu/miniconda/envs/_build/bin/python setup.py install
