Warning, the following versions were found for pysaml2
2.4.0
2.3.0
2.2.0
2.1.0
2.0.0
1.1.0
1.0.3
1.0.2
1.0.1
0.4.3
Using 2.4.0
Use --version to specify a different version.
Using url https://pypi.python.org/packages/source/p/pysaml2/pysaml2-2.4.0.tar.gz (3.9 MB) for pysaml2.
Downloading pysaml2 (use --no-download to skip this step)
Using cached download
Unpacking pysaml2...
done
working in /tmp/tmp2YxHqlconda_skeleton_pysaml2-2.4.0.tar.gz
Fetching package metadata: ......
Solving package specifications: .patching file core.py
Hunk #1 succeeded at 168 with fuzz 2 (offset 2 lines).

Applying patch: '/tmp/tmp2YxHqlconda_skeleton_pysaml2-2.4.0.tar.gz/pypi-distutils.patch'
Writing recipe for pysaml2
Done
