pyscss not found, trying pyScss
0
Warning, the following versions were found for pyScss
1.3.4
1.3.3
1.3.2
1.3.1
1.3.0
1.3.0.a1
1.2.1
1.2.0.post3
1.2.0.post2
1.2.0.post1
1.2.0
1.1.5
1.1.4
1.1.3
1.1.2
1.1.1
1.1.0
1.0.9
1.0.8
1.0.7
1.0.6
1.0.5
1.0.4
1.0.3
1.0.2
1.0.0
Using 1.3.4
Use --version to specify a different version.
Using url https://pypi.python.org/packages/source/p/pyScss/pyScss-1.3.4.tar.gz (117 KB) for pyScss.
Downloading pyScss (use --no-download to skip this step)
Using cached download
Unpacking pyScss...
done
working in /tmp/tmpnMF2Qrconda_skeleton_pyScss-1.3.4.tar.gz
Fetching package metadata: ......
Solving package specifications: .patching file core.py
Hunk #1 succeeded at 168 with fuzz 2 (offset 2 lines).

The following NEW packages will be INSTALLED:

    numpy:  1.9.2-py27_0
    pyyaml: 3.11-py27_0 
    yaml:   0.1.4-0     

Linking packages ...
[                    ]|                                                  |   0%[yaml                ]|                                                  |   0%[numpy               ]|################                                  |  33%[pyyaml              ]|#################################                 |  66%[      COMPLETE      ]|##################################################| 100%
Applying patch: '/tmp/tmpnMF2Qrconda_skeleton_pyScss-1.3.4.tar.gz/pypi-distutils.patch'
Writing recipe for pyscss
Done
