Package search: {'_pypi_ordering': False, 'version': '1.3.4', 'name': 'pyScss', 'summary': 'pyScss, a Scss compiler for Python'}
Fetching package metadata: ....
Error: prefix already exists: /home/ubuntu/miniconda/envs/_pipbuild_
Exception:
Traceback (most recent call last):
  File "/home/ubuntu/miniconda/envs/_pipbuild_/lib/python2.7/site-packages/pip/basecommand.py", line 223, in main
    status = self.run(options, args)
  File "/home/ubuntu/miniconda/envs/_pipbuild_/lib/python2.7/site-packages/pip/commands/install.py", line 268, in run
    wheel_cache
  File "/home/ubuntu/miniconda/envs/_pipbuild_/lib/python2.7/site-packages/pip/basecommand.py", line 268, in populate_requirement_set
    wheel_cache=wheel_cache
  File "/home/ubuntu/miniconda/envs/_pipbuild_/lib/python2.7/site-packages/pip/req/req_install.py", line 207, in from_line
    wheel_cache=wheel_cache)
  File "/home/ubuntu/miniconda/envs/_pipbuild_/lib/python2.7/site-packages/pip/req/req_install.py", line 66, in __init__
    req = pkg_resources.Requirement.parse(req)
  File "/home/ubuntu/miniconda/envs/_pipbuild_/lib/python2.7/site-packages/pip/_vendor/pkg_resources/__init__.py", line 2960, in parse
    reqs = list(parse_requirements(s))
  File "/home/ubuntu/miniconda/envs/_pipbuild_/lib/python2.7/site-packages/pip/_vendor/pkg_resources/__init__.py", line 2904, in parse_requirements
    "version spec")
  File "/home/ubuntu/miniconda/envs/_pipbuild_/lib/python2.7/site-packages/pip/_vendor/pkg_resources/__init__.py", line 2869, in scan_list
    raise ValueError(msg, line, "at", line[p:])
ValueError: ('Expected version spec in', 'pathlib==[0]', 'at', '==[0]')

Creating standard recipe for pyscss-1.3.4
Converting recipe in /home/ubuntu/pypi-conda-builds/pyscss
package = pyScss
   dependencies = [u'six', u'enum34', u'pathlib']
Creating standard recipe for pathlib
    LOCKERROR: It looks like conda is already doing something.
    The lock /home/ubuntu/miniconda/conda-bld/.conda_lock-5729 was found. Wait for it to finish before continuing.
    If you are sure that conda is not running, remove it and try again.
    You can also use: $ conda clean --lock
Sleeping for 1 seconds
    LOCKERROR: It looks like conda is already doing something.
    The lock /home/ubuntu/miniconda/conda-bld/.conda_lock-5729 was found. Wait for it to finish before continuing.
    If you are sure that conda is not running, remove it and try again.
    You can also use: $ conda clean --lock
Sleeping for 2 seconds
    LOCKERROR: It looks like conda is already doing something.
    The lock /home/ubuntu/miniconda/conda-bld/.conda_lock-5729 was found. Wait for it to finish before continuing.
    If you are sure that conda is not running, remove it and try again.
    You can also use: $ conda clean --lock
Sleeping for 4 seconds
    LOCKERROR: It looks like conda is already doing something.
    The lock /home/ubuntu/miniconda/conda-bld/.conda_lock-5729 was found. Wait for it to finish before continuing.
    If you are sure that conda is not running, remove it and try again.
    You can also use: $ conda clean --lock
Sleeping for 8 seconds
    LOCKERROR: It looks like conda is already doing something.
    The lock /home/ubuntu/miniconda/conda-bld/.conda_lock-5729 was found. Wait for it to finish before continuing.
    If you are sure that conda is not running, remove it and try again.
    You can also use: $ conda clean --lock
Sleeping for 16 seconds
    LOCKERROR: It looks like conda is already doing something.
    The lock /home/ubuntu/miniconda/conda-bld/.conda_lock-5729 was found. Wait for it to finish before continuing.
    If you are sure that conda is not running, remove it and try again.
    You can also use: $ conda clean --lock
Sleeping for 32 seconds
    LOCKERROR: It looks like conda is already doing something.
    The lock /home/ubuntu/miniconda/conda-bld/.conda_lock-5729 was found. Wait for it to finish before continuing.
    If you are sure that conda is not running, remove it and try again.
    You can also use: $ conda clean --lock
Sleeping for 64 seconds
    LOCKERROR: It looks like conda is already doing something.
    The lock /home/ubuntu/miniconda/conda-bld/.conda_lock-5729 was found. Wait for it to finish before continuing.
    If you are sure that conda is not running, remove it and try again.
    You can also use: $ conda clean --lock
Sleeping for 128 seconds
    LOCKERROR: It looks like conda is already doing something.
    The lock /home/ubuntu/miniconda/conda-bld/.conda_lock-5729 was found. Wait for it to finish before continuing.
    If you are sure that conda is not running, remove it and try again.
    You can also use: $ conda clean --lock
Sleeping for 256 seconds
    LOCKERROR: It looks like conda is already doing something.
    The lock /home/ubuntu/miniconda/conda-bld/.conda_lock-5729 was found. Wait for it to finish before continuing.
    If you are sure that conda is not running, remove it and try again.
    You can also use: $ conda clean --lock
Sleeping for 512 seconds
Exceeded max retries, giving upError:     LOCKERROR: It looks like conda is already doing something.
    The lock /home/ubuntu/miniconda/conda-bld/.conda_lock-5729 was found. Wait for it to finish before continuing.
    If you are sure that conda is not running, remove it and try again.
    You can also use: $ conda clean --lock


conda create -n _pipbuild_ --yes python pip
/home/ubuntu/miniconda/envs/_pipbuild_/bin/pip install pathlib==[0]
Error: Could not pip install pathlib==[0]
