Warning, the following versions were found for pyserial
2.7
2.6
2.5
2.4
2.3
2.0
1.20
Using 2.7
Use --version to specify a different version.
Using url https://pypi.python.org/packages/source/p/pyserial/pyserial-2.7.tar.gz (119 KB) for pyserial.
Downloading pyserial (use --no-download to skip this step)
Using cached download
Unpacking pyserial...
done
working in /tmp/tmptmL2r8conda_skeleton_pyserial-2.7.tar.gz
Fetching package metadata: ......
Solving package specifications: .patching file core.py
Hunk #1 succeeded at 168 with fuzz 2 (offset 2 lines).

Applying patch: '/tmp/tmptmL2r8conda_skeleton_pyserial-2.7.tar.gz/pypi-distutils.patch'
Writing recipe for pyserial
Done
