Warning, the following versions were found for pysftp
0.2.8
0.2.7
0.2.6
0.2.5
0.2.4
0.2.3
0.2.2
0.2.0
Using 0.2.8
Use --version to specify a different version.
Using url https://pypi.python.org/packages/source/p/pysftp/pysftp-0.2.8.tar.gz (22 KB) for pysftp.
Downloading pysftp (use --no-download to skip this step)
Using cached download
Unpacking pysftp...
done
working in /tmp/tmptKO06uconda_skeleton_pysftp-0.2.8.tar.gz
Fetching package metadata: ......
Solving package specifications: .patching file core.py
Hunk #1 succeeded at 168 with fuzz 2 (offset 2 lines).
Traceback (most recent call last):
  File "setup.py", line 3, in <module>
    from setuptools import setup
ImportError: No module named setuptools

The following NEW packages will be INSTALLED:

    numpy:  1.9.2-py27_0
    pyyaml: 3.11-py27_0 

Linking packages ...
[                    ]|                                                  |   0%[numpy               ]|                                                  |   0%[pyyaml              ]|#########################                         |  50%[      COMPLETE      ]|##################################################| 100%
Applying patch: '/tmp/tmptKO06uconda_skeleton_pysftp-0.2.8.tar.gz/pypi-distutils.patch'
$PYTHONPATH = /tmp/tmptKO06uconda_skeleton_pysftp-0.2.8.tar.gz/pysftp-0.2.8
Error: command failed: /home/ubuntu/miniconda/envs/_build/bin/python setup.py install
