Warning, the following versions were found for PySide
1.2.2
1.2.1
1.2.0
1.1.2
1.1.1qt474
1.1.0qt474
1.0.9qt474
1.0.7qt474
1.0.6qt474
1.0.6qt473
1.0.5qt473
1.0.4qt473
1.0.3qt473
1.0.2qt472
1.0.1qt472
1.0.0qt472
Using 1.2.2
Use --version to specify a different version.
Using url https://pypi.python.org/packages/source/P/PySide/PySide-1.2.2.tar.gz (8.8 MB) for PySide.
Downloading PySide (use --no-download to skip this step)
Using cached download
Unpacking PySide...
done
working in /tmp/tmpNv9MQRconda_skeleton_PySide-1.2.2.tar.gz
Fetching package metadata: ......
Solving package specifications: .patching file core.py
Hunk #1 succeeded at 168 with fuzz 2 (offset 2 lines).
Downloading https://pypi.python.org/packages/source/s/setuptools/setuptools-2.0.tar.gz
Traceback (most recent call last):
  File "setup.py", line 68, in <module>
    use_setuptools()
  File "/tmp/tmpNv9MQRconda_skeleton_PySide-1.2.2.tar.gz/PySide-1.2.2/ez_setup.py", line 123, in use_setuptools
    return _do_download(version, download_base, to_dir, download_delay)
  File "/tmp/tmpNv9MQRconda_skeleton_PySide-1.2.2.tar.gz/PySide-1.2.2/ez_setup.py", line 102, in _do_download
    to_dir, download_delay)
  File "/tmp/tmpNv9MQRconda_skeleton_PySide-1.2.2.tar.gz/PySide-1.2.2/ez_setup.py", line 282, in download_setuptools
    downloader(url, saveto)
  File "/tmp/tmpNv9MQRconda_skeleton_PySide-1.2.2.tar.gz/PySide-1.2.2/ez_setup.py", line 189, in download_file_curl
    _clean_check(cmd, target)
  File "/tmp/tmpNv9MQRconda_skeleton_PySide-1.2.2.tar.gz/PySide-1.2.2/ez_setup.py", line 152, in _clean_check
    subprocess.check_call(cmd)
  File "/home/ubuntu/miniconda/envs/_build/lib/python2.7/subprocess.py", line 540, in check_call
    raise CalledProcessError(retcode, cmd)
subprocess.CalledProcessError: Command '['curl', 'https://pypi.python.org/packages/source/s/setuptools/setuptools-2.0.tar.gz', '--silent', '--output', '/tmp/tmpNv9MQRconda_skeleton_PySide-1.2.2.tar.gz/PySide-1.2.2/setuptools-2.0.tar.gz']' returned non-zero exit status 77

Applying patch: '/tmp/tmpNv9MQRconda_skeleton_PySide-1.2.2.tar.gz/pypi-distutils.patch'
$PYTHONPATH = /tmp/tmpNv9MQRconda_skeleton_PySide-1.2.2.tar.gz/PySide-1.2.2
Error: command failed: /home/ubuntu/miniconda/envs/_build/bin/python setup.py install
