There was an error importing jinja2.
Please run `conda install jinja2` to enable jinja template support
Removing old build directory
Removing old work directory
BUILD START: pysnmp-4.2.5-py27_0
Fetching package metadata: ......
Solving package specifications: .There was an error importing jinja2.
Please run `conda install jinja2` to enable jinja template support
+ /home/ubuntu/miniconda/envs/_build/bin/python setup.py install
running install
running bdist_egg
running egg_info
writing requirements to pysnmp.egg-info/requires.txt
writing pysnmp.egg-info/PKG-INFO
writing top-level names to pysnmp.egg-info/top_level.txt
writing dependency_links to pysnmp.egg-info/dependency_links.txt
reading manifest file 'pysnmp.egg-info/SOURCES.txt'
reading manifest template 'MANIFEST.in'
writing manifest file 'pysnmp.egg-info/SOURCES.txt'
installing library code to build/bdist.linux-x86_64/egg
running install_lib
running build_py
creating build
creating build/lib
creating build/lib/pysnmp
copying pysnmp/debug.py -> build/lib/pysnmp
copying pysnmp/cache.py -> build/lib/pysnmp
copying pysnmp/__init__.py -> build/lib/pysnmp
copying pysnmp/error.py -> build/lib/pysnmp
copying pysnmp/nextid.py -> build/lib/pysnmp
creating build/lib/pysnmp/smi
copying pysnmp/smi/instrum.py -> build/lib/pysnmp/smi
copying pysnmp/smi/indices.py -> build/lib/pysnmp/smi
copying pysnmp/smi/exval.py -> build/lib/pysnmp/smi
copying pysnmp/smi/builder.py -> build/lib/pysnmp/smi
copying pysnmp/smi/__init__.py -> build/lib/pysnmp/smi
copying pysnmp/smi/error.py -> build/lib/pysnmp/smi
copying pysnmp/smi/view.py -> build/lib/pysnmp/smi
creating build/lib/pysnmp/smi/mibs
copying pysnmp/smi/mibs/SNMPv2-SMI.py -> build/lib/pysnmp/smi/mibs
copying pysnmp/smi/mibs/SNMP-USM-AES-MIB.py -> build/lib/pysnmp/smi/mibs
copying pysnmp/smi/mibs/SNMPv2-MIB.py -> build/lib/pysnmp/smi/mibs
copying pysnmp/smi/mibs/SNMP-MPD-MIB.py -> build/lib/pysnmp/smi/mibs
copying pysnmp/smi/mibs/SNMP-COMMUNITY-MIB.py -> build/lib/pysnmp/smi/mibs
copying pysnmp/smi/mibs/SNMP-VIEW-BASED-ACM-MIB.py -> build/lib/pysnmp/smi/mibs
copying pysnmp/smi/mibs/SNMP-PROXY-MIB.py -> build/lib/pysnmp/smi/mibs
copying pysnmp/smi/mibs/SNMPv2-TC.py -> build/lib/pysnmp/smi/mibs
copying pysnmp/smi/mibs/SNMP-TARGET-MIB.py -> build/lib/pysnmp/smi/mibs
copying pysnmp/smi/mibs/SNMP-NOTIFICATION-MIB.py -> build/lib/pysnmp/smi/mibs
copying pysnmp/smi/mibs/PYSNMP-USM-MIB.py -> build/lib/pysnmp/smi/mibs
copying pysnmp/smi/mibs/SNMP-USER-BASED-SM-MIB.py -> build/lib/pysnmp/smi/mibs
copying pysnmp/smi/mibs/PYSNMP-MIB.py -> build/lib/pysnmp/smi/mibs
copying pysnmp/smi/mibs/ASN1.py -> build/lib/pysnmp/smi/mibs
copying pysnmp/smi/mibs/SNMP-FRAMEWORK-MIB.py -> build/lib/pysnmp/smi/mibs
copying pysnmp/smi/mibs/SNMPv2-CONF.py -> build/lib/pysnmp/smi/mibs
copying pysnmp/smi/mibs/__init__.py -> build/lib/pysnmp/smi/mibs
copying pysnmp/smi/mibs/ASN1-ENUMERATION.py -> build/lib/pysnmp/smi/mibs
copying pysnmp/smi/mibs/SNMP-USER-BASED-SM-3DES-MIB.py -> build/lib/pysnmp/smi/mibs
copying pysnmp/smi/mibs/TRANSPORT-ADDRESS-MIB.py -> build/lib/pysnmp/smi/mibs
copying pysnmp/smi/mibs/SNMPv2-TM.py -> build/lib/pysnmp/smi/mibs
copying pysnmp/smi/mibs/ASN1-REFINEMENT.py -> build/lib/pysnmp/smi/mibs
creating build/lib/pysnmp/smi/mibs/instances
copying pysnmp/smi/mibs/instances/__PYSNMP-USM-MIB.py -> build/lib/pysnmp/smi/mibs/instances
copying pysnmp/smi/mibs/instances/__SNMPv2-MIB.py -> build/lib/pysnmp/smi/mibs/instances
copying pysnmp/smi/mibs/instances/__SNMP-MPD-MIB.py -> build/lib/pysnmp/smi/mibs/instances
copying pysnmp/smi/mibs/instances/__SNMP-TARGET-MIB.py -> build/lib/pysnmp/smi/mibs/instances
copying pysnmp/smi/mibs/instances/__SNMP-VIEW-BASED-ACM-MIB.py -> build/lib/pysnmp/smi/mibs/instances
copying pysnmp/smi/mibs/instances/__SNMP-USER-BASED-SM-MIB.py -> build/lib/pysnmp/smi/mibs/instances
copying pysnmp/smi/mibs/instances/__init__.py -> build/lib/pysnmp/smi/mibs/instances
copying pysnmp/smi/mibs/instances/__SNMP-FRAMEWORK-MIB.py -> build/lib/pysnmp/smi/mibs/instances
creating build/lib/pysnmp/carrier
copying pysnmp/carrier/__init__.py -> build/lib/pysnmp/carrier
copying pysnmp/carrier/error.py -> build/lib/pysnmp/carrier
copying pysnmp/carrier/base.py -> build/lib/pysnmp/carrier
creating build/lib/pysnmp/carrier/asynsock
copying pysnmp/carrier/asynsock/__init__.py -> build/lib/pysnmp/carrier/asynsock
copying pysnmp/carrier/asynsock/dispatch.py -> build/lib/pysnmp/carrier/asynsock
copying pysnmp/carrier/asynsock/base.py -> build/lib/pysnmp/carrier/asynsock
creating build/lib/pysnmp/carrier/asynsock/dgram
copying pysnmp/carrier/asynsock/dgram/udp.py -> build/lib/pysnmp/carrier/asynsock/dgram
copying pysnmp/carrier/asynsock/dgram/udp6.py -> build/lib/pysnmp/carrier/asynsock/dgram
copying pysnmp/carrier/asynsock/dgram/__init__.py -> build/lib/pysnmp/carrier/asynsock/dgram
copying pysnmp/carrier/asynsock/dgram/unix.py -> build/lib/pysnmp/carrier/asynsock/dgram
copying pysnmp/carrier/asynsock/dgram/base.py -> build/lib/pysnmp/carrier/asynsock/dgram
creating build/lib/pysnmp/carrier/twisted
copying pysnmp/carrier/twisted/__init__.py -> build/lib/pysnmp/carrier/twisted
copying pysnmp/carrier/twisted/dispatch.py -> build/lib/pysnmp/carrier/twisted
copying pysnmp/carrier/twisted/base.py -> build/lib/pysnmp/carrier/twisted
creating build/lib/pysnmp/carrier/twisted/dgram
copying pysnmp/carrier/twisted/dgram/udp.py -> build/lib/pysnmp/carrier/twisted/dgram
copying pysnmp/carrier/twisted/dgram/__init__.py -> build/lib/pysnmp/carrier/twisted/dgram
copying pysnmp/carrier/twisted/dgram/unix.py -> build/lib/pysnmp/carrier/twisted/dgram
copying pysnmp/carrier/twisted/dgram/base.py -> build/lib/pysnmp/carrier/twisted/dgram
creating build/lib/pysnmp/entity
copying pysnmp/entity/config.py -> build/lib/pysnmp/entity
copying pysnmp/entity/engine.py -> build/lib/pysnmp/entity
copying pysnmp/entity/__init__.py -> build/lib/pysnmp/entity
creating build/lib/pysnmp/entity/rfc3413
copying pysnmp/entity/rfc3413/ntfrcv.py -> build/lib/pysnmp/entity/rfc3413
copying pysnmp/entity/rfc3413/config.py -> build/lib/pysnmp/entity/rfc3413
copying pysnmp/entity/rfc3413/cmdgen.py -> build/lib/pysnmp/entity/rfc3413
copying pysnmp/entity/rfc3413/ntforg.py -> build/lib/pysnmp/entity/rfc3413
copying pysnmp/entity/rfc3413/context.py -> build/lib/pysnmp/entity/rfc3413
copying pysnmp/entity/rfc3413/cmdrsp.py -> build/lib/pysnmp/entity/rfc3413
copying pysnmp/entity/rfc3413/__init__.py -> build/lib/pysnmp/entity/rfc3413
copying pysnmp/entity/rfc3413/mibvar.py -> build/lib/pysnmp/entity/rfc3413
creating build/lib/pysnmp/entity/rfc3413/oneliner
copying pysnmp/entity/rfc3413/oneliner/target.py -> build/lib/pysnmp/entity/rfc3413/oneliner
copying pysnmp/entity/rfc3413/oneliner/cmdgen.py -> build/lib/pysnmp/entity/rfc3413/oneliner
copying pysnmp/entity/rfc3413/oneliner/ntforg.py -> build/lib/pysnmp/entity/rfc3413/oneliner
copying pysnmp/entity/rfc3413/oneliner/__init__.py -> build/lib/pysnmp/entity/rfc3413/oneliner
copying pysnmp/entity/rfc3413/oneliner/mibvar.py -> build/lib/pysnmp/entity/rfc3413/oneliner
copying pysnmp/entity/rfc3413/oneliner/auth.py -> build/lib/pysnmp/entity/rfc3413/oneliner
creating build/lib/pysnmp/entity/rfc3413/twisted
copying pysnmp/entity/rfc3413/twisted/cmdgen.py -> build/lib/pysnmp/entity/rfc3413/twisted
copying pysnmp/entity/rfc3413/twisted/ntforg.py -> build/lib/pysnmp/entity/rfc3413/twisted
copying pysnmp/entity/rfc3413/twisted/__init__.py -> build/lib/pysnmp/entity/rfc3413/twisted
creating build/lib/pysnmp/proto
copying pysnmp/proto/rfc1155.py -> build/lib/pysnmp/proto
copying pysnmp/proto/rfc1157.py -> build/lib/pysnmp/proto
copying pysnmp/proto/rfc1902.py -> build/lib/pysnmp/proto
copying pysnmp/proto/rfc1901.py -> build/lib/pysnmp/proto
copying pysnmp/proto/rfc3411.py -> build/lib/pysnmp/proto
copying pysnmp/proto/rfc1905.py -> build/lib/pysnmp/proto
copying pysnmp/proto/rfc3412.py -> build/lib/pysnmp/proto
copying pysnmp/proto/cache.py -> build/lib/pysnmp/proto
copying pysnmp/proto/__init__.py -> build/lib/pysnmp/proto
copying pysnmp/proto/error.py -> build/lib/pysnmp/proto
copying pysnmp/proto/errind.py -> build/lib/pysnmp/proto
creating build/lib/pysnmp/proto/mpmod
copying pysnmp/proto/mpmod/rfc3412.py -> build/lib/pysnmp/proto/mpmod
copying pysnmp/proto/mpmod/cache.py -> build/lib/pysnmp/proto/mpmod
copying pysnmp/proto/mpmod/__init__.py -> build/lib/pysnmp/proto/mpmod
copying pysnmp/proto/mpmod/rfc2576.py -> build/lib/pysnmp/proto/mpmod
copying pysnmp/proto/mpmod/base.py -> build/lib/pysnmp/proto/mpmod
creating build/lib/pysnmp/proto/secmod
copying pysnmp/proto/secmod/cache.py -> build/lib/pysnmp/proto/secmod
copying pysnmp/proto/secmod/__init__.py -> build/lib/pysnmp/proto/secmod
copying pysnmp/proto/secmod/rfc2576.py -> build/lib/pysnmp/proto/secmod
copying pysnmp/proto/secmod/base.py -> build/lib/pysnmp/proto/secmod
creating build/lib/pysnmp/proto/secmod/rfc3414
copying pysnmp/proto/secmod/rfc3414/localkey.py -> build/lib/pysnmp/proto/secmod/rfc3414
copying pysnmp/proto/secmod/rfc3414/service.py -> build/lib/pysnmp/proto/secmod/rfc3414
copying pysnmp/proto/secmod/rfc3414/__init__.py -> build/lib/pysnmp/proto/secmod/rfc3414
creating build/lib/pysnmp/proto/secmod/rfc3414/auth
copying pysnmp/proto/secmod/rfc3414/auth/noauth.py -> build/lib/pysnmp/proto/secmod/rfc3414/auth
copying pysnmp/proto/secmod/rfc3414/auth/hmacmd5.py -> build/lib/pysnmp/proto/secmod/rfc3414/auth
copying pysnmp/proto/secmod/rfc3414/auth/__init__.py -> build/lib/pysnmp/proto/secmod/rfc3414/auth
copying pysnmp/proto/secmod/rfc3414/auth/hmacsha.py -> build/lib/pysnmp/proto/secmod/rfc3414/auth
copying pysnmp/proto/secmod/rfc3414/auth/base.py -> build/lib/pysnmp/proto/secmod/rfc3414/auth
creating build/lib/pysnmp/proto/secmod/rfc3414/priv
copying pysnmp/proto/secmod/rfc3414/priv/des.py -> build/lib/pysnmp/proto/secmod/rfc3414/priv
copying pysnmp/proto/secmod/rfc3414/priv/nopriv.py -> build/lib/pysnmp/proto/secmod/rfc3414/priv
copying pysnmp/proto/secmod/rfc3414/priv/__init__.py -> build/lib/pysnmp/proto/secmod/rfc3414/priv
copying pysnmp/proto/secmod/rfc3414/priv/base.py -> build/lib/pysnmp/proto/secmod/rfc3414/priv
creating build/lib/pysnmp/proto/secmod/rfc3826
copying pysnmp/proto/secmod/rfc3826/__init__.py -> build/lib/pysnmp/proto/secmod/rfc3826
creating build/lib/pysnmp/proto/secmod/rfc3826/priv
copying pysnmp/proto/secmod/rfc3826/priv/aes.py -> build/lib/pysnmp/proto/secmod/rfc3826/priv
copying pysnmp/proto/secmod/rfc3826/priv/__init__.py -> build/lib/pysnmp/proto/secmod/rfc3826/priv
creating build/lib/pysnmp/proto/secmod/eso
copying pysnmp/proto/secmod/eso/__init__.py -> build/lib/pysnmp/proto/secmod/eso
creating build/lib/pysnmp/proto/secmod/eso/priv
copying pysnmp/proto/secmod/eso/priv/aes256.py -> build/lib/pysnmp/proto/secmod/eso/priv
copying pysnmp/proto/secmod/eso/priv/des3.py -> build/lib/pysnmp/proto/secmod/eso/priv
copying pysnmp/proto/secmod/eso/priv/__init__.py -> build/lib/pysnmp/proto/secmod/eso/priv
copying pysnmp/proto/secmod/eso/priv/aes192.py -> build/lib/pysnmp/proto/secmod/eso/priv
creating build/lib/pysnmp/proto/acmod
copying pysnmp/proto/acmod/rfc3415.py -> build/lib/pysnmp/proto/acmod
copying pysnmp/proto/acmod/void.py -> build/lib/pysnmp/proto/acmod
copying pysnmp/proto/acmod/__init__.py -> build/lib/pysnmp/proto/acmod
creating build/lib/pysnmp/proto/proxy
copying pysnmp/proto/proxy/__init__.py -> build/lib/pysnmp/proto/proxy
copying pysnmp/proto/proxy/rfc2576.py -> build/lib/pysnmp/proto/proxy
creating build/lib/pysnmp/proto/api
copying pysnmp/proto/api/v1.py -> build/lib/pysnmp/proto/api
copying pysnmp/proto/api/verdec.py -> build/lib/pysnmp/proto/api
copying pysnmp/proto/api/__init__.py -> build/lib/pysnmp/proto/api
copying pysnmp/proto/api/v2c.py -> build/lib/pysnmp/proto/api
creating build/bdist.linux-x86_64
creating build/bdist.linux-x86_64/egg
creating build/bdist.linux-x86_64/egg/pysnmp
creating build/bdist.linux-x86_64/egg/pysnmp/entity
creating build/bdist.linux-x86_64/egg/pysnmp/entity/rfc3413
copying build/lib/pysnmp/entity/rfc3413/ntfrcv.py -> build/bdist.linux-x86_64/egg/pysnmp/entity/rfc3413
copying build/lib/pysnmp/entity/rfc3413/config.py -> build/bdist.linux-x86_64/egg/pysnmp/entity/rfc3413
copying build/lib/pysnmp/entity/rfc3413/cmdgen.py -> build/bdist.linux-x86_64/egg/pysnmp/entity/rfc3413
creating build/bdist.linux-x86_64/egg/pysnmp/entity/rfc3413/twisted
copying build/lib/pysnmp/entity/rfc3413/twisted/cmdgen.py -> build/bdist.linux-x86_64/egg/pysnmp/entity/rfc3413/twisted
copying build/lib/pysnmp/entity/rfc3413/twisted/ntforg.py -> build/bdist.linux-x86_64/egg/pysnmp/entity/rfc3413/twisted
copying build/lib/pysnmp/entity/rfc3413/twisted/__init__.py -> build/bdist.linux-x86_64/egg/pysnmp/entity/rfc3413/twisted
creating build/bdist.linux-x86_64/egg/pysnmp/entity/rfc3413/oneliner
copying build/lib/pysnmp/entity/rfc3413/oneliner/target.py -> build/bdist.linux-x86_64/egg/pysnmp/entity/rfc3413/oneliner
copying build/lib/pysnmp/entity/rfc3413/oneliner/cmdgen.py -> build/bdist.linux-x86_64/egg/pysnmp/entity/rfc3413/oneliner
copying build/lib/pysnmp/entity/rfc3413/oneliner/ntforg.py -> build/bdist.linux-x86_64/egg/pysnmp/entity/rfc3413/oneliner
copying build/lib/pysnmp/entity/rfc3413/oneliner/__init__.py -> build/bdist.linux-x86_64/egg/pysnmp/entity/rfc3413/oneliner
copying build/lib/pysnmp/entity/rfc3413/oneliner/mibvar.py -> build/bdist.linux-x86_64/egg/pysnmp/entity/rfc3413/oneliner
copying build/lib/pysnmp/entity/rfc3413/oneliner/auth.py -> build/bdist.linux-x86_64/egg/pysnmp/entity/rfc3413/oneliner
copying build/lib/pysnmp/entity/rfc3413/ntforg.py -> build/bdist.linux-x86_64/egg/pysnmp/entity/rfc3413
copying build/lib/pysnmp/entity/rfc3413/context.py -> build/bdist.linux-x86_64/egg/pysnmp/entity/rfc3413
copying build/lib/pysnmp/entity/rfc3413/cmdrsp.py -> build/bdist.linux-x86_64/egg/pysnmp/entity/rfc3413
copying build/lib/pysnmp/entity/rfc3413/__init__.py -> build/bdist.linux-x86_64/egg/pysnmp/entity/rfc3413
copying build/lib/pysnmp/entity/rfc3413/mibvar.py -> build/bdist.linux-x86_64/egg/pysnmp/entity/rfc3413
copying build/lib/pysnmp/entity/config.py -> build/bdist.linux-x86_64/egg/pysnmp/entity
copying build/lib/pysnmp/entity/engine.py -> build/bdist.linux-x86_64/egg/pysnmp/entity
copying build/lib/pysnmp/entity/__init__.py -> build/bdist.linux-x86_64/egg/pysnmp/entity
creating build/bdist.linux-x86_64/egg/pysnmp/carrier
creating build/bdist.linux-x86_64/egg/pysnmp/carrier/twisted
creating build/bdist.linux-x86_64/egg/pysnmp/carrier/twisted/dgram
copying build/lib/pysnmp/carrier/twisted/dgram/udp.py -> build/bdist.linux-x86_64/egg/pysnmp/carrier/twisted/dgram
copying build/lib/pysnmp/carrier/twisted/dgram/__init__.py -> build/bdist.linux-x86_64/egg/pysnmp/carrier/twisted/dgram
copying build/lib/pysnmp/carrier/twisted/dgram/unix.py -> build/bdist.linux-x86_64/egg/pysnmp/carrier/twisted/dgram
copying build/lib/pysnmp/carrier/twisted/dgram/base.py -> build/bdist.linux-x86_64/egg/pysnmp/carrier/twisted/dgram
copying build/lib/pysnmp/carrier/twisted/__init__.py -> build/bdist.linux-x86_64/egg/pysnmp/carrier/twisted
copying build/lib/pysnmp/carrier/twisted/dispatch.py -> build/bdist.linux-x86_64/egg/pysnmp/carrier/twisted
copying build/lib/pysnmp/carrier/twisted/base.py -> build/bdist.linux-x86_64/egg/pysnmp/carrier/twisted
creating build/bdist.linux-x86_64/egg/pysnmp/carrier/asynsock
creating build/bdist.linux-x86_64/egg/pysnmp/carrier/asynsock/dgram
copying build/lib/pysnmp/carrier/asynsock/dgram/udp.py -> build/bdist.linux-x86_64/egg/pysnmp/carrier/asynsock/dgram
copying build/lib/pysnmp/carrier/asynsock/dgram/udp6.py -> build/bdist.linux-x86_64/egg/pysnmp/carrier/asynsock/dgram
copying build/lib/pysnmp/carrier/asynsock/dgram/__init__.py -> build/bdist.linux-x86_64/egg/pysnmp/carrier/asynsock/dgram
copying build/lib/pysnmp/carrier/asynsock/dgram/unix.py -> build/bdist.linux-x86_64/egg/pysnmp/carrier/asynsock/dgram
copying build/lib/pysnmp/carrier/asynsock/dgram/base.py -> build/bdist.linux-x86_64/egg/pysnmp/carrier/asynsock/dgram
copying build/lib/pysnmp/carrier/asynsock/__init__.py -> build/bdist.linux-x86_64/egg/pysnmp/carrier/asynsock
copying build/lib/pysnmp/carrier/asynsock/dispatch.py -> build/bdist.linux-x86_64/egg/pysnmp/carrier/asynsock
copying build/lib/pysnmp/carrier/asynsock/base.py -> build/bdist.linux-x86_64/egg/pysnmp/carrier/asynsock
copying build/lib/pysnmp/carrier/__init__.py -> build/bdist.linux-x86_64/egg/pysnmp/carrier
copying build/lib/pysnmp/carrier/error.py -> build/bdist.linux-x86_64/egg/pysnmp/carrier
copying build/lib/pysnmp/carrier/base.py -> build/bdist.linux-x86_64/egg/pysnmp/carrier
creating build/bdist.linux-x86_64/egg/pysnmp/proto
creating build/bdist.linux-x86_64/egg/pysnmp/proto/proxy
copying build/lib/pysnmp/proto/proxy/__init__.py -> build/bdist.linux-x86_64/egg/pysnmp/proto/proxy
copying build/lib/pysnmp/proto/proxy/rfc2576.py -> build/bdist.linux-x86_64/egg/pysnmp/proto/proxy
copying build/lib/pysnmp/proto/rfc1155.py -> build/bdist.linux-x86_64/egg/pysnmp/proto
copying build/lib/pysnmp/proto/rfc1157.py -> build/bdist.linux-x86_64/egg/pysnmp/proto
copying build/lib/pysnmp/proto/rfc1902.py -> build/bdist.linux-x86_64/egg/pysnmp/proto
creating build/bdist.linux-x86_64/egg/pysnmp/proto/api
copying build/lib/pysnmp/proto/api/v1.py -> build/bdist.linux-x86_64/egg/pysnmp/proto/api
copying build/lib/pysnmp/proto/api/verdec.py -> build/bdist.linux-x86_64/egg/pysnmp/proto/api
copying build/lib/pysnmp/proto/api/__init__.py -> build/bdist.linux-x86_64/egg/pysnmp/proto/api
copying build/lib/pysnmp/proto/api/v2c.py -> build/bdist.linux-x86_64/egg/pysnmp/proto/api
copying build/lib/pysnmp/proto/rfc1901.py -> build/bdist.linux-x86_64/egg/pysnmp/proto
copying build/lib/pysnmp/proto/rfc3411.py -> build/bdist.linux-x86_64/egg/pysnmp/proto
copying build/lib/pysnmp/proto/rfc1905.py -> build/bdist.linux-x86_64/egg/pysnmp/proto
copying build/lib/pysnmp/proto/rfc3412.py -> build/bdist.linux-x86_64/egg/pysnmp/proto
creating build/bdist.linux-x86_64/egg/pysnmp/proto/mpmod
copying build/lib/pysnmp/proto/mpmod/rfc3412.py -> build/bdist.linux-x86_64/egg/pysnmp/proto/mpmod
copying build/lib/pysnmp/proto/mpmod/cache.py -> build/bdist.linux-x86_64/egg/pysnmp/proto/mpmod
copying build/lib/pysnmp/proto/mpmod/__init__.py -> build/bdist.linux-x86_64/egg/pysnmp/proto/mpmod
copying build/lib/pysnmp/proto/mpmod/rfc2576.py -> build/bdist.linux-x86_64/egg/pysnmp/proto/mpmod
copying build/lib/pysnmp/proto/mpmod/base.py -> build/bdist.linux-x86_64/egg/pysnmp/proto/mpmod
copying build/lib/pysnmp/proto/cache.py -> build/bdist.linux-x86_64/egg/pysnmp/proto
creating build/bdist.linux-x86_64/egg/pysnmp/proto/acmod
copying build/lib/pysnmp/proto/acmod/rfc3415.py -> build/bdist.linux-x86_64/egg/pysnmp/proto/acmod
copying build/lib/pysnmp/proto/acmod/void.py -> build/bdist.linux-x86_64/egg/pysnmp/proto/acmod
copying build/lib/pysnmp/proto/acmod/__init__.py -> build/bdist.linux-x86_64/egg/pysnmp/proto/acmod
creating build/bdist.linux-x86_64/egg/pysnmp/proto/secmod
creating build/bdist.linux-x86_64/egg/pysnmp/proto/secmod/rfc3414
creating build/bdist.linux-x86_64/egg/pysnmp/proto/secmod/rfc3414/auth
copying build/lib/pysnmp/proto/secmod/rfc3414/auth/noauth.py -> build/bdist.linux-x86_64/egg/pysnmp/proto/secmod/rfc3414/auth
copying build/lib/pysnmp/proto/secmod/rfc3414/auth/hmacmd5.py -> build/bdist.linux-x86_64/egg/pysnmp/proto/secmod/rfc3414/auth
copying build/lib/pysnmp/proto/secmod/rfc3414/auth/__init__.py -> build/bdist.linux-x86_64/egg/pysnmp/proto/secmod/rfc3414/auth
copying build/lib/pysnmp/proto/secmod/rfc3414/auth/hmacsha.py -> build/bdist.linux-x86_64/egg/pysnmp/proto/secmod/rfc3414/auth
copying build/lib/pysnmp/proto/secmod/rfc3414/auth/base.py -> build/bdist.linux-x86_64/egg/pysnmp/proto/secmod/rfc3414/auth
creating build/bdist.linux-x86_64/egg/pysnmp/proto/secmod/rfc3414/priv
copying build/lib/pysnmp/proto/secmod/rfc3414/priv/des.py -> build/bdist.linux-x86_64/egg/pysnmp/proto/secmod/rfc3414/priv
copying build/lib/pysnmp/proto/secmod/rfc3414/priv/nopriv.py -> build/bdist.linux-x86_64/egg/pysnmp/proto/secmod/rfc3414/priv
copying build/lib/pysnmp/proto/secmod/rfc3414/priv/__init__.py -> build/bdist.linux-x86_64/egg/pysnmp/proto/secmod/rfc3414/priv
copying build/lib/pysnmp/proto/secmod/rfc3414/priv/base.py -> build/bdist.linux-x86_64/egg/pysnmp/proto/secmod/rfc3414/priv
copying build/lib/pysnmp/proto/secmod/rfc3414/localkey.py -> build/bdist.linux-x86_64/egg/pysnmp/proto/secmod/rfc3414
copying build/lib/pysnmp/proto/secmod/rfc3414/service.py -> build/bdist.linux-x86_64/egg/pysnmp/proto/secmod/rfc3414
copying build/lib/pysnmp/proto/secmod/rfc3414/__init__.py -> build/bdist.linux-x86_64/egg/pysnmp/proto/secmod/rfc3414
copying build/lib/pysnmp/proto/secmod/cache.py -> build/bdist.linux-x86_64/egg/pysnmp/proto/secmod
copying build/lib/pysnmp/proto/secmod/__init__.py -> build/bdist.linux-x86_64/egg/pysnmp/proto/secmod
creating build/bdist.linux-x86_64/egg/pysnmp/proto/secmod/eso
creating build/bdist.linux-x86_64/egg/pysnmp/proto/secmod/eso/priv
copying build/lib/pysnmp/proto/secmod/eso/priv/aes256.py -> build/bdist.linux-x86_64/egg/pysnmp/proto/secmod/eso/priv
copying build/lib/pysnmp/proto/secmod/eso/priv/des3.py -> build/bdist.linux-x86_64/egg/pysnmp/proto/secmod/eso/priv
copying build/lib/pysnmp/proto/secmod/eso/priv/__init__.py -> build/bdist.linux-x86_64/egg/pysnmp/proto/secmod/eso/priv
copying build/lib/pysnmp/proto/secmod/eso/priv/aes192.py -> build/bdist.linux-x86_64/egg/pysnmp/proto/secmod/eso/priv
copying build/lib/pysnmp/proto/secmod/eso/__init__.py -> build/bdist.linux-x86_64/egg/pysnmp/proto/secmod/eso
creating build/bdist.linux-x86_64/egg/pysnmp/proto/secmod/rfc3826
creating build/bdist.linux-x86_64/egg/pysnmp/proto/secmod/rfc3826/priv
copying build/lib/pysnmp/proto/secmod/rfc3826/priv/aes.py -> build/bdist.linux-x86_64/egg/pysnmp/proto/secmod/rfc3826/priv
copying build/lib/pysnmp/proto/secmod/rfc3826/priv/__init__.py -> build/bdist.linux-x86_64/egg/pysnmp/proto/secmod/rfc3826/priv
copying build/lib/pysnmp/proto/secmod/rfc3826/__init__.py -> build/bdist.linux-x86_64/egg/pysnmp/proto/secmod/rfc3826
copying build/lib/pysnmp/proto/secmod/rfc2576.py -> build/bdist.linux-x86_64/egg/pysnmp/proto/secmod
copying build/lib/pysnmp/proto/secmod/base.py -> build/bdist.linux-x86_64/egg/pysnmp/proto/secmod
copying build/lib/pysnmp/proto/__init__.py -> build/bdist.linux-x86_64/egg/pysnmp/proto
copying build/lib/pysnmp/proto/error.py -> build/bdist.linux-x86_64/egg/pysnmp/proto
copying build/lib/pysnmp/proto/errind.py -> build/bdist.linux-x86_64/egg/pysnmp/proto
copying build/lib/pysnmp/debug.py -> build/bdist.linux-x86_64/egg/pysnmp
copying build/lib/pysnmp/cache.py -> build/bdist.linux-x86_64/egg/pysnmp
creating build/bdist.linux-x86_64/egg/pysnmp/smi
copying build/lib/pysnmp/smi/instrum.py -> build/bdist.linux-x86_64/egg/pysnmp/smi
copying build/lib/pysnmp/smi/indices.py -> build/bdist.linux-x86_64/egg/pysnmp/smi
creating build/bdist.linux-x86_64/egg/pysnmp/smi/mibs
creating build/bdist.linux-x86_64/egg/pysnmp/smi/mibs/instances
copying build/lib/pysnmp/smi/mibs/instances/__PYSNMP-USM-MIB.py -> build/bdist.linux-x86_64/egg/pysnmp/smi/mibs/instances
copying build/lib/pysnmp/smi/mibs/instances/__SNMPv2-MIB.py -> build/bdist.linux-x86_64/egg/pysnmp/smi/mibs/instances
copying build/lib/pysnmp/smi/mibs/instances/__SNMP-MPD-MIB.py -> build/bdist.linux-x86_64/egg/pysnmp/smi/mibs/instances
copying build/lib/pysnmp/smi/mibs/instances/__SNMP-TARGET-MIB.py -> build/bdist.linux-x86_64/egg/pysnmp/smi/mibs/instances
copying build/lib/pysnmp/smi/mibs/instances/__SNMP-VIEW-BASED-ACM-MIB.py -> build/bdist.linux-x86_64/egg/pysnmp/smi/mibs/instances
copying build/lib/pysnmp/smi/mibs/instances/__SNMP-USER-BASED-SM-MIB.py -> build/bdist.linux-x86_64/egg/pysnmp/smi/mibs/instances
copying build/lib/pysnmp/smi/mibs/instances/__init__.py -> build/bdist.linux-x86_64/egg/pysnmp/smi/mibs/instances
copying build/lib/pysnmp/smi/mibs/instances/__SNMP-FRAMEWORK-MIB.py -> build/bdist.linux-x86_64/egg/pysnmp/smi/mibs/instances
copying build/lib/pysnmp/smi/mibs/SNMPv2-SMI.py -> build/bdist.linux-x86_64/egg/pysnmp/smi/mibs
copying build/lib/pysnmp/smi/mibs/SNMP-USM-AES-MIB.py -> build/bdist.linux-x86_64/egg/pysnmp/smi/mibs
copying build/lib/pysnmp/smi/mibs/SNMPv2-MIB.py -> build/bdist.linux-x86_64/egg/pysnmp/smi/mibs
copying build/lib/pysnmp/smi/mibs/SNMP-MPD-MIB.py -> build/bdist.linux-x86_64/egg/pysnmp/smi/mibs
copying build/lib/pysnmp/smi/mibs/SNMP-COMMUNITY-MIB.py -> build/bdist.linux-x86_64/egg/pysnmp/smi/mibs
copying build/lib/pysnmp/smi/mibs/SNMP-VIEW-BASED-ACM-MIB.py -> build/bdist.linux-x86_64/egg/pysnmp/smi/mibs
copying build/lib/pysnmp/smi/mibs/SNMP-PROXY-MIB.py -> build/bdist.linux-x86_64/egg/pysnmp/smi/mibs
copying build/lib/pysnmp/smi/mibs/SNMPv2-TC.py -> build/bdist.linux-x86_64/egg/pysnmp/smi/mibs
copying build/lib/pysnmp/smi/mibs/SNMP-TARGET-MIB.py -> build/bdist.linux-x86_64/egg/pysnmp/smi/mibs
copying build/lib/pysnmp/smi/mibs/SNMP-NOTIFICATION-MIB.py -> build/bdist.linux-x86_64/egg/pysnmp/smi/mibs
copying build/lib/pysnmp/smi/mibs/PYSNMP-USM-MIB.py -> build/bdist.linux-x86_64/egg/pysnmp/smi/mibs
copying build/lib/pysnmp/smi/mibs/SNMP-USER-BASED-SM-MIB.py -> build/bdist.linux-x86_64/egg/pysnmp/smi/mibs
copying build/lib/pysnmp/smi/mibs/PYSNMP-MIB.py -> build/bdist.linux-x86_64/egg/pysnmp/smi/mibs
copying build/lib/pysnmp/smi/mibs/ASN1.py -> build/bdist.linux-x86_64/egg/pysnmp/smi/mibs
copying build/lib/pysnmp/smi/mibs/SNMP-FRAMEWORK-MIB.py -> build/bdist.linux-x86_64/egg/pysnmp/smi/mibs
copying build/lib/pysnmp/smi/mibs/SNMPv2-CONF.py -> build/bdist.linux-x86_64/egg/pysnmp/smi/mibs
copying build/lib/pysnmp/smi/mibs/__init__.py -> build/bdist.linux-x86_64/egg/pysnmp/smi/mibs
copying build/lib/pysnmp/smi/mibs/ASN1-ENUMERATION.py -> build/bdist.linux-x86_64/egg/pysnmp/smi/mibs
copying build/lib/pysnmp/smi/mibs/SNMP-USER-BASED-SM-3DES-MIB.py -> build/bdist.linux-x86_64/egg/pysnmp/smi/mibs
copying build/lib/pysnmp/smi/mibs/TRANSPORT-ADDRESS-MIB.py -> build/bdist.linux-x86_64/egg/pysnmp/smi/mibs
copying build/lib/pysnmp/smi/mibs/SNMPv2-TM.py -> build/bdist.linux-x86_64/egg/pysnmp/smi/mibs
copying build/lib/pysnmp/smi/mibs/ASN1-REFINEMENT.py -> build/bdist.linux-x86_64/egg/pysnmp/smi/mibs
copying build/lib/pysnmp/smi/exval.py -> build/bdist.linux-x86_64/egg/pysnmp/smi
copying build/lib/pysnmp/smi/builder.py -> build/bdist.linux-x86_64/egg/pysnmp/smi
copying build/lib/pysnmp/smi/__init__.py -> build/bdist.linux-x86_64/egg/pysnmp/smi
copying build/lib/pysnmp/smi/error.py -> build/bdist.linux-x86_64/egg/pysnmp/smi
copying build/lib/pysnmp/smi/view.py -> build/bdist.linux-x86_64/egg/pysnmp/smi
copying build/lib/pysnmp/__init__.py -> build/bdist.linux-x86_64/egg/pysnmp
copying build/lib/pysnmp/error.py -> build/bdist.linux-x86_64/egg/pysnmp
copying build/lib/pysnmp/nextid.py -> build/bdist.linux-x86_64/egg/pysnmp
byte-compiling build/bdist.linux-x86_64/egg/pysnmp/entity/rfc3413/ntfrcv.py to ntfrcv.pyc
byte-compiling build/bdist.linux-x86_64/egg/pysnmp/entity/rfc3413/config.py to config.pyc
byte-compiling build/bdist.linux-x86_64/egg/pysnmp/entity/rfc3413/cmdgen.py to cmdgen.pyc
byte-compiling build/bdist.linux-x86_64/egg/pysnmp/entity/rfc3413/twisted/cmdgen.py to cmdgen.pyc
byte-compiling build/bdist.linux-x86_64/egg/pysnmp/entity/rfc3413/twisted/ntforg.py to ntforg.pyc
byte-compiling build/bdist.linux-x86_64/egg/pysnmp/entity/rfc3413/twisted/__init__.py to __init__.pyc
byte-compiling build/bdist.linux-x86_64/egg/pysnmp/entity/rfc3413/oneliner/target.py to target.pyc
byte-compiling build/bdist.linux-x86_64/egg/pysnmp/entity/rfc3413/oneliner/cmdgen.py to cmdgen.pyc
byte-compiling build/bdist.linux-x86_64/egg/pysnmp/entity/rfc3413/oneliner/ntforg.py to ntforg.pyc
byte-compiling build/bdist.linux-x86_64/egg/pysnmp/entity/rfc3413/oneliner/__init__.py to __init__.pyc
byte-compiling build/bdist.linux-x86_64/egg/pysnmp/entity/rfc3413/oneliner/mibvar.py to mibvar.pyc
byte-compiling build/bdist.linux-x86_64/egg/pysnmp/entity/rfc3413/oneliner/auth.py to auth.pyc
byte-compiling build/bdist.linux-x86_64/egg/pysnmp/entity/rfc3413/ntforg.py to ntforg.pyc
byte-compiling build/bdist.linux-x86_64/egg/pysnmp/entity/rfc3413/context.py to context.pyc
byte-compiling build/bdist.linux-x86_64/egg/pysnmp/entity/rfc3413/cmdrsp.py to cmdrsp.pyc
byte-compiling build/bdist.linux-x86_64/egg/pysnmp/entity/rfc3413/__init__.py to __init__.pyc
byte-compiling build/bdist.linux-x86_64/egg/pysnmp/entity/rfc3413/mibvar.py to mibvar.pyc
byte-compiling build/bdist.linux-x86_64/egg/pysnmp/entity/config.py to config.pyc
byte-compiling build/bdist.linux-x86_64/egg/pysnmp/entity/engine.py to engine.pyc
byte-compiling build/bdist.linux-x86_64/egg/pysnmp/entity/__init__.py to __init__.pyc
byte-compiling build/bdist.linux-x86_64/egg/pysnmp/carrier/twisted/dgram/udp.py to udp.pyc
byte-compiling build/bdist.linux-x86_64/egg/pysnmp/carrier/twisted/dgram/__init__.py to __init__.pyc
byte-compiling build/bdist.linux-x86_64/egg/pysnmp/carrier/twisted/dgram/unix.py to unix.pyc
byte-compiling build/bdist.linux-x86_64/egg/pysnmp/carrier/twisted/dgram/base.py to base.pyc
byte-compiling build/bdist.linux-x86_64/egg/pysnmp/carrier/twisted/__init__.py to __init__.pyc
byte-compiling build/bdist.linux-x86_64/egg/pysnmp/carrier/twisted/dispatch.py to dispatch.pyc
byte-compiling build/bdist.linux-x86_64/egg/pysnmp/carrier/twisted/base.py to base.pyc
byte-compiling build/bdist.linux-x86_64/egg/pysnmp/carrier/asynsock/dgram/udp.py to udp.pyc
byte-compiling build/bdist.linux-x86_64/egg/pysnmp/carrier/asynsock/dgram/udp6.py to udp6.pyc
byte-compiling build/bdist.linux-x86_64/egg/pysnmp/carrier/asynsock/dgram/__init__.py to __init__.pyc
byte-compiling build/bdist.linux-x86_64/egg/pysnmp/carrier/asynsock/dgram/unix.py to unix.pyc
byte-compiling build/bdist.linux-x86_64/egg/pysnmp/carrier/asynsock/dgram/base.py to base.pyc
byte-compiling build/bdist.linux-x86_64/egg/pysnmp/carrier/asynsock/__init__.py to __init__.pyc
byte-compiling build/bdist.linux-x86_64/egg/pysnmp/carrier/asynsock/dispatch.py to dispatch.pyc
byte-compiling build/bdist.linux-x86_64/egg/pysnmp/carrier/asynsock/base.py to base.pyc
byte-compiling build/bdist.linux-x86_64/egg/pysnmp/carrier/__init__.py to __init__.pyc
byte-compiling build/bdist.linux-x86_64/egg/pysnmp/carrier/error.py to error.pyc
byte-compiling build/bdist.linux-x86_64/egg/pysnmp/carrier/base.py to base.pyc
byte-compiling build/bdist.linux-x86_64/egg/pysnmp/proto/proxy/__init__.py to __init__.pyc
byte-compiling build/bdist.linux-x86_64/egg/pysnmp/proto/proxy/rfc2576.py to rfc2576.pyc
byte-compiling build/bdist.linux-x86_64/egg/pysnmp/proto/rfc1155.py to rfc1155.pyc
byte-compiling build/bdist.linux-x86_64/egg/pysnmp/proto/rfc1157.py to rfc1157.pyc
byte-compiling build/bdist.linux-x86_64/egg/pysnmp/proto/rfc1902.py to rfc1902.pyc
byte-compiling build/bdist.linux-x86_64/egg/pysnmp/proto/api/v1.py to v1.pyc
byte-compiling build/bdist.linux-x86_64/egg/pysnmp/proto/api/verdec.py to verdec.pyc
byte-compiling build/bdist.linux-x86_64/egg/pysnmp/proto/api/__init__.py to __init__.pyc
byte-compiling build/bdist.linux-x86_64/egg/pysnmp/proto/api/v2c.py to v2c.pyc
byte-compiling build/bdist.linux-x86_64/egg/pysnmp/proto/rfc1901.py to rfc1901.pyc
byte-compiling build/bdist.linux-x86_64/egg/pysnmp/proto/rfc3411.py to rfc3411.pyc
byte-compiling build/bdist.linux-x86_64/egg/pysnmp/proto/rfc1905.py to rfc1905.pyc
byte-compiling build/bdist.linux-x86_64/egg/pysnmp/proto/rfc3412.py to rfc3412.pyc
byte-compiling build/bdist.linux-x86_64/egg/pysnmp/proto/mpmod/rfc3412.py to rfc3412.pyc
byte-compiling build/bdist.linux-x86_64/egg/pysnmp/proto/mpmod/cache.py to cache.pyc
byte-compiling build/bdist.linux-x86_64/egg/pysnmp/proto/mpmod/__init__.py to __init__.pyc
byte-compiling build/bdist.linux-x86_64/egg/pysnmp/proto/mpmod/rfc2576.py to rfc2576.pyc
byte-compiling build/bdist.linux-x86_64/egg/pysnmp/proto/mpmod/base.py to base.pyc
byte-compiling build/bdist.linux-x86_64/egg/pysnmp/proto/cache.py to cache.pyc
byte-compiling build/bdist.linux-x86_64/egg/pysnmp/proto/acmod/rfc3415.py to rfc3415.pyc
byte-compiling build/bdist.linux-x86_64/egg/pysnmp/proto/acmod/void.py to void.pyc
byte-compiling build/bdist.linux-x86_64/egg/pysnmp/proto/acmod/__init__.py to __init__.pyc
byte-compiling build/bdist.linux-x86_64/egg/pysnmp/proto/secmod/rfc3414/auth/noauth.py to noauth.pyc
byte-compiling build/bdist.linux-x86_64/egg/pysnmp/proto/secmod/rfc3414/auth/hmacmd5.py to hmacmd5.pyc
byte-compiling build/bdist.linux-x86_64/egg/pysnmp/proto/secmod/rfc3414/auth/__init__.py to __init__.pyc
byte-compiling build/bdist.linux-x86_64/egg/pysnmp/proto/secmod/rfc3414/auth/hmacsha.py to hmacsha.pyc
byte-compiling build/bdist.linux-x86_64/egg/pysnmp/proto/secmod/rfc3414/auth/base.py to base.pyc
byte-compiling build/bdist.linux-x86_64/egg/pysnmp/proto/secmod/rfc3414/priv/des.py to des.pyc
byte-compiling build/bdist.linux-x86_64/egg/pysnmp/proto/secmod/rfc3414/priv/nopriv.py to nopriv.pyc
byte-compiling build/bdist.linux-x86_64/egg/pysnmp/proto/secmod/rfc3414/priv/__init__.py to __init__.pyc
byte-compiling build/bdist.linux-x86_64/egg/pysnmp/proto/secmod/rfc3414/priv/base.py to base.pyc
byte-compiling build/bdist.linux-x86_64/egg/pysnmp/proto/secmod/rfc3414/localkey.py to localkey.pyc
byte-compiling build/bdist.linux-x86_64/egg/pysnmp/proto/secmod/rfc3414/service.py to service.pyc
byte-compiling build/bdist.linux-x86_64/egg/pysnmp/proto/secmod/rfc3414/__init__.py to __init__.pyc
byte-compiling build/bdist.linux-x86_64/egg/pysnmp/proto/secmod/cache.py to cache.pyc
byte-compiling build/bdist.linux-x86_64/egg/pysnmp/proto/secmod/__init__.py to __init__.pyc
byte-compiling build/bdist.linux-x86_64/egg/pysnmp/proto/secmod/eso/priv/aes256.py to aes256.pyc
byte-compiling build/bdist.linux-x86_64/egg/pysnmp/proto/secmod/eso/priv/des3.py to des3.pyc
byte-compiling build/bdist.linux-x86_64/egg/pysnmp/proto/secmod/eso/priv/__init__.py to __init__.pyc
byte-compiling build/bdist.linux-x86_64/egg/pysnmp/proto/secmod/eso/priv/aes192.py to aes192.pyc
byte-compiling build/bdist.linux-x86_64/egg/pysnmp/proto/secmod/eso/__init__.py to __init__.pyc
byte-compiling build/bdist.linux-x86_64/egg/pysnmp/proto/secmod/rfc3826/priv/aes.py to aes.pyc
byte-compiling build/bdist.linux-x86_64/egg/pysnmp/proto/secmod/rfc3826/priv/__init__.py to __init__.pyc
byte-compiling build/bdist.linux-x86_64/egg/pysnmp/proto/secmod/rfc3826/__init__.py to __init__.pyc
byte-compiling build/bdist.linux-x86_64/egg/pysnmp/proto/secmod/rfc2576.py to rfc2576.pyc
byte-compiling build/bdist.linux-x86_64/egg/pysnmp/proto/secmod/base.py to base.pyc
byte-compiling build/bdist.linux-x86_64/egg/pysnmp/proto/__init__.py to __init__.pyc
byte-compiling build/bdist.linux-x86_64/egg/pysnmp/proto/error.py to error.pyc
byte-compiling build/bdist.linux-x86_64/egg/pysnmp/proto/errind.py to errind.pyc
byte-compiling build/bdist.linux-x86_64/egg/pysnmp/debug.py to debug.pyc
byte-compiling build/bdist.linux-x86_64/egg/pysnmp/cache.py to cache.pyc
byte-compiling build/bdist.linux-x86_64/egg/pysnmp/smi/instrum.py to instrum.pyc
byte-compiling build/bdist.linux-x86_64/egg/pysnmp/smi/indices.py to indices.pyc
byte-compiling build/bdist.linux-x86_64/egg/pysnmp/smi/mibs/instances/__PYSNMP-USM-MIB.py to __PYSNMP-USM-MIB.pyc
byte-compiling build/bdist.linux-x86_64/egg/pysnmp/smi/mibs/instances/__SNMPv2-MIB.py to __SNMPv2-MIB.pyc
byte-compiling build/bdist.linux-x86_64/egg/pysnmp/smi/mibs/instances/__SNMP-MPD-MIB.py to __SNMP-MPD-MIB.pyc
byte-compiling build/bdist.linux-x86_64/egg/pysnmp/smi/mibs/instances/__SNMP-TARGET-MIB.py to __SNMP-TARGET-MIB.pyc
byte-compiling build/bdist.linux-x86_64/egg/pysnmp/smi/mibs/instances/__SNMP-VIEW-BASED-ACM-MIB.py to __SNMP-VIEW-BASED-ACM-MIB.pyc
byte-compiling build/bdist.linux-x86_64/egg/pysnmp/smi/mibs/instances/__SNMP-USER-BASED-SM-MIB.py to __SNMP-USER-BASED-SM-MIB.pyc
byte-compiling build/bdist.linux-x86_64/egg/pysnmp/smi/mibs/instances/__init__.py to __init__.pyc
byte-compiling build/bdist.linux-x86_64/egg/pysnmp/smi/mibs/instances/__SNMP-FRAMEWORK-MIB.py to __SNMP-FRAMEWORK-MIB.pyc
byte-compiling build/bdist.linux-x86_64/egg/pysnmp/smi/mibs/SNMPv2-SMI.py to SNMPv2-SMI.pyc
byte-compiling build/bdist.linux-x86_64/egg/pysnmp/smi/mibs/SNMP-USM-AES-MIB.py to SNMP-USM-AES-MIB.pyc
byte-compiling build/bdist.linux-x86_64/egg/pysnmp/smi/mibs/SNMPv2-MIB.py to SNMPv2-MIB.pyc
byte-compiling build/bdist.linux-x86_64/egg/pysnmp/smi/mibs/SNMP-MPD-MIB.py to SNMP-MPD-MIB.pyc
byte-compiling build/bdist.linux-x86_64/egg/pysnmp/smi/mibs/SNMP-COMMUNITY-MIB.py to SNMP-COMMUNITY-MIB.pyc
byte-compiling build/bdist.linux-x86_64/egg/pysnmp/smi/mibs/SNMP-VIEW-BASED-ACM-MIB.py to SNMP-VIEW-BASED-ACM-MIB.pyc
byte-compiling build/bdist.linux-x86_64/egg/pysnmp/smi/mibs/SNMP-PROXY-MIB.py to SNMP-PROXY-MIB.pyc
byte-compiling build/bdist.linux-x86_64/egg/pysnmp/smi/mibs/SNMPv2-TC.py to SNMPv2-TC.pyc
byte-compiling build/bdist.linux-x86_64/egg/pysnmp/smi/mibs/SNMP-TARGET-MIB.py to SNMP-TARGET-MIB.pyc
byte-compiling build/bdist.linux-x86_64/egg/pysnmp/smi/mibs/SNMP-NOTIFICATION-MIB.py to SNMP-NOTIFICATION-MIB.pyc
byte-compiling build/bdist.linux-x86_64/egg/pysnmp/smi/mibs/PYSNMP-USM-MIB.py to PYSNMP-USM-MIB.pyc
byte-compiling build/bdist.linux-x86_64/egg/pysnmp/smi/mibs/SNMP-USER-BASED-SM-MIB.py to SNMP-USER-BASED-SM-MIB.pyc
byte-compiling build/bdist.linux-x86_64/egg/pysnmp/smi/mibs/PYSNMP-MIB.py to PYSNMP-MIB.pyc
byte-compiling build/bdist.linux-x86_64/egg/pysnmp/smi/mibs/ASN1.py to ASN1.pyc
byte-compiling build/bdist.linux-x86_64/egg/pysnmp/smi/mibs/SNMP-FRAMEWORK-MIB.py to SNMP-FRAMEWORK-MIB.pyc
byte-compiling build/bdist.linux-x86_64/egg/pysnmp/smi/mibs/SNMPv2-CONF.py to SNMPv2-CONF.pyc
byte-compiling build/bdist.linux-x86_64/egg/pysnmp/smi/mibs/__init__.py to __init__.pyc
byte-compiling build/bdist.linux-x86_64/egg/pysnmp/smi/mibs/ASN1-ENUMERATION.py to ASN1-ENUMERATION.pyc
byte-compiling build/bdist.linux-x86_64/egg/pysnmp/smi/mibs/SNMP-USER-BASED-SM-3DES-MIB.py to SNMP-USER-BASED-SM-3DES-MIB.pyc
byte-compiling build/bdist.linux-x86_64/egg/pysnmp/smi/mibs/TRANSPORT-ADDRESS-MIB.py to TRANSPORT-ADDRESS-MIB.pyc
byte-compiling build/bdist.linux-x86_64/egg/pysnmp/smi/mibs/SNMPv2-TM.py to SNMPv2-TM.pyc
byte-compiling build/bdist.linux-x86_64/egg/pysnmp/smi/mibs/ASN1-REFINEMENT.py to ASN1-REFINEMENT.pyc
byte-compiling build/bdist.linux-x86_64/egg/pysnmp/smi/exval.py to exval.pyc
byte-compiling build/bdist.linux-x86_64/egg/pysnmp/smi/builder.py to builder.pyc
byte-compiling build/bdist.linux-x86_64/egg/pysnmp/smi/__init__.py to __init__.pyc
byte-compiling build/bdist.linux-x86_64/egg/pysnmp/smi/error.py to error.pyc
byte-compiling build/bdist.linux-x86_64/egg/pysnmp/smi/view.py to view.pyc
byte-compiling build/bdist.linux-x86_64/egg/pysnmp/__init__.py to __init__.pyc
byte-compiling build/bdist.linux-x86_64/egg/pysnmp/error.py to error.pyc
byte-compiling build/bdist.linux-x86_64/egg/pysnmp/nextid.py to nextid.pyc
creating build/bdist.linux-x86_64/egg/EGG-INFO
installing scripts to build/bdist.linux-x86_64/egg/EGG-INFO/scripts
running install_scripts
running build_scripts
creating build/scripts-2.7
copying and adjusting tools/libsmi2pysnmp -> build/scripts-2.7
copying tools/build-pysnmp-mib -> build/scripts-2.7
changing mode of build/scripts-2.7/libsmi2pysnmp from 664 to 775
changing mode of build/scripts-2.7/build-pysnmp-mib from 644 to 755
creating build/bdist.linux-x86_64/egg/EGG-INFO/scripts
copying build/scripts-2.7/build-pysnmp-mib -> build/bdist.linux-x86_64/egg/EGG-INFO/scripts
copying build/scripts-2.7/libsmi2pysnmp -> build/bdist.linux-x86_64/egg/EGG-INFO/scripts
changing mode of build/bdist.linux-x86_64/egg/EGG-INFO/scripts/build-pysnmp-mib to 755
changing mode of build/bdist.linux-x86_64/egg/EGG-INFO/scripts/libsmi2pysnmp to 775
copying pysnmp.egg-info/PKG-INFO -> build/bdist.linux-x86_64/egg/EGG-INFO
copying pysnmp.egg-info/SOURCES.txt -> build/bdist.linux-x86_64/egg/EGG-INFO
copying pysnmp.egg-info/dependency_links.txt -> build/bdist.linux-x86_64/egg/EGG-INFO
copying pysnmp.egg-info/requires.txt -> build/bdist.linux-x86_64/egg/EGG-INFO
copying pysnmp.egg-info/top_level.txt -> build/bdist.linux-x86_64/egg/EGG-INFO
copying pysnmp.egg-info/zip-safe -> build/bdist.linux-x86_64/egg/EGG-INFO
creating dist
creating 'dist/pysnmp-4.2.5-py2.7.egg' and adding 'build/bdist.linux-x86_64/egg' to it
removing 'build/bdist.linux-x86_64/egg' (and everything under it)
Processing pysnmp-4.2.5-py2.7.egg
Copying pysnmp-4.2.5-py2.7.egg to /home/ubuntu/miniconda/envs/_build/lib/python2.7/site-packages
Adding pysnmp 4.2.5 to easy-install.pth file
Installing libsmi2pysnmp script to /home/ubuntu/miniconda/envs/_build/bin
Installing build-pysnmp-mib script to /home/ubuntu/miniconda/envs/_build/bin

Installed /home/ubuntu/miniconda/envs/_build/lib/python2.7/site-packages/pysnmp-4.2.5-py2.7.egg
Processing dependencies for pysnmp==4.2.5
Searching for pycrypto==2.6.1
Best match: pycrypto 2.6.1
Adding pycrypto 2.6.1 to easy-install.pth file

Using /home/ubuntu/miniconda/envs/_build/lib/python2.7/site-packages
Searching for pyasn1==0.1.7
Best match: pyasn1 0.1.7
Processing pyasn1-0.1.7-py2.7.egg
Adding pyasn1 0.1.7 to easy-install.pth file

Using /home/ubuntu/miniconda/envs/_build/lib/python2.7/site-packages/pyasn1-0.1.7-py2.7.egg
Finished processing dependencies for pysnmp==4.2.5

The following NEW packages will be INSTALLED:

    openssl:    1.0.1k-1    
    pip:        6.1.1-py27_0
    pyasn1:     0.1.7-py27_0
    pycrypto:   2.6.1-py27_0
    python:     2.7.9-3     
    readline:   6.2-2       
    setuptools: 16.0-py27_0 
    sqlite:     3.8.4.1-1   
    system:     5.8-2       
    tk:         8.5.18-0    
    zlib:       1.2.8-0     

Linking packages ...
[                    ]|                                                  |   0%[openssl             ]|                                                  |   0%[readline            ]|####                                              |   9%[sqlite              ]|#########                                         |  18%[system              ]|#############                                     |  27%[tk                  ]|##################                                |  36%[zlib                ]|######################                            |  45%[pyasn1              ]|###########################                       |  54%[pycrypto            ]|###############################                   |  63%[python              ]|####################################              |  72%[setuptools          ]|########################################          |  81%[pip                 ]|#############################################     |  90%[      COMPLETE      ]|##################################################| 100%
Removing old work directory
Source cache directory is: /home/ubuntu/miniconda/conda-bld/src_cache
Found source in cache: pysnmp-4.2.5.tar.gz
Extracting download
Package: pysnmp-4.2.5-py27_0
source tree in: /home/ubuntu/miniconda/conda-bld/work/pysnmp-4.2.5
found egg: /home/ubuntu/miniconda/envs/_build/lib/python2.7/site-packages/pysnmp-4.2.5-py2.7.egg
number of files: 4
Fixing permissions
Detected hard-coded path in text file bin/libsmi2pysnmp
Fixing permissions
BUILD END: pysnmp-4.2.5-py27_0
TEST START: pysnmp-4.2.5-py27_0
Fetching package metadata: ......
Solving package specifications: .
The following packages will be downloaded:

    package                    |            build
    ---------------------------|-----------------
    pysnmp-4.2.5               |           py27_0         397 KB

The following NEW packages will be INSTALLED:

    openssl:    1.0.1k-1    
    pip:        6.1.1-py27_0
    pyasn1:     0.1.7-py27_0
    pycrypto:   2.6.1-py27_0
    pysnmp:     4.2.5-py27_0
    python:     2.7.9-3     
    readline:   6.2-2       
    setuptools: 16.0-py27_0 
    sqlite:     3.8.4.1-1   
    system:     5.8-2       
    tk:         8.5.18-0    
    zlib:       1.2.8-0     

Fetching packages ...
pysnmp-4.2.5-p   0% |                              | ETA:  --:--:--   0.00  B/spysnmp-4.2.5-p   4% |#                              | ETA:  0:00:00  44.54 MB/spysnmp-4.2.5-p   8% |##                             | ETA:  0:00:00  56.79 MB/spysnmp-4.2.5-p  12% |###                            | ETA:  0:00:00  64.16 MB/spysnmp-4.2.5-p  16% |#####                          | ETA:  0:00:00  68.41 MB/spysnmp-4.2.5-p  20% |######                         | ETA:  0:00:00   6.13 MB/spysnmp-4.2.5-p  24% |#######                        | ETA:  0:00:00   7.26 MB/spysnmp-4.2.5-p  28% |########                       | ETA:  0:00:00   8.35 MB/spysnmp-4.2.5-p  32% |##########                     | ETA:  0:00:00   9.42 MB/spysnmp-4.2.5-p  36% |###########                    | ETA:  0:00:00  10.47 MB/spysnmp-4.2.5-p  40% |############                   | ETA:  0:00:00  11.48 MB/spysnmp-4.2.5-p  44% |#############                  | ETA:  0:00:00  12.47 MB/spysnmp-4.2.5-p  48% |###############                | ETA:  0:00:00  13.43 MB/spysnmp-4.2.5-p  52% |################               | ETA:  0:00:00  14.38 MB/spysnmp-4.2.5-p  56% |#################              | ETA:  0:00:00  15.30 MB/spysnmp-4.2.5-p  60% |##################             | ETA:  0:00:00  16.18 MB/spysnmp-4.2.5-p  64% |####################           | ETA:  0:00:00  17.05 MB/spysnmp-4.2.5-p  68% |#####################          | ETA:  0:00:00  17.91 MB/spysnmp-4.2.5-p  72% |######################         | ETA:  0:00:00  18.74 MB/spysnmp-4.2.5-p  76% |#######################        | ETA:  0:00:00  19.56 MB/spysnmp-4.2.5-p  80% |#########################      | ETA:  0:00:00  20.36 MB/spysnmp-4.2.5-p  84% |##########################     | ETA:  0:00:00  21.15 MB/spysnmp-4.2.5-p  88% |###########################    | ETA:  0:00:00  21.91 MB/spysnmp-4.2.5-p  92% |############################   | ETA:  0:00:00  22.66 MB/spysnmp-4.2.5-p  96% |############################## | ETA:  0:00:00  23.40 MB/spysnmp-4.2.5-p 100% |###############################| ETA:  0:00:00  23.92 MB/spysnmp-4.2.5-p 100% |###############################| Time: 0:00:00  23.59 MB/s
Extracting packages ...
[      COMPLETE      ]|                                                  |   0%[pysnmp              ]|                                                  |   0%[pysnmp              ]|                                                  |   0%[      COMPLETE      ]|##################################################| 100%
Linking packages ...
[      COMPLETE      ]|                                                  |   0%[openssl             ]|                                                  |   0%[openssl             ]|                                                  |   0%[readline            ]|####                                              |   8%[sqlite              ]|########                                          |  16%[system              ]|############                                      |  25%[tk                  ]|################                                  |  33%[zlib                ]|####################                              |  41%[pyasn1              ]|#########################                         |  50%[pycrypto            ]|#############################                     |  58%[pysnmp              ]|#################################                 |  66%[python              ]|#####################################===== testing package: pysnmp-4.2.5-py27_0 =====
import: u'pysnmp'
import: u'pysnmp.carrier'
import: u'pysnmp.carrier.asynsock'
import: u'pysnmp.carrier.asynsock.dgram'
import: u'pysnmp.carrier.twisted'
import: u'pysnmp.carrier.twisted.dgram'
import: u'pysnmp.entity'
import: u'pysnmp.entity.rfc3413'
import: u'pysnmp.entity.rfc3413.oneliner'
import: u'pysnmp.entity.rfc3413.twisted'
import: u'pysnmp.proto'
import: u'pysnmp.proto.acmod'
import: u'pysnmp.proto.api'
import: u'pysnmp.proto.mpmod'
import: u'pysnmp.proto.proxy'
import: u'pysnmp.proto.secmod'
import: u'pysnmp.proto.secmod.eso'
import: u'pysnmp.proto.secmod.eso.priv'
import: u'pysnmp.proto.secmod.rfc3414'
import: u'pysnmp.proto.secmod.rfc3414.auth'
import: u'pysnmp.proto.secmod.rfc3414.priv'
import: u'pysnmp.proto.secmod.rfc3826'
import: u'pysnmp.proto.secmod.rfc3826.priv'
import: u'pysnmp.smi'
import: u'pysnmp.smi.mibs'
import: u'pysnmp.smi.mibs.instances'
===== pysnmp-4.2.5-py27_0 OK =====
             |  75%[setuptools          ]|#########################################         |  83%[pip                 ]|#############################################     |  91%[      COMPLETE      ]|##################################################| 100%
TEST END: pysnmp-4.2.5-py27_0
# If you want to upload this package to binstar.org later, type:
#
# $ binstar upload /home/ubuntu/miniconda/conda-bld/linux-64/pysnmp-4.2.5-py27_0.tar.bz2
#
# To have conda build upload to binstar automatically, use
# $ conda config --set binstar_upload yes

