Warning, the following versions were found for pysnmp
4.2.5
4.2.4
4.2.3
4.2.2
4.2.1
4.1.16d
4.1.16c
4.1.16b
4.1.16a
4.1.15a
4.1.14a
4.1.13a
4.1.12a
4.1.7a
3.x
Using 4.2.5
Use --version to specify a different version.
Using url https://pypi.python.org/packages/source/p/pysnmp/pysnmp-4.2.5.tar.gz (220 KB) for pysnmp.
Downloading pysnmp (use --no-download to skip this step)
Using cached download
Unpacking pysnmp...
done
working in /tmp/tmpOySyyAconda_skeleton_pysnmp-4.2.5.tar.gz
Fetching package metadata: ......
Solving package specifications: .patching file core.py
Hunk #1 succeeded at 168 with fuzz 2 (offset 2 lines).

Applying patch: '/tmp/tmpOySyyAconda_skeleton_pysnmp-4.2.5.tar.gz/pypi-distutils.patch'
Writing recipe for pysnmp
Done
