Warning, the following versions were found for pysolr
3.3.2
3.3.1
3.3.1.dev0
3.3.0
3.2.0
3.1.0
3.0.6
3.0.5
3.0.4
3.0.3
3.0.2
3.0.1
3.0.0
2.1.0
2.1.0-beta
2.0.15
2.0.14
2.0.13
2.0.12
2.0.11
2.0.10
2.0.9
2.0.6
2.0.5
2.0.1
1.0
Using 3.3.2
Use --version to specify a different version.
Using url https://pypi.python.org/packages/source/p/pysolr/pysolr-3.3.2.tar.gz (14 KB) for pysolr.
Downloading pysolr (use --no-download to skip this step)
Using cached download
Unpacking pysolr...
done
working in /tmp/tmpUTAF5Iconda_skeleton_pysolr-3.3.2.tar.gz
Fetching package metadata: ......
Solving package specifications: .patching file core.py
Hunk #1 succeeded at 168 with fuzz 2 (offset 2 lines).

Applying patch: '/tmp/tmpUTAF5Iconda_skeleton_pysolr-3.3.2.tar.gz/pypi-distutils.patch'
Writing recipe for pysolr
Done
