Removing old build directory
Removing old work directory
BUILD START: pysqlite-2.6.3-py27_0
Fetching package metadata: ......
Solving package specifications: .+ /home/ubuntu/miniconda/envs/_build/bin/python setup.py install
running install
running build
running build_py
creating build
creating build/lib.linux-x86_64-2.7
creating build/lib.linux-x86_64-2.7/pysqlite2
copying lib/dbapi2.py -> build/lib.linux-x86_64-2.7/pysqlite2
copying lib/__init__.py -> build/lib.linux-x86_64-2.7/pysqlite2
copying lib/dump.py -> build/lib.linux-x86_64-2.7/pysqlite2
creating build/lib.linux-x86_64-2.7/pysqlite2/test
copying lib/test/regression.py -> build/lib.linux-x86_64-2.7/pysqlite2/test
copying lib/test/types.py -> build/lib.linux-x86_64-2.7/pysqlite2/test
copying lib/test/userfunctions.py -> build/lib.linux-x86_64-2.7/pysqlite2/test
copying lib/test/factory.py -> build/lib.linux-x86_64-2.7/pysqlite2/test
copying lib/test/hooks.py -> build/lib.linux-x86_64-2.7/pysqlite2/test
copying lib/test/transactions.py -> build/lib.linux-x86_64-2.7/pysqlite2/test
copying lib/test/__init__.py -> build/lib.linux-x86_64-2.7/pysqlite2/test
copying lib/test/dbapi.py -> build/lib.linux-x86_64-2.7/pysqlite2/test
copying lib/test/dump.py -> build/lib.linux-x86_64-2.7/pysqlite2/test
creating build/lib.linux-x86_64-2.7/pysqlite2/test/py25
copying lib/test/py25/py25tests.py -> build/lib.linux-x86_64-2.7/pysqlite2/test/py25
copying lib/test/py25/__init__.py -> build/lib.linux-x86_64-2.7/pysqlite2/test/py25
running build_ext
building 'pysqlite2._sqlite' extension
creating build/temp.linux-x86_64-2.7
creating build/temp.linux-x86_64-2.7/src
gcc -pthread -fno-strict-aliasing -g -O2 -DNDEBUG -g -fwrapv -O3 -Wall -Wstrict-prototypes -fPIC -DMODULE_NAME="pysqlite2.dbapi2" -DSQLITE_OMIT_LOAD_EXTENSION=1 -I/home/ubuntu/miniconda/envs/_build/include/python2.7 -c src/module.c -o build/temp.linux-x86_64-2.7/src/module.o
In file included from src/module.c:24:0:
src/connection.h:33:21: fatal error: sqlite3.h: No such file or directory
 #include "sqlite3.h"
                     ^
compilation terminated.
error: command 'gcc' failed with exit status 1

The following NEW packages will be INSTALLED:

    openssl:    1.0.1k-1     
    pip:        7.0.3-py27_0 
    python:     2.7.10-0     
    readline:   6.2-2        
    setuptools: 17.1.1-py27_0
    sqlite:     3.8.4.1-1    
    system:     5.8-2        
    tk:         8.5.18-0     
    zlib:       1.2.8-0      

Linking packages ...
[                    ]|                                                  |   0%[openssl             ]|                                                  |   0%[readline            ]|#####                                             |  11%[sqlite              ]|###########                                       |  22%[system              ]|################                                  |  33%[tk                  ]|######################                            |  44%[zlib                ]|###########################                       |  55%[python              ]|#################################                 |  66%[setuptools          ]|######################################            |  77%[pip                 ]|############################################      |  88%[      COMPLETE      ]|##################################################| 100%
Removing old work directory
Source cache directory is: /home/ubuntu/miniconda/conda-bld/src_cache
Found source in cache: pysqlite-2.6.3.tar.gz
Extracting download
Package: pysqlite-2.6.3-py27_0
source tree in: /home/ubuntu/miniconda/conda-bld/work/pysqlite-2.6.3
Command failed: /bin/bash -x -e /home/ubuntu/pypi-conda-builds/recipes/pysqlite/build.sh
