Warning, the following versions were found for pysqlite
2.6.3
2.6.2
2.6.1
2.6.0
2.5.6
2.5.5
Using 2.6.3
Use --version to specify a different version.
Using url https://pypi.python.org/packages/source/p/pysqlite/pysqlite-2.6.3.tar.gz (75 KB) for pysqlite.
Downloading pysqlite (use --no-download to skip this step)
Using cached download
Unpacking pysqlite...
done
working in /tmp/tmpHRNkLRconda_skeleton_pysqlite-2.6.3.tar.gz
Fetching package metadata: ......
Solving package specifications: .patching file core.py
Hunk #1 succeeded at 168 with fuzz 2 (offset 2 lines).

The following NEW packages will be INSTALLED:

    numpy:  1.9.2-py27_0
    pyyaml: 3.11-py27_0 

Linking packages ...
[                    ]|                                                  |   0%[numpy               ]|                                                  |   0%[pyyaml              ]|#########################                         |  50%[      COMPLETE      ]|##################################################| 100%
Applying patch: '/tmp/tmpHRNkLRconda_skeleton_pysqlite-2.6.3.tar.gz/pypi-distutils.patch'
Writing recipe for pysqlite
Done
