Package search: {'_pypi_ordering': False, 'version': '0.5.4', 'name': 'pystache', 'summary': 'Mustache for Python'}
Fetching package metadata: ....
Removing old build directory
Removing old work directory
BUILD START: pystache-0.5.4-py27_0
Fetching package metadata: ......
Solving package specifications: .+ pip install pystache
Collecting pystache
  Downloading http://localhost/packages/source/p/pystache/pystache-0.5.4.tar.gz (75kB)
Installing collected packages: pystache
  Running setup.py install for pystache
Successfully installed pystache-0.5.4

The following NEW packages will be INSTALLED:

    openssl:    1.0.1k-1    
    pip:        7.0.3-py27_0
    python:     2.7.10-0    
    readline:   6.2-2       
    setuptools: 17.0-py27_0 
    sqlite:     3.8.4.1-1   
    system:     5.8-2       
    tk:         8.5.18-0    
    zlib:       1.2.8-0     

Linking packages ...
[                    ]|                                                  |   0%[openssl             ]|                                                  |   0%[readline            ]|#####                                             |  11%[sqlite              ]|###########                                       |  22%[system              ]|################                                  |  33%[tk                  ]|######################                            |  44%[zlib                ]|###########################                       |  55%[python              ]|#################################                 |  66%[setuptools          ]|######################################            |  77%[pip                 ]|############################################      |  88%[      COMPLETE      ]|##################################################| 100%
Removing old work directory
Copying /home/ubuntu/pypi-conda-builds/pystache to /home/ubuntu/miniconda/conda-bld/work
Package: pystache-0.5.4-py27_0
source tree in: /home/ubuntu/miniconda/conda-bld/work
number of files: 145
Fixing permissions
Detected hard-coded path in text file bin/pystache
Detected hard-coded path in text file bin/pystache-test
Fixing permissions
BUILD END: pystache-0.5.4-py27_0
# If you want to upload this package to binstar.org later, type:
#
# $ binstar upload /home/ubuntu/miniconda/conda-bld/linux-64/pystache-0.5.4-py27_0.tar.bz2
#
# To have conda build upload to binstar automatically, use
# $ conda config --set binstar_upload yes

Creating standard recipe for pystache-0.5.4
Converting recipe in /home/ubuntu/pypi-conda-builds/pystache
package = pystache
   dependencies = []
Building conda package for pystache
