Warning, the following versions were found for pystache
0.5.4
0.5.3
0.5.2
0.5.1
0.5.0
0.4.1
0.4.0
0.3.1
0.3.0
0.2.0
0.1.0
Using 0.5.4
Use --version to specify a different version.
Using url https://pypi.python.org/packages/source/p/pystache/pystache-0.5.4.tar.gz (73 KB) for pystache.
Downloading pystache (use --no-download to skip this step)
Using cached download
Unpacking pystache...
done
working in /tmp/tmpi9VuOBconda_skeleton_pystache-0.5.4.tar.gz
Fetching package metadata: ......
Solving package specifications: .patching file core.py
Hunk #1 succeeded at 168 with fuzz 2 (offset 2 lines).
Traceback (most recent call last):
  File "setup.py", line 111, in <module>
    import setuptools as dist
ImportError: No module named setuptools

The following NEW packages will be INSTALLED:

    numpy:  1.9.2-py27_0
    pyyaml: 3.11-py27_0 

Linking packages ...
[                    ]|                                                  |   0%[numpy               ]|                                                  |   0%[pyyaml              ]|#########################                         |  50%[      COMPLETE      ]|##################################################| 100%
Applying patch: '/tmp/tmpi9VuOBconda_skeleton_pystache-0.5.4.tar.gz/pypi-distutils.patch'
$PYTHONPATH = /tmp/tmpi9VuOBconda_skeleton_pystache-0.5.4.tar.gz/pystache-0.5.4
Error: command failed: /home/ubuntu/miniconda/envs/_build/bin/python setup.py install
