python-levenshtein not found, trying python-Levenshtein
0
Warning, the following versions were found for python-Levenshtein
0.12.0
0.11.2
0.11.1
0.10.2
Using 0.12.0
Use --version to specify a different version.
Using url https://pypi.python.org/packages/source/p/python-Levenshtein/python-Levenshtein-0.12.0.tar.gz (47 KB) for python-Levenshtein.
Downloading python-Levenshtein (use --no-download to skip this step)
Using cached download
Unpacking python-Levenshtein...
done
working in /tmp/tmptobwmFconda_skeleton_python-Levenshtein-0.12.0.tar.gz
Fetching package metadata: ......
Solving package specifications: .patching file core.py
Hunk #1 succeeded at 168 with fuzz 2 (offset 2 lines).

The following NEW packages will be INSTALLED:

    numpy:  1.9.2-py27_0
    pyyaml: 3.11-py27_0 
    yaml:   0.1.4-0     

Linking packages ...
[                    ]|                                                  |   0%[yaml                ]|                                                  |   0%[numpy               ]|################                                  |  33%[pyyaml              ]|#################################                 |  66%[      COMPLETE      ]|##################################################| 100%
Applying patch: '/tmp/tmptobwmFconda_skeleton_python-Levenshtein-0.12.0.tar.gz/pypi-distutils.patch'
Writing recipe for python-levenshtein
Done
