There was an error importing jinja2.
Please run `conda install jinja2` to enable jinja template support
Removing old build directory
Removing old work directory
BUILD START: python-cjson-1.1.0-py27_0
Fetching package metadata: ......
Solving package specifications: .There was an error importing jinja2.
Please run `conda install jinja2` to enable jinja template support
+ /home/ubuntu/miniconda/envs/_build/bin/python setup.py install
running install
running build
running build_ext
building 'cjson' extension
creating build
creating build/temp.linux-x86_64-2.7
gcc -pthread -fno-strict-aliasing -g -O2 -DNDEBUG -g -fwrapv -O3 -Wall -Wstrict-prototypes -fPIC -DMODULE_VERSION=1.1.0 -I/home/ubuntu/miniconda/envs/_build/include/python2.7 -c cjson.c -o build/temp.linux-x86_64-2.7/cjson.o
creating build/lib.linux-x86_64-2.7
gcc -pthread -shared -L/home/ubuntu/miniconda/envs/_build/lib -Wl,-rpath=/home/ubuntu/miniconda/envs/_build/lib,--no-as-needed build/temp.linux-x86_64-2.7/cjson.o -L/home/ubuntu/miniconda/envs/_build/lib -lpython2.7 -o build/lib.linux-x86_64-2.7/cjson.so
running install_lib
copying build/lib.linux-x86_64-2.7/cjson.so -> /home/ubuntu/miniconda/envs/_build/lib/python2.7/site-packages
running install_egg_info
Writing /home/ubuntu/miniconda/envs/_build/lib/python2.7/site-packages/python_cjson-1.1.0-py2.7.egg-info

The following NEW packages will be INSTALLED:

    openssl:    1.0.1k-1    
    pip:        6.1.1-py27_0
    python:     2.7.9-3     
    readline:   6.2-2       
    setuptools: 16.0-py27_0 
    sqlite:     3.8.4.1-1   
    system:     5.8-2       
    tk:         8.5.18-0    
    zlib:       1.2.8-0     

Linking packages ...
[                    ]|                                                  |   0%[openssl             ]|                                                  |   0%[readline            ]|#####                                             |  11%[sqlite              ]|###########                                       |  22%[system              ]|################                                  |  33%[tk                  ]|######################                            |  44%[zlib                ]|###########################                       |  55%[python              ]|#################################                 |  66%[setuptools          ]|######################################            |  77%[pip                 ]|############################################      |  88%[      COMPLETE      ]|##################################################| 100%
Removing old work directory
Source cache directory is: /home/ubuntu/miniconda/conda-bld/src_cache
Found source in cache: python-cjson-1.1.0.tar.gz
Extracting download
Package: python-cjson-1.1.0-py27_0
source tree in: /home/ubuntu/miniconda/conda-bld/work/python-cjson-1.1.0
number of files: 2
Fixing permissions
patchelf: file: /home/ubuntu/miniconda/envs/_build/lib/python2.7/site-packages/cjson.so
    setting rpath to: $ORIGIN/../..
Ignored hard-coded path in lib/python2.7/site-packages/cjson.so
Fixing permissions
BUILD END: python-cjson-1.1.0-py27_0
Nothing to test for: python-cjson-1.1.0-py27_0
# If you want to upload this package to binstar.org later, type:
#
# $ binstar upload /home/ubuntu/miniconda/conda-bld/linux-64/python-cjson-1.1.0-py27_0.tar.bz2
#
# To have conda build upload to binstar automatically, use
# $ conda config --set binstar_upload yes

