Warning, the following versions were found for python-troveclient
1.2.0
1.1.0
1.0.9
1.0.8
1.0.7
1.0.6
1.0.5
1.0.4
1.0.3
1.0.2
1.0.1
1.0.0
0.1.4
0.1.3
0.0
Using 1.2.0
Use --version to specify a different version.
Using url https://pypi.python.org/packages/source/p/python-troveclient/python-troveclient-1.2.0.tar.gz (113 KB) for python-troveclient.
Downloading python-troveclient (use --no-download to skip this step)
Using cached download
Unpacking python-troveclient...
done
working in /tmp/tmpcbGRr_conda_skeleton_python-troveclient-1.2.0.tar.gz
Fetching package metadata: ......
Solving package specifications: .patching file core.py
Hunk #1 succeeded at 168 with fuzz 2 (offset 2 lines).

Applying patch: '/tmp/tmpcbGRr_conda_skeleton_python-troveclient-1.2.0.tar.gz/pypi-distutils.patch'
Writing recipe for python-troveclient
Done
