Warning, the following versions were found for python-neutronclient
2.6.0
2.5.0
2.4.0
2.3.11
2.3.10
2.3.9
2.3.8
2.3.7
2.3.6
2.3.5
2.3.4
2.3.3
2.3.2
2.3.1
2.3.0
2.2.6
2.2.5
2.2.4
Using 2.6.0
Use --version to specify a different version.
Using url https://pypi.python.org/packages/source/p/python-neutronclient/python-neutronclient-2.6.0.tar.gz (138 KB) for python-neutronclient.
Downloading python-neutronclient (use --no-download to skip this step)
Using cached download
Unpacking python-neutronclient...
done
working in /tmp/tmpMh0NV3conda_skeleton_python-neutronclient-2.6.0.tar.gz
Fetching package metadata: ......
Solving package specifications: .patching file core.py
Hunk #1 succeeded at 168 with fuzz 2 (offset 2 lines).

Applying patch: '/tmp/tmpMh0NV3conda_skeleton_python-neutronclient-2.6.0.tar.gz/pypi-distutils.patch'
Writing recipe for python-neutronclient
Done
