Removing old build directory
Removing old work directory
BUILD START: python-keystoneclient-1.3.1-py27_0
Fetching package metadata: ......
Solving package specifications: .+ /home/ubuntu/miniconda/envs/_build/bin/python setup.py install
running install
running build
running build_py
creating build
creating build/lib
creating build/lib/keystoneclient
creating build/lib/keystoneclient/auth
copying keystoneclient/auth/token_endpoint.py -> build/lib/keystoneclient/auth
copying keystoneclient/auth/cli.py -> build/lib/keystoneclient/auth
copying keystoneclient/auth/conf.py -> build/lib/keystoneclient/auth
copying keystoneclient/auth/__init__.py -> build/lib/keystoneclient/auth
copying keystoneclient/auth/base.py -> build/lib/keystoneclient/auth
creating build/lib/keystoneclient/tests
creating build/lib/keystoneclient/tests/unit
creating build/lib/keystoneclient/tests/unit/auth
copying keystoneclient/tests/unit/auth/test_token_endpoint.py -> build/lib/keystoneclient/tests/unit/auth
copying keystoneclient/tests/unit/auth/utils.py -> build/lib/keystoneclient/tests/unit/auth
copying keystoneclient/tests/unit/auth/test_access.py -> build/lib/keystoneclient/tests/unit/auth
copying keystoneclient/tests/unit/auth/test_identity_common.py -> build/lib/keystoneclient/tests/unit/auth
copying keystoneclient/tests/unit/auth/test_identity_v3_federated.py -> build/lib/keystoneclient/tests/unit/auth
copying keystoneclient/tests/unit/auth/test_identity_v2.py -> build/lib/keystoneclient/tests/unit/auth
copying keystoneclient/tests/unit/auth/__init__.py -> build/lib/keystoneclient/tests/unit/auth
copying keystoneclient/tests/unit/auth/test_identity_v3.py -> build/lib/keystoneclient/tests/unit/auth
copying keystoneclient/tests/unit/auth/test_password.py -> build/lib/keystoneclient/tests/unit/auth
copying keystoneclient/tests/unit/auth/test_cli.py -> build/lib/keystoneclient/tests/unit/auth
copying keystoneclient/tests/unit/auth/test_token.py -> build/lib/keystoneclient/tests/unit/auth
copying keystoneclient/tests/unit/auth/test_conf.py -> build/lib/keystoneclient/tests/unit/auth
creating build/lib/keystoneclient/auth/identity
creating build/lib/keystoneclient/auth/identity/generic
copying keystoneclient/auth/identity/generic/token.py -> build/lib/keystoneclient/auth/identity/generic
copying keystoneclient/auth/identity/generic/__init__.py -> build/lib/keystoneclient/auth/identity/generic
copying keystoneclient/auth/identity/generic/password.py -> build/lib/keystoneclient/auth/identity/generic
copying keystoneclient/auth/identity/generic/base.py -> build/lib/keystoneclient/auth/identity/generic
copying keystoneclient/auth/identity/access.py -> build/lib/keystoneclient/auth/identity
copying keystoneclient/auth/identity/__init__.py -> build/lib/keystoneclient/auth/identity
copying keystoneclient/auth/identity/v2.py -> build/lib/keystoneclient/auth/identity
copying keystoneclient/auth/identity/base.py -> build/lib/keystoneclient/auth/identity
creating build/lib/keystoneclient/auth/identity/v3
copying keystoneclient/auth/identity/v3/token.py -> build/lib/keystoneclient/auth/identity/v3
copying keystoneclient/auth/identity/v3/federated.py -> build/lib/keystoneclient/auth/identity/v3
copying keystoneclient/auth/identity/v3/__init__.py -> build/lib/keystoneclient/auth/identity/v3
copying keystoneclient/auth/identity/v3/password.py -> build/lib/keystoneclient/auth/identity/v3
copying keystoneclient/auth/identity/v3/base.py -> build/lib/keystoneclient/auth/identity/v3
creating build/lib/keystoneclient/generic
copying keystoneclient/generic/shell.py -> build/lib/keystoneclient/generic
copying keystoneclient/generic/client.py -> build/lib/keystoneclient/generic
copying keystoneclient/generic/__init__.py -> build/lib/keystoneclient/generic
creating build/lib/keystoneclient/tests/unit/v2_0
copying keystoneclient/tests/unit/v2_0/test_endpoints.py -> build/lib/keystoneclient/tests/unit/v2_0
copying keystoneclient/tests/unit/v2_0/utils.py -> build/lib/keystoneclient/tests/unit/v2_0
copying keystoneclient/tests/unit/v2_0/test_ec2.py -> build/lib/keystoneclient/tests/unit/v2_0
copying keystoneclient/tests/unit/v2_0/client_fixtures.py -> build/lib/keystoneclient/tests/unit/v2_0
copying keystoneclient/tests/unit/v2_0/test_certificates.py -> build/lib/keystoneclient/tests/unit/v2_0
copying keystoneclient/tests/unit/v2_0/test_access.py -> build/lib/keystoneclient/tests/unit/v2_0
copying keystoneclient/tests/unit/v2_0/test_service_catalog.py -> build/lib/keystoneclient/tests/unit/v2_0
copying keystoneclient/tests/unit/v2_0/test_shell.py -> build/lib/keystoneclient/tests/unit/v2_0
copying keystoneclient/tests/unit/v2_0/test_client.py -> build/lib/keystoneclient/tests/unit/v2_0
copying keystoneclient/tests/unit/v2_0/test_roles.py -> build/lib/keystoneclient/tests/unit/v2_0
copying keystoneclient/tests/unit/v2_0/test_discovery.py -> build/lib/keystoneclient/tests/unit/v2_0
copying keystoneclient/tests/unit/v2_0/test_tokens.py -> build/lib/keystoneclient/tests/unit/v2_0
copying keystoneclient/tests/unit/v2_0/__init__.py -> build/lib/keystoneclient/tests/unit/v2_0
copying keystoneclient/tests/unit/v2_0/test_tenants.py -> build/lib/keystoneclient/tests/unit/v2_0
copying keystoneclient/tests/unit/v2_0/test_extensions.py -> build/lib/keystoneclient/tests/unit/v2_0
copying keystoneclient/tests/unit/v2_0/test_users.py -> build/lib/keystoneclient/tests/unit/v2_0
copying keystoneclient/tests/unit/v2_0/test_auth.py -> build/lib/keystoneclient/tests/unit/v2_0
copying keystoneclient/tests/unit/v2_0/test_services.py -> build/lib/keystoneclient/tests/unit/v2_0
creating build/lib/keystoneclient/openstack
creating build/lib/keystoneclient/openstack/common
creating build/lib/keystoneclient/openstack/common/apiclient
copying keystoneclient/openstack/common/apiclient/fake_client.py -> build/lib/keystoneclient/openstack/common/apiclient
copying keystoneclient/openstack/common/apiclient/utils.py -> build/lib/keystoneclient/openstack/common/apiclient
copying keystoneclient/openstack/common/apiclient/client.py -> build/lib/keystoneclient/openstack/common/apiclient
copying keystoneclient/openstack/common/apiclient/__init__.py -> build/lib/keystoneclient/openstack/common/apiclient
copying keystoneclient/openstack/common/apiclient/auth.py -> build/lib/keystoneclient/openstack/common/apiclient
copying keystoneclient/openstack/common/apiclient/base.py -> build/lib/keystoneclient/openstack/common/apiclient
copying keystoneclient/openstack/common/apiclient/exceptions.py -> build/lib/keystoneclient/openstack/common/apiclient
creating build/lib/keystoneclient/contrib
copying keystoneclient/contrib/__init__.py -> build/lib/keystoneclient/contrib
creating build/lib/keystoneclient/common
copying keystoneclient/common/__init__.py -> build/lib/keystoneclient/common
copying keystoneclient/common/cms.py -> build/lib/keystoneclient/common
creating build/lib/keystoneclient/fixture
copying keystoneclient/fixture/discovery.py -> build/lib/keystoneclient/fixture
copying keystoneclient/fixture/exception.py -> build/lib/keystoneclient/fixture
copying keystoneclient/fixture/__init__.py -> build/lib/keystoneclient/fixture
copying keystoneclient/fixture/v2.py -> build/lib/keystoneclient/fixture
copying keystoneclient/fixture/v3.py -> build/lib/keystoneclient/fixture
creating build/lib/keystoneclient/tests/unit/apiclient
copying keystoneclient/tests/unit/apiclient/__init__.py -> build/lib/keystoneclient/tests/unit/apiclient
copying keystoneclient/tests/unit/apiclient/test_exceptions.py -> build/lib/keystoneclient/tests/unit/apiclient
creating build/lib/keystoneclient/v3
creating build/lib/keystoneclient/v3/contrib
creating build/lib/keystoneclient/v3/contrib/federation
copying keystoneclient/v3/contrib/federation/protocols.py -> build/lib/keystoneclient/v3/contrib/federation
copying keystoneclient/v3/contrib/federation/identity_providers.py -> build/lib/keystoneclient/v3/contrib/federation
copying keystoneclient/v3/contrib/federation/domains.py -> build/lib/keystoneclient/v3/contrib/federation
copying keystoneclient/v3/contrib/federation/projects.py -> build/lib/keystoneclient/v3/contrib/federation
copying keystoneclient/v3/contrib/federation/mappings.py -> build/lib/keystoneclient/v3/contrib/federation
copying keystoneclient/v3/contrib/federation/__init__.py -> build/lib/keystoneclient/v3/contrib/federation
copying keystoneclient/v3/contrib/federation/service_providers.py -> build/lib/keystoneclient/v3/contrib/federation
copying keystoneclient/v3/contrib/federation/core.py -> build/lib/keystoneclient/v3/contrib/federation
copying keystoneclient/v3/contrib/federation/base.py -> build/lib/keystoneclient/v3/contrib/federation
creating build/lib/keystoneclient/middleware
copying keystoneclient/middleware/s3_token.py -> build/lib/keystoneclient/middleware
copying keystoneclient/middleware/memcache_crypt.py -> build/lib/keystoneclient/middleware
copying keystoneclient/middleware/__init__.py -> build/lib/keystoneclient/middleware
copying keystoneclient/middleware/auth_token.py -> build/lib/keystoneclient/middleware
creating build/lib/keystoneclient/tests/functional
copying keystoneclient/tests/functional/__init__.py -> build/lib/keystoneclient/tests/functional
copying keystoneclient/tests/functional/test_cli.py -> build/lib/keystoneclient/tests/functional
creating build/lib/keystoneclient/contrib/bootstrap
copying keystoneclient/contrib/bootstrap/shell.py -> build/lib/keystoneclient/contrib/bootstrap
copying keystoneclient/contrib/bootstrap/__init__.py -> build/lib/keystoneclient/contrib/bootstrap
creating build/lib/keystoneclient/contrib/auth
creating build/lib/keystoneclient/contrib/auth/v3
copying keystoneclient/contrib/auth/v3/saml2.py -> build/lib/keystoneclient/contrib/auth/v3
copying keystoneclient/contrib/auth/v3/__init__.py -> build/lib/keystoneclient/contrib/auth/v3
creating build/lib/keystoneclient/v2_0
copying keystoneclient/v2_0/tenants.py -> build/lib/keystoneclient/v2_0
copying keystoneclient/v2_0/extensions.py -> build/lib/keystoneclient/v2_0
copying keystoneclient/v2_0/services.py -> build/lib/keystoneclient/v2_0
copying keystoneclient/v2_0/users.py -> build/lib/keystoneclient/v2_0
copying keystoneclient/v2_0/shell.py -> build/lib/keystoneclient/v2_0
copying keystoneclient/v2_0/tokens.py -> build/lib/keystoneclient/v2_0
copying keystoneclient/v2_0/endpoints.py -> build/lib/keystoneclient/v2_0
copying keystoneclient/v2_0/ec2.py -> build/lib/keystoneclient/v2_0
copying keystoneclient/v2_0/client.py -> build/lib/keystoneclient/v2_0
copying keystoneclient/v2_0/roles.py -> build/lib/keystoneclient/v2_0
copying keystoneclient/v2_0/__init__.py -> build/lib/keystoneclient/v2_0
copying keystoneclient/v2_0/certificates.py -> build/lib/keystoneclient/v2_0
creating build/lib/keystoneclient/apiclient
copying keystoneclient/apiclient/__init__.py -> build/lib/keystoneclient/apiclient
copying keystoneclient/apiclient/exceptions.py -> build/lib/keystoneclient/apiclient
creating build/lib/keystoneclient/v3/contrib/oauth1
copying keystoneclient/v3/contrib/oauth1/utils.py -> build/lib/keystoneclient/v3/contrib/oauth1
copying keystoneclient/v3/contrib/oauth1/consumers.py -> build/lib/keystoneclient/v3/contrib/oauth1
copying keystoneclient/v3/contrib/oauth1/request_tokens.py -> build/lib/keystoneclient/v3/contrib/oauth1
copying keystoneclient/v3/contrib/oauth1/access_tokens.py -> build/lib/keystoneclient/v3/contrib/oauth1
copying keystoneclient/v3/contrib/oauth1/__init__.py -> build/lib/keystoneclient/v3/contrib/oauth1
copying keystoneclient/v3/contrib/oauth1/auth.py -> build/lib/keystoneclient/v3/contrib/oauth1
copying keystoneclient/v3/contrib/oauth1/core.py -> build/lib/keystoneclient/v3/contrib/oauth1
creating build/lib/keystoneclient/contrib/ec2
copying keystoneclient/contrib/ec2/utils.py -> build/lib/keystoneclient/contrib/ec2
copying keystoneclient/contrib/ec2/__init__.py -> build/lib/keystoneclient/contrib/ec2
copying keystoneclient/tests/__init__.py -> build/lib/keystoneclient/tests
creating build/lib/keystoneclient/contrib/revoke
copying keystoneclient/contrib/revoke/model.py -> build/lib/keystoneclient/contrib/revoke
copying keystoneclient/contrib/revoke/__init__.py -> build/lib/keystoneclient/contrib/revoke
copying keystoneclient/openstack/common/_i18n.py -> build/lib/keystoneclient/openstack/common
copying keystoneclient/openstack/common/memorycache.py -> build/lib/keystoneclient/openstack/common
copying keystoneclient/openstack/common/uuidutils.py -> build/lib/keystoneclient/openstack/common
copying keystoneclient/openstack/common/__init__.py -> build/lib/keystoneclient/openstack/common
creating build/lib/keystoneclient/tests/unit/generic
copying keystoneclient/tests/unit/generic/test_shell.py -> build/lib/keystoneclient/tests/unit/generic
copying keystoneclient/tests/unit/generic/test_client.py -> build/lib/keystoneclient/tests/unit/generic
copying keystoneclient/tests/unit/generic/__init__.py -> build/lib/keystoneclient/tests/unit/generic
copying keystoneclient/tests/unit/test_hacking_checks.py -> build/lib/keystoneclient/tests/unit
copying keystoneclient/tests/unit/utils.py -> build/lib/keystoneclient/tests/unit
copying keystoneclient/tests/unit/test_ec2utils.py -> build/lib/keystoneclient/tests/unit
copying keystoneclient/tests/unit/test_s3_token_middleware.py -> build/lib/keystoneclient/tests/unit
copying keystoneclient/tests/unit/test_cms.py -> build/lib/keystoneclient/tests/unit
copying keystoneclient/tests/unit/client_fixtures.py -> build/lib/keystoneclient/tests/unit
copying keystoneclient/tests/unit/test_auth_token_middleware.py -> build/lib/keystoneclient/tests/unit
copying keystoneclient/tests/unit/test_shell.py -> build/lib/keystoneclient/tests/unit
copying keystoneclient/tests/unit/test_base.py -> build/lib/keystoneclient/tests/unit
copying keystoneclient/tests/unit/test_http.py -> build/lib/keystoneclient/tests/unit
copying keystoneclient/tests/unit/test_discovery.py -> build/lib/keystoneclient/tests/unit
copying keystoneclient/tests/unit/__init__.py -> build/lib/keystoneclient/tests/unit
copying keystoneclient/tests/unit/test_memcache_crypt.py -> build/lib/keystoneclient/tests/unit
copying keystoneclient/tests/unit/test_session.py -> build/lib/keystoneclient/tests/unit
copying keystoneclient/tests/unit/test_fixtures.py -> build/lib/keystoneclient/tests/unit
copying keystoneclient/tests/unit/test_utils.py -> build/lib/keystoneclient/tests/unit
copying keystoneclient/tests/unit/test_https.py -> build/lib/keystoneclient/tests/unit
copying keystoneclient/tests/unit/test_keyring.py -> build/lib/keystoneclient/tests/unit
creating build/lib/keystoneclient/tests/unit/v3
copying keystoneclient/tests/unit/v3/test_endpoints.py -> build/lib/keystoneclient/tests/unit/v3
copying keystoneclient/tests/unit/v3/test_projects.py -> build/lib/keystoneclient/tests/unit/v3
copying keystoneclient/tests/unit/v3/test_role_assignments.py -> build/lib/keystoneclient/tests/unit/v3
copying keystoneclient/tests/unit/v3/test_regions.py -> build/lib/keystoneclient/tests/unit/v3
copying keystoneclient/tests/unit/v3/test_domains.py -> build/lib/keystoneclient/tests/unit/v3
copying keystoneclient/tests/unit/v3/utils.py -> build/lib/keystoneclient/tests/unit/v3
copying keystoneclient/tests/unit/v3/test_simple_cert.py -> build/lib/keystoneclient/tests/unit/v3
copying keystoneclient/tests/unit/v3/test_credentials.py -> build/lib/keystoneclient/tests/unit/v3
copying keystoneclient/tests/unit/v3/test_groups.py -> build/lib/keystoneclient/tests/unit/v3
copying keystoneclient/tests/unit/v3/client_fixtures.py -> build/lib/keystoneclient/tests/unit/v3
copying keystoneclient/tests/unit/v3/test_trusts.py -> build/lib/keystoneclient/tests/unit/v3
copying keystoneclient/tests/unit/v3/test_access.py -> build/lib/keystoneclient/tests/unit/v3
copying keystoneclient/tests/unit/v3/test_endpoint_policy.py -> build/lib/keystoneclient/tests/unit/v3
copying keystoneclient/tests/unit/v3/test_service_catalog.py -> build/lib/keystoneclient/tests/unit/v3
copying keystoneclient/tests/unit/v3/test_oauth1.py -> build/lib/keystoneclient/tests/unit/v3
copying keystoneclient/tests/unit/v3/saml2_fixtures.py -> build/lib/keystoneclient/tests/unit/v3
copying keystoneclient/tests/unit/v3/test_endpoint_filter.py -> build/lib/keystoneclient/tests/unit/v3
copying keystoneclient/tests/unit/v3/test_client.py -> build/lib/keystoneclient/tests/unit/v3
copying keystoneclient/tests/unit/v3/test_discover.py -> build/lib/keystoneclient/tests/unit/v3
copying keystoneclient/tests/unit/v3/test_federation.py -> build/lib/keystoneclient/tests/unit/v3
copying keystoneclient/tests/unit/v3/test_auth_saml2.py -> build/lib/keystoneclient/tests/unit/v3
copying keystoneclient/tests/unit/v3/test_roles.py -> build/lib/keystoneclient/tests/unit/v3
copying keystoneclient/tests/unit/v3/test_tokens.py -> build/lib/keystoneclient/tests/unit/v3
copying keystoneclient/tests/unit/v3/__init__.py -> build/lib/keystoneclient/tests/unit/v3
copying keystoneclient/tests/unit/v3/test_users.py -> build/lib/keystoneclient/tests/unit/v3
copying keystoneclient/tests/unit/v3/test_auth.py -> build/lib/keystoneclient/tests/unit/v3
copying keystoneclient/tests/unit/v3/test_policies.py -> build/lib/keystoneclient/tests/unit/v3
copying keystoneclient/tests/unit/v3/test_services.py -> build/lib/keystoneclient/tests/unit/v3
copying keystoneclient/v3/regions.py -> build/lib/keystoneclient/v3
copying keystoneclient/v3/services.py -> build/lib/keystoneclient/v3
copying keystoneclient/v3/users.py -> build/lib/keystoneclient/v3
copying keystoneclient/v3/role_assignments.py -> build/lib/keystoneclient/v3
copying keystoneclient/v3/tokens.py -> build/lib/keystoneclient/v3
copying keystoneclient/v3/domains.py -> build/lib/keystoneclient/v3
copying keystoneclient/v3/policies.py -> build/lib/keystoneclient/v3
copying keystoneclient/v3/endpoints.py -> build/lib/keystoneclient/v3
copying keystoneclient/v3/projects.py -> build/lib/keystoneclient/v3
copying keystoneclient/v3/client.py -> build/lib/keystoneclient/v3
copying keystoneclient/v3/roles.py -> build/lib/keystoneclient/v3
copying keystoneclient/v3/credentials.py -> build/lib/keystoneclient/v3
copying keystoneclient/v3/__init__.py -> build/lib/keystoneclient/v3
copying keystoneclient/v3/groups.py -> build/lib/keystoneclient/v3
creating build/lib/keystoneclient/hacking
copying keystoneclient/hacking/__init__.py -> build/lib/keystoneclient/hacking
copying keystoneclient/hacking/checks.py -> build/lib/keystoneclient/hacking
copying keystoneclient/contrib/auth/__init__.py -> build/lib/keystoneclient/contrib/auth
copying keystoneclient/v3/contrib/endpoint_policy.py -> build/lib/keystoneclient/v3/contrib
copying keystoneclient/v3/contrib/endpoint_filter.py -> build/lib/keystoneclient/v3/contrib
copying keystoneclient/v3/contrib/__init__.py -> build/lib/keystoneclient/v3/contrib
copying keystoneclient/v3/contrib/trusts.py -> build/lib/keystoneclient/v3/contrib
copying keystoneclient/v3/contrib/simple_cert.py -> build/lib/keystoneclient/v3/contrib
copying keystoneclient/openstack/__init__.py -> build/lib/keystoneclient/openstack
copying keystoneclient/httpclient.py -> build/lib/keystoneclient
copying keystoneclient/utils.py -> build/lib/keystoneclient
copying keystoneclient/adapter.py -> build/lib/keystoneclient
copying keystoneclient/i18n.py -> build/lib/keystoneclient
copying keystoneclient/shell.py -> build/lib/keystoneclient
copying keystoneclient/access.py -> build/lib/keystoneclient
copying keystoneclient/_discover.py -> build/lib/keystoneclient
copying keystoneclient/session.py -> build/lib/keystoneclient
copying keystoneclient/client.py -> build/lib/keystoneclient
copying keystoneclient/__init__.py -> build/lib/keystoneclient
copying keystoneclient/baseclient.py -> build/lib/keystoneclient
copying keystoneclient/discover.py -> build/lib/keystoneclient
copying keystoneclient/service_catalog.py -> build/lib/keystoneclient
copying keystoneclient/base.py -> build/lib/keystoneclient
copying keystoneclient/exceptions.py -> build/lib/keystoneclient
running egg_info
writing requirements to python_keystoneclient.egg-info/requires.txt
writing python_keystoneclient.egg-info/PKG-INFO
writing top-level names to python_keystoneclient.egg-info/top_level.txt
writing dependency_links to python_keystoneclient.egg-info/dependency_links.txt
writing entry points to python_keystoneclient.egg-info/entry_points.txt
[pbr] Reusing existing SOURCES.txt
creating build/lib/keystoneclient/tests/functional/hooks
copying keystoneclient/tests/functional/hooks/post_test_hook.sh -> build/lib/keystoneclient/tests/functional/hooks
creating build/lib/keystoneclient/tests/unit/v3/examples
creating build/lib/keystoneclient/tests/unit/v3/examples/xml
copying keystoneclient/tests/unit/v3/examples/xml/ADFS_RequestSecurityTokenResponse.xml -> build/lib/keystoneclient/tests/unit/v3/examples/xml
copying keystoneclient/tests/unit/v3/examples/xml/ADFS_fault.xml -> build/lib/keystoneclient/tests/unit/v3/examples/xml
creating build/lib/keystoneclient/locale
copying keystoneclient/locale/keystoneclient.pot -> build/lib/keystoneclient/locale
running install_lib
creating /home/ubuntu/miniconda/envs/_build/lib/python2.7/site-packages/keystoneclient
creating /home/ubuntu/miniconda/envs/_build/lib/python2.7/site-packages/keystoneclient/common
copying build/lib/keystoneclient/common/__init__.py -> /home/ubuntu/miniconda/envs/_build/lib/python2.7/site-packages/keystoneclient/common
copying build/lib/keystoneclient/common/cms.py -> /home/ubuntu/miniconda/envs/_build/lib/python2.7/site-packages/keystoneclient/common
copying build/lib/keystoneclient/httpclient.py -> /home/ubuntu/miniconda/envs/_build/lib/python2.7/site-packages/keystoneclient
copying build/lib/keystoneclient/utils.py -> /home/ubuntu/miniconda/envs/_build/lib/python2.7/site-packages/keystoneclient
copying build/lib/keystoneclient/adapter.py -> /home/ubuntu/miniconda/envs/_build/lib/python2.7/site-packages/keystoneclient
copying build/lib/keystoneclient/i18n.py -> /home/ubuntu/miniconda/envs/_build/lib/python2.7/site-packages/keystoneclient
creating /home/ubuntu/miniconda/envs/_build/lib/python2.7/site-packages/keystoneclient/fixture
copying build/lib/keystoneclient/fixture/discovery.py -> /home/ubuntu/miniconda/envs/_build/lib/python2.7/site-packages/keystoneclient/fixture
copying build/lib/keystoneclient/fixture/exception.py -> /home/ubuntu/miniconda/envs/_build/lib/python2.7/site-packages/keystoneclient/fixture
copying build/lib/keystoneclient/fixture/__init__.py -> /home/ubuntu/miniconda/envs/_build/lib/python2.7/site-packages/keystoneclient/fixture
copying build/lib/keystoneclient/fixture/v2.py -> /home/ubuntu/miniconda/envs/_build/lib/python2.7/site-packages/keystoneclient/fixture
copying build/lib/keystoneclient/fixture/v3.py -> /home/ubuntu/miniconda/envs/_build/lib/python2.7/site-packages/keystoneclient/fixture
creating /home/ubuntu/miniconda/envs/_build/lib/python2.7/site-packages/keystoneclient/generic
copying build/lib/keystoneclient/generic/shell.py -> /home/ubuntu/miniconda/envs/_build/lib/python2.7/site-packages/keystoneclient/generic
copying build/lib/keystoneclient/generic/client.py -> /home/ubuntu/miniconda/envs/_build/lib/python2.7/site-packages/keystoneclient/generic
copying build/lib/keystoneclient/generic/__init__.py -> /home/ubuntu/miniconda/envs/_build/lib/python2.7/site-packages/keystoneclient/generic
creating /home/ubuntu/miniconda/envs/_build/lib/python2.7/site-packages/keystoneclient/middleware
copying build/lib/keystoneclient/middleware/s3_token.py -> /home/ubuntu/miniconda/envs/_build/lib/python2.7/site-packages/keystoneclient/middleware
copying build/lib/keystoneclient/middleware/memcache_crypt.py -> /home/ubuntu/miniconda/envs/_build/lib/python2.7/site-packages/keystoneclient/middleware
copying build/lib/keystoneclient/middleware/__init__.py -> /home/ubuntu/miniconda/envs/_build/lib/python2.7/site-packages/keystoneclient/middleware
copying build/lib/keystoneclient/middleware/auth_token.py -> /home/ubuntu/miniconda/envs/_build/lib/python2.7/site-packages/keystoneclient/middleware
copying build/lib/keystoneclient/shell.py -> /home/ubuntu/miniconda/envs/_build/lib/python2.7/site-packages/keystoneclient
creating /home/ubuntu/miniconda/envs/_build/lib/python2.7/site-packages/keystoneclient/contrib
creating /home/ubuntu/miniconda/envs/_build/lib/python2.7/site-packages/keystoneclient/contrib/bootstrap
copying build/lib/keystoneclient/contrib/bootstrap/shell.py -> /home/ubuntu/miniconda/envs/_build/lib/python2.7/site-packages/keystoneclient/contrib/bootstrap
copying build/lib/keystoneclient/contrib/bootstrap/__init__.py -> /home/ubuntu/miniconda/envs/_build/lib/python2.7/site-packages/keystoneclient/contrib/bootstrap
creating /home/ubuntu/miniconda/envs/_build/lib/python2.7/site-packages/keystoneclient/contrib/ec2
copying build/lib/keystoneclient/contrib/ec2/utils.py -> /home/ubuntu/miniconda/envs/_build/lib/python2.7/site-packages/keystoneclient/contrib/ec2
copying build/lib/keystoneclient/contrib/ec2/__init__.py -> /home/ubuntu/miniconda/envs/_build/lib/python2.7/site-packages/keystoneclient/contrib/ec2
creating /home/ubuntu/miniconda/envs/_build/lib/python2.7/site-packages/keystoneclient/contrib/revoke
copying build/lib/keystoneclient/contrib/revoke/model.py -> /home/ubuntu/miniconda/envs/_build/lib/python2.7/site-packages/keystoneclient/contrib/revoke
copying build/lib/keystoneclient/contrib/revoke/__init__.py -> /home/ubuntu/miniconda/envs/_build/lib/python2.7/site-packages/keystoneclient/contrib/revoke
creating /home/ubuntu/miniconda/envs/_build/lib/python2.7/site-packages/keystoneclient/contrib/auth
creating /home/ubuntu/miniconda/envs/_build/lib/python2.7/site-packages/keystoneclient/contrib/auth/v3
copying build/lib/keystoneclient/contrib/auth/v3/saml2.py -> /home/ubuntu/miniconda/envs/_build/lib/python2.7/site-packages/keystoneclient/contrib/auth/v3
copying build/lib/keystoneclient/contrib/auth/v3/__init__.py -> /home/ubuntu/miniconda/envs/_build/lib/python2.7/site-packages/keystoneclient/contrib/auth/v3
copying build/lib/keystoneclient/contrib/auth/__init__.py -> /home/ubuntu/miniconda/envs/_build/lib/python2.7/site-packages/keystoneclient/contrib/auth
copying build/lib/keystoneclient/contrib/__init__.py -> /home/ubuntu/miniconda/envs/_build/lib/python2.7/site-packages/keystoneclient/contrib
creating /home/ubuntu/miniconda/envs/_build/lib/python2.7/site-packages/keystoneclient/v3
copying build/lib/keystoneclient/v3/regions.py -> /home/ubuntu/miniconda/envs/_build/lib/python2.7/site-packages/keystoneclient/v3
copying build/lib/keystoneclient/v3/services.py -> /home/ubuntu/miniconda/envs/_build/lib/python2.7/site-packages/keystoneclient/v3
copying build/lib/keystoneclient/v3/users.py -> /home/ubuntu/miniconda/envs/_build/lib/python2.7/site-packages/keystoneclient/v3
copying build/lib/keystoneclient/v3/role_assignments.py -> /home/ubuntu/miniconda/envs/_build/lib/python2.7/site-packages/keystoneclient/v3
copying build/lib/keystoneclient/v3/tokens.py -> /home/ubuntu/miniconda/envs/_build/lib/python2.7/site-packages/keystoneclient/v3
copying build/lib/keystoneclient/v3/domains.py -> /home/ubuntu/miniconda/envs/_build/lib/python2.7/site-packages/keystoneclient/v3
creating /home/ubuntu/miniconda/envs/_build/lib/python2.7/site-packages/keystoneclient/v3/contrib
creating /home/ubuntu/miniconda/envs/_build/lib/python2.7/site-packages/keystoneclient/v3/contrib/federation
copying build/lib/keystoneclient/v3/contrib/federation/protocols.py -> /home/ubuntu/miniconda/envs/_build/lib/python2.7/site-packages/keystoneclient/v3/contrib/federation
copying build/lib/keystoneclient/v3/contrib/federation/identity_providers.py -> /home/ubuntu/miniconda/envs/_build/lib/python2.7/site-packages/keystoneclient/v3/contrib/federation
copying build/lib/keystoneclient/v3/contrib/federation/domains.py -> /home/ubuntu/miniconda/envs/_build/lib/python2.7/site-packages/keystoneclient/v3/contrib/federation
copying build/lib/keystoneclient/v3/contrib/federation/projects.py -> /home/ubuntu/miniconda/envs/_build/lib/python2.7/site-packages/keystoneclient/v3/contrib/federation
copying build/lib/keystoneclient/v3/contrib/federation/mappings.py -> /home/ubuntu/miniconda/envs/_build/lib/python2.7/site-packages/keystoneclient/v3/contrib/federation
copying build/lib/keystoneclient/v3/contrib/federation/__init__.py -> /home/ubuntu/miniconda/envs/_build/lib/python2.7/site-packages/keystoneclient/v3/contrib/federation
copying build/lib/keystoneclient/v3/contrib/federation/service_providers.py -> /home/ubuntu/miniconda/envs/_build/lib/python2.7/site-packages/keystoneclient/v3/contrib/federation
copying build/lib/keystoneclient/v3/contrib/federation/core.py -> /home/ubuntu/miniconda/envs/_build/lib/python2.7/site-packages/keystoneclient/v3/contrib/federation
copying build/lib/keystoneclient/v3/contrib/federation/base.py -> /home/ubuntu/miniconda/envs/_build/lib/python2.7/site-packages/keystoneclient/v3/contrib/federation
copying build/lib/keystoneclient/v3/contrib/endpoint_policy.py -> /home/ubuntu/miniconda/envs/_build/lib/python2.7/site-packages/keystoneclient/v3/contrib
creating /home/ubuntu/miniconda/envs/_build/lib/python2.7/site-packages/keystoneclient/v3/contrib/oauth1
copying build/lib/keystoneclient/v3/contrib/oauth1/utils.py -> /home/ubuntu/miniconda/envs/_build/lib/python2.7/site-packages/keystoneclient/v3/contrib/oauth1
copying build/lib/keystoneclient/v3/contrib/oauth1/consumers.py -> /home/ubuntu/miniconda/envs/_build/lib/python2.7/site-packages/keystoneclient/v3/contrib/oauth1
copying build/lib/keystoneclient/v3/contrib/oauth1/request_tokens.py -> /home/ubuntu/miniconda/envs/_build/lib/python2.7/site-packages/keystoneclient/v3/contrib/oauth1
copying build/lib/keystoneclient/v3/contrib/oauth1/access_tokens.py -> /home/ubuntu/miniconda/envs/_build/lib/python2.7/site-packages/keystoneclient/v3/contrib/oauth1
copying build/lib/keystoneclient/v3/contrib/oauth1/__init__.py -> /home/ubuntu/miniconda/envs/_build/lib/python2.7/site-packages/keystoneclient/v3/contrib/oauth1
copying build/lib/keystoneclient/v3/contrib/oauth1/auth.py -> /home/ubuntu/miniconda/envs/_build/lib/python2.7/site-packages/keystoneclient/v3/contrib/oauth1
copying build/lib/keystoneclient/v3/contrib/oauth1/core.py -> /home/ubuntu/miniconda/envs/_build/lib/python2.7/site-packages/keystoneclient/v3/contrib/oauth1
copying build/lib/keystoneclient/v3/contrib/endpoint_filter.py -> /home/ubuntu/miniconda/envs/_build/lib/python2.7/site-packages/keystoneclient/v3/contrib
copying build/lib/keystoneclient/v3/contrib/__init__.py -> /home/ubuntu/miniconda/envs/_build/lib/python2.7/site-packages/keystoneclient/v3/contrib
copying build/lib/keystoneclient/v3/contrib/trusts.py -> /home/ubuntu/miniconda/envs/_build/lib/python2.7/site-packages/keystoneclient/v3/contrib
copying build/lib/keystoneclient/v3/contrib/simple_cert.py -> /home/ubuntu/miniconda/envs/_build/lib/python2.7/site-packages/keystoneclient/v3/contrib
copying build/lib/keystoneclient/v3/policies.py -> /home/ubuntu/miniconda/envs/_build/lib/python2.7/site-packages/keystoneclient/v3
copying build/lib/keystoneclient/v3/endpoints.py -> /home/ubuntu/miniconda/envs/_build/lib/python2.7/site-packages/keystoneclient/v3
copying build/lib/keystoneclient/v3/projects.py -> /home/ubuntu/miniconda/envs/_build/lib/python2.7/site-packages/keystoneclient/v3
copying build/lib/keystoneclient/v3/client.py -> /home/ubuntu/miniconda/envs/_build/lib/python2.7/site-packages/keystoneclient/v3
copying build/lib/keystoneclient/v3/roles.py -> /home/ubuntu/miniconda/envs/_build/lib/python2.7/site-packages/keystoneclient/v3
copying build/lib/keystoneclient/v3/credentials.py -> /home/ubuntu/miniconda/envs/_build/lib/python2.7/site-packages/keystoneclient/v3
copying build/lib/keystoneclient/v3/__init__.py -> /home/ubuntu/miniconda/envs/_build/lib/python2.7/site-packages/keystoneclient/v3
copying build/lib/keystoneclient/v3/groups.py -> /home/ubuntu/miniconda/envs/_build/lib/python2.7/site-packages/keystoneclient/v3
copying build/lib/keystoneclient/access.py -> /home/ubuntu/miniconda/envs/_build/lib/python2.7/site-packages/keystoneclient
creating /home/ubuntu/miniconda/envs/_build/lib/python2.7/site-packages/keystoneclient/hacking
copying build/lib/keystoneclient/hacking/__init__.py -> /home/ubuntu/miniconda/envs/_build/lib/python2.7/site-packages/keystoneclient/hacking
copying build/lib/keystoneclient/hacking/checks.py -> /home/ubuntu/miniconda/envs/_build/lib/python2.7/site-packages/keystoneclient/hacking
creating /home/ubuntu/miniconda/envs/_build/lib/python2.7/site-packages/keystoneclient/tests
creating /home/ubuntu/miniconda/envs/_build/lib/python2.7/site-packages/keystoneclient/tests/unit
copying build/lib/keystoneclient/tests/unit/test_hacking_checks.py -> /home/ubuntu/miniconda/envs/_build/lib/python2.7/site-packages/keystoneclient/tests/unit
copying build/lib/keystoneclient/tests/unit/utils.py -> /home/ubuntu/miniconda/envs/_build/lib/python2.7/site-packages/keystoneclient/tests/unit
copying build/lib/keystoneclient/tests/unit/test_ec2utils.py -> /home/ubuntu/miniconda/envs/_build/lib/python2.7/site-packages/keystoneclient/tests/unit
copying build/lib/keystoneclient/tests/unit/test_s3_token_middleware.py -> /home/ubuntu/miniconda/envs/_build/lib/python2.7/site-packages/keystoneclient/tests/unit
copying build/lib/keystoneclient/tests/unit/test_cms.py -> /home/ubuntu/miniconda/envs/_build/lib/python2.7/site-packages/keystoneclient/tests/unit
copying build/lib/keystoneclient/tests/unit/client_fixtures.py -> /home/ubuntu/miniconda/envs/_build/lib/python2.7/site-packages/keystoneclient/tests/unit
copying build/lib/keystoneclient/tests/unit/test_auth_token_middleware.py -> /home/ubuntu/miniconda/envs/_build/lib/python2.7/site-packages/keystoneclient/tests/unit
creating /home/ubuntu/miniconda/envs/_build/lib/python2.7/site-packages/keystoneclient/tests/unit/generic
copying build/lib/keystoneclient/tests/unit/generic/test_shell.py -> /home/ubuntu/miniconda/envs/_build/lib/python2.7/site-packages/keystoneclient/tests/unit/generic
copying build/lib/keystoneclient/tests/unit/generic/test_client.py -> /home/ubuntu/miniconda/envs/_build/lib/python2.7/site-packages/keystoneclient/tests/unit/generic
copying build/lib/keystoneclient/tests/unit/generic/__init__.py -> /home/ubuntu/miniconda/envs/_build/lib/python2.7/site-packages/keystoneclient/tests/unit/generic
copying build/lib/keystoneclient/tests/unit/test_shell.py -> /home/ubuntu/miniconda/envs/_build/lib/python2.7/site-packages/keystoneclient/tests/unit
creating /home/ubuntu/miniconda/envs/_build/lib/python2.7/site-packages/keystoneclient/tests/unit/v3
copying build/lib/keystoneclient/tests/unit/v3/test_endpoints.py -> /home/ubuntu/miniconda/envs/_build/lib/python2.7/site-packages/keystoneclient/tests/unit/v3
copying build/lib/keystoneclient/tests/unit/v3/test_projects.py -> /home/ubuntu/miniconda/envs/_build/lib/python2.7/site-packages/keystoneclient/tests/unit/v3
copying build/lib/keystoneclient/tests/unit/v3/test_role_assignments.py -> /home/ubuntu/miniconda/envs/_build/lib/python2.7/site-packages/keystoneclient/tests/unit/v3
copying build/lib/keystoneclient/tests/unit/v3/test_regions.py -> /home/ubuntu/miniconda/envs/_build/lib/python2.7/site-packages/keystoneclient/tests/unit/v3
copying build/lib/keystoneclient/tests/unit/v3/test_domains.py -> /home/ubuntu/miniconda/envs/_build/lib/python2.7/site-packages/keystoneclient/tests/unit/v3
copying build/lib/keystoneclient/tests/unit/v3/utils.py -> /home/ubuntu/miniconda/envs/_build/lib/python2.7/site-packages/keystoneclient/tests/unit/v3
copying build/lib/keystoneclient/tests/unit/v3/test_simple_cert.py -> /home/ubuntu/miniconda/envs/_build/lib/python2.7/site-packages/keystoneclient/tests/unit/v3
copying build/lib/keystoneclient/tests/unit/v3/test_credentials.py -> /home/ubuntu/miniconda/envs/_build/lib/python2.7/site-packages/keystoneclient/tests/unit/v3
creating /home/ubuntu/miniconda/envs/_build/lib/python2.7/site-packages/keystoneclient/tests/unit/v3/examples
creating /home/ubuntu/miniconda/envs/_build/lib/python2.7/site-packages/keystoneclient/tests/unit/v3/examples/xml
copying build/lib/keystoneclient/tests/unit/v3/examples/xml/ADFS_RequestSecurityTokenResponse.xml -> /home/ubuntu/miniconda/envs/_build/lib/python2.7/site-packages/keystoneclient/tests/unit/v3/examples/xml
copying build/lib/keystoneclient/tests/unit/v3/examples/xml/ADFS_fault.xml -> /home/ubuntu/miniconda/envs/_build/lib/python2.7/site-packages/keystoneclient/tests/unit/v3/examples/xml
copying build/lib/keystoneclient/tests/unit/v3/test_groups.py -> /home/ubuntu/miniconda/envs/_build/lib/python2.7/site-packages/keystoneclient/tests/unit/v3
copying build/lib/keystoneclient/tests/unit/v3/client_fixtures.py -> /home/ubuntu/miniconda/envs/_build/lib/python2.7/site-packages/keystoneclient/tests/unit/v3
copying build/lib/keystoneclient/tests/unit/v3/test_trusts.py -> /home/ubuntu/miniconda/envs/_build/lib/python2.7/site-packages/keystoneclient/tests/unit/v3
copying build/lib/keystoneclient/tests/unit/v3/test_access.py -> /home/ubuntu/miniconda/envs/_build/lib/python2.7/site-packages/keystoneclient/tests/unit/v3
copying build/lib/keystoneclient/tests/unit/v3/test_endpoint_policy.py -> /home/ubuntu/miniconda/envs/_build/lib/python2.7/site-packages/keystoneclient/tests/unit/v3
copying build/lib/keystoneclient/tests/unit/v3/test_service_catalog.py -> /home/ubuntu/miniconda/envs/_build/lib/python2.7/site-packages/keystoneclient/tests/unit/v3
copying build/lib/keystoneclient/tests/unit/v3/test_oauth1.py -> /home/ubuntu/miniconda/envs/_build/lib/python2.7/site-packages/keystoneclient/tests/unit/v3
copying build/lib/keystoneclient/tests/unit/v3/saml2_fixtures.py -> /home/ubuntu/miniconda/envs/_build/lib/python2.7/site-packages/keystoneclient/tests/unit/v3
copying build/lib/keystoneclient/tests/unit/v3/test_endpoint_filter.py -> /home/ubuntu/miniconda/envs/_build/lib/python2.7/site-packages/keystoneclient/tests/unit/v3
copying build/lib/keystoneclient/tests/unit/v3/test_client.py -> /home/ubuntu/miniconda/envs/_build/lib/python2.7/site-packages/keystoneclient/tests/unit/v3
copying build/lib/keystoneclient/tests/unit/v3/test_discover.py -> /home/ubuntu/miniconda/envs/_build/lib/python2.7/site-packages/keystoneclient/tests/unit/v3
copying build/lib/keystoneclient/tests/unit/v3/test_federation.py -> /home/ubuntu/miniconda/envs/_build/lib/python2.7/site-packages/keystoneclient/tests/unit/v3
copying build/lib/keystoneclient/tests/unit/v3/test_auth_saml2.py -> /home/ubuntu/miniconda/envs/_build/lib/python2.7/site-packages/keystoneclient/tests/unit/v3
copying build/lib/keystoneclient/tests/unit/v3/test_roles.py -> /home/ubuntu/miniconda/envs/_build/lib/python2.7/site-packages/keystoneclient/tests/unit/v3
copying build/lib/keystoneclient/tests/unit/v3/test_tokens.py -> /home/ubuntu/miniconda/envs/_build/lib/python2.7/site-packages/keystoneclient/tests/unit/v3
copying build/lib/keystoneclient/tests/unit/v3/__init__.py -> /home/ubuntu/miniconda/envs/_build/lib/python2.7/site-packages/keystoneclient/tests/unit/v3
copying build/lib/keystoneclient/tests/unit/v3/test_users.py -> /home/ubuntu/miniconda/envs/_build/lib/python2.7/site-packages/keystoneclient/tests/unit/v3
copying build/lib/keystoneclient/tests/unit/v3/test_auth.py -> /home/ubuntu/miniconda/envs/_build/lib/python2.7/site-packages/keystoneclient/tests/unit/v3
copying build/lib/keystoneclient/tests/unit/v3/test_policies.py -> /home/ubuntu/miniconda/envs/_build/lib/python2.7/site-packages/keystoneclient/tests/unit/v3
copying build/lib/keystoneclient/tests/unit/v3/test_services.py -> /home/ubuntu/miniconda/envs/_build/lib/python2.7/site-packages/keystoneclient/tests/unit/v3
copying build/lib/keystoneclient/tests/unit/test_base.py -> /home/ubuntu/miniconda/envs/_build/lib/python2.7/site-packages/keystoneclient/tests/unit
creating /home/ubuntu/miniconda/envs/_build/lib/python2.7/site-packages/keystoneclient/tests/unit/auth
copying build/lib/keystoneclient/tests/unit/auth/test_token_endpoint.py -> /home/ubuntu/miniconda/envs/_build/lib/python2.7/site-packages/keystoneclient/tests/unit/auth
copying build/lib/keystoneclient/tests/unit/auth/utils.py -> /home/ubuntu/miniconda/envs/_build/lib/python2.7/site-packages/keystoneclient/tests/unit/auth
copying build/lib/keystoneclient/tests/unit/auth/test_access.py -> /home/ubuntu/miniconda/envs/_build/lib/python2.7/site-packages/keystoneclient/tests/unit/auth
copying build/lib/keystoneclient/tests/unit/auth/test_identity_common.py -> /home/ubuntu/miniconda/envs/_build/lib/python2.7/site-packages/keystoneclient/tests/unit/auth
copying build/lib/keystoneclient/tests/unit/auth/test_identity_v3_federated.py -> /home/ubuntu/miniconda/envs/_build/lib/python2.7/site-packages/keystoneclient/tests/unit/auth
copying build/lib/keystoneclient/tests/unit/auth/test_identity_v2.py -> /home/ubuntu/miniconda/envs/_build/lib/python2.7/site-packages/keystoneclient/tests/unit/auth
copying build/lib/keystoneclient/tests/unit/auth/__init__.py -> /home/ubuntu/miniconda/envs/_build/lib/python2.7/site-packages/keystoneclient/tests/unit/auth
copying build/lib/keystoneclient/tests/unit/auth/test_identity_v3.py -> /home/ubuntu/miniconda/envs/_build/lib/python2.7/site-packages/keystoneclient/tests/unit/auth
copying build/lib/keystoneclient/tests/unit/auth/test_password.py -> /home/ubuntu/miniconda/envs/_build/lib/python2.7/site-packages/keystoneclient/tests/unit/auth
copying build/lib/keystoneclient/tests/unit/auth/test_cli.py -> /home/ubuntu/miniconda/envs/_build/lib/python2.7/site-packages/keystoneclient/tests/unit/auth
copying build/lib/keystoneclient/tests/unit/auth/test_token.py -> /home/ubuntu/miniconda/envs/_build/lib/python2.7/site-packages/keystoneclient/tests/unit/auth
copying build/lib/keystoneclient/tests/unit/auth/test_conf.py -> /home/ubuntu/miniconda/envs/_build/lib/python2.7/site-packages/keystoneclient/tests/unit/auth
copying build/lib/keystoneclient/tests/unit/test_http.py -> /home/ubuntu/miniconda/envs/_build/lib/python2.7/site-packages/keystoneclient/tests/unit
copying build/lib/keystoneclient/tests/unit/test_discovery.py -> /home/ubuntu/miniconda/envs/_build/lib/python2.7/site-packages/keystoneclient/tests/unit
creating /home/ubuntu/miniconda/envs/_build/lib/python2.7/site-packages/keystoneclient/tests/unit/v2_0
copying build/lib/keystoneclient/tests/unit/v2_0/test_endpoints.py -> /home/ubuntu/miniconda/envs/_build/lib/python2.7/site-packages/keystoneclient/tests/unit/v2_0
copying build/lib/keystoneclient/tests/unit/v2_0/utils.py -> /home/ubuntu/miniconda/envs/_build/lib/python2.7/site-packages/keystoneclient/tests/unit/v2_0
copying build/lib/keystoneclient/tests/unit/v2_0/test_ec2.py -> /home/ubuntu/miniconda/envs/_build/lib/python2.7/site-packages/keystoneclient/tests/unit/v2_0
copying build/lib/keystoneclient/tests/unit/v2_0/client_fixtures.py -> /home/ubuntu/miniconda/envs/_build/lib/python2.7/site-packages/keystoneclient/tests/unit/v2_0
copying build/lib/keystoneclient/tests/unit/v2_0/test_certificates.py -> /home/ubuntu/miniconda/envs/_build/lib/python2.7/site-packages/keystoneclient/tests/unit/v2_0
copying build/lib/keystoneclient/tests/unit/v2_0/test_access.py -> /home/ubuntu/miniconda/envs/_build/lib/python2.7/site-packages/keystoneclient/tests/unit/v2_0
copying build/lib/keystoneclient/tests/unit/v2_0/test_service_catalog.py -> /home/ubuntu/miniconda/envs/_build/lib/python2.7/site-packages/keystoneclient/tests/unit/v2_0
copying build/lib/keystoneclient/tests/unit/v2_0/test_shell.py -> /home/ubuntu/miniconda/envs/_build/lib/python2.7/site-packages/keystoneclient/tests/unit/v2_0
copying build/lib/keystoneclient/tests/unit/v2_0/test_client.py -> /home/ubuntu/miniconda/envs/_build/lib/python2.7/site-packages/keystoneclient/tests/unit/v2_0
copying build/lib/keystoneclient/tests/unit/v2_0/test_roles.py -> /home/ubuntu/miniconda/envs/_build/lib/python2.7/site-packages/keystoneclient/tests/unit/v2_0
copying build/lib/keystoneclient/tests/unit/v2_0/test_discovery.py -> /home/ubuntu/miniconda/envs/_build/lib/python2.7/site-packages/keystoneclient/tests/unit/v2_0
copying build/lib/keystoneclient/tests/unit/v2_0/test_tokens.py -> /home/ubuntu/miniconda/envs/_build/lib/python2.7/site-packages/keystoneclient/tests/unit/v2_0
copying build/lib/keystoneclient/tests/unit/v2_0/__init__.py -> /home/ubuntu/miniconda/envs/_build/lib/python2.7/site-packages/keystoneclient/tests/unit/v2_0
copying build/lib/keystoneclient/tests/unit/v2_0/test_tenants.py -> /home/ubuntu/miniconda/envs/_build/lib/python2.7/site-packages/keystoneclient/tests/unit/v2_0
copying build/lib/keystoneclient/tests/unit/v2_0/test_extensions.py -> /home/ubuntu/miniconda/envs/_build/lib/python2.7/site-packages/keystoneclient/tests/unit/v2_0
copying build/lib/keystoneclient/tests/unit/v2_0/test_users.py -> /home/ubuntu/miniconda/envs/_build/lib/python2.7/site-packages/keystoneclient/tests/unit/v2_0
copying build/lib/keystoneclient/tests/unit/v2_0/test_auth.py -> /home/ubuntu/miniconda/envs/_build/lib/python2.7/site-packages/keystoneclient/tests/unit/v2_0
copying build/lib/keystoneclient/tests/unit/v2_0/test_services.py -> /home/ubuntu/miniconda/envs/_build/lib/python2.7/site-packages/keystoneclient/tests/unit/v2_0
copying build/lib/keystoneclient/tests/unit/__init__.py -> /home/ubuntu/miniconda/envs/_build/lib/python2.7/site-packages/keystoneclient/tests/unit
copying build/lib/keystoneclient/tests/unit/test_memcache_crypt.py -> /home/ubuntu/miniconda/envs/_build/lib/python2.7/site-packages/keystoneclient/tests/unit
copying build/lib/keystoneclient/tests/unit/test_session.py -> /home/ubuntu/miniconda/envs/_build/lib/python2.7/site-packages/keystoneclient/tests/unit
copying build/lib/keystoneclient/tests/unit/test_fixtures.py -> /home/ubuntu/miniconda/envs/_build/lib/python2.7/site-packages/keystoneclient/tests/unit
creating /home/ubuntu/miniconda/envs/_build/lib/python2.7/site-packages/keystoneclient/tests/unit/apiclient
copying build/lib/keystoneclient/tests/unit/apiclient/__init__.py -> /home/ubuntu/miniconda/envs/_build/lib/python2.7/site-packages/keystoneclient/tests/unit/apiclient
copying build/lib/keystoneclient/tests/unit/apiclient/test_exceptions.py -> /home/ubuntu/miniconda/envs/_build/lib/python2.7/site-packages/keystoneclient/tests/unit/apiclient
copying build/lib/keystoneclient/tests/unit/test_utils.py -> /home/ubuntu/miniconda/envs/_build/lib/python2.7/site-packages/keystoneclient/tests/unit
copying build/lib/keystoneclient/tests/unit/test_https.py -> /home/ubuntu/miniconda/envs/_build/lib/python2.7/site-packages/keystoneclient/tests/unit
copying build/lib/keystoneclient/tests/unit/test_keyring.py -> /home/ubuntu/miniconda/envs/_build/lib/python2.7/site-packages/keystoneclient/tests/unit
creating /home/ubuntu/miniconda/envs/_build/lib/python2.7/site-packages/keystoneclient/tests/functional
copying build/lib/keystoneclient/tests/functional/__init__.py -> /home/ubuntu/miniconda/envs/_build/lib/python2.7/site-packages/keystoneclient/tests/functional
copying build/lib/keystoneclient/tests/functional/test_cli.py -> /home/ubuntu/miniconda/envs/_build/lib/python2.7/site-packages/keystoneclient/tests/functional
creating /home/ubuntu/miniconda/envs/_build/lib/python2.7/site-packages/keystoneclient/tests/functional/hooks
copying build/lib/keystoneclient/tests/functional/hooks/post_test_hook.sh -> /home/ubuntu/miniconda/envs/_build/lib/python2.7/site-packages/keystoneclient/tests/functional/hooks
copying build/lib/keystoneclient/tests/__init__.py -> /home/ubuntu/miniconda/envs/_build/lib/python2.7/site-packages/keystoneclient/tests
copying build/lib/keystoneclient/_discover.py -> /home/ubuntu/miniconda/envs/_build/lib/python2.7/site-packages/keystoneclient
copying build/lib/keystoneclient/session.py -> /home/ubuntu/miniconda/envs/_build/lib/python2.7/site-packages/keystoneclient
creating /home/ubuntu/miniconda/envs/_build/lib/python2.7/site-packages/keystoneclient/auth
copying build/lib/keystoneclient/auth/token_endpoint.py -> /home/ubuntu/miniconda/envs/_build/lib/python2.7/site-packages/keystoneclient/auth
copying build/lib/keystoneclient/auth/cli.py -> /home/ubuntu/miniconda/envs/_build/lib/python2.7/site-packages/keystoneclient/auth
copying build/lib/keystoneclient/auth/conf.py -> /home/ubuntu/miniconda/envs/_build/lib/python2.7/site-packages/keystoneclient/auth
creating /home/ubuntu/miniconda/envs/_build/lib/python2.7/site-packages/keystoneclient/auth/identity
creating /home/ubuntu/miniconda/envs/_build/lib/python2.7/site-packages/keystoneclient/auth/identity/generic
copying build/lib/keystoneclient/auth/identity/generic/token.py -> /home/ubuntu/miniconda/envs/_build/lib/python2.7/site-packages/keystoneclient/auth/identity/generic
copying build/lib/keystoneclient/auth/identity/generic/__init__.py -> /home/ubuntu/miniconda/envs/_build/lib/python2.7/site-packages/keystoneclient/auth/identity/generic
copying build/lib/keystoneclient/auth/identity/generic/password.py -> /home/ubuntu/miniconda/envs/_build/lib/python2.7/site-packages/keystoneclient/auth/identity/generic
copying build/lib/keystoneclient/auth/identity/generic/base.py -> /home/ubuntu/miniconda/envs/_build/lib/python2.7/site-packages/keystoneclient/auth/identity/generic
creating /home/ubuntu/miniconda/envs/_build/lib/python2.7/site-packages/keystoneclient/auth/identity/v3
copying build/lib/keystoneclient/auth/identity/v3/token.py -> /home/ubuntu/miniconda/envs/_build/lib/python2.7/site-packages/keystoneclient/auth/identity/v3
copying build/lib/keystoneclient/auth/identity/v3/federated.py -> /home/ubuntu/miniconda/envs/_build/lib/python2.7/site-packages/keystoneclient/auth/identity/v3
copying build/lib/keystoneclient/auth/identity/v3/__init__.py -> /home/ubuntu/miniconda/envs/_build/lib/python2.7/site-packages/keystoneclient/auth/identity/v3
copying build/lib/keystoneclient/auth/identity/v3/password.py -> /home/ubuntu/miniconda/envs/_build/lib/python2.7/site-packages/keystoneclient/auth/identity/v3
copying build/lib/keystoneclient/auth/identity/v3/base.py -> /home/ubuntu/miniconda/envs/_build/lib/python2.7/site-packages/keystoneclient/auth/identity/v3
copying build/lib/keystoneclient/auth/identity/access.py -> /home/ubuntu/miniconda/envs/_build/lib/python2.7/site-packages/keystoneclient/auth/identity
copying build/lib/keystoneclient/auth/identity/__init__.py -> /home/ubuntu/miniconda/envs/_build/lib/python2.7/site-packages/keystoneclient/auth/identity
copying build/lib/keystoneclient/auth/identity/v2.py -> /home/ubuntu/miniconda/envs/_build/lib/python2.7/site-packages/keystoneclient/auth/identity
copying build/lib/keystoneclient/auth/identity/base.py -> /home/ubuntu/miniconda/envs/_build/lib/python2.7/site-packages/keystoneclient/auth/identity
copying build/lib/keystoneclient/auth/__init__.py -> /home/ubuntu/miniconda/envs/_build/lib/python2.7/site-packages/keystoneclient/auth
copying build/lib/keystoneclient/auth/base.py -> /home/ubuntu/miniconda/envs/_build/lib/python2.7/site-packages/keystoneclient/auth
copying build/lib/keystoneclient/client.py -> /home/ubuntu/miniconda/envs/_build/lib/python2.7/site-packages/keystoneclient
creating /home/ubuntu/miniconda/envs/_build/lib/python2.7/site-packages/keystoneclient/v2_0
copying build/lib/keystoneclient/v2_0/tenants.py -> /home/ubuntu/miniconda/envs/_build/lib/python2.7/site-packages/keystoneclient/v2_0
copying build/lib/keystoneclient/v2_0/extensions.py -> /home/ubuntu/miniconda/envs/_build/lib/python2.7/site-packages/keystoneclient/v2_0
copying build/lib/keystoneclient/v2_0/services.py -> /home/ubuntu/miniconda/envs/_build/lib/python2.7/site-packages/keystoneclient/v2_0
copying build/lib/keystoneclient/v2_0/users.py -> /home/ubuntu/miniconda/envs/_build/lib/python2.7/site-packages/keystoneclient/v2_0
copying build/lib/keystoneclient/v2_0/shell.py -> /home/ubuntu/miniconda/envs/_build/lib/python2.7/site-packages/keystoneclient/v2_0
copying build/lib/keystoneclient/v2_0/tokens.py -> /home/ubuntu/miniconda/envs/_build/lib/python2.7/site-packages/keystoneclient/v2_0
copying build/lib/keystoneclient/v2_0/endpoints.py -> /home/ubuntu/miniconda/envs/_build/lib/python2.7/site-packages/keystoneclient/v2_0
copying build/lib/keystoneclient/v2_0/ec2.py -> /home/ubuntu/miniconda/envs/_build/lib/python2.7/site-packages/keystoneclient/v2_0
copying build/lib/keystoneclient/v2_0/client.py -> /home/ubuntu/miniconda/envs/_build/lib/python2.7/site-packages/keystoneclient/v2_0
copying build/lib/keystoneclient/v2_0/roles.py -> /home/ubuntu/miniconda/envs/_build/lib/python2.7/site-packages/keystoneclient/v2_0
copying build/lib/keystoneclient/v2_0/__init__.py -> /home/ubuntu/miniconda/envs/_build/lib/python2.7/site-packages/keystoneclient/v2_0
copying build/lib/keystoneclient/v2_0/certificates.py -> /home/ubuntu/miniconda/envs/_build/lib/python2.7/site-packages/keystoneclient/v2_0
copying build/lib/keystoneclient/__init__.py -> /home/ubuntu/miniconda/envs/_build/lib/python2.7/site-packages/keystoneclient
copying build/lib/keystoneclient/baseclient.py -> /home/ubuntu/miniconda/envs/_build/lib/python2.7/site-packages/keystoneclient
copying build/lib/keystoneclient/discover.py -> /home/ubuntu/miniconda/envs/_build/lib/python2.7/site-packages/keystoneclient
creating /home/ubuntu/miniconda/envs/_build/lib/python2.7/site-packages/keystoneclient/openstack
creating /home/ubuntu/miniconda/envs/_build/lib/python2.7/site-packages/keystoneclient/openstack/common
copying build/lib/keystoneclient/openstack/common/_i18n.py -> /home/ubuntu/miniconda/envs/_build/lib/python2.7/site-packages/keystoneclient/openstack/common
copying build/lib/keystoneclient/openstack/common/memorycache.py -> /home/ubuntu/miniconda/envs/_build/lib/python2.7/site-packages/keystoneclient/openstack/common
copying build/lib/keystoneclient/openstack/common/uuidutils.py -> /home/ubuntu/miniconda/envs/_build/lib/python2.7/site-packages/keystoneclient/openstack/common
copying build/lib/keystoneclient/openstack/common/__init__.py -> /home/ubuntu/miniconda/envs/_build/lib/python2.7/site-packages/keystoneclient/openstack/common
creating /home/ubuntu/miniconda/envs/_build/lib/python2.7/site-packages/keystoneclient/openstack/common/apiclient
copying build/lib/keystoneclient/openstack/common/apiclient/fake_client.py -> /home/ubuntu/miniconda/envs/_build/lib/python2.7/site-packages/keystoneclient/openstack/common/apiclient
copying build/lib/keystoneclient/openstack/common/apiclient/utils.py -> /home/ubuntu/miniconda/envs/_build/lib/python2.7/site-packages/keystoneclient/openstack/common/apiclient
copying build/lib/keystoneclient/openstack/common/apiclient/client.py -> /home/ubuntu/miniconda/envs/_build/lib/python2.7/site-packages/keystoneclient/openstack/common/apiclient
copying build/lib/keystoneclient/openstack/common/apiclient/__init__.py -> /home/ubuntu/miniconda/envs/_build/lib/python2.7/site-packages/keystoneclient/openstack/common/apiclient
copying build/lib/keystoneclient/openstack/common/apiclient/auth.py -> /home/ubuntu/miniconda/envs/_build/lib/python2.7/site-packages/keystoneclient/openstack/common/apiclient
copying build/lib/keystoneclient/openstack/common/apiclient/base.py -> /home/ubuntu/miniconda/envs/_build/lib/python2.7/site-packages/keystoneclient/openstack/common/apiclient
copying build/lib/keystoneclient/openstack/common/apiclient/exceptions.py -> /home/ubuntu/miniconda/envs/_build/lib/python2.7/site-packages/keystoneclient/openstack/common/apiclient
copying build/lib/keystoneclient/openstack/__init__.py -> /home/ubuntu/miniconda/envs/_build/lib/python2.7/site-packages/keystoneclient/openstack
copying build/lib/keystoneclient/service_catalog.py -> /home/ubuntu/miniconda/envs/_build/lib/python2.7/site-packages/keystoneclient
creating /home/ubuntu/miniconda/envs/_build/lib/python2.7/site-packages/keystoneclient/apiclient
copying build/lib/keystoneclient/apiclient/__init__.py -> /home/ubuntu/miniconda/envs/_build/lib/python2.7/site-packages/keystoneclient/apiclient
copying build/lib/keystoneclient/apiclient/exceptions.py -> /home/ubuntu/miniconda/envs/_build/lib/python2.7/site-packages/keystoneclient/apiclient
creating /home/ubuntu/miniconda/envs/_build/lib/python2.7/site-packages/keystoneclient/locale
copying build/lib/keystoneclient/locale/keystoneclient.pot -> /home/ubuntu/miniconda/envs/_build/lib/python2.7/site-packages/keystoneclient/locale
copying build/lib/keystoneclient/base.py -> /home/ubuntu/miniconda/envs/_build/lib/python2.7/site-packages/keystoneclient
copying build/lib/keystoneclient/exceptions.py -> /home/ubuntu/miniconda/envs/_build/lib/python2.7/site-packages/keystoneclient
byte-compiling /home/ubuntu/miniconda/envs/_build/lib/python2.7/site-packages/keystoneclient/common/__init__.py to __init__.pyc
byte-compiling /home/ubuntu/miniconda/envs/_build/lib/python2.7/site-packages/keystoneclient/common/cms.py to cms.pyc
byte-compiling /home/ubuntu/miniconda/envs/_build/lib/python2.7/site-packages/keystoneclient/httpclient.py to httpclient.pyc
byte-compiling /home/ubuntu/miniconda/envs/_build/lib/python2.7/site-packages/keystoneclient/utils.py to utils.pyc
byte-compiling /home/ubuntu/miniconda/envs/_build/lib/python2.7/site-packages/keystoneclient/adapter.py to adapter.pyc
byte-compiling /home/ubuntu/miniconda/envs/_build/lib/python2.7/site-packages/keystoneclient/i18n.py to i18n.pyc
byte-compiling /home/ubuntu/miniconda/envs/_build/lib/python2.7/site-packages/keystoneclient/fixture/discovery.py to discovery.pyc
byte-compiling /home/ubuntu/miniconda/envs/_build/lib/python2.7/site-packages/keystoneclient/fixture/exception.py to exception.pyc
byte-compiling /home/ubuntu/miniconda/envs/_build/lib/python2.7/site-packages/keystoneclient/fixture/__init__.py to __init__.pyc
byte-compiling /home/ubuntu/miniconda/envs/_build/lib/python2.7/site-packages/keystoneclient/fixture/v2.py to v2.pyc
byte-compiling /home/ubuntu/miniconda/envs/_build/lib/python2.7/site-packages/keystoneclient/fixture/v3.py to v3.pyc
byte-compiling /home/ubuntu/miniconda/envs/_build/lib/python2.7/site-packages/keystoneclient/generic/shell.py to shell.pyc
byte-compiling /home/ubuntu/miniconda/envs/_build/lib/python2.7/site-packages/keystoneclient/generic/client.py to client.pyc
byte-compiling /home/ubuntu/miniconda/envs/_build/lib/python2.7/site-packages/keystoneclient/generic/__init__.py to __init__.pyc
byte-compiling /home/ubuntu/miniconda/envs/_build/lib/python2.7/site-packages/keystoneclient/middleware/s3_token.py to s3_token.pyc
byte-compiling /home/ubuntu/miniconda/envs/_build/lib/python2.7/site-packages/keystoneclient/middleware/memcache_crypt.py to memcache_crypt.pyc
byte-compiling /home/ubuntu/miniconda/envs/_build/lib/python2.7/site-packages/keystoneclient/middleware/__init__.py to __init__.pyc
byte-compiling /home/ubuntu/miniconda/envs/_build/lib/python2.7/site-packages/keystoneclient/middleware/auth_token.py to auth_token.pyc
byte-compiling /home/ubuntu/miniconda/envs/_build/lib/python2.7/site-packages/keystoneclient/shell.py to shell.pyc
byte-compiling /home/ubuntu/miniconda/envs/_build/lib/python2.7/site-packages/keystoneclient/contrib/bootstrap/shell.py to shell.pyc
byte-compiling /home/ubuntu/miniconda/envs/_build/lib/python2.7/site-packages/keystoneclient/contrib/bootstrap/__init__.py to __init__.pyc
byte-compiling /home/ubuntu/miniconda/envs/_build/lib/python2.7/site-packages/keystoneclient/contrib/ec2/utils.py to utils.pyc
byte-compiling /home/ubuntu/miniconda/envs/_build/lib/python2.7/site-packages/keystoneclient/contrib/ec2/__init__.py to __init__.pyc
byte-compiling /home/ubuntu/miniconda/envs/_build/lib/python2.7/site-packages/keystoneclient/contrib/revoke/model.py to model.pyc
byte-compiling /home/ubuntu/miniconda/envs/_build/lib/python2.7/site-packages/keystoneclient/contrib/revoke/__init__.py to __init__.pyc
byte-compiling /home/ubuntu/miniconda/envs/_build/lib/python2.7/site-packages/keystoneclient/contrib/auth/v3/saml2.py to saml2.pyc
byte-compiling /home/ubuntu/miniconda/envs/_build/lib/python2.7/site-packages/keystoneclient/contrib/auth/v3/__init__.py to __init__.pyc
byte-compiling /home/ubuntu/miniconda/envs/_build/lib/python2.7/site-packages/keystoneclient/contrib/auth/__init__.py to __init__.pyc
byte-compiling /home/ubuntu/miniconda/envs/_build/lib/python2.7/site-packages/keystoneclient/contrib/__init__.py to __init__.pyc
byte-compiling /home/ubuntu/miniconda/envs/_build/lib/python2.7/site-packages/keystoneclient/v3/regions.py to regions.pyc
byte-compiling /home/ubuntu/miniconda/envs/_build/lib/python2.7/site-packages/keystoneclient/v3/services.py to services.pyc
byte-compiling /home/ubuntu/miniconda/envs/_build/lib/python2.7/site-packages/keystoneclient/v3/users.py to users.pyc
byte-compiling /home/ubuntu/miniconda/envs/_build/lib/python2.7/site-packages/keystoneclient/v3/role_assignments.py to role_assignments.pyc
byte-compiling /home/ubuntu/miniconda/envs/_build/lib/python2.7/site-packages/keystoneclient/v3/tokens.py to tokens.pyc
byte-compiling /home/ubuntu/miniconda/envs/_build/lib/python2.7/site-packages/keystoneclient/v3/domains.py to domains.pyc
byte-compiling /home/ubuntu/miniconda/envs/_build/lib/python2.7/site-packages/keystoneclient/v3/contrib/federation/protocols.py to protocols.pyc
byte-compiling /home/ubuntu/miniconda/envs/_build/lib/python2.7/site-packages/keystoneclient/v3/contrib/federation/identity_providers.py to identity_providers.pyc
byte-compiling /home/ubuntu/miniconda/envs/_build/lib/python2.7/site-packages/keystoneclient/v3/contrib/federation/domains.py to domains.pyc
byte-compiling /home/ubuntu/miniconda/envs/_build/lib/python2.7/site-packages/keystoneclient/v3/contrib/federation/projects.py to projects.pyc
byte-compiling /home/ubuntu/miniconda/envs/_build/lib/python2.7/site-packages/keystoneclient/v3/contrib/federation/mappings.py to mappings.pyc
byte-compiling /home/ubuntu/miniconda/envs/_build/lib/python2.7/site-packages/keystoneclient/v3/contrib/federation/__init__.py to __init__.pyc
byte-compiling /home/ubuntu/miniconda/envs/_build/lib/python2.7/site-packages/keystoneclient/v3/contrib/federation/service_providers.py to service_providers.pyc
byte-compiling /home/ubuntu/miniconda/envs/_build/lib/python2.7/site-packages/keystoneclient/v3/contrib/federation/core.py to core.pyc
byte-compiling /home/ubuntu/miniconda/envs/_build/lib/python2.7/site-packages/keystoneclient/v3/contrib/federation/base.py to base.pyc
byte-compiling /home/ubuntu/miniconda/envs/_build/lib/python2.7/site-packages/keystoneclient/v3/contrib/endpoint_policy.py to endpoint_policy.pyc
byte-compiling /home/ubuntu/miniconda/envs/_build/lib/python2.7/site-packages/keystoneclient/v3/contrib/oauth1/utils.py to utils.pyc
byte-compiling /home/ubuntu/miniconda/envs/_build/lib/python2.7/site-packages/keystoneclient/v3/contrib/oauth1/consumers.py to consumers.pyc
byte-compiling /home/ubuntu/miniconda/envs/_build/lib/python2.7/site-packages/keystoneclient/v3/contrib/oauth1/request_tokens.py to request_tokens.pyc
byte-compiling /home/ubuntu/miniconda/envs/_build/lib/python2.7/site-packages/keystoneclient/v3/contrib/oauth1/access_tokens.py to access_tokens.pyc
byte-compiling /home/ubuntu/miniconda/envs/_build/lib/python2.7/site-packages/keystoneclient/v3/contrib/oauth1/__init__.py to __init__.pyc
byte-compiling /home/ubuntu/miniconda/envs/_build/lib/python2.7/site-packages/keystoneclient/v3/contrib/oauth1/auth.py to auth.pyc
byte-compiling /home/ubuntu/miniconda/envs/_build/lib/python2.7/site-packages/keystoneclient/v3/contrib/oauth1/core.py to core.pyc
byte-compiling /home/ubuntu/miniconda/envs/_build/lib/python2.7/site-packages/keystoneclient/v3/contrib/endpoint_filter.py to endpoint_filter.pyc
byte-compiling /home/ubuntu/miniconda/envs/_build/lib/python2.7/site-packages/keystoneclient/v3/contrib/__init__.py to __init__.pyc
byte-compiling /home/ubuntu/miniconda/envs/_build/lib/python2.7/site-packages/keystoneclient/v3/contrib/trusts.py to trusts.pyc
byte-compiling /home/ubuntu/miniconda/envs/_build/lib/python2.7/site-packages/keystoneclient/v3/contrib/simple_cert.py to simple_cert.pyc
byte-compiling /home/ubuntu/miniconda/envs/_build/lib/python2.7/site-packages/keystoneclient/v3/policies.py to policies.pyc
byte-compiling /home/ubuntu/miniconda/envs/_build/lib/python2.7/site-packages/keystoneclient/v3/endpoints.py to endpoints.pyc
byte-compiling /home/ubuntu/miniconda/envs/_build/lib/python2.7/site-packages/keystoneclient/v3/projects.py to projects.pyc
byte-compiling /home/ubuntu/miniconda/envs/_build/lib/python2.7/site-packages/keystoneclient/v3/client.py to client.pyc
byte-compiling /home/ubuntu/miniconda/envs/_build/lib/python2.7/site-packages/keystoneclient/v3/roles.py to roles.pyc
byte-compiling /home/ubuntu/miniconda/envs/_build/lib/python2.7/site-packages/keystoneclient/v3/credentials.py to credentials.pyc
byte-compiling /home/ubuntu/miniconda/envs/_build/lib/python2.7/site-packages/keystoneclient/v3/__init__.py to __init__.pyc
byte-compiling /home/ubuntu/miniconda/envs/_build/lib/python2.7/site-packages/keystoneclient/v3/groups.py to groups.pyc
byte-compiling /home/ubuntu/miniconda/envs/_build/lib/python2.7/site-packages/keystoneclient/access.py to access.pyc
byte-compiling /home/ubuntu/miniconda/envs/_build/lib/python2.7/site-packages/keystoneclient/hacking/__init__.py to __init__.pyc
byte-compiling /home/ubuntu/miniconda/envs/_build/lib/python2.7/site-packages/keystoneclient/hacking/checks.py to checks.pyc
byte-compiling /home/ubuntu/miniconda/envs/_build/lib/python2.7/site-packages/keystoneclient/tests/unit/test_hacking_checks.py to test_hacking_checks.pyc
byte-compiling /home/ubuntu/miniconda/envs/_build/lib/python2.7/site-packages/keystoneclient/tests/unit/utils.py to utils.pyc
byte-compiling /home/ubuntu/miniconda/envs/_build/lib/python2.7/site-packages/keystoneclient/tests/unit/test_ec2utils.py to test_ec2utils.pyc
byte-compiling /home/ubuntu/miniconda/envs/_build/lib/python2.7/site-packages/keystoneclient/tests/unit/test_s3_token_middleware.py to test_s3_token_middleware.pyc
byte-compiling /home/ubuntu/miniconda/envs/_build/lib/python2.7/site-packages/keystoneclient/tests/unit/test_cms.py to test_cms.pyc
byte-compiling /home/ubuntu/miniconda/envs/_build/lib/python2.7/site-packages/keystoneclient/tests/unit/client_fixtures.py to client_fixtures.pyc
byte-compiling /home/ubuntu/miniconda/envs/_build/lib/python2.7/site-packages/keystoneclient/tests/unit/test_auth_token_middleware.py to test_auth_token_middleware.pyc
byte-compiling /home/ubuntu/miniconda/envs/_build/lib/python2.7/site-packages/keystoneclient/tests/unit/generic/test_shell.py to test_shell.pyc
byte-compiling /home/ubuntu/miniconda/envs/_build/lib/python2.7/site-packages/keystoneclient/tests/unit/generic/test_client.py to test_client.pyc
byte-compiling /home/ubuntu/miniconda/envs/_build/lib/python2.7/site-packages/keystoneclient/tests/unit/generic/__init__.py to __init__.pyc
byte-compiling /home/ubuntu/miniconda/envs/_build/lib/python2.7/site-packages/keystoneclient/tests/unit/test_shell.py to test_shell.pyc
byte-compiling /home/ubuntu/miniconda/envs/_build/lib/python2.7/site-packages/keystoneclient/tests/unit/v3/test_endpoints.py to test_endpoints.pyc
byte-compiling /home/ubuntu/miniconda/envs/_build/lib/python2.7/site-packages/keystoneclient/tests/unit/v3/test_projects.py to test_projects.pyc
byte-compiling /home/ubuntu/miniconda/envs/_build/lib/python2.7/site-packages/keystoneclient/tests/unit/v3/test_role_assignments.py to test_role_assignments.pyc
byte-compiling /home/ubuntu/miniconda/envs/_build/lib/python2.7/site-packages/keystoneclient/tests/unit/v3/test_regions.py to test_regions.pyc
byte-compiling /home/ubuntu/miniconda/envs/_build/lib/python2.7/site-packages/keystoneclient/tests/unit/v3/test_domains.py to test_domains.pyc
byte-compiling /home/ubuntu/miniconda/envs/_build/lib/python2.7/site-packages/keystoneclient/tests/unit/v3/utils.py to utils.pyc
byte-compiling /home/ubuntu/miniconda/envs/_build/lib/python2.7/site-packages/keystoneclient/tests/unit/v3/test_simple_cert.py to test_simple_cert.pyc
byte-compiling /home/ubuntu/miniconda/envs/_build/lib/python2.7/site-packages/keystoneclient/tests/unit/v3/test_credentials.py to test_credentials.pyc
byte-compiling /home/ubuntu/miniconda/envs/_build/lib/python2.7/site-packages/keystoneclient/tests/unit/v3/test_groups.py to test_groups.pyc
byte-compiling /home/ubuntu/miniconda/envs/_build/lib/python2.7/site-packages/keystoneclient/tests/unit/v3/client_fixtures.py to client_fixtures.pyc
byte-compiling /home/ubuntu/miniconda/envs/_build/lib/python2.7/site-packages/keystoneclient/tests/unit/v3/test_trusts.py to test_trusts.pyc
byte-compiling /home/ubuntu/miniconda/envs/_build/lib/python2.7/site-packages/keystoneclient/tests/unit/v3/test_access.py to test_access.pyc
byte-compiling /home/ubuntu/miniconda/envs/_build/lib/python2.7/site-packages/keystoneclient/tests/unit/v3/test_endpoint_policy.py to test_endpoint_policy.pyc
byte-compiling /home/ubuntu/miniconda/envs/_build/lib/python2.7/site-packages/keystoneclient/tests/unit/v3/test_service_catalog.py to test_service_catalog.pyc
byte-compiling /home/ubuntu/miniconda/envs/_build/lib/python2.7/site-packages/keystoneclient/tests/unit/v3/test_oauth1.py to test_oauth1.pyc
byte-compiling /home/ubuntu/miniconda/envs/_build/lib/python2.7/site-packages/keystoneclient/tests/unit/v3/saml2_fixtures.py to saml2_fixtures.pyc
byte-compiling /home/ubuntu/miniconda/envs/_build/lib/python2.7/site-packages/keystoneclient/tests/unit/v3/test_endpoint_filter.py to test_endpoint_filter.pyc
byte-compiling /home/ubuntu/miniconda/envs/_build/lib/python2.7/site-packages/keystoneclient/tests/unit/v3/test_client.py to test_client.pyc
byte-compiling /home/ubuntu/miniconda/envs/_build/lib/python2.7/site-packages/keystoneclient/tests/unit/v3/test_discover.py to test_discover.pyc
byte-compiling /home/ubuntu/miniconda/envs/_build/lib/python2.7/site-packages/keystoneclient/tests/unit/v3/test_federation.py to test_federation.pyc
byte-compiling /home/ubuntu/miniconda/envs/_build/lib/python2.7/site-packages/keystoneclient/tests/unit/v3/test_auth_saml2.py to test_auth_saml2.pyc
byte-compiling /home/ubuntu/miniconda/envs/_build/lib/python2.7/site-packages/keystoneclient/tests/unit/v3/test_roles.py to test_roles.pyc
byte-compiling /home/ubuntu/miniconda/envs/_build/lib/python2.7/site-packages/keystoneclient/tests/unit/v3/test_tokens.py to test_tokens.pyc
byte-compiling /home/ubuntu/miniconda/envs/_build/lib/python2.7/site-packages/keystoneclient/tests/unit/v3/__init__.py to __init__.pyc
byte-compiling /home/ubuntu/miniconda/envs/_build/lib/python2.7/site-packages/keystoneclient/tests/unit/v3/test_users.py to test_users.pyc
byte-compiling /home/ubuntu/miniconda/envs/_build/lib/python2.7/site-packages/keystoneclient/tests/unit/v3/test_auth.py to test_auth.pyc
byte-compiling /home/ubuntu/miniconda/envs/_build/lib/python2.7/site-packages/keystoneclient/tests/unit/v3/test_policies.py to test_policies.pyc
byte-compiling /home/ubuntu/miniconda/envs/_build/lib/python2.7/site-packages/keystoneclient/tests/unit/v3/test_services.py to test_services.pyc
byte-compiling /home/ubuntu/miniconda/envs/_build/lib/python2.7/site-packages/keystoneclient/tests/unit/test_base.py to test_base.pyc
byte-compiling /home/ubuntu/miniconda/envs/_build/lib/python2.7/site-packages/keystoneclient/tests/unit/auth/test_token_endpoint.py to test_token_endpoint.pyc
byte-compiling /home/ubuntu/miniconda/envs/_build/lib/python2.7/site-packages/keystoneclient/tests/unit/auth/utils.py to utils.pyc
byte-compiling /home/ubuntu/miniconda/envs/_build/lib/python2.7/site-packages/keystoneclient/tests/unit/auth/test_access.py to test_access.pyc
byte-compiling /home/ubuntu/miniconda/envs/_build/lib/python2.7/site-packages/keystoneclient/tests/unit/auth/test_identity_common.py to test_identity_common.pyc
byte-compiling /home/ubuntu/miniconda/envs/_build/lib/python2.7/site-packages/keystoneclient/tests/unit/auth/test_identity_v3_federated.py to test_identity_v3_federated.pyc
byte-compiling /home/ubuntu/miniconda/envs/_build/lib/python2.7/site-packages/keystoneclient/tests/unit/auth/test_identity_v2.py to test_identity_v2.pyc
byte-compiling /home/ubuntu/miniconda/envs/_build/lib/python2.7/site-packages/keystoneclient/tests/unit/auth/__init__.py to __init__.pyc
byte-compiling /home/ubuntu/miniconda/envs/_build/lib/python2.7/site-packages/keystoneclient/tests/unit/auth/test_identity_v3.py to test_identity_v3.pyc
byte-compiling /home/ubuntu/miniconda/envs/_build/lib/python2.7/site-packages/keystoneclient/tests/unit/auth/test_password.py to test_password.pyc
byte-compiling /home/ubuntu/miniconda/envs/_build/lib/python2.7/site-packages/keystoneclient/tests/unit/auth/test_cli.py to test_cli.pyc
byte-compiling /home/ubuntu/miniconda/envs/_build/lib/python2.7/site-packages/keystoneclient/tests/unit/auth/test_token.py to test_token.pyc
byte-compiling /home/ubuntu/miniconda/envs/_build/lib/python2.7/site-packages/keystoneclient/tests/unit/auth/test_conf.py to test_conf.pyc
byte-compiling /home/ubuntu/miniconda/envs/_build/lib/python2.7/site-packages/keystoneclient/tests/unit/test_http.py to test_http.pyc
byte-compiling /home/ubuntu/miniconda/envs/_build/lib/python2.7/site-packages/keystoneclient/tests/unit/test_discovery.py to test_discovery.pyc
byte-compiling /home/ubuntu/miniconda/envs/_build/lib/python2.7/site-packages/keystoneclient/tests/unit/v2_0/test_endpoints.py to test_endpoints.pyc
byte-compiling /home/ubuntu/miniconda/envs/_build/lib/python2.7/site-packages/keystoneclient/tests/unit/v2_0/utils.py to utils.pyc
byte-compiling /home/ubuntu/miniconda/envs/_build/lib/python2.7/site-packages/keystoneclient/tests/unit/v2_0/test_ec2.py to test_ec2.pyc
byte-compiling /home/ubuntu/miniconda/envs/_build/lib/python2.7/site-packages/keystoneclient/tests/unit/v2_0/client_fixtures.py to client_fixtures.pyc
byte-compiling /home/ubuntu/miniconda/envs/_build/lib/python2.7/site-packages/keystoneclient/tests/unit/v2_0/test_certificates.py to test_certificates.pyc
byte-compiling /home/ubuntu/miniconda/envs/_build/lib/python2.7/site-packages/keystoneclient/tests/unit/v2_0/test_access.py to test_access.pyc
byte-compiling /home/ubuntu/miniconda/envs/_build/lib/python2.7/site-packages/keystoneclient/tests/unit/v2_0/test_service_catalog.py to test_service_catalog.pyc
byte-compiling /home/ubuntu/miniconda/envs/_build/lib/python2.7/site-packages/keystoneclient/tests/unit/v2_0/test_shell.py to test_shell.pyc
byte-compiling /home/ubuntu/miniconda/envs/_build/lib/python2.7/site-packages/keystoneclient/tests/unit/v2_0/test_client.py to test_client.pyc
byte-compiling /home/ubuntu/miniconda/envs/_build/lib/python2.7/site-packages/keystoneclient/tests/unit/v2_0/test_roles.py to test_roles.pyc
byte-compiling /home/ubuntu/miniconda/envs/_build/lib/python2.7/site-packages/keystoneclient/tests/unit/v2_0/test_discovery.py to test_discovery.pyc
byte-compiling /home/ubuntu/miniconda/envs/_build/lib/python2.7/site-packages/keystoneclient/tests/unit/v2_0/test_tokens.py to test_tokens.pyc
byte-compiling /home/ubuntu/miniconda/envs/_build/lib/python2.7/site-packages/keystoneclient/tests/unit/v2_0/__init__.py to __init__.pyc
byte-compiling /home/ubuntu/miniconda/envs/_build/lib/python2.7/site-packages/keystoneclient/tests/unit/v2_0/test_tenants.py to test_tenants.pyc
byte-compiling /home/ubuntu/miniconda/envs/_build/lib/python2.7/site-packages/keystoneclient/tests/unit/v2_0/test_extensions.py to test_extensions.pyc
byte-compiling /home/ubuntu/miniconda/envs/_build/lib/python2.7/site-packages/keystoneclient/tests/unit/v2_0/test_users.py to test_users.pyc
byte-compiling /home/ubuntu/miniconda/envs/_build/lib/python2.7/site-packages/keystoneclient/tests/unit/v2_0/test_auth.py to test_auth.pyc
byte-compiling /home/ubuntu/miniconda/envs/_build/lib/python2.7/site-packages/keystoneclient/tests/unit/v2_0/test_services.py to test_services.pyc
byte-compiling /home/ubuntu/miniconda/envs/_build/lib/python2.7/site-packages/keystoneclient/tests/unit/__init__.py to __init__.pyc
byte-compiling /home/ubuntu/miniconda/envs/_build/lib/python2.7/site-packages/keystoneclient/tests/unit/test_memcache_crypt.py to test_memcache_crypt.pyc
byte-compiling /home/ubuntu/miniconda/envs/_build/lib/python2.7/site-packages/keystoneclient/tests/unit/test_session.py to test_session.pyc
byte-compiling /home/ubuntu/miniconda/envs/_build/lib/python2.7/site-packages/keystoneclient/tests/unit/test_fixtures.py to test_fixtures.pyc
byte-compiling /home/ubuntu/miniconda/envs/_build/lib/python2.7/site-packages/keystoneclient/tests/unit/apiclient/__init__.py to __init__.pyc
byte-compiling /home/ubuntu/miniconda/envs/_build/lib/python2.7/site-packages/keystoneclient/tests/unit/apiclient/test_exceptions.py to test_exceptions.pyc
byte-compiling /home/ubuntu/miniconda/envs/_build/lib/python2.7/site-packages/keystoneclient/tests/unit/test_utils.py to test_utils.pyc
byte-compiling /home/ubuntu/miniconda/envs/_build/lib/python2.7/site-packages/keystoneclient/tests/unit/test_https.py to test_https.pyc
byte-compiling /home/ubuntu/miniconda/envs/_build/lib/python2.7/site-packages/keystoneclient/tests/unit/test_keyring.py to test_keyring.pyc
byte-compiling /home/ubuntu/miniconda/envs/_build/lib/python2.7/site-packages/keystoneclient/tests/functional/__init__.py to __init__.pyc
byte-compiling /home/ubuntu/miniconda/envs/_build/lib/python2.7/site-packages/keystoneclient/tests/functional/test_cli.py to test_cli.pyc
byte-compiling /home/ubuntu/miniconda/envs/_build/lib/python2.7/site-packages/keystoneclient/tests/__init__.py to __init__.pyc
byte-compiling /home/ubuntu/miniconda/envs/_build/lib/python2.7/site-packages/keystoneclient/_discover.py to _discover.pyc
byte-compiling /home/ubuntu/miniconda/envs/_build/lib/python2.7/site-packages/keystoneclient/session.py to session.pyc
byte-compiling /home/ubuntu/miniconda/envs/_build/lib/python2.7/site-packages/keystoneclient/auth/token_endpoint.py to token_endpoint.pyc
byte-compiling /home/ubuntu/miniconda/envs/_build/lib/python2.7/site-packages/keystoneclient/auth/cli.py to cli.pyc
byte-compiling /home/ubuntu/miniconda/envs/_build/lib/python2.7/site-packages/keystoneclient/auth/conf.py to conf.pyc
byte-compiling /home/ubuntu/miniconda/envs/_build/lib/python2.7/site-packages/keystoneclient/auth/identity/generic/token.py to token.pyc
byte-compiling /home/ubuntu/miniconda/envs/_build/lib/python2.7/site-packages/keystoneclient/auth/identity/generic/__init__.py to __init__.pyc
byte-compiling /home/ubuntu/miniconda/envs/_build/lib/python2.7/site-packages/keystoneclient/auth/identity/generic/password.py to password.pyc
byte-compiling /home/ubuntu/miniconda/envs/_build/lib/python2.7/site-packages/keystoneclient/auth/identity/generic/base.py to base.pyc
byte-compiling /home/ubuntu/miniconda/envs/_build/lib/python2.7/site-packages/keystoneclient/auth/identity/v3/token.py to token.pyc
byte-compiling /home/ubuntu/miniconda/envs/_build/lib/python2.7/site-packages/keystoneclient/auth/identity/v3/federated.py to federated.pyc
byte-compiling /home/ubuntu/miniconda/envs/_build/lib/python2.7/site-packages/keystoneclient/auth/identity/v3/__init__.py to __init__.pyc
byte-compiling /home/ubuntu/miniconda/envs/_build/lib/python2.7/site-packages/keystoneclient/auth/identity/v3/password.py to password.pyc
byte-compiling /home/ubuntu/miniconda/envs/_build/lib/python2.7/site-packages/keystoneclient/auth/identity/v3/base.py to base.pyc
byte-compiling /home/ubuntu/miniconda/envs/_build/lib/python2.7/site-packages/keystoneclient/auth/identity/access.py to access.pyc
byte-compiling /home/ubuntu/miniconda/envs/_build/lib/python2.7/site-packages/keystoneclient/auth/identity/__init__.py to __init__.pyc
byte-compiling /home/ubuntu/miniconda/envs/_build/lib/python2.7/site-packages/keystoneclient/auth/identity/v2.py to v2.pyc
byte-compiling /home/ubuntu/miniconda/envs/_build/lib/python2.7/site-packages/keystoneclient/auth/identity/base.py to base.pyc
byte-compiling /home/ubuntu/miniconda/envs/_build/lib/python2.7/site-packages/keystoneclient/auth/__init__.py to __init__.pyc
byte-compiling /home/ubuntu/miniconda/envs/_build/lib/python2.7/site-packages/keystoneclient/auth/base.py to base.pyc
byte-compiling /home/ubuntu/miniconda/envs/_build/lib/python2.7/site-packages/keystoneclient/client.py to client.pyc
byte-compiling /home/ubuntu/miniconda/envs/_build/lib/python2.7/site-packages/keystoneclient/v2_0/tenants.py to tenants.pyc
byte-compiling /home/ubuntu/miniconda/envs/_build/lib/python2.7/site-packages/keystoneclient/v2_0/extensions.py to extensions.pyc
byte-compiling /home/ubuntu/miniconda/envs/_build/lib/python2.7/site-packages/keystoneclient/v2_0/services.py to services.pyc
byte-compiling /home/ubuntu/miniconda/envs/_build/lib/python2.7/site-packages/keystoneclient/v2_0/users.py to users.pyc
byte-compiling /home/ubuntu/miniconda/envs/_build/lib/python2.7/site-packages/keystoneclient/v2_0/shell.py to shell.pyc
byte-compiling /home/ubuntu/miniconda/envs/_build/lib/python2.7/site-packages/keystoneclient/v2_0/tokens.py to tokens.pyc
byte-compiling /home/ubuntu/miniconda/envs/_build/lib/python2.7/site-packages/keystoneclient/v2_0/endpoints.py to endpoints.pyc
byte-compiling /home/ubuntu/miniconda/envs/_build/lib/python2.7/site-packages/keystoneclient/v2_0/ec2.py to ec2.pyc
byte-compiling /home/ubuntu/miniconda/envs/_build/lib/python2.7/site-packages/keystoneclient/v2_0/client.py to client.pyc
byte-compiling /home/ubuntu/miniconda/envs/_build/lib/python2.7/site-packages/keystoneclient/v2_0/roles.py to roles.pyc
byte-compiling /home/ubuntu/miniconda/envs/_build/lib/python2.7/site-packages/keystoneclient/v2_0/__init__.py to __init__.pyc
byte-compiling /home/ubuntu/miniconda/envs/_build/lib/python2.7/site-packages/keystoneclient/v2_0/certificates.py to certificates.pyc
byte-compiling /home/ubuntu/miniconda/envs/_build/lib/python2.7/site-packages/keystoneclient/__init__.py to __init__.pyc
byte-compiling /home/ubuntu/miniconda/envs/_build/lib/python2.7/site-packages/keystoneclient/baseclient.py to baseclient.pyc
byte-compiling /home/ubuntu/miniconda/envs/_build/lib/python2.7/site-packages/keystoneclient/discover.py to discover.pyc
byte-compiling /home/ubuntu/miniconda/envs/_build/lib/python2.7/site-packages/keystoneclient/openstack/common/_i18n.py to _i18n.pyc
byte-compiling /home/ubuntu/miniconda/envs/_build/lib/python2.7/site-packages/keystoneclient/openstack/common/memorycache.py to memorycache.pyc
byte-compiling /home/ubuntu/miniconda/envs/_build/lib/python2.7/site-packages/keystoneclient/openstack/common/uuidutils.py to uuidutils.pyc
byte-compiling /home/ubuntu/miniconda/envs/_build/lib/python2.7/site-packages/keystoneclient/openstack/common/__init__.py to __init__.pyc
byte-compiling /home/ubuntu/miniconda/envs/_build/lib/python2.7/site-packages/keystoneclient/openstack/common/apiclient/fake_client.py to fake_client.pyc
byte-compiling /home/ubuntu/miniconda/envs/_build/lib/python2.7/site-packages/keystoneclient/openstack/common/apiclient/utils.py to utils.pyc
byte-compiling /home/ubuntu/miniconda/envs/_build/lib/python2.7/site-packages/keystoneclient/openstack/common/apiclient/client.py to client.pyc
byte-compiling /home/ubuntu/miniconda/envs/_build/lib/python2.7/site-packages/keystoneclient/openstack/common/apiclient/__init__.py to __init__.pyc
byte-compiling /home/ubuntu/miniconda/envs/_build/lib/python2.7/site-packages/keystoneclient/openstack/common/apiclient/auth.py to auth.pyc
byte-compiling /home/ubuntu/miniconda/envs/_build/lib/python2.7/site-packages/keystoneclient/openstack/common/apiclient/base.py to base.pyc
byte-compiling /home/ubuntu/miniconda/envs/_build/lib/python2.7/site-packages/keystoneclient/openstack/common/apiclient/exceptions.py to exceptions.pyc
byte-compiling /home/ubuntu/miniconda/envs/_build/lib/python2.7/site-packages/keystoneclient/openstack/__init__.py to __init__.pyc
byte-compiling /home/ubuntu/miniconda/envs/_build/lib/python2.7/site-packages/keystoneclient/service_catalog.py to service_catalog.pyc
byte-compiling /home/ubuntu/miniconda/envs/_build/lib/python2.7/site-packages/keystoneclient/apiclient/__init__.py to __init__.pyc
byte-compiling /home/ubuntu/miniconda/envs/_build/lib/python2.7/site-packages/keystoneclient/apiclient/exceptions.py to exceptions.pyc
byte-compiling /home/ubuntu/miniconda/envs/_build/lib/python2.7/site-packages/keystoneclient/base.py to base.pyc
byte-compiling /home/ubuntu/miniconda/envs/_build/lib/python2.7/site-packages/keystoneclient/exceptions.py to exceptions.pyc
running install_egg_info
Copying python_keystoneclient.egg-info to /home/ubuntu/miniconda/envs/_build/lib/python2.7/site-packages/python_keystoneclient-1.3.1-py2.7.egg-info
running install_scripts
Installing keystone script to /home/ubuntu/miniconda/envs/_build/bin

The following NEW packages will be INSTALLED:

    openssl:    1.0.1k-1    
    pbr:        1.0.1-py27_0
    pip:        6.1.1-py27_0
    python:     2.7.9-3     
    readline:   6.2-2       
    setuptools: 16.0-py27_0 
    sqlite:     3.8.4.1-1   
    system:     5.8-2       
    tk:         8.5.18-0    
    zlib:       1.2.8-0     

Linking packages ...
[                    ]|                                                  |   0%[openssl             ]|                                                  |   0%[readline            ]|#####                                             |  10%[sqlite              ]|##########                                        |  20%[system              ]|###############                                   |  30%[tk                  ]|####################                              |  40%[zlib                ]|#########################                         |  50%[python              ]|##############################                    |  60%[setuptools          ]|###################################               |  70%[pbr                 ]|########################################          |  80%[pip                 ]|#############################################     |  90%[      COMPLETE      ]|##################################################| 100%
Removing old work directory
Source cache directory is: /home/ubuntu/miniconda/conda-bld/src_cache
Found source in cache: python-keystoneclient-1.3.1.tar.gz
Extracting download
Package: python-keystoneclient-1.3.1-py27_0
source tree in: /home/ubuntu/miniconda/conda-bld/work/python-keystoneclient-1.3.1
number of files: 421
Fixing permissions
Detected hard-coded path in text file bin/keystone
Fixing permissions
BUILD END: python-keystoneclient-1.3.1-py27_0
Nothing to test for: python-keystoneclient-1.3.1-py27_0
# If you want to upload this package to binstar.org later, type:
#
# $ binstar upload /home/ubuntu/miniconda/conda-bld/linux-64/python-keystoneclient-1.3.1-py27_0.tar.bz2
#
# To have conda build upload to binstar automatically, use
# $ conda config --set binstar_upload yes

