Warning, the following versions were found for python-keyczar
0.715
0.71c
0.71b
0.7b
Using 0.715
Use --version to specify a different version.
Using url https://pypi.python.org/packages/source/p/python-keyczar/python-keyczar-0.715.tar.gz (236 KB) for python-keyczar.
Downloading python-keyczar (use --no-download to skip this step)
Using cached download
Unpacking python-keyczar...
done
working in /tmp/tmpHTdX65conda_skeleton_python-keyczar-0.715.tar.gz
Fetching package metadata: ......
Solving package specifications: .patching file core.py
Hunk #1 succeeded at 168 with fuzz 2 (offset 2 lines).
Traceback (most recent call last):
  File "setup.py", line 14, in <module>
    from setuptools import setup
ImportError: No module named setuptools

Applying patch: '/tmp/tmpHTdX65conda_skeleton_python-keyczar-0.715.tar.gz/pypi-distutils.patch'
$PYTHONPATH = /tmp/tmpHTdX65conda_skeleton_python-keyczar-0.715.tar.gz/python-keyczar-0.715
Error: command failed: /home/ubuntu/miniconda/envs/_build/bin/python setup.py install
