There was an error importing jinja2.
Please run `conda install jinja2` to enable jinja template support
Removing old build directory
Removing old work directory
BUILD START: python-geohash-0.8.5-py27_0
Fetching package metadata: ......
Solving package specifications: .There was an error importing jinja2.
Please run `conda install jinja2` to enable jinja template support
+ /home/ubuntu/miniconda/envs/_build/bin/python setup.py install
running install
running bdist_egg
running egg_info
writing python_geohash.egg-info/PKG-INFO
writing top-level names to python_geohash.egg-info/top_level.txt
writing dependency_links to python_geohash.egg-info/dependency_links.txt
reading manifest file 'python_geohash.egg-info/SOURCES.txt'
reading manifest template 'MANIFEST.in'
writing manifest file 'python_geohash.egg-info/SOURCES.txt'
installing library code to build/bdist.linux-x86_64/egg
running install_lib
running build_py
creating build
creating build/lib.linux-x86_64-2.7
copying geohash.py -> build/lib.linux-x86_64-2.7
copying quadtree.py -> build/lib.linux-x86_64-2.7
copying jpgrid.py -> build/lib.linux-x86_64-2.7
copying jpiarea.py -> build/lib.linux-x86_64-2.7
running build_ext
building '_geohash' extension
creating build/temp.linux-x86_64-2.7
creating build/temp.linux-x86_64-2.7/src
gcc -pthread -fno-strict-aliasing -g -O2 -DNDEBUG -g -fwrapv -O3 -Wall -Wstrict-prototypes -fPIC -DPYTHON_MODULE=1 -I/home/ubuntu/miniconda/envs/_build/include/python2.7 -c src/geohash.cpp -o build/temp.linux-x86_64-2.7/src/geohash.o
gcc: error trying to exec 'cc1plus': execvp: No such file or directory
error: command 'gcc' failed with exit status 1

The following NEW packages will be INSTALLED:

    openssl:    1.0.1k-1    
    pip:        6.1.1-py27_0
    python:     2.7.9-3     
    readline:   6.2-2       
    setuptools: 16.0-py27_0 
    sqlite:     3.8.4.1-1   
    system:     5.8-2       
    tk:         8.5.18-0    
    zlib:       1.2.8-0     

Linking packages ...
[                    ]|                                                  |   0%[openssl             ]|                                                  |   0%[readline            ]|#####                                             |  11%[sqlite              ]|###########                                       |  22%[system              ]|################                                  |  33%[tk                  ]|######################                            |  44%[zlib                ]|###########################                       |  55%[python              ]|#################################                 |  66%[setuptools          ]|######################################            |  77%[pip                 ]|############################################      |  88%[      COMPLETE      ]|##################################################| 100%
Removing old work directory
Source cache directory is: /home/ubuntu/miniconda/conda-bld/src_cache
Found source in cache: python-geohash-0.8.5.tar.gz
Extracting download
Package: python-geohash-0.8.5-py27_0
source tree in: /home/ubuntu/miniconda/conda-bld/work/python-geohash-0.8.5
Command failed: /bin/bash -x -e /home/ubuntu/pypi-conda-builds/recipes/python-geohash/build.sh
