Warning, the following versions were found for python-simple-hipchat
0.3.3
0.3.2
0.3.1
0.3
0.2
0.1
Using 0.3.3
Use --version to specify a different version.
Using url https://pypi.python.org/packages/source/p/python-simple-hipchat/python-simple-hipchat-0.3.3.tar.gz (4 KB) for python-simple-hipchat.
Downloading python-simple-hipchat (use --no-download to skip this step)
Using cached download
Unpacking python-simple-hipchat...
done
working in /tmp/tmpvFXGBqconda_skeleton_python-simple-hipchat-0.3.3.tar.gz
Fetching package metadata: ......
Solving package specifications: .patching file core.py
Hunk #1 succeeded at 168 with fuzz 2 (offset 2 lines).

Applying patch: '/tmp/tmpvFXGBqconda_skeleton_python-simple-hipchat-0.3.3.tar.gz/pypi-distutils.patch'
Writing recipe for python-simple-hipchat
Done
