Package search: {'_pypi_ordering': False, 'version': '0.17.1', 'name': 'python-glanceclient', 'summary': 'OpenStack Image API Client Library'}
Fetching package metadata: ....
Error: prefix already exists: /home/ubuntu/miniconda/envs/_pipbuild_
Collecting python-glanceclient==0.17.1
  Downloading http://localhost/packages/py2.py3/p/python-glanceclient/python_glanceclient-0.17.1-py2.py3-none-any.whl (84kB)
Collecting oslo.i18n<1.6.0,>=1.5.0 (from python-glanceclient==0.17.1)
  Downloading http://localhost/packages/py2.py3/o/oslo.i18n/oslo.i18n-1.5.0-py2.py3-none-any.whl
Collecting pyOpenSSL>=0.11 (from python-glanceclient==0.17.1)
  Downloading http://localhost/packages/py2.py3/p/pyOpenSSL/pyOpenSSL-0.15.1-py2.py3-none-any.whl (102kB)
Collecting argparse (from python-glanceclient==0.17.1)
  Downloading http://localhost/packages/2.7/a/argparse/argparse-1.3.0-py2.py3-none-any.whl
Collecting python-keystoneclient<1.4.0,>=1.1.0 (from python-glanceclient==0.17.1)
  Downloading http://localhost/packages/py2.py3/p/python-keystoneclient/python_keystoneclient-1.3.1-py2.py3-none-any.whl (404kB)
Collecting warlock<2,>=1.0.1 (from python-glanceclient==0.17.1)
  Downloading http://localhost/packages/source/w/warlock/warlock-1.1.0.tar.gz
Collecting requests!=2.4.0,>=2.2.0 (from python-glanceclient==0.17.1)
  Downloading http://localhost/packages/2.7/r/requests/requests-2.7.0-py2.py3-none-any.whl (470kB)
Collecting pbr!=0.7,<1.0,>=0.6 (from python-glanceclient==0.17.1)
  Downloading http://localhost/packages/py2.py3/p/pbr/pbr-0.11.0-py2.py3-none-any.whl (78kB)
Collecting oslo.utils<1.5.0,>=1.4.0 (from python-glanceclient==0.17.1)
  Downloading http://localhost/packages/py2.py3/o/oslo.utils/oslo.utils-1.4.0-py2.py3-none-any.whl (55kB)
Collecting six>=1.9.0 (from python-glanceclient==0.17.1)
  Downloading http://localhost/packages/3.3/s/six/six-1.9.0-py2.py3-none-any.whl
Collecting Babel>=1.3 (from python-glanceclient==0.17.1)
  Downloading http://localhost/packages/source/B/Babel/Babel-1.3.tar.gz (3.4MB)
Collecting PrettyTable<0.8,>=0.7 (from python-glanceclient==0.17.1)
  Downloading http://localhost/packages/source/P/PrettyTable/prettytable-0.7.2.tar.bz2
Collecting cryptography>=0.7 (from pyOpenSSL>=0.11->python-glanceclient==0.17.1)
  Downloading http://localhost/packages/source/c/cryptography/cryptography-0.9.tar.gz (302kB)
Collecting stevedore>=1.1.0 (from python-keystoneclient<1.4.0,>=1.1.0->python-glanceclient==0.17.1)
  Downloading http://localhost/packages/py2.py3/s/stevedore/stevedore-1.4.0-py2.py3-none-any.whl
Collecting netaddr>=0.7.12 (from python-keystoneclient<1.4.0,>=1.1.0->python-glanceclient==0.17.1)
  Downloading http://localhost/packages/any/n/netaddr/netaddr-0.7.14-py2.py3-none-any.whl (1.5MB)
Collecting oslo.serialization>=1.2.0 (from python-keystoneclient<1.4.0,>=1.1.0->python-glanceclient==0.17.1)
  Downloading http://localhost/packages/py2.py3/o/oslo.serialization/oslo.serialization-1.5.0-py2.py3-none-any.whl
Collecting iso8601>=0.1.9 (from python-keystoneclient<1.4.0,>=1.1.0->python-glanceclient==0.17.1)
  Downloading http://localhost/packages/source/i/iso8601/iso8601-0.1.10.tar.gz
Collecting oslo.config>=1.9.0 (from python-keystoneclient<1.4.0,>=1.1.0->python-glanceclient==0.17.1)
  Downloading http://localhost/packages/py2.py3/o/oslo.config/oslo.config-1.11.0-py2.py3-none-any.whl (67kB)
Collecting jsonschema<3,>=0.7 (from warlock<2,>=1.0.1->python-glanceclient==0.17.1)
  Downloading http://localhost/packages/2.7/j/jsonschema/jsonschema-2.4.0-py2.py3-none-any.whl
Collecting jsonpatch<2,>=0.10 (from warlock<2,>=1.0.1->python-glanceclient==0.17.1)
  Downloading http://localhost/packages/2.7/j/jsonpatch/jsonpatch-1.11-py2-none-any.whl
Requirement already satisfied (use --upgrade to upgrade): pip in /home/ubuntu/miniconda/envs/_pipbuild_/lib/python2.7/site-packages (from pbr!=0.7,<1.0,>=0.6->python-glanceclient==0.17.1)
Collecting netifaces>=0.10.4 (from oslo.utils<1.5.0,>=1.4.0->python-glanceclient==0.17.1)
  Downloading http://localhost/packages/source/n/netifaces/netifaces-0.10.4.tar.gz
Collecting pytz>=0a (from Babel>=1.3->python-glanceclient==0.17.1)
  Downloading http://localhost/packages/py2.py3/p/pytz/pytz-2015.4-py2.py3-none-any.whl (475kB)
Collecting idna (from cryptography>=0.7->pyOpenSSL>=0.11->python-glanceclient==0.17.1)
  Downloading http://localhost/packages/source/i/idna/idna-1.1.tar.gz (99kB)
Collecting pyasn1 (from cryptography>=0.7->pyOpenSSL>=0.11->python-glanceclient==0.17.1)
  Downloading http://localhost/packages/source/p/pyasn1/pyasn1-0.1.7.tar.gz (68kB)
Requirement already satisfied (use --upgrade to upgrade): setuptools in /home/ubuntu/miniconda/envs/_pipbuild_/lib/python2.7/site-packages/setuptools-17.0-py2.7.egg (from cryptography>=0.7->pyOpenSSL>=0.11->python-glanceclient==0.17.1)
Collecting enum34 (from cryptography>=0.7->pyOpenSSL>=0.11->python-glanceclient==0.17.1)
  Downloading http://localhost/packages/source/e/enum34/enum34-1.0.4.tar.gz
Collecting ipaddress (from cryptography>=0.7->pyOpenSSL>=0.11->python-glanceclient==0.17.1)
  Downloading http://localhost/packages/2.7/i/ipaddress/ipaddress-1.0.7-py27-none-any.whl
Collecting cffi>=0.8 (from cryptography>=0.7->pyOpenSSL>=0.11->python-glanceclient==0.17.1)
  Downloading http://localhost/packages/source/c/cffi/cffi-0.9.2.tar.gz (209kB)
Collecting msgpack-python>=0.4.0 (from oslo.serialization>=1.2.0->python-keystoneclient<1.4.0,>=1.1.0->python-glanceclient==0.17.1)
  Downloading http://localhost/packages/source/m/msgpack-python/msgpack-python-0.4.6.tar.gz (116kB)
Collecting jsonpointer>=1.9 (from jsonpatch<2,>=0.10->warlock<2,>=1.0.1->python-glanceclient==0.17.1)
  Downloading http://localhost/packages/2.7/j/jsonpointer/jsonpointer-1.9-py2-none-any.whl
Collecting pycparser (from cffi>=0.8->cryptography>=0.7->pyOpenSSL>=0.11->python-glanceclient==0.17.1)
  Downloading http://localhost/packages/source/p/pycparser/pycparser-2.13.tar.gz (299kB)
Installing collected packages: pytz, Babel, pbr, six, oslo.i18n, idna, pyasn1, enum34, ipaddress, pycparser, cffi, cryptography, pyOpenSSL, argparse, stevedore, netifaces, netaddr, iso8601, oslo.utils, msgpack-python, oslo.serialization, requests, oslo.config, PrettyTable, python-keystoneclient, jsonschema, jsonpointer, jsonpatch, warlock, python-glanceclient
  Running setup.py install for Babel
  Running setup.py install for idna
  Running setup.py install for pyasn1
  Running setup.py install for enum34
  Running setup.py install for pycparser
  Running setup.py install for cffi
    Complete output from command /home/ubuntu/miniconda/envs/_pipbuild_/bin/python -c "import setuptools, tokenize;__file__='/tmp/pip-build-n9rkIY/cffi/setup.py';exec(compile(getattr(tokenize, 'open', open)(__file__).read().replace('\r\n', '\n'), __file__, 'exec'))" install --record /tmp/pip-tDZ9aX-record/install-record.txt --single-version-externally-managed --compile:
    running install
    running build
    running build_py
    creating build
    creating build/lib.linux-x86_64-2.7
    creating build/lib.linux-x86_64-2.7/cffi
    copying cffi/verifier.py -> build/lib.linux-x86_64-2.7/cffi
    copying cffi/backend_ctypes.py -> build/lib.linux-x86_64-2.7/cffi
    copying cffi/model.py -> build/lib.linux-x86_64-2.7/cffi
    copying cffi/api.py -> build/lib.linux-x86_64-2.7/cffi
    copying cffi/gc_weakref.py -> build/lib.linux-x86_64-2.7/cffi
    copying cffi/vengine_cpy.py -> build/lib.linux-x86_64-2.7/cffi
    copying cffi/commontypes.py -> build/lib.linux-x86_64-2.7/cffi
    copying cffi/lock.py -> build/lib.linux-x86_64-2.7/cffi
    copying cffi/__init__.py -> build/lib.linux-x86_64-2.7/cffi
    copying cffi/cparser.py -> build/lib.linux-x86_64-2.7/cffi
    copying cffi/ffiplatform.py -> build/lib.linux-x86_64-2.7/cffi
    copying cffi/vengine_gen.py -> build/lib.linux-x86_64-2.7/cffi
    running build_ext
    building '_cffi_backend' extension
    creating build/temp.linux-x86_64-2.7
    creating build/temp.linux-x86_64-2.7/c
    gcc -pthread -fno-strict-aliasing -g -O2 -DNDEBUG -g -fwrapv -O3 -Wall -Wstrict-prototypes -fPIC -DUSE__THREAD -I/usr/include/ffi -I/usr/include/libffi -I/home/ubuntu/miniconda/envs/_pipbuild_/include/python2.7 -c c/_cffi_backend.c -o build/temp.linux-x86_64-2.7/c/_cffi_backend.o
    c/_cffi_backend.c:13:17: fatal error: ffi.h: No such file or directory
     #include <ffi.h>
                     ^
    compilation terminated.
    error: command 'gcc' failed with exit status 1
    
    ----------------------------------------
Command "/home/ubuntu/miniconda/envs/_pipbuild_/bin/python -c "import setuptools, tokenize;__file__='/tmp/pip-build-n9rkIY/cffi/setup.py';exec(compile(getattr(tokenize, 'open', open)(__file__).read().replace('\r\n', '\n'), __file__, 'exec'))" install --record /tmp/pip-tDZ9aX-record/install-record.txt --single-version-externally-managed --compile" failed with error code 1 in /tmp/pip-build-n9rkIY/cffi
Creating standard recipe for python-glanceclient-0.17.1
Error: directory already exists: ./python-glanceclient

conda create -n _pipbuild_ --yes python pip
/home/ubuntu/miniconda/envs/_pipbuild_/bin/pip install python-glanceclient==0.17.1
Error: Could not pip install python-glanceclient==0.17.1
