Warning, the following versions were found for python-instagram
1.3.1
1.3.0
1.1.3
1.1.2
1.1.1
1.1.0
1.0.1
1.0.0
0.8.0
0.7.3
0.7.2
0.7.1
0.7.0
Using 1.3.1
Use --version to specify a different version.
Using url https://pypi.python.org/packages/source/p/python-instagram/python-instagram-1.3.1.tar.gz (8 KB) for python-instagram.
Downloading python-instagram (use --no-download to skip this step)
Using cached download
Unpacking python-instagram...
done
working in /tmp/tmp_CRyYkconda_skeleton_python-instagram-1.3.1.tar.gz
Fetching package metadata: ......
Solving package specifications: .patching file core.py
Hunk #1 succeeded at 168 with fuzz 2 (offset 2 lines).

Applying patch: '/tmp/tmp_CRyYkconda_skeleton_python-instagram-1.3.1.tar.gz/pypi-distutils.patch'
Writing recipe for python-instagram
Done
