Warning, the following versions were found for python-memcached
1.54
1.53
1.52
1.51
1.48
1.47
1.46
1.45
1.44
1.43
1.42
1.41
1.40
1.39
1.38
1.31
Using 1.54
Use --version to specify a different version.
Using url https://pypi.python.org/packages/source/p/python-memcached/python-memcached-1.54.tar.gz (36 KB) for python-memcached.
Downloading python-memcached (use --no-download to skip this step)
Using cached download
Unpacking python-memcached...
done
working in /tmp/tmpey0qyUconda_skeleton_python-memcached-1.54.tar.gz
Fetching package metadata: ......
Solving package specifications: .patching file core.py
Hunk #1 succeeded at 168 with fuzz 2 (offset 2 lines).

The following NEW packages will be INSTALLED:

    numpy:  1.9.2-py27_0
    pyyaml: 3.11-py27_0 
    yaml:   0.1.4-0     

Linking packages ...
[                    ]|                                                  |   0%[yaml                ]|                                                  |   0%[numpy               ]|################                                  |  33%[pyyaml              ]|#################################                 |  66%[      COMPLETE      ]|##################################################| 100%
Applying patch: '/tmp/tmpey0qyUconda_skeleton_python-memcached-1.54.tar.gz/pypi-distutils.patch'
Writing recipe for python-memcached
Done
