Removing old build directory
Removing old work directory
BUILD START: python-glanceclient-0.17.1-py27_0
Fetching package metadata: ........
Solving package specifications: .+ /home/hargup/anaconda/envs/_build/bin/python setup.py install
running install
running build
running build_py
creating build
creating build/lib
creating build/lib/glanceclient
creating build/lib/glanceclient/openstack
creating build/lib/glanceclient/openstack/common
creating build/lib/glanceclient/openstack/common/apiclient
copying glanceclient/openstack/common/apiclient/base.py -> build/lib/glanceclient/openstack/common/apiclient
copying glanceclient/openstack/common/apiclient/utils.py -> build/lib/glanceclient/openstack/common/apiclient
copying glanceclient/openstack/common/apiclient/fake_client.py -> build/lib/glanceclient/openstack/common/apiclient
copying glanceclient/openstack/common/apiclient/auth.py -> build/lib/glanceclient/openstack/common/apiclient
copying glanceclient/openstack/common/apiclient/client.py -> build/lib/glanceclient/openstack/common/apiclient
copying glanceclient/openstack/common/apiclient/exceptions.py -> build/lib/glanceclient/openstack/common/apiclient
copying glanceclient/openstack/common/apiclient/__init__.py -> build/lib/glanceclient/openstack/common/apiclient
creating build/lib/glanceclient/common
copying glanceclient/common/base.py -> build/lib/glanceclient/common
copying glanceclient/common/utils.py -> build/lib/glanceclient/common
copying glanceclient/common/http.py -> build/lib/glanceclient/common
copying glanceclient/common/https.py -> build/lib/glanceclient/common
copying glanceclient/common/progressbar.py -> build/lib/glanceclient/common
copying glanceclient/common/exceptions.py -> build/lib/glanceclient/common
copying glanceclient/common/__init__.py -> build/lib/glanceclient/common
copying glanceclient/openstack/common/__init__.py -> build/lib/glanceclient/openstack/common
copying glanceclient/openstack/common/_i18n.py -> build/lib/glanceclient/openstack/common
creating build/lib/glanceclient/v1
copying glanceclient/v1/images.py -> build/lib/glanceclient/v1
copying glanceclient/v1/shell.py -> build/lib/glanceclient/v1
copying glanceclient/v1/client.py -> build/lib/glanceclient/v1
copying glanceclient/v1/__init__.py -> build/lib/glanceclient/v1
copying glanceclient/v1/image_members.py -> build/lib/glanceclient/v1
copying glanceclient/openstack/__init__.py -> build/lib/glanceclient/openstack
copying glanceclient/exc.py -> build/lib/glanceclient
copying glanceclient/shell.py -> build/lib/glanceclient
copying glanceclient/client.py -> build/lib/glanceclient
copying glanceclient/__init__.py -> build/lib/glanceclient
copying glanceclient/_i18n.py -> build/lib/glanceclient
creating build/lib/glanceclient/v2
copying glanceclient/v2/images.py -> build/lib/glanceclient/v2
copying glanceclient/v2/tasks.py -> build/lib/glanceclient/v2
copying glanceclient/v2/metadefs.py -> build/lib/glanceclient/v2
copying glanceclient/v2/shell.py -> build/lib/glanceclient/v2
copying glanceclient/v2/schemas.py -> build/lib/glanceclient/v2
copying glanceclient/v2/client.py -> build/lib/glanceclient/v2
copying glanceclient/v2/image_tags.py -> build/lib/glanceclient/v2
copying glanceclient/v2/__init__.py -> build/lib/glanceclient/v2
copying glanceclient/v2/image_members.py -> build/lib/glanceclient/v2
running egg_info
writing requirements to python_glanceclient.egg-info/requires.txt
writing python_glanceclient.egg-info/PKG-INFO
writing top-level names to python_glanceclient.egg-info/top_level.txt
writing dependency_links to python_glanceclient.egg-info/dependency_links.txt
writing entry points to python_glanceclient.egg-info/entry_points.txt
[pbr] Reusing existing SOURCES.txt
running install_lib
creating /home/hargup/anaconda/envs/_build/lib/python2.7/site-packages/glanceclient
creating /home/hargup/anaconda/envs/_build/lib/python2.7/site-packages/glanceclient/v1
copying build/lib/glanceclient/v1/images.py -> /home/hargup/anaconda/envs/_build/lib/python2.7/site-packages/glanceclient/v1
copying build/lib/glanceclient/v1/shell.py -> /home/hargup/anaconda/envs/_build/lib/python2.7/site-packages/glanceclient/v1
copying build/lib/glanceclient/v1/client.py -> /home/hargup/anaconda/envs/_build/lib/python2.7/site-packages/glanceclient/v1
copying build/lib/glanceclient/v1/__init__.py -> /home/hargup/anaconda/envs/_build/lib/python2.7/site-packages/glanceclient/v1
copying build/lib/glanceclient/v1/image_members.py -> /home/hargup/anaconda/envs/_build/lib/python2.7/site-packages/glanceclient/v1
copying build/lib/glanceclient/exc.py -> /home/hargup/anaconda/envs/_build/lib/python2.7/site-packages/glanceclient
creating /home/hargup/anaconda/envs/_build/lib/python2.7/site-packages/glanceclient/openstack
creating /home/hargup/anaconda/envs/_build/lib/python2.7/site-packages/glanceclient/openstack/common
creating /home/hargup/anaconda/envs/_build/lib/python2.7/site-packages/glanceclient/openstack/common/apiclient
copying build/lib/glanceclient/openstack/common/apiclient/base.py -> /home/hargup/anaconda/envs/_build/lib/python2.7/site-packages/glanceclient/openstack/common/apiclient
copying build/lib/glanceclient/openstack/common/apiclient/utils.py -> /home/hargup/anaconda/envs/_build/lib/python2.7/site-packages/glanceclient/openstack/common/apiclient
copying build/lib/glanceclient/openstack/common/apiclient/fake_client.py -> /home/hargup/anaconda/envs/_build/lib/python2.7/site-packages/glanceclient/openstack/common/apiclient
copying build/lib/glanceclient/openstack/common/apiclient/auth.py -> /home/hargup/anaconda/envs/_build/lib/python2.7/site-packages/glanceclient/openstack/common/apiclient
copying build/lib/glanceclient/openstack/common/apiclient/client.py -> /home/hargup/anaconda/envs/_build/lib/python2.7/site-packages/glanceclient/openstack/common/apiclient
copying build/lib/glanceclient/openstack/common/apiclient/exceptions.py -> /home/hargup/anaconda/envs/_build/lib/python2.7/site-packages/glanceclient/openstack/common/apiclient
copying build/lib/glanceclient/openstack/common/apiclient/__init__.py -> /home/hargup/anaconda/envs/_build/lib/python2.7/site-packages/glanceclient/openstack/common/apiclient
copying build/lib/glanceclient/openstack/common/__init__.py -> /home/hargup/anaconda/envs/_build/lib/python2.7/site-packages/glanceclient/openstack/common
copying build/lib/glanceclient/openstack/common/_i18n.py -> /home/hargup/anaconda/envs/_build/lib/python2.7/site-packages/glanceclient/openstack/common
copying build/lib/glanceclient/openstack/__init__.py -> /home/hargup/anaconda/envs/_build/lib/python2.7/site-packages/glanceclient/openstack
creating /home/hargup/anaconda/envs/_build/lib/python2.7/site-packages/glanceclient/common
copying build/lib/glanceclient/common/base.py -> /home/hargup/anaconda/envs/_build/lib/python2.7/site-packages/glanceclient/common
copying build/lib/glanceclient/common/utils.py -> /home/hargup/anaconda/envs/_build/lib/python2.7/site-packages/glanceclient/common
copying build/lib/glanceclient/common/http.py -> /home/hargup/anaconda/envs/_build/lib/python2.7/site-packages/glanceclient/common
copying build/lib/glanceclient/common/https.py -> /home/hargup/anaconda/envs/_build/lib/python2.7/site-packages/glanceclient/common
copying build/lib/glanceclient/common/progressbar.py -> /home/hargup/anaconda/envs/_build/lib/python2.7/site-packages/glanceclient/common
copying build/lib/glanceclient/common/exceptions.py -> /home/hargup/anaconda/envs/_build/lib/python2.7/site-packages/glanceclient/common
copying build/lib/glanceclient/common/__init__.py -> /home/hargup/anaconda/envs/_build/lib/python2.7/site-packages/glanceclient/common
copying build/lib/glanceclient/shell.py -> /home/hargup/anaconda/envs/_build/lib/python2.7/site-packages/glanceclient
creating /home/hargup/anaconda/envs/_build/lib/python2.7/site-packages/glanceclient/v2
copying build/lib/glanceclient/v2/images.py -> /home/hargup/anaconda/envs/_build/lib/python2.7/site-packages/glanceclient/v2
copying build/lib/glanceclient/v2/tasks.py -> /home/hargup/anaconda/envs/_build/lib/python2.7/site-packages/glanceclient/v2
copying build/lib/glanceclient/v2/metadefs.py -> /home/hargup/anaconda/envs/_build/lib/python2.7/site-packages/glanceclient/v2
copying build/lib/glanceclient/v2/shell.py -> /home/hargup/anaconda/envs/_build/lib/python2.7/site-packages/glanceclient/v2
copying build/lib/glanceclient/v2/schemas.py -> /home/hargup/anaconda/envs/_build/lib/python2.7/site-packages/glanceclient/v2
copying build/lib/glanceclient/v2/client.py -> /home/hargup/anaconda/envs/_build/lib/python2.7/site-packages/glanceclient/v2
copying build/lib/glanceclient/v2/image_tags.py -> /home/hargup/anaconda/envs/_build/lib/python2.7/site-packages/glanceclient/v2
copying build/lib/glanceclient/v2/__init__.py -> /home/hargup/anaconda/envs/_build/lib/python2.7/site-packages/glanceclient/v2
copying build/lib/glanceclient/v2/image_members.py -> /home/hargup/anaconda/envs/_build/lib/python2.7/site-packages/glanceclient/v2
copying build/lib/glanceclient/client.py -> /home/hargup/anaconda/envs/_build/lib/python2.7/site-packages/glanceclient
copying build/lib/glanceclient/__init__.py -> /home/hargup/anaconda/envs/_build/lib/python2.7/site-packages/glanceclient
copying build/lib/glanceclient/_i18n.py -> /home/hargup/anaconda/envs/_build/lib/python2.7/site-packages/glanceclient
byte-compiling /home/hargup/anaconda/envs/_build/lib/python2.7/site-packages/glanceclient/v1/images.py to images.pyc
byte-compiling /home/hargup/anaconda/envs/_build/lib/python2.7/site-packages/glanceclient/v1/shell.py to shell.pyc
byte-compiling /home/hargup/anaconda/envs/_build/lib/python2.7/site-packages/glanceclient/v1/client.py to client.pyc
byte-compiling /home/hargup/anaconda/envs/_build/lib/python2.7/site-packages/glanceclient/v1/__init__.py to __init__.pyc
byte-compiling /home/hargup/anaconda/envs/_build/lib/python2.7/site-packages/glanceclient/v1/image_members.py to image_members.pyc
byte-compiling /home/hargup/anaconda/envs/_build/lib/python2.7/site-packages/glanceclient/exc.py to exc.pyc
byte-compiling /home/hargup/anaconda/envs/_build/lib/python2.7/site-packages/glanceclient/openstack/common/apiclient/base.py to base.pyc
byte-compiling /home/hargup/anaconda/envs/_build/lib/python2.7/site-packages/glanceclient/openstack/common/apiclient/utils.py to utils.pyc
byte-compiling /home/hargup/anaconda/envs/_build/lib/python2.7/site-packages/glanceclient/openstack/common/apiclient/fake_client.py to fake_client.pyc
byte-compiling /home/hargup/anaconda/envs/_build/lib/python2.7/site-packages/glanceclient/openstack/common/apiclient/auth.py to auth.pyc
byte-compiling /home/hargup/anaconda/envs/_build/lib/python2.7/site-packages/glanceclient/openstack/common/apiclient/client.py to client.pyc
byte-compiling /home/hargup/anaconda/envs/_build/lib/python2.7/site-packages/glanceclient/openstack/common/apiclient/exceptions.py to exceptions.pyc
byte-compiling /home/hargup/anaconda/envs/_build/lib/python2.7/site-packages/glanceclient/openstack/common/apiclient/__init__.py to __init__.pyc
byte-compiling /home/hargup/anaconda/envs/_build/lib/python2.7/site-packages/glanceclient/openstack/common/__init__.py to __init__.pyc
byte-compiling /home/hargup/anaconda/envs/_build/lib/python2.7/site-packages/glanceclient/openstack/common/_i18n.py to _i18n.pyc
byte-compiling /home/hargup/anaconda/envs/_build/lib/python2.7/site-packages/glanceclient/openstack/__init__.py to __init__.pyc
byte-compiling /home/hargup/anaconda/envs/_build/lib/python2.7/site-packages/glanceclient/common/base.py to base.pyc
byte-compiling /home/hargup/anaconda/envs/_build/lib/python2.7/site-packages/glanceclient/common/utils.py to utils.pyc
byte-compiling /home/hargup/anaconda/envs/_build/lib/python2.7/site-packages/glanceclient/common/http.py to http.pyc
byte-compiling /home/hargup/anaconda/envs/_build/lib/python2.7/site-packages/glanceclient/common/https.py to https.pyc
byte-compiling /home/hargup/anaconda/envs/_build/lib/python2.7/site-packages/glanceclient/common/progressbar.py to progressbar.pyc
byte-compiling /home/hargup/anaconda/envs/_build/lib/python2.7/site-packages/glanceclient/common/exceptions.py to exceptions.pyc
byte-compiling /home/hargup/anaconda/envs/_build/lib/python2.7/site-packages/glanceclient/common/__init__.py to __init__.pyc
byte-compiling /home/hargup/anaconda/envs/_build/lib/python2.7/site-packages/glanceclient/shell.py to shell.pyc
byte-compiling /home/hargup/anaconda/envs/_build/lib/python2.7/site-packages/glanceclient/v2/images.py to images.pyc
byte-compiling /home/hargup/anaconda/envs/_build/lib/python2.7/site-packages/glanceclient/v2/tasks.py to tasks.pyc
byte-compiling /home/hargup/anaconda/envs/_build/lib/python2.7/site-packages/glanceclient/v2/metadefs.py to metadefs.pyc
byte-compiling /home/hargup/anaconda/envs/_build/lib/python2.7/site-packages/glanceclient/v2/shell.py to shell.pyc
byte-compiling /home/hargup/anaconda/envs/_build/lib/python2.7/site-packages/glanceclient/v2/schemas.py to schemas.pyc
byte-compiling /home/hargup/anaconda/envs/_build/lib/python2.7/site-packages/glanceclient/v2/client.py to client.pyc
byte-compiling /home/hargup/anaconda/envs/_build/lib/python2.7/site-packages/glanceclient/v2/image_tags.py to image_tags.pyc
byte-compiling /home/hargup/anaconda/envs/_build/lib/python2.7/site-packages/glanceclient/v2/__init__.py to __init__.pyc
byte-compiling /home/hargup/anaconda/envs/_build/lib/python2.7/site-packages/glanceclient/v2/image_members.py to image_members.pyc
byte-compiling /home/hargup/anaconda/envs/_build/lib/python2.7/site-packages/glanceclient/client.py to client.pyc
byte-compiling /home/hargup/anaconda/envs/_build/lib/python2.7/site-packages/glanceclient/__init__.py to __init__.pyc
byte-compiling /home/hargup/anaconda/envs/_build/lib/python2.7/site-packages/glanceclient/_i18n.py to _i18n.pyc
running install_egg_info
Copying python_glanceclient.egg-info to /home/hargup/anaconda/envs/_build/lib/python2.7/site-packages/python_glanceclient-0.17.1-py2.7.egg-info
running install_scripts
Installing glance script to /home/hargup/anaconda/envs/_build/bin

The following NEW packages will be INSTALLED:

    openssl:    1.0.1k-1    
    pbr:        1.0.1-py27_0
    pip:        6.1.1-py27_0
    python:     2.7.9-3     
    readline:   6.2-2       
    setuptools: 16.0-py27_0 
    sqlite:     3.8.4.1-1   
    system:     5.8-2       
    tk:         8.5.18-0    
    zlib:       1.2.8-0     

Linking packages ...
[                    ]|                                                  |   0%[openssl             ]|                                                  |   0%[readline            ]|#####                                             |  10%[sqlite              ]|##########                                        |  20%[system              ]|###############                                   |  30%[tk                  ]|####################                              |  40%[zlib                ]|#########################                         |  50%[python              ]|##############################                    |  60%[setuptools          ]|###################################               |  70%[pbr                 ]|########################################          |  80%[pip                 ]|#############################################     |  90%[      COMPLETE      ]|##################################################| 100%
Removing old work directory
Source cache directory is: /home/hargup/anaconda/conda-bld/src_cache
Found source in cache: python-glanceclient-0.17.1.tar.gz
Extracting download
Package: python-glanceclient-0.17.1-py27_0
source tree in: /home/hargup/anaconda/conda-bld/work/python-glanceclient-0.17.1
number of files: 81
Fixing permissions
Detected hard-coded path in text file bin/glance
Fixing permissions
BUILD END: python-glanceclient-0.17.1-py27_0
Nothing to test for: python-glanceclient-0.17.1-py27_0
# If you want to upload this package to binstar.org later, type:
#
# $ binstar upload /home/hargup/anaconda/conda-bld/linux-64/python-glanceclient-0.17.1-py27_0.tar.bz2
#
# To have conda build upload to binstar automatically, use
# $ conda config --set binstar_upload yes

