Removing old build directory
Removing old work directory
BUILD START: python-barbicanclient-3.1.1-py27_0
Fetching package metadata: ......
Solving package specifications: .+ /home/ubuntu/miniconda/envs/_build/bin/python setup.py install
running install
running build
running build_py
creating build
creating build/lib
creating build/lib/barbicanclient
copying barbicanclient/_i18n.py -> build/lib/barbicanclient
copying barbicanclient/formatter.py -> build/lib/barbicanclient
copying barbicanclient/containers.py -> build/lib/barbicanclient
copying barbicanclient/version.py -> build/lib/barbicanclient
copying barbicanclient/secrets.py -> build/lib/barbicanclient
copying barbicanclient/client.py -> build/lib/barbicanclient
copying barbicanclient/orders.py -> build/lib/barbicanclient
copying barbicanclient/__init__.py -> build/lib/barbicanclient
copying barbicanclient/barbican.py -> build/lib/barbicanclient
copying barbicanclient/base.py -> build/lib/barbicanclient
copying barbicanclient/exceptions.py -> build/lib/barbicanclient
creating build/lib/barbicanclient/common
copying barbicanclient/common/config.py -> build/lib/barbicanclient/common
copying barbicanclient/common/__init__.py -> build/lib/barbicanclient/common
creating build/lib/barbicanclient/tests
copying barbicanclient/tests/test_secrets.py -> build/lib/barbicanclient/tests
copying barbicanclient/tests/keystone_client_fixtures.py -> build/lib/barbicanclient/tests
copying barbicanclient/tests/test_orders.py -> build/lib/barbicanclient/tests
copying barbicanclient/tests/test_client.py -> build/lib/barbicanclient/tests
copying barbicanclient/tests/test_base.py -> build/lib/barbicanclient/tests
copying barbicanclient/tests/__init__.py -> build/lib/barbicanclient/tests
copying barbicanclient/tests/test_barbican.py -> build/lib/barbicanclient/tests
copying barbicanclient/tests/test_containers.py -> build/lib/barbicanclient/tests
creating build/lib/barbicanclient/barbican_cli
copying barbicanclient/barbican_cli/containers.py -> build/lib/barbicanclient/barbican_cli
copying barbicanclient/barbican_cli/secrets.py -> build/lib/barbicanclient/barbican_cli
copying barbicanclient/barbican_cli/orders.py -> build/lib/barbicanclient/barbican_cli
copying barbicanclient/barbican_cli/__init__.py -> build/lib/barbicanclient/barbican_cli
running egg_info
writing requirements to python_barbicanclient.egg-info/requires.txt
writing python_barbicanclient.egg-info/PKG-INFO
writing top-level names to python_barbicanclient.egg-info/top_level.txt
writing dependency_links to python_barbicanclient.egg-info/dependency_links.txt
writing entry points to python_barbicanclient.egg-info/entry_points.txt
[pbr] Reusing existing SOURCES.txt
running install_lib
creating /home/ubuntu/miniconda/envs/_build/lib/python2.7/site-packages/barbicanclient
copying build/lib/barbicanclient/_i18n.py -> /home/ubuntu/miniconda/envs/_build/lib/python2.7/site-packages/barbicanclient
copying build/lib/barbicanclient/formatter.py -> /home/ubuntu/miniconda/envs/_build/lib/python2.7/site-packages/barbicanclient
creating /home/ubuntu/miniconda/envs/_build/lib/python2.7/site-packages/barbicanclient/common
copying build/lib/barbicanclient/common/config.py -> /home/ubuntu/miniconda/envs/_build/lib/python2.7/site-packages/barbicanclient/common
copying build/lib/barbicanclient/common/__init__.py -> /home/ubuntu/miniconda/envs/_build/lib/python2.7/site-packages/barbicanclient/common
copying build/lib/barbicanclient/containers.py -> /home/ubuntu/miniconda/envs/_build/lib/python2.7/site-packages/barbicanclient
copying build/lib/barbicanclient/version.py -> /home/ubuntu/miniconda/envs/_build/lib/python2.7/site-packages/barbicanclient
copying build/lib/barbicanclient/secrets.py -> /home/ubuntu/miniconda/envs/_build/lib/python2.7/site-packages/barbicanclient
creating /home/ubuntu/miniconda/envs/_build/lib/python2.7/site-packages/barbicanclient/tests
copying build/lib/barbicanclient/tests/test_secrets.py -> /home/ubuntu/miniconda/envs/_build/lib/python2.7/site-packages/barbicanclient/tests
copying build/lib/barbicanclient/tests/keystone_client_fixtures.py -> /home/ubuntu/miniconda/envs/_build/lib/python2.7/site-packages/barbicanclient/tests
copying build/lib/barbicanclient/tests/test_orders.py -> /home/ubuntu/miniconda/envs/_build/lib/python2.7/site-packages/barbicanclient/tests
copying build/lib/barbicanclient/tests/test_client.py -> /home/ubuntu/miniconda/envs/_build/lib/python2.7/site-packages/barbicanclient/tests
copying build/lib/barbicanclient/tests/test_base.py -> /home/ubuntu/miniconda/envs/_build/lib/python2.7/site-packages/barbicanclient/tests
copying build/lib/barbicanclient/tests/__init__.py -> /home/ubuntu/miniconda/envs/_build/lib/python2.7/site-packages/barbicanclient/tests
copying build/lib/barbicanclient/tests/test_barbican.py -> /home/ubuntu/miniconda/envs/_build/lib/python2.7/site-packages/barbicanclient/tests
copying build/lib/barbicanclient/tests/test_containers.py -> /home/ubuntu/miniconda/envs/_build/lib/python2.7/site-packages/barbicanclient/tests
creating /home/ubuntu/miniconda/envs/_build/lib/python2.7/site-packages/barbicanclient/barbican_cli
copying build/lib/barbicanclient/barbican_cli/containers.py -> /home/ubuntu/miniconda/envs/_build/lib/python2.7/site-packages/barbicanclient/barbican_cli
copying build/lib/barbicanclient/barbican_cli/secrets.py -> /home/ubuntu/miniconda/envs/_build/lib/python2.7/site-packages/barbicanclient/barbican_cli
copying build/lib/barbicanclient/barbican_cli/orders.py -> /home/ubuntu/miniconda/envs/_build/lib/python2.7/site-packages/barbicanclient/barbican_cli
copying build/lib/barbicanclient/barbican_cli/__init__.py -> /home/ubuntu/miniconda/envs/_build/lib/python2.7/site-packages/barbicanclient/barbican_cli
copying build/lib/barbicanclient/client.py -> /home/ubuntu/miniconda/envs/_build/lib/python2.7/site-packages/barbicanclient
copying build/lib/barbicanclient/orders.py -> /home/ubuntu/miniconda/envs/_build/lib/python2.7/site-packages/barbicanclient
copying build/lib/barbicanclient/__init__.py -> /home/ubuntu/miniconda/envs/_build/lib/python2.7/site-packages/barbicanclient
copying build/lib/barbicanclient/barbican.py -> /home/ubuntu/miniconda/envs/_build/lib/python2.7/site-packages/barbicanclient
copying build/lib/barbicanclient/base.py -> /home/ubuntu/miniconda/envs/_build/lib/python2.7/site-packages/barbicanclient
copying build/lib/barbicanclient/exceptions.py -> /home/ubuntu/miniconda/envs/_build/lib/python2.7/site-packages/barbicanclient
byte-compiling /home/ubuntu/miniconda/envs/_build/lib/python2.7/site-packages/barbicanclient/_i18n.py to _i18n.pyc
byte-compiling /home/ubuntu/miniconda/envs/_build/lib/python2.7/site-packages/barbicanclient/formatter.py to formatter.pyc
byte-compiling /home/ubuntu/miniconda/envs/_build/lib/python2.7/site-packages/barbicanclient/common/config.py to config.pyc
byte-compiling /home/ubuntu/miniconda/envs/_build/lib/python2.7/site-packages/barbicanclient/common/__init__.py to __init__.pyc
byte-compiling /home/ubuntu/miniconda/envs/_build/lib/python2.7/site-packages/barbicanclient/containers.py to containers.pyc
byte-compiling /home/ubuntu/miniconda/envs/_build/lib/python2.7/site-packages/barbicanclient/version.py to version.pyc
byte-compiling /home/ubuntu/miniconda/envs/_build/lib/python2.7/site-packages/barbicanclient/secrets.py to secrets.pyc
byte-compiling /home/ubuntu/miniconda/envs/_build/lib/python2.7/site-packages/barbicanclient/tests/test_secrets.py to test_secrets.pyc
byte-compiling /home/ubuntu/miniconda/envs/_build/lib/python2.7/site-packages/barbicanclient/tests/keystone_client_fixtures.py to keystone_client_fixtures.pyc
byte-compiling /home/ubuntu/miniconda/envs/_build/lib/python2.7/site-packages/barbicanclient/tests/test_orders.py to test_orders.pyc
byte-compiling /home/ubuntu/miniconda/envs/_build/lib/python2.7/site-packages/barbicanclient/tests/test_client.py to test_client.pyc
byte-compiling /home/ubuntu/miniconda/envs/_build/lib/python2.7/site-packages/barbicanclient/tests/test_base.py to test_base.pyc
byte-compiling /home/ubuntu/miniconda/envs/_build/lib/python2.7/site-packages/barbicanclient/tests/__init__.py to __init__.pyc
byte-compiling /home/ubuntu/miniconda/envs/_build/lib/python2.7/site-packages/barbicanclient/tests/test_barbican.py to test_barbican.pyc
byte-compiling /home/ubuntu/miniconda/envs/_build/lib/python2.7/site-packages/barbicanclient/tests/test_containers.py to test_containers.pyc
byte-compiling /home/ubuntu/miniconda/envs/_build/lib/python2.7/site-packages/barbicanclient/barbican_cli/containers.py to containers.pyc
byte-compiling /home/ubuntu/miniconda/envs/_build/lib/python2.7/site-packages/barbicanclient/barbican_cli/secrets.py to secrets.pyc
byte-compiling /home/ubuntu/miniconda/envs/_build/lib/python2.7/site-packages/barbicanclient/barbican_cli/orders.py to orders.pyc
byte-compiling /home/ubuntu/miniconda/envs/_build/lib/python2.7/site-packages/barbicanclient/barbican_cli/__init__.py to __init__.pyc
byte-compiling /home/ubuntu/miniconda/envs/_build/lib/python2.7/site-packages/barbicanclient/client.py to client.pyc
byte-compiling /home/ubuntu/miniconda/envs/_build/lib/python2.7/site-packages/barbicanclient/orders.py to orders.pyc
byte-compiling /home/ubuntu/miniconda/envs/_build/lib/python2.7/site-packages/barbicanclient/__init__.py to __init__.pyc
byte-compiling /home/ubuntu/miniconda/envs/_build/lib/python2.7/site-packages/barbicanclient/barbican.py to barbican.pyc
byte-compiling /home/ubuntu/miniconda/envs/_build/lib/python2.7/site-packages/barbicanclient/base.py to base.pyc
byte-compiling /home/ubuntu/miniconda/envs/_build/lib/python2.7/site-packages/barbicanclient/exceptions.py to exceptions.pyc
running install_egg_info
Copying python_barbicanclient.egg-info to /home/ubuntu/miniconda/envs/_build/lib/python2.7/site-packages/python_barbicanclient-3.1.1-py2.7.egg-info
running install_scripts
Installing barbican script to /home/ubuntu/miniconda/envs/_build/bin

The following NEW packages will be INSTALLED:

    openssl:    1.0.1k-1    
    pbr:        1.0.1-py27_0
    pip:        6.1.1-py27_0
    python:     2.7.9-3     
    readline:   6.2-2       
    setuptools: 16.0-py27_0 
    sqlite:     3.8.4.1-1   
    system:     5.8-2       
    tk:         8.5.18-0    
    zlib:       1.2.8-0     

Linking packages ...
[                    ]|                                                  |   0%[openssl             ]|                                                  |   0%[readline            ]|#####                                             |  10%[sqlite              ]|##########                                        |  20%[system              ]|###############                                   |  30%[tk                  ]|####################                              |  40%[zlib                ]|#########################                         |  50%[python              ]|##############################                    |  60%[setuptools          ]|###################################               |  70%[pbr                 ]|########################################          |  80%[pip                 ]|#############################################     |  90%[      COMPLETE      ]|##################################################| 100%
Removing old work directory
Source cache directory is: /home/ubuntu/miniconda/conda-bld/src_cache
Found source in cache: python-barbicanclient-3.1.1.tar.gz
Extracting download
Package: python-barbicanclient-3.1.1-py27_0
source tree in: /home/ubuntu/miniconda/conda-bld/work/python-barbicanclient-3.1.1
number of files: 59
Fixing permissions
Detected hard-coded path in text file bin/barbican
Fixing permissions
BUILD END: python-barbicanclient-3.1.1-py27_0
Nothing to test for: python-barbicanclient-3.1.1-py27_0
# If you want to upload this package to binstar.org later, type:
#
# $ binstar upload /home/ubuntu/miniconda/conda-bld/linux-64/python-barbicanclient-3.1.1-py27_0.tar.bz2
#
# To have conda build upload to binstar automatically, use
# $ conda config --set binstar_upload yes

