Warning, the following versions were found for python-daemon
2.0.5
2.0.4
2.0.3
2.0.2
2.0.1
2.0
1.6.1
1.6
1.5.7
1.5.6
1.5.5
1.5.4
1.5.3
1.5.2
1.5.1
1.5
1.4.8
1.4.7
1.4.6
1.4.5
1.4.4
1.4.3
1.4.2
1.4.1
1.4
1.3
1.2
Using 2.0.5
Use --version to specify a different version.
Using url https://pypi.python.org/packages/source/p/python-daemon/python-daemon-2.0.5.tar.gz (70 KB) for python-daemon.
Downloading python-daemon (use --no-download to skip this step)
Using cached download
Unpacking python-daemon...
done
working in /tmp/tmpJ5OQwUconda_skeleton_python-daemon-2.0.5.tar.gz
Fetching package metadata: ......
Solving package specifications: .patching file core.py
Hunk #1 succeeded at 168 with fuzz 2 (offset 2 lines).

The following NEW packages will be INSTALLED:

    numpy:  1.9.2-py27_0
    pyyaml: 3.11-py27_0 
    yaml:   0.1.4-0     

Linking packages ...
[                    ]|                                                  |   0%[yaml                ]|                                                  |   0%[numpy               ]|################                                  |  33%[pyyaml              ]|#################################                 |  66%[      COMPLETE      ]|##################################################| 100%
Applying patch: '/tmp/tmpJ5OQwUconda_skeleton_python-daemon-2.0.5.tar.gz/pypi-distutils.patch'
Writing recipe for python-daemon
Done
