Package search: {'_pypi_ordering': False, 'version': '2.2.5', 'name': 'python-openid', 'summary': 'OpenID support for servers and consumers.'}
Fetching package metadata: ....
Removing old build directory
Removing old work directory
BUILD START: python-openid-2.2.5-py27_0
Fetching package metadata: ......
Solving package specifications: .+ pip install python-openid
Collecting python-openid
  Downloading http://localhost/packages/source/p/python-openid/python-openid-2.2.5.tar.gz (301kB)
Installing collected packages: python-openid
  Running setup.py install for python-openid
Successfully installed python-openid-2.2.5

The following NEW packages will be INSTALLED:

    openssl:    1.0.1k-1    
    pip:        7.0.3-py27_0
    python:     2.7.10-0    
    readline:   6.2-2       
    setuptools: 17.0-py27_0 
    sqlite:     3.8.4.1-1   
    system:     5.8-2       
    tk:         8.5.18-0    
    zlib:       1.2.8-0     

Linking packages ...
[                    ]|                                                  |   0%[openssl             ]|                                                  |   0%[readline            ]|#####                                             |  11%[sqlite              ]|###########                                       |  22%[system              ]|################                                  |  33%[tk                  ]|######################                            |  44%[zlib                ]|###########################                       |  55%[python              ]|#################################                 |  66%[setuptools          ]|######################################            |  77%[pip                 ]|############################################      |  88%[      COMPLETE      ]|##################################################| 100%
Removing old work directory
Copying /home/ubuntu/pypi-conda-builds/python-openid to /home/ubuntu/miniconda/conda-bld/work
Package: python-openid-2.2.5-py27_0
source tree in: /home/ubuntu/miniconda/conda-bld/work
number of files: 87
Fixing permissions
Fixing permissions
BUILD END: python-openid-2.2.5-py27_0
# If you want to upload this package to binstar.org later, type:
#
# $ binstar upload /home/ubuntu/miniconda/conda-bld/linux-64/python-openid-2.2.5-py27_0.tar.bz2
#
# To have conda build upload to binstar automatically, use
# $ conda config --set binstar_upload yes

Creating standard recipe for python-openid-2.2.5
Converting recipe in /home/ubuntu/pypi-conda-builds/python-openid
package = python-openid
   dependencies = []
Building conda package for python-openid
