Warning, the following versions were found for python-gflags
2.0
1.6
1.4
1.3
Using 2.0
Use --version to specify a different version.
Using url https://pypi.python.org/packages/source/p/python-gflags/python-gflags-2.0.tar.gz (64 KB) for python-gflags.
Downloading python-gflags (use --no-download to skip this step)
Using cached download
Unpacking python-gflags...
done
working in /tmp/tmpZ5nh1Yconda_skeleton_python-gflags-2.0.tar.gz
Fetching package metadata: ......
Solving package specifications: .patching file core.py
Hunk #1 succeeded at 168 with fuzz 2 (offset 2 lines).
Traceback (most recent call last):
  File "setup.py", line 32, in <module>
    from setuptools import setup
ImportError: No module named setuptools

Applying patch: '/tmp/tmpZ5nh1Yconda_skeleton_python-gflags-2.0.tar.gz/pypi-distutils.patch'
$PYTHONPATH = /tmp/tmpZ5nh1Yconda_skeleton_python-gflags-2.0.tar.gz/python-gflags-2.0
Error: command failed: /home/ubuntu/miniconda/envs/_build/bin/python setup.py install
