Warning, the following versions were found for python-ldap
2.4.19
2.4.18
2.4.17
2.4.16
2.4.15
2.4.14
2.4.13
2.4.12
2.4.10
2.4.9
2.4.8
2.4.7
2.4.6
2.4.5
2.4.4
2.4.3
2.4.2
2.4.1
2.4.0
2.3.13
Using 2.4.19
Use --version to specify a different version.
Using url https://pypi.python.org/packages/source/p/python-ldap/python-ldap-2.4.19.tar.gz (135 KB) for python-ldap.
Downloading python-ldap (use --no-download to skip this step)
Using cached download
Unpacking python-ldap...
done
working in /tmp/tmpJCnZxUconda_skeleton_python-ldap-2.4.19.tar.gz
Fetching package metadata: ......
Solving package specifications: .patching file core.py
Hunk #1 succeeded at 168 with fuzz 2 (offset 2 lines).
defines: HAVE_SASL HAVE_TLS HAVE_LIBLDAP_R
extra_compile_args: 
extra_objects: 
include_dirs: /opt/openldap-RE24/include /usr/include/sasl /usr/include
library_dirs: /opt/openldap-RE24/lib /usr/lib
libs: ldap_r

The following NEW packages will be INSTALLED:

    numpy:      1.9.2-py27_0
    openssl:    1.0.1k-1    
    pip:        7.0.3-py27_0
    python:     2.7.10-0    
    pyyaml:     3.11-py27_0 
    readline:   6.2-2       
    setuptools: 17.0-py27_0 
    sqlite:     3.8.4.1-1   
    system:     5.8-2       
    tk:         8.5.18-0    
    yaml:       0.1.4-0     
    zlib:       1.2.8-0     

Linking packages ...
[                    ]|                                                  |   0%[openssl             ]|                                                  |   0%[readline            ]|####                                              |   8%[sqlite              ]|########                                          |  16%[system              ]|############                                      |  25%[tk                  ]|################                                  |  33%[yaml                ]|####################                              |  41%[zlib                ]|#########################                         |  50%[numpy               ]|#############################                     |  58%[python              ]|#################################                 |  66%[pyyaml              ]|#####################################             |  75%[setuptools          ]|#########################################         |  83%[pip                 ]|#############################################     |  91%[      COMPLETE      ]|##################################################| 100%
Applying patch: '/tmp/tmpJCnZxUconda_skeleton_python-ldap-2.4.19.tar.gz/pypi-distutils.patch'
Writing recipe for python-ldap
Done
