Warning, the following versions were found for python-saharaclient
0.9.0
0.8.0
0.7.7
0.7.6
0.7.5
0.7.4
0.7.3
0.7.2
0.7.1
0.7.0
0.6.0
0
Using 0.9.0
Use --version to specify a different version.
Using url https://pypi.python.org/packages/source/p/python-saharaclient/python-saharaclient-0.9.0.tar.gz (91 KB) for python-saharaclient.
Downloading python-saharaclient (use --no-download to skip this step)
Using cached download
Unpacking python-saharaclient...
done
working in /tmp/tmpqQdZDGconda_skeleton_python-saharaclient-0.9.0.tar.gz
Fetching package metadata: ......
Solving package specifications: .patching file core.py
Hunk #1 succeeded at 168 with fuzz 2 (offset 2 lines).

Applying patch: '/tmp/tmpqQdZDGconda_skeleton_python-saharaclient-0.9.0.tar.gz/pypi-distutils.patch'
Writing recipe for python-saharaclient
Done
