Removing old build directory
Removing old work directory
BUILD START: python-ldap-2.4.19-py27_0
Fetching package metadata: ......
Solving package specifications: .+ /home/ubuntu/miniconda/envs/_build/bin/python setup.py install
defines: HAVE_SASL HAVE_TLS HAVE_LIBLDAP_R
extra_compile_args: 
extra_objects: 
include_dirs: /opt/openldap-RE24/include /usr/include/sasl /usr/include
library_dirs: /opt/openldap-RE24/lib /usr/lib
libs: ldap_r
running install
running build
running build_py
file Lib/ldap.py (for module ldap) not found
file Lib/ldap/controls.py (for module ldap.controls) not found
file Lib/ldap/extop.py (for module ldap.extop) not found
file Lib/ldap/schema.py (for module ldap.schema) not found
creating build
creating build/lib.linux-x86_64-2.7
copying Lib/ldapurl.py -> build/lib.linux-x86_64-2.7
copying Lib/ldif.py -> build/lib.linux-x86_64-2.7
copying Lib/dsml.py -> build/lib.linux-x86_64-2.7
creating build/lib.linux-x86_64-2.7/ldap
copying Lib/ldap/__init__.py -> build/lib.linux-x86_64-2.7/ldap
copying Lib/ldap/async.py -> build/lib.linux-x86_64-2.7/ldap
creating build/lib.linux-x86_64-2.7/ldap/controls
copying Lib/ldap/controls/__init__.py -> build/lib.linux-x86_64-2.7/ldap/controls
copying Lib/ldap/controls/libldap.py -> build/lib.linux-x86_64-2.7/ldap/controls
copying Lib/ldap/controls/openldap.py -> build/lib.linux-x86_64-2.7/ldap/controls
copying Lib/ldap/controls/ppolicy.py -> build/lib.linux-x86_64-2.7/ldap/controls
copying Lib/ldap/controls/psearch.py -> build/lib.linux-x86_64-2.7/ldap/controls
copying Lib/ldap/controls/pwdpolicy.py -> build/lib.linux-x86_64-2.7/ldap/controls
copying Lib/ldap/controls/readentry.py -> build/lib.linux-x86_64-2.7/ldap/controls
copying Lib/ldap/controls/sessiontrack.py -> build/lib.linux-x86_64-2.7/ldap/controls
copying Lib/ldap/controls/simple.py -> build/lib.linux-x86_64-2.7/ldap/controls
copying Lib/ldap/cidict.py -> build/lib.linux-x86_64-2.7/ldap
copying Lib/ldap/dn.py -> build/lib.linux-x86_64-2.7/ldap
creating build/lib.linux-x86_64-2.7/ldap/extop
copying Lib/ldap/extop/__init__.py -> build/lib.linux-x86_64-2.7/ldap/extop
copying Lib/ldap/extop/dds.py -> build/lib.linux-x86_64-2.7/ldap/extop
copying Lib/ldap/filter.py -> build/lib.linux-x86_64-2.7/ldap
copying Lib/ldap/functions.py -> build/lib.linux-x86_64-2.7/ldap
copying Lib/ldap/ldapobject.py -> build/lib.linux-x86_64-2.7/ldap
copying Lib/ldap/logger.py -> build/lib.linux-x86_64-2.7/ldap
copying Lib/ldap/modlist.py -> build/lib.linux-x86_64-2.7/ldap
copying Lib/ldap/resiter.py -> build/lib.linux-x86_64-2.7/ldap
copying Lib/ldap/sasl.py -> build/lib.linux-x86_64-2.7/ldap
creating build/lib.linux-x86_64-2.7/ldap/schema
copying Lib/ldap/schema/__init__.py -> build/lib.linux-x86_64-2.7/ldap/schema
copying Lib/ldap/schema/models.py -> build/lib.linux-x86_64-2.7/ldap/schema
copying Lib/ldap/schema/subentry.py -> build/lib.linux-x86_64-2.7/ldap/schema
copying Lib/ldap/schema/tokenizer.py -> build/lib.linux-x86_64-2.7/ldap/schema
copying Lib/ldap/syncrepl.py -> build/lib.linux-x86_64-2.7/ldap
file Lib/ldap.py (for module ldap) not found
file Lib/ldap/controls.py (for module ldap.controls) not found
file Lib/ldap/extop.py (for module ldap.extop) not found
file Lib/ldap/schema.py (for module ldap.schema) not found
running build_ext
building '_ldap' extension
creating build/temp.linux-x86_64-2.7
creating build/temp.linux-x86_64-2.7/Modules
gcc -pthread -fno-strict-aliasing -g -O2 -DNDEBUG -g -fwrapv -O3 -Wall -Wstrict-prototypes -fPIC -DHAVE_SASL -DHAVE_TLS -DHAVE_LIBLDAP_R -DHAVE_LIBLDAP_R -DLDAPMODULE_VERSION=2.4.19 -IModules -I/opt/openldap-RE24/include -I/usr/include/sasl -I/usr/include -I/home/ubuntu/miniconda/envs/_build/include/python2.7 -c Modules/LDAPObject.c -o build/temp.linux-x86_64-2.7/Modules/LDAPObject.o
In file included from Modules/LDAPObject.c:9:0:
Modules/errors.h:8:18: fatal error: lber.h: No such file or directory
 #include "lber.h"
                  ^
compilation terminated.
error: command 'gcc' failed with exit status 1

The following NEW packages will be INSTALLED:

    openssl:    1.0.1k-1     
    pip:        7.0.3-py27_0 
    python:     2.7.10-0     
    readline:   6.2-2        
    setuptools: 17.1.1-py27_0
    sqlite:     3.8.4.1-1    
    system:     5.8-2        
    tk:         8.5.18-0     
    zlib:       1.2.8-0      

Linking packages ...
[                    ]|                                                  |   0%[openssl             ]|                                                  |   0%[readline            ]|#####                                             |  11%[sqlite              ]|###########                                       |  22%[system              ]|################                                  |  33%[tk                  ]|######################                            |  44%[zlib                ]|###########################                       |  55%[python              ]|#################################                 |  66%[setuptools          ]|######################################            |  77%[pip                 ]|############################################      |  88%[      COMPLETE      ]|##################################################| 100%
Removing old work directory
Source cache directory is: /home/ubuntu/miniconda/conda-bld/src_cache
Found source in cache: python-ldap-2.4.19.tar.gz
Extracting download
Package: python-ldap-2.4.19-py27_0
source tree in: /home/ubuntu/miniconda/conda-bld/work/python-ldap-2.4.19
Command failed: /bin/bash -x -e /home/ubuntu/pypi-conda-builds/recipes/python-ldap/build.sh
