Warning, the following versions were found for python-magic
0.4.6
0.4.5
0.4.3
0.4.2
0.4.1
0.4.0
0.3.1
0.3
0.2
Using 0.4.6
Use --version to specify a different version.
Using url https://pypi.python.org/packages/source/p/python-magic/python-magic-0.4.6.tar.gz (3 KB) for python-magic.
Downloading python-magic (use --no-download to skip this step)
Using cached download
Unpacking python-magic...
done
working in /tmp/tmpwipRCqconda_skeleton_python-magic-0.4.6.tar.gz
Fetching package metadata: ......
Solving package specifications: .patching file core.py
Hunk #1 succeeded at 168 with fuzz 2 (offset 2 lines).

Applying patch: '/tmp/tmpwipRCqconda_skeleton_python-magic-0.4.6.tar.gz/pypi-distutils.patch'
Writing recipe for python-magic
Done
