Warning, the following versions were found for python-gnupg
0.3.7
0.3.6
0.3.5
0.3.4
0.3.3
0.3.2
0.3.1
0.3.0
0.2.9
0.2.8
0.2.7
0.2.6
0.2.4
0.2.3
Using 0.3.7
Use --version to specify a different version.
Using url https://pypi.python.org/packages/source/p/python-gnupg/python-gnupg-0.3.7.tar.gz (24 KB) for python-gnupg.
Downloading python-gnupg (use --no-download to skip this step)
Using cached download
Unpacking python-gnupg...
done
working in /tmp/tmp0Y6NGmconda_skeleton_python-gnupg-0.3.7.tar.gz
Fetching package metadata: ......
Solving package specifications: .patching file core.py
Hunk #1 succeeded at 168 with fuzz 2 (offset 2 lines).

Applying patch: '/tmp/tmp0Y6NGmconda_skeleton_python-gnupg-0.3.7.tar.gz/pypi-distutils.patch'
Writing recipe for python-gnupg
Done
