Removing old build directory
Removing old work directory
BUILD START: python-saharaclient-0.9.0-py27_0
Fetching package metadata: ......
Solving package specifications: .+ /home/ubuntu/miniconda/envs/_build/bin/python setup.py install
running install
running build
running build_py
creating build
creating build/lib
creating build/lib/saharaclient
creating build/lib/saharaclient/openstack
copying saharaclient/openstack/__init__.py -> build/lib/saharaclient/openstack
creating build/lib/saharaclient/tests
creating build/lib/saharaclient/tests/unit
creating build/lib/saharaclient/tests/unit/nova
copying saharaclient/tests/unit/nova/utils.py -> build/lib/saharaclient/tests/unit/nova
copying saharaclient/tests/unit/nova/test_shell.py -> build/lib/saharaclient/tests/unit/nova
copying saharaclient/tests/unit/nova/__init__.py -> build/lib/saharaclient/tests/unit/nova
creating build/lib/saharaclient/tests/integration
creating build/lib/saharaclient/tests/integration/tests
copying saharaclient/tests/integration/tests/utils.py -> build/lib/saharaclient/tests/integration/tests
copying saharaclient/tests/integration/tests/test_hdp.py -> build/lib/saharaclient/tests/integration/tests
copying saharaclient/tests/integration/tests/clidriver.py -> build/lib/saharaclient/tests/integration/tests
copying saharaclient/tests/integration/tests/full_test_driver.py -> build/lib/saharaclient/tests/integration/tests
copying saharaclient/tests/integration/tests/cluster.py -> build/lib/saharaclient/tests/integration/tests
copying saharaclient/tests/integration/tests/test_vanilla2.py -> build/lib/saharaclient/tests/integration/tests
copying saharaclient/tests/integration/tests/__init__.py -> build/lib/saharaclient/tests/integration/tests
copying saharaclient/tests/integration/tests/edp.py -> build/lib/saharaclient/tests/integration/tests
copying saharaclient/tests/integration/tests/base.py -> build/lib/saharaclient/tests/integration/tests
copying saharaclient/tests/integration/tests/test_vanilla.py -> build/lib/saharaclient/tests/integration/tests
copying saharaclient/tests/integration/__init__.py -> build/lib/saharaclient/tests/integration
creating build/lib/saharaclient/tests/functional
copying saharaclient/tests/functional/__init__.py -> build/lib/saharaclient/tests/functional
copying saharaclient/tests/functional/test_readonly_sahara.py -> build/lib/saharaclient/tests/functional
copying saharaclient/tests/functional/base.py -> build/lib/saharaclient/tests/functional
copying saharaclient/shell.py -> build/lib/saharaclient
copying saharaclient/version.py -> build/lib/saharaclient
copying saharaclient/client.py -> build/lib/saharaclient
copying saharaclient/__init__.py -> build/lib/saharaclient
creating build/lib/saharaclient/openstack/common
copying saharaclient/openstack/common/_i18n.py -> build/lib/saharaclient/openstack/common
copying saharaclient/openstack/common/cliutils.py -> build/lib/saharaclient/openstack/common
copying saharaclient/openstack/common/__init__.py -> build/lib/saharaclient/openstack/common
creating build/lib/saharaclient/openstack/common/apiclient
copying saharaclient/openstack/common/apiclient/__init__.py -> build/lib/saharaclient/openstack/common/apiclient
copying saharaclient/openstack/common/apiclient/auth.py -> build/lib/saharaclient/openstack/common/apiclient
copying saharaclient/openstack/common/apiclient/exceptions.py -> build/lib/saharaclient/openstack/common/apiclient
creating build/lib/saharaclient/tests/integration/configs
copying saharaclient/tests/integration/configs/config.py -> build/lib/saharaclient/tests/integration/configs
copying saharaclient/tests/integration/configs/__init__.py -> build/lib/saharaclient/tests/integration/configs
copying saharaclient/tests/__init__.py -> build/lib/saharaclient/tests
creating build/lib/saharaclient/api
copying saharaclient/api/node_group_templates.py -> build/lib/saharaclient/api
copying saharaclient/api/parameters.py -> build/lib/saharaclient/api
copying saharaclient/api/job_types.py -> build/lib/saharaclient/api
copying saharaclient/api/cluster_templates.py -> build/lib/saharaclient/api
copying saharaclient/api/jobs.py -> build/lib/saharaclient/api
copying saharaclient/api/job_binary_internals.py -> build/lib/saharaclient/api
copying saharaclient/api/job_binaries.py -> build/lib/saharaclient/api
copying saharaclient/api/data_sources.py -> build/lib/saharaclient/api
copying saharaclient/api/shell.py -> build/lib/saharaclient/api
copying saharaclient/api/clusters.py -> build/lib/saharaclient/api
copying saharaclient/api/client.py -> build/lib/saharaclient/api
copying saharaclient/api/job_executions.py -> build/lib/saharaclient/api
copying saharaclient/api/__init__.py -> build/lib/saharaclient/api
copying saharaclient/api/helpers.py -> build/lib/saharaclient/api
copying saharaclient/api/images.py -> build/lib/saharaclient/api
copying saharaclient/api/plugins.py -> build/lib/saharaclient/api
copying saharaclient/api/base.py -> build/lib/saharaclient/api
copying saharaclient/tests/unit/test_resource.py -> build/lib/saharaclient/tests/unit
copying saharaclient/tests/unit/test_data_sources.py -> build/lib/saharaclient/tests/unit
copying saharaclient/tests/unit/test_cluster_templates.py -> build/lib/saharaclient/tests/unit
copying saharaclient/tests/unit/test_job_executions.py -> build/lib/saharaclient/tests/unit
copying saharaclient/tests/unit/test_jobs.py -> build/lib/saharaclient/tests/unit
copying saharaclient/tests/unit/test_job_binary_internals.py -> build/lib/saharaclient/tests/unit
copying saharaclient/tests/unit/test_job_binaries.py -> build/lib/saharaclient/tests/unit
copying saharaclient/tests/unit/test_manager.py -> build/lib/saharaclient/tests/unit
copying saharaclient/tests/unit/__init__.py -> build/lib/saharaclient/tests/unit
copying saharaclient/tests/unit/test_plugins.py -> build/lib/saharaclient/tests/unit
copying saharaclient/tests/unit/test_node_group_templates.py -> build/lib/saharaclient/tests/unit
copying saharaclient/tests/unit/base.py -> build/lib/saharaclient/tests/unit
copying saharaclient/tests/unit/test_images.py -> build/lib/saharaclient/tests/unit
copying saharaclient/tests/unit/test_job_types.py -> build/lib/saharaclient/tests/unit
copying saharaclient/tests/unit/test_clusters.py -> build/lib/saharaclient/tests/unit
running egg_info
writing requirements to python_saharaclient.egg-info/requires.txt
writing python_saharaclient.egg-info/PKG-INFO
writing top-level names to python_saharaclient.egg-info/top_level.txt
writing dependency_links to python_saharaclient.egg-info/dependency_links.txt
writing entry points to python_saharaclient.egg-info/entry_points.txt
[pbr] Reusing existing SOURCES.txt
creating build/lib/saharaclient/tests/integration/tests/resources
copying saharaclient/tests/integration/tests/resources/edp-job.pig -> build/lib/saharaclient/tests/integration/tests/resources
copying saharaclient/tests/integration/tests/resources/edp-lib.jar -> build/lib/saharaclient/tests/integration/tests/resources
copying saharaclient/tests/integration/tests/resources/edp-mapreduce.jar -> build/lib/saharaclient/tests/integration/tests/resources
creating build/lib/saharaclient/tests/integration/tests/resources/edp-java
copying saharaclient/tests/integration/tests/resources/edp-java/README -> build/lib/saharaclient/tests/integration/tests/resources/edp-java
copying saharaclient/tests/integration/tests/resources/edp-java/WordCount.java -> build/lib/saharaclient/tests/integration/tests/resources/edp-java
copying saharaclient/tests/integration/tests/resources/edp-java/edp-java.jar -> build/lib/saharaclient/tests/integration/tests/resources/edp-java
creating build/lib/saharaclient/tests/functional/hooks
copying saharaclient/tests/functional/hooks/post_test_hook.sh -> build/lib/saharaclient/tests/functional/hooks
copying saharaclient/tests/integration/configs/itest.conf.sample -> build/lib/saharaclient/tests/integration/configs
copying saharaclient/tests/integration/configs/itest.conf.sample-full -> build/lib/saharaclient/tests/integration/configs
running install_lib
creating /home/ubuntu/miniconda/envs/_build/lib/python2.7/site-packages/saharaclient
creating /home/ubuntu/miniconda/envs/_build/lib/python2.7/site-packages/saharaclient/api
copying build/lib/saharaclient/api/node_group_templates.py -> /home/ubuntu/miniconda/envs/_build/lib/python2.7/site-packages/saharaclient/api
copying build/lib/saharaclient/api/parameters.py -> /home/ubuntu/miniconda/envs/_build/lib/python2.7/site-packages/saharaclient/api
copying build/lib/saharaclient/api/job_types.py -> /home/ubuntu/miniconda/envs/_build/lib/python2.7/site-packages/saharaclient/api
copying build/lib/saharaclient/api/cluster_templates.py -> /home/ubuntu/miniconda/envs/_build/lib/python2.7/site-packages/saharaclient/api
copying build/lib/saharaclient/api/jobs.py -> /home/ubuntu/miniconda/envs/_build/lib/python2.7/site-packages/saharaclient/api
copying build/lib/saharaclient/api/job_binary_internals.py -> /home/ubuntu/miniconda/envs/_build/lib/python2.7/site-packages/saharaclient/api
copying build/lib/saharaclient/api/job_binaries.py -> /home/ubuntu/miniconda/envs/_build/lib/python2.7/site-packages/saharaclient/api
copying build/lib/saharaclient/api/data_sources.py -> /home/ubuntu/miniconda/envs/_build/lib/python2.7/site-packages/saharaclient/api
copying build/lib/saharaclient/api/shell.py -> /home/ubuntu/miniconda/envs/_build/lib/python2.7/site-packages/saharaclient/api
copying build/lib/saharaclient/api/clusters.py -> /home/ubuntu/miniconda/envs/_build/lib/python2.7/site-packages/saharaclient/api
copying build/lib/saharaclient/api/client.py -> /home/ubuntu/miniconda/envs/_build/lib/python2.7/site-packages/saharaclient/api
copying build/lib/saharaclient/api/job_executions.py -> /home/ubuntu/miniconda/envs/_build/lib/python2.7/site-packages/saharaclient/api
copying build/lib/saharaclient/api/__init__.py -> /home/ubuntu/miniconda/envs/_build/lib/python2.7/site-packages/saharaclient/api
copying build/lib/saharaclient/api/helpers.py -> /home/ubuntu/miniconda/envs/_build/lib/python2.7/site-packages/saharaclient/api
copying build/lib/saharaclient/api/images.py -> /home/ubuntu/miniconda/envs/_build/lib/python2.7/site-packages/saharaclient/api
copying build/lib/saharaclient/api/plugins.py -> /home/ubuntu/miniconda/envs/_build/lib/python2.7/site-packages/saharaclient/api
copying build/lib/saharaclient/api/base.py -> /home/ubuntu/miniconda/envs/_build/lib/python2.7/site-packages/saharaclient/api
copying build/lib/saharaclient/shell.py -> /home/ubuntu/miniconda/envs/_build/lib/python2.7/site-packages/saharaclient
copying build/lib/saharaclient/version.py -> /home/ubuntu/miniconda/envs/_build/lib/python2.7/site-packages/saharaclient
creating /home/ubuntu/miniconda/envs/_build/lib/python2.7/site-packages/saharaclient/tests
creating /home/ubuntu/miniconda/envs/_build/lib/python2.7/site-packages/saharaclient/tests/unit
copying build/lib/saharaclient/tests/unit/test_resource.py -> /home/ubuntu/miniconda/envs/_build/lib/python2.7/site-packages/saharaclient/tests/unit
copying build/lib/saharaclient/tests/unit/test_data_sources.py -> /home/ubuntu/miniconda/envs/_build/lib/python2.7/site-packages/saharaclient/tests/unit
copying build/lib/saharaclient/tests/unit/test_cluster_templates.py -> /home/ubuntu/miniconda/envs/_build/lib/python2.7/site-packages/saharaclient/tests/unit
copying build/lib/saharaclient/tests/unit/test_job_executions.py -> /home/ubuntu/miniconda/envs/_build/lib/python2.7/site-packages/saharaclient/tests/unit
copying build/lib/saharaclient/tests/unit/test_jobs.py -> /home/ubuntu/miniconda/envs/_build/lib/python2.7/site-packages/saharaclient/tests/unit
copying build/lib/saharaclient/tests/unit/test_job_binary_internals.py -> /home/ubuntu/miniconda/envs/_build/lib/python2.7/site-packages/saharaclient/tests/unit
copying build/lib/saharaclient/tests/unit/test_job_binaries.py -> /home/ubuntu/miniconda/envs/_build/lib/python2.7/site-packages/saharaclient/tests/unit
copying build/lib/saharaclient/tests/unit/test_manager.py -> /home/ubuntu/miniconda/envs/_build/lib/python2.7/site-packages/saharaclient/tests/unit
creating /home/ubuntu/miniconda/envs/_build/lib/python2.7/site-packages/saharaclient/tests/unit/nova
copying build/lib/saharaclient/tests/unit/nova/utils.py -> /home/ubuntu/miniconda/envs/_build/lib/python2.7/site-packages/saharaclient/tests/unit/nova
copying build/lib/saharaclient/tests/unit/nova/test_shell.py -> /home/ubuntu/miniconda/envs/_build/lib/python2.7/site-packages/saharaclient/tests/unit/nova
copying build/lib/saharaclient/tests/unit/nova/__init__.py -> /home/ubuntu/miniconda/envs/_build/lib/python2.7/site-packages/saharaclient/tests/unit/nova
copying build/lib/saharaclient/tests/unit/__init__.py -> /home/ubuntu/miniconda/envs/_build/lib/python2.7/site-packages/saharaclient/tests/unit
copying build/lib/saharaclient/tests/unit/test_plugins.py -> /home/ubuntu/miniconda/envs/_build/lib/python2.7/site-packages/saharaclient/tests/unit
copying build/lib/saharaclient/tests/unit/test_node_group_templates.py -> /home/ubuntu/miniconda/envs/_build/lib/python2.7/site-packages/saharaclient/tests/unit
copying build/lib/saharaclient/tests/unit/base.py -> /home/ubuntu/miniconda/envs/_build/lib/python2.7/site-packages/saharaclient/tests/unit
copying build/lib/saharaclient/tests/unit/test_images.py -> /home/ubuntu/miniconda/envs/_build/lib/python2.7/site-packages/saharaclient/tests/unit
copying build/lib/saharaclient/tests/unit/test_job_types.py -> /home/ubuntu/miniconda/envs/_build/lib/python2.7/site-packages/saharaclient/tests/unit
copying build/lib/saharaclient/tests/unit/test_clusters.py -> /home/ubuntu/miniconda/envs/_build/lib/python2.7/site-packages/saharaclient/tests/unit
creating /home/ubuntu/miniconda/envs/_build/lib/python2.7/site-packages/saharaclient/tests/functional
copying build/lib/saharaclient/tests/functional/__init__.py -> /home/ubuntu/miniconda/envs/_build/lib/python2.7/site-packages/saharaclient/tests/functional
copying build/lib/saharaclient/tests/functional/test_readonly_sahara.py -> /home/ubuntu/miniconda/envs/_build/lib/python2.7/site-packages/saharaclient/tests/functional
creating /home/ubuntu/miniconda/envs/_build/lib/python2.7/site-packages/saharaclient/tests/functional/hooks
copying build/lib/saharaclient/tests/functional/hooks/post_test_hook.sh -> /home/ubuntu/miniconda/envs/_build/lib/python2.7/site-packages/saharaclient/tests/functional/hooks
copying build/lib/saharaclient/tests/functional/base.py -> /home/ubuntu/miniconda/envs/_build/lib/python2.7/site-packages/saharaclient/tests/functional
copying build/lib/saharaclient/tests/__init__.py -> /home/ubuntu/miniconda/envs/_build/lib/python2.7/site-packages/saharaclient/tests
creating /home/ubuntu/miniconda/envs/_build/lib/python2.7/site-packages/saharaclient/tests/integration
creating /home/ubuntu/miniconda/envs/_build/lib/python2.7/site-packages/saharaclient/tests/integration/configs
copying build/lib/saharaclient/tests/integration/configs/config.py -> /home/ubuntu/miniconda/envs/_build/lib/python2.7/site-packages/saharaclient/tests/integration/configs
copying build/lib/saharaclient/tests/integration/configs/itest.conf.sample -> /home/ubuntu/miniconda/envs/_build/lib/python2.7/site-packages/saharaclient/tests/integration/configs
copying build/lib/saharaclient/tests/integration/configs/__init__.py -> /home/ubuntu/miniconda/envs/_build/lib/python2.7/site-packages/saharaclient/tests/integration/configs
copying build/lib/saharaclient/tests/integration/configs/itest.conf.sample-full -> /home/ubuntu/miniconda/envs/_build/lib/python2.7/site-packages/saharaclient/tests/integration/configs
creating /home/ubuntu/miniconda/envs/_build/lib/python2.7/site-packages/saharaclient/tests/integration/tests
creating /home/ubuntu/miniconda/envs/_build/lib/python2.7/site-packages/saharaclient/tests/integration/tests/resources
creating /home/ubuntu/miniconda/envs/_build/lib/python2.7/site-packages/saharaclient/tests/integration/tests/resources/edp-java
copying build/lib/saharaclient/tests/integration/tests/resources/edp-java/edp-java.jar -> /home/ubuntu/miniconda/envs/_build/lib/python2.7/site-packages/saharaclient/tests/integration/tests/resources/edp-java
copying build/lib/saharaclient/tests/integration/tests/resources/edp-java/WordCount.java -> /home/ubuntu/miniconda/envs/_build/lib/python2.7/site-packages/saharaclient/tests/integration/tests/resources/edp-java
copying build/lib/saharaclient/tests/integration/tests/resources/edp-java/README -> /home/ubuntu/miniconda/envs/_build/lib/python2.7/site-packages/saharaclient/tests/integration/tests/resources/edp-java
copying build/lib/saharaclient/tests/integration/tests/resources/edp-job.pig -> /home/ubuntu/miniconda/envs/_build/lib/python2.7/site-packages/saharaclient/tests/integration/tests/resources
copying build/lib/saharaclient/tests/integration/tests/resources/edp-mapreduce.jar -> /home/ubuntu/miniconda/envs/_build/lib/python2.7/site-packages/saharaclient/tests/integration/tests/resources
copying build/lib/saharaclient/tests/integration/tests/resources/edp-lib.jar -> /home/ubuntu/miniconda/envs/_build/lib/python2.7/site-packages/saharaclient/tests/integration/tests/resources
copying build/lib/saharaclient/tests/integration/tests/utils.py -> /home/ubuntu/miniconda/envs/_build/lib/python2.7/site-packages/saharaclient/tests/integration/tests
copying build/lib/saharaclient/tests/integration/tests/test_hdp.py -> /home/ubuntu/miniconda/envs/_build/lib/python2.7/site-packages/saharaclient/tests/integration/tests
copying build/lib/saharaclient/tests/integration/tests/clidriver.py -> /home/ubuntu/miniconda/envs/_build/lib/python2.7/site-packages/saharaclient/tests/integration/tests
copying build/lib/saharaclient/tests/integration/tests/full_test_driver.py -> /home/ubuntu/miniconda/envs/_build/lib/python2.7/site-packages/saharaclient/tests/integration/tests
copying build/lib/saharaclient/tests/integration/tests/cluster.py -> /home/ubuntu/miniconda/envs/_build/lib/python2.7/site-packages/saharaclient/tests/integration/tests
copying build/lib/saharaclient/tests/integration/tests/test_vanilla2.py -> /home/ubuntu/miniconda/envs/_build/lib/python2.7/site-packages/saharaclient/tests/integration/tests
copying build/lib/saharaclient/tests/integration/tests/__init__.py -> /home/ubuntu/miniconda/envs/_build/lib/python2.7/site-packages/saharaclient/tests/integration/tests
copying build/lib/saharaclient/tests/integration/tests/edp.py -> /home/ubuntu/miniconda/envs/_build/lib/python2.7/site-packages/saharaclient/tests/integration/tests
copying build/lib/saharaclient/tests/integration/tests/base.py -> /home/ubuntu/miniconda/envs/_build/lib/python2.7/site-packages/saharaclient/tests/integration/tests
copying build/lib/saharaclient/tests/integration/tests/test_vanilla.py -> /home/ubuntu/miniconda/envs/_build/lib/python2.7/site-packages/saharaclient/tests/integration/tests
copying build/lib/saharaclient/tests/integration/__init__.py -> /home/ubuntu/miniconda/envs/_build/lib/python2.7/site-packages/saharaclient/tests/integration
copying build/lib/saharaclient/client.py -> /home/ubuntu/miniconda/envs/_build/lib/python2.7/site-packages/saharaclient
copying build/lib/saharaclient/__init__.py -> /home/ubuntu/miniconda/envs/_build/lib/python2.7/site-packages/saharaclient
creating /home/ubuntu/miniconda/envs/_build/lib/python2.7/site-packages/saharaclient/openstack
creating /home/ubuntu/miniconda/envs/_build/lib/python2.7/site-packages/saharaclient/openstack/common
copying build/lib/saharaclient/openstack/common/_i18n.py -> /home/ubuntu/miniconda/envs/_build/lib/python2.7/site-packages/saharaclient/openstack/common
copying build/lib/saharaclient/openstack/common/cliutils.py -> /home/ubuntu/miniconda/envs/_build/lib/python2.7/site-packages/saharaclient/openstack/common
copying build/lib/saharaclient/openstack/common/__init__.py -> /home/ubuntu/miniconda/envs/_build/lib/python2.7/site-packages/saharaclient/openstack/common
creating /home/ubuntu/miniconda/envs/_build/lib/python2.7/site-packages/saharaclient/openstack/common/apiclient
copying build/lib/saharaclient/openstack/common/apiclient/__init__.py -> /home/ubuntu/miniconda/envs/_build/lib/python2.7/site-packages/saharaclient/openstack/common/apiclient
copying build/lib/saharaclient/openstack/common/apiclient/auth.py -> /home/ubuntu/miniconda/envs/_build/lib/python2.7/site-packages/saharaclient/openstack/common/apiclient
copying build/lib/saharaclient/openstack/common/apiclient/exceptions.py -> /home/ubuntu/miniconda/envs/_build/lib/python2.7/site-packages/saharaclient/openstack/common/apiclient
copying build/lib/saharaclient/openstack/__init__.py -> /home/ubuntu/miniconda/envs/_build/lib/python2.7/site-packages/saharaclient/openstack
byte-compiling /home/ubuntu/miniconda/envs/_build/lib/python2.7/site-packages/saharaclient/api/node_group_templates.py to node_group_templates.pyc
byte-compiling /home/ubuntu/miniconda/envs/_build/lib/python2.7/site-packages/saharaclient/api/parameters.py to parameters.pyc
byte-compiling /home/ubuntu/miniconda/envs/_build/lib/python2.7/site-packages/saharaclient/api/job_types.py to job_types.pyc
byte-compiling /home/ubuntu/miniconda/envs/_build/lib/python2.7/site-packages/saharaclient/api/cluster_templates.py to cluster_templates.pyc
byte-compiling /home/ubuntu/miniconda/envs/_build/lib/python2.7/site-packages/saharaclient/api/jobs.py to jobs.pyc
byte-compiling /home/ubuntu/miniconda/envs/_build/lib/python2.7/site-packages/saharaclient/api/job_binary_internals.py to job_binary_internals.pyc
byte-compiling /home/ubuntu/miniconda/envs/_build/lib/python2.7/site-packages/saharaclient/api/job_binaries.py to job_binaries.pyc
byte-compiling /home/ubuntu/miniconda/envs/_build/lib/python2.7/site-packages/saharaclient/api/data_sources.py to data_sources.pyc
byte-compiling /home/ubuntu/miniconda/envs/_build/lib/python2.7/site-packages/saharaclient/api/shell.py to shell.pyc
byte-compiling /home/ubuntu/miniconda/envs/_build/lib/python2.7/site-packages/saharaclient/api/clusters.py to clusters.pyc
byte-compiling /home/ubuntu/miniconda/envs/_build/lib/python2.7/site-packages/saharaclient/api/client.py to client.pyc
byte-compiling /home/ubuntu/miniconda/envs/_build/lib/python2.7/site-packages/saharaclient/api/job_executions.py to job_executions.pyc
byte-compiling /home/ubuntu/miniconda/envs/_build/lib/python2.7/site-packages/saharaclient/api/__init__.py to __init__.pyc
byte-compiling /home/ubuntu/miniconda/envs/_build/lib/python2.7/site-packages/saharaclient/api/helpers.py to helpers.pyc
byte-compiling /home/ubuntu/miniconda/envs/_build/lib/python2.7/site-packages/saharaclient/api/images.py to images.pyc
byte-compiling /home/ubuntu/miniconda/envs/_build/lib/python2.7/site-packages/saharaclient/api/plugins.py to plugins.pyc
byte-compiling /home/ubuntu/miniconda/envs/_build/lib/python2.7/site-packages/saharaclient/api/base.py to base.pyc
byte-compiling /home/ubuntu/miniconda/envs/_build/lib/python2.7/site-packages/saharaclient/shell.py to shell.pyc
byte-compiling /home/ubuntu/miniconda/envs/_build/lib/python2.7/site-packages/saharaclient/version.py to version.pyc
byte-compiling /home/ubuntu/miniconda/envs/_build/lib/python2.7/site-packages/saharaclient/tests/unit/test_resource.py to test_resource.pyc
byte-compiling /home/ubuntu/miniconda/envs/_build/lib/python2.7/site-packages/saharaclient/tests/unit/test_data_sources.py to test_data_sources.pyc
byte-compiling /home/ubuntu/miniconda/envs/_build/lib/python2.7/site-packages/saharaclient/tests/unit/test_cluster_templates.py to test_cluster_templates.pyc
byte-compiling /home/ubuntu/miniconda/envs/_build/lib/python2.7/site-packages/saharaclient/tests/unit/test_job_executions.py to test_job_executions.pyc
byte-compiling /home/ubuntu/miniconda/envs/_build/lib/python2.7/site-packages/saharaclient/tests/unit/test_jobs.py to test_jobs.pyc
byte-compiling /home/ubuntu/miniconda/envs/_build/lib/python2.7/site-packages/saharaclient/tests/unit/test_job_binary_internals.py to test_job_binary_internals.pyc
byte-compiling /home/ubuntu/miniconda/envs/_build/lib/python2.7/site-packages/saharaclient/tests/unit/test_job_binaries.py to test_job_binaries.pyc
byte-compiling /home/ubuntu/miniconda/envs/_build/lib/python2.7/site-packages/saharaclient/tests/unit/test_manager.py to test_manager.pyc
byte-compiling /home/ubuntu/miniconda/envs/_build/lib/python2.7/site-packages/saharaclient/tests/unit/nova/utils.py to utils.pyc
byte-compiling /home/ubuntu/miniconda/envs/_build/lib/python2.7/site-packages/saharaclient/tests/unit/nova/test_shell.py to test_shell.pyc
byte-compiling /home/ubuntu/miniconda/envs/_build/lib/python2.7/site-packages/saharaclient/tests/unit/nova/__init__.py to __init__.pyc
byte-compiling /home/ubuntu/miniconda/envs/_build/lib/python2.7/site-packages/saharaclient/tests/unit/__init__.py to __init__.pyc
byte-compiling /home/ubuntu/miniconda/envs/_build/lib/python2.7/site-packages/saharaclient/tests/unit/test_plugins.py to test_plugins.pyc
byte-compiling /home/ubuntu/miniconda/envs/_build/lib/python2.7/site-packages/saharaclient/tests/unit/test_node_group_templates.py to test_node_group_templates.pyc
byte-compiling /home/ubuntu/miniconda/envs/_build/lib/python2.7/site-packages/saharaclient/tests/unit/base.py to base.pyc
byte-compiling /home/ubuntu/miniconda/envs/_build/lib/python2.7/site-packages/saharaclient/tests/unit/test_images.py to test_images.pyc
byte-compiling /home/ubuntu/miniconda/envs/_build/lib/python2.7/site-packages/saharaclient/tests/unit/test_job_types.py to test_job_types.pyc
byte-compiling /home/ubuntu/miniconda/envs/_build/lib/python2.7/site-packages/saharaclient/tests/unit/test_clusters.py to test_clusters.pyc
byte-compiling /home/ubuntu/miniconda/envs/_build/lib/python2.7/site-packages/saharaclient/tests/functional/__init__.py to __init__.pyc
byte-compiling /home/ubuntu/miniconda/envs/_build/lib/python2.7/site-packages/saharaclient/tests/functional/test_readonly_sahara.py to test_readonly_sahara.pyc
byte-compiling /home/ubuntu/miniconda/envs/_build/lib/python2.7/site-packages/saharaclient/tests/functional/base.py to base.pyc
byte-compiling /home/ubuntu/miniconda/envs/_build/lib/python2.7/site-packages/saharaclient/tests/__init__.py to __init__.pyc
byte-compiling /home/ubuntu/miniconda/envs/_build/lib/python2.7/site-packages/saharaclient/tests/integration/configs/config.py to config.pyc
byte-compiling /home/ubuntu/miniconda/envs/_build/lib/python2.7/site-packages/saharaclient/tests/integration/configs/__init__.py to __init__.pyc
byte-compiling /home/ubuntu/miniconda/envs/_build/lib/python2.7/site-packages/saharaclient/tests/integration/tests/utils.py to utils.pyc
byte-compiling /home/ubuntu/miniconda/envs/_build/lib/python2.7/site-packages/saharaclient/tests/integration/tests/test_hdp.py to test_hdp.pyc
byte-compiling /home/ubuntu/miniconda/envs/_build/lib/python2.7/site-packages/saharaclient/tests/integration/tests/clidriver.py to clidriver.pyc
byte-compiling /home/ubuntu/miniconda/envs/_build/lib/python2.7/site-packages/saharaclient/tests/integration/tests/full_test_driver.py to full_test_driver.pyc
byte-compiling /home/ubuntu/miniconda/envs/_build/lib/python2.7/site-packages/saharaclient/tests/integration/tests/cluster.py to cluster.pyc
byte-compiling /home/ubuntu/miniconda/envs/_build/lib/python2.7/site-packages/saharaclient/tests/integration/tests/test_vanilla2.py to test_vanilla2.pyc
byte-compiling /home/ubuntu/miniconda/envs/_build/lib/python2.7/site-packages/saharaclient/tests/integration/tests/__init__.py to __init__.pyc
byte-compiling /home/ubuntu/miniconda/envs/_build/lib/python2.7/site-packages/saharaclient/tests/integration/tests/edp.py to edp.pyc
byte-compiling /home/ubuntu/miniconda/envs/_build/lib/python2.7/site-packages/saharaclient/tests/integration/tests/base.py to base.pyc
byte-compiling /home/ubuntu/miniconda/envs/_build/lib/python2.7/site-packages/saharaclient/tests/integration/tests/test_vanilla.py to test_vanilla.pyc
byte-compiling /home/ubuntu/miniconda/envs/_build/lib/python2.7/site-packages/saharaclient/tests/integration/__init__.py to __init__.pyc
byte-compiling /home/ubuntu/miniconda/envs/_build/lib/python2.7/site-packages/saharaclient/client.py to client.pyc
byte-compiling /home/ubuntu/miniconda/envs/_build/lib/python2.7/site-packages/saharaclient/__init__.py to __init__.pyc
byte-compiling /home/ubuntu/miniconda/envs/_build/lib/python2.7/site-packages/saharaclient/openstack/common/_i18n.py to _i18n.pyc
byte-compiling /home/ubuntu/miniconda/envs/_build/lib/python2.7/site-packages/saharaclient/openstack/common/cliutils.py to cliutils.pyc
byte-compiling /home/ubuntu/miniconda/envs/_build/lib/python2.7/site-packages/saharaclient/openstack/common/__init__.py to __init__.pyc
byte-compiling /home/ubuntu/miniconda/envs/_build/lib/python2.7/site-packages/saharaclient/openstack/common/apiclient/__init__.py to __init__.pyc
byte-compiling /home/ubuntu/miniconda/envs/_build/lib/python2.7/site-packages/saharaclient/openstack/common/apiclient/auth.py to auth.pyc
byte-compiling /home/ubuntu/miniconda/envs/_build/lib/python2.7/site-packages/saharaclient/openstack/common/apiclient/exceptions.py to exceptions.pyc
byte-compiling /home/ubuntu/miniconda/envs/_build/lib/python2.7/site-packages/saharaclient/openstack/__init__.py to __init__.pyc
running install_egg_info
Copying python_saharaclient.egg-info to /home/ubuntu/miniconda/envs/_build/lib/python2.7/site-packages/python_saharaclient-0.9.0-py2.7.egg-info
running install_scripts
Installing sahara script to /home/ubuntu/miniconda/envs/_build/bin

The following NEW packages will be INSTALLED:

    openssl:    1.0.1k-1    
    pbr:        1.0.1-py27_0
    pip:        6.1.1-py27_0
    python:     2.7.9-3     
    readline:   6.2-2       
    setuptools: 16.0-py27_0 
    sqlite:     3.8.4.1-1   
    system:     5.8-2       
    tk:         8.5.18-0    
    zlib:       1.2.8-0     

Linking packages ...
[                    ]|                                                  |   0%[openssl             ]|                                                  |   0%[readline            ]|#####                                             |  10%[sqlite              ]|##########                                        |  20%[system              ]|###############                                   |  30%[tk                  ]|####################                              |  40%[zlib                ]|#########################                         |  50%[python              ]|##############################                    |  60%[setuptools          ]|###################################               |  70%[pbr                 ]|########################################          |  80%[pip                 ]|#############################################     |  90%[      COMPLETE      ]|##################################################| 100%
Removing old work directory
Source cache directory is: /home/ubuntu/miniconda/conda-bld/src_cache
Found source in cache: python-saharaclient-0.9.0.tar.gz
Extracting download
Package: python-saharaclient-0.9.0-py27_0
source tree in: /home/ubuntu/miniconda/conda-bld/work/python-saharaclient-0.9.0
number of files: 144
Fixing permissions
Detected hard-coded path in text file bin/sahara
Fixing permissions
BUILD END: python-saharaclient-0.9.0-py27_0
Nothing to test for: python-saharaclient-0.9.0-py27_0
# If you want to upload this package to binstar.org later, type:
#
# $ binstar upload /home/ubuntu/miniconda/conda-bld/linux-64/python-saharaclient-0.9.0-py27_0.tar.bz2
#
# To have conda build upload to binstar automatically, use
# $ conda config --set binstar_upload yes

