Warning, the following versions were found for python-heatclient
0.6.0
0.5.0
0.4.0
0.3.0
0.2.12
0.2.11
0.2.10
0.2.9
0.2.8
0.2.7
0.2.6
0.2.5
0.2.4
0.2.3
0.2.2
0.2.1
0.2.0
0.1.0
Using 0.6.0
Use --version to specify a different version.
Using url https://pypi.python.org/packages/source/p/python-heatclient/python-heatclient-0.6.0.tar.gz (107 KB) for python-heatclient.
Downloading python-heatclient (use --no-download to skip this step)
Using cached download
Unpacking python-heatclient...
done
working in /tmp/tmpaKAgVEconda_skeleton_python-heatclient-0.6.0.tar.gz
Fetching package metadata: ......
Solving package specifications: .patching file core.py
Hunk #1 succeeded at 168 with fuzz 2 (offset 2 lines).

Applying patch: '/tmp/tmpaKAgVEconda_skeleton_python-heatclient-0.6.0.tar.gz/pypi-distutils.patch'
Writing recipe for python-heatclient
Done
