Removing old build directory
Removing old work directory
BUILD START: python-statsd-1.7.2-py_0
Fetching package metadata: ......
Solving package specifications: .+ pip install python-statsd
Collecting python-statsd
  Downloading http://localhost/packages/source/p/python-statsd/python-statsd-1.7.2.tar.gz
Installing collected packages: python-statsd
  Running setup.py install for python-statsd
Successfully installed python-statsd-1.7.2

The following NEW packages will be INSTALLED:

    openssl:    1.0.1k-1    
    pip:        7.0.3-py27_0
    python:     2.7.10-0    
    readline:   6.2-2       
    setuptools: 17.0-py27_0 
    sqlite:     3.8.4.1-1   
    system:     5.8-2       
    tk:         8.5.18-0    
    zlib:       1.2.8-0     

Linking packages ...
[                    ]|                                                  |   0%[openssl             ]|                                                  |   0%[readline            ]|#####                                             |  11%[sqlite              ]|###########                                       |  22%[system              ]|################                                  |  33%[tk                  ]|######################                            |  44%[zlib                ]|###########################                       |  55%[python              ]|#################################                 |  66%[setuptools          ]|######################################            |  77%[pip                 ]|############################################      |  88%[      COMPLETE      ]|##################################################| 100%
Removing old work directory
Copying /home/ubuntu/pypi-conda-builds/python-statsd to /home/ubuntu/miniconda/conda-bld/work
Package: python-statsd-1.7.2-py_0
source tree in: /home/ubuntu/miniconda/conda-bld/work
number of files: 23
Fixing permissions
Fixing permissions
BUILD END: python-statsd-1.7.2-py_0
# If you want to upload this package to binstar.org later, type:
#
# $ binstar upload /home/ubuntu/miniconda/conda-bld/noarch/python-statsd-1.7.2-py_0.tar.bz2
#
# To have conda build upload to binstar automatically, use
# $ conda config --set binstar_upload yes

Package search: {'_pypi_ordering': False, 'version': '1.7.2', 'name': 'python-statsd', 'summary': "statsd is a client for Etsy's node-js statsd server. A proxy for the Graphite stats collection and graphing server."}
Creating standard recipe for python-statsd-1.7.2
Converting recipe in /home/ubuntu/pypi-conda-builds/python-statsd
package = python-statsd
   dependencies = []
Building conda package for python-statsd
