Warning, the following versions were found for python-swiftclient
2.4.0
2.3.1
2.3.0
2.2.0
2.1.0
2.0.3
2.0.2
2.0.1
2.0
1.9.0
1.8.0
1.7.0
1.6.0
1.5.0
1.4.0
1.3.0
1.2.0
1.1.1
1.0
Using 2.4.0
Use --version to specify a different version.
Using url https://pypi.python.org/packages/source/p/python-swiftclient/python-swiftclient-2.4.0.tar.gz (98 KB) for python-swiftclient.
Downloading python-swiftclient (use --no-download to skip this step)
Using cached download
Unpacking python-swiftclient...
done
working in /tmp/tmp9XOwQQconda_skeleton_python-swiftclient-2.4.0.tar.gz
Fetching package metadata: ......
Solving package specifications: .patching file core.py
Hunk #1 succeeded at 168 with fuzz 2 (offset 2 lines).

Applying patch: '/tmp/tmp9XOwQQconda_skeleton_python-swiftclient-2.4.0.tar.gz/pypi-distutils.patch'
Writing recipe for python-swiftclient
Done
