Removing old build directory
Removing old work directory
BUILD START: python-swiftclient-2.4.0-py27_0
Fetching package metadata: ........
Solving package specifications: .+ /home/hargup/anaconda/envs/_build/bin/python setup.py install
running install
running build
running build_py
creating build
creating build/lib
creating build/lib/swiftclient
copying swiftclient/multithreading.py -> build/lib/swiftclient
copying swiftclient/utils.py -> build/lib/swiftclient
copying swiftclient/command_helpers.py -> build/lib/swiftclient
copying swiftclient/version.py -> build/lib/swiftclient
copying swiftclient/shell.py -> build/lib/swiftclient
copying swiftclient/client.py -> build/lib/swiftclient
copying swiftclient/service.py -> build/lib/swiftclient
copying swiftclient/exceptions.py -> build/lib/swiftclient
copying swiftclient/__init__.py -> build/lib/swiftclient
running egg_info
writing requirements to python_swiftclient.egg-info/requires.txt
writing python_swiftclient.egg-info/PKG-INFO
writing top-level names to python_swiftclient.egg-info/top_level.txt
writing dependency_links to python_swiftclient.egg-info/dependency_links.txt
writing entry points to python_swiftclient.egg-info/entry_points.txt
[pbr] Reusing existing SOURCES.txt
running build_scripts
creating build/scripts-2.7
copying and adjusting bin/swift -> build/scripts-2.7
changing mode of build/scripts-2.7/swift from 664 to 775
running install_lib
creating /home/hargup/anaconda/envs/_build/lib/python2.7/site-packages/swiftclient
copying build/lib/swiftclient/multithreading.py -> /home/hargup/anaconda/envs/_build/lib/python2.7/site-packages/swiftclient
copying build/lib/swiftclient/utils.py -> /home/hargup/anaconda/envs/_build/lib/python2.7/site-packages/swiftclient
copying build/lib/swiftclient/command_helpers.py -> /home/hargup/anaconda/envs/_build/lib/python2.7/site-packages/swiftclient
copying build/lib/swiftclient/version.py -> /home/hargup/anaconda/envs/_build/lib/python2.7/site-packages/swiftclient
copying build/lib/swiftclient/shell.py -> /home/hargup/anaconda/envs/_build/lib/python2.7/site-packages/swiftclient
copying build/lib/swiftclient/client.py -> /home/hargup/anaconda/envs/_build/lib/python2.7/site-packages/swiftclient
copying build/lib/swiftclient/service.py -> /home/hargup/anaconda/envs/_build/lib/python2.7/site-packages/swiftclient
copying build/lib/swiftclient/exceptions.py -> /home/hargup/anaconda/envs/_build/lib/python2.7/site-packages/swiftclient
copying build/lib/swiftclient/__init__.py -> /home/hargup/anaconda/envs/_build/lib/python2.7/site-packages/swiftclient
byte-compiling /home/hargup/anaconda/envs/_build/lib/python2.7/site-packages/swiftclient/multithreading.py to multithreading.pyc
byte-compiling /home/hargup/anaconda/envs/_build/lib/python2.7/site-packages/swiftclient/utils.py to utils.pyc
byte-compiling /home/hargup/anaconda/envs/_build/lib/python2.7/site-packages/swiftclient/command_helpers.py to command_helpers.pyc
byte-compiling /home/hargup/anaconda/envs/_build/lib/python2.7/site-packages/swiftclient/version.py to version.pyc
byte-compiling /home/hargup/anaconda/envs/_build/lib/python2.7/site-packages/swiftclient/shell.py to shell.pyc
byte-compiling /home/hargup/anaconda/envs/_build/lib/python2.7/site-packages/swiftclient/client.py to client.pyc
byte-compiling /home/hargup/anaconda/envs/_build/lib/python2.7/site-packages/swiftclient/service.py to service.pyc
byte-compiling /home/hargup/anaconda/envs/_build/lib/python2.7/site-packages/swiftclient/exceptions.py to exceptions.pyc
byte-compiling /home/hargup/anaconda/envs/_build/lib/python2.7/site-packages/swiftclient/__init__.py to __init__.pyc
running install_data
copying doc/manpages/swift.1 -> /home/hargup/anaconda/envs/_build/share/man/man1
running install_egg_info
Copying python_swiftclient.egg-info to /home/hargup/anaconda/envs/_build/lib/python2.7/site-packages/python_swiftclient-2.4.0-py2.7.egg-info
running install_scripts
copying build/scripts-2.7/swift -> /home/hargup/anaconda/envs/_build/bin
changing mode of /home/hargup/anaconda/envs/_build/bin/swift to 775
Installing swift script to /home/hargup/anaconda/envs/_build/bin

The following NEW packages will be INSTALLED:

    openssl:    1.0.1k-1    
    pbr:        1.0.1-py27_0
    pip:        6.1.1-py27_0
    python:     2.7.9-3     
    readline:   6.2-2       
    setuptools: 16.0-py27_0 
    sqlite:     3.8.4.1-1   
    system:     5.8-2       
    tk:         8.5.18-0    
    zlib:       1.2.8-0     

Linking packages ...
[                    ]|                                                  |   0%[openssl             ]|                                                  |   0%[readline            ]|#####                                             |  10%[sqlite              ]|##########                                        |  20%[system              ]|###############                                   |  30%[tk                  ]|####################                              |  40%[zlib                ]|#########################                         |  50%[python              ]|##############################                    |  60%[setuptools          ]|###################################               |  70%[pbr                 ]|########################################          |  80%[pip                 ]|#############################################     |  90%[      COMPLETE      ]|##################################################| 100%
Removing old work directory
Source cache directory is: /home/hargup/anaconda/conda-bld/src_cache
Found source in cache: python-swiftclient-2.4.0.tar.gz
Extracting download
Package: python-swiftclient-2.4.0-py27_0
source tree in: /home/hargup/anaconda/conda-bld/work/python-swiftclient-2.4.0
number of files: 28
Fixing permissions
Detected hard-coded path in text file bin/swift
Fixing permissions
BUILD END: python-swiftclient-2.4.0-py27_0
Nothing to test for: python-swiftclient-2.4.0-py27_0
# If you want to upload this package to binstar.org later, type:
#
# $ binstar upload /home/hargup/anaconda/conda-bld/linux-64/python-swiftclient-2.4.0-py27_0.tar.bz2
#
# To have conda build upload to binstar automatically, use
# $ conda config --set binstar_upload yes

