Warning, the following versions were found for python-novaclient
2.26.0
2.25.0
2.24.1
2.24.0
2.23.0
2.22.0
2.21.0
2.20.0
2.19.0
2.18.1
2.18.0
2.17.0
2.16.0
2.15.0
2.14.1
2.14.0
2.13.0
2.12.0
2.11.1
2.11.0
2.10.0
2.9.0
2.8.0
2.7.0
2.6.10
2.6.0.1
2.6.0
Using 2.26.0
Use --version to specify a different version.
Using url https://pypi.python.org/packages/source/p/python-novaclient/python-novaclient-2.26.0.tar.gz (225 KB) for python-novaclient.
Downloading python-novaclient (use --no-download to skip this step)
Using cached download
Unpacking python-novaclient...
done
working in /tmp/tmp_5vLr7conda_skeleton_python-novaclient-2.26.0.tar.gz
Fetching package metadata: ......
Solving package specifications: .patching file core.py
Hunk #1 succeeded at 168 with fuzz 2 (offset 2 lines).

Applying patch: '/tmp/tmp_5vLr7conda_skeleton_python-novaclient-2.26.0.tar.gz/pypi-distutils.patch'
Writing recipe for python-novaclient
Done
