Warning, the following versions were found for python-ceilometerclient
1.2.0
1.1.0
1.0.14
1.0.13
1.0.12
1.0.11
1.0.10
1.0.9
1.0.8
1.0.7
1.0.6
1.0.5
1.0.4
1.0.3
1.0.2
1.0.1
1.0.0
Using 1.2.0
Use --version to specify a different version.
Using url https://pypi.python.org/packages/source/p/python-ceilometerclient/python-ceilometerclient-1.2.0.tar.gz (87 KB) for python-ceilometerclient.
Downloading python-ceilometerclient (use --no-download to skip this step)
Using cached download
Unpacking python-ceilometerclient...
done
working in /tmp/tmp5T1oPFconda_skeleton_python-ceilometerclient-1.2.0.tar.gz
Fetching package metadata: ......
Solving package specifications: .patching file core.py
Hunk #1 succeeded at 168 with fuzz 2 (offset 2 lines).
Traceback (most recent call last):
  File "setup.py", line 18, in <module>
    import setuptools
ImportError: No module named setuptools

Applying patch: '/tmp/tmp5T1oPFconda_skeleton_python-ceilometerclient-1.2.0.tar.gz/pypi-distutils.patch'
$PYTHONPATH = /tmp/tmp5T1oPFconda_skeleton_python-ceilometerclient-1.2.0.tar.gz/python-ceilometerclient-1.2.0
Error: command failed: /home/ubuntu/miniconda/envs/_build/bin/python setup.py install
