Removing old build directory
Removing old work directory
BUILD START: python-cinderclient-1.2.1-py27_0
Fetching package metadata: ......
Solving package specifications: .+ /home/ubuntu/miniconda/envs/_build/bin/python setup.py install
running install
running build
running build_py
creating build
creating build/lib
creating build/lib/cinderclient
creating build/lib/cinderclient/v1
copying cinderclient/v1/qos_specs.py -> build/lib/cinderclient/v1
copying cinderclient/v1/volume_snapshots.py -> build/lib/cinderclient/v1
copying cinderclient/v1/availability_zones.py -> build/lib/cinderclient/v1
copying cinderclient/v1/volume_types.py -> build/lib/cinderclient/v1
copying cinderclient/v1/limits.py -> build/lib/cinderclient/v1
copying cinderclient/v1/volumes.py -> build/lib/cinderclient/v1
copying cinderclient/v1/quotas.py -> build/lib/cinderclient/v1
copying cinderclient/v1/services.py -> build/lib/cinderclient/v1
copying cinderclient/v1/volume_backups.py -> build/lib/cinderclient/v1
copying cinderclient/v1/volume_encryption_types.py -> build/lib/cinderclient/v1
copying cinderclient/v1/shell.py -> build/lib/cinderclient/v1
copying cinderclient/v1/volume_backups_restore.py -> build/lib/cinderclient/v1
copying cinderclient/v1/client.py -> build/lib/cinderclient/v1
copying cinderclient/v1/__init__.py -> build/lib/cinderclient/v1
copying cinderclient/v1/quota_classes.py -> build/lib/cinderclient/v1
copying cinderclient/v1/volume_transfers.py -> build/lib/cinderclient/v1
creating build/lib/cinderclient/tests
creating build/lib/cinderclient/tests/functional
copying cinderclient/tests/functional/test_readonly_cli.py -> build/lib/cinderclient/tests/functional
copying cinderclient/tests/functional/__init__.py -> build/lib/cinderclient/tests/functional
copying cinderclient/tests/functional/base.py -> build/lib/cinderclient/tests/functional
creating build/lib/cinderclient/v2
copying cinderclient/v2/qos_specs.py -> build/lib/cinderclient/v2
copying cinderclient/v2/volume_snapshots.py -> build/lib/cinderclient/v2
copying cinderclient/v2/availability_zones.py -> build/lib/cinderclient/v2
copying cinderclient/v2/volume_types.py -> build/lib/cinderclient/v2
copying cinderclient/v2/limits.py -> build/lib/cinderclient/v2
copying cinderclient/v2/volumes.py -> build/lib/cinderclient/v2
copying cinderclient/v2/quotas.py -> build/lib/cinderclient/v2
copying cinderclient/v2/volume_type_access.py -> build/lib/cinderclient/v2
copying cinderclient/v2/services.py -> build/lib/cinderclient/v2
copying cinderclient/v2/volume_backups.py -> build/lib/cinderclient/v2
copying cinderclient/v2/volume_encryption_types.py -> build/lib/cinderclient/v2
copying cinderclient/v2/shell.py -> build/lib/cinderclient/v2
copying cinderclient/v2/volume_backups_restore.py -> build/lib/cinderclient/v2
copying cinderclient/v2/cgsnapshots.py -> build/lib/cinderclient/v2
copying cinderclient/v2/pools.py -> build/lib/cinderclient/v2
copying cinderclient/v2/client.py -> build/lib/cinderclient/v2
copying cinderclient/v2/__init__.py -> build/lib/cinderclient/v2
copying cinderclient/v2/quota_classes.py -> build/lib/cinderclient/v2
copying cinderclient/v2/volume_transfers.py -> build/lib/cinderclient/v2
copying cinderclient/v2/consistencygroups.py -> build/lib/cinderclient/v2
creating build/lib/cinderclient/tests/unit
creating build/lib/cinderclient/tests/unit/fixture_data
copying cinderclient/tests/unit/fixture_data/availability_zones.py -> build/lib/cinderclient/tests/unit/fixture_data
copying cinderclient/tests/unit/fixture_data/client.py -> build/lib/cinderclient/tests/unit/fixture_data
copying cinderclient/tests/unit/fixture_data/__init__.py -> build/lib/cinderclient/tests/unit/fixture_data
copying cinderclient/tests/unit/fixture_data/keystone_client.py -> build/lib/cinderclient/tests/unit/fixture_data
copying cinderclient/tests/unit/fixture_data/snapshots.py -> build/lib/cinderclient/tests/unit/fixture_data
copying cinderclient/tests/unit/fixture_data/base.py -> build/lib/cinderclient/tests/unit/fixture_data
creating build/lib/cinderclient/tests/unit/v2
creating build/lib/cinderclient/tests/unit/v2/contrib
copying cinderclient/tests/unit/v2/contrib/test_list_extensions.py -> build/lib/cinderclient/tests/unit/v2/contrib
copying cinderclient/tests/unit/v2/contrib/__init__.py -> build/lib/cinderclient/tests/unit/v2/contrib
creating build/lib/cinderclient/openstack
creating build/lib/cinderclient/openstack/common
creating build/lib/cinderclient/openstack/common/apiclient
copying cinderclient/openstack/common/apiclient/fake_client.py -> build/lib/cinderclient/openstack/common/apiclient
copying cinderclient/openstack/common/apiclient/client.py -> build/lib/cinderclient/openstack/common/apiclient
copying cinderclient/openstack/common/apiclient/__init__.py -> build/lib/cinderclient/openstack/common/apiclient
copying cinderclient/openstack/common/apiclient/auth.py -> build/lib/cinderclient/openstack/common/apiclient
copying cinderclient/openstack/common/apiclient/base.py -> build/lib/cinderclient/openstack/common/apiclient
copying cinderclient/openstack/common/apiclient/exceptions.py -> build/lib/cinderclient/openstack/common/apiclient
creating build/lib/cinderclient/v1/contrib
copying cinderclient/v1/contrib/list_extensions.py -> build/lib/cinderclient/v1/contrib
copying cinderclient/v1/contrib/__init__.py -> build/lib/cinderclient/v1/contrib
creating build/lib/cinderclient/v2/contrib
copying cinderclient/v2/contrib/list_extensions.py -> build/lib/cinderclient/v2/contrib
copying cinderclient/v2/contrib/__init__.py -> build/lib/cinderclient/v2/contrib
copying cinderclient/openstack/common/gettextutils.py -> build/lib/cinderclient/openstack/common
copying cinderclient/openstack/common/strutils.py -> build/lib/cinderclient/openstack/common
copying cinderclient/openstack/common/__init__.py -> build/lib/cinderclient/openstack/common
copying cinderclient/openstack/common/importutils.py -> build/lib/cinderclient/openstack/common
copying cinderclient/utils.py -> build/lib/cinderclient
copying cinderclient/shell.py -> build/lib/cinderclient
copying cinderclient/client.py -> build/lib/cinderclient
copying cinderclient/__init__.py -> build/lib/cinderclient
copying cinderclient/auth_plugin.py -> build/lib/cinderclient
copying cinderclient/service_catalog.py -> build/lib/cinderclient
copying cinderclient/base.py -> build/lib/cinderclient
copying cinderclient/extension.py -> build/lib/cinderclient
copying cinderclient/exceptions.py -> build/lib/cinderclient
copying cinderclient/tests/unit/fakes.py -> build/lib/cinderclient/tests/unit
copying cinderclient/tests/unit/utils.py -> build/lib/cinderclient/tests/unit
copying cinderclient/tests/unit/test_service_catalog.py -> build/lib/cinderclient/tests/unit
copying cinderclient/tests/unit/test_shell.py -> build/lib/cinderclient/tests/unit
copying cinderclient/tests/unit/test_client.py -> build/lib/cinderclient/tests/unit
copying cinderclient/tests/unit/test_base.py -> build/lib/cinderclient/tests/unit
copying cinderclient/tests/unit/test_http.py -> build/lib/cinderclient/tests/unit
copying cinderclient/tests/unit/__init__.py -> build/lib/cinderclient/tests/unit
copying cinderclient/tests/unit/test_auth_plugins.py -> build/lib/cinderclient/tests/unit
copying cinderclient/tests/unit/test_utils.py -> build/lib/cinderclient/tests/unit
creating build/lib/cinderclient/tests/unit/v1
copying cinderclient/tests/unit/v1/test_snapshot_actions.py -> build/lib/cinderclient/tests/unit/v1
copying cinderclient/tests/unit/v1/fakes.py -> build/lib/cinderclient/tests/unit/v1
copying cinderclient/tests/unit/v1/test_volume_transfers.py -> build/lib/cinderclient/tests/unit/v1
copying cinderclient/tests/unit/v1/test_types.py -> build/lib/cinderclient/tests/unit/v1
copying cinderclient/tests/unit/v1/test_qos.py -> build/lib/cinderclient/tests/unit/v1
copying cinderclient/tests/unit/v1/test_quotas.py -> build/lib/cinderclient/tests/unit/v1
copying cinderclient/tests/unit/v1/test_quota_classes.py -> build/lib/cinderclient/tests/unit/v1
copying cinderclient/tests/unit/v1/test_volume_backups.py -> build/lib/cinderclient/tests/unit/v1
copying cinderclient/tests/unit/v1/test_shell.py -> build/lib/cinderclient/tests/unit/v1
copying cinderclient/tests/unit/v1/test_volume_encryption_types.py -> build/lib/cinderclient/tests/unit/v1
copying cinderclient/tests/unit/v1/test_availability_zone.py -> build/lib/cinderclient/tests/unit/v1
copying cinderclient/tests/unit/v1/__init__.py -> build/lib/cinderclient/tests/unit/v1
copying cinderclient/tests/unit/v1/test_limits.py -> build/lib/cinderclient/tests/unit/v1
copying cinderclient/tests/unit/v1/test_auth.py -> build/lib/cinderclient/tests/unit/v1
copying cinderclient/tests/unit/v1/test_volumes.py -> build/lib/cinderclient/tests/unit/v1
copying cinderclient/tests/unit/v1/test_services.py -> build/lib/cinderclient/tests/unit/v1
copying cinderclient/tests/unit/v2/test_snapshot_actions.py -> build/lib/cinderclient/tests/unit/v2
copying cinderclient/tests/unit/v2/fakes.py -> build/lib/cinderclient/tests/unit/v2
copying cinderclient/tests/unit/v2/test_volume_transfers.py -> build/lib/cinderclient/tests/unit/v2
copying cinderclient/tests/unit/v2/test_types.py -> build/lib/cinderclient/tests/unit/v2
copying cinderclient/tests/unit/v2/test_type_access.py -> build/lib/cinderclient/tests/unit/v2
copying cinderclient/tests/unit/v2/test_qos.py -> build/lib/cinderclient/tests/unit/v2
copying cinderclient/tests/unit/v2/test_quotas.py -> build/lib/cinderclient/tests/unit/v2
copying cinderclient/tests/unit/v2/test_quota_classes.py -> build/lib/cinderclient/tests/unit/v2
copying cinderclient/tests/unit/v2/test_pools.py -> build/lib/cinderclient/tests/unit/v2
copying cinderclient/tests/unit/v2/test_volume_backups.py -> build/lib/cinderclient/tests/unit/v2
copying cinderclient/tests/unit/v2/test_shell.py -> build/lib/cinderclient/tests/unit/v2
copying cinderclient/tests/unit/v2/test_consistencygroups.py -> build/lib/cinderclient/tests/unit/v2
copying cinderclient/tests/unit/v2/test_volume_encryption_types.py -> build/lib/cinderclient/tests/unit/v2
copying cinderclient/tests/unit/v2/test_cgsnapshots.py -> build/lib/cinderclient/tests/unit/v2
copying cinderclient/tests/unit/v2/test_availability_zone.py -> build/lib/cinderclient/tests/unit/v2
copying cinderclient/tests/unit/v2/__init__.py -> build/lib/cinderclient/tests/unit/v2
copying cinderclient/tests/unit/v2/test_limits.py -> build/lib/cinderclient/tests/unit/v2
copying cinderclient/tests/unit/v2/test_auth.py -> build/lib/cinderclient/tests/unit/v2
copying cinderclient/tests/unit/v2/test_volumes.py -> build/lib/cinderclient/tests/unit/v2
copying cinderclient/tests/unit/v2/test_services.py -> build/lib/cinderclient/tests/unit/v2
copying cinderclient/tests/__init__.py -> build/lib/cinderclient/tests
copying cinderclient/openstack/__init__.py -> build/lib/cinderclient/openstack
creating build/lib/cinderclient/tests/unit/v1/contrib
copying cinderclient/tests/unit/v1/contrib/test_list_extensions.py -> build/lib/cinderclient/tests/unit/v1/contrib
copying cinderclient/tests/unit/v1/contrib/__init__.py -> build/lib/cinderclient/tests/unit/v1/contrib
running egg_info
writing requirements to python_cinderclient.egg-info/requires.txt
writing python_cinderclient.egg-info/PKG-INFO
writing top-level names to python_cinderclient.egg-info/top_level.txt
writing dependency_links to python_cinderclient.egg-info/dependency_links.txt
writing entry points to python_cinderclient.egg-info/entry_points.txt
[pbr] Reusing existing SOURCES.txt
copying cinderclient/tests/unit/v1/testfile.txt -> build/lib/cinderclient/tests/unit/v1
running install_lib
creating /home/ubuntu/miniconda/envs/_build/lib/python2.7/site-packages/cinderclient
copying build/lib/cinderclient/utils.py -> /home/ubuntu/miniconda/envs/_build/lib/python2.7/site-packages/cinderclient
creating /home/ubuntu/miniconda/envs/_build/lib/python2.7/site-packages/cinderclient/v1
copying build/lib/cinderclient/v1/qos_specs.py -> /home/ubuntu/miniconda/envs/_build/lib/python2.7/site-packages/cinderclient/v1
copying build/lib/cinderclient/v1/volume_snapshots.py -> /home/ubuntu/miniconda/envs/_build/lib/python2.7/site-packages/cinderclient/v1
copying build/lib/cinderclient/v1/availability_zones.py -> /home/ubuntu/miniconda/envs/_build/lib/python2.7/site-packages/cinderclient/v1
copying build/lib/cinderclient/v1/volume_types.py -> /home/ubuntu/miniconda/envs/_build/lib/python2.7/site-packages/cinderclient/v1
copying build/lib/cinderclient/v1/limits.py -> /home/ubuntu/miniconda/envs/_build/lib/python2.7/site-packages/cinderclient/v1
copying build/lib/cinderclient/v1/volumes.py -> /home/ubuntu/miniconda/envs/_build/lib/python2.7/site-packages/cinderclient/v1
copying build/lib/cinderclient/v1/quotas.py -> /home/ubuntu/miniconda/envs/_build/lib/python2.7/site-packages/cinderclient/v1
copying build/lib/cinderclient/v1/services.py -> /home/ubuntu/miniconda/envs/_build/lib/python2.7/site-packages/cinderclient/v1
copying build/lib/cinderclient/v1/volume_backups.py -> /home/ubuntu/miniconda/envs/_build/lib/python2.7/site-packages/cinderclient/v1
copying build/lib/cinderclient/v1/volume_encryption_types.py -> /home/ubuntu/miniconda/envs/_build/lib/python2.7/site-packages/cinderclient/v1
copying build/lib/cinderclient/v1/shell.py -> /home/ubuntu/miniconda/envs/_build/lib/python2.7/site-packages/cinderclient/v1
creating /home/ubuntu/miniconda/envs/_build/lib/python2.7/site-packages/cinderclient/v1/contrib
copying build/lib/cinderclient/v1/contrib/list_extensions.py -> /home/ubuntu/miniconda/envs/_build/lib/python2.7/site-packages/cinderclient/v1/contrib
copying build/lib/cinderclient/v1/contrib/__init__.py -> /home/ubuntu/miniconda/envs/_build/lib/python2.7/site-packages/cinderclient/v1/contrib
copying build/lib/cinderclient/v1/volume_backups_restore.py -> /home/ubuntu/miniconda/envs/_build/lib/python2.7/site-packages/cinderclient/v1
copying build/lib/cinderclient/v1/client.py -> /home/ubuntu/miniconda/envs/_build/lib/python2.7/site-packages/cinderclient/v1
copying build/lib/cinderclient/v1/__init__.py -> /home/ubuntu/miniconda/envs/_build/lib/python2.7/site-packages/cinderclient/v1
copying build/lib/cinderclient/v1/quota_classes.py -> /home/ubuntu/miniconda/envs/_build/lib/python2.7/site-packages/cinderclient/v1
copying build/lib/cinderclient/v1/volume_transfers.py -> /home/ubuntu/miniconda/envs/_build/lib/python2.7/site-packages/cinderclient/v1
creating /home/ubuntu/miniconda/envs/_build/lib/python2.7/site-packages/cinderclient/v2
copying build/lib/cinderclient/v2/qos_specs.py -> /home/ubuntu/miniconda/envs/_build/lib/python2.7/site-packages/cinderclient/v2
copying build/lib/cinderclient/v2/volume_snapshots.py -> /home/ubuntu/miniconda/envs/_build/lib/python2.7/site-packages/cinderclient/v2
copying build/lib/cinderclient/v2/availability_zones.py -> /home/ubuntu/miniconda/envs/_build/lib/python2.7/site-packages/cinderclient/v2
copying build/lib/cinderclient/v2/volume_types.py -> /home/ubuntu/miniconda/envs/_build/lib/python2.7/site-packages/cinderclient/v2
copying build/lib/cinderclient/v2/limits.py -> /home/ubuntu/miniconda/envs/_build/lib/python2.7/site-packages/cinderclient/v2
copying build/lib/cinderclient/v2/volumes.py -> /home/ubuntu/miniconda/envs/_build/lib/python2.7/site-packages/cinderclient/v2
copying build/lib/cinderclient/v2/quotas.py -> /home/ubuntu/miniconda/envs/_build/lib/python2.7/site-packages/cinderclient/v2
copying build/lib/cinderclient/v2/volume_type_access.py -> /home/ubuntu/miniconda/envs/_build/lib/python2.7/site-packages/cinderclient/v2
copying build/lib/cinderclient/v2/services.py -> /home/ubuntu/miniconda/envs/_build/lib/python2.7/site-packages/cinderclient/v2
copying build/lib/cinderclient/v2/volume_backups.py -> /home/ubuntu/miniconda/envs/_build/lib/python2.7/site-packages/cinderclient/v2
copying build/lib/cinderclient/v2/volume_encryption_types.py -> /home/ubuntu/miniconda/envs/_build/lib/python2.7/site-packages/cinderclient/v2
copying build/lib/cinderclient/v2/shell.py -> /home/ubuntu/miniconda/envs/_build/lib/python2.7/site-packages/cinderclient/v2
creating /home/ubuntu/miniconda/envs/_build/lib/python2.7/site-packages/cinderclient/v2/contrib
copying build/lib/cinderclient/v2/contrib/list_extensions.py -> /home/ubuntu/miniconda/envs/_build/lib/python2.7/site-packages/cinderclient/v2/contrib
copying build/lib/cinderclient/v2/contrib/__init__.py -> /home/ubuntu/miniconda/envs/_build/lib/python2.7/site-packages/cinderclient/v2/contrib
copying build/lib/cinderclient/v2/volume_backups_restore.py -> /home/ubuntu/miniconda/envs/_build/lib/python2.7/site-packages/cinderclient/v2
copying build/lib/cinderclient/v2/cgsnapshots.py -> /home/ubuntu/miniconda/envs/_build/lib/python2.7/site-packages/cinderclient/v2
copying build/lib/cinderclient/v2/pools.py -> /home/ubuntu/miniconda/envs/_build/lib/python2.7/site-packages/cinderclient/v2
copying build/lib/cinderclient/v2/client.py -> /home/ubuntu/miniconda/envs/_build/lib/python2.7/site-packages/cinderclient/v2
copying build/lib/cinderclient/v2/__init__.py -> /home/ubuntu/miniconda/envs/_build/lib/python2.7/site-packages/cinderclient/v2
copying build/lib/cinderclient/v2/quota_classes.py -> /home/ubuntu/miniconda/envs/_build/lib/python2.7/site-packages/cinderclient/v2
copying build/lib/cinderclient/v2/volume_transfers.py -> /home/ubuntu/miniconda/envs/_build/lib/python2.7/site-packages/cinderclient/v2
copying build/lib/cinderclient/v2/consistencygroups.py -> /home/ubuntu/miniconda/envs/_build/lib/python2.7/site-packages/cinderclient/v2
copying build/lib/cinderclient/shell.py -> /home/ubuntu/miniconda/envs/_build/lib/python2.7/site-packages/cinderclient
creating /home/ubuntu/miniconda/envs/_build/lib/python2.7/site-packages/cinderclient/tests
creating /home/ubuntu/miniconda/envs/_build/lib/python2.7/site-packages/cinderclient/tests/unit
copying build/lib/cinderclient/tests/unit/fakes.py -> /home/ubuntu/miniconda/envs/_build/lib/python2.7/site-packages/cinderclient/tests/unit
copying build/lib/cinderclient/tests/unit/utils.py -> /home/ubuntu/miniconda/envs/_build/lib/python2.7/site-packages/cinderclient/tests/unit
creating /home/ubuntu/miniconda/envs/_build/lib/python2.7/site-packages/cinderclient/tests/unit/v1
copying build/lib/cinderclient/tests/unit/v1/test_snapshot_actions.py -> /home/ubuntu/miniconda/envs/_build/lib/python2.7/site-packages/cinderclient/tests/unit/v1
copying build/lib/cinderclient/tests/unit/v1/fakes.py -> /home/ubuntu/miniconda/envs/_build/lib/python2.7/site-packages/cinderclient/tests/unit/v1
copying build/lib/cinderclient/tests/unit/v1/test_volume_transfers.py -> /home/ubuntu/miniconda/envs/_build/lib/python2.7/site-packages/cinderclient/tests/unit/v1
copying build/lib/cinderclient/tests/unit/v1/test_types.py -> /home/ubuntu/miniconda/envs/_build/lib/python2.7/site-packages/cinderclient/tests/unit/v1
copying build/lib/cinderclient/tests/unit/v1/test_qos.py -> /home/ubuntu/miniconda/envs/_build/lib/python2.7/site-packages/cinderclient/tests/unit/v1
copying build/lib/cinderclient/tests/unit/v1/test_quotas.py -> /home/ubuntu/miniconda/envs/_build/lib/python2.7/site-packages/cinderclient/tests/unit/v1
copying build/lib/cinderclient/tests/unit/v1/test_quota_classes.py -> /home/ubuntu/miniconda/envs/_build/lib/python2.7/site-packages/cinderclient/tests/unit/v1
copying build/lib/cinderclient/tests/unit/v1/test_volume_backups.py -> /home/ubuntu/miniconda/envs/_build/lib/python2.7/site-packages/cinderclient/tests/unit/v1
copying build/lib/cinderclient/tests/unit/v1/test_shell.py -> /home/ubuntu/miniconda/envs/_build/lib/python2.7/site-packages/cinderclient/tests/unit/v1
copying build/lib/cinderclient/tests/unit/v1/test_volume_encryption_types.py -> /home/ubuntu/miniconda/envs/_build/lib/python2.7/site-packages/cinderclient/tests/unit/v1
creating /home/ubuntu/miniconda/envs/_build/lib/python2.7/site-packages/cinderclient/tests/unit/v1/contrib
copying build/lib/cinderclient/tests/unit/v1/contrib/test_list_extensions.py -> /home/ubuntu/miniconda/envs/_build/lib/python2.7/site-packages/cinderclient/tests/unit/v1/contrib
copying build/lib/cinderclient/tests/unit/v1/contrib/__init__.py -> /home/ubuntu/miniconda/envs/_build/lib/python2.7/site-packages/cinderclient/tests/unit/v1/contrib
copying build/lib/cinderclient/tests/unit/v1/test_availability_zone.py -> /home/ubuntu/miniconda/envs/_build/lib/python2.7/site-packages/cinderclient/tests/unit/v1
copying build/lib/cinderclient/tests/unit/v1/__init__.py -> /home/ubuntu/miniconda/envs/_build/lib/python2.7/site-packages/cinderclient/tests/unit/v1
copying build/lib/cinderclient/tests/unit/v1/test_limits.py -> /home/ubuntu/miniconda/envs/_build/lib/python2.7/site-packages/cinderclient/tests/unit/v1
copying build/lib/cinderclient/tests/unit/v1/test_auth.py -> /home/ubuntu/miniconda/envs/_build/lib/python2.7/site-packages/cinderclient/tests/unit/v1
copying build/lib/cinderclient/tests/unit/v1/test_volumes.py -> /home/ubuntu/miniconda/envs/_build/lib/python2.7/site-packages/cinderclient/tests/unit/v1
copying build/lib/cinderclient/tests/unit/v1/test_services.py -> /home/ubuntu/miniconda/envs/_build/lib/python2.7/site-packages/cinderclient/tests/unit/v1
copying build/lib/cinderclient/tests/unit/v1/testfile.txt -> /home/ubuntu/miniconda/envs/_build/lib/python2.7/site-packages/cinderclient/tests/unit/v1
creating /home/ubuntu/miniconda/envs/_build/lib/python2.7/site-packages/cinderclient/tests/unit/v2
copying build/lib/cinderclient/tests/unit/v2/test_snapshot_actions.py -> /home/ubuntu/miniconda/envs/_build/lib/python2.7/site-packages/cinderclient/tests/unit/v2
copying build/lib/cinderclient/tests/unit/v2/fakes.py -> /home/ubuntu/miniconda/envs/_build/lib/python2.7/site-packages/cinderclient/tests/unit/v2
copying build/lib/cinderclient/tests/unit/v2/test_volume_transfers.py -> /home/ubuntu/miniconda/envs/_build/lib/python2.7/site-packages/cinderclient/tests/unit/v2
copying build/lib/cinderclient/tests/unit/v2/test_types.py -> /home/ubuntu/miniconda/envs/_build/lib/python2.7/site-packages/cinderclient/tests/unit/v2
copying build/lib/cinderclient/tests/unit/v2/test_type_access.py -> /home/ubuntu/miniconda/envs/_build/lib/python2.7/site-packages/cinderclient/tests/unit/v2
copying build/lib/cinderclient/tests/unit/v2/test_qos.py -> /home/ubuntu/miniconda/envs/_build/lib/python2.7/site-packages/cinderclient/tests/unit/v2
copying build/lib/cinderclient/tests/unit/v2/test_quotas.py -> /home/ubuntu/miniconda/envs/_build/lib/python2.7/site-packages/cinderclient/tests/unit/v2
copying build/lib/cinderclient/tests/unit/v2/test_quota_classes.py -> /home/ubuntu/miniconda/envs/_build/lib/python2.7/site-packages/cinderclient/tests/unit/v2
copying build/lib/cinderclient/tests/unit/v2/test_pools.py -> /home/ubuntu/miniconda/envs/_build/lib/python2.7/site-packages/cinderclient/tests/unit/v2
copying build/lib/cinderclient/tests/unit/v2/test_volume_backups.py -> /home/ubuntu/miniconda/envs/_build/lib/python2.7/site-packages/cinderclient/tests/unit/v2
copying build/lib/cinderclient/tests/unit/v2/test_shell.py -> /home/ubuntu/miniconda/envs/_build/lib/python2.7/site-packages/cinderclient/tests/unit/v2
copying build/lib/cinderclient/tests/unit/v2/test_consistencygroups.py -> /home/ubuntu/miniconda/envs/_build/lib/python2.7/site-packages/cinderclient/tests/unit/v2
copying build/lib/cinderclient/tests/unit/v2/test_volume_encryption_types.py -> /home/ubuntu/miniconda/envs/_build/lib/python2.7/site-packages/cinderclient/tests/unit/v2
creating /home/ubuntu/miniconda/envs/_build/lib/python2.7/site-packages/cinderclient/tests/unit/v2/contrib
copying build/lib/cinderclient/tests/unit/v2/contrib/test_list_extensions.py -> /home/ubuntu/miniconda/envs/_build/lib/python2.7/site-packages/cinderclient/tests/unit/v2/contrib
copying build/lib/cinderclient/tests/unit/v2/contrib/__init__.py -> /home/ubuntu/miniconda/envs/_build/lib/python2.7/site-packages/cinderclient/tests/unit/v2/contrib
copying build/lib/cinderclient/tests/unit/v2/test_cgsnapshots.py -> /home/ubuntu/miniconda/envs/_build/lib/python2.7/site-packages/cinderclient/tests/unit/v2
copying build/lib/cinderclient/tests/unit/v2/test_availability_zone.py -> /home/ubuntu/miniconda/envs/_build/lib/python2.7/site-packages/cinderclient/tests/unit/v2
copying build/lib/cinderclient/tests/unit/v2/__init__.py -> /home/ubuntu/miniconda/envs/_build/lib/python2.7/site-packages/cinderclient/tests/unit/v2
copying build/lib/cinderclient/tests/unit/v2/test_limits.py -> /home/ubuntu/miniconda/envs/_build/lib/python2.7/site-packages/cinderclient/tests/unit/v2
copying build/lib/cinderclient/tests/unit/v2/test_auth.py -> /home/ubuntu/miniconda/envs/_build/lib/python2.7/site-packages/cinderclient/tests/unit/v2
copying build/lib/cinderclient/tests/unit/v2/test_volumes.py -> /home/ubuntu/miniconda/envs/_build/lib/python2.7/site-packages/cinderclient/tests/unit/v2
copying build/lib/cinderclient/tests/unit/v2/test_services.py -> /home/ubuntu/miniconda/envs/_build/lib/python2.7/site-packages/cinderclient/tests/unit/v2
copying build/lib/cinderclient/tests/unit/test_service_catalog.py -> /home/ubuntu/miniconda/envs/_build/lib/python2.7/site-packages/cinderclient/tests/unit
copying build/lib/cinderclient/tests/unit/test_shell.py -> /home/ubuntu/miniconda/envs/_build/lib/python2.7/site-packages/cinderclient/tests/unit
copying build/lib/cinderclient/tests/unit/test_client.py -> /home/ubuntu/miniconda/envs/_build/lib/python2.7/site-packages/cinderclient/tests/unit
copying build/lib/cinderclient/tests/unit/test_base.py -> /home/ubuntu/miniconda/envs/_build/lib/python2.7/site-packages/cinderclient/tests/unit
copying build/lib/cinderclient/tests/unit/test_http.py -> /home/ubuntu/miniconda/envs/_build/lib/python2.7/site-packages/cinderclient/tests/unit
copying build/lib/cinderclient/tests/unit/__init__.py -> /home/ubuntu/miniconda/envs/_build/lib/python2.7/site-packages/cinderclient/tests/unit
copying build/lib/cinderclient/tests/unit/test_auth_plugins.py -> /home/ubuntu/miniconda/envs/_build/lib/python2.7/site-packages/cinderclient/tests/unit
creating /home/ubuntu/miniconda/envs/_build/lib/python2.7/site-packages/cinderclient/tests/unit/fixture_data
copying build/lib/cinderclient/tests/unit/fixture_data/availability_zones.py -> /home/ubuntu/miniconda/envs/_build/lib/python2.7/site-packages/cinderclient/tests/unit/fixture_data
copying build/lib/cinderclient/tests/unit/fixture_data/client.py -> /home/ubuntu/miniconda/envs/_build/lib/python2.7/site-packages/cinderclient/tests/unit/fixture_data
copying build/lib/cinderclient/tests/unit/fixture_data/__init__.py -> /home/ubuntu/miniconda/envs/_build/lib/python2.7/site-packages/cinderclient/tests/unit/fixture_data
copying build/lib/cinderclient/tests/unit/fixture_data/keystone_client.py -> /home/ubuntu/miniconda/envs/_build/lib/python2.7/site-packages/cinderclient/tests/unit/fixture_data
copying build/lib/cinderclient/tests/unit/fixture_data/snapshots.py -> /home/ubuntu/miniconda/envs/_build/lib/python2.7/site-packages/cinderclient/tests/unit/fixture_data
copying build/lib/cinderclient/tests/unit/fixture_data/base.py -> /home/ubuntu/miniconda/envs/_build/lib/python2.7/site-packages/cinderclient/tests/unit/fixture_data
copying build/lib/cinderclient/tests/unit/test_utils.py -> /home/ubuntu/miniconda/envs/_build/lib/python2.7/site-packages/cinderclient/tests/unit
creating /home/ubuntu/miniconda/envs/_build/lib/python2.7/site-packages/cinderclient/tests/functional
copying build/lib/cinderclient/tests/functional/test_readonly_cli.py -> /home/ubuntu/miniconda/envs/_build/lib/python2.7/site-packages/cinderclient/tests/functional
copying build/lib/cinderclient/tests/functional/__init__.py -> /home/ubuntu/miniconda/envs/_build/lib/python2.7/site-packages/cinderclient/tests/functional
copying build/lib/cinderclient/tests/functional/base.py -> /home/ubuntu/miniconda/envs/_build/lib/python2.7/site-packages/cinderclient/tests/functional
copying build/lib/cinderclient/tests/__init__.py -> /home/ubuntu/miniconda/envs/_build/lib/python2.7/site-packages/cinderclient/tests
copying build/lib/cinderclient/client.py -> /home/ubuntu/miniconda/envs/_build/lib/python2.7/site-packages/cinderclient
copying build/lib/cinderclient/__init__.py -> /home/ubuntu/miniconda/envs/_build/lib/python2.7/site-packages/cinderclient
copying build/lib/cinderclient/auth_plugin.py -> /home/ubuntu/miniconda/envs/_build/lib/python2.7/site-packages/cinderclient
creating /home/ubuntu/miniconda/envs/_build/lib/python2.7/site-packages/cinderclient/openstack
creating /home/ubuntu/miniconda/envs/_build/lib/python2.7/site-packages/cinderclient/openstack/common
copying build/lib/cinderclient/openstack/common/gettextutils.py -> /home/ubuntu/miniconda/envs/_build/lib/python2.7/site-packages/cinderclient/openstack/common
copying build/lib/cinderclient/openstack/common/strutils.py -> /home/ubuntu/miniconda/envs/_build/lib/python2.7/site-packages/cinderclient/openstack/common
copying build/lib/cinderclient/openstack/common/__init__.py -> /home/ubuntu/miniconda/envs/_build/lib/python2.7/site-packages/cinderclient/openstack/common
creating /home/ubuntu/miniconda/envs/_build/lib/python2.7/site-packages/cinderclient/openstack/common/apiclient
copying build/lib/cinderclient/openstack/common/apiclient/fake_client.py -> /home/ubuntu/miniconda/envs/_build/lib/python2.7/site-packages/cinderclient/openstack/common/apiclient
copying build/lib/cinderclient/openstack/common/apiclient/client.py -> /home/ubuntu/miniconda/envs/_build/lib/python2.7/site-packages/cinderclient/openstack/common/apiclient
copying build/lib/cinderclient/openstack/common/apiclient/__init__.py -> /home/ubuntu/miniconda/envs/_build/lib/python2.7/site-packages/cinderclient/openstack/common/apiclient
copying build/lib/cinderclient/openstack/common/apiclient/auth.py -> /home/ubuntu/miniconda/envs/_build/lib/python2.7/site-packages/cinderclient/openstack/common/apiclient
copying build/lib/cinderclient/openstack/common/apiclient/base.py -> /home/ubuntu/miniconda/envs/_build/lib/python2.7/site-packages/cinderclient/openstack/common/apiclient
copying build/lib/cinderclient/openstack/common/apiclient/exceptions.py -> /home/ubuntu/miniconda/envs/_build/lib/python2.7/site-packages/cinderclient/openstack/common/apiclient
copying build/lib/cinderclient/openstack/common/importutils.py -> /home/ubuntu/miniconda/envs/_build/lib/python2.7/site-packages/cinderclient/openstack/common
copying build/lib/cinderclient/openstack/__init__.py -> /home/ubuntu/miniconda/envs/_build/lib/python2.7/site-packages/cinderclient/openstack
copying build/lib/cinderclient/service_catalog.py -> /home/ubuntu/miniconda/envs/_build/lib/python2.7/site-packages/cinderclient
copying build/lib/cinderclient/base.py -> /home/ubuntu/miniconda/envs/_build/lib/python2.7/site-packages/cinderclient
copying build/lib/cinderclient/extension.py -> /home/ubuntu/miniconda/envs/_build/lib/python2.7/site-packages/cinderclient
copying build/lib/cinderclient/exceptions.py -> /home/ubuntu/miniconda/envs/_build/lib/python2.7/site-packages/cinderclient
byte-compiling /home/ubuntu/miniconda/envs/_build/lib/python2.7/site-packages/cinderclient/utils.py to utils.pyc
byte-compiling /home/ubuntu/miniconda/envs/_build/lib/python2.7/site-packages/cinderclient/v1/qos_specs.py to qos_specs.pyc
byte-compiling /home/ubuntu/miniconda/envs/_build/lib/python2.7/site-packages/cinderclient/v1/volume_snapshots.py to volume_snapshots.pyc
byte-compiling /home/ubuntu/miniconda/envs/_build/lib/python2.7/site-packages/cinderclient/v1/availability_zones.py to availability_zones.pyc
byte-compiling /home/ubuntu/miniconda/envs/_build/lib/python2.7/site-packages/cinderclient/v1/volume_types.py to volume_types.pyc
byte-compiling /home/ubuntu/miniconda/envs/_build/lib/python2.7/site-packages/cinderclient/v1/limits.py to limits.pyc
byte-compiling /home/ubuntu/miniconda/envs/_build/lib/python2.7/site-packages/cinderclient/v1/volumes.py to volumes.pyc
byte-compiling /home/ubuntu/miniconda/envs/_build/lib/python2.7/site-packages/cinderclient/v1/quotas.py to quotas.pyc
byte-compiling /home/ubuntu/miniconda/envs/_build/lib/python2.7/site-packages/cinderclient/v1/services.py to services.pyc
byte-compiling /home/ubuntu/miniconda/envs/_build/lib/python2.7/site-packages/cinderclient/v1/volume_backups.py to volume_backups.pyc
byte-compiling /home/ubuntu/miniconda/envs/_build/lib/python2.7/site-packages/cinderclient/v1/volume_encryption_types.py to volume_encryption_types.pyc
byte-compiling /home/ubuntu/miniconda/envs/_build/lib/python2.7/site-packages/cinderclient/v1/shell.py to shell.pyc
byte-compiling /home/ubuntu/miniconda/envs/_build/lib/python2.7/site-packages/cinderclient/v1/contrib/list_extensions.py to list_extensions.pyc
byte-compiling /home/ubuntu/miniconda/envs/_build/lib/python2.7/site-packages/cinderclient/v1/contrib/__init__.py to __init__.pyc
byte-compiling /home/ubuntu/miniconda/envs/_build/lib/python2.7/site-packages/cinderclient/v1/volume_backups_restore.py to volume_backups_restore.pyc
byte-compiling /home/ubuntu/miniconda/envs/_build/lib/python2.7/site-packages/cinderclient/v1/client.py to client.pyc
byte-compiling /home/ubuntu/miniconda/envs/_build/lib/python2.7/site-packages/cinderclient/v1/__init__.py to __init__.pyc
byte-compiling /home/ubuntu/miniconda/envs/_build/lib/python2.7/site-packages/cinderclient/v1/quota_classes.py to quota_classes.pyc
byte-compiling /home/ubuntu/miniconda/envs/_build/lib/python2.7/site-packages/cinderclient/v1/volume_transfers.py to volume_transfers.pyc
byte-compiling /home/ubuntu/miniconda/envs/_build/lib/python2.7/site-packages/cinderclient/v2/qos_specs.py to qos_specs.pyc
byte-compiling /home/ubuntu/miniconda/envs/_build/lib/python2.7/site-packages/cinderclient/v2/volume_snapshots.py to volume_snapshots.pyc
byte-compiling /home/ubuntu/miniconda/envs/_build/lib/python2.7/site-packages/cinderclient/v2/availability_zones.py to availability_zones.pyc
byte-compiling /home/ubuntu/miniconda/envs/_build/lib/python2.7/site-packages/cinderclient/v2/volume_types.py to volume_types.pyc
byte-compiling /home/ubuntu/miniconda/envs/_build/lib/python2.7/site-packages/cinderclient/v2/limits.py to limits.pyc
byte-compiling /home/ubuntu/miniconda/envs/_build/lib/python2.7/site-packages/cinderclient/v2/volumes.py to volumes.pyc
byte-compiling /home/ubuntu/miniconda/envs/_build/lib/python2.7/site-packages/cinderclient/v2/quotas.py to quotas.pyc
byte-compiling /home/ubuntu/miniconda/envs/_build/lib/python2.7/site-packages/cinderclient/v2/volume_type_access.py to volume_type_access.pyc
byte-compiling /home/ubuntu/miniconda/envs/_build/lib/python2.7/site-packages/cinderclient/v2/services.py to services.pyc
byte-compiling /home/ubuntu/miniconda/envs/_build/lib/python2.7/site-packages/cinderclient/v2/volume_backups.py to volume_backups.pyc
byte-compiling /home/ubuntu/miniconda/envs/_build/lib/python2.7/site-packages/cinderclient/v2/volume_encryption_types.py to volume_encryption_types.pyc
byte-compiling /home/ubuntu/miniconda/envs/_build/lib/python2.7/site-packages/cinderclient/v2/shell.py to shell.pyc
byte-compiling /home/ubuntu/miniconda/envs/_build/lib/python2.7/site-packages/cinderclient/v2/contrib/list_extensions.py to list_extensions.pyc
byte-compiling /home/ubuntu/miniconda/envs/_build/lib/python2.7/site-packages/cinderclient/v2/contrib/__init__.py to __init__.pyc
byte-compiling /home/ubuntu/miniconda/envs/_build/lib/python2.7/site-packages/cinderclient/v2/volume_backups_restore.py to volume_backups_restore.pyc
byte-compiling /home/ubuntu/miniconda/envs/_build/lib/python2.7/site-packages/cinderclient/v2/cgsnapshots.py to cgsnapshots.pyc
byte-compiling /home/ubuntu/miniconda/envs/_build/lib/python2.7/site-packages/cinderclient/v2/pools.py to pools.pyc
byte-compiling /home/ubuntu/miniconda/envs/_build/lib/python2.7/site-packages/cinderclient/v2/client.py to client.pyc
byte-compiling /home/ubuntu/miniconda/envs/_build/lib/python2.7/site-packages/cinderclient/v2/__init__.py to __init__.pyc
byte-compiling /home/ubuntu/miniconda/envs/_build/lib/python2.7/site-packages/cinderclient/v2/quota_classes.py to quota_classes.pyc
byte-compiling /home/ubuntu/miniconda/envs/_build/lib/python2.7/site-packages/cinderclient/v2/volume_transfers.py to volume_transfers.pyc
byte-compiling /home/ubuntu/miniconda/envs/_build/lib/python2.7/site-packages/cinderclient/v2/consistencygroups.py to consistencygroups.pyc
byte-compiling /home/ubuntu/miniconda/envs/_build/lib/python2.7/site-packages/cinderclient/shell.py to shell.pyc
byte-compiling /home/ubuntu/miniconda/envs/_build/lib/python2.7/site-packages/cinderclient/tests/unit/fakes.py to fakes.pyc
byte-compiling /home/ubuntu/miniconda/envs/_build/lib/python2.7/site-packages/cinderclient/tests/unit/utils.py to utils.pyc
byte-compiling /home/ubuntu/miniconda/envs/_build/lib/python2.7/site-packages/cinderclient/tests/unit/v1/test_snapshot_actions.py to test_snapshot_actions.pyc
byte-compiling /home/ubuntu/miniconda/envs/_build/lib/python2.7/site-packages/cinderclient/tests/unit/v1/fakes.py to fakes.pyc
byte-compiling /home/ubuntu/miniconda/envs/_build/lib/python2.7/site-packages/cinderclient/tests/unit/v1/test_volume_transfers.py to test_volume_transfers.pyc
byte-compiling /home/ubuntu/miniconda/envs/_build/lib/python2.7/site-packages/cinderclient/tests/unit/v1/test_types.py to test_types.pyc
byte-compiling /home/ubuntu/miniconda/envs/_build/lib/python2.7/site-packages/cinderclient/tests/unit/v1/test_qos.py to test_qos.pyc
byte-compiling /home/ubuntu/miniconda/envs/_build/lib/python2.7/site-packages/cinderclient/tests/unit/v1/test_quotas.py to test_quotas.pyc
byte-compiling /home/ubuntu/miniconda/envs/_build/lib/python2.7/site-packages/cinderclient/tests/unit/v1/test_quota_classes.py to test_quota_classes.pyc
byte-compiling /home/ubuntu/miniconda/envs/_build/lib/python2.7/site-packages/cinderclient/tests/unit/v1/test_volume_backups.py to test_volume_backups.pyc
byte-compiling /home/ubuntu/miniconda/envs/_build/lib/python2.7/site-packages/cinderclient/tests/unit/v1/test_shell.py to test_shell.pyc
byte-compiling /home/ubuntu/miniconda/envs/_build/lib/python2.7/site-packages/cinderclient/tests/unit/v1/test_volume_encryption_types.py to test_volume_encryption_types.pyc
byte-compiling /home/ubuntu/miniconda/envs/_build/lib/python2.7/site-packages/cinderclient/tests/unit/v1/contrib/test_list_extensions.py to test_list_extensions.pyc
byte-compiling /home/ubuntu/miniconda/envs/_build/lib/python2.7/site-packages/cinderclient/tests/unit/v1/contrib/__init__.py to __init__.pyc
byte-compiling /home/ubuntu/miniconda/envs/_build/lib/python2.7/site-packages/cinderclient/tests/unit/v1/test_availability_zone.py to test_availability_zone.pyc
byte-compiling /home/ubuntu/miniconda/envs/_build/lib/python2.7/site-packages/cinderclient/tests/unit/v1/__init__.py to __init__.pyc
byte-compiling /home/ubuntu/miniconda/envs/_build/lib/python2.7/site-packages/cinderclient/tests/unit/v1/test_limits.py to test_limits.pyc
byte-compiling /home/ubuntu/miniconda/envs/_build/lib/python2.7/site-packages/cinderclient/tests/unit/v1/test_auth.py to test_auth.pyc
byte-compiling /home/ubuntu/miniconda/envs/_build/lib/python2.7/site-packages/cinderclient/tests/unit/v1/test_volumes.py to test_volumes.pyc
byte-compiling /home/ubuntu/miniconda/envs/_build/lib/python2.7/site-packages/cinderclient/tests/unit/v1/test_services.py to test_services.pyc
byte-compiling /home/ubuntu/miniconda/envs/_build/lib/python2.7/site-packages/cinderclient/tests/unit/v2/test_snapshot_actions.py to test_snapshot_actions.pyc
byte-compiling /home/ubuntu/miniconda/envs/_build/lib/python2.7/site-packages/cinderclient/tests/unit/v2/fakes.py to fakes.pyc
byte-compiling /home/ubuntu/miniconda/envs/_build/lib/python2.7/site-packages/cinderclient/tests/unit/v2/test_volume_transfers.py to test_volume_transfers.pyc
byte-compiling /home/ubuntu/miniconda/envs/_build/lib/python2.7/site-packages/cinderclient/tests/unit/v2/test_types.py to test_types.pyc
byte-compiling /home/ubuntu/miniconda/envs/_build/lib/python2.7/site-packages/cinderclient/tests/unit/v2/test_type_access.py to test_type_access.pyc
byte-compiling /home/ubuntu/miniconda/envs/_build/lib/python2.7/site-packages/cinderclient/tests/unit/v2/test_qos.py to test_qos.pyc
byte-compiling /home/ubuntu/miniconda/envs/_build/lib/python2.7/site-packages/cinderclient/tests/unit/v2/test_quotas.py to test_quotas.pyc
byte-compiling /home/ubuntu/miniconda/envs/_build/lib/python2.7/site-packages/cinderclient/tests/unit/v2/test_quota_classes.py to test_quota_classes.pyc
byte-compiling /home/ubuntu/miniconda/envs/_build/lib/python2.7/site-packages/cinderclient/tests/unit/v2/test_pools.py to test_pools.pyc
byte-compiling /home/ubuntu/miniconda/envs/_build/lib/python2.7/site-packages/cinderclient/tests/unit/v2/test_volume_backups.py to test_volume_backups.pyc
byte-compiling /home/ubuntu/miniconda/envs/_build/lib/python2.7/site-packages/cinderclient/tests/unit/v2/test_shell.py to test_shell.pyc
byte-compiling /home/ubuntu/miniconda/envs/_build/lib/python2.7/site-packages/cinderclient/tests/unit/v2/test_consistencygroups.py to test_consistencygroups.pyc
byte-compiling /home/ubuntu/miniconda/envs/_build/lib/python2.7/site-packages/cinderclient/tests/unit/v2/test_volume_encryption_types.py to test_volume_encryption_types.pyc
byte-compiling /home/ubuntu/miniconda/envs/_build/lib/python2.7/site-packages/cinderclient/tests/unit/v2/contrib/test_list_extensions.py to test_list_extensions.pyc
byte-compiling /home/ubuntu/miniconda/envs/_build/lib/python2.7/site-packages/cinderclient/tests/unit/v2/contrib/__init__.py to __init__.pyc
byte-compiling /home/ubuntu/miniconda/envs/_build/lib/python2.7/site-packages/cinderclient/tests/unit/v2/test_cgsnapshots.py to test_cgsnapshots.pyc
byte-compiling /home/ubuntu/miniconda/envs/_build/lib/python2.7/site-packages/cinderclient/tests/unit/v2/test_availability_zone.py to test_availability_zone.pyc
byte-compiling /home/ubuntu/miniconda/envs/_build/lib/python2.7/site-packages/cinderclient/tests/unit/v2/__init__.py to __init__.pyc
byte-compiling /home/ubuntu/miniconda/envs/_build/lib/python2.7/site-packages/cinderclient/tests/unit/v2/test_limits.py to test_limits.pyc
byte-compiling /home/ubuntu/miniconda/envs/_build/lib/python2.7/site-packages/cinderclient/tests/unit/v2/test_auth.py to test_auth.pyc
byte-compiling /home/ubuntu/miniconda/envs/_build/lib/python2.7/site-packages/cinderclient/tests/unit/v2/test_volumes.py to test_volumes.pyc
byte-compiling /home/ubuntu/miniconda/envs/_build/lib/python2.7/site-packages/cinderclient/tests/unit/v2/test_services.py to test_services.pyc
byte-compiling /home/ubuntu/miniconda/envs/_build/lib/python2.7/site-packages/cinderclient/tests/unit/test_service_catalog.py to test_service_catalog.pyc
byte-compiling /home/ubuntu/miniconda/envs/_build/lib/python2.7/site-packages/cinderclient/tests/unit/test_shell.py to test_shell.pyc
byte-compiling /home/ubuntu/miniconda/envs/_build/lib/python2.7/site-packages/cinderclient/tests/unit/test_client.py to test_client.pyc
byte-compiling /home/ubuntu/miniconda/envs/_build/lib/python2.7/site-packages/cinderclient/tests/unit/test_base.py to test_base.pyc
byte-compiling /home/ubuntu/miniconda/envs/_build/lib/python2.7/site-packages/cinderclient/tests/unit/test_http.py to test_http.pyc
byte-compiling /home/ubuntu/miniconda/envs/_build/lib/python2.7/site-packages/cinderclient/tests/unit/__init__.py to __init__.pyc
byte-compiling /home/ubuntu/miniconda/envs/_build/lib/python2.7/site-packages/cinderclient/tests/unit/test_auth_plugins.py to test_auth_plugins.pyc
byte-compiling /home/ubuntu/miniconda/envs/_build/lib/python2.7/site-packages/cinderclient/tests/unit/fixture_data/availability_zones.py to availability_zones.pyc
byte-compiling /home/ubuntu/miniconda/envs/_build/lib/python2.7/site-packages/cinderclient/tests/unit/fixture_data/client.py to client.pyc
byte-compiling /home/ubuntu/miniconda/envs/_build/lib/python2.7/site-packages/cinderclient/tests/unit/fixture_data/__init__.py to __init__.pyc
byte-compiling /home/ubuntu/miniconda/envs/_build/lib/python2.7/site-packages/cinderclient/tests/unit/fixture_data/keystone_client.py to keystone_client.pyc
byte-compiling /home/ubuntu/miniconda/envs/_build/lib/python2.7/site-packages/cinderclient/tests/unit/fixture_data/snapshots.py to snapshots.pyc
byte-compiling /home/ubuntu/miniconda/envs/_build/lib/python2.7/site-packages/cinderclient/tests/unit/fixture_data/base.py to base.pyc
byte-compiling /home/ubuntu/miniconda/envs/_build/lib/python2.7/site-packages/cinderclient/tests/unit/test_utils.py to test_utils.pyc
byte-compiling /home/ubuntu/miniconda/envs/_build/lib/python2.7/site-packages/cinderclient/tests/functional/test_readonly_cli.py to test_readonly_cli.pyc
byte-compiling /home/ubuntu/miniconda/envs/_build/lib/python2.7/site-packages/cinderclient/tests/functional/__init__.py to __init__.pyc
byte-compiling /home/ubuntu/miniconda/envs/_build/lib/python2.7/site-packages/cinderclient/tests/functional/base.py to base.pyc
byte-compiling /home/ubuntu/miniconda/envs/_build/lib/python2.7/site-packages/cinderclient/tests/__init__.py to __init__.pyc
byte-compiling /home/ubuntu/miniconda/envs/_build/lib/python2.7/site-packages/cinderclient/client.py to client.pyc
byte-compiling /home/ubuntu/miniconda/envs/_build/lib/python2.7/site-packages/cinderclient/__init__.py to __init__.pyc
byte-compiling /home/ubuntu/miniconda/envs/_build/lib/python2.7/site-packages/cinderclient/auth_plugin.py to auth_plugin.pyc
byte-compiling /home/ubuntu/miniconda/envs/_build/lib/python2.7/site-packages/cinderclient/openstack/common/gettextutils.py to gettextutils.pyc
byte-compiling /home/ubuntu/miniconda/envs/_build/lib/python2.7/site-packages/cinderclient/openstack/common/strutils.py to strutils.pyc
byte-compiling /home/ubuntu/miniconda/envs/_build/lib/python2.7/site-packages/cinderclient/openstack/common/__init__.py to __init__.pyc
byte-compiling /home/ubuntu/miniconda/envs/_build/lib/python2.7/site-packages/cinderclient/openstack/common/apiclient/fake_client.py to fake_client.pyc
byte-compiling /home/ubuntu/miniconda/envs/_build/lib/python2.7/site-packages/cinderclient/openstack/common/apiclient/client.py to client.pyc
byte-compiling /home/ubuntu/miniconda/envs/_build/lib/python2.7/site-packages/cinderclient/openstack/common/apiclient/__init__.py to __init__.pyc
byte-compiling /home/ubuntu/miniconda/envs/_build/lib/python2.7/site-packages/cinderclient/openstack/common/apiclient/auth.py to auth.pyc
byte-compiling /home/ubuntu/miniconda/envs/_build/lib/python2.7/site-packages/cinderclient/openstack/common/apiclient/base.py to base.pyc
byte-compiling /home/ubuntu/miniconda/envs/_build/lib/python2.7/site-packages/cinderclient/openstack/common/apiclient/exceptions.py to exceptions.pyc
byte-compiling /home/ubuntu/miniconda/envs/_build/lib/python2.7/site-packages/cinderclient/openstack/common/importutils.py to importutils.pyc
byte-compiling /home/ubuntu/miniconda/envs/_build/lib/python2.7/site-packages/cinderclient/openstack/__init__.py to __init__.pyc
byte-compiling /home/ubuntu/miniconda/envs/_build/lib/python2.7/site-packages/cinderclient/service_catalog.py to service_catalog.pyc
byte-compiling /home/ubuntu/miniconda/envs/_build/lib/python2.7/site-packages/cinderclient/base.py to base.pyc
byte-compiling /home/ubuntu/miniconda/envs/_build/lib/python2.7/site-packages/cinderclient/extension.py to extension.pyc
byte-compiling /home/ubuntu/miniconda/envs/_build/lib/python2.7/site-packages/cinderclient/exceptions.py to exceptions.pyc
running install_egg_info
Copying python_cinderclient.egg-info to /home/ubuntu/miniconda/envs/_build/lib/python2.7/site-packages/python_cinderclient-1.2.1-py2.7.egg-info
running install_scripts
Installing cinder script to /home/ubuntu/miniconda/envs/_build/bin

The following NEW packages will be INSTALLED:

    openssl:    1.0.1k-1    
    pbr:        1.0.1-py27_0
    pip:        6.1.1-py27_0
    python:     2.7.9-3     
    readline:   6.2-2       
    setuptools: 16.0-py27_0 
    sqlite:     3.8.4.1-1   
    system:     5.8-2       
    tk:         8.5.18-0    
    zlib:       1.2.8-0     

Linking packages ...
[                    ]|                                                  |   0%[openssl             ]|                                                  |   0%[readline            ]|#####                                             |  10%[sqlite              ]|##########                                        |  20%[system              ]|###############                                   |  30%[tk                  ]|####################                              |  40%[zlib                ]|#########################                         |  50%[python              ]|##############################                    |  60%[setuptools          ]|###################################               |  70%[pbr                 ]|########################################          |  80%[pip                 ]|#############################################     |  90%[      COMPLETE      ]|##################################################| 100%
Removing old work directory
Source cache directory is: /home/ubuntu/miniconda/conda-bld/src_cache
Found source in cache: python-cinderclient-1.2.1.tar.gz
Extracting download
Package: python-cinderclient-1.2.1-py27_0
source tree in: /home/ubuntu/miniconda/conda-bld/work/python-cinderclient-1.2.1
number of files: 250
Fixing permissions
Detected hard-coded path in text file bin/cinder
Fixing permissions
BUILD END: python-cinderclient-1.2.1-py27_0
Nothing to test for: python-cinderclient-1.2.1-py27_0
# If you want to upload this package to binstar.org later, type:
#
# $ binstar upload /home/ubuntu/miniconda/conda-bld/linux-64/python-cinderclient-1.2.1-py27_0.tar.bz2
#
# To have conda build upload to binstar automatically, use
# $ conda config --set binstar_upload yes

