Package search: {'_pypi_ordering': False, 'version': '2.0.5', 'name': 'python-daemon', 'summary': 'Library to implement a well-behaved Unix daemon process.'}
Fetching package metadata: ....
Removing old build directory
Removing old work directory
BUILD START: python-daemon-2.0.5-py27_0
Fetching package metadata: ......
Solving package specifications: .+ pip install python-daemon
Collecting python-daemon
  Downloading http://localhost/packages/3.4/p/python-daemon/python_daemon-2.0.5-py2.py3-none-any.whl
Requirement already satisfied (use --upgrade to upgrade): docutils in /home/ubuntu/miniconda/envs/_build/lib/python2.7/site-packages (from python-daemon)
Requirement already satisfied (use --upgrade to upgrade): setuptools in /home/ubuntu/miniconda/envs/_build/lib/python2.7/site-packages/setuptools-17.0-py2.7.egg (from python-daemon)
Requirement already satisfied (use --upgrade to upgrade): lockfile>=0.10 in /home/ubuntu/miniconda/envs/_build/lib/python2.7/site-packages (from python-daemon)
Installing collected packages: python-daemon
Successfully installed python-daemon-2.0.5

The following NEW packages will be INSTALLED:

    docutils:   0.12-py27_0  
    lockfile:   0.10.2-py27_0
    openssl:    1.0.1k-1     
    pbr:        1.1.0-py_0   
    pip:        7.0.3-py27_0 
    python:     2.7.10-0     
    readline:   6.2-2        
    setuptools: 17.0-py27_0  
    sqlite:     3.8.4.1-1    
    system:     5.8-2        
    tk:         8.5.18-0     
    zlib:       1.2.8-0      

Linking packages ...
[                    ]|                                                  |   0%[openssl             ]|                                                  |   0%[readline            ]|####                                              |   8%[sqlite              ]|########                                          |  16%[system              ]|############                                      |  25%[tk                  ]|################                                  |  33%[zlib                ]|####################                              |  41%[docutils            ]|#########################                         |  50%[python              ]|#############################                     |  58%[setuptools          ]|#################################                 |  66%[pbr                 ]|#####################################             |  75%[pip                 ]|#########################################         |  83%[lockfile            ]|#############################################     |  91%[      COMPLETE      ]|##################################################| 100%
Removing old work directory
Copying /home/ubuntu/pypi-conda-builds/python-daemon to /home/ubuntu/miniconda/conda-bld/work
Package: python-daemon-2.0.5-py27_0
source tree in: /home/ubuntu/miniconda/conda-bld/work
compiling .pyc files...
number of files: 54
Fixing permissions
Fixing permissions
BUILD END: python-daemon-2.0.5-py27_0
# If you want to upload this package to binstar.org later, type:
#
# $ binstar upload /home/ubuntu/miniconda/conda-bld/linux-64/python-daemon-2.0.5-py27_0.tar.bz2
#
# To have conda build upload to binstar automatically, use
# $ conda config --set binstar_upload yes

Creating standard recipe for python-daemon-2.0.5
Converting recipe in /home/ubuntu/pypi-conda-builds/python-daemon
package = python-daemon
   dependencies = [u'docutils', u'lockfile >=0.10']
Building conda package for python-daemon
