Warning, the following versions were found for python-openstackclient
1.3.0
1.2.0
1.1.0
1.0.4
1.0.3
1.0.2
1.0.1
1.0.0
0.4.1
0.4.0
0.3.1
0.3.0
0.2.2
0.2.1
0.2.0
0.1.51
Using 1.3.0
Use --version to specify a different version.
Using url https://pypi.python.org/packages/source/p/python-openstackclient/python-openstackclient-1.3.0.tar.gz (213 KB) for python-openstackclient.
Downloading python-openstackclient (use --no-download to skip this step)
Using cached download
Unpacking python-openstackclient...
done
working in /tmp/tmpcjLzDwconda_skeleton_python-openstackclient-1.3.0.tar.gz
Fetching package metadata: ......
Solving package specifications: .patching file core.py
Hunk #1 succeeded at 168 with fuzz 2 (offset 2 lines).

Applying patch: '/tmp/tmpcjLzDwconda_skeleton_python-openstackclient-1.3.0.tar.gz/pypi-distutils.patch'
Writing recipe for python-openstackclient
Done
