Warning, the following versions were found for python-designateclient
1.2.0
1.1.1
1.1.0
1.0.3
1.0.2
1.0.1
1.0.0
0.0.5
0.0.4
2013.1.a8.g3a2a320
Using 1.2.0
Use --version to specify a different version.
Using url https://pypi.python.org/packages/source/p/python-designateclient/python-designateclient-1.2.0.tar.gz (32 KB) for python-designateclient.
Downloading python-designateclient (use --no-download to skip this step)
Using cached download
Unpacking python-designateclient...
done
working in /tmp/tmpgKY75tconda_skeleton_python-designateclient-1.2.0.tar.gz
Fetching package metadata: ......
Solving package specifications: .patching file core.py
Hunk #1 succeeded at 168 with fuzz 2 (offset 2 lines).
Traceback (most recent call last):
  File "setup.py", line 18, in <module>
    import setuptools
ImportError: No module named setuptools

Applying patch: '/tmp/tmpgKY75tconda_skeleton_python-designateclient-1.2.0.tar.gz/pypi-distutils.patch'
$PYTHONPATH = /tmp/tmpgKY75tconda_skeleton_python-designateclient-1.2.0.tar.gz/python-designateclient-1.2.0
Error: command failed: /home/ubuntu/miniconda/envs/_build/bin/python setup.py install
