Removing old build directory
Removing old work directory
BUILD START: python-troveclient-1.1.0-py27_0
Fetching package metadata: ......
Solving package specifications: .+ /home/ubuntu/miniconda/envs/_build/bin/python setup.py install
running install
running build
running build_py
creating build
creating build/lib
creating build/lib/troveclient
creating build/lib/troveclient/v1
copying troveclient/v1/management.py -> build/lib/troveclient/v1
copying troveclient/v1/storage.py -> build/lib/troveclient/v1
copying troveclient/v1/limits.py -> build/lib/troveclient/v1
copying troveclient/v1/users.py -> build/lib/troveclient/v1
copying troveclient/v1/security_groups.py -> build/lib/troveclient/v1
copying troveclient/v1/hosts.py -> build/lib/troveclient/v1
copying troveclient/v1/shell.py -> build/lib/troveclient/v1
copying troveclient/v1/quota.py -> build/lib/troveclient/v1
copying troveclient/v1/clusters.py -> build/lib/troveclient/v1
copying troveclient/v1/datastores.py -> build/lib/troveclient/v1
copying troveclient/v1/root.py -> build/lib/troveclient/v1
copying troveclient/v1/configurations.py -> build/lib/troveclient/v1
copying troveclient/v1/instances.py -> build/lib/troveclient/v1
copying troveclient/v1/databases.py -> build/lib/troveclient/v1
copying troveclient/v1/client.py -> build/lib/troveclient/v1
copying troveclient/v1/__init__.py -> build/lib/troveclient/v1
copying troveclient/v1/flavors.py -> build/lib/troveclient/v1
copying troveclient/v1/backups.py -> build/lib/troveclient/v1
copying troveclient/v1/accounts.py -> build/lib/troveclient/v1
copying troveclient/v1/metadata.py -> build/lib/troveclient/v1
copying troveclient/v1/diagnostics.py -> build/lib/troveclient/v1
creating build/lib/troveclient/compat
copying troveclient/compat/utils.py -> build/lib/troveclient/compat
copying troveclient/compat/cli.py -> build/lib/troveclient/compat
copying troveclient/compat/mcli.py -> build/lib/troveclient/compat
copying troveclient/compat/versions.py -> build/lib/troveclient/compat
copying troveclient/compat/client.py -> build/lib/troveclient/compat
copying troveclient/compat/__init__.py -> build/lib/troveclient/compat
copying troveclient/compat/common.py -> build/lib/troveclient/compat
copying troveclient/compat/auth.py -> build/lib/troveclient/compat
copying troveclient/compat/base.py -> build/lib/troveclient/compat
copying troveclient/compat/exceptions.py -> build/lib/troveclient/compat
creating build/lib/troveclient/compat/tests
copying troveclient/compat/tests/test_common.py -> build/lib/troveclient/compat/tests
copying troveclient/compat/tests/__init__.py -> build/lib/troveclient/compat/tests
copying troveclient/compat/tests/test_auth.py -> build/lib/troveclient/compat/tests
creating build/lib/troveclient/openstack
creating build/lib/troveclient/openstack/common
creating build/lib/troveclient/openstack/common/apiclient
copying troveclient/openstack/common/apiclient/fake_client.py -> build/lib/troveclient/openstack/common/apiclient
copying troveclient/openstack/common/apiclient/client.py -> build/lib/troveclient/openstack/common/apiclient
copying troveclient/openstack/common/apiclient/__init__.py -> build/lib/troveclient/openstack/common/apiclient
copying troveclient/openstack/common/apiclient/auth.py -> build/lib/troveclient/openstack/common/apiclient
copying troveclient/openstack/common/apiclient/base.py -> build/lib/troveclient/openstack/common/apiclient
copying troveclient/openstack/common/apiclient/exceptions.py -> build/lib/troveclient/openstack/common/apiclient
copying troveclient/openstack/__init__.py -> build/lib/troveclient/openstack
copying troveclient/openstack/common/gettextutils.py -> build/lib/troveclient/openstack/common
copying troveclient/openstack/common/strutils.py -> build/lib/troveclient/openstack/common
copying troveclient/openstack/common/__init__.py -> build/lib/troveclient/openstack/common
copying troveclient/openstack/common/importutils.py -> build/lib/troveclient/openstack/common
creating build/lib/troveclient/tests
copying troveclient/tests/test_common.py -> build/lib/troveclient/tests
copying troveclient/tests/test_secgroups.py -> build/lib/troveclient/tests
copying troveclient/tests/test_datastores.py -> build/lib/troveclient/tests
copying troveclient/tests/test_management.py -> build/lib/troveclient/tests
copying troveclient/tests/test_shell.py -> build/lib/troveclient/tests
copying troveclient/tests/test_client.py -> build/lib/troveclient/tests
copying troveclient/tests/test_discover.py -> build/lib/troveclient/tests
copying troveclient/tests/test_metadata.py -> build/lib/troveclient/tests
copying troveclient/tests/test_accounts.py -> build/lib/troveclient/tests
copying troveclient/tests/test_base.py -> build/lib/troveclient/tests
copying troveclient/tests/test_instances.py -> build/lib/troveclient/tests
copying troveclient/tests/__init__.py -> build/lib/troveclient/tests
copying troveclient/tests/test_databases.py -> build/lib/troveclient/tests
copying troveclient/tests/test_backups.py -> build/lib/troveclient/tests
copying troveclient/tests/test_users.py -> build/lib/troveclient/tests
copying troveclient/tests/test_limits.py -> build/lib/troveclient/tests
copying troveclient/tests/test_utils.py -> build/lib/troveclient/tests
copying troveclient/tests/test_configurations.py -> build/lib/troveclient/tests
copying troveclient/tests/test_clusters.py -> build/lib/troveclient/tests
copying troveclient/utils.py -> build/lib/troveclient
copying troveclient/i18n.py -> build/lib/troveclient
copying troveclient/shell.py -> build/lib/troveclient
copying troveclient/client.py -> build/lib/troveclient
copying troveclient/__init__.py -> build/lib/troveclient
copying troveclient/auth_plugin.py -> build/lib/troveclient
copying troveclient/service_catalog.py -> build/lib/troveclient
copying troveclient/common.py -> build/lib/troveclient
copying troveclient/base.py -> build/lib/troveclient
copying troveclient/extension.py -> build/lib/troveclient
copying troveclient/exceptions.py -> build/lib/troveclient
running egg_info
writing requirements to python_troveclient.egg-info/requires.txt
writing python_troveclient.egg-info/PKG-INFO
writing top-level names to python_troveclient.egg-info/top_level.txt
writing dependency_links to python_troveclient.egg-info/dependency_links.txt
writing entry points to python_troveclient.egg-info/entry_points.txt
[pbr] Reusing existing SOURCES.txt
running install_lib
creating /home/ubuntu/miniconda/envs/_build/lib/python2.7/site-packages/troveclient
copying build/lib/troveclient/utils.py -> /home/ubuntu/miniconda/envs/_build/lib/python2.7/site-packages/troveclient
creating /home/ubuntu/miniconda/envs/_build/lib/python2.7/site-packages/troveclient/compat
copying build/lib/troveclient/compat/utils.py -> /home/ubuntu/miniconda/envs/_build/lib/python2.7/site-packages/troveclient/compat
copying build/lib/troveclient/compat/cli.py -> /home/ubuntu/miniconda/envs/_build/lib/python2.7/site-packages/troveclient/compat
copying build/lib/troveclient/compat/mcli.py -> /home/ubuntu/miniconda/envs/_build/lib/python2.7/site-packages/troveclient/compat
creating /home/ubuntu/miniconda/envs/_build/lib/python2.7/site-packages/troveclient/compat/tests
copying build/lib/troveclient/compat/tests/test_common.py -> /home/ubuntu/miniconda/envs/_build/lib/python2.7/site-packages/troveclient/compat/tests
copying build/lib/troveclient/compat/tests/__init__.py -> /home/ubuntu/miniconda/envs/_build/lib/python2.7/site-packages/troveclient/compat/tests
copying build/lib/troveclient/compat/tests/test_auth.py -> /home/ubuntu/miniconda/envs/_build/lib/python2.7/site-packages/troveclient/compat/tests
copying build/lib/troveclient/compat/versions.py -> /home/ubuntu/miniconda/envs/_build/lib/python2.7/site-packages/troveclient/compat
copying build/lib/troveclient/compat/client.py -> /home/ubuntu/miniconda/envs/_build/lib/python2.7/site-packages/troveclient/compat
copying build/lib/troveclient/compat/__init__.py -> /home/ubuntu/miniconda/envs/_build/lib/python2.7/site-packages/troveclient/compat
copying build/lib/troveclient/compat/common.py -> /home/ubuntu/miniconda/envs/_build/lib/python2.7/site-packages/troveclient/compat
copying build/lib/troveclient/compat/auth.py -> /home/ubuntu/miniconda/envs/_build/lib/python2.7/site-packages/troveclient/compat
copying build/lib/troveclient/compat/base.py -> /home/ubuntu/miniconda/envs/_build/lib/python2.7/site-packages/troveclient/compat
copying build/lib/troveclient/compat/exceptions.py -> /home/ubuntu/miniconda/envs/_build/lib/python2.7/site-packages/troveclient/compat
copying build/lib/troveclient/i18n.py -> /home/ubuntu/miniconda/envs/_build/lib/python2.7/site-packages/troveclient
creating /home/ubuntu/miniconda/envs/_build/lib/python2.7/site-packages/troveclient/v1
copying build/lib/troveclient/v1/management.py -> /home/ubuntu/miniconda/envs/_build/lib/python2.7/site-packages/troveclient/v1
copying build/lib/troveclient/v1/storage.py -> /home/ubuntu/miniconda/envs/_build/lib/python2.7/site-packages/troveclient/v1
copying build/lib/troveclient/v1/limits.py -> /home/ubuntu/miniconda/envs/_build/lib/python2.7/site-packages/troveclient/v1
copying build/lib/troveclient/v1/users.py -> /home/ubuntu/miniconda/envs/_build/lib/python2.7/site-packages/troveclient/v1
copying build/lib/troveclient/v1/security_groups.py -> /home/ubuntu/miniconda/envs/_build/lib/python2.7/site-packages/troveclient/v1
copying build/lib/troveclient/v1/hosts.py -> /home/ubuntu/miniconda/envs/_build/lib/python2.7/site-packages/troveclient/v1
copying build/lib/troveclient/v1/shell.py -> /home/ubuntu/miniconda/envs/_build/lib/python2.7/site-packages/troveclient/v1
copying build/lib/troveclient/v1/quota.py -> /home/ubuntu/miniconda/envs/_build/lib/python2.7/site-packages/troveclient/v1
copying build/lib/troveclient/v1/clusters.py -> /home/ubuntu/miniconda/envs/_build/lib/python2.7/site-packages/troveclient/v1
copying build/lib/troveclient/v1/datastores.py -> /home/ubuntu/miniconda/envs/_build/lib/python2.7/site-packages/troveclient/v1
copying build/lib/troveclient/v1/root.py -> /home/ubuntu/miniconda/envs/_build/lib/python2.7/site-packages/troveclient/v1
copying build/lib/troveclient/v1/configurations.py -> /home/ubuntu/miniconda/envs/_build/lib/python2.7/site-packages/troveclient/v1
copying build/lib/troveclient/v1/instances.py -> /home/ubuntu/miniconda/envs/_build/lib/python2.7/site-packages/troveclient/v1
copying build/lib/troveclient/v1/databases.py -> /home/ubuntu/miniconda/envs/_build/lib/python2.7/site-packages/troveclient/v1
copying build/lib/troveclient/v1/client.py -> /home/ubuntu/miniconda/envs/_build/lib/python2.7/site-packages/troveclient/v1
copying build/lib/troveclient/v1/__init__.py -> /home/ubuntu/miniconda/envs/_build/lib/python2.7/site-packages/troveclient/v1
copying build/lib/troveclient/v1/flavors.py -> /home/ubuntu/miniconda/envs/_build/lib/python2.7/site-packages/troveclient/v1
copying build/lib/troveclient/v1/backups.py -> /home/ubuntu/miniconda/envs/_build/lib/python2.7/site-packages/troveclient/v1
copying build/lib/troveclient/v1/accounts.py -> /home/ubuntu/miniconda/envs/_build/lib/python2.7/site-packages/troveclient/v1
copying build/lib/troveclient/v1/metadata.py -> /home/ubuntu/miniconda/envs/_build/lib/python2.7/site-packages/troveclient/v1
copying build/lib/troveclient/v1/diagnostics.py -> /home/ubuntu/miniconda/envs/_build/lib/python2.7/site-packages/troveclient/v1
copying build/lib/troveclient/shell.py -> /home/ubuntu/miniconda/envs/_build/lib/python2.7/site-packages/troveclient
creating /home/ubuntu/miniconda/envs/_build/lib/python2.7/site-packages/troveclient/tests
copying build/lib/troveclient/tests/test_common.py -> /home/ubuntu/miniconda/envs/_build/lib/python2.7/site-packages/troveclient/tests
copying build/lib/troveclient/tests/test_secgroups.py -> /home/ubuntu/miniconda/envs/_build/lib/python2.7/site-packages/troveclient/tests
copying build/lib/troveclient/tests/test_datastores.py -> /home/ubuntu/miniconda/envs/_build/lib/python2.7/site-packages/troveclient/tests
copying build/lib/troveclient/tests/test_management.py -> /home/ubuntu/miniconda/envs/_build/lib/python2.7/site-packages/troveclient/tests
copying build/lib/troveclient/tests/test_shell.py -> /home/ubuntu/miniconda/envs/_build/lib/python2.7/site-packages/troveclient/tests
copying build/lib/troveclient/tests/test_client.py -> /home/ubuntu/miniconda/envs/_build/lib/python2.7/site-packages/troveclient/tests
copying build/lib/troveclient/tests/test_discover.py -> /home/ubuntu/miniconda/envs/_build/lib/python2.7/site-packages/troveclient/tests
copying build/lib/troveclient/tests/test_metadata.py -> /home/ubuntu/miniconda/envs/_build/lib/python2.7/site-packages/troveclient/tests
copying build/lib/troveclient/tests/test_accounts.py -> /home/ubuntu/miniconda/envs/_build/lib/python2.7/site-packages/troveclient/tests
copying build/lib/troveclient/tests/test_base.py -> /home/ubuntu/miniconda/envs/_build/lib/python2.7/site-packages/troveclient/tests
copying build/lib/troveclient/tests/test_instances.py -> /home/ubuntu/miniconda/envs/_build/lib/python2.7/site-packages/troveclient/tests
copying build/lib/troveclient/tests/__init__.py -> /home/ubuntu/miniconda/envs/_build/lib/python2.7/site-packages/troveclient/tests
copying build/lib/troveclient/tests/test_databases.py -> /home/ubuntu/miniconda/envs/_build/lib/python2.7/site-packages/troveclient/tests
copying build/lib/troveclient/tests/test_backups.py -> /home/ubuntu/miniconda/envs/_build/lib/python2.7/site-packages/troveclient/tests
copying build/lib/troveclient/tests/test_users.py -> /home/ubuntu/miniconda/envs/_build/lib/python2.7/site-packages/troveclient/tests
copying build/lib/troveclient/tests/test_limits.py -> /home/ubuntu/miniconda/envs/_build/lib/python2.7/site-packages/troveclient/tests
copying build/lib/troveclient/tests/test_utils.py -> /home/ubuntu/miniconda/envs/_build/lib/python2.7/site-packages/troveclient/tests
copying build/lib/troveclient/tests/test_configurations.py -> /home/ubuntu/miniconda/envs/_build/lib/python2.7/site-packages/troveclient/tests
copying build/lib/troveclient/tests/test_clusters.py -> /home/ubuntu/miniconda/envs/_build/lib/python2.7/site-packages/troveclient/tests
copying build/lib/troveclient/client.py -> /home/ubuntu/miniconda/envs/_build/lib/python2.7/site-packages/troveclient
copying build/lib/troveclient/__init__.py -> /home/ubuntu/miniconda/envs/_build/lib/python2.7/site-packages/troveclient
copying build/lib/troveclient/auth_plugin.py -> /home/ubuntu/miniconda/envs/_build/lib/python2.7/site-packages/troveclient
creating /home/ubuntu/miniconda/envs/_build/lib/python2.7/site-packages/troveclient/openstack
creating /home/ubuntu/miniconda/envs/_build/lib/python2.7/site-packages/troveclient/openstack/common
copying build/lib/troveclient/openstack/common/gettextutils.py -> /home/ubuntu/miniconda/envs/_build/lib/python2.7/site-packages/troveclient/openstack/common
copying build/lib/troveclient/openstack/common/strutils.py -> /home/ubuntu/miniconda/envs/_build/lib/python2.7/site-packages/troveclient/openstack/common
copying build/lib/troveclient/openstack/common/__init__.py -> /home/ubuntu/miniconda/envs/_build/lib/python2.7/site-packages/troveclient/openstack/common
creating /home/ubuntu/miniconda/envs/_build/lib/python2.7/site-packages/troveclient/openstack/common/apiclient
copying build/lib/troveclient/openstack/common/apiclient/fake_client.py -> /home/ubuntu/miniconda/envs/_build/lib/python2.7/site-packages/troveclient/openstack/common/apiclient
copying build/lib/troveclient/openstack/common/apiclient/client.py -> /home/ubuntu/miniconda/envs/_build/lib/python2.7/site-packages/troveclient/openstack/common/apiclient
copying build/lib/troveclient/openstack/common/apiclient/__init__.py -> /home/ubuntu/miniconda/envs/_build/lib/python2.7/site-packages/troveclient/openstack/common/apiclient
copying build/lib/troveclient/openstack/common/apiclient/auth.py -> /home/ubuntu/miniconda/envs/_build/lib/python2.7/site-packages/troveclient/openstack/common/apiclient
copying build/lib/troveclient/openstack/common/apiclient/base.py -> /home/ubuntu/miniconda/envs/_build/lib/python2.7/site-packages/troveclient/openstack/common/apiclient
copying build/lib/troveclient/openstack/common/apiclient/exceptions.py -> /home/ubuntu/miniconda/envs/_build/lib/python2.7/site-packages/troveclient/openstack/common/apiclient
copying build/lib/troveclient/openstack/common/importutils.py -> /home/ubuntu/miniconda/envs/_build/lib/python2.7/site-packages/troveclient/openstack/common
copying build/lib/troveclient/openstack/__init__.py -> /home/ubuntu/miniconda/envs/_build/lib/python2.7/site-packages/troveclient/openstack
copying build/lib/troveclient/service_catalog.py -> /home/ubuntu/miniconda/envs/_build/lib/python2.7/site-packages/troveclient
copying build/lib/troveclient/common.py -> /home/ubuntu/miniconda/envs/_build/lib/python2.7/site-packages/troveclient
copying build/lib/troveclient/base.py -> /home/ubuntu/miniconda/envs/_build/lib/python2.7/site-packages/troveclient
copying build/lib/troveclient/extension.py -> /home/ubuntu/miniconda/envs/_build/lib/python2.7/site-packages/troveclient
copying build/lib/troveclient/exceptions.py -> /home/ubuntu/miniconda/envs/_build/lib/python2.7/site-packages/troveclient
byte-compiling /home/ubuntu/miniconda/envs/_build/lib/python2.7/site-packages/troveclient/utils.py to utils.pyc
byte-compiling /home/ubuntu/miniconda/envs/_build/lib/python2.7/site-packages/troveclient/compat/utils.py to utils.pyc
byte-compiling /home/ubuntu/miniconda/envs/_build/lib/python2.7/site-packages/troveclient/compat/cli.py to cli.pyc
byte-compiling /home/ubuntu/miniconda/envs/_build/lib/python2.7/site-packages/troveclient/compat/mcli.py to mcli.pyc
byte-compiling /home/ubuntu/miniconda/envs/_build/lib/python2.7/site-packages/troveclient/compat/tests/test_common.py to test_common.pyc
byte-compiling /home/ubuntu/miniconda/envs/_build/lib/python2.7/site-packages/troveclient/compat/tests/__init__.py to __init__.pyc
byte-compiling /home/ubuntu/miniconda/envs/_build/lib/python2.7/site-packages/troveclient/compat/tests/test_auth.py to test_auth.pyc
byte-compiling /home/ubuntu/miniconda/envs/_build/lib/python2.7/site-packages/troveclient/compat/versions.py to versions.pyc
byte-compiling /home/ubuntu/miniconda/envs/_build/lib/python2.7/site-packages/troveclient/compat/client.py to client.pyc
byte-compiling /home/ubuntu/miniconda/envs/_build/lib/python2.7/site-packages/troveclient/compat/__init__.py to __init__.pyc
byte-compiling /home/ubuntu/miniconda/envs/_build/lib/python2.7/site-packages/troveclient/compat/common.py to common.pyc
byte-compiling /home/ubuntu/miniconda/envs/_build/lib/python2.7/site-packages/troveclient/compat/auth.py to auth.pyc
byte-compiling /home/ubuntu/miniconda/envs/_build/lib/python2.7/site-packages/troveclient/compat/base.py to base.pyc
byte-compiling /home/ubuntu/miniconda/envs/_build/lib/python2.7/site-packages/troveclient/compat/exceptions.py to exceptions.pyc
byte-compiling /home/ubuntu/miniconda/envs/_build/lib/python2.7/site-packages/troveclient/i18n.py to i18n.pyc
byte-compiling /home/ubuntu/miniconda/envs/_build/lib/python2.7/site-packages/troveclient/v1/management.py to management.pyc
byte-compiling /home/ubuntu/miniconda/envs/_build/lib/python2.7/site-packages/troveclient/v1/storage.py to storage.pyc
byte-compiling /home/ubuntu/miniconda/envs/_build/lib/python2.7/site-packages/troveclient/v1/limits.py to limits.pyc
byte-compiling /home/ubuntu/miniconda/envs/_build/lib/python2.7/site-packages/troveclient/v1/users.py to users.pyc
byte-compiling /home/ubuntu/miniconda/envs/_build/lib/python2.7/site-packages/troveclient/v1/security_groups.py to security_groups.pyc
byte-compiling /home/ubuntu/miniconda/envs/_build/lib/python2.7/site-packages/troveclient/v1/hosts.py to hosts.pyc
byte-compiling /home/ubuntu/miniconda/envs/_build/lib/python2.7/site-packages/troveclient/v1/shell.py to shell.pyc
byte-compiling /home/ubuntu/miniconda/envs/_build/lib/python2.7/site-packages/troveclient/v1/quota.py to quota.pyc
byte-compiling /home/ubuntu/miniconda/envs/_build/lib/python2.7/site-packages/troveclient/v1/clusters.py to clusters.pyc
byte-compiling /home/ubuntu/miniconda/envs/_build/lib/python2.7/site-packages/troveclient/v1/datastores.py to datastores.pyc
byte-compiling /home/ubuntu/miniconda/envs/_build/lib/python2.7/site-packages/troveclient/v1/root.py to root.pyc
byte-compiling /home/ubuntu/miniconda/envs/_build/lib/python2.7/site-packages/troveclient/v1/configurations.py to configurations.pyc
byte-compiling /home/ubuntu/miniconda/envs/_build/lib/python2.7/site-packages/troveclient/v1/instances.py to instances.pyc
byte-compiling /home/ubuntu/miniconda/envs/_build/lib/python2.7/site-packages/troveclient/v1/databases.py to databases.pyc
byte-compiling /home/ubuntu/miniconda/envs/_build/lib/python2.7/site-packages/troveclient/v1/client.py to client.pyc
byte-compiling /home/ubuntu/miniconda/envs/_build/lib/python2.7/site-packages/troveclient/v1/__init__.py to __init__.pyc
byte-compiling /home/ubuntu/miniconda/envs/_build/lib/python2.7/site-packages/troveclient/v1/flavors.py to flavors.pyc
byte-compiling /home/ubuntu/miniconda/envs/_build/lib/python2.7/site-packages/troveclient/v1/backups.py to backups.pyc
byte-compiling /home/ubuntu/miniconda/envs/_build/lib/python2.7/site-packages/troveclient/v1/accounts.py to accounts.pyc
byte-compiling /home/ubuntu/miniconda/envs/_build/lib/python2.7/site-packages/troveclient/v1/metadata.py to metadata.pyc
byte-compiling /home/ubuntu/miniconda/envs/_build/lib/python2.7/site-packages/troveclient/v1/diagnostics.py to diagnostics.pyc
byte-compiling /home/ubuntu/miniconda/envs/_build/lib/python2.7/site-packages/troveclient/shell.py to shell.pyc
byte-compiling /home/ubuntu/miniconda/envs/_build/lib/python2.7/site-packages/troveclient/tests/test_common.py to test_common.pyc
byte-compiling /home/ubuntu/miniconda/envs/_build/lib/python2.7/site-packages/troveclient/tests/test_secgroups.py to test_secgroups.pyc
byte-compiling /home/ubuntu/miniconda/envs/_build/lib/python2.7/site-packages/troveclient/tests/test_datastores.py to test_datastores.pyc
byte-compiling /home/ubuntu/miniconda/envs/_build/lib/python2.7/site-packages/troveclient/tests/test_management.py to test_management.pyc
byte-compiling /home/ubuntu/miniconda/envs/_build/lib/python2.7/site-packages/troveclient/tests/test_shell.py to test_shell.pyc
byte-compiling /home/ubuntu/miniconda/envs/_build/lib/python2.7/site-packages/troveclient/tests/test_client.py to test_client.pyc
byte-compiling /home/ubuntu/miniconda/envs/_build/lib/python2.7/site-packages/troveclient/tests/test_discover.py to test_discover.pyc
byte-compiling /home/ubuntu/miniconda/envs/_build/lib/python2.7/site-packages/troveclient/tests/test_metadata.py to test_metadata.pyc
byte-compiling /home/ubuntu/miniconda/envs/_build/lib/python2.7/site-packages/troveclient/tests/test_accounts.py to test_accounts.pyc
byte-compiling /home/ubuntu/miniconda/envs/_build/lib/python2.7/site-packages/troveclient/tests/test_base.py to test_base.pyc
byte-compiling /home/ubuntu/miniconda/envs/_build/lib/python2.7/site-packages/troveclient/tests/test_instances.py to test_instances.pyc
byte-compiling /home/ubuntu/miniconda/envs/_build/lib/python2.7/site-packages/troveclient/tests/__init__.py to __init__.pyc
byte-compiling /home/ubuntu/miniconda/envs/_build/lib/python2.7/site-packages/troveclient/tests/test_databases.py to test_databases.pyc
byte-compiling /home/ubuntu/miniconda/envs/_build/lib/python2.7/site-packages/troveclient/tests/test_backups.py to test_backups.pyc
byte-compiling /home/ubuntu/miniconda/envs/_build/lib/python2.7/site-packages/troveclient/tests/test_users.py to test_users.pyc
byte-compiling /home/ubuntu/miniconda/envs/_build/lib/python2.7/site-packages/troveclient/tests/test_limits.py to test_limits.pyc
byte-compiling /home/ubuntu/miniconda/envs/_build/lib/python2.7/site-packages/troveclient/tests/test_utils.py to test_utils.pyc
byte-compiling /home/ubuntu/miniconda/envs/_build/lib/python2.7/site-packages/troveclient/tests/test_configurations.py to test_configurations.pyc
byte-compiling /home/ubuntu/miniconda/envs/_build/lib/python2.7/site-packages/troveclient/tests/test_clusters.py to test_clusters.pyc
byte-compiling /home/ubuntu/miniconda/envs/_build/lib/python2.7/site-packages/troveclient/client.py to client.pyc
byte-compiling /home/ubuntu/miniconda/envs/_build/lib/python2.7/site-packages/troveclient/__init__.py to __init__.pyc
byte-compiling /home/ubuntu/miniconda/envs/_build/lib/python2.7/site-packages/troveclient/auth_plugin.py to auth_plugin.pyc
byte-compiling /home/ubuntu/miniconda/envs/_build/lib/python2.7/site-packages/troveclient/openstack/common/gettextutils.py to gettextutils.pyc
byte-compiling /home/ubuntu/miniconda/envs/_build/lib/python2.7/site-packages/troveclient/openstack/common/strutils.py to strutils.pyc
byte-compiling /home/ubuntu/miniconda/envs/_build/lib/python2.7/site-packages/troveclient/openstack/common/__init__.py to __init__.pyc
byte-compiling /home/ubuntu/miniconda/envs/_build/lib/python2.7/site-packages/troveclient/openstack/common/apiclient/fake_client.py to fake_client.pyc
byte-compiling /home/ubuntu/miniconda/envs/_build/lib/python2.7/site-packages/troveclient/openstack/common/apiclient/client.py to client.pyc
byte-compiling /home/ubuntu/miniconda/envs/_build/lib/python2.7/site-packages/troveclient/openstack/common/apiclient/__init__.py to __init__.pyc
byte-compiling /home/ubuntu/miniconda/envs/_build/lib/python2.7/site-packages/troveclient/openstack/common/apiclient/auth.py to auth.pyc
byte-compiling /home/ubuntu/miniconda/envs/_build/lib/python2.7/site-packages/troveclient/openstack/common/apiclient/base.py to base.pyc
byte-compiling /home/ubuntu/miniconda/envs/_build/lib/python2.7/site-packages/troveclient/openstack/common/apiclient/exceptions.py to exceptions.pyc
byte-compiling /home/ubuntu/miniconda/envs/_build/lib/python2.7/site-packages/troveclient/openstack/common/importutils.py to importutils.pyc
byte-compiling /home/ubuntu/miniconda/envs/_build/lib/python2.7/site-packages/troveclient/openstack/__init__.py to __init__.pyc
byte-compiling /home/ubuntu/miniconda/envs/_build/lib/python2.7/site-packages/troveclient/service_catalog.py to service_catalog.pyc
byte-compiling /home/ubuntu/miniconda/envs/_build/lib/python2.7/site-packages/troveclient/common.py to common.pyc
byte-compiling /home/ubuntu/miniconda/envs/_build/lib/python2.7/site-packages/troveclient/base.py to base.pyc
byte-compiling /home/ubuntu/miniconda/envs/_build/lib/python2.7/site-packages/troveclient/extension.py to extension.pyc
byte-compiling /home/ubuntu/miniconda/envs/_build/lib/python2.7/site-packages/troveclient/exceptions.py to exceptions.pyc
running install_egg_info
Copying python_troveclient.egg-info to /home/ubuntu/miniconda/envs/_build/lib/python2.7/site-packages/python_troveclient-1.1.0-py2.7.egg-info
running install_scripts
Installing trove script to /home/ubuntu/miniconda/envs/_build/bin

The following NEW packages will be INSTALLED:

    openssl:    1.0.1k-1    
    pbr:        1.0.1-py27_0
    pip:        6.1.1-py27_0
    python:     2.7.9-3     
    readline:   6.2-2       
    setuptools: 16.0-py27_0 
    sqlite:     3.8.4.1-1   
    system:     5.8-2       
    tk:         8.5.18-0    
    zlib:       1.2.8-0     

Linking packages ...
[                    ]|                                                  |   0%[openssl             ]|                                                  |   0%[readline            ]|#####                                             |  10%[sqlite              ]|##########                                        |  20%[system              ]|###############                                   |  30%[tk                  ]|####################                              |  40%[zlib                ]|#########################                         |  50%[python              ]|##############################                    |  60%[setuptools          ]|###################################               |  70%[pbr                 ]|########################################          |  80%[pip                 ]|#############################################     |  90%[      COMPLETE      ]|##################################################| 100%
Removing old work directory
Source cache directory is: /home/ubuntu/miniconda/conda-bld/src_cache
Found source in cache: python-troveclient-1.1.0.tar.gz
Extracting download
Package: python-troveclient-1.1.0-py27_0
source tree in: /home/ubuntu/miniconda/conda-bld/work/python-troveclient-1.1.0
number of files: 159
Fixing permissions
Detected hard-coded path in text file bin/trove
Fixing permissions
BUILD END: python-troveclient-1.1.0-py27_0
Nothing to test for: python-troveclient-1.1.0-py27_0
# If you want to upload this package to binstar.org later, type:
#
# $ binstar upload /home/ubuntu/miniconda/conda-bld/linux-64/python-troveclient-1.1.0-py27_0.tar.bz2
#
# To have conda build upload to binstar automatically, use
# $ conda config --set binstar_upload yes

