Warning, the following versions were found for python-geohash
0.8.5
0.8.4
0.8.3
0.8.1
0.8
0.7.1
0.7
0.6
0.5
0.4
0.3
0.2
0.1
Using 0.8.5
Use --version to specify a different version.
Using url https://pypi.python.org/packages/source/p/python-geohash/python-geohash-0.8.5.tar.gz (17 KB) for python-geohash.
Downloading python-geohash (use --no-download to skip this step)
Using cached download
Unpacking python-geohash...
done
working in /tmp/tmp6Vs7nVconda_skeleton_python-geohash-0.8.5.tar.gz
Fetching package metadata: ......
Solving package specifications: .patching file core.py
Hunk #1 succeeded at 168 with fuzz 2 (offset 2 lines).

Applying patch: '/tmp/tmp6Vs7nVconda_skeleton_python-geohash-0.8.5.tar.gz/pypi-distutils.patch'
Writing recipe for python-geohash
Done
