Warning, the following versions were found for python-twitter
2.2
2.1
2.0
1.3.1
1.3
1.1
1.0
0.8.7
0.8.6
0.8.5
0.8.2
0.8.1
0.5
0.4.1
0.4
Using 2.2
Use --version to specify a different version.
Using url https://pypi.python.org/packages/source/p/python-twitter/python-twitter-2.2.tar.gz (65 KB) for python-twitter.
Downloading python-twitter (use --no-download to skip this step)
Using cached download
Unpacking python-twitter...
done
working in /tmp/tmpMF2Ihzconda_skeleton_python-twitter-2.2.tar.gz
Fetching package metadata: ......
Solving package specifications: .patching file core.py
Hunk #1 succeeded at 168 with fuzz 2 (offset 2 lines).
Traceback (most recent call last):
  File "setup.py", line 21, in <module>
    from setuptools import setup, find_packages
ImportError: No module named setuptools

Applying patch: '/tmp/tmpMF2Ihzconda_skeleton_python-twitter-2.2.tar.gz/pypi-distutils.patch'
$PYTHONPATH = /tmp/tmpMF2Ihzconda_skeleton_python-twitter-2.2.tar.gz/python-twitter-2.2
Error: command failed: /home/ubuntu/miniconda/envs/_build/bin/python setup.py install
