Removing old build directory
Removing old work directory
BUILD START: python-simple-hipchat-0.3.3-py_0
Fetching package metadata: ......
Solving package specifications: .+ pip install python-simple-hipchat
Collecting python-simple-hipchat
  Downloading http://localhost/packages/source/p/python-simple-hipchat/python-simple-hipchat-0.3.3.tar.gz
Installing collected packages: python-simple-hipchat
  Running setup.py install for python-simple-hipchat
Successfully installed python-simple-hipchat-0.3.3

The following NEW packages will be INSTALLED:

    openssl:    1.0.1k-1    
    pip:        7.0.3-py27_0
    python:     2.7.10-0    
    readline:   6.2-2       
    setuptools: 17.0-py27_0 
    sqlite:     3.8.4.1-1   
    system:     5.8-2       
    tk:         8.5.18-0    
    zlib:       1.2.8-0     

Linking packages ...
[                    ]|                                                  |   0%[openssl             ]|                                                  |   0%[readline            ]|#####                                             |  11%[sqlite              ]|###########                                       |  22%[system              ]|################                                  |  33%[tk                  ]|######################                            |  44%[zlib                ]|###########################                       |  55%[python              ]|#################################                 |  66%[setuptools          ]|######################################            |  77%[pip                 ]|############################################      |  88%[      COMPLETE      ]|##################################################| 100%
Removing old work directory
Copying /home/ubuntu/pypi-conda-builds/python-simple-hipchat to /home/ubuntu/miniconda/conda-bld/work
Package: python-simple-hipchat-0.3.3-py_0
source tree in: /home/ubuntu/miniconda/conda-bld/work
number of files: 7
Fixing permissions
Fixing permissions
BUILD END: python-simple-hipchat-0.3.3-py_0
# If you want to upload this package to binstar.org later, type:
#
# $ binstar upload /home/ubuntu/miniconda/conda-bld/noarch/python-simple-hipchat-0.3.3-py_0.tar.bz2
#
# To have conda build upload to binstar automatically, use
# $ conda config --set binstar_upload yes

Package search: {'_pypi_ordering': False, 'version': '0.3.3', 'name': 'python-simple-hipchat', 'summary': "Easy peasy wrapper for HipChat's v1 API"}
Creating standard recipe for python-simple-hipchat-0.3.3
Converting recipe in /home/ubuntu/pypi-conda-builds/python-simple-hipchat
package = python-simple-hipchat
   dependencies = []
Building conda package for python-simple-hipchat
