Removing old build directory
Removing old work directory
BUILD START: python-novaclient-2.25.0-py27_0
Fetching package metadata: ......
Solving package specifications: .+ /home/ubuntu/miniconda/envs/_build/bin/python setup.py install
running install
running build
running build_py
creating build
creating build/lib
creating build/lib/novaclient
creating build/lib/novaclient/tests
creating build/lib/novaclient/tests/unit
creating build/lib/novaclient/tests/unit/v2
copying novaclient/tests/unit/v2/fakes.py -> build/lib/novaclient/tests/unit/v2
copying novaclient/tests/unit/v2/test_server_groups.py -> build/lib/novaclient/tests/unit/v2
copying novaclient/tests/unit/v2/test_keypairs.py -> build/lib/novaclient/tests/unit/v2
copying novaclient/tests/unit/v2/test_agents.py -> build/lib/novaclient/tests/unit/v2
copying novaclient/tests/unit/v2/utils.py -> build/lib/novaclient/tests/unit/v2
copying novaclient/tests/unit/v2/test_floating_ips_bulk.py -> build/lib/novaclient/tests/unit/v2
copying novaclient/tests/unit/v2/test_floating_ip_dns.py -> build/lib/novaclient/tests/unit/v2
copying novaclient/tests/unit/v2/test_floating_ip_pools.py -> build/lib/novaclient/tests/unit/v2
copying novaclient/tests/unit/v2/test_quotas.py -> build/lib/novaclient/tests/unit/v2
copying novaclient/tests/unit/v2/test_flavors.py -> build/lib/novaclient/tests/unit/v2
copying novaclient/tests/unit/v2/test_quota_classes.py -> build/lib/novaclient/tests/unit/v2
copying novaclient/tests/unit/v2/test_hypervisors.py -> build/lib/novaclient/tests/unit/v2
copying novaclient/tests/unit/v2/test_security_group_rules.py -> build/lib/novaclient/tests/unit/v2
copying novaclient/tests/unit/v2/test_shell.py -> build/lib/novaclient/tests/unit/v2
copying novaclient/tests/unit/v2/test_client.py -> build/lib/novaclient/tests/unit/v2
copying novaclient/tests/unit/v2/test_security_groups.py -> build/lib/novaclient/tests/unit/v2
copying novaclient/tests/unit/v2/test_servers.py -> build/lib/novaclient/tests/unit/v2
copying novaclient/tests/unit/v2/test_networks.py -> build/lib/novaclient/tests/unit/v2
copying novaclient/tests/unit/v2/test_hosts.py -> build/lib/novaclient/tests/unit/v2
copying novaclient/tests/unit/v2/test_floating_ips.py -> build/lib/novaclient/tests/unit/v2
copying novaclient/tests/unit/v2/test_availability_zone.py -> build/lib/novaclient/tests/unit/v2
copying novaclient/tests/unit/v2/__init__.py -> build/lib/novaclient/tests/unit/v2
copying novaclient/tests/unit/v2/test_flavor_access.py -> build/lib/novaclient/tests/unit/v2
copying novaclient/tests/unit/v2/test_versions.py -> build/lib/novaclient/tests/unit/v2
copying novaclient/tests/unit/v2/test_fixed_ips.py -> build/lib/novaclient/tests/unit/v2
copying novaclient/tests/unit/v2/test_aggregates.py -> build/lib/novaclient/tests/unit/v2
copying novaclient/tests/unit/v2/test_limits.py -> build/lib/novaclient/tests/unit/v2
copying novaclient/tests/unit/v2/test_auth.py -> build/lib/novaclient/tests/unit/v2
copying novaclient/tests/unit/v2/test_volumes.py -> build/lib/novaclient/tests/unit/v2
copying novaclient/tests/unit/v2/test_certs.py -> build/lib/novaclient/tests/unit/v2
copying novaclient/tests/unit/v2/test_fping.py -> build/lib/novaclient/tests/unit/v2
copying novaclient/tests/unit/v2/test_usage.py -> build/lib/novaclient/tests/unit/v2
copying novaclient/tests/unit/v2/test_cloudpipe.py -> build/lib/novaclient/tests/unit/v2
copying novaclient/tests/unit/v2/test_images.py -> build/lib/novaclient/tests/unit/v2
copying novaclient/tests/unit/v2/test_services.py -> build/lib/novaclient/tests/unit/v2
creating build/lib/novaclient/v2
copying novaclient/v2/server_groups.py -> build/lib/novaclient/v2
copying novaclient/v2/virtual_interfaces.py -> build/lib/novaclient/v2
copying novaclient/v2/keypairs.py -> build/lib/novaclient/v2
copying novaclient/v2/volume_snapshots.py -> build/lib/novaclient/v2
copying novaclient/v2/agents.py -> build/lib/novaclient/v2
copying novaclient/v2/availability_zones.py -> build/lib/novaclient/v2
copying novaclient/v2/volume_types.py -> build/lib/novaclient/v2
copying novaclient/v2/fixed_ips.py -> build/lib/novaclient/v2
copying novaclient/v2/limits.py -> build/lib/novaclient/v2
copying novaclient/v2/volumes.py -> build/lib/novaclient/v2
copying novaclient/v2/quotas.py -> build/lib/novaclient/v2
copying novaclient/v2/flavor_access.py -> build/lib/novaclient/v2
copying novaclient/v2/services.py -> build/lib/novaclient/v2
copying novaclient/v2/floating_ip_pools.py -> build/lib/novaclient/v2
copying novaclient/v2/floating_ips_bulk.py -> build/lib/novaclient/v2
copying novaclient/v2/security_groups.py -> build/lib/novaclient/v2
copying novaclient/v2/security_group_default_rules.py -> build/lib/novaclient/v2
copying novaclient/v2/floating_ips.py -> build/lib/novaclient/v2
copying novaclient/v2/hosts.py -> build/lib/novaclient/v2
copying novaclient/v2/shell.py -> build/lib/novaclient/v2
copying novaclient/v2/cloudpipe.py -> build/lib/novaclient/v2
copying novaclient/v2/floating_ip_dns.py -> build/lib/novaclient/v2
copying novaclient/v2/versions.py -> build/lib/novaclient/v2
copying novaclient/v2/client.py -> build/lib/novaclient/v2
copying novaclient/v2/certs.py -> build/lib/novaclient/v2
copying novaclient/v2/__init__.py -> build/lib/novaclient/v2
copying novaclient/v2/quota_classes.py -> build/lib/novaclient/v2
copying novaclient/v2/aggregates.py -> build/lib/novaclient/v2
copying novaclient/v2/flavors.py -> build/lib/novaclient/v2
copying novaclient/v2/images.py -> build/lib/novaclient/v2
copying novaclient/v2/usage.py -> build/lib/novaclient/v2
copying novaclient/v2/networks.py -> build/lib/novaclient/v2
copying novaclient/v2/servers.py -> build/lib/novaclient/v2
copying novaclient/v2/security_group_rules.py -> build/lib/novaclient/v2
copying novaclient/v2/hypervisors.py -> build/lib/novaclient/v2
copying novaclient/v2/fping.py -> build/lib/novaclient/v2
creating build/lib/novaclient/tests/functional
copying novaclient/tests/functional/test_readonly_nova.py -> build/lib/novaclient/tests/functional
copying novaclient/tests/functional/test_instances.py -> build/lib/novaclient/tests/functional
copying novaclient/tests/functional/__init__.py -> build/lib/novaclient/tests/functional
copying novaclient/tests/functional/test_volumes_api.py -> build/lib/novaclient/tests/functional
copying novaclient/tests/functional/base.py -> build/lib/novaclient/tests/functional
copying novaclient/utils.py -> build/lib/novaclient
copying novaclient/i18n.py -> build/lib/novaclient
copying novaclient/shell.py -> build/lib/novaclient
copying novaclient/client.py -> build/lib/novaclient
copying novaclient/__init__.py -> build/lib/novaclient
copying novaclient/auth_plugin.py -> build/lib/novaclient
copying novaclient/service_catalog.py -> build/lib/novaclient
copying novaclient/crypto.py -> build/lib/novaclient
copying novaclient/base.py -> build/lib/novaclient
copying novaclient/extension.py -> build/lib/novaclient
copying novaclient/exceptions.py -> build/lib/novaclient
creating build/lib/novaclient/openstack
creating build/lib/novaclient/openstack/common
copying novaclient/openstack/common/_i18n.py -> build/lib/novaclient/openstack/common
copying novaclient/openstack/common/cliutils.py -> build/lib/novaclient/openstack/common
copying novaclient/openstack/common/__init__.py -> build/lib/novaclient/openstack/common
creating build/lib/novaclient/v1_1
copying novaclient/v1_1/__init__.py -> build/lib/novaclient/v1_1
copying novaclient/openstack/__init__.py -> build/lib/novaclient/openstack
copying novaclient/tests/__init__.py -> build/lib/novaclient/tests
creating build/lib/novaclient/tests/unit/v2/contrib
copying novaclient/tests/unit/v2/contrib/fakes.py -> build/lib/novaclient/tests/unit/v2/contrib
copying novaclient/tests/unit/v2/contrib/test_cells.py -> build/lib/novaclient/tests/unit/v2/contrib
copying novaclient/tests/unit/v2/contrib/test_list_extensions.py -> build/lib/novaclient/tests/unit/v2/contrib
copying novaclient/tests/unit/v2/contrib/test_baremetal.py -> build/lib/novaclient/tests/unit/v2/contrib
copying novaclient/tests/unit/v2/contrib/test_instance_actions.py -> build/lib/novaclient/tests/unit/v2/contrib
copying novaclient/tests/unit/v2/contrib/test_server_external_events.py -> build/lib/novaclient/tests/unit/v2/contrib
copying novaclient/tests/unit/v2/contrib/test_assisted_volume_snapshots.py -> build/lib/novaclient/tests/unit/v2/contrib
copying novaclient/tests/unit/v2/contrib/__init__.py -> build/lib/novaclient/tests/unit/v2/contrib
copying novaclient/tests/unit/v2/contrib/test_tenant_networks.py -> build/lib/novaclient/tests/unit/v2/contrib
copying novaclient/tests/unit/v2/contrib/test_migrations.py -> build/lib/novaclient/tests/unit/v2/contrib
copying novaclient/tests/unit/fakes.py -> build/lib/novaclient/tests/unit
copying novaclient/tests/unit/utils.py -> build/lib/novaclient/tests/unit
copying novaclient/tests/unit/test_service_catalog.py -> build/lib/novaclient/tests/unit
copying novaclient/tests/unit/test_shell.py -> build/lib/novaclient/tests/unit
copying novaclient/tests/unit/test_client.py -> build/lib/novaclient/tests/unit
copying novaclient/tests/unit/test_discover.py -> build/lib/novaclient/tests/unit
copying novaclient/tests/unit/test_base.py -> build/lib/novaclient/tests/unit
copying novaclient/tests/unit/test_http.py -> build/lib/novaclient/tests/unit
copying novaclient/tests/unit/__init__.py -> build/lib/novaclient/tests/unit
copying novaclient/tests/unit/test_auth_plugins.py -> build/lib/novaclient/tests/unit
copying novaclient/tests/unit/test_utils.py -> build/lib/novaclient/tests/unit
creating build/lib/novaclient/tests/unit/fixture_data
copying novaclient/tests/unit/fixture_data/server_groups.py -> build/lib/novaclient/tests/unit/fixture_data
copying novaclient/tests/unit/fixture_data/keypairs.py -> build/lib/novaclient/tests/unit/fixture_data
copying novaclient/tests/unit/fixture_data/agents.py -> build/lib/novaclient/tests/unit/fixture_data
copying novaclient/tests/unit/fixture_data/availability_zones.py -> build/lib/novaclient/tests/unit/fixture_data
copying novaclient/tests/unit/fixture_data/limits.py -> build/lib/novaclient/tests/unit/fixture_data
copying novaclient/tests/unit/fixture_data/quotas.py -> build/lib/novaclient/tests/unit/fixture_data
copying novaclient/tests/unit/fixture_data/security_groups.py -> build/lib/novaclient/tests/unit/fixture_data
copying novaclient/tests/unit/fixture_data/hosts.py -> build/lib/novaclient/tests/unit/fixture_data
copying novaclient/tests/unit/fixture_data/floatingips.py -> build/lib/novaclient/tests/unit/fixture_data
copying novaclient/tests/unit/fixture_data/cloudpipe.py -> build/lib/novaclient/tests/unit/fixture_data
copying novaclient/tests/unit/fixture_data/fixedips.py -> build/lib/novaclient/tests/unit/fixture_data
copying novaclient/tests/unit/fixture_data/client.py -> build/lib/novaclient/tests/unit/fixture_data
copying novaclient/tests/unit/fixture_data/certs.py -> build/lib/novaclient/tests/unit/fixture_data
copying novaclient/tests/unit/fixture_data/__init__.py -> build/lib/novaclient/tests/unit/fixture_data
copying novaclient/tests/unit/fixture_data/aggregates.py -> build/lib/novaclient/tests/unit/fixture_data
copying novaclient/tests/unit/fixture_data/images.py -> build/lib/novaclient/tests/unit/fixture_data
copying novaclient/tests/unit/fixture_data/networks.py -> build/lib/novaclient/tests/unit/fixture_data
copying novaclient/tests/unit/fixture_data/servers.py -> build/lib/novaclient/tests/unit/fixture_data
copying novaclient/tests/unit/fixture_data/security_group_rules.py -> build/lib/novaclient/tests/unit/fixture_data
copying novaclient/tests/unit/fixture_data/hypervisors.py -> build/lib/novaclient/tests/unit/fixture_data
copying novaclient/tests/unit/fixture_data/base.py -> build/lib/novaclient/tests/unit/fixture_data
copying novaclient/tests/unit/fixture_data/fping.py -> build/lib/novaclient/tests/unit/fixture_data
creating build/lib/novaclient/openstack/common/apiclient
copying novaclient/openstack/common/apiclient/fake_client.py -> build/lib/novaclient/openstack/common/apiclient
copying novaclient/openstack/common/apiclient/utils.py -> build/lib/novaclient/openstack/common/apiclient
copying novaclient/openstack/common/apiclient/client.py -> build/lib/novaclient/openstack/common/apiclient
copying novaclient/openstack/common/apiclient/__init__.py -> build/lib/novaclient/openstack/common/apiclient
copying novaclient/openstack/common/apiclient/auth.py -> build/lib/novaclient/openstack/common/apiclient
copying novaclient/openstack/common/apiclient/base.py -> build/lib/novaclient/openstack/common/apiclient
copying novaclient/openstack/common/apiclient/exceptions.py -> build/lib/novaclient/openstack/common/apiclient
creating build/lib/novaclient/v2/contrib
copying novaclient/v2/contrib/cells.py -> build/lib/novaclient/v2/contrib
copying novaclient/v2/contrib/assisted_volume_snapshots.py -> build/lib/novaclient/v2/contrib
copying novaclient/v2/contrib/host_evacuate.py -> build/lib/novaclient/v2/contrib
copying novaclient/v2/contrib/tenant_networks.py -> build/lib/novaclient/v2/contrib
copying novaclient/v2/contrib/server_external_events.py -> build/lib/novaclient/v2/contrib
copying novaclient/v2/contrib/host_evacuate_live.py -> build/lib/novaclient/v2/contrib
copying novaclient/v2/contrib/host_servers_migrate.py -> build/lib/novaclient/v2/contrib
copying novaclient/v2/contrib/list_extensions.py -> build/lib/novaclient/v2/contrib
copying novaclient/v2/contrib/deferred_delete.py -> build/lib/novaclient/v2/contrib
copying novaclient/v2/contrib/metadata_extensions.py -> build/lib/novaclient/v2/contrib
copying novaclient/v2/contrib/__init__.py -> build/lib/novaclient/v2/contrib
copying novaclient/v2/contrib/migrations.py -> build/lib/novaclient/v2/contrib
copying novaclient/v2/contrib/instance_action.py -> build/lib/novaclient/v2/contrib
copying novaclient/v2/contrib/baremetal.py -> build/lib/novaclient/v2/contrib
running egg_info
writing requirements to python_novaclient.egg-info/requires.txt
writing python_novaclient.egg-info/PKG-INFO
writing top-level names to python_novaclient.egg-info/top_level.txt
writing dependency_links to python_novaclient.egg-info/dependency_links.txt
writing entry points to python_novaclient.egg-info/entry_points.txt
[pbr] Reusing existing SOURCES.txt
copying novaclient/tests/unit/v2/testfile.txt -> build/lib/novaclient/tests/unit/v2
copying novaclient/tests/functional/README.rst -> build/lib/novaclient/tests/functional
creating build/lib/novaclient/tests/functional/hooks
copying novaclient/tests/functional/hooks/post_test_hook.sh -> build/lib/novaclient/tests/functional/hooks
copying novaclient/tests/unit/idfake.pem -> build/lib/novaclient/tests/unit
running install_lib
creating /home/ubuntu/miniconda/envs/_build/lib/python2.7/site-packages/novaclient
copying build/lib/novaclient/utils.py -> /home/ubuntu/miniconda/envs/_build/lib/python2.7/site-packages/novaclient
copying build/lib/novaclient/i18n.py -> /home/ubuntu/miniconda/envs/_build/lib/python2.7/site-packages/novaclient
creating /home/ubuntu/miniconda/envs/_build/lib/python2.7/site-packages/novaclient/v2
copying build/lib/novaclient/v2/server_groups.py -> /home/ubuntu/miniconda/envs/_build/lib/python2.7/site-packages/novaclient/v2
copying build/lib/novaclient/v2/virtual_interfaces.py -> /home/ubuntu/miniconda/envs/_build/lib/python2.7/site-packages/novaclient/v2
copying build/lib/novaclient/v2/keypairs.py -> /home/ubuntu/miniconda/envs/_build/lib/python2.7/site-packages/novaclient/v2
copying build/lib/novaclient/v2/volume_snapshots.py -> /home/ubuntu/miniconda/envs/_build/lib/python2.7/site-packages/novaclient/v2
copying build/lib/novaclient/v2/agents.py -> /home/ubuntu/miniconda/envs/_build/lib/python2.7/site-packages/novaclient/v2
copying build/lib/novaclient/v2/availability_zones.py -> /home/ubuntu/miniconda/envs/_build/lib/python2.7/site-packages/novaclient/v2
copying build/lib/novaclient/v2/volume_types.py -> /home/ubuntu/miniconda/envs/_build/lib/python2.7/site-packages/novaclient/v2
copying build/lib/novaclient/v2/fixed_ips.py -> /home/ubuntu/miniconda/envs/_build/lib/python2.7/site-packages/novaclient/v2
copying build/lib/novaclient/v2/limits.py -> /home/ubuntu/miniconda/envs/_build/lib/python2.7/site-packages/novaclient/v2
copying build/lib/novaclient/v2/volumes.py -> /home/ubuntu/miniconda/envs/_build/lib/python2.7/site-packages/novaclient/v2
copying build/lib/novaclient/v2/quotas.py -> /home/ubuntu/miniconda/envs/_build/lib/python2.7/site-packages/novaclient/v2
copying build/lib/novaclient/v2/flavor_access.py -> /home/ubuntu/miniconda/envs/_build/lib/python2.7/site-packages/novaclient/v2
copying build/lib/novaclient/v2/services.py -> /home/ubuntu/miniconda/envs/_build/lib/python2.7/site-packages/novaclient/v2
copying build/lib/novaclient/v2/floating_ip_pools.py -> /home/ubuntu/miniconda/envs/_build/lib/python2.7/site-packages/novaclient/v2
copying build/lib/novaclient/v2/floating_ips_bulk.py -> /home/ubuntu/miniconda/envs/_build/lib/python2.7/site-packages/novaclient/v2
copying build/lib/novaclient/v2/security_groups.py -> /home/ubuntu/miniconda/envs/_build/lib/python2.7/site-packages/novaclient/v2
copying build/lib/novaclient/v2/security_group_default_rules.py -> /home/ubuntu/miniconda/envs/_build/lib/python2.7/site-packages/novaclient/v2
copying build/lib/novaclient/v2/floating_ips.py -> /home/ubuntu/miniconda/envs/_build/lib/python2.7/site-packages/novaclient/v2
copying build/lib/novaclient/v2/hosts.py -> /home/ubuntu/miniconda/envs/_build/lib/python2.7/site-packages/novaclient/v2
copying build/lib/novaclient/v2/shell.py -> /home/ubuntu/miniconda/envs/_build/lib/python2.7/site-packages/novaclient/v2
copying build/lib/novaclient/v2/cloudpipe.py -> /home/ubuntu/miniconda/envs/_build/lib/python2.7/site-packages/novaclient/v2
creating /home/ubuntu/miniconda/envs/_build/lib/python2.7/site-packages/novaclient/v2/contrib
copying build/lib/novaclient/v2/contrib/cells.py -> /home/ubuntu/miniconda/envs/_build/lib/python2.7/site-packages/novaclient/v2/contrib
copying build/lib/novaclient/v2/contrib/assisted_volume_snapshots.py -> /home/ubuntu/miniconda/envs/_build/lib/python2.7/site-packages/novaclient/v2/contrib
copying build/lib/novaclient/v2/contrib/host_evacuate.py -> /home/ubuntu/miniconda/envs/_build/lib/python2.7/site-packages/novaclient/v2/contrib
copying build/lib/novaclient/v2/contrib/tenant_networks.py -> /home/ubuntu/miniconda/envs/_build/lib/python2.7/site-packages/novaclient/v2/contrib
copying build/lib/novaclient/v2/contrib/server_external_events.py -> /home/ubuntu/miniconda/envs/_build/lib/python2.7/site-packages/novaclient/v2/contrib
copying build/lib/novaclient/v2/contrib/host_evacuate_live.py -> /home/ubuntu/miniconda/envs/_build/lib/python2.7/site-packages/novaclient/v2/contrib
copying build/lib/novaclient/v2/contrib/host_servers_migrate.py -> /home/ubuntu/miniconda/envs/_build/lib/python2.7/site-packages/novaclient/v2/contrib
copying build/lib/novaclient/v2/contrib/list_extensions.py -> /home/ubuntu/miniconda/envs/_build/lib/python2.7/site-packages/novaclient/v2/contrib
copying build/lib/novaclient/v2/contrib/deferred_delete.py -> /home/ubuntu/miniconda/envs/_build/lib/python2.7/site-packages/novaclient/v2/contrib
copying build/lib/novaclient/v2/contrib/metadata_extensions.py -> /home/ubuntu/miniconda/envs/_build/lib/python2.7/site-packages/novaclient/v2/contrib
copying build/lib/novaclient/v2/contrib/__init__.py -> /home/ubuntu/miniconda/envs/_build/lib/python2.7/site-packages/novaclient/v2/contrib
copying build/lib/novaclient/v2/contrib/migrations.py -> /home/ubuntu/miniconda/envs/_build/lib/python2.7/site-packages/novaclient/v2/contrib
copying build/lib/novaclient/v2/contrib/instance_action.py -> /home/ubuntu/miniconda/envs/_build/lib/python2.7/site-packages/novaclient/v2/contrib
copying build/lib/novaclient/v2/contrib/baremetal.py -> /home/ubuntu/miniconda/envs/_build/lib/python2.7/site-packages/novaclient/v2/contrib
copying build/lib/novaclient/v2/floating_ip_dns.py -> /home/ubuntu/miniconda/envs/_build/lib/python2.7/site-packages/novaclient/v2
copying build/lib/novaclient/v2/versions.py -> /home/ubuntu/miniconda/envs/_build/lib/python2.7/site-packages/novaclient/v2
copying build/lib/novaclient/v2/client.py -> /home/ubuntu/miniconda/envs/_build/lib/python2.7/site-packages/novaclient/v2
copying build/lib/novaclient/v2/certs.py -> /home/ubuntu/miniconda/envs/_build/lib/python2.7/site-packages/novaclient/v2
copying build/lib/novaclient/v2/__init__.py -> /home/ubuntu/miniconda/envs/_build/lib/python2.7/site-packages/novaclient/v2
copying build/lib/novaclient/v2/quota_classes.py -> /home/ubuntu/miniconda/envs/_build/lib/python2.7/site-packages/novaclient/v2
copying build/lib/novaclient/v2/aggregates.py -> /home/ubuntu/miniconda/envs/_build/lib/python2.7/site-packages/novaclient/v2
copying build/lib/novaclient/v2/flavors.py -> /home/ubuntu/miniconda/envs/_build/lib/python2.7/site-packages/novaclient/v2
copying build/lib/novaclient/v2/images.py -> /home/ubuntu/miniconda/envs/_build/lib/python2.7/site-packages/novaclient/v2
copying build/lib/novaclient/v2/usage.py -> /home/ubuntu/miniconda/envs/_build/lib/python2.7/site-packages/novaclient/v2
copying build/lib/novaclient/v2/networks.py -> /home/ubuntu/miniconda/envs/_build/lib/python2.7/site-packages/novaclient/v2
copying build/lib/novaclient/v2/servers.py -> /home/ubuntu/miniconda/envs/_build/lib/python2.7/site-packages/novaclient/v2
copying build/lib/novaclient/v2/security_group_rules.py -> /home/ubuntu/miniconda/envs/_build/lib/python2.7/site-packages/novaclient/v2
copying build/lib/novaclient/v2/hypervisors.py -> /home/ubuntu/miniconda/envs/_build/lib/python2.7/site-packages/novaclient/v2
copying build/lib/novaclient/v2/fping.py -> /home/ubuntu/miniconda/envs/_build/lib/python2.7/site-packages/novaclient/v2
copying build/lib/novaclient/shell.py -> /home/ubuntu/miniconda/envs/_build/lib/python2.7/site-packages/novaclient
creating /home/ubuntu/miniconda/envs/_build/lib/python2.7/site-packages/novaclient/v1_1
copying build/lib/novaclient/v1_1/__init__.py -> /home/ubuntu/miniconda/envs/_build/lib/python2.7/site-packages/novaclient/v1_1
creating /home/ubuntu/miniconda/envs/_build/lib/python2.7/site-packages/novaclient/tests
creating /home/ubuntu/miniconda/envs/_build/lib/python2.7/site-packages/novaclient/tests/unit
copying build/lib/novaclient/tests/unit/fakes.py -> /home/ubuntu/miniconda/envs/_build/lib/python2.7/site-packages/novaclient/tests/unit
copying build/lib/novaclient/tests/unit/utils.py -> /home/ubuntu/miniconda/envs/_build/lib/python2.7/site-packages/novaclient/tests/unit
creating /home/ubuntu/miniconda/envs/_build/lib/python2.7/site-packages/novaclient/tests/unit/v2
copying build/lib/novaclient/tests/unit/v2/fakes.py -> /home/ubuntu/miniconda/envs/_build/lib/python2.7/site-packages/novaclient/tests/unit/v2
copying build/lib/novaclient/tests/unit/v2/test_server_groups.py -> /home/ubuntu/miniconda/envs/_build/lib/python2.7/site-packages/novaclient/tests/unit/v2
copying build/lib/novaclient/tests/unit/v2/test_keypairs.py -> /home/ubuntu/miniconda/envs/_build/lib/python2.7/site-packages/novaclient/tests/unit/v2
copying build/lib/novaclient/tests/unit/v2/test_agents.py -> /home/ubuntu/miniconda/envs/_build/lib/python2.7/site-packages/novaclient/tests/unit/v2
copying build/lib/novaclient/tests/unit/v2/utils.py -> /home/ubuntu/miniconda/envs/_build/lib/python2.7/site-packages/novaclient/tests/unit/v2
copying build/lib/novaclient/tests/unit/v2/test_floating_ips_bulk.py -> /home/ubuntu/miniconda/envs/_build/lib/python2.7/site-packages/novaclient/tests/unit/v2
copying build/lib/novaclient/tests/unit/v2/test_floating_ip_dns.py -> /home/ubuntu/miniconda/envs/_build/lib/python2.7/site-packages/novaclient/tests/unit/v2
copying build/lib/novaclient/tests/unit/v2/test_floating_ip_pools.py -> /home/ubuntu/miniconda/envs/_build/lib/python2.7/site-packages/novaclient/tests/unit/v2
copying build/lib/novaclient/tests/unit/v2/test_quotas.py -> /home/ubuntu/miniconda/envs/_build/lib/python2.7/site-packages/novaclient/tests/unit/v2
copying build/lib/novaclient/tests/unit/v2/test_flavors.py -> /home/ubuntu/miniconda/envs/_build/lib/python2.7/site-packages/novaclient/tests/unit/v2
copying build/lib/novaclient/tests/unit/v2/test_quota_classes.py -> /home/ubuntu/miniconda/envs/_build/lib/python2.7/site-packages/novaclient/tests/unit/v2
copying build/lib/novaclient/tests/unit/v2/test_hypervisors.py -> /home/ubuntu/miniconda/envs/_build/lib/python2.7/site-packages/novaclient/tests/unit/v2
copying build/lib/novaclient/tests/unit/v2/test_security_group_rules.py -> /home/ubuntu/miniconda/envs/_build/lib/python2.7/site-packages/novaclient/tests/unit/v2
copying build/lib/novaclient/tests/unit/v2/test_shell.py -> /home/ubuntu/miniconda/envs/_build/lib/python2.7/site-packages/novaclient/tests/unit/v2
copying build/lib/novaclient/tests/unit/v2/test_client.py -> /home/ubuntu/miniconda/envs/_build/lib/python2.7/site-packages/novaclient/tests/unit/v2
copying build/lib/novaclient/tests/unit/v2/test_security_groups.py -> /home/ubuntu/miniconda/envs/_build/lib/python2.7/site-packages/novaclient/tests/unit/v2
copying build/lib/novaclient/tests/unit/v2/test_servers.py -> /home/ubuntu/miniconda/envs/_build/lib/python2.7/site-packages/novaclient/tests/unit/v2
creating /home/ubuntu/miniconda/envs/_build/lib/python2.7/site-packages/novaclient/tests/unit/v2/contrib
copying build/lib/novaclient/tests/unit/v2/contrib/fakes.py -> /home/ubuntu/miniconda/envs/_build/lib/python2.7/site-packages/novaclient/tests/unit/v2/contrib
copying build/lib/novaclient/tests/unit/v2/contrib/test_cells.py -> /home/ubuntu/miniconda/envs/_build/lib/python2.7/site-packages/novaclient/tests/unit/v2/contrib
copying build/lib/novaclient/tests/unit/v2/contrib/test_list_extensions.py -> /home/ubuntu/miniconda/envs/_build/lib/python2.7/site-packages/novaclient/tests/unit/v2/contrib
copying build/lib/novaclient/tests/unit/v2/contrib/test_baremetal.py -> /home/ubuntu/miniconda/envs/_build/lib/python2.7/site-packages/novaclient/tests/unit/v2/contrib
copying build/lib/novaclient/tests/unit/v2/contrib/test_instance_actions.py -> /home/ubuntu/miniconda/envs/_build/lib/python2.7/site-packages/novaclient/tests/unit/v2/contrib
copying build/lib/novaclient/tests/unit/v2/contrib/test_server_external_events.py -> /home/ubuntu/miniconda/envs/_build/lib/python2.7/site-packages/novaclient/tests/unit/v2/contrib
copying build/lib/novaclient/tests/unit/v2/contrib/test_assisted_volume_snapshots.py -> /home/ubuntu/miniconda/envs/_build/lib/python2.7/site-packages/novaclient/tests/unit/v2/contrib
copying build/lib/novaclient/tests/unit/v2/contrib/__init__.py -> /home/ubuntu/miniconda/envs/_build/lib/python2.7/site-packages/novaclient/tests/unit/v2/contrib
copying build/lib/novaclient/tests/unit/v2/contrib/test_tenant_networks.py -> /home/ubuntu/miniconda/envs/_build/lib/python2.7/site-packages/novaclient/tests/unit/v2/contrib
copying build/lib/novaclient/tests/unit/v2/contrib/test_migrations.py -> /home/ubuntu/miniconda/envs/_build/lib/python2.7/site-packages/novaclient/tests/unit/v2/contrib
copying build/lib/novaclient/tests/unit/v2/test_networks.py -> /home/ubuntu/miniconda/envs/_build/lib/python2.7/site-packages/novaclient/tests/unit/v2
copying build/lib/novaclient/tests/unit/v2/test_hosts.py -> /home/ubuntu/miniconda/envs/_build/lib/python2.7/site-packages/novaclient/tests/unit/v2
copying build/lib/novaclient/tests/unit/v2/test_floating_ips.py -> /home/ubuntu/miniconda/envs/_build/lib/python2.7/site-packages/novaclient/tests/unit/v2
copying build/lib/novaclient/tests/unit/v2/test_availability_zone.py -> /home/ubuntu/miniconda/envs/_build/lib/python2.7/site-packages/novaclient/tests/unit/v2
copying build/lib/novaclient/tests/unit/v2/__init__.py -> /home/ubuntu/miniconda/envs/_build/lib/python2.7/site-packages/novaclient/tests/unit/v2
copying build/lib/novaclient/tests/unit/v2/test_flavor_access.py -> /home/ubuntu/miniconda/envs/_build/lib/python2.7/site-packages/novaclient/tests/unit/v2
copying build/lib/novaclient/tests/unit/v2/test_versions.py -> /home/ubuntu/miniconda/envs/_build/lib/python2.7/site-packages/novaclient/tests/unit/v2
copying build/lib/novaclient/tests/unit/v2/test_fixed_ips.py -> /home/ubuntu/miniconda/envs/_build/lib/python2.7/site-packages/novaclient/tests/unit/v2
copying build/lib/novaclient/tests/unit/v2/test_aggregates.py -> /home/ubuntu/miniconda/envs/_build/lib/python2.7/site-packages/novaclient/tests/unit/v2
copying build/lib/novaclient/tests/unit/v2/test_limits.py -> /home/ubuntu/miniconda/envs/_build/lib/python2.7/site-packages/novaclient/tests/unit/v2
copying build/lib/novaclient/tests/unit/v2/test_auth.py -> /home/ubuntu/miniconda/envs/_build/lib/python2.7/site-packages/novaclient/tests/unit/v2
copying build/lib/novaclient/tests/unit/v2/test_volumes.py -> /home/ubuntu/miniconda/envs/_build/lib/python2.7/site-packages/novaclient/tests/unit/v2
copying build/lib/novaclient/tests/unit/v2/test_certs.py -> /home/ubuntu/miniconda/envs/_build/lib/python2.7/site-packages/novaclient/tests/unit/v2
copying build/lib/novaclient/tests/unit/v2/test_fping.py -> /home/ubuntu/miniconda/envs/_build/lib/python2.7/site-packages/novaclient/tests/unit/v2
copying build/lib/novaclient/tests/unit/v2/test_usage.py -> /home/ubuntu/miniconda/envs/_build/lib/python2.7/site-packages/novaclient/tests/unit/v2
copying build/lib/novaclient/tests/unit/v2/test_cloudpipe.py -> /home/ubuntu/miniconda/envs/_build/lib/python2.7/site-packages/novaclient/tests/unit/v2
copying build/lib/novaclient/tests/unit/v2/test_images.py -> /home/ubuntu/miniconda/envs/_build/lib/python2.7/site-packages/novaclient/tests/unit/v2
copying build/lib/novaclient/tests/unit/v2/test_services.py -> /home/ubuntu/miniconda/envs/_build/lib/python2.7/site-packages/novaclient/tests/unit/v2
copying build/lib/novaclient/tests/unit/v2/testfile.txt -> /home/ubuntu/miniconda/envs/_build/lib/python2.7/site-packages/novaclient/tests/unit/v2
copying build/lib/novaclient/tests/unit/test_service_catalog.py -> /home/ubuntu/miniconda/envs/_build/lib/python2.7/site-packages/novaclient/tests/unit
copying build/lib/novaclient/tests/unit/test_shell.py -> /home/ubuntu/miniconda/envs/_build/lib/python2.7/site-packages/novaclient/tests/unit
copying build/lib/novaclient/tests/unit/test_client.py -> /home/ubuntu/miniconda/envs/_build/lib/python2.7/site-packages/novaclient/tests/unit
copying build/lib/novaclient/tests/unit/test_discover.py -> /home/ubuntu/miniconda/envs/_build/lib/python2.7/site-packages/novaclient/tests/unit
copying build/lib/novaclient/tests/unit/test_base.py -> /home/ubuntu/miniconda/envs/_build/lib/python2.7/site-packages/novaclient/tests/unit
copying build/lib/novaclient/tests/unit/test_http.py -> /home/ubuntu/miniconda/envs/_build/lib/python2.7/site-packages/novaclient/tests/unit
copying build/lib/novaclient/tests/unit/__init__.py -> /home/ubuntu/miniconda/envs/_build/lib/python2.7/site-packages/novaclient/tests/unit
copying build/lib/novaclient/tests/unit/test_auth_plugins.py -> /home/ubuntu/miniconda/envs/_build/lib/python2.7/site-packages/novaclient/tests/unit
copying build/lib/novaclient/tests/unit/idfake.pem -> /home/ubuntu/miniconda/envs/_build/lib/python2.7/site-packages/novaclient/tests/unit
creating /home/ubuntu/miniconda/envs/_build/lib/python2.7/site-packages/novaclient/tests/unit/fixture_data
copying build/lib/novaclient/tests/unit/fixture_data/server_groups.py -> /home/ubuntu/miniconda/envs/_build/lib/python2.7/site-packages/novaclient/tests/unit/fixture_data
copying build/lib/novaclient/tests/unit/fixture_data/keypairs.py -> /home/ubuntu/miniconda/envs/_build/lib/python2.7/site-packages/novaclient/tests/unit/fixture_data
copying build/lib/novaclient/tests/unit/fixture_data/agents.py -> /home/ubuntu/miniconda/envs/_build/lib/python2.7/site-packages/novaclient/tests/unit/fixture_data
copying build/lib/novaclient/tests/unit/fixture_data/availability_zones.py -> /home/ubuntu/miniconda/envs/_build/lib/python2.7/site-packages/novaclient/tests/unit/fixture_data
copying build/lib/novaclient/tests/unit/fixture_data/limits.py -> /home/ubuntu/miniconda/envs/_build/lib/python2.7/site-packages/novaclient/tests/unit/fixture_data
copying build/lib/novaclient/tests/unit/fixture_data/quotas.py -> /home/ubuntu/miniconda/envs/_build/lib/python2.7/site-packages/novaclient/tests/unit/fixture_data
copying build/lib/novaclient/tests/unit/fixture_data/security_groups.py -> /home/ubuntu/miniconda/envs/_build/lib/python2.7/site-packages/novaclient/tests/unit/fixture_data
copying build/lib/novaclient/tests/unit/fixture_data/hosts.py -> /home/ubuntu/miniconda/envs/_build/lib/python2.7/site-packages/novaclient/tests/unit/fixture_data
copying build/lib/novaclient/tests/unit/fixture_data/floatingips.py -> /home/ubuntu/miniconda/envs/_build/lib/python2.7/site-packages/novaclient/tests/unit/fixture_data
copying build/lib/novaclient/tests/unit/fixture_data/cloudpipe.py -> /home/ubuntu/miniconda/envs/_build/lib/python2.7/site-packages/novaclient/tests/unit/fixture_data
copying build/lib/novaclient/tests/unit/fixture_data/fixedips.py -> /home/ubuntu/miniconda/envs/_build/lib/python2.7/site-packages/novaclient/tests/unit/fixture_data
copying build/lib/novaclient/tests/unit/fixture_data/client.py -> /home/ubuntu/miniconda/envs/_build/lib/python2.7/site-packages/novaclient/tests/unit/fixture_data
copying build/lib/novaclient/tests/unit/fixture_data/certs.py -> /home/ubuntu/miniconda/envs/_build/lib/python2.7/site-packages/novaclient/tests/unit/fixture_data
copying build/lib/novaclient/tests/unit/fixture_data/__init__.py -> /home/ubuntu/miniconda/envs/_build/lib/python2.7/site-packages/novaclient/tests/unit/fixture_data
copying build/lib/novaclient/tests/unit/fixture_data/aggregates.py -> /home/ubuntu/miniconda/envs/_build/lib/python2.7/site-packages/novaclient/tests/unit/fixture_data
copying build/lib/novaclient/tests/unit/fixture_data/images.py -> /home/ubuntu/miniconda/envs/_build/lib/python2.7/site-packages/novaclient/tests/unit/fixture_data
copying build/lib/novaclient/tests/unit/fixture_data/networks.py -> /home/ubuntu/miniconda/envs/_build/lib/python2.7/site-packages/novaclient/tests/unit/fixture_data
copying build/lib/novaclient/tests/unit/fixture_data/servers.py -> /home/ubuntu/miniconda/envs/_build/lib/python2.7/site-packages/novaclient/tests/unit/fixture_data
copying build/lib/novaclient/tests/unit/fixture_data/security_group_rules.py -> /home/ubuntu/miniconda/envs/_build/lib/python2.7/site-packages/novaclient/tests/unit/fixture_data
copying build/lib/novaclient/tests/unit/fixture_data/hypervisors.py -> /home/ubuntu/miniconda/envs/_build/lib/python2.7/site-packages/novaclient/tests/unit/fixture_data
copying build/lib/novaclient/tests/unit/fixture_data/base.py -> /home/ubuntu/miniconda/envs/_build/lib/python2.7/site-packages/novaclient/tests/unit/fixture_data
copying build/lib/novaclient/tests/unit/fixture_data/fping.py -> /home/ubuntu/miniconda/envs/_build/lib/python2.7/site-packages/novaclient/tests/unit/fixture_data
copying build/lib/novaclient/tests/unit/test_utils.py -> /home/ubuntu/miniconda/envs/_build/lib/python2.7/site-packages/novaclient/tests/unit
creating /home/ubuntu/miniconda/envs/_build/lib/python2.7/site-packages/novaclient/tests/functional
copying build/lib/novaclient/tests/functional/test_readonly_nova.py -> /home/ubuntu/miniconda/envs/_build/lib/python2.7/site-packages/novaclient/tests/functional
copying build/lib/novaclient/tests/functional/test_instances.py -> /home/ubuntu/miniconda/envs/_build/lib/python2.7/site-packages/novaclient/tests/functional
copying build/lib/novaclient/tests/functional/__init__.py -> /home/ubuntu/miniconda/envs/_build/lib/python2.7/site-packages/novaclient/tests/functional
copying build/lib/novaclient/tests/functional/README.rst -> /home/ubuntu/miniconda/envs/_build/lib/python2.7/site-packages/novaclient/tests/functional
creating /home/ubuntu/miniconda/envs/_build/lib/python2.7/site-packages/novaclient/tests/functional/hooks
copying build/lib/novaclient/tests/functional/hooks/post_test_hook.sh -> /home/ubuntu/miniconda/envs/_build/lib/python2.7/site-packages/novaclient/tests/functional/hooks
copying build/lib/novaclient/tests/functional/test_volumes_api.py -> /home/ubuntu/miniconda/envs/_build/lib/python2.7/site-packages/novaclient/tests/functional
copying build/lib/novaclient/tests/functional/base.py -> /home/ubuntu/miniconda/envs/_build/lib/python2.7/site-packages/novaclient/tests/functional
copying build/lib/novaclient/tests/__init__.py -> /home/ubuntu/miniconda/envs/_build/lib/python2.7/site-packages/novaclient/tests
copying build/lib/novaclient/client.py -> /home/ubuntu/miniconda/envs/_build/lib/python2.7/site-packages/novaclient
copying build/lib/novaclient/__init__.py -> /home/ubuntu/miniconda/envs/_build/lib/python2.7/site-packages/novaclient
copying build/lib/novaclient/auth_plugin.py -> /home/ubuntu/miniconda/envs/_build/lib/python2.7/site-packages/novaclient
creating /home/ubuntu/miniconda/envs/_build/lib/python2.7/site-packages/novaclient/openstack
creating /home/ubuntu/miniconda/envs/_build/lib/python2.7/site-packages/novaclient/openstack/common
copying build/lib/novaclient/openstack/common/_i18n.py -> /home/ubuntu/miniconda/envs/_build/lib/python2.7/site-packages/novaclient/openstack/common
copying build/lib/novaclient/openstack/common/cliutils.py -> /home/ubuntu/miniconda/envs/_build/lib/python2.7/site-packages/novaclient/openstack/common
copying build/lib/novaclient/openstack/common/__init__.py -> /home/ubuntu/miniconda/envs/_build/lib/python2.7/site-packages/novaclient/openstack/common
creating /home/ubuntu/miniconda/envs/_build/lib/python2.7/site-packages/novaclient/openstack/common/apiclient
copying build/lib/novaclient/openstack/common/apiclient/fake_client.py -> /home/ubuntu/miniconda/envs/_build/lib/python2.7/site-packages/novaclient/openstack/common/apiclient
copying build/lib/novaclient/openstack/common/apiclient/utils.py -> /home/ubuntu/miniconda/envs/_build/lib/python2.7/site-packages/novaclient/openstack/common/apiclient
copying build/lib/novaclient/openstack/common/apiclient/client.py -> /home/ubuntu/miniconda/envs/_build/lib/python2.7/site-packages/novaclient/openstack/common/apiclient
copying build/lib/novaclient/openstack/common/apiclient/__init__.py -> /home/ubuntu/miniconda/envs/_build/lib/python2.7/site-packages/novaclient/openstack/common/apiclient
copying build/lib/novaclient/openstack/common/apiclient/auth.py -> /home/ubuntu/miniconda/envs/_build/lib/python2.7/site-packages/novaclient/openstack/common/apiclient
copying build/lib/novaclient/openstack/common/apiclient/base.py -> /home/ubuntu/miniconda/envs/_build/lib/python2.7/site-packages/novaclient/openstack/common/apiclient
copying build/lib/novaclient/openstack/common/apiclient/exceptions.py -> /home/ubuntu/miniconda/envs/_build/lib/python2.7/site-packages/novaclient/openstack/common/apiclient
copying build/lib/novaclient/openstack/__init__.py -> /home/ubuntu/miniconda/envs/_build/lib/python2.7/site-packages/novaclient/openstack
copying build/lib/novaclient/service_catalog.py -> /home/ubuntu/miniconda/envs/_build/lib/python2.7/site-packages/novaclient
copying build/lib/novaclient/crypto.py -> /home/ubuntu/miniconda/envs/_build/lib/python2.7/site-packages/novaclient
copying build/lib/novaclient/base.py -> /home/ubuntu/miniconda/envs/_build/lib/python2.7/site-packages/novaclient
copying build/lib/novaclient/extension.py -> /home/ubuntu/miniconda/envs/_build/lib/python2.7/site-packages/novaclient
copying build/lib/novaclient/exceptions.py -> /home/ubuntu/miniconda/envs/_build/lib/python2.7/site-packages/novaclient
byte-compiling /home/ubuntu/miniconda/envs/_build/lib/python2.7/site-packages/novaclient/utils.py to utils.pyc
byte-compiling /home/ubuntu/miniconda/envs/_build/lib/python2.7/site-packages/novaclient/i18n.py to i18n.pyc
byte-compiling /home/ubuntu/miniconda/envs/_build/lib/python2.7/site-packages/novaclient/v2/server_groups.py to server_groups.pyc
byte-compiling /home/ubuntu/miniconda/envs/_build/lib/python2.7/site-packages/novaclient/v2/virtual_interfaces.py to virtual_interfaces.pyc
byte-compiling /home/ubuntu/miniconda/envs/_build/lib/python2.7/site-packages/novaclient/v2/keypairs.py to keypairs.pyc
byte-compiling /home/ubuntu/miniconda/envs/_build/lib/python2.7/site-packages/novaclient/v2/volume_snapshots.py to volume_snapshots.pyc
byte-compiling /home/ubuntu/miniconda/envs/_build/lib/python2.7/site-packages/novaclient/v2/agents.py to agents.pyc
byte-compiling /home/ubuntu/miniconda/envs/_build/lib/python2.7/site-packages/novaclient/v2/availability_zones.py to availability_zones.pyc
byte-compiling /home/ubuntu/miniconda/envs/_build/lib/python2.7/site-packages/novaclient/v2/volume_types.py to volume_types.pyc
byte-compiling /home/ubuntu/miniconda/envs/_build/lib/python2.7/site-packages/novaclient/v2/fixed_ips.py to fixed_ips.pyc
byte-compiling /home/ubuntu/miniconda/envs/_build/lib/python2.7/site-packages/novaclient/v2/limits.py to limits.pyc
byte-compiling /home/ubuntu/miniconda/envs/_build/lib/python2.7/site-packages/novaclient/v2/volumes.py to volumes.pyc
byte-compiling /home/ubuntu/miniconda/envs/_build/lib/python2.7/site-packages/novaclient/v2/quotas.py to quotas.pyc
byte-compiling /home/ubuntu/miniconda/envs/_build/lib/python2.7/site-packages/novaclient/v2/flavor_access.py to flavor_access.pyc
byte-compiling /home/ubuntu/miniconda/envs/_build/lib/python2.7/site-packages/novaclient/v2/services.py to services.pyc
byte-compiling /home/ubuntu/miniconda/envs/_build/lib/python2.7/site-packages/novaclient/v2/floating_ip_pools.py to floating_ip_pools.pyc
byte-compiling /home/ubuntu/miniconda/envs/_build/lib/python2.7/site-packages/novaclient/v2/floating_ips_bulk.py to floating_ips_bulk.pyc
byte-compiling /home/ubuntu/miniconda/envs/_build/lib/python2.7/site-packages/novaclient/v2/security_groups.py to security_groups.pyc
byte-compiling /home/ubuntu/miniconda/envs/_build/lib/python2.7/site-packages/novaclient/v2/security_group_default_rules.py to security_group_default_rules.pyc
byte-compiling /home/ubuntu/miniconda/envs/_build/lib/python2.7/site-packages/novaclient/v2/floating_ips.py to floating_ips.pyc
byte-compiling /home/ubuntu/miniconda/envs/_build/lib/python2.7/site-packages/novaclient/v2/hosts.py to hosts.pyc
byte-compiling /home/ubuntu/miniconda/envs/_build/lib/python2.7/site-packages/novaclient/v2/shell.py to shell.pyc
byte-compiling /home/ubuntu/miniconda/envs/_build/lib/python2.7/site-packages/novaclient/v2/cloudpipe.py to cloudpipe.pyc
byte-compiling /home/ubuntu/miniconda/envs/_build/lib/python2.7/site-packages/novaclient/v2/contrib/cells.py to cells.pyc
byte-compiling /home/ubuntu/miniconda/envs/_build/lib/python2.7/site-packages/novaclient/v2/contrib/assisted_volume_snapshots.py to assisted_volume_snapshots.pyc
byte-compiling /home/ubuntu/miniconda/envs/_build/lib/python2.7/site-packages/novaclient/v2/contrib/host_evacuate.py to host_evacuate.pyc
byte-compiling /home/ubuntu/miniconda/envs/_build/lib/python2.7/site-packages/novaclient/v2/contrib/tenant_networks.py to tenant_networks.pyc
byte-compiling /home/ubuntu/miniconda/envs/_build/lib/python2.7/site-packages/novaclient/v2/contrib/server_external_events.py to server_external_events.pyc
byte-compiling /home/ubuntu/miniconda/envs/_build/lib/python2.7/site-packages/novaclient/v2/contrib/host_evacuate_live.py to host_evacuate_live.pyc
byte-compiling /home/ubuntu/miniconda/envs/_build/lib/python2.7/site-packages/novaclient/v2/contrib/host_servers_migrate.py to host_servers_migrate.pyc
byte-compiling /home/ubuntu/miniconda/envs/_build/lib/python2.7/site-packages/novaclient/v2/contrib/list_extensions.py to list_extensions.pyc
byte-compiling /home/ubuntu/miniconda/envs/_build/lib/python2.7/site-packages/novaclient/v2/contrib/deferred_delete.py to deferred_delete.pyc
byte-compiling /home/ubuntu/miniconda/envs/_build/lib/python2.7/site-packages/novaclient/v2/contrib/metadata_extensions.py to metadata_extensions.pyc
byte-compiling /home/ubuntu/miniconda/envs/_build/lib/python2.7/site-packages/novaclient/v2/contrib/__init__.py to __init__.pyc
byte-compiling /home/ubuntu/miniconda/envs/_build/lib/python2.7/site-packages/novaclient/v2/contrib/migrations.py to migrations.pyc
byte-compiling /home/ubuntu/miniconda/envs/_build/lib/python2.7/site-packages/novaclient/v2/contrib/instance_action.py to instance_action.pyc
byte-compiling /home/ubuntu/miniconda/envs/_build/lib/python2.7/site-packages/novaclient/v2/contrib/baremetal.py to baremetal.pyc
byte-compiling /home/ubuntu/miniconda/envs/_build/lib/python2.7/site-packages/novaclient/v2/floating_ip_dns.py to floating_ip_dns.pyc
byte-compiling /home/ubuntu/miniconda/envs/_build/lib/python2.7/site-packages/novaclient/v2/versions.py to versions.pyc
byte-compiling /home/ubuntu/miniconda/envs/_build/lib/python2.7/site-packages/novaclient/v2/client.py to client.pyc
byte-compiling /home/ubuntu/miniconda/envs/_build/lib/python2.7/site-packages/novaclient/v2/certs.py to certs.pyc
byte-compiling /home/ubuntu/miniconda/envs/_build/lib/python2.7/site-packages/novaclient/v2/__init__.py to __init__.pyc
byte-compiling /home/ubuntu/miniconda/envs/_build/lib/python2.7/site-packages/novaclient/v2/quota_classes.py to quota_classes.pyc
byte-compiling /home/ubuntu/miniconda/envs/_build/lib/python2.7/site-packages/novaclient/v2/aggregates.py to aggregates.pyc
byte-compiling /home/ubuntu/miniconda/envs/_build/lib/python2.7/site-packages/novaclient/v2/flavors.py to flavors.pyc
byte-compiling /home/ubuntu/miniconda/envs/_build/lib/python2.7/site-packages/novaclient/v2/images.py to images.pyc
byte-compiling /home/ubuntu/miniconda/envs/_build/lib/python2.7/site-packages/novaclient/v2/usage.py to usage.pyc
byte-compiling /home/ubuntu/miniconda/envs/_build/lib/python2.7/site-packages/novaclient/v2/networks.py to networks.pyc
byte-compiling /home/ubuntu/miniconda/envs/_build/lib/python2.7/site-packages/novaclient/v2/servers.py to servers.pyc
byte-compiling /home/ubuntu/miniconda/envs/_build/lib/python2.7/site-packages/novaclient/v2/security_group_rules.py to security_group_rules.pyc
byte-compiling /home/ubuntu/miniconda/envs/_build/lib/python2.7/site-packages/novaclient/v2/hypervisors.py to hypervisors.pyc
byte-compiling /home/ubuntu/miniconda/envs/_build/lib/python2.7/site-packages/novaclient/v2/fping.py to fping.pyc
byte-compiling /home/ubuntu/miniconda/envs/_build/lib/python2.7/site-packages/novaclient/shell.py to shell.pyc
byte-compiling /home/ubuntu/miniconda/envs/_build/lib/python2.7/site-packages/novaclient/v1_1/__init__.py to __init__.pyc
byte-compiling /home/ubuntu/miniconda/envs/_build/lib/python2.7/site-packages/novaclient/tests/unit/fakes.py to fakes.pyc
byte-compiling /home/ubuntu/miniconda/envs/_build/lib/python2.7/site-packages/novaclient/tests/unit/utils.py to utils.pyc
byte-compiling /home/ubuntu/miniconda/envs/_build/lib/python2.7/site-packages/novaclient/tests/unit/v2/fakes.py to fakes.pyc
byte-compiling /home/ubuntu/miniconda/envs/_build/lib/python2.7/site-packages/novaclient/tests/unit/v2/test_server_groups.py to test_server_groups.pyc
byte-compiling /home/ubuntu/miniconda/envs/_build/lib/python2.7/site-packages/novaclient/tests/unit/v2/test_keypairs.py to test_keypairs.pyc
byte-compiling /home/ubuntu/miniconda/envs/_build/lib/python2.7/site-packages/novaclient/tests/unit/v2/test_agents.py to test_agents.pyc
byte-compiling /home/ubuntu/miniconda/envs/_build/lib/python2.7/site-packages/novaclient/tests/unit/v2/utils.py to utils.pyc
byte-compiling /home/ubuntu/miniconda/envs/_build/lib/python2.7/site-packages/novaclient/tests/unit/v2/test_floating_ips_bulk.py to test_floating_ips_bulk.pyc
byte-compiling /home/ubuntu/miniconda/envs/_build/lib/python2.7/site-packages/novaclient/tests/unit/v2/test_floating_ip_dns.py to test_floating_ip_dns.pyc
byte-compiling /home/ubuntu/miniconda/envs/_build/lib/python2.7/site-packages/novaclient/tests/unit/v2/test_floating_ip_pools.py to test_floating_ip_pools.pyc
byte-compiling /home/ubuntu/miniconda/envs/_build/lib/python2.7/site-packages/novaclient/tests/unit/v2/test_quotas.py to test_quotas.pyc
byte-compiling /home/ubuntu/miniconda/envs/_build/lib/python2.7/site-packages/novaclient/tests/unit/v2/test_flavors.py to test_flavors.pyc
byte-compiling /home/ubuntu/miniconda/envs/_build/lib/python2.7/site-packages/novaclient/tests/unit/v2/test_quota_classes.py to test_quota_classes.pyc
byte-compiling /home/ubuntu/miniconda/envs/_build/lib/python2.7/site-packages/novaclient/tests/unit/v2/test_hypervisors.py to test_hypervisors.pyc
byte-compiling /home/ubuntu/miniconda/envs/_build/lib/python2.7/site-packages/novaclient/tests/unit/v2/test_security_group_rules.py to test_security_group_rules.pyc
byte-compiling /home/ubuntu/miniconda/envs/_build/lib/python2.7/site-packages/novaclient/tests/unit/v2/test_shell.py to test_shell.pyc
byte-compiling /home/ubuntu/miniconda/envs/_build/lib/python2.7/site-packages/novaclient/tests/unit/v2/test_client.py to test_client.pyc
byte-compiling /home/ubuntu/miniconda/envs/_build/lib/python2.7/site-packages/novaclient/tests/unit/v2/test_security_groups.py to test_security_groups.pyc
byte-compiling /home/ubuntu/miniconda/envs/_build/lib/python2.7/site-packages/novaclient/tests/unit/v2/test_servers.py to test_servers.pyc
byte-compiling /home/ubuntu/miniconda/envs/_build/lib/python2.7/site-packages/novaclient/tests/unit/v2/contrib/fakes.py to fakes.pyc
byte-compiling /home/ubuntu/miniconda/envs/_build/lib/python2.7/site-packages/novaclient/tests/unit/v2/contrib/test_cells.py to test_cells.pyc
byte-compiling /home/ubuntu/miniconda/envs/_build/lib/python2.7/site-packages/novaclient/tests/unit/v2/contrib/test_list_extensions.py to test_list_extensions.pyc
byte-compiling /home/ubuntu/miniconda/envs/_build/lib/python2.7/site-packages/novaclient/tests/unit/v2/contrib/test_baremetal.py to test_baremetal.pyc
byte-compiling /home/ubuntu/miniconda/envs/_build/lib/python2.7/site-packages/novaclient/tests/unit/v2/contrib/test_instance_actions.py to test_instance_actions.pyc
byte-compiling /home/ubuntu/miniconda/envs/_build/lib/python2.7/site-packages/novaclient/tests/unit/v2/contrib/test_server_external_events.py to test_server_external_events.pyc
byte-compiling /home/ubuntu/miniconda/envs/_build/lib/python2.7/site-packages/novaclient/tests/unit/v2/contrib/test_assisted_volume_snapshots.py to test_assisted_volume_snapshots.pyc
byte-compiling /home/ubuntu/miniconda/envs/_build/lib/python2.7/site-packages/novaclient/tests/unit/v2/contrib/__init__.py to __init__.pyc
byte-compiling /home/ubuntu/miniconda/envs/_build/lib/python2.7/site-packages/novaclient/tests/unit/v2/contrib/test_tenant_networks.py to test_tenant_networks.pyc
byte-compiling /home/ubuntu/miniconda/envs/_build/lib/python2.7/site-packages/novaclient/tests/unit/v2/contrib/test_migrations.py to test_migrations.pyc
byte-compiling /home/ubuntu/miniconda/envs/_build/lib/python2.7/site-packages/novaclient/tests/unit/v2/test_networks.py to test_networks.pyc
byte-compiling /home/ubuntu/miniconda/envs/_build/lib/python2.7/site-packages/novaclient/tests/unit/v2/test_hosts.py to test_hosts.pyc
byte-compiling /home/ubuntu/miniconda/envs/_build/lib/python2.7/site-packages/novaclient/tests/unit/v2/test_floating_ips.py to test_floating_ips.pyc
byte-compiling /home/ubuntu/miniconda/envs/_build/lib/python2.7/site-packages/novaclient/tests/unit/v2/test_availability_zone.py to test_availability_zone.pyc
byte-compiling /home/ubuntu/miniconda/envs/_build/lib/python2.7/site-packages/novaclient/tests/unit/v2/__init__.py to __init__.pyc
byte-compiling /home/ubuntu/miniconda/envs/_build/lib/python2.7/site-packages/novaclient/tests/unit/v2/test_flavor_access.py to test_flavor_access.pyc
byte-compiling /home/ubuntu/miniconda/envs/_build/lib/python2.7/site-packages/novaclient/tests/unit/v2/test_versions.py to test_versions.pyc
byte-compiling /home/ubuntu/miniconda/envs/_build/lib/python2.7/site-packages/novaclient/tests/unit/v2/test_fixed_ips.py to test_fixed_ips.pyc
byte-compiling /home/ubuntu/miniconda/envs/_build/lib/python2.7/site-packages/novaclient/tests/unit/v2/test_aggregates.py to test_aggregates.pyc
byte-compiling /home/ubuntu/miniconda/envs/_build/lib/python2.7/site-packages/novaclient/tests/unit/v2/test_limits.py to test_limits.pyc
byte-compiling /home/ubuntu/miniconda/envs/_build/lib/python2.7/site-packages/novaclient/tests/unit/v2/test_auth.py to test_auth.pyc
byte-compiling /home/ubuntu/miniconda/envs/_build/lib/python2.7/site-packages/novaclient/tests/unit/v2/test_volumes.py to test_volumes.pyc
byte-compiling /home/ubuntu/miniconda/envs/_build/lib/python2.7/site-packages/novaclient/tests/unit/v2/test_certs.py to test_certs.pyc
byte-compiling /home/ubuntu/miniconda/envs/_build/lib/python2.7/site-packages/novaclient/tests/unit/v2/test_fping.py to test_fping.pyc
byte-compiling /home/ubuntu/miniconda/envs/_build/lib/python2.7/site-packages/novaclient/tests/unit/v2/test_usage.py to test_usage.pyc
byte-compiling /home/ubuntu/miniconda/envs/_build/lib/python2.7/site-packages/novaclient/tests/unit/v2/test_cloudpipe.py to test_cloudpipe.pyc
byte-compiling /home/ubuntu/miniconda/envs/_build/lib/python2.7/site-packages/novaclient/tests/unit/v2/test_images.py to test_images.pyc
byte-compiling /home/ubuntu/miniconda/envs/_build/lib/python2.7/site-packages/novaclient/tests/unit/v2/test_services.py to test_services.pyc
byte-compiling /home/ubuntu/miniconda/envs/_build/lib/python2.7/site-packages/novaclient/tests/unit/test_service_catalog.py to test_service_catalog.pyc
byte-compiling /home/ubuntu/miniconda/envs/_build/lib/python2.7/site-packages/novaclient/tests/unit/test_shell.py to test_shell.pyc
byte-compiling /home/ubuntu/miniconda/envs/_build/lib/python2.7/site-packages/novaclient/tests/unit/test_client.py to test_client.pyc
byte-compiling /home/ubuntu/miniconda/envs/_build/lib/python2.7/site-packages/novaclient/tests/unit/test_discover.py to test_discover.pyc
byte-compiling /home/ubuntu/miniconda/envs/_build/lib/python2.7/site-packages/novaclient/tests/unit/test_base.py to test_base.pyc
byte-compiling /home/ubuntu/miniconda/envs/_build/lib/python2.7/site-packages/novaclient/tests/unit/test_http.py to test_http.pyc
byte-compiling /home/ubuntu/miniconda/envs/_build/lib/python2.7/site-packages/novaclient/tests/unit/__init__.py to __init__.pyc
byte-compiling /home/ubuntu/miniconda/envs/_build/lib/python2.7/site-packages/novaclient/tests/unit/test_auth_plugins.py to test_auth_plugins.pyc
byte-compiling /home/ubuntu/miniconda/envs/_build/lib/python2.7/site-packages/novaclient/tests/unit/fixture_data/server_groups.py to server_groups.pyc
byte-compiling /home/ubuntu/miniconda/envs/_build/lib/python2.7/site-packages/novaclient/tests/unit/fixture_data/keypairs.py to keypairs.pyc
byte-compiling /home/ubuntu/miniconda/envs/_build/lib/python2.7/site-packages/novaclient/tests/unit/fixture_data/agents.py to agents.pyc
byte-compiling /home/ubuntu/miniconda/envs/_build/lib/python2.7/site-packages/novaclient/tests/unit/fixture_data/availability_zones.py to availability_zones.pyc
byte-compiling /home/ubuntu/miniconda/envs/_build/lib/python2.7/site-packages/novaclient/tests/unit/fixture_data/limits.py to limits.pyc
byte-compiling /home/ubuntu/miniconda/envs/_build/lib/python2.7/site-packages/novaclient/tests/unit/fixture_data/quotas.py to quotas.pyc
byte-compiling /home/ubuntu/miniconda/envs/_build/lib/python2.7/site-packages/novaclient/tests/unit/fixture_data/security_groups.py to security_groups.pyc
byte-compiling /home/ubuntu/miniconda/envs/_build/lib/python2.7/site-packages/novaclient/tests/unit/fixture_data/hosts.py to hosts.pyc
byte-compiling /home/ubuntu/miniconda/envs/_build/lib/python2.7/site-packages/novaclient/tests/unit/fixture_data/floatingips.py to floatingips.pyc
byte-compiling /home/ubuntu/miniconda/envs/_build/lib/python2.7/site-packages/novaclient/tests/unit/fixture_data/cloudpipe.py to cloudpipe.pyc
byte-compiling /home/ubuntu/miniconda/envs/_build/lib/python2.7/site-packages/novaclient/tests/unit/fixture_data/fixedips.py to fixedips.pyc
byte-compiling /home/ubuntu/miniconda/envs/_build/lib/python2.7/site-packages/novaclient/tests/unit/fixture_data/client.py to client.pyc
byte-compiling /home/ubuntu/miniconda/envs/_build/lib/python2.7/site-packages/novaclient/tests/unit/fixture_data/certs.py to certs.pyc
byte-compiling /home/ubuntu/miniconda/envs/_build/lib/python2.7/site-packages/novaclient/tests/unit/fixture_data/__init__.py to __init__.pyc
byte-compiling /home/ubuntu/miniconda/envs/_build/lib/python2.7/site-packages/novaclient/tests/unit/fixture_data/aggregates.py to aggregates.pyc
byte-compiling /home/ubuntu/miniconda/envs/_build/lib/python2.7/site-packages/novaclient/tests/unit/fixture_data/images.py to images.pyc
byte-compiling /home/ubuntu/miniconda/envs/_build/lib/python2.7/site-packages/novaclient/tests/unit/fixture_data/networks.py to networks.pyc
byte-compiling /home/ubuntu/miniconda/envs/_build/lib/python2.7/site-packages/novaclient/tests/unit/fixture_data/servers.py to servers.pyc
byte-compiling /home/ubuntu/miniconda/envs/_build/lib/python2.7/site-packages/novaclient/tests/unit/fixture_data/security_group_rules.py to security_group_rules.pyc
byte-compiling /home/ubuntu/miniconda/envs/_build/lib/python2.7/site-packages/novaclient/tests/unit/fixture_data/hypervisors.py to hypervisors.pyc
byte-compiling /home/ubuntu/miniconda/envs/_build/lib/python2.7/site-packages/novaclient/tests/unit/fixture_data/base.py to base.pyc
byte-compiling /home/ubuntu/miniconda/envs/_build/lib/python2.7/site-packages/novaclient/tests/unit/fixture_data/fping.py to fping.pyc
byte-compiling /home/ubuntu/miniconda/envs/_build/lib/python2.7/site-packages/novaclient/tests/unit/test_utils.py to test_utils.pyc
byte-compiling /home/ubuntu/miniconda/envs/_build/lib/python2.7/site-packages/novaclient/tests/functional/test_readonly_nova.py to test_readonly_nova.pyc
byte-compiling /home/ubuntu/miniconda/envs/_build/lib/python2.7/site-packages/novaclient/tests/functional/test_instances.py to test_instances.pyc
byte-compiling /home/ubuntu/miniconda/envs/_build/lib/python2.7/site-packages/novaclient/tests/functional/__init__.py to __init__.pyc
byte-compiling /home/ubuntu/miniconda/envs/_build/lib/python2.7/site-packages/novaclient/tests/functional/test_volumes_api.py to test_volumes_api.pyc
byte-compiling /home/ubuntu/miniconda/envs/_build/lib/python2.7/site-packages/novaclient/tests/functional/base.py to base.pyc
byte-compiling /home/ubuntu/miniconda/envs/_build/lib/python2.7/site-packages/novaclient/tests/__init__.py to __init__.pyc
byte-compiling /home/ubuntu/miniconda/envs/_build/lib/python2.7/site-packages/novaclient/client.py to client.pyc
byte-compiling /home/ubuntu/miniconda/envs/_build/lib/python2.7/site-packages/novaclient/__init__.py to __init__.pyc
byte-compiling /home/ubuntu/miniconda/envs/_build/lib/python2.7/site-packages/novaclient/auth_plugin.py to auth_plugin.pyc
byte-compiling /home/ubuntu/miniconda/envs/_build/lib/python2.7/site-packages/novaclient/openstack/common/_i18n.py to _i18n.pyc
byte-compiling /home/ubuntu/miniconda/envs/_build/lib/python2.7/site-packages/novaclient/openstack/common/cliutils.py to cliutils.pyc
byte-compiling /home/ubuntu/miniconda/envs/_build/lib/python2.7/site-packages/novaclient/openstack/common/__init__.py to __init__.pyc
byte-compiling /home/ubuntu/miniconda/envs/_build/lib/python2.7/site-packages/novaclient/openstack/common/apiclient/fake_client.py to fake_client.pyc
byte-compiling /home/ubuntu/miniconda/envs/_build/lib/python2.7/site-packages/novaclient/openstack/common/apiclient/utils.py to utils.pyc
byte-compiling /home/ubuntu/miniconda/envs/_build/lib/python2.7/site-packages/novaclient/openstack/common/apiclient/client.py to client.pyc
byte-compiling /home/ubuntu/miniconda/envs/_build/lib/python2.7/site-packages/novaclient/openstack/common/apiclient/__init__.py to __init__.pyc
byte-compiling /home/ubuntu/miniconda/envs/_build/lib/python2.7/site-packages/novaclient/openstack/common/apiclient/auth.py to auth.pyc
byte-compiling /home/ubuntu/miniconda/envs/_build/lib/python2.7/site-packages/novaclient/openstack/common/apiclient/base.py to base.pyc
byte-compiling /home/ubuntu/miniconda/envs/_build/lib/python2.7/site-packages/novaclient/openstack/common/apiclient/exceptions.py to exceptions.pyc
byte-compiling /home/ubuntu/miniconda/envs/_build/lib/python2.7/site-packages/novaclient/openstack/__init__.py to __init__.pyc
byte-compiling /home/ubuntu/miniconda/envs/_build/lib/python2.7/site-packages/novaclient/service_catalog.py to service_catalog.pyc
byte-compiling /home/ubuntu/miniconda/envs/_build/lib/python2.7/site-packages/novaclient/crypto.py to crypto.pyc
byte-compiling /home/ubuntu/miniconda/envs/_build/lib/python2.7/site-packages/novaclient/base.py to base.pyc
byte-compiling /home/ubuntu/miniconda/envs/_build/lib/python2.7/site-packages/novaclient/extension.py to extension.pyc
byte-compiling /home/ubuntu/miniconda/envs/_build/lib/python2.7/site-packages/novaclient/exceptions.py to exceptions.pyc
running install_egg_info
Copying python_novaclient.egg-info to /home/ubuntu/miniconda/envs/_build/lib/python2.7/site-packages/python_novaclient-2.25.0-py2.7.egg-info
running install_scripts
Installing nova script to /home/ubuntu/miniconda/envs/_build/bin

The following NEW packages will be INSTALLED:

    openssl:    1.0.1k-1    
    pbr:        1.0.1-py27_0
    pip:        6.1.1-py27_0
    python:     2.7.9-3     
    readline:   6.2-2       
    setuptools: 16.0-py27_0 
    sqlite:     3.8.4.1-1   
    system:     5.8-2       
    tk:         8.5.18-0    
    zlib:       1.2.8-0     

Linking packages ...
[                    ]|                                                  |   0%[openssl             ]|                                                  |   0%[readline            ]|#####                                             |  10%[sqlite              ]|##########                                        |  20%[system              ]|###############                                   |  30%[tk                  ]|####################                              |  40%[zlib                ]|#########################                         |  50%[python              ]|##############################                    |  60%[setuptools          ]|###################################               |  70%[pbr                 ]|########################################          |  80%[pip                 ]|#############################################     |  90%[      COMPLETE      ]|##################################################| 100%
Removing old work directory
Source cache directory is: /home/ubuntu/miniconda/conda-bld/src_cache
Found source in cache: python-novaclient-2.25.0.tar.gz
Extracting download
Package: python-novaclient-2.25.0-py27_0
source tree in: /home/ubuntu/miniconda/conda-bld/work/python-novaclient-2.25.0
number of files: 327
Fixing permissions
Detected hard-coded path in text file bin/nova
Fixing permissions
BUILD END: python-novaclient-2.25.0-py27_0
Nothing to test for: python-novaclient-2.25.0-py27_0
# If you want to upload this package to binstar.org later, type:
#
# $ binstar upload /home/ubuntu/miniconda/conda-bld/linux-64/python-novaclient-2.25.0-py27_0.tar.bz2
#
# To have conda build upload to binstar automatically, use
# $ conda config --set binstar_upload yes

