Removing old build directory
Removing old work directory
BUILD START: python-ceilometerclient-1.0.14-py27_0
Fetching package metadata: ......
Solving package specifications: .+ /home/ubuntu/miniconda/envs/_build/bin/python setup.py install
running install
running build
running build_py
creating build
creating build/lib
creating build/lib/ceilometerclient
creating build/lib/ceilometerclient/common
copying ceilometerclient/common/utils.py -> build/lib/ceilometerclient/common
copying ceilometerclient/common/__init__.py -> build/lib/ceilometerclient/common
copying ceilometerclient/common/base.py -> build/lib/ceilometerclient/common
creating build/lib/ceilometerclient/openstack
creating build/lib/ceilometerclient/openstack/common
creating build/lib/ceilometerclient/openstack/common/apiclient
copying ceilometerclient/openstack/common/apiclient/fake_client.py -> build/lib/ceilometerclient/openstack/common/apiclient
copying ceilometerclient/openstack/common/apiclient/utils.py -> build/lib/ceilometerclient/openstack/common/apiclient
copying ceilometerclient/openstack/common/apiclient/client.py -> build/lib/ceilometerclient/openstack/common/apiclient
copying ceilometerclient/openstack/common/apiclient/__init__.py -> build/lib/ceilometerclient/openstack/common/apiclient
copying ceilometerclient/openstack/common/apiclient/auth.py -> build/lib/ceilometerclient/openstack/common/apiclient
copying ceilometerclient/openstack/common/apiclient/base.py -> build/lib/ceilometerclient/openstack/common/apiclient
copying ceilometerclient/openstack/common/apiclient/exceptions.py -> build/lib/ceilometerclient/openstack/common/apiclient
creating build/lib/ceilometerclient/tests
creating build/lib/ceilometerclient/tests/v2
copying ceilometerclient/tests/v2/test_query_alarm_history.py -> build/lib/ceilometerclient/tests/v2
copying ceilometerclient/tests/v2/test_alarms.py -> build/lib/ceilometerclient/tests/v2
copying ceilometerclient/tests/v2/test_event_types.py -> build/lib/ceilometerclient/tests/v2
copying ceilometerclient/tests/v2/test_events.py -> build/lib/ceilometerclient/tests/v2
copying ceilometerclient/tests/v2/test_statistics.py -> build/lib/ceilometerclient/tests/v2
copying ceilometerclient/tests/v2/test_shell.py -> build/lib/ceilometerclient/tests/v2
copying ceilometerclient/tests/v2/test_resources.py -> build/lib/ceilometerclient/tests/v2
copying ceilometerclient/tests/v2/test_traits.py -> build/lib/ceilometerclient/tests/v2
copying ceilometerclient/tests/v2/__init__.py -> build/lib/ceilometerclient/tests/v2
copying ceilometerclient/tests/v2/test_options.py -> build/lib/ceilometerclient/tests/v2
copying ceilometerclient/tests/v2/test_query_samples.py -> build/lib/ceilometerclient/tests/v2
copying ceilometerclient/tests/v2/test_trait_descriptions.py -> build/lib/ceilometerclient/tests/v2
copying ceilometerclient/tests/v2/test_samples.py -> build/lib/ceilometerclient/tests/v2
copying ceilometerclient/tests/v2/test_query_alarms.py -> build/lib/ceilometerclient/tests/v2
creating build/lib/ceilometerclient/tests/v1
copying ceilometerclient/tests/v1/test_projects.py -> build/lib/ceilometerclient/tests/v1
copying ceilometerclient/tests/v1/test_resources.py -> build/lib/ceilometerclient/tests/v1
copying ceilometerclient/tests/v1/__init__.py -> build/lib/ceilometerclient/tests/v1
copying ceilometerclient/tests/v1/test_users.py -> build/lib/ceilometerclient/tests/v1
copying ceilometerclient/tests/v1/test_meters.py -> build/lib/ceilometerclient/tests/v1
copying ceilometerclient/tests/v1/test_samples.py -> build/lib/ceilometerclient/tests/v1
creating build/lib/ceilometerclient/v2
copying ceilometerclient/v2/alarms.py -> build/lib/ceilometerclient/v2
copying ceilometerclient/v2/meters.py -> build/lib/ceilometerclient/v2
copying ceilometerclient/v2/statistics.py -> build/lib/ceilometerclient/v2
copying ceilometerclient/v2/traits.py -> build/lib/ceilometerclient/v2
copying ceilometerclient/v2/options.py -> build/lib/ceilometerclient/v2
copying ceilometerclient/v2/shell.py -> build/lib/ceilometerclient/v2
copying ceilometerclient/v2/query.py -> build/lib/ceilometerclient/v2
copying ceilometerclient/v2/events.py -> build/lib/ceilometerclient/v2
copying ceilometerclient/v2/resources.py -> build/lib/ceilometerclient/v2
copying ceilometerclient/v2/trait_descriptions.py -> build/lib/ceilometerclient/v2
copying ceilometerclient/v2/client.py -> build/lib/ceilometerclient/v2
copying ceilometerclient/v2/__init__.py -> build/lib/ceilometerclient/v2
copying ceilometerclient/v2/samples.py -> build/lib/ceilometerclient/v2
copying ceilometerclient/v2/event_types.py -> build/lib/ceilometerclient/v2
creating build/lib/ceilometerclient/v1
copying ceilometerclient/v1/meters.py -> build/lib/ceilometerclient/v1
copying ceilometerclient/v1/shell.py -> build/lib/ceilometerclient/v1
copying ceilometerclient/v1/client.py -> build/lib/ceilometerclient/v1
copying ceilometerclient/v1/__init__.py -> build/lib/ceilometerclient/v1
copying ceilometerclient/exc.py -> build/lib/ceilometerclient
copying ceilometerclient/shell.py -> build/lib/ceilometerclient
copying ceilometerclient/client.py -> build/lib/ceilometerclient
copying ceilometerclient/__init__.py -> build/lib/ceilometerclient
copying ceilometerclient/openstack/__init__.py -> build/lib/ceilometerclient/openstack
copying ceilometerclient/tests/fakes.py -> build/lib/ceilometerclient/tests
copying ceilometerclient/tests/utils.py -> build/lib/ceilometerclient/tests
copying ceilometerclient/tests/test_shell.py -> build/lib/ceilometerclient/tests
copying ceilometerclient/tests/test_client.py -> build/lib/ceilometerclient/tests
copying ceilometerclient/tests/__init__.py -> build/lib/ceilometerclient/tests
copying ceilometerclient/tests/test_exc.py -> build/lib/ceilometerclient/tests
copying ceilometerclient/tests/test_utils.py -> build/lib/ceilometerclient/tests
copying ceilometerclient/openstack/common/_i18n.py -> build/lib/ceilometerclient/openstack/common
copying ceilometerclient/openstack/common/cliutils.py -> build/lib/ceilometerclient/openstack/common
copying ceilometerclient/openstack/common/uuidutils.py -> build/lib/ceilometerclient/openstack/common
copying ceilometerclient/openstack/common/__init__.py -> build/lib/ceilometerclient/openstack/common
running egg_info
writing requirements to python_ceilometerclient.egg-info/requires.txt
writing python_ceilometerclient.egg-info/PKG-INFO
writing top-level names to python_ceilometerclient.egg-info/top_level.txt
writing dependency_links to python_ceilometerclient.egg-info/dependency_links.txt
writing entry points to python_ceilometerclient.egg-info/entry_points.txt
[pbr] Reusing existing SOURCES.txt
running install_lib
creating /home/ubuntu/miniconda/envs/_build/lib/python2.7/site-packages/ceilometerclient
creating /home/ubuntu/miniconda/envs/_build/lib/python2.7/site-packages/ceilometerclient/common
copying build/lib/ceilometerclient/common/utils.py -> /home/ubuntu/miniconda/envs/_build/lib/python2.7/site-packages/ceilometerclient/common
copying build/lib/ceilometerclient/common/__init__.py -> /home/ubuntu/miniconda/envs/_build/lib/python2.7/site-packages/ceilometerclient/common
copying build/lib/ceilometerclient/common/base.py -> /home/ubuntu/miniconda/envs/_build/lib/python2.7/site-packages/ceilometerclient/common
copying build/lib/ceilometerclient/exc.py -> /home/ubuntu/miniconda/envs/_build/lib/python2.7/site-packages/ceilometerclient
creating /home/ubuntu/miniconda/envs/_build/lib/python2.7/site-packages/ceilometerclient/v1
copying build/lib/ceilometerclient/v1/meters.py -> /home/ubuntu/miniconda/envs/_build/lib/python2.7/site-packages/ceilometerclient/v1
copying build/lib/ceilometerclient/v1/shell.py -> /home/ubuntu/miniconda/envs/_build/lib/python2.7/site-packages/ceilometerclient/v1
copying build/lib/ceilometerclient/v1/client.py -> /home/ubuntu/miniconda/envs/_build/lib/python2.7/site-packages/ceilometerclient/v1
copying build/lib/ceilometerclient/v1/__init__.py -> /home/ubuntu/miniconda/envs/_build/lib/python2.7/site-packages/ceilometerclient/v1
creating /home/ubuntu/miniconda/envs/_build/lib/python2.7/site-packages/ceilometerclient/v2
copying build/lib/ceilometerclient/v2/alarms.py -> /home/ubuntu/miniconda/envs/_build/lib/python2.7/site-packages/ceilometerclient/v2
copying build/lib/ceilometerclient/v2/meters.py -> /home/ubuntu/miniconda/envs/_build/lib/python2.7/site-packages/ceilometerclient/v2
copying build/lib/ceilometerclient/v2/statistics.py -> /home/ubuntu/miniconda/envs/_build/lib/python2.7/site-packages/ceilometerclient/v2
copying build/lib/ceilometerclient/v2/traits.py -> /home/ubuntu/miniconda/envs/_build/lib/python2.7/site-packages/ceilometerclient/v2
copying build/lib/ceilometerclient/v2/options.py -> /home/ubuntu/miniconda/envs/_build/lib/python2.7/site-packages/ceilometerclient/v2
copying build/lib/ceilometerclient/v2/shell.py -> /home/ubuntu/miniconda/envs/_build/lib/python2.7/site-packages/ceilometerclient/v2
copying build/lib/ceilometerclient/v2/query.py -> /home/ubuntu/miniconda/envs/_build/lib/python2.7/site-packages/ceilometerclient/v2
copying build/lib/ceilometerclient/v2/events.py -> /home/ubuntu/miniconda/envs/_build/lib/python2.7/site-packages/ceilometerclient/v2
copying build/lib/ceilometerclient/v2/resources.py -> /home/ubuntu/miniconda/envs/_build/lib/python2.7/site-packages/ceilometerclient/v2
copying build/lib/ceilometerclient/v2/trait_descriptions.py -> /home/ubuntu/miniconda/envs/_build/lib/python2.7/site-packages/ceilometerclient/v2
copying build/lib/ceilometerclient/v2/client.py -> /home/ubuntu/miniconda/envs/_build/lib/python2.7/site-packages/ceilometerclient/v2
copying build/lib/ceilometerclient/v2/__init__.py -> /home/ubuntu/miniconda/envs/_build/lib/python2.7/site-packages/ceilometerclient/v2
copying build/lib/ceilometerclient/v2/samples.py -> /home/ubuntu/miniconda/envs/_build/lib/python2.7/site-packages/ceilometerclient/v2
copying build/lib/ceilometerclient/v2/event_types.py -> /home/ubuntu/miniconda/envs/_build/lib/python2.7/site-packages/ceilometerclient/v2
copying build/lib/ceilometerclient/shell.py -> /home/ubuntu/miniconda/envs/_build/lib/python2.7/site-packages/ceilometerclient
creating /home/ubuntu/miniconda/envs/_build/lib/python2.7/site-packages/ceilometerclient/tests
copying build/lib/ceilometerclient/tests/fakes.py -> /home/ubuntu/miniconda/envs/_build/lib/python2.7/site-packages/ceilometerclient/tests
copying build/lib/ceilometerclient/tests/utils.py -> /home/ubuntu/miniconda/envs/_build/lib/python2.7/site-packages/ceilometerclient/tests
creating /home/ubuntu/miniconda/envs/_build/lib/python2.7/site-packages/ceilometerclient/tests/v1
copying build/lib/ceilometerclient/tests/v1/test_projects.py -> /home/ubuntu/miniconda/envs/_build/lib/python2.7/site-packages/ceilometerclient/tests/v1
copying build/lib/ceilometerclient/tests/v1/test_resources.py -> /home/ubuntu/miniconda/envs/_build/lib/python2.7/site-packages/ceilometerclient/tests/v1
copying build/lib/ceilometerclient/tests/v1/__init__.py -> /home/ubuntu/miniconda/envs/_build/lib/python2.7/site-packages/ceilometerclient/tests/v1
copying build/lib/ceilometerclient/tests/v1/test_users.py -> /home/ubuntu/miniconda/envs/_build/lib/python2.7/site-packages/ceilometerclient/tests/v1
copying build/lib/ceilometerclient/tests/v1/test_meters.py -> /home/ubuntu/miniconda/envs/_build/lib/python2.7/site-packages/ceilometerclient/tests/v1
copying build/lib/ceilometerclient/tests/v1/test_samples.py -> /home/ubuntu/miniconda/envs/_build/lib/python2.7/site-packages/ceilometerclient/tests/v1
creating /home/ubuntu/miniconda/envs/_build/lib/python2.7/site-packages/ceilometerclient/tests/v2
copying build/lib/ceilometerclient/tests/v2/test_query_alarm_history.py -> /home/ubuntu/miniconda/envs/_build/lib/python2.7/site-packages/ceilometerclient/tests/v2
copying build/lib/ceilometerclient/tests/v2/test_alarms.py -> /home/ubuntu/miniconda/envs/_build/lib/python2.7/site-packages/ceilometerclient/tests/v2
copying build/lib/ceilometerclient/tests/v2/test_event_types.py -> /home/ubuntu/miniconda/envs/_build/lib/python2.7/site-packages/ceilometerclient/tests/v2
copying build/lib/ceilometerclient/tests/v2/test_events.py -> /home/ubuntu/miniconda/envs/_build/lib/python2.7/site-packages/ceilometerclient/tests/v2
copying build/lib/ceilometerclient/tests/v2/test_statistics.py -> /home/ubuntu/miniconda/envs/_build/lib/python2.7/site-packages/ceilometerclient/tests/v2
copying build/lib/ceilometerclient/tests/v2/test_shell.py -> /home/ubuntu/miniconda/envs/_build/lib/python2.7/site-packages/ceilometerclient/tests/v2
copying build/lib/ceilometerclient/tests/v2/test_resources.py -> /home/ubuntu/miniconda/envs/_build/lib/python2.7/site-packages/ceilometerclient/tests/v2
copying build/lib/ceilometerclient/tests/v2/test_traits.py -> /home/ubuntu/miniconda/envs/_build/lib/python2.7/site-packages/ceilometerclient/tests/v2
copying build/lib/ceilometerclient/tests/v2/__init__.py -> /home/ubuntu/miniconda/envs/_build/lib/python2.7/site-packages/ceilometerclient/tests/v2
copying build/lib/ceilometerclient/tests/v2/test_options.py -> /home/ubuntu/miniconda/envs/_build/lib/python2.7/site-packages/ceilometerclient/tests/v2
copying build/lib/ceilometerclient/tests/v2/test_query_samples.py -> /home/ubuntu/miniconda/envs/_build/lib/python2.7/site-packages/ceilometerclient/tests/v2
copying build/lib/ceilometerclient/tests/v2/test_trait_descriptions.py -> /home/ubuntu/miniconda/envs/_build/lib/python2.7/site-packages/ceilometerclient/tests/v2
copying build/lib/ceilometerclient/tests/v2/test_samples.py -> /home/ubuntu/miniconda/envs/_build/lib/python2.7/site-packages/ceilometerclient/tests/v2
copying build/lib/ceilometerclient/tests/v2/test_query_alarms.py -> /home/ubuntu/miniconda/envs/_build/lib/python2.7/site-packages/ceilometerclient/tests/v2
copying build/lib/ceilometerclient/tests/test_shell.py -> /home/ubuntu/miniconda/envs/_build/lib/python2.7/site-packages/ceilometerclient/tests
copying build/lib/ceilometerclient/tests/test_client.py -> /home/ubuntu/miniconda/envs/_build/lib/python2.7/site-packages/ceilometerclient/tests
copying build/lib/ceilometerclient/tests/__init__.py -> /home/ubuntu/miniconda/envs/_build/lib/python2.7/site-packages/ceilometerclient/tests
copying build/lib/ceilometerclient/tests/test_exc.py -> /home/ubuntu/miniconda/envs/_build/lib/python2.7/site-packages/ceilometerclient/tests
copying build/lib/ceilometerclient/tests/test_utils.py -> /home/ubuntu/miniconda/envs/_build/lib/python2.7/site-packages/ceilometerclient/tests
copying build/lib/ceilometerclient/client.py -> /home/ubuntu/miniconda/envs/_build/lib/python2.7/site-packages/ceilometerclient
copying build/lib/ceilometerclient/__init__.py -> /home/ubuntu/miniconda/envs/_build/lib/python2.7/site-packages/ceilometerclient
creating /home/ubuntu/miniconda/envs/_build/lib/python2.7/site-packages/ceilometerclient/openstack
creating /home/ubuntu/miniconda/envs/_build/lib/python2.7/site-packages/ceilometerclient/openstack/common
copying build/lib/ceilometerclient/openstack/common/_i18n.py -> /home/ubuntu/miniconda/envs/_build/lib/python2.7/site-packages/ceilometerclient/openstack/common
copying build/lib/ceilometerclient/openstack/common/cliutils.py -> /home/ubuntu/miniconda/envs/_build/lib/python2.7/site-packages/ceilometerclient/openstack/common
copying build/lib/ceilometerclient/openstack/common/uuidutils.py -> /home/ubuntu/miniconda/envs/_build/lib/python2.7/site-packages/ceilometerclient/openstack/common
copying build/lib/ceilometerclient/openstack/common/__init__.py -> /home/ubuntu/miniconda/envs/_build/lib/python2.7/site-packages/ceilometerclient/openstack/common
creating /home/ubuntu/miniconda/envs/_build/lib/python2.7/site-packages/ceilometerclient/openstack/common/apiclient
copying build/lib/ceilometerclient/openstack/common/apiclient/fake_client.py -> /home/ubuntu/miniconda/envs/_build/lib/python2.7/site-packages/ceilometerclient/openstack/common/apiclient
copying build/lib/ceilometerclient/openstack/common/apiclient/utils.py -> /home/ubuntu/miniconda/envs/_build/lib/python2.7/site-packages/ceilometerclient/openstack/common/apiclient
copying build/lib/ceilometerclient/openstack/common/apiclient/client.py -> /home/ubuntu/miniconda/envs/_build/lib/python2.7/site-packages/ceilometerclient/openstack/common/apiclient
copying build/lib/ceilometerclient/openstack/common/apiclient/__init__.py -> /home/ubuntu/miniconda/envs/_build/lib/python2.7/site-packages/ceilometerclient/openstack/common/apiclient
copying build/lib/ceilometerclient/openstack/common/apiclient/auth.py -> /home/ubuntu/miniconda/envs/_build/lib/python2.7/site-packages/ceilometerclient/openstack/common/apiclient
copying build/lib/ceilometerclient/openstack/common/apiclient/base.py -> /home/ubuntu/miniconda/envs/_build/lib/python2.7/site-packages/ceilometerclient/openstack/common/apiclient
copying build/lib/ceilometerclient/openstack/common/apiclient/exceptions.py -> /home/ubuntu/miniconda/envs/_build/lib/python2.7/site-packages/ceilometerclient/openstack/common/apiclient
copying build/lib/ceilometerclient/openstack/__init__.py -> /home/ubuntu/miniconda/envs/_build/lib/python2.7/site-packages/ceilometerclient/openstack
byte-compiling /home/ubuntu/miniconda/envs/_build/lib/python2.7/site-packages/ceilometerclient/common/utils.py to utils.pyc
byte-compiling /home/ubuntu/miniconda/envs/_build/lib/python2.7/site-packages/ceilometerclient/common/__init__.py to __init__.pyc
byte-compiling /home/ubuntu/miniconda/envs/_build/lib/python2.7/site-packages/ceilometerclient/common/base.py to base.pyc
byte-compiling /home/ubuntu/miniconda/envs/_build/lib/python2.7/site-packages/ceilometerclient/exc.py to exc.pyc
byte-compiling /home/ubuntu/miniconda/envs/_build/lib/python2.7/site-packages/ceilometerclient/v1/meters.py to meters.pyc
byte-compiling /home/ubuntu/miniconda/envs/_build/lib/python2.7/site-packages/ceilometerclient/v1/shell.py to shell.pyc
byte-compiling /home/ubuntu/miniconda/envs/_build/lib/python2.7/site-packages/ceilometerclient/v1/client.py to client.pyc
byte-compiling /home/ubuntu/miniconda/envs/_build/lib/python2.7/site-packages/ceilometerclient/v1/__init__.py to __init__.pyc
byte-compiling /home/ubuntu/miniconda/envs/_build/lib/python2.7/site-packages/ceilometerclient/v2/alarms.py to alarms.pyc
byte-compiling /home/ubuntu/miniconda/envs/_build/lib/python2.7/site-packages/ceilometerclient/v2/meters.py to meters.pyc
byte-compiling /home/ubuntu/miniconda/envs/_build/lib/python2.7/site-packages/ceilometerclient/v2/statistics.py to statistics.pyc
byte-compiling /home/ubuntu/miniconda/envs/_build/lib/python2.7/site-packages/ceilometerclient/v2/traits.py to traits.pyc
byte-compiling /home/ubuntu/miniconda/envs/_build/lib/python2.7/site-packages/ceilometerclient/v2/options.py to options.pyc
byte-compiling /home/ubuntu/miniconda/envs/_build/lib/python2.7/site-packages/ceilometerclient/v2/shell.py to shell.pyc
byte-compiling /home/ubuntu/miniconda/envs/_build/lib/python2.7/site-packages/ceilometerclient/v2/query.py to query.pyc
byte-compiling /home/ubuntu/miniconda/envs/_build/lib/python2.7/site-packages/ceilometerclient/v2/events.py to events.pyc
byte-compiling /home/ubuntu/miniconda/envs/_build/lib/python2.7/site-packages/ceilometerclient/v2/resources.py to resources.pyc
byte-compiling /home/ubuntu/miniconda/envs/_build/lib/python2.7/site-packages/ceilometerclient/v2/trait_descriptions.py to trait_descriptions.pyc
byte-compiling /home/ubuntu/miniconda/envs/_build/lib/python2.7/site-packages/ceilometerclient/v2/client.py to client.pyc
byte-compiling /home/ubuntu/miniconda/envs/_build/lib/python2.7/site-packages/ceilometerclient/v2/__init__.py to __init__.pyc
byte-compiling /home/ubuntu/miniconda/envs/_build/lib/python2.7/site-packages/ceilometerclient/v2/samples.py to samples.pyc
byte-compiling /home/ubuntu/miniconda/envs/_build/lib/python2.7/site-packages/ceilometerclient/v2/event_types.py to event_types.pyc
byte-compiling /home/ubuntu/miniconda/envs/_build/lib/python2.7/site-packages/ceilometerclient/shell.py to shell.pyc
byte-compiling /home/ubuntu/miniconda/envs/_build/lib/python2.7/site-packages/ceilometerclient/tests/fakes.py to fakes.pyc
byte-compiling /home/ubuntu/miniconda/envs/_build/lib/python2.7/site-packages/ceilometerclient/tests/utils.py to utils.pyc
byte-compiling /home/ubuntu/miniconda/envs/_build/lib/python2.7/site-packages/ceilometerclient/tests/v1/test_projects.py to test_projects.pyc
byte-compiling /home/ubuntu/miniconda/envs/_build/lib/python2.7/site-packages/ceilometerclient/tests/v1/test_resources.py to test_resources.pyc
byte-compiling /home/ubuntu/miniconda/envs/_build/lib/python2.7/site-packages/ceilometerclient/tests/v1/__init__.py to __init__.pyc
byte-compiling /home/ubuntu/miniconda/envs/_build/lib/python2.7/site-packages/ceilometerclient/tests/v1/test_users.py to test_users.pyc
byte-compiling /home/ubuntu/miniconda/envs/_build/lib/python2.7/site-packages/ceilometerclient/tests/v1/test_meters.py to test_meters.pyc
byte-compiling /home/ubuntu/miniconda/envs/_build/lib/python2.7/site-packages/ceilometerclient/tests/v1/test_samples.py to test_samples.pyc
byte-compiling /home/ubuntu/miniconda/envs/_build/lib/python2.7/site-packages/ceilometerclient/tests/v2/test_query_alarm_history.py to test_query_alarm_history.pyc
byte-compiling /home/ubuntu/miniconda/envs/_build/lib/python2.7/site-packages/ceilometerclient/tests/v2/test_alarms.py to test_alarms.pyc
byte-compiling /home/ubuntu/miniconda/envs/_build/lib/python2.7/site-packages/ceilometerclient/tests/v2/test_event_types.py to test_event_types.pyc
byte-compiling /home/ubuntu/miniconda/envs/_build/lib/python2.7/site-packages/ceilometerclient/tests/v2/test_events.py to test_events.pyc
byte-compiling /home/ubuntu/miniconda/envs/_build/lib/python2.7/site-packages/ceilometerclient/tests/v2/test_statistics.py to test_statistics.pyc
byte-compiling /home/ubuntu/miniconda/envs/_build/lib/python2.7/site-packages/ceilometerclient/tests/v2/test_shell.py to test_shell.pyc
byte-compiling /home/ubuntu/miniconda/envs/_build/lib/python2.7/site-packages/ceilometerclient/tests/v2/test_resources.py to test_resources.pyc
byte-compiling /home/ubuntu/miniconda/envs/_build/lib/python2.7/site-packages/ceilometerclient/tests/v2/test_traits.py to test_traits.pyc
byte-compiling /home/ubuntu/miniconda/envs/_build/lib/python2.7/site-packages/ceilometerclient/tests/v2/__init__.py to __init__.pyc
byte-compiling /home/ubuntu/miniconda/envs/_build/lib/python2.7/site-packages/ceilometerclient/tests/v2/test_options.py to test_options.pyc
byte-compiling /home/ubuntu/miniconda/envs/_build/lib/python2.7/site-packages/ceilometerclient/tests/v2/test_query_samples.py to test_query_samples.pyc
byte-compiling /home/ubuntu/miniconda/envs/_build/lib/python2.7/site-packages/ceilometerclient/tests/v2/test_trait_descriptions.py to test_trait_descriptions.pyc
byte-compiling /home/ubuntu/miniconda/envs/_build/lib/python2.7/site-packages/ceilometerclient/tests/v2/test_samples.py to test_samples.pyc
byte-compiling /home/ubuntu/miniconda/envs/_build/lib/python2.7/site-packages/ceilometerclient/tests/v2/test_query_alarms.py to test_query_alarms.pyc
byte-compiling /home/ubuntu/miniconda/envs/_build/lib/python2.7/site-packages/ceilometerclient/tests/test_shell.py to test_shell.pyc
byte-compiling /home/ubuntu/miniconda/envs/_build/lib/python2.7/site-packages/ceilometerclient/tests/test_client.py to test_client.pyc
byte-compiling /home/ubuntu/miniconda/envs/_build/lib/python2.7/site-packages/ceilometerclient/tests/__init__.py to __init__.pyc
byte-compiling /home/ubuntu/miniconda/envs/_build/lib/python2.7/site-packages/ceilometerclient/tests/test_exc.py to test_exc.pyc
byte-compiling /home/ubuntu/miniconda/envs/_build/lib/python2.7/site-packages/ceilometerclient/tests/test_utils.py to test_utils.pyc
byte-compiling /home/ubuntu/miniconda/envs/_build/lib/python2.7/site-packages/ceilometerclient/client.py to client.pyc
byte-compiling /home/ubuntu/miniconda/envs/_build/lib/python2.7/site-packages/ceilometerclient/__init__.py to __init__.pyc
byte-compiling /home/ubuntu/miniconda/envs/_build/lib/python2.7/site-packages/ceilometerclient/openstack/common/_i18n.py to _i18n.pyc
byte-compiling /home/ubuntu/miniconda/envs/_build/lib/python2.7/site-packages/ceilometerclient/openstack/common/cliutils.py to cliutils.pyc
byte-compiling /home/ubuntu/miniconda/envs/_build/lib/python2.7/site-packages/ceilometerclient/openstack/common/uuidutils.py to uuidutils.pyc
byte-compiling /home/ubuntu/miniconda/envs/_build/lib/python2.7/site-packages/ceilometerclient/openstack/common/__init__.py to __init__.pyc
byte-compiling /home/ubuntu/miniconda/envs/_build/lib/python2.7/site-packages/ceilometerclient/openstack/common/apiclient/fake_client.py to fake_client.pyc
byte-compiling /home/ubuntu/miniconda/envs/_build/lib/python2.7/site-packages/ceilometerclient/openstack/common/apiclient/utils.py to utils.pyc
byte-compiling /home/ubuntu/miniconda/envs/_build/lib/python2.7/site-packages/ceilometerclient/openstack/common/apiclient/client.py to client.pyc
byte-compiling /home/ubuntu/miniconda/envs/_build/lib/python2.7/site-packages/ceilometerclient/openstack/common/apiclient/__init__.py to __init__.pyc
byte-compiling /home/ubuntu/miniconda/envs/_build/lib/python2.7/site-packages/ceilometerclient/openstack/common/apiclient/auth.py to auth.pyc
byte-compiling /home/ubuntu/miniconda/envs/_build/lib/python2.7/site-packages/ceilometerclient/openstack/common/apiclient/base.py to base.pyc
byte-compiling /home/ubuntu/miniconda/envs/_build/lib/python2.7/site-packages/ceilometerclient/openstack/common/apiclient/exceptions.py to exceptions.pyc
byte-compiling /home/ubuntu/miniconda/envs/_build/lib/python2.7/site-packages/ceilometerclient/openstack/__init__.py to __init__.pyc
running install_egg_info
Copying python_ceilometerclient.egg-info to /home/ubuntu/miniconda/envs/_build/lib/python2.7/site-packages/python_ceilometerclient-1.0.14-py2.7.egg-info
running install_scripts
Installing ceilometer script to /home/ubuntu/miniconda/envs/_build/bin

The following NEW packages will be INSTALLED:

    openssl:    1.0.1k-1    
    pbr:        1.0.1-py27_0
    pip:        6.1.1-py27_0
    python:     2.7.9-3     
    readline:   6.2-2       
    setuptools: 16.0-py27_0 
    sqlite:     3.8.4.1-1   
    system:     5.8-2       
    tk:         8.5.18-0    
    zlib:       1.2.8-0     

Linking packages ...
[                    ]|                                                  |   0%[openssl             ]|                                                  |   0%[readline            ]|#####                                             |  10%[sqlite              ]|##########                                        |  20%[system              ]|###############                                   |  30%[tk                  ]|####################                              |  40%[zlib                ]|#########################                         |  50%[python              ]|##############################                    |  60%[setuptools          ]|###################################               |  70%[pbr                 ]|########################################          |  80%[pip                 ]|#############################################     |  90%[      COMPLETE      ]|##################################################| 100%
Removing old work directory
Source cache directory is: /home/ubuntu/miniconda/conda-bld/src_cache
Found source in cache: python-ceilometerclient-1.0.14.tar.gz
Extracting download
Package: python-ceilometerclient-1.0.14-py27_0
source tree in: /home/ubuntu/miniconda/conda-bld/work/python-ceilometerclient-1.0.14
number of files: 137
Fixing permissions
Detected hard-coded path in text file bin/ceilometer
Fixing permissions
BUILD END: python-ceilometerclient-1.0.14-py27_0
Nothing to test for: python-ceilometerclient-1.0.14-py27_0
# If you want to upload this package to binstar.org later, type:
#
# $ binstar upload /home/ubuntu/miniconda/conda-bld/linux-64/python-ceilometerclient-1.0.14-py27_0.tar.bz2
#
# To have conda build upload to binstar automatically, use
# $ conda config --set binstar_upload yes

