Warning, the following versions were found for python-logstash
0.4.5
0.4.2
0.4.1
0.3.1
0.2.2
0.2.1
0.2.0
0.1.3
0.1.2
0.1.1
Using 0.4.5
Use --version to specify a different version.
Using url https://pypi.python.org/packages/source/p/python-logstash/python-logstash-0.4.5.tar.gz (6 KB) for python-logstash.
Downloading python-logstash (use --no-download to skip this step)
Using cached download
Unpacking python-logstash...
done
working in /tmp/tmppS4rHdconda_skeleton_python-logstash-0.4.5.tar.gz
Fetching package metadata: ......
Solving package specifications: .patching file core.py
Hunk #1 succeeded at 168 with fuzz 2 (offset 2 lines).

The following NEW packages will be INSTALLED:

    numpy:  1.9.2-py27_0
    pyyaml: 3.11-py27_0 

Linking packages ...
[                    ]|                                                  |   0%[numpy               ]|                                                  |   0%[pyyaml              ]|#########################                         |  50%[      COMPLETE      ]|##################################################| 100%
Applying patch: '/tmp/tmppS4rHdconda_skeleton_python-logstash-0.4.5.tar.gz/pypi-distutils.patch'
Writing recipe for python-logstash
Done
