Warning, the following versions were found for python-cjson
1.1.0
1.0.5
1.0.4
1.0.3
1.0.2
1.0.1
1.0.0
Using 1.1.0
Use --version to specify a different version.
Using url https://pypi.python.org/packages/source/p/python-cjson/python-cjson-1.1.0.tar.gz (12 KB) for python-cjson.
Downloading python-cjson (use --no-download to skip this step)
Using cached download
Unpacking python-cjson...
done
working in /tmp/tmpcH4miZconda_skeleton_python-cjson-1.1.0.tar.gz
Fetching package metadata: ......
Solving package specifications: .patching file core.py
Hunk #1 succeeded at 168 with fuzz 2 (offset 2 lines).

Applying patch: '/tmp/tmpcH4miZconda_skeleton_python-cjson-1.1.0.tar.gz/pypi-distutils.patch'
Writing recipe for python-cjson
Done
