Warning, the following versions were found for python-coveralls
2.5.0
2.4.3
2.4.2
2.4.1
2.4.0
2.2.0
2.1.0
2.0.0
1.1
1.0.1
1.0
Using 2.5.0
Use --version to specify a different version.
Using url https://pypi.python.org/packages/source/p/python-coveralls/python-coveralls-2.5.0.tar.gz (7 KB) for python-coveralls.
Downloading python-coveralls (use --no-download to skip this step)
Using cached download
Unpacking python-coveralls...
done
working in /tmp/tmp7bmLVzconda_skeleton_python-coveralls-2.5.0.tar.gz
Fetching package metadata: ......
Solving package specifications: .patching file core.py
Hunk #1 succeeded at 168 with fuzz 2 (offset 2 lines).
Traceback (most recent call last):
  File "setup.py", line 1, in <module>
    from setuptools import setup, find_packages
ImportError: No module named setuptools

Applying patch: '/tmp/tmp7bmLVzconda_skeleton_python-coveralls-2.5.0.tar.gz/pypi-distutils.patch'
$PYTHONPATH = /tmp/tmp7bmLVzconda_skeleton_python-coveralls-2.5.0.tar.gz/python-coveralls-2.5.0
Error: command failed: /home/ubuntu/miniconda/envs/_build/bin/python setup.py install
