Warning, the following versions were found for python-barbicanclient
3.2.0
3.1.1
3.1.0
3.0.3
3.0.2
3.0.1
3.0.0
2.2.1
2.1.0
2.0.0
1.0.0
0.4.1
0.4.0
0.3.0
0.2dev
0.1dev
Using 3.2.0
Use --version to specify a different version.
Using url https://pypi.python.org/packages/source/p/python-barbicanclient/python-barbicanclient-3.2.0.tar.gz (67 KB) for python-barbicanclient.
Downloading python-barbicanclient (use --no-download to skip this step)
Using cached download
Unpacking python-barbicanclient...
done
working in /tmp/tmpybJRk_conda_skeleton_python-barbicanclient-3.2.0.tar.gz
Fetching package metadata: ......
Solving package specifications: .patching file core.py
Hunk #1 succeeded at 168 with fuzz 2 (offset 2 lines).

Applying patch: '/tmp/tmpybJRk_conda_skeleton_python-barbicanclient-3.2.0.tar.gz/pypi-distutils.patch'
Writing recipe for python-barbicanclient
Done
