Warning, the following versions were found for python-ntlm
1.1.0
1.0.1
1.0
Using 1.1.0
Use --version to specify a different version.
Using url https://pypi.python.org/packages/source/p/python-ntlm/python-ntlm-1.1.0.tar.gz (15 KB) for python-ntlm.
Downloading python-ntlm (use --no-download to skip this step)
Using cached download
Unpacking python-ntlm...
done
working in /tmp/tmpJbw6FEconda_skeleton_python-ntlm-1.1.0.tar.gz
Fetching package metadata: ......
Solving package specifications: .patching file core.py
Hunk #1 succeeded at 168 with fuzz 2 (offset 2 lines).
Traceback (most recent call last):
  File "setup.py", line 1, in <module>
    from setuptools import setup, find_packages
ImportError: No module named setuptools

Applying patch: '/tmp/tmpJbw6FEconda_skeleton_python-ntlm-1.1.0.tar.gz/pypi-distutils.patch'
$PYTHONPATH = /tmp/tmpJbw6FEconda_skeleton_python-ntlm-1.1.0.tar.gz/python-ntlm-1.1.0
Error: command failed: /home/ubuntu/miniconda/envs/_build/bin/python setup.py install
