Package search: {'_pypi_ordering': False, 'version': '2.6.0', 'name': 'python-neutronclient', 'summary': 'CLI and Client Library for OpenStack Networking'}
Fetching package metadata: ....
Fetching package metadata: ....
Solving package specifications: .
Package plan for installation in environment /home/ubuntu/miniconda/envs/_pipbuild_:

The following NEW packages will be INSTALLED:

    openssl:    1.0.1k-1    
    pip:        7.0.3-py27_0
    python:     2.7.10-0    
    readline:   6.2-2       
    setuptools: 17.0-py27_0 
    sqlite:     3.8.4.1-1   
    system:     5.8-2       
    tk:         8.5.18-0    
    zlib:       1.2.8-0     

Linking packages ...
[                    ]|                                                  |   0%[openssl             ]|                                                  |   0%[readline            ]|#####                                             |  11%[sqlite              ]|###########                                       |  22%[system              ]|################                                  |  33%[tk                  ]|######################                            |  44%[zlib                ]|###########################                       |  55%[python              ]|#################################                 |  66%[setuptools          ]|######################################            |  77%[pip                 ]|############################################      |  88%[      COMPLETE      ]|##################################################| 100%
#
# To activate this environment, use:
# $ source activate _pipbuild_
#
# To deactivate this environment, use:
# $ source deactivate
#
Collecting python-neutronclient==2.6.0
  Could not find a version that satisfies the requirement python-neutronclient==2.6.0 (from versions: 2.2.4, 2.2.5, 2.2.6, 2.3.0, 2.3.1, 2.3.2, 2.3.3, 2.3.4, 2.3.5, 2.3.6, 2.3.7, 2.3.8, 2.3.9, 2.3.10, 2.3.11, 2.4.0, 2.5.0)
No matching distribution found for python-neutronclient==2.6.0
Creating standard recipe for python-neutronclient-2.6.0
Error: directory already exists: ./python-neutronclient

conda create -n _pipbuild_ --yes python pip
/home/ubuntu/miniconda/envs/_pipbuild_/bin/pip install python-neutronclient==2.6.0
Error: Could not pip install python-neutronclient==2.6.0
