Removing old build directory
Removing old work directory
BUILD START: python-heatclient-0.6.0-py27_0
Fetching package metadata: ........
Solving package specifications: .+ /home/hargup/anaconda/envs/_build/bin/python setup.py install
running install
running build
running build_py
creating build
creating build/lib
creating build/lib/heatclient
copying heatclient/exc.py -> build/lib/heatclient
copying heatclient/shell.py -> build/lib/heatclient
copying heatclient/client.py -> build/lib/heatclient
copying heatclient/__init__.py -> build/lib/heatclient
creating build/lib/heatclient/openstack
creating build/lib/heatclient/openstack/common
creating build/lib/heatclient/openstack/common/apiclient
copying heatclient/openstack/common/apiclient/base.py -> build/lib/heatclient/openstack/common/apiclient
copying heatclient/openstack/common/apiclient/utils.py -> build/lib/heatclient/openstack/common/apiclient
copying heatclient/openstack/common/apiclient/fake_client.py -> build/lib/heatclient/openstack/common/apiclient
copying heatclient/openstack/common/apiclient/auth.py -> build/lib/heatclient/openstack/common/apiclient
copying heatclient/openstack/common/apiclient/client.py -> build/lib/heatclient/openstack/common/apiclient
copying heatclient/openstack/common/apiclient/exceptions.py -> build/lib/heatclient/openstack/common/apiclient
copying heatclient/openstack/common/apiclient/__init__.py -> build/lib/heatclient/openstack/common/apiclient
copying heatclient/openstack/common/cliutils.py -> build/lib/heatclient/openstack/common
copying heatclient/openstack/common/__init__.py -> build/lib/heatclient/openstack/common
copying heatclient/openstack/common/_i18n.py -> build/lib/heatclient/openstack/common
creating build/lib/heatclient/tests
creating build/lib/heatclient/tests/v1
copying heatclient/tests/v1/test_hooks.py -> build/lib/heatclient/tests/v1
copying heatclient/tests/v1/__init__.py -> build/lib/heatclient/tests/v1
creating build/lib/heatclient/v1
copying heatclient/v1/software_deployments.py -> build/lib/heatclient/v1
copying heatclient/v1/actions.py -> build/lib/heatclient/v1
copying heatclient/v1/services.py -> build/lib/heatclient/v1
copying heatclient/v1/shell.py -> build/lib/heatclient/v1
copying heatclient/v1/resource_types.py -> build/lib/heatclient/v1
copying heatclient/v1/client.py -> build/lib/heatclient/v1
copying heatclient/v1/events.py -> build/lib/heatclient/v1
copying heatclient/v1/software_configs.py -> build/lib/heatclient/v1
copying heatclient/v1/stacks.py -> build/lib/heatclient/v1
copying heatclient/v1/resources.py -> build/lib/heatclient/v1
copying heatclient/v1/__init__.py -> build/lib/heatclient/v1
copying heatclient/v1/build_info.py -> build/lib/heatclient/v1
copying heatclient/openstack/__init__.py -> build/lib/heatclient/openstack
creating build/lib/heatclient/common
copying heatclient/common/deployment_utils.py -> build/lib/heatclient/common
copying heatclient/common/utils.py -> build/lib/heatclient/common
copying heatclient/common/http.py -> build/lib/heatclient/common
copying heatclient/common/template_utils.py -> build/lib/heatclient/common
copying heatclient/common/event_utils.py -> build/lib/heatclient/common
copying heatclient/common/template_format.py -> build/lib/heatclient/common
copying heatclient/common/environment_format.py -> build/lib/heatclient/common
copying heatclient/common/__init__.py -> build/lib/heatclient/common
copying heatclient/tests/test_template_utils.py -> build/lib/heatclient/tests
copying heatclient/tests/test_actions.py -> build/lib/heatclient/tests
copying heatclient/tests/test_common_http.py -> build/lib/heatclient/tests
copying heatclient/tests/test_deployment_utils.py -> build/lib/heatclient/tests
copying heatclient/tests/test_software_configs.py -> build/lib/heatclient/tests
copying heatclient/tests/test_resource_types.py -> build/lib/heatclient/tests
copying heatclient/tests/test_build_info.py -> build/lib/heatclient/tests
copying heatclient/tests/test_utils.py -> build/lib/heatclient/tests
copying heatclient/tests/test_stacks.py -> build/lib/heatclient/tests
copying heatclient/tests/test_shell.py -> build/lib/heatclient/tests
copying heatclient/tests/fakes.py -> build/lib/heatclient/tests
copying heatclient/tests/test_software_deployments.py -> build/lib/heatclient/tests
copying heatclient/tests/test_service.py -> build/lib/heatclient/tests
copying heatclient/tests/test_event_utils.py -> build/lib/heatclient/tests
copying heatclient/tests/test_resources.py -> build/lib/heatclient/tests
copying heatclient/tests/test_events.py -> build/lib/heatclient/tests
copying heatclient/tests/test_environment_format.py -> build/lib/heatclient/tests
copying heatclient/tests/test_template_format.py -> build/lib/heatclient/tests
copying heatclient/tests/__init__.py -> build/lib/heatclient/tests
running egg_info
writing requirements to python_heatclient.egg-info/requires.txt
writing python_heatclient.egg-info/PKG-INFO
writing top-level names to python_heatclient.egg-info/top_level.txt
writing dependency_links to python_heatclient.egg-info/dependency_links.txt
writing entry points to python_heatclient.egg-info/entry_points.txt
[pbr] Reusing existing SOURCES.txt
creating build/lib/heatclient/tests/var
copying heatclient/tests/var/adopt_stack_data.json -> build/lib/heatclient/tests/var
copying heatclient/tests/var/minimal.template -> build/lib/heatclient/tests/var
running install_lib
creating /home/hargup/anaconda/envs/_build/lib/python2.7/site-packages/heatclient
creating /home/hargup/anaconda/envs/_build/lib/python2.7/site-packages/heatclient/v1
copying build/lib/heatclient/v1/software_deployments.py -> /home/hargup/anaconda/envs/_build/lib/python2.7/site-packages/heatclient/v1
copying build/lib/heatclient/v1/actions.py -> /home/hargup/anaconda/envs/_build/lib/python2.7/site-packages/heatclient/v1
copying build/lib/heatclient/v1/services.py -> /home/hargup/anaconda/envs/_build/lib/python2.7/site-packages/heatclient/v1
copying build/lib/heatclient/v1/shell.py -> /home/hargup/anaconda/envs/_build/lib/python2.7/site-packages/heatclient/v1
copying build/lib/heatclient/v1/resource_types.py -> /home/hargup/anaconda/envs/_build/lib/python2.7/site-packages/heatclient/v1
copying build/lib/heatclient/v1/client.py -> /home/hargup/anaconda/envs/_build/lib/python2.7/site-packages/heatclient/v1
copying build/lib/heatclient/v1/events.py -> /home/hargup/anaconda/envs/_build/lib/python2.7/site-packages/heatclient/v1
copying build/lib/heatclient/v1/software_configs.py -> /home/hargup/anaconda/envs/_build/lib/python2.7/site-packages/heatclient/v1
copying build/lib/heatclient/v1/stacks.py -> /home/hargup/anaconda/envs/_build/lib/python2.7/site-packages/heatclient/v1
copying build/lib/heatclient/v1/resources.py -> /home/hargup/anaconda/envs/_build/lib/python2.7/site-packages/heatclient/v1
copying build/lib/heatclient/v1/__init__.py -> /home/hargup/anaconda/envs/_build/lib/python2.7/site-packages/heatclient/v1
copying build/lib/heatclient/v1/build_info.py -> /home/hargup/anaconda/envs/_build/lib/python2.7/site-packages/heatclient/v1
copying build/lib/heatclient/exc.py -> /home/hargup/anaconda/envs/_build/lib/python2.7/site-packages/heatclient
creating /home/hargup/anaconda/envs/_build/lib/python2.7/site-packages/heatclient/openstack
creating /home/hargup/anaconda/envs/_build/lib/python2.7/site-packages/heatclient/openstack/common
copying build/lib/heatclient/openstack/common/cliutils.py -> /home/hargup/anaconda/envs/_build/lib/python2.7/site-packages/heatclient/openstack/common
creating /home/hargup/anaconda/envs/_build/lib/python2.7/site-packages/heatclient/openstack/common/apiclient
copying build/lib/heatclient/openstack/common/apiclient/base.py -> /home/hargup/anaconda/envs/_build/lib/python2.7/site-packages/heatclient/openstack/common/apiclient
copying build/lib/heatclient/openstack/common/apiclient/utils.py -> /home/hargup/anaconda/envs/_build/lib/python2.7/site-packages/heatclient/openstack/common/apiclient
copying build/lib/heatclient/openstack/common/apiclient/fake_client.py -> /home/hargup/anaconda/envs/_build/lib/python2.7/site-packages/heatclient/openstack/common/apiclient
copying build/lib/heatclient/openstack/common/apiclient/auth.py -> /home/hargup/anaconda/envs/_build/lib/python2.7/site-packages/heatclient/openstack/common/apiclient
copying build/lib/heatclient/openstack/common/apiclient/client.py -> /home/hargup/anaconda/envs/_build/lib/python2.7/site-packages/heatclient/openstack/common/apiclient
copying build/lib/heatclient/openstack/common/apiclient/exceptions.py -> /home/hargup/anaconda/envs/_build/lib/python2.7/site-packages/heatclient/openstack/common/apiclient
copying build/lib/heatclient/openstack/common/apiclient/__init__.py -> /home/hargup/anaconda/envs/_build/lib/python2.7/site-packages/heatclient/openstack/common/apiclient
copying build/lib/heatclient/openstack/common/__init__.py -> /home/hargup/anaconda/envs/_build/lib/python2.7/site-packages/heatclient/openstack/common
copying build/lib/heatclient/openstack/common/_i18n.py -> /home/hargup/anaconda/envs/_build/lib/python2.7/site-packages/heatclient/openstack/common
copying build/lib/heatclient/openstack/__init__.py -> /home/hargup/anaconda/envs/_build/lib/python2.7/site-packages/heatclient/openstack
creating /home/hargup/anaconda/envs/_build/lib/python2.7/site-packages/heatclient/common
copying build/lib/heatclient/common/deployment_utils.py -> /home/hargup/anaconda/envs/_build/lib/python2.7/site-packages/heatclient/common
copying build/lib/heatclient/common/utils.py -> /home/hargup/anaconda/envs/_build/lib/python2.7/site-packages/heatclient/common
copying build/lib/heatclient/common/http.py -> /home/hargup/anaconda/envs/_build/lib/python2.7/site-packages/heatclient/common
copying build/lib/heatclient/common/template_utils.py -> /home/hargup/anaconda/envs/_build/lib/python2.7/site-packages/heatclient/common
copying build/lib/heatclient/common/event_utils.py -> /home/hargup/anaconda/envs/_build/lib/python2.7/site-packages/heatclient/common
copying build/lib/heatclient/common/template_format.py -> /home/hargup/anaconda/envs/_build/lib/python2.7/site-packages/heatclient/common
copying build/lib/heatclient/common/environment_format.py -> /home/hargup/anaconda/envs/_build/lib/python2.7/site-packages/heatclient/common
copying build/lib/heatclient/common/__init__.py -> /home/hargup/anaconda/envs/_build/lib/python2.7/site-packages/heatclient/common
copying build/lib/heatclient/shell.py -> /home/hargup/anaconda/envs/_build/lib/python2.7/site-packages/heatclient
copying build/lib/heatclient/client.py -> /home/hargup/anaconda/envs/_build/lib/python2.7/site-packages/heatclient
creating /home/hargup/anaconda/envs/_build/lib/python2.7/site-packages/heatclient/tests
copying build/lib/heatclient/tests/test_template_utils.py -> /home/hargup/anaconda/envs/_build/lib/python2.7/site-packages/heatclient/tests
copying build/lib/heatclient/tests/test_actions.py -> /home/hargup/anaconda/envs/_build/lib/python2.7/site-packages/heatclient/tests
creating /home/hargup/anaconda/envs/_build/lib/python2.7/site-packages/heatclient/tests/v1
copying build/lib/heatclient/tests/v1/test_hooks.py -> /home/hargup/anaconda/envs/_build/lib/python2.7/site-packages/heatclient/tests/v1
copying build/lib/heatclient/tests/v1/__init__.py -> /home/hargup/anaconda/envs/_build/lib/python2.7/site-packages/heatclient/tests/v1
copying build/lib/heatclient/tests/test_common_http.py -> /home/hargup/anaconda/envs/_build/lib/python2.7/site-packages/heatclient/tests
copying build/lib/heatclient/tests/test_deployment_utils.py -> /home/hargup/anaconda/envs/_build/lib/python2.7/site-packages/heatclient/tests
copying build/lib/heatclient/tests/test_software_configs.py -> /home/hargup/anaconda/envs/_build/lib/python2.7/site-packages/heatclient/tests
copying build/lib/heatclient/tests/test_resource_types.py -> /home/hargup/anaconda/envs/_build/lib/python2.7/site-packages/heatclient/tests
copying build/lib/heatclient/tests/test_build_info.py -> /home/hargup/anaconda/envs/_build/lib/python2.7/site-packages/heatclient/tests
copying build/lib/heatclient/tests/test_utils.py -> /home/hargup/anaconda/envs/_build/lib/python2.7/site-packages/heatclient/tests
copying build/lib/heatclient/tests/test_stacks.py -> /home/hargup/anaconda/envs/_build/lib/python2.7/site-packages/heatclient/tests
copying build/lib/heatclient/tests/test_shell.py -> /home/hargup/anaconda/envs/_build/lib/python2.7/site-packages/heatclient/tests
copying build/lib/heatclient/tests/fakes.py -> /home/hargup/anaconda/envs/_build/lib/python2.7/site-packages/heatclient/tests
copying build/lib/heatclient/tests/test_software_deployments.py -> /home/hargup/anaconda/envs/_build/lib/python2.7/site-packages/heatclient/tests
copying build/lib/heatclient/tests/test_service.py -> /home/hargup/anaconda/envs/_build/lib/python2.7/site-packages/heatclient/tests
creating /home/hargup/anaconda/envs/_build/lib/python2.7/site-packages/heatclient/tests/var
copying build/lib/heatclient/tests/var/minimal.template -> /home/hargup/anaconda/envs/_build/lib/python2.7/site-packages/heatclient/tests/var
copying build/lib/heatclient/tests/var/adopt_stack_data.json -> /home/hargup/anaconda/envs/_build/lib/python2.7/site-packages/heatclient/tests/var
copying build/lib/heatclient/tests/test_event_utils.py -> /home/hargup/anaconda/envs/_build/lib/python2.7/site-packages/heatclient/tests
copying build/lib/heatclient/tests/test_resources.py -> /home/hargup/anaconda/envs/_build/lib/python2.7/site-packages/heatclient/tests
copying build/lib/heatclient/tests/test_events.py -> /home/hargup/anaconda/envs/_build/lib/python2.7/site-packages/heatclient/tests
copying build/lib/heatclient/tests/test_environment_format.py -> /home/hargup/anaconda/envs/_build/lib/python2.7/site-packages/heatclient/tests
copying build/lib/heatclient/tests/test_template_format.py -> /home/hargup/anaconda/envs/_build/lib/python2.7/site-packages/heatclient/tests
copying build/lib/heatclient/tests/__init__.py -> /home/hargup/anaconda/envs/_build/lib/python2.7/site-packages/heatclient/tests
copying build/lib/heatclient/__init__.py -> /home/hargup/anaconda/envs/_build/lib/python2.7/site-packages/heatclient
byte-compiling /home/hargup/anaconda/envs/_build/lib/python2.7/site-packages/heatclient/v1/software_deployments.py to software_deployments.pyc
byte-compiling /home/hargup/anaconda/envs/_build/lib/python2.7/site-packages/heatclient/v1/actions.py to actions.pyc
byte-compiling /home/hargup/anaconda/envs/_build/lib/python2.7/site-packages/heatclient/v1/services.py to services.pyc
byte-compiling /home/hargup/anaconda/envs/_build/lib/python2.7/site-packages/heatclient/v1/shell.py to shell.pyc
byte-compiling /home/hargup/anaconda/envs/_build/lib/python2.7/site-packages/heatclient/v1/resource_types.py to resource_types.pyc
byte-compiling /home/hargup/anaconda/envs/_build/lib/python2.7/site-packages/heatclient/v1/client.py to client.pyc
byte-compiling /home/hargup/anaconda/envs/_build/lib/python2.7/site-packages/heatclient/v1/events.py to events.pyc
byte-compiling /home/hargup/anaconda/envs/_build/lib/python2.7/site-packages/heatclient/v1/software_configs.py to software_configs.pyc
byte-compiling /home/hargup/anaconda/envs/_build/lib/python2.7/site-packages/heatclient/v1/stacks.py to stacks.pyc
byte-compiling /home/hargup/anaconda/envs/_build/lib/python2.7/site-packages/heatclient/v1/resources.py to resources.pyc
byte-compiling /home/hargup/anaconda/envs/_build/lib/python2.7/site-packages/heatclient/v1/__init__.py to __init__.pyc
byte-compiling /home/hargup/anaconda/envs/_build/lib/python2.7/site-packages/heatclient/v1/build_info.py to build_info.pyc
byte-compiling /home/hargup/anaconda/envs/_build/lib/python2.7/site-packages/heatclient/exc.py to exc.pyc
byte-compiling /home/hargup/anaconda/envs/_build/lib/python2.7/site-packages/heatclient/openstack/common/cliutils.py to cliutils.pyc
byte-compiling /home/hargup/anaconda/envs/_build/lib/python2.7/site-packages/heatclient/openstack/common/apiclient/base.py to base.pyc
byte-compiling /home/hargup/anaconda/envs/_build/lib/python2.7/site-packages/heatclient/openstack/common/apiclient/utils.py to utils.pyc
byte-compiling /home/hargup/anaconda/envs/_build/lib/python2.7/site-packages/heatclient/openstack/common/apiclient/fake_client.py to fake_client.pyc
byte-compiling /home/hargup/anaconda/envs/_build/lib/python2.7/site-packages/heatclient/openstack/common/apiclient/auth.py to auth.pyc
byte-compiling /home/hargup/anaconda/envs/_build/lib/python2.7/site-packages/heatclient/openstack/common/apiclient/client.py to client.pyc
byte-compiling /home/hargup/anaconda/envs/_build/lib/python2.7/site-packages/heatclient/openstack/common/apiclient/exceptions.py to exceptions.pyc
byte-compiling /home/hargup/anaconda/envs/_build/lib/python2.7/site-packages/heatclient/openstack/common/apiclient/__init__.py to __init__.pyc
byte-compiling /home/hargup/anaconda/envs/_build/lib/python2.7/site-packages/heatclient/openstack/common/__init__.py to __init__.pyc
byte-compiling /home/hargup/anaconda/envs/_build/lib/python2.7/site-packages/heatclient/openstack/common/_i18n.py to _i18n.pyc
byte-compiling /home/hargup/anaconda/envs/_build/lib/python2.7/site-packages/heatclient/openstack/__init__.py to __init__.pyc
byte-compiling /home/hargup/anaconda/envs/_build/lib/python2.7/site-packages/heatclient/common/deployment_utils.py to deployment_utils.pyc
byte-compiling /home/hargup/anaconda/envs/_build/lib/python2.7/site-packages/heatclient/common/utils.py to utils.pyc
byte-compiling /home/hargup/anaconda/envs/_build/lib/python2.7/site-packages/heatclient/common/http.py to http.pyc
byte-compiling /home/hargup/anaconda/envs/_build/lib/python2.7/site-packages/heatclient/common/template_utils.py to template_utils.pyc
byte-compiling /home/hargup/anaconda/envs/_build/lib/python2.7/site-packages/heatclient/common/event_utils.py to event_utils.pyc
byte-compiling /home/hargup/anaconda/envs/_build/lib/python2.7/site-packages/heatclient/common/template_format.py to template_format.pyc
byte-compiling /home/hargup/anaconda/envs/_build/lib/python2.7/site-packages/heatclient/common/environment_format.py to environment_format.pyc
byte-compiling /home/hargup/anaconda/envs/_build/lib/python2.7/site-packages/heatclient/common/__init__.py to __init__.pyc
byte-compiling /home/hargup/anaconda/envs/_build/lib/python2.7/site-packages/heatclient/shell.py to shell.pyc
byte-compiling /home/hargup/anaconda/envs/_build/lib/python2.7/site-packages/heatclient/client.py to client.pyc
byte-compiling /home/hargup/anaconda/envs/_build/lib/python2.7/site-packages/heatclient/tests/test_template_utils.py to test_template_utils.pyc
byte-compiling /home/hargup/anaconda/envs/_build/lib/python2.7/site-packages/heatclient/tests/test_actions.py to test_actions.pyc
byte-compiling /home/hargup/anaconda/envs/_build/lib/python2.7/site-packages/heatclient/tests/v1/test_hooks.py to test_hooks.pyc
byte-compiling /home/hargup/anaconda/envs/_build/lib/python2.7/site-packages/heatclient/tests/v1/__init__.py to __init__.pyc
byte-compiling /home/hargup/anaconda/envs/_build/lib/python2.7/site-packages/heatclient/tests/test_common_http.py to test_common_http.pyc
byte-compiling /home/hargup/anaconda/envs/_build/lib/python2.7/site-packages/heatclient/tests/test_deployment_utils.py to test_deployment_utils.pyc
byte-compiling /home/hargup/anaconda/envs/_build/lib/python2.7/site-packages/heatclient/tests/test_software_configs.py to test_software_configs.pyc
byte-compiling /home/hargup/anaconda/envs/_build/lib/python2.7/site-packages/heatclient/tests/test_resource_types.py to test_resource_types.pyc
byte-compiling /home/hargup/anaconda/envs/_build/lib/python2.7/site-packages/heatclient/tests/test_build_info.py to test_build_info.pyc
byte-compiling /home/hargup/anaconda/envs/_build/lib/python2.7/site-packages/heatclient/tests/test_utils.py to test_utils.pyc
byte-compiling /home/hargup/anaconda/envs/_build/lib/python2.7/site-packages/heatclient/tests/test_stacks.py to test_stacks.pyc
byte-compiling /home/hargup/anaconda/envs/_build/lib/python2.7/site-packages/heatclient/tests/test_shell.py to test_shell.pyc
byte-compiling /home/hargup/anaconda/envs/_build/lib/python2.7/site-packages/heatclient/tests/fakes.py to fakes.pyc
byte-compiling /home/hargup/anaconda/envs/_build/lib/python2.7/site-packages/heatclient/tests/test_software_deployments.py to test_software_deployments.pyc
byte-compiling /home/hargup/anaconda/envs/_build/lib/python2.7/site-packages/heatclient/tests/test_service.py to test_service.pyc
byte-compiling /home/hargup/anaconda/envs/_build/lib/python2.7/site-packages/heatclient/tests/test_event_utils.py to test_event_utils.pyc
byte-compiling /home/hargup/anaconda/envs/_build/lib/python2.7/site-packages/heatclient/tests/test_resources.py to test_resources.pyc
byte-compiling /home/hargup/anaconda/envs/_build/lib/python2.7/site-packages/heatclient/tests/test_events.py to test_events.pyc
byte-compiling /home/hargup/anaconda/envs/_build/lib/python2.7/site-packages/heatclient/tests/test_environment_format.py to test_environment_format.pyc
byte-compiling /home/hargup/anaconda/envs/_build/lib/python2.7/site-packages/heatclient/tests/test_template_format.py to test_template_format.pyc
byte-compiling /home/hargup/anaconda/envs/_build/lib/python2.7/site-packages/heatclient/tests/__init__.py to __init__.pyc
byte-compiling /home/hargup/anaconda/envs/_build/lib/python2.7/site-packages/heatclient/__init__.py to __init__.pyc
running install_egg_info
Copying python_heatclient.egg-info to /home/hargup/anaconda/envs/_build/lib/python2.7/site-packages/python_heatclient-0.6.0-py2.7.egg-info
running install_scripts
Installing heat script to /home/hargup/anaconda/envs/_build/bin

The following NEW packages will be INSTALLED:

    openssl:    1.0.1k-1    
    pbr:        1.0.1-py27_0
    pip:        6.1.1-py27_0
    python:     2.7.9-3     
    readline:   6.2-2       
    setuptools: 16.0-py27_0 
    sqlite:     3.8.4.1-1   
    system:     5.8-2       
    tk:         8.5.18-0    
    zlib:       1.2.8-0     

Linking packages ...
[                    ]|                                                  |   0%[openssl             ]|                                                  |   0%[readline            ]|#####                                             |  10%[sqlite              ]|##########                                        |  20%[system              ]|###############                                   |  30%[tk                  ]|####################                              |  40%[zlib                ]|#########################                         |  50%[python              ]|##############################                    |  60%[setuptools          ]|###################################               |  70%[pbr                 ]|########################################          |  80%[pip                 ]|#############################################     |  90%[      COMPLETE      ]|##################################################| 100%
Removing old work directory
Source cache directory is: /home/hargup/anaconda/conda-bld/src_cache
Found source in cache: python-heatclient-0.6.0.tar.gz
Extracting download
Package: python-heatclient-0.6.0-py27_0
source tree in: /home/hargup/anaconda/conda-bld/work/python-heatclient-0.6.0
number of files: 123
Fixing permissions
Detected hard-coded path in text file bin/heat
Fixing permissions
BUILD END: python-heatclient-0.6.0-py27_0
Nothing to test for: python-heatclient-0.6.0-py27_0
# If you want to upload this package to binstar.org later, type:
#
# $ binstar upload /home/hargup/anaconda/conda-bld/linux-64/python-heatclient-0.6.0-py27_0.tar.bz2
#
# To have conda build upload to binstar automatically, use
# $ conda config --set binstar_upload yes

