Removing old build directory
Removing old work directory
BUILD START: python-openstackclient-1.0.4-py27_0
Fetching package metadata: ......
Solving package specifications: .+ /home/ubuntu/miniconda/envs/_build/bin/python setup.py install
running install
running build
running build_py
creating build
creating build/lib
creating build/lib/openstackclient
creating build/lib/openstackclient/common
copying openstackclient/common/module.py -> build/lib/openstackclient/common
copying openstackclient/common/clientmanager.py -> build/lib/openstackclient/common
copying openstackclient/common/commandmanager.py -> build/lib/openstackclient/common
copying openstackclient/common/utils.py -> build/lib/openstackclient/common
copying openstackclient/common/limits.py -> build/lib/openstackclient/common
copying openstackclient/common/timing.py -> build/lib/openstackclient/common
copying openstackclient/common/quota.py -> build/lib/openstackclient/common
copying openstackclient/common/parseractions.py -> build/lib/openstackclient/common
copying openstackclient/common/__init__.py -> build/lib/openstackclient/common
copying openstackclient/common/extension.py -> build/lib/openstackclient/common
copying openstackclient/common/exceptions.py -> build/lib/openstackclient/common
creating build/lib/openstackclient/object
creating build/lib/openstackclient/object/v1
creating build/lib/openstackclient/object/v1/lib
copying openstackclient/object/v1/lib/__init__.py -> build/lib/openstackclient/object/v1/lib
copying openstackclient/object/client.py -> build/lib/openstackclient/object
copying openstackclient/object/__init__.py -> build/lib/openstackclient/object
creating build/lib/openstackclient/tests
creating build/lib/openstackclient/tests/volume
copying openstackclient/tests/volume/__init__.py -> build/lib/openstackclient/tests/volume
copying openstackclient/tests/volume/test_find_resource.py -> build/lib/openstackclient/tests/volume
creating build/lib/openstackclient/tests/compute
creating build/lib/openstackclient/tests/compute/v2
copying openstackclient/tests/compute/v2/fakes.py -> build/lib/openstackclient/tests/compute/v2
copying openstackclient/tests/compute/v2/test_flavor.py -> build/lib/openstackclient/tests/compute/v2
copying openstackclient/tests/compute/v2/test_server.py -> build/lib/openstackclient/tests/compute/v2
copying openstackclient/tests/compute/v2/__init__.py -> build/lib/openstackclient/tests/compute/v2
creating build/lib/openstackclient/tests/network
creating build/lib/openstackclient/tests/network/v2
copying openstackclient/tests/network/v2/fakes.py -> build/lib/openstackclient/tests/network/v2
copying openstackclient/tests/network/v2/test_network.py -> build/lib/openstackclient/tests/network/v2
copying openstackclient/tests/network/v2/__init__.py -> build/lib/openstackclient/tests/network/v2
creating build/lib/openstackclient/network
copying openstackclient/network/client.py -> build/lib/openstackclient/network
copying openstackclient/network/__init__.py -> build/lib/openstackclient/network
copying openstackclient/network/common.py -> build/lib/openstackclient/network
creating build/lib/openstackclient/tests/identity
creating build/lib/openstackclient/tests/identity/v2_0
copying openstackclient/tests/identity/v2_0/test_project.py -> build/lib/openstackclient/tests/identity/v2_0
copying openstackclient/tests/identity/v2_0/fakes.py -> build/lib/openstackclient/tests/identity/v2_0
copying openstackclient/tests/identity/v2_0/test_user.py -> build/lib/openstackclient/tests/identity/v2_0
copying openstackclient/tests/identity/v2_0/__init__.py -> build/lib/openstackclient/tests/identity/v2_0
copying openstackclient/tests/identity/v2_0/test_service.py -> build/lib/openstackclient/tests/identity/v2_0
copying openstackclient/tests/identity/v2_0/test_catalog.py -> build/lib/openstackclient/tests/identity/v2_0
copying openstackclient/tests/identity/v2_0/test_role.py -> build/lib/openstackclient/tests/identity/v2_0
copying openstackclient/tests/identity/v2_0/test_endpoint.py -> build/lib/openstackclient/tests/identity/v2_0
copying openstackclient/tests/identity/v2_0/test_token.py -> build/lib/openstackclient/tests/identity/v2_0
copying openstackclient/tests/fakes.py -> build/lib/openstackclient/tests
copying openstackclient/tests/utils.py -> build/lib/openstackclient/tests
copying openstackclient/tests/test_shell.py -> build/lib/openstackclient/tests
copying openstackclient/tests/__init__.py -> build/lib/openstackclient/tests
creating build/lib/openstackclient/tests/image
creating build/lib/openstackclient/tests/image/v1
copying openstackclient/tests/image/v1/fakes.py -> build/lib/openstackclient/tests/image/v1
copying openstackclient/tests/image/v1/test_image.py -> build/lib/openstackclient/tests/image/v1
copying openstackclient/tests/image/v1/__init__.py -> build/lib/openstackclient/tests/image/v1
creating build/lib/openstackclient/tests/image/v2
copying openstackclient/tests/image/v2/fakes.py -> build/lib/openstackclient/tests/image/v2
copying openstackclient/tests/image/v2/test_image.py -> build/lib/openstackclient/tests/image/v2
copying openstackclient/tests/image/v2/__init__.py -> build/lib/openstackclient/tests/image/v2
creating build/lib/openstackclient/tests/object
copying openstackclient/tests/object/__init__.py -> build/lib/openstackclient/tests/object
creating build/lib/openstackclient/image
creating build/lib/openstackclient/image/v1
copying openstackclient/image/v1/__init__.py -> build/lib/openstackclient/image/v1
copying openstackclient/image/v1/image.py -> build/lib/openstackclient/image/v1
creating build/lib/openstackclient/image/v2
copying openstackclient/image/v2/__init__.py -> build/lib/openstackclient/image/v2
copying openstackclient/image/v2/image.py -> build/lib/openstackclient/image/v2
creating build/lib/openstackclient/volume
copying openstackclient/volume/client.py -> build/lib/openstackclient/volume
copying openstackclient/volume/__init__.py -> build/lib/openstackclient/volume
creating build/lib/openstackclient/volume/v1
copying openstackclient/volume/v1/type.py -> build/lib/openstackclient/volume/v1
copying openstackclient/volume/v1/volume.py -> build/lib/openstackclient/volume/v1
copying openstackclient/volume/v1/snapshot.py -> build/lib/openstackclient/volume/v1
copying openstackclient/volume/v1/__init__.py -> build/lib/openstackclient/volume/v1
copying openstackclient/volume/v1/backup.py -> build/lib/openstackclient/volume/v1
copying openstackclient/tests/network/test_common.py -> build/lib/openstackclient/tests/network
copying openstackclient/tests/network/__init__.py -> build/lib/openstackclient/tests/network
copying openstackclient/tests/network/common.py -> build/lib/openstackclient/tests/network
copying openstackclient/tests/image/__init__.py -> build/lib/openstackclient/tests/image
copying openstackclient/tests/compute/__init__.py -> build/lib/openstackclient/tests/compute
creating build/lib/openstackclient/compute
creating build/lib/openstackclient/compute/v2
copying openstackclient/compute/v2/fixedip.py -> build/lib/openstackclient/compute/v2
copying openstackclient/compute/v2/agent.py -> build/lib/openstackclient/compute/v2
copying openstackclient/compute/v2/floatingip.py -> build/lib/openstackclient/compute/v2
copying openstackclient/compute/v2/host.py -> build/lib/openstackclient/compute/v2
copying openstackclient/compute/v2/keypair.py -> build/lib/openstackclient/compute/v2
copying openstackclient/compute/v2/availability_zone.py -> build/lib/openstackclient/compute/v2
copying openstackclient/compute/v2/floatingippool.py -> build/lib/openstackclient/compute/v2
copying openstackclient/compute/v2/aggregate.py -> build/lib/openstackclient/compute/v2
copying openstackclient/compute/v2/console.py -> build/lib/openstackclient/compute/v2
copying openstackclient/compute/v2/service.py -> build/lib/openstackclient/compute/v2
copying openstackclient/compute/v2/__init__.py -> build/lib/openstackclient/compute/v2
copying openstackclient/compute/v2/flavor.py -> build/lib/openstackclient/compute/v2
copying openstackclient/compute/v2/hypervisor.py -> build/lib/openstackclient/compute/v2
copying openstackclient/compute/v2/usage.py -> build/lib/openstackclient/compute/v2
copying openstackclient/compute/v2/security_group.py -> build/lib/openstackclient/compute/v2
copying openstackclient/compute/v2/server.py -> build/lib/openstackclient/compute/v2
copying openstackclient/compute/v2/hypervisor_stats.py -> build/lib/openstackclient/compute/v2
creating build/lib/openstackclient/tests/api
copying openstackclient/tests/api/fakes.py -> build/lib/openstackclient/tests/api
copying openstackclient/tests/api/test_object_store_v1.py -> build/lib/openstackclient/tests/api
copying openstackclient/tests/api/test_image_v2.py -> build/lib/openstackclient/tests/api
copying openstackclient/tests/api/test_image_v1.py -> build/lib/openstackclient/tests/api
copying openstackclient/tests/api/test_api.py -> build/lib/openstackclient/tests/api
copying openstackclient/tests/api/__init__.py -> build/lib/openstackclient/tests/api
copying openstackclient/tests/api/test_network_v2.py -> build/lib/openstackclient/tests/api
copying openstackclient/tests/api/test_utils.py -> build/lib/openstackclient/tests/api
creating build/lib/openstackclient/tests/common
copying openstackclient/tests/common/test_extension.py -> build/lib/openstackclient/tests/common
copying openstackclient/tests/common/test_clientmanager.py -> build/lib/openstackclient/tests/common
copying openstackclient/tests/common/test_commandmanager.py -> build/lib/openstackclient/tests/common
copying openstackclient/tests/common/test_timing.py -> build/lib/openstackclient/tests/common
copying openstackclient/tests/common/__init__.py -> build/lib/openstackclient/tests/common
copying openstackclient/tests/common/test_module.py -> build/lib/openstackclient/tests/common
copying openstackclient/tests/common/test_utils.py -> build/lib/openstackclient/tests/common
copying openstackclient/tests/common/test_parseractions.py -> build/lib/openstackclient/tests/common
creating build/lib/openstackclient/tests/volume/v1
copying openstackclient/tests/volume/v1/fakes.py -> build/lib/openstackclient/tests/volume/v1
copying openstackclient/tests/volume/v1/test_volume.py -> build/lib/openstackclient/tests/volume/v1
copying openstackclient/tests/volume/v1/__init__.py -> build/lib/openstackclient/tests/volume/v1
creating build/lib/openstackclient/network/v2
copying openstackclient/network/v2/network.py -> build/lib/openstackclient/network/v2
copying openstackclient/network/v2/__init__.py -> build/lib/openstackclient/network/v2
creating build/lib/openstackclient/identity
creating build/lib/openstackclient/identity/v2_0
copying openstackclient/identity/v2_0/token.py -> build/lib/openstackclient/identity/v2_0
copying openstackclient/identity/v2_0/catalog.py -> build/lib/openstackclient/identity/v2_0
copying openstackclient/identity/v2_0/ec2creds.py -> build/lib/openstackclient/identity/v2_0
copying openstackclient/identity/v2_0/endpoint.py -> build/lib/openstackclient/identity/v2_0
copying openstackclient/identity/v2_0/user.py -> build/lib/openstackclient/identity/v2_0
copying openstackclient/identity/v2_0/role.py -> build/lib/openstackclient/identity/v2_0
copying openstackclient/identity/v2_0/service.py -> build/lib/openstackclient/identity/v2_0
copying openstackclient/identity/v2_0/__init__.py -> build/lib/openstackclient/identity/v2_0
copying openstackclient/identity/v2_0/project.py -> build/lib/openstackclient/identity/v2_0
copying openstackclient/tests/identity/__init__.py -> build/lib/openstackclient/tests/identity
copying openstackclient/compute/client.py -> build/lib/openstackclient/compute
copying openstackclient/compute/__init__.py -> build/lib/openstackclient/compute
copying openstackclient/object/v1/__init__.py -> build/lib/openstackclient/object/v1
copying openstackclient/object/v1/object.py -> build/lib/openstackclient/object/v1
copying openstackclient/object/v1/container.py -> build/lib/openstackclient/object/v1
copying openstackclient/i18n.py -> build/lib/openstackclient
copying openstackclient/shell.py -> build/lib/openstackclient
copying openstackclient/__init__.py -> build/lib/openstackclient
creating build/lib/openstackclient/tests/object/v1
copying openstackclient/tests/object/v1/fakes.py -> build/lib/openstackclient/tests/object/v1
copying openstackclient/tests/object/v1/test_object.py -> build/lib/openstackclient/tests/object/v1
copying openstackclient/tests/object/v1/test_container_all.py -> build/lib/openstackclient/tests/object/v1
copying openstackclient/tests/object/v1/test_container.py -> build/lib/openstackclient/tests/object/v1
copying openstackclient/tests/object/v1/__init__.py -> build/lib/openstackclient/tests/object/v1
copying openstackclient/tests/object/v1/test_object_all.py -> build/lib/openstackclient/tests/object/v1
creating build/lib/openstackclient/identity/v3
copying openstackclient/identity/v3/role_assignment.py -> build/lib/openstackclient/identity/v3
copying openstackclient/identity/v3/token.py -> build/lib/openstackclient/identity/v3
copying openstackclient/identity/v3/identity_provider.py -> build/lib/openstackclient/identity/v3
copying openstackclient/identity/v3/catalog.py -> build/lib/openstackclient/identity/v3
copying openstackclient/identity/v3/policy.py -> build/lib/openstackclient/identity/v3
copying openstackclient/identity/v3/domain.py -> build/lib/openstackclient/identity/v3
copying openstackclient/identity/v3/federation_protocol.py -> build/lib/openstackclient/identity/v3
copying openstackclient/identity/v3/group.py -> build/lib/openstackclient/identity/v3
copying openstackclient/identity/v3/credential.py -> build/lib/openstackclient/identity/v3
copying openstackclient/identity/v3/endpoint.py -> build/lib/openstackclient/identity/v3
copying openstackclient/identity/v3/user.py -> build/lib/openstackclient/identity/v3
copying openstackclient/identity/v3/region.py -> build/lib/openstackclient/identity/v3
copying openstackclient/identity/v3/consumer.py -> build/lib/openstackclient/identity/v3
copying openstackclient/identity/v3/trust.py -> build/lib/openstackclient/identity/v3
copying openstackclient/identity/v3/mapping.py -> build/lib/openstackclient/identity/v3
copying openstackclient/identity/v3/role.py -> build/lib/openstackclient/identity/v3
copying openstackclient/identity/v3/service.py -> build/lib/openstackclient/identity/v3
copying openstackclient/identity/v3/__init__.py -> build/lib/openstackclient/identity/v3
copying openstackclient/identity/v3/unscoped_saml.py -> build/lib/openstackclient/identity/v3
copying openstackclient/identity/v3/project.py -> build/lib/openstackclient/identity/v3
copying openstackclient/identity/client.py -> build/lib/openstackclient/identity
copying openstackclient/identity/__init__.py -> build/lib/openstackclient/identity
copying openstackclient/identity/common.py -> build/lib/openstackclient/identity
creating build/lib/openstackclient/api
copying openstackclient/api/image_v1.py -> build/lib/openstackclient/api
copying openstackclient/api/utils.py -> build/lib/openstackclient/api
copying openstackclient/api/api.py -> build/lib/openstackclient/api
copying openstackclient/api/network_v2.py -> build/lib/openstackclient/api
copying openstackclient/api/object_store_v1.py -> build/lib/openstackclient/api
copying openstackclient/api/__init__.py -> build/lib/openstackclient/api
copying openstackclient/api/auth_plugin.py -> build/lib/openstackclient/api
copying openstackclient/api/auth.py -> build/lib/openstackclient/api
copying openstackclient/api/image_v2.py -> build/lib/openstackclient/api
creating build/lib/openstackclient/tests/identity/v3
copying openstackclient/tests/identity/v3/test_project.py -> build/lib/openstackclient/tests/identity/v3
copying openstackclient/tests/identity/v3/fakes.py -> build/lib/openstackclient/tests/identity/v3
copying openstackclient/tests/identity/v3/test_domain.py -> build/lib/openstackclient/tests/identity/v3
copying openstackclient/tests/identity/v3/test_identity_provider.py -> build/lib/openstackclient/tests/identity/v3
copying openstackclient/tests/identity/v3/test_region.py -> build/lib/openstackclient/tests/identity/v3
copying openstackclient/tests/identity/v3/test_protocol.py -> build/lib/openstackclient/tests/identity/v3
copying openstackclient/tests/identity/v3/test_unscoped_saml.py -> build/lib/openstackclient/tests/identity/v3
copying openstackclient/tests/identity/v3/test_role_assignment.py -> build/lib/openstackclient/tests/identity/v3
copying openstackclient/tests/identity/v3/test_user.py -> build/lib/openstackclient/tests/identity/v3
copying openstackclient/tests/identity/v3/__init__.py -> build/lib/openstackclient/tests/identity/v3
copying openstackclient/tests/identity/v3/test_consumer.py -> build/lib/openstackclient/tests/identity/v3
copying openstackclient/tests/identity/v3/test_service.py -> build/lib/openstackclient/tests/identity/v3
copying openstackclient/tests/identity/v3/test_catalog.py -> build/lib/openstackclient/tests/identity/v3
copying openstackclient/tests/identity/v3/test_trust.py -> build/lib/openstackclient/tests/identity/v3
copying openstackclient/tests/identity/v3/test_role.py -> build/lib/openstackclient/tests/identity/v3
copying openstackclient/tests/identity/v3/test_group.py -> build/lib/openstackclient/tests/identity/v3
copying openstackclient/tests/identity/v3/test_oauth.py -> build/lib/openstackclient/tests/identity/v3
copying openstackclient/tests/identity/v3/test_endpoint.py -> build/lib/openstackclient/tests/identity/v3
copying openstackclient/tests/identity/v3/test_token.py -> build/lib/openstackclient/tests/identity/v3
copying openstackclient/tests/identity/v3/test_mappings.py -> build/lib/openstackclient/tests/identity/v3
copying openstackclient/image/client.py -> build/lib/openstackclient/image
copying openstackclient/image/__init__.py -> build/lib/openstackclient/image
running egg_info
writing requirements to python_openstackclient.egg-info/requires.txt
writing python_openstackclient.egg-info/PKG-INFO
writing top-level names to python_openstackclient.egg-info/top_level.txt
writing dependency_links to python_openstackclient.egg-info/dependency_links.txt
writing entry points to python_openstackclient.egg-info/entry_points.txt
[pbr] Reusing existing SOURCES.txt
running install_lib
creating /home/ubuntu/miniconda/envs/_build/lib/python2.7/site-packages/openstackclient
creating /home/ubuntu/miniconda/envs/_build/lib/python2.7/site-packages/openstackclient/common
copying build/lib/openstackclient/common/module.py -> /home/ubuntu/miniconda/envs/_build/lib/python2.7/site-packages/openstackclient/common
copying build/lib/openstackclient/common/clientmanager.py -> /home/ubuntu/miniconda/envs/_build/lib/python2.7/site-packages/openstackclient/common
copying build/lib/openstackclient/common/commandmanager.py -> /home/ubuntu/miniconda/envs/_build/lib/python2.7/site-packages/openstackclient/common
copying build/lib/openstackclient/common/utils.py -> /home/ubuntu/miniconda/envs/_build/lib/python2.7/site-packages/openstackclient/common
copying build/lib/openstackclient/common/limits.py -> /home/ubuntu/miniconda/envs/_build/lib/python2.7/site-packages/openstackclient/common
copying build/lib/openstackclient/common/timing.py -> /home/ubuntu/miniconda/envs/_build/lib/python2.7/site-packages/openstackclient/common
copying build/lib/openstackclient/common/quota.py -> /home/ubuntu/miniconda/envs/_build/lib/python2.7/site-packages/openstackclient/common
copying build/lib/openstackclient/common/parseractions.py -> /home/ubuntu/miniconda/envs/_build/lib/python2.7/site-packages/openstackclient/common
copying build/lib/openstackclient/common/__init__.py -> /home/ubuntu/miniconda/envs/_build/lib/python2.7/site-packages/openstackclient/common
copying build/lib/openstackclient/common/extension.py -> /home/ubuntu/miniconda/envs/_build/lib/python2.7/site-packages/openstackclient/common
copying build/lib/openstackclient/common/exceptions.py -> /home/ubuntu/miniconda/envs/_build/lib/python2.7/site-packages/openstackclient/common
creating /home/ubuntu/miniconda/envs/_build/lib/python2.7/site-packages/openstackclient/image
creating /home/ubuntu/miniconda/envs/_build/lib/python2.7/site-packages/openstackclient/image/v1
copying build/lib/openstackclient/image/v1/__init__.py -> /home/ubuntu/miniconda/envs/_build/lib/python2.7/site-packages/openstackclient/image/v1
copying build/lib/openstackclient/image/v1/image.py -> /home/ubuntu/miniconda/envs/_build/lib/python2.7/site-packages/openstackclient/image/v1
creating /home/ubuntu/miniconda/envs/_build/lib/python2.7/site-packages/openstackclient/image/v2
copying build/lib/openstackclient/image/v2/__init__.py -> /home/ubuntu/miniconda/envs/_build/lib/python2.7/site-packages/openstackclient/image/v2
copying build/lib/openstackclient/image/v2/image.py -> /home/ubuntu/miniconda/envs/_build/lib/python2.7/site-packages/openstackclient/image/v2
copying build/lib/openstackclient/image/client.py -> /home/ubuntu/miniconda/envs/_build/lib/python2.7/site-packages/openstackclient/image
copying build/lib/openstackclient/image/__init__.py -> /home/ubuntu/miniconda/envs/_build/lib/python2.7/site-packages/openstackclient/image
copying build/lib/openstackclient/i18n.py -> /home/ubuntu/miniconda/envs/_build/lib/python2.7/site-packages/openstackclient
creating /home/ubuntu/miniconda/envs/_build/lib/python2.7/site-packages/openstackclient/api
copying build/lib/openstackclient/api/image_v1.py -> /home/ubuntu/miniconda/envs/_build/lib/python2.7/site-packages/openstackclient/api
copying build/lib/openstackclient/api/utils.py -> /home/ubuntu/miniconda/envs/_build/lib/python2.7/site-packages/openstackclient/api
copying build/lib/openstackclient/api/api.py -> /home/ubuntu/miniconda/envs/_build/lib/python2.7/site-packages/openstackclient/api
copying build/lib/openstackclient/api/network_v2.py -> /home/ubuntu/miniconda/envs/_build/lib/python2.7/site-packages/openstackclient/api
copying build/lib/openstackclient/api/object_store_v1.py -> /home/ubuntu/miniconda/envs/_build/lib/python2.7/site-packages/openstackclient/api
copying build/lib/openstackclient/api/__init__.py -> /home/ubuntu/miniconda/envs/_build/lib/python2.7/site-packages/openstackclient/api
copying build/lib/openstackclient/api/auth_plugin.py -> /home/ubuntu/miniconda/envs/_build/lib/python2.7/site-packages/openstackclient/api
copying build/lib/openstackclient/api/auth.py -> /home/ubuntu/miniconda/envs/_build/lib/python2.7/site-packages/openstackclient/api
copying build/lib/openstackclient/api/image_v2.py -> /home/ubuntu/miniconda/envs/_build/lib/python2.7/site-packages/openstackclient/api
copying build/lib/openstackclient/shell.py -> /home/ubuntu/miniconda/envs/_build/lib/python2.7/site-packages/openstackclient
creating /home/ubuntu/miniconda/envs/_build/lib/python2.7/site-packages/openstackclient/compute
creating /home/ubuntu/miniconda/envs/_build/lib/python2.7/site-packages/openstackclient/compute/v2
copying build/lib/openstackclient/compute/v2/fixedip.py -> /home/ubuntu/miniconda/envs/_build/lib/python2.7/site-packages/openstackclient/compute/v2
copying build/lib/openstackclient/compute/v2/agent.py -> /home/ubuntu/miniconda/envs/_build/lib/python2.7/site-packages/openstackclient/compute/v2
copying build/lib/openstackclient/compute/v2/floatingip.py -> /home/ubuntu/miniconda/envs/_build/lib/python2.7/site-packages/openstackclient/compute/v2
copying build/lib/openstackclient/compute/v2/host.py -> /home/ubuntu/miniconda/envs/_build/lib/python2.7/site-packages/openstackclient/compute/v2
copying build/lib/openstackclient/compute/v2/keypair.py -> /home/ubuntu/miniconda/envs/_build/lib/python2.7/site-packages/openstackclient/compute/v2
copying build/lib/openstackclient/compute/v2/availability_zone.py -> /home/ubuntu/miniconda/envs/_build/lib/python2.7/site-packages/openstackclient/compute/v2
copying build/lib/openstackclient/compute/v2/floatingippool.py -> /home/ubuntu/miniconda/envs/_build/lib/python2.7/site-packages/openstackclient/compute/v2
copying build/lib/openstackclient/compute/v2/aggregate.py -> /home/ubuntu/miniconda/envs/_build/lib/python2.7/site-packages/openstackclient/compute/v2
copying build/lib/openstackclient/compute/v2/console.py -> /home/ubuntu/miniconda/envs/_build/lib/python2.7/site-packages/openstackclient/compute/v2
copying build/lib/openstackclient/compute/v2/service.py -> /home/ubuntu/miniconda/envs/_build/lib/python2.7/site-packages/openstackclient/compute/v2
copying build/lib/openstackclient/compute/v2/__init__.py -> /home/ubuntu/miniconda/envs/_build/lib/python2.7/site-packages/openstackclient/compute/v2
copying build/lib/openstackclient/compute/v2/flavor.py -> /home/ubuntu/miniconda/envs/_build/lib/python2.7/site-packages/openstackclient/compute/v2
copying build/lib/openstackclient/compute/v2/hypervisor.py -> /home/ubuntu/miniconda/envs/_build/lib/python2.7/site-packages/openstackclient/compute/v2
copying build/lib/openstackclient/compute/v2/usage.py -> /home/ubuntu/miniconda/envs/_build/lib/python2.7/site-packages/openstackclient/compute/v2
copying build/lib/openstackclient/compute/v2/security_group.py -> /home/ubuntu/miniconda/envs/_build/lib/python2.7/site-packages/openstackclient/compute/v2
copying build/lib/openstackclient/compute/v2/server.py -> /home/ubuntu/miniconda/envs/_build/lib/python2.7/site-packages/openstackclient/compute/v2
copying build/lib/openstackclient/compute/v2/hypervisor_stats.py -> /home/ubuntu/miniconda/envs/_build/lib/python2.7/site-packages/openstackclient/compute/v2
copying build/lib/openstackclient/compute/client.py -> /home/ubuntu/miniconda/envs/_build/lib/python2.7/site-packages/openstackclient/compute
copying build/lib/openstackclient/compute/__init__.py -> /home/ubuntu/miniconda/envs/_build/lib/python2.7/site-packages/openstackclient/compute
creating /home/ubuntu/miniconda/envs/_build/lib/python2.7/site-packages/openstackclient/tests
copying build/lib/openstackclient/tests/fakes.py -> /home/ubuntu/miniconda/envs/_build/lib/python2.7/site-packages/openstackclient/tests
creating /home/ubuntu/miniconda/envs/_build/lib/python2.7/site-packages/openstackclient/tests/common
copying build/lib/openstackclient/tests/common/test_extension.py -> /home/ubuntu/miniconda/envs/_build/lib/python2.7/site-packages/openstackclient/tests/common
copying build/lib/openstackclient/tests/common/test_clientmanager.py -> /home/ubuntu/miniconda/envs/_build/lib/python2.7/site-packages/openstackclient/tests/common
copying build/lib/openstackclient/tests/common/test_commandmanager.py -> /home/ubuntu/miniconda/envs/_build/lib/python2.7/site-packages/openstackclient/tests/common
copying build/lib/openstackclient/tests/common/test_timing.py -> /home/ubuntu/miniconda/envs/_build/lib/python2.7/site-packages/openstackclient/tests/common
copying build/lib/openstackclient/tests/common/__init__.py -> /home/ubuntu/miniconda/envs/_build/lib/python2.7/site-packages/openstackclient/tests/common
copying build/lib/openstackclient/tests/common/test_module.py -> /home/ubuntu/miniconda/envs/_build/lib/python2.7/site-packages/openstackclient/tests/common
copying build/lib/openstackclient/tests/common/test_utils.py -> /home/ubuntu/miniconda/envs/_build/lib/python2.7/site-packages/openstackclient/tests/common
copying build/lib/openstackclient/tests/common/test_parseractions.py -> /home/ubuntu/miniconda/envs/_build/lib/python2.7/site-packages/openstackclient/tests/common
copying build/lib/openstackclient/tests/utils.py -> /home/ubuntu/miniconda/envs/_build/lib/python2.7/site-packages/openstackclient/tests
creating /home/ubuntu/miniconda/envs/_build/lib/python2.7/site-packages/openstackclient/tests/image
creating /home/ubuntu/miniconda/envs/_build/lib/python2.7/site-packages/openstackclient/tests/image/v1
copying build/lib/openstackclient/tests/image/v1/fakes.py -> /home/ubuntu/miniconda/envs/_build/lib/python2.7/site-packages/openstackclient/tests/image/v1
copying build/lib/openstackclient/tests/image/v1/test_image.py -> /home/ubuntu/miniconda/envs/_build/lib/python2.7/site-packages/openstackclient/tests/image/v1
copying build/lib/openstackclient/tests/image/v1/__init__.py -> /home/ubuntu/miniconda/envs/_build/lib/python2.7/site-packages/openstackclient/tests/image/v1
creating /home/ubuntu/miniconda/envs/_build/lib/python2.7/site-packages/openstackclient/tests/image/v2
copying build/lib/openstackclient/tests/image/v2/fakes.py -> /home/ubuntu/miniconda/envs/_build/lib/python2.7/site-packages/openstackclient/tests/image/v2
copying build/lib/openstackclient/tests/image/v2/test_image.py -> /home/ubuntu/miniconda/envs/_build/lib/python2.7/site-packages/openstackclient/tests/image/v2
copying build/lib/openstackclient/tests/image/v2/__init__.py -> /home/ubuntu/miniconda/envs/_build/lib/python2.7/site-packages/openstackclient/tests/image/v2
copying build/lib/openstackclient/tests/image/__init__.py -> /home/ubuntu/miniconda/envs/_build/lib/python2.7/site-packages/openstackclient/tests/image
creating /home/ubuntu/miniconda/envs/_build/lib/python2.7/site-packages/openstackclient/tests/api
copying build/lib/openstackclient/tests/api/fakes.py -> /home/ubuntu/miniconda/envs/_build/lib/python2.7/site-packages/openstackclient/tests/api
copying build/lib/openstackclient/tests/api/test_object_store_v1.py -> /home/ubuntu/miniconda/envs/_build/lib/python2.7/site-packages/openstackclient/tests/api
copying build/lib/openstackclient/tests/api/test_image_v2.py -> /home/ubuntu/miniconda/envs/_build/lib/python2.7/site-packages/openstackclient/tests/api
copying build/lib/openstackclient/tests/api/test_image_v1.py -> /home/ubuntu/miniconda/envs/_build/lib/python2.7/site-packages/openstackclient/tests/api
copying build/lib/openstackclient/tests/api/test_api.py -> /home/ubuntu/miniconda/envs/_build/lib/python2.7/site-packages/openstackclient/tests/api
copying build/lib/openstackclient/tests/api/__init__.py -> /home/ubuntu/miniconda/envs/_build/lib/python2.7/site-packages/openstackclient/tests/api
copying build/lib/openstackclient/tests/api/test_network_v2.py -> /home/ubuntu/miniconda/envs/_build/lib/python2.7/site-packages/openstackclient/tests/api
copying build/lib/openstackclient/tests/api/test_utils.py -> /home/ubuntu/miniconda/envs/_build/lib/python2.7/site-packages/openstackclient/tests/api
copying build/lib/openstackclient/tests/test_shell.py -> /home/ubuntu/miniconda/envs/_build/lib/python2.7/site-packages/openstackclient/tests
creating /home/ubuntu/miniconda/envs/_build/lib/python2.7/site-packages/openstackclient/tests/compute
creating /home/ubuntu/miniconda/envs/_build/lib/python2.7/site-packages/openstackclient/tests/compute/v2
copying build/lib/openstackclient/tests/compute/v2/fakes.py -> /home/ubuntu/miniconda/envs/_build/lib/python2.7/site-packages/openstackclient/tests/compute/v2
copying build/lib/openstackclient/tests/compute/v2/test_flavor.py -> /home/ubuntu/miniconda/envs/_build/lib/python2.7/site-packages/openstackclient/tests/compute/v2
copying build/lib/openstackclient/tests/compute/v2/test_server.py -> /home/ubuntu/miniconda/envs/_build/lib/python2.7/site-packages/openstackclient/tests/compute/v2
copying build/lib/openstackclient/tests/compute/v2/__init__.py -> /home/ubuntu/miniconda/envs/_build/lib/python2.7/site-packages/openstackclient/tests/compute/v2
copying build/lib/openstackclient/tests/compute/__init__.py -> /home/ubuntu/miniconda/envs/_build/lib/python2.7/site-packages/openstackclient/tests/compute
creating /home/ubuntu/miniconda/envs/_build/lib/python2.7/site-packages/openstackclient/tests/identity
creating /home/ubuntu/miniconda/envs/_build/lib/python2.7/site-packages/openstackclient/tests/identity/v3
copying build/lib/openstackclient/tests/identity/v3/test_project.py -> /home/ubuntu/miniconda/envs/_build/lib/python2.7/site-packages/openstackclient/tests/identity/v3
copying build/lib/openstackclient/tests/identity/v3/fakes.py -> /home/ubuntu/miniconda/envs/_build/lib/python2.7/site-packages/openstackclient/tests/identity/v3
copying build/lib/openstackclient/tests/identity/v3/test_domain.py -> /home/ubuntu/miniconda/envs/_build/lib/python2.7/site-packages/openstackclient/tests/identity/v3
copying build/lib/openstackclient/tests/identity/v3/test_identity_provider.py -> /home/ubuntu/miniconda/envs/_build/lib/python2.7/site-packages/openstackclient/tests/identity/v3
copying build/lib/openstackclient/tests/identity/v3/test_region.py -> /home/ubuntu/miniconda/envs/_build/lib/python2.7/site-packages/openstackclient/tests/identity/v3
copying build/lib/openstackclient/tests/identity/v3/test_protocol.py -> /home/ubuntu/miniconda/envs/_build/lib/python2.7/site-packages/openstackclient/tests/identity/v3
copying build/lib/openstackclient/tests/identity/v3/test_unscoped_saml.py -> /home/ubuntu/miniconda/envs/_build/lib/python2.7/site-packages/openstackclient/tests/identity/v3
copying build/lib/openstackclient/tests/identity/v3/test_role_assignment.py -> /home/ubuntu/miniconda/envs/_build/lib/python2.7/site-packages/openstackclient/tests/identity/v3
copying build/lib/openstackclient/tests/identity/v3/test_user.py -> /home/ubuntu/miniconda/envs/_build/lib/python2.7/site-packages/openstackclient/tests/identity/v3
copying build/lib/openstackclient/tests/identity/v3/__init__.py -> /home/ubuntu/miniconda/envs/_build/lib/python2.7/site-packages/openstackclient/tests/identity/v3
copying build/lib/openstackclient/tests/identity/v3/test_consumer.py -> /home/ubuntu/miniconda/envs/_build/lib/python2.7/site-packages/openstackclient/tests/identity/v3
copying build/lib/openstackclient/tests/identity/v3/test_service.py -> /home/ubuntu/miniconda/envs/_build/lib/python2.7/site-packages/openstackclient/tests/identity/v3
copying build/lib/openstackclient/tests/identity/v3/test_catalog.py -> /home/ubuntu/miniconda/envs/_build/lib/python2.7/site-packages/openstackclient/tests/identity/v3
copying build/lib/openstackclient/tests/identity/v3/test_trust.py -> /home/ubuntu/miniconda/envs/_build/lib/python2.7/site-packages/openstackclient/tests/identity/v3
copying build/lib/openstackclient/tests/identity/v3/test_role.py -> /home/ubuntu/miniconda/envs/_build/lib/python2.7/site-packages/openstackclient/tests/identity/v3
copying build/lib/openstackclient/tests/identity/v3/test_group.py -> /home/ubuntu/miniconda/envs/_build/lib/python2.7/site-packages/openstackclient/tests/identity/v3
copying build/lib/openstackclient/tests/identity/v3/test_oauth.py -> /home/ubuntu/miniconda/envs/_build/lib/python2.7/site-packages/openstackclient/tests/identity/v3
copying build/lib/openstackclient/tests/identity/v3/test_endpoint.py -> /home/ubuntu/miniconda/envs/_build/lib/python2.7/site-packages/openstackclient/tests/identity/v3
copying build/lib/openstackclient/tests/identity/v3/test_token.py -> /home/ubuntu/miniconda/envs/_build/lib/python2.7/site-packages/openstackclient/tests/identity/v3
copying build/lib/openstackclient/tests/identity/v3/test_mappings.py -> /home/ubuntu/miniconda/envs/_build/lib/python2.7/site-packages/openstackclient/tests/identity/v3
creating /home/ubuntu/miniconda/envs/_build/lib/python2.7/site-packages/openstackclient/tests/identity/v2_0
copying build/lib/openstackclient/tests/identity/v2_0/test_project.py -> /home/ubuntu/miniconda/envs/_build/lib/python2.7/site-packages/openstackclient/tests/identity/v2_0
copying build/lib/openstackclient/tests/identity/v2_0/fakes.py -> /home/ubuntu/miniconda/envs/_build/lib/python2.7/site-packages/openstackclient/tests/identity/v2_0
copying build/lib/openstackclient/tests/identity/v2_0/test_user.py -> /home/ubuntu/miniconda/envs/_build/lib/python2.7/site-packages/openstackclient/tests/identity/v2_0
copying build/lib/openstackclient/tests/identity/v2_0/__init__.py -> /home/ubuntu/miniconda/envs/_build/lib/python2.7/site-packages/openstackclient/tests/identity/v2_0
copying build/lib/openstackclient/tests/identity/v2_0/test_service.py -> /home/ubuntu/miniconda/envs/_build/lib/python2.7/site-packages/openstackclient/tests/identity/v2_0
copying build/lib/openstackclient/tests/identity/v2_0/test_catalog.py -> /home/ubuntu/miniconda/envs/_build/lib/python2.7/site-packages/openstackclient/tests/identity/v2_0
copying build/lib/openstackclient/tests/identity/v2_0/test_role.py -> /home/ubuntu/miniconda/envs/_build/lib/python2.7/site-packages/openstackclient/tests/identity/v2_0
copying build/lib/openstackclient/tests/identity/v2_0/test_endpoint.py -> /home/ubuntu/miniconda/envs/_build/lib/python2.7/site-packages/openstackclient/tests/identity/v2_0
copying build/lib/openstackclient/tests/identity/v2_0/test_token.py -> /home/ubuntu/miniconda/envs/_build/lib/python2.7/site-packages/openstackclient/tests/identity/v2_0
copying build/lib/openstackclient/tests/identity/__init__.py -> /home/ubuntu/miniconda/envs/_build/lib/python2.7/site-packages/openstackclient/tests/identity
creating /home/ubuntu/miniconda/envs/_build/lib/python2.7/site-packages/openstackclient/tests/object
creating /home/ubuntu/miniconda/envs/_build/lib/python2.7/site-packages/openstackclient/tests/object/v1
copying build/lib/openstackclient/tests/object/v1/fakes.py -> /home/ubuntu/miniconda/envs/_build/lib/python2.7/site-packages/openstackclient/tests/object/v1
copying build/lib/openstackclient/tests/object/v1/test_object.py -> /home/ubuntu/miniconda/envs/_build/lib/python2.7/site-packages/openstackclient/tests/object/v1
copying build/lib/openstackclient/tests/object/v1/test_container_all.py -> /home/ubuntu/miniconda/envs/_build/lib/python2.7/site-packages/openstackclient/tests/object/v1
copying build/lib/openstackclient/tests/object/v1/test_container.py -> /home/ubuntu/miniconda/envs/_build/lib/python2.7/site-packages/openstackclient/tests/object/v1
copying build/lib/openstackclient/tests/object/v1/__init__.py -> /home/ubuntu/miniconda/envs/_build/lib/python2.7/site-packages/openstackclient/tests/object/v1
copying build/lib/openstackclient/tests/object/v1/test_object_all.py -> /home/ubuntu/miniconda/envs/_build/lib/python2.7/site-packages/openstackclient/tests/object/v1
copying build/lib/openstackclient/tests/object/__init__.py -> /home/ubuntu/miniconda/envs/_build/lib/python2.7/site-packages/openstackclient/tests/object
copying build/lib/openstackclient/tests/__init__.py -> /home/ubuntu/miniconda/envs/_build/lib/python2.7/site-packages/openstackclient/tests
creating /home/ubuntu/miniconda/envs/_build/lib/python2.7/site-packages/openstackclient/tests/volume
creating /home/ubuntu/miniconda/envs/_build/lib/python2.7/site-packages/openstackclient/tests/volume/v1
copying build/lib/openstackclient/tests/volume/v1/fakes.py -> /home/ubuntu/miniconda/envs/_build/lib/python2.7/site-packages/openstackclient/tests/volume/v1
copying build/lib/openstackclient/tests/volume/v1/test_volume.py -> /home/ubuntu/miniconda/envs/_build/lib/python2.7/site-packages/openstackclient/tests/volume/v1
copying build/lib/openstackclient/tests/volume/v1/__init__.py -> /home/ubuntu/miniconda/envs/_build/lib/python2.7/site-packages/openstackclient/tests/volume/v1
copying build/lib/openstackclient/tests/volume/__init__.py -> /home/ubuntu/miniconda/envs/_build/lib/python2.7/site-packages/openstackclient/tests/volume
copying build/lib/openstackclient/tests/volume/test_find_resource.py -> /home/ubuntu/miniconda/envs/_build/lib/python2.7/site-packages/openstackclient/tests/volume
creating /home/ubuntu/miniconda/envs/_build/lib/python2.7/site-packages/openstackclient/tests/network
copying build/lib/openstackclient/tests/network/test_common.py -> /home/ubuntu/miniconda/envs/_build/lib/python2.7/site-packages/openstackclient/tests/network
creating /home/ubuntu/miniconda/envs/_build/lib/python2.7/site-packages/openstackclient/tests/network/v2
copying build/lib/openstackclient/tests/network/v2/fakes.py -> /home/ubuntu/miniconda/envs/_build/lib/python2.7/site-packages/openstackclient/tests/network/v2
copying build/lib/openstackclient/tests/network/v2/test_network.py -> /home/ubuntu/miniconda/envs/_build/lib/python2.7/site-packages/openstackclient/tests/network/v2
copying build/lib/openstackclient/tests/network/v2/__init__.py -> /home/ubuntu/miniconda/envs/_build/lib/python2.7/site-packages/openstackclient/tests/network/v2
copying build/lib/openstackclient/tests/network/__init__.py -> /home/ubuntu/miniconda/envs/_build/lib/python2.7/site-packages/openstackclient/tests/network
copying build/lib/openstackclient/tests/network/common.py -> /home/ubuntu/miniconda/envs/_build/lib/python2.7/site-packages/openstackclient/tests/network
creating /home/ubuntu/miniconda/envs/_build/lib/python2.7/site-packages/openstackclient/identity
creating /home/ubuntu/miniconda/envs/_build/lib/python2.7/site-packages/openstackclient/identity/v3
copying build/lib/openstackclient/identity/v3/role_assignment.py -> /home/ubuntu/miniconda/envs/_build/lib/python2.7/site-packages/openstackclient/identity/v3
copying build/lib/openstackclient/identity/v3/token.py -> /home/ubuntu/miniconda/envs/_build/lib/python2.7/site-packages/openstackclient/identity/v3
copying build/lib/openstackclient/identity/v3/identity_provider.py -> /home/ubuntu/miniconda/envs/_build/lib/python2.7/site-packages/openstackclient/identity/v3
copying build/lib/openstackclient/identity/v3/catalog.py -> /home/ubuntu/miniconda/envs/_build/lib/python2.7/site-packages/openstackclient/identity/v3
copying build/lib/openstackclient/identity/v3/policy.py -> /home/ubuntu/miniconda/envs/_build/lib/python2.7/site-packages/openstackclient/identity/v3
copying build/lib/openstackclient/identity/v3/domain.py -> /home/ubuntu/miniconda/envs/_build/lib/python2.7/site-packages/openstackclient/identity/v3
copying build/lib/openstackclient/identity/v3/federation_protocol.py -> /home/ubuntu/miniconda/envs/_build/lib/python2.7/site-packages/openstackclient/identity/v3
copying build/lib/openstackclient/identity/v3/group.py -> /home/ubuntu/miniconda/envs/_build/lib/python2.7/site-packages/openstackclient/identity/v3
copying build/lib/openstackclient/identity/v3/credential.py -> /home/ubuntu/miniconda/envs/_build/lib/python2.7/site-packages/openstackclient/identity/v3
copying build/lib/openstackclient/identity/v3/endpoint.py -> /home/ubuntu/miniconda/envs/_build/lib/python2.7/site-packages/openstackclient/identity/v3
copying build/lib/openstackclient/identity/v3/user.py -> /home/ubuntu/miniconda/envs/_build/lib/python2.7/site-packages/openstackclient/identity/v3
copying build/lib/openstackclient/identity/v3/region.py -> /home/ubuntu/miniconda/envs/_build/lib/python2.7/site-packages/openstackclient/identity/v3
copying build/lib/openstackclient/identity/v3/consumer.py -> /home/ubuntu/miniconda/envs/_build/lib/python2.7/site-packages/openstackclient/identity/v3
copying build/lib/openstackclient/identity/v3/trust.py -> /home/ubuntu/miniconda/envs/_build/lib/python2.7/site-packages/openstackclient/identity/v3
copying build/lib/openstackclient/identity/v3/mapping.py -> /home/ubuntu/miniconda/envs/_build/lib/python2.7/site-packages/openstackclient/identity/v3
copying build/lib/openstackclient/identity/v3/role.py -> /home/ubuntu/miniconda/envs/_build/lib/python2.7/site-packages/openstackclient/identity/v3
copying build/lib/openstackclient/identity/v3/service.py -> /home/ubuntu/miniconda/envs/_build/lib/python2.7/site-packages/openstackclient/identity/v3
copying build/lib/openstackclient/identity/v3/__init__.py -> /home/ubuntu/miniconda/envs/_build/lib/python2.7/site-packages/openstackclient/identity/v3
copying build/lib/openstackclient/identity/v3/unscoped_saml.py -> /home/ubuntu/miniconda/envs/_build/lib/python2.7/site-packages/openstackclient/identity/v3
copying build/lib/openstackclient/identity/v3/project.py -> /home/ubuntu/miniconda/envs/_build/lib/python2.7/site-packages/openstackclient/identity/v3
copying build/lib/openstackclient/identity/client.py -> /home/ubuntu/miniconda/envs/_build/lib/python2.7/site-packages/openstackclient/identity
creating /home/ubuntu/miniconda/envs/_build/lib/python2.7/site-packages/openstackclient/identity/v2_0
copying build/lib/openstackclient/identity/v2_0/token.py -> /home/ubuntu/miniconda/envs/_build/lib/python2.7/site-packages/openstackclient/identity/v2_0
copying build/lib/openstackclient/identity/v2_0/catalog.py -> /home/ubuntu/miniconda/envs/_build/lib/python2.7/site-packages/openstackclient/identity/v2_0
copying build/lib/openstackclient/identity/v2_0/ec2creds.py -> /home/ubuntu/miniconda/envs/_build/lib/python2.7/site-packages/openstackclient/identity/v2_0
copying build/lib/openstackclient/identity/v2_0/endpoint.py -> /home/ubuntu/miniconda/envs/_build/lib/python2.7/site-packages/openstackclient/identity/v2_0
copying build/lib/openstackclient/identity/v2_0/user.py -> /home/ubuntu/miniconda/envs/_build/lib/python2.7/site-packages/openstackclient/identity/v2_0
copying build/lib/openstackclient/identity/v2_0/role.py -> /home/ubuntu/miniconda/envs/_build/lib/python2.7/site-packages/openstackclient/identity/v2_0
copying build/lib/openstackclient/identity/v2_0/service.py -> /home/ubuntu/miniconda/envs/_build/lib/python2.7/site-packages/openstackclient/identity/v2_0
copying build/lib/openstackclient/identity/v2_0/__init__.py -> /home/ubuntu/miniconda/envs/_build/lib/python2.7/site-packages/openstackclient/identity/v2_0
copying build/lib/openstackclient/identity/v2_0/project.py -> /home/ubuntu/miniconda/envs/_build/lib/python2.7/site-packages/openstackclient/identity/v2_0
copying build/lib/openstackclient/identity/__init__.py -> /home/ubuntu/miniconda/envs/_build/lib/python2.7/site-packages/openstackclient/identity
copying build/lib/openstackclient/identity/common.py -> /home/ubuntu/miniconda/envs/_build/lib/python2.7/site-packages/openstackclient/identity
creating /home/ubuntu/miniconda/envs/_build/lib/python2.7/site-packages/openstackclient/object
creating /home/ubuntu/miniconda/envs/_build/lib/python2.7/site-packages/openstackclient/object/v1
copying build/lib/openstackclient/object/v1/__init__.py -> /home/ubuntu/miniconda/envs/_build/lib/python2.7/site-packages/openstackclient/object/v1
copying build/lib/openstackclient/object/v1/object.py -> /home/ubuntu/miniconda/envs/_build/lib/python2.7/site-packages/openstackclient/object/v1
creating /home/ubuntu/miniconda/envs/_build/lib/python2.7/site-packages/openstackclient/object/v1/lib
copying build/lib/openstackclient/object/v1/lib/__init__.py -> /home/ubuntu/miniconda/envs/_build/lib/python2.7/site-packages/openstackclient/object/v1/lib
copying build/lib/openstackclient/object/v1/container.py -> /home/ubuntu/miniconda/envs/_build/lib/python2.7/site-packages/openstackclient/object/v1
copying build/lib/openstackclient/object/client.py -> /home/ubuntu/miniconda/envs/_build/lib/python2.7/site-packages/openstackclient/object
copying build/lib/openstackclient/object/__init__.py -> /home/ubuntu/miniconda/envs/_build/lib/python2.7/site-packages/openstackclient/object
copying build/lib/openstackclient/__init__.py -> /home/ubuntu/miniconda/envs/_build/lib/python2.7/site-packages/openstackclient
creating /home/ubuntu/miniconda/envs/_build/lib/python2.7/site-packages/openstackclient/volume
creating /home/ubuntu/miniconda/envs/_build/lib/python2.7/site-packages/openstackclient/volume/v1
copying build/lib/openstackclient/volume/v1/type.py -> /home/ubuntu/miniconda/envs/_build/lib/python2.7/site-packages/openstackclient/volume/v1
copying build/lib/openstackclient/volume/v1/volume.py -> /home/ubuntu/miniconda/envs/_build/lib/python2.7/site-packages/openstackclient/volume/v1
copying build/lib/openstackclient/volume/v1/snapshot.py -> /home/ubuntu/miniconda/envs/_build/lib/python2.7/site-packages/openstackclient/volume/v1
copying build/lib/openstackclient/volume/v1/__init__.py -> /home/ubuntu/miniconda/envs/_build/lib/python2.7/site-packages/openstackclient/volume/v1
copying build/lib/openstackclient/volume/v1/backup.py -> /home/ubuntu/miniconda/envs/_build/lib/python2.7/site-packages/openstackclient/volume/v1
copying build/lib/openstackclient/volume/client.py -> /home/ubuntu/miniconda/envs/_build/lib/python2.7/site-packages/openstackclient/volume
copying build/lib/openstackclient/volume/__init__.py -> /home/ubuntu/miniconda/envs/_build/lib/python2.7/site-packages/openstackclient/volume
creating /home/ubuntu/miniconda/envs/_build/lib/python2.7/site-packages/openstackclient/network
creating /home/ubuntu/miniconda/envs/_build/lib/python2.7/site-packages/openstackclient/network/v2
copying build/lib/openstackclient/network/v2/network.py -> /home/ubuntu/miniconda/envs/_build/lib/python2.7/site-packages/openstackclient/network/v2
copying build/lib/openstackclient/network/v2/__init__.py -> /home/ubuntu/miniconda/envs/_build/lib/python2.7/site-packages/openstackclient/network/v2
copying build/lib/openstackclient/network/client.py -> /home/ubuntu/miniconda/envs/_build/lib/python2.7/site-packages/openstackclient/network
copying build/lib/openstackclient/network/__init__.py -> /home/ubuntu/miniconda/envs/_build/lib/python2.7/site-packages/openstackclient/network
copying build/lib/openstackclient/network/common.py -> /home/ubuntu/miniconda/envs/_build/lib/python2.7/site-packages/openstackclient/network
byte-compiling /home/ubuntu/miniconda/envs/_build/lib/python2.7/site-packages/openstackclient/common/module.py to module.pyc
byte-compiling /home/ubuntu/miniconda/envs/_build/lib/python2.7/site-packages/openstackclient/common/clientmanager.py to clientmanager.pyc
byte-compiling /home/ubuntu/miniconda/envs/_build/lib/python2.7/site-packages/openstackclient/common/commandmanager.py to commandmanager.pyc
byte-compiling /home/ubuntu/miniconda/envs/_build/lib/python2.7/site-packages/openstackclient/common/utils.py to utils.pyc
byte-compiling /home/ubuntu/miniconda/envs/_build/lib/python2.7/site-packages/openstackclient/common/limits.py to limits.pyc
byte-compiling /home/ubuntu/miniconda/envs/_build/lib/python2.7/site-packages/openstackclient/common/timing.py to timing.pyc
byte-compiling /home/ubuntu/miniconda/envs/_build/lib/python2.7/site-packages/openstackclient/common/quota.py to quota.pyc
byte-compiling /home/ubuntu/miniconda/envs/_build/lib/python2.7/site-packages/openstackclient/common/parseractions.py to parseractions.pyc
byte-compiling /home/ubuntu/miniconda/envs/_build/lib/python2.7/site-packages/openstackclient/common/__init__.py to __init__.pyc
byte-compiling /home/ubuntu/miniconda/envs/_build/lib/python2.7/site-packages/openstackclient/common/extension.py to extension.pyc
byte-compiling /home/ubuntu/miniconda/envs/_build/lib/python2.7/site-packages/openstackclient/common/exceptions.py to exceptions.pyc
byte-compiling /home/ubuntu/miniconda/envs/_build/lib/python2.7/site-packages/openstackclient/image/v1/__init__.py to __init__.pyc
byte-compiling /home/ubuntu/miniconda/envs/_build/lib/python2.7/site-packages/openstackclient/image/v1/image.py to image.pyc
byte-compiling /home/ubuntu/miniconda/envs/_build/lib/python2.7/site-packages/openstackclient/image/v2/__init__.py to __init__.pyc
byte-compiling /home/ubuntu/miniconda/envs/_build/lib/python2.7/site-packages/openstackclient/image/v2/image.py to image.pyc
byte-compiling /home/ubuntu/miniconda/envs/_build/lib/python2.7/site-packages/openstackclient/image/client.py to client.pyc
byte-compiling /home/ubuntu/miniconda/envs/_build/lib/python2.7/site-packages/openstackclient/image/__init__.py to __init__.pyc
byte-compiling /home/ubuntu/miniconda/envs/_build/lib/python2.7/site-packages/openstackclient/i18n.py to i18n.pyc
byte-compiling /home/ubuntu/miniconda/envs/_build/lib/python2.7/site-packages/openstackclient/api/image_v1.py to image_v1.pyc
byte-compiling /home/ubuntu/miniconda/envs/_build/lib/python2.7/site-packages/openstackclient/api/utils.py to utils.pyc
byte-compiling /home/ubuntu/miniconda/envs/_build/lib/python2.7/site-packages/openstackclient/api/api.py to api.pyc
byte-compiling /home/ubuntu/miniconda/envs/_build/lib/python2.7/site-packages/openstackclient/api/network_v2.py to network_v2.pyc
byte-compiling /home/ubuntu/miniconda/envs/_build/lib/python2.7/site-packages/openstackclient/api/object_store_v1.py to object_store_v1.pyc
byte-compiling /home/ubuntu/miniconda/envs/_build/lib/python2.7/site-packages/openstackclient/api/__init__.py to __init__.pyc
byte-compiling /home/ubuntu/miniconda/envs/_build/lib/python2.7/site-packages/openstackclient/api/auth_plugin.py to auth_plugin.pyc
byte-compiling /home/ubuntu/miniconda/envs/_build/lib/python2.7/site-packages/openstackclient/api/auth.py to auth.pyc
byte-compiling /home/ubuntu/miniconda/envs/_build/lib/python2.7/site-packages/openstackclient/api/image_v2.py to image_v2.pyc
byte-compiling /home/ubuntu/miniconda/envs/_build/lib/python2.7/site-packages/openstackclient/shell.py to shell.pyc
byte-compiling /home/ubuntu/miniconda/envs/_build/lib/python2.7/site-packages/openstackclient/compute/v2/fixedip.py to fixedip.pyc
byte-compiling /home/ubuntu/miniconda/envs/_build/lib/python2.7/site-packages/openstackclient/compute/v2/agent.py to agent.pyc
byte-compiling /home/ubuntu/miniconda/envs/_build/lib/python2.7/site-packages/openstackclient/compute/v2/floatingip.py to floatingip.pyc
byte-compiling /home/ubuntu/miniconda/envs/_build/lib/python2.7/site-packages/openstackclient/compute/v2/host.py to host.pyc
byte-compiling /home/ubuntu/miniconda/envs/_build/lib/python2.7/site-packages/openstackclient/compute/v2/keypair.py to keypair.pyc
byte-compiling /home/ubuntu/miniconda/envs/_build/lib/python2.7/site-packages/openstackclient/compute/v2/availability_zone.py to availability_zone.pyc
byte-compiling /home/ubuntu/miniconda/envs/_build/lib/python2.7/site-packages/openstackclient/compute/v2/floatingippool.py to floatingippool.pyc
byte-compiling /home/ubuntu/miniconda/envs/_build/lib/python2.7/site-packages/openstackclient/compute/v2/aggregate.py to aggregate.pyc
byte-compiling /home/ubuntu/miniconda/envs/_build/lib/python2.7/site-packages/openstackclient/compute/v2/console.py to console.pyc
byte-compiling /home/ubuntu/miniconda/envs/_build/lib/python2.7/site-packages/openstackclient/compute/v2/service.py to service.pyc
byte-compiling /home/ubuntu/miniconda/envs/_build/lib/python2.7/site-packages/openstackclient/compute/v2/__init__.py to __init__.pyc
byte-compiling /home/ubuntu/miniconda/envs/_build/lib/python2.7/site-packages/openstackclient/compute/v2/flavor.py to flavor.pyc
byte-compiling /home/ubuntu/miniconda/envs/_build/lib/python2.7/site-packages/openstackclient/compute/v2/hypervisor.py to hypervisor.pyc
byte-compiling /home/ubuntu/miniconda/envs/_build/lib/python2.7/site-packages/openstackclient/compute/v2/usage.py to usage.pyc
byte-compiling /home/ubuntu/miniconda/envs/_build/lib/python2.7/site-packages/openstackclient/compute/v2/security_group.py to security_group.pyc
byte-compiling /home/ubuntu/miniconda/envs/_build/lib/python2.7/site-packages/openstackclient/compute/v2/server.py to server.pyc
byte-compiling /home/ubuntu/miniconda/envs/_build/lib/python2.7/site-packages/openstackclient/compute/v2/hypervisor_stats.py to hypervisor_stats.pyc
byte-compiling /home/ubuntu/miniconda/envs/_build/lib/python2.7/site-packages/openstackclient/compute/client.py to client.pyc
byte-compiling /home/ubuntu/miniconda/envs/_build/lib/python2.7/site-packages/openstackclient/compute/__init__.py to __init__.pyc
byte-compiling /home/ubuntu/miniconda/envs/_build/lib/python2.7/site-packages/openstackclient/tests/fakes.py to fakes.pyc
byte-compiling /home/ubuntu/miniconda/envs/_build/lib/python2.7/site-packages/openstackclient/tests/common/test_extension.py to test_extension.pyc
byte-compiling /home/ubuntu/miniconda/envs/_build/lib/python2.7/site-packages/openstackclient/tests/common/test_clientmanager.py to test_clientmanager.pyc
byte-compiling /home/ubuntu/miniconda/envs/_build/lib/python2.7/site-packages/openstackclient/tests/common/test_commandmanager.py to test_commandmanager.pyc
byte-compiling /home/ubuntu/miniconda/envs/_build/lib/python2.7/site-packages/openstackclient/tests/common/test_timing.py to test_timing.pyc
byte-compiling /home/ubuntu/miniconda/envs/_build/lib/python2.7/site-packages/openstackclient/tests/common/__init__.py to __init__.pyc
byte-compiling /home/ubuntu/miniconda/envs/_build/lib/python2.7/site-packages/openstackclient/tests/common/test_module.py to test_module.pyc
byte-compiling /home/ubuntu/miniconda/envs/_build/lib/python2.7/site-packages/openstackclient/tests/common/test_utils.py to test_utils.pyc
byte-compiling /home/ubuntu/miniconda/envs/_build/lib/python2.7/site-packages/openstackclient/tests/common/test_parseractions.py to test_parseractions.pyc
byte-compiling /home/ubuntu/miniconda/envs/_build/lib/python2.7/site-packages/openstackclient/tests/utils.py to utils.pyc
byte-compiling /home/ubuntu/miniconda/envs/_build/lib/python2.7/site-packages/openstackclient/tests/image/v1/fakes.py to fakes.pyc
byte-compiling /home/ubuntu/miniconda/envs/_build/lib/python2.7/site-packages/openstackclient/tests/image/v1/test_image.py to test_image.pyc
byte-compiling /home/ubuntu/miniconda/envs/_build/lib/python2.7/site-packages/openstackclient/tests/image/v1/__init__.py to __init__.pyc
byte-compiling /home/ubuntu/miniconda/envs/_build/lib/python2.7/site-packages/openstackclient/tests/image/v2/fakes.py to fakes.pyc
byte-compiling /home/ubuntu/miniconda/envs/_build/lib/python2.7/site-packages/openstackclient/tests/image/v2/test_image.py to test_image.pyc
byte-compiling /home/ubuntu/miniconda/envs/_build/lib/python2.7/site-packages/openstackclient/tests/image/v2/__init__.py to __init__.pyc
byte-compiling /home/ubuntu/miniconda/envs/_build/lib/python2.7/site-packages/openstackclient/tests/image/__init__.py to __init__.pyc
byte-compiling /home/ubuntu/miniconda/envs/_build/lib/python2.7/site-packages/openstackclient/tests/api/fakes.py to fakes.pyc
byte-compiling /home/ubuntu/miniconda/envs/_build/lib/python2.7/site-packages/openstackclient/tests/api/test_object_store_v1.py to test_object_store_v1.pyc
byte-compiling /home/ubuntu/miniconda/envs/_build/lib/python2.7/site-packages/openstackclient/tests/api/test_image_v2.py to test_image_v2.pyc
byte-compiling /home/ubuntu/miniconda/envs/_build/lib/python2.7/site-packages/openstackclient/tests/api/test_image_v1.py to test_image_v1.pyc
byte-compiling /home/ubuntu/miniconda/envs/_build/lib/python2.7/site-packages/openstackclient/tests/api/test_api.py to test_api.pyc
byte-compiling /home/ubuntu/miniconda/envs/_build/lib/python2.7/site-packages/openstackclient/tests/api/__init__.py to __init__.pyc
byte-compiling /home/ubuntu/miniconda/envs/_build/lib/python2.7/site-packages/openstackclient/tests/api/test_network_v2.py to test_network_v2.pyc
byte-compiling /home/ubuntu/miniconda/envs/_build/lib/python2.7/site-packages/openstackclient/tests/api/test_utils.py to test_utils.pyc
byte-compiling /home/ubuntu/miniconda/envs/_build/lib/python2.7/site-packages/openstackclient/tests/test_shell.py to test_shell.pyc
byte-compiling /home/ubuntu/miniconda/envs/_build/lib/python2.7/site-packages/openstackclient/tests/compute/v2/fakes.py to fakes.pyc
byte-compiling /home/ubuntu/miniconda/envs/_build/lib/python2.7/site-packages/openstackclient/tests/compute/v2/test_flavor.py to test_flavor.pyc
byte-compiling /home/ubuntu/miniconda/envs/_build/lib/python2.7/site-packages/openstackclient/tests/compute/v2/test_server.py to test_server.pyc
byte-compiling /home/ubuntu/miniconda/envs/_build/lib/python2.7/site-packages/openstackclient/tests/compute/v2/__init__.py to __init__.pyc
byte-compiling /home/ubuntu/miniconda/envs/_build/lib/python2.7/site-packages/openstackclient/tests/compute/__init__.py to __init__.pyc
byte-compiling /home/ubuntu/miniconda/envs/_build/lib/python2.7/site-packages/openstackclient/tests/identity/v3/test_project.py to test_project.pyc
byte-compiling /home/ubuntu/miniconda/envs/_build/lib/python2.7/site-packages/openstackclient/tests/identity/v3/fakes.py to fakes.pyc
byte-compiling /home/ubuntu/miniconda/envs/_build/lib/python2.7/site-packages/openstackclient/tests/identity/v3/test_domain.py to test_domain.pyc
byte-compiling /home/ubuntu/miniconda/envs/_build/lib/python2.7/site-packages/openstackclient/tests/identity/v3/test_identity_provider.py to test_identity_provider.pyc
byte-compiling /home/ubuntu/miniconda/envs/_build/lib/python2.7/site-packages/openstackclient/tests/identity/v3/test_region.py to test_region.pyc
byte-compiling /home/ubuntu/miniconda/envs/_build/lib/python2.7/site-packages/openstackclient/tests/identity/v3/test_protocol.py to test_protocol.pyc
byte-compiling /home/ubuntu/miniconda/envs/_build/lib/python2.7/site-packages/openstackclient/tests/identity/v3/test_unscoped_saml.py to test_unscoped_saml.pyc
byte-compiling /home/ubuntu/miniconda/envs/_build/lib/python2.7/site-packages/openstackclient/tests/identity/v3/test_role_assignment.py to test_role_assignment.pyc
byte-compiling /home/ubuntu/miniconda/envs/_build/lib/python2.7/site-packages/openstackclient/tests/identity/v3/test_user.py to test_user.pyc
byte-compiling /home/ubuntu/miniconda/envs/_build/lib/python2.7/site-packages/openstackclient/tests/identity/v3/__init__.py to __init__.pyc
byte-compiling /home/ubuntu/miniconda/envs/_build/lib/python2.7/site-packages/openstackclient/tests/identity/v3/test_consumer.py to test_consumer.pyc
byte-compiling /home/ubuntu/miniconda/envs/_build/lib/python2.7/site-packages/openstackclient/tests/identity/v3/test_service.py to test_service.pyc
byte-compiling /home/ubuntu/miniconda/envs/_build/lib/python2.7/site-packages/openstackclient/tests/identity/v3/test_catalog.py to test_catalog.pyc
byte-compiling /home/ubuntu/miniconda/envs/_build/lib/python2.7/site-packages/openstackclient/tests/identity/v3/test_trust.py to test_trust.pyc
byte-compiling /home/ubuntu/miniconda/envs/_build/lib/python2.7/site-packages/openstackclient/tests/identity/v3/test_role.py to test_role.pyc
byte-compiling /home/ubuntu/miniconda/envs/_build/lib/python2.7/site-packages/openstackclient/tests/identity/v3/test_group.py to test_group.pyc
byte-compiling /home/ubuntu/miniconda/envs/_build/lib/python2.7/site-packages/openstackclient/tests/identity/v3/test_oauth.py to test_oauth.pyc
byte-compiling /home/ubuntu/miniconda/envs/_build/lib/python2.7/site-packages/openstackclient/tests/identity/v3/test_endpoint.py to test_endpoint.pyc
byte-compiling /home/ubuntu/miniconda/envs/_build/lib/python2.7/site-packages/openstackclient/tests/identity/v3/test_token.py to test_token.pyc
byte-compiling /home/ubuntu/miniconda/envs/_build/lib/python2.7/site-packages/openstackclient/tests/identity/v3/test_mappings.py to test_mappings.pyc
byte-compiling /home/ubuntu/miniconda/envs/_build/lib/python2.7/site-packages/openstackclient/tests/identity/v2_0/test_project.py to test_project.pyc
byte-compiling /home/ubuntu/miniconda/envs/_build/lib/python2.7/site-packages/openstackclient/tests/identity/v2_0/fakes.py to fakes.pyc
byte-compiling /home/ubuntu/miniconda/envs/_build/lib/python2.7/site-packages/openstackclient/tests/identity/v2_0/test_user.py to test_user.pyc
byte-compiling /home/ubuntu/miniconda/envs/_build/lib/python2.7/site-packages/openstackclient/tests/identity/v2_0/__init__.py to __init__.pyc
byte-compiling /home/ubuntu/miniconda/envs/_build/lib/python2.7/site-packages/openstackclient/tests/identity/v2_0/test_service.py to test_service.pyc
byte-compiling /home/ubuntu/miniconda/envs/_build/lib/python2.7/site-packages/openstackclient/tests/identity/v2_0/test_catalog.py to test_catalog.pyc
byte-compiling /home/ubuntu/miniconda/envs/_build/lib/python2.7/site-packages/openstackclient/tests/identity/v2_0/test_role.py to test_role.pyc
byte-compiling /home/ubuntu/miniconda/envs/_build/lib/python2.7/site-packages/openstackclient/tests/identity/v2_0/test_endpoint.py to test_endpoint.pyc
byte-compiling /home/ubuntu/miniconda/envs/_build/lib/python2.7/site-packages/openstackclient/tests/identity/v2_0/test_token.py to test_token.pyc
byte-compiling /home/ubuntu/miniconda/envs/_build/lib/python2.7/site-packages/openstackclient/tests/identity/__init__.py to __init__.pyc
byte-compiling /home/ubuntu/miniconda/envs/_build/lib/python2.7/site-packages/openstackclient/tests/object/v1/fakes.py to fakes.pyc
byte-compiling /home/ubuntu/miniconda/envs/_build/lib/python2.7/site-packages/openstackclient/tests/object/v1/test_object.py to test_object.pyc
byte-compiling /home/ubuntu/miniconda/envs/_build/lib/python2.7/site-packages/openstackclient/tests/object/v1/test_container_all.py to test_container_all.pyc
byte-compiling /home/ubuntu/miniconda/envs/_build/lib/python2.7/site-packages/openstackclient/tests/object/v1/test_container.py to test_container.pyc
byte-compiling /home/ubuntu/miniconda/envs/_build/lib/python2.7/site-packages/openstackclient/tests/object/v1/__init__.py to __init__.pyc
byte-compiling /home/ubuntu/miniconda/envs/_build/lib/python2.7/site-packages/openstackclient/tests/object/v1/test_object_all.py to test_object_all.pyc
byte-compiling /home/ubuntu/miniconda/envs/_build/lib/python2.7/site-packages/openstackclient/tests/object/__init__.py to __init__.pyc
byte-compiling /home/ubuntu/miniconda/envs/_build/lib/python2.7/site-packages/openstackclient/tests/__init__.py to __init__.pyc
byte-compiling /home/ubuntu/miniconda/envs/_build/lib/python2.7/site-packages/openstackclient/tests/volume/v1/fakes.py to fakes.pyc
byte-compiling /home/ubuntu/miniconda/envs/_build/lib/python2.7/site-packages/openstackclient/tests/volume/v1/test_volume.py to test_volume.pyc
byte-compiling /home/ubuntu/miniconda/envs/_build/lib/python2.7/site-packages/openstackclient/tests/volume/v1/__init__.py to __init__.pyc
byte-compiling /home/ubuntu/miniconda/envs/_build/lib/python2.7/site-packages/openstackclient/tests/volume/__init__.py to __init__.pyc
byte-compiling /home/ubuntu/miniconda/envs/_build/lib/python2.7/site-packages/openstackclient/tests/volume/test_find_resource.py to test_find_resource.pyc
byte-compiling /home/ubuntu/miniconda/envs/_build/lib/python2.7/site-packages/openstackclient/tests/network/test_common.py to test_common.pyc
byte-compiling /home/ubuntu/miniconda/envs/_build/lib/python2.7/site-packages/openstackclient/tests/network/v2/fakes.py to fakes.pyc
byte-compiling /home/ubuntu/miniconda/envs/_build/lib/python2.7/site-packages/openstackclient/tests/network/v2/test_network.py to test_network.pyc
byte-compiling /home/ubuntu/miniconda/envs/_build/lib/python2.7/site-packages/openstackclient/tests/network/v2/__init__.py to __init__.pyc
byte-compiling /home/ubuntu/miniconda/envs/_build/lib/python2.7/site-packages/openstackclient/tests/network/__init__.py to __init__.pyc
byte-compiling /home/ubuntu/miniconda/envs/_build/lib/python2.7/site-packages/openstackclient/tests/network/common.py to common.pyc
byte-compiling /home/ubuntu/miniconda/envs/_build/lib/python2.7/site-packages/openstackclient/identity/v3/role_assignment.py to role_assignment.pyc
byte-compiling /home/ubuntu/miniconda/envs/_build/lib/python2.7/site-packages/openstackclient/identity/v3/token.py to token.pyc
byte-compiling /home/ubuntu/miniconda/envs/_build/lib/python2.7/site-packages/openstackclient/identity/v3/identity_provider.py to identity_provider.pyc
byte-compiling /home/ubuntu/miniconda/envs/_build/lib/python2.7/site-packages/openstackclient/identity/v3/catalog.py to catalog.pyc
byte-compiling /home/ubuntu/miniconda/envs/_build/lib/python2.7/site-packages/openstackclient/identity/v3/policy.py to policy.pyc
byte-compiling /home/ubuntu/miniconda/envs/_build/lib/python2.7/site-packages/openstackclient/identity/v3/domain.py to domain.pyc
byte-compiling /home/ubuntu/miniconda/envs/_build/lib/python2.7/site-packages/openstackclient/identity/v3/federation_protocol.py to federation_protocol.pyc
byte-compiling /home/ubuntu/miniconda/envs/_build/lib/python2.7/site-packages/openstackclient/identity/v3/group.py to group.pyc
byte-compiling /home/ubuntu/miniconda/envs/_build/lib/python2.7/site-packages/openstackclient/identity/v3/credential.py to credential.pyc
byte-compiling /home/ubuntu/miniconda/envs/_build/lib/python2.7/site-packages/openstackclient/identity/v3/endpoint.py to endpoint.pyc
byte-compiling /home/ubuntu/miniconda/envs/_build/lib/python2.7/site-packages/openstackclient/identity/v3/user.py to user.pyc
byte-compiling /home/ubuntu/miniconda/envs/_build/lib/python2.7/site-packages/openstackclient/identity/v3/region.py to region.pyc
byte-compiling /home/ubuntu/miniconda/envs/_build/lib/python2.7/site-packages/openstackclient/identity/v3/consumer.py to consumer.pyc
byte-compiling /home/ubuntu/miniconda/envs/_build/lib/python2.7/site-packages/openstackclient/identity/v3/trust.py to trust.pyc
byte-compiling /home/ubuntu/miniconda/envs/_build/lib/python2.7/site-packages/openstackclient/identity/v3/mapping.py to mapping.pyc
byte-compiling /home/ubuntu/miniconda/envs/_build/lib/python2.7/site-packages/openstackclient/identity/v3/role.py to role.pyc
byte-compiling /home/ubuntu/miniconda/envs/_build/lib/python2.7/site-packages/openstackclient/identity/v3/service.py to service.pyc
byte-compiling /home/ubuntu/miniconda/envs/_build/lib/python2.7/site-packages/openstackclient/identity/v3/__init__.py to __init__.pyc
byte-compiling /home/ubuntu/miniconda/envs/_build/lib/python2.7/site-packages/openstackclient/identity/v3/unscoped_saml.py to unscoped_saml.pyc
byte-compiling /home/ubuntu/miniconda/envs/_build/lib/python2.7/site-packages/openstackclient/identity/v3/project.py to project.pyc
byte-compiling /home/ubuntu/miniconda/envs/_build/lib/python2.7/site-packages/openstackclient/identity/client.py to client.pyc
byte-compiling /home/ubuntu/miniconda/envs/_build/lib/python2.7/site-packages/openstackclient/identity/v2_0/token.py to token.pyc
byte-compiling /home/ubuntu/miniconda/envs/_build/lib/python2.7/site-packages/openstackclient/identity/v2_0/catalog.py to catalog.pyc
byte-compiling /home/ubuntu/miniconda/envs/_build/lib/python2.7/site-packages/openstackclient/identity/v2_0/ec2creds.py to ec2creds.pyc
byte-compiling /home/ubuntu/miniconda/envs/_build/lib/python2.7/site-packages/openstackclient/identity/v2_0/endpoint.py to endpoint.pyc
byte-compiling /home/ubuntu/miniconda/envs/_build/lib/python2.7/site-packages/openstackclient/identity/v2_0/user.py to user.pyc
byte-compiling /home/ubuntu/miniconda/envs/_build/lib/python2.7/site-packages/openstackclient/identity/v2_0/role.py to role.pyc
byte-compiling /home/ubuntu/miniconda/envs/_build/lib/python2.7/site-packages/openstackclient/identity/v2_0/service.py to service.pyc
byte-compiling /home/ubuntu/miniconda/envs/_build/lib/python2.7/site-packages/openstackclient/identity/v2_0/__init__.py to __init__.pyc
byte-compiling /home/ubuntu/miniconda/envs/_build/lib/python2.7/site-packages/openstackclient/identity/v2_0/project.py to project.pyc
byte-compiling /home/ubuntu/miniconda/envs/_build/lib/python2.7/site-packages/openstackclient/identity/__init__.py to __init__.pyc
byte-compiling /home/ubuntu/miniconda/envs/_build/lib/python2.7/site-packages/openstackclient/identity/common.py to common.pyc
byte-compiling /home/ubuntu/miniconda/envs/_build/lib/python2.7/site-packages/openstackclient/object/v1/__init__.py to __init__.pyc
byte-compiling /home/ubuntu/miniconda/envs/_build/lib/python2.7/site-packages/openstackclient/object/v1/object.py to object.pyc
byte-compiling /home/ubuntu/miniconda/envs/_build/lib/python2.7/site-packages/openstackclient/object/v1/lib/__init__.py to __init__.pyc
byte-compiling /home/ubuntu/miniconda/envs/_build/lib/python2.7/site-packages/openstackclient/object/v1/container.py to container.pyc
byte-compiling /home/ubuntu/miniconda/envs/_build/lib/python2.7/site-packages/openstackclient/object/client.py to client.pyc
byte-compiling /home/ubuntu/miniconda/envs/_build/lib/python2.7/site-packages/openstackclient/object/__init__.py to __init__.pyc
byte-compiling /home/ubuntu/miniconda/envs/_build/lib/python2.7/site-packages/openstackclient/__init__.py to __init__.pyc
byte-compiling /home/ubuntu/miniconda/envs/_build/lib/python2.7/site-packages/openstackclient/volume/v1/type.py to type.pyc
byte-compiling /home/ubuntu/miniconda/envs/_build/lib/python2.7/site-packages/openstackclient/volume/v1/volume.py to volume.pyc
byte-compiling /home/ubuntu/miniconda/envs/_build/lib/python2.7/site-packages/openstackclient/volume/v1/snapshot.py to snapshot.pyc
byte-compiling /home/ubuntu/miniconda/envs/_build/lib/python2.7/site-packages/openstackclient/volume/v1/__init__.py to __init__.pyc
byte-compiling /home/ubuntu/miniconda/envs/_build/lib/python2.7/site-packages/openstackclient/volume/v1/backup.py to backup.pyc
byte-compiling /home/ubuntu/miniconda/envs/_build/lib/python2.7/site-packages/openstackclient/volume/client.py to client.pyc
byte-compiling /home/ubuntu/miniconda/envs/_build/lib/python2.7/site-packages/openstackclient/volume/__init__.py to __init__.pyc
byte-compiling /home/ubuntu/miniconda/envs/_build/lib/python2.7/site-packages/openstackclient/network/v2/network.py to network.pyc
byte-compiling /home/ubuntu/miniconda/envs/_build/lib/python2.7/site-packages/openstackclient/network/v2/__init__.py to __init__.pyc
byte-compiling /home/ubuntu/miniconda/envs/_build/lib/python2.7/site-packages/openstackclient/network/client.py to client.pyc
byte-compiling /home/ubuntu/miniconda/envs/_build/lib/python2.7/site-packages/openstackclient/network/__init__.py to __init__.pyc
byte-compiling /home/ubuntu/miniconda/envs/_build/lib/python2.7/site-packages/openstackclient/network/common.py to common.pyc
running install_egg_info
Copying python_openstackclient.egg-info to /home/ubuntu/miniconda/envs/_build/lib/python2.7/site-packages/python_openstackclient-1.0.4-py2.7.egg-info
running install_scripts
Installing openstack script to /home/ubuntu/miniconda/envs/_build/bin

The following NEW packages will be INSTALLED:

    openssl:    1.0.1k-1    
    pbr:        1.0.1-py27_0
    pip:        6.1.1-py27_0
    python:     2.7.9-3     
    readline:   6.2-2       
    setuptools: 16.0-py27_0 
    sqlite:     3.8.4.1-1   
    system:     5.8-2       
    tk:         8.5.18-0    
    zlib:       1.2.8-0     

Linking packages ...
[                    ]|                                                  |   0%[openssl             ]|                                                  |   0%[readline            ]|#####                                             |  10%[sqlite              ]|##########                                        |  20%[system              ]|###############                                   |  30%[tk                  ]|####################                              |  40%[zlib                ]|#########################                         |  50%[python              ]|##############################                    |  60%[setuptools          ]|###################################               |  70%[pbr                 ]|########################################          |  80%[pip                 ]|#############################################     |  90%[      COMPLETE      ]|##################################################| 100%
Removing old work directory
Source cache directory is: /home/ubuntu/miniconda/conda-bld/src_cache
Found source in cache: python-openstackclient-1.0.4.tar.gz
Extracting download
Package: python-openstackclient-1.0.4-py27_0
source tree in: /home/ubuntu/miniconda/conda-bld/work/python-openstackclient-1.0.4
number of files: 365
Fixing permissions
Detected hard-coded path in text file bin/openstack
Fixing permissions
BUILD END: python-openstackclient-1.0.4-py27_0
Nothing to test for: python-openstackclient-1.0.4-py27_0
# If you want to upload this package to binstar.org later, type:
#
# $ binstar upload /home/ubuntu/miniconda/conda-bld/linux-64/python-openstackclient-1.0.4-py27_0.tar.bz2
#
# To have conda build upload to binstar automatically, use
# $ conda config --set binstar_upload yes

