Warning, the following versions were found for python-hglib
1.6
1.5
1.4
1.3
1.2
1.1
1.0
0.9
0.3
0.2
0.1
Using 1.6
Use --version to specify a different version.
Using url https://pypi.python.org/packages/source/p/python-hglib/python-hglib-1.6.tar.gz (28 KB) for python-hglib.
Downloading python-hglib (use --no-download to skip this step)
Using cached download
Unpacking python-hglib...
done
working in /tmp/tmpSvR9JTconda_skeleton_python-hglib-1.6.tar.gz
Fetching package metadata: ......
Solving package specifications: .patching file core.py
Hunk #1 succeeded at 168 with fuzz 2 (offset 2 lines).

Applying patch: '/tmp/tmpSvR9JTconda_skeleton_python-hglib-1.6.tar.gz/pypi-distutils.patch'
Writing recipe for python-hglib
Done
