Package search: {'_pypi_ordering': False, 'version': '0.1', 'name': 'python-cinderclient', 'summary': 'Client library for OpenStack Nova API.'}
Fetching package metadata: ....
Fetching package metadata: ....
Solving package specifications: .
Package plan for installation in environment /home/ubuntu/miniconda/envs/_pipbuild_:

The following NEW packages will be INSTALLED:

    openssl:    1.0.1k-1    
    pip:        7.0.3-py27_0
    python:     2.7.10-0    
    readline:   6.2-2       
    setuptools: 17.0-py27_0 
    sqlite:     3.8.4.1-1   
    system:     5.8-2       
    tk:         8.5.18-0    
    zlib:       1.2.8-0     

Linking packages ...
[                    ]|                                                  |   0%[openssl             ]|                                                  |   0%[readline            ]|#####                                             |  11%[sqlite              ]|###########                                       |  22%[system              ]|################                                  |  33%[tk                  ]|######################                            |  44%[zlib                ]|###########################                       |  55%[python              ]|#################################                 |  66%[setuptools          ]|######################################            |  77%[pip                 ]|############################################      |  88%[      COMPLETE      ]|##################################################| 100%
#
# To activate this environment, use:
# $ source activate _pipbuild_
#
# To deactivate this environment, use:
# $ source deactivate
#
Collecting python-cinderclient==1.2.2
  Could not find a version that satisfies the requirement python-cinderclient==1.2.2 (from versions: 0.2, 1.0.0, 1.0.1, 1.0.2, 1.0.3, 1.0.4, 1.0.5, 1.0.6, 1.0.7, 1.0.8, 1.0.9, 1.1.0, 1.1.1, 1.2.0, 1.2.1)
No matching distribution found for python-cinderclient==1.2.2
Creating standard recipe for python-cinderclient-1.2.2
Error: directory already exists: ./python-cinderclient

conda create -n _pipbuild_ --yes python pip
/home/ubuntu/miniconda/envs/_pipbuild_/bin/pip install python-cinderclient==1.2.2
Error: Could not pip install python-cinderclient==1.2.2
