Warning, the following versions were found for python-stdnum
1.1
1.0
0.9
0.8.1
0.8
0.7
0.6
0.5
0.4
0.3
Using 1.1
Use --version to specify a different version.
Using url https://pypi.python.org/packages/source/p/python-stdnum/python-stdnum-1.1.tar.gz (201 KB) for python-stdnum.
Downloading python-stdnum (use --no-download to skip this step)
Using cached download
Unpacking python-stdnum...
done
working in /tmp/tmp5ikuY7conda_skeleton_python-stdnum-1.1.tar.gz
Fetching package metadata: ......
Solving package specifications: .patching file core.py
Hunk #1 succeeded at 168 with fuzz 2 (offset 2 lines).

Applying patch: '/tmp/tmp5ikuY7conda_skeleton_python-stdnum-1.1.tar.gz/pypi-distutils.patch'
Writing recipe for python-stdnum
Done
