Warning, the following versions were found for python-keystoneclient-rackspace
0.1.3
0.1.1
Using 0.1.3
Use --version to specify a different version.
Using url https://pypi.python.org/packages/source/p/python-keystoneclient-rackspace/python-keystoneclient-rackspace-0.1.3.tar.gz (6 KB) for python-keystoneclient-rackspace.
Downloading python-keystoneclient-rackspace (use --no-download to skip this step)
Using cached download
Unpacking python-keystoneclient-rackspace...
done
working in /tmp/tmptwPH6Iconda_skeleton_python-keystoneclient-rackspace-0.1.3.tar.gz
Fetching package metadata: ......
Solving package specifications: .patching file core.py
Hunk #1 succeeded at 168 with fuzz 2 (offset 2 lines).
Traceback (most recent call last):
  File "setup.py", line 16, in <module>
    import setuptools
ImportError: No module named setuptools

Applying patch: '/tmp/tmptwPH6Iconda_skeleton_python-keystoneclient-rackspace-0.1.3.tar.gz/pypi-distutils.patch'
$PYTHONPATH = /tmp/tmptwPH6Iconda_skeleton_python-keystoneclient-rackspace-0.1.3.tar.gz/python-keystoneclient-rackspace-0.1.3
Error: command failed: /home/ubuntu/miniconda/envs/_build/bin/python setup.py install
