Warning, the following versions were found for pytun
1.0.1
1.0
Using 1.0.1
Use --version to specify a different version.
Using url https://pypi.python.org/packages/source/p/pytun/pytun-1.0.1.tar.gz (3 KB) for pytun.
Downloading pytun (use --no-download to skip this step)
Using cached download
Unpacking pytun...
done
working in /tmp/tmpAG93ihconda_skeleton_pytun-1.0.1.tar.gz
Fetching package metadata: ......
Solving package specifications: .patching file core.py
Hunk #1 succeeded at 168 with fuzz 2 (offset 2 lines).

The following NEW packages will be INSTALLED:

    numpy:  1.9.2-py27_0
    pyyaml: 3.11-py27_0 

Linking packages ...
[                    ]|                                                  |   0%[numpy               ]|                                                  |   0%[pyyaml              ]|#########################                         |  50%[      COMPLETE      ]|##################################################| 100%
Applying patch: '/tmp/tmpAG93ihconda_skeleton_pytun-1.0.1.tar.gz/pypi-distutils.patch'
Writing recipe for pytun
Done
