Warning, the following versions were found for pyusb
1.0.0b2
1.0.0b1
1.0.0a3
1.0.0a2
1.0.0a1
1.0.0a0
0.4.2
Using 1.0.0b2
Use --version to specify a different version.
Using url https://pypi.python.org/packages/source/p/pyusb/pyusb-1.0.0b2.tar.gz (56 KB) for pyusb.
Downloading pyusb (use --no-download to skip this step)
Using cached download
Unpacking pyusb...
done
working in /tmp/tmpUiX5FAconda_skeleton_pyusb-1.0.0b2.tar.gz
Fetching package metadata: ......
Solving package specifications: .patching file core.py
Hunk #1 succeeded at 168 with fuzz 2 (offset 2 lines).

Applying patch: '/tmp/tmpUiX5FAconda_skeleton_pyusb-1.0.0b2.tar.gz/pypi-distutils.patch'
Writing recipe for pyusb
Done
