Warning, the following versions were found for pyvmomi
5.5.0.2014.1.1
5.5.0-2014.1.1
5.5.0-2014.1
5.5.0
5.1.0
Using 5.5.0.2014.1.1
Use --version to specify a different version.
Using url https://pypi.python.org/packages/source/p/pyvmomi/pyvmomi-5.5.0.2014.1.1.tar.gz (194 KB) for pyvmomi.
Downloading pyvmomi (use --no-download to skip this step)
Using cached download
Unpacking pyvmomi...
done
working in /tmp/tmpmU_1tjconda_skeleton_pyvmomi-5.5.0.2014.1.1.tar.gz
Fetching package metadata: ......
Solving package specifications: .patching file core.py
Hunk #1 succeeded at 168 with fuzz 2 (offset 2 lines).
Traceback (most recent call last):
  File "setup.py", line 16, in <module>
    from setuptools import setup
ImportError: No module named setuptools

Applying patch: '/tmp/tmpmU_1tjconda_skeleton_pyvmomi-5.5.0.2014.1.1.tar.gz/pypi-distutils.patch'
$PYTHONPATH = /tmp/tmpmU_1tjconda_skeleton_pyvmomi-5.5.0.2014.1.1.tar.gz/pyvmomi-5.5.0.2014.1.1
Error: command failed: /home/ubuntu/miniconda/envs/_build/bin/python setup.py install
