Using url https://pypi.python.org/packages/source/q/qds_sdk/qds_sdk-1.6.0.tar.gz (32 KB) for qds_sdk.
Downloading qds_sdk (use --no-download to skip this step)
Unpacking qds_sdk...
done
working in /tmp/tmpOFzTU2conda_skeleton_qds_sdk-1.6.0.tar.gz
Fetching package metadata: ......
Solving package specifications: .patching file core.py
Hunk #1 succeeded at 168 with fuzz 2 (offset 2 lines).

The following NEW packages will be INSTALLED:

    numpy:  1.9.2-py27_0
    pyyaml: 3.11-py27_0 
    yaml:   0.1.4-0     

Linking packages ...
[                    ]|                                                  |   0%[yaml                ]|                                                  |   0%[numpy               ]|################                                  |  33%[pyyaml              ]|#################################                 |  66%[      COMPLETE      ]|##################################################| 100%
Applying patch: '/tmp/tmpOFzTU2conda_skeleton_qds_sdk-1.6.0.tar.gz/pypi-distutils.patch'
Using url https://pypi.python.org/packages/source/b/boto/boto-2.38.0.tar.gz (1.4 MB) for boto.
Downloading boto (use --no-download to skip this step)
Using cached download
Unpacking boto...
done
working in /tmp/tmpr7MK26conda_skeleton_boto-2.38.0.tar.gz
Solving package specifications: .patching file core.py
Hunk #1 succeeded at 168 with fuzz 2 (offset 2 lines).

Applying patch: '/tmp/tmpr7MK26conda_skeleton_boto-2.38.0.tar.gz/pypi-distutils.patch'
Writing recipe for qds_sdk
Writing recipe for boto
Done
