Package search: {'_pypi_ordering': False, 'version': '5.1', 'name': 'qrcode', 'summary': 'QR Code image generator'}
Fetching package metadata: ....
Removing old build directory
Removing old work directory
BUILD START: qrcode-5.1-py27_0
Fetching package metadata: ......
Solving package specifications: .+ pip install qrcode
Collecting qrcode
  Downloading http://localhost/packages/source/q/qrcode/qrcode-5.1.tar.gz
Requirement already satisfied (use --upgrade to upgrade): six in /home/ubuntu/miniconda/envs/_build/lib/python2.7/site-packages (from qrcode)
Installing collected packages: qrcode
  Running setup.py install for qrcode
Successfully installed qrcode-5.1

The following NEW packages will be INSTALLED:

    openssl:    1.0.1k-1    
    pip:        7.0.3-py27_0
    python:     2.7.10-0    
    readline:   6.2-2       
    setuptools: 17.0-py27_0 
    six:        1.9.0-py27_0
    sqlite:     3.8.4.1-1   
    system:     5.8-2       
    tk:         8.5.18-0    
    zlib:       1.2.8-0     

Linking packages ...
[                    ]|                                                  |   0%[openssl             ]|                                                  |   0%[readline            ]|#####                                             |  10%[sqlite              ]|##########                                        |  20%[system              ]|###############                                   |  30%[tk                  ]|####################                              |  40%[zlib                ]|#########################                         |  50%[python              ]|##############################                    |  60%[setuptools          ]|###################################               |  70%[six                 ]|########################################          |  80%[pip                 ]|#############################################     |  90%[      COMPLETE      ]|##################################################| 100%
Removing old work directory
Copying /home/ubuntu/pypi-conda-builds/qrcode to /home/ubuntu/miniconda/conda-bld/work
Package: qrcode-5.1-py27_0
source tree in: /home/ubuntu/miniconda/conda-bld/work
number of files: 43
Fixing permissions
Detected hard-coded path in text file bin/qr
Fixing permissions
BUILD END: qrcode-5.1-py27_0
# If you want to upload this package to binstar.org later, type:
#
# $ binstar upload /home/ubuntu/miniconda/conda-bld/linux-64/qrcode-5.1-py27_0.tar.bz2
#
# To have conda build upload to binstar automatically, use
# $ conda config --set binstar_upload yes

Creating standard recipe for qrcode-5.1
Converting recipe in /home/ubuntu/pypi-conda-builds/qrcode
package = qrcode
   dependencies = [u'six']
Building conda package for qrcode
