Warning, the following versions were found for rackspace-novaclient
1.4
1.3
1.2
1.1
1.0
Using 1.4
Use --version to specify a different version.
Using url https://pypi.python.org/packages/source/r/rackspace-novaclient/rackspace-novaclient-1.4.tar.gz (2 KB) for rackspace-novaclient.
Downloading rackspace-novaclient (use --no-download to skip this step)
Using cached download
Unpacking rackspace-novaclient...
done
working in /tmp/tmpKdEGbWconda_skeleton_rackspace-novaclient-1.4.tar.gz
Fetching package metadata: ......
Solving package specifications: .patching file core.py
Hunk #1 succeeded at 168 with fuzz 2 (offset 2 lines).
Traceback (most recent call last):
  File "setup.py", line 15, in <module>
    import setuptools
ImportError: No module named setuptools

Applying patch: '/tmp/tmpKdEGbWconda_skeleton_rackspace-novaclient-1.4.tar.gz/pypi-distutils.patch'
$PYTHONPATH = /tmp/tmpKdEGbWconda_skeleton_rackspace-novaclient-1.4.tar.gz/rackspace-novaclient-1.4
Error: command failed: /home/ubuntu/miniconda/envs/_build/bin/python setup.py install
