Warning, the following versions were found for radon
1.2.1
1.2
1.1.1
1.1
1.0
0.5.3
0.5.2
0.5.1
0.5
0.4.5
0.4.4
0.4.3
0.4.2
0.4.1
0.4
0.3.1
0.3
0.2
0.1
Using 1.2.1
Use --version to specify a different version.
Using url https://pypi.python.org/packages/source/r/radon/radon-1.2.1.tar.gz (1.6 MB) for radon.
Downloading radon (use --no-download to skip this step)
Using cached download
Unpacking radon...
done
working in /tmp/tmpTHVxzuconda_skeleton_radon-1.2.1.tar.gz
Fetching package metadata: ......
Solving package specifications: .patching file core.py
Hunk #1 succeeded at 168 with fuzz 2 (offset 2 lines).

The following NEW packages will be INSTALLED:

    numpy:  1.9.2-py27_0
    pyyaml: 3.11-py27_0 

Linking packages ...
[                    ]|                                                  |   0%[numpy               ]|                                                  |   0%[pyyaml              ]|#########################                         |  50%[      COMPLETE      ]|##################################################| 100%
Applying patch: '/tmp/tmpTHVxzuconda_skeleton_radon-1.2.1.tar.gz/pypi-distutils.patch'
Warning, the following versions were found for mando
0.3.2
0.3.1
0.3
0.2
0.1
Using 0.3.2
Use --version to specify a different version.
Using url https://pypi.python.org/packages/source/m/mando/mando-0.3.2.tar.gz (11 KB) for mando.
Downloading mando (use --no-download to skip this step)
Using cached download
Unpacking mando...
done
working in /tmp/tmpttAPIlconda_skeleton_mando-0.3.2.tar.gz
Solving package specifications: .patching file core.py
Hunk #1 succeeded at 168 with fuzz 2 (offset 2 lines).

Applying patch: '/tmp/tmpttAPIlconda_skeleton_mando-0.3.2.tar.gz/pypi-distutils.patch'
Writing recipe for mando
Writing recipe for radon
Done
