Removing old build directory
Removing old work directory
BUILD START: radon-1.2.1-py_0
Fetching package metadata: ......
Solving package specifications: .+ /home/ubuntu/miniconda/envs/_build/bin/python setup.py install
running install
running bdist_egg
running egg_info
writing requirements to radon.egg-info/requires.txt
writing radon.egg-info/PKG-INFO
writing top-level names to radon.egg-info/top_level.txt
writing dependency_links to radon.egg-info/dependency_links.txt
writing entry points to radon.egg-info/entry_points.txt
reading manifest file 'radon.egg-info/SOURCES.txt'
reading manifest template 'MANIFEST.in'
warning: no files found matching 'requirements.txt'
warning: no previously-included files matching '*.pyc' found anywhere in distribution
warning: no previously-included files matching '__pycache__' found anywhere in distribution
writing manifest file 'radon.egg-info/SOURCES.txt'
installing library code to build/bdist.linux-x86_64/egg
running install_lib
running build_py
creating build
creating build/lib
creating build/lib/radon
copying radon/metrics.py -> build/lib/radon
copying radon/visitors.py -> build/lib/radon
copying radon/complexity.py -> build/lib/radon
copying radon/raw.py -> build/lib/radon
copying radon/__init__.py -> build/lib/radon
creating build/lib/radon/tests
copying radon/tests/test_complexity_visitor.py -> build/lib/radon/tests
copying radon/tests/test_other_metrics.py -> build/lib/radon/tests
copying radon/tests/test_raw.py -> build/lib/radon/tests
copying radon/tests/test_cli_tools.py -> build/lib/radon/tests
copying radon/tests/test_cli_harvest.py -> build/lib/radon/tests
copying radon/tests/run.py -> build/lib/radon/tests
copying radon/tests/__init__.py -> build/lib/radon/tests
copying radon/tests/test_complexity_utils.py -> build/lib/radon/tests
copying radon/tests/test_halstead.py -> build/lib/radon/tests
copying radon/tests/test_cli.py -> build/lib/radon/tests
creating build/lib/radon/cli
copying radon/cli/colors.py -> build/lib/radon/cli
copying radon/cli/tools.py -> build/lib/radon/cli
copying radon/cli/__init__.py -> build/lib/radon/cli
copying radon/cli/harvest.py -> build/lib/radon/cli
creating build/bdist.linux-x86_64
creating build/bdist.linux-x86_64/egg
creating build/bdist.linux-x86_64/egg/radon
copying build/lib/radon/metrics.py -> build/bdist.linux-x86_64/egg/radon
copying build/lib/radon/visitors.py -> build/bdist.linux-x86_64/egg/radon
copying build/lib/radon/complexity.py -> build/bdist.linux-x86_64/egg/radon
creating build/bdist.linux-x86_64/egg/radon/tests
copying build/lib/radon/tests/test_complexity_visitor.py -> build/bdist.linux-x86_64/egg/radon/tests
copying build/lib/radon/tests/test_other_metrics.py -> build/bdist.linux-x86_64/egg/radon/tests
copying build/lib/radon/tests/test_raw.py -> build/bdist.linux-x86_64/egg/radon/tests
copying build/lib/radon/tests/test_cli_tools.py -> build/bdist.linux-x86_64/egg/radon/tests
copying build/lib/radon/tests/test_cli_harvest.py -> build/bdist.linux-x86_64/egg/radon/tests
copying build/lib/radon/tests/run.py -> build/bdist.linux-x86_64/egg/radon/tests
copying build/lib/radon/tests/__init__.py -> build/bdist.linux-x86_64/egg/radon/tests
copying build/lib/radon/tests/test_complexity_utils.py -> build/bdist.linux-x86_64/egg/radon/tests
copying build/lib/radon/tests/test_halstead.py -> build/bdist.linux-x86_64/egg/radon/tests
copying build/lib/radon/tests/test_cli.py -> build/bdist.linux-x86_64/egg/radon/tests
copying build/lib/radon/raw.py -> build/bdist.linux-x86_64/egg/radon
copying build/lib/radon/__init__.py -> build/bdist.linux-x86_64/egg/radon
creating build/bdist.linux-x86_64/egg/radon/cli
copying build/lib/radon/cli/colors.py -> build/bdist.linux-x86_64/egg/radon/cli
copying build/lib/radon/cli/tools.py -> build/bdist.linux-x86_64/egg/radon/cli
copying build/lib/radon/cli/__init__.py -> build/bdist.linux-x86_64/egg/radon/cli
copying build/lib/radon/cli/harvest.py -> build/bdist.linux-x86_64/egg/radon/cli
byte-compiling build/bdist.linux-x86_64/egg/radon/metrics.py to metrics.pyc
byte-compiling build/bdist.linux-x86_64/egg/radon/visitors.py to visitors.pyc
byte-compiling build/bdist.linux-x86_64/egg/radon/complexity.py to complexity.pyc
byte-compiling build/bdist.linux-x86_64/egg/radon/tests/test_complexity_visitor.py to test_complexity_visitor.pyc
byte-compiling build/bdist.linux-x86_64/egg/radon/tests/test_other_metrics.py to test_other_metrics.pyc
byte-compiling build/bdist.linux-x86_64/egg/radon/tests/test_raw.py to test_raw.pyc
byte-compiling build/bdist.linux-x86_64/egg/radon/tests/test_cli_tools.py to test_cli_tools.pyc
byte-compiling build/bdist.linux-x86_64/egg/radon/tests/test_cli_harvest.py to test_cli_harvest.pyc
byte-compiling build/bdist.linux-x86_64/egg/radon/tests/run.py to run.pyc
byte-compiling build/bdist.linux-x86_64/egg/radon/tests/__init__.py to __init__.pyc
byte-compiling build/bdist.linux-x86_64/egg/radon/tests/test_complexity_utils.py to test_complexity_utils.pyc
byte-compiling build/bdist.linux-x86_64/egg/radon/tests/test_halstead.py to test_halstead.pyc
byte-compiling build/bdist.linux-x86_64/egg/radon/tests/test_cli.py to test_cli.pyc
byte-compiling build/bdist.linux-x86_64/egg/radon/raw.py to raw.pyc
byte-compiling build/bdist.linux-x86_64/egg/radon/__init__.py to __init__.pyc
byte-compiling build/bdist.linux-x86_64/egg/radon/cli/colors.py to colors.pyc
byte-compiling build/bdist.linux-x86_64/egg/radon/cli/tools.py to tools.pyc
byte-compiling build/bdist.linux-x86_64/egg/radon/cli/__init__.py to __init__.pyc
byte-compiling build/bdist.linux-x86_64/egg/radon/cli/harvest.py to harvest.pyc
creating build/bdist.linux-x86_64/egg/EGG-INFO
copying radon.egg-info/PKG-INFO -> build/bdist.linux-x86_64/egg/EGG-INFO
copying radon.egg-info/SOURCES.txt -> build/bdist.linux-x86_64/egg/EGG-INFO
copying radon.egg-info/dependency_links.txt -> build/bdist.linux-x86_64/egg/EGG-INFO
copying radon.egg-info/entry_points.txt -> build/bdist.linux-x86_64/egg/EGG-INFO
copying radon.egg-info/requires.txt -> build/bdist.linux-x86_64/egg/EGG-INFO
copying radon.egg-info/top_level.txt -> build/bdist.linux-x86_64/egg/EGG-INFO
zip_safe flag not set; analyzing archive contents...
creating dist
creating 'dist/radon-1.2.1-py2.7.egg' and adding 'build/bdist.linux-x86_64/egg' to it
removing 'build/bdist.linux-x86_64/egg' (and everything under it)
Processing radon-1.2.1-py2.7.egg
Copying radon-1.2.1-py2.7.egg to /home/ubuntu/miniconda/envs/_build/lib/python2.7/site-packages
Adding radon 1.2.1 to easy-install.pth file
Installing radon script to /home/ubuntu/miniconda/envs/_build/bin

Installed /home/ubuntu/miniconda/envs/_build/lib/python2.7/site-packages/radon-1.2.1-py2.7.egg
Processing dependencies for radon==1.2.1
Searching for colorama==0.3.3
Best match: colorama 0.3.3
Processing colorama-0.3.3-py2.7.egg
Adding colorama 0.3.3 to easy-install.pth file

Using /home/ubuntu/miniconda/envs/_build/lib/python2.7/site-packages/colorama-0.3.3-py2.7.egg
Searching for mando==0.3.2
Best match: mando 0.3.2
Processing mando-0.3.2-py2.7.egg
Adding mando 0.3.2 to easy-install.pth file

Using /home/ubuntu/miniconda/envs/_build/lib/python2.7/site-packages/mando-0.3.2-py2.7.egg
Finished processing dependencies for radon==1.2.1

The following NEW packages will be INSTALLED:

    colorama:   0.3.3-py27_0
    mando:      0.3.2-py27_0
    openssl:    1.0.1k-1    
    pip:        7.0.3-py27_0
    python:     2.7.10-0    
    readline:   6.2-2       
    setuptools: 17.0-py27_0 
    sqlite:     3.8.4.1-1   
    system:     5.8-2       
    tk:         8.5.18-0    
    zlib:       1.2.8-0     

Linking packages ...
[                    ]|                                                  |   0%[openssl             ]|                                                  |   0%[readline            ]|####                                              |   9%[sqlite              ]|#########                                         |  18%[system              ]|#############                                     |  27%[tk                  ]|##################                                |  36%[zlib                ]|######################                            |  45%[colorama            ]|###########################                       |  54%[mando               ]|###############################                   |  63%[python              ]|####################################              |  72%[setuptools          ]|########################################          |  81%[pip                 ]|#############################################     |  90%[      COMPLETE      ]|##################################################| 100%
Removing old work directory
Source cache directory is: /home/ubuntu/miniconda/conda-bld/src_cache
Found source in cache: radon-1.2.1.tar.gz
Extracting download
Package: radon-1.2.1-py_0
source tree in: /home/ubuntu/miniconda/conda-bld/work/radon-1.2.1
found egg: /home/ubuntu/miniconda/envs/_build/lib/python2.7/site-packages/radon-1.2.1-py2.7.egg
number of files: 3
Fixing permissions
Fixing permissions
BUILD END: radon-1.2.1-py_0
TEST START: radon-1.2.1-py_0
Fetching package metadata: ......
Error: No packages found in current linux-64 channels matching: tox
