Warning, the following versions were found for rauth
0.7.1
0.7.0
0.6.2
0.6.1
0.6.0
0.5.5
0.5.4
0.5.3
0.5.2
0.5.1
0.5.0
0.4.17
0.4.16
0.4.15
0.4.14
0.4.13
0.4.12
0.4.11
0.4.10
0.4.9
0.4.8
0.4.7
0.4.6
0.4.5
0.4.4
0.4.3
0.4.2
0.4.1
0.4.0
0.3.1
0.3.0
0.2.4
0.2.3
0.2.2
Using 0.7.1
Use --version to specify a different version.
Using url https://pypi.python.org/packages/source/r/rauth/rauth-0.7.1.tar.gz (16 KB) for rauth.
Downloading rauth (use --no-download to skip this step)
Using cached download
Unpacking rauth...
done
working in /tmp/tmpmylIP3conda_skeleton_rauth-0.7.1.tar.gz
Fetching package metadata: ......
Solving package specifications: .patching file core.py
Hunk #1 succeeded at 168 with fuzz 2 (offset 2 lines).
Traceback (most recent call last):
  File "setup.py", line 17, in <module>
    from setuptools import setup, find_packages
ImportError: No module named setuptools

The following NEW packages will be INSTALLED:

    numpy:  1.9.2-py27_0
    pyyaml: 3.11-py27_0 

Linking packages ...
[                    ]|                                                  |   0%[numpy               ]|                                                  |   0%[pyyaml              ]|#########################                         |  50%[      COMPLETE      ]|##################################################| 100%
Applying patch: '/tmp/tmpmylIP3conda_skeleton_rauth-0.7.1.tar.gz/pypi-distutils.patch'
$PYTHONPATH = /tmp/tmpmylIP3conda_skeleton_rauth-0.7.1.tar.gz/rauth-0.7.1
Error: command failed: /home/ubuntu/miniconda/envs/_build/bin/python setup.py install
