There was an error importing jinja2.
Please run `conda install jinja2` to enable jinja template support
Removing old build directory
Removing old work directory
BUILD START: raven-5.3.1-py27_0
Fetching package metadata: ......
Solving package specifications: .There was an error importing jinja2.
Please run `conda install jinja2` to enable jinja template support
+ /home/ubuntu/miniconda/envs/_build/bin/python setup.py install
running install
running bdist_egg
running egg_info
writing requirements to raven.egg-info/requires.txt
writing raven.egg-info/PKG-INFO
writing top-level names to raven.egg-info/top_level.txt
writing dependency_links to raven.egg-info/dependency_links.txt
writing entry points to raven.egg-info/entry_points.txt
reading manifest file 'raven.egg-info/SOURCES.txt'
reading manifest template 'MANIFEST.in'
warning: no previously-included files matching '*~' found anywhere in distribution
writing manifest file 'raven.egg-info/SOURCES.txt'
installing library code to build/bdist.linux-x86_64/egg
running install_lib
running build_py
creating build
creating build/lib
creating build/lib/raven
copying raven/processors.py -> build/lib/raven
copying raven/events.py -> build/lib/raven
copying raven/versioning.py -> build/lib/raven
copying raven/context.py -> build/lib/raven
copying raven/__init__.py -> build/lib/raven
copying raven/middleware.py -> build/lib/raven
copying raven/base.py -> build/lib/raven
copying raven/exceptions.py -> build/lib/raven
creating build/lib/raven/handlers
copying raven/handlers/logbook.py -> build/lib/raven/handlers
copying raven/handlers/__init__.py -> build/lib/raven/handlers
copying raven/handlers/logging.py -> build/lib/raven/handlers
creating build/lib/raven/utils
copying raven/utils/six.py -> build/lib/raven/utils
copying raven/utils/urlparse.py -> build/lib/raven/utils
copying raven/utils/compat.py -> build/lib/raven/utils
copying raven/utils/encoding.py -> build/lib/raven/utils
copying raven/utils/stacks.py -> build/lib/raven/utils
copying raven/utils/json.py -> build/lib/raven/utils
copying raven/utils/testutils.py -> build/lib/raven/utils
copying raven/utils/wsgi.py -> build/lib/raven/utils
copying raven/utils/http.py -> build/lib/raven/utils
copying raven/utils/__init__.py -> build/lib/raven/utils
copying raven/utils/ssl_match_hostname.py -> build/lib/raven/utils
creating build/lib/raven/transport
copying raven/transport/tornado.py -> build/lib/raven/transport
copying raven/transport/registry.py -> build/lib/raven/transport
copying raven/transport/requests.py -> build/lib/raven/transport
copying raven/transport/eventlet.py -> build/lib/raven/transport
copying raven/transport/gevent.py -> build/lib/raven/transport
copying raven/transport/twisted.py -> build/lib/raven/transport
copying raven/transport/aiohttp.py -> build/lib/raven/transport
copying raven/transport/threaded.py -> build/lib/raven/transport
copying raven/transport/http.py -> build/lib/raven/transport
copying raven/transport/__init__.py -> build/lib/raven/transport
copying raven/transport/threaded_requests.py -> build/lib/raven/transport
copying raven/transport/base.py -> build/lib/raven/transport
copying raven/transport/exceptions.py -> build/lib/raven/transport
creating build/lib/raven/conf
copying raven/conf/defaults.py -> build/lib/raven/conf
copying raven/conf/__init__.py -> build/lib/raven/conf
creating build/lib/raven/contrib
copying raven/contrib/async.py -> build/lib/raven/contrib
copying raven/contrib/paste.py -> build/lib/raven/contrib
copying raven/contrib/__init__.py -> build/lib/raven/contrib
copying raven/contrib/flask.py -> build/lib/raven/contrib
creating build/lib/raven/scripts
copying raven/scripts/__init__.py -> build/lib/raven/scripts
copying raven/scripts/runner.py -> build/lib/raven/scripts
creating build/lib/raven/utils/serializer
copying raven/utils/serializer/__init__.py -> build/lib/raven/utils/serializer
copying raven/utils/serializer/manager.py -> build/lib/raven/utils/serializer
copying raven/utils/serializer/base.py -> build/lib/raven/utils/serializer
creating build/lib/raven/contrib/webpy
copying raven/contrib/webpy/utils.py -> build/lib/raven/contrib/webpy
copying raven/contrib/webpy/__init__.py -> build/lib/raven/contrib/webpy
creating build/lib/raven/contrib/tornado
copying raven/contrib/tornado/__init__.py -> build/lib/raven/contrib/tornado
creating build/lib/raven/contrib/pylons
copying raven/contrib/pylons/__init__.py -> build/lib/raven/contrib/pylons
creating build/lib/raven/contrib/bottle
copying raven/contrib/bottle/utils.py -> build/lib/raven/contrib/bottle
copying raven/contrib/bottle/__init__.py -> build/lib/raven/contrib/bottle
creating build/lib/raven/contrib/zerorpc
copying raven/contrib/zerorpc/__init__.py -> build/lib/raven/contrib/zerorpc
creating build/lib/raven/contrib/celery
copying raven/contrib/celery/__init__.py -> build/lib/raven/contrib/celery
creating build/lib/raven/contrib/django
copying raven/contrib/django/apps.py -> build/lib/raven/contrib/django
copying raven/contrib/django/utils.py -> build/lib/raven/contrib/django
copying raven/contrib/django/serializers.py -> build/lib/raven/contrib/django
copying raven/contrib/django/views.py -> build/lib/raven/contrib/django
copying raven/contrib/django/client.py -> build/lib/raven/contrib/django
copying raven/contrib/django/urls.py -> build/lib/raven/contrib/django
copying raven/contrib/django/__init__.py -> build/lib/raven/contrib/django
copying raven/contrib/django/models.py -> build/lib/raven/contrib/django
copying raven/contrib/django/logging.py -> build/lib/raven/contrib/django
copying raven/contrib/django/handlers.py -> build/lib/raven/contrib/django
creating build/lib/raven/contrib/zope
copying raven/contrib/zope/__init__.py -> build/lib/raven/contrib/zope
creating build/lib/raven/contrib/django/raven_compat
copying raven/contrib/django/raven_compat/__init__.py -> build/lib/raven/contrib/django/raven_compat
copying raven/contrib/django/raven_compat/models.py -> build/lib/raven/contrib/django/raven_compat
copying raven/contrib/django/raven_compat/handlers.py -> build/lib/raven/contrib/django/raven_compat
creating build/lib/raven/contrib/django/management
copying raven/contrib/django/management/__init__.py -> build/lib/raven/contrib/django/management
creating build/lib/raven/contrib/django/middleware
copying raven/contrib/django/middleware/wsgi.py -> build/lib/raven/contrib/django/middleware
copying raven/contrib/django/middleware/__init__.py -> build/lib/raven/contrib/django/middleware
creating build/lib/raven/contrib/django/templatetags
copying raven/contrib/django/templatetags/raven.py -> build/lib/raven/contrib/django/templatetags
copying raven/contrib/django/templatetags/__init__.py -> build/lib/raven/contrib/django/templatetags
creating build/lib/raven/contrib/django/celery
copying raven/contrib/django/celery/tasks.py -> build/lib/raven/contrib/django/celery
copying raven/contrib/django/celery/__init__.py -> build/lib/raven/contrib/django/celery
copying raven/contrib/django/celery/models.py -> build/lib/raven/contrib/django/celery
creating build/lib/raven/contrib/django/raven_compat/management
copying raven/contrib/django/raven_compat/management/__init__.py -> build/lib/raven/contrib/django/raven_compat/management
creating build/lib/raven/contrib/django/raven_compat/middleware
copying raven/contrib/django/raven_compat/middleware/wsgi.py -> build/lib/raven/contrib/django/raven_compat/middleware
copying raven/contrib/django/raven_compat/middleware/__init__.py -> build/lib/raven/contrib/django/raven_compat/middleware
creating build/lib/raven/contrib/django/raven_compat/templatetags
copying raven/contrib/django/raven_compat/templatetags/raven.py -> build/lib/raven/contrib/django/raven_compat/templatetags
copying raven/contrib/django/raven_compat/templatetags/__init__.py -> build/lib/raven/contrib/django/raven_compat/templatetags
creating build/lib/raven/contrib/django/raven_compat/management/commands
copying raven/contrib/django/raven_compat/management/commands/raven.py -> build/lib/raven/contrib/django/raven_compat/management/commands
copying raven/contrib/django/raven_compat/management/commands/__init__.py -> build/lib/raven/contrib/django/raven_compat/management/commands
creating build/lib/raven/contrib/django/management/commands
copying raven/contrib/django/management/commands/raven.py -> build/lib/raven/contrib/django/management/commands
copying raven/contrib/django/management/commands/__init__.py -> build/lib/raven/contrib/django/management/commands
creating build/lib/raven/data
copying raven/data/cacert.pem -> build/lib/raven/data
copying raven/contrib/zope/component.xml -> build/lib/raven/contrib/zope
creating build/bdist.linux-x86_64
creating build/bdist.linux-x86_64/egg
creating build/bdist.linux-x86_64/egg/raven
copying build/lib/raven/processors.py -> build/bdist.linux-x86_64/egg/raven
creating build/bdist.linux-x86_64/egg/raven/handlers
copying build/lib/raven/handlers/logbook.py -> build/bdist.linux-x86_64/egg/raven/handlers
copying build/lib/raven/handlers/__init__.py -> build/bdist.linux-x86_64/egg/raven/handlers
copying build/lib/raven/handlers/logging.py -> build/bdist.linux-x86_64/egg/raven/handlers
creating build/bdist.linux-x86_64/egg/raven/utils
copying build/lib/raven/utils/six.py -> build/bdist.linux-x86_64/egg/raven/utils
creating build/bdist.linux-x86_64/egg/raven/utils/serializer
copying build/lib/raven/utils/serializer/__init__.py -> build/bdist.linux-x86_64/egg/raven/utils/serializer
copying build/lib/raven/utils/serializer/manager.py -> build/bdist.linux-x86_64/egg/raven/utils/serializer
copying build/lib/raven/utils/serializer/base.py -> build/bdist.linux-x86_64/egg/raven/utils/serializer
copying build/lib/raven/utils/urlparse.py -> build/bdist.linux-x86_64/egg/raven/utils
copying build/lib/raven/utils/compat.py -> build/bdist.linux-x86_64/egg/raven/utils
copying build/lib/raven/utils/encoding.py -> build/bdist.linux-x86_64/egg/raven/utils
copying build/lib/raven/utils/stacks.py -> build/bdist.linux-x86_64/egg/raven/utils
copying build/lib/raven/utils/json.py -> build/bdist.linux-x86_64/egg/raven/utils
copying build/lib/raven/utils/testutils.py -> build/bdist.linux-x86_64/egg/raven/utils
copying build/lib/raven/utils/wsgi.py -> build/bdist.linux-x86_64/egg/raven/utils
copying build/lib/raven/utils/http.py -> build/bdist.linux-x86_64/egg/raven/utils
copying build/lib/raven/utils/__init__.py -> build/bdist.linux-x86_64/egg/raven/utils
copying build/lib/raven/utils/ssl_match_hostname.py -> build/bdist.linux-x86_64/egg/raven/utils
creating build/bdist.linux-x86_64/egg/raven/transport
copying build/lib/raven/transport/tornado.py -> build/bdist.linux-x86_64/egg/raven/transport
copying build/lib/raven/transport/registry.py -> build/bdist.linux-x86_64/egg/raven/transport
copying build/lib/raven/transport/requests.py -> build/bdist.linux-x86_64/egg/raven/transport
copying build/lib/raven/transport/eventlet.py -> build/bdist.linux-x86_64/egg/raven/transport
copying build/lib/raven/transport/gevent.py -> build/bdist.linux-x86_64/egg/raven/transport
copying build/lib/raven/transport/twisted.py -> build/bdist.linux-x86_64/egg/raven/transport
copying build/lib/raven/transport/aiohttp.py -> build/bdist.linux-x86_64/egg/raven/transport
copying build/lib/raven/transport/threaded.py -> build/bdist.linux-x86_64/egg/raven/transport
copying build/lib/raven/transport/http.py -> build/bdist.linux-x86_64/egg/raven/transport
copying build/lib/raven/transport/__init__.py -> build/bdist.linux-x86_64/egg/raven/transport
copying build/lib/raven/transport/threaded_requests.py -> build/bdist.linux-x86_64/egg/raven/transport
copying build/lib/raven/transport/base.py -> build/bdist.linux-x86_64/egg/raven/transport
copying build/lib/raven/transport/exceptions.py -> build/bdist.linux-x86_64/egg/raven/transport
creating build/bdist.linux-x86_64/egg/raven/conf
copying build/lib/raven/conf/defaults.py -> build/bdist.linux-x86_64/egg/raven/conf
copying build/lib/raven/conf/__init__.py -> build/bdist.linux-x86_64/egg/raven/conf
creating build/bdist.linux-x86_64/egg/raven/contrib
creating build/bdist.linux-x86_64/egg/raven/contrib/webpy
copying build/lib/raven/contrib/webpy/utils.py -> build/bdist.linux-x86_64/egg/raven/contrib/webpy
copying build/lib/raven/contrib/webpy/__init__.py -> build/bdist.linux-x86_64/egg/raven/contrib/webpy
creating build/bdist.linux-x86_64/egg/raven/contrib/tornado
copying build/lib/raven/contrib/tornado/__init__.py -> build/bdist.linux-x86_64/egg/raven/contrib/tornado
creating build/bdist.linux-x86_64/egg/raven/contrib/pylons
copying build/lib/raven/contrib/pylons/__init__.py -> build/bdist.linux-x86_64/egg/raven/contrib/pylons
copying build/lib/raven/contrib/async.py -> build/bdist.linux-x86_64/egg/raven/contrib
creating build/bdist.linux-x86_64/egg/raven/contrib/bottle
copying build/lib/raven/contrib/bottle/utils.py -> build/bdist.linux-x86_64/egg/raven/contrib/bottle
copying build/lib/raven/contrib/bottle/__init__.py -> build/bdist.linux-x86_64/egg/raven/contrib/bottle
creating build/bdist.linux-x86_64/egg/raven/contrib/zerorpc
copying build/lib/raven/contrib/zerorpc/__init__.py -> build/bdist.linux-x86_64/egg/raven/contrib/zerorpc
copying build/lib/raven/contrib/paste.py -> build/bdist.linux-x86_64/egg/raven/contrib
creating build/bdist.linux-x86_64/egg/raven/contrib/celery
copying build/lib/raven/contrib/celery/__init__.py -> build/bdist.linux-x86_64/egg/raven/contrib/celery
copying build/lib/raven/contrib/__init__.py -> build/bdist.linux-x86_64/egg/raven/contrib
copying build/lib/raven/contrib/flask.py -> build/bdist.linux-x86_64/egg/raven/contrib
creating build/bdist.linux-x86_64/egg/raven/contrib/django
copying build/lib/raven/contrib/django/apps.py -> build/bdist.linux-x86_64/egg/raven/contrib/django
copying build/lib/raven/contrib/django/utils.py -> build/bdist.linux-x86_64/egg/raven/contrib/django
creating build/bdist.linux-x86_64/egg/raven/contrib/django/raven_compat
creating build/bdist.linux-x86_64/egg/raven/contrib/django/raven_compat/management
copying build/lib/raven/contrib/django/raven_compat/management/__init__.py -> build/bdist.linux-x86_64/egg/raven/contrib/django/raven_compat/management
creating build/bdist.linux-x86_64/egg/raven/contrib/django/raven_compat/management/commands
copying build/lib/raven/contrib/django/raven_compat/management/commands/raven.py -> build/bdist.linux-x86_64/egg/raven/contrib/django/raven_compat/management/commands
copying build/lib/raven/contrib/django/raven_compat/management/commands/__init__.py -> build/bdist.linux-x86_64/egg/raven/contrib/django/raven_compat/management/commands
creating build/bdist.linux-x86_64/egg/raven/contrib/django/raven_compat/middleware
copying build/lib/raven/contrib/django/raven_compat/middleware/wsgi.py -> build/bdist.linux-x86_64/egg/raven/contrib/django/raven_compat/middleware
copying build/lib/raven/contrib/django/raven_compat/middleware/__init__.py -> build/bdist.linux-x86_64/egg/raven/contrib/django/raven_compat/middleware
creating build/bdist.linux-x86_64/egg/raven/contrib/django/raven_compat/templatetags
copying build/lib/raven/contrib/django/raven_compat/templatetags/raven.py -> build/bdist.linux-x86_64/egg/raven/contrib/django/raven_compat/templatetags
copying build/lib/raven/contrib/django/raven_compat/templatetags/__init__.py -> build/bdist.linux-x86_64/egg/raven/contrib/django/raven_compat/templatetags
copying build/lib/raven/contrib/django/raven_compat/__init__.py -> build/bdist.linux-x86_64/egg/raven/contrib/django/raven_compat
copying build/lib/raven/contrib/django/raven_compat/models.py -> build/bdist.linux-x86_64/egg/raven/contrib/django/raven_compat
copying build/lib/raven/contrib/django/raven_compat/handlers.py -> build/bdist.linux-x86_64/egg/raven/contrib/django/raven_compat
copying build/lib/raven/contrib/django/serializers.py -> build/bdist.linux-x86_64/egg/raven/contrib/django
creating build/bdist.linux-x86_64/egg/raven/contrib/django/management
copying build/lib/raven/contrib/django/management/__init__.py -> build/bdist.linux-x86_64/egg/raven/contrib/django/management
creating build/bdist.linux-x86_64/egg/raven/contrib/django/management/commands
copying build/lib/raven/contrib/django/management/commands/raven.py -> build/bdist.linux-x86_64/egg/raven/contrib/django/management/commands
copying build/lib/raven/contrib/django/management/commands/__init__.py -> build/bdist.linux-x86_64/egg/raven/contrib/django/management/commands
creating build/bdist.linux-x86_64/egg/raven/contrib/django/middleware
copying build/lib/raven/contrib/django/middleware/wsgi.py -> build/bdist.linux-x86_64/egg/raven/contrib/django/middleware
copying build/lib/raven/contrib/django/middleware/__init__.py -> build/bdist.linux-x86_64/egg/raven/contrib/django/middleware
creating build/bdist.linux-x86_64/egg/raven/contrib/django/templatetags
copying build/lib/raven/contrib/django/templatetags/raven.py -> build/bdist.linux-x86_64/egg/raven/contrib/django/templatetags
copying build/lib/raven/contrib/django/templatetags/__init__.py -> build/bdist.linux-x86_64/egg/raven/contrib/django/templatetags
copying build/lib/raven/contrib/django/views.py -> build/bdist.linux-x86_64/egg/raven/contrib/django
copying build/lib/raven/contrib/django/client.py -> build/bdist.linux-x86_64/egg/raven/contrib/django
copying build/lib/raven/contrib/django/urls.py -> build/bdist.linux-x86_64/egg/raven/contrib/django
creating build/bdist.linux-x86_64/egg/raven/contrib/django/celery
copying build/lib/raven/contrib/django/celery/tasks.py -> build/bdist.linux-x86_64/egg/raven/contrib/django/celery
copying build/lib/raven/contrib/django/celery/__init__.py -> build/bdist.linux-x86_64/egg/raven/contrib/django/celery
copying build/lib/raven/contrib/django/celery/models.py -> build/bdist.linux-x86_64/egg/raven/contrib/django/celery
copying build/lib/raven/contrib/django/__init__.py -> build/bdist.linux-x86_64/egg/raven/contrib/django
copying build/lib/raven/contrib/django/models.py -> build/bdist.linux-x86_64/egg/raven/contrib/django
copying build/lib/raven/contrib/django/logging.py -> build/bdist.linux-x86_64/egg/raven/contrib/django
copying build/lib/raven/contrib/django/handlers.py -> build/bdist.linux-x86_64/egg/raven/contrib/django
creating build/bdist.linux-x86_64/egg/raven/contrib/zope
copying build/lib/raven/contrib/zope/component.xml -> build/bdist.linux-x86_64/egg/raven/contrib/zope
copying build/lib/raven/contrib/zope/__init__.py -> build/bdist.linux-x86_64/egg/raven/contrib/zope
copying build/lib/raven/events.py -> build/bdist.linux-x86_64/egg/raven
copying build/lib/raven/versioning.py -> build/bdist.linux-x86_64/egg/raven
creating build/bdist.linux-x86_64/egg/raven/data
copying build/lib/raven/data/cacert.pem -> build/bdist.linux-x86_64/egg/raven/data
copying build/lib/raven/context.py -> build/bdist.linux-x86_64/egg/raven
copying build/lib/raven/__init__.py -> build/bdist.linux-x86_64/egg/raven
creating build/bdist.linux-x86_64/egg/raven/scripts
copying build/lib/raven/scripts/__init__.py -> build/bdist.linux-x86_64/egg/raven/scripts
copying build/lib/raven/scripts/runner.py -> build/bdist.linux-x86_64/egg/raven/scripts
copying build/lib/raven/middleware.py -> build/bdist.linux-x86_64/egg/raven
copying build/lib/raven/base.py -> build/bdist.linux-x86_64/egg/raven
copying build/lib/raven/exceptions.py -> build/bdist.linux-x86_64/egg/raven
byte-compiling build/bdist.linux-x86_64/egg/raven/processors.py to processors.pyc
byte-compiling build/bdist.linux-x86_64/egg/raven/handlers/logbook.py to logbook.pyc
byte-compiling build/bdist.linux-x86_64/egg/raven/handlers/__init__.py to __init__.pyc
byte-compiling build/bdist.linux-x86_64/egg/raven/handlers/logging.py to logging.pyc
byte-compiling build/bdist.linux-x86_64/egg/raven/utils/six.py to six.pyc
byte-compiling build/bdist.linux-x86_64/egg/raven/utils/serializer/__init__.py to __init__.pyc
byte-compiling build/bdist.linux-x86_64/egg/raven/utils/serializer/manager.py to manager.pyc
byte-compiling build/bdist.linux-x86_64/egg/raven/utils/serializer/base.py to base.pyc
byte-compiling build/bdist.linux-x86_64/egg/raven/utils/urlparse.py to urlparse.pyc
byte-compiling build/bdist.linux-x86_64/egg/raven/utils/compat.py to compat.pyc
byte-compiling build/bdist.linux-x86_64/egg/raven/utils/encoding.py to encoding.pyc
byte-compiling build/bdist.linux-x86_64/egg/raven/utils/stacks.py to stacks.pyc
byte-compiling build/bdist.linux-x86_64/egg/raven/utils/json.py to json.pyc
byte-compiling build/bdist.linux-x86_64/egg/raven/utils/testutils.py to testutils.pyc
byte-compiling build/bdist.linux-x86_64/egg/raven/utils/wsgi.py to wsgi.pyc
byte-compiling build/bdist.linux-x86_64/egg/raven/utils/http.py to http.pyc
byte-compiling build/bdist.linux-x86_64/egg/raven/utils/__init__.py to __init__.pyc
byte-compiling build/bdist.linux-x86_64/egg/raven/utils/ssl_match_hostname.py to ssl_match_hostname.pyc
byte-compiling build/bdist.linux-x86_64/egg/raven/transport/tornado.py to tornado.pyc
byte-compiling build/bdist.linux-x86_64/egg/raven/transport/registry.py to registry.pyc
byte-compiling build/bdist.linux-x86_64/egg/raven/transport/requests.py to requests.pyc
byte-compiling build/bdist.linux-x86_64/egg/raven/transport/eventlet.py to eventlet.pyc
byte-compiling build/bdist.linux-x86_64/egg/raven/transport/gevent.py to gevent.pyc
byte-compiling build/bdist.linux-x86_64/egg/raven/transport/twisted.py to twisted.pyc
byte-compiling build/bdist.linux-x86_64/egg/raven/transport/aiohttp.py to aiohttp.pyc
  File "build/bdist.linux-x86_64/egg/raven/transport/aiohttp.py", line 31
    def __init__(self, parsed_url, *, verify_ssl=True, resolve=True,
                                    ^
SyntaxError: invalid syntax

byte-compiling build/bdist.linux-x86_64/egg/raven/transport/threaded.py to threaded.pyc
byte-compiling build/bdist.linux-x86_64/egg/raven/transport/http.py to http.pyc
byte-compiling build/bdist.linux-x86_64/egg/raven/transport/__init__.py to __init__.pyc
byte-compiling build/bdist.linux-x86_64/egg/raven/transport/threaded_requests.py to threaded_requests.pyc
byte-compiling build/bdist.linux-x86_64/egg/raven/transport/base.py to base.pyc
byte-compiling build/bdist.linux-x86_64/egg/raven/transport/exceptions.py to exceptions.pyc
byte-compiling build/bdist.linux-x86_64/egg/raven/conf/defaults.py to defaults.pyc
byte-compiling build/bdist.linux-x86_64/egg/raven/conf/__init__.py to __init__.pyc
byte-compiling build/bdist.linux-x86_64/egg/raven/contrib/webpy/utils.py to utils.pyc
byte-compiling build/bdist.linux-x86_64/egg/raven/contrib/webpy/__init__.py to __init__.pyc
byte-compiling build/bdist.linux-x86_64/egg/raven/contrib/tornado/__init__.py to __init__.pyc
byte-compiling build/bdist.linux-x86_64/egg/raven/contrib/pylons/__init__.py to __init__.pyc
byte-compiling build/bdist.linux-x86_64/egg/raven/contrib/async.py to async.pyc
byte-compiling build/bdist.linux-x86_64/egg/raven/contrib/bottle/utils.py to utils.pyc
byte-compiling build/bdist.linux-x86_64/egg/raven/contrib/bottle/__init__.py to __init__.pyc
byte-compiling build/bdist.linux-x86_64/egg/raven/contrib/zerorpc/__init__.py to __init__.pyc
byte-compiling build/bdist.linux-x86_64/egg/raven/contrib/paste.py to paste.pyc
byte-compiling build/bdist.linux-x86_64/egg/raven/contrib/celery/__init__.py to __init__.pyc
byte-compiling build/bdist.linux-x86_64/egg/raven/contrib/__init__.py to __init__.pyc
byte-compiling build/bdist.linux-x86_64/egg/raven/contrib/flask.py to flask.pyc
byte-compiling build/bdist.linux-x86_64/egg/raven/contrib/django/apps.py to apps.pyc
byte-compiling build/bdist.linux-x86_64/egg/raven/contrib/django/utils.py to utils.pyc
byte-compiling build/bdist.linux-x86_64/egg/raven/contrib/django/raven_compat/management/__init__.py to __init__.pyc
byte-compiling build/bdist.linux-x86_64/egg/raven/contrib/django/raven_compat/management/commands/raven.py to raven.pyc
byte-compiling build/bdist.linux-x86_64/egg/raven/contrib/django/raven_compat/management/commands/__init__.py to __init__.pyc
byte-compiling build/bdist.linux-x86_64/egg/raven/contrib/django/raven_compat/middleware/wsgi.py to wsgi.pyc
byte-compiling build/bdist.linux-x86_64/egg/raven/contrib/django/raven_compat/middleware/__init__.py to __init__.pyc
byte-compiling build/bdist.linux-x86_64/egg/raven/contrib/django/raven_compat/templatetags/raven.py to raven.pyc
byte-compiling build/bdist.linux-x86_64/egg/raven/contrib/django/raven_compat/templatetags/__init__.py to __init__.pyc
byte-compiling build/bdist.linux-x86_64/egg/raven/contrib/django/raven_compat/__init__.py to __init__.pyc
byte-compiling build/bdist.linux-x86_64/egg/raven/contrib/django/raven_compat/models.py to models.pyc
byte-compiling build/bdist.linux-x86_64/egg/raven/contrib/django/raven_compat/handlers.py to handlers.pyc
byte-compiling build/bdist.linux-x86_64/egg/raven/contrib/django/serializers.py to serializers.pyc
byte-compiling build/bdist.linux-x86_64/egg/raven/contrib/django/management/__init__.py to __init__.pyc
byte-compiling build/bdist.linux-x86_64/egg/raven/contrib/django/management/commands/raven.py to raven.pyc
byte-compiling build/bdist.linux-x86_64/egg/raven/contrib/django/management/commands/__init__.py to __init__.pyc
byte-compiling build/bdist.linux-x86_64/egg/raven/contrib/django/middleware/wsgi.py to wsgi.pyc
byte-compiling build/bdist.linux-x86_64/egg/raven/contrib/django/middleware/__init__.py to __init__.pyc
byte-compiling build/bdist.linux-x86_64/egg/raven/contrib/django/templatetags/raven.py to raven.pyc
byte-compiling build/bdist.linux-x86_64/egg/raven/contrib/django/templatetags/__init__.py to __init__.pyc
byte-compiling build/bdist.linux-x86_64/egg/raven/contrib/django/views.py to views.pyc
byte-compiling build/bdist.linux-x86_64/egg/raven/contrib/django/client.py to client.pyc
byte-compiling build/bdist.linux-x86_64/egg/raven/contrib/django/urls.py to urls.pyc
byte-compiling build/bdist.linux-x86_64/egg/raven/contrib/django/celery/tasks.py to tasks.pyc
byte-compiling build/bdist.linux-x86_64/egg/raven/contrib/django/celery/__init__.py to __init__.pyc
byte-compiling build/bdist.linux-x86_64/egg/raven/contrib/django/celery/models.py to models.pyc
byte-compiling build/bdist.linux-x86_64/egg/raven/contrib/django/__init__.py to __init__.pyc
byte-compiling build/bdist.linux-x86_64/egg/raven/contrib/django/models.py to models.pyc
byte-compiling build/bdist.linux-x86_64/egg/raven/contrib/django/logging.py to logging.pyc
byte-compiling build/bdist.linux-x86_64/egg/raven/contrib/django/handlers.py to handlers.pyc
byte-compiling build/bdist.linux-x86_64/egg/raven/contrib/zope/__init__.py to __init__.pyc
byte-compiling build/bdist.linux-x86_64/egg/raven/events.py to events.pyc
byte-compiling build/bdist.linux-x86_64/egg/raven/versioning.py to versioning.pyc
byte-compiling build/bdist.linux-x86_64/egg/raven/context.py to context.pyc
byte-compiling build/bdist.linux-x86_64/egg/raven/__init__.py to __init__.pyc
byte-compiling build/bdist.linux-x86_64/egg/raven/scripts/__init__.py to __init__.pyc
byte-compiling build/bdist.linux-x86_64/egg/raven/scripts/runner.py to runner.pyc
byte-compiling build/bdist.linux-x86_64/egg/raven/middleware.py to middleware.pyc
byte-compiling build/bdist.linux-x86_64/egg/raven/base.py to base.pyc
byte-compiling build/bdist.linux-x86_64/egg/raven/exceptions.py to exceptions.pyc
creating build/bdist.linux-x86_64/egg/EGG-INFO
copying raven.egg-info/PKG-INFO -> build/bdist.linux-x86_64/egg/EGG-INFO
copying raven.egg-info/SOURCES.txt -> build/bdist.linux-x86_64/egg/EGG-INFO
copying raven.egg-info/dependency_links.txt -> build/bdist.linux-x86_64/egg/EGG-INFO
copying raven.egg-info/entry_points.txt -> build/bdist.linux-x86_64/egg/EGG-INFO
copying raven.egg-info/not-zip-safe -> build/bdist.linux-x86_64/egg/EGG-INFO
copying raven.egg-info/requires.txt -> build/bdist.linux-x86_64/egg/EGG-INFO
copying raven.egg-info/top_level.txt -> build/bdist.linux-x86_64/egg/EGG-INFO
creating dist
creating 'dist/raven-5.3.1-py2.7.egg' and adding 'build/bdist.linux-x86_64/egg' to it
removing 'build/bdist.linux-x86_64/egg' (and everything under it)
Processing raven-5.3.1-py2.7.egg
creating /home/ubuntu/miniconda/envs/_build/lib/python2.7/site-packages/raven-5.3.1-py2.7.egg
Extracting raven-5.3.1-py2.7.egg to /home/ubuntu/miniconda/envs/_build/lib/python2.7/site-packages
  File "/home/ubuntu/miniconda/envs/_build/lib/python2.7/site-packages/raven-5.3.1-py2.7.egg/raven/transport/aiohttp.py", line 31
    def __init__(self, parsed_url, *, verify_ssl=True, resolve=True,
                                    ^
SyntaxError: invalid syntax

Adding raven 5.3.1 to easy-install.pth file
Installing raven script to /home/ubuntu/miniconda/envs/_build/bin

Installed /home/ubuntu/miniconda/envs/_build/lib/python2.7/site-packages/raven-5.3.1-py2.7.egg
Processing dependencies for raven==5.3.1
Finished processing dependencies for raven==5.3.1
Compiling /home/ubuntu/miniconda/envs/_build/lib/python2.7/site-packages/raven-5.3.1-py2.7.egg/raven/transport/aiohttp.py ...
  File "/home/ubuntu/miniconda/envs/_build/lib/python2.7/site-packages/raven-5.3.1-py2.7.egg/raven/transport/aiohttp.py", line 31
    def __init__(self, parsed_url, *, verify_ssl=True, resolve=True,
                                    ^
SyntaxError: invalid syntax


The following NEW packages will be INSTALLED:

    openssl:    1.0.1k-1    
    pip:        6.1.1-py27_0
    python:     2.7.9-3     
    readline:   6.2-2       
    setuptools: 16.0-py27_0 
    sqlite:     3.8.4.1-1   
    system:     5.8-2       
    tk:         8.5.18-0    
    zlib:       1.2.8-0     

Linking packages ...
[                    ]|                                                  |   0%[openssl             ]|                                                  |   0%[readline            ]|#####                                             |  11%[sqlite              ]|###########                                       |  22%[system              ]|################                                  |  33%[tk                  ]|######################                            |  44%[zlib                ]|###########################                       |  55%[python              ]|#################################                 |  66%[setuptools          ]|######################################            |  77%[pip                 ]|############################################      |  88%[      COMPLETE      ]|##################################################| 100%
Removing old work directory
Source cache directory is: /home/ubuntu/miniconda/conda-bld/src_cache
Found source in cache: raven-5.3.1.tar.gz
Extracting download
Package: raven-5.3.1-py27_0
source tree in: /home/ubuntu/miniconda/conda-bld/work/raven-5.3.1
compiling .pyc files...
Command failed: /home/ubuntu/miniconda/envs/_build/bin/python -Wi /home/ubuntu/miniconda/envs/_build/lib/python2.7/compileall.py -q -x port_v3 /home/ubuntu/miniconda/envs/_build/lib/python2.7/site-packages
