Warning, the following versions were found for rax_default_network_flags_python_novaclient_ext
0.3.1
0.3.0
0.2.4
0.2.3
0.1.3
0.1.2
0.1.1
0.1.0
Using 0.3.1
Use --version to specify a different version.
Using url https://pypi.python.org/packages/source/r/rax_default_network_flags_python_novaclient_ext/rax_default_network_flags_python_novaclient_ext-0.3.1.tar.gz (2 KB) for rax_default_network_flags_python_novaclient_ext.
Downloading rax_default_network_flags_python_novaclient_ext (use --no-download to skip this step)
Using cached download
Unpacking rax_default_network_flags_python_novaclient_ext...
done
working in /tmp/tmptveyPeconda_skeleton_rax_default_network_flags_python_novaclient_ext-0.3.1.tar.gz
Fetching package metadata: ......
Solving package specifications: .patching file core.py
Hunk #1 succeeded at 168 with fuzz 2 (offset 2 lines).

Applying patch: '/tmp/tmptveyPeconda_skeleton_rax_default_network_flags_python_novaclient_ext-0.3.1.tar.gz/pypi-distutils.patch'
Writing recipe for rax_default_network_flags_python_novaclient_ext
Done
