Warning, the following versions were found for rax_scheduled_images_python_novaclient_ext
0.3.1
0.3.0
0.2.2
0.2.1
0.2.0
0.1.1
0.1.0
Using 0.3.1
Use --version to specify a different version.
Using url https://pypi.python.org/packages/source/r/rax_scheduled_images_python_novaclient_ext/rax_scheduled_images_python_novaclient_ext-0.3.1.tar.gz (3 KB) for rax_scheduled_images_python_novaclient_ext.
Downloading rax_scheduled_images_python_novaclient_ext (use --no-download to skip this step)
Using cached download
Unpacking rax_scheduled_images_python_novaclient_ext...
done
working in /tmp/tmpOp_8zzconda_skeleton_rax_scheduled_images_python_novaclient_ext-0.3.1.tar.gz
Fetching package metadata: ......
Solving package specifications: .patching file core.py
Hunk #1 succeeded at 168 with fuzz 2 (offset 2 lines).
Traceback (most recent call last):
  File "setup.py", line 15, in <module>
    import setuptools
ImportError: No module named setuptools

Applying patch: '/tmp/tmpOp_8zzconda_skeleton_rax_scheduled_images_python_novaclient_ext-0.3.1.tar.gz/pypi-distutils.patch'
$PYTHONPATH = /tmp/tmpOp_8zzconda_skeleton_rax_scheduled_images_python_novaclient_ext-0.3.1.tar.gz/rax_scheduled_images_python_novaclient_ext-0.3.1
Error: command failed: /home/ubuntu/miniconda/envs/_build/bin/python setup.py install
