Removing old build directory
Removing old work directory
BUILD START: rdflib-4.2.0-py_0
Fetching package metadata: ......
Solving package specifications: .+ /home/ubuntu/miniconda/envs/_build/bin/python setup.py install
/home/ubuntu/miniconda/envs/_build/lib/python2.7/distutils/dist.py:267: UserWarning: Unknown distribution option: 'entry_points'
  warnings.warn(msg)
running install
running build
running build_py
creating build
creating build/lib
creating build/lib/rdflib
copying rdflib/term.py -> build/lib/rdflib
copying rdflib/plugin.py -> build/lib/rdflib
copying rdflib/store.py -> build/lib/rdflib
copying rdflib/graph.py -> build/lib/rdflib
copying rdflib/py3compat.py -> build/lib/rdflib
copying rdflib/compat.py -> build/lib/rdflib
copying rdflib/paths.py -> build/lib/rdflib
copying rdflib/compare.py -> build/lib/rdflib
copying rdflib/resource.py -> build/lib/rdflib
copying rdflib/parser.py -> build/lib/rdflib
copying rdflib/collection.py -> build/lib/rdflib
copying rdflib/void.py -> build/lib/rdflib
copying rdflib/query.py -> build/lib/rdflib
copying rdflib/events.py -> build/lib/rdflib
copying rdflib/util.py -> build/lib/rdflib
copying rdflib/namespace.py -> build/lib/rdflib
copying rdflib/__init__.py -> build/lib/rdflib
copying rdflib/serializer.py -> build/lib/rdflib
copying rdflib/exceptions.py -> build/lib/rdflib
creating build/lib/rdflib/extras
copying rdflib/extras/describer.py -> build/lib/rdflib/extras
copying rdflib/extras/infixowl.py -> build/lib/rdflib/extras
copying rdflib/extras/cmdlineutils.py -> build/lib/rdflib/extras
copying rdflib/extras/__init__.py -> build/lib/rdflib/extras
creating build/lib/rdflib/plugins
copying rdflib/plugins/memory.py -> build/lib/rdflib/plugins
copying rdflib/plugins/sleepycat.py -> build/lib/rdflib/plugins
copying rdflib/plugins/__init__.py -> build/lib/rdflib/plugins
creating build/lib/rdflib/plugins/parsers
copying rdflib/plugins/parsers/ntriples.py -> build/lib/rdflib/plugins/parsers
copying rdflib/plugins/parsers/notation3.py -> build/lib/rdflib/plugins/parsers
copying rdflib/plugins/parsers/nt.py -> build/lib/rdflib/plugins/parsers
copying rdflib/plugins/parsers/nquads.py -> build/lib/rdflib/plugins/parsers
copying rdflib/plugins/parsers/hturtle.py -> build/lib/rdflib/plugins/parsers
copying rdflib/plugins/parsers/trix.py -> build/lib/rdflib/plugins/parsers
copying rdflib/plugins/parsers/__init__.py -> build/lib/rdflib/plugins/parsers
copying rdflib/plugins/parsers/structureddata.py -> build/lib/rdflib/plugins/parsers
copying rdflib/plugins/parsers/rdfxml.py -> build/lib/rdflib/plugins/parsers
copying rdflib/plugins/parsers/trig.py -> build/lib/rdflib/plugins/parsers
creating build/lib/rdflib/plugins/parsers/pyRdfa
copying rdflib/plugins/parsers/pyRdfa/parse.py -> build/lib/rdflib/plugins/parsers/pyRdfa
copying rdflib/plugins/parsers/pyRdfa/initialcontext.py -> build/lib/rdflib/plugins/parsers/pyRdfa
copying rdflib/plugins/parsers/pyRdfa/utils.py -> build/lib/rdflib/plugins/parsers/pyRdfa
copying rdflib/plugins/parsers/pyRdfa/termorcurie.py -> build/lib/rdflib/plugins/parsers/pyRdfa
copying rdflib/plugins/parsers/pyRdfa/options.py -> build/lib/rdflib/plugins/parsers/pyRdfa
copying rdflib/plugins/parsers/pyRdfa/embeddedRDF.py -> build/lib/rdflib/plugins/parsers/pyRdfa
copying rdflib/plugins/parsers/pyRdfa/__init__.py -> build/lib/rdflib/plugins/parsers/pyRdfa
copying rdflib/plugins/parsers/pyRdfa/property.py -> build/lib/rdflib/plugins/parsers/pyRdfa
copying rdflib/plugins/parsers/pyRdfa/state.py -> build/lib/rdflib/plugins/parsers/pyRdfa
creating build/lib/rdflib/plugins/parsers/pyRdfa/transform
copying rdflib/plugins/parsers/pyRdfa/transform/DublinCore.py -> build/lib/rdflib/plugins/parsers/pyRdfa/transform
copying rdflib/plugins/parsers/pyRdfa/transform/metaname.py -> build/lib/rdflib/plugins/parsers/pyRdfa/transform
copying rdflib/plugins/parsers/pyRdfa/transform/__init__.py -> build/lib/rdflib/plugins/parsers/pyRdfa/transform
copying rdflib/plugins/parsers/pyRdfa/transform/OpenID.py -> build/lib/rdflib/plugins/parsers/pyRdfa/transform
copying rdflib/plugins/parsers/pyRdfa/transform/lite.py -> build/lib/rdflib/plugins/parsers/pyRdfa/transform
copying rdflib/plugins/parsers/pyRdfa/transform/prototype.py -> build/lib/rdflib/plugins/parsers/pyRdfa/transform
creating build/lib/rdflib/plugins/parsers/pyRdfa/extras
copying rdflib/plugins/parsers/pyRdfa/extras/httpheader.py -> build/lib/rdflib/plugins/parsers/pyRdfa/extras
copying rdflib/plugins/parsers/pyRdfa/extras/__init__.py -> build/lib/rdflib/plugins/parsers/pyRdfa/extras
creating build/lib/rdflib/plugins/parsers/pyRdfa/host
copying rdflib/plugins/parsers/pyRdfa/host/__init__.py -> build/lib/rdflib/plugins/parsers/pyRdfa/host
copying rdflib/plugins/parsers/pyRdfa/host/html5.py -> build/lib/rdflib/plugins/parsers/pyRdfa/host
copying rdflib/plugins/parsers/pyRdfa/host/atom.py -> build/lib/rdflib/plugins/parsers/pyRdfa/host
creating build/lib/rdflib/plugins/parsers/pyRdfa/rdfs
copying rdflib/plugins/parsers/pyRdfa/rdfs/process.py -> build/lib/rdflib/plugins/parsers/pyRdfa/rdfs
copying rdflib/plugins/parsers/pyRdfa/rdfs/cache.py -> build/lib/rdflib/plugins/parsers/pyRdfa/rdfs
copying rdflib/plugins/parsers/pyRdfa/rdfs/__init__.py -> build/lib/rdflib/plugins/parsers/pyRdfa/rdfs
creating build/lib/rdflib/plugins/parsers/pyMicrodata
copying rdflib/plugins/parsers/pyMicrodata/utils.py -> build/lib/rdflib/plugins/parsers/pyMicrodata
copying rdflib/plugins/parsers/pyMicrodata/registry.py -> build/lib/rdflib/plugins/parsers/pyMicrodata
copying rdflib/plugins/parsers/pyMicrodata/microdata.py -> build/lib/rdflib/plugins/parsers/pyMicrodata
copying rdflib/plugins/parsers/pyMicrodata/__init__.py -> build/lib/rdflib/plugins/parsers/pyMicrodata
creating build/lib/rdflib/plugins/serializers
copying rdflib/plugins/serializers/nt.py -> build/lib/rdflib/plugins/serializers
copying rdflib/plugins/serializers/nquads.py -> build/lib/rdflib/plugins/serializers
copying rdflib/plugins/serializers/trix.py -> build/lib/rdflib/plugins/serializers
copying rdflib/plugins/serializers/__init__.py -> build/lib/rdflib/plugins/serializers
copying rdflib/plugins/serializers/turtle.py -> build/lib/rdflib/plugins/serializers
copying rdflib/plugins/serializers/n3.py -> build/lib/rdflib/plugins/serializers
copying rdflib/plugins/serializers/xmlwriter.py -> build/lib/rdflib/plugins/serializers
copying rdflib/plugins/serializers/rdfxml.py -> build/lib/rdflib/plugins/serializers
copying rdflib/plugins/serializers/trig.py -> build/lib/rdflib/plugins/serializers
creating build/lib/rdflib/plugins/sparql
copying rdflib/plugins/sparql/evalutils.py -> build/lib/rdflib/plugins/sparql
copying rdflib/plugins/sparql/datatypes.py -> build/lib/rdflib/plugins/sparql
copying rdflib/plugins/sparql/compat.py -> build/lib/rdflib/plugins/sparql
copying rdflib/plugins/sparql/sparql.py -> build/lib/rdflib/plugins/sparql
copying rdflib/plugins/sparql/processor.py -> build/lib/rdflib/plugins/sparql
copying rdflib/plugins/sparql/parser.py -> build/lib/rdflib/plugins/sparql
copying rdflib/plugins/sparql/operators.py -> build/lib/rdflib/plugins/sparql
copying rdflib/plugins/sparql/update.py -> build/lib/rdflib/plugins/sparql
copying rdflib/plugins/sparql/parserutils.py -> build/lib/rdflib/plugins/sparql
copying rdflib/plugins/sparql/__init__.py -> build/lib/rdflib/plugins/sparql
copying rdflib/plugins/sparql/aggregates.py -> build/lib/rdflib/plugins/sparql
copying rdflib/plugins/sparql/algebra.py -> build/lib/rdflib/plugins/sparql
copying rdflib/plugins/sparql/evaluate.py -> build/lib/rdflib/plugins/sparql
creating build/lib/rdflib/plugins/sparql/results
copying rdflib/plugins/sparql/results/csvresults.py -> build/lib/rdflib/plugins/sparql/results
copying rdflib/plugins/sparql/results/tsvresults.py -> build/lib/rdflib/plugins/sparql/results
copying rdflib/plugins/sparql/results/txtresults.py -> build/lib/rdflib/plugins/sparql/results
copying rdflib/plugins/sparql/results/xmlresults.py -> build/lib/rdflib/plugins/sparql/results
copying rdflib/plugins/sparql/results/jsonresults.py -> build/lib/rdflib/plugins/sparql/results
copying rdflib/plugins/sparql/results/rdfresults.py -> build/lib/rdflib/plugins/sparql/results
copying rdflib/plugins/sparql/results/__init__.py -> build/lib/rdflib/plugins/sparql/results
copying rdflib/plugins/sparql/results/jsonlayer.py -> build/lib/rdflib/plugins/sparql/results
creating build/lib/rdflib/plugins/stores
copying rdflib/plugins/stores/concurrent.py -> build/lib/rdflib/plugins/stores
copying rdflib/plugins/stores/sparqlstore.py -> build/lib/rdflib/plugins/stores
copying rdflib/plugins/stores/regexmatching.py -> build/lib/rdflib/plugins/stores
copying rdflib/plugins/stores/auditable.py -> build/lib/rdflib/plugins/stores
copying rdflib/plugins/stores/__init__.py -> build/lib/rdflib/plugins/stores
creating build/lib/rdflib/tools
copying rdflib/tools/rdfs2dot.py -> build/lib/rdflib/tools
copying rdflib/tools/rdf2dot.py -> build/lib/rdflib/tools
copying rdflib/tools/rdfpipe.py -> build/lib/rdflib/tools
copying rdflib/tools/csv2rdf.py -> build/lib/rdflib/tools
copying rdflib/tools/__init__.py -> build/lib/rdflib/tools
copying rdflib/tools/graphisomorphism.py -> build/lib/rdflib/tools
running install_lib
creating /home/ubuntu/miniconda/envs/_build/lib/python2.7/site-packages/rdflib
copying build/lib/rdflib/term.py -> /home/ubuntu/miniconda/envs/_build/lib/python2.7/site-packages/rdflib
copying build/lib/rdflib/plugin.py -> /home/ubuntu/miniconda/envs/_build/lib/python2.7/site-packages/rdflib
creating /home/ubuntu/miniconda/envs/_build/lib/python2.7/site-packages/rdflib/extras
copying build/lib/rdflib/extras/describer.py -> /home/ubuntu/miniconda/envs/_build/lib/python2.7/site-packages/rdflib/extras
copying build/lib/rdflib/extras/infixowl.py -> /home/ubuntu/miniconda/envs/_build/lib/python2.7/site-packages/rdflib/extras
copying build/lib/rdflib/extras/cmdlineutils.py -> /home/ubuntu/miniconda/envs/_build/lib/python2.7/site-packages/rdflib/extras
copying build/lib/rdflib/extras/__init__.py -> /home/ubuntu/miniconda/envs/_build/lib/python2.7/site-packages/rdflib/extras
copying build/lib/rdflib/store.py -> /home/ubuntu/miniconda/envs/_build/lib/python2.7/site-packages/rdflib
copying build/lib/rdflib/graph.py -> /home/ubuntu/miniconda/envs/_build/lib/python2.7/site-packages/rdflib
copying build/lib/rdflib/py3compat.py -> /home/ubuntu/miniconda/envs/_build/lib/python2.7/site-packages/rdflib
copying build/lib/rdflib/compat.py -> /home/ubuntu/miniconda/envs/_build/lib/python2.7/site-packages/rdflib
copying build/lib/rdflib/paths.py -> /home/ubuntu/miniconda/envs/_build/lib/python2.7/site-packages/rdflib
copying build/lib/rdflib/compare.py -> /home/ubuntu/miniconda/envs/_build/lib/python2.7/site-packages/rdflib
copying build/lib/rdflib/resource.py -> /home/ubuntu/miniconda/envs/_build/lib/python2.7/site-packages/rdflib
copying build/lib/rdflib/parser.py -> /home/ubuntu/miniconda/envs/_build/lib/python2.7/site-packages/rdflib
copying build/lib/rdflib/collection.py -> /home/ubuntu/miniconda/envs/_build/lib/python2.7/site-packages/rdflib
creating /home/ubuntu/miniconda/envs/_build/lib/python2.7/site-packages/rdflib/plugins
creating /home/ubuntu/miniconda/envs/_build/lib/python2.7/site-packages/rdflib/plugins/stores
copying build/lib/rdflib/plugins/stores/concurrent.py -> /home/ubuntu/miniconda/envs/_build/lib/python2.7/site-packages/rdflib/plugins/stores
copying build/lib/rdflib/plugins/stores/sparqlstore.py -> /home/ubuntu/miniconda/envs/_build/lib/python2.7/site-packages/rdflib/plugins/stores
copying build/lib/rdflib/plugins/stores/regexmatching.py -> /home/ubuntu/miniconda/envs/_build/lib/python2.7/site-packages/rdflib/plugins/stores
copying build/lib/rdflib/plugins/stores/auditable.py -> /home/ubuntu/miniconda/envs/_build/lib/python2.7/site-packages/rdflib/plugins/stores
copying build/lib/rdflib/plugins/stores/__init__.py -> /home/ubuntu/miniconda/envs/_build/lib/python2.7/site-packages/rdflib/plugins/stores
copying build/lib/rdflib/plugins/memory.py -> /home/ubuntu/miniconda/envs/_build/lib/python2.7/site-packages/rdflib/plugins
copying build/lib/rdflib/plugins/sleepycat.py -> /home/ubuntu/miniconda/envs/_build/lib/python2.7/site-packages/rdflib/plugins
creating /home/ubuntu/miniconda/envs/_build/lib/python2.7/site-packages/rdflib/plugins/parsers
copying build/lib/rdflib/plugins/parsers/ntriples.py -> /home/ubuntu/miniconda/envs/_build/lib/python2.7/site-packages/rdflib/plugins/parsers
creating /home/ubuntu/miniconda/envs/_build/lib/python2.7/site-packages/rdflib/plugins/parsers/pyRdfa
copying build/lib/rdflib/plugins/parsers/pyRdfa/parse.py -> /home/ubuntu/miniconda/envs/_build/lib/python2.7/site-packages/rdflib/plugins/parsers/pyRdfa
copying build/lib/rdflib/plugins/parsers/pyRdfa/initialcontext.py -> /home/ubuntu/miniconda/envs/_build/lib/python2.7/site-packages/rdflib/plugins/parsers/pyRdfa
copying build/lib/rdflib/plugins/parsers/pyRdfa/utils.py -> /home/ubuntu/miniconda/envs/_build/lib/python2.7/site-packages/rdflib/plugins/parsers/pyRdfa
creating /home/ubuntu/miniconda/envs/_build/lib/python2.7/site-packages/rdflib/plugins/parsers/pyRdfa/extras
copying build/lib/rdflib/plugins/parsers/pyRdfa/extras/httpheader.py -> /home/ubuntu/miniconda/envs/_build/lib/python2.7/site-packages/rdflib/plugins/parsers/pyRdfa/extras
copying build/lib/rdflib/plugins/parsers/pyRdfa/extras/__init__.py -> /home/ubuntu/miniconda/envs/_build/lib/python2.7/site-packages/rdflib/plugins/parsers/pyRdfa/extras
creating /home/ubuntu/miniconda/envs/_build/lib/python2.7/site-packages/rdflib/plugins/parsers/pyRdfa/rdfs
copying build/lib/rdflib/plugins/parsers/pyRdfa/rdfs/process.py -> /home/ubuntu/miniconda/envs/_build/lib/python2.7/site-packages/rdflib/plugins/parsers/pyRdfa/rdfs
copying build/lib/rdflib/plugins/parsers/pyRdfa/rdfs/cache.py -> /home/ubuntu/miniconda/envs/_build/lib/python2.7/site-packages/rdflib/plugins/parsers/pyRdfa/rdfs
copying build/lib/rdflib/plugins/parsers/pyRdfa/rdfs/__init__.py -> /home/ubuntu/miniconda/envs/_build/lib/python2.7/site-packages/rdflib/plugins/parsers/pyRdfa/rdfs
copying build/lib/rdflib/plugins/parsers/pyRdfa/termorcurie.py -> /home/ubuntu/miniconda/envs/_build/lib/python2.7/site-packages/rdflib/plugins/parsers/pyRdfa
copying build/lib/rdflib/plugins/parsers/pyRdfa/options.py -> /home/ubuntu/miniconda/envs/_build/lib/python2.7/site-packages/rdflib/plugins/parsers/pyRdfa
creating /home/ubuntu/miniconda/envs/_build/lib/python2.7/site-packages/rdflib/plugins/parsers/pyRdfa/transform
copying build/lib/rdflib/plugins/parsers/pyRdfa/transform/DublinCore.py -> /home/ubuntu/miniconda/envs/_build/lib/python2.7/site-packages/rdflib/plugins/parsers/pyRdfa/transform
copying build/lib/rdflib/plugins/parsers/pyRdfa/transform/metaname.py -> /home/ubuntu/miniconda/envs/_build/lib/python2.7/site-packages/rdflib/plugins/parsers/pyRdfa/transform
copying build/lib/rdflib/plugins/parsers/pyRdfa/transform/__init__.py -> /home/ubuntu/miniconda/envs/_build/lib/python2.7/site-packages/rdflib/plugins/parsers/pyRdfa/transform
copying build/lib/rdflib/plugins/parsers/pyRdfa/transform/OpenID.py -> /home/ubuntu/miniconda/envs/_build/lib/python2.7/site-packages/rdflib/plugins/parsers/pyRdfa/transform
copying build/lib/rdflib/plugins/parsers/pyRdfa/transform/lite.py -> /home/ubuntu/miniconda/envs/_build/lib/python2.7/site-packages/rdflib/plugins/parsers/pyRdfa/transform
copying build/lib/rdflib/plugins/parsers/pyRdfa/transform/prototype.py -> /home/ubuntu/miniconda/envs/_build/lib/python2.7/site-packages/rdflib/plugins/parsers/pyRdfa/transform
copying build/lib/rdflib/plugins/parsers/pyRdfa/embeddedRDF.py -> /home/ubuntu/miniconda/envs/_build/lib/python2.7/site-packages/rdflib/plugins/parsers/pyRdfa
copying build/lib/rdflib/plugins/parsers/pyRdfa/__init__.py -> /home/ubuntu/miniconda/envs/_build/lib/python2.7/site-packages/rdflib/plugins/parsers/pyRdfa
creating /home/ubuntu/miniconda/envs/_build/lib/python2.7/site-packages/rdflib/plugins/parsers/pyRdfa/host
copying build/lib/rdflib/plugins/parsers/pyRdfa/host/__init__.py -> /home/ubuntu/miniconda/envs/_build/lib/python2.7/site-packages/rdflib/plugins/parsers/pyRdfa/host
copying build/lib/rdflib/plugins/parsers/pyRdfa/host/html5.py -> /home/ubuntu/miniconda/envs/_build/lib/python2.7/site-packages/rdflib/plugins/parsers/pyRdfa/host
copying build/lib/rdflib/plugins/parsers/pyRdfa/host/atom.py -> /home/ubuntu/miniconda/envs/_build/lib/python2.7/site-packages/rdflib/plugins/parsers/pyRdfa/host
copying build/lib/rdflib/plugins/parsers/pyRdfa/property.py -> /home/ubuntu/miniconda/envs/_build/lib/python2.7/site-packages/rdflib/plugins/parsers/pyRdfa
copying build/lib/rdflib/plugins/parsers/pyRdfa/state.py -> /home/ubuntu/miniconda/envs/_build/lib/python2.7/site-packages/rdflib/plugins/parsers/pyRdfa
creating /home/ubuntu/miniconda/envs/_build/lib/python2.7/site-packages/rdflib/plugins/parsers/pyMicrodata
copying build/lib/rdflib/plugins/parsers/pyMicrodata/utils.py -> /home/ubuntu/miniconda/envs/_build/lib/python2.7/site-packages/rdflib/plugins/parsers/pyMicrodata
copying build/lib/rdflib/plugins/parsers/pyMicrodata/registry.py -> /home/ubuntu/miniconda/envs/_build/lib/python2.7/site-packages/rdflib/plugins/parsers/pyMicrodata
copying build/lib/rdflib/plugins/parsers/pyMicrodata/microdata.py -> /home/ubuntu/miniconda/envs/_build/lib/python2.7/site-packages/rdflib/plugins/parsers/pyMicrodata
copying build/lib/rdflib/plugins/parsers/pyMicrodata/__init__.py -> /home/ubuntu/miniconda/envs/_build/lib/python2.7/site-packages/rdflib/plugins/parsers/pyMicrodata
copying build/lib/rdflib/plugins/parsers/notation3.py -> /home/ubuntu/miniconda/envs/_build/lib/python2.7/site-packages/rdflib/plugins/parsers
copying build/lib/rdflib/plugins/parsers/nt.py -> /home/ubuntu/miniconda/envs/_build/lib/python2.7/site-packages/rdflib/plugins/parsers
copying build/lib/rdflib/plugins/parsers/nquads.py -> /home/ubuntu/miniconda/envs/_build/lib/python2.7/site-packages/rdflib/plugins/parsers
copying build/lib/rdflib/plugins/parsers/hturtle.py -> /home/ubuntu/miniconda/envs/_build/lib/python2.7/site-packages/rdflib/plugins/parsers
copying build/lib/rdflib/plugins/parsers/trix.py -> /home/ubuntu/miniconda/envs/_build/lib/python2.7/site-packages/rdflib/plugins/parsers
copying build/lib/rdflib/plugins/parsers/__init__.py -> /home/ubuntu/miniconda/envs/_build/lib/python2.7/site-packages/rdflib/plugins/parsers
copying build/lib/rdflib/plugins/parsers/structureddata.py -> /home/ubuntu/miniconda/envs/_build/lib/python2.7/site-packages/rdflib/plugins/parsers
copying build/lib/rdflib/plugins/parsers/rdfxml.py -> /home/ubuntu/miniconda/envs/_build/lib/python2.7/site-packages/rdflib/plugins/parsers
copying build/lib/rdflib/plugins/parsers/trig.py -> /home/ubuntu/miniconda/envs/_build/lib/python2.7/site-packages/rdflib/plugins/parsers
copying build/lib/rdflib/plugins/__init__.py -> /home/ubuntu/miniconda/envs/_build/lib/python2.7/site-packages/rdflib/plugins
creating /home/ubuntu/miniconda/envs/_build/lib/python2.7/site-packages/rdflib/plugins/serializers
copying build/lib/rdflib/plugins/serializers/nt.py -> /home/ubuntu/miniconda/envs/_build/lib/python2.7/site-packages/rdflib/plugins/serializers
copying build/lib/rdflib/plugins/serializers/nquads.py -> /home/ubuntu/miniconda/envs/_build/lib/python2.7/site-packages/rdflib/plugins/serializers
copying build/lib/rdflib/plugins/serializers/trix.py -> /home/ubuntu/miniconda/envs/_build/lib/python2.7/site-packages/rdflib/plugins/serializers
copying build/lib/rdflib/plugins/serializers/__init__.py -> /home/ubuntu/miniconda/envs/_build/lib/python2.7/site-packages/rdflib/plugins/serializers
copying build/lib/rdflib/plugins/serializers/turtle.py -> /home/ubuntu/miniconda/envs/_build/lib/python2.7/site-packages/rdflib/plugins/serializers
copying build/lib/rdflib/plugins/serializers/n3.py -> /home/ubuntu/miniconda/envs/_build/lib/python2.7/site-packages/rdflib/plugins/serializers
copying build/lib/rdflib/plugins/serializers/xmlwriter.py -> /home/ubuntu/miniconda/envs/_build/lib/python2.7/site-packages/rdflib/plugins/serializers
copying build/lib/rdflib/plugins/serializers/rdfxml.py -> /home/ubuntu/miniconda/envs/_build/lib/python2.7/site-packages/rdflib/plugins/serializers
copying build/lib/rdflib/plugins/serializers/trig.py -> /home/ubuntu/miniconda/envs/_build/lib/python2.7/site-packages/rdflib/plugins/serializers
creating /home/ubuntu/miniconda/envs/_build/lib/python2.7/site-packages/rdflib/plugins/sparql
copying build/lib/rdflib/plugins/sparql/evalutils.py -> /home/ubuntu/miniconda/envs/_build/lib/python2.7/site-packages/rdflib/plugins/sparql
copying build/lib/rdflib/plugins/sparql/datatypes.py -> /home/ubuntu/miniconda/envs/_build/lib/python2.7/site-packages/rdflib/plugins/sparql
copying build/lib/rdflib/plugins/sparql/compat.py -> /home/ubuntu/miniconda/envs/_build/lib/python2.7/site-packages/rdflib/plugins/sparql
copying build/lib/rdflib/plugins/sparql/sparql.py -> /home/ubuntu/miniconda/envs/_build/lib/python2.7/site-packages/rdflib/plugins/sparql
copying build/lib/rdflib/plugins/sparql/processor.py -> /home/ubuntu/miniconda/envs/_build/lib/python2.7/site-packages/rdflib/plugins/sparql
copying build/lib/rdflib/plugins/sparql/parser.py -> /home/ubuntu/miniconda/envs/_build/lib/python2.7/site-packages/rdflib/plugins/sparql
copying build/lib/rdflib/plugins/sparql/operators.py -> /home/ubuntu/miniconda/envs/_build/lib/python2.7/site-packages/rdflib/plugins/sparql
copying build/lib/rdflib/plugins/sparql/update.py -> /home/ubuntu/miniconda/envs/_build/lib/python2.7/site-packages/rdflib/plugins/sparql
copying build/lib/rdflib/plugins/sparql/parserutils.py -> /home/ubuntu/miniconda/envs/_build/lib/python2.7/site-packages/rdflib/plugins/sparql
creating /home/ubuntu/miniconda/envs/_build/lib/python2.7/site-packages/rdflib/plugins/sparql/results
copying build/lib/rdflib/plugins/sparql/results/csvresults.py -> /home/ubuntu/miniconda/envs/_build/lib/python2.7/site-packages/rdflib/plugins/sparql/results
copying build/lib/rdflib/plugins/sparql/results/tsvresults.py -> /home/ubuntu/miniconda/envs/_build/lib/python2.7/site-packages/rdflib/plugins/sparql/results
copying build/lib/rdflib/plugins/sparql/results/txtresults.py -> /home/ubuntu/miniconda/envs/_build/lib/python2.7/site-packages/rdflib/plugins/sparql/results
copying build/lib/rdflib/plugins/sparql/results/xmlresults.py -> /home/ubuntu/miniconda/envs/_build/lib/python2.7/site-packages/rdflib/plugins/sparql/results
copying build/lib/rdflib/plugins/sparql/results/jsonresults.py -> /home/ubuntu/miniconda/envs/_build/lib/python2.7/site-packages/rdflib/plugins/sparql/results
copying build/lib/rdflib/plugins/sparql/results/rdfresults.py -> /home/ubuntu/miniconda/envs/_build/lib/python2.7/site-packages/rdflib/plugins/sparql/results
copying build/lib/rdflib/plugins/sparql/results/__init__.py -> /home/ubuntu/miniconda/envs/_build/lib/python2.7/site-packages/rdflib/plugins/sparql/results
copying build/lib/rdflib/plugins/sparql/results/jsonlayer.py -> /home/ubuntu/miniconda/envs/_build/lib/python2.7/site-packages/rdflib/plugins/sparql/results
copying build/lib/rdflib/plugins/sparql/__init__.py -> /home/ubuntu/miniconda/envs/_build/lib/python2.7/site-packages/rdflib/plugins/sparql
copying build/lib/rdflib/plugins/sparql/aggregates.py -> /home/ubuntu/miniconda/envs/_build/lib/python2.7/site-packages/rdflib/plugins/sparql
copying build/lib/rdflib/plugins/sparql/algebra.py -> /home/ubuntu/miniconda/envs/_build/lib/python2.7/site-packages/rdflib/plugins/sparql
copying build/lib/rdflib/plugins/sparql/evaluate.py -> /home/ubuntu/miniconda/envs/_build/lib/python2.7/site-packages/rdflib/plugins/sparql
copying build/lib/rdflib/void.py -> /home/ubuntu/miniconda/envs/_build/lib/python2.7/site-packages/rdflib
copying build/lib/rdflib/query.py -> /home/ubuntu/miniconda/envs/_build/lib/python2.7/site-packages/rdflib
copying build/lib/rdflib/events.py -> /home/ubuntu/miniconda/envs/_build/lib/python2.7/site-packages/rdflib
copying build/lib/rdflib/util.py -> /home/ubuntu/miniconda/envs/_build/lib/python2.7/site-packages/rdflib
copying build/lib/rdflib/namespace.py -> /home/ubuntu/miniconda/envs/_build/lib/python2.7/site-packages/rdflib
copying build/lib/rdflib/__init__.py -> /home/ubuntu/miniconda/envs/_build/lib/python2.7/site-packages/rdflib
creating /home/ubuntu/miniconda/envs/_build/lib/python2.7/site-packages/rdflib/tools
copying build/lib/rdflib/tools/rdfs2dot.py -> /home/ubuntu/miniconda/envs/_build/lib/python2.7/site-packages/rdflib/tools
copying build/lib/rdflib/tools/rdf2dot.py -> /home/ubuntu/miniconda/envs/_build/lib/python2.7/site-packages/rdflib/tools
copying build/lib/rdflib/tools/rdfpipe.py -> /home/ubuntu/miniconda/envs/_build/lib/python2.7/site-packages/rdflib/tools
copying build/lib/rdflib/tools/csv2rdf.py -> /home/ubuntu/miniconda/envs/_build/lib/python2.7/site-packages/rdflib/tools
copying build/lib/rdflib/tools/__init__.py -> /home/ubuntu/miniconda/envs/_build/lib/python2.7/site-packages/rdflib/tools
copying build/lib/rdflib/tools/graphisomorphism.py -> /home/ubuntu/miniconda/envs/_build/lib/python2.7/site-packages/rdflib/tools
copying build/lib/rdflib/serializer.py -> /home/ubuntu/miniconda/envs/_build/lib/python2.7/site-packages/rdflib
copying build/lib/rdflib/exceptions.py -> /home/ubuntu/miniconda/envs/_build/lib/python2.7/site-packages/rdflib
byte-compiling /home/ubuntu/miniconda/envs/_build/lib/python2.7/site-packages/rdflib/term.py to term.pyc
byte-compiling /home/ubuntu/miniconda/envs/_build/lib/python2.7/site-packages/rdflib/plugin.py to plugin.pyc
byte-compiling /home/ubuntu/miniconda/envs/_build/lib/python2.7/site-packages/rdflib/extras/describer.py to describer.pyc
byte-compiling /home/ubuntu/miniconda/envs/_build/lib/python2.7/site-packages/rdflib/extras/infixowl.py to infixowl.pyc
byte-compiling /home/ubuntu/miniconda/envs/_build/lib/python2.7/site-packages/rdflib/extras/cmdlineutils.py to cmdlineutils.pyc
byte-compiling /home/ubuntu/miniconda/envs/_build/lib/python2.7/site-packages/rdflib/extras/__init__.py to __init__.pyc
byte-compiling /home/ubuntu/miniconda/envs/_build/lib/python2.7/site-packages/rdflib/store.py to store.pyc
byte-compiling /home/ubuntu/miniconda/envs/_build/lib/python2.7/site-packages/rdflib/graph.py to graph.pyc
byte-compiling /home/ubuntu/miniconda/envs/_build/lib/python2.7/site-packages/rdflib/py3compat.py to py3compat.pyc
byte-compiling /home/ubuntu/miniconda/envs/_build/lib/python2.7/site-packages/rdflib/compat.py to compat.pyc
byte-compiling /home/ubuntu/miniconda/envs/_build/lib/python2.7/site-packages/rdflib/paths.py to paths.pyc
byte-compiling /home/ubuntu/miniconda/envs/_build/lib/python2.7/site-packages/rdflib/compare.py to compare.pyc
byte-compiling /home/ubuntu/miniconda/envs/_build/lib/python2.7/site-packages/rdflib/resource.py to resource.pyc
byte-compiling /home/ubuntu/miniconda/envs/_build/lib/python2.7/site-packages/rdflib/parser.py to parser.pyc
byte-compiling /home/ubuntu/miniconda/envs/_build/lib/python2.7/site-packages/rdflib/collection.py to collection.pyc
byte-compiling /home/ubuntu/miniconda/envs/_build/lib/python2.7/site-packages/rdflib/plugins/stores/concurrent.py to concurrent.pyc
byte-compiling /home/ubuntu/miniconda/envs/_build/lib/python2.7/site-packages/rdflib/plugins/stores/sparqlstore.py to sparqlstore.pyc
byte-compiling /home/ubuntu/miniconda/envs/_build/lib/python2.7/site-packages/rdflib/plugins/stores/regexmatching.py to regexmatching.pyc
byte-compiling /home/ubuntu/miniconda/envs/_build/lib/python2.7/site-packages/rdflib/plugins/stores/auditable.py to auditable.pyc
byte-compiling /home/ubuntu/miniconda/envs/_build/lib/python2.7/site-packages/rdflib/plugins/stores/__init__.py to __init__.pyc
byte-compiling /home/ubuntu/miniconda/envs/_build/lib/python2.7/site-packages/rdflib/plugins/memory.py to memory.pyc
byte-compiling /home/ubuntu/miniconda/envs/_build/lib/python2.7/site-packages/rdflib/plugins/sleepycat.py to sleepycat.pyc
byte-compiling /home/ubuntu/miniconda/envs/_build/lib/python2.7/site-packages/rdflib/plugins/parsers/ntriples.py to ntriples.pyc
byte-compiling /home/ubuntu/miniconda/envs/_build/lib/python2.7/site-packages/rdflib/plugins/parsers/pyRdfa/parse.py to parse.pyc
byte-compiling /home/ubuntu/miniconda/envs/_build/lib/python2.7/site-packages/rdflib/plugins/parsers/pyRdfa/initialcontext.py to initialcontext.pyc
byte-compiling /home/ubuntu/miniconda/envs/_build/lib/python2.7/site-packages/rdflib/plugins/parsers/pyRdfa/utils.py to utils.pyc
byte-compiling /home/ubuntu/miniconda/envs/_build/lib/python2.7/site-packages/rdflib/plugins/parsers/pyRdfa/extras/httpheader.py to httpheader.pyc
byte-compiling /home/ubuntu/miniconda/envs/_build/lib/python2.7/site-packages/rdflib/plugins/parsers/pyRdfa/extras/__init__.py to __init__.pyc
byte-compiling /home/ubuntu/miniconda/envs/_build/lib/python2.7/site-packages/rdflib/plugins/parsers/pyRdfa/rdfs/process.py to process.pyc
byte-compiling /home/ubuntu/miniconda/envs/_build/lib/python2.7/site-packages/rdflib/plugins/parsers/pyRdfa/rdfs/cache.py to cache.pyc
byte-compiling /home/ubuntu/miniconda/envs/_build/lib/python2.7/site-packages/rdflib/plugins/parsers/pyRdfa/rdfs/__init__.py to __init__.pyc
byte-compiling /home/ubuntu/miniconda/envs/_build/lib/python2.7/site-packages/rdflib/plugins/parsers/pyRdfa/termorcurie.py to termorcurie.pyc
byte-compiling /home/ubuntu/miniconda/envs/_build/lib/python2.7/site-packages/rdflib/plugins/parsers/pyRdfa/options.py to options.pyc
byte-compiling /home/ubuntu/miniconda/envs/_build/lib/python2.7/site-packages/rdflib/plugins/parsers/pyRdfa/transform/DublinCore.py to DublinCore.pyc
byte-compiling /home/ubuntu/miniconda/envs/_build/lib/python2.7/site-packages/rdflib/plugins/parsers/pyRdfa/transform/metaname.py to metaname.pyc
byte-compiling /home/ubuntu/miniconda/envs/_build/lib/python2.7/site-packages/rdflib/plugins/parsers/pyRdfa/transform/__init__.py to __init__.pyc
byte-compiling /home/ubuntu/miniconda/envs/_build/lib/python2.7/site-packages/rdflib/plugins/parsers/pyRdfa/transform/OpenID.py to OpenID.pyc
byte-compiling /home/ubuntu/miniconda/envs/_build/lib/python2.7/site-packages/rdflib/plugins/parsers/pyRdfa/transform/lite.py to lite.pyc
byte-compiling /home/ubuntu/miniconda/envs/_build/lib/python2.7/site-packages/rdflib/plugins/parsers/pyRdfa/transform/prototype.py to prototype.pyc
byte-compiling /home/ubuntu/miniconda/envs/_build/lib/python2.7/site-packages/rdflib/plugins/parsers/pyRdfa/embeddedRDF.py to embeddedRDF.pyc
byte-compiling /home/ubuntu/miniconda/envs/_build/lib/python2.7/site-packages/rdflib/plugins/parsers/pyRdfa/__init__.py to __init__.pyc
byte-compiling /home/ubuntu/miniconda/envs/_build/lib/python2.7/site-packages/rdflib/plugins/parsers/pyRdfa/host/__init__.py to __init__.pyc
byte-compiling /home/ubuntu/miniconda/envs/_build/lib/python2.7/site-packages/rdflib/plugins/parsers/pyRdfa/host/html5.py to html5.pyc
byte-compiling /home/ubuntu/miniconda/envs/_build/lib/python2.7/site-packages/rdflib/plugins/parsers/pyRdfa/host/atom.py to atom.pyc
byte-compiling /home/ubuntu/miniconda/envs/_build/lib/python2.7/site-packages/rdflib/plugins/parsers/pyRdfa/property.py to property.pyc
byte-compiling /home/ubuntu/miniconda/envs/_build/lib/python2.7/site-packages/rdflib/plugins/parsers/pyRdfa/state.py to state.pyc
byte-compiling /home/ubuntu/miniconda/envs/_build/lib/python2.7/site-packages/rdflib/plugins/parsers/pyMicrodata/utils.py to utils.pyc
byte-compiling /home/ubuntu/miniconda/envs/_build/lib/python2.7/site-packages/rdflib/plugins/parsers/pyMicrodata/registry.py to registry.pyc
byte-compiling /home/ubuntu/miniconda/envs/_build/lib/python2.7/site-packages/rdflib/plugins/parsers/pyMicrodata/microdata.py to microdata.pyc
byte-compiling /home/ubuntu/miniconda/envs/_build/lib/python2.7/site-packages/rdflib/plugins/parsers/pyMicrodata/__init__.py to __init__.pyc
byte-compiling /home/ubuntu/miniconda/envs/_build/lib/python2.7/site-packages/rdflib/plugins/parsers/notation3.py to notation3.pyc
byte-compiling /home/ubuntu/miniconda/envs/_build/lib/python2.7/site-packages/rdflib/plugins/parsers/nt.py to nt.pyc
byte-compiling /home/ubuntu/miniconda/envs/_build/lib/python2.7/site-packages/rdflib/plugins/parsers/nquads.py to nquads.pyc
byte-compiling /home/ubuntu/miniconda/envs/_build/lib/python2.7/site-packages/rdflib/plugins/parsers/hturtle.py to hturtle.pyc
byte-compiling /home/ubuntu/miniconda/envs/_build/lib/python2.7/site-packages/rdflib/plugins/parsers/trix.py to trix.pyc
byte-compiling /home/ubuntu/miniconda/envs/_build/lib/python2.7/site-packages/rdflib/plugins/parsers/__init__.py to __init__.pyc
byte-compiling /home/ubuntu/miniconda/envs/_build/lib/python2.7/site-packages/rdflib/plugins/parsers/structureddata.py to structureddata.pyc
byte-compiling /home/ubuntu/miniconda/envs/_build/lib/python2.7/site-packages/rdflib/plugins/parsers/rdfxml.py to rdfxml.pyc
byte-compiling /home/ubuntu/miniconda/envs/_build/lib/python2.7/site-packages/rdflib/plugins/parsers/trig.py to trig.pyc
byte-compiling /home/ubuntu/miniconda/envs/_build/lib/python2.7/site-packages/rdflib/plugins/__init__.py to __init__.pyc
byte-compiling /home/ubuntu/miniconda/envs/_build/lib/python2.7/site-packages/rdflib/plugins/serializers/nt.py to nt.pyc
byte-compiling /home/ubuntu/miniconda/envs/_build/lib/python2.7/site-packages/rdflib/plugins/serializers/nquads.py to nquads.pyc
byte-compiling /home/ubuntu/miniconda/envs/_build/lib/python2.7/site-packages/rdflib/plugins/serializers/trix.py to trix.pyc
byte-compiling /home/ubuntu/miniconda/envs/_build/lib/python2.7/site-packages/rdflib/plugins/serializers/__init__.py to __init__.pyc
byte-compiling /home/ubuntu/miniconda/envs/_build/lib/python2.7/site-packages/rdflib/plugins/serializers/turtle.py to turtle.pyc
byte-compiling /home/ubuntu/miniconda/envs/_build/lib/python2.7/site-packages/rdflib/plugins/serializers/n3.py to n3.pyc
byte-compiling /home/ubuntu/miniconda/envs/_build/lib/python2.7/site-packages/rdflib/plugins/serializers/xmlwriter.py to xmlwriter.pyc
byte-compiling /home/ubuntu/miniconda/envs/_build/lib/python2.7/site-packages/rdflib/plugins/serializers/rdfxml.py to rdfxml.pyc
byte-compiling /home/ubuntu/miniconda/envs/_build/lib/python2.7/site-packages/rdflib/plugins/serializers/trig.py to trig.pyc
byte-compiling /home/ubuntu/miniconda/envs/_build/lib/python2.7/site-packages/rdflib/plugins/sparql/evalutils.py to evalutils.pyc
byte-compiling /home/ubuntu/miniconda/envs/_build/lib/python2.7/site-packages/rdflib/plugins/sparql/datatypes.py to datatypes.pyc
byte-compiling /home/ubuntu/miniconda/envs/_build/lib/python2.7/site-packages/rdflib/plugins/sparql/compat.py to compat.pyc
byte-compiling /home/ubuntu/miniconda/envs/_build/lib/python2.7/site-packages/rdflib/plugins/sparql/sparql.py to sparql.pyc
byte-compiling /home/ubuntu/miniconda/envs/_build/lib/python2.7/site-packages/rdflib/plugins/sparql/processor.py to processor.pyc
byte-compiling /home/ubuntu/miniconda/envs/_build/lib/python2.7/site-packages/rdflib/plugins/sparql/parser.py to parser.pyc
byte-compiling /home/ubuntu/miniconda/envs/_build/lib/python2.7/site-packages/rdflib/plugins/sparql/operators.py to operators.pyc
byte-compiling /home/ubuntu/miniconda/envs/_build/lib/python2.7/site-packages/rdflib/plugins/sparql/update.py to update.pyc
byte-compiling /home/ubuntu/miniconda/envs/_build/lib/python2.7/site-packages/rdflib/plugins/sparql/parserutils.py to parserutils.pyc
byte-compiling /home/ubuntu/miniconda/envs/_build/lib/python2.7/site-packages/rdflib/plugins/sparql/results/csvresults.py to csvresults.pyc
byte-compiling /home/ubuntu/miniconda/envs/_build/lib/python2.7/site-packages/rdflib/plugins/sparql/results/tsvresults.py to tsvresults.pyc
byte-compiling /home/ubuntu/miniconda/envs/_build/lib/python2.7/site-packages/rdflib/plugins/sparql/results/txtresults.py to txtresults.pyc
byte-compiling /home/ubuntu/miniconda/envs/_build/lib/python2.7/site-packages/rdflib/plugins/sparql/results/xmlresults.py to xmlresults.pyc
byte-compiling /home/ubuntu/miniconda/envs/_build/lib/python2.7/site-packages/rdflib/plugins/sparql/results/jsonresults.py to jsonresults.pyc
byte-compiling /home/ubuntu/miniconda/envs/_build/lib/python2.7/site-packages/rdflib/plugins/sparql/results/rdfresults.py to rdfresults.pyc
byte-compiling /home/ubuntu/miniconda/envs/_build/lib/python2.7/site-packages/rdflib/plugins/sparql/results/__init__.py to __init__.pyc
byte-compiling /home/ubuntu/miniconda/envs/_build/lib/python2.7/site-packages/rdflib/plugins/sparql/results/jsonlayer.py to jsonlayer.pyc
byte-compiling /home/ubuntu/miniconda/envs/_build/lib/python2.7/site-packages/rdflib/plugins/sparql/__init__.py to __init__.pyc
byte-compiling /home/ubuntu/miniconda/envs/_build/lib/python2.7/site-packages/rdflib/plugins/sparql/aggregates.py to aggregates.pyc
byte-compiling /home/ubuntu/miniconda/envs/_build/lib/python2.7/site-packages/rdflib/plugins/sparql/algebra.py to algebra.pyc
byte-compiling /home/ubuntu/miniconda/envs/_build/lib/python2.7/site-packages/rdflib/plugins/sparql/evaluate.py to evaluate.pyc
byte-compiling /home/ubuntu/miniconda/envs/_build/lib/python2.7/site-packages/rdflib/void.py to void.pyc
byte-compiling /home/ubuntu/miniconda/envs/_build/lib/python2.7/site-packages/rdflib/query.py to query.pyc
byte-compiling /home/ubuntu/miniconda/envs/_build/lib/python2.7/site-packages/rdflib/events.py to events.pyc
byte-compiling /home/ubuntu/miniconda/envs/_build/lib/python2.7/site-packages/rdflib/util.py to util.pyc
byte-compiling /home/ubuntu/miniconda/envs/_build/lib/python2.7/site-packages/rdflib/namespace.py to namespace.pyc
byte-compiling /home/ubuntu/miniconda/envs/_build/lib/python2.7/site-packages/rdflib/__init__.py to __init__.pyc
byte-compiling /home/ubuntu/miniconda/envs/_build/lib/python2.7/site-packages/rdflib/tools/rdfs2dot.py to rdfs2dot.pyc
byte-compiling /home/ubuntu/miniconda/envs/_build/lib/python2.7/site-packages/rdflib/tools/rdf2dot.py to rdf2dot.pyc
byte-compiling /home/ubuntu/miniconda/envs/_build/lib/python2.7/site-packages/rdflib/tools/rdfpipe.py to rdfpipe.pyc
byte-compiling /home/ubuntu/miniconda/envs/_build/lib/python2.7/site-packages/rdflib/tools/csv2rdf.py to csv2rdf.pyc
byte-compiling /home/ubuntu/miniconda/envs/_build/lib/python2.7/site-packages/rdflib/tools/__init__.py to __init__.pyc
byte-compiling /home/ubuntu/miniconda/envs/_build/lib/python2.7/site-packages/rdflib/tools/graphisomorphism.py to graphisomorphism.pyc
byte-compiling /home/ubuntu/miniconda/envs/_build/lib/python2.7/site-packages/rdflib/serializer.py to serializer.pyc
byte-compiling /home/ubuntu/miniconda/envs/_build/lib/python2.7/site-packages/rdflib/exceptions.py to exceptions.pyc
running install_egg_info
Writing /home/ubuntu/miniconda/envs/_build/lib/python2.7/site-packages/rdflib-4.2.0-py2.7.egg-info

The following NEW packages will be INSTALLED:

    openssl:    1.0.1k-1     
    pip:        7.0.3-py27_0 
    python:     2.7.10-0     
    readline:   6.2-2        
    setuptools: 17.1.1-py27_0
    sqlite:     3.8.4.1-1    
    system:     5.8-2        
    tk:         8.5.18-0     
    zlib:       1.2.8-0      

Linking packages ...
[                    ]|                                                  |   0%[openssl             ]|                                                  |   0%[readline            ]|#####                                             |  11%[sqlite              ]|###########                                       |  22%[system              ]|################                                  |  33%[tk                  ]|######################                            |  44%[zlib                ]|###########################                       |  55%[python              ]|#################################                 |  66%[setuptools          ]|######################################            |  77%[pip                 ]|############################################      |  88%[      COMPLETE      ]|##################################################| 100%
Removing old work directory
Source cache directory is: /home/ubuntu/miniconda/conda-bld/src_cache
Found source in cache: rdflib-4.2.0.tar.gz
Extracting download
Package: rdflib-4.2.0-py_0
source tree in: /home/ubuntu/miniconda/conda-bld/work/rdflib-4.2.0
number of files: 214
Fixing permissions
Fixing permissions
BUILD END: rdflib-4.2.0-py_0
TEST START: rdflib-4.2.0-py_0
Fetching package metadata: ......
Solving package specifications: .  File "/home/ubuntu/miniconda/conda-bld/test-tmp_dir/run_test.py", line 28
    import rdflib/extras
                 ^
SyntaxError: invalid syntax

The following packages will be downloaded:

    package                    |            build
    ---------------------------|-----------------
    rdflib-4.2.0               |             py_0         305 KB

The following NEW packages will be INSTALLED:

    openssl:    1.0.1k-1     
    pip:        7.0.3-py27_0 
    python:     2.7.10-0     
    rdflib:     4.2.0-py_0   
    readline:   6.2-2        
    setuptools: 17.1.1-py27_0
    sqlite:     3.8.4.1-1    
    system:     5.8-2        
    tk:         8.5.18-0     
    zlib:       1.2.8-0      

Fetching packages ...
rdflib-4.2.0-p   0% |                              | ETA:  --:--:--   0.00  B/srdflib-4.2.0-p   5% |#                              | ETA:  0:00:00  41.80 MB/srdflib-4.2.0-p  10% |###                            | ETA:  0:00:00  53.54 MB/srdflib-4.2.0-p  15% |####                           | ETA:  0:00:00  60.90 MB/srdflib-4.2.0-p  20% |######                         | ETA:  0:00:00  65.87 MB/srdflib-4.2.0-p  26% |########                       | ETA:  0:00:00  69.43 MB/srdflib-4.2.0-p  31% |#########                      | ETA:  0:00:00  71.81 MB/srdflib-4.2.0-p  36% |###########                    | ETA:  0:00:00  73.85 MB/srdflib-4.2.0-p  41% |#############                  | ETA:  0:00:00  75.55 MB/srdflib-4.2.0-p  47% |##############                 | ETA:  0:00:00  76.84 MB/srdflib-4.2.0-p  52% |################               | ETA:  0:00:00  78.02 MB/srdflib-4.2.0-p  57% |#################              | ETA:  0:00:00  78.87 MB/srdflib-4.2.0-p  62% |###################            | ETA:  0:00:00  79.76 MB/srdflib-4.2.0-p  68% |#####################          | ETA:  0:00:00  80.43 MB/srdflib-4.2.0-p  73% |######################         | ETA:  0:00:00  81.14 MB/srdflib-4.2.0-p  78% |########################       | ETA:  0:00:00  81.73 MB/srdflib-4.2.0-p  83% |##########################     | ETA:  0:00:00  82.30 MB/srdflib-4.2.0-p  89% |###########################    | ETA:  0:00:00  82.62 MB/srdflib-4.2.0-p  94% |#############################  | ETA:  0:00:00  83.09 MB/srdflib-4.2.0-p  99% |############################## | ETA:  0:00:00  83.53 MB/srdflib-4.2.0-p 100% |###############################| Time: 0:00:00  77.98 MB/s
Extracting packages ...
[      COMPLETE      ]|                                                  |   0%[rdflib              ]|                                                  |   0%[rdflib              ]|                                                  |   0%[      COMPLETE      ]|##################################################| 100%
Linking packages ...
[      COMPLETE      ]|                                                  |   0%[openssl             ]|                                                  |   0%[openssl             ]|                                                  |   0%[readline            ]|#####                                             |  10%[sqlite              ]|##########                                        |  20%[system              ]|###############                                   |  30%[tk                  ]|####################                              |  40%[zlib                ]|#########################                         |  50%[python              ]|##############################                    |  60%[rdflib              ]|###################################               |  70%[setuptools          ]|########################################          |  80%[pip                 ]|#############################################     |  90%[      COMPLETE      ]|##################################################| 100%
TESTS FAILED: rdflib-4.2.0-py_0
