Warning, the following versions were found for rednose
0.4.3
0.4.2
0.4.1
0.4.0
0.3.3
0.3.2
0.3.1
0.3
0.2.6
0.2.5
0.2.4
0.2.3
0.2.2
0.2.1
0.2
0.1.5
0.1.4
0.1.3
0.1.2
0.1.1
0.1
Using 0.4.3
Use --version to specify a different version.
Using url https://pypi.python.org/packages/source/r/rednose/rednose-0.4.3.tar.gz (6 KB) for rednose.
Downloading rednose (use --no-download to skip this step)
Unpacking rednose...
done
working in /tmp/tmpC0Ww9Hconda_skeleton_rednose-0.4.3.tar.gz
Fetching package metadata: ......
Solving package specifications: .patching file core.py
Hunk #1 succeeded at 168 with fuzz 2 (offset 2 lines).
Traceback (most recent call last):
  File "setup.py", line 7, in <module>
    from setuptools import *
ImportError: No module named setuptools

The following NEW packages will be INSTALLED:

    numpy:  1.9.2-py27_0
    pyyaml: 3.11-py27_0 

Linking packages ...
[                    ]|                                                  |   0%[numpy               ]|                                                  |   0%[pyyaml              ]|#########################                         |  50%[      COMPLETE      ]|##################################################| 100%
Applying patch: '/tmp/tmpC0Ww9Hconda_skeleton_rednose-0.4.3.tar.gz/pypi-distutils.patch'
$PYTHONPATH = /tmp/tmpC0Ww9Hconda_skeleton_rednose-0.4.3.tar.gz/rednose-0.4.3
Error: command failed: /home/ubuntu/miniconda/envs/_build/bin/python setup.py install
