Warning, the following versions were found for redshift-sqlalchemy
0.4.1
0.4
0.3.3
0.3.2
0.3.1
0.3
0.2.1
0.2
0.1
Using 0.4.1
Use --version to specify a different version.
Using url https://pypi.python.org/packages/source/r/redshift-sqlalchemy/redshift-sqlalchemy-0.4.1.tar.gz (3 KB) for redshift-sqlalchemy.
Downloading redshift-sqlalchemy (use --no-download to skip this step)
Using cached download
Unpacking redshift-sqlalchemy...
done
working in /tmp/tmpCzilF9conda_skeleton_redshift-sqlalchemy-0.4.1.tar.gz
Fetching package metadata: ......
Solving package specifications: .patching file core.py
Hunk #1 succeeded at 168 with fuzz 2 (offset 2 lines).
Traceback (most recent call last):
  File "setup.py", line 1, in <module>
    from setuptools import setup
ImportError: No module named setuptools

Applying patch: '/tmp/tmpCzilF9conda_skeleton_redshift-sqlalchemy-0.4.1.tar.gz/pypi-distutils.patch'
$PYTHONPATH = /tmp/tmpCzilF9conda_skeleton_redshift-sqlalchemy-0.4.1.tar.gz/redshift-sqlalchemy-0.4.1
Error: command failed: /home/ubuntu/miniconda/envs/_build/bin/python setup.py install
