Removing old build directory
Removing old work directory
BUILD START: regex-2015.06.10-py_0
Fetching package metadata: ......
Solving package specifications: .+ pip install regex
Collecting regex
  Downloading http://localhost/packages/source/r/regex/regex-2015.05.10.tar.gz (538kB)
Installing collected packages: regex
  Running setup.py install for regex
Successfully installed regex-2015.5.10

The following NEW packages will be INSTALLED:

    openssl:    1.0.1k-1    
    pip:        7.0.3-py27_0
    python:     2.7.10-0    
    readline:   6.2-2       
    setuptools: 17.0-py27_0 
    sqlite:     3.8.4.1-1   
    system:     5.8-2       
    tk:         8.5.18-0    
    zlib:       1.2.8-0     

Linking packages ...
[                    ]|                                                  |   0%[openssl             ]|                                                  |   0%[readline            ]|#####                                             |  11%[sqlite              ]|###########                                       |  22%[system              ]|################                                  |  33%[tk                  ]|######################                            |  44%[zlib                ]|###########################                       |  55%[python              ]|#################################                 |  66%[setuptools          ]|######################################            |  77%[pip                 ]|############################################      |  88%[      COMPLETE      ]|##################################################| 100%
Removing old work directory
Copying /home/ubuntu/pypi-conda-builds/regex to /home/ubuntu/miniconda/conda-bld/work
Package: regex-2015.06.10-py_0
source tree in: /home/ubuntu/miniconda/conda-bld/work
number of files: 12
Fixing permissions
patchelf: file: /home/ubuntu/miniconda/envs/_build/lib/python2.7/site-packages/_regex.so
    setting rpath to: $ORIGIN/../..
[noarch_python] Error: Shared object file found: lib/python2.7/site-packages/_regex.so
Package search: {'_pypi_ordering': False, 'version': '2015.06.10', 'name': 'regex', 'summary': 'Alternative regular expression module, to replace re.'}
Creating standard recipe for regex-2015.06.10
Converting recipe in /home/ubuntu/pypi-conda-builds/regex
package = regex
   dependencies = []
Building conda package for regex
