Removing old build directory
Removing old work directory
BUILD START: regex-2015.06.02-py27_0
Fetching package metadata: ......
Solving package specifications: .+ /home/ubuntu/miniconda/envs/_build/bin/python setup.py install
running install
running build
running build_py
creating build
creating build/lib.linux-x86_64-2.7
copying Python2/regex.py -> build/lib.linux-x86_64-2.7
copying Python2/_regex_core.py -> build/lib.linux-x86_64-2.7
copying Python2/test_regex.py -> build/lib.linux-x86_64-2.7
running build_ext
building '_regex' extension
creating build/temp.linux-x86_64-2.7
creating build/temp.linux-x86_64-2.7/Python2
gcc -pthread -fno-strict-aliasing -g -O2 -DNDEBUG -g -fwrapv -O3 -Wall -Wstrict-prototypes -fPIC -I/home/ubuntu/miniconda/envs/_build/include/python2.7 -c Python2/_regex.c -o build/temp.linux-x86_64-2.7/Python2/_regex.o
Python2/_regex.c:17377:28: warning: ‘match_get_group_dict’ defined but not used [-Wunused-function]
 Py_LOCAL_INLINE(PyObject*) match_get_group_dict(MatchObject* self) {
                            ^
In file included from /home/ubuntu/miniconda/envs/_build/include/python2.7/Python.h:80:0,
                 from Python2/_regex.c:46:
Python2/_regex.c: In function ‘pattern_subx’:
/home/ubuntu/miniconda/envs/_build/include/python2.7/object.h:774:28: warning: ‘kwargs’ may be used uninitialized in this function [-Wmaybe-uninitialized]
         --((PyObject*)(op))->ob_refcnt != 0)            \
                            ^
Python2/_regex.c:19117:15: note: ‘kwargs’ was declared here
     PyObject* kwargs;
               ^
In file included from /home/ubuntu/miniconda/envs/_build/include/python2.7/Python.h:80:0,
                 from Python2/_regex.c:46:
/home/ubuntu/miniconda/envs/_build/include/python2.7/object.h:774:28: warning: ‘args’ may be used uninitialized in this function [-Wmaybe-uninitialized]
         --((PyObject*)(op))->ob_refcnt != 0)            \
                            ^
Python2/_regex.c:19116:15: note: ‘args’ was declared here
     PyObject* args;
               ^
gcc -pthread -fno-strict-aliasing -g -O2 -DNDEBUG -g -fwrapv -O3 -Wall -Wstrict-prototypes -fPIC -I/home/ubuntu/miniconda/envs/_build/include/python2.7 -c Python2/_regex_unicode.c -o build/temp.linux-x86_64-2.7/Python2/_regex_unicode.o
gcc -pthread -shared -L/home/ubuntu/miniconda/envs/_build/lib -Wl,-rpath=/home/ubuntu/miniconda/envs/_build/lib,--no-as-needed build/temp.linux-x86_64-2.7/Python2/_regex.o build/temp.linux-x86_64-2.7/Python2/_regex_unicode.o -L/home/ubuntu/miniconda/envs/_build/lib -lpython2.7 -o build/lib.linux-x86_64-2.7/_regex.so
running install_lib
copying build/lib.linux-x86_64-2.7/regex.py -> /home/ubuntu/miniconda/envs/_build/lib/python2.7/site-packages
copying build/lib.linux-x86_64-2.7/_regex_core.py -> /home/ubuntu/miniconda/envs/_build/lib/python2.7/site-packages
copying build/lib.linux-x86_64-2.7/test_regex.py -> /home/ubuntu/miniconda/envs/_build/lib/python2.7/site-packages
copying build/lib.linux-x86_64-2.7/_regex.so -> /home/ubuntu/miniconda/envs/_build/lib/python2.7/site-packages
byte-compiling /home/ubuntu/miniconda/envs/_build/lib/python2.7/site-packages/regex.py to regex.pyc
byte-compiling /home/ubuntu/miniconda/envs/_build/lib/python2.7/site-packages/_regex_core.py to _regex_core.pyc
byte-compiling /home/ubuntu/miniconda/envs/_build/lib/python2.7/site-packages/test_regex.py to test_regex.pyc
running install_egg_info
Writing /home/ubuntu/miniconda/envs/_build/lib/python2.7/site-packages/regex-2015.06.02-py2.7.egg-info

The following NEW packages will be INSTALLED:

    openssl:    1.0.1k-1    
    pip:        7.0.1-py27_0
    python:     2.7.10-0    
    readline:   6.2-2       
    setuptools: 17.0-py27_0 
    sqlite:     3.8.4.1-1   
    system:     5.8-2       
    tk:         8.5.18-0    
    zlib:       1.2.8-0     

Linking packages ...
[                    ]|                                                  |   0%[openssl             ]|                                                  |   0%[readline            ]|#####                                             |  11%[sqlite              ]|###########                                       |  22%[system              ]|################                                  |  33%[tk                  ]|######################                            |  44%[zlib                ]|###########################                       |  55%[python              ]|#################################                 |  66%[setuptools          ]|######################################            |  77%[pip                 ]|############################################      |  88%[      COMPLETE      ]|##################################################| 100%
Removing old work directory
Source cache directory is: /home/ubuntu/miniconda/conda-bld/src_cache
Found source in cache: regex-2015.06.02.tar.gz
Extracting download
Package: regex-2015.06.02-py27_0
source tree in: /home/ubuntu/miniconda/conda-bld/work/regex-2015.06.02
number of files: 8
Fixing permissions
patchelf: file: /home/ubuntu/miniconda/envs/_build/lib/python2.7/site-packages/_regex.so
    setting rpath to: $ORIGIN/../..
Ignored hard-coded path in lib/python2.7/site-packages/_regex.so
Fixing permissions
BUILD END: regex-2015.06.02-py27_0
Nothing to test for: regex-2015.06.02-py27_0
# If you want to upload this package to binstar.org later, type:
#
# $ binstar upload /home/ubuntu/miniconda/conda-bld/linux-64/regex-2015.06.02-py27_0.tar.bz2
#
# To have conda build upload to binstar automatically, use
# $ conda config --set binstar_upload yes

