Warning, the following versions were found for regex
2015.06.04
2015.06.02
2015.05.28
2015.05.10
2015.05.07
2015.03.18
2014.12.24
2014.12.15
2014.11.14
2014.11.13
2014.11.03
2014.10.24
2014.10.23
2014.10.09
2014.10.07
2014.10.02
2014.10.01
2014.09.22
2014.09.18
2014.08.28
2014.08.15
2014.06.28
2014.05.23
2014.05.17
2014.04.10
2014.02.19
2014.02.16
2014.01.30
2014.01.20
2014.01.10
0.1.20130125
0.1.20130124
0.1.20130120
0.1.20121216
0.1.20121120
0.1.20121113
0.1.20121105
0.1.20121031
0.1.20121017
0.1.20121008
0.1.20120904
0.1.20120825
0.1.20120803
0.1.20120710
0.1.20120709
0.1.20120708
0.1.20120705
0.1.20120613
0.1.20120611
0.1.20120506
0.1.20120504
0.1.20120503
0.1.20120502
0.1.20120416
0.1.20120323
0.1.20120317
0.1.20120316
0.1.20120303
0.1.20120301
0.1.20120209
0.1.20120208
0.1.20120129
0.1.20120128
0.1.20120126
0.1.20120123
0.1.20120122
0.1.20120119
0.1.20120115
0.1.20120114
0.1.20120112
0.1.20120105
0.1.20120103
0.1.20111223
0.1.20111103
0.1.20111014
0.1.20111006
0.1.20111005
0.1.20111004
0.1.20110929
0.1.20110927
0.1.20110922
0.1.20110922a
0.1.20110917
0.1.20110917a
0.1.20110717
0.1.20110702
0.1.20110627
0.1.20110623
0.1.20110623a
0.1.20110616
0.1.20110610
0.1.20110609
0.1.20110608
0.1.20110608a
0.1.20110524
0.1.20110514
0.1.20110510
0.1.20110504
0.1.20110502
0.1.20110429
0.1.20110315
0.1.20110314
0.1.20110313
0.1.20110124
0.1.20110106
0.1.20110104
0.1.20101231
0.1.20101230
0.1.20101229
0.1.20101228
0.1.20101228a
0.1.20101224
0.1.20101210
0.1.20101207
0.1.20101130
0.1.20101123
0.1.20101121
0.1.20101120
0.1.20101113
0.1.20101106
0.1.20101102
0.1.20101102a
0.1.20101101
0.1.20101030
0.1.20101030b
0.1.20101029
0.1.20101009
0.1.20100918
0.1.20100913
0.1.20100912
0.1.20100824
0.1.20100816
0.1.20100814
0.1.20100725
0.1.20100719
0.1.20100709.1
0.1.20100709
0.1.20100706.1
0.1.20100706
0.1.20100331
0.1.20100323
0.1.20100305
0.1.20100226
0.1.20100217
2013-12-31
2013-11-29
2013-10-26
2013-10-25
2013-10-24
2013-10-23
2013-10-22
2013-10-21
2013-10-12
2013-10-04
2013-08-04
2013-06-26
2013-06-05
2013-05-21
2013-03-11
2013-02-23
2013-02-16
Using 2015.06.04
Use --version to specify a different version.
Using url https://pypi.python.org/packages/source/r/regex/regex-2015.06.04.tar.gz (534 KB) for regex.
Downloading regex (use --no-download to skip this step)
Unpacking regex...
done
working in /tmp/tmp6hYuENconda_skeleton_regex-2015.06.04.tar.gz
Fetching package metadata: ......
Solving package specifications: .patching file core.py
Hunk #1 succeeded at 168 with fuzz 2 (offset 2 lines).

The following NEW packages will be INSTALLED:

    numpy:  1.9.2-py27_0
    pyyaml: 3.11-py27_0 
    yaml:   0.1.4-0     

Linking packages ...
[                    ]|                                                  |   0%[yaml                ]|                                                  |   0%[numpy               ]|################                                  |  33%[pyyaml              ]|#################################                 |  66%[      COMPLETE      ]|##################################################| 100%
Applying patch: '/tmp/tmp6hYuENconda_skeleton_regex-2015.06.04.tar.gz/pypi-distutils.patch'
Writing recipe for regex
Done
