Package search: {'_pypi_ordering': False, 'version': '2.2', 'name': 'repoze.who', 'summary': 'repoze.who is an identification and authentication framework for WSGI.'}
Fetching package metadata: ....
Removing old build directory
Removing old work directory
BUILD START: repoze.who-2.2-py27_0
Fetching package metadata: ......
Solving package specifications: .+ pip install repoze.who
You are using pip version 7.0.1, however version 7.0.3 is available.
You should consider upgrading via the 'pip install --upgrade pip' command.
Collecting repoze.who
  Downloading http://localhost/packages/source/r/repoze.who/repoze.who-2.2.tar.gz (308kB)
Requirement already satisfied (use --upgrade to upgrade): WebOb in /home/ubuntu/miniconda/envs/_build/lib/python2.7/site-packages/WebOb-1.4.1-py2.7.egg (from repoze.who)
Requirement already satisfied (use --upgrade to upgrade): zope.interface in /home/ubuntu/miniconda/envs/_build/lib/python2.7/site-packages (from repoze.who)
Requirement already satisfied (use --upgrade to upgrade): setuptools in /home/ubuntu/miniconda/envs/_build/lib/python2.7/site-packages/setuptools-17.0-py2.7.egg (from repoze.who)
Installing collected packages: repoze.who
  Running setup.py install for repoze.who
Successfully installed repoze.who-2.2

The following NEW packages will be INSTALLED:

    openssl:        1.0.1k-1    
    pip:            7.0.1-py27_0
    python:         2.7.10-0    
    readline:       6.2-2       
    setuptools:     17.0-py27_0 
    sqlite:         3.8.4.1-1   
    system:         5.8-2       
    tk:             8.5.18-0    
    webob:          1.4.1-py27_0
    zlib:           1.2.8-0     
    zope.interface: 4.1.2-py27_0

Linking packages ...
[                    ]|                                                  |   0%[openssl             ]|                                                  |   0%[readline            ]|####                                              |   9%[sqlite              ]|#########                                         |  18%[system              ]|#############                                     |  27%[tk                  ]|##################                                |  36%[zlib                ]|######################                            |  45%[python              ]|###########################                       |  54%[setuptools          ]|###############################                   |  63%[webob               ]|####################################              |  72%[zope.interface      ]|########################################          |  81%[pip                 ]|#############################################     |  90%[      COMPLETE      ]|##################################################| 100%
Removing old work directory
Copying /home/ubuntu/pypi-conda-builds/repoze.who to /home/ubuntu/miniconda/conda-bld/work
Package: repoze.who-2.2-py27_0
source tree in: /home/ubuntu/miniconda/conda-bld/work
number of files: 71
Fixing permissions
Fixing permissions
BUILD END: repoze.who-2.2-py27_0
# If you want to upload this package to binstar.org later, type:
#
# $ binstar upload /home/ubuntu/miniconda/conda-bld/linux-64/repoze.who-2.2-py27_0.tar.bz2
#
# To have conda build upload to binstar automatically, use
# $ conda config --set binstar_upload yes

Creating standard recipe for repoze.who-2.2
Converting recipe in /home/ubuntu/pypi-conda-builds/repoze.who
package = repoze.who
   dependencies = [u'webob', u'zope.interface', u'setuptools']
Building conda package for repoze.who
