Warning, the following versions were found for repoze.lru
0.6
0.5
0.4
0.3
0.2
0.1
Using 0.6
Use --version to specify a different version.
Using url https://pypi.python.org/packages/source/r/repoze.lru/repoze.lru-0.6.tar.gz (19 KB) for repoze.lru.
Downloading repoze.lru (use --no-download to skip this step)
Using cached download
Unpacking repoze.lru...
done
working in /tmp/tmpqt9EEfconda_skeleton_repoze.lru-0.6.tar.gz
Fetching package metadata: ......
Solving package specifications: .patching file core.py
Hunk #1 succeeded at 168 with fuzz 2 (offset 2 lines).

Applying patch: '/tmp/tmpqt9EEfconda_skeleton_repoze.lru-0.6.tar.gz/pypi-distutils.patch'
Writing recipe for repoze.lru
Done
