Warning, the following versions were found for reportlab
3.2.0
3.1.44
3.1.8
3.0
2.7
2.6
2.5
2.4
2.3
2.0
Using 3.2.0
Use --version to specify a different version.
Using url https://pypi.python.org/packages/source/r/reportlab/reportlab-3.2.0.tar.gz (1.9 MB) for reportlab.
Downloading reportlab (use --no-download to skip this step)
Using cached download
Unpacking reportlab...
done
working in /tmp/tmpttX5H6conda_skeleton_reportlab-3.2.0.tar.gz
Fetching package metadata: ......
Solving package specifications: .patching file core.py
Hunk #1 succeeded at 168 with fuzz 2 (offset 2 lines).
################################################
#Attempting install of _rl_accel & pyHnj
#extensions from '/tmp/tmpttX5H6conda_skeleton_reportlab-3.2.0.tar.gz/reportlab-3.2.0/src/rl_addons/rl_accel'
################################################
################################################
#Attempting install of _renderPM
#extensions from '/tmp/tmpttX5H6conda_skeleton_reportlab-3.2.0.tar.gz/reportlab-3.2.0/src/rl_addons/renderPM'
will use package libart 2.3.12
# installing without freetype no ttf, sorry!
# You need to install a static library version of the freetype2 software
# If you need truetype support in renderPM
# You may need to edit setup.cfg (win32)
# or edit this file to access the library if it is installed
################################################
Downloading standard T1 font curves
Finished download of standard T1 font curves
()
########## SUMMARY INFO #########
################################################
#Attempting install of _rl_accel & pyHnj
#extensions from '/tmp/tmpttX5H6conda_skeleton_reportlab-3.2.0.tar.gz/reportlab-3.2.0/src/rl_addons/rl_accel'
################################################
################################################
#Attempting install of _renderPM
#extensions from '/tmp/tmpttX5H6conda_skeleton_reportlab-3.2.0.tar.gz/reportlab-3.2.0/src/rl_addons/renderPM'
will use package libart 2.3.12
# installing without freetype no ttf, sorry!
# You need to install a static library version of the freetype2 software
# If you need truetype support in renderPM
# You may need to edit setup.cfg (win32)
# or edit this file to access the library if it is installed
################################################
Downloading standard T1 font curves
Finished download of standard T1 font curves

The following NEW packages will be INSTALLED:

    numpy:  1.9.2-py27_0
    pyyaml: 3.11-py27_0 

Linking packages ...
[                    ]|                                                  |   0%[numpy               ]|                                                  |   0%[pyyaml              ]|#########################                         |  50%[      COMPLETE      ]|##################################################| 100%
Applying patch: '/tmp/tmpttX5H6conda_skeleton_reportlab-3.2.0.tar.gz/pypi-distutils.patch'
Writing recipe for reportlab
Done
