Warning, the following versions were found for requests-mock
0.6.0
0.5.1
0.5.0
0.4.0
0.3.0
0.2.0
0.1.0
bdb7239
Using 0.6.0
Use --version to specify a different version.
Using url https://pypi.python.org/packages/source/r/requests-mock/requests-mock-0.6.0.tar.gz (31 KB) for requests-mock.
Downloading requests-mock (use --no-download to skip this step)
Using cached download
Unpacking requests-mock...
done
working in /tmp/tmp53huPzconda_skeleton_requests-mock-0.6.0.tar.gz
Fetching package metadata: ......
Solving package specifications: .patching file core.py
Hunk #1 succeeded at 168 with fuzz 2 (offset 2 lines).
Traceback (most recent call last):
  File "setup.py", line 3, in <module>
    from setuptools import setup
ImportError: No module named setuptools

The following NEW packages will be INSTALLED:

    numpy:  1.9.2-py27_0
    pyyaml: 3.11-py27_0 

Linking packages ...
[                    ]|                                                  |   0%[numpy               ]|                                                  |   0%[pyyaml              ]|#########################                         |  50%[      COMPLETE      ]|##################################################| 100%
Applying patch: '/tmp/tmp53huPzconda_skeleton_requests-mock-0.6.0.tar.gz/pypi-distutils.patch'
$PYTHONPATH = /tmp/tmp53huPzconda_skeleton_requests-mock-0.6.0.tar.gz/requests-mock-0.6.0
Error: command failed: /home/ubuntu/miniconda/envs/_build/bin/python setup.py install
