Warning, the following versions were found for requests-toolbelt
0.4.0
0.3.1
0.3.0
0.2.0
0.1.2
0.1.1
0.1.0
0.0.0
Using 0.4.0
Use --version to specify a different version.
Using url https://pypi.python.org/packages/source/r/requests-toolbelt/requests-toolbelt-0.4.0.tar.gz (25 KB) for requests-toolbelt.
Downloading requests-toolbelt (use --no-download to skip this step)
Using cached download
Unpacking requests-toolbelt...
done
working in /tmp/tmpQVGSOJconda_skeleton_requests-toolbelt-0.4.0.tar.gz
Fetching package metadata: ......
Solving package specifications: .patching file core.py
Hunk #1 succeeded at 168 with fuzz 2 (offset 2 lines).
Traceback (most recent call last):
  File "setup.py", line 7, in <module>
    from setuptools import setup
ImportError: No module named setuptools

Applying patch: '/tmp/tmpQVGSOJconda_skeleton_requests-toolbelt-0.4.0.tar.gz/pypi-distutils.patch'
$PYTHONPATH = /tmp/tmpQVGSOJconda_skeleton_requests-toolbelt-0.4.0.tar.gz/requests-toolbelt-0.4.0
Error: command failed: /home/ubuntu/miniconda/envs/_build/bin/python setup.py install
