Warning, the following versions were found for restkit
4.2.2
4.2.1
4.2.0
4.1.5
4.1.4
4.1.3
4.1.2
4.1.1
4.1.0
4.0.0
3.3.2
3.3.1
3.3.0
3.2.3
3.2.2
3.2.1
3.2.0
3.0.4
3.0.3
3.0.2
3.0.1
3.0.0
2.3.3
2.3.2
2.3.1
2.3.0
2.2.4
2.2.3
2.2.2
2.2.1
2.2.0
2.1.7
2.1.6
2.1.5
2.1.4
2.1.3
2.1.2
2.1.1
2.1.0
2.0.5
2.0.4
2.0.2
2.0.1
2.0.0
1.3.1
1.3.0
1.2.1
1.2.0
1.1.3
1.1.2
1.1.1
1.1.0
1.0.0
Using 4.2.2
Use --version to specify a different version.
Using url https://pypi.python.org/packages/source/r/restkit/restkit-4.2.2.tar.gz (1.2 MB) for restkit.
Downloading restkit (use --no-download to skip this step)
Using cached download
Unpacking restkit...
done
working in /tmp/tmpbPKZTbconda_skeleton_restkit-4.2.2.tar.gz
Fetching package metadata: ......
Solving package specifications: .patching file core.py
Hunk #1 succeeded at 168 with fuzz 2 (offset 2 lines).

The following NEW packages will be INSTALLED:

    numpy:  1.9.2-py27_0
    pyyaml: 3.11-py27_0 

Linking packages ...
[                    ]|                                                  |   0%[numpy               ]|                                                  |   0%[pyyaml              ]|#########################                         |  50%[      COMPLETE      ]|##################################################| 100%
Applying patch: '/tmp/tmpbPKZTbconda_skeleton_restkit-4.2.2.tar.gz/pypi-distutils.patch'
Warning, the following versions were found for socketpool
0.5.3
0.5.2
0.5.1
0.5.0
0.4.4
0.4.3
0.4.2
0.4.1
0.4.0
0.3.0
0.2.3
0.2.2
0.2.1
0.2.0
0.1.3
0.1.2
0.1.1
0.1
Using 0.5.3
Use --version to specify a different version.
Using url https://pypi.python.org/packages/source/s/socketpool/socketpool-0.5.3.tar.gz (10 KB) for socketpool.
Downloading socketpool (use --no-download to skip this step)
Using cached download
Unpacking socketpool...
done
working in /tmp/tmp0Zud6zconda_skeleton_socketpool-0.5.3.tar.gz
Solving package specifications: .patching file core.py
Hunk #1 succeeded at 168 with fuzz 2 (offset 2 lines).

Applying patch: '/tmp/tmp0Zud6zconda_skeleton_socketpool-0.5.3.tar.gz/pypi-distutils.patch'
Warning, the following versions were found for http-parser
0.8.3
0.8.2
0.8.1
0.8.0
0.7.12
0.7.11
0.7.10
0.7.8
0.7.7
0.7.6
0.7.5
0.7.4
0.7.3
0.7.2
0.7.1
0.7.0
0.6.3
0.6.2
0.6.1
0.6.0
0.5.4
0.5.3
0.5.2
0.5.1
0.5.0
0.4.1
0.3.3
0.3.2
0.3.1
0.3.0
0.2.0
0.1.3
0.1.2
0.1.1
0.1.0
Using 0.8.3
Use --version to specify a different version.
Using url https://pypi.python.org/packages/source/h/http-parser/http-parser-0.8.3.tar.gz (81 KB) for http-parser.
Downloading http-parser (use --no-download to skip this step)
Using cached download
Unpacking http-parser...
done
working in /tmp/tmpdHeODIconda_skeleton_http-parser-0.8.3.tar.gz
Solving package specifications: .patching file core.py
Hunk #1 succeeded at 168 with fuzz 2 (offset 2 lines).

Applying patch: '/tmp/tmpdHeODIconda_skeleton_http-parser-0.8.3.tar.gz/pypi-distutils.patch'
Writing recipe for restkit
Writing recipe for http-parser
Writing recipe for socketpool
Done
