Warning, the following versions were found for retry_decorator
1.0.0
0.1.3
0.1.0
Using 1.0.0
Use --version to specify a different version.
Using url https://pypi.python.org/packages/source/r/retry_decorator/retry_decorator-1.0.0.tar.gz (3 KB) for retry_decorator.
Downloading retry_decorator (use --no-download to skip this step)
Using cached download
Unpacking retry_decorator...
done
working in /tmp/tmpVJFuSCconda_skeleton_retry_decorator-1.0.0.tar.gz
Fetching package metadata: ......
Solving package specifications: .patching file core.py
Hunk #1 succeeded at 168 with fuzz 2 (offset 2 lines).

The following NEW packages will be INSTALLED:

    numpy:  1.9.2-py27_0
    pyyaml: 3.11-py27_0 

Linking packages ...
[                    ]|                                                  |   0%[numpy               ]|                                                  |   0%[pyyaml              ]|#########################                         |  50%[      COMPLETE      ]|##################################################| 100%
Applying patch: '/tmp/tmpVJFuSCconda_skeleton_retry_decorator-1.0.0.tar.gz/pypi-distutils.patch'
Writing recipe for retry_decorator
Done
