Warning, the following versions were found for retrying
1.3.3
1.3.2
1.3.1
1.3.0
1.2.3
1.2.2
1.2.1
1.2.0
1.1.0
1.0.1
1.0.0
Using 1.3.3
Use --version to specify a different version.
Using url https://pypi.python.org/packages/source/r/retrying/retrying-1.3.3.tar.gz (11 KB) for retrying.
Downloading retrying (use --no-download to skip this step)
Using cached download
Unpacking retrying...
done
working in /tmp/tmpirjaNrconda_skeleton_retrying-1.3.3.tar.gz
Fetching package metadata: ......
Solving package specifications: .patching file core.py
Hunk #1 succeeded at 168 with fuzz 2 (offset 2 lines).

Applying patch: '/tmp/tmpirjaNrconda_skeleton_retrying-1.3.3.tar.gz/pypi-distutils.patch'
Writing recipe for retrying
Done
