Removing old build directory
Removing old work directory
BUILD START: rfc3987-1.3.4-py_0
Fetching package metadata: ......
Solving package specifications: .+ pip install rfc3987
Collecting rfc3987
  Downloading http://localhost/packages/source/r/rfc3987/rfc3987-1.3.4.tar.gz
Installing collected packages: rfc3987
  Running setup.py install for rfc3987
Successfully installed rfc3987-1.3.4

The following NEW packages will be INSTALLED:

    openssl:    1.0.1k-1    
    pip:        7.0.3-py27_0
    python:     2.7.10-0    
    readline:   6.2-2       
    setuptools: 17.0-py27_0 
    sqlite:     3.8.4.1-1   
    system:     5.8-2       
    tk:         8.5.18-0    
    zlib:       1.2.8-0     

Linking packages ...
[                    ]|                                                  |   0%[openssl             ]|                                                  |   0%[readline            ]|#####                                             |  11%[sqlite              ]|###########                                       |  22%[system              ]|################                                  |  33%[tk                  ]|######################                            |  44%[zlib                ]|###########################                       |  55%[python              ]|#################################                 |  66%[setuptools          ]|######################################            |  77%[pip                 ]|############################################      |  88%[      COMPLETE      ]|##################################################| 100%
Removing old work directory
Copying /home/ubuntu/pypi-conda-builds/rfc3987 to /home/ubuntu/miniconda/conda-bld/work
Package: rfc3987-1.3.4-py_0
source tree in: /home/ubuntu/miniconda/conda-bld/work
number of files: 7
Fixing permissions
Fixing permissions
BUILD END: rfc3987-1.3.4-py_0
# If you want to upload this package to binstar.org later, type:
#
# $ binstar upload /home/ubuntu/miniconda/conda-bld/noarch/rfc3987-1.3.4-py_0.tar.bz2
#
# To have conda build upload to binstar automatically, use
# $ conda config --set binstar_upload yes

Package search: {'_pypi_ordering': False, 'version': '1.3.4', 'name': 'rfc3987', 'summary': 'Parsing and validation of URIs (RFC 3986) and IRIs (RFC 3987)'}
Creating standard recipe for rfc3987-1.3.4
Converting recipe in /home/ubuntu/pypi-conda-builds/rfc3987
package = rfc3987
   dependencies = []
Building conda package for rfc3987
