Warning, the following versions were found for rfc3986
0.2.2
0.2.1
0.2.0
0.1.0
0.0.0
Using 0.2.2
Use --version to specify a different version.
Using url https://pypi.python.org/packages/source/r/rfc3986/rfc3986-0.2.2.tar.gz (17 KB) for rfc3986.
Downloading rfc3986 (use --no-download to skip this step)
Using cached download
Unpacking rfc3986...
done
working in /tmp/tmp0ePWFbconda_skeleton_rfc3986-0.2.2.tar.gz
Fetching package metadata: ......
Solving package specifications: .patching file core.py
Hunk #1 succeeded at 168 with fuzz 2 (offset 2 lines).

Applying patch: '/tmp/tmp0ePWFbconda_skeleton_rfc3986-0.2.2.tar.gz/pypi-distutils.patch'
Writing recipe for rfc3986
Done
