Warning, the following versions were found for rfc3987
1.3.4
1.3.3
1.3.2
1.3.1
1.3.0
1.2.1
1.1
Using 1.3.4
Use --version to specify a different version.
Using url https://pypi.python.org/packages/source/r/rfc3987/rfc3987-1.3.4.tar.gz (7 KB) for rfc3987.
Downloading rfc3987 (use --no-download to skip this step)
Using cached download
Unpacking rfc3987...
done
working in /tmp/tmptQNCdeconda_skeleton_rfc3987-1.3.4.tar.gz
Fetching package metadata: ......
Solving package specifications: .patching file core.py
Hunk #1 succeeded at 168 with fuzz 2 (offset 2 lines).

The following NEW packages will be INSTALLED:

    numpy:  1.9.2-py27_0
    pyyaml: 3.11-py27_0 

Linking packages ...
[                    ]|                                                  |   0%[numpy               ]|                                                  |   0%[pyyaml              ]|#########################                         |  50%[      COMPLETE      ]|##################################################| 100%
Applying patch: '/tmp/tmptQNCdeconda_skeleton_rfc3987-1.3.4.tar.gz/pypi-distutils.patch'
Writing recipe for rfc3987
Done
