Removing old build directory
Removing old work directory
BUILD START: robotframework-2.9a1-py27_0
Fetching package metadata: ......
Solving package specifications: .+ /home/ubuntu/miniconda/envs/_build/bin/python setup.py install
running install
running build
running build_py
creating build
creating build/lib
creating build/lib/robot
copying src/robot/rebot.py -> build/lib/robot
copying src/robot/testdoc.py -> build/lib/robot
copying src/robot/errors.py -> build/lib/robot
copying src/robot/tidy.py -> build/lib/robot
copying src/robot/libdoc.py -> build/lib/robot
copying src/robot/pythonpathsetter.py -> build/lib/robot
copying src/robot/version.py -> build/lib/robot
copying src/robot/jarrunner.py -> build/lib/robot
copying src/robot/run.py -> build/lib/robot
copying src/robot/__init__.py -> build/lib/robot
creating build/lib/robot/api
copying src/robot/api/deco.py -> build/lib/robot/api
copying src/robot/api/__init__.py -> build/lib/robot/api
copying src/robot/api/logger.py -> build/lib/robot/api
creating build/lib/robot/conf
copying src/robot/conf/gatherfailed.py -> build/lib/robot/conf
copying src/robot/conf/__init__.py -> build/lib/robot/conf
copying src/robot/conf/settings.py -> build/lib/robot/conf
creating build/lib/robot/htmldata
copying src/robot/htmldata/jsonwriter.py -> build/lib/robot/htmldata
copying src/robot/htmldata/jartemplate.py -> build/lib/robot/htmldata
copying src/robot/htmldata/htmlfilewriter.py -> build/lib/robot/htmldata
copying src/robot/htmldata/__init__.py -> build/lib/robot/htmldata
copying src/robot/htmldata/template.py -> build/lib/robot/htmldata
copying src/robot/htmldata/normaltemplate.py -> build/lib/robot/htmldata
creating build/lib/robot/libdocpkg
copying src/robot/libdocpkg/htmlwriter.py -> build/lib/robot/libdocpkg
copying src/robot/libdocpkg/model.py -> build/lib/robot/libdocpkg
copying src/robot/libdocpkg/output.py -> build/lib/robot/libdocpkg
copying src/robot/libdocpkg/consoleviewer.py -> build/lib/robot/libdocpkg
copying src/robot/libdocpkg/specbuilder.py -> build/lib/robot/libdocpkg
copying src/robot/libdocpkg/builder.py -> build/lib/robot/libdocpkg
copying src/robot/libdocpkg/__init__.py -> build/lib/robot/libdocpkg
copying src/robot/libdocpkg/javabuilder.py -> build/lib/robot/libdocpkg
copying src/robot/libdocpkg/robotbuilder.py -> build/lib/robot/libdocpkg
copying src/robot/libdocpkg/xmlwriter.py -> build/lib/robot/libdocpkg
copying src/robot/libdocpkg/writer.py -> build/lib/robot/libdocpkg
creating build/lib/robot/libraries
copying src/robot/libraries/dialogs_ipy.py -> build/lib/robot/libraries
copying src/robot/libraries/DeprecatedBuiltIn.py -> build/lib/robot/libraries
copying src/robot/libraries/Reserved.py -> build/lib/robot/libraries
copying src/robot/libraries/XML.py -> build/lib/robot/libraries
copying src/robot/libraries/Telnet.py -> build/lib/robot/libraries
copying src/robot/libraries/DateTime.py -> build/lib/robot/libraries
copying src/robot/libraries/Remote.py -> build/lib/robot/libraries
copying src/robot/libraries/Easter.py -> build/lib/robot/libraries
copying src/robot/libraries/OperatingSystem.py -> build/lib/robot/libraries
copying src/robot/libraries/dialogs_py.py -> build/lib/robot/libraries
copying src/robot/libraries/Collections.py -> build/lib/robot/libraries
copying src/robot/libraries/Dialogs.py -> build/lib/robot/libraries
copying src/robot/libraries/Screenshot.py -> build/lib/robot/libraries
copying src/robot/libraries/dialogs_jy.py -> build/lib/robot/libraries
copying src/robot/libraries/__init__.py -> build/lib/robot/libraries
copying src/robot/libraries/Process.py -> build/lib/robot/libraries
copying src/robot/libraries/BuiltIn.py -> build/lib/robot/libraries
copying src/robot/libraries/DeprecatedOperatingSystem.py -> build/lib/robot/libraries
copying src/robot/libraries/String.py -> build/lib/robot/libraries
creating build/lib/robot/model
copying src/robot/model/totalstatistics.py -> build/lib/robot/model
copying src/robot/model/visitor.py -> build/lib/robot/model
copying src/robot/model/statistics.py -> build/lib/robot/model
copying src/robot/model/tags.py -> build/lib/robot/model
copying src/robot/model/filter.py -> build/lib/robot/model
copying src/robot/model/tagsetter.py -> build/lib/robot/model
copying src/robot/model/tagstatistics.py -> build/lib/robot/model
copying src/robot/model/stats.py -> build/lib/robot/model
copying src/robot/model/itemlist.py -> build/lib/robot/model
copying src/robot/model/message.py -> build/lib/robot/model
copying src/robot/model/configurer.py -> build/lib/robot/model
copying src/robot/model/modelobject.py -> build/lib/robot/model
copying src/robot/model/criticality.py -> build/lib/robot/model
copying src/robot/model/imports.py -> build/lib/robot/model
copying src/robot/model/__init__.py -> build/lib/robot/model
copying src/robot/model/suitestatistics.py -> build/lib/robot/model
copying src/robot/model/testcase.py -> build/lib/robot/model
copying src/robot/model/namepatterns.py -> build/lib/robot/model
copying src/robot/model/keyword.py -> build/lib/robot/model
copying src/robot/model/metadata.py -> build/lib/robot/model
copying src/robot/model/testsuite.py -> build/lib/robot/model
creating build/lib/robot/output
copying src/robot/output/loggerhelper.py -> build/lib/robot/output
copying src/robot/output/filelogger.py -> build/lib/robot/output
copying src/robot/output/xmllogger.py -> build/lib/robot/output
copying src/robot/output/librarylisteners.py -> build/lib/robot/output
copying src/robot/output/highlighting.py -> build/lib/robot/output
copying src/robot/output/output.py -> build/lib/robot/output
copying src/robot/output/monitor.py -> build/lib/robot/output
copying src/robot/output/stdoutlogsplitter.py -> build/lib/robot/output
copying src/robot/output/librarylogger.py -> build/lib/robot/output
copying src/robot/output/pyloggingconf.py -> build/lib/robot/output
copying src/robot/output/debugfile.py -> build/lib/robot/output
copying src/robot/output/__init__.py -> build/lib/robot/output
copying src/robot/output/logger.py -> build/lib/robot/output
copying src/robot/output/listeners.py -> build/lib/robot/output
creating build/lib/robot/parsing
copying src/robot/parsing/tablepopulators.py -> build/lib/robot/parsing
copying src/robot/parsing/txtreader.py -> build/lib/robot/parsing
copying src/robot/parsing/model.py -> build/lib/robot/parsing
copying src/robot/parsing/datarow.py -> build/lib/robot/parsing
copying src/robot/parsing/tsvreader.py -> build/lib/robot/parsing
copying src/robot/parsing/restreader.py -> build/lib/robot/parsing
copying src/robot/parsing/restsupport.py -> build/lib/robot/parsing
copying src/robot/parsing/htmlreader.py -> build/lib/robot/parsing
copying src/robot/parsing/__init__.py -> build/lib/robot/parsing
copying src/robot/parsing/comments.py -> build/lib/robot/parsing
copying src/robot/parsing/settings.py -> build/lib/robot/parsing
copying src/robot/parsing/populators.py -> build/lib/robot/parsing
creating build/lib/robot/reporting
copying src/robot/reporting/jswriter.py -> build/lib/robot/reporting
copying src/robot/reporting/logreportwriters.py -> build/lib/robot/reporting
copying src/robot/reporting/jsmodelbuilders.py -> build/lib/robot/reporting
copying src/robot/reporting/jsbuildingcontext.py -> build/lib/robot/reporting
copying src/robot/reporting/jsexecutionresult.py -> build/lib/robot/reporting
copying src/robot/reporting/stringcache.py -> build/lib/robot/reporting
copying src/robot/reporting/resultwriter.py -> build/lib/robot/reporting
copying src/robot/reporting/xunitwriter.py -> build/lib/robot/reporting
copying src/robot/reporting/__init__.py -> build/lib/robot/reporting
copying src/robot/reporting/outputwriter.py -> build/lib/robot/reporting
creating build/lib/robot/result
copying src/robot/result/xmlelementhandlers.py -> build/lib/robot/result
copying src/robot/result/merger.py -> build/lib/robot/result
copying src/robot/result/flattenkeywordmatcher.py -> build/lib/robot/result
copying src/robot/result/executionresult.py -> build/lib/robot/result
copying src/robot/result/suiteteardownfailed.py -> build/lib/robot/result
copying src/robot/result/resultbuilder.py -> build/lib/robot/result
copying src/robot/result/visitor.py -> build/lib/robot/result
copying src/robot/result/message.py -> build/lib/robot/result
copying src/robot/result/configurer.py -> build/lib/robot/result
copying src/robot/result/messagefilter.py -> build/lib/robot/result
copying src/robot/result/keywordremover.py -> build/lib/robot/result
copying src/robot/result/executionerrors.py -> build/lib/robot/result
copying src/robot/result/__init__.py -> build/lib/robot/result
copying src/robot/result/testcase.py -> build/lib/robot/result
copying src/robot/result/keyword.py -> build/lib/robot/result
copying src/robot/result/testsuite.py -> build/lib/robot/result
creating build/lib/robot/running
copying src/robot/running/testlibraries.py -> build/lib/robot/running
copying src/robot/running/keywords.py -> build/lib/robot/running
copying src/robot/running/model.py -> build/lib/robot/running
copying src/robot/running/handlerstore.py -> build/lib/robot/running
copying src/robot/running/status.py -> build/lib/robot/running
copying src/robot/running/dynamicmethods.py -> build/lib/robot/running
copying src/robot/running/signalhandler.py -> build/lib/robot/running
copying src/robot/running/defaults.py -> build/lib/robot/running
copying src/robot/running/runkwregister.py -> build/lib/robot/running
copying src/robot/running/builder.py -> build/lib/robot/running
copying src/robot/running/outputcapture.py -> build/lib/robot/running
copying src/robot/running/userkeyword.py -> build/lib/robot/running
copying src/robot/running/namespace.py -> build/lib/robot/running
copying src/robot/running/importer.py -> build/lib/robot/running
copying src/robot/running/context.py -> build/lib/robot/running
copying src/robot/running/__init__.py -> build/lib/robot/running
copying src/robot/running/runner.py -> build/lib/robot/running
copying src/robot/running/usererrorhandler.py -> build/lib/robot/running
copying src/robot/running/randomizer.py -> build/lib/robot/running
copying src/robot/running/handlers.py -> build/lib/robot/running
creating build/lib/robot/running/arguments
copying src/robot/running/arguments/argumentresolver.py -> build/lib/robot/running/arguments
copying src/robot/running/arguments/javaargumentcoercer.py -> build/lib/robot/running/arguments
copying src/robot/running/arguments/argumentspec.py -> build/lib/robot/running/arguments
copying src/robot/running/arguments/argumentvalidator.py -> build/lib/robot/running/arguments
copying src/robot/running/arguments/embedded.py -> build/lib/robot/running/arguments
copying src/robot/running/arguments/argumentparser.py -> build/lib/robot/running/arguments
copying src/robot/running/arguments/__init__.py -> build/lib/robot/running/arguments
copying src/robot/running/arguments/argumentmapper.py -> build/lib/robot/running/arguments
creating build/lib/robot/running/timeouts
copying src/robot/running/timeouts/jython.py -> build/lib/robot/running/timeouts
copying src/robot/running/timeouts/__init__.py -> build/lib/robot/running/timeouts
copying src/robot/running/timeouts/ironpython.py -> build/lib/robot/running/timeouts
copying src/robot/running/timeouts/posix.py -> build/lib/robot/running/timeouts
copying src/robot/running/timeouts/windows.py -> build/lib/robot/running/timeouts
creating build/lib/robot/utils
copying src/robot/utils/robottypes.py -> build/lib/robot/utils
copying src/robot/utils/asserts.py -> build/lib/robot/utils
copying src/robot/utils/robottime.py -> build/lib/robot/utils
copying src/robot/utils/escaping.py -> build/lib/robot/utils
copying src/robot/utils/charwidth.py -> build/lib/robot/utils
copying src/robot/utils/dotdict.py -> build/lib/robot/utils
copying src/robot/utils/encoding.py -> build/lib/robot/utils
copying src/robot/utils/robotinspect.py -> build/lib/robot/utils
copying src/robot/utils/connectioncache.py -> build/lib/robot/utils
copying src/robot/utils/platform.py -> build/lib/robot/utils
copying src/robot/utils/unic.py -> build/lib/robot/utils
copying src/robot/utils/application.py -> build/lib/robot/utils
copying src/robot/utils/recommendations.py -> build/lib/robot/utils
copying src/robot/utils/match.py -> build/lib/robot/utils
copying src/robot/utils/markupwriters.py -> build/lib/robot/utils
copying src/robot/utils/frange.py -> build/lib/robot/utils
copying src/robot/utils/normalizing.py -> build/lib/robot/utils
copying src/robot/utils/htmlformatters.py -> build/lib/robot/utils
copying src/robot/utils/robotpath.py -> build/lib/robot/utils
copying src/robot/utils/markuputils.py -> build/lib/robot/utils
copying src/robot/utils/text.py -> build/lib/robot/utils
copying src/robot/utils/argumentparser.py -> build/lib/robot/utils
copying src/robot/utils/robotenv.py -> build/lib/robot/utils
copying src/robot/utils/importer.py -> build/lib/robot/utils
copying src/robot/utils/misc.py -> build/lib/robot/utils
copying src/robot/utils/encodingsniffer.py -> build/lib/robot/utils
copying src/robot/utils/__init__.py -> build/lib/robot/utils
copying src/robot/utils/error.py -> build/lib/robot/utils
copying src/robot/utils/compress.py -> build/lib/robot/utils
copying src/robot/utils/ordereddict.py -> build/lib/robot/utils
copying src/robot/utils/utf8reader.py -> build/lib/robot/utils
copying src/robot/utils/etreewrapper.py -> build/lib/robot/utils
copying src/robot/utils/setter.py -> build/lib/robot/utils
creating build/lib/robot/variables
copying src/robot/variables/filesetter.py -> build/lib/robot/variables
copying src/robot/variables/store.py -> build/lib/robot/variables
copying src/robot/variables/splitter.py -> build/lib/robot/variables
copying src/robot/variables/replacer.py -> build/lib/robot/variables
copying src/robot/variables/assigner.py -> build/lib/robot/variables
copying src/robot/variables/variables.py -> build/lib/robot/variables
copying src/robot/variables/tablesetter.py -> build/lib/robot/variables
copying src/robot/variables/finders.py -> build/lib/robot/variables
copying src/robot/variables/__init__.py -> build/lib/robot/variables
copying src/robot/variables/notfound.py -> build/lib/robot/variables
copying src/robot/variables/isvar.py -> build/lib/robot/variables
creating build/lib/robot/writer
copying src/robot/writer/htmltemplate.py -> build/lib/robot/writer
copying src/robot/writer/rowsplitter.py -> build/lib/robot/writer
copying src/robot/writer/htmlformatter.py -> build/lib/robot/writer
copying src/robot/writer/filewriters.py -> build/lib/robot/writer
copying src/robot/writer/dataextractor.py -> build/lib/robot/writer
copying src/robot/writer/datafilewriter.py -> build/lib/robot/writer
copying src/robot/writer/__init__.py -> build/lib/robot/writer
copying src/robot/writer/formatters.py -> build/lib/robot/writer
copying src/robot/writer/aligners.py -> build/lib/robot/writer
creating build/lib/robot/htmldata/rebot
copying src/robot/htmldata/rebot/log.html -> build/lib/robot/htmldata/rebot
copying src/robot/htmldata/rebot/report.html -> build/lib/robot/htmldata/rebot
copying src/robot/htmldata/rebot/report.css -> build/lib/robot/htmldata/rebot
copying src/robot/htmldata/rebot/print.css -> build/lib/robot/htmldata/rebot
copying src/robot/htmldata/rebot/log.css -> build/lib/robot/htmldata/rebot
copying src/robot/htmldata/rebot/common.css -> build/lib/robot/htmldata/rebot
copying src/robot/htmldata/rebot/log.js -> build/lib/robot/htmldata/rebot
copying src/robot/htmldata/rebot/view.js -> build/lib/robot/htmldata/rebot
copying src/robot/htmldata/rebot/testdata.js -> build/lib/robot/htmldata/rebot
copying src/robot/htmldata/rebot/model.js -> build/lib/robot/htmldata/rebot
copying src/robot/htmldata/rebot/util.js -> build/lib/robot/htmldata/rebot
copying src/robot/htmldata/rebot/fileloading.js -> build/lib/robot/htmldata/rebot
creating build/lib/robot/htmldata/libdoc
copying src/robot/htmldata/libdoc/libdoc.html -> build/lib/robot/htmldata/libdoc
copying src/robot/htmldata/libdoc/libdoc.css -> build/lib/robot/htmldata/libdoc
copying src/robot/htmldata/libdoc/print.css -> build/lib/robot/htmldata/libdoc
creating build/lib/robot/htmldata/testdoc
copying src/robot/htmldata/testdoc/testdoc.html -> build/lib/robot/htmldata/testdoc
copying src/robot/htmldata/testdoc/testdoc.css -> build/lib/robot/htmldata/testdoc
creating build/lib/robot/htmldata/lib
copying src/robot/htmldata/lib/jquery.tmpl.min.js -> build/lib/robot/htmldata/lib
copying src/robot/htmldata/lib/jsxcompressor.min.js -> build/lib/robot/htmldata/lib
copying src/robot/htmldata/lib/jquery.min.js -> build/lib/robot/htmldata/lib
copying src/robot/htmldata/lib/jquery.tablesorter.min.js -> build/lib/robot/htmldata/lib
copying src/robot/htmldata/lib/jquery.highlight.min.js -> build/lib/robot/htmldata/lib
creating build/lib/robot/htmldata/common
copying src/robot/htmldata/common/doc_formatting.css -> build/lib/robot/htmldata/common
copying src/robot/htmldata/common/js_disabled.css -> build/lib/robot/htmldata/common
copying src/robot/htmldata/common/storage.js -> build/lib/robot/htmldata/common
running build_scripts
creating build/scripts-2.7
copying and adjusting src/bin/pybot -> build/scripts-2.7
copying and adjusting src/bin/rebot -> build/scripts-2.7
changing mode of build/scripts-2.7/pybot from 664 to 775
changing mode of build/scripts-2.7/rebot from 664 to 775
running install_lib
creating /home/ubuntu/miniconda/envs/_build/lib/python2.7/site-packages/robot
copying build/lib/robot/rebot.py -> /home/ubuntu/miniconda/envs/_build/lib/python2.7/site-packages/robot
copying build/lib/robot/testdoc.py -> /home/ubuntu/miniconda/envs/_build/lib/python2.7/site-packages/robot
creating /home/ubuntu/miniconda/envs/_build/lib/python2.7/site-packages/robot/libraries
copying build/lib/robot/libraries/dialogs_ipy.py -> /home/ubuntu/miniconda/envs/_build/lib/python2.7/site-packages/robot/libraries
copying build/lib/robot/libraries/DeprecatedBuiltIn.py -> /home/ubuntu/miniconda/envs/_build/lib/python2.7/site-packages/robot/libraries
copying build/lib/robot/libraries/Reserved.py -> /home/ubuntu/miniconda/envs/_build/lib/python2.7/site-packages/robot/libraries
copying build/lib/robot/libraries/XML.py -> /home/ubuntu/miniconda/envs/_build/lib/python2.7/site-packages/robot/libraries
copying build/lib/robot/libraries/Telnet.py -> /home/ubuntu/miniconda/envs/_build/lib/python2.7/site-packages/robot/libraries
copying build/lib/robot/libraries/DateTime.py -> /home/ubuntu/miniconda/envs/_build/lib/python2.7/site-packages/robot/libraries
copying build/lib/robot/libraries/Remote.py -> /home/ubuntu/miniconda/envs/_build/lib/python2.7/site-packages/robot/libraries
copying build/lib/robot/libraries/Easter.py -> /home/ubuntu/miniconda/envs/_build/lib/python2.7/site-packages/robot/libraries
copying build/lib/robot/libraries/OperatingSystem.py -> /home/ubuntu/miniconda/envs/_build/lib/python2.7/site-packages/robot/libraries
copying build/lib/robot/libraries/dialogs_py.py -> /home/ubuntu/miniconda/envs/_build/lib/python2.7/site-packages/robot/libraries
copying build/lib/robot/libraries/Collections.py -> /home/ubuntu/miniconda/envs/_build/lib/python2.7/site-packages/robot/libraries
copying build/lib/robot/libraries/Dialogs.py -> /home/ubuntu/miniconda/envs/_build/lib/python2.7/site-packages/robot/libraries
copying build/lib/robot/libraries/Screenshot.py -> /home/ubuntu/miniconda/envs/_build/lib/python2.7/site-packages/robot/libraries
copying build/lib/robot/libraries/dialogs_jy.py -> /home/ubuntu/miniconda/envs/_build/lib/python2.7/site-packages/robot/libraries
copying build/lib/robot/libraries/__init__.py -> /home/ubuntu/miniconda/envs/_build/lib/python2.7/site-packages/robot/libraries
copying build/lib/robot/libraries/Process.py -> /home/ubuntu/miniconda/envs/_build/lib/python2.7/site-packages/robot/libraries
copying build/lib/robot/libraries/BuiltIn.py -> /home/ubuntu/miniconda/envs/_build/lib/python2.7/site-packages/robot/libraries
copying build/lib/robot/libraries/DeprecatedOperatingSystem.py -> /home/ubuntu/miniconda/envs/_build/lib/python2.7/site-packages/robot/libraries
copying build/lib/robot/libraries/String.py -> /home/ubuntu/miniconda/envs/_build/lib/python2.7/site-packages/robot/libraries
copying build/lib/robot/errors.py -> /home/ubuntu/miniconda/envs/_build/lib/python2.7/site-packages/robot
copying build/lib/robot/tidy.py -> /home/ubuntu/miniconda/envs/_build/lib/python2.7/site-packages/robot
creating /home/ubuntu/miniconda/envs/_build/lib/python2.7/site-packages/robot/model
copying build/lib/robot/model/totalstatistics.py -> /home/ubuntu/miniconda/envs/_build/lib/python2.7/site-packages/robot/model
copying build/lib/robot/model/visitor.py -> /home/ubuntu/miniconda/envs/_build/lib/python2.7/site-packages/robot/model
copying build/lib/robot/model/statistics.py -> /home/ubuntu/miniconda/envs/_build/lib/python2.7/site-packages/robot/model
copying build/lib/robot/model/tags.py -> /home/ubuntu/miniconda/envs/_build/lib/python2.7/site-packages/robot/model
copying build/lib/robot/model/filter.py -> /home/ubuntu/miniconda/envs/_build/lib/python2.7/site-packages/robot/model
copying build/lib/robot/model/tagsetter.py -> /home/ubuntu/miniconda/envs/_build/lib/python2.7/site-packages/robot/model
copying build/lib/robot/model/tagstatistics.py -> /home/ubuntu/miniconda/envs/_build/lib/python2.7/site-packages/robot/model
copying build/lib/robot/model/stats.py -> /home/ubuntu/miniconda/envs/_build/lib/python2.7/site-packages/robot/model
copying build/lib/robot/model/itemlist.py -> /home/ubuntu/miniconda/envs/_build/lib/python2.7/site-packages/robot/model
copying build/lib/robot/model/message.py -> /home/ubuntu/miniconda/envs/_build/lib/python2.7/site-packages/robot/model
copying build/lib/robot/model/configurer.py -> /home/ubuntu/miniconda/envs/_build/lib/python2.7/site-packages/robot/model
copying build/lib/robot/model/modelobject.py -> /home/ubuntu/miniconda/envs/_build/lib/python2.7/site-packages/robot/model
copying build/lib/robot/model/criticality.py -> /home/ubuntu/miniconda/envs/_build/lib/python2.7/site-packages/robot/model
copying build/lib/robot/model/imports.py -> /home/ubuntu/miniconda/envs/_build/lib/python2.7/site-packages/robot/model
copying build/lib/robot/model/__init__.py -> /home/ubuntu/miniconda/envs/_build/lib/python2.7/site-packages/robot/model
copying build/lib/robot/model/suitestatistics.py -> /home/ubuntu/miniconda/envs/_build/lib/python2.7/site-packages/robot/model
copying build/lib/robot/model/testcase.py -> /home/ubuntu/miniconda/envs/_build/lib/python2.7/site-packages/robot/model
copying build/lib/robot/model/namepatterns.py -> /home/ubuntu/miniconda/envs/_build/lib/python2.7/site-packages/robot/model
copying build/lib/robot/model/keyword.py -> /home/ubuntu/miniconda/envs/_build/lib/python2.7/site-packages/robot/model
copying build/lib/robot/model/metadata.py -> /home/ubuntu/miniconda/envs/_build/lib/python2.7/site-packages/robot/model
copying build/lib/robot/model/testsuite.py -> /home/ubuntu/miniconda/envs/_build/lib/python2.7/site-packages/robot/model
creating /home/ubuntu/miniconda/envs/_build/lib/python2.7/site-packages/robot/writer
copying build/lib/robot/writer/htmltemplate.py -> /home/ubuntu/miniconda/envs/_build/lib/python2.7/site-packages/robot/writer
copying build/lib/robot/writer/rowsplitter.py -> /home/ubuntu/miniconda/envs/_build/lib/python2.7/site-packages/robot/writer
copying build/lib/robot/writer/htmlformatter.py -> /home/ubuntu/miniconda/envs/_build/lib/python2.7/site-packages/robot/writer
copying build/lib/robot/writer/filewriters.py -> /home/ubuntu/miniconda/envs/_build/lib/python2.7/site-packages/robot/writer
copying build/lib/robot/writer/dataextractor.py -> /home/ubuntu/miniconda/envs/_build/lib/python2.7/site-packages/robot/writer
copying build/lib/robot/writer/datafilewriter.py -> /home/ubuntu/miniconda/envs/_build/lib/python2.7/site-packages/robot/writer
copying build/lib/robot/writer/__init__.py -> /home/ubuntu/miniconda/envs/_build/lib/python2.7/site-packages/robot/writer
copying build/lib/robot/writer/formatters.py -> /home/ubuntu/miniconda/envs/_build/lib/python2.7/site-packages/robot/writer
copying build/lib/robot/writer/aligners.py -> /home/ubuntu/miniconda/envs/_build/lib/python2.7/site-packages/robot/writer
copying build/lib/robot/libdoc.py -> /home/ubuntu/miniconda/envs/_build/lib/python2.7/site-packages/robot
creating /home/ubuntu/miniconda/envs/_build/lib/python2.7/site-packages/robot/libdocpkg
copying build/lib/robot/libdocpkg/htmlwriter.py -> /home/ubuntu/miniconda/envs/_build/lib/python2.7/site-packages/robot/libdocpkg
copying build/lib/robot/libdocpkg/model.py -> /home/ubuntu/miniconda/envs/_build/lib/python2.7/site-packages/robot/libdocpkg
copying build/lib/robot/libdocpkg/output.py -> /home/ubuntu/miniconda/envs/_build/lib/python2.7/site-packages/robot/libdocpkg
copying build/lib/robot/libdocpkg/consoleviewer.py -> /home/ubuntu/miniconda/envs/_build/lib/python2.7/site-packages/robot/libdocpkg
copying build/lib/robot/libdocpkg/specbuilder.py -> /home/ubuntu/miniconda/envs/_build/lib/python2.7/site-packages/robot/libdocpkg
copying build/lib/robot/libdocpkg/builder.py -> /home/ubuntu/miniconda/envs/_build/lib/python2.7/site-packages/robot/libdocpkg
copying build/lib/robot/libdocpkg/__init__.py -> /home/ubuntu/miniconda/envs/_build/lib/python2.7/site-packages/robot/libdocpkg
copying build/lib/robot/libdocpkg/javabuilder.py -> /home/ubuntu/miniconda/envs/_build/lib/python2.7/site-packages/robot/libdocpkg
copying build/lib/robot/libdocpkg/robotbuilder.py -> /home/ubuntu/miniconda/envs/_build/lib/python2.7/site-packages/robot/libdocpkg
copying build/lib/robot/libdocpkg/xmlwriter.py -> /home/ubuntu/miniconda/envs/_build/lib/python2.7/site-packages/robot/libdocpkg
copying build/lib/robot/libdocpkg/writer.py -> /home/ubuntu/miniconda/envs/_build/lib/python2.7/site-packages/robot/libdocpkg
copying build/lib/robot/pythonpathsetter.py -> /home/ubuntu/miniconda/envs/_build/lib/python2.7/site-packages/robot
creating /home/ubuntu/miniconda/envs/_build/lib/python2.7/site-packages/robot/utils
copying build/lib/robot/utils/robottypes.py -> /home/ubuntu/miniconda/envs/_build/lib/python2.7/site-packages/robot/utils
copying build/lib/robot/utils/asserts.py -> /home/ubuntu/miniconda/envs/_build/lib/python2.7/site-packages/robot/utils
copying build/lib/robot/utils/robottime.py -> /home/ubuntu/miniconda/envs/_build/lib/python2.7/site-packages/robot/utils
copying build/lib/robot/utils/escaping.py -> /home/ubuntu/miniconda/envs/_build/lib/python2.7/site-packages/robot/utils
copying build/lib/robot/utils/charwidth.py -> /home/ubuntu/miniconda/envs/_build/lib/python2.7/site-packages/robot/utils
copying build/lib/robot/utils/dotdict.py -> /home/ubuntu/miniconda/envs/_build/lib/python2.7/site-packages/robot/utils
copying build/lib/robot/utils/encoding.py -> /home/ubuntu/miniconda/envs/_build/lib/python2.7/site-packages/robot/utils
copying build/lib/robot/utils/robotinspect.py -> /home/ubuntu/miniconda/envs/_build/lib/python2.7/site-packages/robot/utils
copying build/lib/robot/utils/connectioncache.py -> /home/ubuntu/miniconda/envs/_build/lib/python2.7/site-packages/robot/utils
copying build/lib/robot/utils/platform.py -> /home/ubuntu/miniconda/envs/_build/lib/python2.7/site-packages/robot/utils
copying build/lib/robot/utils/unic.py -> /home/ubuntu/miniconda/envs/_build/lib/python2.7/site-packages/robot/utils
copying build/lib/robot/utils/application.py -> /home/ubuntu/miniconda/envs/_build/lib/python2.7/site-packages/robot/utils
copying build/lib/robot/utils/recommendations.py -> /home/ubuntu/miniconda/envs/_build/lib/python2.7/site-packages/robot/utils
copying build/lib/robot/utils/match.py -> /home/ubuntu/miniconda/envs/_build/lib/python2.7/site-packages/robot/utils
copying build/lib/robot/utils/markupwriters.py -> /home/ubuntu/miniconda/envs/_build/lib/python2.7/site-packages/robot/utils
copying build/lib/robot/utils/frange.py -> /home/ubuntu/miniconda/envs/_build/lib/python2.7/site-packages/robot/utils
copying build/lib/robot/utils/normalizing.py -> /home/ubuntu/miniconda/envs/_build/lib/python2.7/site-packages/robot/utils
copying build/lib/robot/utils/htmlformatters.py -> /home/ubuntu/miniconda/envs/_build/lib/python2.7/site-packages/robot/utils
copying build/lib/robot/utils/robotpath.py -> /home/ubuntu/miniconda/envs/_build/lib/python2.7/site-packages/robot/utils
copying build/lib/robot/utils/markuputils.py -> /home/ubuntu/miniconda/envs/_build/lib/python2.7/site-packages/robot/utils
copying build/lib/robot/utils/text.py -> /home/ubuntu/miniconda/envs/_build/lib/python2.7/site-packages/robot/utils
copying build/lib/robot/utils/argumentparser.py -> /home/ubuntu/miniconda/envs/_build/lib/python2.7/site-packages/robot/utils
copying build/lib/robot/utils/robotenv.py -> /home/ubuntu/miniconda/envs/_build/lib/python2.7/site-packages/robot/utils
copying build/lib/robot/utils/importer.py -> /home/ubuntu/miniconda/envs/_build/lib/python2.7/site-packages/robot/utils
copying build/lib/robot/utils/misc.py -> /home/ubuntu/miniconda/envs/_build/lib/python2.7/site-packages/robot/utils
copying build/lib/robot/utils/encodingsniffer.py -> /home/ubuntu/miniconda/envs/_build/lib/python2.7/site-packages/robot/utils
copying build/lib/robot/utils/__init__.py -> /home/ubuntu/miniconda/envs/_build/lib/python2.7/site-packages/robot/utils
copying build/lib/robot/utils/error.py -> /home/ubuntu/miniconda/envs/_build/lib/python2.7/site-packages/robot/utils
copying build/lib/robot/utils/compress.py -> /home/ubuntu/miniconda/envs/_build/lib/python2.7/site-packages/robot/utils
copying build/lib/robot/utils/ordereddict.py -> /home/ubuntu/miniconda/envs/_build/lib/python2.7/site-packages/robot/utils
copying build/lib/robot/utils/utf8reader.py -> /home/ubuntu/miniconda/envs/_build/lib/python2.7/site-packages/robot/utils
copying build/lib/robot/utils/etreewrapper.py -> /home/ubuntu/miniconda/envs/_build/lib/python2.7/site-packages/robot/utils
copying build/lib/robot/utils/setter.py -> /home/ubuntu/miniconda/envs/_build/lib/python2.7/site-packages/robot/utils
creating /home/ubuntu/miniconda/envs/_build/lib/python2.7/site-packages/robot/running
creating /home/ubuntu/miniconda/envs/_build/lib/python2.7/site-packages/robot/running/arguments
copying build/lib/robot/running/arguments/argumentresolver.py -> /home/ubuntu/miniconda/envs/_build/lib/python2.7/site-packages/robot/running/arguments
copying build/lib/robot/running/arguments/javaargumentcoercer.py -> /home/ubuntu/miniconda/envs/_build/lib/python2.7/site-packages/robot/running/arguments
copying build/lib/robot/running/arguments/argumentspec.py -> /home/ubuntu/miniconda/envs/_build/lib/python2.7/site-packages/robot/running/arguments
copying build/lib/robot/running/arguments/argumentvalidator.py -> /home/ubuntu/miniconda/envs/_build/lib/python2.7/site-packages/robot/running/arguments
copying build/lib/robot/running/arguments/embedded.py -> /home/ubuntu/miniconda/envs/_build/lib/python2.7/site-packages/robot/running/arguments
copying build/lib/robot/running/arguments/argumentparser.py -> /home/ubuntu/miniconda/envs/_build/lib/python2.7/site-packages/robot/running/arguments
copying build/lib/robot/running/arguments/__init__.py -> /home/ubuntu/miniconda/envs/_build/lib/python2.7/site-packages/robot/running/arguments
copying build/lib/robot/running/arguments/argumentmapper.py -> /home/ubuntu/miniconda/envs/_build/lib/python2.7/site-packages/robot/running/arguments
copying build/lib/robot/running/testlibraries.py -> /home/ubuntu/miniconda/envs/_build/lib/python2.7/site-packages/robot/running
creating /home/ubuntu/miniconda/envs/_build/lib/python2.7/site-packages/robot/running/timeouts
copying build/lib/robot/running/timeouts/jython.py -> /home/ubuntu/miniconda/envs/_build/lib/python2.7/site-packages/robot/running/timeouts
copying build/lib/robot/running/timeouts/__init__.py -> /home/ubuntu/miniconda/envs/_build/lib/python2.7/site-packages/robot/running/timeouts
copying build/lib/robot/running/timeouts/ironpython.py -> /home/ubuntu/miniconda/envs/_build/lib/python2.7/site-packages/robot/running/timeouts
copying build/lib/robot/running/timeouts/posix.py -> /home/ubuntu/miniconda/envs/_build/lib/python2.7/site-packages/robot/running/timeouts
copying build/lib/robot/running/timeouts/windows.py -> /home/ubuntu/miniconda/envs/_build/lib/python2.7/site-packages/robot/running/timeouts
copying build/lib/robot/running/keywords.py -> /home/ubuntu/miniconda/envs/_build/lib/python2.7/site-packages/robot/running
copying build/lib/robot/running/model.py -> /home/ubuntu/miniconda/envs/_build/lib/python2.7/site-packages/robot/running
copying build/lib/robot/running/handlerstore.py -> /home/ubuntu/miniconda/envs/_build/lib/python2.7/site-packages/robot/running
copying build/lib/robot/running/status.py -> /home/ubuntu/miniconda/envs/_build/lib/python2.7/site-packages/robot/running
copying build/lib/robot/running/dynamicmethods.py -> /home/ubuntu/miniconda/envs/_build/lib/python2.7/site-packages/robot/running
copying build/lib/robot/running/signalhandler.py -> /home/ubuntu/miniconda/envs/_build/lib/python2.7/site-packages/robot/running
copying build/lib/robot/running/defaults.py -> /home/ubuntu/miniconda/envs/_build/lib/python2.7/site-packages/robot/running
copying build/lib/robot/running/runkwregister.py -> /home/ubuntu/miniconda/envs/_build/lib/python2.7/site-packages/robot/running
copying build/lib/robot/running/builder.py -> /home/ubuntu/miniconda/envs/_build/lib/python2.7/site-packages/robot/running
copying build/lib/robot/running/outputcapture.py -> /home/ubuntu/miniconda/envs/_build/lib/python2.7/site-packages/robot/running
copying build/lib/robot/running/userkeyword.py -> /home/ubuntu/miniconda/envs/_build/lib/python2.7/site-packages/robot/running
copying build/lib/robot/running/namespace.py -> /home/ubuntu/miniconda/envs/_build/lib/python2.7/site-packages/robot/running
copying build/lib/robot/running/importer.py -> /home/ubuntu/miniconda/envs/_build/lib/python2.7/site-packages/robot/running
copying build/lib/robot/running/context.py -> /home/ubuntu/miniconda/envs/_build/lib/python2.7/site-packages/robot/running
copying build/lib/robot/running/__init__.py -> /home/ubuntu/miniconda/envs/_build/lib/python2.7/site-packages/robot/running
copying build/lib/robot/running/runner.py -> /home/ubuntu/miniconda/envs/_build/lib/python2.7/site-packages/robot/running
copying build/lib/robot/running/usererrorhandler.py -> /home/ubuntu/miniconda/envs/_build/lib/python2.7/site-packages/robot/running
copying build/lib/robot/running/randomizer.py -> /home/ubuntu/miniconda/envs/_build/lib/python2.7/site-packages/robot/running
copying build/lib/robot/running/handlers.py -> /home/ubuntu/miniconda/envs/_build/lib/python2.7/site-packages/robot/running
creating /home/ubuntu/miniconda/envs/_build/lib/python2.7/site-packages/robot/variables
copying build/lib/robot/variables/filesetter.py -> /home/ubuntu/miniconda/envs/_build/lib/python2.7/site-packages/robot/variables
copying build/lib/robot/variables/store.py -> /home/ubuntu/miniconda/envs/_build/lib/python2.7/site-packages/robot/variables
copying build/lib/robot/variables/splitter.py -> /home/ubuntu/miniconda/envs/_build/lib/python2.7/site-packages/robot/variables
copying build/lib/robot/variables/replacer.py -> /home/ubuntu/miniconda/envs/_build/lib/python2.7/site-packages/robot/variables
copying build/lib/robot/variables/assigner.py -> /home/ubuntu/miniconda/envs/_build/lib/python2.7/site-packages/robot/variables
copying build/lib/robot/variables/variables.py -> /home/ubuntu/miniconda/envs/_build/lib/python2.7/site-packages/robot/variables
copying build/lib/robot/variables/tablesetter.py -> /home/ubuntu/miniconda/envs/_build/lib/python2.7/site-packages/robot/variables
copying build/lib/robot/variables/finders.py -> /home/ubuntu/miniconda/envs/_build/lib/python2.7/site-packages/robot/variables
copying build/lib/robot/variables/__init__.py -> /home/ubuntu/miniconda/envs/_build/lib/python2.7/site-packages/robot/variables
copying build/lib/robot/variables/notfound.py -> /home/ubuntu/miniconda/envs/_build/lib/python2.7/site-packages/robot/variables
copying build/lib/robot/variables/isvar.py -> /home/ubuntu/miniconda/envs/_build/lib/python2.7/site-packages/robot/variables
creating /home/ubuntu/miniconda/envs/_build/lib/python2.7/site-packages/robot/reporting
copying build/lib/robot/reporting/jswriter.py -> /home/ubuntu/miniconda/envs/_build/lib/python2.7/site-packages/robot/reporting
copying build/lib/robot/reporting/logreportwriters.py -> /home/ubuntu/miniconda/envs/_build/lib/python2.7/site-packages/robot/reporting
copying build/lib/robot/reporting/jsmodelbuilders.py -> /home/ubuntu/miniconda/envs/_build/lib/python2.7/site-packages/robot/reporting
copying build/lib/robot/reporting/jsbuildingcontext.py -> /home/ubuntu/miniconda/envs/_build/lib/python2.7/site-packages/robot/reporting
copying build/lib/robot/reporting/jsexecutionresult.py -> /home/ubuntu/miniconda/envs/_build/lib/python2.7/site-packages/robot/reporting
copying build/lib/robot/reporting/stringcache.py -> /home/ubuntu/miniconda/envs/_build/lib/python2.7/site-packages/robot/reporting
copying build/lib/robot/reporting/resultwriter.py -> /home/ubuntu/miniconda/envs/_build/lib/python2.7/site-packages/robot/reporting
copying build/lib/robot/reporting/xunitwriter.py -> /home/ubuntu/miniconda/envs/_build/lib/python2.7/site-packages/robot/reporting
copying build/lib/robot/reporting/__init__.py -> /home/ubuntu/miniconda/envs/_build/lib/python2.7/site-packages/robot/reporting
copying build/lib/robot/reporting/outputwriter.py -> /home/ubuntu/miniconda/envs/_build/lib/python2.7/site-packages/robot/reporting
creating /home/ubuntu/miniconda/envs/_build/lib/python2.7/site-packages/robot/api
copying build/lib/robot/api/deco.py -> /home/ubuntu/miniconda/envs/_build/lib/python2.7/site-packages/robot/api
copying build/lib/robot/api/__init__.py -> /home/ubuntu/miniconda/envs/_build/lib/python2.7/site-packages/robot/api
copying build/lib/robot/api/logger.py -> /home/ubuntu/miniconda/envs/_build/lib/python2.7/site-packages/robot/api
creating /home/ubuntu/miniconda/envs/_build/lib/python2.7/site-packages/robot/conf
copying build/lib/robot/conf/gatherfailed.py -> /home/ubuntu/miniconda/envs/_build/lib/python2.7/site-packages/robot/conf
copying build/lib/robot/conf/__init__.py -> /home/ubuntu/miniconda/envs/_build/lib/python2.7/site-packages/robot/conf
copying build/lib/robot/conf/settings.py -> /home/ubuntu/miniconda/envs/_build/lib/python2.7/site-packages/robot/conf
creating /home/ubuntu/miniconda/envs/_build/lib/python2.7/site-packages/robot/htmldata
creating /home/ubuntu/miniconda/envs/_build/lib/python2.7/site-packages/robot/htmldata/common
copying build/lib/robot/htmldata/common/doc_formatting.css -> /home/ubuntu/miniconda/envs/_build/lib/python2.7/site-packages/robot/htmldata/common
copying build/lib/robot/htmldata/common/js_disabled.css -> /home/ubuntu/miniconda/envs/_build/lib/python2.7/site-packages/robot/htmldata/common
copying build/lib/robot/htmldata/common/storage.js -> /home/ubuntu/miniconda/envs/_build/lib/python2.7/site-packages/robot/htmldata/common
creating /home/ubuntu/miniconda/envs/_build/lib/python2.7/site-packages/robot/htmldata/rebot
copying build/lib/robot/htmldata/rebot/log.js -> /home/ubuntu/miniconda/envs/_build/lib/python2.7/site-packages/robot/htmldata/rebot
copying build/lib/robot/htmldata/rebot/view.js -> /home/ubuntu/miniconda/envs/_build/lib/python2.7/site-packages/robot/htmldata/rebot
copying build/lib/robot/htmldata/rebot/log.html -> /home/ubuntu/miniconda/envs/_build/lib/python2.7/site-packages/robot/htmldata/rebot
copying build/lib/robot/htmldata/rebot/report.css -> /home/ubuntu/miniconda/envs/_build/lib/python2.7/site-packages/robot/htmldata/rebot
copying build/lib/robot/htmldata/rebot/testdata.js -> /home/ubuntu/miniconda/envs/_build/lib/python2.7/site-packages/robot/htmldata/rebot
copying build/lib/robot/htmldata/rebot/report.html -> /home/ubuntu/miniconda/envs/_build/lib/python2.7/site-packages/robot/htmldata/rebot
copying build/lib/robot/htmldata/rebot/print.css -> /home/ubuntu/miniconda/envs/_build/lib/python2.7/site-packages/robot/htmldata/rebot
copying build/lib/robot/htmldata/rebot/model.js -> /home/ubuntu/miniconda/envs/_build/lib/python2.7/site-packages/robot/htmldata/rebot
copying build/lib/robot/htmldata/rebot/util.js -> /home/ubuntu/miniconda/envs/_build/lib/python2.7/site-packages/robot/htmldata/rebot
copying build/lib/robot/htmldata/rebot/fileloading.js -> /home/ubuntu/miniconda/envs/_build/lib/python2.7/site-packages/robot/htmldata/rebot
copying build/lib/robot/htmldata/rebot/log.css -> /home/ubuntu/miniconda/envs/_build/lib/python2.7/site-packages/robot/htmldata/rebot
copying build/lib/robot/htmldata/rebot/common.css -> /home/ubuntu/miniconda/envs/_build/lib/python2.7/site-packages/robot/htmldata/rebot
copying build/lib/robot/htmldata/jsonwriter.py -> /home/ubuntu/miniconda/envs/_build/lib/python2.7/site-packages/robot/htmldata
creating /home/ubuntu/miniconda/envs/_build/lib/python2.7/site-packages/robot/htmldata/testdoc
copying build/lib/robot/htmldata/testdoc/testdoc.css -> /home/ubuntu/miniconda/envs/_build/lib/python2.7/site-packages/robot/htmldata/testdoc
copying build/lib/robot/htmldata/testdoc/testdoc.html -> /home/ubuntu/miniconda/envs/_build/lib/python2.7/site-packages/robot/htmldata/testdoc
copying build/lib/robot/htmldata/jartemplate.py -> /home/ubuntu/miniconda/envs/_build/lib/python2.7/site-packages/robot/htmldata
copying build/lib/robot/htmldata/htmlfilewriter.py -> /home/ubuntu/miniconda/envs/_build/lib/python2.7/site-packages/robot/htmldata
copying build/lib/robot/htmldata/__init__.py -> /home/ubuntu/miniconda/envs/_build/lib/python2.7/site-packages/robot/htmldata
copying build/lib/robot/htmldata/template.py -> /home/ubuntu/miniconda/envs/_build/lib/python2.7/site-packages/robot/htmldata
creating /home/ubuntu/miniconda/envs/_build/lib/python2.7/site-packages/robot/htmldata/lib
copying build/lib/robot/htmldata/lib/jquery.tmpl.min.js -> /home/ubuntu/miniconda/envs/_build/lib/python2.7/site-packages/robot/htmldata/lib
copying build/lib/robot/htmldata/lib/jsxcompressor.min.js -> /home/ubuntu/miniconda/envs/_build/lib/python2.7/site-packages/robot/htmldata/lib
copying build/lib/robot/htmldata/lib/jquery.min.js -> /home/ubuntu/miniconda/envs/_build/lib/python2.7/site-packages/robot/htmldata/lib
copying build/lib/robot/htmldata/lib/jquery.tablesorter.min.js -> /home/ubuntu/miniconda/envs/_build/lib/python2.7/site-packages/robot/htmldata/lib
copying build/lib/robot/htmldata/lib/jquery.highlight.min.js -> /home/ubuntu/miniconda/envs/_build/lib/python2.7/site-packages/robot/htmldata/lib
copying build/lib/robot/htmldata/normaltemplate.py -> /home/ubuntu/miniconda/envs/_build/lib/python2.7/site-packages/robot/htmldata
creating /home/ubuntu/miniconda/envs/_build/lib/python2.7/site-packages/robot/htmldata/libdoc
copying build/lib/robot/htmldata/libdoc/libdoc.css -> /home/ubuntu/miniconda/envs/_build/lib/python2.7/site-packages/robot/htmldata/libdoc
copying build/lib/robot/htmldata/libdoc/libdoc.html -> /home/ubuntu/miniconda/envs/_build/lib/python2.7/site-packages/robot/htmldata/libdoc
copying build/lib/robot/htmldata/libdoc/print.css -> /home/ubuntu/miniconda/envs/_build/lib/python2.7/site-packages/robot/htmldata/libdoc
copying build/lib/robot/version.py -> /home/ubuntu/miniconda/envs/_build/lib/python2.7/site-packages/robot
creating /home/ubuntu/miniconda/envs/_build/lib/python2.7/site-packages/robot/result
copying build/lib/robot/result/xmlelementhandlers.py -> /home/ubuntu/miniconda/envs/_build/lib/python2.7/site-packages/robot/result
copying build/lib/robot/result/merger.py -> /home/ubuntu/miniconda/envs/_build/lib/python2.7/site-packages/robot/result
copying build/lib/robot/result/flattenkeywordmatcher.py -> /home/ubuntu/miniconda/envs/_build/lib/python2.7/site-packages/robot/result
copying build/lib/robot/result/executionresult.py -> /home/ubuntu/miniconda/envs/_build/lib/python2.7/site-packages/robot/result
copying build/lib/robot/result/suiteteardownfailed.py -> /home/ubuntu/miniconda/envs/_build/lib/python2.7/site-packages/robot/result
copying build/lib/robot/result/resultbuilder.py -> /home/ubuntu/miniconda/envs/_build/lib/python2.7/site-packages/robot/result
copying build/lib/robot/result/visitor.py -> /home/ubuntu/miniconda/envs/_build/lib/python2.7/site-packages/robot/result
copying build/lib/robot/result/message.py -> /home/ubuntu/miniconda/envs/_build/lib/python2.7/site-packages/robot/result
copying build/lib/robot/result/configurer.py -> /home/ubuntu/miniconda/envs/_build/lib/python2.7/site-packages/robot/result
copying build/lib/robot/result/messagefilter.py -> /home/ubuntu/miniconda/envs/_build/lib/python2.7/site-packages/robot/result
copying build/lib/robot/result/keywordremover.py -> /home/ubuntu/miniconda/envs/_build/lib/python2.7/site-packages/robot/result
copying build/lib/robot/result/executionerrors.py -> /home/ubuntu/miniconda/envs/_build/lib/python2.7/site-packages/robot/result
copying build/lib/robot/result/__init__.py -> /home/ubuntu/miniconda/envs/_build/lib/python2.7/site-packages/robot/result
copying build/lib/robot/result/testcase.py -> /home/ubuntu/miniconda/envs/_build/lib/python2.7/site-packages/robot/result
copying build/lib/robot/result/keyword.py -> /home/ubuntu/miniconda/envs/_build/lib/python2.7/site-packages/robot/result
copying build/lib/robot/result/testsuite.py -> /home/ubuntu/miniconda/envs/_build/lib/python2.7/site-packages/robot/result
creating /home/ubuntu/miniconda/envs/_build/lib/python2.7/site-packages/robot/parsing
copying build/lib/robot/parsing/tablepopulators.py -> /home/ubuntu/miniconda/envs/_build/lib/python2.7/site-packages/robot/parsing
copying build/lib/robot/parsing/txtreader.py -> /home/ubuntu/miniconda/envs/_build/lib/python2.7/site-packages/robot/parsing
copying build/lib/robot/parsing/model.py -> /home/ubuntu/miniconda/envs/_build/lib/python2.7/site-packages/robot/parsing
copying build/lib/robot/parsing/datarow.py -> /home/ubuntu/miniconda/envs/_build/lib/python2.7/site-packages/robot/parsing
copying build/lib/robot/parsing/tsvreader.py -> /home/ubuntu/miniconda/envs/_build/lib/python2.7/site-packages/robot/parsing
copying build/lib/robot/parsing/restreader.py -> /home/ubuntu/miniconda/envs/_build/lib/python2.7/site-packages/robot/parsing
copying build/lib/robot/parsing/restsupport.py -> /home/ubuntu/miniconda/envs/_build/lib/python2.7/site-packages/robot/parsing
copying build/lib/robot/parsing/htmlreader.py -> /home/ubuntu/miniconda/envs/_build/lib/python2.7/site-packages/robot/parsing
copying build/lib/robot/parsing/__init__.py -> /home/ubuntu/miniconda/envs/_build/lib/python2.7/site-packages/robot/parsing
copying build/lib/robot/parsing/comments.py -> /home/ubuntu/miniconda/envs/_build/lib/python2.7/site-packages/robot/parsing
copying build/lib/robot/parsing/settings.py -> /home/ubuntu/miniconda/envs/_build/lib/python2.7/site-packages/robot/parsing
copying build/lib/robot/parsing/populators.py -> /home/ubuntu/miniconda/envs/_build/lib/python2.7/site-packages/robot/parsing
creating /home/ubuntu/miniconda/envs/_build/lib/python2.7/site-packages/robot/output
copying build/lib/robot/output/loggerhelper.py -> /home/ubuntu/miniconda/envs/_build/lib/python2.7/site-packages/robot/output
copying build/lib/robot/output/filelogger.py -> /home/ubuntu/miniconda/envs/_build/lib/python2.7/site-packages/robot/output
copying build/lib/robot/output/xmllogger.py -> /home/ubuntu/miniconda/envs/_build/lib/python2.7/site-packages/robot/output
copying build/lib/robot/output/librarylisteners.py -> /home/ubuntu/miniconda/envs/_build/lib/python2.7/site-packages/robot/output
copying build/lib/robot/output/highlighting.py -> /home/ubuntu/miniconda/envs/_build/lib/python2.7/site-packages/robot/output
copying build/lib/robot/output/output.py -> /home/ubuntu/miniconda/envs/_build/lib/python2.7/site-packages/robot/output
copying build/lib/robot/output/monitor.py -> /home/ubuntu/miniconda/envs/_build/lib/python2.7/site-packages/robot/output
copying build/lib/robot/output/stdoutlogsplitter.py -> /home/ubuntu/miniconda/envs/_build/lib/python2.7/site-packages/robot/output
copying build/lib/robot/output/librarylogger.py -> /home/ubuntu/miniconda/envs/_build/lib/python2.7/site-packages/robot/output
copying build/lib/robot/output/pyloggingconf.py -> /home/ubuntu/miniconda/envs/_build/lib/python2.7/site-packages/robot/output
copying build/lib/robot/output/debugfile.py -> /home/ubuntu/miniconda/envs/_build/lib/python2.7/site-packages/robot/output
copying build/lib/robot/output/__init__.py -> /home/ubuntu/miniconda/envs/_build/lib/python2.7/site-packages/robot/output
copying build/lib/robot/output/logger.py -> /home/ubuntu/miniconda/envs/_build/lib/python2.7/site-packages/robot/output
copying build/lib/robot/output/listeners.py -> /home/ubuntu/miniconda/envs/_build/lib/python2.7/site-packages/robot/output
copying build/lib/robot/jarrunner.py -> /home/ubuntu/miniconda/envs/_build/lib/python2.7/site-packages/robot
copying build/lib/robot/run.py -> /home/ubuntu/miniconda/envs/_build/lib/python2.7/site-packages/robot
copying build/lib/robot/__init__.py -> /home/ubuntu/miniconda/envs/_build/lib/python2.7/site-packages/robot
byte-compiling /home/ubuntu/miniconda/envs/_build/lib/python2.7/site-packages/robot/rebot.py to rebot.pyc
byte-compiling /home/ubuntu/miniconda/envs/_build/lib/python2.7/site-packages/robot/testdoc.py to testdoc.pyc
byte-compiling /home/ubuntu/miniconda/envs/_build/lib/python2.7/site-packages/robot/libraries/dialogs_ipy.py to dialogs_ipy.pyc
byte-compiling /home/ubuntu/miniconda/envs/_build/lib/python2.7/site-packages/robot/libraries/DeprecatedBuiltIn.py to DeprecatedBuiltIn.pyc
byte-compiling /home/ubuntu/miniconda/envs/_build/lib/python2.7/site-packages/robot/libraries/Reserved.py to Reserved.pyc
byte-compiling /home/ubuntu/miniconda/envs/_build/lib/python2.7/site-packages/robot/libraries/XML.py to XML.pyc
byte-compiling /home/ubuntu/miniconda/envs/_build/lib/python2.7/site-packages/robot/libraries/Telnet.py to Telnet.pyc
byte-compiling /home/ubuntu/miniconda/envs/_build/lib/python2.7/site-packages/robot/libraries/DateTime.py to DateTime.pyc
byte-compiling /home/ubuntu/miniconda/envs/_build/lib/python2.7/site-packages/robot/libraries/Remote.py to Remote.pyc
byte-compiling /home/ubuntu/miniconda/envs/_build/lib/python2.7/site-packages/robot/libraries/Easter.py to Easter.pyc
byte-compiling /home/ubuntu/miniconda/envs/_build/lib/python2.7/site-packages/robot/libraries/OperatingSystem.py to OperatingSystem.pyc
byte-compiling /home/ubuntu/miniconda/envs/_build/lib/python2.7/site-packages/robot/libraries/dialogs_py.py to dialogs_py.pyc
byte-compiling /home/ubuntu/miniconda/envs/_build/lib/python2.7/site-packages/robot/libraries/Collections.py to Collections.pyc
byte-compiling /home/ubuntu/miniconda/envs/_build/lib/python2.7/site-packages/robot/libraries/Dialogs.py to Dialogs.pyc
byte-compiling /home/ubuntu/miniconda/envs/_build/lib/python2.7/site-packages/robot/libraries/Screenshot.py to Screenshot.pyc
byte-compiling /home/ubuntu/miniconda/envs/_build/lib/python2.7/site-packages/robot/libraries/dialogs_jy.py to dialogs_jy.pyc
byte-compiling /home/ubuntu/miniconda/envs/_build/lib/python2.7/site-packages/robot/libraries/__init__.py to __init__.pyc
byte-compiling /home/ubuntu/miniconda/envs/_build/lib/python2.7/site-packages/robot/libraries/Process.py to Process.pyc
byte-compiling /home/ubuntu/miniconda/envs/_build/lib/python2.7/site-packages/robot/libraries/BuiltIn.py to BuiltIn.pyc
byte-compiling /home/ubuntu/miniconda/envs/_build/lib/python2.7/site-packages/robot/libraries/DeprecatedOperatingSystem.py to DeprecatedOperatingSystem.pyc
byte-compiling /home/ubuntu/miniconda/envs/_build/lib/python2.7/site-packages/robot/libraries/String.py to String.pyc
byte-compiling /home/ubuntu/miniconda/envs/_build/lib/python2.7/site-packages/robot/errors.py to errors.pyc
byte-compiling /home/ubuntu/miniconda/envs/_build/lib/python2.7/site-packages/robot/tidy.py to tidy.pyc
byte-compiling /home/ubuntu/miniconda/envs/_build/lib/python2.7/site-packages/robot/model/totalstatistics.py to totalstatistics.pyc
byte-compiling /home/ubuntu/miniconda/envs/_build/lib/python2.7/site-packages/robot/model/visitor.py to visitor.pyc
byte-compiling /home/ubuntu/miniconda/envs/_build/lib/python2.7/site-packages/robot/model/statistics.py to statistics.pyc
byte-compiling /home/ubuntu/miniconda/envs/_build/lib/python2.7/site-packages/robot/model/tags.py to tags.pyc
byte-compiling /home/ubuntu/miniconda/envs/_build/lib/python2.7/site-packages/robot/model/filter.py to filter.pyc
byte-compiling /home/ubuntu/miniconda/envs/_build/lib/python2.7/site-packages/robot/model/tagsetter.py to tagsetter.pyc
byte-compiling /home/ubuntu/miniconda/envs/_build/lib/python2.7/site-packages/robot/model/tagstatistics.py to tagstatistics.pyc
byte-compiling /home/ubuntu/miniconda/envs/_build/lib/python2.7/site-packages/robot/model/stats.py to stats.pyc
byte-compiling /home/ubuntu/miniconda/envs/_build/lib/python2.7/site-packages/robot/model/itemlist.py to itemlist.pyc
byte-compiling /home/ubuntu/miniconda/envs/_build/lib/python2.7/site-packages/robot/model/message.py to message.pyc
byte-compiling /home/ubuntu/miniconda/envs/_build/lib/python2.7/site-packages/robot/model/configurer.py to configurer.pyc
byte-compiling /home/ubuntu/miniconda/envs/_build/lib/python2.7/site-packages/robot/model/modelobject.py to modelobject.pyc
byte-compiling /home/ubuntu/miniconda/envs/_build/lib/python2.7/site-packages/robot/model/criticality.py to criticality.pyc
byte-compiling /home/ubuntu/miniconda/envs/_build/lib/python2.7/site-packages/robot/model/imports.py to imports.pyc
byte-compiling /home/ubuntu/miniconda/envs/_build/lib/python2.7/site-packages/robot/model/__init__.py to __init__.pyc
byte-compiling /home/ubuntu/miniconda/envs/_build/lib/python2.7/site-packages/robot/model/suitestatistics.py to suitestatistics.pyc
byte-compiling /home/ubuntu/miniconda/envs/_build/lib/python2.7/site-packages/robot/model/testcase.py to testcase.pyc
byte-compiling /home/ubuntu/miniconda/envs/_build/lib/python2.7/site-packages/robot/model/namepatterns.py to namepatterns.pyc
byte-compiling /home/ubuntu/miniconda/envs/_build/lib/python2.7/site-packages/robot/model/keyword.py to keyword.pyc
byte-compiling /home/ubuntu/miniconda/envs/_build/lib/python2.7/site-packages/robot/model/metadata.py to metadata.pyc
byte-compiling /home/ubuntu/miniconda/envs/_build/lib/python2.7/site-packages/robot/model/testsuite.py to testsuite.pyc
byte-compiling /home/ubuntu/miniconda/envs/_build/lib/python2.7/site-packages/robot/writer/htmltemplate.py to htmltemplate.pyc
byte-compiling /home/ubuntu/miniconda/envs/_build/lib/python2.7/site-packages/robot/writer/rowsplitter.py to rowsplitter.pyc
byte-compiling /home/ubuntu/miniconda/envs/_build/lib/python2.7/site-packages/robot/writer/htmlformatter.py to htmlformatter.pyc
byte-compiling /home/ubuntu/miniconda/envs/_build/lib/python2.7/site-packages/robot/writer/filewriters.py to filewriters.pyc
byte-compiling /home/ubuntu/miniconda/envs/_build/lib/python2.7/site-packages/robot/writer/dataextractor.py to dataextractor.pyc
byte-compiling /home/ubuntu/miniconda/envs/_build/lib/python2.7/site-packages/robot/writer/datafilewriter.py to datafilewriter.pyc
byte-compiling /home/ubuntu/miniconda/envs/_build/lib/python2.7/site-packages/robot/writer/__init__.py to __init__.pyc
byte-compiling /home/ubuntu/miniconda/envs/_build/lib/python2.7/site-packages/robot/writer/formatters.py to formatters.pyc
byte-compiling /home/ubuntu/miniconda/envs/_build/lib/python2.7/site-packages/robot/writer/aligners.py to aligners.pyc
byte-compiling /home/ubuntu/miniconda/envs/_build/lib/python2.7/site-packages/robot/libdoc.py to libdoc.pyc
byte-compiling /home/ubuntu/miniconda/envs/_build/lib/python2.7/site-packages/robot/libdocpkg/htmlwriter.py to htmlwriter.pyc
byte-compiling /home/ubuntu/miniconda/envs/_build/lib/python2.7/site-packages/robot/libdocpkg/model.py to model.pyc
byte-compiling /home/ubuntu/miniconda/envs/_build/lib/python2.7/site-packages/robot/libdocpkg/output.py to output.pyc
byte-compiling /home/ubuntu/miniconda/envs/_build/lib/python2.7/site-packages/robot/libdocpkg/consoleviewer.py to consoleviewer.pyc
byte-compiling /home/ubuntu/miniconda/envs/_build/lib/python2.7/site-packages/robot/libdocpkg/specbuilder.py to specbuilder.pyc
byte-compiling /home/ubuntu/miniconda/envs/_build/lib/python2.7/site-packages/robot/libdocpkg/builder.py to builder.pyc
byte-compiling /home/ubuntu/miniconda/envs/_build/lib/python2.7/site-packages/robot/libdocpkg/__init__.py to __init__.pyc
byte-compiling /home/ubuntu/miniconda/envs/_build/lib/python2.7/site-packages/robot/libdocpkg/javabuilder.py to javabuilder.pyc
byte-compiling /home/ubuntu/miniconda/envs/_build/lib/python2.7/site-packages/robot/libdocpkg/robotbuilder.py to robotbuilder.pyc
byte-compiling /home/ubuntu/miniconda/envs/_build/lib/python2.7/site-packages/robot/libdocpkg/xmlwriter.py to xmlwriter.pyc
byte-compiling /home/ubuntu/miniconda/envs/_build/lib/python2.7/site-packages/robot/libdocpkg/writer.py to writer.pyc
byte-compiling /home/ubuntu/miniconda/envs/_build/lib/python2.7/site-packages/robot/pythonpathsetter.py to pythonpathsetter.pyc
byte-compiling /home/ubuntu/miniconda/envs/_build/lib/python2.7/site-packages/robot/utils/robottypes.py to robottypes.pyc
byte-compiling /home/ubuntu/miniconda/envs/_build/lib/python2.7/site-packages/robot/utils/asserts.py to asserts.pyc
byte-compiling /home/ubuntu/miniconda/envs/_build/lib/python2.7/site-packages/robot/utils/robottime.py to robottime.pyc
byte-compiling /home/ubuntu/miniconda/envs/_build/lib/python2.7/site-packages/robot/utils/escaping.py to escaping.pyc
byte-compiling /home/ubuntu/miniconda/envs/_build/lib/python2.7/site-packages/robot/utils/charwidth.py to charwidth.pyc
byte-compiling /home/ubuntu/miniconda/envs/_build/lib/python2.7/site-packages/robot/utils/dotdict.py to dotdict.pyc
byte-compiling /home/ubuntu/miniconda/envs/_build/lib/python2.7/site-packages/robot/utils/encoding.py to encoding.pyc
byte-compiling /home/ubuntu/miniconda/envs/_build/lib/python2.7/site-packages/robot/utils/robotinspect.py to robotinspect.pyc
byte-compiling /home/ubuntu/miniconda/envs/_build/lib/python2.7/site-packages/robot/utils/connectioncache.py to connectioncache.pyc
byte-compiling /home/ubuntu/miniconda/envs/_build/lib/python2.7/site-packages/robot/utils/platform.py to platform.pyc
byte-compiling /home/ubuntu/miniconda/envs/_build/lib/python2.7/site-packages/robot/utils/unic.py to unic.pyc
byte-compiling /home/ubuntu/miniconda/envs/_build/lib/python2.7/site-packages/robot/utils/application.py to application.pyc
byte-compiling /home/ubuntu/miniconda/envs/_build/lib/python2.7/site-packages/robot/utils/recommendations.py to recommendations.pyc
byte-compiling /home/ubuntu/miniconda/envs/_build/lib/python2.7/site-packages/robot/utils/match.py to match.pyc
byte-compiling /home/ubuntu/miniconda/envs/_build/lib/python2.7/site-packages/robot/utils/markupwriters.py to markupwriters.pyc
byte-compiling /home/ubuntu/miniconda/envs/_build/lib/python2.7/site-packages/robot/utils/frange.py to frange.pyc
byte-compiling /home/ubuntu/miniconda/envs/_build/lib/python2.7/site-packages/robot/utils/normalizing.py to normalizing.pyc
byte-compiling /home/ubuntu/miniconda/envs/_build/lib/python2.7/site-packages/robot/utils/htmlformatters.py to htmlformatters.pyc
byte-compiling /home/ubuntu/miniconda/envs/_build/lib/python2.7/site-packages/robot/utils/robotpath.py to robotpath.pyc
byte-compiling /home/ubuntu/miniconda/envs/_build/lib/python2.7/site-packages/robot/utils/markuputils.py to markuputils.pyc
byte-compiling /home/ubuntu/miniconda/envs/_build/lib/python2.7/site-packages/robot/utils/text.py to text.pyc
byte-compiling /home/ubuntu/miniconda/envs/_build/lib/python2.7/site-packages/robot/utils/argumentparser.py to argumentparser.pyc
byte-compiling /home/ubuntu/miniconda/envs/_build/lib/python2.7/site-packages/robot/utils/robotenv.py to robotenv.pyc
byte-compiling /home/ubuntu/miniconda/envs/_build/lib/python2.7/site-packages/robot/utils/importer.py to importer.pyc
byte-compiling /home/ubuntu/miniconda/envs/_build/lib/python2.7/site-packages/robot/utils/misc.py to misc.pyc
byte-compiling /home/ubuntu/miniconda/envs/_build/lib/python2.7/site-packages/robot/utils/encodingsniffer.py to encodingsniffer.pyc
byte-compiling /home/ubuntu/miniconda/envs/_build/lib/python2.7/site-packages/robot/utils/__init__.py to __init__.pyc
byte-compiling /home/ubuntu/miniconda/envs/_build/lib/python2.7/site-packages/robot/utils/error.py to error.pyc
byte-compiling /home/ubuntu/miniconda/envs/_build/lib/python2.7/site-packages/robot/utils/compress.py to compress.pyc
byte-compiling /home/ubuntu/miniconda/envs/_build/lib/python2.7/site-packages/robot/utils/ordereddict.py to ordereddict.pyc
byte-compiling /home/ubuntu/miniconda/envs/_build/lib/python2.7/site-packages/robot/utils/utf8reader.py to utf8reader.pyc
byte-compiling /home/ubuntu/miniconda/envs/_build/lib/python2.7/site-packages/robot/utils/etreewrapper.py to etreewrapper.pyc
byte-compiling /home/ubuntu/miniconda/envs/_build/lib/python2.7/site-packages/robot/utils/setter.py to setter.pyc
byte-compiling /home/ubuntu/miniconda/envs/_build/lib/python2.7/site-packages/robot/running/arguments/argumentresolver.py to argumentresolver.pyc
byte-compiling /home/ubuntu/miniconda/envs/_build/lib/python2.7/site-packages/robot/running/arguments/javaargumentcoercer.py to javaargumentcoercer.pyc
byte-compiling /home/ubuntu/miniconda/envs/_build/lib/python2.7/site-packages/robot/running/arguments/argumentspec.py to argumentspec.pyc
byte-compiling /home/ubuntu/miniconda/envs/_build/lib/python2.7/site-packages/robot/running/arguments/argumentvalidator.py to argumentvalidator.pyc
byte-compiling /home/ubuntu/miniconda/envs/_build/lib/python2.7/site-packages/robot/running/arguments/embedded.py to embedded.pyc
byte-compiling /home/ubuntu/miniconda/envs/_build/lib/python2.7/site-packages/robot/running/arguments/argumentparser.py to argumentparser.pyc
byte-compiling /home/ubuntu/miniconda/envs/_build/lib/python2.7/site-packages/robot/running/arguments/__init__.py to __init__.pyc
byte-compiling /home/ubuntu/miniconda/envs/_build/lib/python2.7/site-packages/robot/running/arguments/argumentmapper.py to argumentmapper.pyc
byte-compiling /home/ubuntu/miniconda/envs/_build/lib/python2.7/site-packages/robot/running/testlibraries.py to testlibraries.pyc
byte-compiling /home/ubuntu/miniconda/envs/_build/lib/python2.7/site-packages/robot/running/timeouts/jython.py to jython.pyc
byte-compiling /home/ubuntu/miniconda/envs/_build/lib/python2.7/site-packages/robot/running/timeouts/__init__.py to __init__.pyc
byte-compiling /home/ubuntu/miniconda/envs/_build/lib/python2.7/site-packages/robot/running/timeouts/ironpython.py to ironpython.pyc
byte-compiling /home/ubuntu/miniconda/envs/_build/lib/python2.7/site-packages/robot/running/timeouts/posix.py to posix.pyc
byte-compiling /home/ubuntu/miniconda/envs/_build/lib/python2.7/site-packages/robot/running/timeouts/windows.py to windows.pyc
byte-compiling /home/ubuntu/miniconda/envs/_build/lib/python2.7/site-packages/robot/running/keywords.py to keywords.pyc
byte-compiling /home/ubuntu/miniconda/envs/_build/lib/python2.7/site-packages/robot/running/model.py to model.pyc
byte-compiling /home/ubuntu/miniconda/envs/_build/lib/python2.7/site-packages/robot/running/handlerstore.py to handlerstore.pyc
byte-compiling /home/ubuntu/miniconda/envs/_build/lib/python2.7/site-packages/robot/running/status.py to status.pyc
byte-compiling /home/ubuntu/miniconda/envs/_build/lib/python2.7/site-packages/robot/running/dynamicmethods.py to dynamicmethods.pyc
byte-compiling /home/ubuntu/miniconda/envs/_build/lib/python2.7/site-packages/robot/running/signalhandler.py to signalhandler.pyc
byte-compiling /home/ubuntu/miniconda/envs/_build/lib/python2.7/site-packages/robot/running/defaults.py to defaults.pyc
byte-compiling /home/ubuntu/miniconda/envs/_build/lib/python2.7/site-packages/robot/running/runkwregister.py to runkwregister.pyc
byte-compiling /home/ubuntu/miniconda/envs/_build/lib/python2.7/site-packages/robot/running/builder.py to builder.pyc
byte-compiling /home/ubuntu/miniconda/envs/_build/lib/python2.7/site-packages/robot/running/outputcapture.py to outputcapture.pyc
byte-compiling /home/ubuntu/miniconda/envs/_build/lib/python2.7/site-packages/robot/running/userkeyword.py to userkeyword.pyc
byte-compiling /home/ubuntu/miniconda/envs/_build/lib/python2.7/site-packages/robot/running/namespace.py to namespace.pyc
byte-compiling /home/ubuntu/miniconda/envs/_build/lib/python2.7/site-packages/robot/running/importer.py to importer.pyc
byte-compiling /home/ubuntu/miniconda/envs/_build/lib/python2.7/site-packages/robot/running/context.py to context.pyc
byte-compiling /home/ubuntu/miniconda/envs/_build/lib/python2.7/site-packages/robot/running/__init__.py to __init__.pyc
byte-compiling /home/ubuntu/miniconda/envs/_build/lib/python2.7/site-packages/robot/running/runner.py to runner.pyc
byte-compiling /home/ubuntu/miniconda/envs/_build/lib/python2.7/site-packages/robot/running/usererrorhandler.py to usererrorhandler.pyc
byte-compiling /home/ubuntu/miniconda/envs/_build/lib/python2.7/site-packages/robot/running/randomizer.py to randomizer.pyc
byte-compiling /home/ubuntu/miniconda/envs/_build/lib/python2.7/site-packages/robot/running/handlers.py to handlers.pyc
byte-compiling /home/ubuntu/miniconda/envs/_build/lib/python2.7/site-packages/robot/variables/filesetter.py to filesetter.pyc
byte-compiling /home/ubuntu/miniconda/envs/_build/lib/python2.7/site-packages/robot/variables/store.py to store.pyc
byte-compiling /home/ubuntu/miniconda/envs/_build/lib/python2.7/site-packages/robot/variables/splitter.py to splitter.pyc
byte-compiling /home/ubuntu/miniconda/envs/_build/lib/python2.7/site-packages/robot/variables/replacer.py to replacer.pyc
byte-compiling /home/ubuntu/miniconda/envs/_build/lib/python2.7/site-packages/robot/variables/assigner.py to assigner.pyc
byte-compiling /home/ubuntu/miniconda/envs/_build/lib/python2.7/site-packages/robot/variables/variables.py to variables.pyc
byte-compiling /home/ubuntu/miniconda/envs/_build/lib/python2.7/site-packages/robot/variables/tablesetter.py to tablesetter.pyc
byte-compiling /home/ubuntu/miniconda/envs/_build/lib/python2.7/site-packages/robot/variables/finders.py to finders.pyc
byte-compiling /home/ubuntu/miniconda/envs/_build/lib/python2.7/site-packages/robot/variables/__init__.py to __init__.pyc
byte-compiling /home/ubuntu/miniconda/envs/_build/lib/python2.7/site-packages/robot/variables/notfound.py to notfound.pyc
byte-compiling /home/ubuntu/miniconda/envs/_build/lib/python2.7/site-packages/robot/variables/isvar.py to isvar.pyc
byte-compiling /home/ubuntu/miniconda/envs/_build/lib/python2.7/site-packages/robot/reporting/jswriter.py to jswriter.pyc
byte-compiling /home/ubuntu/miniconda/envs/_build/lib/python2.7/site-packages/robot/reporting/logreportwriters.py to logreportwriters.pyc
byte-compiling /home/ubuntu/miniconda/envs/_build/lib/python2.7/site-packages/robot/reporting/jsmodelbuilders.py to jsmodelbuilders.pyc
byte-compiling /home/ubuntu/miniconda/envs/_build/lib/python2.7/site-packages/robot/reporting/jsbuildingcontext.py to jsbuildingcontext.pyc
byte-compiling /home/ubuntu/miniconda/envs/_build/lib/python2.7/site-packages/robot/reporting/jsexecutionresult.py to jsexecutionresult.pyc
byte-compiling /home/ubuntu/miniconda/envs/_build/lib/python2.7/site-packages/robot/reporting/stringcache.py to stringcache.pyc
byte-compiling /home/ubuntu/miniconda/envs/_build/lib/python2.7/site-packages/robot/reporting/resultwriter.py to resultwriter.pyc
byte-compiling /home/ubuntu/miniconda/envs/_build/lib/python2.7/site-packages/robot/reporting/xunitwriter.py to xunitwriter.pyc
byte-compiling /home/ubuntu/miniconda/envs/_build/lib/python2.7/site-packages/robot/reporting/__init__.py to __init__.pyc
byte-compiling /home/ubuntu/miniconda/envs/_build/lib/python2.7/site-packages/robot/reporting/outputwriter.py to outputwriter.pyc
byte-compiling /home/ubuntu/miniconda/envs/_build/lib/python2.7/site-packages/robot/api/deco.py to deco.pyc
byte-compiling /home/ubuntu/miniconda/envs/_build/lib/python2.7/site-packages/robot/api/__init__.py to __init__.pyc
byte-compiling /home/ubuntu/miniconda/envs/_build/lib/python2.7/site-packages/robot/api/logger.py to logger.pyc
byte-compiling /home/ubuntu/miniconda/envs/_build/lib/python2.7/site-packages/robot/conf/gatherfailed.py to gatherfailed.pyc
byte-compiling /home/ubuntu/miniconda/envs/_build/lib/python2.7/site-packages/robot/conf/__init__.py to __init__.pyc
byte-compiling /home/ubuntu/miniconda/envs/_build/lib/python2.7/site-packages/robot/conf/settings.py to settings.pyc
byte-compiling /home/ubuntu/miniconda/envs/_build/lib/python2.7/site-packages/robot/htmldata/jsonwriter.py to jsonwriter.pyc
byte-compiling /home/ubuntu/miniconda/envs/_build/lib/python2.7/site-packages/robot/htmldata/jartemplate.py to jartemplate.pyc
byte-compiling /home/ubuntu/miniconda/envs/_build/lib/python2.7/site-packages/robot/htmldata/htmlfilewriter.py to htmlfilewriter.pyc
byte-compiling /home/ubuntu/miniconda/envs/_build/lib/python2.7/site-packages/robot/htmldata/__init__.py to __init__.pyc
byte-compiling /home/ubuntu/miniconda/envs/_build/lib/python2.7/site-packages/robot/htmldata/template.py to template.pyc
byte-compiling /home/ubuntu/miniconda/envs/_build/lib/python2.7/site-packages/robot/htmldata/normaltemplate.py to normaltemplate.pyc
byte-compiling /home/ubuntu/miniconda/envs/_build/lib/python2.7/site-packages/robot/version.py to version.pyc
byte-compiling /home/ubuntu/miniconda/envs/_build/lib/python2.7/site-packages/robot/result/xmlelementhandlers.py to xmlelementhandlers.pyc
byte-compiling /home/ubuntu/miniconda/envs/_build/lib/python2.7/site-packages/robot/result/merger.py to merger.pyc
byte-compiling /home/ubuntu/miniconda/envs/_build/lib/python2.7/site-packages/robot/result/flattenkeywordmatcher.py to flattenkeywordmatcher.pyc
byte-compiling /home/ubuntu/miniconda/envs/_build/lib/python2.7/site-packages/robot/result/executionresult.py to executionresult.pyc
byte-compiling /home/ubuntu/miniconda/envs/_build/lib/python2.7/site-packages/robot/result/suiteteardownfailed.py to suiteteardownfailed.pyc
byte-compiling /home/ubuntu/miniconda/envs/_build/lib/python2.7/site-packages/robot/result/resultbuilder.py to resultbuilder.pyc
byte-compiling /home/ubuntu/miniconda/envs/_build/lib/python2.7/site-packages/robot/result/visitor.py to visitor.pyc
byte-compiling /home/ubuntu/miniconda/envs/_build/lib/python2.7/site-packages/robot/result/message.py to message.pyc
byte-compiling /home/ubuntu/miniconda/envs/_build/lib/python2.7/site-packages/robot/result/configurer.py to configurer.pyc
byte-compiling /home/ubuntu/miniconda/envs/_build/lib/python2.7/site-packages/robot/result/messagefilter.py to messagefilter.pyc
byte-compiling /home/ubuntu/miniconda/envs/_build/lib/python2.7/site-packages/robot/result/keywordremover.py to keywordremover.pyc
byte-compiling /home/ubuntu/miniconda/envs/_build/lib/python2.7/site-packages/robot/result/executionerrors.py to executionerrors.pyc
byte-compiling /home/ubuntu/miniconda/envs/_build/lib/python2.7/site-packages/robot/result/__init__.py to __init__.pyc
byte-compiling /home/ubuntu/miniconda/envs/_build/lib/python2.7/site-packages/robot/result/testcase.py to testcase.pyc
byte-compiling /home/ubuntu/miniconda/envs/_build/lib/python2.7/site-packages/robot/result/keyword.py to keyword.pyc
byte-compiling /home/ubuntu/miniconda/envs/_build/lib/python2.7/site-packages/robot/result/testsuite.py to testsuite.pyc
byte-compiling /home/ubuntu/miniconda/envs/_build/lib/python2.7/site-packages/robot/parsing/tablepopulators.py to tablepopulators.pyc
byte-compiling /home/ubuntu/miniconda/envs/_build/lib/python2.7/site-packages/robot/parsing/txtreader.py to txtreader.pyc
byte-compiling /home/ubuntu/miniconda/envs/_build/lib/python2.7/site-packages/robot/parsing/model.py to model.pyc
byte-compiling /home/ubuntu/miniconda/envs/_build/lib/python2.7/site-packages/robot/parsing/datarow.py to datarow.pyc
byte-compiling /home/ubuntu/miniconda/envs/_build/lib/python2.7/site-packages/robot/parsing/tsvreader.py to tsvreader.pyc
byte-compiling /home/ubuntu/miniconda/envs/_build/lib/python2.7/site-packages/robot/parsing/restreader.py to restreader.pyc
byte-compiling /home/ubuntu/miniconda/envs/_build/lib/python2.7/site-packages/robot/parsing/restsupport.py to restsupport.pyc
byte-compiling /home/ubuntu/miniconda/envs/_build/lib/python2.7/site-packages/robot/parsing/htmlreader.py to htmlreader.pyc
byte-compiling /home/ubuntu/miniconda/envs/_build/lib/python2.7/site-packages/robot/parsing/__init__.py to __init__.pyc
byte-compiling /home/ubuntu/miniconda/envs/_build/lib/python2.7/site-packages/robot/parsing/comments.py to comments.pyc
byte-compiling /home/ubuntu/miniconda/envs/_build/lib/python2.7/site-packages/robot/parsing/settings.py to settings.pyc
byte-compiling /home/ubuntu/miniconda/envs/_build/lib/python2.7/site-packages/robot/parsing/populators.py to populators.pyc
byte-compiling /home/ubuntu/miniconda/envs/_build/lib/python2.7/site-packages/robot/output/loggerhelper.py to loggerhelper.pyc
byte-compiling /home/ubuntu/miniconda/envs/_build/lib/python2.7/site-packages/robot/output/filelogger.py to filelogger.pyc
byte-compiling /home/ubuntu/miniconda/envs/_build/lib/python2.7/site-packages/robot/output/xmllogger.py to xmllogger.pyc
byte-compiling /home/ubuntu/miniconda/envs/_build/lib/python2.7/site-packages/robot/output/librarylisteners.py to librarylisteners.pyc
byte-compiling /home/ubuntu/miniconda/envs/_build/lib/python2.7/site-packages/robot/output/highlighting.py to highlighting.pyc
byte-compiling /home/ubuntu/miniconda/envs/_build/lib/python2.7/site-packages/robot/output/output.py to output.pyc
byte-compiling /home/ubuntu/miniconda/envs/_build/lib/python2.7/site-packages/robot/output/monitor.py to monitor.pyc
byte-compiling /home/ubuntu/miniconda/envs/_build/lib/python2.7/site-packages/robot/output/stdoutlogsplitter.py to stdoutlogsplitter.pyc
byte-compiling /home/ubuntu/miniconda/envs/_build/lib/python2.7/site-packages/robot/output/librarylogger.py to librarylogger.pyc
byte-compiling /home/ubuntu/miniconda/envs/_build/lib/python2.7/site-packages/robot/output/pyloggingconf.py to pyloggingconf.pyc
byte-compiling /home/ubuntu/miniconda/envs/_build/lib/python2.7/site-packages/robot/output/debugfile.py to debugfile.pyc
byte-compiling /home/ubuntu/miniconda/envs/_build/lib/python2.7/site-packages/robot/output/__init__.py to __init__.pyc
byte-compiling /home/ubuntu/miniconda/envs/_build/lib/python2.7/site-packages/robot/output/logger.py to logger.pyc
byte-compiling /home/ubuntu/miniconda/envs/_build/lib/python2.7/site-packages/robot/output/listeners.py to listeners.pyc
byte-compiling /home/ubuntu/miniconda/envs/_build/lib/python2.7/site-packages/robot/jarrunner.py to jarrunner.pyc
byte-compiling /home/ubuntu/miniconda/envs/_build/lib/python2.7/site-packages/robot/run.py to run.pyc
byte-compiling /home/ubuntu/miniconda/envs/_build/lib/python2.7/site-packages/robot/__init__.py to __init__.pyc
running install_scripts
copying build/scripts-2.7/pybot -> /home/ubuntu/miniconda/envs/_build/bin
copying build/scripts-2.7/rebot -> /home/ubuntu/miniconda/envs/_build/bin
changing mode of /home/ubuntu/miniconda/envs/_build/bin/pybot to 775
changing mode of /home/ubuntu/miniconda/envs/_build/bin/rebot to 775
running install_egg_info
Writing /home/ubuntu/miniconda/envs/_build/lib/python2.7/site-packages/robotframework-2.9a1-py2.7.egg-info

The following NEW packages will be INSTALLED:

    openssl:    1.0.1k-1    
    pip:        7.0.1-py27_0
    python:     2.7.10-0    
    readline:   6.2-2       
    setuptools: 17.0-py27_0 
    sqlite:     3.8.4.1-1   
    system:     5.8-2       
    tk:         8.5.18-0    
    zlib:       1.2.8-0     

Linking packages ...
[                    ]|                                                  |   0%[openssl             ]|                                                  |   0%[readline            ]|#####                                             |  11%[sqlite              ]|###########                                       |  22%[system              ]|################                                  |  33%[tk                  ]|######################                            |  44%[zlib                ]|###########################                       |  55%[python              ]|#################################                 |  66%[setuptools          ]|######################################            |  77%[pip                 ]|############################################      |  88%[      COMPLETE      ]|##################################################| 100%
Removing old work directory
Source cache directory is: /home/ubuntu/miniconda/conda-bld/src_cache
Found source in cache: robotframework-2.9a1.tar.gz
Extracting download
Package: robotframework-2.9a1-py27_0
source tree in: /home/ubuntu/miniconda/conda-bld/work/robotframework-2.9a1
number of files: 450
Fixing permissions
Detected hard-coded path in text file bin/pybot
Detected hard-coded path in text file bin/rebot
Fixing permissions
BUILD END: robotframework-2.9a1-py27_0
TEST START: robotframework-2.9a1-py27_0
Fetching package metadata: ......
Solving package specifications: .
The following packages will be downloaded:

    package                    |            build
    ---------------------------|-----------------
    robotframework-2.9a1       |           py27_0         556 KB

The following NEW packages will be INSTALLED:

    openssl:        1.0.1k-1    
    pip:            7.0.1-py27_0
    python:         2.7.10-0    
    readline:       6.2-2       
    robotframework: 2.9a1-py27_0
    setuptools:     17.0-py27_0 
    sqlite:         3.8.4.1-1   
    system:         5.8-2       
    tk:             8.5.18-0    
    zlib:           1.2.8-0     

Fetching packages ...
robotframework   0% |                              | ETA:  --:--:--   0.00  B/srobotframework   2% |                               | ETA:  0:00:00   1.93 MB/srobotframework   5% |#                              | ETA:  0:00:00   3.76 MB/srobotframework   8% |##                             | ETA:  0:00:00   5.52 MB/srobotframework  11% |###                            | ETA:  0:00:00   7.21 MB/srobotframework  14% |####                           | ETA:  0:00:00   8.83 MB/srobotframework  17% |#####                          | ETA:  0:00:00  10.40 MB/srobotframework  20% |######                         | ETA:  0:00:00  11.90 MB/srobotframework  23% |#######                        | ETA:  0:00:00  13.34 MB/srobotframework  25% |########                       | ETA:  0:00:00  14.74 MB/srobotframework  28% |########                       | ETA:  0:00:00  16.09 MB/srobotframework  31% |#########                      | ETA:  0:00:00  17.39 MB/srobotframework  34% |##########                     | ETA:  0:00:00  18.64 MB/srobotframework  37% |###########                    | ETA:  0:00:00  19.85 MB/srobotframework  40% |############                   | ETA:  0:00:00  21.03 MB/srobotframework  43% |#############                  | ETA:  0:00:00  22.16 MB/srobotframework  46% |##############                 | ETA:  0:00:00  23.26 MB/srobotframework  48% |###############                | ETA:  0:00:00  24.33 MB/srobotframework  51% |################               | ETA:  0:00:00  25.36 MB/srobotframework  54% |################               | ETA:  0:00:00  26.37 MB/srobotframework  57% |#################              | ETA:  0:00:00  27.34 MB/srobotframework  60% |##################             | ETA:  0:00:00  28.28 MB/srobotframework  63% |###################            | ETA:  0:00:00  29.14 MB/srobotframework  66% |####################           | ETA:  0:00:00  30.00 MB/srobotframework  69% |#####################          | ETA:  0:00:00  30.87 MB/srobotframework  71% |######################         | ETA:  0:00:00  31.71 MB/srobotframework  74% |#######################        | ETA:  0:00:00  32.53 MB/srobotframework  77% |########################       | ETA:  0:00:00  33.32 MB/srobotframework  80% |########################       | ETA:  0:00:00  34.09 MB/srobotframework  83% |#########################      | ETA:  0:00:00  34.84 MB/srobotframework  86% |##########################     | ETA:  0:00:00  35.57 MB/srobotframework  89% |###########################    | ETA:  0:00:00  36.28 MB/srobotframework  92% |############################   | ETA:  0:00:00  36.98 MB/srobotframework  95% |#############################  | ETA:  0:00:00  37.65 MB/srobotframework  97% |############################## | ETA:  0:00:00  38.32 MB/srobotframework 100% |###############################| ETA:  0:00:00  38.70 MB/srobotframework 100% |###############################| Time: 0:00:00  38.09 MB/s
Extracting packages ...
[      COMPLETE      ]|                                                  |   0%[robotframework      ]|                                                  |   0%[robotframework      ]|                                                  |   0%[      COMPLETE      ]|##################################################| 100%
Linking packages ...
[      COMPLETE      ]|                                                  |   0%[openssl             ]|                                                  |   0===== testing package: robotframework-2.9a1-py27_0 =====
import: u'robot'
import: u'robot.api'
import: u'robot.conf'
import: u'robot.htmldata'
import: u'robot.libdocpkg'
import: u'robot.libraries'
import: u'robot.model'
import: u'robot.output'
import: u'robot.parsing'
import: u'robot.reporting'
import: u'robot.result'
import: u'robot.running'
import: u'robot.running.arguments'
import: u'robot.running.timeouts'
import: u'robot.utils'
import: u'robot.variables'
import: u'robot.writer'
===== robotframework-2.9a1-py27_0 OK =====
%[openssl             ]|                                                  |   0%[readline            ]|#####                                             |  10%[sqlite              ]|##########                                        |  20%[system              ]|###############                                   |  30%[tk                  ]|####################                              |  40%[zlib                ]|#########################                         |  50%[python              ]|##############################                    |  60%[robotframework      ]|###################################               |  70%[setuptools          ]|########################################          |  80%[pip                 ]|#############################################     |  90%[      COMPLETE      ]|##################################################| 100%
TEST END: robotframework-2.9a1-py27_0
# If you want to upload this package to binstar.org later, type:
#
# $ binstar upload /home/ubuntu/miniconda/conda-bld/linux-64/robotframework-2.9a1-py27_0.tar.bz2
#
# To have conda build upload to binstar automatically, use
# $ conda config --set binstar_upload yes

