Warning, the following versions were found for robotframework-selenium2library
1.7.0
1.6.0
1.5.0
1.4.0
1.3.0
1.2.0
1.1.0
1.0.1
1.0.0
Using 1.7.0
Use --version to specify a different version.
Using url https://pypi.python.org/packages/source/r/robotframework-selenium2library/robotframework-selenium2library-1.7.0.tar.gz (227 KB) for robotframework-selenium2library.
Downloading robotframework-selenium2library (use --no-download to skip this step)
Unpacking robotframework-selenium2library...
done
working in /tmp/tmp5AVXzLconda_skeleton_robotframework-selenium2library-1.7.0.tar.gz
Fetching package metadata: ......
Solving package specifications: .patching file core.py
Hunk #1 succeeded at 168 with fuzz 2 (offset 2 lines).

Applying patch: '/tmp/tmp5AVXzLconda_skeleton_robotframework-selenium2library-1.7.0.tar.gz/pypi-distutils.patch'
Writing recipe for robotframework-selenium2library
Done
