Removing old build directory
Removing old work directory
BUILD START: robotframework-2.9a2-py27_0
Fetching package metadata: ......
Solving package specifications: .+ pip install robotframework
Collecting robotframework
  Downloading http://localhost/packages/source/r/robotframework/robotframework-2.8.7.tar.gz (393kB)
Installing collected packages: robotframework
  Running setup.py install for robotframework
Successfully installed robotframework-2.8.7

The following NEW packages will be INSTALLED:

    openssl:    1.0.1k-1    
    pip:        7.0.3-py27_0
    python:     2.7.10-0    
    readline:   6.2-2       
    setuptools: 17.0-py27_0 
    sqlite:     3.8.4.1-1   
    system:     5.8-2       
    tk:         8.5.18-0    
    zlib:       1.2.8-0     

Linking packages ...
[                    ]|                                                  |   0%[openssl             ]|                                                  |   0%[readline            ]|#####                                             |  11%[sqlite              ]|###########                                       |  22%[system              ]|################                                  |  33%[tk                  ]|######################                            |  44%[zlib                ]|###########################                       |  55%[python              ]|#################################                 |  66%[setuptools          ]|######################################            |  77%[pip                 ]|############################################      |  88%[      COMPLETE      ]|##################################################| 100%
Removing old work directory
Copying /home/ubuntu/pypi-conda-builds/robotframework to /home/ubuntu/miniconda/conda-bld/work
Package: robotframework-2.9a2-py27_0
source tree in: /home/ubuntu/miniconda/conda-bld/work
number of files: 434
Fixing permissions
Detected hard-coded path in text file bin/pybot
Detected hard-coded path in text file bin/rebot
Fixing permissions
BUILD END: robotframework-2.9a2-py27_0
# If you want to upload this package to binstar.org later, type:
#
# $ binstar upload /home/ubuntu/miniconda/conda-bld/linux-64/robotframework-2.9a2-py27_0.tar.bz2
#
# To have conda build upload to binstar automatically, use
# $ conda config --set binstar_upload yes

Error: prefix already exists: /home/ubuntu/miniconda/envs/_pipbuild_
Exception:
Traceback (most recent call last):
  File "/home/ubuntu/miniconda/envs/_pipbuild_/lib/python2.7/site-packages/pip/basecommand.py", line 223, in main
    status = self.run(options, args)
  File "/home/ubuntu/miniconda/envs/_pipbuild_/lib/python2.7/site-packages/pip/commands/install.py", line 268, in run
    wheel_cache
  File "/home/ubuntu/miniconda/envs/_pipbuild_/lib/python2.7/site-packages/pip/basecommand.py", line 268, in populate_requirement_set
    wheel_cache=wheel_cache
  File "/home/ubuntu/miniconda/envs/_pipbuild_/lib/python2.7/site-packages/pip/req/req_install.py", line 207, in from_line
    wheel_cache=wheel_cache)
  File "/home/ubuntu/miniconda/envs/_pipbuild_/lib/python2.7/site-packages/pip/req/req_install.py", line 66, in __init__
    req = pkg_resources.Requirement.parse(req)
  File "/home/ubuntu/miniconda/envs/_pipbuild_/lib/python2.7/site-packages/pip/_vendor/pkg_resources/__init__.py", line 2960, in parse
    reqs = list(parse_requirements(s))
  File "/home/ubuntu/miniconda/envs/_pipbuild_/lib/python2.7/site-packages/pip/_vendor/pkg_resources/__init__.py", line 2904, in parse_requirements
    "version spec")
  File "/home/ubuntu/miniconda/envs/_pipbuild_/lib/python2.7/site-packages/pip/_vendor/pkg_resources/__init__.py", line 2869, in scan_list
    raise ValueError(msg, line, "at", line[p:])
ValueError: ('Expected version spec in', 'paramiko==>=1.8.0', 'at', '==>=1.8.0')

Package search: {'_pypi_ordering': False, 'version': '2.1.1', 'name': 'robotframework-sshlibrary', 'summary': 'Robot Framework test library for SSH and SFTP'}
Creating standard recipe for robotframework-sshlibrary-2.1.1
Converting recipe in /home/ubuntu/pypi-conda-builds/robotframework-sshlibrary
package = robotframework-sshlibrary
   dependencies = [u'robotframework', u'paramiko >=1.8.0']
Creating standard recipe for robotframework
Converting recipe in /home/ubuntu/pypi-conda-builds/robotframework
package = robotframework
   dependencies = []
Building conda package for robotframework
Creating standard recipe for paramiko->=1.8.0
Error: Version >=1.8.0 of paramiko is not available on PyPI.

conda create -n _pipbuild_ --yes python pip
/home/ubuntu/miniconda/envs/_pipbuild_/bin/pip install paramiko==>=1.8.0
Error: Could not pip install paramiko==>=1.8.0
