Warning, the following versions were found for robotframework-sshlibrary
2.1.1
2.1
2.0.2
2.0.1
2.0
1.1
1.0
Using 2.1.1
Use --version to specify a different version.
Using url https://pypi.python.org/packages/source/r/robotframework-sshlibrary/robotframework-sshlibrary-2.1.1.tar.gz (86 KB) for robotframework-sshlibrary.
Downloading robotframework-sshlibrary (use --no-download to skip this step)
Using cached download
Unpacking robotframework-sshlibrary...
done
working in /tmp/tmpecACFOconda_skeleton_robotframework-sshlibrary-2.1.1.tar.gz
Fetching package metadata: ......
Solving package specifications: .patching file core.py
Hunk #1 succeeded at 168 with fuzz 2 (offset 2 lines).

Applying patch: '/tmp/tmpecACFOconda_skeleton_robotframework-sshlibrary-2.1.1.tar.gz/pypi-distutils.patch'
Writing recipe for robotframework-sshlibrary
Done
