Warning, the following versions were found for rodeo
0.4.2
0.4.1
0.4.0
0.3.6
0.3.5
0.3.4
0.3.3
0.3.2
0.3.1
0.3.0
0.2.4
0.2.3
0.2.2
0.2.1
0.2.0
0.1.7
0.1.6
0.1.5
0.1.4
0.1.3
0.1.2
0.1.1
0.1.0
0.0.2
Using 0.4.2
Use --version to specify a different version.
Using url https://pypi.python.org/packages/source/r/rodeo/rodeo-0.4.2.tar.gz (3.4 MB) for rodeo.
Downloading rodeo (use --no-download to skip this step)
Unpacking rodeo...
done
working in /tmp/tmpZVjGGQconda_skeleton_rodeo-0.4.2.tar.gz
Fetching package metadata: ......
Solving package specifications: .patching file core.py
Hunk #1 succeeded at 168 with fuzz 2 (offset 2 lines).

Applying patch: '/tmp/tmpZVjGGQconda_skeleton_rodeo-0.4.2.tar.gz/pypi-distutils.patch'
Warning, the following versions were found for mistune
0.5.1
0.5
0.4.1
0.4
0.3.1
0.3.0
0.2.0
0.1.0
Using 0.5.1
Use --version to specify a different version.
Using url https://pypi.python.org/packages/source/m/mistune/mistune-0.5.1.tar.gz (180 KB) for mistune.
Downloading mistune (use --no-download to skip this step)
Using cached download
Unpacking mistune...
done
working in /tmp/tmpzDIAUrconda_skeleton_mistune-0.5.1.tar.gz
Solving package specifications: .patching file core.py
Hunk #1 succeeded at 168 with fuzz 2 (offset 2 lines).

Applying patch: '/tmp/tmpzDIAUrconda_skeleton_mistune-0.5.1.tar.gz/pypi-distutils.patch'
Warning, the following versions were found for pyzmq
14.6.0
14.5.0
14.4.1
14.4.0
14.3.1
14.3.0
14.2.0
14.1.1
14.1.0
14.0.1
14.0.0
13.1.0
13.0.2
13.0.1
13.0.0
2.2.0.1
2.2.0
2.1.11
2.1.10
2.1.9
2.1.7
2.1.4
2.1.1
2.0.10.1
2.0.10
2.0.8
2.0.7
Using 14.6.0
Use --version to specify a different version.
Using url https://pypi.python.org/packages/source/p/pyzmq/pyzmq-14.6.0.tar.gz (978 KB) for pyzmq.
Downloading pyzmq (use --no-download to skip this step)
Using cached download
Unpacking pyzmq...
done
working in /tmp/tmpSiIC5nconda_skeleton_pyzmq-14.6.0.tar.gz
Solving package specifications: .patching file core.py
Hunk #1 succeeded at 168 with fuzz 2 (offset 2 lines).

Applying patch: '/tmp/tmpSiIC5nconda_skeleton_pyzmq-14.6.0.tar.gz/pypi-distutils.patch'
Writing recipe for mistune
Writing recipe for rodeo
Writing recipe for pyzmq
Done
