Removing old build directory
Removing old work directory
BUILD START: rodeo-0.4.2-py_0
Fetching package metadata: ......
Solving package specifications: .+ /home/ubuntu/miniconda/envs/_build/bin/python setup.py install
running install
running bdist_egg
running egg_info
writing requirements to rodeo.egg-info/requires.txt
writing rodeo.egg-info/PKG-INFO
writing top-level names to rodeo.egg-info/top_level.txt
writing dependency_links to rodeo.egg-info/dependency_links.txt
writing entry points to rodeo.egg-info/entry_points.txt
reading manifest file 'rodeo.egg-info/SOURCES.txt'
reading manifest template 'MANIFEST.in'
writing manifest file 'rodeo.egg-info/SOURCES.txt'
installing library code to build/bdist.linux-x86_64/egg
running install_lib
running build_py
creating build
creating build/lib
creating build/lib/rodeo
copying rodeo/utils.py -> build/lib/rodeo
copying rodeo/rodeo.py -> build/lib/rodeo
copying rodeo/cli.py -> build/lib/rodeo
copying rodeo/kernel.py -> build/lib/rodeo
copying rodeo/__init__.py -> build/lib/rodeo
copying rodeo/rodeo-ascii.txt -> build/lib/rodeo
creating build/lib/rodeo/static
creating build/lib/rodeo/static/ace
creating build/lib/rodeo/static/ace/snippets
copying rodeo/static/ace/snippets/matlab.js -> build/lib/rodeo/static/ace/snippets
copying rodeo/static/ace/snippets/luapage.js -> build/lib/rodeo/static/ace/snippets
copying rodeo/static/ace/snippets/mipsassembler.js -> build/lib/rodeo/static/ace/snippets
copying rodeo/static/ace/snippets/gherkin.js -> build/lib/rodeo/static/ace/snippets
copying rodeo/static/ace/snippets/dockerfile.js -> build/lib/rodeo/static/ace/snippets
copying rodeo/static/ace/snippets/mushcode.js -> build/lib/rodeo/static/ace/snippets
copying rodeo/static/ace/snippets/elm.js -> build/lib/rodeo/static/ace/snippets
copying rodeo/static/ace/snippets/latex.js -> build/lib/rodeo/static/ace/snippets
copying rodeo/static/ace/snippets/dart.js -> build/lib/rodeo/static/ace/snippets
copying rodeo/static/ace/snippets/asciidoc.js -> build/lib/rodeo/static/ace/snippets
copying rodeo/static/ace/snippets/live_script.js -> build/lib/rodeo/static/ace/snippets
copying rodeo/static/ace/snippets/handlebars.js -> build/lib/rodeo/static/ace/snippets
copying rodeo/static/ace/snippets/rdoc.js -> build/lib/rodeo/static/ace/snippets
copying rodeo/static/ace/snippets/perl.js -> build/lib/rodeo/static/ace/snippets
copying rodeo/static/ace/snippets/gitignore.js -> build/lib/rodeo/static/ace/snippets
copying rodeo/static/ace/snippets/c9search.js -> build/lib/rodeo/static/ace/snippets
copying rodeo/static/ace/snippets/diff.js -> build/lib/rodeo/static/ace/snippets
copying rodeo/static/ace/snippets/php.js -> build/lib/rodeo/static/ace/snippets
copying rodeo/static/ace/snippets/velocity.js -> build/lib/rodeo/static/ace/snippets
copying rodeo/static/ace/snippets/livescript.js -> build/lib/rodeo/static/ace/snippets
copying rodeo/static/ace/snippets/jack.js -> build/lib/rodeo/static/ace/snippets
copying rodeo/static/ace/snippets/scheme.js -> build/lib/rodeo/static/ace/snippets
copying rodeo/static/ace/snippets/tex.js -> build/lib/rodeo/static/ace/snippets
copying rodeo/static/ace/snippets/text.js -> build/lib/rodeo/static/ace/snippets
copying rodeo/static/ace/snippets/snippets.js -> build/lib/rodeo/static/ace/snippets
copying rodeo/static/ace/snippets/groovy.js -> build/lib/rodeo/static/ace/snippets
copying rodeo/static/ace/snippets/python.js -> build/lib/rodeo/static/ace/snippets
copying rodeo/static/ace/snippets/lsl.js -> build/lib/rodeo/static/ace/snippets
copying rodeo/static/ace/snippets/scala.js -> build/lib/rodeo/static/ace/snippets
copying rodeo/static/ace/snippets/r.js -> build/lib/rodeo/static/ace/snippets
copying rodeo/static/ace/snippets/smarty.js -> build/lib/rodeo/static/ace/snippets
copying rodeo/static/ace/snippets/ruby.js -> build/lib/rodeo/static/ace/snippets
copying rodeo/static/ace/snippets/assembly_x86.js -> build/lib/rodeo/static/ace/snippets
copying rodeo/static/ace/snippets/csharp.js -> build/lib/rodeo/static/ace/snippets
copying rodeo/static/ace/snippets/ejs.js -> build/lib/rodeo/static/ace/snippets
copying rodeo/static/ace/snippets/verilog.js -> build/lib/rodeo/static/ace/snippets
copying rodeo/static/ace/snippets/java.js -> build/lib/rodeo/static/ace/snippets
copying rodeo/static/ace/snippets/eiffel.js -> build/lib/rodeo/static/ace/snippets
copying rodeo/static/ace/snippets/vala.js -> build/lib/rodeo/static/ace/snippets
copying rodeo/static/ace/snippets/stylus.js -> build/lib/rodeo/static/ace/snippets
copying rodeo/static/ace/snippets/gcode.js -> build/lib/rodeo/static/ace/snippets
copying rodeo/static/ace/snippets/tcl.js -> build/lib/rodeo/static/ace/snippets
copying rodeo/static/ace/snippets/clojure.js -> build/lib/rodeo/static/ace/snippets
copying rodeo/static/ace/snippets/toml.js -> build/lib/rodeo/static/ace/snippets
copying rodeo/static/ace/snippets/mysql.js -> build/lib/rodeo/static/ace/snippets
copying rodeo/static/ace/snippets/prolog.js -> build/lib/rodeo/static/ace/snippets
copying rodeo/static/ace/snippets/abap.js -> build/lib/rodeo/static/ace/snippets
copying rodeo/static/ace/snippets/markdown.js -> build/lib/rodeo/static/ace/snippets
copying rodeo/static/ace/snippets/erlang.js -> build/lib/rodeo/static/ace/snippets
copying rodeo/static/ace/snippets/plain_text.js -> build/lib/rodeo/static/ace/snippets
copying rodeo/static/ace/snippets/c_cpp.js -> build/lib/rodeo/static/ace/snippets
copying rodeo/static/ace/snippets/lucene.js -> build/lib/rodeo/static/ace/snippets
copying rodeo/static/ace/snippets/yaml.js -> build/lib/rodeo/static/ace/snippets
copying rodeo/static/ace/snippets/lisp.js -> build/lib/rodeo/static/ace/snippets
copying rodeo/static/ace/snippets/coffee.js -> build/lib/rodeo/static/ace/snippets
copying rodeo/static/ace/snippets/makefile.js -> build/lib/rodeo/static/ace/snippets
copying rodeo/static/ace/snippets/haxe.js -> build/lib/rodeo/static/ace/snippets
copying rodeo/static/ace/snippets/html_ruby.js -> build/lib/rodeo/static/ace/snippets
copying rodeo/static/ace/snippets/autohotkey.js -> build/lib/rodeo/static/ace/snippets
copying rodeo/static/ace/snippets/forth.js -> build/lib/rodeo/static/ace/snippets
copying rodeo/static/ace/snippets/sass.js -> build/lib/rodeo/static/ace/snippets
copying rodeo/static/ace/snippets/json.js -> build/lib/rodeo/static/ace/snippets
copying rodeo/static/ace/snippets/haml.js -> build/lib/rodeo/static/ace/snippets
copying rodeo/static/ace/snippets/protobuf.js -> build/lib/rodeo/static/ace/snippets
copying rodeo/static/ace/snippets/vhdl.js -> build/lib/rodeo/static/ace/snippets
copying rodeo/static/ace/snippets/sql.js -> build/lib/rodeo/static/ace/snippets
copying rodeo/static/ace/snippets/mel.js -> build/lib/rodeo/static/ace/snippets
copying rodeo/static/ace/snippets/liquid.js -> build/lib/rodeo/static/ace/snippets
copying rodeo/static/ace/snippets/ini.js -> build/lib/rodeo/static/ace/snippets
copying rodeo/static/ace/snippets/css.js -> build/lib/rodeo/static/ace/snippets
copying rodeo/static/ace/snippets/lean.js -> build/lib/rodeo/static/ace/snippets
copying rodeo/static/ace/snippets/svg.js -> build/lib/rodeo/static/ace/snippets
copying rodeo/static/ace/snippets/curly.js -> build/lib/rodeo/static/ace/snippets
copying rodeo/static/ace/snippets/julia.js -> build/lib/rodeo/static/ace/snippets
copying rodeo/static/ace/snippets/jade.js -> build/lib/rodeo/static/ace/snippets
copying rodeo/static/ace/snippets/golang.js -> build/lib/rodeo/static/ace/snippets
copying rodeo/static/ace/snippets/properties.js -> build/lib/rodeo/static/ace/snippets
copying rodeo/static/ace/snippets/ocaml.js -> build/lib/rodeo/static/ace/snippets
copying rodeo/static/ace/snippets/django.js -> build/lib/rodeo/static/ace/snippets
copying rodeo/static/ace/snippets/space.js -> build/lib/rodeo/static/ace/snippets
copying rodeo/static/ace/snippets/d.js -> build/lib/rodeo/static/ace/snippets
copying rodeo/static/ace/snippets/mask.js -> build/lib/rodeo/static/ace/snippets
copying rodeo/static/ace/snippets/pascal.js -> build/lib/rodeo/static/ace/snippets
copying rodeo/static/ace/snippets/textile.js -> build/lib/rodeo/static/ace/snippets
copying rodeo/static/ace/snippets/ftl.js -> build/lib/rodeo/static/ace/snippets
copying rodeo/static/ace/snippets/xquery.js -> build/lib/rodeo/static/ace/snippets
copying rodeo/static/ace/snippets/scss.js -> build/lib/rodeo/static/ace/snippets
copying rodeo/static/ace/snippets/less.js -> build/lib/rodeo/static/ace/snippets
copying rodeo/static/ace/snippets/actionscript.js -> build/lib/rodeo/static/ace/snippets
copying rodeo/static/ace/snippets/powershell.js -> build/lib/rodeo/static/ace/snippets
copying rodeo/static/ace/snippets/mips_assembler.js -> build/lib/rodeo/static/ace/snippets
copying rodeo/static/ace/snippets/batchfile.js -> build/lib/rodeo/static/ace/snippets
copying rodeo/static/ace/snippets/io.js -> build/lib/rodeo/static/ace/snippets
copying rodeo/static/ace/snippets/abc.js -> build/lib/rodeo/static/ace/snippets
copying rodeo/static/ace/snippets/soy_template.js -> build/lib/rodeo/static/ace/snippets
copying rodeo/static/ace/snippets/rust.js -> build/lib/rodeo/static/ace/snippets
copying rodeo/static/ace/snippets/nix.js -> build/lib/rodeo/static/ace/snippets
copying rodeo/static/ace/snippets/haskell.js -> build/lib/rodeo/static/ace/snippets
copying rodeo/static/ace/snippets/apache_conf.js -> build/lib/rodeo/static/ace/snippets
copying rodeo/static/ace/snippets/typescript.js -> build/lib/rodeo/static/ace/snippets
copying rodeo/static/ace/snippets/twig.js -> build/lib/rodeo/static/ace/snippets
copying rodeo/static/ace/snippets/xml.js -> build/lib/rodeo/static/ace/snippets
copying rodeo/static/ace/snippets/ada.js -> build/lib/rodeo/static/ace/snippets
copying rodeo/static/ace/snippets/glsl.js -> build/lib/rodeo/static/ace/snippets
copying rodeo/static/ace/snippets/cirru.js -> build/lib/rodeo/static/ace/snippets
copying rodeo/static/ace/snippets/elixir.js -> build/lib/rodeo/static/ace/snippets
copying rodeo/static/ace/snippets/jsp.js -> build/lib/rodeo/static/ace/snippets
copying rodeo/static/ace/snippets/vbscript.js -> build/lib/rodeo/static/ace/snippets
copying rodeo/static/ace/snippets/lua.js -> build/lib/rodeo/static/ace/snippets
copying rodeo/static/ace/snippets/dot.js -> build/lib/rodeo/static/ace/snippets
copying rodeo/static/ace/snippets/rhtml.js -> build/lib/rodeo/static/ace/snippets
copying rodeo/static/ace/snippets/cobol.js -> build/lib/rodeo/static/ace/snippets
copying rodeo/static/ace/snippets/sh.js -> build/lib/rodeo/static/ace/snippets
copying rodeo/static/ace/snippets/objectivec.js -> build/lib/rodeo/static/ace/snippets
copying rodeo/static/ace/snippets/praat.js -> build/lib/rodeo/static/ace/snippets
copying rodeo/static/ace/snippets/jsx.js -> build/lib/rodeo/static/ace/snippets
copying rodeo/static/ace/snippets/sjs.js -> build/lib/rodeo/static/ace/snippets
copying rodeo/static/ace/snippets/applescript.js -> build/lib/rodeo/static/ace/snippets
copying rodeo/static/ace/snippets/coldfusion.js -> build/lib/rodeo/static/ace/snippets
copying rodeo/static/ace/snippets/jsoniq.js -> build/lib/rodeo/static/ace/snippets
copying rodeo/static/ace/snippets/scad.js -> build/lib/rodeo/static/ace/snippets
copying rodeo/static/ace/snippets/html.js -> build/lib/rodeo/static/ace/snippets
copying rodeo/static/ace/snippets/logiql.js -> build/lib/rodeo/static/ace/snippets
copying rodeo/static/ace/snippets/javascript.js -> build/lib/rodeo/static/ace/snippets
copying rodeo/static/ace/snippets/pgsql.js -> build/lib/rodeo/static/ace/snippets
copying rodeo/static/ace/mode-r.js -> build/lib/rodeo/static/ace
copying rodeo/static/ace/theme-monokai.js -> build/lib/rodeo/static/ace
copying rodeo/static/ace/mode-sass.js -> build/lib/rodeo/static/ace
copying rodeo/static/ace/theme-chaos.js -> build/lib/rodeo/static/ace
copying rodeo/static/ace/mode-jsx.js -> build/lib/rodeo/static/ace
copying rodeo/static/ace/theme-tomorrow_night.js -> build/lib/rodeo/static/ace
copying rodeo/static/ace/mode-vala.js -> build/lib/rodeo/static/ace
copying rodeo/static/ace/mode-diff.js -> build/lib/rodeo/static/ace
copying rodeo/static/ace/mode-c9search.js -> build/lib/rodeo/static/ace
copying rodeo/static/ace/mode-elm.js -> build/lib/rodeo/static/ace
copying rodeo/static/ace/mode-twig.js -> build/lib/rodeo/static/ace
copying rodeo/static/ace/mode-lean.js -> build/lib/rodeo/static/ace
copying rodeo/static/ace/theme-solarized_dark.js -> build/lib/rodeo/static/ace
copying rodeo/static/ace/worker-html.js -> build/lib/rodeo/static/ace
copying rodeo/static/ace/keybinding-emacs.js -> build/lib/rodeo/static/ace
copying rodeo/static/ace/mode-xml.js -> build/lib/rodeo/static/ace
copying rodeo/static/ace/mode-soy_template.js -> build/lib/rodeo/static/ace
copying rodeo/static/ace/mode-eiffel.js -> build/lib/rodeo/static/ace
copying rodeo/static/ace/mode-rhtml.js -> build/lib/rodeo/static/ace
copying rodeo/static/ace/mode-properties.js -> build/lib/rodeo/static/ace
copying rodeo/static/ace/ext-elastic_tabstops_lite.js -> build/lib/rodeo/static/ace
copying rodeo/static/ace/mode-objectivec.js -> build/lib/rodeo/static/ace
copying rodeo/static/ace/mode-snippets.js -> build/lib/rodeo/static/ace
copying rodeo/static/ace/theme-solarized_light.js -> build/lib/rodeo/static/ace
copying rodeo/static/ace/mode-c_cpp.js -> build/lib/rodeo/static/ace
copying rodeo/static/ace/mode-text.js -> build/lib/rodeo/static/ace
copying rodeo/static/ace/mode-logiql.js -> build/lib/rodeo/static/ace
copying rodeo/static/ace/theme-eclipse.js -> build/lib/rodeo/static/ace
copying rodeo/static/ace/mode-scheme.js -> build/lib/rodeo/static/ace
copying rodeo/static/ace/theme-tomorrow_night_bright.js -> build/lib/rodeo/static/ace
copying rodeo/static/ace/mode-mushcode.js -> build/lib/rodeo/static/ace
copying rodeo/static/ace/mode-gherkin.js -> build/lib/rodeo/static/ace
copying rodeo/static/ace/mode-coffee.js -> build/lib/rodeo/static/ace
copying rodeo/static/ace/mode-haml.js -> build/lib/rodeo/static/ace
copying rodeo/static/ace/mode-javascript.js -> build/lib/rodeo/static/ace
copying rodeo/static/ace/mode-xquery.js -> build/lib/rodeo/static/ace
copying rodeo/static/ace/mode-praat.js -> build/lib/rodeo/static/ace
copying rodeo/static/ace/ext-modelist.js -> build/lib/rodeo/static/ace
copying rodeo/static/ace/mode-php.js -> build/lib/rodeo/static/ace
copying rodeo/static/ace/mode-batchfile.js -> build/lib/rodeo/static/ace
copying rodeo/static/ace/mode-applescript.js -> build/lib/rodeo/static/ace
copying rodeo/static/ace/theme-clouds.js -> build/lib/rodeo/static/ace
copying rodeo/static/ace/mode-mipsassembler.js -> build/lib/rodeo/static/ace
copying rodeo/static/ace/mode-django.js -> build/lib/rodeo/static/ace
copying rodeo/static/ace/mode-vhdl.js -> build/lib/rodeo/static/ace
copying rodeo/static/ace/worker-lua.js -> build/lib/rodeo/static/ace
copying rodeo/static/ace/ext-split.js -> build/lib/rodeo/static/ace
copying rodeo/static/ace/ext-statusbar.js -> build/lib/rodeo/static/ace
copying rodeo/static/ace/mode-space.js -> build/lib/rodeo/static/ace
copying rodeo/static/ace/mode-sql.js -> build/lib/rodeo/static/ace
copying rodeo/static/ace/ace.js -> build/lib/rodeo/static/ace
copying rodeo/static/ace/mode-verilog.js -> build/lib/rodeo/static/ace
copying rodeo/static/ace/mode-mel.js -> build/lib/rodeo/static/ace
copying rodeo/static/ace/mode-handlebars.js -> build/lib/rodeo/static/ace
copying rodeo/static/ace/theme-crimson_editor.js -> build/lib/rodeo/static/ace
copying rodeo/static/ace/mode-golang.js -> build/lib/rodeo/static/ace
copying rodeo/static/ace/mode-scad.js -> build/lib/rodeo/static/ace
copying rodeo/static/ace/ext-keybinding_menu.js -> build/lib/rodeo/static/ace
copying rodeo/static/ace/mode-html.js -> build/lib/rodeo/static/ace
copying rodeo/static/ace/mode-io.js -> build/lib/rodeo/static/ace
copying rodeo/static/ace/theme-kuroir.js -> build/lib/rodeo/static/ace
copying rodeo/static/ace/mode-svg.js -> build/lib/rodeo/static/ace
copying rodeo/static/ace/mode-apache_conf.js -> build/lib/rodeo/static/ace
copying rodeo/static/ace/mode-d.js -> build/lib/rodeo/static/ace
copying rodeo/static/ace/worker-css.js -> build/lib/rodeo/static/ace
copying rodeo/static/ace/ext-static_highlight.js -> build/lib/rodeo/static/ace
copying rodeo/static/ace/mode-jsoniq.js -> build/lib/rodeo/static/ace
copying rodeo/static/ace/ext-old_ie.js -> build/lib/rodeo/static/ace
copying rodeo/static/ace/theme-katzenmilch.js -> build/lib/rodeo/static/ace
copying rodeo/static/ace/theme-tomorrow_night_eighties.js -> build/lib/rodeo/static/ace
copying rodeo/static/ace/mode-ejs.js -> build/lib/rodeo/static/ace
copying rodeo/static/ace/theme-textmate.js -> build/lib/rodeo/static/ace
copying rodeo/static/ace/mode-dot.js -> build/lib/rodeo/static/ace
copying rodeo/static/ace/ext-linking.js -> build/lib/rodeo/static/ace
copying rodeo/static/ace/mode-rust.js -> build/lib/rodeo/static/ace
copying rodeo/static/ace/mode-typescript.js -> build/lib/rodeo/static/ace
copying rodeo/static/ace/mode-velocity.js -> build/lib/rodeo/static/ace
copying rodeo/static/ace/ext-settings_menu.js -> build/lib/rodeo/static/ace
copying rodeo/static/ace/mode-python.js -> build/lib/rodeo/static/ace
copying rodeo/static/ace/worker-coffee.js -> build/lib/rodeo/static/ace
copying rodeo/static/ace/mode-yaml.js -> build/lib/rodeo/static/ace
copying rodeo/static/ace/mode-scala.js -> build/lib/rodeo/static/ace
copying rodeo/static/ace/ext-spellcheck.js -> build/lib/rodeo/static/ace
copying rodeo/static/ace/mode-mips_assembler.js -> build/lib/rodeo/static/ace
copying rodeo/static/ace/mode-haxe.js -> build/lib/rodeo/static/ace
copying rodeo/static/ace/mode-smarty.js -> build/lib/rodeo/static/ace
copying rodeo/static/ace/ext-beautify.js -> build/lib/rodeo/static/ace
copying rodeo/static/ace/mode-erlang.js -> build/lib/rodeo/static/ace
copying rodeo/static/ace/theme-kr_theme.js -> build/lib/rodeo/static/ace
copying rodeo/static/ace/mode-csharp.js -> build/lib/rodeo/static/ace
copying rodeo/static/ace/theme-xcode.js -> build/lib/rodeo/static/ace
copying rodeo/static/ace/ext-language_tools.js -> build/lib/rodeo/static/ace
copying rodeo/static/ace/ext-themelist.js -> build/lib/rodeo/static/ace
copying rodeo/static/ace/mode-forth.js -> build/lib/rodeo/static/ace
copying rodeo/static/ace/mode-ruby.js -> build/lib/rodeo/static/ace
copying rodeo/static/ace/mode-mask.js -> build/lib/rodeo/static/ace
copying rodeo/static/ace/mode-pgsql.js -> build/lib/rodeo/static/ace
copying rodeo/static/ace/keybinding-vim.js -> build/lib/rodeo/static/ace
copying rodeo/static/ace/mode-lsl.js -> build/lib/rodeo/static/ace
copying rodeo/static/ace/mode-clojure.js -> build/lib/rodeo/static/ace
copying rodeo/static/ace/mode-java.js -> build/lib/rodeo/static/ace
copying rodeo/static/ace/mode-actionscript.js -> build/lib/rodeo/static/ace
copying rodeo/static/ace/mode-glsl.js -> build/lib/rodeo/static/ace
copying rodeo/static/ace/ext-chromevox.js -> build/lib/rodeo/static/ace
copying rodeo/static/ace/mode-liquid.js -> build/lib/rodeo/static/ace
copying rodeo/static/ace/theme-merbivore_soft.js -> build/lib/rodeo/static/ace
copying rodeo/static/ace/theme-terminal.js -> build/lib/rodeo/static/ace
copying rodeo/static/ace/ext-whitespace.js -> build/lib/rodeo/static/ace
copying rodeo/static/ace/mode-powershell.js -> build/lib/rodeo/static/ace
copying rodeo/static/ace/mode-scss.js -> build/lib/rodeo/static/ace
copying rodeo/static/ace/ext-searchbox.js -> build/lib/rodeo/static/ace
copying rodeo/static/ace/mode-dart.js -> build/lib/rodeo/static/ace
copying rodeo/static/ace/mode-sh.js -> build/lib/rodeo/static/ace
copying rodeo/static/ace/mode-lisp.js -> build/lib/rodeo/static/ace
copying rodeo/static/ace/mode-textile.js -> build/lib/rodeo/static/ace
copying rodeo/static/ace/worker-json.js -> build/lib/rodeo/static/ace
copying rodeo/static/ace/theme-dawn.js -> build/lib/rodeo/static/ace
copying rodeo/static/ace/theme-pastel_on_dark.js -> build/lib/rodeo/static/ace
copying rodeo/static/ace/worker-php.js -> build/lib/rodeo/static/ace
copying rodeo/static/ace/mode-pascal.js -> build/lib/rodeo/static/ace
copying rodeo/static/ace/mode-makefile.js -> build/lib/rodeo/static/ace
copying rodeo/static/ace/worker-xml.js -> build/lib/rodeo/static/ace
copying rodeo/static/ace/mode-nix.js -> build/lib/rodeo/static/ace
copying rodeo/static/ace/mode-mysql.js -> build/lib/rodeo/static/ace
copying rodeo/static/ace/mode-prolog.js -> build/lib/rodeo/static/ace
copying rodeo/static/ace/ext-textarea.js -> build/lib/rodeo/static/ace
copying rodeo/static/ace/mode-livescript.js -> build/lib/rodeo/static/ace
copying rodeo/static/ace/worker-xquery.js -> build/lib/rodeo/static/ace
copying rodeo/static/ace/theme-ambiance.js -> build/lib/rodeo/static/ace
copying rodeo/static/ace/mode-luapage.js -> build/lib/rodeo/static/ace
copying rodeo/static/ace/theme-mono_industrial.js -> build/lib/rodeo/static/ace
copying rodeo/static/ace/mode-ini.js -> build/lib/rodeo/static/ace
copying rodeo/static/ace/mode-tcl.js -> build/lib/rodeo/static/ace
copying rodeo/static/ace/theme-vibrant_ink.js -> build/lib/rodeo/static/ace
copying rodeo/static/ace/mode-jade.js -> build/lib/rodeo/static/ace
copying rodeo/static/ace/mode-tex.js -> build/lib/rodeo/static/ace
copying rodeo/static/ace/mode-plain_text.js -> build/lib/rodeo/static/ace
copying rodeo/static/ace/mode-less.js -> build/lib/rodeo/static/ace
copying rodeo/static/ace/mode-jsp.js -> build/lib/rodeo/static/ace
copying rodeo/static/ace/mode-curly.js -> build/lib/rodeo/static/ace
copying rodeo/static/ace/mode-perl.js -> build/lib/rodeo/static/ace
copying rodeo/static/ace/theme-clouds_midnight.js -> build/lib/rodeo/static/ace
copying rodeo/static/ace/mode-assembly_x86.js -> build/lib/rodeo/static/ace
copying rodeo/static/ace/mode-coldfusion.js -> build/lib/rodeo/static/ace
copying rodeo/static/ace/theme-github.js -> build/lib/rodeo/static/ace
copying rodeo/static/ace/mode-toml.js -> build/lib/rodeo/static/ace
copying rodeo/static/ace/theme-tomorrow.js -> build/lib/rodeo/static/ace
copying rodeo/static/ace/mode-sjs.js -> build/lib/rodeo/static/ace
copying rodeo/static/ace/theme-merbivore.js -> build/lib/rodeo/static/ace
copying rodeo/static/ace/mode-ada.js -> build/lib/rodeo/static/ace
copying rodeo/static/ace/mode-cobol.js -> build/lib/rodeo/static/ace
copying rodeo/static/ace/mode-json.js -> build/lib/rodeo/static/ace
copying rodeo/static/ace/theme-dreamweaver.js -> build/lib/rodeo/static/ace
copying rodeo/static/ace/theme-idle_fingers.js -> build/lib/rodeo/static/ace
copying rodeo/static/ace/mode-markdown.js -> build/lib/rodeo/static/ace
copying rodeo/static/ace/mode-lua.js -> build/lib/rodeo/static/ace
copying rodeo/static/ace/mode-abap.js -> build/lib/rodeo/static/ace
copying rodeo/static/ace/ext-emmet.js -> build/lib/rodeo/static/ace
copying rodeo/static/ace/mode-groovy.js -> build/lib/rodeo/static/ace
copying rodeo/static/ace/mode-gitignore.js -> build/lib/rodeo/static/ace
copying rodeo/static/ace/mode-latex.js -> build/lib/rodeo/static/ace
copying rodeo/static/ace/mode-lucene.js -> build/lib/rodeo/static/ace
copying rodeo/static/ace/mode-rdoc.js -> build/lib/rodeo/static/ace
copying rodeo/static/ace/mode-live_script.js -> build/lib/rodeo/static/ace
copying rodeo/static/ace/mode-gcode.js -> build/lib/rodeo/static/ace
copying rodeo/static/ace/mode-autohotkey.js -> build/lib/rodeo/static/ace
copying rodeo/static/ace/theme-tomorrow_night_blue.js -> build/lib/rodeo/static/ace
copying rodeo/static/ace/theme-cobalt.js -> build/lib/rodeo/static/ace
copying rodeo/static/ace/mode-asciidoc.js -> build/lib/rodeo/static/ace
copying rodeo/static/ace/mode-cirru.js -> build/lib/rodeo/static/ace
copying rodeo/static/ace/mode-haskell.js -> build/lib/rodeo/static/ace
copying rodeo/static/ace/theme-chrome.js -> build/lib/rodeo/static/ace
copying rodeo/static/ace/mode-html_ruby.js -> build/lib/rodeo/static/ace
copying rodeo/static/ace/mode-matlab.js -> build/lib/rodeo/static/ace
copying rodeo/static/ace/mode-vbscript.js -> build/lib/rodeo/static/ace
copying rodeo/static/ace/mode-jack.js -> build/lib/rodeo/static/ace
copying rodeo/static/ace/theme-twilight.js -> build/lib/rodeo/static/ace
copying rodeo/static/ace/worker-javascript.js -> build/lib/rodeo/static/ace
copying rodeo/static/ace/mode-stylus.js -> build/lib/rodeo/static/ace
copying rodeo/static/ace/ext-error_marker.js -> build/lib/rodeo/static/ace
copying rodeo/static/ace/mode-elixir.js -> build/lib/rodeo/static/ace
copying rodeo/static/ace/mode-abc.js -> build/lib/rodeo/static/ace
copying rodeo/static/ace/mode-dockerfile.js -> build/lib/rodeo/static/ace
copying rodeo/static/ace/mode-css.js -> build/lib/rodeo/static/ace
copying rodeo/static/ace/mode-ftl.js -> build/lib/rodeo/static/ace
copying rodeo/static/ace/mode-julia.js -> build/lib/rodeo/static/ace
copying rodeo/static/ace/mode-ocaml.js -> build/lib/rodeo/static/ace
copying rodeo/static/ace/mode-protobuf.js -> build/lib/rodeo/static/ace
creating build/lib/rodeo/static/css
copying rodeo/static/css/styles.css -> build/lib/rodeo/static/css
copying rodeo/static/css/bootstrap.yeti.css -> build/lib/rodeo/static/css
copying rodeo/static/css/dataTables.bootstrap.css -> build/lib/rodeo/static/css
copying rodeo/static/css/github-markdown.css -> build/lib/rodeo/static/css
copying rodeo/static/css/jquery.splitter.css -> build/lib/rodeo/static/css
copying rodeo/static/css/console.css -> build/lib/rodeo/static/css
copying rodeo/static/css/bootstrap.darkly.css -> build/lib/rodeo/static/css
copying rodeo/static/css/jquery.dataTables.css -> build/lib/rodeo/static/css
creating build/lib/rodeo/static/fonts
copying rodeo/static/fonts/glyphicons-halflings-regular.eot -> build/lib/rodeo/static/fonts
copying rodeo/static/fonts/glyphicons-halflings-regular.svg -> build/lib/rodeo/static/fonts
copying rodeo/static/fonts/glyphicons-halflings-regular.woff2 -> build/lib/rodeo/static/fonts
copying rodeo/static/fonts/glyphicons-halflings-regular.woff -> build/lib/rodeo/static/fonts
copying rodeo/static/fonts/glyphicons-halflings-regular.ttf -> build/lib/rodeo/static/fonts
creating build/lib/rodeo/static/img
copying rodeo/static/img/screenshot-ggplot.png -> build/lib/rodeo/static/img
copying rodeo/static/img/cowboy-hat.svg -> build/lib/rodeo/static/img
copying rodeo/static/img/screenshot-mpl-complex.png -> build/lib/rodeo/static/img
copying rodeo/static/img/screenshot-view-data-small.png -> build/lib/rodeo/static/img
copying rodeo/static/img/screenshot-mpl-complex-small.png -> build/lib/rodeo/static/img
copying rodeo/static/img/screenshot-autocomplete-small.png -> build/lib/rodeo/static/img
copying rodeo/static/img/screenshot-files-with-output.png -> build/lib/rodeo/static/img
copying rodeo/static/img/screenshot-autocomplete.png -> build/lib/rodeo/static/img
copying rodeo/static/img/screenshot-view-data.png -> build/lib/rodeo/static/img
copying rodeo/static/img/screenshot-help.png -> build/lib/rodeo/static/img
copying rodeo/static/img/Rodeo-Demo.gif -> build/lib/rodeo/static/img
copying rodeo/static/img/screenshot-files-with-output-small.png -> build/lib/rodeo/static/img
creating build/lib/rodeo/static/js
copying rodeo/static/js/ace.js -> build/lib/rodeo/static/js
creating build/lib/rodeo/static/js/lib
copying rodeo/static/js/lib/jquery.terminal-0.8.8.min.js -> build/lib/rodeo/static/js/lib
copying rodeo/static/js/lib/jqconsole.min.js -> build/lib/rodeo/static/js/lib
copying rodeo/static/js/lib/jquery.min.js -> build/lib/rodeo/static/js/lib
copying rodeo/static/js/lib/jquery.dataTables.min.js -> build/lib/rodeo/static/js/lib
copying rodeo/static/js/lib/bootstrap.min.js -> build/lib/rodeo/static/js/lib
copying rodeo/static/js/lib/jquery.floatThead.min.js -> build/lib/rodeo/static/js/lib
copying rodeo/static/js/lib/right.js -> build/lib/rodeo/static/js/lib
copying rodeo/static/js/lib/jquery.uploadfile.min.js -> build/lib/rodeo/static/js/lib
copying rodeo/static/js/lib/ascii-table.min.js -> build/lib/rodeo/static/js/lib
copying rodeo/static/js/lib/right-resizable.js -> build/lib/rodeo/static/js/lib
copying rodeo/static/js/lib/jquery.splitter-0.15.0.js -> build/lib/rodeo/static/js/lib
copying rodeo/static/js/lib/jquery.min.map -> build/lib/rodeo/static/js/lib
creating build/lib/rodeo/templates
copying rodeo/templates/index.html -> build/lib/rodeo/templates
copying rodeo/templates/layout.html -> build/lib/rodeo/templates
copying rodeo/templates/bottom-left.html -> build/lib/rodeo/templates
copying rodeo/templates/top-left.html -> build/lib/rodeo/templates
copying rodeo/templates/about.html -> build/lib/rodeo/templates
copying rodeo/templates/top-right.html -> build/lib/rodeo/templates
copying rodeo/templates/nav.html -> build/lib/rodeo/templates
copying rodeo/templates/shortcuts.html -> build/lib/rodeo/templates
copying rodeo/templates/bottom-right.html -> build/lib/rodeo/templates
copying rodeo/templates/preferences.html -> build/lib/rodeo/templates
copying rodeo/templates/df.html -> build/lib/rodeo/templates
creating build/bdist.linux-x86_64
creating build/bdist.linux-x86_64/egg
creating build/bdist.linux-x86_64/egg/rodeo
copying build/lib/rodeo/utils.py -> build/bdist.linux-x86_64/egg/rodeo
copying build/lib/rodeo/rodeo.py -> build/bdist.linux-x86_64/egg/rodeo
copying build/lib/rodeo/cli.py -> build/bdist.linux-x86_64/egg/rodeo
creating build/bdist.linux-x86_64/egg/rodeo/templates
copying build/lib/rodeo/templates/index.html -> build/bdist.linux-x86_64/egg/rodeo/templates
copying build/lib/rodeo/templates/layout.html -> build/bdist.linux-x86_64/egg/rodeo/templates
copying build/lib/rodeo/templates/bottom-left.html -> build/bdist.linux-x86_64/egg/rodeo/templates
copying build/lib/rodeo/templates/top-left.html -> build/bdist.linux-x86_64/egg/rodeo/templates
copying build/lib/rodeo/templates/about.html -> build/bdist.linux-x86_64/egg/rodeo/templates
copying build/lib/rodeo/templates/top-right.html -> build/bdist.linux-x86_64/egg/rodeo/templates
copying build/lib/rodeo/templates/nav.html -> build/bdist.linux-x86_64/egg/rodeo/templates
copying build/lib/rodeo/templates/shortcuts.html -> build/bdist.linux-x86_64/egg/rodeo/templates
copying build/lib/rodeo/templates/bottom-right.html -> build/bdist.linux-x86_64/egg/rodeo/templates
copying build/lib/rodeo/templates/preferences.html -> build/bdist.linux-x86_64/egg/rodeo/templates
copying build/lib/rodeo/templates/df.html -> build/bdist.linux-x86_64/egg/rodeo/templates
copying build/lib/rodeo/kernel.py -> build/bdist.linux-x86_64/egg/rodeo
creating build/bdist.linux-x86_64/egg/rodeo/static
creating build/bdist.linux-x86_64/egg/rodeo/static/fonts
copying build/lib/rodeo/static/fonts/glyphicons-halflings-regular.eot -> build/bdist.linux-x86_64/egg/rodeo/static/fonts
copying build/lib/rodeo/static/fonts/glyphicons-halflings-regular.svg -> build/bdist.linux-x86_64/egg/rodeo/static/fonts
copying build/lib/rodeo/static/fonts/glyphicons-halflings-regular.woff2 -> build/bdist.linux-x86_64/egg/rodeo/static/fonts
copying build/lib/rodeo/static/fonts/glyphicons-halflings-regular.woff -> build/bdist.linux-x86_64/egg/rodeo/static/fonts
copying build/lib/rodeo/static/fonts/glyphicons-halflings-regular.ttf -> build/bdist.linux-x86_64/egg/rodeo/static/fonts
creating build/bdist.linux-x86_64/egg/rodeo/static/img
copying build/lib/rodeo/static/img/screenshot-ggplot.png -> build/bdist.linux-x86_64/egg/rodeo/static/img
copying build/lib/rodeo/static/img/cowboy-hat.svg -> build/bdist.linux-x86_64/egg/rodeo/static/img
copying build/lib/rodeo/static/img/screenshot-mpl-complex.png -> build/bdist.linux-x86_64/egg/rodeo/static/img
copying build/lib/rodeo/static/img/screenshot-view-data-small.png -> build/bdist.linux-x86_64/egg/rodeo/static/img
copying build/lib/rodeo/static/img/screenshot-mpl-complex-small.png -> build/bdist.linux-x86_64/egg/rodeo/static/img
copying build/lib/rodeo/static/img/screenshot-autocomplete-small.png -> build/bdist.linux-x86_64/egg/rodeo/static/img
copying build/lib/rodeo/static/img/screenshot-files-with-output.png -> build/bdist.linux-x86_64/egg/rodeo/static/img
copying build/lib/rodeo/static/img/screenshot-autocomplete.png -> build/bdist.linux-x86_64/egg/rodeo/static/img
copying build/lib/rodeo/static/img/screenshot-view-data.png -> build/bdist.linux-x86_64/egg/rodeo/static/img
copying build/lib/rodeo/static/img/screenshot-help.png -> build/bdist.linux-x86_64/egg/rodeo/static/img
copying build/lib/rodeo/static/img/Rodeo-Demo.gif -> build/bdist.linux-x86_64/egg/rodeo/static/img
copying build/lib/rodeo/static/img/screenshot-files-with-output-small.png -> build/bdist.linux-x86_64/egg/rodeo/static/img
creating build/bdist.linux-x86_64/egg/rodeo/static/css
copying build/lib/rodeo/static/css/styles.css -> build/bdist.linux-x86_64/egg/rodeo/static/css
copying build/lib/rodeo/static/css/bootstrap.yeti.css -> build/bdist.linux-x86_64/egg/rodeo/static/css
copying build/lib/rodeo/static/css/dataTables.bootstrap.css -> build/bdist.linux-x86_64/egg/rodeo/static/css
copying build/lib/rodeo/static/css/github-markdown.css -> build/bdist.linux-x86_64/egg/rodeo/static/css
copying build/lib/rodeo/static/css/jquery.splitter.css -> build/bdist.linux-x86_64/egg/rodeo/static/css
copying build/lib/rodeo/static/css/console.css -> build/bdist.linux-x86_64/egg/rodeo/static/css
copying build/lib/rodeo/static/css/bootstrap.darkly.css -> build/bdist.linux-x86_64/egg/rodeo/static/css
copying build/lib/rodeo/static/css/jquery.dataTables.css -> build/bdist.linux-x86_64/egg/rodeo/static/css
creating build/bdist.linux-x86_64/egg/rodeo/static/js
copying build/lib/rodeo/static/js/ace.js -> build/bdist.linux-x86_64/egg/rodeo/static/js
creating build/bdist.linux-x86_64/egg/rodeo/static/js/lib
copying build/lib/rodeo/static/js/lib/jquery.terminal-0.8.8.min.js -> build/bdist.linux-x86_64/egg/rodeo/static/js/lib
copying build/lib/rodeo/static/js/lib/jqconsole.min.js -> build/bdist.linux-x86_64/egg/rodeo/static/js/lib
copying build/lib/rodeo/static/js/lib/jquery.min.js -> build/bdist.linux-x86_64/egg/rodeo/static/js/lib
copying build/lib/rodeo/static/js/lib/jquery.dataTables.min.js -> build/bdist.linux-x86_64/egg/rodeo/static/js/lib
copying build/lib/rodeo/static/js/lib/bootstrap.min.js -> build/bdist.linux-x86_64/egg/rodeo/static/js/lib
copying build/lib/rodeo/static/js/lib/jquery.floatThead.min.js -> build/bdist.linux-x86_64/egg/rodeo/static/js/lib
copying build/lib/rodeo/static/js/lib/jquery.min.map -> build/bdist.linux-x86_64/egg/rodeo/static/js/lib
copying build/lib/rodeo/static/js/lib/right.js -> build/bdist.linux-x86_64/egg/rodeo/static/js/lib
copying build/lib/rodeo/static/js/lib/jquery.uploadfile.min.js -> build/bdist.linux-x86_64/egg/rodeo/static/js/lib
copying build/lib/rodeo/static/js/lib/ascii-table.min.js -> build/bdist.linux-x86_64/egg/rodeo/static/js/lib
copying build/lib/rodeo/static/js/lib/right-resizable.js -> build/bdist.linux-x86_64/egg/rodeo/static/js/lib
copying build/lib/rodeo/static/js/lib/jquery.splitter-0.15.0.js -> build/bdist.linux-x86_64/egg/rodeo/static/js/lib
creating build/bdist.linux-x86_64/egg/rodeo/static/ace
copying build/lib/rodeo/static/ace/mode-r.js -> build/bdist.linux-x86_64/egg/rodeo/static/ace
copying build/lib/rodeo/static/ace/theme-monokai.js -> build/bdist.linux-x86_64/egg/rodeo/static/ace
copying build/lib/rodeo/static/ace/mode-sass.js -> build/bdist.linux-x86_64/egg/rodeo/static/ace
creating build/bdist.linux-x86_64/egg/rodeo/static/ace/snippets
copying build/lib/rodeo/static/ace/snippets/matlab.js -> build/bdist.linux-x86_64/egg/rodeo/static/ace/snippets
copying build/lib/rodeo/static/ace/snippets/luapage.js -> build/bdist.linux-x86_64/egg/rodeo/static/ace/snippets
copying build/lib/rodeo/static/ace/snippets/mipsassembler.js -> build/bdist.linux-x86_64/egg/rodeo/static/ace/snippets
copying build/lib/rodeo/static/ace/snippets/gherkin.js -> build/bdist.linux-x86_64/egg/rodeo/static/ace/snippets
copying build/lib/rodeo/static/ace/snippets/dockerfile.js -> build/bdist.linux-x86_64/egg/rodeo/static/ace/snippets
copying build/lib/rodeo/static/ace/snippets/mushcode.js -> build/bdist.linux-x86_64/egg/rodeo/static/ace/snippets
copying build/lib/rodeo/static/ace/snippets/elm.js -> build/bdist.linux-x86_64/egg/rodeo/static/ace/snippets
copying build/lib/rodeo/static/ace/snippets/latex.js -> build/bdist.linux-x86_64/egg/rodeo/static/ace/snippets
copying build/lib/rodeo/static/ace/snippets/dart.js -> build/bdist.linux-x86_64/egg/rodeo/static/ace/snippets
copying build/lib/rodeo/static/ace/snippets/asciidoc.js -> build/bdist.linux-x86_64/egg/rodeo/static/ace/snippets
copying build/lib/rodeo/static/ace/snippets/live_script.js -> build/bdist.linux-x86_64/egg/rodeo/static/ace/snippets
copying build/lib/rodeo/static/ace/snippets/handlebars.js -> build/bdist.linux-x86_64/egg/rodeo/static/ace/snippets
copying build/lib/rodeo/static/ace/snippets/rdoc.js -> build/bdist.linux-x86_64/egg/rodeo/static/ace/snippets
copying build/lib/rodeo/static/ace/snippets/perl.js -> build/bdist.linux-x86_64/egg/rodeo/static/ace/snippets
copying build/lib/rodeo/static/ace/snippets/gitignore.js -> build/bdist.linux-x86_64/egg/rodeo/static/ace/snippets
copying build/lib/rodeo/static/ace/snippets/c9search.js -> build/bdist.linux-x86_64/egg/rodeo/static/ace/snippets
copying build/lib/rodeo/static/ace/snippets/diff.js -> build/bdist.linux-x86_64/egg/rodeo/static/ace/snippets
copying build/lib/rodeo/static/ace/snippets/php.js -> build/bdist.linux-x86_64/egg/rodeo/static/ace/snippets
copying build/lib/rodeo/static/ace/snippets/velocity.js -> build/bdist.linux-x86_64/egg/rodeo/static/ace/snippets
copying build/lib/rodeo/static/ace/snippets/livescript.js -> build/bdist.linux-x86_64/egg/rodeo/static/ace/snippets
copying build/lib/rodeo/static/ace/snippets/jack.js -> build/bdist.linux-x86_64/egg/rodeo/static/ace/snippets
copying build/lib/rodeo/static/ace/snippets/scheme.js -> build/bdist.linux-x86_64/egg/rodeo/static/ace/snippets
copying build/lib/rodeo/static/ace/snippets/tex.js -> build/bdist.linux-x86_64/egg/rodeo/static/ace/snippets
copying build/lib/rodeo/static/ace/snippets/text.js -> build/bdist.linux-x86_64/egg/rodeo/static/ace/snippets
copying build/lib/rodeo/static/ace/snippets/snippets.js -> build/bdist.linux-x86_64/egg/rodeo/static/ace/snippets
copying build/lib/rodeo/static/ace/snippets/groovy.js -> build/bdist.linux-x86_64/egg/rodeo/static/ace/snippets
copying build/lib/rodeo/static/ace/snippets/python.js -> build/bdist.linux-x86_64/egg/rodeo/static/ace/snippets
copying build/lib/rodeo/static/ace/snippets/lsl.js -> build/bdist.linux-x86_64/egg/rodeo/static/ace/snippets
copying build/lib/rodeo/static/ace/snippets/scala.js -> build/bdist.linux-x86_64/egg/rodeo/static/ace/snippets
copying build/lib/rodeo/static/ace/snippets/r.js -> build/bdist.linux-x86_64/egg/rodeo/static/ace/snippets
copying build/lib/rodeo/static/ace/snippets/smarty.js -> build/bdist.linux-x86_64/egg/rodeo/static/ace/snippets
copying build/lib/rodeo/static/ace/snippets/ruby.js -> build/bdist.linux-x86_64/egg/rodeo/static/ace/snippets
copying build/lib/rodeo/static/ace/snippets/assembly_x86.js -> build/bdist.linux-x86_64/egg/rodeo/static/ace/snippets
copying build/lib/rodeo/static/ace/snippets/csharp.js -> build/bdist.linux-x86_64/egg/rodeo/static/ace/snippets
copying build/lib/rodeo/static/ace/snippets/ejs.js -> build/bdist.linux-x86_64/egg/rodeo/static/ace/snippets
copying build/lib/rodeo/static/ace/snippets/verilog.js -> build/bdist.linux-x86_64/egg/rodeo/static/ace/snippets
copying build/lib/rodeo/static/ace/snippets/java.js -> build/bdist.linux-x86_64/egg/rodeo/static/ace/snippets
copying build/lib/rodeo/static/ace/snippets/eiffel.js -> build/bdist.linux-x86_64/egg/rodeo/static/ace/snippets
copying build/lib/rodeo/static/ace/snippets/vala.js -> build/bdist.linux-x86_64/egg/rodeo/static/ace/snippets
copying build/lib/rodeo/static/ace/snippets/stylus.js -> build/bdist.linux-x86_64/egg/rodeo/static/ace/snippets
copying build/lib/rodeo/static/ace/snippets/gcode.js -> build/bdist.linux-x86_64/egg/rodeo/static/ace/snippets
copying build/lib/rodeo/static/ace/snippets/tcl.js -> build/bdist.linux-x86_64/egg/rodeo/static/ace/snippets
copying build/lib/rodeo/static/ace/snippets/clojure.js -> build/bdist.linux-x86_64/egg/rodeo/static/ace/snippets
copying build/lib/rodeo/static/ace/snippets/toml.js -> build/bdist.linux-x86_64/egg/rodeo/static/ace/snippets
copying build/lib/rodeo/static/ace/snippets/mysql.js -> build/bdist.linux-x86_64/egg/rodeo/static/ace/snippets
copying build/lib/rodeo/static/ace/snippets/prolog.js -> build/bdist.linux-x86_64/egg/rodeo/static/ace/snippets
copying build/lib/rodeo/static/ace/snippets/abap.js -> build/bdist.linux-x86_64/egg/rodeo/static/ace/snippets
copying build/lib/rodeo/static/ace/snippets/markdown.js -> build/bdist.linux-x86_64/egg/rodeo/static/ace/snippets
copying build/lib/rodeo/static/ace/snippets/erlang.js -> build/bdist.linux-x86_64/egg/rodeo/static/ace/snippets
copying build/lib/rodeo/static/ace/snippets/plain_text.js -> build/bdist.linux-x86_64/egg/rodeo/static/ace/snippets
copying build/lib/rodeo/static/ace/snippets/c_cpp.js -> build/bdist.linux-x86_64/egg/rodeo/static/ace/snippets
copying build/lib/rodeo/static/ace/snippets/lucene.js -> build/bdist.linux-x86_64/egg/rodeo/static/ace/snippets
copying build/lib/rodeo/static/ace/snippets/yaml.js -> build/bdist.linux-x86_64/egg/rodeo/static/ace/snippets
copying build/lib/rodeo/static/ace/snippets/lisp.js -> build/bdist.linux-x86_64/egg/rodeo/static/ace/snippets
copying build/lib/rodeo/static/ace/snippets/coffee.js -> build/bdist.linux-x86_64/egg/rodeo/static/ace/snippets
copying build/lib/rodeo/static/ace/snippets/makefile.js -> build/bdist.linux-x86_64/egg/rodeo/static/ace/snippets
copying build/lib/rodeo/static/ace/snippets/haxe.js -> build/bdist.linux-x86_64/egg/rodeo/static/ace/snippets
copying build/lib/rodeo/static/ace/snippets/html_ruby.js -> build/bdist.linux-x86_64/egg/rodeo/static/ace/snippets
copying build/lib/rodeo/static/ace/snippets/autohotkey.js -> build/bdist.linux-x86_64/egg/rodeo/static/ace/snippets
copying build/lib/rodeo/static/ace/snippets/forth.js -> build/bdist.linux-x86_64/egg/rodeo/static/ace/snippets
copying build/lib/rodeo/static/ace/snippets/sass.js -> build/bdist.linux-x86_64/egg/rodeo/static/ace/snippets
copying build/lib/rodeo/static/ace/snippets/json.js -> build/bdist.linux-x86_64/egg/rodeo/static/ace/snippets
copying build/lib/rodeo/static/ace/snippets/haml.js -> build/bdist.linux-x86_64/egg/rodeo/static/ace/snippets
copying build/lib/rodeo/static/ace/snippets/protobuf.js -> build/bdist.linux-x86_64/egg/rodeo/static/ace/snippets
copying build/lib/rodeo/static/ace/snippets/vhdl.js -> build/bdist.linux-x86_64/egg/rodeo/static/ace/snippets
copying build/lib/rodeo/static/ace/snippets/sql.js -> build/bdist.linux-x86_64/egg/rodeo/static/ace/snippets
copying build/lib/rodeo/static/ace/snippets/mel.js -> build/bdist.linux-x86_64/egg/rodeo/static/ace/snippets
copying build/lib/rodeo/static/ace/snippets/liquid.js -> build/bdist.linux-x86_64/egg/rodeo/static/ace/snippets
copying build/lib/rodeo/static/ace/snippets/ini.js -> build/bdist.linux-x86_64/egg/rodeo/static/ace/snippets
copying build/lib/rodeo/static/ace/snippets/css.js -> build/bdist.linux-x86_64/egg/rodeo/static/ace/snippets
copying build/lib/rodeo/static/ace/snippets/lean.js -> build/bdist.linux-x86_64/egg/rodeo/static/ace/snippets
copying build/lib/rodeo/static/ace/snippets/svg.js -> build/bdist.linux-x86_64/egg/rodeo/static/ace/snippets
copying build/lib/rodeo/static/ace/snippets/curly.js -> build/bdist.linux-x86_64/egg/rodeo/static/ace/snippets
copying build/lib/rodeo/static/ace/snippets/julia.js -> build/bdist.linux-x86_64/egg/rodeo/static/ace/snippets
copying build/lib/rodeo/static/ace/snippets/jade.js -> build/bdist.linux-x86_64/egg/rodeo/static/ace/snippets
copying build/lib/rodeo/static/ace/snippets/golang.js -> build/bdist.linux-x86_64/egg/rodeo/static/ace/snippets
copying build/lib/rodeo/static/ace/snippets/properties.js -> build/bdist.linux-x86_64/egg/rodeo/static/ace/snippets
copying build/lib/rodeo/static/ace/snippets/ocaml.js -> build/bdist.linux-x86_64/egg/rodeo/static/ace/snippets
copying build/lib/rodeo/static/ace/snippets/django.js -> build/bdist.linux-x86_64/egg/rodeo/static/ace/snippets
copying build/lib/rodeo/static/ace/snippets/space.js -> build/bdist.linux-x86_64/egg/rodeo/static/ace/snippets
copying build/lib/rodeo/static/ace/snippets/d.js -> build/bdist.linux-x86_64/egg/rodeo/static/ace/snippets
copying build/lib/rodeo/static/ace/snippets/mask.js -> build/bdist.linux-x86_64/egg/rodeo/static/ace/snippets
copying build/lib/rodeo/static/ace/snippets/pascal.js -> build/bdist.linux-x86_64/egg/rodeo/static/ace/snippets
copying build/lib/rodeo/static/ace/snippets/textile.js -> build/bdist.linux-x86_64/egg/rodeo/static/ace/snippets
copying build/lib/rodeo/static/ace/snippets/ftl.js -> build/bdist.linux-x86_64/egg/rodeo/static/ace/snippets
copying build/lib/rodeo/static/ace/snippets/xquery.js -> build/bdist.linux-x86_64/egg/rodeo/static/ace/snippets
copying build/lib/rodeo/static/ace/snippets/scss.js -> build/bdist.linux-x86_64/egg/rodeo/static/ace/snippets
copying build/lib/rodeo/static/ace/snippets/less.js -> build/bdist.linux-x86_64/egg/rodeo/static/ace/snippets
copying build/lib/rodeo/static/ace/snippets/actionscript.js -> build/bdist.linux-x86_64/egg/rodeo/static/ace/snippets
copying build/lib/rodeo/static/ace/snippets/powershell.js -> build/bdist.linux-x86_64/egg/rodeo/static/ace/snippets
copying build/lib/rodeo/static/ace/snippets/mips_assembler.js -> build/bdist.linux-x86_64/egg/rodeo/static/ace/snippets
copying build/lib/rodeo/static/ace/snippets/batchfile.js -> build/bdist.linux-x86_64/egg/rodeo/static/ace/snippets
copying build/lib/rodeo/static/ace/snippets/io.js -> build/bdist.linux-x86_64/egg/rodeo/static/ace/snippets
copying build/lib/rodeo/static/ace/snippets/abc.js -> build/bdist.linux-x86_64/egg/rodeo/static/ace/snippets
copying build/lib/rodeo/static/ace/snippets/soy_template.js -> build/bdist.linux-x86_64/egg/rodeo/static/ace/snippets
copying build/lib/rodeo/static/ace/snippets/rust.js -> build/bdist.linux-x86_64/egg/rodeo/static/ace/snippets
copying build/lib/rodeo/static/ace/snippets/nix.js -> build/bdist.linux-x86_64/egg/rodeo/static/ace/snippets
copying build/lib/rodeo/static/ace/snippets/haskell.js -> build/bdist.linux-x86_64/egg/rodeo/static/ace/snippets
copying build/lib/rodeo/static/ace/snippets/apache_conf.js -> build/bdist.linux-x86_64/egg/rodeo/static/ace/snippets
copying build/lib/rodeo/static/ace/snippets/typescript.js -> build/bdist.linux-x86_64/egg/rodeo/static/ace/snippets
copying build/lib/rodeo/static/ace/snippets/twig.js -> build/bdist.linux-x86_64/egg/rodeo/static/ace/snippets
copying build/lib/rodeo/static/ace/snippets/xml.js -> build/bdist.linux-x86_64/egg/rodeo/static/ace/snippets
copying build/lib/rodeo/static/ace/snippets/ada.js -> build/bdist.linux-x86_64/egg/rodeo/static/ace/snippets
copying build/lib/rodeo/static/ace/snippets/glsl.js -> build/bdist.linux-x86_64/egg/rodeo/static/ace/snippets
copying build/lib/rodeo/static/ace/snippets/cirru.js -> build/bdist.linux-x86_64/egg/rodeo/static/ace/snippets
copying build/lib/rodeo/static/ace/snippets/elixir.js -> build/bdist.linux-x86_64/egg/rodeo/static/ace/snippets
copying build/lib/rodeo/static/ace/snippets/jsp.js -> build/bdist.linux-x86_64/egg/rodeo/static/ace/snippets
copying build/lib/rodeo/static/ace/snippets/vbscript.js -> build/bdist.linux-x86_64/egg/rodeo/static/ace/snippets
copying build/lib/rodeo/static/ace/snippets/lua.js -> build/bdist.linux-x86_64/egg/rodeo/static/ace/snippets
copying build/lib/rodeo/static/ace/snippets/dot.js -> build/bdist.linux-x86_64/egg/rodeo/static/ace/snippets
copying build/lib/rodeo/static/ace/snippets/rhtml.js -> build/bdist.linux-x86_64/egg/rodeo/static/ace/snippets
copying build/lib/rodeo/static/ace/snippets/cobol.js -> build/bdist.linux-x86_64/egg/rodeo/static/ace/snippets
copying build/lib/rodeo/static/ace/snippets/sh.js -> build/bdist.linux-x86_64/egg/rodeo/static/ace/snippets
copying build/lib/rodeo/static/ace/snippets/objectivec.js -> build/bdist.linux-x86_64/egg/rodeo/static/ace/snippets
copying build/lib/rodeo/static/ace/snippets/praat.js -> build/bdist.linux-x86_64/egg/rodeo/static/ace/snippets
copying build/lib/rodeo/static/ace/snippets/jsx.js -> build/bdist.linux-x86_64/egg/rodeo/static/ace/snippets
copying build/lib/rodeo/static/ace/snippets/sjs.js -> build/bdist.linux-x86_64/egg/rodeo/static/ace/snippets
copying build/lib/rodeo/static/ace/snippets/applescript.js -> build/bdist.linux-x86_64/egg/rodeo/static/ace/snippets
copying build/lib/rodeo/static/ace/snippets/coldfusion.js -> build/bdist.linux-x86_64/egg/rodeo/static/ace/snippets
copying build/lib/rodeo/static/ace/snippets/jsoniq.js -> build/bdist.linux-x86_64/egg/rodeo/static/ace/snippets
copying build/lib/rodeo/static/ace/snippets/scad.js -> build/bdist.linux-x86_64/egg/rodeo/static/ace/snippets
copying build/lib/rodeo/static/ace/snippets/html.js -> build/bdist.linux-x86_64/egg/rodeo/static/ace/snippets
copying build/lib/rodeo/static/ace/snippets/logiql.js -> build/bdist.linux-x86_64/egg/rodeo/static/ace/snippets
copying build/lib/rodeo/static/ace/snippets/javascript.js -> build/bdist.linux-x86_64/egg/rodeo/static/ace/snippets
copying build/lib/rodeo/static/ace/snippets/pgsql.js -> build/bdist.linux-x86_64/egg/rodeo/static/ace/snippets
copying build/lib/rodeo/static/ace/theme-chaos.js -> build/bdist.linux-x86_64/egg/rodeo/static/ace
copying build/lib/rodeo/static/ace/mode-jsx.js -> build/bdist.linux-x86_64/egg/rodeo/static/ace
copying build/lib/rodeo/static/ace/theme-tomorrow_night.js -> build/bdist.linux-x86_64/egg/rodeo/static/ace
copying build/lib/rodeo/static/ace/mode-vala.js -> build/bdist.linux-x86_64/egg/rodeo/static/ace
copying build/lib/rodeo/static/ace/mode-diff.js -> build/bdist.linux-x86_64/egg/rodeo/static/ace
copying build/lib/rodeo/static/ace/mode-c9search.js -> build/bdist.linux-x86_64/egg/rodeo/static/ace
copying build/lib/rodeo/static/ace/mode-elm.js -> build/bdist.linux-x86_64/egg/rodeo/static/ace
copying build/lib/rodeo/static/ace/mode-twig.js -> build/bdist.linux-x86_64/egg/rodeo/static/ace
copying build/lib/rodeo/static/ace/mode-lean.js -> build/bdist.linux-x86_64/egg/rodeo/static/ace
copying build/lib/rodeo/static/ace/theme-solarized_dark.js -> build/bdist.linux-x86_64/egg/rodeo/static/ace
copying build/lib/rodeo/static/ace/worker-html.js -> build/bdist.linux-x86_64/egg/rodeo/static/ace
copying build/lib/rodeo/static/ace/keybinding-emacs.js -> build/bdist.linux-x86_64/egg/rodeo/static/ace
copying build/lib/rodeo/static/ace/mode-xml.js -> build/bdist.linux-x86_64/egg/rodeo/static/ace
copying build/lib/rodeo/static/ace/mode-soy_template.js -> build/bdist.linux-x86_64/egg/rodeo/static/ace
copying build/lib/rodeo/static/ace/mode-eiffel.js -> build/bdist.linux-x86_64/egg/rodeo/static/ace
copying build/lib/rodeo/static/ace/mode-rhtml.js -> build/bdist.linux-x86_64/egg/rodeo/static/ace
copying build/lib/rodeo/static/ace/mode-properties.js -> build/bdist.linux-x86_64/egg/rodeo/static/ace
copying build/lib/rodeo/static/ace/ext-elastic_tabstops_lite.js -> build/bdist.linux-x86_64/egg/rodeo/static/ace
copying build/lib/rodeo/static/ace/mode-objectivec.js -> build/bdist.linux-x86_64/egg/rodeo/static/ace
copying build/lib/rodeo/static/ace/mode-snippets.js -> build/bdist.linux-x86_64/egg/rodeo/static/ace
copying build/lib/rodeo/static/ace/theme-solarized_light.js -> build/bdist.linux-x86_64/egg/rodeo/static/ace
copying build/lib/rodeo/static/ace/mode-c_cpp.js -> build/bdist.linux-x86_64/egg/rodeo/static/ace
copying build/lib/rodeo/static/ace/mode-text.js -> build/bdist.linux-x86_64/egg/rodeo/static/ace
copying build/lib/rodeo/static/ace/mode-logiql.js -> build/bdist.linux-x86_64/egg/rodeo/static/ace
copying build/lib/rodeo/static/ace/theme-eclipse.js -> build/bdist.linux-x86_64/egg/rodeo/static/ace
copying build/lib/rodeo/static/ace/mode-scheme.js -> build/bdist.linux-x86_64/egg/rodeo/static/ace
copying build/lib/rodeo/static/ace/theme-tomorrow_night_bright.js -> build/bdist.linux-x86_64/egg/rodeo/static/ace
copying build/lib/rodeo/static/ace/mode-mushcode.js -> build/bdist.linux-x86_64/egg/rodeo/static/ace
copying build/lib/rodeo/static/ace/mode-gherkin.js -> build/bdist.linux-x86_64/egg/rodeo/static/ace
copying build/lib/rodeo/static/ace/mode-coffee.js -> build/bdist.linux-x86_64/egg/rodeo/static/ace
copying build/lib/rodeo/static/ace/mode-haml.js -> build/bdist.linux-x86_64/egg/rodeo/static/ace
copying build/lib/rodeo/static/ace/mode-javascript.js -> build/bdist.linux-x86_64/egg/rodeo/static/ace
copying build/lib/rodeo/static/ace/mode-xquery.js -> build/bdist.linux-x86_64/egg/rodeo/static/ace
copying build/lib/rodeo/static/ace/mode-praat.js -> build/bdist.linux-x86_64/egg/rodeo/static/ace
copying build/lib/rodeo/static/ace/ext-modelist.js -> build/bdist.linux-x86_64/egg/rodeo/static/ace
copying build/lib/rodeo/static/ace/mode-php.js -> build/bdist.linux-x86_64/egg/rodeo/static/ace
copying build/lib/rodeo/static/ace/mode-batchfile.js -> build/bdist.linux-x86_64/egg/rodeo/static/ace
copying build/lib/rodeo/static/ace/mode-applescript.js -> build/bdist.linux-x86_64/egg/rodeo/static/ace
copying build/lib/rodeo/static/ace/theme-clouds.js -> build/bdist.linux-x86_64/egg/rodeo/static/ace
copying build/lib/rodeo/static/ace/mode-mipsassembler.js -> build/bdist.linux-x86_64/egg/rodeo/static/ace
copying build/lib/rodeo/static/ace/mode-django.js -> build/bdist.linux-x86_64/egg/rodeo/static/ace
copying build/lib/rodeo/static/ace/mode-vhdl.js -> build/bdist.linux-x86_64/egg/rodeo/static/ace
copying build/lib/rodeo/static/ace/worker-lua.js -> build/bdist.linux-x86_64/egg/rodeo/static/ace
copying build/lib/rodeo/static/ace/ext-split.js -> build/bdist.linux-x86_64/egg/rodeo/static/ace
copying build/lib/rodeo/static/ace/ext-statusbar.js -> build/bdist.linux-x86_64/egg/rodeo/static/ace
copying build/lib/rodeo/static/ace/mode-space.js -> build/bdist.linux-x86_64/egg/rodeo/static/ace
copying build/lib/rodeo/static/ace/mode-sql.js -> build/bdist.linux-x86_64/egg/rodeo/static/ace
copying build/lib/rodeo/static/ace/ace.js -> build/bdist.linux-x86_64/egg/rodeo/static/ace
copying build/lib/rodeo/static/ace/mode-verilog.js -> build/bdist.linux-x86_64/egg/rodeo/static/ace
copying build/lib/rodeo/static/ace/mode-mel.js -> build/bdist.linux-x86_64/egg/rodeo/static/ace
copying build/lib/rodeo/static/ace/mode-handlebars.js -> build/bdist.linux-x86_64/egg/rodeo/static/ace
copying build/lib/rodeo/static/ace/theme-crimson_editor.js -> build/bdist.linux-x86_64/egg/rodeo/static/ace
copying build/lib/rodeo/static/ace/mode-golang.js -> build/bdist.linux-x86_64/egg/rodeo/static/ace
copying build/lib/rodeo/static/ace/mode-scad.js -> build/bdist.linux-x86_64/egg/rodeo/static/ace
copying build/lib/rodeo/static/ace/ext-keybinding_menu.js -> build/bdist.linux-x86_64/egg/rodeo/static/ace
copying build/lib/rodeo/static/ace/mode-html.js -> build/bdist.linux-x86_64/egg/rodeo/static/ace
copying build/lib/rodeo/static/ace/mode-io.js -> build/bdist.linux-x86_64/egg/rodeo/static/ace
copying build/lib/rodeo/static/ace/theme-kuroir.js -> build/bdist.linux-x86_64/egg/rodeo/static/ace
copying build/lib/rodeo/static/ace/mode-svg.js -> build/bdist.linux-x86_64/egg/rodeo/static/ace
copying build/lib/rodeo/static/ace/mode-apache_conf.js -> build/bdist.linux-x86_64/egg/rodeo/static/ace
copying build/lib/rodeo/static/ace/mode-d.js -> build/bdist.linux-x86_64/egg/rodeo/static/ace
copying build/lib/rodeo/static/ace/worker-css.js -> build/bdist.linux-x86_64/egg/rodeo/static/ace
copying build/lib/rodeo/static/ace/ext-static_highlight.js -> build/bdist.linux-x86_64/egg/rodeo/static/ace
copying build/lib/rodeo/static/ace/mode-jsoniq.js -> build/bdist.linux-x86_64/egg/rodeo/static/ace
copying build/lib/rodeo/static/ace/ext-old_ie.js -> build/bdist.linux-x86_64/egg/rodeo/static/ace
copying build/lib/rodeo/static/ace/theme-katzenmilch.js -> build/bdist.linux-x86_64/egg/rodeo/static/ace
copying build/lib/rodeo/static/ace/theme-tomorrow_night_eighties.js -> build/bdist.linux-x86_64/egg/rodeo/static/ace
copying build/lib/rodeo/static/ace/mode-ejs.js -> build/bdist.linux-x86_64/egg/rodeo/static/ace
copying build/lib/rodeo/static/ace/theme-textmate.js -> build/bdist.linux-x86_64/egg/rodeo/static/ace
copying build/lib/rodeo/static/ace/mode-dot.js -> build/bdist.linux-x86_64/egg/rodeo/static/ace
copying build/lib/rodeo/static/ace/ext-linking.js -> build/bdist.linux-x86_64/egg/rodeo/static/ace
copying build/lib/rodeo/static/ace/mode-rust.js -> build/bdist.linux-x86_64/egg/rodeo/static/ace
copying build/lib/rodeo/static/ace/mode-typescript.js -> build/bdist.linux-x86_64/egg/rodeo/static/ace
copying build/lib/rodeo/static/ace/mode-velocity.js -> build/bdist.linux-x86_64/egg/rodeo/static/ace
copying build/lib/rodeo/static/ace/ext-settings_menu.js -> build/bdist.linux-x86_64/egg/rodeo/static/ace
copying build/lib/rodeo/static/ace/mode-python.js -> build/bdist.linux-x86_64/egg/rodeo/static/ace
copying build/lib/rodeo/static/ace/worker-coffee.js -> build/bdist.linux-x86_64/egg/rodeo/static/ace
copying build/lib/rodeo/static/ace/mode-yaml.js -> build/bdist.linux-x86_64/egg/rodeo/static/ace
copying build/lib/rodeo/static/ace/mode-scala.js -> build/bdist.linux-x86_64/egg/rodeo/static/ace
copying build/lib/rodeo/static/ace/ext-spellcheck.js -> build/bdist.linux-x86_64/egg/rodeo/static/ace
copying build/lib/rodeo/static/ace/mode-mips_assembler.js -> build/bdist.linux-x86_64/egg/rodeo/static/ace
copying build/lib/rodeo/static/ace/mode-haxe.js -> build/bdist.linux-x86_64/egg/rodeo/static/ace
copying build/lib/rodeo/static/ace/mode-smarty.js -> build/bdist.linux-x86_64/egg/rodeo/static/ace
copying build/lib/rodeo/static/ace/ext-beautify.js -> build/bdist.linux-x86_64/egg/rodeo/static/ace
copying build/lib/rodeo/static/ace/mode-erlang.js -> build/bdist.linux-x86_64/egg/rodeo/static/ace
copying build/lib/rodeo/static/ace/theme-kr_theme.js -> build/bdist.linux-x86_64/egg/rodeo/static/ace
copying build/lib/rodeo/static/ace/mode-csharp.js -> build/bdist.linux-x86_64/egg/rodeo/static/ace
copying build/lib/rodeo/static/ace/theme-xcode.js -> build/bdist.linux-x86_64/egg/rodeo/static/ace
copying build/lib/rodeo/static/ace/ext-language_tools.js -> build/bdist.linux-x86_64/egg/rodeo/static/ace
copying build/lib/rodeo/static/ace/ext-themelist.js -> build/bdist.linux-x86_64/egg/rodeo/static/ace
copying build/lib/rodeo/static/ace/mode-forth.js -> build/bdist.linux-x86_64/egg/rodeo/static/ace
copying build/lib/rodeo/static/ace/mode-ruby.js -> build/bdist.linux-x86_64/egg/rodeo/static/ace
copying build/lib/rodeo/static/ace/mode-mask.js -> build/bdist.linux-x86_64/egg/rodeo/static/ace
copying build/lib/rodeo/static/ace/mode-pgsql.js -> build/bdist.linux-x86_64/egg/rodeo/static/ace
copying build/lib/rodeo/static/ace/keybinding-vim.js -> build/bdist.linux-x86_64/egg/rodeo/static/ace
copying build/lib/rodeo/static/ace/mode-lsl.js -> build/bdist.linux-x86_64/egg/rodeo/static/ace
copying build/lib/rodeo/static/ace/mode-clojure.js -> build/bdist.linux-x86_64/egg/rodeo/static/ace
copying build/lib/rodeo/static/ace/mode-java.js -> build/bdist.linux-x86_64/egg/rodeo/static/ace
copying build/lib/rodeo/static/ace/mode-actionscript.js -> build/bdist.linux-x86_64/egg/rodeo/static/ace
copying build/lib/rodeo/static/ace/mode-glsl.js -> build/bdist.linux-x86_64/egg/rodeo/static/ace
copying build/lib/rodeo/static/ace/ext-chromevox.js -> build/bdist.linux-x86_64/egg/rodeo/static/ace
copying build/lib/rodeo/static/ace/mode-liquid.js -> build/bdist.linux-x86_64/egg/rodeo/static/ace
copying build/lib/rodeo/static/ace/theme-merbivore_soft.js -> build/bdist.linux-x86_64/egg/rodeo/static/ace
copying build/lib/rodeo/static/ace/theme-terminal.js -> build/bdist.linux-x86_64/egg/rodeo/static/ace
copying build/lib/rodeo/static/ace/ext-whitespace.js -> build/bdist.linux-x86_64/egg/rodeo/static/ace
copying build/lib/rodeo/static/ace/mode-powershell.js -> build/bdist.linux-x86_64/egg/rodeo/static/ace
copying build/lib/rodeo/static/ace/mode-scss.js -> build/bdist.linux-x86_64/egg/rodeo/static/ace
copying build/lib/rodeo/static/ace/ext-searchbox.js -> build/bdist.linux-x86_64/egg/rodeo/static/ace
copying build/lib/rodeo/static/ace/mode-dart.js -> build/bdist.linux-x86_64/egg/rodeo/static/ace
copying build/lib/rodeo/static/ace/mode-sh.js -> build/bdist.linux-x86_64/egg/rodeo/static/ace
copying build/lib/rodeo/static/ace/mode-lisp.js -> build/bdist.linux-x86_64/egg/rodeo/static/ace
copying build/lib/rodeo/static/ace/mode-textile.js -> build/bdist.linux-x86_64/egg/rodeo/static/ace
copying build/lib/rodeo/static/ace/worker-json.js -> build/bdist.linux-x86_64/egg/rodeo/static/ace
copying build/lib/rodeo/static/ace/theme-dawn.js -> build/bdist.linux-x86_64/egg/rodeo/static/ace
copying build/lib/rodeo/static/ace/theme-pastel_on_dark.js -> build/bdist.linux-x86_64/egg/rodeo/static/ace
copying build/lib/rodeo/static/ace/worker-php.js -> build/bdist.linux-x86_64/egg/rodeo/static/ace
copying build/lib/rodeo/static/ace/mode-pascal.js -> build/bdist.linux-x86_64/egg/rodeo/static/ace
copying build/lib/rodeo/static/ace/mode-makefile.js -> build/bdist.linux-x86_64/egg/rodeo/static/ace
copying build/lib/rodeo/static/ace/worker-xml.js -> build/bdist.linux-x86_64/egg/rodeo/static/ace
copying build/lib/rodeo/static/ace/mode-nix.js -> build/bdist.linux-x86_64/egg/rodeo/static/ace
copying build/lib/rodeo/static/ace/mode-mysql.js -> build/bdist.linux-x86_64/egg/rodeo/static/ace
copying build/lib/rodeo/static/ace/mode-prolog.js -> build/bdist.linux-x86_64/egg/rodeo/static/ace
copying build/lib/rodeo/static/ace/ext-textarea.js -> build/bdist.linux-x86_64/egg/rodeo/static/ace
copying build/lib/rodeo/static/ace/mode-livescript.js -> build/bdist.linux-x86_64/egg/rodeo/static/ace
copying build/lib/rodeo/static/ace/worker-xquery.js -> build/bdist.linux-x86_64/egg/rodeo/static/ace
copying build/lib/rodeo/static/ace/theme-ambiance.js -> build/bdist.linux-x86_64/egg/rodeo/static/ace
copying build/lib/rodeo/static/ace/mode-luapage.js -> build/bdist.linux-x86_64/egg/rodeo/static/ace
copying build/lib/rodeo/static/ace/theme-mono_industrial.js -> build/bdist.linux-x86_64/egg/rodeo/static/ace
copying build/lib/rodeo/static/ace/mode-ini.js -> build/bdist.linux-x86_64/egg/rodeo/static/ace
copying build/lib/rodeo/static/ace/mode-tcl.js -> build/bdist.linux-x86_64/egg/rodeo/static/ace
copying build/lib/rodeo/static/ace/theme-vibrant_ink.js -> build/bdist.linux-x86_64/egg/rodeo/static/ace
copying build/lib/rodeo/static/ace/mode-jade.js -> build/bdist.linux-x86_64/egg/rodeo/static/ace
copying build/lib/rodeo/static/ace/mode-tex.js -> build/bdist.linux-x86_64/egg/rodeo/static/ace
copying build/lib/rodeo/static/ace/mode-plain_text.js -> build/bdist.linux-x86_64/egg/rodeo/static/ace
copying build/lib/rodeo/static/ace/mode-less.js -> build/bdist.linux-x86_64/egg/rodeo/static/ace
copying build/lib/rodeo/static/ace/mode-jsp.js -> build/bdist.linux-x86_64/egg/rodeo/static/ace
copying build/lib/rodeo/static/ace/mode-curly.js -> build/bdist.linux-x86_64/egg/rodeo/static/ace
copying build/lib/rodeo/static/ace/mode-perl.js -> build/bdist.linux-x86_64/egg/rodeo/static/ace
copying build/lib/rodeo/static/ace/theme-clouds_midnight.js -> build/bdist.linux-x86_64/egg/rodeo/static/ace
copying build/lib/rodeo/static/ace/mode-assembly_x86.js -> build/bdist.linux-x86_64/egg/rodeo/static/ace
copying build/lib/rodeo/static/ace/mode-coldfusion.js -> build/bdist.linux-x86_64/egg/rodeo/static/ace
copying build/lib/rodeo/static/ace/theme-github.js -> build/bdist.linux-x86_64/egg/rodeo/static/ace
copying build/lib/rodeo/static/ace/mode-toml.js -> build/bdist.linux-x86_64/egg/rodeo/static/ace
copying build/lib/rodeo/static/ace/theme-tomorrow.js -> build/bdist.linux-x86_64/egg/rodeo/static/ace
copying build/lib/rodeo/static/ace/mode-sjs.js -> build/bdist.linux-x86_64/egg/rodeo/static/ace
copying build/lib/rodeo/static/ace/theme-merbivore.js -> build/bdist.linux-x86_64/egg/rodeo/static/ace
copying build/lib/rodeo/static/ace/mode-ada.js -> build/bdist.linux-x86_64/egg/rodeo/static/ace
copying build/lib/rodeo/static/ace/mode-cobol.js -> build/bdist.linux-x86_64/egg/rodeo/static/ace
copying build/lib/rodeo/static/ace/mode-json.js -> build/bdist.linux-x86_64/egg/rodeo/static/ace
copying build/lib/rodeo/static/ace/theme-dreamweaver.js -> build/bdist.linux-x86_64/egg/rodeo/static/ace
copying build/lib/rodeo/static/ace/theme-idle_fingers.js -> build/bdist.linux-x86_64/egg/rodeo/static/ace
copying build/lib/rodeo/static/ace/mode-markdown.js -> build/bdist.linux-x86_64/egg/rodeo/static/ace
copying build/lib/rodeo/static/ace/mode-lua.js -> build/bdist.linux-x86_64/egg/rodeo/static/ace
copying build/lib/rodeo/static/ace/mode-abap.js -> build/bdist.linux-x86_64/egg/rodeo/static/ace
copying build/lib/rodeo/static/ace/ext-emmet.js -> build/bdist.linux-x86_64/egg/rodeo/static/ace
copying build/lib/rodeo/static/ace/mode-groovy.js -> build/bdist.linux-x86_64/egg/rodeo/static/ace
copying build/lib/rodeo/static/ace/mode-gitignore.js -> build/bdist.linux-x86_64/egg/rodeo/static/ace
copying build/lib/rodeo/static/ace/mode-latex.js -> build/bdist.linux-x86_64/egg/rodeo/static/ace
copying build/lib/rodeo/static/ace/mode-lucene.js -> build/bdist.linux-x86_64/egg/rodeo/static/ace
copying build/lib/rodeo/static/ace/mode-rdoc.js -> build/bdist.linux-x86_64/egg/rodeo/static/ace
copying build/lib/rodeo/static/ace/mode-live_script.js -> build/bdist.linux-x86_64/egg/rodeo/static/ace
copying build/lib/rodeo/static/ace/mode-gcode.js -> build/bdist.linux-x86_64/egg/rodeo/static/ace
copying build/lib/rodeo/static/ace/mode-autohotkey.js -> build/bdist.linux-x86_64/egg/rodeo/static/ace
copying build/lib/rodeo/static/ace/theme-tomorrow_night_blue.js -> build/bdist.linux-x86_64/egg/rodeo/static/ace
copying build/lib/rodeo/static/ace/theme-cobalt.js -> build/bdist.linux-x86_64/egg/rodeo/static/ace
copying build/lib/rodeo/static/ace/mode-asciidoc.js -> build/bdist.linux-x86_64/egg/rodeo/static/ace
copying build/lib/rodeo/static/ace/mode-cirru.js -> build/bdist.linux-x86_64/egg/rodeo/static/ace
copying build/lib/rodeo/static/ace/mode-haskell.js -> build/bdist.linux-x86_64/egg/rodeo/static/ace
copying build/lib/rodeo/static/ace/theme-chrome.js -> build/bdist.linux-x86_64/egg/rodeo/static/ace
copying build/lib/rodeo/static/ace/mode-html_ruby.js -> build/bdist.linux-x86_64/egg/rodeo/static/ace
copying build/lib/rodeo/static/ace/mode-matlab.js -> build/bdist.linux-x86_64/egg/rodeo/static/ace
copying build/lib/rodeo/static/ace/mode-vbscript.js -> build/bdist.linux-x86_64/egg/rodeo/static/ace
copying build/lib/rodeo/static/ace/mode-jack.js -> build/bdist.linux-x86_64/egg/rodeo/static/ace
copying build/lib/rodeo/static/ace/theme-twilight.js -> build/bdist.linux-x86_64/egg/rodeo/static/ace
copying build/lib/rodeo/static/ace/worker-javascript.js -> build/bdist.linux-x86_64/egg/rodeo/static/ace
copying build/lib/rodeo/static/ace/mode-stylus.js -> build/bdist.linux-x86_64/egg/rodeo/static/ace
copying build/lib/rodeo/static/ace/ext-error_marker.js -> build/bdist.linux-x86_64/egg/rodeo/static/ace
copying build/lib/rodeo/static/ace/mode-elixir.js -> build/bdist.linux-x86_64/egg/rodeo/static/ace
copying build/lib/rodeo/static/ace/mode-abc.js -> build/bdist.linux-x86_64/egg/rodeo/static/ace
copying build/lib/rodeo/static/ace/mode-dockerfile.js -> build/bdist.linux-x86_64/egg/rodeo/static/ace
copying build/lib/rodeo/static/ace/mode-css.js -> build/bdist.linux-x86_64/egg/rodeo/static/ace
copying build/lib/rodeo/static/ace/mode-ftl.js -> build/bdist.linux-x86_64/egg/rodeo/static/ace
copying build/lib/rodeo/static/ace/mode-julia.js -> build/bdist.linux-x86_64/egg/rodeo/static/ace
copying build/lib/rodeo/static/ace/mode-ocaml.js -> build/bdist.linux-x86_64/egg/rodeo/static/ace
copying build/lib/rodeo/static/ace/mode-protobuf.js -> build/bdist.linux-x86_64/egg/rodeo/static/ace
copying build/lib/rodeo/__init__.py -> build/bdist.linux-x86_64/egg/rodeo
copying build/lib/rodeo/rodeo-ascii.txt -> build/bdist.linux-x86_64/egg/rodeo
byte-compiling build/bdist.linux-x86_64/egg/rodeo/utils.py to utils.pyc
byte-compiling build/bdist.linux-x86_64/egg/rodeo/rodeo.py to rodeo.pyc
byte-compiling build/bdist.linux-x86_64/egg/rodeo/cli.py to cli.pyc
byte-compiling build/bdist.linux-x86_64/egg/rodeo/kernel.py to kernel.pyc
byte-compiling build/bdist.linux-x86_64/egg/rodeo/__init__.py to __init__.pyc
creating build/bdist.linux-x86_64/egg/EGG-INFO
copying rodeo.egg-info/PKG-INFO -> build/bdist.linux-x86_64/egg/EGG-INFO
copying rodeo.egg-info/SOURCES.txt -> build/bdist.linux-x86_64/egg/EGG-INFO
copying rodeo.egg-info/dependency_links.txt -> build/bdist.linux-x86_64/egg/EGG-INFO
copying rodeo.egg-info/entry_points.txt -> build/bdist.linux-x86_64/egg/EGG-INFO
copying rodeo.egg-info/not-zip-safe -> build/bdist.linux-x86_64/egg/EGG-INFO
copying rodeo.egg-info/requires.txt -> build/bdist.linux-x86_64/egg/EGG-INFO
copying rodeo.egg-info/top_level.txt -> build/bdist.linux-x86_64/egg/EGG-INFO
creating dist
creating 'dist/rodeo-0.4.2-py2.7.egg' and adding 'build/bdist.linux-x86_64/egg' to it
removing 'build/bdist.linux-x86_64/egg' (and everything under it)
Processing rodeo-0.4.2-py2.7.egg
creating /home/ubuntu/miniconda/envs/_build/lib/python2.7/site-packages/rodeo-0.4.2-py2.7.egg
Extracting rodeo-0.4.2-py2.7.egg to /home/ubuntu/miniconda/envs/_build/lib/python2.7/site-packages
Adding rodeo 0.4.2 to easy-install.pth file
Installing rodeo script to /home/ubuntu/miniconda/envs/_build/bin

Installed /home/ubuntu/miniconda/envs/_build/lib/python2.7/site-packages/rodeo-0.4.2-py2.7.egg
Processing dependencies for rodeo==0.4.2
Searching for mistune==0.5.1
Best match: mistune 0.5.1
Adding mistune 0.5.1 to easy-install.pth file

Using /home/ubuntu/miniconda/envs/_build/lib/python2.7/site-packages
Searching for pyzmq==14.6.0
Best match: pyzmq 14.6.0
Adding pyzmq 14.6.0 to easy-install.pth file

Using /home/ubuntu/miniconda/envs/_build/lib/python2.7/site-packages
Searching for docopt==0.6.2
Best match: docopt 0.6.2
Processing docopt-0.6.2-py2.7.egg
Adding docopt 0.6.2 to easy-install.pth file

Using /home/ubuntu/miniconda/envs/_build/lib/python2.7/site-packages/docopt-0.6.2-py2.7.egg
Searching for Flask==0.10.1
Best match: Flask 0.10.1
Adding Flask 0.10.1 to easy-install.pth file

Using /home/ubuntu/miniconda/envs/_build/lib/python2.7/site-packages
Searching for ipython==3.1.0
Best match: ipython 3.1.0
Adding ipython 3.1.0 to easy-install.pth file

Using /home/ubuntu/miniconda/envs/_build/lib/python2.7/site-packages
Finished processing dependencies for rodeo==0.4.2

The following packages will be downloaded:

    package                    |            build
    ---------------------------|-----------------
    docopt-0.6.2               |           py27_0          23 KB

The following NEW packages will be INSTALLED:

    docopt:       0.6.2-py27_0 
    flask:        0.10.1-py27_1
    ipython:      3.1.0-py27_1 
    itsdangerous: 0.24-py27_0  
    jinja2:       2.7.3-py27_1 
    libsodium:    0.4.5-0      
    markupsafe:   0.23-py27_0  
    mistune:      0.5.1-py27_1 
    openssl:      1.0.1k-1     
    pip:          7.0.3-py27_0 
    python:       2.7.10-0     
    pyzmq:        14.6.0-py27_0
    readline:     6.2-2        
    setuptools:   17.0-py27_0  
    sqlite:       3.8.4.1-1    
    system:       5.8-2        
    tk:           8.5.18-0     
    werkzeug:     0.10.4-py27_0
    zeromq:       4.0.5-0      
    zlib:         1.2.8-0      

Fetching packages ...
docopt-0.6.2-p   0% |                              | ETA:  --:--:--   0.00  B/sdocopt-0.6.2-p  68% |#####################          | ETA:  0:00:00  34.14 MB/sdocopt-0.6.2-p 100% |###############################| ETA:  0:00:00  35.87 MB/sdocopt-0.6.2-p 100% |###############################| Time: 0:00:00  26.34 MB/s
Extracting packages ...
[                    ]|                                                  |   0%[docopt              ]|                                                  |   0%[      COMPLETE      ]|##################################################| 100%
Linking packages ...
[      COMPLETE      ]|                                                  |   0%[libsodium           ]|                                                  |   0%[libsodium           ]|                                                  |   0%[openssl             ]|##                                                |   5%[readline            ]|#####                                             |  10%[sqlite              ]|#######                                           |  15%[system              ]|##########                                        |  20%[tk                  ]|############                                      |  25%[zlib                ]|###############                                   |  30%[zeromq              ]|#################                                 |  35%[docopt              ]|####################                              |  40%[ipython             ]|######################                            |  45%[itsdangerous        ]|#########################                         |  50%[markupsafe          ]|###########################                       |  55%[mistune             ]|##############################                    |  60%[python              ]|################################                  |  65%[pyzmq               ]|###################################               |  70%[setuptools          ]|#####################################             |  75%[werkzeug            ]|########################################          |  80%[jinja2              ]|##########################################        |  85%[pip                 ]|#############################################     |  90%[flask               ]|###############################################   |  95%[      COMPLETE      ]|##################################################| 100%
Removing old work directory
Source cache directory is: /home/ubuntu/miniconda/conda-bld/src_cache
Found source in cache: rodeo-0.4.2.tar.gz
Extracting download
Package: rodeo-0.4.2-py_0
source tree in: /home/ubuntu/miniconda/conda-bld/work/rodeo-0.4.2
found egg dir: /home/ubuntu/miniconda/envs/_build/lib/python2.7/site-packages/rodeo-0.4.2-py2.7.egg
number of files: 375
Fixing permissions
Fixing permissions
BUILD END: rodeo-0.4.2-py_0
TEST START: rodeo-0.4.2-py_0
Fetching package metadata: ......
Solving package specifications: .
The following packages will be downloaded:

    package                    |            build
    ---------------------------|-----------------
    rodeo-0.4.2                |             py_0         3.1 MB

The following NEW packages will be INSTALLED:

    docopt:       0.6.2-py27_0 
    flask:        0.10.1-py27_1
    ipython:      3.1.0-py27_1 
    itsdangerous: 0.24-py27_0  
    jinja2:       2.7.3-py27_1 
    libsodium:    0.4.5-0      
    markupsafe:   0.23-py27_0  
    mistune:      0.5.1-py27_1 
    openssl:      1.0.1k-1     
    pip:          7.0.3-py27_0 
    python:       2.7.10-0     
    pyzmq:        14.6.0-py27_0
    readline:     6.2-2        
    rodeo:        0.4.2-py_0   
    setuptools:   17.0-py27_0  
    sqlite:       3.8.4.1-1    
    system:       5.8-2        
    tk:           8.5.18-0     
    werkzeug:     0.10.4-py27_0
    zeromq:       4.0.5-0      
    zlib:         1.2.8-0      

Fetching packages ...
rodeo-0.4.2-py   0% |                              | ETA:  --:--:--   0.00  B/srodeo-0.4.2-py   0% |                               | Time: 0:00:00  62.30 MB/srodeo-0.4.2-py   1% |                               | Time: 0:00:00  68.82 MB/srodeo-0.4.2-py   1% |                               | Time: 0:00:00  70.82 MB/srodeo-0.4.2-py   2% |                               | Time: 0:00:00  74.55 MB/srodeo-0.4.2-py   2% |                               | Time: 0:00:00  77.13 MB/srodeo-0.4.2-py   3% |                               | Time: 0:00:00  10.49 MB/srodeo-0.4.2-py   3% |#                              | Time: 0:00:00  11.99 MB/srodeo-0.4.2-py   4% |#                              | Time: 0:00:00  13.45 MB/srodeo-0.4.2-py   4% |#                              | Time: 0:00:00  14.85 MB/srodeo-0.4.2-py   5% |#                              | Time: 0:00:00  16.21 MB/srodeo-0.4.2-py   5% |#                              | Time: 0:00:00  17.51 MB/srodeo-0.4.2-py   6% |#                              | Time: 0:00:00  18.77 MB/srodeo-0.4.2-py   6% |##                             | Time: 0:00:00  20.00 MB/srodeo-0.4.2-py   7% |##                             | Time: 0:00:00  21.17 MB/srodeo-0.4.2-py   7% |##                             | Time: 0:00:00  22.32 MB/srodeo-0.4.2-py   8% |##                             | Time: 0:00:00  23.43 MB/srodeo-0.4.2-py   8% |##                             | Time: 0:00:00  24.49 MB/srodeo-0.4.2-py   9% |##                             | Time: 0:00:00  25.52 MB/srodeo-0.4.2-py   9% |##                             | Time: 0:00:00  26.53 MB/srodeo-0.4.2-py  10% |###                            | Time: 0:00:00  27.51 MB/srodeo-0.4.2-py  10% |###                            | Time: 0:00:00  28.46 MB/srodeo-0.4.2-py  11% |###                            | Time: 0:00:00  29.37 MB/srodeo-0.4.2-py  11% |###                            | Time: 0:00:00  30.27 MB/srodeo-0.4.2-py  12% |###                            | Time: 0:00:00  31.09 MB/srodeo-0.4.2-py  12% |###                            | Time: 0:00:00  31.93 MB/srodeo-0.4.2-py  13% |####                           | Time: 0:00:00  32.75 MB/srodeo-0.4.2-py  13% |####                           | Time: 0:00:00  33.55 MB/srodeo-0.4.2-py  14% |####                           | Time: 0:00:00  34.32 MB/srodeo-0.4.2-py  14% |####                           | Time: 0:00:00  35.07 MB/srodeo-0.4.2-py  15% |####                           | Time: 0:00:00  35.81 MB/srodeo-0.4.2-py  15% |####                           | Time: 0:00:00  36.53 MB/srodeo-0.4.2-py  16% |#####                          | Time: 0:00:00  37.22 MB/srodeo-0.4.2-py  16% |#####                          | Time: 0:00:00  37.90 MB/srodeo-0.4.2-py  17% |#####                          | Time: 0:00:00  38.56 MB/srodeo-0.4.2-py  17% |#####                          | Time: 0:00:00  39.21 MB/srodeo-0.4.2-py  18% |#####                          | Time: 0:00:00  39.84 MB/srodeo-0.4.2-py  18% |#####                          | Time: 0:00:00  40.46 MB/srodeo-0.4.2-py  19% |#####                          | Time: 0:00:00  41.07 MB/srodeo-0.4.2-py  19% |######                         | Time: 0:00:00  41.66 MB/srodeo-0.4.2-py  20% |######                         | Time: 0:00:00  42.21 MB/srodeo-0.4.2-py  20% |######                         | Time: 0:00:00  42.77 MB/srodeo-0.4.2-py  21% |######                         | Time: 0:00:00  43.31 MB/srodeo-0.4.2-py  21% |######                         | Time: 0:00:00  43.86 MB/srodeo-0.4.2-py  22% |######                         | Time: 0:00:00  44.39 MB/srodeo-0.4.2-py  22% |#######                        | Time: 0:00:00  44.90 MB/srodeo-0.4.2-py  23% |#######                        | Time: 0:00:00  45.36 MB/srodeo-0.4.2-py  23% |#######                        | Time: 0:00:00  45.86 MB/srodeo-0.4.2-py  24% |#######                        | Time: 0:00:00  46.33 MB/srodeo-0.4.2-py  24% |#######                        | Time: 0:00:00  46.79 MB/srodeo-0.4.2-py  25% |#######                        | Time: 0:00:00  47.26 MB/srodeo-0.4.2-py  25% |########                       | Time: 0:00:00  32.59 MB/srodeo-0.4.2-py  26% |########                       | Time: 0:00:00  32.99 MB/srodeo-0.4.2-py  26% |########                       | Time: 0:00:00  33.39 MB/srodeo-0.4.2-py  27% |########                       | Time: 0:00:00  33.79 MB/srodeo-0.4.2-py  27% |########                       | Time: 0:00:00  34.18 MB/srodeo-0.4.2-py  28% |########                       | Time: 0:00:00  34.57 MB/srodeo-0.4.2-py  28% |########                       | Time: 0:00:00  34.95 MB/srodeo-0.4.2-py  29% |#########                      | Time: 0:00:00  35.32 MB/srodeo-0.4.2-py  30% |#########                      | Time: 0:00:00  35.69 MB/srodeo-0.4.2-py  30% |#########                      | Time: 0:00:00  36.06 MB/srodeo-0.4.2-py  31% |#########                      | Time: 0:00:00  36.42 MB/srodeo-0.4.2-py  31% |#########                      | Time: 0:00:00  36.78 MB/srodeo-0.4.2-py  32% |#########                      | Time: 0:00:00  37.14 MB/srodeo-0.4.2-py  32% |##########                     | Time: 0:00:00  37.49 MB/srodeo-0.4.2-py  33% |##########                     | Time: 0:00:00  37.83 MB/srodeo-0.4.2-py  33% |##########                     | Time: 0:00:00  38.17 MB/srodeo-0.4.2-py  34% |##########                     | Time: 0:00:00  38.49 MB/srodeo-0.4.2-py  34% |##########                     | Time: 0:00:00  38.81 MB/srodeo-0.4.2-py  35% |##########                     | Time: 0:00:00  39.14 MB/srodeo-0.4.2-py  35% |###########                    | Time: 0:00:00  39.47 MB/srodeo-0.4.2-py  36% |###########                    | Time: 0:00:00  39.79 MB/srodeo-0.4.2-py  36% |###########                    | Time: 0:00:00  40.10 MB/srodeo-0.4.2-py  37% |###########                    | Time: 0:00:00  40.41 MB/srodeo-0.4.2-py  37% |###########                    | Time: 0:00:00  40.71 MB/srodeo-0.4.2-py  38% |###########                    | Time: 0:00:00  41.02 MB/srodeo-0.4.2-py  38% |###########                    | Time: 0:00:00  41.31 MB/srodeo-0.4.2-py  39% |############                   | Time: 0:00:00  41.61 MB/srodeo-0.4.2-py  39% |############                   | Time: 0:00:00  41.91 MB/srodeo-0.4.2-py  40% |############                   | Time: 0:00:00  42.20 MB/srodeo-0.4.2-py  40% |############                   | Time: 0:00:00  42.48 MB/srodeo-0.4.2-py  41% |############                   | Time: 0:00:00  42.76 MB/srodeo-0.4.2-py  41% |############                   | Time: 0:00:00  43.04 MB/srodeo-0.4.2-py  42% |#############                  | Time: 0:00:00  43.32 MB/srodeo-0.4.2-py  42% |#############                  | Time: 0:00:00  43.59 MB/srodeo-0.4.2-py  43% |#############                  | Time: 0:00:00  43.86 MB/srodeo-0.4.2-py  43% |#############                  | Time: 0:00:00  44.14 MB/srodeo-0.4.2-py  44% |#############                  | Time: 0:00:00  44.40 MB/srodeo-0.4.2-py  44% |#############                  | Time: 0:00:00  44.66 MB/srodeo-0.4.2-py  45% |##############                 | Time: 0:00:00  44.92 MB/srodeo-0.4.2-py  45% |##############                 | Time: 0:00:00  45.15 MB/srodeo-0.4.2-py  46% |##############                 | Time: 0:00:00  45.39 MB/srodeo-0.4.2-py  46% |##############                 | Time: 0:00:00  45.65 MB/srodeo-0.4.2-py  47% |##############                 | Time: 0:00:00  45.90 MB/srodeo-0.4.2-py  47% |##############                 | Time: 0:00:00  46.14 MB/srodeo-0.4.2-py  48% |##############                 | Time: 0:00:00  46.38 MB/srodeo-0.4.2-py  48% |###############                | Time: 0:00:00  34.25 MB/srodeo-0.4.2-py  49% |###############                | Time: 0:00:00  34.46 MB/srodeo-0.4.2-py  49% |###############                | Time: 0:00:00  34.68 MB/srodeo-0.4.2-py  50% |###############                | Time: 0:00:00  34.90 MB/srodeo-0.4.2-py  50% |###############                | Time: 0:00:00  35.12 MB/srodeo-0.4.2-py  51% |###############                | Time: 0:00:00  35.33 MB/srodeo-0.4.2-py  51% |################               | Time: 0:00:00  35.55 MB/srodeo-0.4.2-py  52% |################               | Time: 0:00:00  35.76 MB/srodeo-0.4.2-py  52% |################               | Time: 0:00:00  35.97 MB/srodeo-0.4.2-py  53% |################               | Time: 0:00:00  36.18 MB/srodeo-0.4.2-py  53% |################               | Time: 0:00:00  36.38 MB/srodeo-0.4.2-py  54% |################               | Time: 0:00:00  36.59 MB/srodeo-0.4.2-py  54% |#################              | Time: 0:00:00  36.80 MB/srodeo-0.4.2-py  55% |#################              | Time: 0:00:00  37.00 MB/srodeo-0.4.2-py  55% |#################              | Time: 0:00:00  37.21 MB/srodeo-0.4.2-py  56% |#################              | Time: 0:00:00  37.39 MB/srodeo-0.4.2-py  56% |#################              | Time: 0:00:00  37.59 MB/srodeo-0.4.2-py  57% |#################              | Time: 0:00:00  37.78 MB/srodeo-0.4.2-py  57% |#################              | Time: 0:00:00  37.98 MB/srodeo-0.4.2-py  58% |##################             | Time: 0:00:00  38.17 MB/srodeo-0.4.2-py  59% |##################             | Time: 0:00:00  38.37 MB/srodeo-0.4.2-py  59% |##################             | Time: 0:00:00  38.56 MB/srodeo-0.4.2-py  60% |##################             | Time: 0:00:00  38.75 MB/srodeo-0.4.2-py  60% |##################             | Time: 0:00:00  38.94 MB/srodeo-0.4.2-py  61% |##################             | Time: 0:00:00  39.13 MB/srodeo-0.4.2-py  61% |###################            | Time: 0:00:00  39.31 MB/srodeo-0.4.2-py  62% |###################            | Time: 0:00:00  39.49 MB/srodeo-0.4.2-py  62% |###################            | Time: 0:00:00  39.68 MB/srodeo-0.4.2-py  63% |###################            | Time: 0:00:00  39.86 MB/srodeo-0.4.2-py  63% |###################            | Time: 0:00:00  40.05 MB/srodeo-0.4.2-py  64% |###################            | Time: 0:00:00  40.23 MB/srodeo-0.4.2-py  64% |####################           | Time: 0:00:00  40.40 MB/srodeo-0.4.2-py  65% |####################           | Time: 0:00:00  40.58 MB/srodeo-0.4.2-py  65% |####################           | Time: 0:00:00  40.75 MB/srodeo-0.4.2-py  66% |####################           | Time: 0:00:00  40.93 MB/srodeo-0.4.2-py  66% |####################           | Time: 0:00:00  41.10 MB/srodeo-0.4.2-py  67% |####################           | Time: 0:00:00  41.28 MB/srodeo-0.4.2-py  67% |####################           | Time: 0:00:00  41.44 MB/srodeo-0.4.2-py  68% |#####################          | Time: 0:00:00  41.61 MB/srodeo-0.4.2-py  68% |#####################          | Time: 0:00:00  41.78 MB/srodeo-0.4.2-py  69% |#####################          | Time: 0:00:00  41.94 MB/srodeo-0.4.2-py  69% |#####################          | Time: 0:00:00  42.11 MB/srodeo-0.4.2-py  70% |#####################          | Time: 0:00:00  42.27 MB/srodeo-0.4.2-py  70% |#####################          | Time: 0:00:00  42.44 MB/srodeo-0.4.2-py  71% |######################         | Time: 0:00:00  42.61 MB/srodeo-0.4.2-py  71% |######################         | Time: 0:00:00  42.77 MB/srodeo-0.4.2-py  72% |######################         | Time: 0:00:00  42.92 MB/srodeo-0.4.2-py  72% |######################         | Time: 0:00:00  43.08 MB/srodeo-0.4.2-py  73% |######################         | Time: 0:00:00  43.24 MB/srodeo-0.4.2-py  73% |######################         | Time: 0:00:00  43.39 MB/srodeo-0.4.2-py  74% |#######################        | Time: 0:00:00  43.55 MB/srodeo-0.4.2-py  74% |#######################        | Time: 0:00:00  43.71 MB/srodeo-0.4.2-py  75% |#######################        | Time: 0:00:00  43.87 MB/srodeo-0.4.2-py  75% |#######################        | Time: 0:00:00  44.02 MB/srodeo-0.4.2-py  76% |#######################        | Time: 0:00:00  44.17 MB/srodeo-0.4.2-py  76% |#######################        | Time: 0:00:00  44.32 MB/srodeo-0.4.2-py  77% |#######################        | Time: 0:00:00  44.47 MB/srodeo-0.4.2-py  77% |########################       | Time: 0:00:00  44.62 MB/srodeo-0.4.2-py  78% |########################       | Time: 0:00:00  44.77 MB/srodeo-0.4.2-py  78% |########################       | Time: 0:00:00  44.91 MB/srodeo-0.4.2-py  79% |########################       | Time: 0:00:00  45.06 MB/srodeo-0.4.2-py  79% |########################       | Time: 0:00:00  45.21 MB/srodeo-0.4.2-py  80% |########################       | Time: 0:00:00  45.35 MB/srodeo-0.4.2-py  80% |#########################      | Time: 0:00:00  45.49 MB/srodeo-0.4.2-py  81% |#########################      | Time: 0:00:00  45.64 MB/srodeo-0.4.2-py  81% |#########################      | Time: 0:00:00  45.78 MB/srodeo-0.4.2-py  82% |#########################      | Time: 0:00:00  45.92 MB/srodeo-0.4.2-py  82% |#########################      | Time: 0:00:00  38.07 MB/srodeo-0.4.2-py  83% |#########################      | Time: 0:00:00  38.20 MB/srodeo-0.4.2-py  83% |##########################     | Time: 0:00:00  38.34 MB/srodeo-0.4.2-py  84% |##########################     | Time: 0:00:00  38.47 MB/srodeo-0.4.2-py  84% |##########################     | Time: 0:00:00  38.60 MB/srodeo-0.4.2-py  85% |##########################     | Time: 0:00:00  38.74 MB/srodeo-0.4.2-py  85% |##########################     | Time: 0:00:00  38.87 MB/srodeo-0.4.2-py  86% |##########################     | Time: 0:00:00  39.00 MB/srodeo-0.4.2-py  86% |##########################     | Time: 0:00:00  39.13 MB/srodeo-0.4.2-py  87% |###########################    | Time: 0:00:00  39.27 MB/srodeo-0.4.2-py  87% |###########################    | Time: 0:00:00  39.40 MB/srodeo-0.4.2-py  88% |###########################    | Time: 0:00:00  39.53 MB/srodeo-0.4.2-py  89% |###########################    | Time: 0:00:00  39.65 MB/srodeo-0.4.2-py  89% |###########################    | Time: 0:00:00  39.78 MB/srodeo-0.4.2-py  90% |###########################    | Time: 0:00:00  39.90 MB/srodeo-0.4.2-py  90% |############################   | Time: 0:00:00  40.03 MB/srodeo-0.4.2-py  91% |############################   | Time: 0:00:00  40.15 MB/srodeo-0.4.2-py  91% |############################   | Time: 0:00:00  40.28 MB/srodeo-0.4.2-py  92% |############################   | Time: 0:00:00  40.41 MB/srodeo-0.4.2-py  92% |############################   | Time: 0:00:00  40.53 MB/srodeo-0.4.2-py  93% |############################   | Time: 0:00:00  40.66 MB/srodeo-0.4.2-py  93% |#############################  | Time: 0:00:00  40.78 MB/srodeo-0.4.2-py  94% |#############################  | Time: 0:00:00  40.90 MB/srodeo-0.4.2-py  94% |#############################  | Time: 0:00:00  41.02 MB/srodeo-0.4.2-py  95% |#############################  | Time: 0:00:00  41.14 MB/srodeo-0.4.2-py  95% |#############################  | Time: 0:00:00  41.26 MB/srodeo-0.4.2-py  96% |#############################  | Time: 0:00:00  41.39 MB/srodeo-0.4.2-py  96% |#############################  | Time: 0:00:00  41.50 MB/srodeo-0.4.2-py  97% |############################## | Time: 0:00:00  41.62 MB/srodeo-0.4.2-py  97% |############################## | Time: 0:00:00  41===== testing package: rodeo-0.4.2-py_0 =====
import: u'rodeo'
===== rodeo-0.4.2-py_0 OK =====
+ rodeo --help
rodeo

Usage:
  rodeo [--verbose] [--no-browser] [--host=<IP>] [--port=<int>] [--pyspark] [<directory>]
  rodeo (-h | --help)
  rodeo --version

Options:
  -h --help     Show this screen.
  --version     Show version.
  --verbose     Log info for debugging.
  --port=<int>  Port you want to run the server on.
  --no-browser  Don't launch a web browser.
  --host=<IP>   The IP to listen on.
  --pyspark     Use the pyspark kernel.

Help:
Rodeo is a data centric IDE for python. It leverages the IPython
Kernel but presents a different user experience than the notebook. 
Those of you who use products like SublimeText or Eclipse will
probably find rodeo familiar.

Examples:
To run a rodeo server, just execute the `rodeo` command like so:
    $ rodeo . # basic usage
    $ rodeo . --port=4567 # run in this directory, but on port 4567
    $ rodeo . --verbose # run with excessive logging
    $ rodeo . --host=0.0.0.0 --no-browser # externally visible
    $ rodeo /path/to/a/folder # run in a different directory
    $ rodeo /path/to/a/folder --port=4567 # new directory, new port
.74 MB/srodeo-0.4.2-py  98% |############################## | Time: 0:00:00  41.85 MB/srodeo-0.4.2-py  98% |############################## | Time: 0:00:00  41.97 MB/srodeo-0.4.2-py  99% |############################## | Time: 0:00:00  42.09 MB/srodeo-0.4.2-py  99% |############################## | Time: 0:00:00  42.21 MB/srodeo-0.4.2-py 100% |###############################| Time: 0:00:00  42.25 MB/srodeo-0.4.2-py 100% |###############################| Time: 0:00:00  42.18 MB/srodeo-0.4.2-py 100% |###############################| Time: 0:00:00  42.07 MB/s
Extracting packages ...
[      COMPLETE      ]|                                                  |   0%[rodeo               ]|                                                  |   0%[rodeo               ]|                                                  |   0%[      COMPLETE      ]|##################################################| 100%
Linking packages ...
[      COMPLETE      ]|                                                  |   0%[libsodium           ]|                                                  |   0%[libsodium           ]|                                                  |   0%[openssl             ]|##                                                |   4%[readline            ]|####                                              |   9%[sqlite              ]|#######                                           |  14%[system              ]|#########                                         |  19%[tk                  ]|###########                                       |  23%[zlib                ]|##############                                    |  28%[zeromq              ]|################                                  |  33%[docopt              ]|###################                               |  38%[ipython             ]|#####################                             |  42%[itsdangerous        ]|#######################                           |  47%[markupsafe          ]|##########################                        |  52%[mistune             ]|############################                      |  57%[python              ]|##############################                    |  61%[pyzmq               ]|#################################                 |  66%[setuptools          ]|###################################               |  71%[werkzeug            ]|######################################            |  76%[jinja2              ]|########################################          |  80%[pip                 ]|##########################################        |  85%[flask               ]|#############################################     |  90%[rodeo               ]|###############################################   |  95%[      COMPLETE      ]|##################################################| 100%
TEST END: rodeo-0.4.2-py_0
# If you want to upload this package to binstar.org later, type:
#
# $ binstar upload /home/ubuntu/miniconda/conda-bld/noarch/rodeo-0.4.2-py_0.tar.bz2
#
# To have conda build upload to binstar automatically, use
# $ conda config --set binstar_upload yes

