routes not found, trying Routes
0
Warning, the following versions were found for Routes
2.1
2.0
1.13
1.12.3
1.12.1
1.12
1.11
1.10.3
1.10.2
1.10.1
1.10
1.9.2
1.9.1
1.9
1.8
1.7.3
1.7.2
1.7.1
1.7
1.6.3
1.6.2
1.6.1
1.6
1.5.2
1.5.1
1.5
Using 2.1
Use --version to specify a different version.
Using url https://pypi.python.org/packages/source/R/Routes/Routes-2.1.tar.gz (176 KB) for Routes.
Downloading Routes (use --no-download to skip this step)
Using cached download
Unpacking Routes...
done
working in /tmp/tmp7qdDu5conda_skeleton_Routes-2.1.tar.gz
Fetching package metadata: ......
Solving package specifications: .patching file core.py
Hunk #1 succeeded at 168 with fuzz 2 (offset 2 lines).

The following NEW packages will be INSTALLED:

    numpy: 1.9.2-py27_0

Linking packages ...
[                    ]|                                                  |   0%[numpy               ]|                                                  |   0%[      COMPLETE      ]|##################################################| 100%
Applying patch: '/tmp/tmp7qdDu5conda_skeleton_Routes-2.1.tar.gz/pypi-distutils.patch'
Writing recipe for routes
Done
