Warning, the following versions were found for RPi.GPIO
0.5.11
0.5.10
0.5.9
0.5.8
0.5.7
0.5.6
0.5.5
0.5.4
0.5.3a
0.5.2a
0.5.1a
0.5.0a
0.4.2a
0.4.1a
0.4.0a
0.3.1a
0.3.0a
0.2.0
0.1.0
0.0.3a
0.0.2a
0.0.1a
Using 0.5.11
Use --version to specify a different version.
Using url https://pypi.python.org/packages/source/R/RPi.GPIO/RPi.GPIO-0.5.11.tar.gz (26 KB) for RPi.GPIO.
Downloading RPi.GPIO (use --no-download to skip this step)
Using cached download
Unpacking RPi.GPIO...
done
working in /tmp/tmpWUugfDconda_skeleton_RPi.GPIO-0.5.11.tar.gz
Fetching package metadata: ......
Solving package specifications: .patching file core.py
Hunk #1 succeeded at 168 with fuzz 2 (offset 2 lines).

Applying patch: '/tmp/tmpWUugfDconda_skeleton_RPi.GPIO-0.5.11.tar.gz/pypi-distutils.patch'
Writing recipe for rpi.gpio
Done
