Warning, the following versions were found for rpy2
2.6.0
2.5.6
2.5.5
2.5.4
2.5.3
2.5.2
2.5.1
2.5.0
2.4.4
2.4.3
2.4.2
2.4.1
2.4.0
2.3.10
2.3.9
2.3.8
2.3.7
2.3.6
2.3.5
2.3.4
2.3.3
2.3.2
2.3.1
2.3.0
2.3.0beta1
2.3.0alpha1
2.2.7
2.2.6
2.2.5
2.2.4
2.2.3
2.2.2
2.2.1
2.2.0
2.1.9
2.1.8
2.1.7
2.1.6
2.1.5
2.1.4
2.1.3
2.1.2
2.1.1
2.1.0
2.0.8
Using 2.6.0
Use --version to specify a different version.
Using url https://pypi.python.org/packages/source/r/rpy2/rpy2-2.6.0.tar.gz (167 KB) for rpy2.
Downloading rpy2 (use --no-download to skip this step)
Unpacking rpy2...
done
working in /tmp/tmpkWFWMNconda_skeleton_rpy2-2.6.0.tar.gz
Fetching package metadata: ......
Solving package specifications: .patching file core.py
Hunk #1 succeeded at 168 with fuzz 2 (offset 2 lines).
Traceback (most recent call last):
  File "setup.py", line 6, in <module>
    from setuptools import setup, Extension
ImportError: No module named setuptools

The following NEW packages will be INSTALLED:

    numpy:  1.9.2-py27_0
    pyyaml: 3.11-py27_0 

Linking packages ...
[                    ]|                                                  |   0%[numpy               ]|                                                  |   0%[pyyaml              ]|#########################                         |  50%[      COMPLETE      ]|##################################################| 100%
Applying patch: '/tmp/tmpkWFWMNconda_skeleton_rpy2-2.6.0.tar.gz/pypi-distutils.patch'
$PYTHONPATH = /tmp/tmpkWFWMNconda_skeleton_rpy2-2.6.0.tar.gz/rpy2-2.6.0
Error: command failed: /home/ubuntu/miniconda/envs/_build/bin/python setup.py install
