Removing old build directory
Removing old work directory
BUILD START: rq-0.5.3-py_0
Fetching package metadata: ......
Solving package specifications: .................
Warning: 2 possible package resolutions (only showing differing packages):
	[u'click-4.0-py_0.tar.bz2'],
	[u'click-4.0-py27_0.tar.bz2'],
/home/ubuntu/miniconda/pkgs/click-4.0-py_0/bin/.click-pre-link.sh: line 2: /home/ubuntu/miniconda/envs/_build/bin/python: No such file or directory

The following packages will be downloaded:

    package                    |            build
    ---------------------------|-----------------
    importlib-1.0.3            |           py27_0           2 KB

The following NEW packages will be INSTALLED:

    argparse:   1.3.0-py27_0 
    click:      4.0-py_0     
    importlib:  1.0.3-py27_0 
    openssl:    1.0.1k-1     
    pip:        7.0.3-py27_0 
    python:     2.7.10-0     
    readline:   6.2-2        
    redis:      2.10.3-py27_0
    setuptools: 17.0-py27_0  
    sqlite:     3.8.4.1-1    
    system:     5.8-2        
    tk:         8.5.18-0     
    zlib:       1.2.8-0      

Fetching packages ...
importlib-1.0.   0% |                              | ETA:  --:--:--   0.00  B/simportlib-1.0. 100% |###############################| ETA:  0:00:00   4.72 MB/simportlib-1.0. 100% |###############################| Time: 0:00:00   2.88 MB/s
Extracting packages ...
[                    ]|                                                  |   0%[importlib           ]|                                                  |   0%[      COMPLETE      ]|##################################################| 100%
Linking packages ...
[      COMPLETE      ]|                                                  |   0%[openssl             ]|                                                  |   0%[openssl             ]|                                                  |   0%[readline            ]|###                                               |   7%[sqlite              ]|#######                                           |  15%[system              ]|###########                                       |  23%[tk                  ]|###############                                   |  30%[zlib                ]|###################                               |  38%[argparse            ]|#######################                           |  46%[click               ]|##########################                        |  53%Error: pre-link failed: click-4.0-py_0
