Package search: {'_pypi_ordering': False, 'version': '3.1.4', 'name': 'rsa', 'summary': 'Pure-Python RSA implementation'}
Fetching package metadata: ....
Removing old build directory
Removing old work directory
BUILD START: rsa-3.1.4-py27_0
Fetching package metadata: ......
Solving package specifications: .+ pip install rsa
Collecting rsa
  Downloading http://localhost/packages/source/r/rsa/rsa-3.1.4.tar.gz
Requirement already satisfied (use --upgrade to upgrade): pyasn1>=0.1.3 in /home/ubuntu/miniconda/envs/_build/lib/python2.7/site-packages/pyasn1-0.1.7-py2.7.egg (from rsa)
Installing collected packages: rsa
  Running setup.py install for rsa
Successfully installed rsa-3.1.4

The following NEW packages will be INSTALLED:

    openssl:    1.0.1k-1    
    pip:        7.0.3-py27_0
    pyasn1:     0.1.7-py27_0
    python:     2.7.10-0    
    readline:   6.2-2       
    setuptools: 17.0-py27_0 
    sqlite:     3.8.4.1-1   
    system:     5.8-2       
    tk:         8.5.18-0    
    zlib:       1.2.8-0     

Linking packages ...
[                    ]|                                                  |   0%[openssl             ]|                                                  |   0%[readline            ]|#####                                             |  10%[sqlite              ]|##########                                        |  20%[system              ]|###############                                   |  30%[tk                  ]|####################                              |  40%[zlib                ]|#########################                         |  50%[pyasn1              ]|##############################                    |  60%[python              ]|###################################               |  70%[setuptools          ]|########################################          |  80%[pip                 ]|#############################################     |  90%[      COMPLETE      ]|##################################################| 100%
Removing old work directory
Copying /home/ubuntu/pypi-conda-builds/rsa to /home/ubuntu/miniconda/conda-bld/work
Package: rsa-3.1.4-py27_0
source tree in: /home/ubuntu/miniconda/conda-bld/work
number of files: 51
Fixing permissions
Detected hard-coded path in text file bin/pyrsa-decrypt
Detected hard-coded path in text file bin/pyrsa-decrypt-bigfile
Detected hard-coded path in text file bin/pyrsa-encrypt
Detected hard-coded path in text file bin/pyrsa-encrypt-bigfile
Detected hard-coded path in text file bin/pyrsa-keygen
Detected hard-coded path in text file bin/pyrsa-priv2pub
Detected hard-coded path in text file bin/pyrsa-sign
Detected hard-coded path in text file bin/pyrsa-verify
Fixing permissions
BUILD END: rsa-3.1.4-py27_0
# If you want to upload this package to binstar.org later, type:
#
# $ binstar upload /home/ubuntu/miniconda/conda-bld/linux-64/rsa-3.1.4-py27_0.tar.bz2
#
# To have conda build upload to binstar automatically, use
# $ conda config --set binstar_upload yes

Creating standard recipe for rsa-3.1.4
Converting recipe in /home/ubuntu/pypi-conda-builds/rsa
package = rsa
   dependencies = [u'pyasn1 >=0.1.3']
Building conda package for rsa
