Warning, the following versions were found for rsa
3.1.4
3.1.3
3.1.2
3.1.1
3.1
3.0.1
3.0
2.0
1.3.3
1.3.2
1.3.1
1.3
1.2
1.1
Using 3.1.4
Use --version to specify a different version.
Using url https://pypi.python.org/packages/source/r/rsa/rsa-3.1.4.tar.gz (35 KB) for rsa.
Downloading rsa (use --no-download to skip this step)
Using cached download
Unpacking rsa...
done
working in /tmp/tmpg1eZcQconda_skeleton_rsa-3.1.4.tar.gz
Fetching package metadata: ......
Solving package specifications: .patching file core.py
Hunk #1 succeeded at 168 with fuzz 2 (offset 2 lines).

Applying patch: '/tmp/tmpg1eZcQconda_skeleton_rsa-3.1.4.tar.gz/pypi-distutils.patch'
Writing recipe for rsa
Done
