Warning, the following versions were found for Rtree
0.8.2
0.8.1
0.8.0
0.7.0
0.6.0
0.5.0
0.4.3
0.4.2
0.4.1
0.4
0.3.0
0.2.0
0.1.0
Using 0.8.2
Use --version to specify a different version.
Using url https://pypi.python.org/packages/source/R/Rtree/Rtree-0.8.2.tar.gz (55 KB) for Rtree.
Downloading Rtree (use --no-download to skip this step)
Using cached download
Unpacking Rtree...
done
working in /tmp/tmpGSn58Wconda_skeleton_Rtree-0.8.2.tar.gz
Fetching package metadata: ......
Solving package specifications: .patching file core.py
Hunk #1 succeeded at 168 with fuzz 2 (offset 2 lines).
Traceback (most recent call last):
  File "setup.py", line 4, in <module>
    import rtree
  File "/tmp/tmpGSn58Wconda_skeleton_Rtree-0.8.2.tar.gz/Rtree-0.8.2/rtree/__init__.py", line 1, in <module>
    from .index import Rtree
  File "/tmp/tmpGSn58Wconda_skeleton_Rtree-0.8.2.tar.gz/Rtree-0.8.2/rtree/index.py", line 6, in <module>
    from . import core
  File "/tmp/tmpGSn58Wconda_skeleton_Rtree-0.8.2.tar.gz/Rtree-0.8.2/rtree/core.py", line 110, in <module>
    rt.Error_GetLastErrorNum.restype = ctypes.c_int
  File "/home/ubuntu/miniconda/envs/_build/lib/python2.7/ctypes/__init__.py", line 378, in __getattr__
    func = self.__getitem__(name)
  File "/home/ubuntu/miniconda/envs/_build/lib/python2.7/ctypes/__init__.py", line 383, in __getitem__
    func = self._FuncPtr((name_or_ordinal, self))
AttributeError: /home/ubuntu/miniconda/envs/_build/bin/python: undefined symbol: Error_GetLastErrorNum

The following NEW packages will be INSTALLED:

    numpy:  1.9.2-py27_0
    pyyaml: 3.11-py27_0 

Linking packages ...
[                    ]|                                                  |   0%[numpy               ]|                                                  |   0%[pyyaml              ]|#########################                         |  50%[      COMPLETE      ]|##################################################| 100%
Applying patch: '/tmp/tmpGSn58Wconda_skeleton_Rtree-0.8.2.tar.gz/pypi-distutils.patch'
$PYTHONPATH = /tmp/tmpGSn58Wconda_skeleton_Rtree-0.8.2.tar.gz/Rtree-0.8.2
Error: command failed: /home/ubuntu/miniconda/envs/_build/bin/python setup.py install
