Warning, the following versions were found for rtslib-fb
2.1.56
2.1.51
2.1.49
2.1.47
2.1.43
2.1.40
2.1.39
2.1.38
2.1.37
2.1.36
2.1.35
2.1.32
2.1.31
Using 2.1.56
Use --version to specify a different version.
Using url https://pypi.python.org/packages/source/r/rtslib-fb/rtslib-fb-2.1.56.tar.gz (30 KB) for rtslib-fb.
Downloading rtslib-fb (use --no-download to skip this step)
Using cached download
Unpacking rtslib-fb...
done
working in /tmp/tmpoO_Ouqconda_skeleton_rtslib-fb-2.1.56.tar.gz
Fetching package metadata: ......
Solving package specifications: .patching file core.py
Hunk #1 succeeded at 168 with fuzz 2 (offset 2 lines).

The following NEW packages will be INSTALLED:

    numpy:      1.9.2-py27_0
    openssl:    1.0.1k-1    
    pip:        7.0.3-py27_0
    python:     2.7.10-0    
    pyyaml:     3.11-py27_0 
    readline:   6.2-2       
    setuptools: 17.0-py27_0 
    sqlite:     3.8.4.1-1   
    system:     5.8-2       
    tk:         8.5.18-0    
    yaml:       0.1.4-0     
    zlib:       1.2.8-0     

Linking packages ...
[                    ]|                                                  |   0%[openssl             ]|                                                  |   0%[readline            ]|####                                              |   8%[sqlite              ]|########                                          |  16%[system              ]|############                                      |  25%[tk                  ]|################                                  |  33%[yaml                ]|####################                              |  41%[zlib                ]|#########################                         |  50%[numpy               ]|#############################                     |  58%[python              ]|#################################                 |  66%[pyyaml              ]|#####################################             |  75%[setuptools          ]|#########################################         |  83%[pip                 ]|#############################################     |  91%[      COMPLETE      ]|##################################################| 100%
Applying patch: '/tmp/tmpoO_Ouqconda_skeleton_rtslib-fb-2.1.56.tar.gz/pypi-distutils.patch'
Writing recipe for rtslib-fb
Done
