Warning, the following versions were found for s3cmd
1.5.2
1.5.1.2
1.5.0
1.5.0-alpha3
1.5.0-alpha2
1.5.0-alpha1
1.1.0-beta3
1.1.0-beta2
1.0.1
1.0.0
Using 1.5.2
Use --version to specify a different version.
Using url https://pypi.python.org/packages/source/s/s3cmd/s3cmd-1.5.2.tar.gz (93 KB) for s3cmd.
Downloading s3cmd (use --no-download to skip this step)
Using cached download
Unpacking s3cmd...
done
working in /tmp/tmplnl9xcconda_skeleton_s3cmd-1.5.2.tar.gz
Fetching package metadata: ......
Solving package specifications: .patching file core.py
Hunk #1 succeeded at 168 with fuzz 2 (offset 2 lines).
Using xml.etree.ElementTree for XML processing

Applying patch: '/tmp/tmplnl9xcconda_skeleton_s3cmd-1.5.2.tar.gz/pypi-distutils.patch'
Writing recipe for s3cmd
Done
