Warning, the following versions were found for salt
2015.5.2
2015.5.1
2015.5.0
2015.2.0rc2
2015.2.0rc1
2014.7.6
2014.7.5
2014.7.4
2014.7.3
2014.7.2
2014.7.1
2014.7.0
2014.7.0rc7
2014.7.0rc6
2014.7.0rc5
2014.7.0rc4
2014.7.0rc3
2014.7.0rc2
2014.7.0rc1
2014.1.13
2014.1.12
2014.1.11
2014.1.10
2014.1.9
2014.1.8
2014.1.7
2014.1.6
2014.1.5
2014.1.4
2014.1.3
2014.1.2
2014.1.1
2014.1.0
2014.1.0rc3
2014.1.0rc2
2014.1.0rc1
0.17.5
0.17.4
0.17.3
0.17.2
0.17.1
0.17.0
0.17.0rc1
0.16.4
0.16.3
0.16.2
0.16.1
0.16.0
0.15.90
0.15.3
0.15.2
0.15.1
0.15.0
0.14.1
0.14.0
0.13.3
0.13.2
0.13.1
0.13.0
0.12.1
0.12.0
0.11.1
0.11.0
0.10.5
0.10.4
0.10.3
0.10.2
0.10.1
0.10.0
0.9.9.1
0.9.9
0.9.8
0.9.7
0.9.6
0.9.5
0.9.4
0.9.3
0.9.2
0.9.1
0.9.0
0.8.9
0.8.7
Using 2015.5.2
Use --version to specify a different version.
Using url https://pypi.python.org/packages/source/s/salt/salt-2015.5.2.tar.gz (4.8 MB) for salt.
Downloading salt (use --no-download to skip this step)
Unpacking salt...
done
working in /tmp/tmpCKibhyconda_skeleton_salt-2015.5.2.tar.gz
Fetching package metadata: ......
Solving package specifications: .patching file core.py
Hunk #1 succeeded at 168 with fuzz 2 (offset 2 lines).
2015.5.2

The following NEW packages will be INSTALLED:

    numpy:  1.9.2-py27_0
    pyyaml: 3.11-py27_0 

Linking packages ...
[                    ]|                                                  |   0%[numpy               ]|                                                  |   0%[pyyaml              ]|#########################                         |  50%[      COMPLETE      ]|##################################################| 100%
Applying patch: '/tmp/tmpCKibhyconda_skeleton_salt-2015.5.2.tar.gz/pypi-distutils.patch'
Writing recipe for salt
Done
