Warning, the following versions were found for sbp
0.45
0.44
0.43
0.42
0.41
0.39
0.38
0.37
0.36
0.35
0.34
0.32
0.31
0.29
0.28
0.27
0.26
0.25
0.24
0.23
Using 0.45
Use --version to specify a different version.
Using url https://pypi.python.org/packages/source/s/sbp/sbp-0.45.tar.gz (30 KB) for sbp.
Downloading sbp (use --no-download to skip this step)
Unpacking sbp...
done
working in /tmp/tmpiVaFcuconda_skeleton_sbp-0.45.tar.gz
Fetching package metadata: ......
Solving package specifications: .patching file core.py
Hunk #1 succeeded at 168 with fuzz 2 (offset 2 lines).

The following NEW packages will be INSTALLED:

    numpy:  1.9.2-py27_0
    pyyaml: 3.11-py27_0 

Linking packages ...
[                    ]|                                                  |   0%[numpy               ]|                                                  |   0%[pyyaml              ]|#########################                         |  50%[      COMPLETE      ]|##################################################| 100%
Applying patch: '/tmp/tmpiVaFcuconda_skeleton_sbp-0.45.tar.gz/pypi-distutils.patch'
Warning, the following versions were found for pylibftdi
0.15.0
0.14.2
0.14.1
0.14
0.13
0.12
0.11
0.10.3
0.10.2
0.10.1
0.10
0.9
0.8.1
0.8
0.7
0.6
0.5
0.4.1
0.4
0.3
Using 0.15.0
Use --version to specify a different version.
Using url https://pypi.python.org/packages/source/p/pylibftdi/pylibftdi-0.15.0.tar.gz (25 KB) for pylibftdi.
Downloading pylibftdi (use --no-download to skip this step)
Using cached download
Unpacking pylibftdi...
done
working in /tmp/tmpHXms47conda_skeleton_pylibftdi-0.15.0.tar.gz
Solving package specifications: .patching file core.py
Hunk #1 succeeded at 168 with fuzz 2 (offset 2 lines).

Applying patch: '/tmp/tmpHXms47conda_skeleton_pylibftdi-0.15.0.tar.gz/pypi-distutils.patch'
Warning, the following versions were found for pyftdi
0.10.0
0.9.6
0.9.4
0.9.3
0.9.2
0.6.3
0.6.0
0.5.2
0.5.1
0.5.0
0.4.5
0.4.4
0.4.3
0.4.2
0.4.1
0.4.0
0.3.3
0.3.0
0.2.4
0.2.3
Using 0.10.0
Use --version to specify a different version.
Using url https://github.com/eblot/pyftdi/archive/v0.10.0.tar.gz (0 B) for pyftdi.
Downloading pyftdi (use --no-download to skip this step)
Unpacking pyftdi...
done
working in /tmp/tmp1wa35Uconda_skeleton_v0.10.0.tar.gz
Solving package specifications: .patching file core.py
Hunk #1 succeeded at 168 with fuzz 2 (offset 2 lines).

Applying patch: '/tmp/tmp1wa35Uconda_skeleton_v0.10.0.tar.gz/pypi-distutils.patch'
Warning, the following versions were found for construct
2.5.2
2.5.1
2.5.0
2.0.6
2.0.5
2.0.4
2.0.0
Using 2.5.2
Use --version to specify a different version.
Using url https://pypi.python.org/packages/source/c/construct/construct-2.5.2.tar.gz (57 KB) for construct.
Downloading construct (use --no-download to skip this step)
Using cached download
Unpacking construct...
done
working in /tmp/tmpMU8Fxiconda_skeleton_construct-2.5.2.tar.gz
Solving package specifications: .patching file core.py
Hunk #1 succeeded at 168 with fuzz 2 (offset 2 lines).

Applying patch: '/tmp/tmpMU8Fxiconda_skeleton_construct-2.5.2.tar.gz/pypi-distutils.patch'
Writing recipe for pyftdi
Writing recipe for sbp
Writing recipe for pylibftdi
Writing recipe for construct
Done
