Warning, the following versions were found for scandir
1.1
1.0
0.9
0.8
0.6
0.5
0.4
Using 1.1
Use --version to specify a different version.
Using url https://pypi.python.org/packages/source/s/scandir/scandir-1.1.tar.gz (24 KB) for scandir.
Downloading scandir (use --no-download to skip this step)
Using cached download
Unpacking scandir...
done
working in /tmp/tmpER55Rxconda_skeleton_scandir-1.1.tar.gz
Fetching package metadata: ......
Solving package specifications: .patching file core.py
Hunk #1 succeeded at 168 with fuzz 2 (offset 2 lines).

Applying patch: '/tmp/tmpER55Rxconda_skeleton_scandir-1.1.tar.gz/pypi-distutils.patch'
Writing recipe for scandir
Done
