Warning, the following versions were found for scp
0.10.2
0.10.1
0.10.0
0.9.0
0.8.0
0.7.2
0.7.1
0.7.0
0.6.2
0.6.1
0.6.0
0.5.1
Using 0.10.2
Use --version to specify a different version.
Using url https://pypi.python.org/packages/source/s/scp/scp-0.10.2.tar.gz (6 KB) for scp.
Downloading scp (use --no-download to skip this step)
Using cached download
Unpacking scp...
done
working in /tmp/tmpmi8B2kconda_skeleton_scp-0.10.2.tar.gz
Fetching package metadata: ......
Solving package specifications: .patching file core.py
Hunk #1 succeeded at 168 with fuzz 2 (offset 2 lines).

The following NEW packages will be INSTALLED:

    numpy:  1.9.2-py27_0
    pyyaml: 3.11-py27_0 

Linking packages ...
[                    ]|                                                  |   0%[numpy               ]|                                                  |   0%[pyyaml              ]|#########################                         |  50%[      COMPLETE      ]|##################################################| 100%
Applying patch: '/tmp/tmpmi8B2kconda_skeleton_scp-0.10.2.tar.gz/pypi-distutils.patch'
Writing recipe for scp
Done
