Removing old build directory
Removing old work directory
BUILD START: scp-0.10.2-py27_0
Fetching package metadata: ......
Solving package specifications: .............+ /home/ubuntu/miniconda/envs/_build/bin/python setup.py install
running install
running bdist_egg
running egg_info
writing requirements to scp.egg-info/requires.txt
writing scp.egg-info/PKG-INFO
writing top-level names to scp.egg-info/top_level.txt
writing dependency_links to scp.egg-info/dependency_links.txt
reading manifest file 'scp.egg-info/SOURCES.txt'
reading manifest template 'MANIFEST.in'
writing manifest file 'scp.egg-info/SOURCES.txt'
installing library code to build/bdist.linux-x86_64/egg
running install_lib
running build_py
creating build
creating build/lib
copying scp.py -> build/lib
creating build/bdist.linux-x86_64
creating build/bdist.linux-x86_64/egg
copying build/lib/scp.py -> build/bdist.linux-x86_64/egg
byte-compiling build/bdist.linux-x86_64/egg/scp.py to scp.pyc
creating build/bdist.linux-x86_64/egg/EGG-INFO
copying scp.egg-info/PKG-INFO -> build/bdist.linux-x86_64/egg/EGG-INFO
copying scp.egg-info/SOURCES.txt -> build/bdist.linux-x86_64/egg/EGG-INFO
copying scp.egg-info/dependency_links.txt -> build/bdist.linux-x86_64/egg/EGG-INFO
copying scp.egg-info/requires.txt -> build/bdist.linux-x86_64/egg/EGG-INFO
copying scp.egg-info/top_level.txt -> build/bdist.linux-x86_64/egg/EGG-INFO
zip_safe flag not set; analyzing archive contents...
creating dist
creating 'dist/scp-0.10.2-py2.7.egg' and adding 'build/bdist.linux-x86_64/egg' to it
removing 'build/bdist.linux-x86_64/egg' (and everything under it)
Processing scp-0.10.2-py2.7.egg
Copying scp-0.10.2-py2.7.egg to /home/ubuntu/miniconda/envs/_build/lib/python2.7/site-packages
Adding scp 0.10.2 to easy-install.pth file

Installed /home/ubuntu/miniconda/envs/_build/lib/python2.7/site-packages/scp-0.10.2-py2.7.egg
Processing dependencies for scp==0.10.2
Searching for paramiko==1.15.2
Best match: paramiko 1.15.2
Processing paramiko-1.15.2-py2.7.egg
Adding paramiko 1.15.2 to easy-install.pth file

Using /home/ubuntu/miniconda/envs/_build/lib/python2.7/site-packages/paramiko-1.15.2-py2.7.egg
Searching for ecdsa==0.13
Best match: ecdsa 0.13
Processing ecdsa-0.13-py2.7.egg
Adding ecdsa 0.13 to easy-install.pth file

Using /home/ubuntu/miniconda/envs/_build/lib/python2.7/site-packages/ecdsa-0.13-py2.7.egg
Searching for pycrypto==2.6.1
Best match: pycrypto 2.6.1
Adding pycrypto 2.6.1 to easy-install.pth file

Using /home/ubuntu/miniconda/envs/_build/lib/python2.7/site-packages
Finished processing dependencies for scp==0.10.2

The following NEW packages will be INSTALLED:

    ecdsa:      0.13-py27_0  
    openssl:    1.0.1k-1     
    paramiko:   1.15.2-py27_0
    pip:        7.0.3-py27_0 
    pycrypto:   2.6.1-py27_0 
    python:     2.7.10-0     
    readline:   6.2-2        
    setuptools: 17.0-py27_0  
    sqlite:     3.8.4.1-1    
    system:     5.8-2        
    tk:         8.5.18-0     
    zlib:       1.2.8-0      

Linking packages ...
[                    ]|                                                  |   0%[openssl             ]|                                                  |   0%[readline            ]|####                                              |   8%[sqlite              ]|########                                          |  16%[system              ]|############                                      |  25%[tk                  ]|################                                  |  33%[zlib                ]|####################                              |  41%[ecdsa               ]|#########################                         |  50%[pycrypto            ]|#############################                     |  58%[paramiko            ]|#################################                 |  66%[python              ]|#####################################             |  75%[setuptools          ]|#########################################         |  83%[pip                 ]|#############################################     |  91%[      COMPLETE      ]|##################################################| 100%
Removing old work directory
Source cache directory is: /home/ubuntu/miniconda/conda-bld/src_cache
Found source in cache: scp-0.10.2.tar.gz
Extracting download
Package: scp-0.10.2-py27_0
source tree in: /home/ubuntu/miniconda/conda-bld/work/scp-0.10.2
found egg: /home/ubuntu/miniconda/envs/_build/lib/python2.7/site-packages/scp-0.10.2-py2.7.egg
number of files: 2
Fixing permissions
Fixing permissions
BUILD END: scp-0.10.2-py27_0
Nothing to test for: scp-0.10.2-py27_0
# If you want to upload this package to binstar.org later, type:
#
# $ binstar upload /home/ubuntu/miniconda/conda-bld/linux-64/scp-0.10.2-py27_0.tar.bz2
#
# To have conda build upload to binstar automatically, use
# $ conda config --set binstar_upload yes

