Warning, the following versions were found for Scrapy
1.0.0rc3
1.0.0rc2
1.0.0rc1
0.24.6
0.24.5
0.24.4
0.24.3
0.24.2
0.24.1
0.24.0
0.22.2
0.22.1
0.22.0
0.20.2
0.20.1
0.20.0
0.18.4
0.18.3
0.18.2
0.18.1
0.18.0
0.16.5
0.16.4
0.16.3
0.16.2
0.16.1
0.16.0
0.14.4
0.14.3
0.14.2
0.14.1
0.12.0.2550
0.10.4.2364
0.9
0.8
0.7
Using 1.0.0rc3
Use --version to specify a different version.
Using url https://pypi.python.org/packages/source/S/Scrapy/Scrapy-1.0.0rc3.tar.gz (642 KB) for Scrapy.
Downloading Scrapy (use --no-download to skip this step)
Unpacking Scrapy...
done
working in /tmp/tmpa38WZ9conda_skeleton_Scrapy-1.0.0rc3.tar.gz
Fetching package metadata: ......
Solving package specifications: .patching file core.py
Hunk #1 succeeded at 168 with fuzz 2 (offset 2 lines).
Traceback (most recent call last):
  File "setup.py", line 2, in <module>
    from setuptools import setup, find_packages
ImportError: No module named setuptools

Applying patch: '/tmp/tmpa38WZ9conda_skeleton_Scrapy-1.0.0rc3.tar.gz/pypi-distutils.patch'
$PYTHONPATH = /tmp/tmpa38WZ9conda_skeleton_Scrapy-1.0.0rc3.tar.gz/Scrapy-1.0.0rc3
Error: command failed: /home/ubuntu/miniconda/envs/_build/bin/python setup.py install
