Warning, the following versions were found for scription
0.74.28
0.74.27
0.74.26
0.74.25
0.74.24
0.74.23
0.74.22
0.74.21
0.74.20
0.74.19
0.74.18
0.74.17
0.74.16
0.74.15
0.74.14
0.74.13
0.74.12
0.74.11
0.74.9
0.74.8
0.74.7
0.74.06
0.74.05
0.74.04
0.74.03
0.74.02
0.73.02
0.73.01
0.72.03
0.72.02
0.72.01
0.72.00
0.71.01
0.70.82
0.70.81
0.70.8
0.70.7
0.70.6
0.70.5
0.70.4
0.70.3
0.53.0
0.52.0
0.50.09
0.50.08
0.50.07
0.50.06
0.50.05
0.50.04
0.50.03
0.50.01
0.45.003
0.45.001
0.45.000
0.41.005
0.7.2
0.7.1
0.7.0
Using 0.74.28
Use --version to specify a different version.
Using url https://pypi.python.org/packages/source/s/scription/scription-0.74.28.tar.gz (22 KB) for scription.
Downloading scription (use --no-download to skip this step)
Unpacking scription...
done
working in /tmp/tmpGG2iejconda_skeleton_scription-0.74.28.tar.gz
Fetching package metadata: ......
Solving package specifications: .patching file core.py
Hunk #1 succeeded at 168 with fuzz 2 (offset 2 lines).

Applying patch: '/tmp/tmpGG2iejconda_skeleton_scription-0.74.28.tar.gz/pypi-distutils.patch'
Writing recipe for scription
Done
