Warning, the following versions were found for selenium
2.46.0
2.45.0
2.44.0
2.43.0
2.42.1
2.42.0
2.41.0
2.40.0
2.39.0
2.38.4
2.38.3
2.38.2
2.38.1
2.38.0
2.37.2
2.37.1
2.37.0
2.36.0
2.35.0
2.34.0
2.33.0
2.32.0
2.31.0
2.30.0
2.29.0
2.28.0
2.27.0
2.26.0
2.25.0
2.24.0
2.23.0
2.22.1
2.22.0
2.21.3
2.21.2
2.21.1
2.21.0
2.20.0
2.19.1
2.19.0
2.18.1
2.17.0
2.16.0
2.15.0
2.14.0
2.13.1
2.13.0
2.12.1
2.12.0
2.11.1
2.11.0
2.10.0
2.9.0
2.8.1
2.8.0
2.7.0
2.6.0
2.5.0
2.4.0
2.3.0
2.2.0
2.1.0
2.0.1
2.0.0
2.0rc3
2.0rc2
2.0rc1
2.0b4dev
2.0b3
2.0b3dev
2.0b2
2.0a5
2.0-dev-9429
2.0-dev-9341
2.0-dev-9340
2.0-dev-9338
2.0-dev-9310
2.0-dev-9307
2.0-dev-9306
2.0-dev-9284
2.0-dev-9231
2.0-dev-9212
2.0-dev-9138
2.0dev6
2.0dev5
2.0dev4
2.0dev3
2.0dev2
2.0dev1
2.0-dev
1.0.3
1.0.1
0.9.2
Using 2.46.0
Use --version to specify a different version.
Using url https://pypi.python.org/packages/source/s/selenium/selenium-2.46.0.tar.gz (2.5 MB) for selenium.
Downloading selenium (use --no-download to skip this step)
Using cached download
Unpacking selenium...
done
working in /tmp/tmpylbRw2conda_skeleton_selenium-2.46.0.tar.gz
Fetching package metadata: ......
Solving package specifications: .patching file core.py
Hunk #1 succeeded at 168 with fuzz 2 (offset 2 lines).

Applying patch: '/tmp/tmpylbRw2conda_skeleton_selenium-2.46.0.tar.gz/pypi-distutils.patch'
Writing recipe for selenium
Done
