Warning, the following versions were found for semantic_version
2.4.1
2.4.0
2.3.1
2.3.0
2.2.2
2.2.1
2.2.0
2.1.2
2.1.1
2.1.0
2.0.0
1.2.0
1.0.0
Using 2.4.1
Use --version to specify a different version.
Using url https://pypi.python.org/packages/source/s/semantic_version/semantic_version-2.4.1.tar.gz (32 KB) for semantic_version.
Downloading semantic_version (use --no-download to skip this step)
Using cached download
Unpacking semantic_version...
done
working in /tmp/tmpl_adOfconda_skeleton_semantic_version-2.4.1.tar.gz
Fetching package metadata: ......
Solving package specifications: .patching file core.py
Hunk #1 succeeded at 168 with fuzz 2 (offset 2 lines).

Applying patch: '/tmp/tmpl_adOfconda_skeleton_semantic_version-2.4.1.tar.gz/pypi-distutils.patch'
Writing recipe for semantic_version
Done
