Warning, the following versions were found for sentry
7.5.4
7.5.3
7.5.2
7.5.1
7.5.0
7.4.3
7.4.1
7.4.0
7.3.2
7.3.1
7.3.0
7.2.0
7.1.4
7.1.3
7.1.2
7.1.1
7.1.0
7.0.2
7.0.1
7.0.0
6.4.4
6.4.3
6.4.2.1
6.4.2
6.4.1
6.4.0
6.3.3
6.3.2
6.3.1
6.3.0
6.2.3
6.2.2
6.2.1
6.2.0
6.1.2
6.1.1
6.1.0
6.0.6
6.0.5
6.0.4
6.0.3
6.0.2
6.0.1
6.0.0
5.5.0-DEV
5.4.7
5.4.6
5.4.5
5.4.4
5.4.3
5.4.2
5.4.1
5.4.0
5.3.4
5.3.3
5.3.2
5.3.1
5.3.0
5.2.2
5.2.1
5.2.0
5.1.5
5.1.4
5.1.3
5.1.2
5.1.1.2
5.1.1.1
5.1.1
5.1.0
5.0.21
5.0.20.1
5.0.20
5.0.19
5.0.18.2
5.0.18.1
5.0.18
5.0.17.2
5.0.17.1
5.0.17
5.0.16.1
5.0.16
5.0.15
5.0.14
5.0.13
5.0.12
5.0.11.1
5.0.11
5.0.10
5.0.9
5.0.8.1
5.0.8
5.0.7
5.0.6
5.0.5
5.0.4
5.0.3
5.0.2
5.0.1
5.0.0
4.10.0
4.9.8
4.9.7.1
4.9.7
4.9.6
4.9.5
4.9.4
4.9.3
4.9.2
4.9.1
4.9.0
4.8.6
4.8.5
4.8.4
4.8.3
4.8.2
4.8.1
4.8.0
4.7.9
4.7.8
4.7.7
4.7.6
4.7.5
4.7.4
4.7.3
4.7.2
4.7.1
4.7.0
4.6.0
4.5.7
4.5.6
4.5.5
4.5.4.2
4.5.4.1
4.5.4
4.5.3
4.5.2
4.5.1
4.5.0
4.4.6
4.4.5
4.4.4
4.4.3
4.4.2
4.4.1
4.4.0
4.3.3
4.3.2
4.3.1
4.3.0
4.2.5
4.2.4
4.2.2
4.2.1
4.2.0
4.1.7
4.1.6
4.1.5
4.1.4
4.1.3
4.1.2
4.1.1
4.1.0
4.0.17
4.0.16
4.0.15
4.0.14
4.0.13
4.0.12
4.0.11
4.0.10
4.0.9
4.0.8
4.0.7
4.0.6
4.0.5
4.0.4
4.0.3
4.0.2
4.0.1
4.0.0
3.8.2
3.8.1
3.8.0
3.7.4
3.7.3
3.7.2
3.7.1
3.7.0
3.6.4
3.6.3
3.6.2
3.6.1
3.6.0
3.5.9
3.5.8
3.5.7
3.5.6
3.5.5
3.5.4
3.5.3
3.5.2
3.5.1
3.5.0
3.4.2
3.4.1
3.4.0
3.3.2
3.3.1
3.3.0
3.2.0
3.1.4
3.1.3
3.1.2
3.1.1
3.1.0
3.0.4
3.0.3
3.0.2
3.0.1
3.0.0
2.9.0
2.8.2
2.8.1
2.8.0
2.7.0
2.6.2
2.6.1
2.6.0
2.5.2
2.5.1
2.5.0
2.4.7
2.4.6
2.4.5
2.4.4
2.4.3
2.4.2
2.4.1
2.4.0
2.3.2
2.3.1
2.3.0
2.2.5
2.2.4
2.2.3
2.2.2
2.2.1
2.2.0
2.1.3
2.1.2
2.1.1
2.1.0
2.0.2
2.0.1
2.0.0
2.0.0-RC7
2.0.0-RC6
2.0.0-RC5
2.0.0-Alpha1
Using 7.5.4
Use --version to specify a different version.
Using url https://pypi.python.org/packages/source/s/sentry/sentry-7.5.4.tar.gz (7.7 MB) for sentry.
Downloading sentry (use --no-download to skip this step)
Unpacking sentry...
done
working in /tmp/tmponEGzsconda_skeleton_sentry-7.5.4.tar.gz
Fetching package metadata: ......
Solving package specifications: .patching file core.py
Hunk #1 succeeded at 168 with fuzz 2 (offset 2 lines).

The following NEW packages will be INSTALLED:

    numpy:  1.9.2-py27_0
    pyyaml: 3.11-py27_0 

Linking packages ...
[                    ]|                                                  |   0%[numpy               ]|                                                  |   0%[pyyaml              ]|#########################                         |  50%[      COMPLETE      ]|##################################################| 100%
Applying patch: '/tmp/tmponEGzsconda_skeleton_sentry-7.5.4.tar.gz/pypi-distutils.patch'
Warning, the following versions were found for toronado
0.0.7
0.0.6
0.0.5
0.0.4
0.0.3
0.0.2
0.0.1
0.0.0
Using 0.0.7
Use --version to specify a different version.
Using url https://pypi.python.org/packages/source/t/toronado/toronado-0.0.7.tar.gz (4 KB) for toronado.
Downloading toronado (use --no-download to skip this step)
Using cached download
Unpacking toronado...
done
working in /tmp/tmpFxEzwJconda_skeleton_toronado-0.0.7.tar.gz
Solving package specifications: .patching file core.py
Hunk #1 succeeded at 168 with fuzz 2 (offset 2 lines).

Applying patch: '/tmp/tmpFxEzwJconda_skeleton_toronado-0.0.7.tar.gz/pypi-distutils.patch'
Warning, the following versions were found for exam
0.10.5
0.10.4
0.10.3
0.10.2
0.10.1
0.10.0
0.9.0
0.8.0
0.7.0
0.6.2
0.6.1
0.6.0
0.5.3
0.5.2
0.5.1
0.5.0
0.4.2
0.4.1
0.4.0
0.3.1
0.3.0
0.2.0
0.1.0
Using 0.10.5
Use --version to specify a different version.
Using url https://pypi.python.org/packages/source/e/exam/exam-0.10.5.tar.gz (11 KB) for exam.
Downloading exam (use --no-download to skip this step)
Using cached download
Unpacking exam...
done
working in /tmp/tmptlfs2Xconda_skeleton_exam-0.10.5.tar.gz
Solving package specifications: .patching file core.py
Hunk #1 succeeded at 168 with fuzz 2 (offset 2 lines).

Applying patch: '/tmp/tmptlfs2Xconda_skeleton_exam-0.10.5.tar.gz/pypi-distutils.patch'
Error: Could not find any versions of package requests[security]
