Warning, the following versions were found for sentimental-skk
0.0.146
0.0.145
0.0.144
0.0.143
0.0.142
0.0.141
0.0.140
0.0.139
0.0.138
0.0.137
0.0.136
0.0.135
0.0.134
0.0.133
0.0.132
0.0.131
0.0.130
0.0.129
0.0.128
0.0.127
0.0.126
0.0.125
0.0.124
0.0.123
0.0.122
0.0.121
0.0.120
0.0.119
0.0.118
0.0.117
0.0.116
0.0.115
0.0.114
0.0.113
0.0.112
0.0.111
0.0.110
0.0.109
0.0.108
0.0.107
0.0.106
0.0.105
0.0.104
0.0.103
0.0.102
0.0.101
0.0.100
0.0.99
0.0.98
0.0.97
0.0.96
0.0.95
0.0.94
0.0.93
0.0.92
0.0.91
0.0.90
0.0.88
0.0.87
0.0.86
0.0.85
0.0.83
0.0.82
0.0.81
0.0.80
0.0.79
0.0.78
0.0.77
0.0.76
0.0.75
0.0.65
0.0.64
0.0.63
0.0.62
0.0.61
0.0.60
0.0.59
0.0.58
0.0.56
0.0.55
0.0.54
0.0.53
0.0.52
0.0.51
0.0.50
0.0.48
0.0.47
0.0.45
0.0.44
0.0.43
0.0.42
0.0.41
0.0.40
0.0.39
0.0.38
0.0.37
0.0.36
0.0.35
0.0.34
0.0.33
0.0.32
0.0.31
0.0.28
0.0.27
0.0.26
0.0.25
0.0.24
0.0.23
0.0.22
0.0.21
0.0.20
0.0.19
0.0.18
0.0.17
0.0.16
0.0.15
0.0.14
0.0.13
0.0.12
0.0.11
0.0.10
0.0.9
0.0.8
0.0.7
0.0.6
0.0.5
0.0.4
0.0.3
0.0.2
0.0.1
Using 0.0.146
Use --version to specify a different version.
Using url https://pypi.python.org/packages/source/s/sentimental-skk/sentimental-skk-0.0.146.tar.gz (3.0 MB) for sentimental-skk.
Downloading sentimental-skk (use --no-download to skip this step)
Using cached download
Unpacking sentimental-skk...
done
working in /tmp/tmpypbqXyconda_skeleton_sentimental-skk-0.0.146.tar.gz
Fetching package metadata: ......
Solving package specifications: .patching file core.py
Hunk #1 succeeded at 168 with fuzz 2 (offset 2 lines).
Traceback (most recent call last):
  File "setup.py", line 3, in <module>
    from setuptools import setup, find_packages
ImportError: No module named setuptools

Applying patch: '/tmp/tmpypbqXyconda_skeleton_sentimental-skk-0.0.146.tar.gz/pypi-distutils.patch'
$PYTHONPATH = /tmp/tmpypbqXyconda_skeleton_sentimental-skk-0.0.146.tar.gz/sentimental-skk-0.0.146
Error: command failed: /home/ubuntu/miniconda/envs/_build/bin/python setup.py install
