Warning, the following versions were found for setproctitle
1.1.8
1.1.7
1.1.6
1.1.5
1.1.4
1.1.3
1.1.2
1.1.1
1.1
1.0.1
1.0
0.4
0.3
0.2
0.1
Using 1.1.8
Use --version to specify a different version.
Using url https://pypi.python.org/packages/source/s/setproctitle/setproctitle-1.1.8.tar.gz (23 KB) for setproctitle.
Downloading setproctitle (use --no-download to skip this step)
Using cached download
Unpacking setproctitle...
done
working in /tmp/tmpqIkJ_lconda_skeleton_setproctitle-1.1.8.tar.gz
Fetching package metadata: ......
Solving package specifications: .patching file core.py
Hunk #1 succeeded at 168 with fuzz 2 (offset 2 lines).

The following NEW packages will be INSTALLED:

    numpy:  1.9.2-py27_0
    pyyaml: 3.11-py27_0 

Linking packages ...
[                    ]|                                                  |   0%[numpy               ]|                                                  |   0%[pyyaml              ]|#########################                         |  50%[      COMPLETE      ]|##################################################| 100%
Applying patch: '/tmp/tmpqIkJ_lconda_skeleton_setproctitle-1.1.8.tar.gz/pypi-distutils.patch'
Writing recipe for setproctitle
Done
