Warning, the following versions were found for setuptools_scm
1.5.3
1.5.2
1.5.0
1.4.1
1.4.0
1.3.0
1.2.0
1.1.0
1.0.0
0.26
0
Using 1.5.3
Use --version to specify a different version.
Using url https://pypi.python.org/packages/source/s/setuptools_scm/setuptools_scm-1.5.3.tar.gz (15 KB) for setuptools_scm.
Downloading setuptools_scm (use --no-download to skip this step)
Unpacking setuptools_scm...
done
working in /tmp/tmp_i12phconda_skeleton_setuptools_scm-1.5.3.tar.gz
Fetching package metadata: ......
Solving package specifications: .patching file core.py
Hunk #1 succeeded at 168 with fuzz 2 (offset 2 lines).

Applying patch: '/tmp/tmp_i12phconda_skeleton_setuptools_scm-1.5.3.tar.gz/pypi-distutils.patch'
Writing recipe for setuptools_scm
Done
