Warning, the following versions were found for setuptools-git
1.1
1.0
1.0b1
0.4.2
0.4.1
0.4.0
0.3.4
0.3.3
0.3.1
0.3
Using 1.1
Use --version to specify a different version.
Using url https://pypi.python.org/packages/source/s/setuptools-git/setuptools-git-1.1.tar.gz (9 KB) for setuptools-git.
Downloading setuptools-git (use --no-download to skip this step)
Using cached download
Unpacking setuptools-git...
done
working in /tmp/tmpJ8Iazkconda_skeleton_setuptools-git-1.1.tar.gz
Fetching package metadata: ......
Solving package specifications: .patching file core.py
Hunk #1 succeeded at 168 with fuzz 2 (offset 2 lines).

Applying patch: '/tmp/tmpJ8Iazkconda_skeleton_setuptools-git-1.1.tar.gz/pypi-distutils.patch'
Writing recipe for setuptools-git
Done
