Warning, the following versions were found for sh
1.11
1.10
1.09
1.08
1.07
1.06
1.05
1.04
1.03
1.02
1.01
1.0
0.108
0.107
0.106
0.01
Using 1.11
Use --version to specify a different version.
Using url https://pypi.python.org/packages/source/s/sh/sh-1.11.tar.gz (36 KB) for sh.
Downloading sh (use --no-download to skip this step)
Using cached download
Unpacking sh...
done
working in /tmp/tmp7Q5J4Cconda_skeleton_sh-1.11.tar.gz
Fetching package metadata: ......
Solving package specifications: .patching file core.py
Hunk #1 succeeded at 168 with fuzz 2 (offset 2 lines).

The following NEW packages will be INSTALLED:

    numpy:  1.9.2-py27_0
    pyyaml: 3.11-py27_0 

Linking packages ...
[                    ]|                                                  |   0%[numpy               ]|                                                  |   0%[pyyaml              ]|#########################                         |  50%[      COMPLETE      ]|##################################################| 100%
Applying patch: '/tmp/tmp7Q5J4Cconda_skeleton_sh-1.11.tar.gz/pypi-distutils.patch'
Writing recipe for sh
Done
