shapely not found, trying Shapely
0
Warning, the following versions were found for Shapely
1.5.9
1.5.8
1.5.7
1.5.6
1.5.5
1.5.4
1.5.3
1.5.2
1.5.1
1.5.0
1.4.4
1.4.3
1.4.2
1.4.1
1.4.0
1.3.3
1.3.2
1.3.1
1.3.0
1.2.19
1.2.18
1.2.17
1.2.16
1.2.15
1.2.14
1.2.13
1.2.12
1.2.10
1.2.9
1.2.8
1.2.7
1.2.6
1.2.5
1.2.4
1.2.3
1.2.2
1.2.1
1.2
1.2rc2
1.2rc1
1.2b7
1.2b6
1.2b5
1.2b4
1.2b3
1.2b2
1.2b1
1.0.15
1.0.14
1.0.13
1.0.12
1.0.11
1.0.8
1.0.7
1.0.6
1.0.5
1.0.4
1.0.3
1.0.2
1.0.1
1.0
1.0rc2
1.0rc1
1.0b4
1.0b3
1.0b2
1.0b1
1.0a7
Using 1.5.9
Use --version to specify a different version.
Using url https://pypi.python.org/packages/source/S/Shapely/Shapely-1.5.9.tar.gz (161 KB) for Shapely.
Downloading Shapely (use --no-download to skip this step)
Using cached download
Unpacking Shapely...
done
working in /tmp/tmpOhcME_conda_skeleton_Shapely-1.5.9.tar.gz
Fetching package metadata: ......
Solving package specifications: .patching file core.py
Hunk #1 succeeded at 168 with fuzz 2 (offset 2 lines).
Numpy or Cython not available, shapely.vectorized submodule not being built.

The following NEW packages will be INSTALLED:

    numpy:      1.9.2-py27_0
    openssl:    1.0.1k-1    
    pip:        7.0.3-py27_0
    python:     2.7.10-0    
    pyyaml:     3.11-py27_0 
    readline:   6.2-2       
    setuptools: 17.0-py27_0 
    sqlite:     3.8.4.1-1   
    system:     5.8-2       
    tk:         8.5.18-0    
    yaml:       0.1.4-0     
    zlib:       1.2.8-0     

Linking packages ...
[                    ]|                                                  |   0%[openssl             ]|                                                  |   0%[readline            ]|####                                              |   8%[sqlite              ]|########                                          |  16%[system              ]|############                                      |  25%[tk                  ]|################                                  |  33%[yaml                ]|####################                              |  41%[zlib                ]|#########################                         |  50%[numpy               ]|#############################                     |  58%[python              ]|#################################                 |  66%[pyyaml              ]|#####################################             |  75%[setuptools          ]|#########################################         |  83%[pip                 ]|#############################################     |  91%[      COMPLETE      ]|##################################################| 100%
Applying patch: '/tmp/tmpOhcME_conda_skeleton_Shapely-1.5.9.tar.gz/pypi-distutils.patch'
Writing recipe for shapely
Done
