Warning, the following versions were found for simplegeneric
0.8.1
0.8
0.7
0.6
0.5
Using 0.8.1
Use --version to specify a different version.
Using url https://pypi.python.org/packages/source/s/simplegeneric/simplegeneric-0.8.1.zip (12 KB) for simplegeneric.
Downloading simplegeneric (use --no-download to skip this step)
Using cached download
Unpacking simplegeneric...
done
working in /tmp/tmp4pOgbIconda_skeleton_simplegeneric-0.8.1.zip
Fetching package metadata: ......
Solving package specifications: .patching file core.py
Hunk #1 succeeded at 168 with fuzz 2 (offset 2 lines).

Applying patch: '/tmp/tmp4pOgbIconda_skeleton_simplegeneric-0.8.1.zip/pypi-distutils.patch'
Writing recipe for simplegeneric
Done
