Package search: {'_pypi_ordering': False, 'version': '3.7.3', 'name': 'simplejson', 'summary': 'Simple, fast, extensible JSON encoder/decoder for Python'}
Fetching package metadata: ....
Removing old build directory
Removing old work directory
BUILD START: simplejson-3.7.3-py27_0
Fetching package metadata: ......
Solving package specifications: .+ pip install simplejson
Collecting simplejson
  Downloading http://localhost/packages/source/s/simplejson/simplejson-3.6.5.tar.gz (73kB)
Installing collected packages: simplejson
  Running setup.py install for simplejson
Successfully installed simplejson-3.6.5

The following NEW packages will be INSTALLED:

    openssl:    1.0.1k-1    
    pip:        7.0.3-py27_0
    python:     2.7.10-0    
    readline:   6.2-2       
    setuptools: 17.0-py27_0 
    sqlite:     3.8.4.1-1   
    system:     5.8-2       
    tk:         8.5.18-0    
    zlib:       1.2.8-0     

Linking packages ...
[                    ]|                                                  |   0%[openssl             ]|                                                  |   0%[readline            ]|#####                                             |  11%[sqlite              ]|###########                                       |  22%[system              ]|################                                  |  33%[tk                  ]|######################                            |  44%[zlib                ]|###########################                       |  55%[python              ]|#################################                 |  66%[setuptools          ]|######################################            |  77%[pip                 ]|############################################      |  88%[      COMPLETE      ]|##################################################| 100%
Removing old work directory
Copying /home/ubuntu/pypi-conda-builds/simplejson to /home/ubuntu/miniconda/conda-bld/work
Package: simplejson-3.7.3-py27_0
source tree in: /home/ubuntu/miniconda/conda-bld/work
number of files: 74
Fixing permissions
patchelf: file: /home/ubuntu/miniconda/envs/_build/lib/python2.7/site-packages/simplejson/_speedups.so
    setting rpath to: $ORIGIN/../../..
Ignored hard-coded path in lib/python2.7/site-packages/simplejson/_speedups.so
Fixing permissions
BUILD END: simplejson-3.7.3-py27_0
# If you want to upload this package to binstar.org later, type:
#
# $ binstar upload /home/ubuntu/miniconda/conda-bld/linux-64/simplejson-3.7.3-py27_0.tar.bz2
#
# To have conda build upload to binstar automatically, use
# $ conda config --set binstar_upload yes

Creating standard recipe for simplejson-3.7.3
Converting recipe in /home/ubuntu/pypi-conda-builds/simplejson
package = simplejson
   dependencies = []
Building conda package for simplejson
