Removing old build directory
Removing old work directory
BUILD START: simplegeneric-0.8.1-py_0
Fetching package metadata: ......
Solving package specifications: .+ pip install simplegeneric
Collecting simplegeneric
  Downloading http://localhost/packages/source/s/simplegeneric/simplegeneric-0.8.1.zip
Installing collected packages: simplegeneric
  Running setup.py install for simplegeneric
Successfully installed simplegeneric-0.8.1

The following NEW packages will be INSTALLED:

    openssl:    1.0.1k-1    
    pip:        7.0.3-py27_0
    python:     2.7.10-0    
    readline:   6.2-2       
    setuptools: 17.0-py27_0 
    sqlite:     3.8.4.1-1   
    system:     5.8-2       
    tk:         8.5.18-0    
    zlib:       1.2.8-0     

Linking packages ...
[                    ]|                                                  |   0%[openssl             ]|                                                  |   0%[readline            ]|#####                                             |  11%[sqlite              ]|###########                                       |  22%[system              ]|################                                  |  33%[tk                  ]|######################                            |  44%[zlib                ]|###########################                       |  55%[python              ]|#################################                 |  66%[setuptools          ]|######################################            |  77%[pip                 ]|############################################      |  88%[      COMPLETE      ]|##################################################| 100%
Removing old work directory
Copying /home/ubuntu/pypi-conda-builds/simplegeneric to /home/ubuntu/miniconda/conda-bld/work
Package: simplegeneric-0.8.1-py_0
source tree in: /home/ubuntu/miniconda/conda-bld/work
number of files: 7
Fixing permissions
Fixing permissions
BUILD END: simplegeneric-0.8.1-py_0
# If you want to upload this package to binstar.org later, type:
#
# $ binstar upload /home/ubuntu/miniconda/conda-bld/noarch/simplegeneric-0.8.1-py_0.tar.bz2
#
# To have conda build upload to binstar automatically, use
# $ conda config --set binstar_upload yes

Package search: {'_pypi_ordering': False, 'version': '0.8.1', 'name': 'simplegeneric', 'summary': "Simple generic functions (similar to Python's own len(), pickle.dump(), etc.)"}
Creating standard recipe for simplegeneric-0.8.1
Converting recipe in /home/ubuntu/pypi-conda-builds/simplegeneric
package = simplegeneric
   dependencies = []
Building conda package for simplegeneric
