Warning, the following versions were found for simplejson
3.7.3
3.7.2
3.7.1
3.7.0
3.6.5
3.6.4
3.6.3
3.6.2
3.6.1
3.6.0
3.5.3
3.5.2
3.5.1
3.5.0
3.4.1
3.4.0
3.3.3
3.3.2
3.3.1
3.3.0
3.2.0
3.1.3
3.1.2
3.1.0
3.0.9
3.0.8
3.0.7
3.0.6
3.0.5
3.0.4
3.0.3
3.0.0
2.6.2
2.6.1
2.6.0
2.5.2
2.5.1
2.5.0
2.4.0
2.3.3
2.3.2
2.3.1
2.3.0
2.2.1
2.2.0
2.1.6
2.1.5
2.1.4
2.1.3
2.1.2
2.1.1
2.1.0
2.1.0rc3
2.0.9
2.0.8
2.0.7
2.0.6
2.0.5
2.0.4
2.0.3
2.0.2
2.0.1
2.0.0
1.9.3
1.9.2
1.9.1
1.9
1.8.1
1.8
1.7.5
1.7.4
1.7.3
1.7.2
1.7.1
1.7
1.6
1.5
1.4
1.3
1.1
Using 3.7.3
Use --version to specify a different version.
Using url https://pypi.python.org/packages/source/s/simplejson/simplejson-3.7.3.tar.gz (73 KB) for simplejson.
Downloading simplejson (use --no-download to skip this step)
Using cached download
Unpacking simplejson...
done
working in /tmp/tmpyzYOtXconda_skeleton_simplejson-3.7.3.tar.gz
Fetching package metadata: ......
Solving package specifications: .patching file core.py
Hunk #1 succeeded at 168 with fuzz 2 (offset 2 lines).

Applying patch: '/tmp/tmpyzYOtXconda_skeleton_simplejson-3.7.3.tar.gz/pypi-distutils.patch'
Writing recipe for simplejson
Done
