Removing old build directory
Removing old work directory
BUILD START: singledispatch-3.4.0.3-py27_0
Fetching package metadata: ......
Solving package specifications: .+ /home/ubuntu/miniconda/envs/_build/bin/python setup.py install
running install
running bdist_egg
running egg_info
writing requirements to singledispatch.egg-info/requires.txt
writing singledispatch.egg-info/PKG-INFO
writing top-level names to singledispatch.egg-info/top_level.txt
writing dependency_links to singledispatch.egg-info/dependency_links.txt
reading manifest file 'singledispatch.egg-info/SOURCES.txt'
reading manifest template 'MANIFEST.in'
writing manifest file 'singledispatch.egg-info/SOURCES.txt'
installing library code to build/bdist.linux-x86_64/egg
running install_lib
running build_py
creating build
creating build/lib
copying singledispatch.py -> build/lib
copying singledispatch_helpers.py -> build/lib
creating build/bdist.linux-x86_64
creating build/bdist.linux-x86_64/egg
copying build/lib/singledispatch_helpers.py -> build/bdist.linux-x86_64/egg
copying build/lib/singledispatch.py -> build/bdist.linux-x86_64/egg
byte-compiling build/bdist.linux-x86_64/egg/singledispatch_helpers.py to singledispatch_helpers.pyc
byte-compiling build/bdist.linux-x86_64/egg/singledispatch.py to singledispatch.pyc
creating build/bdist.linux-x86_64/egg/EGG-INFO
copying singledispatch.egg-info/PKG-INFO -> build/bdist.linux-x86_64/egg/EGG-INFO
copying singledispatch.egg-info/SOURCES.txt -> build/bdist.linux-x86_64/egg/EGG-INFO
copying singledispatch.egg-info/dependency_links.txt -> build/bdist.linux-x86_64/egg/EGG-INFO
copying singledispatch.egg-info/requires.txt -> build/bdist.linux-x86_64/egg/EGG-INFO
copying singledispatch.egg-info/top_level.txt -> build/bdist.linux-x86_64/egg/EGG-INFO
copying singledispatch.egg-info/zip-safe -> build/bdist.linux-x86_64/egg/EGG-INFO
creating dist
creating 'dist/singledispatch-3.4.0.3-py2.7.egg' and adding 'build/bdist.linux-x86_64/egg' to it
removing 'build/bdist.linux-x86_64/egg' (and everything under it)
Processing singledispatch-3.4.0.3-py2.7.egg
Copying singledispatch-3.4.0.3-py2.7.egg to /home/ubuntu/miniconda/envs/_build/lib/python2.7/site-packages
Adding singledispatch 3.4.0.3 to easy-install.pth file

Installed /home/ubuntu/miniconda/envs/_build/lib/python2.7/site-packages/singledispatch-3.4.0.3-py2.7.egg
Processing dependencies for singledispatch==3.4.0.3
Searching for six==1.9.0
Best match: six 1.9.0
Adding six 1.9.0 to easy-install.pth file

Using /home/ubuntu/miniconda/envs/_build/lib/python2.7/site-packages
Finished processing dependencies for singledispatch==3.4.0.3

The following NEW packages will be INSTALLED:

    openssl:    1.0.1k-1    
    pip:        7.0.1-py27_0
    python:     2.7.10-0    
    readline:   6.2-2       
    setuptools: 17.0-py27_0 
    six:        1.9.0-py27_0
    sqlite:     3.8.4.1-1   
    system:     5.8-2       
    tk:         8.5.18-0    
    zlib:       1.2.8-0     

Linking packages ...
[                    ]|                                                  |   0%[openssl             ]|                                                  |   0%[readline            ]|#####                                             |  10%[sqlite              ]|##########                                        |  20%[system              ]|###############                                   |  30%[tk                  ]|####################                              |  40%[zlib                ]|#########################                         |  50%[python              ]|##############################                    |  60%[setuptools          ]|###################################               |  70%[six                 ]|########################################          |  80%[pip                 ]|#############################################     |  90%[      COMPLETE      ]|##################################################| 100%
Removing old work directory
Source cache directory is: /home/ubuntu/miniconda/conda-bld/src_cache
Found source in cache: singledispatch-3.4.0.3.tar.gz
Extracting download
Package: singledispatch-3.4.0.3-py27_0
source tree in: /home/ubuntu/miniconda/conda-bld/work/singledispatch-3.4.0.3
found egg: /home/ubuntu/miniconda/envs/_build/lib/python2.7/site-packages/singledispatch-3.4.0.3-py2.7.egg
number of files: 2
Fixing permissions
Fixing permissions
BUILD END: singledispatch-3.4.0.3-py27_0
Nothing to test for: singledispatch-3.4.0.3-py27_0
# If you want to upload this package to binstar.org later, type:
#
# $ binstar upload /home/ubuntu/miniconda/conda-bld/linux-64/singledispatch-3.4.0.3-py27_0.tar.bz2
#
# To have conda build upload to binstar automatically, use
# $ conda config --set binstar_upload yes

