Warning, the following versions were found for singledispatch
3.4.0.3
3.4.0.2
3.4.0.1
3.4.0.0
Using 3.4.0.3
Use --version to specify a different version.
Using url https://pypi.python.org/packages/source/s/singledispatch/singledispatch-3.4.0.3.tar.gz (9 KB) for singledispatch.
Downloading singledispatch (use --no-download to skip this step)
Using cached download
Unpacking singledispatch...
done
working in /tmp/tmpDcMBBPconda_skeleton_singledispatch-3.4.0.3.tar.gz
Fetching package metadata: ......
Solving package specifications: .patching file core.py
Hunk #1 succeeded at 168 with fuzz 2 (offset 2 lines).

The following NEW packages will be INSTALLED:

    numpy:  1.9.2-py27_0
    pyyaml: 3.11-py27_0 

Linking packages ...
[                    ]|                                                  |   0%[numpy               ]|                                                  |   0%[pyyaml              ]|#########################                         |  50%[      COMPLETE      ]|##################################################| 100%
Applying patch: '/tmp/tmpDcMBBPconda_skeleton_singledispatch-3.4.0.3.tar.gz/pypi-distutils.patch'
Writing recipe for singledispatch
Done
