Warning, the following versions were found for slimit
0.8.1
0.8.0
0.7.4
0.7.3
0.7.2
0.7.1
0.7
0.6.2
0.6.1
0.6
0.5.5
0.5.4
0.5.3
0.5.2
0.5.1
0.5
0.4
0.3.2
0.2
0.1
Using 0.8.1
Use --version to specify a different version.
Using url https://pypi.python.org/packages/source/s/slimit/slimit-0.8.1.zip (86 KB) for slimit.
Downloading slimit (use --no-download to skip this step)
Using cached download
Unpacking slimit...
done
working in /tmp/tmprgIuxAconda_skeleton_slimit-0.8.1.zip
Fetching package metadata: ......
Solving package specifications: .patching file core.py
Hunk #1 succeeded at 168 with fuzz 2 (offset 2 lines).
Traceback (most recent call last):
  File "setup.py", line 3, in <module>
    from setuptools import setup, find_packages
ImportError: No module named setuptools

Applying patch: '/tmp/tmprgIuxAconda_skeleton_slimit-0.8.1.zip/pypi-distutils.patch'
$PYTHONPATH = /tmp/tmprgIuxAconda_skeleton_slimit-0.8.1.zip/slimit-0.8.1
Error: command failed: /home/ubuntu/miniconda/envs/_build/bin/python setup.py install
