Warning, the following versions were found for sloth-ci
1.2.7
1.2.6
1.2.5
1.2.4
1.2.3
1.2.2
1.2.1
1.2.0
1.1.9
1.1.8
1.1.7
1.1.6
1.1.5
1.1.4
1.1.3
1.1.2
1.1.1
1.1.0
1.0.9
1.0.8
1.0.7
1.0.6
1.0.5
1.0.4
1.0.3
1.0.2
1.0.1
1.0.0
0.9.2
0.9.1
0.9.0
0.8.9
0.8.8
0.8.7
0.8.6
0.8.5
0.8.4
0.8.3
0.8.2
0.7.4
0.7.2
0.7.1
0.7.0
0.6.9
0.6.8
0.6.7
0.6.6
0.6.5
0.6.4
0.6.3
0.6.2
0.6.1
0.6.0
0.5.9
0.5.7
0.5.6
0.5.5
0.5.3
0.5.1
0.4.3
0.4.2
0.4.1
0.3.8
0.3.7
0.3.6
0.3.5
0.3.4
0.3.3
0.3.2
0.3.1
0.2.9
0.2.7
0.2.6
0.2.5
0.2.4
0.2.3
0.2.2
0.2.1
0.1.9
0.1.8
0.1.7
0.1.6
0.1.5
0.1.4
0.1.3
0.1.2
0.1.1
0.1.0
Using 1.2.7
Use --version to specify a different version.
Using url https://pypi.python.org/packages/source/s/sloth-ci/sloth-ci-1.2.7.zip (27 KB) for sloth-ci.
Downloading sloth-ci (use --no-download to skip this step)
Using cached download
Unpacking sloth-ci...
done
working in /tmp/tmpo88Xphconda_skeleton_sloth-ci-1.2.7.zip
Fetching package metadata: ......
Solving package specifications: .patching file core.py
Hunk #1 succeeded at 168 with fuzz 2 (offset 2 lines).

The following NEW packages will be INSTALLED:

    numpy:  1.9.2-py27_0
    pyyaml: 3.11-py27_0 

Linking packages ...
[                    ]|                                                  |   0%[numpy               ]|                                                  |   0%[pyyaml              ]|#########################                         |  50%[      COMPLETE      ]|##################################################| 100%
Applying patch: '/tmp/tmpo88Xphconda_skeleton_sloth-ci-1.2.7.zip/pypi-distutils.patch'
Warning, the following versions were found for sloth-ci.ext.file_logs
1.0.9
1.0.8
Using 1.0.9
Use --version to specify a different version.
Using url https://pypi.python.org/packages/source/s/sloth-ci.ext.file_logs/sloth-ci.ext.file_logs-1.0.9.zip (5 KB) for sloth-ci.ext.file_logs.
Downloading sloth-ci.ext.file_logs (use --no-download to skip this step)
Using cached download
Unpacking sloth-ci.ext.file_logs...
done
working in /tmp/tmpOwSY4Wconda_skeleton_sloth-ci.ext.file_logs-1.0.9.zip
Solving package specifications: .patching file core.py
Hunk #1 succeeded at 168 with fuzz 2 (offset 2 lines).

Applying patch: '/tmp/tmpOwSY4Wconda_skeleton_sloth-ci.ext.file_logs-1.0.9.zip/pypi-distutils.patch'
Warning, the following versions were found for awesome-slugify
1.6.5
1.6.4
1.6.3
1.6.2
1.6.1
1.6
1.5.4
1.5.3
1.5.2
1.5.1
1.5
1.4.1
1.4
1.3.3
1.3.2
1.3
1.2.4
1.2.3
1.2.2
1.2.1
1.2
1.1.1
1.1
1.0.2
1.0.1
1.0
Using 1.6.5
Use --version to specify a different version.
Using url https://pypi.python.org/packages/source/a/awesome-slugify/awesome-slugify-1.6.5.tar.gz (8 KB) for awesome-slugify.
Downloading awesome-slugify (use --no-download to skip this step)
awesome-slugif   0% |                              | ETA:  --:--:--   0.00  B/sawesome-slugif 100% |###############################| ETA:  0:00:00  19.60 MB/sawesome-slugif 100% |###############################| Time: 0:00:00  11.86 MB/s
Unpacking awesome-slugify...
done
working in /tmp/tmp40ycztconda_skeleton_awesome-slugify-1.6.5.tar.gz
Solving package specifications: .patching file core.py
Hunk #1 succeeded at 168 with fuzz 2 (offset 2 lines).

Applying patch: '/tmp/tmp40ycztconda_skeleton_awesome-slugify-1.6.5.tar.gz/pypi-distutils.patch'
Error: Could not find any versions of package sloth_ci
