Warning, the following versions were found for slumber
0.7.1
0.7.0
0.6.2
0.6.1
0.6.0
0.5.3
0.5.1
0.5
0.4.2
0.4.1
0.4
0.3.1
0.3.0
0.2.5
0.2.4
0.2.3
0.2.2
0.1.3
0.1.2
Using 0.7.1
Use --version to specify a different version.
Using url https://pypi.python.org/packages/source/s/slumber/slumber-0.7.1.tar.gz (11 KB) for slumber.
Downloading slumber (use --no-download to skip this step)
Using cached download
Unpacking slumber...
done
working in /tmp/tmpF8WOcFconda_skeleton_slumber-0.7.1.tar.gz
Fetching package metadata: ......
Solving package specifications: .patching file core.py
Hunk #1 succeeded at 168 with fuzz 2 (offset 2 lines).
Traceback (most recent call last):
  File "setup.py", line 3, in <module>
    from setuptools import setup
ImportError: No module named setuptools

Applying patch: '/tmp/tmpF8WOcFconda_skeleton_slumber-0.7.1.tar.gz/pypi-distutils.patch'
$PYTHONPATH = /tmp/tmpF8WOcFconda_skeleton_slumber-0.7.1.tar.gz/slumber-0.7.1
Error: command failed: /home/ubuntu/miniconda/envs/_build/bin/python setup.py install
