Removing old build directory
Removing old work directory
BUILD START: snakebite-2.5.4-py27_0
Fetching package metadata: ......
Solving package specifications: .................
Warning: 2 possible package resolutions (only showing differing packages):
	[u'protobuf-3.0.0a3-py_0.tar.bz2'],
	[u'protobuf-3.0.0a3-py27_0.tar.bz2'],
+ /home/ubuntu/miniconda/envs/_build/bin/python setup.py install
running install
running bdist_egg
running egg_info
writing requirements to snakebite.egg-info/requires.txt
writing snakebite.egg-info/PKG-INFO
writing top-level names to snakebite.egg-info/top_level.txt
writing dependency_links to snakebite.egg-info/dependency_links.txt
reading manifest file 'snakebite.egg-info/SOURCES.txt'
reading manifest template 'MANIFEST.in'
warning: no previously-included files matching '*' found under directory 'test'
warning: no previously-included files matching '*.pyc' found anywhere in distribution
warning: no previously-included files matching '*.pyo' found anywhere in distribution
warning: no previously-included files matching '*.un~' found anywhere in distribution
writing manifest file 'snakebite.egg-info/SOURCES.txt'
installing library code to build/bdist.linux-x86_64/egg
running install_lib
running build_py
creating build
creating build/lib
creating build/lib/snakebite
copying snakebite/formatter.py -> build/lib/snakebite
copying snakebite/errors.py -> build/lib/snakebite
copying snakebite/commandlineparser.py -> build/lib/snakebite
copying snakebite/config.py -> build/lib/snakebite
copying snakebite/namenode.py -> build/lib/snakebite
copying snakebite/channel.py -> build/lib/snakebite
copying snakebite/version.py -> build/lib/snakebite
copying snakebite/crc32c.py -> build/lib/snakebite
copying snakebite/client.py -> build/lib/snakebite
copying snakebite/minicluster.py -> build/lib/snakebite
copying snakebite/service.py -> build/lib/snakebite
copying snakebite/__init__.py -> build/lib/snakebite
copying snakebite/logger.py -> build/lib/snakebite
copying snakebite/glob.py -> build/lib/snakebite
creating build/lib/snakebite/protobuf
copying snakebite/protobuf/Security_pb2.py -> build/lib/snakebite/protobuf
copying snakebite/protobuf/IpcConnectionContext_pb2.py -> build/lib/snakebite/protobuf
copying snakebite/protobuf/hdfs_pb2.py -> build/lib/snakebite/protobuf
copying snakebite/protobuf/ProtobufRpcEngine_pb2.py -> build/lib/snakebite/protobuf
copying snakebite/protobuf/RpcHeader_pb2.py -> build/lib/snakebite/protobuf
copying snakebite/protobuf/datatransfer_pb2.py -> build/lib/snakebite/protobuf
copying snakebite/protobuf/__init__.py -> build/lib/snakebite/protobuf
copying snakebite/protobuf/ClientNamenodeProtocol_pb2.py -> build/lib/snakebite/protobuf
creating build/bdist.linux-x86_64
creating build/bdist.linux-x86_64/egg
creating build/bdist.linux-x86_64/egg/snakebite
copying build/lib/snakebite/formatter.py -> build/bdist.linux-x86_64/egg/snakebite
creating build/bdist.linux-x86_64/egg/snakebite/protobuf
copying build/lib/snakebite/protobuf/Security_pb2.py -> build/bdist.linux-x86_64/egg/snakebite/protobuf
copying build/lib/snakebite/protobuf/IpcConnectionContext_pb2.py -> build/bdist.linux-x86_64/egg/snakebite/protobuf
copying build/lib/snakebite/protobuf/hdfs_pb2.py -> build/bdist.linux-x86_64/egg/snakebite/protobuf
copying build/lib/snakebite/protobuf/ProtobufRpcEngine_pb2.py -> build/bdist.linux-x86_64/egg/snakebite/protobuf
copying build/lib/snakebite/protobuf/RpcHeader_pb2.py -> build/bdist.linux-x86_64/egg/snakebite/protobuf
copying build/lib/snakebite/protobuf/datatransfer_pb2.py -> build/bdist.linux-x86_64/egg/snakebite/protobuf
copying build/lib/snakebite/protobuf/__init__.py -> build/bdist.linux-x86_64/egg/snakebite/protobuf
copying build/lib/snakebite/protobuf/ClientNamenodeProtocol_pb2.py -> build/bdist.linux-x86_64/egg/snakebite/protobuf
copying build/lib/snakebite/errors.py -> build/bdist.linux-x86_64/egg/snakebite
copying build/lib/snakebite/commandlineparser.py -> build/bdist.linux-x86_64/egg/snakebite
copying build/lib/snakebite/config.py -> build/bdist.linux-x86_64/egg/snakebite
copying build/lib/snakebite/namenode.py -> build/bdist.linux-x86_64/egg/snakebite
copying build/lib/snakebite/channel.py -> build/bdist.linux-x86_64/egg/snakebite
copying build/lib/snakebite/version.py -> build/bdist.linux-x86_64/egg/snakebite
copying build/lib/snakebite/crc32c.py -> build/bdist.linux-x86_64/egg/snakebite
copying build/lib/snakebite/client.py -> build/bdist.linux-x86_64/egg/snakebite
copying build/lib/snakebite/minicluster.py -> build/bdist.linux-x86_64/egg/snakebite
copying build/lib/snakebite/service.py -> build/bdist.linux-x86_64/egg/snakebite
copying build/lib/snakebite/__init__.py -> build/bdist.linux-x86_64/egg/snakebite
copying build/lib/snakebite/logger.py -> build/bdist.linux-x86_64/egg/snakebite
copying build/lib/snakebite/glob.py -> build/bdist.linux-x86_64/egg/snakebite
byte-compiling build/bdist.linux-x86_64/egg/snakebite/formatter.py to formatter.pyc
byte-compiling build/bdist.linux-x86_64/egg/snakebite/protobuf/Security_pb2.py to Security_pb2.pyc
byte-compiling build/bdist.linux-x86_64/egg/snakebite/protobuf/IpcConnectionContext_pb2.py to IpcConnectionContext_pb2.pyc
byte-compiling build/bdist.linux-x86_64/egg/snakebite/protobuf/hdfs_pb2.py to hdfs_pb2.pyc
byte-compiling build/bdist.linux-x86_64/egg/snakebite/protobuf/ProtobufRpcEngine_pb2.py to ProtobufRpcEngine_pb2.pyc
byte-compiling build/bdist.linux-x86_64/egg/snakebite/protobuf/RpcHeader_pb2.py to RpcHeader_pb2.pyc
byte-compiling build/bdist.linux-x86_64/egg/snakebite/protobuf/datatransfer_pb2.py to datatransfer_pb2.pyc
byte-compiling build/bdist.linux-x86_64/egg/snakebite/protobuf/__init__.py to __init__.pyc
byte-compiling build/bdist.linux-x86_64/egg/snakebite/protobuf/ClientNamenodeProtocol_pb2.py to ClientNamenodeProtocol_pb2.pyc
byte-compiling build/bdist.linux-x86_64/egg/snakebite/errors.py to errors.pyc
byte-compiling build/bdist.linux-x86_64/egg/snakebite/commandlineparser.py to commandlineparser.pyc
byte-compiling build/bdist.linux-x86_64/egg/snakebite/config.py to config.pyc
byte-compiling build/bdist.linux-x86_64/egg/snakebite/namenode.py to namenode.pyc
byte-compiling build/bdist.linux-x86_64/egg/snakebite/channel.py to channel.pyc
byte-compiling build/bdist.linux-x86_64/egg/snakebite/version.py to version.pyc
byte-compiling build/bdist.linux-x86_64/egg/snakebite/crc32c.py to crc32c.pyc
byte-compiling build/bdist.linux-x86_64/egg/snakebite/client.py to client.pyc
byte-compiling build/bdist.linux-x86_64/egg/snakebite/minicluster.py to minicluster.pyc
byte-compiling build/bdist.linux-x86_64/egg/snakebite/service.py to service.pyc
byte-compiling build/bdist.linux-x86_64/egg/snakebite/__init__.py to __init__.pyc
byte-compiling build/bdist.linux-x86_64/egg/snakebite/logger.py to logger.pyc
byte-compiling build/bdist.linux-x86_64/egg/snakebite/glob.py to glob.pyc
installing package data to build/bdist.linux-x86_64/egg
running install_data
creating build/bdist.linux-x86_64/egg/etc
creating build/bdist.linux-x86_64/egg/etc/bash_completion.d
copying scripts/snakebite-completion.bash -> build/bdist.linux-x86_64/egg/etc/bash_completion.d
copying LICENSE -> build/bdist.linux-x86_64/egg/
creating build/bdist.linux-x86_64/egg/EGG-INFO
installing scripts to build/bdist.linux-x86_64/egg/EGG-INFO/scripts
running install_scripts
running build_scripts
creating build/scripts-2.7
copying and adjusting bin/snakebite -> build/scripts-2.7
changing mode of build/scripts-2.7/snakebite from 664 to 775
creating build/bdist.linux-x86_64/egg/EGG-INFO/scripts
copying build/scripts-2.7/snakebite -> build/bdist.linux-x86_64/egg/EGG-INFO/scripts
changing mode of build/bdist.linux-x86_64/egg/EGG-INFO/scripts/snakebite to 775
copying snakebite.egg-info/PKG-INFO -> build/bdist.linux-x86_64/egg/EGG-INFO
copying snakebite.egg-info/SOURCES.txt -> build/bdist.linux-x86_64/egg/EGG-INFO
copying snakebite.egg-info/dependency_links.txt -> build/bdist.linux-x86_64/egg/EGG-INFO
copying snakebite.egg-info/requires.txt -> build/bdist.linux-x86_64/egg/EGG-INFO
copying snakebite.egg-info/top_level.txt -> build/bdist.linux-x86_64/egg/EGG-INFO
zip_safe flag not set; analyzing archive contents...
creating dist
creating 'dist/snakebite-2.5.4-py2.7.egg' and adding 'build/bdist.linux-x86_64/egg' to it
removing 'build/bdist.linux-x86_64/egg' (and everything under it)
Processing snakebite-2.5.4-py2.7.egg
Copying snakebite-2.5.4-py2.7.egg to /home/ubuntu/miniconda/envs/_build/lib/python2.7/site-packages
Adding snakebite 2.5.4 to easy-install.pth file
Installing snakebite script to /home/ubuntu/miniconda/envs/_build/bin

Installed /home/ubuntu/miniconda/envs/_build/lib/python2.7/site-packages/snakebite-2.5.4-py2.7.egg
Processing dependencies for snakebite==2.5.4
Searching for argparse==1.3.0
Best match: argparse 1.3.0
Processing argparse-1.3.0-py2.7.egg
Adding argparse 1.3.0 to easy-install.pth file

Using /home/ubuntu/miniconda/envs/_build/lib/python2.7/site-packages/argparse-1.3.0-py2.7.egg
Searching for protobuf==3.0.0a3
Best match: protobuf 3.0.0a3
Processing protobuf-3.0.0a3-py2.7.egg
Adding protobuf 3.0.0a3 to easy-install.pth file

Using /home/ubuntu/miniconda/envs/_build/lib/python2.7/site-packages/protobuf-3.0.0a3-py2.7.egg
Searching for setuptools==17.0
Best match: setuptools 17.0
Processing setuptools-17.0-py2.7.egg
Adding setuptools 17.0 to easy-install.pth file
Installing easy_install script to /home/ubuntu/miniconda/envs/_build/bin
Installing easy_install-2.7 script to /home/ubuntu/miniconda/envs/_build/bin

Using /home/ubuntu/miniconda/envs/_build/lib/python2.7/site-packages/setuptools-17.0-py2.7.egg
Finished processing dependencies for snakebite==2.5.4

The following packages will be downloaded:

    package                    |            build
    ---------------------------|-----------------
    argparse-1.3.0             |           py27_0          45 KB

The following NEW packages will be INSTALLED:

    argparse:   1.3.0-py27_0
    openssl:    1.0.1k-1    
    pip:        7.0.3-py27_0
    protobuf:   3.0.0a3-py_0
    python:     2.7.10-0    
    readline:   6.2-2       
    setuptools: 17.0-py27_0 
    sqlite:     3.8.4.1-1   
    system:     5.8-2       
    tk:         8.5.18-0    
    zlib:       1.2.8-0     

Fetching packages ...
argparse-1.3.0   0% |                              | ETA:  --:--:--   0.00  B/sargparse-1.3.0  35% |###########                    | ETA:  0:00:00  34.71 MB/sargparse-1.3.0  71% |######################         | ETA:  0:00:00  48.04 MB/sargparse-1.3.0 100% |###############################| ETA:  0:00:00  52.88 MB/sargparse-1.3.0 100% |###############################| Time: 0:00:00  41.40 MB/s
Extracting packages ...
[                    ]|                                                  |   0%[argparse            ]|                                                  |   0%[      COMPLETE      ]|##################################################| 100%
Linking packages ...
[      COMPLETE      ]|                                                  |   0%[openssl             ]|                                                  |   0%[openssl             ]|                                                  |   0%[readline            ]|####                                              |   9%[sqlite              ]|#########                                         |  18%[system              ]|#############                                     |  27%[tk                  ]|##################                                |  36%[zlib                ]|######################                            |  45%[argparse            ]|###########################                       |  54%[python              ]|###############################                   |  63%[setuptools          ]|####################################              |  72%[pip                 ]|########################################          |  81%[protobuf            ]|#############################################     |  90%[      COMPLETE      ]|##################################################| 100%
Removing old work directory
Source cache directory is: /home/ubuntu/miniconda/conda-bld/src_cache
Found source in cache: snakebite-2.5.4.tar.gz
Extracting download
Package: snakebite-2.5.4-py27_0
source tree in: /home/ubuntu/miniconda/conda-bld/work/snakebite-2.5.4
found egg: /home/ubuntu/miniconda/envs/_build/lib/python2.7/site-packages/snakebite-2.5.4-py2.7.egg
number of files: 3
Fixing permissions
Detected hard-coded path in text file bin/snakebite
Fixing permissions
BUILD END: snakebite-2.5.4-py27_0
TEST START: snakebite-2.5.4-py27_0
Fetching package metadata: ......
Error: No packages found in current linux-64 channels matching: tox
