Warning, the following versions were found for snakebite
2.5.4
2.5.3
2.5.2
2.5.1
2.5.0
2.4.14
2.4.13
2.4.12
2.4.11
2.4.10
2.4.8
2.4.7
2.4.6
2.4.4
2.4.3
2.4.2
2.4.1
2.3.5
2.3.4
2.3.2
2.3.0
2.2.5
2.2.4
2.2.3
2.2.1
2.2.0
2.1.1
2.0.1
1.3.11
1.3.10
1.3.9
1.3.8
1.3.6
1.3.3
1.3.2
1.3.1
1.3.0
1.2.3
1.2.2
1.2.1
1.2.0
1.1.1
1.1.0
1.0.5
1.0.4
1.0.3
1.0.0
Using 2.5.4
Use --version to specify a different version.
Using url https://pypi.python.org/packages/source/s/snakebite/snakebite-2.5.4.tar.gz (72 KB) for snakebite.
Downloading snakebite (use --no-download to skip this step)
Using cached download
Unpacking snakebite...
done
working in /tmp/tmpwAmlbgconda_skeleton_snakebite-2.5.4.tar.gz
Fetching package metadata: ......
Solving package specifications: .patching file core.py
Hunk #1 succeeded at 168 with fuzz 2 (offset 2 lines).

Applying patch: '/tmp/tmpwAmlbgconda_skeleton_snakebite-2.5.4.tar.gz/pypi-distutils.patch'
Writing recipe for snakebite
Done
