Warning, the following versions were found for snuggs
1.3.1
1.3.0
1.2.0
1.1.0
1.0
Using 1.3.1
Use --version to specify a different version.
Using url https://pypi.python.org/packages/source/s/snuggs/snuggs-1.3.1.tar.gz (4 KB) for snuggs.
Downloading snuggs (use --no-download to skip this step)
Using cached download
Unpacking snuggs...
done
working in /tmp/tmpIH3Udeconda_skeleton_snuggs-1.3.1.tar.gz
Fetching package metadata: ......
Solving package specifications: .patching file core.py
Hunk #1 succeeded at 168 with fuzz 2 (offset 2 lines).

The following NEW packages will be INSTALLED:

    numpy:  1.9.2-py27_0
    pyyaml: 3.11-py27_0 

Linking packages ...
[                    ]|                                                  |   0%[numpy               ]|                                                  |   0%[pyyaml              ]|#########################                         |  50%[      COMPLETE      ]|##################################################| 100%
Applying patch: '/tmp/tmpIH3Udeconda_skeleton_snuggs-1.3.1.tar.gz/pypi-distutils.patch'
Warning, the following versions were found for numpy
1.9.2
1.9.1
1.9.0
1.8.2
1.8.1
1.8.0
1.7.2
1.7.1
1.7.0
1.6.2
1.6.1
1.6.0
1.5.1
1.5.0
1.4.1
1.4.0
1.3.0
1.2.1
1.2.0
1.1.1
1.0.4
1.0.3
1.0
1.0rc3
1.0rc2
1.0rc1
1.0b5
1.0b4
1.0b1
0.9.8
0.9.6
Using 1.9.2
Use --version to specify a different version.
Using url https://pypi.python.org/packages/source/n/numpy/numpy-1.9.2.tar.gz (3.8 MB) for numpy.
Downloading numpy (use --no-download to skip this step)
Using cached download
Unpacking numpy...
done
working in /tmp/tmpdtJOVYconda_skeleton_numpy-1.9.2.tar.gz
Solving package specifications: .patching file core.py
Hunk #1 succeeded at 168 with fuzz 2 (offset 2 lines).
Running from numpy source directory.
Traceback (most recent call last):
  File "setup.py", line 251, in <module>
    setup_package()
  File "setup.py", line 243, in setup_package
    setup(**metadata)
  File "/tmp/tmpdtJOVYconda_skeleton_numpy-1.9.2.tar.gz/numpy-1.9.2/numpy/distutils/core.py", line 130, in setup
    if dist.help or not _command_line_ok():
AttributeError: 'NoneType' object has no attribute 'help'

Applying patch: '/tmp/tmpdtJOVYconda_skeleton_numpy-1.9.2.tar.gz/pypi-distutils.patch'
$PYTHONPATH = /tmp/tmpdtJOVYconda_skeleton_numpy-1.9.2.tar.gz/numpy-1.9.2
Error: command failed: /home/ubuntu/miniconda/envs/_build/bin/python setup.py install
