south not found, trying South
0
Using url https://pypi.python.org/packages/source/S/South/South-1.0.2.tar.gz (94 KB) for South.
Downloading South (use --no-download to skip this step)
Using cached download
Unpacking South...
done
working in /tmp/tmp97q5lOconda_skeleton_South-1.0.2.tar.gz
Fetching package metadata: ......
Solving package specifications: .patching file core.py
Hunk #1 succeeded at 168 with fuzz 2 (offset 2 lines).

The following NEW packages will be INSTALLED:

    numpy:  1.9.2-py27_0
    pyyaml: 3.11-py27_0 
    yaml:   0.1.4-0     

Linking packages ...
[                    ]|                                                  |   0%[yaml                ]|                                                  |   0%[numpy               ]|################                                  |  33%[pyyaml              ]|#################################                 |  66%[      COMPLETE      ]|##################################################| 100%
Applying patch: '/tmp/tmp97q5lOconda_skeleton_South-1.0.2.tar.gz/pypi-distutils.patch'
Writing recipe for south
Done
