There was an error importing jinja2.
Please run `conda install jinja2` to enable jinja template support
Removing old build directory
Removing old work directory
BUILD START: south-1.0.2-py27_0
Fetching package metadata: ......
Solving package specifications: .There was an error importing jinja2.
Please run `conda install jinja2` to enable jinja template support
+ /home/ubuntu/miniconda/envs/_build/bin/python setup.py install
running install
running bdist_egg
running egg_info
creating South.egg-info
writing South.egg-info/PKG-INFO
writing top-level names to South.egg-info/top_level.txt
writing dependency_links to South.egg-info/dependency_links.txt
writing manifest file 'South.egg-info/SOURCES.txt'
reading manifest file 'South.egg-info/SOURCES.txt'
writing manifest file 'South.egg-info/SOURCES.txt'
installing library code to build/bdist.linux-x86_64/egg
running install_lib
running build_py
creating build
creating build/lib
creating build/lib/south
copying south/signals.py -> build/lib/south
copying south/orm.py -> build/lib/south
copying south/modelsinspector.py -> build/lib/south
copying south/test_shim.py -> build/lib/south
copying south/__init__.py -> build/lib/south
copying south/models.py -> build/lib/south
copying south/v2.py -> build/lib/south
copying south/logger.py -> build/lib/south
copying south/exceptions.py -> build/lib/south
creating build/lib/south/creator
copying south/creator/changes.py -> build/lib/south/creator
copying south/creator/actions.py -> build/lib/south/creator
copying south/creator/freezer.py -> build/lib/south/creator
copying south/creator/__init__.py -> build/lib/south/creator
creating build/lib/south/db
copying south/db/generic.py -> build/lib/south/db
copying south/db/mysql.py -> build/lib/south/db
copying south/db/oracle.py -> build/lib/south/db
copying south/db/postgresql_psycopg2.py -> build/lib/south/db
copying south/db/__init__.py -> build/lib/south/db
copying south/db/firebird.py -> build/lib/south/db
copying south/db/sqlite3.py -> build/lib/south/db
creating build/lib/south/management
copying south/management/__init__.py -> build/lib/south/management
creating build/lib/south/introspection_plugins
copying south/introspection_plugins/django_audit_log.py -> build/lib/south/introspection_plugins
copying south/introspection_plugins/django_objectpermissions.py -> build/lib/south/introspection_plugins
copying south/introspection_plugins/django_taggit.py -> build/lib/south/introspection_plugins
copying south/introspection_plugins/geodjango.py -> build/lib/south/introspection_plugins
copying south/introspection_plugins/__init__.py -> build/lib/south/introspection_plugins
copying south/introspection_plugins/django_timezones.py -> build/lib/south/introspection_plugins
copying south/introspection_plugins/django_tagging.py -> build/lib/south/introspection_plugins
copying south/introspection_plugins/annoying_autoonetoone.py -> build/lib/south/introspection_plugins
creating build/lib/south/hacks
copying south/hacks/django_1_0.py -> build/lib/south/hacks
copying south/hacks/__init__.py -> build/lib/south/hacks
creating build/lib/south/migration
copying south/migration/utils.py -> build/lib/south/migration
copying south/migration/__init__.py -> build/lib/south/migration
copying south/migration/migrators.py -> build/lib/south/migration
copying south/migration/base.py -> build/lib/south/migration
creating build/lib/south/tests
copying south/tests/db_mysql.py -> build/lib/south/tests
copying south/tests/db_firebird.py -> build/lib/south/tests
copying south/tests/inspector.py -> build/lib/south/tests
copying south/tests/autodetection.py -> build/lib/south/tests
copying south/tests/freezer.py -> build/lib/south/tests
copying south/tests/db.py -> build/lib/south/tests
copying south/tests/__init__.py -> build/lib/south/tests
copying south/tests/logger.py -> build/lib/south/tests
copying south/tests/logic.py -> build/lib/south/tests
creating build/lib/south/db/sql_server
copying south/db/sql_server/pyodbc.py -> build/lib/south/db/sql_server
copying south/db/sql_server/__init__.py -> build/lib/south/db/sql_server
creating build/lib/south/management/commands
copying south/management/commands/datamigration.py -> build/lib/south/management/commands
copying south/management/commands/testserver.py -> build/lib/south/management/commands
copying south/management/commands/migrationcheck.py -> build/lib/south/management/commands
copying south/management/commands/syncdb.py -> build/lib/south/management/commands
copying south/management/commands/convert_to_south.py -> build/lib/south/management/commands
copying south/management/commands/startmigration.py -> build/lib/south/management/commands
copying south/management/commands/schemamigration.py -> build/lib/south/management/commands
copying south/management/commands/__init__.py -> build/lib/south/management/commands
copying south/management/commands/graphmigrations.py -> build/lib/south/management/commands
copying south/management/commands/migrate.py -> build/lib/south/management/commands
copying south/management/commands/test.py -> build/lib/south/management/commands
creating build/lib/south/tests/circular_a
copying south/tests/circular_a/__init__.py -> build/lib/south/tests/circular_a
copying south/tests/circular_a/models.py -> build/lib/south/tests/circular_a
creating build/lib/south/tests/emptyapp
copying south/tests/emptyapp/__init__.py -> build/lib/south/tests/emptyapp
copying south/tests/emptyapp/models.py -> build/lib/south/tests/emptyapp
creating build/lib/south/tests/deps_a
copying south/tests/deps_a/__init__.py -> build/lib/south/tests/deps_a
copying south/tests/deps_a/models.py -> build/lib/south/tests/deps_a
creating build/lib/south/tests/fakeapp
copying south/tests/fakeapp/__init__.py -> build/lib/south/tests/fakeapp
copying south/tests/fakeapp/models.py -> build/lib/south/tests/fakeapp
creating build/lib/south/tests/brokenapp
copying south/tests/brokenapp/__init__.py -> build/lib/south/tests/brokenapp
copying south/tests/brokenapp/models.py -> build/lib/south/tests/brokenapp
creating build/lib/south/tests/circular_b
copying south/tests/circular_b/__init__.py -> build/lib/south/tests/circular_b
copying south/tests/circular_b/models.py -> build/lib/south/tests/circular_b
creating build/lib/south/tests/otherfakeapp
copying south/tests/otherfakeapp/__init__.py -> build/lib/south/tests/otherfakeapp
copying south/tests/otherfakeapp/models.py -> build/lib/south/tests/otherfakeapp
creating build/lib/south/tests/deps_c
copying south/tests/deps_c/__init__.py -> build/lib/south/tests/deps_c
copying south/tests/deps_c/models.py -> build/lib/south/tests/deps_c
creating build/lib/south/tests/deps_b
copying south/tests/deps_b/__init__.py -> build/lib/south/tests/deps_b
copying south/tests/deps_b/models.py -> build/lib/south/tests/deps_b
creating build/lib/south/tests/non_managed
copying south/tests/non_managed/__init__.py -> build/lib/south/tests/non_managed
copying south/tests/non_managed/models.py -> build/lib/south/tests/non_managed
creating build/lib/south/tests/circular_a/migrations
copying south/tests/circular_a/migrations/0001_first.py -> build/lib/south/tests/circular_a/migrations
copying south/tests/circular_a/migrations/__init__.py -> build/lib/south/tests/circular_a/migrations
creating build/lib/south/tests/emptyapp/migrations
copying south/tests/emptyapp/migrations/__init__.py -> build/lib/south/tests/emptyapp/migrations
creating build/lib/south/tests/deps_a/migrations
copying south/tests/deps_a/migrations/0005_a.py -> build/lib/south/tests/deps_a/migrations
copying south/tests/deps_a/migrations/0004_a.py -> build/lib/south/tests/deps_a/migrations
copying south/tests/deps_a/migrations/0003_a.py -> build/lib/south/tests/deps_a/migrations
copying south/tests/deps_a/migrations/0002_a.py -> build/lib/south/tests/deps_a/migrations
copying south/tests/deps_a/migrations/__init__.py -> build/lib/south/tests/deps_a/migrations
copying south/tests/deps_a/migrations/0001_a.py -> build/lib/south/tests/deps_a/migrations
creating build/lib/south/tests/fakeapp/migrations
copying south/tests/fakeapp/migrations/0003_alter_spam.py -> build/lib/south/tests/fakeapp/migrations
copying south/tests/fakeapp/migrations/0002_eggs.py -> build/lib/south/tests/fakeapp/migrations
copying south/tests/fakeapp/migrations/0001_spam.py -> build/lib/south/tests/fakeapp/migrations
copying south/tests/fakeapp/migrations/__init__.py -> build/lib/south/tests/fakeapp/migrations
creating build/lib/south/tests/brokenapp/migrations
copying south/tests/brokenapp/migrations/0001_depends_on_unmigrated.py -> build/lib/south/tests/brokenapp/migrations
copying south/tests/brokenapp/migrations/0004_higher.py -> build/lib/south/tests/brokenapp/migrations
copying south/tests/brokenapp/migrations/0003_depends_on_higher.py -> build/lib/south/tests/brokenapp/migrations
copying south/tests/brokenapp/migrations/__init__.py -> build/lib/south/tests/brokenapp/migrations
copying south/tests/brokenapp/migrations/0002_depends_on_unknown.py -> build/lib/south/tests/brokenapp/migrations
creating build/lib/south/tests/circular_b/migrations
copying south/tests/circular_b/migrations/0001_first.py -> build/lib/south/tests/circular_b/migrations
copying south/tests/circular_b/migrations/__init__.py -> build/lib/south/tests/circular_b/migrations
creating build/lib/south/tests/otherfakeapp/migrations
copying south/tests/otherfakeapp/migrations/0001_first.py -> build/lib/south/tests/otherfakeapp/migrations
copying south/tests/otherfakeapp/migrations/0003_third.py -> build/lib/south/tests/otherfakeapp/migrations
copying south/tests/otherfakeapp/migrations/__init__.py -> build/lib/south/tests/otherfakeapp/migrations
copying south/tests/otherfakeapp/migrations/0002_second.py -> build/lib/south/tests/otherfakeapp/migrations
creating build/lib/south/tests/deps_c/migrations
copying south/tests/deps_c/migrations/0005_c.py -> build/lib/south/tests/deps_c/migrations
copying south/tests/deps_c/migrations/0004_c.py -> build/lib/south/tests/deps_c/migrations
copying south/tests/deps_c/migrations/0002_c.py -> build/lib/south/tests/deps_c/migrations
copying south/tests/deps_c/migrations/0003_c.py -> build/lib/south/tests/deps_c/migrations
copying south/tests/deps_c/migrations/0001_c.py -> build/lib/south/tests/deps_c/migrations
copying south/tests/deps_c/migrations/__init__.py -> build/lib/south/tests/deps_c/migrations
creating build/lib/south/tests/deps_b/migrations
copying south/tests/deps_b/migrations/0005_b.py -> build/lib/south/tests/deps_b/migrations
copying south/tests/deps_b/migrations/0004_b.py -> build/lib/south/tests/deps_b/migrations
copying south/tests/deps_b/migrations/0001_b.py -> build/lib/south/tests/deps_b/migrations
copying south/tests/deps_b/migrations/0002_b.py -> build/lib/south/tests/deps_b/migrations
copying south/tests/deps_b/migrations/__init__.py -> build/lib/south/tests/deps_b/migrations
copying south/tests/deps_b/migrations/0003_b.py -> build/lib/south/tests/deps_b/migrations
creating build/lib/south/tests/non_managed/migrations
copying south/tests/non_managed/migrations/__init__.py -> build/lib/south/tests/non_managed/migrations
creating build/lib/south/utils
copying south/utils/py3.py -> build/lib/south/utils
copying south/utils/__init__.py -> build/lib/south/utils
copying south/utils/datetime_utils.py -> build/lib/south/utils
creating build/bdist.linux-x86_64
creating build/bdist.linux-x86_64/egg
creating build/bdist.linux-x86_64/egg/south
creating build/bdist.linux-x86_64/egg/south/migration
copying build/lib/south/migration/utils.py -> build/bdist.linux-x86_64/egg/south/migration
copying build/lib/south/migration/__init__.py -> build/bdist.linux-x86_64/egg/south/migration
copying build/lib/south/migration/migrators.py -> build/bdist.linux-x86_64/egg/south/migration
copying build/lib/south/migration/base.py -> build/bdist.linux-x86_64/egg/south/migration
copying build/lib/south/signals.py -> build/bdist.linux-x86_64/egg/south
copying build/lib/south/orm.py -> build/bdist.linux-x86_64/egg/south
creating build/bdist.linux-x86_64/egg/south/management
copying build/lib/south/management/__init__.py -> build/bdist.linux-x86_64/egg/south/management
creating build/bdist.linux-x86_64/egg/south/management/commands
copying build/lib/south/management/commands/datamigration.py -> build/bdist.linux-x86_64/egg/south/management/commands
copying build/lib/south/management/commands/testserver.py -> build/bdist.linux-x86_64/egg/south/management/commands
copying build/lib/south/management/commands/migrationcheck.py -> build/bdist.linux-x86_64/egg/south/management/commands
copying build/lib/south/management/commands/syncdb.py -> build/bdist.linux-x86_64/egg/south/management/commands
copying build/lib/south/management/commands/convert_to_south.py -> build/bdist.linux-x86_64/egg/south/management/commands
copying build/lib/south/management/commands/startmigration.py -> build/bdist.linux-x86_64/egg/south/management/commands
copying build/lib/south/management/commands/schemamigration.py -> build/bdist.linux-x86_64/egg/south/management/commands
copying build/lib/south/management/commands/__init__.py -> build/bdist.linux-x86_64/egg/south/management/commands
copying build/lib/south/management/commands/graphmigrations.py -> build/bdist.linux-x86_64/egg/south/management/commands
copying build/lib/south/management/commands/migrate.py -> build/bdist.linux-x86_64/egg/south/management/commands
copying build/lib/south/management/commands/test.py -> build/bdist.linux-x86_64/egg/south/management/commands
copying build/lib/south/modelsinspector.py -> build/bdist.linux-x86_64/egg/south
creating build/bdist.linux-x86_64/egg/south/utils
copying build/lib/south/utils/py3.py -> build/bdist.linux-x86_64/egg/south/utils
copying build/lib/south/utils/__init__.py -> build/bdist.linux-x86_64/egg/south/utils
copying build/lib/south/utils/datetime_utils.py -> build/bdist.linux-x86_64/egg/south/utils
creating build/bdist.linux-x86_64/egg/south/creator
copying build/lib/south/creator/changes.py -> build/bdist.linux-x86_64/egg/south/creator
copying build/lib/south/creator/actions.py -> build/bdist.linux-x86_64/egg/south/creator
copying build/lib/south/creator/freezer.py -> build/bdist.linux-x86_64/egg/south/creator
copying build/lib/south/creator/__init__.py -> build/bdist.linux-x86_64/egg/south/creator
creating build/bdist.linux-x86_64/egg/south/hacks
copying build/lib/south/hacks/django_1_0.py -> build/bdist.linux-x86_64/egg/south/hacks
copying build/lib/south/hacks/__init__.py -> build/bdist.linux-x86_64/egg/south/hacks
creating build/bdist.linux-x86_64/egg/south/tests
creating build/bdist.linux-x86_64/egg/south/tests/emptyapp
copying build/lib/south/tests/emptyapp/__init__.py -> build/bdist.linux-x86_64/egg/south/tests/emptyapp
copying build/lib/south/tests/emptyapp/models.py -> build/bdist.linux-x86_64/egg/south/tests/emptyapp
creating build/bdist.linux-x86_64/egg/south/tests/emptyapp/migrations
copying build/lib/south/tests/emptyapp/migrations/__init__.py -> build/bdist.linux-x86_64/egg/south/tests/emptyapp/migrations
creating build/bdist.linux-x86_64/egg/south/tests/fakeapp
copying build/lib/south/tests/fakeapp/__init__.py -> build/bdist.linux-x86_64/egg/south/tests/fakeapp
copying build/lib/south/tests/fakeapp/models.py -> build/bdist.linux-x86_64/egg/south/tests/fakeapp
creating build/bdist.linux-x86_64/egg/south/tests/fakeapp/migrations
copying build/lib/south/tests/fakeapp/migrations/0003_alter_spam.py -> build/bdist.linux-x86_64/egg/south/tests/fakeapp/migrations
copying build/lib/south/tests/fakeapp/migrations/0002_eggs.py -> build/bdist.linux-x86_64/egg/south/tests/fakeapp/migrations
copying build/lib/south/tests/fakeapp/migrations/0001_spam.py -> build/bdist.linux-x86_64/egg/south/tests/fakeapp/migrations
copying build/lib/south/tests/fakeapp/migrations/__init__.py -> build/bdist.linux-x86_64/egg/south/tests/fakeapp/migrations
creating build/bdist.linux-x86_64/egg/south/tests/non_managed
copying build/lib/south/tests/non_managed/__init__.py -> build/bdist.linux-x86_64/egg/south/tests/non_managed
copying build/lib/south/tests/non_managed/models.py -> build/bdist.linux-x86_64/egg/south/tests/non_managed
creating build/bdist.linux-x86_64/egg/south/tests/non_managed/migrations
copying build/lib/south/tests/non_managed/migrations/__init__.py -> build/bdist.linux-x86_64/egg/south/tests/non_managed/migrations
copying build/lib/south/tests/db_mysql.py -> build/bdist.linux-x86_64/egg/south/tests
creating build/bdist.linux-x86_64/egg/south/tests/deps_b
copying build/lib/south/tests/deps_b/__init__.py -> build/bdist.linux-x86_64/egg/south/tests/deps_b
copying build/lib/south/tests/deps_b/models.py -> build/bdist.linux-x86_64/egg/south/tests/deps_b
creating build/bdist.linux-x86_64/egg/south/tests/deps_b/migrations
copying build/lib/south/tests/deps_b/migrations/0005_b.py -> build/bdist.linux-x86_64/egg/south/tests/deps_b/migrations
copying build/lib/south/tests/deps_b/migrations/0004_b.py -> build/bdist.linux-x86_64/egg/south/tests/deps_b/migrations
copying build/lib/south/tests/deps_b/migrations/0001_b.py -> build/bdist.linux-x86_64/egg/south/tests/deps_b/migrations
copying build/lib/south/tests/deps_b/migrations/0002_b.py -> build/bdist.linux-x86_64/egg/south/tests/deps_b/migrations
copying build/lib/south/tests/deps_b/migrations/__init__.py -> build/bdist.linux-x86_64/egg/south/tests/deps_b/migrations
copying build/lib/south/tests/deps_b/migrations/0003_b.py -> build/bdist.linux-x86_64/egg/south/tests/deps_b/migrations
copying build/lib/south/tests/db_firebird.py -> build/bdist.linux-x86_64/egg/south/tests
creating build/bdist.linux-x86_64/egg/south/tests/otherfakeapp
copying build/lib/south/tests/otherfakeapp/__init__.py -> build/bdist.linux-x86_64/egg/south/tests/otherfakeapp
copying build/lib/south/tests/otherfakeapp/models.py -> build/bdist.linux-x86_64/egg/south/tests/otherfakeapp
creating build/bdist.linux-x86_64/egg/south/tests/otherfakeapp/migrations
copying build/lib/south/tests/otherfakeapp/migrations/0001_first.py -> build/bdist.linux-x86_64/egg/south/tests/otherfakeapp/migrations
copying build/lib/south/tests/otherfakeapp/migrations/0003_third.py -> build/bdist.linux-x86_64/egg/south/tests/otherfakeapp/migrations
copying build/lib/south/tests/otherfakeapp/migrations/__init__.py -> build/bdist.linux-x86_64/egg/south/tests/otherfakeapp/migrations
copying build/lib/south/tests/otherfakeapp/migrations/0002_second.py -> build/bdist.linux-x86_64/egg/south/tests/otherfakeapp/migrations
creating build/bdist.linux-x86_64/egg/south/tests/circular_b
copying build/lib/south/tests/circular_b/__init__.py -> build/bdist.linux-x86_64/egg/south/tests/circular_b
copying build/lib/south/tests/circular_b/models.py -> build/bdist.linux-x86_64/egg/south/tests/circular_b
creating build/bdist.linux-x86_64/egg/south/tests/circular_b/migrations
copying build/lib/south/tests/circular_b/migrations/0001_first.py -> build/bdist.linux-x86_64/egg/south/tests/circular_b/migrations
copying build/lib/south/tests/circular_b/migrations/__init__.py -> build/bdist.linux-x86_64/egg/south/tests/circular_b/migrations
copying build/lib/south/tests/inspector.py -> build/bdist.linux-x86_64/egg/south/tests
creating build/bdist.linux-x86_64/egg/south/tests/deps_a
copying build/lib/south/tests/deps_a/__init__.py -> build/bdist.linux-x86_64/egg/south/tests/deps_a
copying build/lib/south/tests/deps_a/models.py -> build/bdist.linux-x86_64/egg/south/tests/deps_a
creating build/bdist.linux-x86_64/egg/south/tests/deps_a/migrations
copying build/lib/south/tests/deps_a/migrations/0005_a.py -> build/bdist.linux-x86_64/egg/south/tests/deps_a/migrations
copying build/lib/south/tests/deps_a/migrations/0004_a.py -> build/bdist.linux-x86_64/egg/south/tests/deps_a/migrations
copying build/lib/south/tests/deps_a/migrations/0003_a.py -> build/bdist.linux-x86_64/egg/south/tests/deps_a/migrations
copying build/lib/south/tests/deps_a/migrations/0002_a.py -> build/bdist.linux-x86_64/egg/south/tests/deps_a/migrations
copying build/lib/south/tests/deps_a/migrations/__init__.py -> build/bdist.linux-x86_64/egg/south/tests/deps_a/migrations
copying build/lib/south/tests/deps_a/migrations/0001_a.py -> build/bdist.linux-x86_64/egg/south/tests/deps_a/migrations
copying build/lib/south/tests/autodetection.py -> build/bdist.linux-x86_64/egg/south/tests
copying build/lib/south/tests/freezer.py -> build/bdist.linux-x86_64/egg/south/tests
copying build/lib/south/tests/db.py -> build/bdist.linux-x86_64/egg/south/tests
creating build/bdist.linux-x86_64/egg/south/tests/brokenapp
copying build/lib/south/tests/brokenapp/__init__.py -> build/bdist.linux-x86_64/egg/south/tests/brokenapp
copying build/lib/south/tests/brokenapp/models.py -> build/bdist.linux-x86_64/egg/south/tests/brokenapp
creating build/bdist.linux-x86_64/egg/south/tests/brokenapp/migrations
copying build/lib/south/tests/brokenapp/migrations/0001_depends_on_unmigrated.py -> build/bdist.linux-x86_64/egg/south/tests/brokenapp/migrations
copying build/lib/south/tests/brokenapp/migrations/0004_higher.py -> build/bdist.linux-x86_64/egg/south/tests/brokenapp/migrations
copying build/lib/south/tests/brokenapp/migrations/0003_depends_on_higher.py -> build/bdist.linux-x86_64/egg/south/tests/brokenapp/migrations
copying build/lib/south/tests/brokenapp/migrations/__init__.py -> build/bdist.linux-x86_64/egg/south/tests/brokenapp/migrations
copying build/lib/south/tests/brokenapp/migrations/0002_depends_on_unknown.py -> build/bdist.linux-x86_64/egg/south/tests/brokenapp/migrations
creating build/bdist.linux-x86_64/egg/south/tests/circular_a
copying build/lib/south/tests/circular_a/__init__.py -> build/bdist.linux-x86_64/egg/south/tests/circular_a
copying build/lib/south/tests/circular_a/models.py -> build/bdist.linux-x86_64/egg/south/tests/circular_a
creating build/bdist.linux-x86_64/egg/south/tests/circular_a/migrations
copying build/lib/south/tests/circular_a/migrations/0001_first.py -> build/bdist.linux-x86_64/egg/south/tests/circular_a/migrations
copying build/lib/south/tests/circular_a/migrations/__init__.py -> build/bdist.linux-x86_64/egg/south/tests/circular_a/migrations
copying build/lib/south/tests/__init__.py -> build/bdist.linux-x86_64/egg/south/tests
copying build/lib/south/tests/logger.py -> build/bdist.linux-x86_64/egg/south/tests
creating build/bdist.linux-x86_64/egg/south/tests/deps_c
copying build/lib/south/tests/deps_c/__init__.py -> build/bdist.linux-x86_64/egg/south/tests/deps_c
copying build/lib/south/tests/deps_c/models.py -> build/bdist.linux-x86_64/egg/south/tests/deps_c
creating build/bdist.linux-x86_64/egg/south/tests/deps_c/migrations
copying build/lib/south/tests/deps_c/migrations/0005_c.py -> build/bdist.linux-x86_64/egg/south/tests/deps_c/migrations
copying build/lib/south/tests/deps_c/migrations/0004_c.py -> build/bdist.linux-x86_64/egg/south/tests/deps_c/migrations
copying build/lib/south/tests/deps_c/migrations/0002_c.py -> build/bdist.linux-x86_64/egg/south/tests/deps_c/migrations
copying build/lib/south/tests/deps_c/migrations/0003_c.py -> build/bdist.linux-x86_64/egg/south/tests/deps_c/migrations
copying build/lib/south/tests/deps_c/migrations/0001_c.py -> build/bdist.linux-x86_64/egg/south/tests/deps_c/migrations
copying build/lib/south/tests/deps_c/migrations/__init__.py -> build/bdist.linux-x86_64/egg/south/tests/deps_c/migrations
copying build/lib/south/tests/logic.py -> build/bdist.linux-x86_64/egg/south/tests
copying build/lib/south/test_shim.py -> build/bdist.linux-x86_64/egg/south
copying build/lib/south/__init__.py -> build/bdist.linux-x86_64/egg/south
creating build/bdist.linux-x86_64/egg/south/introspection_plugins
copying build/lib/south/introspection_plugins/django_audit_log.py -> build/bdist.linux-x86_64/egg/south/introspection_plugins
copying build/lib/south/introspection_plugins/django_objectpermissions.py -> build/bdist.linux-x86_64/egg/south/introspection_plugins
copying build/lib/south/introspection_plugins/django_taggit.py -> build/bdist.linux-x86_64/egg/south/introspection_plugins
copying build/lib/south/introspection_plugins/geodjango.py -> build/bdist.linux-x86_64/egg/south/introspection_plugins
copying build/lib/south/introspection_plugins/__init__.py -> build/bdist.linux-x86_64/egg/south/introspection_plugins
copying build/lib/south/introspection_plugins/django_timezones.py -> build/bdist.linux-x86_64/egg/south/introspection_plugins
copying build/lib/south/introspection_plugins/django_tagging.py -> build/bdist.linux-x86_64/egg/south/introspection_plugins
copying build/lib/south/introspection_plugins/annoying_autoonetoone.py -> build/bdist.linux-x86_64/egg/south/introspection_plugins
copying build/lib/south/models.py -> build/bdist.linux-x86_64/egg/south
copying build/lib/south/v2.py -> build/bdist.linux-x86_64/egg/south
creating build/bdist.linux-x86_64/egg/south/db
copying build/lib/south/db/generic.py -> build/bdist.linux-x86_64/egg/south/db
copying build/lib/south/db/mysql.py -> build/bdist.linux-x86_64/egg/south/db
copying build/lib/south/db/oracle.py -> build/bdist.linux-x86_64/egg/south/db
copying build/lib/south/db/postgresql_psycopg2.py -> build/bdist.linux-x86_64/egg/south/db
creating build/bdist.linux-x86_64/egg/south/db/sql_server
copying build/lib/south/db/sql_server/pyodbc.py -> build/bdist.linux-x86_64/egg/south/db/sql_server
copying build/lib/south/db/sql_server/__init__.py -> build/bdist.linux-x86_64/egg/south/db/sql_server
copying build/lib/south/db/__init__.py -> build/bdist.linux-x86_64/egg/south/db
copying build/lib/south/db/firebird.py -> build/bdist.linux-x86_64/egg/south/db
copying build/lib/south/db/sqlite3.py -> build/bdist.linux-x86_64/egg/south/db
copying build/lib/south/logger.py -> build/bdist.linux-x86_64/egg/south
copying build/lib/south/exceptions.py -> build/bdist.linux-x86_64/egg/south
byte-compiling build/bdist.linux-x86_64/egg/south/migration/utils.py to utils.pyc
byte-compiling build/bdist.linux-x86_64/egg/south/migration/__init__.py to __init__.pyc
byte-compiling build/bdist.linux-x86_64/egg/south/migration/migrators.py to migrators.pyc
byte-compiling build/bdist.linux-x86_64/egg/south/migration/base.py to base.pyc
byte-compiling build/bdist.linux-x86_64/egg/south/signals.py to signals.pyc
byte-compiling build/bdist.linux-x86_64/egg/south/orm.py to orm.pyc
byte-compiling build/bdist.linux-x86_64/egg/south/management/__init__.py to __init__.pyc
byte-compiling build/bdist.linux-x86_64/egg/south/management/commands/datamigration.py to datamigration.pyc
byte-compiling build/bdist.linux-x86_64/egg/south/management/commands/testserver.py to testserver.pyc
byte-compiling build/bdist.linux-x86_64/egg/south/management/commands/migrationcheck.py to migrationcheck.pyc
byte-compiling build/bdist.linux-x86_64/egg/south/management/commands/syncdb.py to syncdb.pyc
byte-compiling build/bdist.linux-x86_64/egg/south/management/commands/convert_to_south.py to convert_to_south.pyc
byte-compiling build/bdist.linux-x86_64/egg/south/management/commands/startmigration.py to startmigration.pyc
byte-compiling build/bdist.linux-x86_64/egg/south/management/commands/schemamigration.py to schemamigration.pyc
byte-compiling build/bdist.linux-x86_64/egg/south/management/commands/__init__.py to __init__.pyc
byte-compiling build/bdist.linux-x86_64/egg/south/management/commands/graphmigrations.py to graphmigrations.pyc
byte-compiling build/bdist.linux-x86_64/egg/south/management/commands/migrate.py to migrate.pyc
byte-compiling build/bdist.linux-x86_64/egg/south/management/commands/test.py to test.pyc
byte-compiling build/bdist.linux-x86_64/egg/south/modelsinspector.py to modelsinspector.pyc
byte-compiling build/bdist.linux-x86_64/egg/south/utils/py3.py to py3.pyc
byte-compiling build/bdist.linux-x86_64/egg/south/utils/__init__.py to __init__.pyc
byte-compiling build/bdist.linux-x86_64/egg/south/utils/datetime_utils.py to datetime_utils.pyc
byte-compiling build/bdist.linux-x86_64/egg/south/creator/changes.py to changes.pyc
byte-compiling build/bdist.linux-x86_64/egg/south/creator/actions.py to actions.pyc
byte-compiling build/bdist.linux-x86_64/egg/south/creator/freezer.py to freezer.pyc
byte-compiling build/bdist.linux-x86_64/egg/south/creator/__init__.py to __init__.pyc
byte-compiling build/bdist.linux-x86_64/egg/south/hacks/django_1_0.py to django_1_0.pyc
byte-compiling build/bdist.linux-x86_64/egg/south/hacks/__init__.py to __init__.pyc
byte-compiling build/bdist.linux-x86_64/egg/south/tests/emptyapp/__init__.py to __init__.pyc
byte-compiling build/bdist.linux-x86_64/egg/south/tests/emptyapp/models.py to models.pyc
byte-compiling build/bdist.linux-x86_64/egg/south/tests/emptyapp/migrations/__init__.py to __init__.pyc
byte-compiling build/bdist.linux-x86_64/egg/south/tests/fakeapp/__init__.py to __init__.pyc
byte-compiling build/bdist.linux-x86_64/egg/south/tests/fakeapp/models.py to models.pyc
byte-compiling build/bdist.linux-x86_64/egg/south/tests/fakeapp/migrations/0003_alter_spam.py to 0003_alter_spam.pyc
byte-compiling build/bdist.linux-x86_64/egg/south/tests/fakeapp/migrations/0002_eggs.py to 0002_eggs.pyc
byte-compiling build/bdist.linux-x86_64/egg/south/tests/fakeapp/migrations/0001_spam.py to 0001_spam.pyc
byte-compiling build/bdist.linux-x86_64/egg/south/tests/fakeapp/migrations/__init__.py to __init__.pyc
byte-compiling build/bdist.linux-x86_64/egg/south/tests/non_managed/__init__.py to __init__.pyc
byte-compiling build/bdist.linux-x86_64/egg/south/tests/non_managed/models.py to models.pyc
byte-compiling build/bdist.linux-x86_64/egg/south/tests/non_managed/migrations/__init__.py to __init__.pyc
byte-compiling build/bdist.linux-x86_64/egg/south/tests/db_mysql.py to db_mysql.pyc
byte-compiling build/bdist.linux-x86_64/egg/south/tests/deps_b/__init__.py to __init__.pyc
byte-compiling build/bdist.linux-x86_64/egg/south/tests/deps_b/models.py to models.pyc
byte-compiling build/bdist.linux-x86_64/egg/south/tests/deps_b/migrations/0005_b.py to 0005_b.pyc
byte-compiling build/bdist.linux-x86_64/egg/south/tests/deps_b/migrations/0004_b.py to 0004_b.pyc
byte-compiling build/bdist.linux-x86_64/egg/south/tests/deps_b/migrations/0001_b.py to 0001_b.pyc
byte-compiling build/bdist.linux-x86_64/egg/south/tests/deps_b/migrations/0002_b.py to 0002_b.pyc
byte-compiling build/bdist.linux-x86_64/egg/south/tests/deps_b/migrations/__init__.py to __init__.pyc
byte-compiling build/bdist.linux-x86_64/egg/south/tests/deps_b/migrations/0003_b.py to 0003_b.pyc
byte-compiling build/bdist.linux-x86_64/egg/south/tests/db_firebird.py to db_firebird.pyc
byte-compiling build/bdist.linux-x86_64/egg/south/tests/otherfakeapp/__init__.py to __init__.pyc
byte-compiling build/bdist.linux-x86_64/egg/south/tests/otherfakeapp/models.py to models.pyc
byte-compiling build/bdist.linux-x86_64/egg/south/tests/otherfakeapp/migrations/0001_first.py to 0001_first.pyc
byte-compiling build/bdist.linux-x86_64/egg/south/tests/otherfakeapp/migrations/0003_third.py to 0003_third.pyc
byte-compiling build/bdist.linux-x86_64/egg/south/tests/otherfakeapp/migrations/__init__.py to __init__.pyc
byte-compiling build/bdist.linux-x86_64/egg/south/tests/otherfakeapp/migrations/0002_second.py to 0002_second.pyc
byte-compiling build/bdist.linux-x86_64/egg/south/tests/circular_b/__init__.py to __init__.pyc
byte-compiling build/bdist.linux-x86_64/egg/south/tests/circular_b/models.py to models.pyc
byte-compiling build/bdist.linux-x86_64/egg/south/tests/circular_b/migrations/0001_first.py to 0001_first.pyc
byte-compiling build/bdist.linux-x86_64/egg/south/tests/circular_b/migrations/__init__.py to __init__.pyc
byte-compiling build/bdist.linux-x86_64/egg/south/tests/inspector.py to inspector.pyc
byte-compiling build/bdist.linux-x86_64/egg/south/tests/deps_a/__init__.py to __init__.pyc
byte-compiling build/bdist.linux-x86_64/egg/south/tests/deps_a/models.py to models.pyc
byte-compiling build/bdist.linux-x86_64/egg/south/tests/deps_a/migrations/0005_a.py to 0005_a.pyc
byte-compiling build/bdist.linux-x86_64/egg/south/tests/deps_a/migrations/0004_a.py to 0004_a.pyc
byte-compiling build/bdist.linux-x86_64/egg/south/tests/deps_a/migrations/0003_a.py to 0003_a.pyc
byte-compiling build/bdist.linux-x86_64/egg/south/tests/deps_a/migrations/0002_a.py to 0002_a.pyc
byte-compiling build/bdist.linux-x86_64/egg/south/tests/deps_a/migrations/__init__.py to __init__.pyc
byte-compiling build/bdist.linux-x86_64/egg/south/tests/deps_a/migrations/0001_a.py to 0001_a.pyc
byte-compiling build/bdist.linux-x86_64/egg/south/tests/autodetection.py to autodetection.pyc
byte-compiling build/bdist.linux-x86_64/egg/south/tests/freezer.py to freezer.pyc
byte-compiling build/bdist.linux-x86_64/egg/south/tests/db.py to db.pyc
byte-compiling build/bdist.linux-x86_64/egg/south/tests/brokenapp/__init__.py to __init__.pyc
byte-compiling build/bdist.linux-x86_64/egg/south/tests/brokenapp/models.py to models.pyc
byte-compiling build/bdist.linux-x86_64/egg/south/tests/brokenapp/migrations/0001_depends_on_unmigrated.py to 0001_depends_on_unmigrated.pyc
byte-compiling build/bdist.linux-x86_64/egg/south/tests/brokenapp/migrations/0004_higher.py to 0004_higher.pyc
byte-compiling build/bdist.linux-x86_64/egg/south/tests/brokenapp/migrations/0003_depends_on_higher.py to 0003_depends_on_higher.pyc
byte-compiling build/bdist.linux-x86_64/egg/south/tests/brokenapp/migrations/__init__.py to __init__.pyc
byte-compiling build/bdist.linux-x86_64/egg/south/tests/brokenapp/migrations/0002_depends_on_unknown.py to 0002_depends_on_unknown.pyc
byte-compiling build/bdist.linux-x86_64/egg/south/tests/circular_a/__init__.py to __init__.pyc
byte-compiling build/bdist.linux-x86_64/egg/south/tests/circular_a/models.py to models.pyc
byte-compiling build/bdist.linux-x86_64/egg/south/tests/circular_a/migrations/0001_first.py to 0001_first.pyc
byte-compiling build/bdist.linux-x86_64/egg/south/tests/circular_a/migrations/__init__.py to __init__.pyc
byte-compiling build/bdist.linux-x86_64/egg/south/tests/__init__.py to __init__.pyc
byte-compiling build/bdist.linux-x86_64/egg/south/tests/logger.py to logger.pyc
byte-compiling build/bdist.linux-x86_64/egg/south/tests/deps_c/__init__.py to __init__.pyc
byte-compiling build/bdist.linux-x86_64/egg/south/tests/deps_c/models.py to models.pyc
byte-compiling build/bdist.linux-x86_64/egg/south/tests/deps_c/migrations/0005_c.py to 0005_c.pyc
byte-compiling build/bdist.linux-x86_64/egg/south/tests/deps_c/migrations/0004_c.py to 0004_c.pyc
byte-compiling build/bdist.linux-x86_64/egg/south/tests/deps_c/migrations/0002_c.py to 0002_c.pyc
byte-compiling build/bdist.linux-x86_64/egg/south/tests/deps_c/migrations/0003_c.py to 0003_c.pyc
byte-compiling build/bdist.linux-x86_64/egg/south/tests/deps_c/migrations/0001_c.py to 0001_c.pyc
byte-compiling build/bdist.linux-x86_64/egg/south/tests/deps_c/migrations/__init__.py to __init__.pyc
byte-compiling build/bdist.linux-x86_64/egg/south/tests/logic.py to logic.pyc
byte-compiling build/bdist.linux-x86_64/egg/south/test_shim.py to test_shim.pyc
byte-compiling build/bdist.linux-x86_64/egg/south/__init__.py to __init__.pyc
byte-compiling build/bdist.linux-x86_64/egg/south/introspection_plugins/django_audit_log.py to django_audit_log.pyc
byte-compiling build/bdist.linux-x86_64/egg/south/introspection_plugins/django_objectpermissions.py to django_objectpermissions.pyc
byte-compiling build/bdist.linux-x86_64/egg/south/introspection_plugins/django_taggit.py to django_taggit.pyc
byte-compiling build/bdist.linux-x86_64/egg/south/introspection_plugins/geodjango.py to geodjango.pyc
byte-compiling build/bdist.linux-x86_64/egg/south/introspection_plugins/__init__.py to __init__.pyc
byte-compiling build/bdist.linux-x86_64/egg/south/introspection_plugins/django_timezones.py to django_timezones.pyc
byte-compiling build/bdist.linux-x86_64/egg/south/introspection_plugins/django_tagging.py to django_tagging.pyc
byte-compiling build/bdist.linux-x86_64/egg/south/introspection_plugins/annoying_autoonetoone.py to annoying_autoonetoone.pyc
byte-compiling build/bdist.linux-x86_64/egg/south/models.py to models.pyc
byte-compiling build/bdist.linux-x86_64/egg/south/v2.py to v2.pyc
byte-compiling build/bdist.linux-x86_64/egg/south/db/generic.py to generic.pyc
byte-compiling build/bdist.linux-x86_64/egg/south/db/mysql.py to mysql.pyc
byte-compiling build/bdist.linux-x86_64/egg/south/db/oracle.py to oracle.pyc
byte-compiling build/bdist.linux-x86_64/egg/south/db/postgresql_psycopg2.py to postgresql_psycopg2.pyc
byte-compiling build/bdist.linux-x86_64/egg/south/db/sql_server/pyodbc.py to pyodbc.pyc
byte-compiling build/bdist.linux-x86_64/egg/south/db/sql_server/__init__.py to __init__.pyc
byte-compiling build/bdist.linux-x86_64/egg/south/db/__init__.py to __init__.pyc
byte-compiling build/bdist.linux-x86_64/egg/south/db/firebird.py to firebird.pyc
byte-compiling build/bdist.linux-x86_64/egg/south/db/sqlite3.py to sqlite3.pyc
byte-compiling build/bdist.linux-x86_64/egg/south/logger.py to logger.pyc
byte-compiling build/bdist.linux-x86_64/egg/south/exceptions.py to exceptions.pyc
creating build/bdist.linux-x86_64/egg/EGG-INFO
copying South.egg-info/PKG-INFO -> build/bdist.linux-x86_64/egg/EGG-INFO
copying South.egg-info/SOURCES.txt -> build/bdist.linux-x86_64/egg/EGG-INFO
copying South.egg-info/dependency_links.txt -> build/bdist.linux-x86_64/egg/EGG-INFO
copying South.egg-info/top_level.txt -> build/bdist.linux-x86_64/egg/EGG-INFO
zip_safe flag not set; analyzing archive contents...
south.migration.base: module references __file__
south.tests.__init__: module references __file__
creating dist
creating 'dist/South-1.0.2-py2.7.egg' and adding 'build/bdist.linux-x86_64/egg' to it
removing 'build/bdist.linux-x86_64/egg' (and everything under it)
Processing South-1.0.2-py2.7.egg
creating /home/ubuntu/miniconda/envs/_build/lib/python2.7/site-packages/South-1.0.2-py2.7.egg
Extracting South-1.0.2-py2.7.egg to /home/ubuntu/miniconda/envs/_build/lib/python2.7/site-packages
Adding South 1.0.2 to easy-install.pth file

Installed /home/ubuntu/miniconda/envs/_build/lib/python2.7/site-packages/South-1.0.2-py2.7.egg
Processing dependencies for South==1.0.2
Finished processing dependencies for South==1.0.2

The following NEW packages will be INSTALLED:

    openssl:    1.0.1k-1    
    pip:        6.1.1-py27_0
    python:     2.7.9-3     
    readline:   6.2-2       
    setuptools: 16.0-py27_0 
    sqlite:     3.8.4.1-1   
    system:     5.8-2       
    tk:         8.5.18-0    
    zlib:       1.2.8-0     

Linking packages ...
[                    ]|                                                  |   0%[openssl             ]|                                                  |   0%[readline            ]|#####                                             |  11%[sqlite              ]|###########                                       |  22%[system              ]|################                                  |  33%[tk                  ]|######################                            |  44%[zlib                ]|###########################                       |  55%[python              ]|#################################                 |  66%[setuptools          ]|######################################            |  77%[pip                 ]|############################################      |  88%[      COMPLETE      ]|##################################################| 100%
Removing old work directory
Source cache directory is: /home/ubuntu/miniconda/conda-bld/src_cache
Found source in cache: South-1.0.2.tar.gz
Extracting download
Package: south-1.0.2-py27_0
source tree in: /home/ubuntu/miniconda/conda-bld/work/South-1.0.2
found egg dir: /home/ubuntu/miniconda/envs/_build/lib/python2.7/site-packages/South-1.0.2-py2.7.egg
number of files: 235
Fixing permissions
Fixing permissions
BUILD END: south-1.0.2-py27_0
TEST START: south-1.0.2-py27_0
Fetching package metadata: ......
Solving package specifications: .===== testing package: south-1.0.2-py27_0 =====
import: u'south'
import: u'south.creator'
import: u'south.db'
Traceback (most recent call last):
  File "/home/ubuntu/miniconda/conda-bld/test-tmp_dir/run_test.py", line 31, in <module>
    import south.db
  File "/home/ubuntu/miniconda/envs/_test/lib/python2.7/site-packages/south/db/__init__.py", line 5, in <module>
    from django.conf import settings
ImportError: No module named django.conf

The following packages will be downloaded:

    package                    |            build
    ---------------------------|-----------------
    south-1.0.2                |           py27_0         158 KB

The following NEW packages will be INSTALLED:

    openssl:    1.0.1k-1    
    pip:        6.1.1-py27_0
    python:     2.7.9-3     
    readline:   6.2-2       
    setuptools: 16.0-py27_0 
    south:      1.0.2-py27_0
    sqlite:     3.8.4.1-1   
    system:     5.8-2       
    tk:         8.5.18-0    
    zlib:       1.2.8-0     

Fetching packages ...
south-1.0.2-py   0% |                              | ETA:  --:--:--   0.00  B/ssouth-1.0.2-py  10% |###                            | ETA:  0:00:00  47.20 MB/ssouth-1.0.2-py  20% |######                         | ETA:  0:00:00  59.14 MB/ssouth-1.0.2-py  30% |#########                      | ETA:  0:00:00  66.23 MB/ssouth-1.0.2-py  40% |############                   | ETA:  0:00:00  70.39 MB/ssouth-1.0.2-py  50% |###############                | ETA:  0:00:00  73.40 MB/ssouth-1.0.2-py  60% |##################             | ETA:  0:00:00  75.09 MB/ssouth-1.0.2-py  70% |#####################          | ETA:  0:00:00  76.87 MB/ssouth-1.0.2-py  81% |#########################      | ETA:  0:00:00  78.44 MB/ssouth-1.0.2-py  91% |############################   | ETA:  0:00:00  79.83 MB/ssouth-1.0.2-py 100% |###############################| ETA:  0:00:00  80.13 MB/ssouth-1.0.2-py 100% |###############################| Time: 0:00:00  72.82 MB/s
Extracting packages ...
[      COMPLETE      ]|                                                  |   0%[south               ]|                                                  |   0%[south               ]|                                                  |   0%[      COMPLETE      ]|##################################################| 100%
Linking packages ...
[      COMPLETE      ]|                                                  |   0%[openssl             ]|                                                  |   0%[openssl             ]|                                                  |   0%[readline            ]|#####                                             |  10%[sqlite              ]|##########                                        |  20%[system              ]|###############                                   |  30%[tk                  ]|####################                              |  40%[zlib                ]|#########################                         |  50%[python              ]|##############################                    |  60%[setuptools          ]|###################################               |  70%[south               ]|########################################          |  80%[pip                 ]|#############################################     |  90%[      COMPLETE      ]|##################################################| 100%
TESTS FAILED: south-1.0.2-py27_0
