Warning, the following versions were found for SPARQLWrapper
1.6.4
1.6.3
1.6.2
1.6.1
1.6.0
1.5.2
1.5.1
1.5.0
1.4.2
1.4.1
1.4.0
1.3.2
1.3.1
1.3.0
1.2.1
1.2.0
Using 1.6.4
Use --version to specify a different version.
Using url https://pypi.python.org/packages/source/S/SPARQLWrapper/SPARQLWrapper-1.6.4.tar.gz (27 KB) for SPARQLWrapper.
Downloading SPARQLWrapper (use --no-download to skip this step)
Using cached download
Unpacking SPARQLWrapper...
done
working in /tmp/tmp0nZTdSconda_skeleton_SPARQLWrapper-1.6.4.tar.gz
Fetching package metadata: ......
Solving package specifications: .patching file core.py
Hunk #1 succeeded at 168 with fuzz 2 (offset 2 lines).

The following NEW packages will be INSTALLED:

    numpy:  1.9.2-py27_0
    pyyaml: 3.11-py27_0 

Linking packages ...
[                    ]|                                                  |   0%[numpy               ]|                                                  |   0%[pyyaml              ]|#########################                         |  50%[      COMPLETE      ]|##################################################| 100%
Applying patch: '/tmp/tmp0nZTdSconda_skeleton_SPARQLWrapper-1.6.4.tar.gz/pypi-distutils.patch'
Warning, the following versions were found for rdflib
4.2.0
4.1.2
4.1.1
4.1.0
4.0.1
4.0
3.4.0
3.2.3
3.2.2
3.2.1
3.2.0
3.1.0
3.0.0
2.4.2
2.4.1
2.4.0
2.3.3
2.3.1
2.3.0
2.2.2
2.2.1
1.1.1
Using 4.2.0
Use --version to specify a different version.
Using url https://pypi.python.org/packages/source/r/rdflib/rdflib-4.2.0.tar.gz (861 KB) for rdflib.
Downloading rdflib (use --no-download to skip this step)
Using cached download
Unpacking rdflib...
done
working in /tmp/tmpZDq8Iaconda_skeleton_rdflib-4.2.0.tar.gz
Solving package specifications: .patching file core.py
Hunk #1 succeeded at 168 with fuzz 2 (offset 2 lines).

Applying patch: '/tmp/tmpZDq8Iaconda_skeleton_rdflib-4.2.0.tar.gz/pypi-distutils.patch'
sparqlwrapper not found, trying SPARQLWrapper
Warning, the following versions were found for SPARQLWrapper
1.6.4
1.6.3
1.6.2
1.6.1
1.6.0
1.5.2
1.5.1
1.5.0
1.4.2
1.4.1
1.4.0
1.3.2
1.3.1
1.3.0
1.2.1
1.2.0
Using 1.6.4
Use --version to specify a different version.
Using url https://pypi.python.org/packages/source/S/SPARQLWrapper/SPARQLWrapper-1.6.4.tar.gz (27 KB) for SPARQLWrapper.
Downloading SPARQLWrapper (use --no-download to skip this step)
Using cached download
Unpacking SPARQLWrapper...
done
working in /tmp/tmpfd40f_conda_skeleton_SPARQLWrapper-1.6.4.tar.gz
Solving package specifications: .patching file core.py
Hunk #1 succeeded at 168 with fuzz 2 (offset 2 lines).

Applying patch: '/tmp/tmpfd40f_conda_skeleton_SPARQLWrapper-1.6.4.tar.gz/pypi-distutils.patch'
Writing recipe for rdflib
Writing recipe for sparqlwrapper
Done
