Warning, the following versions were found for sphinx-prompt
1.0.0
0.2.2
0.2.1
0.2
0.2dev2
0.2dev1
0.1
0.1dev-20131013
Using 1.0.0
Use --version to specify a different version.
Using url https://pypi.python.org/packages/source/s/sphinx-prompt/sphinx-prompt-1.0.0.tar.gz (3 KB) for sphinx-prompt.
Downloading sphinx-prompt (use --no-download to skip this step)
Unpacking sphinx-prompt...
done
working in /tmp/tmpJLOSdCconda_skeleton_sphinx-prompt-1.0.0.tar.gz
Fetching package metadata: ......
Solving package specifications: .patching file core.py
Hunk #1 succeeded at 168 with fuzz 2 (offset 2 lines).

Applying patch: '/tmp/tmpJLOSdCconda_skeleton_sphinx-prompt-1.0.0.tar.gz/pypi-distutils.patch'
Writing recipe for sphinx-prompt
Done
