Warning, the following versions were found for sphinxcontrib-napoleon
0.3.10
0.3.9
0.3.8
0.3.7
0.3.6
0.3.5
0.3.4
0.3.3
0.3.2
0.3.1
0.3
0.2.11
0.2.10
0.2.9
0.2.8
0.2.7
0.2.6
0.2.5
0.2.4
0.2.3
0.2.2
0.2.1
0.2
0.1.1
0.1
0.1dev-20130718
Using 0.3.10
Use --version to specify a different version.
Using url https://pypi.python.org/packages/source/s/sphinxcontrib-napoleon/sphinxcontrib-napoleon-0.3.10.tar.gz (21 KB) for sphinxcontrib-napoleon.
Downloading sphinxcontrib-napoleon (use --no-download to skip this step)
Unpacking sphinxcontrib-napoleon...
done
working in /tmp/tmpoQ42fQconda_skeleton_sphinxcontrib-napoleon-0.3.10.tar.gz
Fetching package metadata: ......
Solving package specifications: .patching file core.py
Hunk #1 succeeded at 168 with fuzz 2 (offset 2 lines).

The following NEW packages will be INSTALLED:

    numpy:  1.9.2-py27_0
    pyyaml: 3.11-py27_0 

Linking packages ...
[                    ]|                                                  |   0%[numpy               ]|                                                  |   0%[pyyaml              ]|#########################                         |  50%[      COMPLETE      ]|##################################################| 100%
Applying patch: '/tmp/tmpoQ42fQconda_skeleton_sphinxcontrib-napoleon-0.3.10.tar.gz/pypi-distutils.patch'
Warning, the following versions were found for pockets
0.2.4
0.2.3
0.2.2
0.2.1
0.2
0.1
Using 0.2.4
Use --version to specify a different version.
Using url https://pypi.python.org/packages/source/p/pockets/pockets-0.2.4.tar.gz (20 KB) for pockets.
Downloading pockets (use --no-download to skip this step)
Using cached download
Unpacking pockets...
done
working in /tmp/tmpEKLymPconda_skeleton_pockets-0.2.4.tar.gz
Solving package specifications: .patching file core.py
Hunk #1 succeeded at 168 with fuzz 2 (offset 2 lines).

Applying patch: '/tmp/tmpEKLymPconda_skeleton_pockets-0.2.4.tar.gz/pypi-distutils.patch'
Writing recipe for sphinxcontrib-napoleon
Writing recipe for pockets
Done
