Using url https://pypi.python.org/packages/source/s/sphinx_rtd_theme/sphinx_rtd_theme-0.1.8.tar.gz (415 KB) for sphinx_rtd_theme.
Downloading sphinx_rtd_theme (use --no-download to skip this step)
Using cached download
Unpacking sphinx_rtd_theme...
done
working in /tmp/tmpQPxAGkconda_skeleton_sphinx_rtd_theme-0.1.8.tar.gz
Fetching package metadata: ......
Solving package specifications: .patching file core.py
Hunk #1 succeeded at 168 with fuzz 2 (offset 2 lines).

The following NEW packages will be INSTALLED:

    numpy:      1.9.2-py27_0
    openssl:    1.0.1k-1    
    pip:        6.1.1-py27_0
    python:     2.7.9-3     
    pyyaml:     3.11-py27_0 
    readline:   6.2-2       
    setuptools: 16.0-py27_0 
    sqlite:     3.8.4.1-1   
    system:     5.8-2       
    tk:         8.5.18-0    
    yaml:       0.1.4-0     
    zlib:       1.2.8-0     

Linking packages ...
[                    ]|                                                  |   0%[openssl             ]|                                                  |   0%[readline            ]|####                                              |   8%[sqlite              ]|########                                          |  16%[system              ]|############                                      |  25%[tk                  ]|################                                  |  33%[yaml                ]|####################                              |  41%[zlib                ]|#########################                         |  50%[numpy               ]|#############################                     |  58%[python              ]|#################################                 |  66%[pyyaml              ]|#####################################             |  75%[setuptools          ]|#########################################         |  83%[pip                 ]|#############################################     |  91%[      COMPLETE      ]|##################################################| 100%
Applying patch: '/tmp/tmpQPxAGkconda_skeleton_sphinx_rtd_theme-0.1.8.tar.gz/pypi-distutils.patch'
sphinx not found, trying Sphinx
0
Using url https://pypi.python.org/packages/source/S/Sphinx/Sphinx-1.3.1.tar.gz (3.3 MB) for Sphinx.
Downloading Sphinx (use --no-download to skip this step)
Using cached download
Unpacking Sphinx...
done
working in /tmp/tmpw1mOwnconda_skeleton_Sphinx-1.3.1.tar.gz
Solving package specifications: .patching file core.py
Hunk #1 succeeded at 168 with fuzz 2 (offset 2 lines).

Applying patch: '/tmp/tmpw1mOwnconda_skeleton_Sphinx-1.3.1.tar.gz/pypi-distutils.patch'
Using url https://pypi.python.org/packages/source/a/alabaster/alabaster-0.7.4.tar.gz (15 KB) for alabaster.
Downloading alabaster (use --no-download to skip this step)
Using cached download
Unpacking alabaster...
done
working in /tmp/tmpenHYGFconda_skeleton_alabaster-0.7.4.tar.gz
Solving package specifications: .patching file core.py
Hunk #1 succeeded at 168 with fuzz 2 (offset 2 lines).

Applying patch: '/tmp/tmpenHYGFconda_skeleton_alabaster-0.7.4.tar.gz/pypi-distutils.patch'
Using url https://pypi.python.org/packages/source/s/snowballstemmer/snowballstemmer-1.2.0.tar.gz (48 KB) for snowballstemmer.
Downloading snowballstemmer (use --no-download to skip this step)
Using cached download
Unpacking snowballstemmer...
done
working in /tmp/tmptnSZTZconda_skeleton_snowballstemmer-1.2.0.tar.gz
Solving package specifications: .patching file core.py
Hunk #1 succeeded at 168 with fuzz 2 (offset 2 lines).

Applying patch: '/tmp/tmptnSZTZconda_skeleton_snowballstemmer-1.2.0.tar.gz/pypi-distutils.patch'
pygments not found, trying Pygments
1
Using url https://pypi.python.org/packages/source/P/Pygments/Pygments-2.0.2.tar.gz (3.3 MB) for Pygments.
Downloading Pygments (use --no-download to skip this step)
Using cached download
Unpacking Pygments...
done
working in /tmp/tmpKUEMcuconda_skeleton_Pygments-2.0.2.tar.gz
Solving package specifications: .patching file core.py
Hunk #1 succeeded at 168 with fuzz 2 (offset 2 lines).

Applying patch: '/tmp/tmpKUEMcuconda_skeleton_Pygments-2.0.2.tar.gz/pypi-distutils.patch'
jinja2 not found, trying Jinja2
0
Using url https://pypi.python.org/packages/source/J/Jinja2/Jinja2-2.7.3.tar.gz (370 KB) for Jinja2.
Downloading Jinja2 (use --no-download to skip this step)
Using cached download
Unpacking Jinja2...
done
working in /tmp/tmpJtS28gconda_skeleton_Jinja2-2.7.3.tar.gz
Solving package specifications: .patching file core.py
Hunk #1 succeeded at 168 with fuzz 2 (offset 2 lines).

Applying patch: '/tmp/tmpJtS28gconda_skeleton_Jinja2-2.7.3.tar.gz/pypi-distutils.patch'
Writing recipe for sphinx_rtd_theme
Writing recipe for sphinx
Writing recipe for snowballstemmer
Writing recipe for alabaster
Writing recipe for pygments
Writing recipe for jinja2
Done
