Warning, the following versions were found for sphinxcontrib-spelling
2.1.2
2.1.1
2.1
2.0
1.4
1.3
1.2
1.1.1
1.1
1.0
0.2
0.1
Using 2.1.2
Use --version to specify a different version.
Using url https://pypi.python.org/packages/source/s/sphinxcontrib-spelling/sphinxcontrib-spelling-2.1.2.tar.gz (35 KB) for sphinxcontrib-spelling.
Downloading sphinxcontrib-spelling (use --no-download to skip this step)
Unpacking sphinxcontrib-spelling...
done
working in /tmp/tmp0NkFvlconda_skeleton_sphinxcontrib-spelling-2.1.2.tar.gz
Fetching package metadata: ......
Solving package specifications: .patching file core.py
Hunk #1 succeeded at 168 with fuzz 2 (offset 2 lines).
Traceback (most recent call last):
  File "setup.py", line 2, in <module>
    import setuptools
ImportError: No module named setuptools

The following NEW packages will be INSTALLED:

    numpy:  1.9.2-py27_0
    pyyaml: 3.11-py27_0 

Linking packages ...
[                    ]|                                                  |   0%[numpy               ]|                                                  |   0%[pyyaml              ]|#########################                         |  50%[      COMPLETE      ]|##################################################| 100%
Applying patch: '/tmp/tmp0NkFvlconda_skeleton_sphinxcontrib-spelling-2.1.2.tar.gz/pypi-distutils.patch'
$PYTHONPATH = /tmp/tmp0NkFvlconda_skeleton_sphinxcontrib-spelling-2.1.2.tar.gz/sphinxcontrib-spelling-2.1.2
Error: command failed: /home/ubuntu/miniconda/envs/_build/bin/python setup.py install
