Warning, the following versions were found for sphinxcontrib-httpdomain
1.3.0
1.2.1
1.2.0
1.1.9
1.1.8
1.1.7
1.1.6
1.1.5
1.1.4
1.1.3
1.1.2
1.1
1.0
Using 1.3.0
Use --version to specify a different version.
Using url https://pypi.python.org/packages/source/s/sphinxcontrib-httpdomain/sphinxcontrib-httpdomain-1.3.0.tar.gz (11 KB) for sphinxcontrib-httpdomain.
Downloading sphinxcontrib-httpdomain (use --no-download to skip this step)
Using cached download
Unpacking sphinxcontrib-httpdomain...
done
working in /tmp/tmpKEGeU5conda_skeleton_sphinxcontrib-httpdomain-1.3.0.tar.gz
Fetching package metadata: ......
Solving package specifications: .patching file core.py
Hunk #1 succeeded at 168 with fuzz 2 (offset 2 lines).

Applying patch: '/tmp/tmpKEGeU5conda_skeleton_sphinxcontrib-httpdomain-1.3.0.tar.gz/pypi-distutils.patch'
Writing recipe for sphinxcontrib-httpdomain
Done
