Warning, the following versions were found for splinter
0.7.2
0.7.1
0.7.0
0.6.0
0.5.5
0.5.4
0.5.3
0.5.2
0.5.1
0.5.0
0.4.10
0.4.9
0.4.8
0.4.7
0.4.6.1
0.4.5
0.4.4.1
0.4.4
0.4.3
0.4.2
0.4.1
0.4
0.3
0.2
0.1.1
0.1
0.0.3
0.0.3dev
0.0.2
0.0.1
0.0.0
Using 0.7.2
Use --version to specify a different version.
Using url https://pypi.python.org/packages/source/s/splinter/splinter-0.7.2.tar.gz (19 KB) for splinter.
Downloading splinter (use --no-download to skip this step)
Using cached download
Unpacking splinter...
done
working in /tmp/tmpgA7WSuconda_skeleton_splinter-0.7.2.tar.gz
Fetching package metadata: ......
Solving package specifications: .patching file core.py
Hunk #1 succeeded at 168 with fuzz 2 (offset 2 lines).

Applying patch: '/tmp/tmpgA7WSuconda_skeleton_splinter-0.7.2.tar.gz/pypi-distutils.patch'
Warning, the following versions were found for zope.testbrowser
4.0.4
4.0.3
4.0.2
4.0.1
4.0.0
3.11.1
3.11.0
3.10.4
3.10.3
3.10.2
3.10.1
3.10.0
3.9.0
3.8.2
3.8.1
3.8.0
3.7.0
3.7.0a1
3.6.0
3.6.0a2
3.6.0a1
3.5.1
3.5.0
3.4.4
3.4.3
3.4.2
3.4.1
3.4.0
Using 4.0.4
Use --version to specify a different version.
Using url https://pypi.python.org/packages/source/z/zope.testbrowser/zope.testbrowser-4.0.4.zip (100 KB) for zope.testbrowser.
Downloading zope.testbrowser (use --no-download to skip this step)
Using cached download
Unpacking zope.testbrowser...
done
working in /tmp/tmpfRL4zYconda_skeleton_zope.testbrowser-4.0.4.zip
Solving package specifications: .patching file core.py
Hunk #1 succeeded at 168 with fuzz 2 (offset 2 lines).

Applying patch: '/tmp/tmpfRL4zYconda_skeleton_zope.testbrowser-4.0.4.zip/pypi-distutils.patch'
Error: Could not parse: zope.testbrowser [test,zope-functional-testing]
