Package search: {'_pypi_ordering': False, 'version': '1.0.5', 'name': 'SQLAlchemy', 'summary': 'Database Abstraction Library'}
Fetching package metadata: ....
Removing old build directory
Removing old work directory
BUILD START: sqlalchemy-1.0.5-py27_0
Fetching package metadata: ......
Solving package specifications: .+ pip install SQLAlchemy
Collecting SQLAlchemy
  Downloading http://localhost/packages/source/S/SQLAlchemy/SQLAlchemy-1.0.4.tar.gz (4.6MB)
Installing collected packages: SQLAlchemy
  Running setup.py install for SQLAlchemy
Successfully installed SQLAlchemy-1.0.4

The following NEW packages will be INSTALLED:

    openssl:    1.0.1k-1    
    pip:        7.0.3-py27_0
    python:     2.7.10-0    
    readline:   6.2-2       
    setuptools: 17.0-py27_0 
    sqlite:     3.8.4.1-1   
    system:     5.8-2       
    tk:         8.5.18-0    
    zlib:       1.2.8-0     

Linking packages ...
[                    ]|                                                  |   0%[openssl             ]|                                                  |   0%[readline            ]|#####                                             |  11%[sqlite              ]|###########                                       |  22%[system              ]|################                                  |  33%[tk                  ]|######################                            |  44%[zlib                ]|###########################                       |  55%[python              ]|#################################                 |  66%[setuptools          ]|######################################            |  77%[pip                 ]|############################################      |  88%[      COMPLETE      ]|##################################################| 100%
Removing old work directory
Copying /home/ubuntu/pypi-conda-builds/sqlalchemy to /home/ubuntu/miniconda/conda-bld/work
Package: sqlalchemy-1.0.5-py27_0
source tree in: /home/ubuntu/miniconda/conda-bld/work
number of files: 373
Fixing permissions
patchelf: file: /home/ubuntu/miniconda/envs/_build/lib/python2.7/site-packages/sqlalchemy/cprocessors.so
    setting rpath to: $ORIGIN/../../..
patchelf: file: /home/ubuntu/miniconda/envs/_build/lib/python2.7/site-packages/sqlalchemy/cresultproxy.so
    setting rpath to: $ORIGIN/../../..
patchelf: file: /home/ubuntu/miniconda/envs/_build/lib/python2.7/site-packages/sqlalchemy/cutils.so
    setting rpath to: $ORIGIN/../../..
Ignored hard-coded path in lib/python2.7/site-packages/sqlalchemy/cprocessors.so
Ignored hard-coded path in lib/python2.7/site-packages/sqlalchemy/cresultproxy.so
Ignored hard-coded path in lib/python2.7/site-packages/sqlalchemy/cutils.so
Fixing permissions
BUILD END: sqlalchemy-1.0.5-py27_0
# If you want to upload this package to binstar.org later, type:
#
# $ binstar upload /home/ubuntu/miniconda/conda-bld/linux-64/sqlalchemy-1.0.5-py27_0.tar.bz2
#
# To have conda build upload to binstar automatically, use
# $ conda config --set binstar_upload yes

Creating standard recipe for sqlalchemy-1.0.5
Converting recipe in /home/ubuntu/pypi-conda-builds/sqlalchemy
package = SQLAlchemy
   dependencies = []
Building conda package for sqlalchemy
