Removing old build directory
Removing old work directory
BUILD START: sqlalchemy-migrate-0.9.6-py27_0
Fetching package metadata: ......
Solving package specifications: .+ /home/ubuntu/miniconda/envs/_build/bin/python setup.py install
running install
running build
running build_py
creating build
creating build/lib
creating build/lib/migrate
creating build/lib/migrate/versioning
creating build/lib/migrate/versioning/templates
creating build/lib/migrate/versioning/templates/repository
creating build/lib/migrate/versioning/templates/repository/default
copying migrate/versioning/templates/repository/default/__init__.py -> build/lib/migrate/versioning/templates/repository/default
creating build/lib/migrate/versioning/templates/script
copying migrate/versioning/templates/script/__init__.py -> build/lib/migrate/versioning/templates/script
creating build/lib/migrate/tests
creating build/lib/migrate/tests/changeset
creating build/lib/migrate/tests/changeset/databases
copying migrate/tests/changeset/databases/test_ibmdb2.py -> build/lib/migrate/tests/changeset/databases
copying migrate/tests/changeset/databases/__init__.py -> build/lib/migrate/tests/changeset/databases
creating build/lib/migrate/tests/integrated
copying migrate/tests/integrated/test_docs.py -> build/lib/migrate/tests/integrated
copying migrate/tests/integrated/__init__.py -> build/lib/migrate/tests/integrated
copying migrate/__init__.py -> build/lib/migrate
copying migrate/exceptions.py -> build/lib/migrate
creating build/lib/migrate/versioning/templates/repository/pylons
creating build/lib/migrate/versioning/templates/repository/pylons/versions
copying migrate/versioning/templates/repository/pylons/versions/__init__.py -> build/lib/migrate/versioning/templates/repository/pylons/versions
copying migrate/tests/__init__.py -> build/lib/migrate/tests
creating build/lib/migrate/versioning/templates/repository/default/versions
copying migrate/versioning/templates/repository/default/versions/__init__.py -> build/lib/migrate/versioning/templates/repository/default/versions
copying migrate/versioning/templates/__init__.py -> build/lib/migrate/versioning/templates
creating build/lib/migrate/versioning/script
copying migrate/versioning/script/__init__.py -> build/lib/migrate/versioning/script
copying migrate/versioning/script/sql.py -> build/lib/migrate/versioning/script
copying migrate/versioning/script/py.py -> build/lib/migrate/versioning/script
copying migrate/versioning/script/base.py -> build/lib/migrate/versioning/script
creating build/lib/migrate/changeset
copying migrate/changeset/constraint.py -> build/lib/migrate/changeset
copying migrate/changeset/schema.py -> build/lib/migrate/changeset
copying migrate/changeset/util.py -> build/lib/migrate/changeset
copying migrate/changeset/ansisql.py -> build/lib/migrate/changeset
copying migrate/changeset/__init__.py -> build/lib/migrate/changeset
copying migrate/versioning/config.py -> build/lib/migrate/versioning
copying migrate/versioning/repository.py -> build/lib/migrate/versioning
copying migrate/versioning/schemadiff.py -> build/lib/migrate/versioning
copying migrate/versioning/api.py -> build/lib/migrate/versioning
copying migrate/versioning/genmodel.py -> build/lib/migrate/versioning
copying migrate/versioning/shell.py -> build/lib/migrate/versioning
copying migrate/versioning/version.py -> build/lib/migrate/versioning
copying migrate/versioning/schema.py -> build/lib/migrate/versioning
copying migrate/versioning/pathed.py -> build/lib/migrate/versioning
copying migrate/versioning/__init__.py -> build/lib/migrate/versioning
copying migrate/versioning/migrate_repository.py -> build/lib/migrate/versioning
copying migrate/versioning/cfgparse.py -> build/lib/migrate/versioning
copying migrate/versioning/template.py -> build/lib/migrate/versioning
creating build/lib/migrate/tests/fixture
copying migrate/tests/fixture/shell.py -> build/lib/migrate/tests/fixture
copying migrate/tests/fixture/pathed.py -> build/lib/migrate/tests/fixture
copying migrate/tests/fixture/warnings.py -> build/lib/migrate/tests/fixture
copying migrate/tests/fixture/database.py -> build/lib/migrate/tests/fixture
copying migrate/tests/fixture/__init__.py -> build/lib/migrate/tests/fixture
copying migrate/tests/fixture/models.py -> build/lib/migrate/tests/fixture
copying migrate/tests/fixture/base.py -> build/lib/migrate/tests/fixture
copying migrate/tests/changeset/test_changeset.py -> build/lib/migrate/tests/changeset
copying migrate/tests/changeset/test_constraint.py -> build/lib/migrate/tests/changeset
copying migrate/tests/changeset/__init__.py -> build/lib/migrate/tests/changeset
creating build/lib/migrate/versioning/util
copying migrate/versioning/util/keyedinstance.py -> build/lib/migrate/versioning/util
copying migrate/versioning/util/__init__.py -> build/lib/migrate/versioning/util
copying migrate/versioning/util/importpath.py -> build/lib/migrate/versioning/util
creating build/lib/migrate/tests/versioning
copying migrate/tests/versioning/test_cfgparse.py -> build/lib/migrate/tests/versioning
copying migrate/tests/versioning/test_version.py -> build/lib/migrate/tests/versioning
copying migrate/tests/versioning/test_keyedinstance.py -> build/lib/migrate/tests/versioning
copying migrate/tests/versioning/test_repository.py -> build/lib/migrate/tests/versioning
copying migrate/tests/versioning/test_schemadiff.py -> build/lib/migrate/tests/versioning
copying migrate/tests/versioning/test_shell.py -> build/lib/migrate/tests/versioning
copying migrate/tests/versioning/test_database.py -> build/lib/migrate/tests/versioning
copying migrate/tests/versioning/test_genmodel.py -> build/lib/migrate/tests/versioning
copying migrate/tests/versioning/test_script.py -> build/lib/migrate/tests/versioning
copying migrate/tests/versioning/test_api.py -> build/lib/migrate/tests/versioning
copying migrate/tests/versioning/test_template.py -> build/lib/migrate/tests/versioning
copying migrate/tests/versioning/test_util.py -> build/lib/migrate/tests/versioning
copying migrate/tests/versioning/test_pathed.py -> build/lib/migrate/tests/versioning
copying migrate/tests/versioning/test_schema.py -> build/lib/migrate/tests/versioning
copying migrate/tests/versioning/__init__.py -> build/lib/migrate/tests/versioning
copying migrate/tests/versioning/test_runchangeset.py -> build/lib/migrate/tests/versioning
copying migrate/versioning/templates/repository/pylons/__init__.py -> build/lib/migrate/versioning/templates/repository/pylons
creating build/lib/migrate/changeset/databases
copying migrate/changeset/databases/mysql.py -> build/lib/migrate/changeset/databases
copying migrate/changeset/databases/visitor.py -> build/lib/migrate/changeset/databases
copying migrate/changeset/databases/oracle.py -> build/lib/migrate/changeset/databases
copying migrate/changeset/databases/sqlite.py -> build/lib/migrate/changeset/databases
copying migrate/changeset/databases/__init__.py -> build/lib/migrate/changeset/databases
copying migrate/changeset/databases/firebird.py -> build/lib/migrate/changeset/databases
copying migrate/changeset/databases/postgres.py -> build/lib/migrate/changeset/databases
copying migrate/changeset/databases/ibmdb2.py -> build/lib/migrate/changeset/databases
copying migrate/versioning/templates/repository/__init__.py -> build/lib/migrate/versioning/templates/repository
running egg_info
writing requirements to sqlalchemy_migrate.egg-info/requires.txt
writing sqlalchemy_migrate.egg-info/PKG-INFO
writing top-level names to sqlalchemy_migrate.egg-info/top_level.txt
writing dependency_links to sqlalchemy_migrate.egg-info/dependency_links.txt
writing entry points to sqlalchemy_migrate.egg-info/entry_points.txt
[pbr] Reusing existing SOURCES.txt
copying migrate/versioning/templates/repository/default/README -> build/lib/migrate/versioning/templates/repository/default
copying migrate/versioning/templates/repository/default/migrate.cfg -> build/lib/migrate/versioning/templates/repository/default
copying migrate/versioning/templates/script/default.py_tmpl -> build/lib/migrate/versioning/templates/script
copying migrate/versioning/templates/script/pylons.py_tmpl -> build/lib/migrate/versioning/templates/script
creating build/lib/migrate/versioning/templates/manage
copying migrate/versioning/templates/manage/default.py_tmpl -> build/lib/migrate/versioning/templates/manage
copying migrate/versioning/templates/manage/pylons.py_tmpl -> build/lib/migrate/versioning/templates/manage
creating build/lib/migrate/versioning/templates/sql_script
copying migrate/versioning/templates/sql_script/default.py_tmpl -> build/lib/migrate/versioning/templates/sql_script
copying migrate/versioning/templates/sql_script/pylons.py_tmpl -> build/lib/migrate/versioning/templates/sql_script
copying migrate/versioning/templates/repository/pylons/README -> build/lib/migrate/versioning/templates/repository/pylons
copying migrate/versioning/templates/repository/pylons/migrate.cfg -> build/lib/migrate/versioning/templates/repository/pylons
running install_lib
creating /home/ubuntu/miniconda/envs/_build/lib/python2.7/site-packages/migrate
creating /home/ubuntu/miniconda/envs/_build/lib/python2.7/site-packages/migrate/changeset
creating /home/ubuntu/miniconda/envs/_build/lib/python2.7/site-packages/migrate/changeset/databases
copying build/lib/migrate/changeset/databases/mysql.py -> /home/ubuntu/miniconda/envs/_build/lib/python2.7/site-packages/migrate/changeset/databases
copying build/lib/migrate/changeset/databases/visitor.py -> /home/ubuntu/miniconda/envs/_build/lib/python2.7/site-packages/migrate/changeset/databases
copying build/lib/migrate/changeset/databases/oracle.py -> /home/ubuntu/miniconda/envs/_build/lib/python2.7/site-packages/migrate/changeset/databases
copying build/lib/migrate/changeset/databases/sqlite.py -> /home/ubuntu/miniconda/envs/_build/lib/python2.7/site-packages/migrate/changeset/databases
copying build/lib/migrate/changeset/databases/__init__.py -> /home/ubuntu/miniconda/envs/_build/lib/python2.7/site-packages/migrate/changeset/databases
copying build/lib/migrate/changeset/databases/firebird.py -> /home/ubuntu/miniconda/envs/_build/lib/python2.7/site-packages/migrate/changeset/databases
copying build/lib/migrate/changeset/databases/postgres.py -> /home/ubuntu/miniconda/envs/_build/lib/python2.7/site-packages/migrate/changeset/databases
copying build/lib/migrate/changeset/databases/ibmdb2.py -> /home/ubuntu/miniconda/envs/_build/lib/python2.7/site-packages/migrate/changeset/databases
copying build/lib/migrate/changeset/constraint.py -> /home/ubuntu/miniconda/envs/_build/lib/python2.7/site-packages/migrate/changeset
copying build/lib/migrate/changeset/schema.py -> /home/ubuntu/miniconda/envs/_build/lib/python2.7/site-packages/migrate/changeset
copying build/lib/migrate/changeset/util.py -> /home/ubuntu/miniconda/envs/_build/lib/python2.7/site-packages/migrate/changeset
copying build/lib/migrate/changeset/ansisql.py -> /home/ubuntu/miniconda/envs/_build/lib/python2.7/site-packages/migrate/changeset
copying build/lib/migrate/changeset/__init__.py -> /home/ubuntu/miniconda/envs/_build/lib/python2.7/site-packages/migrate/changeset
creating /home/ubuntu/miniconda/envs/_build/lib/python2.7/site-packages/migrate/tests
creating /home/ubuntu/miniconda/envs/_build/lib/python2.7/site-packages/migrate/tests/changeset
copying build/lib/migrate/tests/changeset/test_changeset.py -> /home/ubuntu/miniconda/envs/_build/lib/python2.7/site-packages/migrate/tests/changeset
creating /home/ubuntu/miniconda/envs/_build/lib/python2.7/site-packages/migrate/tests/changeset/databases
copying build/lib/migrate/tests/changeset/databases/test_ibmdb2.py -> /home/ubuntu/miniconda/envs/_build/lib/python2.7/site-packages/migrate/tests/changeset/databases
copying build/lib/migrate/tests/changeset/databases/__init__.py -> /home/ubuntu/miniconda/envs/_build/lib/python2.7/site-packages/migrate/tests/changeset/databases
copying build/lib/migrate/tests/changeset/test_constraint.py -> /home/ubuntu/miniconda/envs/_build/lib/python2.7/site-packages/migrate/tests/changeset
copying build/lib/migrate/tests/changeset/__init__.py -> /home/ubuntu/miniconda/envs/_build/lib/python2.7/site-packages/migrate/tests/changeset
creating /home/ubuntu/miniconda/envs/_build/lib/python2.7/site-packages/migrate/tests/fixture
copying build/lib/migrate/tests/fixture/shell.py -> /home/ubuntu/miniconda/envs/_build/lib/python2.7/site-packages/migrate/tests/fixture
copying build/lib/migrate/tests/fixture/pathed.py -> /home/ubuntu/miniconda/envs/_build/lib/python2.7/site-packages/migrate/tests/fixture
copying build/lib/migrate/tests/fixture/warnings.py -> /home/ubuntu/miniconda/envs/_build/lib/python2.7/site-packages/migrate/tests/fixture
copying build/lib/migrate/tests/fixture/database.py -> /home/ubuntu/miniconda/envs/_build/lib/python2.7/site-packages/migrate/tests/fixture
copying build/lib/migrate/tests/fixture/__init__.py -> /home/ubuntu/miniconda/envs/_build/lib/python2.7/site-packages/migrate/tests/fixture
copying build/lib/migrate/tests/fixture/models.py -> /home/ubuntu/miniconda/envs/_build/lib/python2.7/site-packages/migrate/tests/fixture
copying build/lib/migrate/tests/fixture/base.py -> /home/ubuntu/miniconda/envs/_build/lib/python2.7/site-packages/migrate/tests/fixture
creating /home/ubuntu/miniconda/envs/_build/lib/python2.7/site-packages/migrate/tests/integrated
copying build/lib/migrate/tests/integrated/test_docs.py -> /home/ubuntu/miniconda/envs/_build/lib/python2.7/site-packages/migrate/tests/integrated
copying build/lib/migrate/tests/integrated/__init__.py -> /home/ubuntu/miniconda/envs/_build/lib/python2.7/site-packages/migrate/tests/integrated
copying build/lib/migrate/tests/__init__.py -> /home/ubuntu/miniconda/envs/_build/lib/python2.7/site-packages/migrate/tests
creating /home/ubuntu/miniconda/envs/_build/lib/python2.7/site-packages/migrate/tests/versioning
copying build/lib/migrate/tests/versioning/test_cfgparse.py -> /home/ubuntu/miniconda/envs/_build/lib/python2.7/site-packages/migrate/tests/versioning
copying build/lib/migrate/tests/versioning/test_version.py -> /home/ubuntu/miniconda/envs/_build/lib/python2.7/site-packages/migrate/tests/versioning
copying build/lib/migrate/tests/versioning/test_keyedinstance.py -> /home/ubuntu/miniconda/envs/_build/lib/python2.7/site-packages/migrate/tests/versioning
copying build/lib/migrate/tests/versioning/test_repository.py -> /home/ubuntu/miniconda/envs/_build/lib/python2.7/site-packages/migrate/tests/versioning
copying build/lib/migrate/tests/versioning/test_schemadiff.py -> /home/ubuntu/miniconda/envs/_build/lib/python2.7/site-packages/migrate/tests/versioning
copying build/lib/migrate/tests/versioning/test_shell.py -> /home/ubuntu/miniconda/envs/_build/lib/python2.7/site-packages/migrate/tests/versioning
copying build/lib/migrate/tests/versioning/test_database.py -> /home/ubuntu/miniconda/envs/_build/lib/python2.7/site-packages/migrate/tests/versioning
copying build/lib/migrate/tests/versioning/test_genmodel.py -> /home/ubuntu/miniconda/envs/_build/lib/python2.7/site-packages/migrate/tests/versioning
copying build/lib/migrate/tests/versioning/test_script.py -> /home/ubuntu/miniconda/envs/_build/lib/python2.7/site-packages/migrate/tests/versioning
copying build/lib/migrate/tests/versioning/test_api.py -> /home/ubuntu/miniconda/envs/_build/lib/python2.7/site-packages/migrate/tests/versioning
copying build/lib/migrate/tests/versioning/test_template.py -> /home/ubuntu/miniconda/envs/_build/lib/python2.7/site-packages/migrate/tests/versioning
copying build/lib/migrate/tests/versioning/test_util.py -> /home/ubuntu/miniconda/envs/_build/lib/python2.7/site-packages/migrate/tests/versioning
copying build/lib/migrate/tests/versioning/test_pathed.py -> /home/ubuntu/miniconda/envs/_build/lib/python2.7/site-packages/migrate/tests/versioning
copying build/lib/migrate/tests/versioning/test_schema.py -> /home/ubuntu/miniconda/envs/_build/lib/python2.7/site-packages/migrate/tests/versioning
copying build/lib/migrate/tests/versioning/__init__.py -> /home/ubuntu/miniconda/envs/_build/lib/python2.7/site-packages/migrate/tests/versioning
copying build/lib/migrate/tests/versioning/test_runchangeset.py -> /home/ubuntu/miniconda/envs/_build/lib/python2.7/site-packages/migrate/tests/versioning
copying build/lib/migrate/__init__.py -> /home/ubuntu/miniconda/envs/_build/lib/python2.7/site-packages/migrate
creating /home/ubuntu/miniconda/envs/_build/lib/python2.7/site-packages/migrate/versioning
creating /home/ubuntu/miniconda/envs/_build/lib/python2.7/site-packages/migrate/versioning/util
copying build/lib/migrate/versioning/util/keyedinstance.py -> /home/ubuntu/miniconda/envs/_build/lib/python2.7/site-packages/migrate/versioning/util
copying build/lib/migrate/versioning/util/__init__.py -> /home/ubuntu/miniconda/envs/_build/lib/python2.7/site-packages/migrate/versioning/util
copying build/lib/migrate/versioning/util/importpath.py -> /home/ubuntu/miniconda/envs/_build/lib/python2.7/site-packages/migrate/versioning/util
copying build/lib/migrate/versioning/config.py -> /home/ubuntu/miniconda/envs/_build/lib/python2.7/site-packages/migrate/versioning
copying build/lib/migrate/versioning/repository.py -> /home/ubuntu/miniconda/envs/_build/lib/python2.7/site-packages/migrate/versioning
copying build/lib/migrate/versioning/schemadiff.py -> /home/ubuntu/miniconda/envs/_build/lib/python2.7/site-packages/migrate/versioning
copying build/lib/migrate/versioning/api.py -> /home/ubuntu/miniconda/envs/_build/lib/python2.7/site-packages/migrate/versioning
creating /home/ubuntu/miniconda/envs/_build/lib/python2.7/site-packages/migrate/versioning/script
copying build/lib/migrate/versioning/script/__init__.py -> /home/ubuntu/miniconda/envs/_build/lib/python2.7/site-packages/migrate/versioning/script
copying build/lib/migrate/versioning/script/sql.py -> /home/ubuntu/miniconda/envs/_build/lib/python2.7/site-packages/migrate/versioning/script
copying build/lib/migrate/versioning/script/py.py -> /home/ubuntu/miniconda/envs/_build/lib/python2.7/site-packages/migrate/versioning/script
copying build/lib/migrate/versioning/script/base.py -> /home/ubuntu/miniconda/envs/_build/lib/python2.7/site-packages/migrate/versioning/script
copying build/lib/migrate/versioning/genmodel.py -> /home/ubuntu/miniconda/envs/_build/lib/python2.7/site-packages/migrate/versioning
copying build/lib/migrate/versioning/shell.py -> /home/ubuntu/miniconda/envs/_build/lib/python2.7/site-packages/migrate/versioning
copying build/lib/migrate/versioning/version.py -> /home/ubuntu/miniconda/envs/_build/lib/python2.7/site-packages/migrate/versioning
creating /home/ubuntu/miniconda/envs/_build/lib/python2.7/site-packages/migrate/versioning/templates
creating /home/ubuntu/miniconda/envs/_build/lib/python2.7/site-packages/migrate/versioning/templates/script
copying build/lib/migrate/versioning/templates/script/pylons.py_tmpl -> /home/ubuntu/miniconda/envs/_build/lib/python2.7/site-packages/migrate/versioning/templates/script
copying build/lib/migrate/versioning/templates/script/default.py_tmpl -> /home/ubuntu/miniconda/envs/_build/lib/python2.7/site-packages/migrate/versioning/templates/script
copying build/lib/migrate/versioning/templates/script/__init__.py -> /home/ubuntu/miniconda/envs/_build/lib/python2.7/site-packages/migrate/versioning/templates/script
creating /home/ubuntu/miniconda/envs/_build/lib/python2.7/site-packages/migrate/versioning/templates/sql_script
copying build/lib/migrate/versioning/templates/sql_script/pylons.py_tmpl -> /home/ubuntu/miniconda/envs/_build/lib/python2.7/site-packages/migrate/versioning/templates/sql_script
copying build/lib/migrate/versioning/templates/sql_script/default.py_tmpl -> /home/ubuntu/miniconda/envs/_build/lib/python2.7/site-packages/migrate/versioning/templates/sql_script
creating /home/ubuntu/miniconda/envs/_build/lib/python2.7/site-packages/migrate/versioning/templates/manage
copying build/lib/migrate/versioning/templates/manage/pylons.py_tmpl -> /home/ubuntu/miniconda/envs/_build/lib/python2.7/site-packages/migrate/versioning/templates/manage
copying build/lib/migrate/versioning/templates/manage/default.py_tmpl -> /home/ubuntu/miniconda/envs/_build/lib/python2.7/site-packages/migrate/versioning/templates/manage
creating /home/ubuntu/miniconda/envs/_build/lib/python2.7/site-packages/migrate/versioning/templates/repository
creating /home/ubuntu/miniconda/envs/_build/lib/python2.7/site-packages/migrate/versioning/templates/repository/default
copying build/lib/migrate/versioning/templates/repository/default/migrate.cfg -> /home/ubuntu/miniconda/envs/_build/lib/python2.7/site-packages/migrate/versioning/templates/repository/default
creating /home/ubuntu/miniconda/envs/_build/lib/python2.7/site-packages/migrate/versioning/templates/repository/default/versions
copying build/lib/migrate/versioning/templates/repository/default/versions/__init__.py -> /home/ubuntu/miniconda/envs/_build/lib/python2.7/site-packages/migrate/versioning/templates/repository/default/versions
copying build/lib/migrate/versioning/templates/repository/default/__init__.py -> /home/ubuntu/miniconda/envs/_build/lib/python2.7/site-packages/migrate/versioning/templates/repository/default
copying build/lib/migrate/versioning/templates/repository/default/README -> /home/ubuntu/miniconda/envs/_build/lib/python2.7/site-packages/migrate/versioning/templates/repository/default
creating /home/ubuntu/miniconda/envs/_build/lib/python2.7/site-packages/migrate/versioning/templates/repository/pylons
copying build/lib/migrate/versioning/templates/repository/pylons/migrate.cfg -> /home/ubuntu/miniconda/envs/_build/lib/python2.7/site-packages/migrate/versioning/templates/repository/pylons
creating /home/ubuntu/miniconda/envs/_build/lib/python2.7/site-packages/migrate/versioning/templates/repository/pylons/versions
copying build/lib/migrate/versioning/templates/repository/pylons/versions/__init__.py -> /home/ubuntu/miniconda/envs/_build/lib/python2.7/site-packages/migrate/versioning/templates/repository/pylons/versions
copying build/lib/migrate/versioning/templates/repository/pylons/__init__.py -> /home/ubuntu/miniconda/envs/_build/lib/python2.7/site-packages/migrate/versioning/templates/repository/pylons
copying build/lib/migrate/versioning/templates/repository/pylons/README -> /home/ubuntu/miniconda/envs/_build/lib/python2.7/site-packages/migrate/versioning/templates/repository/pylons
copying build/lib/migrate/versioning/templates/repository/__init__.py -> /home/ubuntu/miniconda/envs/_build/lib/python2.7/site-packages/migrate/versioning/templates/repository
copying build/lib/migrate/versioning/templates/__init__.py -> /home/ubuntu/miniconda/envs/_build/lib/python2.7/site-packages/migrate/versioning/templates
copying build/lib/migrate/versioning/schema.py -> /home/ubuntu/miniconda/envs/_build/lib/python2.7/site-packages/migrate/versioning
copying build/lib/migrate/versioning/pathed.py -> /home/ubuntu/miniconda/envs/_build/lib/python2.7/site-packages/migrate/versioning
copying build/lib/migrate/versioning/__init__.py -> /home/ubuntu/miniconda/envs/_build/lib/python2.7/site-packages/migrate/versioning
copying build/lib/migrate/versioning/migrate_repository.py -> /home/ubuntu/miniconda/envs/_build/lib/python2.7/site-packages/migrate/versioning
copying build/lib/migrate/versioning/cfgparse.py -> /home/ubuntu/miniconda/envs/_build/lib/python2.7/site-packages/migrate/versioning
copying build/lib/migrate/versioning/template.py -> /home/ubuntu/miniconda/envs/_build/lib/python2.7/site-packages/migrate/versioning
copying build/lib/migrate/exceptions.py -> /home/ubuntu/miniconda/envs/_build/lib/python2.7/site-packages/migrate
byte-compiling /home/ubuntu/miniconda/envs/_build/lib/python2.7/site-packages/migrate/changeset/databases/mysql.py to mysql.pyc
byte-compiling /home/ubuntu/miniconda/envs/_build/lib/python2.7/site-packages/migrate/changeset/databases/visitor.py to visitor.pyc
byte-compiling /home/ubuntu/miniconda/envs/_build/lib/python2.7/site-packages/migrate/changeset/databases/oracle.py to oracle.pyc
byte-compiling /home/ubuntu/miniconda/envs/_build/lib/python2.7/site-packages/migrate/changeset/databases/sqlite.py to sqlite.pyc
byte-compiling /home/ubuntu/miniconda/envs/_build/lib/python2.7/site-packages/migrate/changeset/databases/__init__.py to __init__.pyc
byte-compiling /home/ubuntu/miniconda/envs/_build/lib/python2.7/site-packages/migrate/changeset/databases/firebird.py to firebird.pyc
byte-compiling /home/ubuntu/miniconda/envs/_build/lib/python2.7/site-packages/migrate/changeset/databases/postgres.py to postgres.pyc
byte-compiling /home/ubuntu/miniconda/envs/_build/lib/python2.7/site-packages/migrate/changeset/databases/ibmdb2.py to ibmdb2.pyc
byte-compiling /home/ubuntu/miniconda/envs/_build/lib/python2.7/site-packages/migrate/changeset/constraint.py to constraint.pyc
byte-compiling /home/ubuntu/miniconda/envs/_build/lib/python2.7/site-packages/migrate/changeset/schema.py to schema.pyc
byte-compiling /home/ubuntu/miniconda/envs/_build/lib/python2.7/site-packages/migrate/changeset/util.py to util.pyc
byte-compiling /home/ubuntu/miniconda/envs/_build/lib/python2.7/site-packages/migrate/changeset/ansisql.py to ansisql.pyc
byte-compiling /home/ubuntu/miniconda/envs/_build/lib/python2.7/site-packages/migrate/changeset/__init__.py to __init__.pyc
byte-compiling /home/ubuntu/miniconda/envs/_build/lib/python2.7/site-packages/migrate/tests/changeset/test_changeset.py to test_changeset.pyc
byte-compiling /home/ubuntu/miniconda/envs/_build/lib/python2.7/site-packages/migrate/tests/changeset/databases/test_ibmdb2.py to test_ibmdb2.pyc
byte-compiling /home/ubuntu/miniconda/envs/_build/lib/python2.7/site-packages/migrate/tests/changeset/databases/__init__.py to __init__.pyc
byte-compiling /home/ubuntu/miniconda/envs/_build/lib/python2.7/site-packages/migrate/tests/changeset/test_constraint.py to test_constraint.pyc
byte-compiling /home/ubuntu/miniconda/envs/_build/lib/python2.7/site-packages/migrate/tests/changeset/__init__.py to __init__.pyc
byte-compiling /home/ubuntu/miniconda/envs/_build/lib/python2.7/site-packages/migrate/tests/fixture/shell.py to shell.pyc
byte-compiling /home/ubuntu/miniconda/envs/_build/lib/python2.7/site-packages/migrate/tests/fixture/pathed.py to pathed.pyc
byte-compiling /home/ubuntu/miniconda/envs/_build/lib/python2.7/site-packages/migrate/tests/fixture/warnings.py to warnings.pyc
byte-compiling /home/ubuntu/miniconda/envs/_build/lib/python2.7/site-packages/migrate/tests/fixture/database.py to database.pyc
byte-compiling /home/ubuntu/miniconda/envs/_build/lib/python2.7/site-packages/migrate/tests/fixture/__init__.py to __init__.pyc
byte-compiling /home/ubuntu/miniconda/envs/_build/lib/python2.7/site-packages/migrate/tests/fixture/models.py to models.pyc
byte-compiling /home/ubuntu/miniconda/envs/_build/lib/python2.7/site-packages/migrate/tests/fixture/base.py to base.pyc
byte-compiling /home/ubuntu/miniconda/envs/_build/lib/python2.7/site-packages/migrate/tests/integrated/test_docs.py to test_docs.pyc
byte-compiling /home/ubuntu/miniconda/envs/_build/lib/python2.7/site-packages/migrate/tests/integrated/__init__.py to __init__.pyc
byte-compiling /home/ubuntu/miniconda/envs/_build/lib/python2.7/site-packages/migrate/tests/__init__.py to __init__.pyc
byte-compiling /home/ubuntu/miniconda/envs/_build/lib/python2.7/site-packages/migrate/tests/versioning/test_cfgparse.py to test_cfgparse.pyc
byte-compiling /home/ubuntu/miniconda/envs/_build/lib/python2.7/site-packages/migrate/tests/versioning/test_version.py to test_version.pyc
byte-compiling /home/ubuntu/miniconda/envs/_build/lib/python2.7/site-packages/migrate/tests/versioning/test_keyedinstance.py to test_keyedinstance.pyc
byte-compiling /home/ubuntu/miniconda/envs/_build/lib/python2.7/site-packages/migrate/tests/versioning/test_repository.py to test_repository.pyc
byte-compiling /home/ubuntu/miniconda/envs/_build/lib/python2.7/site-packages/migrate/tests/versioning/test_schemadiff.py to test_schemadiff.pyc
byte-compiling /home/ubuntu/miniconda/envs/_build/lib/python2.7/site-packages/migrate/tests/versioning/test_shell.py to test_shell.pyc
byte-compiling /home/ubuntu/miniconda/envs/_build/lib/python2.7/site-packages/migrate/tests/versioning/test_database.py to test_database.pyc
byte-compiling /home/ubuntu/miniconda/envs/_build/lib/python2.7/site-packages/migrate/tests/versioning/test_genmodel.py to test_genmodel.pyc
byte-compiling /home/ubuntu/miniconda/envs/_build/lib/python2.7/site-packages/migrate/tests/versioning/test_script.py to test_script.pyc
byte-compiling /home/ubuntu/miniconda/envs/_build/lib/python2.7/site-packages/migrate/tests/versioning/test_api.py to test_api.pyc
byte-compiling /home/ubuntu/miniconda/envs/_build/lib/python2.7/site-packages/migrate/tests/versioning/test_template.py to test_template.pyc
byte-compiling /home/ubuntu/miniconda/envs/_build/lib/python2.7/site-packages/migrate/tests/versioning/test_util.py to test_util.pyc
byte-compiling /home/ubuntu/miniconda/envs/_build/lib/python2.7/site-packages/migrate/tests/versioning/test_pathed.py to test_pathed.pyc
byte-compiling /home/ubuntu/miniconda/envs/_build/lib/python2.7/site-packages/migrate/tests/versioning/test_schema.py to test_schema.pyc
byte-compiling /home/ubuntu/miniconda/envs/_build/lib/python2.7/site-packages/migrate/tests/versioning/__init__.py to __init__.pyc
byte-compiling /home/ubuntu/miniconda/envs/_build/lib/python2.7/site-packages/migrate/tests/versioning/test_runchangeset.py to test_runchangeset.pyc
byte-compiling /home/ubuntu/miniconda/envs/_build/lib/python2.7/site-packages/migrate/__init__.py to __init__.pyc
byte-compiling /home/ubuntu/miniconda/envs/_build/lib/python2.7/site-packages/migrate/versioning/util/keyedinstance.py to keyedinstance.pyc
byte-compiling /home/ubuntu/miniconda/envs/_build/lib/python2.7/site-packages/migrate/versioning/util/__init__.py to __init__.pyc
byte-compiling /home/ubuntu/miniconda/envs/_build/lib/python2.7/site-packages/migrate/versioning/util/importpath.py to importpath.pyc
byte-compiling /home/ubuntu/miniconda/envs/_build/lib/python2.7/site-packages/migrate/versioning/config.py to config.pyc
byte-compiling /home/ubuntu/miniconda/envs/_build/lib/python2.7/site-packages/migrate/versioning/repository.py to repository.pyc
byte-compiling /home/ubuntu/miniconda/envs/_build/lib/python2.7/site-packages/migrate/versioning/schemadiff.py to schemadiff.pyc
byte-compiling /home/ubuntu/miniconda/envs/_build/lib/python2.7/site-packages/migrate/versioning/api.py to api.pyc
byte-compiling /home/ubuntu/miniconda/envs/_build/lib/python2.7/site-packages/migrate/versioning/script/__init__.py to __init__.pyc
byte-compiling /home/ubuntu/miniconda/envs/_build/lib/python2.7/site-packages/migrate/versioning/script/sql.py to sql.pyc
byte-compiling /home/ubuntu/miniconda/envs/_build/lib/python2.7/site-packages/migrate/versioning/script/py.py to py.pyc
byte-compiling /home/ubuntu/miniconda/envs/_build/lib/python2.7/site-packages/migrate/versioning/script/base.py to base.pyc
byte-compiling /home/ubuntu/miniconda/envs/_build/lib/python2.7/site-packages/migrate/versioning/genmodel.py to genmodel.pyc
byte-compiling /home/ubuntu/miniconda/envs/_build/lib/python2.7/site-packages/migrate/versioning/shell.py to shell.pyc
byte-compiling /home/ubuntu/miniconda/envs/_build/lib/python2.7/site-packages/migrate/versioning/version.py to version.pyc
byte-compiling /home/ubuntu/miniconda/envs/_build/lib/python2.7/site-packages/migrate/versioning/templates/script/__init__.py to __init__.pyc
byte-compiling /home/ubuntu/miniconda/envs/_build/lib/python2.7/site-packages/migrate/versioning/templates/repository/default/versions/__init__.py to __init__.pyc
byte-compiling /home/ubuntu/miniconda/envs/_build/lib/python2.7/site-packages/migrate/versioning/templates/repository/default/__init__.py to __init__.pyc
byte-compiling /home/ubuntu/miniconda/envs/_build/lib/python2.7/site-packages/migrate/versioning/templates/repository/pylons/versions/__init__.py to __init__.pyc
byte-compiling /home/ubuntu/miniconda/envs/_build/lib/python2.7/site-packages/migrate/versioning/templates/repository/pylons/__init__.py to __init__.pyc
byte-compiling /home/ubuntu/miniconda/envs/_build/lib/python2.7/site-packages/migrate/versioning/templates/repository/__init__.py to __init__.pyc
byte-compiling /home/ubuntu/miniconda/envs/_build/lib/python2.7/site-packages/migrate/versioning/templates/__init__.py to __init__.pyc
byte-compiling /home/ubuntu/miniconda/envs/_build/lib/python2.7/site-packages/migrate/versioning/schema.py to schema.pyc
byte-compiling /home/ubuntu/miniconda/envs/_build/lib/python2.7/site-packages/migrate/versioning/pathed.py to pathed.pyc
byte-compiling /home/ubuntu/miniconda/envs/_build/lib/python2.7/site-packages/migrate/versioning/__init__.py to __init__.pyc
byte-compiling /home/ubuntu/miniconda/envs/_build/lib/python2.7/site-packages/migrate/versioning/migrate_repository.py to migrate_repository.pyc
byte-compiling /home/ubuntu/miniconda/envs/_build/lib/python2.7/site-packages/migrate/versioning/cfgparse.py to cfgparse.pyc
byte-compiling /home/ubuntu/miniconda/envs/_build/lib/python2.7/site-packages/migrate/versioning/template.py to template.pyc
byte-compiling /home/ubuntu/miniconda/envs/_build/lib/python2.7/site-packages/migrate/exceptions.py to exceptions.pyc
running install_egg_info
Copying sqlalchemy_migrate.egg-info to /home/ubuntu/miniconda/envs/_build/lib/python2.7/site-packages/sqlalchemy_migrate-0.9.6-py2.7.egg-info
running install_scripts
Installing migrate script to /home/ubuntu/miniconda/envs/_build/bin
Installing migrate-repository script to /home/ubuntu/miniconda/envs/_build/bin

The following NEW packages will be INSTALLED:

    openssl:    1.0.1k-1    
    pbr:        1.0.1-py27_0
    pip:        6.1.1-py27_0
    python:     2.7.9-3     
    readline:   6.2-2       
    setuptools: 16.0-py27_0 
    sqlite:     3.8.4.1-1   
    system:     5.8-2       
    tk:         8.5.18-0    
    zlib:       1.2.8-0     

Linking packages ...
[                    ]|                                                  |   0%[openssl             ]|                                                  |   0%[readline            ]|#####                                             |  10%[sqlite              ]|##########                                        |  20%[system              ]|###############                                   |  30%[tk                  ]|####################                              |  40%[zlib                ]|#########################                         |  50%[python              ]|##############################                    |  60%[setuptools          ]|###################################               |  70%[pbr                 ]|########################################          |  80%[pip                 ]|#############################################     |  90%[      COMPLETE      ]|##################################################| 100%
Removing old work directory
Source cache directory is: /home/ubuntu/miniconda/conda-bld/src_cache
Found source in cache: sqlalchemy-migrate-0.9.6.tar.gz
Extracting download
Package: sqlalchemy-migrate-0.9.6-py27_0
source tree in: /home/ubuntu/miniconda/conda-bld/work/sqlalchemy-migrate-0.9.6
number of files: 166
Fixing permissions
Detected hard-coded path in text file bin/migrate
Detected hard-coded path in text file bin/migrate-repository
Fixing permissions
BUILD END: sqlalchemy-migrate-0.9.6-py27_0
Nothing to test for: sqlalchemy-migrate-0.9.6-py27_0
# If you want to upload this package to binstar.org later, type:
#
# $ binstar upload /home/ubuntu/miniconda/conda-bld/linux-64/sqlalchemy-migrate-0.9.6-py27_0.tar.bz2
#
# To have conda build upload to binstar automatically, use
# $ conda config --set binstar_upload yes

