Warning, the following versions were found for sqlalchemy-migrate
0.9.6
0.9.5
0.9.4
0.9.2
0.9.1
0.9
0.8.5
0.8.4
0.8.2
0.8.1
0.7.2
0.7.1
0.7
0.6.1
0.6
0.5.4
0.5.3
0.5.2
0.5.1.2
0.4.5
0.4.4
0.4.3
0.4.2
0.4.1
0.4.0
0.3.0
0.2.2
0.2.1
0.2.0
0.1
Using 0.9.6
Use --version to specify a different version.
Using url https://pypi.python.org/packages/source/s/sqlalchemy-migrate/sqlalchemy-migrate-0.9.6.tar.gz (123 KB) for sqlalchemy-migrate.
Downloading sqlalchemy-migrate (use --no-download to skip this step)
Using cached download
Unpacking sqlalchemy-migrate...
done
working in /tmp/tmpM7_mxjconda_skeleton_sqlalchemy-migrate-0.9.6.tar.gz
Fetching package metadata: ......
Solving package specifications: .patching file core.py
Hunk #1 succeeded at 168 with fuzz 2 (offset 2 lines).

The following NEW packages will be INSTALLED:

    numpy:  1.9.2-py27_0
    pyyaml: 3.11-py27_0 

Linking packages ...
[                    ]|                                                  |   0%[numpy               ]|                                                  |   0%[pyyaml              ]|#########################                         |  50%[      COMPLETE      ]|##################################################| 100%
Applying patch: '/tmp/tmpM7_mxjconda_skeleton_sqlalchemy-migrate-0.9.6.tar.gz/pypi-distutils.patch'
Writing recipe for sqlalchemy-migrate
Done
