There was an error importing jinja2.
Please run `conda install jinja2` to enable jinja template support
Removing old build directory
Removing old work directory
BUILD START: sqlalchemy-utils-0.30.1-py27_0
Fetching package metadata: ......
Solving package specifications: .There was an error importing jinja2.
Please run `conda install jinja2` to enable jinja template support
+ /home/ubuntu/miniconda/envs/_build/bin/python setup.py install
running install
running bdist_egg
running egg_info
writing requirements to SQLAlchemy_Utils.egg-info/requires.txt
writing SQLAlchemy_Utils.egg-info/PKG-INFO
writing top-level names to SQLAlchemy_Utils.egg-info/top_level.txt
writing dependency_links to SQLAlchemy_Utils.egg-info/dependency_links.txt
reading manifest file 'SQLAlchemy_Utils.egg-info/SOURCES.txt'
reading manifest template 'MANIFEST.in'
warning: no previously-included files matching '*.pyc' found under directory 'tests'
warning: no previously-included files matching '*.pyc' found under directory 'docs'
no previously-included directories found matching 'docs/_build'
warning: no previously-included files found matching 'docs/_themes/.git'
writing manifest file 'SQLAlchemy_Utils.egg-info/SOURCES.txt'
installing library code to build/bdist.linux-x86_64/egg
running install_lib
running build_py
creating build
creating build/lib
creating build/lib/sqlalchemy_utils
copying sqlalchemy_utils/asserts.py -> build/lib/sqlalchemy_utils
copying sqlalchemy_utils/generic.py -> build/lib/sqlalchemy_utils
copying sqlalchemy_utils/expression_parser.py -> build/lib/sqlalchemy_utils
copying sqlalchemy_utils/utils.py -> build/lib/sqlalchemy_utils
copying sqlalchemy_utils/query_chain.py -> build/lib/sqlalchemy_utils
copying sqlalchemy_utils/i18n.py -> build/lib/sqlalchemy_utils
copying sqlalchemy_utils/proxy_dict.py -> build/lib/sqlalchemy_utils
copying sqlalchemy_utils/observer.py -> build/lib/sqlalchemy_utils
copying sqlalchemy_utils/path.py -> build/lib/sqlalchemy_utils
copying sqlalchemy_utils/operators.py -> build/lib/sqlalchemy_utils
copying sqlalchemy_utils/__init__.py -> build/lib/sqlalchemy_utils
copying sqlalchemy_utils/aggregates.py -> build/lib/sqlalchemy_utils
copying sqlalchemy_utils/expressions.py -> build/lib/sqlalchemy_utils
copying sqlalchemy_utils/models.py -> build/lib/sqlalchemy_utils
copying sqlalchemy_utils/listeners.py -> build/lib/sqlalchemy_utils
copying sqlalchemy_utils/exceptions.py -> build/lib/sqlalchemy_utils
creating build/lib/sqlalchemy_utils/types
copying sqlalchemy_utils/types/color.py -> build/lib/sqlalchemy_utils/types
copying sqlalchemy_utils/types/ts_vector.py -> build/lib/sqlalchemy_utils/types
copying sqlalchemy_utils/types/scalar_list.py -> build/lib/sqlalchemy_utils/types
copying sqlalchemy_utils/types/ip_address.py -> build/lib/sqlalchemy_utils/types
copying sqlalchemy_utils/types/email.py -> build/lib/sqlalchemy_utils/types
copying sqlalchemy_utils/types/uuid.py -> build/lib/sqlalchemy_utils/types
copying sqlalchemy_utils/types/weekdays.py -> build/lib/sqlalchemy_utils/types
copying sqlalchemy_utils/types/phone_number.py -> build/lib/sqlalchemy_utils/types
copying sqlalchemy_utils/types/currency.py -> build/lib/sqlalchemy_utils/types
copying sqlalchemy_utils/types/range.py -> build/lib/sqlalchemy_utils/types
copying sqlalchemy_utils/types/bit.py -> build/lib/sqlalchemy_utils/types
copying sqlalchemy_utils/types/json.py -> build/lib/sqlalchemy_utils/types
copying sqlalchemy_utils/types/scalar_coercible.py -> build/lib/sqlalchemy_utils/types
copying sqlalchemy_utils/types/choice.py -> build/lib/sqlalchemy_utils/types
copying sqlalchemy_utils/types/url.py -> build/lib/sqlalchemy_utils/types
copying sqlalchemy_utils/types/__init__.py -> build/lib/sqlalchemy_utils/types
copying sqlalchemy_utils/types/password.py -> build/lib/sqlalchemy_utils/types
copying sqlalchemy_utils/types/locale.py -> build/lib/sqlalchemy_utils/types
copying sqlalchemy_utils/types/country.py -> build/lib/sqlalchemy_utils/types
copying sqlalchemy_utils/types/timezone.py -> build/lib/sqlalchemy_utils/types
copying sqlalchemy_utils/types/encrypted.py -> build/lib/sqlalchemy_utils/types
copying sqlalchemy_utils/types/arrow.py -> build/lib/sqlalchemy_utils/types
creating build/lib/sqlalchemy_utils/functions
copying sqlalchemy_utils/functions/render.py -> build/lib/sqlalchemy_utils/functions
copying sqlalchemy_utils/functions/foreign_keys.py -> build/lib/sqlalchemy_utils/functions
copying sqlalchemy_utils/functions/orm.py -> build/lib/sqlalchemy_utils/functions
copying sqlalchemy_utils/functions/sort_query.py -> build/lib/sqlalchemy_utils/functions
copying sqlalchemy_utils/functions/database.py -> build/lib/sqlalchemy_utils/functions
copying sqlalchemy_utils/functions/__init__.py -> build/lib/sqlalchemy_utils/functions
copying sqlalchemy_utils/functions/mock.py -> build/lib/sqlalchemy_utils/functions
creating build/lib/sqlalchemy_utils/relationships
copying sqlalchemy_utils/relationships/select_aggregate.py -> build/lib/sqlalchemy_utils/relationships
copying sqlalchemy_utils/relationships/chained_join.py -> build/lib/sqlalchemy_utils/relationships
copying sqlalchemy_utils/relationships/__init__.py -> build/lib/sqlalchemy_utils/relationships
creating build/lib/sqlalchemy_utils/primitives
copying sqlalchemy_utils/primitives/weekdays.py -> build/lib/sqlalchemy_utils/primitives
copying sqlalchemy_utils/primitives/weekday.py -> build/lib/sqlalchemy_utils/primitives
copying sqlalchemy_utils/primitives/currency.py -> build/lib/sqlalchemy_utils/primitives
copying sqlalchemy_utils/primitives/__init__.py -> build/lib/sqlalchemy_utils/primitives
copying sqlalchemy_utils/primitives/country.py -> build/lib/sqlalchemy_utils/primitives
creating build/bdist.linux-x86_64
creating build/bdist.linux-x86_64/egg
creating build/bdist.linux-x86_64/egg/sqlalchemy_utils
creating build/bdist.linux-x86_64/egg/sqlalchemy_utils/types
copying build/lib/sqlalchemy_utils/types/color.py -> build/bdist.linux-x86_64/egg/sqlalchemy_utils/types
copying build/lib/sqlalchemy_utils/types/ts_vector.py -> build/bdist.linux-x86_64/egg/sqlalchemy_utils/types
copying build/lib/sqlalchemy_utils/types/scalar_list.py -> build/bdist.linux-x86_64/egg/sqlalchemy_utils/types
copying build/lib/sqlalchemy_utils/types/ip_address.py -> build/bdist.linux-x86_64/egg/sqlalchemy_utils/types
copying build/lib/sqlalchemy_utils/types/email.py -> build/bdist.linux-x86_64/egg/sqlalchemy_utils/types
copying build/lib/sqlalchemy_utils/types/uuid.py -> build/bdist.linux-x86_64/egg/sqlalchemy_utils/types
copying build/lib/sqlalchemy_utils/types/weekdays.py -> build/bdist.linux-x86_64/egg/sqlalchemy_utils/types
copying build/lib/sqlalchemy_utils/types/phone_number.py -> build/bdist.linux-x86_64/egg/sqlalchemy_utils/types
copying build/lib/sqlalchemy_utils/types/currency.py -> build/bdist.linux-x86_64/egg/sqlalchemy_utils/types
copying build/lib/sqlalchemy_utils/types/range.py -> build/bdist.linux-x86_64/egg/sqlalchemy_utils/types
copying build/lib/sqlalchemy_utils/types/bit.py -> build/bdist.linux-x86_64/egg/sqlalchemy_utils/types
copying build/lib/sqlalchemy_utils/types/json.py -> build/bdist.linux-x86_64/egg/sqlalchemy_utils/types
copying build/lib/sqlalchemy_utils/types/scalar_coercible.py -> build/bdist.linux-x86_64/egg/sqlalchemy_utils/types
copying build/lib/sqlalchemy_utils/types/choice.py -> build/bdist.linux-x86_64/egg/sqlalchemy_utils/types
copying build/lib/sqlalchemy_utils/types/url.py -> build/bdist.linux-x86_64/egg/sqlalchemy_utils/types
copying build/lib/sqlalchemy_utils/types/__init__.py -> build/bdist.linux-x86_64/egg/sqlalchemy_utils/types
copying build/lib/sqlalchemy_utils/types/password.py -> build/bdist.linux-x86_64/egg/sqlalchemy_utils/types
copying build/lib/sqlalchemy_utils/types/locale.py -> build/bdist.linux-x86_64/egg/sqlalchemy_utils/types
copying build/lib/sqlalchemy_utils/types/country.py -> build/bdist.linux-x86_64/egg/sqlalchemy_utils/types
copying build/lib/sqlalchemy_utils/types/timezone.py -> build/bdist.linux-x86_64/egg/sqlalchemy_utils/types
copying build/lib/sqlalchemy_utils/types/encrypted.py -> build/bdist.linux-x86_64/egg/sqlalchemy_utils/types
copying build/lib/sqlalchemy_utils/types/arrow.py -> build/bdist.linux-x86_64/egg/sqlalchemy_utils/types
copying build/lib/sqlalchemy_utils/asserts.py -> build/bdist.linux-x86_64/egg/sqlalchemy_utils
copying build/lib/sqlalchemy_utils/generic.py -> build/bdist.linux-x86_64/egg/sqlalchemy_utils
copying build/lib/sqlalchemy_utils/expression_parser.py -> build/bdist.linux-x86_64/egg/sqlalchemy_utils
copying build/lib/sqlalchemy_utils/utils.py -> build/bdist.linux-x86_64/egg/sqlalchemy_utils
copying build/lib/sqlalchemy_utils/query_chain.py -> build/bdist.linux-x86_64/egg/sqlalchemy_utils
copying build/lib/sqlalchemy_utils/i18n.py -> build/bdist.linux-x86_64/egg/sqlalchemy_utils
copying build/lib/sqlalchemy_utils/proxy_dict.py -> build/bdist.linux-x86_64/egg/sqlalchemy_utils
copying build/lib/sqlalchemy_utils/observer.py -> build/bdist.linux-x86_64/egg/sqlalchemy_utils
creating build/bdist.linux-x86_64/egg/sqlalchemy_utils/functions
copying build/lib/sqlalchemy_utils/functions/render.py -> build/bdist.linux-x86_64/egg/sqlalchemy_utils/functions
copying build/lib/sqlalchemy_utils/functions/foreign_keys.py -> build/bdist.linux-x86_64/egg/sqlalchemy_utils/functions
copying build/lib/sqlalchemy_utils/functions/orm.py -> build/bdist.linux-x86_64/egg/sqlalchemy_utils/functions
copying build/lib/sqlalchemy_utils/functions/sort_query.py -> build/bdist.linux-x86_64/egg/sqlalchemy_utils/functions
copying build/lib/sqlalchemy_utils/functions/database.py -> build/bdist.linux-x86_64/egg/sqlalchemy_utils/functions
copying build/lib/sqlalchemy_utils/functions/__init__.py -> build/bdist.linux-x86_64/egg/sqlalchemy_utils/functions
copying build/lib/sqlalchemy_utils/functions/mock.py -> build/bdist.linux-x86_64/egg/sqlalchemy_utils/functions
copying build/lib/sqlalchemy_utils/path.py -> build/bdist.linux-x86_64/egg/sqlalchemy_utils
copying build/lib/sqlalchemy_utils/operators.py -> build/bdist.linux-x86_64/egg/sqlalchemy_utils
copying build/lib/sqlalchemy_utils/__init__.py -> build/bdist.linux-x86_64/egg/sqlalchemy_utils
creating build/bdist.linux-x86_64/egg/sqlalchemy_utils/relationships
copying build/lib/sqlalchemy_utils/relationships/select_aggregate.py -> build/bdist.linux-x86_64/egg/sqlalchemy_utils/relationships
copying build/lib/sqlalchemy_utils/relationships/chained_join.py -> build/bdist.linux-x86_64/egg/sqlalchemy_utils/relationships
copying build/lib/sqlalchemy_utils/relationships/__init__.py -> build/bdist.linux-x86_64/egg/sqlalchemy_utils/relationships
copying build/lib/sqlalchemy_utils/aggregates.py -> build/bdist.linux-x86_64/egg/sqlalchemy_utils
copying build/lib/sqlalchemy_utils/expressions.py -> build/bdist.linux-x86_64/egg/sqlalchemy_utils
copying build/lib/sqlalchemy_utils/models.py -> build/bdist.linux-x86_64/egg/sqlalchemy_utils
copying build/lib/sqlalchemy_utils/listeners.py -> build/bdist.linux-x86_64/egg/sqlalchemy_utils
creating build/bdist.linux-x86_64/egg/sqlalchemy_utils/primitives
copying build/lib/sqlalchemy_utils/primitives/weekdays.py -> build/bdist.linux-x86_64/egg/sqlalchemy_utils/primitives
copying build/lib/sqlalchemy_utils/primitives/weekday.py -> build/bdist.linux-x86_64/egg/sqlalchemy_utils/primitives
copying build/lib/sqlalchemy_utils/primitives/currency.py -> build/bdist.linux-x86_64/egg/sqlalchemy_utils/primitives
copying build/lib/sqlalchemy_utils/primitives/__init__.py -> build/bdist.linux-x86_64/egg/sqlalchemy_utils/primitives
copying build/lib/sqlalchemy_utils/primitives/country.py -> build/bdist.linux-x86_64/egg/sqlalchemy_utils/primitives
copying build/lib/sqlalchemy_utils/exceptions.py -> build/bdist.linux-x86_64/egg/sqlalchemy_utils
byte-compiling build/bdist.linux-x86_64/egg/sqlalchemy_utils/types/color.py to color.pyc
byte-compiling build/bdist.linux-x86_64/egg/sqlalchemy_utils/types/ts_vector.py to ts_vector.pyc
byte-compiling build/bdist.linux-x86_64/egg/sqlalchemy_utils/types/scalar_list.py to scalar_list.pyc
byte-compiling build/bdist.linux-x86_64/egg/sqlalchemy_utils/types/ip_address.py to ip_address.pyc
byte-compiling build/bdist.linux-x86_64/egg/sqlalchemy_utils/types/email.py to email.pyc
byte-compiling build/bdist.linux-x86_64/egg/sqlalchemy_utils/types/uuid.py to uuid.pyc
byte-compiling build/bdist.linux-x86_64/egg/sqlalchemy_utils/types/weekdays.py to weekdays.pyc
byte-compiling build/bdist.linux-x86_64/egg/sqlalchemy_utils/types/phone_number.py to phone_number.pyc
byte-compiling build/bdist.linux-x86_64/egg/sqlalchemy_utils/types/currency.py to currency.pyc
byte-compiling build/bdist.linux-x86_64/egg/sqlalchemy_utils/types/range.py to range.pyc
byte-compiling build/bdist.linux-x86_64/egg/sqlalchemy_utils/types/bit.py to bit.pyc
byte-compiling build/bdist.linux-x86_64/egg/sqlalchemy_utils/types/json.py to json.pyc
byte-compiling build/bdist.linux-x86_64/egg/sqlalchemy_utils/types/scalar_coercible.py to scalar_coercible.pyc
byte-compiling build/bdist.linux-x86_64/egg/sqlalchemy_utils/types/choice.py to choice.pyc
byte-compiling build/bdist.linux-x86_64/egg/sqlalchemy_utils/types/url.py to url.pyc
byte-compiling build/bdist.linux-x86_64/egg/sqlalchemy_utils/types/__init__.py to __init__.pyc
byte-compiling build/bdist.linux-x86_64/egg/sqlalchemy_utils/types/password.py to password.pyc
byte-compiling build/bdist.linux-x86_64/egg/sqlalchemy_utils/types/locale.py to locale.pyc
byte-compiling build/bdist.linux-x86_64/egg/sqlalchemy_utils/types/country.py to country.pyc
byte-compiling build/bdist.linux-x86_64/egg/sqlalchemy_utils/types/timezone.py to timezone.pyc
byte-compiling build/bdist.linux-x86_64/egg/sqlalchemy_utils/types/encrypted.py to encrypted.pyc
byte-compiling build/bdist.linux-x86_64/egg/sqlalchemy_utils/types/arrow.py to arrow.pyc
byte-compiling build/bdist.linux-x86_64/egg/sqlalchemy_utils/asserts.py to asserts.pyc
byte-compiling build/bdist.linux-x86_64/egg/sqlalchemy_utils/generic.py to generic.pyc
byte-compiling build/bdist.linux-x86_64/egg/sqlalchemy_utils/expression_parser.py to expression_parser.pyc
byte-compiling build/bdist.linux-x86_64/egg/sqlalchemy_utils/utils.py to utils.pyc
byte-compiling build/bdist.linux-x86_64/egg/sqlalchemy_utils/query_chain.py to query_chain.pyc
byte-compiling build/bdist.linux-x86_64/egg/sqlalchemy_utils/i18n.py to i18n.pyc
byte-compiling build/bdist.linux-x86_64/egg/sqlalchemy_utils/proxy_dict.py to proxy_dict.pyc
byte-compiling build/bdist.linux-x86_64/egg/sqlalchemy_utils/observer.py to observer.pyc
byte-compiling build/bdist.linux-x86_64/egg/sqlalchemy_utils/functions/render.py to render.pyc
byte-compiling build/bdist.linux-x86_64/egg/sqlalchemy_utils/functions/foreign_keys.py to foreign_keys.pyc
byte-compiling build/bdist.linux-x86_64/egg/sqlalchemy_utils/functions/orm.py to orm.pyc
byte-compiling build/bdist.linux-x86_64/egg/sqlalchemy_utils/functions/sort_query.py to sort_query.pyc
byte-compiling build/bdist.linux-x86_64/egg/sqlalchemy_utils/functions/database.py to database.pyc
byte-compiling build/bdist.linux-x86_64/egg/sqlalchemy_utils/functions/__init__.py to __init__.pyc
byte-compiling build/bdist.linux-x86_64/egg/sqlalchemy_utils/functions/mock.py to mock.pyc
byte-compiling build/bdist.linux-x86_64/egg/sqlalchemy_utils/path.py to path.pyc
byte-compiling build/bdist.linux-x86_64/egg/sqlalchemy_utils/operators.py to operators.pyc
byte-compiling build/bdist.linux-x86_64/egg/sqlalchemy_utils/__init__.py to __init__.pyc
byte-compiling build/bdist.linux-x86_64/egg/sqlalchemy_utils/relationships/select_aggregate.py to select_aggregate.pyc
byte-compiling build/bdist.linux-x86_64/egg/sqlalchemy_utils/relationships/chained_join.py to chained_join.pyc
byte-compiling build/bdist.linux-x86_64/egg/sqlalchemy_utils/relationships/__init__.py to __init__.pyc
byte-compiling build/bdist.linux-x86_64/egg/sqlalchemy_utils/aggregates.py to aggregates.pyc
byte-compiling build/bdist.linux-x86_64/egg/sqlalchemy_utils/expressions.py to expressions.pyc
byte-compiling build/bdist.linux-x86_64/egg/sqlalchemy_utils/models.py to models.pyc
byte-compiling build/bdist.linux-x86_64/egg/sqlalchemy_utils/listeners.py to listeners.pyc
byte-compiling build/bdist.linux-x86_64/egg/sqlalchemy_utils/primitives/weekdays.py to weekdays.pyc
byte-compiling build/bdist.linux-x86_64/egg/sqlalchemy_utils/primitives/weekday.py to weekday.pyc
byte-compiling build/bdist.linux-x86_64/egg/sqlalchemy_utils/primitives/currency.py to currency.pyc
byte-compiling build/bdist.linux-x86_64/egg/sqlalchemy_utils/primitives/__init__.py to __init__.pyc
byte-compiling build/bdist.linux-x86_64/egg/sqlalchemy_utils/primitives/country.py to country.pyc
byte-compiling build/bdist.linux-x86_64/egg/sqlalchemy_utils/exceptions.py to exceptions.pyc
creating build/bdist.linux-x86_64/egg/EGG-INFO
copying SQLAlchemy_Utils.egg-info/PKG-INFO -> build/bdist.linux-x86_64/egg/EGG-INFO
copying SQLAlchemy_Utils.egg-info/SOURCES.txt -> build/bdist.linux-x86_64/egg/EGG-INFO
copying SQLAlchemy_Utils.egg-info/dependency_links.txt -> build/bdist.linux-x86_64/egg/EGG-INFO
copying SQLAlchemy_Utils.egg-info/not-zip-safe -> build/bdist.linux-x86_64/egg/EGG-INFO
copying SQLAlchemy_Utils.egg-info/requires.txt -> build/bdist.linux-x86_64/egg/EGG-INFO
copying SQLAlchemy_Utils.egg-info/top_level.txt -> build/bdist.linux-x86_64/egg/EGG-INFO
creating dist
creating 'dist/SQLAlchemy_Utils-0.30.1-py2.7.egg' and adding 'build/bdist.linux-x86_64/egg' to it
removing 'build/bdist.linux-x86_64/egg' (and everything under it)
Processing SQLAlchemy_Utils-0.30.1-py2.7.egg
creating /home/ubuntu/miniconda/envs/_build/lib/python2.7/site-packages/SQLAlchemy_Utils-0.30.1-py2.7.egg
Extracting SQLAlchemy_Utils-0.30.1-py2.7.egg to /home/ubuntu/miniconda/envs/_build/lib/python2.7/site-packages
Adding SQLAlchemy-Utils 0.30.1 to easy-install.pth file

Installed /home/ubuntu/miniconda/envs/_build/lib/python2.7/site-packages/SQLAlchemy_Utils-0.30.1-py2.7.egg
Traceback (most recent call last):
  File "setup.py", line 106, in <module>
    'Topic :: Software Development :: Libraries :: Python Modules'
  File "/home/ubuntu/miniconda/envs/_build/lib/python2.7/distutils/core.py", line 151, in setup
    dist.run_commands()
  File "/home/ubuntu/miniconda/envs/_build/lib/python2.7/distutils/dist.py", line 953, in run_commands
    self.run_command(cmd)
  File "/home/ubuntu/miniconda/envs/_build/lib/python2.7/distutils/dist.py", line 972, in run_command
    cmd_obj.run()
  File "/home/ubuntu/miniconda/envs/_build/lib/python2.7/site-packages/setuptools-16.0-py2.7.egg/setuptools/command/install.py", line 67, in run
  File "/home/ubuntu/miniconda/envs/_build/lib/python2.7/site-packages/setuptools-16.0-py2.7.egg/setuptools/command/install.py", line 117, in do_egg_install
  File "/home/ubuntu/miniconda/envs/_build/lib/python2.7/site-packages/setuptools-16.0-py2.7.egg/setuptools/command/easy_install.py", line 380, in run
  File "/home/ubuntu/miniconda/envs/_build/lib/python2.7/site-packages/setuptools-16.0-py2.7.egg/setuptools/command/easy_install.py", line 610, in easy_install
  File "/home/ubuntu/miniconda/envs/_build/lib/python2.7/site-packages/setuptools-16.0-py2.7.egg/setuptools/command/easy_install.py", line 661, in install_item
  File "/home/ubuntu/miniconda/envs/_build/lib/python2.7/site-packages/setuptools-16.0-py2.7.egg/setuptools/command/easy_install.py", line 692, in process_distribution
  File "/home/ubuntu/miniconda/envs/_build/lib/python2.7/site-packages/setuptools-16.0-py2.7.egg/setuptools/package_index.py", line 479, in add_find_links
  File "/home/ubuntu/miniconda/envs/_build/lib/python2.7/site-packages/setuptools-16.0-py2.7.egg/setuptools/package_index.py", line 765, in scan_url
  File "/home/ubuntu/miniconda/envs/_build/lib/python2.7/site-packages/setuptools-16.0-py2.7.egg/setuptools/package_index.py", line 283, in process_url
RuntimeError: Setuptools downloading is disabled in conda build. Be sure to add all dependencies in the meta.yaml  url=git+git://github.com/daviddrysdale/python-phonenumbers.git@python3#egg=phonenumbers3k-5.6b1r

The following NEW packages will be INSTALLED:

    openssl:    1.0.1k-1    
    pip:        6.1.1-py27_0
    python:     2.7.9-3     
    readline:   6.2-2       
    setuptools: 16.0-py27_0 
    six:        1.9.0-py27_0
    sqlalchemy: 1.0.4-py27_0
    sqlite:     3.8.4.1-1   
    system:     5.8-2       
    tk:         8.5.18-0    
    zlib:       1.2.8-0     

Linking packages ...
[                    ]|                                                  |   0%[openssl             ]|                                                  |   0%[readline            ]|####                                              |   9%[sqlite              ]|#########                                         |  18%[system              ]|#############                                     |  27%[tk                  ]|##################                                |  36%[zlib                ]|######################                            |  45%[python              ]|###########################                       |  54%[setuptools          ]|###############################                   |  63%[six                 ]|####################################              |  72%[sqlalchemy          ]|########################################          |  81%[pip                 ]|#############################################     |  90%[      COMPLETE      ]|##################################################| 100%
Removing old work directory
Source cache directory is: /home/ubuntu/miniconda/conda-bld/src_cache
Found source in cache: SQLAlchemy-Utils-0.30.1.tar.gz
Extracting download
Package: sqlalchemy-utils-0.30.1-py27_0
source tree in: /home/ubuntu/miniconda/conda-bld/work/SQLAlchemy-Utils-0.30.1
Command failed: /bin/bash -x -e /home/ubuntu/pypi-conda-builds/recipes/sqlalchemy-utils/build.sh
