sqlobject not found, trying SQLObject
0
Warning, the following versions were found for SQLObject
3.0.0a1dev-20150327
2.1.2
2.1.1
2.1.0
2.0.0
2.0.0b1dev-20141211
2.0.0a2dev-20141028
2.0.0a1dev-20140817
1.7.5
1.7.4
1.7.3
1.7.2
1.7.1
1.7.0
1.7.0b2dev-20141026
1.6.6
1.6.5
1.6.4
1.6.3
1.6.2
1.6.1
1.6.0
1.5.6
1.5.5
1.5.4
1.5.3
1.5.2
1.5.1
1.5.0
1.4.1
1.4.0
1.3.3
1.3.2
1.3.1
1.3.0
1.2.4
1.2.3
1.2.2
1.2.1
1.2.0
1.1.5
1.1.4
1.1.3
1.1.2
1.1.1
1.1.0
1.0.3
1.0.2
1.0.1
1.0.0
0.15.1
0.15.0
0.14.1
0.14.0
0.13.1
0.13.0
0.12.4
0.12.3
0.12.2
0.12.1
0.12.0
0.12.0b2
0.12.0b1
0.11.6
0.11.5
0.11.4
0.11.3
0.11.2
0.11.1
0.11.0
0.11.0b1
0.10.8
0.10.7
0.10.6
0.10.5
0.10.4
0.10.3
0.10.2
0.10.2b1
0.10.1
0.10.0
0.10.0b4
0.10.0b3
0.10.0b2
0.10.0b1
0.9.11
0.9.10
0.9.9
0.9.8
0.9.7
0.9.7b1
0.9.6
0.9.5
0.9.4
0.9.4b1
0.9.3
0.9.2
0.9.2b3
0.9.2b2
0.9.2b1
0.9.1
0.9.0
0.9.0b2
0.9.0b1
0.8.7
0.8.6
0.8.6b3
0.8.6b2
0.8.6b1
0.8.5
0.8.4
0.8.3
0.8.2
0.8.1
0.8.1b1
0.8.0
0.8.0b3
0.8.0b2
0.8.0b1
0.7.10
0.7.9
0.7.9b3
0.7.9b2
0.7.9b1
0.7.8
0.7.7
0.7.6
0.7.5
0.7.4
0.7.4b1
0.7.3
0.7.3b1
0.7.2
0.7.2b1
0.7.1
0.7.1rc1
0.7.1b1
0.7.0
0.7rc1
0.7b1
0.6.1
0.6
0.5.2
0.5.1
0.5
0.4
0.3
0.2
1.7.0b1dev-r4758
1.6.0b1dev-r4713
1.6.0a1dev-r4700
1.5.0rc1dev-r4659
1.5.0b1dev-r4622
1.4.0b1dev-r4593
1.2.0b1dev-r4477
1.1.0b1dev-r4409
1.0.0b2dev-r4370
1.0.0b1dev-r4354
0.15.0b1dev-r4283
0.15.0b1dev-r4282
0.14.0b1dev-r4243
0.13.0b2dev-r4225
0.13.0b1dev-r4218
0.12.5b1dev-r4211
Using 3.0.0a1dev-20150327
Use --version to specify a different version.
Using url https://pypi.python.org/packages/source/S/SQLObject/SQLObject-3.0.0a1dev-20150327.tar.gz (867 KB) for SQLObject.
Downloading SQLObject (use --no-download to skip this step)
Using cached download
Unpacking SQLObject...
done
working in /tmp/tmpILaP63conda_skeleton_SQLObject-3.0.0a1dev-20150327.tar.gz
Fetching package metadata: ......
Solving package specifications: .patching file core.py
Hunk #1 succeeded at 168 with fuzz 2 (offset 2 lines).

The following NEW packages will be INSTALLED:

    numpy:  1.9.2-py27_0
    pyyaml: 3.11-py27_0 
    yaml:   0.1.4-0     

Linking packages ...
[                    ]|                                                  |   0%[yaml                ]|                                                  |   0%[numpy               ]|################                                  |  33%[pyyaml              ]|#################################                 |  66%[      COMPLETE      ]|##################################################| 100%
Applying patch: '/tmp/tmpILaP63conda_skeleton_SQLObject-3.0.0a1dev-20150327.tar.gz/pypi-distutils.patch'
Warning, the following versions were found for adodbapi
2.6.0.7
2.6.0.6
2.5.0.f
2.4.3
2.4.2.2
2.4.2.1
2.4.0.1
2.0
Using 2.6.0.7
Use --version to specify a different version.
Using url https://pypi.python.org/packages/source/a/adodbapi/adodbapi-2.6.0.7.zip (328 KB) for adodbapi.
Downloading adodbapi (use --no-download to skip this step)
Using cached download
Unpacking adodbapi...
done
working in /tmp/tmpd765Y5conda_skeleton_adodbapi-2.6.0.7.zip
Solving package specifications: .patching file core.py
Hunk #1 succeeded at 168 with fuzz 2 (offset 2 lines).
adodbapi version="2.6.0.7"

Applying patch: '/tmp/tmpd765Y5conda_skeleton_adodbapi-2.6.0.7.zip/pypi-distutils.patch'
mysqldb not found, trying MySQLdb
7
Error: Could not find any versions of package MySQLdb
