Warning, the following versions were found for SQLObject
3.0.0a1dev-20150327
2.1.2
2.1.1
2.1.0
2.0.0
2.0.0b1dev-20141211
2.0.0a2dev-20141028
2.0.0a1dev-20140817
1.7.5
1.7.4
1.7.3
1.7.2
1.7.1
1.7.0
1.7.0b2dev-20141026
1.6.6
1.6.5
1.6.4
1.6.3
1.6.2
1.6.1
1.6.0
1.5.6
1.5.5
1.5.4
1.5.3
1.5.2
1.5.1
1.5.0
1.4.1
1.4.0
1.3.3
1.3.2
1.3.1
1.3.0
1.2.4
1.2.3
1.2.2
1.2.1
1.2.0
1.1.5
1.1.4
1.1.3
1.1.2
1.1.1
1.1.0
1.0.3
1.0.2
1.0.1
1.0.0
0.15.1
0.15.0
0.14.1
0.14.0
0.13.1
0.13.0
0.12.4
0.12.3
0.12.2
0.12.1
0.12.0
0.12.0b2
0.12.0b1
0.11.6
0.11.5
0.11.4
0.11.3
0.11.2
0.11.1
0.11.0
0.11.0b1
0.10.8
0.10.7
0.10.6
0.10.5
0.10.4
0.10.3
0.10.2
0.10.2b1
0.10.1
0.10.0
0.10.0b4
0.10.0b3
0.10.0b2
0.10.0b1
0.9.11
0.9.10
0.9.9
0.9.8
0.9.7
0.9.7b1
0.9.6
0.9.5
0.9.4
0.9.4b1
0.9.3
0.9.2
0.9.2b3
0.9.2b2
0.9.2b1
0.9.1
0.9.0
0.9.0b2
0.9.0b1
0.8.7
0.8.6
0.8.6b3
0.8.6b2
0.8.6b1
0.8.5
0.8.4
0.8.3
0.8.2
0.8.1
0.8.1b1
0.8.0
0.8.0b3
0.8.0b2
0.8.0b1
0.7.10
0.7.9
0.7.9b3
0.7.9b2
0.7.9b1
0.7.8
0.7.7
0.7.6
0.7.5
0.7.4
0.7.4b1
0.7.3
0.7.3b1
0.7.2
0.7.2b1
0.7.1
0.7.1rc1
0.7.1b1
0.7.0
0.7rc1
0.7b1
0.6.1
0.6
0.5.2
0.5.1
0.5
0.4
0.3
0.2
1.7.0b1dev-r4758
1.6.0b1dev-r4713
1.6.0a1dev-r4700
1.5.0rc1dev-r4659
1.5.0b1dev-r4622
1.4.0b1dev-r4593
1.2.0b1dev-r4477
1.1.0b1dev-r4409
1.0.0b2dev-r4370
1.0.0b1dev-r4354
0.15.0b1dev-r4283
0.15.0b1dev-r4282
0.14.0b1dev-r4243
0.13.0b2dev-r4225
0.13.0b1dev-r4218
0.12.5b1dev-r4211
Using 3.0.0a1dev-20150327
Use --version to specify a different version.
Using url https://pypi.python.org/packages/source/S/SQLObject/SQLObject-3.0.0a1dev-20150327.tar.gz (867 KB) for SQLObject.
Downloading SQLObject (use --no-download to skip this step)
Using cached download
Unpacking SQLObject...
done
working in /tmp/tmpgiQrH3conda_skeleton_SQLObject-3.0.0a1dev-20150327.tar.gz
Fetching package metadata: ......
Solving package specifications: .patching file core.py
Hunk #1 succeeded at 168 with fuzz 2 (offset 2 lines).
Downloading https://pypi.python.org/packages/source/s/setuptools/setuptools-2.2.tar.gz
Traceback (most recent call last):
  File "setup.py", line 8, in <module>
    use_setuptools()
  File "/tmp/tmpgiQrH3conda_skeleton_SQLObject-3.0.0a1dev-20150327.tar.gz/SQLObject-3.0.0a1dev-20150327/ez_setup.py", line 126, in use_setuptools
    return _do_download(version, download_base, to_dir, download_delay)
  File "/tmp/tmpgiQrH3conda_skeleton_SQLObject-3.0.0a1dev-20150327.tar.gz/SQLObject-3.0.0a1dev-20150327/ez_setup.py", line 105, in _do_download
    to_dir, download_delay)
  File "/tmp/tmpgiQrH3conda_skeleton_SQLObject-3.0.0a1dev-20150327.tar.gz/SQLObject-3.0.0a1dev-20150327/ez_setup.py", line 285, in download_setuptools
    downloader(url, saveto)
  File "/tmp/tmpgiQrH3conda_skeleton_SQLObject-3.0.0a1dev-20150327.tar.gz/SQLObject-3.0.0a1dev-20150327/ez_setup.py", line 192, in download_file_curl
    _clean_check(cmd, target)
  File "/tmp/tmpgiQrH3conda_skeleton_SQLObject-3.0.0a1dev-20150327.tar.gz/SQLObject-3.0.0a1dev-20150327/ez_setup.py", line 155, in _clean_check
    subprocess.check_call(cmd)
  File "/home/ubuntu/miniconda/envs/_build/lib/python2.7/subprocess.py", line 540, in check_call
    raise CalledProcessError(retcode, cmd)
subprocess.CalledProcessError: Command '['curl', 'https://pypi.python.org/packages/source/s/setuptools/setuptools-2.2.tar.gz', '--silent', '--output', '/tmp/tmpgiQrH3conda_skeleton_SQLObject-3.0.0a1dev-20150327.tar.gz/SQLObject-3.0.0a1dev-20150327/setuptools-2.2.tar.gz']' returned non-zero exit status 77

Applying patch: '/tmp/tmpgiQrH3conda_skeleton_SQLObject-3.0.0a1dev-20150327.tar.gz/pypi-distutils.patch'
$PYTHONPATH = /tmp/tmpgiQrH3conda_skeleton_SQLObject-3.0.0a1dev-20150327.tar.gz/SQLObject-3.0.0a1dev-20150327
Error: command failed: /home/ubuntu/miniconda/envs/_build/bin/python setup.py install
