Warning, the following versions were found for sqlparse
0.1.15
0.1.14
0.1.13
0.1.12
0.1.11
0.1.10
0.1.9
0.1.8
0.1.7
0.1.6
0.1.5
0.1.4
0.1.3
0.1.2
0.1.1
0.1.0
Using 0.1.15
Use --version to specify a different version.
Using url https://pypi.python.org/packages/source/s/sqlparse/sqlparse-0.1.15.tar.gz (57 KB) for sqlparse.
Downloading sqlparse (use --no-download to skip this step)
Using cached download
Unpacking sqlparse...
done
working in /tmp/tmpLG1fx7conda_skeleton_sqlparse-0.1.15.tar.gz
Fetching package metadata: ......
Solving package specifications: .patching file core.py
Hunk #1 succeeded at 168 with fuzz 2 (offset 2 lines).

The following NEW packages will be INSTALLED:

    numpy:  1.9.2-py27_0
    pyyaml: 3.11-py27_0 

Linking packages ...
[                    ]|                                                  |   0%[numpy               ]|                                                  |   0%[pyyaml              ]|#########################                         |  50%[      COMPLETE      ]|##################################################| 100%
Applying patch: '/tmp/tmpLG1fx7conda_skeleton_sqlparse-0.1.15.tar.gz/pypi-distutils.patch'
Writing recipe for sqlparse
Done
