Warning, the following versions were found for ssh
1.8.0
1.7.14
1.7.13
1.7.12
1.7.11
1.7.10
1.7.9
1.7.8
Using 1.8.0
Use --version to specify a different version.
Using url https://pypi.python.org/packages/source/s/ssh/ssh-1.8.0.tar.gz (777 KB) for ssh.
Downloading ssh (use --no-download to skip this step)
Using cached download
Unpacking ssh...
done
working in /tmp/tmptsk7w3conda_skeleton_ssh-1.8.0.tar.gz
Fetching package metadata: ......
Solving package specifications: .patching file core.py
Hunk #1 succeeded at 168 with fuzz 2 (offset 2 lines).

Applying patch: '/tmp/tmptsk7w3conda_skeleton_ssh-1.8.0.tar.gz/pypi-distutils.patch'
Writing recipe for ssh
Done
