Package search: {'_pypi_ordering': False, 'version': '1.16', 'name': 'ssl', 'summary': 'SSL wrapper for socket objects (2.3, 2.4, 2.5 compatible)'}
Fetching package metadata: ....
Fetching package metadata: ....
Solving package specifications: .
Package plan for installation in environment /home/ubuntu/miniconda/envs/_pipbuild_:

The following NEW packages will be INSTALLED:

    openssl:    1.0.1k-1    
    pip:        7.0.3-py27_0
    python:     2.7.10-0    
    readline:   6.2-2       
    setuptools: 17.0-py27_0 
    sqlite:     3.8.4.1-1   
    system:     5.8-2       
    tk:         8.5.18-0    
    zlib:       1.2.8-0     

Linking packages ...
[                    ]|                                                  |   0%[openssl             ]|                                                  |   0%[readline            ]|#####                                             |  11%[sqlite              ]|###########                                       |  22%[system              ]|################                                  |  33%[tk                  ]|######################                            |  44%[zlib                ]|###########################                       |  55%[python              ]|#################################                 |  66%[setuptools          ]|######################################            |  77%[pip                 ]|############################################      |  88%[      COMPLETE      ]|##################################################| 100%
#
# To activate this environment, use:
# $ source activate _pipbuild_
#
# To deactivate this environment, use:
# $ source deactivate
#
Collecting ssl==1.16
  Downloading http://localhost/packages/source/s/ssl/ssl-1.16.tar.gz
    Complete output from command python setup.py egg_info:
    Traceback (most recent call last):
      File "<string>", line 20, in <module>
      File "/tmp/pip-build-_eupZR/ssl/setup.py", line 12, in <module>
        + "or earlier.")
    ValueError: This extension should not be used with Python 2.6 or later (already built in), and has not been tested with Python 2.3.4 or earlier.
    
    ----------------------------------------
Command "python setup.py egg_info" failed with error code 1 in /tmp/pip-build-_eupZR/ssl
Creating standard recipe for ssl-1.16
Using url https://pypi.python.org/packages/source/s/ssl/ssl-1.16.tar.gz (32 KB) for ssl.
Downloading ssl (use --no-download to skip this step)
Using cached download
Unpacking ssl...
done
working in /tmp/tmp4kpkq1conda_skeleton_ssl-1.16.tar.gz
Fetching package metadata: ......
Solving package specifications: .patching file core.py
Hunk #1 succeeded at 168 with fuzz 2 (offset 2 lines).
Traceback (most recent call last):
  File "setup.py", line 12, in <module>
    + "or earlier.")
ValueError: This extension should not be used with Python 2.6 or later (already built in), and has not been tested with Python 2.3.4 or earlier.

Applying patch: '/tmp/tmp4kpkq1conda_skeleton_ssl-1.16.tar.gz/pypi-distutils.patch'
$PYTHONPATH = /tmp/tmp4kpkq1conda_skeleton_ssl-1.16.tar.gz/ssl-1.16
Error: command failed: /home/ubuntu/miniconda/envs/_build/bin/python setup.py install

conda create -n _pipbuild_ --yes python pip
/home/ubuntu/miniconda/envs/_pipbuild_/bin/pip install ssl==1.16
Error: Could not pip install ssl==1.16
