Package search: {'_pypi_ordering': False, 'version': '1.16', 'name': 'ssl', 'summary': 'SSL wrapper for socket objects (2.3, 2.4, 2.5 compatible)'}
Fetching package metadata: ....
Error: prefix already exists: /home/ubuntu/miniconda/envs/_pipbuild_
You are using pip version 7.0.1, however version 7.0.3 is available.
You should consider upgrading via the 'pip install --upgrade pip' command.
Collecting ssl==1.16
  Downloading http://localhost/packages/source/s/ssl/ssl-1.16.tar.gz
    Complete output from command python setup.py egg_info:
    Traceback (most recent call last):
      File "<string>", line 20, in <module>
      File "/tmp/pip-build-Xe_9vc/ssl/setup.py", line 12, in <module>
        + "or earlier.")
    ValueError: This extension should not be used with Python 2.6 or later (already built in), and has not been tested with Python 2.3.4 or earlier.
    
    ----------------------------------------
Command "python setup.py egg_info" failed with error code 1 in /tmp/pip-build-Xe_9vc/ssl
Creating standard recipe for ssl-1.16
Using url https://pypi.python.org/packages/source/s/ssl/ssl-1.16.tar.gz (32 KB) for ssl.
Downloading ssl (use --no-download to skip this step)
Using cached download
Unpacking ssl...
done
working in /tmp/tmpiTJzMnconda_skeleton_ssl-1.16.tar.gz
Fetching package metadata: ......
Solving package specifications: .patching file core.py
Hunk #1 succeeded at 168 with fuzz 2 (offset 2 lines).
Traceback (most recent call last):
  File "setup.py", line 12, in <module>
    + "or earlier.")
ValueError: This extension should not be used with Python 2.6 or later (already built in), and has not been tested with Python 2.3.4 or earlier.

The following NEW packages will be INSTALLED:

    numpy:  1.9.2-py27_0
    pyyaml: 3.11-py27_0 
    yaml:   0.1.4-0     

Linking packages ...
[                    ]|                                                  |   0%[yaml                ]|                                                  |   0%[numpy               ]|################                                  |  33%[pyyaml              ]|#################################                 |  66%[      COMPLETE      ]|##################################################| 100%
Applying patch: '/tmp/tmpiTJzMnconda_skeleton_ssl-1.16.tar.gz/pypi-distutils.patch'
$PYTHONPATH = /tmp/tmpiTJzMnconda_skeleton_ssl-1.16.tar.gz/ssl-1.16
Error: command failed: /home/ubuntu/miniconda/envs/_build/bin/python setup.py install

conda create -n _pipbuild_ --yes python pip
/home/ubuntu/miniconda/envs/_pipbuild_/bin/pip install ssl==1.16
Error: Could not pip install ssl==1.16
