Warning, the following versions were found for ssl
1.16
1.15
Using 1.16
Use --version to specify a different version.
Using url https://pypi.python.org/packages/source/s/ssl/ssl-1.16.tar.gz (32 KB) for ssl.
Downloading ssl (use --no-download to skip this step)
Using cached download
Unpacking ssl...
done
working in /tmp/tmptkPRr2conda_skeleton_ssl-1.16.tar.gz
Fetching package metadata: ......
Solving package specifications: .patching file core.py
Hunk #1 succeeded at 168 with fuzz 2 (offset 2 lines).
Traceback (most recent call last):
  File "setup.py", line 12, in <module>
    + "or earlier.")
ValueError: This extension should not be used with Python 2.6 or later (already built in), and has not been tested with Python 2.3.4 or earlier.

The following NEW packages will be INSTALLED:

    numpy:  1.9.2-py27_0
    pyyaml: 3.11-py27_0 

Linking packages ...
[                    ]|                                                  |   0%[numpy               ]|                                                  |   0%[pyyaml              ]|#########################                         |  50%[      COMPLETE      ]|##################################################| 100%
Applying patch: '/tmp/tmptkPRr2conda_skeleton_ssl-1.16.tar.gz/pypi-distutils.patch'
$PYTHONPATH = /tmp/tmptkPRr2conda_skeleton_ssl-1.16.tar.gz/ssl-1.16
Error: command failed: /home/ubuntu/miniconda/envs/_build/bin/python setup.py install
