Warning, the following versions were found for statsd
3.1
3.0.1
3.0
2.1.2
2.1.1
2.1
2.0.3
2.0.2
2.0.1
2.0.0
1.0.0
0.5.1
0.5.0
0.4.0
0.3.0
0.2.0
0.1.1
0.1
Using 3.1
Use --version to specify a different version.
Using url https://pypi.python.org/packages/source/s/statsd/statsd-3.1.tar.gz (162 KB) for statsd.
Downloading statsd (use --no-download to skip this step)
Using cached download
Unpacking statsd...
done
working in /tmp/tmp5q8WGyconda_skeleton_statsd-3.1.tar.gz
Fetching package metadata: ......
Solving package specifications: .patching file core.py
Hunk #1 succeeded at 168 with fuzz 2 (offset 2 lines).

The following NEW packages will be INSTALLED:

    numpy:  1.9.2-py27_0
    pyyaml: 3.11-py27_0 

Linking packages ...
[                    ]|                                                  |   0%[numpy               ]|                                                  |   0%[pyyaml              ]|#########################                         |  50%[      COMPLETE      ]|##################################################| 100%
Applying patch: '/tmp/tmp5q8WGyconda_skeleton_statsd-3.1.tar.gz/pypi-distutils.patch'
Writing recipe for statsd
Done
