Warning, the following versions were found for streamcorpus
0.3.52
0.3.52.dev2
0.3.52.dev1
0.3.51
0.3.50
0.3.50.dev1
0.3.49
0.3.49.dev2
0.3.49.dev1
0.3.48
0.3.48.dev16
0.3.47
0.3.46
0.3.45
0.3.44.dev1
0.3.43
0.3.43.dev5
0.3.43.dev4
0.3.43.dev3
0.3.42
0.3.41
0.3.41.dev1
0.3.40
0.3.39
0.3.39.dev3
0.3.39.dev2
0.3.38
0.3.38.dev1
0.3.37.dev2
0.3.37.dev1
0.3.36
0.3.36.dev1
0.3.35
0.3.35.dev1
0.3.34
0.3.34.dev10
0.3.34.dev9
0.3.34.dev8
0.3.34.dev7
0.3.34.dev6
0.3.34.dev5
0.3.34.dev3
0.3.34.dev2
0.3.33
0.3.33.dev2
0.3.32.dev4
0.3.32.dev3
0.3.32.dev2
0.3.32.dev1
0.3.31
0.3.30
0.3.28
0.3.28.dev1
0.3.27
0.3.27.dev5
0.3.27.dev4
0.3.27.dev3
0.3.27.dev2
0.3.27.dev1
0.3.26
0.3.25.dev4
0.3.25.dev2
0.3.25.dev1
0.3.24
0.3.24.dev13
0.3.24.dev9
0.3.24.dev5
0.3.24.dev3
0.3.24.dev1
0.3.23
0.2.22
0.2.21
0.2.20
0.2.19
0.2.18
0.2.17
0.2.16
0.2.15
0.2.14
0.2.13
0.2.12
Using 0.3.52
Use --version to specify a different version.
Using url https://pypi.python.org/packages/source/s/streamcorpus/streamcorpus-0.3.52.tar.gz (66 KB) for streamcorpus.
Downloading streamcorpus (use --no-download to skip this step)
Using cached download
Unpacking streamcorpus...
done
working in /tmp/tmpvLo9ctconda_skeleton_streamcorpus-0.3.52.tar.gz
Fetching package metadata: ......
Solving package specifications: .patching file core.py
Hunk #1 succeeded at 168 with fuzz 2 (offset 2 lines).
Traceback (most recent call last):
  File "setup.py", line 13, in <module>
    from setuptools import setup, find_packages
ImportError: No module named setuptools

The following NEW packages will be INSTALLED:

    numpy:  1.9.2-py27_0
    pyyaml: 3.11-py27_0 

Linking packages ...
[                    ]|                                                  |   0%[numpy               ]|                                                  |   0%[pyyaml              ]|#########################                         |  50%[      COMPLETE      ]|##################################################| 100%
Applying patch: '/tmp/tmpvLo9ctconda_skeleton_streamcorpus-0.3.52.tar.gz/pypi-distutils.patch'
$PYTHONPATH = /tmp/tmpvLo9ctconda_skeleton_streamcorpus-0.3.52.tar.gz/streamcorpus-0.3.52
Error: command failed: /home/ubuntu/miniconda/envs/_build/bin/python setup.py install
