Warning, the following versions were found for stripe
1.22.3
1.22.2
1.22.1
1.22.0
1.21.0
1.20.2
1.20.1
1.19.1
1.19.0
1.18.0
1.17.0
1.16.0
1.15.1
1.14.1
1.14.0
1.13.0
1.12.2
1.12.0
1.11.0
1.10.8
1.9.8
1.9.7
1.9.6
1.9.5
1.9.4
1.9.3
1.9.2
1.9.1
1.9.0
1.7.10
1.7.9
1.7.8
1.7.7
1.7.6
1.7.5
1.7.4
1.7.3
1.7.2
1.7.1
1.7.0
1.6.1
1.5.36
1.5.35
1.5.34
1.5.33
1.5.32
1.5.31
1.5.30
1.5.29
1.5.28
1.5.27
1.5.26
1.5.25
1.5.24
1.5.23
1.5.22
1.5.21
1.5.20
1.5.19
1.5.18
1.5.17
1.5.16
1.5.15
1.5.14
1.5.13
1.5.12
1.5.11
1.5.10
1.5.9
1.5.8
1.5.7
1.5.6
1.5.5
1.5.4
1.5.3
1.5.2
1.5.0
Using 1.22.3
Use --version to specify a different version.
Using url https://pypi.python.org/packages/source/s/stripe/stripe-1.22.3.tar.gz (170 KB) for stripe.
Downloading stripe (use --no-download to skip this step)
Unpacking stripe...
done
working in /tmp/tmpw3X7L3conda_skeleton_stripe-1.22.3.tar.gz
Fetching package metadata: ......
Solving package specifications: .patching file core.py
Hunk #1 succeeded at 168 with fuzz 2 (offset 2 lines).

Applying patch: '/tmp/tmpw3X7L3conda_skeleton_stripe-1.22.3.tar.gz/pypi-distutils.patch'
Writing recipe for stripe
Done
