Warning, the following versions were found for stuf
0.9.16
0.9.14
0.9.13
0.9.12
0.9.10
0.9.9
0.9.8
0.9.7
0.9.6
0.9.4
0.9.3
0.9.2
0.9.1
0.9.0
0.8.22
0.8.20
0.8.19
0.8.18
0.8.16
0.8.15
0.8.14
0.8.13
0.8.12
0.8.11
0.8.10
0.8.9
0.8.8
0.8.7
0.8.6
0.8.4
0.8.3
0.8.2
0.8.1
0.8.0
0.7.1
0.7.0
0.6.0
0.5.1
0.5
0.4
0.3
0.2
0.1
0.8.5....
Using 0.9.16
Use --version to specify a different version.
Using url https://pypi.python.org/packages/source/s/stuf/stuf-0.9.16.tar.bz2 (21 KB) for stuf.
Downloading stuf (use --no-download to skip this step)
Using cached download
Unpacking stuf...
done
working in /tmp/tmpbHSjzYconda_skeleton_stuf-0.9.16.tar.bz2
Fetching package metadata: ......
Solving package specifications: .patching file core.py
Hunk #1 succeeded at 168 with fuzz 2 (offset 2 lines).

Applying patch: '/tmp/tmpbHSjzYconda_skeleton_stuf-0.9.16.tar.bz2/pypi-distutils.patch'
Writing recipe for stuf
Done
