Removing old build directory
Removing old work directory
BUILD START: subprocess32-3.2.6-py27_0
Fetching package metadata: ......
Solving package specifications: .+ /home/ubuntu/miniconda/envs/_build/bin/python setup.py install
running install
running build
running build_py
creating build
creating build/lib.linux-x86_64-2.7
copying subprocess32.py -> build/lib.linux-x86_64-2.7
running build_ext
building '_posixsubprocess' extension
creating build/temp.linux-x86_64-2.7
gcc -pthread -fno-strict-aliasing -g -O2 -DNDEBUG -g -fwrapv -O3 -Wall -Wstrict-prototypes -fPIC -I/home/ubuntu/miniconda/envs/_build/include/python2.7 -c _posixsubprocess.c -o build/temp.linux-x86_64-2.7/_posixsubprocess.o
gcc -pthread -shared -L/home/ubuntu/miniconda/envs/_build/lib -Wl,-rpath=/home/ubuntu/miniconda/envs/_build/lib,--no-as-needed build/temp.linux-x86_64-2.7/_posixsubprocess.o -L/home/ubuntu/miniconda/envs/_build/lib -lpython2.7 -o build/lib.linux-x86_64-2.7/_posixsubprocess.so
running install_lib
copying build/lib.linux-x86_64-2.7/_posixsubprocess.so -> /home/ubuntu/miniconda/envs/_build/lib/python2.7/site-packages
copying build/lib.linux-x86_64-2.7/subprocess32.py -> /home/ubuntu/miniconda/envs/_build/lib/python2.7/site-packages
byte-compiling /home/ubuntu/miniconda/envs/_build/lib/python2.7/site-packages/subprocess32.py to subprocess32.pyc
running install_egg_info
Writing /home/ubuntu/miniconda/envs/_build/lib/python2.7/site-packages/subprocess32-3.2.6-py2.7.egg-info

The following NEW packages will be INSTALLED:

    openssl:    1.0.1k-1    
    pip:        7.0.1-py27_0
    python:     2.7.10-0    
    readline:   6.2-2       
    setuptools: 17.0-py27_0 
    sqlite:     3.8.4.1-1   
    system:     5.8-2       
    tk:         8.5.18-0    
    zlib:       1.2.8-0     

Linking packages ...
[                    ]|                                                  |   0%[openssl             ]|                                                  |   0%[readline            ]|#####                                             |  11%[sqlite              ]|###########                                       |  22%[system              ]|################                                  |  33%[tk                  ]|######################                            |  44%[zlib                ]|###########################                       |  55%[python              ]|#################################                 |  66%[setuptools          ]|######################################            |  77%[pip                 ]|############################################      |  88%[      COMPLETE      ]|##################################################| 100%
Removing old work directory
Source cache directory is: /home/ubuntu/miniconda/conda-bld/src_cache
Found source in cache: subprocess32-3.2.6.tar.gz
Extracting download
Package: subprocess32-3.2.6-py27_0
source tree in: /home/ubuntu/miniconda/conda-bld/work/subprocess32-3.2.6
number of files: 4
Fixing permissions
patchelf: file: /home/ubuntu/miniconda/envs/_build/lib/python2.7/site-packages/_posixsubprocess.so
    setting rpath to: $ORIGIN/../..
Ignored hard-coded path in lib/python2.7/site-packages/_posixsubprocess.so
Fixing permissions
BUILD END: subprocess32-3.2.6-py27_0
Nothing to test for: subprocess32-3.2.6-py27_0
# If you want to upload this package to binstar.org later, type:
#
# $ binstar upload /home/ubuntu/miniconda/conda-bld/linux-64/subprocess32-3.2.6-py27_0.tar.bz2
#
# To have conda build upload to binstar automatically, use
# $ conda config --set binstar_upload yes

