Warning, the following versions were found for subprocess32
3.2.6
3.2.5
3.2.5rc1
3.2.3
3.2.3b1
3.2.0
Using 3.2.6
Use --version to specify a different version.
Using url https://pypi.python.org/packages/source/s/subprocess32/subprocess32-3.2.6.tar.gz (51 KB) for subprocess32.
Downloading subprocess32 (use --no-download to skip this step)
Using cached download
Unpacking subprocess32...
done
working in /tmp/tmpfEIBofconda_skeleton_subprocess32-3.2.6.tar.gz
Fetching package metadata: ......
Solving package specifications: .patching file core.py
Hunk #1 succeeded at 168 with fuzz 2 (offset 2 lines).

Applying patch: '/tmp/tmpfEIBofconda_skeleton_subprocess32-3.2.6.tar.gz/pypi-distutils.patch'
Writing recipe for subprocess32
Done
