Warning, the following versions were found for suds
0.4
0.3.9
0.3.8
0.3.7
0.3.6
0.3.5
0.3.4
Using 0.4
Use --version to specify a different version.
Using url https://pypi.python.org/packages/source/s/suds/suds-0.4.tar.gz (102 KB) for suds.
Downloading suds (use --no-download to skip this step)
Using cached download
Unpacking suds...
done
working in /tmp/tmpc0LSG4conda_skeleton_suds-0.4.tar.gz
Fetching package metadata: ......
Solving package specifications: .patching file core.py
Hunk #1 succeeded at 168 with fuzz 2 (offset 2 lines).

The following NEW packages will be INSTALLED:

    numpy:  1.9.2-py27_0
    pyyaml: 3.11-py27_0 

Linking packages ...
[                    ]|                                                  |   0%[numpy               ]|                                                  |   0%[pyyaml              ]|#########################                         |  50%[      COMPLETE      ]|##################################################| 100%
Applying patch: '/tmp/tmpc0LSG4conda_skeleton_suds-0.4.tar.gz/pypi-distutils.patch'
Writing recipe for suds
Done
