Warning, the following versions were found for supernova
1.0.7
1.0.6
1.0.5
1.0.4
1.0.3
1.0.2
1.0.1
1.0.0
0.9.6
0.9.5
0.9.0
0.8.0
0.7.4
Using 1.0.7
Use --version to specify a different version.
Using url https://pypi.python.org/packages/source/s/supernova/supernova-1.0.7.tar.gz (128 KB) for supernova.
Downloading supernova (use --no-download to skip this step)
Using cached download
Unpacking supernova...
done
working in /tmp/tmpo3Y55Pconda_skeleton_supernova-1.0.7.tar.gz
Fetching package metadata: ......
Solving package specifications: .patching file core.py
Hunk #1 succeeded at 168 with fuzz 2 (offset 2 lines).

The following NEW packages will be INSTALLED:

    numpy:  1.9.2-py27_0
    pyyaml: 3.11-py27_0 

Linking packages ...
[                    ]|                                                  |   0%[numpy               ]|                                                  |   0%[pyyaml              ]|#########################                         |  50%[      COMPLETE      ]|##################################################| 100%
Applying patch: '/tmp/tmpo3Y55Pconda_skeleton_supernova-1.0.7.tar.gz/pypi-distutils.patch'
Writing recipe for supernova
Done
