Warning, the following versions were found for sure
1.2.12
1.2.11
1.2.10
1.2.9
1.2.8
1.2.7
1.2.5
1.2.4
1.2.3
1.2.2
1.2.1
1.2.0
1.1.7
1.1.6
1.1.5
1.1.4
1.1.3
1.1.2
1.1.1
1.1.0
1.0.6
1.0.5
1.0.4
1.0.3
1.0.2-alpha
1.0.1alpha
1.0.0alpha
0.10.4
0.10.3
0.10.2
0.10.1
0.10.0
0.9.3
0.9.2
0.9.1
0.9.0
0.8.1
0.8.0
0.7.0
0.6.1
0.6
0.5.1
0.5.0
0.4.0
0.3
0.2
0.1.9
0.1.8
0.1.7-alpha
0.1.6-alpha
0.1.5-unreleased
0.1.3-unreleased
0.1-unreleased
Using 1.2.12
Use --version to specify a different version.
Using url https://pypi.python.org/packages/source/s/sure/sure-1.2.12.tar.gz (27 KB) for sure.
Downloading sure (use --no-download to skip this step)
Using cached download
Unpacking sure...
done
working in /tmp/tmpRaKc8Iconda_skeleton_sure-1.2.12.tar.gz
Fetching package metadata: ......
Solving package specifications: .patching file core.py
Hunk #1 succeeded at 168 with fuzz 2 (offset 2 lines).
Traceback (most recent call last):
  File "setup.py", line 21, in <module>
    from setuptools import setup, find_packages
ImportError: No module named setuptools

Applying patch: '/tmp/tmpRaKc8Iconda_skeleton_sure-1.2.12.tar.gz/pypi-distutils.patch'
$PYTHONPATH = /tmp/tmpRaKc8Iconda_skeleton_sure-1.2.12.tar.gz/sure-1.2.12
Error: command failed: /home/ubuntu/miniconda/envs/_build/bin/python setup.py install
