Warning, the following versions were found for tablib
0.10.0
0.9.11
0.9.10
0.9.9
0.9.8
0.9.7
0.9.6
0.9.5
0.9.4
0.9.3
0.9.2
0.9.1
0.9.0
0.8.4
0.8.3
0.8.2
0.8.1
0.8.0
0.7.1
0.7.0
0.6.4
0.6.3
0.6.2
0.6.1
0.0.1
Using 0.10.0
Use --version to specify a different version.
Using url https://pypi.python.org/packages/source/t/tablib/tablib-0.10.0.tar.gz (708 KB) for tablib.
Downloading tablib (use --no-download to skip this step)
Using cached download
Unpacking tablib...
done
working in /tmp/tmpD5hJqKconda_skeleton_tablib-0.10.0.tar.gz
Fetching package metadata: ......
Solving package specifications: .patching file core.py
Hunk #1 succeeded at 168 with fuzz 2 (offset 2 lines).

Applying patch: '/tmp/tmpD5hJqKconda_skeleton_tablib-0.10.0.tar.gz/pypi-distutils.patch'
Writing recipe for tablib
Done
