Removing old build directory
Removing old work directory
BUILD START: tablib-0.10.0-py27_0
Fetching package metadata: ......
Solving package specifications: .+ /home/ubuntu/miniconda/envs/_build/bin/python setup.py install
running install
running bdist_egg
running egg_info
writing tablib.egg-info/PKG-INFO
writing top-level names to tablib.egg-info/top_level.txt
writing dependency_links to tablib.egg-info/dependency_links.txt
reading manifest file 'tablib.egg-info/SOURCES.txt'
reading manifest template 'MANIFEST.in'
writing manifest file 'tablib.egg-info/SOURCES.txt'
installing library code to build/bdist.linux-x86_64/egg
running install_lib
running build_py
creating build
creating build/lib
creating build/lib/tablib
copying tablib/compat.py -> build/lib/tablib
copying tablib/__init__.py -> build/lib/tablib
copying tablib/core.py -> build/lib/tablib
creating build/lib/tablib/formats
copying tablib/formats/_csv.py -> build/lib/tablib/formats
copying tablib/formats/_tsv.py -> build/lib/tablib/formats
copying tablib/formats/_json.py -> build/lib/tablib/formats
copying tablib/formats/_ods.py -> build/lib/tablib/formats
copying tablib/formats/_html.py -> build/lib/tablib/formats
copying tablib/formats/_xls.py -> build/lib/tablib/formats
copying tablib/formats/__init__.py -> build/lib/tablib/formats
copying tablib/formats/_xlsx.py -> build/lib/tablib/formats
copying tablib/formats/_yaml.py -> build/lib/tablib/formats
creating build/lib/tablib/packages
copying tablib/packages/markup3.py -> build/lib/tablib/packages
copying tablib/packages/markup.py -> build/lib/tablib/packages
copying tablib/packages/__init__.py -> build/lib/tablib/packages
copying tablib/packages/ordereddict.py -> build/lib/tablib/packages
creating build/lib/tablib/packages/xlwt
copying tablib/packages/xlwt/CompoundDoc.py -> build/lib/tablib/packages/xlwt
copying tablib/packages/xlwt/Cell.py -> build/lib/tablib/packages/xlwt
copying tablib/packages/xlwt/ExcelFormula.py -> build/lib/tablib/packages/xlwt
copying tablib/packages/xlwt/UnicodeUtils.py -> build/lib/tablib/packages/xlwt
copying tablib/packages/xlwt/ExcelMagic.py -> build/lib/tablib/packages/xlwt
copying tablib/packages/xlwt/Utils.py -> build/lib/tablib/packages/xlwt
copying tablib/packages/xlwt/Column.py -> build/lib/tablib/packages/xlwt
copying tablib/packages/xlwt/Bitmap.py -> build/lib/tablib/packages/xlwt
copying tablib/packages/xlwt/Worksheet.py -> build/lib/tablib/packages/xlwt
copying tablib/packages/xlwt/Style.py -> build/lib/tablib/packages/xlwt
copying tablib/packages/xlwt/BIFFRecords.py -> build/lib/tablib/packages/xlwt
copying tablib/packages/xlwt/Workbook.py -> build/lib/tablib/packages/xlwt
copying tablib/packages/xlwt/ExcelFormulaLexer.py -> build/lib/tablib/packages/xlwt
copying tablib/packages/xlwt/Row.py -> build/lib/tablib/packages/xlwt
copying tablib/packages/xlwt/__init__.py -> build/lib/tablib/packages/xlwt
copying tablib/packages/xlwt/antlr.py -> build/lib/tablib/packages/xlwt
copying tablib/packages/xlwt/ExcelFormulaParser.py -> build/lib/tablib/packages/xlwt
copying tablib/packages/xlwt/Formatting.py -> build/lib/tablib/packages/xlwt
creating build/lib/tablib/packages/xlwt3
copying tablib/packages/xlwt3/CompoundDoc.py -> build/lib/tablib/packages/xlwt3
copying tablib/packages/xlwt3/Cell.py -> build/lib/tablib/packages/xlwt3
copying tablib/packages/xlwt3/ExcelFormula.py -> build/lib/tablib/packages/xlwt3
copying tablib/packages/xlwt3/UnicodeUtils.py -> build/lib/tablib/packages/xlwt3
copying tablib/packages/xlwt3/ExcelMagic.py -> build/lib/tablib/packages/xlwt3
copying tablib/packages/xlwt3/Utils.py -> build/lib/tablib/packages/xlwt3
copying tablib/packages/xlwt3/Column.py -> build/lib/tablib/packages/xlwt3
copying tablib/packages/xlwt3/Bitmap.py -> build/lib/tablib/packages/xlwt3
copying tablib/packages/xlwt3/Worksheet.py -> build/lib/tablib/packages/xlwt3
copying tablib/packages/xlwt3/Style.py -> build/lib/tablib/packages/xlwt3
copying tablib/packages/xlwt3/BIFFRecords.py -> build/lib/tablib/packages/xlwt3
copying tablib/packages/xlwt3/Workbook.py -> build/lib/tablib/packages/xlwt3
copying tablib/packages/xlwt3/ExcelFormulaLexer.py -> build/lib/tablib/packages/xlwt3
copying tablib/packages/xlwt3/Row.py -> build/lib/tablib/packages/xlwt3
copying tablib/packages/xlwt3/__init__.py -> build/lib/tablib/packages/xlwt3
copying tablib/packages/xlwt3/antlr.py -> build/lib/tablib/packages/xlwt3
copying tablib/packages/xlwt3/ExcelFormulaParser.py -> build/lib/tablib/packages/xlwt3
copying tablib/packages/xlwt3/Formatting.py -> build/lib/tablib/packages/xlwt3
creating build/lib/tablib/packages/xlrd
copying tablib/packages/xlrd/xldate.py -> build/lib/tablib/packages/xlrd
copying tablib/packages/xlrd/biffh.py -> build/lib/tablib/packages/xlrd
copying tablib/packages/xlrd/formula.py -> build/lib/tablib/packages/xlrd
copying tablib/packages/xlrd/compdoc.py -> build/lib/tablib/packages/xlrd
copying tablib/packages/xlrd/sheet.py -> build/lib/tablib/packages/xlrd
copying tablib/packages/xlrd/__init__.py -> build/lib/tablib/packages/xlrd
copying tablib/packages/xlrd/formatting.py -> build/lib/tablib/packages/xlrd
copying tablib/packages/xlrd/timemachine.py -> build/lib/tablib/packages/xlrd
copying tablib/packages/xlrd/licences.py -> build/lib/tablib/packages/xlrd
creating build/lib/tablib/packages/xlrd3
copying tablib/packages/xlrd3/xldate.py -> build/lib/tablib/packages/xlrd3
copying tablib/packages/xlrd3/xfconst.py -> build/lib/tablib/packages/xlrd3
copying tablib/packages/xlrd3/biffh.py -> build/lib/tablib/packages/xlrd3
copying tablib/packages/xlrd3/formula.py -> build/lib/tablib/packages/xlrd3
copying tablib/packages/xlrd3/xfcell.py -> build/lib/tablib/packages/xlrd3
copying tablib/packages/xlrd3/compdoc.py -> build/lib/tablib/packages/xlrd3
copying tablib/packages/xlrd3/sheet.py -> build/lib/tablib/packages/xlrd3
copying tablib/packages/xlrd3/__init__.py -> build/lib/tablib/packages/xlrd3
copying tablib/packages/xlrd3/formatting.py -> build/lib/tablib/packages/xlrd3
creating build/lib/tablib/packages/omnijson
copying tablib/packages/omnijson/__init__.py -> build/lib/tablib/packages/omnijson
copying tablib/packages/omnijson/core.py -> build/lib/tablib/packages/omnijson
creating build/lib/tablib/packages/odf
copying tablib/packages/odf/grammar.py -> build/lib/tablib/packages/odf
copying tablib/packages/odf/attrconverters.py -> build/lib/tablib/packages/odf
copying tablib/packages/odf/meta.py -> build/lib/tablib/packages/odf
copying tablib/packages/odf/odf2xhtml.py -> build/lib/tablib/packages/odf
copying tablib/packages/odf/table.py -> build/lib/tablib/packages/odf
copying tablib/packages/odf/teletype.py -> build/lib/tablib/packages/odf
copying tablib/packages/odf/svg.py -> build/lib/tablib/packages/odf
copying tablib/packages/odf/dr3d.py -> build/lib/tablib/packages/odf
copying tablib/packages/odf/office.py -> build/lib/tablib/packages/odf
copying tablib/packages/odf/config.py -> build/lib/tablib/packages/odf
copying tablib/packages/odf/chart.py -> build/lib/tablib/packages/odf
copying tablib/packages/odf/dc.py -> build/lib/tablib/packages/odf
copying tablib/packages/odf/userfield.py -> build/lib/tablib/packages/odf
copying tablib/packages/odf/easyliststyle.py -> build/lib/tablib/packages/odf
copying tablib/packages/odf/xforms.py -> build/lib/tablib/packages/odf
copying tablib/packages/odf/odfmanifest.py -> build/lib/tablib/packages/odf
copying tablib/packages/odf/load.py -> build/lib/tablib/packages/odf
copying tablib/packages/odf/opendocument.py -> build/lib/tablib/packages/odf
copying tablib/packages/odf/style.py -> build/lib/tablib/packages/odf
copying tablib/packages/odf/odf2moinmoin.py -> build/lib/tablib/packages/odf
copying tablib/packages/odf/number.py -> build/lib/tablib/packages/odf
copying tablib/packages/odf/script.py -> build/lib/tablib/packages/odf
copying tablib/packages/odf/math.py -> build/lib/tablib/packages/odf
copying tablib/packages/odf/presentation.py -> build/lib/tablib/packages/odf
copying tablib/packages/odf/thumbnail.py -> build/lib/tablib/packages/odf
copying tablib/packages/odf/text.py -> build/lib/tablib/packages/odf
copying tablib/packages/odf/__init__.py -> build/lib/tablib/packages/odf
copying tablib/packages/odf/form.py -> build/lib/tablib/packages/odf
copying tablib/packages/odf/anim.py -> build/lib/tablib/packages/odf
copying tablib/packages/odf/element.py -> build/lib/tablib/packages/odf
copying tablib/packages/odf/manifest.py -> build/lib/tablib/packages/odf
copying tablib/packages/odf/elementtypes.py -> build/lib/tablib/packages/odf
copying tablib/packages/odf/namespaces.py -> build/lib/tablib/packages/odf
copying tablib/packages/odf/draw.py -> build/lib/tablib/packages/odf
creating build/lib/tablib/packages/odf3
copying tablib/packages/odf3/grammar.py -> build/lib/tablib/packages/odf3
copying tablib/packages/odf3/attrconverters.py -> build/lib/tablib/packages/odf3
copying tablib/packages/odf3/meta.py -> build/lib/tablib/packages/odf3
copying tablib/packages/odf3/odf2xhtml.py -> build/lib/tablib/packages/odf3
copying tablib/packages/odf3/table.py -> build/lib/tablib/packages/odf3
copying tablib/packages/odf3/teletype.py -> build/lib/tablib/packages/odf3
copying tablib/packages/odf3/svg.py -> build/lib/tablib/packages/odf3
copying tablib/packages/odf3/dr3d.py -> build/lib/tablib/packages/odf3
copying tablib/packages/odf3/office.py -> build/lib/tablib/packages/odf3
copying tablib/packages/odf3/config.py -> build/lib/tablib/packages/odf3
copying tablib/packages/odf3/chart.py -> build/lib/tablib/packages/odf3
copying tablib/packages/odf3/dc.py -> build/lib/tablib/packages/odf3
copying tablib/packages/odf3/userfield.py -> build/lib/tablib/packages/odf3
copying tablib/packages/odf3/easyliststyle.py -> build/lib/tablib/packages/odf3
copying tablib/packages/odf3/xforms.py -> build/lib/tablib/packages/odf3
copying tablib/packages/odf3/odfmanifest.py -> build/lib/tablib/packages/odf3
copying tablib/packages/odf3/load.py -> build/lib/tablib/packages/odf3
copying tablib/packages/odf3/opendocument.py -> build/lib/tablib/packages/odf3
copying tablib/packages/odf3/style.py -> build/lib/tablib/packages/odf3
copying tablib/packages/odf3/odf2moinmoin.py -> build/lib/tablib/packages/odf3
copying tablib/packages/odf3/number.py -> build/lib/tablib/packages/odf3
copying tablib/packages/odf3/script.py -> build/lib/tablib/packages/odf3
copying tablib/packages/odf3/math.py -> build/lib/tablib/packages/odf3
copying tablib/packages/odf3/presentation.py -> build/lib/tablib/packages/odf3
copying tablib/packages/odf3/thumbnail.py -> build/lib/tablib/packages/odf3
copying tablib/packages/odf3/text.py -> build/lib/tablib/packages/odf3
copying tablib/packages/odf3/__init__.py -> build/lib/tablib/packages/odf3
copying tablib/packages/odf3/form.py -> build/lib/tablib/packages/odf3
copying tablib/packages/odf3/anim.py -> build/lib/tablib/packages/odf3
copying tablib/packages/odf3/element.py -> build/lib/tablib/packages/odf3
copying tablib/packages/odf3/manifest.py -> build/lib/tablib/packages/odf3
copying tablib/packages/odf3/elementtypes.py -> build/lib/tablib/packages/odf3
copying tablib/packages/odf3/namespaces.py -> build/lib/tablib/packages/odf3
copying tablib/packages/odf3/draw.py -> build/lib/tablib/packages/odf3
creating build/lib/tablib/packages/openpyxl
copying tablib/packages/openpyxl/workbook.py -> build/lib/tablib/packages/openpyxl
copying tablib/packages/openpyxl/chart.py -> build/lib/tablib/packages/openpyxl
copying tablib/packages/openpyxl/worksheet.py -> build/lib/tablib/packages/openpyxl
copying tablib/packages/openpyxl/style.py -> build/lib/tablib/packages/openpyxl
copying tablib/packages/openpyxl/drawing.py -> build/lib/tablib/packages/openpyxl
copying tablib/packages/openpyxl/cell.py -> build/lib/tablib/packages/openpyxl
copying tablib/packages/openpyxl/__init__.py -> build/lib/tablib/packages/openpyxl
copying tablib/packages/openpyxl/namedrange.py -> build/lib/tablib/packages/openpyxl
creating build/lib/tablib/packages/openpyxl/shared
copying tablib/packages/openpyxl/shared/units.py -> build/lib/tablib/packages/openpyxl/shared
copying tablib/packages/openpyxl/shared/exc.py -> build/lib/tablib/packages/openpyxl/shared
copying tablib/packages/openpyxl/shared/ooxml.py -> build/lib/tablib/packages/openpyxl/shared
copying tablib/packages/openpyxl/shared/date_time.py -> build/lib/tablib/packages/openpyxl/shared
copying tablib/packages/openpyxl/shared/password_hasher.py -> build/lib/tablib/packages/openpyxl/shared
copying tablib/packages/openpyxl/shared/xmltools.py -> build/lib/tablib/packages/openpyxl/shared
copying tablib/packages/openpyxl/shared/__init__.py -> build/lib/tablib/packages/openpyxl/shared
creating build/lib/tablib/packages/openpyxl/reader
copying tablib/packages/openpyxl/reader/workbook.py -> build/lib/tablib/packages/openpyxl/reader
copying tablib/packages/openpyxl/reader/iter_worksheet.py -> build/lib/tablib/packages/openpyxl/reader
copying tablib/packages/openpyxl/reader/worksheet.py -> build/lib/tablib/packages/openpyxl/reader
copying tablib/packages/openpyxl/reader/excel.py -> build/lib/tablib/packages/openpyxl/reader
copying tablib/packages/openpyxl/reader/style.py -> build/lib/tablib/packages/openpyxl/reader
copying tablib/packages/openpyxl/reader/strings.py -> build/lib/tablib/packages/openpyxl/reader
copying tablib/packages/openpyxl/reader/__init__.py -> build/lib/tablib/packages/openpyxl/reader
creating build/lib/tablib/packages/openpyxl/writer
copying tablib/packages/openpyxl/writer/styles.py -> build/lib/tablib/packages/openpyxl/writer
copying tablib/packages/openpyxl/writer/theme.py -> build/lib/tablib/packages/openpyxl/writer
copying tablib/packages/openpyxl/writer/workbook.py -> build/lib/tablib/packages/openpyxl/writer
copying tablib/packages/openpyxl/writer/worksheet.py -> build/lib/tablib/packages/openpyxl/writer
copying tablib/packages/openpyxl/writer/excel.py -> build/lib/tablib/packages/openpyxl/writer
copying tablib/packages/openpyxl/writer/dump_worksheet.py -> build/lib/tablib/packages/openpyxl/writer
copying tablib/packages/openpyxl/writer/strings.py -> build/lib/tablib/packages/openpyxl/writer
copying tablib/packages/openpyxl/writer/charts.py -> build/lib/tablib/packages/openpyxl/writer
copying tablib/packages/openpyxl/writer/__init__.py -> build/lib/tablib/packages/openpyxl/writer
copying tablib/packages/openpyxl/writer/drawings.py -> build/lib/tablib/packages/openpyxl/writer
creating build/lib/tablib/packages/openpyxl3
copying tablib/packages/openpyxl3/workbook.py -> build/lib/tablib/packages/openpyxl3
copying tablib/packages/openpyxl3/chart.py -> build/lib/tablib/packages/openpyxl3
copying tablib/packages/openpyxl3/worksheet.py -> build/lib/tablib/packages/openpyxl3
copying tablib/packages/openpyxl3/style.py -> build/lib/tablib/packages/openpyxl3
copying tablib/packages/openpyxl3/drawing.py -> build/lib/tablib/packages/openpyxl3
copying tablib/packages/openpyxl3/cell.py -> build/lib/tablib/packages/openpyxl3
copying tablib/packages/openpyxl3/__init__.py -> build/lib/tablib/packages/openpyxl3
copying tablib/packages/openpyxl3/namedrange.py -> build/lib/tablib/packages/openpyxl3
creating build/lib/tablib/packages/openpyxl3/shared
copying tablib/packages/openpyxl3/shared/units.py -> build/lib/tablib/packages/openpyxl3/shared
copying tablib/packages/openpyxl3/shared/exc.py -> build/lib/tablib/packages/openpyxl3/shared
copying tablib/packages/openpyxl3/shared/ooxml.py -> build/lib/tablib/packages/openpyxl3/shared
copying tablib/packages/openpyxl3/shared/date_time.py -> build/lib/tablib/packages/openpyxl3/shared
copying tablib/packages/openpyxl3/shared/password_hasher.py -> build/lib/tablib/packages/openpyxl3/shared
copying tablib/packages/openpyxl3/shared/xmltools.py -> build/lib/tablib/packages/openpyxl3/shared
copying tablib/packages/openpyxl3/shared/__init__.py -> build/lib/tablib/packages/openpyxl3/shared
creating build/lib/tablib/packages/openpyxl3/reader
copying tablib/packages/openpyxl3/reader/workbook.py -> build/lib/tablib/packages/openpyxl3/reader
copying tablib/packages/openpyxl3/reader/iter_worksheet.py -> build/lib/tablib/packages/openpyxl3/reader
copying tablib/packages/openpyxl3/reader/worksheet.py -> build/lib/tablib/packages/openpyxl3/reader
copying tablib/packages/openpyxl3/reader/excel.py -> build/lib/tablib/packages/openpyxl3/reader
copying tablib/packages/openpyxl3/reader/style.py -> build/lib/tablib/packages/openpyxl3/reader
copying tablib/packages/openpyxl3/reader/strings.py -> build/lib/tablib/packages/openpyxl3/reader
copying tablib/packages/openpyxl3/reader/__init__.py -> build/lib/tablib/packages/openpyxl3/reader
creating build/lib/tablib/packages/openpyxl3/writer
copying tablib/packages/openpyxl3/writer/styles.py -> build/lib/tablib/packages/openpyxl3/writer
copying tablib/packages/openpyxl3/writer/theme.py -> build/lib/tablib/packages/openpyxl3/writer
copying tablib/packages/openpyxl3/writer/workbook.py -> build/lib/tablib/packages/openpyxl3/writer
copying tablib/packages/openpyxl3/writer/worksheet.py -> build/lib/tablib/packages/openpyxl3/writer
copying tablib/packages/openpyxl3/writer/excel.py -> build/lib/tablib/packages/openpyxl3/writer
copying tablib/packages/openpyxl3/writer/dump_worksheet.py -> build/lib/tablib/packages/openpyxl3/writer
copying tablib/packages/openpyxl3/writer/strings.py -> build/lib/tablib/packages/openpyxl3/writer
copying tablib/packages/openpyxl3/writer/charts.py -> build/lib/tablib/packages/openpyxl3/writer
copying tablib/packages/openpyxl3/writer/__init__.py -> build/lib/tablib/packages/openpyxl3/writer
copying tablib/packages/openpyxl3/writer/drawings.py -> build/lib/tablib/packages/openpyxl3/writer
creating build/lib/tablib/packages/yaml
copying tablib/packages/yaml/constructor.py -> build/lib/tablib/packages/yaml
copying tablib/packages/yaml/resolver.py -> build/lib/tablib/packages/yaml
copying tablib/packages/yaml/nodes.py -> build/lib/tablib/packages/yaml
copying tablib/packages/yaml/loader.py -> build/lib/tablib/packages/yaml
copying tablib/packages/yaml/composer.py -> build/lib/tablib/packages/yaml
copying tablib/packages/yaml/reader.py -> build/lib/tablib/packages/yaml
copying tablib/packages/yaml/scanner.py -> build/lib/tablib/packages/yaml
copying tablib/packages/yaml/parser.py -> build/lib/tablib/packages/yaml
copying tablib/packages/yaml/tokens.py -> build/lib/tablib/packages/yaml
copying tablib/packages/yaml/representer.py -> build/lib/tablib/packages/yaml
copying tablib/packages/yaml/dumper.py -> build/lib/tablib/packages/yaml
copying tablib/packages/yaml/events.py -> build/lib/tablib/packages/yaml
copying tablib/packages/yaml/emitter.py -> build/lib/tablib/packages/yaml
copying tablib/packages/yaml/cyaml.py -> build/lib/tablib/packages/yaml
copying tablib/packages/yaml/__init__.py -> build/lib/tablib/packages/yaml
copying tablib/packages/yaml/error.py -> build/lib/tablib/packages/yaml
copying tablib/packages/yaml/serializer.py -> build/lib/tablib/packages/yaml
creating build/lib/tablib/packages/yaml3
copying tablib/packages/yaml3/constructor.py -> build/lib/tablib/packages/yaml3
copying tablib/packages/yaml3/resolver.py -> build/lib/tablib/packages/yaml3
copying tablib/packages/yaml3/nodes.py -> build/lib/tablib/packages/yaml3
copying tablib/packages/yaml3/loader.py -> build/lib/tablib/packages/yaml3
copying tablib/packages/yaml3/composer.py -> build/lib/tablib/packages/yaml3
copying tablib/packages/yaml3/reader.py -> build/lib/tablib/packages/yaml3
copying tablib/packages/yaml3/scanner.py -> build/lib/tablib/packages/yaml3
copying tablib/packages/yaml3/parser.py -> build/lib/tablib/packages/yaml3
copying tablib/packages/yaml3/tokens.py -> build/lib/tablib/packages/yaml3
copying tablib/packages/yaml3/representer.py -> build/lib/tablib/packages/yaml3
copying tablib/packages/yaml3/dumper.py -> build/lib/tablib/packages/yaml3
copying tablib/packages/yaml3/events.py -> build/lib/tablib/packages/yaml3
copying tablib/packages/yaml3/emitter.py -> build/lib/tablib/packages/yaml3
copying tablib/packages/yaml3/cyaml.py -> build/lib/tablib/packages/yaml3
copying tablib/packages/yaml3/__init__.py -> build/lib/tablib/packages/yaml3
copying tablib/packages/yaml3/error.py -> build/lib/tablib/packages/yaml3
copying tablib/packages/yaml3/serializer.py -> build/lib/tablib/packages/yaml3
creating build/lib/tablib/packages/unicodecsv
copying tablib/packages/unicodecsv/__init__.py -> build/lib/tablib/packages/unicodecsv
creating build/bdist.linux-x86_64
creating build/bdist.linux-x86_64/egg
creating build/bdist.linux-x86_64/egg/tablib
copying build/lib/tablib/compat.py -> build/bdist.linux-x86_64/egg/tablib
copying build/lib/tablib/__init__.py -> build/bdist.linux-x86_64/egg/tablib
creating build/bdist.linux-x86_64/egg/tablib/formats
copying build/lib/tablib/formats/_csv.py -> build/bdist.linux-x86_64/egg/tablib/formats
copying build/lib/tablib/formats/_tsv.py -> build/bdist.linux-x86_64/egg/tablib/formats
copying build/lib/tablib/formats/_json.py -> build/bdist.linux-x86_64/egg/tablib/formats
copying build/lib/tablib/formats/_ods.py -> build/bdist.linux-x86_64/egg/tablib/formats
copying build/lib/tablib/formats/_html.py -> build/bdist.linux-x86_64/egg/tablib/formats
copying build/lib/tablib/formats/_xls.py -> build/bdist.linux-x86_64/egg/tablib/formats
copying build/lib/tablib/formats/__init__.py -> build/bdist.linux-x86_64/egg/tablib/formats
copying build/lib/tablib/formats/_xlsx.py -> build/bdist.linux-x86_64/egg/tablib/formats
copying build/lib/tablib/formats/_yaml.py -> build/bdist.linux-x86_64/egg/tablib/formats
copying build/lib/tablib/core.py -> build/bdist.linux-x86_64/egg/tablib
creating build/bdist.linux-x86_64/egg/tablib/packages
creating build/bdist.linux-x86_64/egg/tablib/packages/odf3
copying build/lib/tablib/packages/odf3/grammar.py -> build/bdist.linux-x86_64/egg/tablib/packages/odf3
copying build/lib/tablib/packages/odf3/attrconverters.py -> build/bdist.linux-x86_64/egg/tablib/packages/odf3
copying build/lib/tablib/packages/odf3/meta.py -> build/bdist.linux-x86_64/egg/tablib/packages/odf3
copying build/lib/tablib/packages/odf3/odf2xhtml.py -> build/bdist.linux-x86_64/egg/tablib/packages/odf3
copying build/lib/tablib/packages/odf3/table.py -> build/bdist.linux-x86_64/egg/tablib/packages/odf3
copying build/lib/tablib/packages/odf3/teletype.py -> build/bdist.linux-x86_64/egg/tablib/packages/odf3
copying build/lib/tablib/packages/odf3/svg.py -> build/bdist.linux-x86_64/egg/tablib/packages/odf3
copying build/lib/tablib/packages/odf3/dr3d.py -> build/bdist.linux-x86_64/egg/tablib/packages/odf3
copying build/lib/tablib/packages/odf3/office.py -> build/bdist.linux-x86_64/egg/tablib/packages/odf3
copying build/lib/tablib/packages/odf3/config.py -> build/bdist.linux-x86_64/egg/tablib/packages/odf3
copying build/lib/tablib/packages/odf3/chart.py -> build/bdist.linux-x86_64/egg/tablib/packages/odf3
copying build/lib/tablib/packages/odf3/dc.py -> build/bdist.linux-x86_64/egg/tablib/packages/odf3
copying build/lib/tablib/packages/odf3/userfield.py -> build/bdist.linux-x86_64/egg/tablib/packages/odf3
copying build/lib/tablib/packages/odf3/easyliststyle.py -> build/bdist.linux-x86_64/egg/tablib/packages/odf3
copying build/lib/tablib/packages/odf3/xforms.py -> build/bdist.linux-x86_64/egg/tablib/packages/odf3
copying build/lib/tablib/packages/odf3/odfmanifest.py -> build/bdist.linux-x86_64/egg/tablib/packages/odf3
copying build/lib/tablib/packages/odf3/load.py -> build/bdist.linux-x86_64/egg/tablib/packages/odf3
copying build/lib/tablib/packages/odf3/opendocument.py -> build/bdist.linux-x86_64/egg/tablib/packages/odf3
copying build/lib/tablib/packages/odf3/style.py -> build/bdist.linux-x86_64/egg/tablib/packages/odf3
copying build/lib/tablib/packages/odf3/odf2moinmoin.py -> build/bdist.linux-x86_64/egg/tablib/packages/odf3
copying build/lib/tablib/packages/odf3/number.py -> build/bdist.linux-x86_64/egg/tablib/packages/odf3
copying build/lib/tablib/packages/odf3/script.py -> build/bdist.linux-x86_64/egg/tablib/packages/odf3
copying build/lib/tablib/packages/odf3/math.py -> build/bdist.linux-x86_64/egg/tablib/packages/odf3
copying build/lib/tablib/packages/odf3/presentation.py -> build/bdist.linux-x86_64/egg/tablib/packages/odf3
copying build/lib/tablib/packages/odf3/thumbnail.py -> build/bdist.linux-x86_64/egg/tablib/packages/odf3
copying build/lib/tablib/packages/odf3/text.py -> build/bdist.linux-x86_64/egg/tablib/packages/odf3
copying build/lib/tablib/packages/odf3/__init__.py -> build/bdist.linux-x86_64/egg/tablib/packages/odf3
copying build/lib/tablib/packages/odf3/form.py -> build/bdist.linux-x86_64/egg/tablib/packages/odf3
copying build/lib/tablib/packages/odf3/anim.py -> build/bdist.linux-x86_64/egg/tablib/packages/odf3
copying build/lib/tablib/packages/odf3/element.py -> build/bdist.linux-x86_64/egg/tablib/packages/odf3
copying build/lib/tablib/packages/odf3/manifest.py -> build/bdist.linux-x86_64/egg/tablib/packages/odf3
copying build/lib/tablib/packages/odf3/elementtypes.py -> build/bdist.linux-x86_64/egg/tablib/packages/odf3
copying build/lib/tablib/packages/odf3/namespaces.py -> build/bdist.linux-x86_64/egg/tablib/packages/odf3
copying build/lib/tablib/packages/odf3/draw.py -> build/bdist.linux-x86_64/egg/tablib/packages/odf3
copying build/lib/tablib/packages/markup3.py -> build/bdist.linux-x86_64/egg/tablib/packages
creating build/bdist.linux-x86_64/egg/tablib/packages/xlrd
copying build/lib/tablib/packages/xlrd/xldate.py -> build/bdist.linux-x86_64/egg/tablib/packages/xlrd
copying build/lib/tablib/packages/xlrd/biffh.py -> build/bdist.linux-x86_64/egg/tablib/packages/xlrd
copying build/lib/tablib/packages/xlrd/formula.py -> build/bdist.linux-x86_64/egg/tablib/packages/xlrd
copying build/lib/tablib/packages/xlrd/compdoc.py -> build/bdist.linux-x86_64/egg/tablib/packages/xlrd
copying build/lib/tablib/packages/xlrd/sheet.py -> build/bdist.linux-x86_64/egg/tablib/packages/xlrd
copying build/lib/tablib/packages/xlrd/__init__.py -> build/bdist.linux-x86_64/egg/tablib/packages/xlrd
copying build/lib/tablib/packages/xlrd/formatting.py -> build/bdist.linux-x86_64/egg/tablib/packages/xlrd
copying build/lib/tablib/packages/xlrd/timemachine.py -> build/bdist.linux-x86_64/egg/tablib/packages/xlrd
copying build/lib/tablib/packages/xlrd/licences.py -> build/bdist.linux-x86_64/egg/tablib/packages/xlrd
creating build/bdist.linux-x86_64/egg/tablib/packages/yaml3
copying build/lib/tablib/packages/yaml3/constructor.py -> build/bdist.linux-x86_64/egg/tablib/packages/yaml3
copying build/lib/tablib/packages/yaml3/resolver.py -> build/bdist.linux-x86_64/egg/tablib/packages/yaml3
copying build/lib/tablib/packages/yaml3/nodes.py -> build/bdist.linux-x86_64/egg/tablib/packages/yaml3
copying build/lib/tablib/packages/yaml3/loader.py -> build/bdist.linux-x86_64/egg/tablib/packages/yaml3
copying build/lib/tablib/packages/yaml3/composer.py -> build/bdist.linux-x86_64/egg/tablib/packages/yaml3
copying build/lib/tablib/packages/yaml3/reader.py -> build/bdist.linux-x86_64/egg/tablib/packages/yaml3
copying build/lib/tablib/packages/yaml3/scanner.py -> build/bdist.linux-x86_64/egg/tablib/packages/yaml3
copying build/lib/tablib/packages/yaml3/parser.py -> build/bdist.linux-x86_64/egg/tablib/packages/yaml3
copying build/lib/tablib/packages/yaml3/tokens.py -> build/bdist.linux-x86_64/egg/tablib/packages/yaml3
copying build/lib/tablib/packages/yaml3/representer.py -> build/bdist.linux-x86_64/egg/tablib/packages/yaml3
copying build/lib/tablib/packages/yaml3/dumper.py -> build/bdist.linux-x86_64/egg/tablib/packages/yaml3
copying build/lib/tablib/packages/yaml3/events.py -> build/bdist.linux-x86_64/egg/tablib/packages/yaml3
copying build/lib/tablib/packages/yaml3/emitter.py -> build/bdist.linux-x86_64/egg/tablib/packages/yaml3
copying build/lib/tablib/packages/yaml3/cyaml.py -> build/bdist.linux-x86_64/egg/tablib/packages/yaml3
copying build/lib/tablib/packages/yaml3/__init__.py -> build/bdist.linux-x86_64/egg/tablib/packages/yaml3
copying build/lib/tablib/packages/yaml3/error.py -> build/bdist.linux-x86_64/egg/tablib/packages/yaml3
copying build/lib/tablib/packages/yaml3/serializer.py -> build/bdist.linux-x86_64/egg/tablib/packages/yaml3
creating build/bdist.linux-x86_64/egg/tablib/packages/xlwt3
copying build/lib/tablib/packages/xlwt3/CompoundDoc.py -> build/bdist.linux-x86_64/egg/tablib/packages/xlwt3
copying build/lib/tablib/packages/xlwt3/Cell.py -> build/bdist.linux-x86_64/egg/tablib/packages/xlwt3
copying build/lib/tablib/packages/xlwt3/ExcelFormula.py -> build/bdist.linux-x86_64/egg/tablib/packages/xlwt3
copying build/lib/tablib/packages/xlwt3/UnicodeUtils.py -> build/bdist.linux-x86_64/egg/tablib/packages/xlwt3
copying build/lib/tablib/packages/xlwt3/ExcelMagic.py -> build/bdist.linux-x86_64/egg/tablib/packages/xlwt3
copying build/lib/tablib/packages/xlwt3/Utils.py -> build/bdist.linux-x86_64/egg/tablib/packages/xlwt3
copying build/lib/tablib/packages/xlwt3/Column.py -> build/bdist.linux-x86_64/egg/tablib/packages/xlwt3
copying build/lib/tablib/packages/xlwt3/Bitmap.py -> build/bdist.linux-x86_64/egg/tablib/packages/xlwt3
copying build/lib/tablib/packages/xlwt3/Worksheet.py -> build/bdist.linux-x86_64/egg/tablib/packages/xlwt3
copying build/lib/tablib/packages/xlwt3/Style.py -> build/bdist.linux-x86_64/egg/tablib/packages/xlwt3
copying build/lib/tablib/packages/xlwt3/BIFFRecords.py -> build/bdist.linux-x86_64/egg/tablib/packages/xlwt3
copying build/lib/tablib/packages/xlwt3/Workbook.py -> build/bdist.linux-x86_64/egg/tablib/packages/xlwt3
copying build/lib/tablib/packages/xlwt3/ExcelFormulaLexer.py -> build/bdist.linux-x86_64/egg/tablib/packages/xlwt3
copying build/lib/tablib/packages/xlwt3/Row.py -> build/bdist.linux-x86_64/egg/tablib/packages/xlwt3
copying build/lib/tablib/packages/xlwt3/__init__.py -> build/bdist.linux-x86_64/egg/tablib/packages/xlwt3
copying build/lib/tablib/packages/xlwt3/antlr.py -> build/bdist.linux-x86_64/egg/tablib/packages/xlwt3
copying build/lib/tablib/packages/xlwt3/ExcelFormulaParser.py -> build/bdist.linux-x86_64/egg/tablib/packages/xlwt3
copying build/lib/tablib/packages/xlwt3/Formatting.py -> build/bdist.linux-x86_64/egg/tablib/packages/xlwt3
creating build/bdist.linux-x86_64/egg/tablib/packages/openpyxl
creating build/bdist.linux-x86_64/egg/tablib/packages/openpyxl/writer
copying build/lib/tablib/packages/openpyxl/writer/styles.py -> build/bdist.linux-x86_64/egg/tablib/packages/openpyxl/writer
copying build/lib/tablib/packages/openpyxl/writer/theme.py -> build/bdist.linux-x86_64/egg/tablib/packages/openpyxl/writer
copying build/lib/tablib/packages/openpyxl/writer/workbook.py -> build/bdist.linux-x86_64/egg/tablib/packages/openpyxl/writer
copying build/lib/tablib/packages/openpyxl/writer/worksheet.py -> build/bdist.linux-x86_64/egg/tablib/packages/openpyxl/writer
copying build/lib/tablib/packages/openpyxl/writer/excel.py -> build/bdist.linux-x86_64/egg/tablib/packages/openpyxl/writer
copying build/lib/tablib/packages/openpyxl/writer/dump_worksheet.py -> build/bdist.linux-x86_64/egg/tablib/packages/openpyxl/writer
copying build/lib/tablib/packages/openpyxl/writer/strings.py -> build/bdist.linux-x86_64/egg/tablib/packages/openpyxl/writer
copying build/lib/tablib/packages/openpyxl/writer/charts.py -> build/bdist.linux-x86_64/egg/tablib/packages/openpyxl/writer
copying build/lib/tablib/packages/openpyxl/writer/__init__.py -> build/bdist.linux-x86_64/egg/tablib/packages/openpyxl/writer
copying build/lib/tablib/packages/openpyxl/writer/drawings.py -> build/bdist.linux-x86_64/egg/tablib/packages/openpyxl/writer
copying build/lib/tablib/packages/openpyxl/workbook.py -> build/bdist.linux-x86_64/egg/tablib/packages/openpyxl
copying build/lib/tablib/packages/openpyxl/chart.py -> build/bdist.linux-x86_64/egg/tablib/packages/openpyxl
creating build/bdist.linux-x86_64/egg/tablib/packages/openpyxl/shared
copying build/lib/tablib/packages/openpyxl/shared/units.py -> build/bdist.linux-x86_64/egg/tablib/packages/openpyxl/shared
copying build/lib/tablib/packages/openpyxl/shared/exc.py -> build/bdist.linux-x86_64/egg/tablib/packages/openpyxl/shared
copying build/lib/tablib/packages/openpyxl/shared/ooxml.py -> build/bdist.linux-x86_64/egg/tablib/packages/openpyxl/shared
copying build/lib/tablib/packages/openpyxl/shared/date_time.py -> build/bdist.linux-x86_64/egg/tablib/packages/openpyxl/shared
copying build/lib/tablib/packages/openpyxl/shared/password_hasher.py -> build/bdist.linux-x86_64/egg/tablib/packages/openpyxl/shared
copying build/lib/tablib/packages/openpyxl/shared/xmltools.py -> build/bdist.linux-x86_64/egg/tablib/packages/openpyxl/shared
copying build/lib/tablib/packages/openpyxl/shared/__init__.py -> build/bdist.linux-x86_64/egg/tablib/packages/openpyxl/shared
creating build/bdist.linux-x86_64/egg/tablib/packages/openpyxl/reader
copying build/lib/tablib/packages/openpyxl/reader/workbook.py -> build/bdist.linux-x86_64/egg/tablib/packages/openpyxl/reader
copying build/lib/tablib/packages/openpyxl/reader/iter_worksheet.py -> build/bdist.linux-x86_64/egg/tablib/packages/openpyxl/reader
copying build/lib/tablib/packages/openpyxl/reader/worksheet.py -> build/bdist.linux-x86_64/egg/tablib/packages/openpyxl/reader
copying build/lib/tablib/packages/openpyxl/reader/excel.py -> build/bdist.linux-x86_64/egg/tablib/packages/openpyxl/reader
copying build/lib/tablib/packages/openpyxl/reader/style.py -> build/bdist.linux-x86_64/egg/tablib/packages/openpyxl/reader
copying build/lib/tablib/packages/openpyxl/reader/strings.py -> build/bdist.linux-x86_64/egg/tablib/packages/openpyxl/reader
copying build/lib/tablib/packages/openpyxl/reader/__init__.py -> build/bdist.linux-x86_64/egg/tablib/packages/openpyxl/reader
copying build/lib/tablib/packages/openpyxl/worksheet.py -> build/bdist.linux-x86_64/egg/tablib/packages/openpyxl
copying build/lib/tablib/packages/openpyxl/style.py -> build/bdist.linux-x86_64/egg/tablib/packages/openpyxl
copying build/lib/tablib/packages/openpyxl/drawing.py -> build/bdist.linux-x86_64/egg/tablib/packages/openpyxl
copying build/lib/tablib/packages/openpyxl/cell.py -> build/bdist.linux-x86_64/egg/tablib/packages/openpyxl
copying build/lib/tablib/packages/openpyxl/__init__.py -> build/bdist.linux-x86_64/egg/tablib/packages/openpyxl
copying build/lib/tablib/packages/openpyxl/namedrange.py -> build/bdist.linux-x86_64/egg/tablib/packages/openpyxl
creating build/bdist.linux-x86_64/egg/tablib/packages/unicodecsv
copying build/lib/tablib/packages/unicodecsv/__init__.py -> build/bdist.linux-x86_64/egg/tablib/packages/unicodecsv
creating build/bdist.linux-x86_64/egg/tablib/packages/xlrd3
copying build/lib/tablib/packages/xlrd3/xldate.py -> build/bdist.linux-x86_64/egg/tablib/packages/xlrd3
copying build/lib/tablib/packages/xlrd3/xfconst.py -> build/bdist.linux-x86_64/egg/tablib/packages/xlrd3
copying build/lib/tablib/packages/xlrd3/biffh.py -> build/bdist.linux-x86_64/egg/tablib/packages/xlrd3
copying build/lib/tablib/packages/xlrd3/formula.py -> build/bdist.linux-x86_64/egg/tablib/packages/xlrd3
copying build/lib/tablib/packages/xlrd3/xfcell.py -> build/bdist.linux-x86_64/egg/tablib/packages/xlrd3
copying build/lib/tablib/packages/xlrd3/compdoc.py -> build/bdist.linux-x86_64/egg/tablib/packages/xlrd3
copying build/lib/tablib/packages/xlrd3/sheet.py -> build/bdist.linux-x86_64/egg/tablib/packages/xlrd3
copying build/lib/tablib/packages/xlrd3/__init__.py -> build/bdist.linux-x86_64/egg/tablib/packages/xlrd3
copying build/lib/tablib/packages/xlrd3/formatting.py -> build/bdist.linux-x86_64/egg/tablib/packages/xlrd3
copying build/lib/tablib/packages/markup.py -> build/bdist.linux-x86_64/egg/tablib/packages
copying build/lib/tablib/packages/__init__.py -> build/bdist.linux-x86_64/egg/tablib/packages
creating build/bdist.linux-x86_64/egg/tablib/packages/yaml
copying build/lib/tablib/packages/yaml/constructor.py -> build/bdist.linux-x86_64/egg/tablib/packages/yaml
copying build/lib/tablib/packages/yaml/resolver.py -> build/bdist.linux-x86_64/egg/tablib/packages/yaml
copying build/lib/tablib/packages/yaml/nodes.py -> build/bdist.linux-x86_64/egg/tablib/packages/yaml
copying build/lib/tablib/packages/yaml/loader.py -> build/bdist.linux-x86_64/egg/tablib/packages/yaml
copying build/lib/tablib/packages/yaml/composer.py -> build/bdist.linux-x86_64/egg/tablib/packages/yaml
copying build/lib/tablib/packages/yaml/reader.py -> build/bdist.linux-x86_64/egg/tablib/packages/yaml
copying build/lib/tablib/packages/yaml/scanner.py -> build/bdist.linux-x86_64/egg/tablib/packages/yaml
copying build/lib/tablib/packages/yaml/parser.py -> build/bdist.linux-x86_64/egg/tablib/packages/yaml
copying build/lib/tablib/packages/yaml/tokens.py -> build/bdist.linux-x86_64/egg/tablib/packages/yaml
copying build/lib/tablib/packages/yaml/representer.py -> build/bdist.linux-x86_64/egg/tablib/packages/yaml
copying build/lib/tablib/packages/yaml/dumper.py -> build/bdist.linux-x86_64/egg/tablib/packages/yaml
copying build/lib/tablib/packages/yaml/events.py -> build/bdist.linux-x86_64/egg/tablib/packages/yaml
copying build/lib/tablib/packages/yaml/emitter.py -> build/bdist.linux-x86_64/egg/tablib/packages/yaml
copying build/lib/tablib/packages/yaml/cyaml.py -> build/bdist.linux-x86_64/egg/tablib/packages/yaml
copying build/lib/tablib/packages/yaml/__init__.py -> build/bdist.linux-x86_64/egg/tablib/packages/yaml
copying build/lib/tablib/packages/yaml/error.py -> build/bdist.linux-x86_64/egg/tablib/packages/yaml
copying build/lib/tablib/packages/yaml/serializer.py -> build/bdist.linux-x86_64/egg/tablib/packages/yaml
creating build/bdist.linux-x86_64/egg/tablib/packages/odf
copying build/lib/tablib/packages/odf/grammar.py -> build/bdist.linux-x86_64/egg/tablib/packages/odf
copying build/lib/tablib/packages/odf/attrconverters.py -> build/bdist.linux-x86_64/egg/tablib/packages/odf
copying build/lib/tablib/packages/odf/meta.py -> build/bdist.linux-x86_64/egg/tablib/packages/odf
copying build/lib/tablib/packages/odf/odf2xhtml.py -> build/bdist.linux-x86_64/egg/tablib/packages/odf
copying build/lib/tablib/packages/odf/table.py -> build/bdist.linux-x86_64/egg/tablib/packages/odf
copying build/lib/tablib/packages/odf/teletype.py -> build/bdist.linux-x86_64/egg/tablib/packages/odf
copying build/lib/tablib/packages/odf/svg.py -> build/bdist.linux-x86_64/egg/tablib/packages/odf
copying build/lib/tablib/packages/odf/dr3d.py -> build/bdist.linux-x86_64/egg/tablib/packages/odf
copying build/lib/tablib/packages/odf/office.py -> build/bdist.linux-x86_64/egg/tablib/packages/odf
copying build/lib/tablib/packages/odf/config.py -> build/bdist.linux-x86_64/egg/tablib/packages/odf
copying build/lib/tablib/packages/odf/chart.py -> build/bdist.linux-x86_64/egg/tablib/packages/odf
copying build/lib/tablib/packages/odf/dc.py -> build/bdist.linux-x86_64/egg/tablib/packages/odf
copying build/lib/tablib/packages/odf/userfield.py -> build/bdist.linux-x86_64/egg/tablib/packages/odf
copying build/lib/tablib/packages/odf/easyliststyle.py -> build/bdist.linux-x86_64/egg/tablib/packages/odf
copying build/lib/tablib/packages/odf/xforms.py -> build/bdist.linux-x86_64/egg/tablib/packages/odf
copying build/lib/tablib/packages/odf/odfmanifest.py -> build/bdist.linux-x86_64/egg/tablib/packages/odf
copying build/lib/tablib/packages/odf/load.py -> build/bdist.linux-x86_64/egg/tablib/packages/odf
copying build/lib/tablib/packages/odf/opendocument.py -> build/bdist.linux-x86_64/egg/tablib/packages/odf
copying build/lib/tablib/packages/odf/style.py -> build/bdist.linux-x86_64/egg/tablib/packages/odf
copying build/lib/tablib/packages/odf/odf2moinmoin.py -> build/bdist.linux-x86_64/egg/tablib/packages/odf
copying build/lib/tablib/packages/odf/number.py -> build/bdist.linux-x86_64/egg/tablib/packages/odf
copying build/lib/tablib/packages/odf/script.py -> build/bdist.linux-x86_64/egg/tablib/packages/odf
copying build/lib/tablib/packages/odf/math.py -> build/bdist.linux-x86_64/egg/tablib/packages/odf
copying build/lib/tablib/packages/odf/presentation.py -> build/bdist.linux-x86_64/egg/tablib/packages/odf
copying build/lib/tablib/packages/odf/thumbnail.py -> build/bdist.linux-x86_64/egg/tablib/packages/odf
copying build/lib/tablib/packages/odf/text.py -> build/bdist.linux-x86_64/egg/tablib/packages/odf
copying build/lib/tablib/packages/odf/__init__.py -> build/bdist.linux-x86_64/egg/tablib/packages/odf
copying build/lib/tablib/packages/odf/form.py -> build/bdist.linux-x86_64/egg/tablib/packages/odf
copying build/lib/tablib/packages/odf/anim.py -> build/bdist.linux-x86_64/egg/tablib/packages/odf
copying build/lib/tablib/packages/odf/element.py -> build/bdist.linux-x86_64/egg/tablib/packages/odf
copying build/lib/tablib/packages/odf/manifest.py -> build/bdist.linux-x86_64/egg/tablib/packages/odf
copying build/lib/tablib/packages/odf/elementtypes.py -> build/bdist.linux-x86_64/egg/tablib/packages/odf
copying build/lib/tablib/packages/odf/namespaces.py -> build/bdist.linux-x86_64/egg/tablib/packages/odf
copying build/lib/tablib/packages/odf/draw.py -> build/bdist.linux-x86_64/egg/tablib/packages/odf
copying build/lib/tablib/packages/ordereddict.py -> build/bdist.linux-x86_64/egg/tablib/packages
creating build/bdist.linux-x86_64/egg/tablib/packages/omnijson
copying build/lib/tablib/packages/omnijson/__init__.py -> build/bdist.linux-x86_64/egg/tablib/packages/omnijson
copying build/lib/tablib/packages/omnijson/core.py -> build/bdist.linux-x86_64/egg/tablib/packages/omnijson
creating build/bdist.linux-x86_64/egg/tablib/packages/xlwt
copying build/lib/tablib/packages/xlwt/CompoundDoc.py -> build/bdist.linux-x86_64/egg/tablib/packages/xlwt
copying build/lib/tablib/packages/xlwt/Cell.py -> build/bdist.linux-x86_64/egg/tablib/packages/xlwt
copying build/lib/tablib/packages/xlwt/ExcelFormula.py -> build/bdist.linux-x86_64/egg/tablib/packages/xlwt
copying build/lib/tablib/packages/xlwt/UnicodeUtils.py -> build/bdist.linux-x86_64/egg/tablib/packages/xlwt
copying build/lib/tablib/packages/xlwt/ExcelMagic.py -> build/bdist.linux-x86_64/egg/tablib/packages/xlwt
copying build/lib/tablib/packages/xlwt/Utils.py -> build/bdist.linux-x86_64/egg/tablib/packages/xlwt
copying build/lib/tablib/packages/xlwt/Column.py -> build/bdist.linux-x86_64/egg/tablib/packages/xlwt
copying build/lib/tablib/packages/xlwt/Bitmap.py -> build/bdist.linux-x86_64/egg/tablib/packages/xlwt
copying build/lib/tablib/packages/xlwt/Worksheet.py -> build/bdist.linux-x86_64/egg/tablib/packages/xlwt
copying build/lib/tablib/packages/xlwt/Style.py -> build/bdist.linux-x86_64/egg/tablib/packages/xlwt
copying build/lib/tablib/packages/xlwt/BIFFRecords.py -> build/bdist.linux-x86_64/egg/tablib/packages/xlwt
copying build/lib/tablib/packages/xlwt/Workbook.py -> build/bdist.linux-x86_64/egg/tablib/packages/xlwt
copying build/lib/tablib/packages/xlwt/ExcelFormulaLexer.py -> build/bdist.linux-x86_64/egg/tablib/packages/xlwt
copying build/lib/tablib/packages/xlwt/Row.py -> build/bdist.linux-x86_64/egg/tablib/packages/xlwt
copying build/lib/tablib/packages/xlwt/__init__.py -> build/bdist.linux-x86_64/egg/tablib/packages/xlwt
copying build/lib/tablib/packages/xlwt/antlr.py -> build/bdist.linux-x86_64/egg/tablib/packages/xlwt
copying build/lib/tablib/packages/xlwt/ExcelFormulaParser.py -> build/bdist.linux-x86_64/egg/tablib/packages/xlwt
copying build/lib/tablib/packages/xlwt/Formatting.py -> build/bdist.linux-x86_64/egg/tablib/packages/xlwt
creating build/bdist.linux-x86_64/egg/tablib/packages/openpyxl3
creating build/bdist.linux-x86_64/egg/tablib/packages/openpyxl3/writer
copying build/lib/tablib/packages/openpyxl3/writer/styles.py -> build/bdist.linux-x86_64/egg/tablib/packages/openpyxl3/writer
copying build/lib/tablib/packages/openpyxl3/writer/theme.py -> build/bdist.linux-x86_64/egg/tablib/packages/openpyxl3/writer
copying build/lib/tablib/packages/openpyxl3/writer/workbook.py -> build/bdist.linux-x86_64/egg/tablib/packages/openpyxl3/writer
copying build/lib/tablib/packages/openpyxl3/writer/worksheet.py -> build/bdist.linux-x86_64/egg/tablib/packages/openpyxl3/writer
copying build/lib/tablib/packages/openpyxl3/writer/excel.py -> build/bdist.linux-x86_64/egg/tablib/packages/openpyxl3/writer
copying build/lib/tablib/packages/openpyxl3/writer/dump_worksheet.py -> build/bdist.linux-x86_64/egg/tablib/packages/openpyxl3/writer
copying build/lib/tablib/packages/openpyxl3/writer/strings.py -> build/bdist.linux-x86_64/egg/tablib/packages/openpyxl3/writer
copying build/lib/tablib/packages/openpyxl3/writer/charts.py -> build/bdist.linux-x86_64/egg/tablib/packages/openpyxl3/writer
copying build/lib/tablib/packages/openpyxl3/writer/__init__.py -> build/bdist.linux-x86_64/egg/tablib/packages/openpyxl3/writer
copying build/lib/tablib/packages/openpyxl3/writer/drawings.py -> build/bdist.linux-x86_64/egg/tablib/packages/openpyxl3/writer
copying build/lib/tablib/packages/openpyxl3/workbook.py -> build/bdist.linux-x86_64/egg/tablib/packages/openpyxl3
copying build/lib/tablib/packages/openpyxl3/chart.py -> build/bdist.linux-x86_64/egg/tablib/packages/openpyxl3
creating build/bdist.linux-x86_64/egg/tablib/packages/openpyxl3/shared
copying build/lib/tablib/packages/openpyxl3/shared/units.py -> build/bdist.linux-x86_64/egg/tablib/packages/openpyxl3/shared
copying build/lib/tablib/packages/openpyxl3/shared/exc.py -> build/bdist.linux-x86_64/egg/tablib/packages/openpyxl3/shared
copying build/lib/tablib/packages/openpyxl3/shared/ooxml.py -> build/bdist.linux-x86_64/egg/tablib/packages/openpyxl3/shared
copying build/lib/tablib/packages/openpyxl3/shared/date_time.py -> build/bdist.linux-x86_64/egg/tablib/packages/openpyxl3/shared
copying build/lib/tablib/packages/openpyxl3/shared/password_hasher.py -> build/bdist.linux-x86_64/egg/tablib/packages/openpyxl3/shared
copying build/lib/tablib/packages/openpyxl3/shared/xmltools.py -> build/bdist.linux-x86_64/egg/tablib/packages/openpyxl3/shared
copying build/lib/tablib/packages/openpyxl3/shared/__init__.py -> build/bdist.linux-x86_64/egg/tablib/packages/openpyxl3/shared
creating build/bdist.linux-x86_64/egg/tablib/packages/openpyxl3/reader
copying build/lib/tablib/packages/openpyxl3/reader/workbook.py -> build/bdist.linux-x86_64/egg/tablib/packages/openpyxl3/reader
copying build/lib/tablib/packages/openpyxl3/reader/iter_worksheet.py -> build/bdist.linux-x86_64/egg/tablib/packages/openpyxl3/reader
copying build/lib/tablib/packages/openpyxl3/reader/worksheet.py -> build/bdist.linux-x86_64/egg/tablib/packages/openpyxl3/reader
copying build/lib/tablib/packages/openpyxl3/reader/excel.py -> build/bdist.linux-x86_64/egg/tablib/packages/openpyxl3/reader
copying build/lib/tablib/packages/openpyxl3/reader/style.py -> build/bdist.linux-x86_64/egg/tablib/packages/openpyxl3/reader
copying build/lib/tablib/packages/openpyxl3/reader/strings.py -> build/bdist.linux-x86_64/egg/tablib/packages/openpyxl3/reader
copying build/lib/tablib/packages/openpyxl3/reader/__init__.py -> build/bdist.linux-x86_64/egg/tablib/packages/openpyxl3/reader
copying build/lib/tablib/packages/openpyxl3/worksheet.py -> build/bdist.linux-x86_64/egg/tablib/packages/openpyxl3
copying build/lib/tablib/packages/openpyxl3/style.py -> build/bdist.linux-x86_64/egg/tablib/packages/openpyxl3
copying build/lib/tablib/packages/openpyxl3/drawing.py -> build/bdist.linux-x86_64/egg/tablib/packages/openpyxl3
copying build/lib/tablib/packages/openpyxl3/cell.py -> build/bdist.linux-x86_64/egg/tablib/packages/openpyxl3
copying build/lib/tablib/packages/openpyxl3/__init__.py -> build/bdist.linux-x86_64/egg/tablib/packages/openpyxl3
copying build/lib/tablib/packages/openpyxl3/namedrange.py -> build/bdist.linux-x86_64/egg/tablib/packages/openpyxl3
byte-compiling build/bdist.linux-x86_64/egg/tablib/compat.py to compat.pyc
byte-compiling build/bdist.linux-x86_64/egg/tablib/__init__.py to __init__.pyc
byte-compiling build/bdist.linux-x86_64/egg/tablib/formats/_csv.py to _csv.pyc
byte-compiling build/bdist.linux-x86_64/egg/tablib/formats/_tsv.py to _tsv.pyc
byte-compiling build/bdist.linux-x86_64/egg/tablib/formats/_json.py to _json.pyc
byte-compiling build/bdist.linux-x86_64/egg/tablib/formats/_ods.py to _ods.pyc
byte-compiling build/bdist.linux-x86_64/egg/tablib/formats/_html.py to _html.pyc
byte-compiling build/bdist.linux-x86_64/egg/tablib/formats/_xls.py to _xls.pyc
byte-compiling build/bdist.linux-x86_64/egg/tablib/formats/__init__.py to __init__.pyc
byte-compiling build/bdist.linux-x86_64/egg/tablib/formats/_xlsx.py to _xlsx.pyc
byte-compiling build/bdist.linux-x86_64/egg/tablib/formats/_yaml.py to _yaml.pyc
byte-compiling build/bdist.linux-x86_64/egg/tablib/core.py to core.pyc
byte-compiling build/bdist.linux-x86_64/egg/tablib/packages/odf3/grammar.py to grammar.pyc
byte-compiling build/bdist.linux-x86_64/egg/tablib/packages/odf3/attrconverters.py to attrconverters.pyc
byte-compiling build/bdist.linux-x86_64/egg/tablib/packages/odf3/meta.py to meta.pyc
byte-compiling build/bdist.linux-x86_64/egg/tablib/packages/odf3/odf2xhtml.py to odf2xhtml.pyc
byte-compiling build/bdist.linux-x86_64/egg/tablib/packages/odf3/table.py to table.pyc
byte-compiling build/bdist.linux-x86_64/egg/tablib/packages/odf3/teletype.py to teletype.pyc
byte-compiling build/bdist.linux-x86_64/egg/tablib/packages/odf3/svg.py to svg.pyc
byte-compiling build/bdist.linux-x86_64/egg/tablib/packages/odf3/dr3d.py to dr3d.pyc
byte-compiling build/bdist.linux-x86_64/egg/tablib/packages/odf3/office.py to office.pyc
byte-compiling build/bdist.linux-x86_64/egg/tablib/packages/odf3/config.py to config.pyc
byte-compiling build/bdist.linux-x86_64/egg/tablib/packages/odf3/chart.py to chart.pyc
byte-compiling build/bdist.linux-x86_64/egg/tablib/packages/odf3/dc.py to dc.pyc
byte-compiling build/bdist.linux-x86_64/egg/tablib/packages/odf3/userfield.py to userfield.pyc
byte-compiling build/bdist.linux-x86_64/egg/tablib/packages/odf3/easyliststyle.py to easyliststyle.pyc
byte-compiling build/bdist.linux-x86_64/egg/tablib/packages/odf3/xforms.py to xforms.pyc
byte-compiling build/bdist.linux-x86_64/egg/tablib/packages/odf3/odfmanifest.py to odfmanifest.pyc
byte-compiling build/bdist.linux-x86_64/egg/tablib/packages/odf3/load.py to load.pyc
byte-compiling build/bdist.linux-x86_64/egg/tablib/packages/odf3/opendocument.py to opendocument.pyc
byte-compiling build/bdist.linux-x86_64/egg/tablib/packages/odf3/style.py to style.pyc
byte-compiling build/bdist.linux-x86_64/egg/tablib/packages/odf3/odf2moinmoin.py to odf2moinmoin.pyc
byte-compiling build/bdist.linux-x86_64/egg/tablib/packages/odf3/number.py to number.pyc
byte-compiling build/bdist.linux-x86_64/egg/tablib/packages/odf3/script.py to script.pyc
byte-compiling build/bdist.linux-x86_64/egg/tablib/packages/odf3/math.py to math.pyc
byte-compiling build/bdist.linux-x86_64/egg/tablib/packages/odf3/presentation.py to presentation.pyc
byte-compiling build/bdist.linux-x86_64/egg/tablib/packages/odf3/thumbnail.py to thumbnail.pyc
byte-compiling build/bdist.linux-x86_64/egg/tablib/packages/odf3/text.py to text.pyc
byte-compiling build/bdist.linux-x86_64/egg/tablib/packages/odf3/__init__.py to __init__.pyc
byte-compiling build/bdist.linux-x86_64/egg/tablib/packages/odf3/form.py to form.pyc
byte-compiling build/bdist.linux-x86_64/egg/tablib/packages/odf3/anim.py to anim.pyc
byte-compiling build/bdist.linux-x86_64/egg/tablib/packages/odf3/element.py to element.pyc
byte-compiling build/bdist.linux-x86_64/egg/tablib/packages/odf3/manifest.py to manifest.pyc
byte-compiling build/bdist.linux-x86_64/egg/tablib/packages/odf3/elementtypes.py to elementtypes.pyc
byte-compiling build/bdist.linux-x86_64/egg/tablib/packages/odf3/namespaces.py to namespaces.pyc
byte-compiling build/bdist.linux-x86_64/egg/tablib/packages/odf3/draw.py to draw.pyc
byte-compiling build/bdist.linux-x86_64/egg/tablib/packages/markup3.py to markup3.pyc
byte-compiling build/bdist.linux-x86_64/egg/tablib/packages/xlrd/xldate.py to xldate.pyc
byte-compiling build/bdist.linux-x86_64/egg/tablib/packages/xlrd/biffh.py to biffh.pyc
byte-compiling build/bdist.linux-x86_64/egg/tablib/packages/xlrd/formula.py to formula.pyc
byte-compiling build/bdist.linux-x86_64/egg/tablib/packages/xlrd/compdoc.py to compdoc.pyc
byte-compiling build/bdist.linux-x86_64/egg/tablib/packages/xlrd/sheet.py to sheet.pyc
byte-compiling build/bdist.linux-x86_64/egg/tablib/packages/xlrd/__init__.py to __init__.pyc
byte-compiling build/bdist.linux-x86_64/egg/tablib/packages/xlrd/formatting.py to formatting.pyc
byte-compiling build/bdist.linux-x86_64/egg/tablib/packages/xlrd/timemachine.py to timemachine.pyc
byte-compiling build/bdist.linux-x86_64/egg/tablib/packages/xlrd/licences.py to licences.pyc
byte-compiling build/bdist.linux-x86_64/egg/tablib/packages/yaml3/constructor.py to constructor.pyc
byte-compiling build/bdist.linux-x86_64/egg/tablib/packages/yaml3/resolver.py to resolver.pyc
byte-compiling build/bdist.linux-x86_64/egg/tablib/packages/yaml3/nodes.py to nodes.pyc
byte-compiling build/bdist.linux-x86_64/egg/tablib/packages/yaml3/loader.py to loader.pyc
byte-compiling build/bdist.linux-x86_64/egg/tablib/packages/yaml3/composer.py to composer.pyc
byte-compiling build/bdist.linux-x86_64/egg/tablib/packages/yaml3/reader.py to reader.pyc
byte-compiling build/bdist.linux-x86_64/egg/tablib/packages/yaml3/scanner.py to scanner.pyc
byte-compiling build/bdist.linux-x86_64/egg/tablib/packages/yaml3/parser.py to parser.pyc
byte-compiling build/bdist.linux-x86_64/egg/tablib/packages/yaml3/tokens.py to tokens.pyc
byte-compiling build/bdist.linux-x86_64/egg/tablib/packages/yaml3/representer.py to representer.pyc
byte-compiling build/bdist.linux-x86_64/egg/tablib/packages/yaml3/dumper.py to dumper.pyc
byte-compiling build/bdist.linux-x86_64/egg/tablib/packages/yaml3/events.py to events.pyc
byte-compiling build/bdist.linux-x86_64/egg/tablib/packages/yaml3/emitter.py to emitter.pyc
byte-compiling build/bdist.linux-x86_64/egg/tablib/packages/yaml3/cyaml.py to cyaml.pyc
byte-compiling build/bdist.linux-x86_64/egg/tablib/packages/yaml3/__init__.py to __init__.pyc
byte-compiling build/bdist.linux-x86_64/egg/tablib/packages/yaml3/error.py to error.pyc
byte-compiling build/bdist.linux-x86_64/egg/tablib/packages/yaml3/serializer.py to serializer.pyc
byte-compiling build/bdist.linux-x86_64/egg/tablib/packages/xlwt3/CompoundDoc.py to CompoundDoc.pyc
byte-compiling build/bdist.linux-x86_64/egg/tablib/packages/xlwt3/Cell.py to Cell.pyc
byte-compiling build/bdist.linux-x86_64/egg/tablib/packages/xlwt3/ExcelFormula.py to ExcelFormula.pyc
byte-compiling build/bdist.linux-x86_64/egg/tablib/packages/xlwt3/UnicodeUtils.py to UnicodeUtils.pyc
byte-compiling build/bdist.linux-x86_64/egg/tablib/packages/xlwt3/ExcelMagic.py to ExcelMagic.pyc
byte-compiling build/bdist.linux-x86_64/egg/tablib/packages/xlwt3/Utils.py to Utils.pyc
byte-compiling build/bdist.linux-x86_64/egg/tablib/packages/xlwt3/Column.py to Column.pyc
byte-compiling build/bdist.linux-x86_64/egg/tablib/packages/xlwt3/Bitmap.py to Bitmap.pyc
byte-compiling build/bdist.linux-x86_64/egg/tablib/packages/xlwt3/Worksheet.py to Worksheet.pyc
byte-compiling build/bdist.linux-x86_64/egg/tablib/packages/xlwt3/Style.py to Style.pyc
byte-compiling build/bdist.linux-x86_64/egg/tablib/packages/xlwt3/BIFFRecords.py to BIFFRecords.pyc
byte-compiling build/bdist.linux-x86_64/egg/tablib/packages/xlwt3/Workbook.py to Workbook.pyc
byte-compiling build/bdist.linux-x86_64/egg/tablib/packages/xlwt3/ExcelFormulaLexer.py to ExcelFormulaLexer.pyc
byte-compiling build/bdist.linux-x86_64/egg/tablib/packages/xlwt3/Row.py to Row.pyc
byte-compiling build/bdist.linux-x86_64/egg/tablib/packages/xlwt3/__init__.py to __init__.pyc
byte-compiling build/bdist.linux-x86_64/egg/tablib/packages/xlwt3/antlr.py to antlr.pyc
  File "build/bdist.linux-x86_64/egg/tablib/packages/xlwt3/antlr.py", line 1946
    print(fmt % (line,col,text), file=sys.stderr)
                                     ^
SyntaxError: invalid syntax

byte-compiling build/bdist.linux-x86_64/egg/tablib/packages/xlwt3/ExcelFormulaParser.py to ExcelFormulaParser.pyc
byte-compiling build/bdist.linux-x86_64/egg/tablib/packages/xlwt3/Formatting.py to Formatting.pyc
byte-compiling build/bdist.linux-x86_64/egg/tablib/packages/openpyxl/writer/styles.py to styles.pyc
byte-compiling build/bdist.linux-x86_64/egg/tablib/packages/openpyxl/writer/theme.py to theme.pyc
byte-compiling build/bdist.linux-x86_64/egg/tablib/packages/openpyxl/writer/workbook.py to workbook.pyc
byte-compiling build/bdist.linux-x86_64/egg/tablib/packages/openpyxl/writer/worksheet.py to worksheet.pyc
byte-compiling build/bdist.linux-x86_64/egg/tablib/packages/openpyxl/writer/excel.py to excel.pyc
byte-compiling build/bdist.linux-x86_64/egg/tablib/packages/openpyxl/writer/dump_worksheet.py to dump_worksheet.pyc
byte-compiling build/bdist.linux-x86_64/egg/tablib/packages/openpyxl/writer/strings.py to strings.pyc
byte-compiling build/bdist.linux-x86_64/egg/tablib/packages/openpyxl/writer/charts.py to charts.pyc
byte-compiling build/bdist.linux-x86_64/egg/tablib/packages/openpyxl/writer/__init__.py to __init__.pyc
byte-compiling build/bdist.linux-x86_64/egg/tablib/packages/openpyxl/writer/drawings.py to drawings.pyc
byte-compiling build/bdist.linux-x86_64/egg/tablib/packages/openpyxl/workbook.py to workbook.pyc
byte-compiling build/bdist.linux-x86_64/egg/tablib/packages/openpyxl/chart.py to chart.pyc
byte-compiling build/bdist.linux-x86_64/egg/tablib/packages/openpyxl/shared/units.py to units.pyc
byte-compiling build/bdist.linux-x86_64/egg/tablib/packages/openpyxl/shared/exc.py to exc.pyc
byte-compiling build/bdist.linux-x86_64/egg/tablib/packages/openpyxl/shared/ooxml.py to ooxml.pyc
byte-compiling build/bdist.linux-x86_64/egg/tablib/packages/openpyxl/shared/date_time.py to date_time.pyc
byte-compiling build/bdist.linux-x86_64/egg/tablib/packages/openpyxl/shared/password_hasher.py to password_hasher.pyc
byte-compiling build/bdist.linux-x86_64/egg/tablib/packages/openpyxl/shared/xmltools.py to xmltools.pyc
byte-compiling build/bdist.linux-x86_64/egg/tablib/packages/openpyxl/shared/__init__.py to __init__.pyc
byte-compiling build/bdist.linux-x86_64/egg/tablib/packages/openpyxl/reader/workbook.py to workbook.pyc
byte-compiling build/bdist.linux-x86_64/egg/tablib/packages/openpyxl/reader/iter_worksheet.py to iter_worksheet.pyc
byte-compiling build/bdist.linux-x86_64/egg/tablib/packages/openpyxl/reader/worksheet.py to worksheet.pyc
byte-compiling build/bdist.linux-x86_64/egg/tablib/packages/openpyxl/reader/excel.py to excel.pyc
byte-compiling build/bdist.linux-x86_64/egg/tablib/packages/openpyxl/reader/style.py to style.pyc
byte-compiling build/bdist.linux-x86_64/egg/tablib/packages/openpyxl/reader/strings.py to strings.pyc
byte-compiling build/bdist.linux-x86_64/egg/tablib/packages/openpyxl/reader/__init__.py to __init__.pyc
byte-compiling build/bdist.linux-x86_64/egg/tablib/packages/openpyxl/worksheet.py to worksheet.pyc
byte-compiling build/bdist.linux-x86_64/egg/tablib/packages/openpyxl/style.py to style.pyc
byte-compiling build/bdist.linux-x86_64/egg/tablib/packages/openpyxl/drawing.py to drawing.pyc
byte-compiling build/bdist.linux-x86_64/egg/tablib/packages/openpyxl/cell.py to cell.pyc
byte-compiling build/bdist.linux-x86_64/egg/tablib/packages/openpyxl/__init__.py to __init__.pyc
byte-compiling build/bdist.linux-x86_64/egg/tablib/packages/openpyxl/namedrange.py to namedrange.pyc
byte-compiling build/bdist.linux-x86_64/egg/tablib/packages/unicodecsv/__init__.py to __init__.pyc
byte-compiling build/bdist.linux-x86_64/egg/tablib/packages/xlrd3/xldate.py to xldate.pyc
byte-compiling build/bdist.linux-x86_64/egg/tablib/packages/xlrd3/xfconst.py to xfconst.pyc
byte-compiling build/bdist.linux-x86_64/egg/tablib/packages/xlrd3/biffh.py to biffh.pyc
  File "build/bdist.linux-x86_64/egg/tablib/packages/xlrd3/biffh.py", line 386
    print(header, file=f)
                      ^
SyntaxError: invalid syntax

byte-compiling build/bdist.linux-x86_64/egg/tablib/packages/xlrd3/formula.py to formula.pyc
  File "build/bdist.linux-x86_64/egg/tablib/packages/xlrd3/formula.py", line 794
    if verbose: print("tIsect pre", stack, file=bk.logfile)
                                               ^
SyntaxError: invalid syntax

byte-compiling build/bdist.linux-x86_64/egg/tablib/packages/xlrd3/xfcell.py to xfcell.pyc
byte-compiling build/bdist.linux-x86_64/egg/tablib/packages/xlrd3/compdoc.py to compdoc.pyc
  File "build/bdist.linux-x86_64/egg/tablib/packages/xlrd3/compdoc.py", line 89
    print("\nCompDoc format: version=0x%04x revision=0x%04x" % (version, revision), file=logfile)
                                                                                        ^
SyntaxError: invalid syntax

byte-compiling build/bdist.linux-x86_64/egg/tablib/packages/xlrd3/sheet.py to sheet.pyc
  File "build/bdist.linux-x86_64/egg/tablib/packages/xlrd3/sheet.py", line 466
    print("put_cell", rowx, colx, file=self.logfile)
                                      ^
SyntaxError: invalid syntax

byte-compiling build/bdist.linux-x86_64/egg/tablib/packages/xlrd3/__init__.py to __init__.pyc
  File "build/bdist.linux-x86_64/egg/tablib/packages/xlrd3/__init__.py", line 855
    print("mem: %s, base: %d, len: %d" % (type(self.mem), self.base, self.stream_len), file=self.logfile)
                                                                                           ^
SyntaxError: invalid syntax

byte-compiling build/bdist.linux-x86_64/egg/tablib/packages/xlrd3/formatting.py to formatting.pyc
  File "build/bdist.linux-x86_64/egg/tablib/packages/xlrd3/formatting.py", line 589
    print("%2d: %r -> %r" % (i, old_rgb, new_rgb), file=book.logfile)
                                                       ^
SyntaxError: invalid syntax

byte-compiling build/bdist.linux-x86_64/egg/tablib/packages/markup.py to markup.pyc
byte-compiling build/bdist.linux-x86_64/egg/tablib/packages/__init__.py to __init__.pyc
byte-compiling build/bdist.linux-x86_64/egg/tablib/packages/yaml/constructor.py to constructor.pyc
byte-compiling build/bdist.linux-x86_64/egg/tablib/packages/yaml/resolver.py to resolver.pyc
byte-compiling build/bdist.linux-x86_64/egg/tablib/packages/yaml/nodes.py to nodes.pyc
byte-compiling build/bdist.linux-x86_64/egg/tablib/packages/yaml/loader.py to loader.pyc
byte-compiling build/bdist.linux-x86_64/egg/tablib/packages/yaml/composer.py to composer.pyc
byte-compiling build/bdist.linux-x86_64/egg/tablib/packages/yaml/reader.py to reader.pyc
byte-compiling build/bdist.linux-x86_64/egg/tablib/packages/yaml/scanner.py to scanner.pyc
byte-compiling build/bdist.linux-x86_64/egg/tablib/packages/yaml/parser.py to parser.pyc
byte-compiling build/bdist.linux-x86_64/egg/tablib/packages/yaml/tokens.py to tokens.pyc
byte-compiling build/bdist.linux-x86_64/egg/tablib/packages/yaml/representer.py to representer.pyc
byte-compiling build/bdist.linux-x86_64/egg/tablib/packages/yaml/dumper.py to dumper.pyc
byte-compiling build/bdist.linux-x86_64/egg/tablib/packages/yaml/events.py to events.pyc
byte-compiling build/bdist.linux-x86_64/egg/tablib/packages/yaml/emitter.py to emitter.pyc
byte-compiling build/bdist.linux-x86_64/egg/tablib/packages/yaml/cyaml.py to cyaml.pyc
byte-compiling build/bdist.linux-x86_64/egg/tablib/packages/yaml/__init__.py to __init__.pyc
byte-compiling build/bdist.linux-x86_64/egg/tablib/packages/yaml/error.py to error.pyc
byte-compiling build/bdist.linux-x86_64/egg/tablib/packages/yaml/serializer.py to serializer.pyc
byte-compiling build/bdist.linux-x86_64/egg/tablib/packages/odf/grammar.py to grammar.pyc
byte-compiling build/bdist.linux-x86_64/egg/tablib/packages/odf/attrconverters.py to attrconverters.pyc
byte-compiling build/bdist.linux-x86_64/egg/tablib/packages/odf/meta.py to meta.pyc
byte-compiling build/bdist.linux-x86_64/egg/tablib/packages/odf/odf2xhtml.py to odf2xhtml.pyc
byte-compiling build/bdist.linux-x86_64/egg/tablib/packages/odf/table.py to table.pyc
byte-compiling build/bdist.linux-x86_64/egg/tablib/packages/odf/teletype.py to teletype.pyc
byte-compiling build/bdist.linux-x86_64/egg/tablib/packages/odf/svg.py to svg.pyc
byte-compiling build/bdist.linux-x86_64/egg/tablib/packages/odf/dr3d.py to dr3d.pyc
byte-compiling build/bdist.linux-x86_64/egg/tablib/packages/odf/office.py to office.pyc
byte-compiling build/bdist.linux-x86_64/egg/tablib/packages/odf/config.py to config.pyc
byte-compiling build/bdist.linux-x86_64/egg/tablib/packages/odf/chart.py to chart.pyc
byte-compiling build/bdist.linux-x86_64/egg/tablib/packages/odf/dc.py to dc.pyc
byte-compiling build/bdist.linux-x86_64/egg/tablib/packages/odf/userfield.py to userfield.pyc
byte-compiling build/bdist.linux-x86_64/egg/tablib/packages/odf/easyliststyle.py to easyliststyle.pyc
byte-compiling build/bdist.linux-x86_64/egg/tablib/packages/odf/xforms.py to xforms.pyc
byte-compiling build/bdist.linux-x86_64/egg/tablib/packages/odf/odfmanifest.py to odfmanifest.pyc
byte-compiling build/bdist.linux-x86_64/egg/tablib/packages/odf/load.py to load.pyc
byte-compiling build/bdist.linux-x86_64/egg/tablib/packages/odf/opendocument.py to opendocument.pyc
byte-compiling build/bdist.linux-x86_64/egg/tablib/packages/odf/style.py to style.pyc
byte-compiling build/bdist.linux-x86_64/egg/tablib/packages/odf/odf2moinmoin.py to odf2moinmoin.pyc
byte-compiling build/bdist.linux-x86_64/egg/tablib/packages/odf/number.py to number.pyc
byte-compiling build/bdist.linux-x86_64/egg/tablib/packages/odf/script.py to script.pyc
byte-compiling build/bdist.linux-x86_64/egg/tablib/packages/odf/math.py to math.pyc
byte-compiling build/bdist.linux-x86_64/egg/tablib/packages/odf/presentation.py to presentation.pyc
byte-compiling build/bdist.linux-x86_64/egg/tablib/packages/odf/thumbnail.py to thumbnail.pyc
byte-compiling build/bdist.linux-x86_64/egg/tablib/packages/odf/text.py to text.pyc
byte-compiling build/bdist.linux-x86_64/egg/tablib/packages/odf/__init__.py to __init__.pyc
byte-compiling build/bdist.linux-x86_64/egg/tablib/packages/odf/form.py to form.pyc
byte-compiling build/bdist.linux-x86_64/egg/tablib/packages/odf/anim.py to anim.pyc
byte-compiling build/bdist.linux-x86_64/egg/tablib/packages/odf/element.py to element.pyc
byte-compiling build/bdist.linux-x86_64/egg/tablib/packages/odf/manifest.py to manifest.pyc
byte-compiling build/bdist.linux-x86_64/egg/tablib/packages/odf/elementtypes.py to elementtypes.pyc
byte-compiling build/bdist.linux-x86_64/egg/tablib/packages/odf/namespaces.py to namespaces.pyc
byte-compiling build/bdist.linux-x86_64/egg/tablib/packages/odf/draw.py to draw.pyc
byte-compiling build/bdist.linux-x86_64/egg/tablib/packages/ordereddict.py to ordereddict.pyc
byte-compiling build/bdist.linux-x86_64/egg/tablib/packages/omnijson/__init__.py to __init__.pyc
byte-compiling build/bdist.linux-x86_64/egg/tablib/packages/omnijson/core.py to core.pyc
byte-compiling build/bdist.linux-x86_64/egg/tablib/packages/xlwt/CompoundDoc.py to CompoundDoc.pyc
byte-compiling build/bdist.linux-x86_64/egg/tablib/packages/xlwt/Cell.py to Cell.pyc
byte-compiling build/bdist.linux-x86_64/egg/tablib/packages/xlwt/ExcelFormula.py to ExcelFormula.pyc
byte-compiling build/bdist.linux-x86_64/egg/tablib/packages/xlwt/UnicodeUtils.py to UnicodeUtils.pyc
byte-compiling build/bdist.linux-x86_64/egg/tablib/packages/xlwt/ExcelMagic.py to ExcelMagic.pyc
byte-compiling build/bdist.linux-x86_64/egg/tablib/packages/xlwt/Utils.py to Utils.pyc
byte-compiling build/bdist.linux-x86_64/egg/tablib/packages/xlwt/Column.py to Column.pyc
byte-compiling build/bdist.linux-x86_64/egg/tablib/packages/xlwt/Bitmap.py to Bitmap.pyc
byte-compiling build/bdist.linux-x86_64/egg/tablib/packages/xlwt/Worksheet.py to Worksheet.pyc
byte-compiling build/bdist.linux-x86_64/egg/tablib/packages/xlwt/Style.py to Style.pyc
byte-compiling build/bdist.linux-x86_64/egg/tablib/packages/xlwt/BIFFRecords.py to BIFFRecords.pyc
byte-compiling build/bdist.linux-x86_64/egg/tablib/packages/xlwt/Workbook.py to Workbook.pyc
byte-compiling build/bdist.linux-x86_64/egg/tablib/packages/xlwt/ExcelFormulaLexer.py to ExcelFormulaLexer.pyc
byte-compiling build/bdist.linux-x86_64/egg/tablib/packages/xlwt/Row.py to Row.pyc
byte-compiling build/bdist.linux-x86_64/egg/tablib/packages/xlwt/__init__.py to __init__.pyc
byte-compiling build/bdist.linux-x86_64/egg/tablib/packages/xlwt/antlr.py to antlr.pyc
byte-compiling build/bdist.linux-x86_64/egg/tablib/packages/xlwt/ExcelFormulaParser.py to ExcelFormulaParser.pyc
byte-compiling build/bdist.linux-x86_64/egg/tablib/packages/xlwt/Formatting.py to Formatting.pyc
byte-compiling build/bdist.linux-x86_64/egg/tablib/packages/openpyxl3/writer/styles.py to styles.pyc
byte-compiling build/bdist.linux-x86_64/egg/tablib/packages/openpyxl3/writer/theme.py to theme.pyc
byte-compiling build/bdist.linux-x86_64/egg/tablib/packages/openpyxl3/writer/workbook.py to workbook.pyc
byte-compiling build/bdist.linux-x86_64/egg/tablib/packages/openpyxl3/writer/worksheet.py to worksheet.pyc
byte-compiling build/bdist.linux-x86_64/egg/tablib/packages/openpyxl3/writer/excel.py to excel.pyc
byte-compiling build/bdist.linux-x86_64/egg/tablib/packages/openpyxl3/writer/dump_worksheet.py to dump_worksheet.pyc
byte-compiling build/bdist.linux-x86_64/egg/tablib/packages/openpyxl3/writer/strings.py to strings.pyc
byte-compiling build/bdist.linux-x86_64/egg/tablib/packages/openpyxl3/writer/charts.py to charts.pyc
byte-compiling build/bdist.linux-x86_64/egg/tablib/packages/openpyxl3/writer/__init__.py to __init__.pyc
byte-compiling build/bdist.linux-x86_64/egg/tablib/packages/openpyxl3/writer/drawings.py to drawings.pyc
byte-compiling build/bdist.linux-x86_64/egg/tablib/packages/openpyxl3/workbook.py to workbook.pyc
byte-compiling build/bdist.linux-x86_64/egg/tablib/packages/openpyxl3/chart.py to chart.pyc
byte-compiling build/bdist.linux-x86_64/egg/tablib/packages/openpyxl3/shared/units.py to units.pyc
byte-compiling build/bdist.linux-x86_64/egg/tablib/packages/openpyxl3/shared/exc.py to exc.pyc
byte-compiling build/bdist.linux-x86_64/egg/tablib/packages/openpyxl3/shared/ooxml.py to ooxml.pyc
byte-compiling build/bdist.linux-x86_64/egg/tablib/packages/openpyxl3/shared/date_time.py to date_time.pyc
byte-compiling build/bdist.linux-x86_64/egg/tablib/packages/openpyxl3/shared/password_hasher.py to password_hasher.pyc
byte-compiling build/bdist.linux-x86_64/egg/tablib/packages/openpyxl3/shared/xmltools.py to xmltools.pyc
byte-compiling build/bdist.linux-x86_64/egg/tablib/packages/openpyxl3/shared/__init__.py to __init__.pyc
byte-compiling build/bdist.linux-x86_64/egg/tablib/packages/openpyxl3/reader/workbook.py to workbook.pyc
byte-compiling build/bdist.linux-x86_64/egg/tablib/packages/openpyxl3/reader/iter_worksheet.py to iter_worksheet.pyc
byte-compiling build/bdist.linux-x86_64/egg/tablib/packages/openpyxl3/reader/worksheet.py to worksheet.pyc
byte-compiling build/bdist.linux-x86_64/egg/tablib/packages/openpyxl3/reader/excel.py to excel.pyc
byte-compiling build/bdist.linux-x86_64/egg/tablib/packages/openpyxl3/reader/style.py to style.pyc
byte-compiling build/bdist.linux-x86_64/egg/tablib/packages/openpyxl3/reader/strings.py to strings.pyc
byte-compiling build/bdist.linux-x86_64/egg/tablib/packages/openpyxl3/reader/__init__.py to __init__.pyc
byte-compiling build/bdist.linux-x86_64/egg/tablib/packages/openpyxl3/worksheet.py to worksheet.pyc
byte-compiling build/bdist.linux-x86_64/egg/tablib/packages/openpyxl3/style.py to style.pyc
byte-compiling build/bdist.linux-x86_64/egg/tablib/packages/openpyxl3/drawing.py to drawing.pyc
byte-compiling build/bdist.linux-x86_64/egg/tablib/packages/openpyxl3/cell.py to cell.pyc
byte-compiling build/bdist.linux-x86_64/egg/tablib/packages/openpyxl3/__init__.py to __init__.pyc
byte-compiling build/bdist.linux-x86_64/egg/tablib/packages/openpyxl3/namedrange.py to namedrange.pyc
creating build/bdist.linux-x86_64/egg/EGG-INFO
copying tablib.egg-info/PKG-INFO -> build/bdist.linux-x86_64/egg/EGG-INFO
copying tablib.egg-info/SOURCES.txt -> build/bdist.linux-x86_64/egg/EGG-INFO
copying tablib.egg-info/dependency_links.txt -> build/bdist.linux-x86_64/egg/EGG-INFO
copying tablib.egg-info/top_level.txt -> build/bdist.linux-x86_64/egg/EGG-INFO
zip_safe flag not set; analyzing archive contents...
creating dist
creating 'dist/tablib-0.10.0-py2.7.egg' and adding 'build/bdist.linux-x86_64/egg' to it
removing 'build/bdist.linux-x86_64/egg' (and everything under it)
Processing tablib-0.10.0-py2.7.egg
Copying tablib-0.10.0-py2.7.egg to /home/ubuntu/miniconda/envs/_build/lib/python2.7/site-packages
Adding tablib 0.10.0 to easy-install.pth file

Installed /home/ubuntu/miniconda/envs/_build/lib/python2.7/site-packages/tablib-0.10.0-py2.7.egg
Processing dependencies for tablib==0.10.0
Finished processing dependencies for tablib==0.10.0

The following NEW packages will be INSTALLED:

    openssl:    1.0.1k-1    
    pip:        6.1.1-py27_0
    python:     2.7.9-3     
    readline:   6.2-2       
    setuptools: 16.0-py27_0 
    sqlite:     3.8.4.1-1   
    system:     5.8-2       
    tk:         8.5.18-0    
    zlib:       1.2.8-0     

Linking packages ...
[                    ]|                                                  |   0%[openssl             ]|                                                  |   0%[readline            ]|#####                                             |  11%[sqlite              ]|###########                                       |  22%[system              ]|################                                  |  33%[tk                  ]|######################                            |  44%[zlib                ]|###########################                       |  55%[python              ]|#################################                 |  66%[setuptools          ]|######################################            |  77%[pip                 ]|############################################      |  88%[      COMPLETE      ]|##################################################| 100%
Removing old work directory
Source cache directory is: /home/ubuntu/miniconda/conda-bld/src_cache
Found source in cache: tablib-0.10.0.tar.gz
Extracting download
Package: tablib-0.10.0-py27_0
source tree in: /home/ubuntu/miniconda/conda-bld/work/tablib-0.10.0
found egg: /home/ubuntu/miniconda/envs/_build/lib/python2.7/site-packages/tablib-0.10.0-py2.7.egg
number of files: 2
Fixing permissions
Fixing permissions
BUILD END: tablib-0.10.0-py27_0
TEST START: tablib-0.10.0-py27_0
Fetching package metadata: ......
Solving package specifications: .
The following packages will be downloaded:

    package                    |            build
    ---------------------------|-----------------
    tablib-0.10.0              |           py27_0         1.6 MB

The following NEW packages will be INSTALLED:

    openssl:    1.0.1k-1     
    pip:        6.1.1-py27_0 
    python:     2.7.9-3      
    readline:   6.2-2        
    setuptools: 16.0-py27_0  
    sqlite:     3.8.4.1-1    
    system:     5.8-2        
    tablib:     0.10.0-py27_0
    tk:         8.5.18-0     
    zlib:       1.2.8-0      

Fetching packages ...
tablib-0.10.0-   0% |                              | ETA:  --:--:--   0.00  B/stablib-0.10.0-   1% |                               | ETA:  0:00:00  69.27 MB/stablib-0.10.0-   3% |#                              | ETA:  0:00:00  84.45 MB/stablib-0.10.0-   5% |#                              | ETA:  0:00:00  92.66 MB/stablib-0.10.0-   7% |##                             | ETA:  0:00:00  97.53 MB/stablib-0.10.0-   9% |##                             | ETA:  0:00:00 100.64 MB/stablib-0.10.0-  11% |###                            | ETA:  0:00:00 102.67 MB/stablib-0.10.0-  13% |####                           | ETA:  0:00:00 104.64 MB/stablib-0.10.0-  15% |####                           | ETA:  0:00:00 106.26 MB/stablib-0.10.0-  17% |#####                          | ETA:  0:00:00  21.14 MB/stablib-0.10.0-  19% |#####                          | ETA:  0:00:00  23.01 MB/stablib-0.10.0-  21% |######                         | ETA:  0:00:00  24.81 MB/stablib-0.10.0-  22% |#######                        | ETA:  0:00:00  26.53 MB/stablib-0.10.0-  24% |#######                        | ETA:  0:00:00  28.21 MB/stablib-0.10.0-  26% |########                       | ETA:  0:00:00  29.82 MB/stablib-0.10.0-  28% |########                       | ETA:  0:00:00  31.38 MB/stablib-0.10.0-  30% |#########                      | ETA:  0:00:00  32.88 MB/stablib-0.10.0-  32% |##########                     | ETA:  0:00:00  34.35 MB/stablib-0.10.0-  34% |##########                     | ETA:  0:00:00  35.76 MB/stablib-0.10.0-  36% |###########                    | ETA:  0:00:00  37.13 MB/stablib-0.10.0-  38% |###########                    | ETA:  0:00:00  38.44 MB/stablib-0.10.0-  40% |############                   | ETA:  0:00:00  39.72 MB/stablib-0.10.0-  42% |#############                  | ETA:  0:00:00  40.96 MB/stablib-0.10.0-  43% |#############                  | ETA:  0:00:00  42.16 MB/stablib-0.10.0-  45% |##############                 | ETA:  0:00:00  43.31 MB/stablib-0.10.0-  47% |##############                 | ETA:  0:00:00  44.43 MB/stablib-0.10.0-  49% |###############                | ETA:  0:00:00  45.49 MB/stablib-0.10.0-  51% |###############                | ETA:  0:00:00  46.56 MB/stablib-0.10.0-  53% |################               | ETA:  0:00:00  47.59 MB/stablib-0.10.0-  55% |#################              | ETA:  0:00:00  48.59 MB/stablib-0.10.0-  57% |#################              | ETA:  0:00:00  49.56 MB/stablib-0.10.0-  59% |##################             | ETA:  0:00:00  50.51 MB/stablib-0.10.0-  61% |##################             | ETA:  0:00:00  51.44 MB/stablib-0.10.0-  63% |###################            | ETA:  0:00:00  52.34 MB/stablib-0.10.0-  64% |####################           | ETA:  0:00:00  53.22 MB/stablib-0.10.0-  66% |####################           | ETA:  0:00:00  54.05 MB/stablib-0.10.0-  68% |#####################          | ETA:  0:00:00  54.89 MB/stablib-0.10.0-  70% |#####################          | ETA:  0:00:00  55.71 MB/stablib-0.10.0-  72% |######################         | ETA:  0:00:00  26.82 MB/stablib-0.10.0-  74% |#######################        | ETA:  0:00:00  27.33 MB/stablib-0.10.0-  76% |#######################        | ETA:  0:00:00  27.86 MB/stablib-0.10.0-  78% |########################       | ETA:  0:00:00  28.39 MB/stablib-0.10.0-  80% |########################       | ETA:  0:00:00  28.90 MB/stablib-0.10.0-  82% |#########################      | ETA:  0:00:00  29.42 ===== testing package: tablib-0.10.0-py27_0 =====
import: u'tablib'
import: u'tablib.formats'
import: u'tablib.packages'
import: u'tablib.packages.odf'
import: u'tablib.packages.odf3'
import: u'tablib.packages.omnijson'
import: u'tablib.packages.openpyxl'
import: u'tablib.packages.openpyxl.reader'
import: u'tablib.packages.openpyxl.shared'
import: u'tablib.packages.openpyxl.writer'
import: u'tablib.packages.openpyxl3'
import: u'tablib.packages.openpyxl3.reader'
import: u'tablib.packages.openpyxl3.shared'
import: u'tablib.packages.openpyxl3.writer'
import: u'tablib.packages.unicodecsv'
import: u'tablib.packages.xlrd'
import: u'tablib.packages.xlrd3'
Traceback (most recent call last):
  File "/home/ubuntu/miniconda/conda-bld/test-tmp_dir/run_test.py", line 73, in <module>
    import tablib.packages.xlrd3
  File "/home/ubuntu/miniconda/envs/_test/lib/python2.7/site-packages/tablib-0.10.0-py2.7.egg/tablib/packages/xlrd3/__init__.py", line 855
    print("mem: %s, base: %d, len: %d" % (type(self.mem), self.base, self.stream_len), file=self.logfile)
                                                                                           ^
SyntaxError: invalid syntax
MB/stablib-0.10.0-  84% |##########################     | ETA:  0:00:00  29.93 MB/stablib-0.10.0-  85% |##########################     | ETA:  0:00:00  30.43 MB/stablib-0.10.0-  87% |###########################    | ETA:  0:00:00  30.93 MB/stablib-0.10.0-  89% |###########################    | ETA:  0:00:00  31.42 MB/stablib-0.10.0-  91% |############################   | ETA:  0:00:00  31.91 MB/stablib-0.10.0-  93% |#############################  | ETA:  0:00:00  32.40 MB/stablib-0.10.0-  95% |#############################  | ETA:  0:00:00  32.87 MB/stablib-0.10.0-  97% |############################## | ETA:  0:00:00  33.35 MB/stablib-0.10.0-  99% |############################## | ETA:  0:00:00  33.81 MB/stablib-0.10.0- 100% |###############################| Time: 0:00:00  33.81 MB/s
Extracting packages ...
[      COMPLETE      ]|                                                  |   0%[tablib              ]|                                                  |   0%[tablib              ]|                                                  |   0%[      COMPLETE      ]|##################################################| 100%
Linking packages ...
[      COMPLETE      ]|                                                  |   0%[openssl             ]|                                                  |   0%[openssl             ]|                                                  |   0%[readline            ]|#####                                             |  10%[sqlite              ]|##########                                        |  20%[system              ]|###############                                   |  30%[tk                  ]|####################                              |  40%[zlib                ]|#########################                         |  50%[python              ]|##############################                    |  60%[setuptools          ]|###################################               |  70%[tablib              ]|########################################          |  80%[pip                 ]|#############################################     |  90%[      COMPLETE      ]|##################################################| 100%
TESTS FAILED: tablib-0.10.0-py27_0
