Removing old build directory
Removing old work directory
BUILD START: tablib-0.10.0-py27_0
Fetching package metadata: ......
Solving package specifications: .+ /home/ubuntu/miniconda/envs/_build/bin/python setup.py install
/home/ubuntu/miniconda/envs/_build/lib/python2.7/distutils/dist.py:267: UserWarning: Unknown distribution option: 'tests_require'
  warnings.warn(msg)
running install
running build
running build_py
creating build
creating build/lib
creating build/lib/tablib
copying tablib/compat.py -> build/lib/tablib
copying tablib/__init__.py -> build/lib/tablib
copying tablib/core.py -> build/lib/tablib
creating build/lib/tablib/formats
copying tablib/formats/_csv.py -> build/lib/tablib/formats
copying tablib/formats/_tsv.py -> build/lib/tablib/formats
copying tablib/formats/_json.py -> build/lib/tablib/formats
copying tablib/formats/_ods.py -> build/lib/tablib/formats
copying tablib/formats/_html.py -> build/lib/tablib/formats
copying tablib/formats/_xls.py -> build/lib/tablib/formats
copying tablib/formats/__init__.py -> build/lib/tablib/formats
copying tablib/formats/_xlsx.py -> build/lib/tablib/formats
copying tablib/formats/_yaml.py -> build/lib/tablib/formats
creating build/lib/tablib/packages
copying tablib/packages/markup3.py -> build/lib/tablib/packages
copying tablib/packages/markup.py -> build/lib/tablib/packages
copying tablib/packages/__init__.py -> build/lib/tablib/packages
copying tablib/packages/ordereddict.py -> build/lib/tablib/packages
creating build/lib/tablib/packages/xlwt
copying tablib/packages/xlwt/CompoundDoc.py -> build/lib/tablib/packages/xlwt
copying tablib/packages/xlwt/Cell.py -> build/lib/tablib/packages/xlwt
copying tablib/packages/xlwt/ExcelFormula.py -> build/lib/tablib/packages/xlwt
copying tablib/packages/xlwt/UnicodeUtils.py -> build/lib/tablib/packages/xlwt
copying tablib/packages/xlwt/ExcelMagic.py -> build/lib/tablib/packages/xlwt
copying tablib/packages/xlwt/Utils.py -> build/lib/tablib/packages/xlwt
copying tablib/packages/xlwt/Column.py -> build/lib/tablib/packages/xlwt
copying tablib/packages/xlwt/Bitmap.py -> build/lib/tablib/packages/xlwt
copying tablib/packages/xlwt/Worksheet.py -> build/lib/tablib/packages/xlwt
copying tablib/packages/xlwt/Style.py -> build/lib/tablib/packages/xlwt
copying tablib/packages/xlwt/BIFFRecords.py -> build/lib/tablib/packages/xlwt
copying tablib/packages/xlwt/Workbook.py -> build/lib/tablib/packages/xlwt
copying tablib/packages/xlwt/ExcelFormulaLexer.py -> build/lib/tablib/packages/xlwt
copying tablib/packages/xlwt/Row.py -> build/lib/tablib/packages/xlwt
copying tablib/packages/xlwt/__init__.py -> build/lib/tablib/packages/xlwt
copying tablib/packages/xlwt/antlr.py -> build/lib/tablib/packages/xlwt
copying tablib/packages/xlwt/ExcelFormulaParser.py -> build/lib/tablib/packages/xlwt
copying tablib/packages/xlwt/Formatting.py -> build/lib/tablib/packages/xlwt
creating build/lib/tablib/packages/xlwt3
copying tablib/packages/xlwt3/CompoundDoc.py -> build/lib/tablib/packages/xlwt3
copying tablib/packages/xlwt3/Cell.py -> build/lib/tablib/packages/xlwt3
copying tablib/packages/xlwt3/ExcelFormula.py -> build/lib/tablib/packages/xlwt3
copying tablib/packages/xlwt3/UnicodeUtils.py -> build/lib/tablib/packages/xlwt3
copying tablib/packages/xlwt3/ExcelMagic.py -> build/lib/tablib/packages/xlwt3
copying tablib/packages/xlwt3/Utils.py -> build/lib/tablib/packages/xlwt3
copying tablib/packages/xlwt3/Column.py -> build/lib/tablib/packages/xlwt3
copying tablib/packages/xlwt3/Bitmap.py -> build/lib/tablib/packages/xlwt3
copying tablib/packages/xlwt3/Worksheet.py -> build/lib/tablib/packages/xlwt3
copying tablib/packages/xlwt3/Style.py -> build/lib/tablib/packages/xlwt3
copying tablib/packages/xlwt3/BIFFRecords.py -> build/lib/tablib/packages/xlwt3
copying tablib/packages/xlwt3/Workbook.py -> build/lib/tablib/packages/xlwt3
copying tablib/packages/xlwt3/ExcelFormulaLexer.py -> build/lib/tablib/packages/xlwt3
copying tablib/packages/xlwt3/Row.py -> build/lib/tablib/packages/xlwt3
copying tablib/packages/xlwt3/__init__.py -> build/lib/tablib/packages/xlwt3
copying tablib/packages/xlwt3/antlr.py -> build/lib/tablib/packages/xlwt3
copying tablib/packages/xlwt3/ExcelFormulaParser.py -> build/lib/tablib/packages/xlwt3
copying tablib/packages/xlwt3/Formatting.py -> build/lib/tablib/packages/xlwt3
creating build/lib/tablib/packages/xlrd
copying tablib/packages/xlrd/xldate.py -> build/lib/tablib/packages/xlrd
copying tablib/packages/xlrd/biffh.py -> build/lib/tablib/packages/xlrd
copying tablib/packages/xlrd/formula.py -> build/lib/tablib/packages/xlrd
copying tablib/packages/xlrd/compdoc.py -> build/lib/tablib/packages/xlrd
copying tablib/packages/xlrd/sheet.py -> build/lib/tablib/packages/xlrd
copying tablib/packages/xlrd/__init__.py -> build/lib/tablib/packages/xlrd
copying tablib/packages/xlrd/formatting.py -> build/lib/tablib/packages/xlrd
copying tablib/packages/xlrd/timemachine.py -> build/lib/tablib/packages/xlrd
copying tablib/packages/xlrd/licences.py -> build/lib/tablib/packages/xlrd
creating build/lib/tablib/packages/xlrd3
copying tablib/packages/xlrd3/xldate.py -> build/lib/tablib/packages/xlrd3
copying tablib/packages/xlrd3/xfconst.py -> build/lib/tablib/packages/xlrd3
copying tablib/packages/xlrd3/biffh.py -> build/lib/tablib/packages/xlrd3
copying tablib/packages/xlrd3/formula.py -> build/lib/tablib/packages/xlrd3
copying tablib/packages/xlrd3/xfcell.py -> build/lib/tablib/packages/xlrd3
copying tablib/packages/xlrd3/compdoc.py -> build/lib/tablib/packages/xlrd3
copying tablib/packages/xlrd3/sheet.py -> build/lib/tablib/packages/xlrd3
copying tablib/packages/xlrd3/__init__.py -> build/lib/tablib/packages/xlrd3
copying tablib/packages/xlrd3/formatting.py -> build/lib/tablib/packages/xlrd3
creating build/lib/tablib/packages/omnijson
copying tablib/packages/omnijson/__init__.py -> build/lib/tablib/packages/omnijson
copying tablib/packages/omnijson/core.py -> build/lib/tablib/packages/omnijson
creating build/lib/tablib/packages/odf
copying tablib/packages/odf/grammar.py -> build/lib/tablib/packages/odf
copying tablib/packages/odf/attrconverters.py -> build/lib/tablib/packages/odf
copying tablib/packages/odf/meta.py -> build/lib/tablib/packages/odf
copying tablib/packages/odf/odf2xhtml.py -> build/lib/tablib/packages/odf
copying tablib/packages/odf/table.py -> build/lib/tablib/packages/odf
copying tablib/packages/odf/teletype.py -> build/lib/tablib/packages/odf
copying tablib/packages/odf/svg.py -> build/lib/tablib/packages/odf
copying tablib/packages/odf/dr3d.py -> build/lib/tablib/packages/odf
copying tablib/packages/odf/office.py -> build/lib/tablib/packages/odf
copying tablib/packages/odf/config.py -> build/lib/tablib/packages/odf
copying tablib/packages/odf/chart.py -> build/lib/tablib/packages/odf
copying tablib/packages/odf/dc.py -> build/lib/tablib/packages/odf
copying tablib/packages/odf/userfield.py -> build/lib/tablib/packages/odf
copying tablib/packages/odf/easyliststyle.py -> build/lib/tablib/packages/odf
copying tablib/packages/odf/xforms.py -> build/lib/tablib/packages/odf
copying tablib/packages/odf/odfmanifest.py -> build/lib/tablib/packages/odf
copying tablib/packages/odf/load.py -> build/lib/tablib/packages/odf
copying tablib/packages/odf/opendocument.py -> build/lib/tablib/packages/odf
copying tablib/packages/odf/style.py -> build/lib/tablib/packages/odf
copying tablib/packages/odf/odf2moinmoin.py -> build/lib/tablib/packages/odf
copying tablib/packages/odf/number.py -> build/lib/tablib/packages/odf
copying tablib/packages/odf/script.py -> build/lib/tablib/packages/odf
copying tablib/packages/odf/math.py -> build/lib/tablib/packages/odf
copying tablib/packages/odf/presentation.py -> build/lib/tablib/packages/odf
copying tablib/packages/odf/thumbnail.py -> build/lib/tablib/packages/odf
copying tablib/packages/odf/text.py -> build/lib/tablib/packages/odf
copying tablib/packages/odf/__init__.py -> build/lib/tablib/packages/odf
copying tablib/packages/odf/form.py -> build/lib/tablib/packages/odf
copying tablib/packages/odf/anim.py -> build/lib/tablib/packages/odf
copying tablib/packages/odf/element.py -> build/lib/tablib/packages/odf
copying tablib/packages/odf/manifest.py -> build/lib/tablib/packages/odf
copying tablib/packages/odf/elementtypes.py -> build/lib/tablib/packages/odf
copying tablib/packages/odf/namespaces.py -> build/lib/tablib/packages/odf
copying tablib/packages/odf/draw.py -> build/lib/tablib/packages/odf
creating build/lib/tablib/packages/odf3
copying tablib/packages/odf3/grammar.py -> build/lib/tablib/packages/odf3
copying tablib/packages/odf3/attrconverters.py -> build/lib/tablib/packages/odf3
copying tablib/packages/odf3/meta.py -> build/lib/tablib/packages/odf3
copying tablib/packages/odf3/odf2xhtml.py -> build/lib/tablib/packages/odf3
copying tablib/packages/odf3/table.py -> build/lib/tablib/packages/odf3
copying tablib/packages/odf3/teletype.py -> build/lib/tablib/packages/odf3
copying tablib/packages/odf3/svg.py -> build/lib/tablib/packages/odf3
copying tablib/packages/odf3/dr3d.py -> build/lib/tablib/packages/odf3
copying tablib/packages/odf3/office.py -> build/lib/tablib/packages/odf3
copying tablib/packages/odf3/config.py -> build/lib/tablib/packages/odf3
copying tablib/packages/odf3/chart.py -> build/lib/tablib/packages/odf3
copying tablib/packages/odf3/dc.py -> build/lib/tablib/packages/odf3
copying tablib/packages/odf3/userfield.py -> build/lib/tablib/packages/odf3
copying tablib/packages/odf3/easyliststyle.py -> build/lib/tablib/packages/odf3
copying tablib/packages/odf3/xforms.py -> build/lib/tablib/packages/odf3
copying tablib/packages/odf3/odfmanifest.py -> build/lib/tablib/packages/odf3
copying tablib/packages/odf3/load.py -> build/lib/tablib/packages/odf3
copying tablib/packages/odf3/opendocument.py -> build/lib/tablib/packages/odf3
copying tablib/packages/odf3/style.py -> build/lib/tablib/packages/odf3
copying tablib/packages/odf3/odf2moinmoin.py -> build/lib/tablib/packages/odf3
copying tablib/packages/odf3/number.py -> build/lib/tablib/packages/odf3
copying tablib/packages/odf3/script.py -> build/lib/tablib/packages/odf3
copying tablib/packages/odf3/math.py -> build/lib/tablib/packages/odf3
copying tablib/packages/odf3/presentation.py -> build/lib/tablib/packages/odf3
copying tablib/packages/odf3/thumbnail.py -> build/lib/tablib/packages/odf3
copying tablib/packages/odf3/text.py -> build/lib/tablib/packages/odf3
copying tablib/packages/odf3/__init__.py -> build/lib/tablib/packages/odf3
copying tablib/packages/odf3/form.py -> build/lib/tablib/packages/odf3
copying tablib/packages/odf3/anim.py -> build/lib/tablib/packages/odf3
copying tablib/packages/odf3/element.py -> build/lib/tablib/packages/odf3
copying tablib/packages/odf3/manifest.py -> build/lib/tablib/packages/odf3
copying tablib/packages/odf3/elementtypes.py -> build/lib/tablib/packages/odf3
copying tablib/packages/odf3/namespaces.py -> build/lib/tablib/packages/odf3
copying tablib/packages/odf3/draw.py -> build/lib/tablib/packages/odf3
creating build/lib/tablib/packages/openpyxl
copying tablib/packages/openpyxl/workbook.py -> build/lib/tablib/packages/openpyxl
copying tablib/packages/openpyxl/chart.py -> build/lib/tablib/packages/openpyxl
copying tablib/packages/openpyxl/worksheet.py -> build/lib/tablib/packages/openpyxl
copying tablib/packages/openpyxl/style.py -> build/lib/tablib/packages/openpyxl
copying tablib/packages/openpyxl/drawing.py -> build/lib/tablib/packages/openpyxl
copying tablib/packages/openpyxl/cell.py -> build/lib/tablib/packages/openpyxl
copying tablib/packages/openpyxl/__init__.py -> build/lib/tablib/packages/openpyxl
copying tablib/packages/openpyxl/namedrange.py -> build/lib/tablib/packages/openpyxl
creating build/lib/tablib/packages/openpyxl/shared
copying tablib/packages/openpyxl/shared/units.py -> build/lib/tablib/packages/openpyxl/shared
copying tablib/packages/openpyxl/shared/exc.py -> build/lib/tablib/packages/openpyxl/shared
copying tablib/packages/openpyxl/shared/ooxml.py -> build/lib/tablib/packages/openpyxl/shared
copying tablib/packages/openpyxl/shared/date_time.py -> build/lib/tablib/packages/openpyxl/shared
copying tablib/packages/openpyxl/shared/password_hasher.py -> build/lib/tablib/packages/openpyxl/shared
copying tablib/packages/openpyxl/shared/xmltools.py -> build/lib/tablib/packages/openpyxl/shared
copying tablib/packages/openpyxl/shared/__init__.py -> build/lib/tablib/packages/openpyxl/shared
creating build/lib/tablib/packages/openpyxl/reader
copying tablib/packages/openpyxl/reader/workbook.py -> build/lib/tablib/packages/openpyxl/reader
copying tablib/packages/openpyxl/reader/iter_worksheet.py -> build/lib/tablib/packages/openpyxl/reader
copying tablib/packages/openpyxl/reader/worksheet.py -> build/lib/tablib/packages/openpyxl/reader
copying tablib/packages/openpyxl/reader/excel.py -> build/lib/tablib/packages/openpyxl/reader
copying tablib/packages/openpyxl/reader/style.py -> build/lib/tablib/packages/openpyxl/reader
copying tablib/packages/openpyxl/reader/strings.py -> build/lib/tablib/packages/openpyxl/reader
copying tablib/packages/openpyxl/reader/__init__.py -> build/lib/tablib/packages/openpyxl/reader
creating build/lib/tablib/packages/openpyxl/writer
copying tablib/packages/openpyxl/writer/styles.py -> build/lib/tablib/packages/openpyxl/writer
copying tablib/packages/openpyxl/writer/theme.py -> build/lib/tablib/packages/openpyxl/writer
copying tablib/packages/openpyxl/writer/workbook.py -> build/lib/tablib/packages/openpyxl/writer
copying tablib/packages/openpyxl/writer/worksheet.py -> build/lib/tablib/packages/openpyxl/writer
copying tablib/packages/openpyxl/writer/excel.py -> build/lib/tablib/packages/openpyxl/writer
copying tablib/packages/openpyxl/writer/dump_worksheet.py -> build/lib/tablib/packages/openpyxl/writer
copying tablib/packages/openpyxl/writer/strings.py -> build/lib/tablib/packages/openpyxl/writer
copying tablib/packages/openpyxl/writer/charts.py -> build/lib/tablib/packages/openpyxl/writer
copying tablib/packages/openpyxl/writer/__init__.py -> build/lib/tablib/packages/openpyxl/writer
copying tablib/packages/openpyxl/writer/drawings.py -> build/lib/tablib/packages/openpyxl/writer
creating build/lib/tablib/packages/openpyxl3
copying tablib/packages/openpyxl3/workbook.py -> build/lib/tablib/packages/openpyxl3
copying tablib/packages/openpyxl3/chart.py -> build/lib/tablib/packages/openpyxl3
copying tablib/packages/openpyxl3/worksheet.py -> build/lib/tablib/packages/openpyxl3
copying tablib/packages/openpyxl3/style.py -> build/lib/tablib/packages/openpyxl3
copying tablib/packages/openpyxl3/drawing.py -> build/lib/tablib/packages/openpyxl3
copying tablib/packages/openpyxl3/cell.py -> build/lib/tablib/packages/openpyxl3
copying tablib/packages/openpyxl3/__init__.py -> build/lib/tablib/packages/openpyxl3
copying tablib/packages/openpyxl3/namedrange.py -> build/lib/tablib/packages/openpyxl3
creating build/lib/tablib/packages/openpyxl3/shared
copying tablib/packages/openpyxl3/shared/units.py -> build/lib/tablib/packages/openpyxl3/shared
copying tablib/packages/openpyxl3/shared/exc.py -> build/lib/tablib/packages/openpyxl3/shared
copying tablib/packages/openpyxl3/shared/ooxml.py -> build/lib/tablib/packages/openpyxl3/shared
copying tablib/packages/openpyxl3/shared/date_time.py -> build/lib/tablib/packages/openpyxl3/shared
copying tablib/packages/openpyxl3/shared/password_hasher.py -> build/lib/tablib/packages/openpyxl3/shared
copying tablib/packages/openpyxl3/shared/xmltools.py -> build/lib/tablib/packages/openpyxl3/shared
copying tablib/packages/openpyxl3/shared/__init__.py -> build/lib/tablib/packages/openpyxl3/shared
creating build/lib/tablib/packages/openpyxl3/reader
copying tablib/packages/openpyxl3/reader/workbook.py -> build/lib/tablib/packages/openpyxl3/reader
copying tablib/packages/openpyxl3/reader/iter_worksheet.py -> build/lib/tablib/packages/openpyxl3/reader
copying tablib/packages/openpyxl3/reader/worksheet.py -> build/lib/tablib/packages/openpyxl3/reader
copying tablib/packages/openpyxl3/reader/excel.py -> build/lib/tablib/packages/openpyxl3/reader
copying tablib/packages/openpyxl3/reader/style.py -> build/lib/tablib/packages/openpyxl3/reader
copying tablib/packages/openpyxl3/reader/strings.py -> build/lib/tablib/packages/openpyxl3/reader
copying tablib/packages/openpyxl3/reader/__init__.py -> build/lib/tablib/packages/openpyxl3/reader
creating build/lib/tablib/packages/openpyxl3/writer
copying tablib/packages/openpyxl3/writer/styles.py -> build/lib/tablib/packages/openpyxl3/writer
copying tablib/packages/openpyxl3/writer/theme.py -> build/lib/tablib/packages/openpyxl3/writer
copying tablib/packages/openpyxl3/writer/workbook.py -> build/lib/tablib/packages/openpyxl3/writer
copying tablib/packages/openpyxl3/writer/worksheet.py -> build/lib/tablib/packages/openpyxl3/writer
copying tablib/packages/openpyxl3/writer/excel.py -> build/lib/tablib/packages/openpyxl3/writer
copying tablib/packages/openpyxl3/writer/dump_worksheet.py -> build/lib/tablib/packages/openpyxl3/writer
copying tablib/packages/openpyxl3/writer/strings.py -> build/lib/tablib/packages/openpyxl3/writer
copying tablib/packages/openpyxl3/writer/charts.py -> build/lib/tablib/packages/openpyxl3/writer
copying tablib/packages/openpyxl3/writer/__init__.py -> build/lib/tablib/packages/openpyxl3/writer
copying tablib/packages/openpyxl3/writer/drawings.py -> build/lib/tablib/packages/openpyxl3/writer
creating build/lib/tablib/packages/yaml
copying tablib/packages/yaml/constructor.py -> build/lib/tablib/packages/yaml
copying tablib/packages/yaml/resolver.py -> build/lib/tablib/packages/yaml
copying tablib/packages/yaml/nodes.py -> build/lib/tablib/packages/yaml
copying tablib/packages/yaml/loader.py -> build/lib/tablib/packages/yaml
copying tablib/packages/yaml/composer.py -> build/lib/tablib/packages/yaml
copying tablib/packages/yaml/reader.py -> build/lib/tablib/packages/yaml
copying tablib/packages/yaml/scanner.py -> build/lib/tablib/packages/yaml
copying tablib/packages/yaml/parser.py -> build/lib/tablib/packages/yaml
copying tablib/packages/yaml/tokens.py -> build/lib/tablib/packages/yaml
copying tablib/packages/yaml/representer.py -> build/lib/tablib/packages/yaml
copying tablib/packages/yaml/dumper.py -> build/lib/tablib/packages/yaml
copying tablib/packages/yaml/events.py -> build/lib/tablib/packages/yaml
copying tablib/packages/yaml/emitter.py -> build/lib/tablib/packages/yaml
copying tablib/packages/yaml/cyaml.py -> build/lib/tablib/packages/yaml
copying tablib/packages/yaml/__init__.py -> build/lib/tablib/packages/yaml
copying tablib/packages/yaml/error.py -> build/lib/tablib/packages/yaml
copying tablib/packages/yaml/serializer.py -> build/lib/tablib/packages/yaml
creating build/lib/tablib/packages/yaml3
copying tablib/packages/yaml3/constructor.py -> build/lib/tablib/packages/yaml3
copying tablib/packages/yaml3/resolver.py -> build/lib/tablib/packages/yaml3
copying tablib/packages/yaml3/nodes.py -> build/lib/tablib/packages/yaml3
copying tablib/packages/yaml3/loader.py -> build/lib/tablib/packages/yaml3
copying tablib/packages/yaml3/composer.py -> build/lib/tablib/packages/yaml3
copying tablib/packages/yaml3/reader.py -> build/lib/tablib/packages/yaml3
copying tablib/packages/yaml3/scanner.py -> build/lib/tablib/packages/yaml3
copying tablib/packages/yaml3/parser.py -> build/lib/tablib/packages/yaml3
copying tablib/packages/yaml3/tokens.py -> build/lib/tablib/packages/yaml3
copying tablib/packages/yaml3/representer.py -> build/lib/tablib/packages/yaml3
copying tablib/packages/yaml3/dumper.py -> build/lib/tablib/packages/yaml3
copying tablib/packages/yaml3/events.py -> build/lib/tablib/packages/yaml3
copying tablib/packages/yaml3/emitter.py -> build/lib/tablib/packages/yaml3
copying tablib/packages/yaml3/cyaml.py -> build/lib/tablib/packages/yaml3
copying tablib/packages/yaml3/__init__.py -> build/lib/tablib/packages/yaml3
copying tablib/packages/yaml3/error.py -> build/lib/tablib/packages/yaml3
copying tablib/packages/yaml3/serializer.py -> build/lib/tablib/packages/yaml3
creating build/lib/tablib/packages/unicodecsv
copying tablib/packages/unicodecsv/__init__.py -> build/lib/tablib/packages/unicodecsv
running install_lib
creating /home/ubuntu/miniconda/envs/_build/lib/python2.7/site-packages/tablib
copying build/lib/tablib/compat.py -> /home/ubuntu/miniconda/envs/_build/lib/python2.7/site-packages/tablib
copying build/lib/tablib/__init__.py -> /home/ubuntu/miniconda/envs/_build/lib/python2.7/site-packages/tablib
creating /home/ubuntu/miniconda/envs/_build/lib/python2.7/site-packages/tablib/formats
copying build/lib/tablib/formats/_csv.py -> /home/ubuntu/miniconda/envs/_build/lib/python2.7/site-packages/tablib/formats
copying build/lib/tablib/formats/_tsv.py -> /home/ubuntu/miniconda/envs/_build/lib/python2.7/site-packages/tablib/formats
copying build/lib/tablib/formats/_json.py -> /home/ubuntu/miniconda/envs/_build/lib/python2.7/site-packages/tablib/formats
copying build/lib/tablib/formats/_ods.py -> /home/ubuntu/miniconda/envs/_build/lib/python2.7/site-packages/tablib/formats
copying build/lib/tablib/formats/_html.py -> /home/ubuntu/miniconda/envs/_build/lib/python2.7/site-packages/tablib/formats
copying build/lib/tablib/formats/_xls.py -> /home/ubuntu/miniconda/envs/_build/lib/python2.7/site-packages/tablib/formats
copying build/lib/tablib/formats/__init__.py -> /home/ubuntu/miniconda/envs/_build/lib/python2.7/site-packages/tablib/formats
copying build/lib/tablib/formats/_xlsx.py -> /home/ubuntu/miniconda/envs/_build/lib/python2.7/site-packages/tablib/formats
copying build/lib/tablib/formats/_yaml.py -> /home/ubuntu/miniconda/envs/_build/lib/python2.7/site-packages/tablib/formats
copying build/lib/tablib/core.py -> /home/ubuntu/miniconda/envs/_build/lib/python2.7/site-packages/tablib
creating /home/ubuntu/miniconda/envs/_build/lib/python2.7/site-packages/tablib/packages
creating /home/ubuntu/miniconda/envs/_build/lib/python2.7/site-packages/tablib/packages/odf3
copying build/lib/tablib/packages/odf3/grammar.py -> /home/ubuntu/miniconda/envs/_build/lib/python2.7/site-packages/tablib/packages/odf3
copying build/lib/tablib/packages/odf3/attrconverters.py -> /home/ubuntu/miniconda/envs/_build/lib/python2.7/site-packages/tablib/packages/odf3
copying build/lib/tablib/packages/odf3/meta.py -> /home/ubuntu/miniconda/envs/_build/lib/python2.7/site-packages/tablib/packages/odf3
copying build/lib/tablib/packages/odf3/odf2xhtml.py -> /home/ubuntu/miniconda/envs/_build/lib/python2.7/site-packages/tablib/packages/odf3
copying build/lib/tablib/packages/odf3/table.py -> /home/ubuntu/miniconda/envs/_build/lib/python2.7/site-packages/tablib/packages/odf3
copying build/lib/tablib/packages/odf3/teletype.py -> /home/ubuntu/miniconda/envs/_build/lib/python2.7/site-packages/tablib/packages/odf3
copying build/lib/tablib/packages/odf3/svg.py -> /home/ubuntu/miniconda/envs/_build/lib/python2.7/site-packages/tablib/packages/odf3
copying build/lib/tablib/packages/odf3/dr3d.py -> /home/ubuntu/miniconda/envs/_build/lib/python2.7/site-packages/tablib/packages/odf3
copying build/lib/tablib/packages/odf3/office.py -> /home/ubuntu/miniconda/envs/_build/lib/python2.7/site-packages/tablib/packages/odf3
copying build/lib/tablib/packages/odf3/config.py -> /home/ubuntu/miniconda/envs/_build/lib/python2.7/site-packages/tablib/packages/odf3
copying build/lib/tablib/packages/odf3/chart.py -> /home/ubuntu/miniconda/envs/_build/lib/python2.7/site-packages/tablib/packages/odf3
copying build/lib/tablib/packages/odf3/dc.py -> /home/ubuntu/miniconda/envs/_build/lib/python2.7/site-packages/tablib/packages/odf3
copying build/lib/tablib/packages/odf3/userfield.py -> /home/ubuntu/miniconda/envs/_build/lib/python2.7/site-packages/tablib/packages/odf3
copying build/lib/tablib/packages/odf3/easyliststyle.py -> /home/ubuntu/miniconda/envs/_build/lib/python2.7/site-packages/tablib/packages/odf3
copying build/lib/tablib/packages/odf3/xforms.py -> /home/ubuntu/miniconda/envs/_build/lib/python2.7/site-packages/tablib/packages/odf3
copying build/lib/tablib/packages/odf3/odfmanifest.py -> /home/ubuntu/miniconda/envs/_build/lib/python2.7/site-packages/tablib/packages/odf3
copying build/lib/tablib/packages/odf3/load.py -> /home/ubuntu/miniconda/envs/_build/lib/python2.7/site-packages/tablib/packages/odf3
copying build/lib/tablib/packages/odf3/opendocument.py -> /home/ubuntu/miniconda/envs/_build/lib/python2.7/site-packages/tablib/packages/odf3
copying build/lib/tablib/packages/odf3/style.py -> /home/ubuntu/miniconda/envs/_build/lib/python2.7/site-packages/tablib/packages/odf3
copying build/lib/tablib/packages/odf3/odf2moinmoin.py -> /home/ubuntu/miniconda/envs/_build/lib/python2.7/site-packages/tablib/packages/odf3
copying build/lib/tablib/packages/odf3/number.py -> /home/ubuntu/miniconda/envs/_build/lib/python2.7/site-packages/tablib/packages/odf3
copying build/lib/tablib/packages/odf3/script.py -> /home/ubuntu/miniconda/envs/_build/lib/python2.7/site-packages/tablib/packages/odf3
copying build/lib/tablib/packages/odf3/math.py -> /home/ubuntu/miniconda/envs/_build/lib/python2.7/site-packages/tablib/packages/odf3
copying build/lib/tablib/packages/odf3/presentation.py -> /home/ubuntu/miniconda/envs/_build/lib/python2.7/site-packages/tablib/packages/odf3
copying build/lib/tablib/packages/odf3/thumbnail.py -> /home/ubuntu/miniconda/envs/_build/lib/python2.7/site-packages/tablib/packages/odf3
copying build/lib/tablib/packages/odf3/text.py -> /home/ubuntu/miniconda/envs/_build/lib/python2.7/site-packages/tablib/packages/odf3
copying build/lib/tablib/packages/odf3/__init__.py -> /home/ubuntu/miniconda/envs/_build/lib/python2.7/site-packages/tablib/packages/odf3
copying build/lib/tablib/packages/odf3/form.py -> /home/ubuntu/miniconda/envs/_build/lib/python2.7/site-packages/tablib/packages/odf3
copying build/lib/tablib/packages/odf3/anim.py -> /home/ubuntu/miniconda/envs/_build/lib/python2.7/site-packages/tablib/packages/odf3
copying build/lib/tablib/packages/odf3/element.py -> /home/ubuntu/miniconda/envs/_build/lib/python2.7/site-packages/tablib/packages/odf3
copying build/lib/tablib/packages/odf3/manifest.py -> /home/ubuntu/miniconda/envs/_build/lib/python2.7/site-packages/tablib/packages/odf3
copying build/lib/tablib/packages/odf3/elementtypes.py -> /home/ubuntu/miniconda/envs/_build/lib/python2.7/site-packages/tablib/packages/odf3
copying build/lib/tablib/packages/odf3/namespaces.py -> /home/ubuntu/miniconda/envs/_build/lib/python2.7/site-packages/tablib/packages/odf3
copying build/lib/tablib/packages/odf3/draw.py -> /home/ubuntu/miniconda/envs/_build/lib/python2.7/site-packages/tablib/packages/odf3
copying build/lib/tablib/packages/markup3.py -> /home/ubuntu/miniconda/envs/_build/lib/python2.7/site-packages/tablib/packages
creating /home/ubuntu/miniconda/envs/_build/lib/python2.7/site-packages/tablib/packages/xlrd
copying build/lib/tablib/packages/xlrd/xldate.py -> /home/ubuntu/miniconda/envs/_build/lib/python2.7/site-packages/tablib/packages/xlrd
copying build/lib/tablib/packages/xlrd/biffh.py -> /home/ubuntu/miniconda/envs/_build/lib/python2.7/site-packages/tablib/packages/xlrd
copying build/lib/tablib/packages/xlrd/formula.py -> /home/ubuntu/miniconda/envs/_build/lib/python2.7/site-packages/tablib/packages/xlrd
copying build/lib/tablib/packages/xlrd/compdoc.py -> /home/ubuntu/miniconda/envs/_build/lib/python2.7/site-packages/tablib/packages/xlrd
copying build/lib/tablib/packages/xlrd/sheet.py -> /home/ubuntu/miniconda/envs/_build/lib/python2.7/site-packages/tablib/packages/xlrd
copying build/lib/tablib/packages/xlrd/__init__.py -> /home/ubuntu/miniconda/envs/_build/lib/python2.7/site-packages/tablib/packages/xlrd
copying build/lib/tablib/packages/xlrd/formatting.py -> /home/ubuntu/miniconda/envs/_build/lib/python2.7/site-packages/tablib/packages/xlrd
copying build/lib/tablib/packages/xlrd/timemachine.py -> /home/ubuntu/miniconda/envs/_build/lib/python2.7/site-packages/tablib/packages/xlrd
copying build/lib/tablib/packages/xlrd/licences.py -> /home/ubuntu/miniconda/envs/_build/lib/python2.7/site-packages/tablib/packages/xlrd
creating /home/ubuntu/miniconda/envs/_build/lib/python2.7/site-packages/tablib/packages/yaml3
copying build/lib/tablib/packages/yaml3/constructor.py -> /home/ubuntu/miniconda/envs/_build/lib/python2.7/site-packages/tablib/packages/yaml3
copying build/lib/tablib/packages/yaml3/resolver.py -> /home/ubuntu/miniconda/envs/_build/lib/python2.7/site-packages/tablib/packages/yaml3
copying build/lib/tablib/packages/yaml3/nodes.py -> /home/ubuntu/miniconda/envs/_build/lib/python2.7/site-packages/tablib/packages/yaml3
copying build/lib/tablib/packages/yaml3/loader.py -> /home/ubuntu/miniconda/envs/_build/lib/python2.7/site-packages/tablib/packages/yaml3
copying build/lib/tablib/packages/yaml3/composer.py -> /home/ubuntu/miniconda/envs/_build/lib/python2.7/site-packages/tablib/packages/yaml3
copying build/lib/tablib/packages/yaml3/reader.py -> /home/ubuntu/miniconda/envs/_build/lib/python2.7/site-packages/tablib/packages/yaml3
copying build/lib/tablib/packages/yaml3/scanner.py -> /home/ubuntu/miniconda/envs/_build/lib/python2.7/site-packages/tablib/packages/yaml3
copying build/lib/tablib/packages/yaml3/parser.py -> /home/ubuntu/miniconda/envs/_build/lib/python2.7/site-packages/tablib/packages/yaml3
copying build/lib/tablib/packages/yaml3/tokens.py -> /home/ubuntu/miniconda/envs/_build/lib/python2.7/site-packages/tablib/packages/yaml3
copying build/lib/tablib/packages/yaml3/representer.py -> /home/ubuntu/miniconda/envs/_build/lib/python2.7/site-packages/tablib/packages/yaml3
copying build/lib/tablib/packages/yaml3/dumper.py -> /home/ubuntu/miniconda/envs/_build/lib/python2.7/site-packages/tablib/packages/yaml3
copying build/lib/tablib/packages/yaml3/events.py -> /home/ubuntu/miniconda/envs/_build/lib/python2.7/site-packages/tablib/packages/yaml3
copying build/lib/tablib/packages/yaml3/emitter.py -> /home/ubuntu/miniconda/envs/_build/lib/python2.7/site-packages/tablib/packages/yaml3
copying build/lib/tablib/packages/yaml3/cyaml.py -> /home/ubuntu/miniconda/envs/_build/lib/python2.7/site-packages/tablib/packages/yaml3
copying build/lib/tablib/packages/yaml3/__init__.py -> /home/ubuntu/miniconda/envs/_build/lib/python2.7/site-packages/tablib/packages/yaml3
copying build/lib/tablib/packages/yaml3/error.py -> /home/ubuntu/miniconda/envs/_build/lib/python2.7/site-packages/tablib/packages/yaml3
copying build/lib/tablib/packages/yaml3/serializer.py -> /home/ubuntu/miniconda/envs/_build/lib/python2.7/site-packages/tablib/packages/yaml3
creating /home/ubuntu/miniconda/envs/_build/lib/python2.7/site-packages/tablib/packages/xlwt3
copying build/lib/tablib/packages/xlwt3/CompoundDoc.py -> /home/ubuntu/miniconda/envs/_build/lib/python2.7/site-packages/tablib/packages/xlwt3
copying build/lib/tablib/packages/xlwt3/Cell.py -> /home/ubuntu/miniconda/envs/_build/lib/python2.7/site-packages/tablib/packages/xlwt3
copying build/lib/tablib/packages/xlwt3/ExcelFormula.py -> /home/ubuntu/miniconda/envs/_build/lib/python2.7/site-packages/tablib/packages/xlwt3
copying build/lib/tablib/packages/xlwt3/UnicodeUtils.py -> /home/ubuntu/miniconda/envs/_build/lib/python2.7/site-packages/tablib/packages/xlwt3
copying build/lib/tablib/packages/xlwt3/ExcelMagic.py -> /home/ubuntu/miniconda/envs/_build/lib/python2.7/site-packages/tablib/packages/xlwt3
copying build/lib/tablib/packages/xlwt3/Utils.py -> /home/ubuntu/miniconda/envs/_build/lib/python2.7/site-packages/tablib/packages/xlwt3
copying build/lib/tablib/packages/xlwt3/Column.py -> /home/ubuntu/miniconda/envs/_build/lib/python2.7/site-packages/tablib/packages/xlwt3
copying build/lib/tablib/packages/xlwt3/Bitmap.py -> /home/ubuntu/miniconda/envs/_build/lib/python2.7/site-packages/tablib/packages/xlwt3
copying build/lib/tablib/packages/xlwt3/Worksheet.py -> /home/ubuntu/miniconda/envs/_build/lib/python2.7/site-packages/tablib/packages/xlwt3
copying build/lib/tablib/packages/xlwt3/Style.py -> /home/ubuntu/miniconda/envs/_build/lib/python2.7/site-packages/tablib/packages/xlwt3
copying build/lib/tablib/packages/xlwt3/BIFFRecords.py -> /home/ubuntu/miniconda/envs/_build/lib/python2.7/site-packages/tablib/packages/xlwt3
copying build/lib/tablib/packages/xlwt3/Workbook.py -> /home/ubuntu/miniconda/envs/_build/lib/python2.7/site-packages/tablib/packages/xlwt3
copying build/lib/tablib/packages/xlwt3/ExcelFormulaLexer.py -> /home/ubuntu/miniconda/envs/_build/lib/python2.7/site-packages/tablib/packages/xlwt3
copying build/lib/tablib/packages/xlwt3/Row.py -> /home/ubuntu/miniconda/envs/_build/lib/python2.7/site-packages/tablib/packages/xlwt3
copying build/lib/tablib/packages/xlwt3/__init__.py -> /home/ubuntu/miniconda/envs/_build/lib/python2.7/site-packages/tablib/packages/xlwt3
copying build/lib/tablib/packages/xlwt3/antlr.py -> /home/ubuntu/miniconda/envs/_build/lib/python2.7/site-packages/tablib/packages/xlwt3
copying build/lib/tablib/packages/xlwt3/ExcelFormulaParser.py -> /home/ubuntu/miniconda/envs/_build/lib/python2.7/site-packages/tablib/packages/xlwt3
copying build/lib/tablib/packages/xlwt3/Formatting.py -> /home/ubuntu/miniconda/envs/_build/lib/python2.7/site-packages/tablib/packages/xlwt3
creating /home/ubuntu/miniconda/envs/_build/lib/python2.7/site-packages/tablib/packages/openpyxl
creating /home/ubuntu/miniconda/envs/_build/lib/python2.7/site-packages/tablib/packages/openpyxl/writer
copying build/lib/tablib/packages/openpyxl/writer/styles.py -> /home/ubuntu/miniconda/envs/_build/lib/python2.7/site-packages/tablib/packages/openpyxl/writer
copying build/lib/tablib/packages/openpyxl/writer/theme.py -> /home/ubuntu/miniconda/envs/_build/lib/python2.7/site-packages/tablib/packages/openpyxl/writer
copying build/lib/tablib/packages/openpyxl/writer/workbook.py -> /home/ubuntu/miniconda/envs/_build/lib/python2.7/site-packages/tablib/packages/openpyxl/writer
copying build/lib/tablib/packages/openpyxl/writer/worksheet.py -> /home/ubuntu/miniconda/envs/_build/lib/python2.7/site-packages/tablib/packages/openpyxl/writer
copying build/lib/tablib/packages/openpyxl/writer/excel.py -> /home/ubuntu/miniconda/envs/_build/lib/python2.7/site-packages/tablib/packages/openpyxl/writer
copying build/lib/tablib/packages/openpyxl/writer/dump_worksheet.py -> /home/ubuntu/miniconda/envs/_build/lib/python2.7/site-packages/tablib/packages/openpyxl/writer
copying build/lib/tablib/packages/openpyxl/writer/strings.py -> /home/ubuntu/miniconda/envs/_build/lib/python2.7/site-packages/tablib/packages/openpyxl/writer
copying build/lib/tablib/packages/openpyxl/writer/charts.py -> /home/ubuntu/miniconda/envs/_build/lib/python2.7/site-packages/tablib/packages/openpyxl/writer
copying build/lib/tablib/packages/openpyxl/writer/__init__.py -> /home/ubuntu/miniconda/envs/_build/lib/python2.7/site-packages/tablib/packages/openpyxl/writer
copying build/lib/tablib/packages/openpyxl/writer/drawings.py -> /home/ubuntu/miniconda/envs/_build/lib/python2.7/site-packages/tablib/packages/openpyxl/writer
copying build/lib/tablib/packages/openpyxl/workbook.py -> /home/ubuntu/miniconda/envs/_build/lib/python2.7/site-packages/tablib/packages/openpyxl
copying build/lib/tablib/packages/openpyxl/chart.py -> /home/ubuntu/miniconda/envs/_build/lib/python2.7/site-packages/tablib/packages/openpyxl
creating /home/ubuntu/miniconda/envs/_build/lib/python2.7/site-packages/tablib/packages/openpyxl/shared
copying build/lib/tablib/packages/openpyxl/shared/units.py -> /home/ubuntu/miniconda/envs/_build/lib/python2.7/site-packages/tablib/packages/openpyxl/shared
copying build/lib/tablib/packages/openpyxl/shared/exc.py -> /home/ubuntu/miniconda/envs/_build/lib/python2.7/site-packages/tablib/packages/openpyxl/shared
copying build/lib/tablib/packages/openpyxl/shared/ooxml.py -> /home/ubuntu/miniconda/envs/_build/lib/python2.7/site-packages/tablib/packages/openpyxl/shared
copying build/lib/tablib/packages/openpyxl/shared/date_time.py -> /home/ubuntu/miniconda/envs/_build/lib/python2.7/site-packages/tablib/packages/openpyxl/shared
copying build/lib/tablib/packages/openpyxl/shared/password_hasher.py -> /home/ubuntu/miniconda/envs/_build/lib/python2.7/site-packages/tablib/packages/openpyxl/shared
copying build/lib/tablib/packages/openpyxl/shared/xmltools.py -> /home/ubuntu/miniconda/envs/_build/lib/python2.7/site-packages/tablib/packages/openpyxl/shared
copying build/lib/tablib/packages/openpyxl/shared/__init__.py -> /home/ubuntu/miniconda/envs/_build/lib/python2.7/site-packages/tablib/packages/openpyxl/shared
creating /home/ubuntu/miniconda/envs/_build/lib/python2.7/site-packages/tablib/packages/openpyxl/reader
copying build/lib/tablib/packages/openpyxl/reader/workbook.py -> /home/ubuntu/miniconda/envs/_build/lib/python2.7/site-packages/tablib/packages/openpyxl/reader
copying build/lib/tablib/packages/openpyxl/reader/iter_worksheet.py -> /home/ubuntu/miniconda/envs/_build/lib/python2.7/site-packages/tablib/packages/openpyxl/reader
copying build/lib/tablib/packages/openpyxl/reader/worksheet.py -> /home/ubuntu/miniconda/envs/_build/lib/python2.7/site-packages/tablib/packages/openpyxl/reader
copying build/lib/tablib/packages/openpyxl/reader/excel.py -> /home/ubuntu/miniconda/envs/_build/lib/python2.7/site-packages/tablib/packages/openpyxl/reader
copying build/lib/tablib/packages/openpyxl/reader/style.py -> /home/ubuntu/miniconda/envs/_build/lib/python2.7/site-packages/tablib/packages/openpyxl/reader
copying build/lib/tablib/packages/openpyxl/reader/strings.py -> /home/ubuntu/miniconda/envs/_build/lib/python2.7/site-packages/tablib/packages/openpyxl/reader
copying build/lib/tablib/packages/openpyxl/reader/__init__.py -> /home/ubuntu/miniconda/envs/_build/lib/python2.7/site-packages/tablib/packages/openpyxl/reader
copying build/lib/tablib/packages/openpyxl/worksheet.py -> /home/ubuntu/miniconda/envs/_build/lib/python2.7/site-packages/tablib/packages/openpyxl
copying build/lib/tablib/packages/openpyxl/style.py -> /home/ubuntu/miniconda/envs/_build/lib/python2.7/site-packages/tablib/packages/openpyxl
copying build/lib/tablib/packages/openpyxl/drawing.py -> /home/ubuntu/miniconda/envs/_build/lib/python2.7/site-packages/tablib/packages/openpyxl
copying build/lib/tablib/packages/openpyxl/cell.py -> /home/ubuntu/miniconda/envs/_build/lib/python2.7/site-packages/tablib/packages/openpyxl
copying build/lib/tablib/packages/openpyxl/__init__.py -> /home/ubuntu/miniconda/envs/_build/lib/python2.7/site-packages/tablib/packages/openpyxl
copying build/lib/tablib/packages/openpyxl/namedrange.py -> /home/ubuntu/miniconda/envs/_build/lib/python2.7/site-packages/tablib/packages/openpyxl
creating /home/ubuntu/miniconda/envs/_build/lib/python2.7/site-packages/tablib/packages/unicodecsv
copying build/lib/tablib/packages/unicodecsv/__init__.py -> /home/ubuntu/miniconda/envs/_build/lib/python2.7/site-packages/tablib/packages/unicodecsv
creating /home/ubuntu/miniconda/envs/_build/lib/python2.7/site-packages/tablib/packages/xlrd3
copying build/lib/tablib/packages/xlrd3/xldate.py -> /home/ubuntu/miniconda/envs/_build/lib/python2.7/site-packages/tablib/packages/xlrd3
copying build/lib/tablib/packages/xlrd3/xfconst.py -> /home/ubuntu/miniconda/envs/_build/lib/python2.7/site-packages/tablib/packages/xlrd3
copying build/lib/tablib/packages/xlrd3/biffh.py -> /home/ubuntu/miniconda/envs/_build/lib/python2.7/site-packages/tablib/packages/xlrd3
copying build/lib/tablib/packages/xlrd3/formula.py -> /home/ubuntu/miniconda/envs/_build/lib/python2.7/site-packages/tablib/packages/xlrd3
copying build/lib/tablib/packages/xlrd3/xfcell.py -> /home/ubuntu/miniconda/envs/_build/lib/python2.7/site-packages/tablib/packages/xlrd3
copying build/lib/tablib/packages/xlrd3/compdoc.py -> /home/ubuntu/miniconda/envs/_build/lib/python2.7/site-packages/tablib/packages/xlrd3
copying build/lib/tablib/packages/xlrd3/sheet.py -> /home/ubuntu/miniconda/envs/_build/lib/python2.7/site-packages/tablib/packages/xlrd3
copying build/lib/tablib/packages/xlrd3/__init__.py -> /home/ubuntu/miniconda/envs/_build/lib/python2.7/site-packages/tablib/packages/xlrd3
copying build/lib/tablib/packages/xlrd3/formatting.py -> /home/ubuntu/miniconda/envs/_build/lib/python2.7/site-packages/tablib/packages/xlrd3
copying build/lib/tablib/packages/markup.py -> /home/ubuntu/miniconda/envs/_build/lib/python2.7/site-packages/tablib/packages
copying build/lib/tablib/packages/__init__.py -> /home/ubuntu/miniconda/envs/_build/lib/python2.7/site-packages/tablib/packages
creating /home/ubuntu/miniconda/envs/_build/lib/python2.7/site-packages/tablib/packages/yaml
copying build/lib/tablib/packages/yaml/constructor.py -> /home/ubuntu/miniconda/envs/_build/lib/python2.7/site-packages/tablib/packages/yaml
copying build/lib/tablib/packages/yaml/resolver.py -> /home/ubuntu/miniconda/envs/_build/lib/python2.7/site-packages/tablib/packages/yaml
copying build/lib/tablib/packages/yaml/nodes.py -> /home/ubuntu/miniconda/envs/_build/lib/python2.7/site-packages/tablib/packages/yaml
copying build/lib/tablib/packages/yaml/loader.py -> /home/ubuntu/miniconda/envs/_build/lib/python2.7/site-packages/tablib/packages/yaml
copying build/lib/tablib/packages/yaml/composer.py -> /home/ubuntu/miniconda/envs/_build/lib/python2.7/site-packages/tablib/packages/yaml
copying build/lib/tablib/packages/yaml/reader.py -> /home/ubuntu/miniconda/envs/_build/lib/python2.7/site-packages/tablib/packages/yaml
copying build/lib/tablib/packages/yaml/scanner.py -> /home/ubuntu/miniconda/envs/_build/lib/python2.7/site-packages/tablib/packages/yaml
copying build/lib/tablib/packages/yaml/parser.py -> /home/ubuntu/miniconda/envs/_build/lib/python2.7/site-packages/tablib/packages/yaml
copying build/lib/tablib/packages/yaml/tokens.py -> /home/ubuntu/miniconda/envs/_build/lib/python2.7/site-packages/tablib/packages/yaml
copying build/lib/tablib/packages/yaml/representer.py -> /home/ubuntu/miniconda/envs/_build/lib/python2.7/site-packages/tablib/packages/yaml
copying build/lib/tablib/packages/yaml/dumper.py -> /home/ubuntu/miniconda/envs/_build/lib/python2.7/site-packages/tablib/packages/yaml
copying build/lib/tablib/packages/yaml/events.py -> /home/ubuntu/miniconda/envs/_build/lib/python2.7/site-packages/tablib/packages/yaml
copying build/lib/tablib/packages/yaml/emitter.py -> /home/ubuntu/miniconda/envs/_build/lib/python2.7/site-packages/tablib/packages/yaml
copying build/lib/tablib/packages/yaml/cyaml.py -> /home/ubuntu/miniconda/envs/_build/lib/python2.7/site-packages/tablib/packages/yaml
copying build/lib/tablib/packages/yaml/__init__.py -> /home/ubuntu/miniconda/envs/_build/lib/python2.7/site-packages/tablib/packages/yaml
copying build/lib/tablib/packages/yaml/error.py -> /home/ubuntu/miniconda/envs/_build/lib/python2.7/site-packages/tablib/packages/yaml
copying build/lib/tablib/packages/yaml/serializer.py -> /home/ubuntu/miniconda/envs/_build/lib/python2.7/site-packages/tablib/packages/yaml
creating /home/ubuntu/miniconda/envs/_build/lib/python2.7/site-packages/tablib/packages/odf
copying build/lib/tablib/packages/odf/grammar.py -> /home/ubuntu/miniconda/envs/_build/lib/python2.7/site-packages/tablib/packages/odf
copying build/lib/tablib/packages/odf/attrconverters.py -> /home/ubuntu/miniconda/envs/_build/lib/python2.7/site-packages/tablib/packages/odf
copying build/lib/tablib/packages/odf/meta.py -> /home/ubuntu/miniconda/envs/_build/lib/python2.7/site-packages/tablib/packages/odf
copying build/lib/tablib/packages/odf/odf2xhtml.py -> /home/ubuntu/miniconda/envs/_build/lib/python2.7/site-packages/tablib/packages/odf
copying build/lib/tablib/packages/odf/table.py -> /home/ubuntu/miniconda/envs/_build/lib/python2.7/site-packages/tablib/packages/odf
copying build/lib/tablib/packages/odf/teletype.py -> /home/ubuntu/miniconda/envs/_build/lib/python2.7/site-packages/tablib/packages/odf
copying build/lib/tablib/packages/odf/svg.py -> /home/ubuntu/miniconda/envs/_build/lib/python2.7/site-packages/tablib/packages/odf
copying build/lib/tablib/packages/odf/dr3d.py -> /home/ubuntu/miniconda/envs/_build/lib/python2.7/site-packages/tablib/packages/odf
copying build/lib/tablib/packages/odf/office.py -> /home/ubuntu/miniconda/envs/_build/lib/python2.7/site-packages/tablib/packages/odf
copying build/lib/tablib/packages/odf/config.py -> /home/ubuntu/miniconda/envs/_build/lib/python2.7/site-packages/tablib/packages/odf
copying build/lib/tablib/packages/odf/chart.py -> /home/ubuntu/miniconda/envs/_build/lib/python2.7/site-packages/tablib/packages/odf
copying build/lib/tablib/packages/odf/dc.py -> /home/ubuntu/miniconda/envs/_build/lib/python2.7/site-packages/tablib/packages/odf
copying build/lib/tablib/packages/odf/userfield.py -> /home/ubuntu/miniconda/envs/_build/lib/python2.7/site-packages/tablib/packages/odf
copying build/lib/tablib/packages/odf/easyliststyle.py -> /home/ubuntu/miniconda/envs/_build/lib/python2.7/site-packages/tablib/packages/odf
copying build/lib/tablib/packages/odf/xforms.py -> /home/ubuntu/miniconda/envs/_build/lib/python2.7/site-packages/tablib/packages/odf
copying build/lib/tablib/packages/odf/odfmanifest.py -> /home/ubuntu/miniconda/envs/_build/lib/python2.7/site-packages/tablib/packages/odf
copying build/lib/tablib/packages/odf/load.py -> /home/ubuntu/miniconda/envs/_build/lib/python2.7/site-packages/tablib/packages/odf
copying build/lib/tablib/packages/odf/opendocument.py -> /home/ubuntu/miniconda/envs/_build/lib/python2.7/site-packages/tablib/packages/odf
copying build/lib/tablib/packages/odf/style.py -> /home/ubuntu/miniconda/envs/_build/lib/python2.7/site-packages/tablib/packages/odf
copying build/lib/tablib/packages/odf/odf2moinmoin.py -> /home/ubuntu/miniconda/envs/_build/lib/python2.7/site-packages/tablib/packages/odf
copying build/lib/tablib/packages/odf/number.py -> /home/ubuntu/miniconda/envs/_build/lib/python2.7/site-packages/tablib/packages/odf
copying build/lib/tablib/packages/odf/script.py -> /home/ubuntu/miniconda/envs/_build/lib/python2.7/site-packages/tablib/packages/odf
copying build/lib/tablib/packages/odf/math.py -> /home/ubuntu/miniconda/envs/_build/lib/python2.7/site-packages/tablib/packages/odf
copying build/lib/tablib/packages/odf/presentation.py -> /home/ubuntu/miniconda/envs/_build/lib/python2.7/site-packages/tablib/packages/odf
copying build/lib/tablib/packages/odf/thumbnail.py -> /home/ubuntu/miniconda/envs/_build/lib/python2.7/site-packages/tablib/packages/odf
copying build/lib/tablib/packages/odf/text.py -> /home/ubuntu/miniconda/envs/_build/lib/python2.7/site-packages/tablib/packages/odf
copying build/lib/tablib/packages/odf/__init__.py -> /home/ubuntu/miniconda/envs/_build/lib/python2.7/site-packages/tablib/packages/odf
copying build/lib/tablib/packages/odf/form.py -> /home/ubuntu/miniconda/envs/_build/lib/python2.7/site-packages/tablib/packages/odf
copying build/lib/tablib/packages/odf/anim.py -> /home/ubuntu/miniconda/envs/_build/lib/python2.7/site-packages/tablib/packages/odf
copying build/lib/tablib/packages/odf/element.py -> /home/ubuntu/miniconda/envs/_build/lib/python2.7/site-packages/tablib/packages/odf
copying build/lib/tablib/packages/odf/manifest.py -> /home/ubuntu/miniconda/envs/_build/lib/python2.7/site-packages/tablib/packages/odf
copying build/lib/tablib/packages/odf/elementtypes.py -> /home/ubuntu/miniconda/envs/_build/lib/python2.7/site-packages/tablib/packages/odf
copying build/lib/tablib/packages/odf/namespaces.py -> /home/ubuntu/miniconda/envs/_build/lib/python2.7/site-packages/tablib/packages/odf
copying build/lib/tablib/packages/odf/draw.py -> /home/ubuntu/miniconda/envs/_build/lib/python2.7/site-packages/tablib/packages/odf
copying build/lib/tablib/packages/ordereddict.py -> /home/ubuntu/miniconda/envs/_build/lib/python2.7/site-packages/tablib/packages
creating /home/ubuntu/miniconda/envs/_build/lib/python2.7/site-packages/tablib/packages/omnijson
copying build/lib/tablib/packages/omnijson/__init__.py -> /home/ubuntu/miniconda/envs/_build/lib/python2.7/site-packages/tablib/packages/omnijson
copying build/lib/tablib/packages/omnijson/core.py -> /home/ubuntu/miniconda/envs/_build/lib/python2.7/site-packages/tablib/packages/omnijson
creating /home/ubuntu/miniconda/envs/_build/lib/python2.7/site-packages/tablib/packages/xlwt
copying build/lib/tablib/packages/xlwt/CompoundDoc.py -> /home/ubuntu/miniconda/envs/_build/lib/python2.7/site-packages/tablib/packages/xlwt
copying build/lib/tablib/packages/xlwt/Cell.py -> /home/ubuntu/miniconda/envs/_build/lib/python2.7/site-packages/tablib/packages/xlwt
copying build/lib/tablib/packages/xlwt/ExcelFormula.py -> /home/ubuntu/miniconda/envs/_build/lib/python2.7/site-packages/tablib/packages/xlwt
copying build/lib/tablib/packages/xlwt/UnicodeUtils.py -> /home/ubuntu/miniconda/envs/_build/lib/python2.7/site-packages/tablib/packages/xlwt
copying build/lib/tablib/packages/xlwt/ExcelMagic.py -> /home/ubuntu/miniconda/envs/_build/lib/python2.7/site-packages/tablib/packages/xlwt
copying build/lib/tablib/packages/xlwt/Utils.py -> /home/ubuntu/miniconda/envs/_build/lib/python2.7/site-packages/tablib/packages/xlwt
copying build/lib/tablib/packages/xlwt/Column.py -> /home/ubuntu/miniconda/envs/_build/lib/python2.7/site-packages/tablib/packages/xlwt
copying build/lib/tablib/packages/xlwt/Bitmap.py -> /home/ubuntu/miniconda/envs/_build/lib/python2.7/site-packages/tablib/packages/xlwt
copying build/lib/tablib/packages/xlwt/Worksheet.py -> /home/ubuntu/miniconda/envs/_build/lib/python2.7/site-packages/tablib/packages/xlwt
copying build/lib/tablib/packages/xlwt/Style.py -> /home/ubuntu/miniconda/envs/_build/lib/python2.7/site-packages/tablib/packages/xlwt
copying build/lib/tablib/packages/xlwt/BIFFRecords.py -> /home/ubuntu/miniconda/envs/_build/lib/python2.7/site-packages/tablib/packages/xlwt
copying build/lib/tablib/packages/xlwt/Workbook.py -> /home/ubuntu/miniconda/envs/_build/lib/python2.7/site-packages/tablib/packages/xlwt
copying build/lib/tablib/packages/xlwt/ExcelFormulaLexer.py -> /home/ubuntu/miniconda/envs/_build/lib/python2.7/site-packages/tablib/packages/xlwt
copying build/lib/tablib/packages/xlwt/Row.py -> /home/ubuntu/miniconda/envs/_build/lib/python2.7/site-packages/tablib/packages/xlwt
copying build/lib/tablib/packages/xlwt/__init__.py -> /home/ubuntu/miniconda/envs/_build/lib/python2.7/site-packages/tablib/packages/xlwt
copying build/lib/tablib/packages/xlwt/antlr.py -> /home/ubuntu/miniconda/envs/_build/lib/python2.7/site-packages/tablib/packages/xlwt
copying build/lib/tablib/packages/xlwt/ExcelFormulaParser.py -> /home/ubuntu/miniconda/envs/_build/lib/python2.7/site-packages/tablib/packages/xlwt
copying build/lib/tablib/packages/xlwt/Formatting.py -> /home/ubuntu/miniconda/envs/_build/lib/python2.7/site-packages/tablib/packages/xlwt
creating /home/ubuntu/miniconda/envs/_build/lib/python2.7/site-packages/tablib/packages/openpyxl3
creating /home/ubuntu/miniconda/envs/_build/lib/python2.7/site-packages/tablib/packages/openpyxl3/writer
copying build/lib/tablib/packages/openpyxl3/writer/styles.py -> /home/ubuntu/miniconda/envs/_build/lib/python2.7/site-packages/tablib/packages/openpyxl3/writer
copying build/lib/tablib/packages/openpyxl3/writer/theme.py -> /home/ubuntu/miniconda/envs/_build/lib/python2.7/site-packages/tablib/packages/openpyxl3/writer
copying build/lib/tablib/packages/openpyxl3/writer/workbook.py -> /home/ubuntu/miniconda/envs/_build/lib/python2.7/site-packages/tablib/packages/openpyxl3/writer
copying build/lib/tablib/packages/openpyxl3/writer/worksheet.py -> /home/ubuntu/miniconda/envs/_build/lib/python2.7/site-packages/tablib/packages/openpyxl3/writer
copying build/lib/tablib/packages/openpyxl3/writer/excel.py -> /home/ubuntu/miniconda/envs/_build/lib/python2.7/site-packages/tablib/packages/openpyxl3/writer
copying build/lib/tablib/packages/openpyxl3/writer/dump_worksheet.py -> /home/ubuntu/miniconda/envs/_build/lib/python2.7/site-packages/tablib/packages/openpyxl3/writer
copying build/lib/tablib/packages/openpyxl3/writer/strings.py -> /home/ubuntu/miniconda/envs/_build/lib/python2.7/site-packages/tablib/packages/openpyxl3/writer
copying build/lib/tablib/packages/openpyxl3/writer/charts.py -> /home/ubuntu/miniconda/envs/_build/lib/python2.7/site-packages/tablib/packages/openpyxl3/writer
copying build/lib/tablib/packages/openpyxl3/writer/__init__.py -> /home/ubuntu/miniconda/envs/_build/lib/python2.7/site-packages/tablib/packages/openpyxl3/writer
copying build/lib/tablib/packages/openpyxl3/writer/drawings.py -> /home/ubuntu/miniconda/envs/_build/lib/python2.7/site-packages/tablib/packages/openpyxl3/writer
copying build/lib/tablib/packages/openpyxl3/workbook.py -> /home/ubuntu/miniconda/envs/_build/lib/python2.7/site-packages/tablib/packages/openpyxl3
copying build/lib/tablib/packages/openpyxl3/chart.py -> /home/ubuntu/miniconda/envs/_build/lib/python2.7/site-packages/tablib/packages/openpyxl3
creating /home/ubuntu/miniconda/envs/_build/lib/python2.7/site-packages/tablib/packages/openpyxl3/shared
copying build/lib/tablib/packages/openpyxl3/shared/units.py -> /home/ubuntu/miniconda/envs/_build/lib/python2.7/site-packages/tablib/packages/openpyxl3/shared
copying build/lib/tablib/packages/openpyxl3/shared/exc.py -> /home/ubuntu/miniconda/envs/_build/lib/python2.7/site-packages/tablib/packages/openpyxl3/shared
copying build/lib/tablib/packages/openpyxl3/shared/ooxml.py -> /home/ubuntu/miniconda/envs/_build/lib/python2.7/site-packages/tablib/packages/openpyxl3/shared
copying build/lib/tablib/packages/openpyxl3/shared/date_time.py -> /home/ubuntu/miniconda/envs/_build/lib/python2.7/site-packages/tablib/packages/openpyxl3/shared
copying build/lib/tablib/packages/openpyxl3/shared/password_hasher.py -> /home/ubuntu/miniconda/envs/_build/lib/python2.7/site-packages/tablib/packages/openpyxl3/shared
copying build/lib/tablib/packages/openpyxl3/shared/xmltools.py -> /home/ubuntu/miniconda/envs/_build/lib/python2.7/site-packages/tablib/packages/openpyxl3/shared
copying build/lib/tablib/packages/openpyxl3/shared/__init__.py -> /home/ubuntu/miniconda/envs/_build/lib/python2.7/site-packages/tablib/packages/openpyxl3/shared
creating /home/ubuntu/miniconda/envs/_build/lib/python2.7/site-packages/tablib/packages/openpyxl3/reader
copying build/lib/tablib/packages/openpyxl3/reader/workbook.py -> /home/ubuntu/miniconda/envs/_build/lib/python2.7/site-packages/tablib/packages/openpyxl3/reader
copying build/lib/tablib/packages/openpyxl3/reader/iter_worksheet.py -> /home/ubuntu/miniconda/envs/_build/lib/python2.7/site-packages/tablib/packages/openpyxl3/reader
copying build/lib/tablib/packages/openpyxl3/reader/worksheet.py -> /home/ubuntu/miniconda/envs/_build/lib/python2.7/site-packages/tablib/packages/openpyxl3/reader
copying build/lib/tablib/packages/openpyxl3/reader/excel.py -> /home/ubuntu/miniconda/envs/_build/lib/python2.7/site-packages/tablib/packages/openpyxl3/reader
copying build/lib/tablib/packages/openpyxl3/reader/style.py -> /home/ubuntu/miniconda/envs/_build/lib/python2.7/site-packages/tablib/packages/openpyxl3/reader
copying build/lib/tablib/packages/openpyxl3/reader/strings.py -> /home/ubuntu/miniconda/envs/_build/lib/python2.7/site-packages/tablib/packages/openpyxl3/reader
copying build/lib/tablib/packages/openpyxl3/reader/__init__.py -> /home/ubuntu/miniconda/envs/_build/lib/python2.7/site-packages/tablib/packages/openpyxl3/reader
copying build/lib/tablib/packages/openpyxl3/worksheet.py -> /home/ubuntu/miniconda/envs/_build/lib/python2.7/site-packages/tablib/packages/openpyxl3
copying build/lib/tablib/packages/openpyxl3/style.py -> /home/ubuntu/miniconda/envs/_build/lib/python2.7/site-packages/tablib/packages/openpyxl3
copying build/lib/tablib/packages/openpyxl3/drawing.py -> /home/ubuntu/miniconda/envs/_build/lib/python2.7/site-packages/tablib/packages/openpyxl3
copying build/lib/tablib/packages/openpyxl3/cell.py -> /home/ubuntu/miniconda/envs/_build/lib/python2.7/site-packages/tablib/packages/openpyxl3
copying build/lib/tablib/packages/openpyxl3/__init__.py -> /home/ubuntu/miniconda/envs/_build/lib/python2.7/site-packages/tablib/packages/openpyxl3
copying build/lib/tablib/packages/openpyxl3/namedrange.py -> /home/ubuntu/miniconda/envs/_build/lib/python2.7/site-packages/tablib/packages/openpyxl3
byte-compiling /home/ubuntu/miniconda/envs/_build/lib/python2.7/site-packages/tablib/compat.py to compat.pyc
byte-compiling /home/ubuntu/miniconda/envs/_build/lib/python2.7/site-packages/tablib/__init__.py to __init__.pyc
byte-compiling /home/ubuntu/miniconda/envs/_build/lib/python2.7/site-packages/tablib/formats/_csv.py to _csv.pyc
byte-compiling /home/ubuntu/miniconda/envs/_build/lib/python2.7/site-packages/tablib/formats/_tsv.py to _tsv.pyc
byte-compiling /home/ubuntu/miniconda/envs/_build/lib/python2.7/site-packages/tablib/formats/_json.py to _json.pyc
byte-compiling /home/ubuntu/miniconda/envs/_build/lib/python2.7/site-packages/tablib/formats/_ods.py to _ods.pyc
byte-compiling /home/ubuntu/miniconda/envs/_build/lib/python2.7/site-packages/tablib/formats/_html.py to _html.pyc
byte-compiling /home/ubuntu/miniconda/envs/_build/lib/python2.7/site-packages/tablib/formats/_xls.py to _xls.pyc
byte-compiling /home/ubuntu/miniconda/envs/_build/lib/python2.7/site-packages/tablib/formats/__init__.py to __init__.pyc
byte-compiling /home/ubuntu/miniconda/envs/_build/lib/python2.7/site-packages/tablib/formats/_xlsx.py to _xlsx.pyc
byte-compiling /home/ubuntu/miniconda/envs/_build/lib/python2.7/site-packages/tablib/formats/_yaml.py to _yaml.pyc
byte-compiling /home/ubuntu/miniconda/envs/_build/lib/python2.7/site-packages/tablib/core.py to core.pyc
byte-compiling /home/ubuntu/miniconda/envs/_build/lib/python2.7/site-packages/tablib/packages/odf3/grammar.py to grammar.pyc
byte-compiling /home/ubuntu/miniconda/envs/_build/lib/python2.7/site-packages/tablib/packages/odf3/attrconverters.py to attrconverters.pyc
byte-compiling /home/ubuntu/miniconda/envs/_build/lib/python2.7/site-packages/tablib/packages/odf3/meta.py to meta.pyc
byte-compiling /home/ubuntu/miniconda/envs/_build/lib/python2.7/site-packages/tablib/packages/odf3/odf2xhtml.py to odf2xhtml.pyc
byte-compiling /home/ubuntu/miniconda/envs/_build/lib/python2.7/site-packages/tablib/packages/odf3/table.py to table.pyc
byte-compiling /home/ubuntu/miniconda/envs/_build/lib/python2.7/site-packages/tablib/packages/odf3/teletype.py to teletype.pyc
byte-compiling /home/ubuntu/miniconda/envs/_build/lib/python2.7/site-packages/tablib/packages/odf3/svg.py to svg.pyc
byte-compiling /home/ubuntu/miniconda/envs/_build/lib/python2.7/site-packages/tablib/packages/odf3/dr3d.py to dr3d.pyc
byte-compiling /home/ubuntu/miniconda/envs/_build/lib/python2.7/site-packages/tablib/packages/odf3/office.py to office.pyc
byte-compiling /home/ubuntu/miniconda/envs/_build/lib/python2.7/site-packages/tablib/packages/odf3/config.py to config.pyc
byte-compiling /home/ubuntu/miniconda/envs/_build/lib/python2.7/site-packages/tablib/packages/odf3/chart.py to chart.pyc
byte-compiling /home/ubuntu/miniconda/envs/_build/lib/python2.7/site-packages/tablib/packages/odf3/dc.py to dc.pyc
byte-compiling /home/ubuntu/miniconda/envs/_build/lib/python2.7/site-packages/tablib/packages/odf3/userfield.py to userfield.pyc
byte-compiling /home/ubuntu/miniconda/envs/_build/lib/python2.7/site-packages/tablib/packages/odf3/easyliststyle.py to easyliststyle.pyc
byte-compiling /home/ubuntu/miniconda/envs/_build/lib/python2.7/site-packages/tablib/packages/odf3/xforms.py to xforms.pyc
byte-compiling /home/ubuntu/miniconda/envs/_build/lib/python2.7/site-packages/tablib/packages/odf3/odfmanifest.py to odfmanifest.pyc
byte-compiling /home/ubuntu/miniconda/envs/_build/lib/python2.7/site-packages/tablib/packages/odf3/load.py to load.pyc
byte-compiling /home/ubuntu/miniconda/envs/_build/lib/python2.7/site-packages/tablib/packages/odf3/opendocument.py to opendocument.pyc
byte-compiling /home/ubuntu/miniconda/envs/_build/lib/python2.7/site-packages/tablib/packages/odf3/style.py to style.pyc
byte-compiling /home/ubuntu/miniconda/envs/_build/lib/python2.7/site-packages/tablib/packages/odf3/odf2moinmoin.py to odf2moinmoin.pyc
byte-compiling /home/ubuntu/miniconda/envs/_build/lib/python2.7/site-packages/tablib/packages/odf3/number.py to number.pyc
byte-compiling /home/ubuntu/miniconda/envs/_build/lib/python2.7/site-packages/tablib/packages/odf3/script.py to script.pyc
byte-compiling /home/ubuntu/miniconda/envs/_build/lib/python2.7/site-packages/tablib/packages/odf3/math.py to math.pyc
byte-compiling /home/ubuntu/miniconda/envs/_build/lib/python2.7/site-packages/tablib/packages/odf3/presentation.py to presentation.pyc
byte-compiling /home/ubuntu/miniconda/envs/_build/lib/python2.7/site-packages/tablib/packages/odf3/thumbnail.py to thumbnail.pyc
byte-compiling /home/ubuntu/miniconda/envs/_build/lib/python2.7/site-packages/tablib/packages/odf3/text.py to text.pyc
byte-compiling /home/ubuntu/miniconda/envs/_build/lib/python2.7/site-packages/tablib/packages/odf3/__init__.py to __init__.pyc
byte-compiling /home/ubuntu/miniconda/envs/_build/lib/python2.7/site-packages/tablib/packages/odf3/form.py to form.pyc
byte-compiling /home/ubuntu/miniconda/envs/_build/lib/python2.7/site-packages/tablib/packages/odf3/anim.py to anim.pyc
byte-compiling /home/ubuntu/miniconda/envs/_build/lib/python2.7/site-packages/tablib/packages/odf3/element.py to element.pyc
byte-compiling /home/ubuntu/miniconda/envs/_build/lib/python2.7/site-packages/tablib/packages/odf3/manifest.py to manifest.pyc
byte-compiling /home/ubuntu/miniconda/envs/_build/lib/python2.7/site-packages/tablib/packages/odf3/elementtypes.py to elementtypes.pyc
byte-compiling /home/ubuntu/miniconda/envs/_build/lib/python2.7/site-packages/tablib/packages/odf3/namespaces.py to namespaces.pyc
byte-compiling /home/ubuntu/miniconda/envs/_build/lib/python2.7/site-packages/tablib/packages/odf3/draw.py to draw.pyc
byte-compiling /home/ubuntu/miniconda/envs/_build/lib/python2.7/site-packages/tablib/packages/markup3.py to markup3.pyc
byte-compiling /home/ubuntu/miniconda/envs/_build/lib/python2.7/site-packages/tablib/packages/xlrd/xldate.py to xldate.pyc
byte-compiling /home/ubuntu/miniconda/envs/_build/lib/python2.7/site-packages/tablib/packages/xlrd/biffh.py to biffh.pyc
byte-compiling /home/ubuntu/miniconda/envs/_build/lib/python2.7/site-packages/tablib/packages/xlrd/formula.py to formula.pyc
byte-compiling /home/ubuntu/miniconda/envs/_build/lib/python2.7/site-packages/tablib/packages/xlrd/compdoc.py to compdoc.pyc
byte-compiling /home/ubuntu/miniconda/envs/_build/lib/python2.7/site-packages/tablib/packages/xlrd/sheet.py to sheet.pyc
byte-compiling /home/ubuntu/miniconda/envs/_build/lib/python2.7/site-packages/tablib/packages/xlrd/__init__.py to __init__.pyc
byte-compiling /home/ubuntu/miniconda/envs/_build/lib/python2.7/site-packages/tablib/packages/xlrd/formatting.py to formatting.pyc
byte-compiling /home/ubuntu/miniconda/envs/_build/lib/python2.7/site-packages/tablib/packages/xlrd/timemachine.py to timemachine.pyc
byte-compiling /home/ubuntu/miniconda/envs/_build/lib/python2.7/site-packages/tablib/packages/xlrd/licences.py to licences.pyc
byte-compiling /home/ubuntu/miniconda/envs/_build/lib/python2.7/site-packages/tablib/packages/yaml3/constructor.py to constructor.pyc
byte-compiling /home/ubuntu/miniconda/envs/_build/lib/python2.7/site-packages/tablib/packages/yaml3/resolver.py to resolver.pyc
byte-compiling /home/ubuntu/miniconda/envs/_build/lib/python2.7/site-packages/tablib/packages/yaml3/nodes.py to nodes.pyc
byte-compiling /home/ubuntu/miniconda/envs/_build/lib/python2.7/site-packages/tablib/packages/yaml3/loader.py to loader.pyc
byte-compiling /home/ubuntu/miniconda/envs/_build/lib/python2.7/site-packages/tablib/packages/yaml3/composer.py to composer.pyc
byte-compiling /home/ubuntu/miniconda/envs/_build/lib/python2.7/site-packages/tablib/packages/yaml3/reader.py to reader.pyc
byte-compiling /home/ubuntu/miniconda/envs/_build/lib/python2.7/site-packages/tablib/packages/yaml3/scanner.py to scanner.pyc
byte-compiling /home/ubuntu/miniconda/envs/_build/lib/python2.7/site-packages/tablib/packages/yaml3/parser.py to parser.pyc
byte-compiling /home/ubuntu/miniconda/envs/_build/lib/python2.7/site-packages/tablib/packages/yaml3/tokens.py to tokens.pyc
byte-compiling /home/ubuntu/miniconda/envs/_build/lib/python2.7/site-packages/tablib/packages/yaml3/representer.py to representer.pyc
byte-compiling /home/ubuntu/miniconda/envs/_build/lib/python2.7/site-packages/tablib/packages/yaml3/dumper.py to dumper.pyc
byte-compiling /home/ubuntu/miniconda/envs/_build/lib/python2.7/site-packages/tablib/packages/yaml3/events.py to events.pyc
byte-compiling /home/ubuntu/miniconda/envs/_build/lib/python2.7/site-packages/tablib/packages/yaml3/emitter.py to emitter.pyc
byte-compiling /home/ubuntu/miniconda/envs/_build/lib/python2.7/site-packages/tablib/packages/yaml3/cyaml.py to cyaml.pyc
byte-compiling /home/ubuntu/miniconda/envs/_build/lib/python2.7/site-packages/tablib/packages/yaml3/__init__.py to __init__.pyc
byte-compiling /home/ubuntu/miniconda/envs/_build/lib/python2.7/site-packages/tablib/packages/yaml3/error.py to error.pyc
byte-compiling /home/ubuntu/miniconda/envs/_build/lib/python2.7/site-packages/tablib/packages/yaml3/serializer.py to serializer.pyc
byte-compiling /home/ubuntu/miniconda/envs/_build/lib/python2.7/site-packages/tablib/packages/xlwt3/CompoundDoc.py to CompoundDoc.pyc
byte-compiling /home/ubuntu/miniconda/envs/_build/lib/python2.7/site-packages/tablib/packages/xlwt3/Cell.py to Cell.pyc
byte-compiling /home/ubuntu/miniconda/envs/_build/lib/python2.7/site-packages/tablib/packages/xlwt3/ExcelFormula.py to ExcelFormula.pyc
byte-compiling /home/ubuntu/miniconda/envs/_build/lib/python2.7/site-packages/tablib/packages/xlwt3/UnicodeUtils.py to UnicodeUtils.pyc
byte-compiling /home/ubuntu/miniconda/envs/_build/lib/python2.7/site-packages/tablib/packages/xlwt3/ExcelMagic.py to ExcelMagic.pyc
byte-compiling /home/ubuntu/miniconda/envs/_build/lib/python2.7/site-packages/tablib/packages/xlwt3/Utils.py to Utils.pyc
byte-compiling /home/ubuntu/miniconda/envs/_build/lib/python2.7/site-packages/tablib/packages/xlwt3/Column.py to Column.pyc
byte-compiling /home/ubuntu/miniconda/envs/_build/lib/python2.7/site-packages/tablib/packages/xlwt3/Bitmap.py to Bitmap.pyc
byte-compiling /home/ubuntu/miniconda/envs/_build/lib/python2.7/site-packages/tablib/packages/xlwt3/Worksheet.py to Worksheet.pyc
byte-compiling /home/ubuntu/miniconda/envs/_build/lib/python2.7/site-packages/tablib/packages/xlwt3/Style.py to Style.pyc
byte-compiling /home/ubuntu/miniconda/envs/_build/lib/python2.7/site-packages/tablib/packages/xlwt3/BIFFRecords.py to BIFFRecords.pyc
byte-compiling /home/ubuntu/miniconda/envs/_build/lib/python2.7/site-packages/tablib/packages/xlwt3/Workbook.py to Workbook.pyc
byte-compiling /home/ubuntu/miniconda/envs/_build/lib/python2.7/site-packages/tablib/packages/xlwt3/ExcelFormulaLexer.py to ExcelFormulaLexer.pyc
byte-compiling /home/ubuntu/miniconda/envs/_build/lib/python2.7/site-packages/tablib/packages/xlwt3/Row.py to Row.pyc
byte-compiling /home/ubuntu/miniconda/envs/_build/lib/python2.7/site-packages/tablib/packages/xlwt3/__init__.py to __init__.pyc
byte-compiling /home/ubuntu/miniconda/envs/_build/lib/python2.7/site-packages/tablib/packages/xlwt3/antlr.py to antlr.pyc
  File "/home/ubuntu/miniconda/envs/_build/lib/python2.7/site-packages/tablib/packages/xlwt3/antlr.py", line 1946
    print(fmt % (line,col,text), file=sys.stderr)
                                     ^
SyntaxError: invalid syntax

byte-compiling /home/ubuntu/miniconda/envs/_build/lib/python2.7/site-packages/tablib/packages/xlwt3/ExcelFormulaParser.py to ExcelFormulaParser.pyc
byte-compiling /home/ubuntu/miniconda/envs/_build/lib/python2.7/site-packages/tablib/packages/xlwt3/Formatting.py to Formatting.pyc
byte-compiling /home/ubuntu/miniconda/envs/_build/lib/python2.7/site-packages/tablib/packages/openpyxl/writer/styles.py to styles.pyc
byte-compiling /home/ubuntu/miniconda/envs/_build/lib/python2.7/site-packages/tablib/packages/openpyxl/writer/theme.py to theme.pyc
byte-compiling /home/ubuntu/miniconda/envs/_build/lib/python2.7/site-packages/tablib/packages/openpyxl/writer/workbook.py to workbook.pyc
byte-compiling /home/ubuntu/miniconda/envs/_build/lib/python2.7/site-packages/tablib/packages/openpyxl/writer/worksheet.py to worksheet.pyc
byte-compiling /home/ubuntu/miniconda/envs/_build/lib/python2.7/site-packages/tablib/packages/openpyxl/writer/excel.py to excel.pyc
byte-compiling /home/ubuntu/miniconda/envs/_build/lib/python2.7/site-packages/tablib/packages/openpyxl/writer/dump_worksheet.py to dump_worksheet.pyc
byte-compiling /home/ubuntu/miniconda/envs/_build/lib/python2.7/site-packages/tablib/packages/openpyxl/writer/strings.py to strings.pyc
byte-compiling /home/ubuntu/miniconda/envs/_build/lib/python2.7/site-packages/tablib/packages/openpyxl/writer/charts.py to charts.pyc
byte-compiling /home/ubuntu/miniconda/envs/_build/lib/python2.7/site-packages/tablib/packages/openpyxl/writer/__init__.py to __init__.pyc
byte-compiling /home/ubuntu/miniconda/envs/_build/lib/python2.7/site-packages/tablib/packages/openpyxl/writer/drawings.py to drawings.pyc
byte-compiling /home/ubuntu/miniconda/envs/_build/lib/python2.7/site-packages/tablib/packages/openpyxl/workbook.py to workbook.pyc
byte-compiling /home/ubuntu/miniconda/envs/_build/lib/python2.7/site-packages/tablib/packages/openpyxl/chart.py to chart.pyc
byte-compiling /home/ubuntu/miniconda/envs/_build/lib/python2.7/site-packages/tablib/packages/openpyxl/shared/units.py to units.pyc
byte-compiling /home/ubuntu/miniconda/envs/_build/lib/python2.7/site-packages/tablib/packages/openpyxl/shared/exc.py to exc.pyc
byte-compiling /home/ubuntu/miniconda/envs/_build/lib/python2.7/site-packages/tablib/packages/openpyxl/shared/ooxml.py to ooxml.pyc
byte-compiling /home/ubuntu/miniconda/envs/_build/lib/python2.7/site-packages/tablib/packages/openpyxl/shared/date_time.py to date_time.pyc
byte-compiling /home/ubuntu/miniconda/envs/_build/lib/python2.7/site-packages/tablib/packages/openpyxl/shared/password_hasher.py to password_hasher.pyc
byte-compiling /home/ubuntu/miniconda/envs/_build/lib/python2.7/site-packages/tablib/packages/openpyxl/shared/xmltools.py to xmltools.pyc
byte-compiling /home/ubuntu/miniconda/envs/_build/lib/python2.7/site-packages/tablib/packages/openpyxl/shared/__init__.py to __init__.pyc
byte-compiling /home/ubuntu/miniconda/envs/_build/lib/python2.7/site-packages/tablib/packages/openpyxl/reader/workbook.py to workbook.pyc
byte-compiling /home/ubuntu/miniconda/envs/_build/lib/python2.7/site-packages/tablib/packages/openpyxl/reader/iter_worksheet.py to iter_worksheet.pyc
byte-compiling /home/ubuntu/miniconda/envs/_build/lib/python2.7/site-packages/tablib/packages/openpyxl/reader/worksheet.py to worksheet.pyc
byte-compiling /home/ubuntu/miniconda/envs/_build/lib/python2.7/site-packages/tablib/packages/openpyxl/reader/excel.py to excel.pyc
byte-compiling /home/ubuntu/miniconda/envs/_build/lib/python2.7/site-packages/tablib/packages/openpyxl/reader/style.py to style.pyc
byte-compiling /home/ubuntu/miniconda/envs/_build/lib/python2.7/site-packages/tablib/packages/openpyxl/reader/strings.py to strings.pyc
byte-compiling /home/ubuntu/miniconda/envs/_build/lib/python2.7/site-packages/tablib/packages/openpyxl/reader/__init__.py to __init__.pyc
byte-compiling /home/ubuntu/miniconda/envs/_build/lib/python2.7/site-packages/tablib/packages/openpyxl/worksheet.py to worksheet.pyc
byte-compiling /home/ubuntu/miniconda/envs/_build/lib/python2.7/site-packages/tablib/packages/openpyxl/style.py to style.pyc
byte-compiling /home/ubuntu/miniconda/envs/_build/lib/python2.7/site-packages/tablib/packages/openpyxl/drawing.py to drawing.pyc
byte-compiling /home/ubuntu/miniconda/envs/_build/lib/python2.7/site-packages/tablib/packages/openpyxl/cell.py to cell.pyc
byte-compiling /home/ubuntu/miniconda/envs/_build/lib/python2.7/site-packages/tablib/packages/openpyxl/__init__.py to __init__.pyc
byte-compiling /home/ubuntu/miniconda/envs/_build/lib/python2.7/site-packages/tablib/packages/openpyxl/namedrange.py to namedrange.pyc
byte-compiling /home/ubuntu/miniconda/envs/_build/lib/python2.7/site-packages/tablib/packages/unicodecsv/__init__.py to __init__.pyc
byte-compiling /home/ubuntu/miniconda/envs/_build/lib/python2.7/site-packages/tablib/packages/xlrd3/xldate.py to xldate.pyc
byte-compiling /home/ubuntu/miniconda/envs/_build/lib/python2.7/site-packages/tablib/packages/xlrd3/xfconst.py to xfconst.pyc
byte-compiling /home/ubuntu/miniconda/envs/_build/lib/python2.7/site-packages/tablib/packages/xlrd3/biffh.py to biffh.pyc
  File "/home/ubuntu/miniconda/envs/_build/lib/python2.7/site-packages/tablib/packages/xlrd3/biffh.py", line 386
    print(header, file=f)
                      ^
SyntaxError: invalid syntax

byte-compiling /home/ubuntu/miniconda/envs/_build/lib/python2.7/site-packages/tablib/packages/xlrd3/formula.py to formula.pyc
  File "/home/ubuntu/miniconda/envs/_build/lib/python2.7/site-packages/tablib/packages/xlrd3/formula.py", line 794
    if verbose: print("tIsect pre", stack, file=bk.logfile)
                                               ^
SyntaxError: invalid syntax

byte-compiling /home/ubuntu/miniconda/envs/_build/lib/python2.7/site-packages/tablib/packages/xlrd3/xfcell.py to xfcell.pyc
byte-compiling /home/ubuntu/miniconda/envs/_build/lib/python2.7/site-packages/tablib/packages/xlrd3/compdoc.py to compdoc.pyc
  File "/home/ubuntu/miniconda/envs/_build/lib/python2.7/site-packages/tablib/packages/xlrd3/compdoc.py", line 89
    print("\nCompDoc format: version=0x%04x revision=0x%04x" % (version, revision), file=logfile)
                                                                                        ^
SyntaxError: invalid syntax

byte-compiling /home/ubuntu/miniconda/envs/_build/lib/python2.7/site-packages/tablib/packages/xlrd3/sheet.py to sheet.pyc
  File "/home/ubuntu/miniconda/envs/_build/lib/python2.7/site-packages/tablib/packages/xlrd3/sheet.py", line 466
    print("put_cell", rowx, colx, file=self.logfile)
                                      ^
SyntaxError: invalid syntax

byte-compiling /home/ubuntu/miniconda/envs/_build/lib/python2.7/site-packages/tablib/packages/xlrd3/__init__.py to __init__.pyc
  File "/home/ubuntu/miniconda/envs/_build/lib/python2.7/site-packages/tablib/packages/xlrd3/__init__.py", line 855
    print("mem: %s, base: %d, len: %d" % (type(self.mem), self.base, self.stream_len), file=self.logfile)
                                                                                           ^
SyntaxError: invalid syntax

byte-compiling /home/ubuntu/miniconda/envs/_build/lib/python2.7/site-packages/tablib/packages/xlrd3/formatting.py to formatting.pyc
  File "/home/ubuntu/miniconda/envs/_build/lib/python2.7/site-packages/tablib/packages/xlrd3/formatting.py", line 589
    print("%2d: %r -> %r" % (i, old_rgb, new_rgb), file=book.logfile)
                                                       ^
SyntaxError: invalid syntax

byte-compiling /home/ubuntu/miniconda/envs/_build/lib/python2.7/site-packages/tablib/packages/markup.py to markup.pyc
byte-compiling /home/ubuntu/miniconda/envs/_build/lib/python2.7/site-packages/tablib/packages/__init__.py to __init__.pyc
byte-compiling /home/ubuntu/miniconda/envs/_build/lib/python2.7/site-packages/tablib/packages/yaml/constructor.py to constructor.pyc
byte-compiling /home/ubuntu/miniconda/envs/_build/lib/python2.7/site-packages/tablib/packages/yaml/resolver.py to resolver.pyc
byte-compiling /home/ubuntu/miniconda/envs/_build/lib/python2.7/site-packages/tablib/packages/yaml/nodes.py to nodes.pyc
byte-compiling /home/ubuntu/miniconda/envs/_build/lib/python2.7/site-packages/tablib/packages/yaml/loader.py to loader.pyc
byte-compiling /home/ubuntu/miniconda/envs/_build/lib/python2.7/site-packages/tablib/packages/yaml/composer.py to composer.pyc
byte-compiling /home/ubuntu/miniconda/envs/_build/lib/python2.7/site-packages/tablib/packages/yaml/reader.py to reader.pyc
byte-compiling /home/ubuntu/miniconda/envs/_build/lib/python2.7/site-packages/tablib/packages/yaml/scanner.py to scanner.pyc
byte-compiling /home/ubuntu/miniconda/envs/_build/lib/python2.7/site-packages/tablib/packages/yaml/parser.py to parser.pyc
byte-compiling /home/ubuntu/miniconda/envs/_build/lib/python2.7/site-packages/tablib/packages/yaml/tokens.py to tokens.pyc
byte-compiling /home/ubuntu/miniconda/envs/_build/lib/python2.7/site-packages/tablib/packages/yaml/representer.py to representer.pyc
byte-compiling /home/ubuntu/miniconda/envs/_build/lib/python2.7/site-packages/tablib/packages/yaml/dumper.py to dumper.pyc
byte-compiling /home/ubuntu/miniconda/envs/_build/lib/python2.7/site-packages/tablib/packages/yaml/events.py to events.pyc
byte-compiling /home/ubuntu/miniconda/envs/_build/lib/python2.7/site-packages/tablib/packages/yaml/emitter.py to emitter.pyc
byte-compiling /home/ubuntu/miniconda/envs/_build/lib/python2.7/site-packages/tablib/packages/yaml/cyaml.py to cyaml.pyc
byte-compiling /home/ubuntu/miniconda/envs/_build/lib/python2.7/site-packages/tablib/packages/yaml/__init__.py to __init__.pyc
byte-compiling /home/ubuntu/miniconda/envs/_build/lib/python2.7/site-packages/tablib/packages/yaml/error.py to error.pyc
byte-compiling /home/ubuntu/miniconda/envs/_build/lib/python2.7/site-packages/tablib/packages/yaml/serializer.py to serializer.pyc
byte-compiling /home/ubuntu/miniconda/envs/_build/lib/python2.7/site-packages/tablib/packages/odf/grammar.py to grammar.pyc
byte-compiling /home/ubuntu/miniconda/envs/_build/lib/python2.7/site-packages/tablib/packages/odf/attrconverters.py to attrconverters.pyc
byte-compiling /home/ubuntu/miniconda/envs/_build/lib/python2.7/site-packages/tablib/packages/odf/meta.py to meta.pyc
byte-compiling /home/ubuntu/miniconda/envs/_build/lib/python2.7/site-packages/tablib/packages/odf/odf2xhtml.py to odf2xhtml.pyc
byte-compiling /home/ubuntu/miniconda/envs/_build/lib/python2.7/site-packages/tablib/packages/odf/table.py to table.pyc
byte-compiling /home/ubuntu/miniconda/envs/_build/lib/python2.7/site-packages/tablib/packages/odf/teletype.py to teletype.pyc
byte-compiling /home/ubuntu/miniconda/envs/_build/lib/python2.7/site-packages/tablib/packages/odf/svg.py to svg.pyc
byte-compiling /home/ubuntu/miniconda/envs/_build/lib/python2.7/site-packages/tablib/packages/odf/dr3d.py to dr3d.pyc
byte-compiling /home/ubuntu/miniconda/envs/_build/lib/python2.7/site-packages/tablib/packages/odf/office.py to office.pyc
byte-compiling /home/ubuntu/miniconda/envs/_build/lib/python2.7/site-packages/tablib/packages/odf/config.py to config.pyc
byte-compiling /home/ubuntu/miniconda/envs/_build/lib/python2.7/site-packages/tablib/packages/odf/chart.py to chart.pyc
byte-compiling /home/ubuntu/miniconda/envs/_build/lib/python2.7/site-packages/tablib/packages/odf/dc.py to dc.pyc
byte-compiling /home/ubuntu/miniconda/envs/_build/lib/python2.7/site-packages/tablib/packages/odf/userfield.py to userfield.pyc
byte-compiling /home/ubuntu/miniconda/envs/_build/lib/python2.7/site-packages/tablib/packages/odf/easyliststyle.py to easyliststyle.pyc
byte-compiling /home/ubuntu/miniconda/envs/_build/lib/python2.7/site-packages/tablib/packages/odf/xforms.py to xforms.pyc
byte-compiling /home/ubuntu/miniconda/envs/_build/lib/python2.7/site-packages/tablib/packages/odf/odfmanifest.py to odfmanifest.pyc
byte-compiling /home/ubuntu/miniconda/envs/_build/lib/python2.7/site-packages/tablib/packages/odf/load.py to load.pyc
byte-compiling /home/ubuntu/miniconda/envs/_build/lib/python2.7/site-packages/tablib/packages/odf/opendocument.py to opendocument.pyc
byte-compiling /home/ubuntu/miniconda/envs/_build/lib/python2.7/site-packages/tablib/packages/odf/style.py to style.pyc
byte-compiling /home/ubuntu/miniconda/envs/_build/lib/python2.7/site-packages/tablib/packages/odf/odf2moinmoin.py to odf2moinmoin.pyc
byte-compiling /home/ubuntu/miniconda/envs/_build/lib/python2.7/site-packages/tablib/packages/odf/number.py to number.pyc
byte-compiling /home/ubuntu/miniconda/envs/_build/lib/python2.7/site-packages/tablib/packages/odf/script.py to script.pyc
byte-compiling /home/ubuntu/miniconda/envs/_build/lib/python2.7/site-packages/tablib/packages/odf/math.py to math.pyc
byte-compiling /home/ubuntu/miniconda/envs/_build/lib/python2.7/site-packages/tablib/packages/odf/presentation.py to presentation.pyc
byte-compiling /home/ubuntu/miniconda/envs/_build/lib/python2.7/site-packages/tablib/packages/odf/thumbnail.py to thumbnail.pyc
byte-compiling /home/ubuntu/miniconda/envs/_build/lib/python2.7/site-packages/tablib/packages/odf/text.py to text.pyc
byte-compiling /home/ubuntu/miniconda/envs/_build/lib/python2.7/site-packages/tablib/packages/odf/__init__.py to __init__.pyc
byte-compiling /home/ubuntu/miniconda/envs/_build/lib/python2.7/site-packages/tablib/packages/odf/form.py to form.pyc
byte-compiling /home/ubuntu/miniconda/envs/_build/lib/python2.7/site-packages/tablib/packages/odf/anim.py to anim.pyc
byte-compiling /home/ubuntu/miniconda/envs/_build/lib/python2.7/site-packages/tablib/packages/odf/element.py to element.pyc
byte-compiling /home/ubuntu/miniconda/envs/_build/lib/python2.7/site-packages/tablib/packages/odf/manifest.py to manifest.pyc
byte-compiling /home/ubuntu/miniconda/envs/_build/lib/python2.7/site-packages/tablib/packages/odf/elementtypes.py to elementtypes.pyc
byte-compiling /home/ubuntu/miniconda/envs/_build/lib/python2.7/site-packages/tablib/packages/odf/namespaces.py to namespaces.pyc
byte-compiling /home/ubuntu/miniconda/envs/_build/lib/python2.7/site-packages/tablib/packages/odf/draw.py to draw.pyc
byte-compiling /home/ubuntu/miniconda/envs/_build/lib/python2.7/site-packages/tablib/packages/ordereddict.py to ordereddict.pyc
byte-compiling /home/ubuntu/miniconda/envs/_build/lib/python2.7/site-packages/tablib/packages/omnijson/__init__.py to __init__.pyc
byte-compiling /home/ubuntu/miniconda/envs/_build/lib/python2.7/site-packages/tablib/packages/omnijson/core.py to core.pyc
byte-compiling /home/ubuntu/miniconda/envs/_build/lib/python2.7/site-packages/tablib/packages/xlwt/CompoundDoc.py to CompoundDoc.pyc
byte-compiling /home/ubuntu/miniconda/envs/_build/lib/python2.7/site-packages/tablib/packages/xlwt/Cell.py to Cell.pyc
byte-compiling /home/ubuntu/miniconda/envs/_build/lib/python2.7/site-packages/tablib/packages/xlwt/ExcelFormula.py to ExcelFormula.pyc
byte-compiling /home/ubuntu/miniconda/envs/_build/lib/python2.7/site-packages/tablib/packages/xlwt/UnicodeUtils.py to UnicodeUtils.pyc
byte-compiling /home/ubuntu/miniconda/envs/_build/lib/python2.7/site-packages/tablib/packages/xlwt/ExcelMagic.py to ExcelMagic.pyc
byte-compiling /home/ubuntu/miniconda/envs/_build/lib/python2.7/site-packages/tablib/packages/xlwt/Utils.py to Utils.pyc
byte-compiling /home/ubuntu/miniconda/envs/_build/lib/python2.7/site-packages/tablib/packages/xlwt/Column.py to Column.pyc
byte-compiling /home/ubuntu/miniconda/envs/_build/lib/python2.7/site-packages/tablib/packages/xlwt/Bitmap.py to Bitmap.pyc
byte-compiling /home/ubuntu/miniconda/envs/_build/lib/python2.7/site-packages/tablib/packages/xlwt/Worksheet.py to Worksheet.pyc
byte-compiling /home/ubuntu/miniconda/envs/_build/lib/python2.7/site-packages/tablib/packages/xlwt/Style.py to Style.pyc
byte-compiling /home/ubuntu/miniconda/envs/_build/lib/python2.7/site-packages/tablib/packages/xlwt/BIFFRecords.py to BIFFRecords.pyc
byte-compiling /home/ubuntu/miniconda/envs/_build/lib/python2.7/site-packages/tablib/packages/xlwt/Workbook.py to Workbook.pyc
byte-compiling /home/ubuntu/miniconda/envs/_build/lib/python2.7/site-packages/tablib/packages/xlwt/ExcelFormulaLexer.py to ExcelFormulaLexer.pyc
byte-compiling /home/ubuntu/miniconda/envs/_build/lib/python2.7/site-packages/tablib/packages/xlwt/Row.py to Row.pyc
byte-compiling /home/ubuntu/miniconda/envs/_build/lib/python2.7/site-packages/tablib/packages/xlwt/__init__.py to __init__.pyc
byte-compiling /home/ubuntu/miniconda/envs/_build/lib/python2.7/site-packages/tablib/packages/xlwt/antlr.py to antlr.pyc
byte-compiling /home/ubuntu/miniconda/envs/_build/lib/python2.7/site-packages/tablib/packages/xlwt/ExcelFormulaParser.py to ExcelFormulaParser.pyc
byte-compiling /home/ubuntu/miniconda/envs/_build/lib/python2.7/site-packages/tablib/packages/xlwt/Formatting.py to Formatting.pyc
byte-compiling /home/ubuntu/miniconda/envs/_build/lib/python2.7/site-packages/tablib/packages/openpyxl3/writer/styles.py to styles.pyc
byte-compiling /home/ubuntu/miniconda/envs/_build/lib/python2.7/site-packages/tablib/packages/openpyxl3/writer/theme.py to theme.pyc
byte-compiling /home/ubuntu/miniconda/envs/_build/lib/python2.7/site-packages/tablib/packages/openpyxl3/writer/workbook.py to workbook.pyc
byte-compiling /home/ubuntu/miniconda/envs/_build/lib/python2.7/site-packages/tablib/packages/openpyxl3/writer/worksheet.py to worksheet.pyc
byte-compiling /home/ubuntu/miniconda/envs/_build/lib/python2.7/site-packages/tablib/packages/openpyxl3/writer/excel.py to excel.pyc
byte-compiling /home/ubuntu/miniconda/envs/_build/lib/python2.7/site-packages/tablib/packages/openpyxl3/writer/dump_worksheet.py to dump_worksheet.pyc
byte-compiling /home/ubuntu/miniconda/envs/_build/lib/python2.7/site-packages/tablib/packages/openpyxl3/writer/strings.py to strings.pyc
byte-compiling /home/ubuntu/miniconda/envs/_build/lib/python2.7/site-packages/tablib/packages/openpyxl3/writer/charts.py to charts.pyc
byte-compiling /home/ubuntu/miniconda/envs/_build/lib/python2.7/site-packages/tablib/packages/openpyxl3/writer/__init__.py to __init__.pyc
byte-compiling /home/ubuntu/miniconda/envs/_build/lib/python2.7/site-packages/tablib/packages/openpyxl3/writer/drawings.py to drawings.pyc
byte-compiling /home/ubuntu/miniconda/envs/_build/lib/python2.7/site-packages/tablib/packages/openpyxl3/workbook.py to workbook.pyc
byte-compiling /home/ubuntu/miniconda/envs/_build/lib/python2.7/site-packages/tablib/packages/openpyxl3/chart.py to chart.pyc
byte-compiling /home/ubuntu/miniconda/envs/_build/lib/python2.7/site-packages/tablib/packages/openpyxl3/shared/units.py to units.pyc
byte-compiling /home/ubuntu/miniconda/envs/_build/lib/python2.7/site-packages/tablib/packages/openpyxl3/shared/exc.py to exc.pyc
byte-compiling /home/ubuntu/miniconda/envs/_build/lib/python2.7/site-packages/tablib/packages/openpyxl3/shared/ooxml.py to ooxml.pyc
byte-compiling /home/ubuntu/miniconda/envs/_build/lib/python2.7/site-packages/tablib/packages/openpyxl3/shared/date_time.py to date_time.pyc
byte-compiling /home/ubuntu/miniconda/envs/_build/lib/python2.7/site-packages/tablib/packages/openpyxl3/shared/password_hasher.py to password_hasher.pyc
byte-compiling /home/ubuntu/miniconda/envs/_build/lib/python2.7/site-packages/tablib/packages/openpyxl3/shared/xmltools.py to xmltools.pyc
byte-compiling /home/ubuntu/miniconda/envs/_build/lib/python2.7/site-packages/tablib/packages/openpyxl3/shared/__init__.py to __init__.pyc
byte-compiling /home/ubuntu/miniconda/envs/_build/lib/python2.7/site-packages/tablib/packages/openpyxl3/reader/workbook.py to workbook.pyc
byte-compiling /home/ubuntu/miniconda/envs/_build/lib/python2.7/site-packages/tablib/packages/openpyxl3/reader/iter_worksheet.py to iter_worksheet.pyc
byte-compiling /home/ubuntu/miniconda/envs/_build/lib/python2.7/site-packages/tablib/packages/openpyxl3/reader/worksheet.py to worksheet.pyc
byte-compiling /home/ubuntu/miniconda/envs/_build/lib/python2.7/site-packages/tablib/packages/openpyxl3/reader/excel.py to excel.pyc
byte-compiling /home/ubuntu/miniconda/envs/_build/lib/python2.7/site-packages/tablib/packages/openpyxl3/reader/style.py to style.pyc
byte-compiling /home/ubuntu/miniconda/envs/_build/lib/python2.7/site-packages/tablib/packages/openpyxl3/reader/strings.py to strings.pyc
byte-compiling /home/ubuntu/miniconda/envs/_build/lib/python2.7/site-packages/tablib/packages/openpyxl3/reader/__init__.py to __init__.pyc
byte-compiling /home/ubuntu/miniconda/envs/_build/lib/python2.7/site-packages/tablib/packages/openpyxl3/worksheet.py to worksheet.pyc
byte-compiling /home/ubuntu/miniconda/envs/_build/lib/python2.7/site-packages/tablib/packages/openpyxl3/style.py to style.pyc
byte-compiling /home/ubuntu/miniconda/envs/_build/lib/python2.7/site-packages/tablib/packages/openpyxl3/drawing.py to drawing.pyc
byte-compiling /home/ubuntu/miniconda/envs/_build/lib/python2.7/site-packages/tablib/packages/openpyxl3/cell.py to cell.pyc
byte-compiling /home/ubuntu/miniconda/envs/_build/lib/python2.7/site-packages/tablib/packages/openpyxl3/__init__.py to __init__.pyc
byte-compiling /home/ubuntu/miniconda/envs/_build/lib/python2.7/site-packages/tablib/packages/openpyxl3/namedrange.py to namedrange.pyc
running install_egg_info
Writing /home/ubuntu/miniconda/envs/_build/lib/python2.7/site-packages/tablib-0.10.0-py2.7.egg-info
Compiling /home/ubuntu/miniconda/envs/_build/lib/python2.7/site-packages/tablib/packages/xlrd3/__init__.py ...
  File "/home/ubuntu/miniconda/envs/_build/lib/python2.7/site-packages/tablib/packages/xlrd3/__init__.py", line 855
    print("mem: %s, base: %d, len: %d" % (type(self.mem), self.base, self.stream_len), file=self.logfile)
                                                                                           ^
SyntaxError: invalid syntax

Compiling /home/ubuntu/miniconda/envs/_build/lib/python2.7/site-packages/tablib/packages/xlrd3/biffh.py ...
  File "/home/ubuntu/miniconda/envs/_build/lib/python2.7/site-packages/tablib/packages/xlrd3/biffh.py", line 386
    print(header, file=f)
                      ^
SyntaxError: invalid syntax

Compiling /home/ubuntu/miniconda/envs/_build/lib/python2.7/site-packages/tablib/packages/xlrd3/compdoc.py ...
  File "/home/ubuntu/miniconda/envs/_build/lib/python2.7/site-packages/tablib/packages/xlrd3/compdoc.py", line 89
    print("\nCompDoc format: version=0x%04x revision=0x%04x" % (version, revision), file=logfile)
                                                                                        ^
SyntaxError: invalid syntax

Compiling /home/ubuntu/miniconda/envs/_build/lib/python2.7/site-packages/tablib/packages/xlrd3/formatting.py ...
  File "/home/ubuntu/miniconda/envs/_build/lib/python2.7/site-packages/tablib/packages/xlrd3/formatting.py", line 589
    print("%2d: %r -> %r" % (i, old_rgb, new_rgb), file=book.logfile)
                                                       ^
SyntaxError: invalid syntax

Compiling /home/ubuntu/miniconda/envs/_build/lib/python2.7/site-packages/tablib/packages/xlrd3/formula.py ...
  File "/home/ubuntu/miniconda/envs/_build/lib/python2.7/site-packages/tablib/packages/xlrd3/formula.py", line 794
    if verbose: print("tIsect pre", stack, file=bk.logfile)
                                               ^
SyntaxError: invalid syntax

Compiling /home/ubuntu/miniconda/envs/_build/lib/python2.7/site-packages/tablib/packages/xlrd3/sheet.py ...
  File "/home/ubuntu/miniconda/envs/_build/lib/python2.7/site-packages/tablib/packages/xlrd3/sheet.py", line 466
    print("put_cell", rowx, colx, file=self.logfile)
                                      ^
SyntaxError: invalid syntax

Compiling /home/ubuntu/miniconda/envs/_build/lib/python2.7/site-packages/tablib/packages/xlwt3/antlr.py ...
  File "/home/ubuntu/miniconda/envs/_build/lib/python2.7/site-packages/tablib/packages/xlwt3/antlr.py", line 1946
    print(fmt % (line,col,text), file=sys.stderr)
                                     ^
SyntaxError: invalid syntax


The following NEW packages will be INSTALLED:

    openssl:    1.0.1k-1     
    pip:        7.0.3-py27_0 
    python:     2.7.10-0     
    readline:   6.2-2        
    setuptools: 17.1.1-py27_0
    sqlite:     3.8.4.1-1    
    system:     5.8-2        
    tk:         8.5.18-0     
    zlib:       1.2.8-0      

Linking packages ...
[                    ]|                                                  |   0%[openssl             ]|                                                  |   0%[readline            ]|#####                                             |  11%[sqlite              ]|###########                                       |  22%[system              ]|################                                  |  33%[tk                  ]|######################                            |  44%[zlib                ]|###########################                       |  55%[python              ]|#################################                 |  66%[setuptools          ]|######################################            |  77%[pip                 ]|############################################      |  88%[      COMPLETE      ]|##################################################| 100%
Removing old work directory
Source cache directory is: /home/ubuntu/miniconda/conda-bld/src_cache
Found source in cache: tablib-0.10.0.tar.gz
Extracting download
Package: tablib-0.10.0-py27_0
source tree in: /home/ubuntu/miniconda/conda-bld/work/tablib-0.10.0
compiling .pyc files...
Command failed: /home/ubuntu/miniconda/envs/_build/bin/python -Wi /home/ubuntu/miniconda/envs/_build/lib/python2.7/compileall.py -q -x port_v3 /home/ubuntu/miniconda/envs/_build/lib/python2.7/site-packages
