Warning, the following versions were found for tabulate
0.7.5
0.7.4
0.7.3
0.7.2
0.7.1
0.7
0.6
0.5.1
0.5
0.4.4
0.4.3
0.4.2
0.3
Using 0.7.5
Use --version to specify a different version.
Using url https://pypi.python.org/packages/source/t/tabulate/tabulate-0.7.5.tar.gz (29 KB) for tabulate.
Downloading tabulate (use --no-download to skip this step)
Using cached download
Unpacking tabulate...
done
working in /tmp/tmpZfvs_fconda_skeleton_tabulate-0.7.5.tar.gz
Fetching package metadata: ......
Solving package specifications: .patching file core.py
Hunk #1 succeeded at 168 with fuzz 2 (offset 2 lines).

Applying patch: '/tmp/tmpZfvs_fconda_skeleton_tabulate-0.7.5.tar.gz/pypi-distutils.patch'
Writing recipe for tabulate
Done
