Package search: {'_pypi_ordering': False, 'version': '0.10.1', 'name': 'taskflow', 'summary': 'Taskflow structured state management library.'}
Fetching package metadata: ....
Error: prefix already exists: /home/ubuntu/miniconda/envs/_pipbuild_
Collecting taskflow==0.10.1
  Downloading http://localhost/packages/py2.py3/t/taskflow/taskflow-0.10.1-py2.py3-none-any.whl (442kB)
Collecting oslo.serialization>=1.4.0 (from taskflow==0.10.1)
  Downloading http://localhost/packages/py2.py3/o/oslo.serialization/oslo.serialization-1.5.0-py2.py3-none-any.whl
Collecting stevedore>=1.3.0 (from taskflow==0.10.1)
  Downloading http://localhost/packages/py2.py3/s/stevedore/stevedore-1.4.0-py2.py3-none-any.whl
Collecting enum34 (from taskflow==0.10.1)
  Downloading http://localhost/packages/source/e/enum34/enum34-1.0.4.tar.gz
Collecting networkx>=1.8 (from taskflow==0.10.1)
  Downloading http://localhost/packages/2.7/n/networkx/networkx-1.9.1-py2.py3-none-any.whl (1.2MB)
Collecting futures>=2.1.6 (from taskflow==0.10.1)
  Downloading http://localhost/packages/py2/f/futures/futures-3.0.2-py2-none-any.whl
Collecting jsonschema<3.0.0,>=2.0.0 (from taskflow==0.10.1)
  Downloading http://localhost/packages/2.7/j/jsonschema/jsonschema-2.4.0-py2.py3-none-any.whl
Collecting pbr!=0.7,<1.0,>=0.6 (from taskflow==0.10.1)
  Downloading http://localhost/packages/py2.py3/p/pbr/pbr-0.11.0-py2.py3-none-any.whl (78kB)
Collecting debtcollector>=0.3.0 (from taskflow==0.10.1)
  Downloading http://localhost/packages/py2.py3/d/debtcollector/debtcollector-0.4.0-py2.py3-none-any.whl
Collecting six>=1.9.0 (from taskflow==0.10.1)
  Downloading http://localhost/packages/3.3/s/six/six-1.9.0-py2.py3-none-any.whl
Collecting oslo.utils>=1.4.0 (from taskflow==0.10.1)
  Downloading http://localhost/packages/py2.py3/o/oslo.utils/oslo.utils-1.5.0-py2.py3-none-any.whl (56kB)
Collecting ordereddict (from taskflow==0.10.1)
  Downloading http://localhost/packages/source/o/ordereddict/ordereddict-1.1.tar.gz
Collecting msgpack-python>=0.4.0 (from oslo.serialization>=1.4.0->taskflow==0.10.1)
  Downloading http://localhost/packages/source/m/msgpack-python/msgpack-python-0.4.6.tar.gz (116kB)
Collecting iso8601>=0.1.9 (from oslo.serialization>=1.4.0->taskflow==0.10.1)
  Downloading http://localhost/packages/source/i/iso8601/iso8601-0.1.10.tar.gz
Collecting Babel>=1.3 (from oslo.serialization>=1.4.0->taskflow==0.10.1)
  Downloading http://localhost/packages/source/B/Babel/Babel-1.3.tar.gz (3.4MB)
Collecting pytz>=2013.6 (from oslo.serialization>=1.4.0->taskflow==0.10.1)
  Downloading http://localhost/packages/py2.py3/p/pytz/pytz-2015.4-py2.py3-none-any.whl (475kB)
Collecting argparse (from stevedore>=1.3.0->taskflow==0.10.1)
  Downloading http://localhost/packages/2.7/a/argparse/argparse-1.3.0-py2.py3-none-any.whl
Collecting decorator>=3.4.0 (from networkx>=1.8->taskflow==0.10.1)
  Downloading http://localhost/packages/source/d/decorator/decorator-3.4.2.tar.gz
Requirement already satisfied (use --upgrade to upgrade): pip in /home/ubuntu/miniconda/envs/_pipbuild_/lib/python2.7/site-packages (from pbr!=0.7,<1.0,>=0.6->taskflow==0.10.1)
Collecting wrapt>=1.7.0 (from debtcollector>=0.3.0->taskflow==0.10.1)
  Downloading http://localhost/packages/source/w/wrapt/wrapt-1.10.4.tar.gz
Collecting oslo.i18n>=1.5.0 (from oslo.utils>=1.4.0->taskflow==0.10.1)
  Downloading http://localhost/packages/py2.py3/o/oslo.i18n/oslo.i18n-1.6.0-py2.py3-none-any.whl
Collecting netifaces>=0.10.4 (from oslo.utils>=1.4.0->taskflow==0.10.1)
  Downloading http://localhost/packages/source/n/netifaces/netifaces-0.10.4.tar.gz
Collecting netaddr>=0.7.12 (from oslo.utils>=1.4.0->taskflow==0.10.1)
  Downloading http://localhost/packages/any/n/netaddr/netaddr-0.7.14-py2.py3-none-any.whl (1.5MB)
Installing collected packages: msgpack-python, pbr, iso8601, six, pytz, Babel, oslo.i18n, netifaces, netaddr, oslo.utils, oslo.serialization, argparse, stevedore, enum34, decorator, networkx, futures, jsonschema, wrapt, debtcollector, ordereddict, taskflow
  Running setup.py install for msgpack-python
  Running setup.py install for iso8601
  Running setup.py install for Babel
  Running setup.py install for netifaces
  Running setup.py install for enum34
  Running setup.py install for decorator
  Running setup.py install for wrapt
  Running setup.py install for ordereddict
Successfully installed Babel-1.3 argparse-1.3.0 debtcollector-0.4.0 decorator-3.4.2 enum34-1.0.4 futures-3.0.2 iso8601-0.1.10 jsonschema-2.4.0 msgpack-python-0.4.6 netaddr-0.7.14 netifaces-0.10.4 networkx-1.9.1 ordereddict-1.1 oslo.i18n-1.6.0 oslo.serialization-1.5.0 oslo.utils-1.5.0 pbr-0.11.0 pytz-2015.4 six-1.9.0 stevedore-1.4.0 taskflow-0.10.1 wrapt-1.10.4
Fetching package metadata: ....

Package plan for package removal in environment /home/ubuntu/miniconda/envs/_pipbuild_:

The following packages will be REMOVED:

    openssl:    1.0.1k-1    
    pip:        7.0.3-py27_0
    python:     2.7.10-0    
    readline:   6.2-2       
    setuptools: 17.0-py27_0 
    sqlite:     3.8.4.1-1   
    system:     5.8-2       
    tk:         8.5.18-0    
    zlib:       1.2.8-0     

Unlinking packages ...
[                    ]|                                                  |   0%[openssl             ]|                                                  |   0%[pip                 ]|#####                                             |  11%[python              ]|###########                                       |  22%[readline            ]|################                                  |  33%[setuptools          ]|######################                            |  44%[sqlite              ]|###########################                       |  55%[system              ]|#################################                 |  66%[tk                  ]|######################################            |  77%[zlib                ]|############################################      |  88%[      COMPLETE      ]|##################################################| 100%
An unexpected error has occurred, please consider sending the
following traceback to the conda GitHub issue tracker at:

    https://github.com/conda/conda-build/issues

Include the output of the command 'conda info' in your report.


Creating standard recipe for taskflow-0.10.1
Error: directory already exists: ./taskflow

conda create -n _pipbuild_ --yes python pip
/home/ubuntu/miniconda/envs/_pipbuild_/bin/pip install taskflow==0.10.1
Getting dependencies...
package = taskflow
   dependencies = ['oslo.serialization', 'stevedore', 'enum34', 'networkx', 'futures', 'jsonschema', 'pbr', 'debtcollector', 'six', 'oslo.utils', 'ordereddict']
Creating standard recipe for oslo.serialization
Converting recipe in /home/ubuntu/pypi-conda-builds/oslo.serialization
Traceback (most recent call last):
  File "/home/ubuntu/miniconda/bin/conda-pipbuild", line 6, in <module>
    exec(compile(open(__file__).read(), __file__, 'exec'))
  File "/home/ubuntu/conda-build/bin/conda-pipbuild", line 5, in <module>
    sys.exit(main())
  File "/home/ubuntu/conda-build/conda_build/main_pipbuild.py", line 75, in main
    args_func(args, p)
  File "/home/ubuntu/conda-build/conda_build/main_build.py", line 346, in args_func
    args.func(args, p)
  File "/home/ubuntu/conda-build/conda_build/main_pipbuild.py", line 361, in execute
    build_package(package, version)
  File "/home/ubuntu/conda-build/conda_build/main_pipbuild.py", line 315, in build_package
    build_package(depend)
  File "/home/ubuntu/conda-build/conda_build/main_pipbuild.py", line 303, in build_package
    dependencies = convert_recipe(directory, package)
  File "/home/ubuntu/conda-build/conda_build/main_pipbuild.py", line 198, in convert_recipe
    d['homeurl'] = meta['about']['home']
KeyError: 'home'
