Warning, the following versions were found for teamcity-messages
1.14
1.13
1.12
1.11
1.10
1.9
1.8
1.7
1.6
1.5
1.4
1.3
1.2
1.1
1.0
Using 1.14
Use --version to specify a different version.
Using url https://pypi.python.org/packages/source/t/teamcity-messages/teamcity-messages-1.14.tar.gz (10 KB) for teamcity-messages.
Downloading teamcity-messages (use --no-download to skip this step)
Using cached download
Unpacking teamcity-messages...
done
working in /tmp/tmpxwP0saconda_skeleton_teamcity-messages-1.14.tar.gz
Fetching package metadata: ......
Solving package specifications: .patching file core.py
Hunk #1 succeeded at 168 with fuzz 2 (offset 2 lines).

The following NEW packages will be INSTALLED:

    numpy:  1.9.2-py27_0
    pyyaml: 3.11-py27_0 
    yaml:   0.1.4-0     

Linking packages ...
[                    ]|                                                  |   0%[yaml                ]|                                                  |   0%[numpy               ]|################                                  |  33%[pyyaml              ]|#################################                 |  66%[      COMPLETE      ]|##################################################| 100%
Applying patch: '/tmp/tmpxwP0saconda_skeleton_teamcity-messages-1.14.tar.gz/pypi-distutils.patch'
Writing recipe for teamcity-messages
Done
