Package search: {'_pypi_ordering': False, 'version': '1.14', 'name': 'teamcity-messages', 'summary': 'Send test results to TeamCity continuous integration server from unittest, nose and py.test (Python 2.4+)'}
Fetching package metadata: ....
Removing old build directory
Removing old work directory
BUILD START: teamcity-messages-1.14-py27_0
Fetching package metadata: ......
Solving package specifications: .+ pip install teamcity-messages
You are using pip version 7.0.1, however version 7.0.3 is available.
You should consider upgrading via the 'pip install --upgrade pip' command.
Collecting teamcity-messages
  Downloading http://localhost/packages/source/t/teamcity-messages/teamcity-messages-1.13.tar.gz
Installing collected packages: teamcity-messages
  Running setup.py install for teamcity-messages
Successfully installed teamcity-messages-1.13

The following NEW packages will be INSTALLED:

    openssl:    1.0.1k-1    
    pip:        7.0.1-py27_0
    python:     2.7.10-0    
    readline:   6.2-2       
    setuptools: 17.0-py27_0 
    sqlite:     3.8.4.1-1   
    system:     5.8-2       
    tk:         8.5.18-0    
    zlib:       1.2.8-0     

Linking packages ...
[                    ]|                                                  |   0%[openssl             ]|                                                  |   0%[readline            ]|#####                                             |  11%[sqlite              ]|###########                                       |  22%[system              ]|################                                  |  33%[tk                  ]|######################                            |  44%[zlib                ]|###########################                       |  55%[python              ]|#################################                 |  66%[setuptools          ]|######################################            |  77%[pip                 ]|############################################      |  88%[      COMPLETE      ]|##################################################| 100%
Removing old work directory
Copying /home/ubuntu/pypi-conda-builds/teamcity-messages to /home/ubuntu/miniconda/conda-bld/work
Package: teamcity-messages-1.14-py27_0
source tree in: /home/ubuntu/miniconda/conda-bld/work
number of files: 22
Fixing permissions
Fixing permissions
BUILD END: teamcity-messages-1.14-py27_0
# If you want to upload this package to binstar.org later, type:
#
# $ binstar upload /home/ubuntu/miniconda/conda-bld/linux-64/teamcity-messages-1.14-py27_0.tar.bz2
#
# To have conda build upload to binstar automatically, use
# $ conda config --set binstar_upload yes

Creating standard recipe for teamcity-messages-1.14
Converting recipe in /home/ubuntu/pypi-conda-builds/teamcity-messages
package = teamcity-messages
   dependencies = []
Building conda package for teamcity-messages
