Package search: {'_pypi_ordering': False, 'version': '0.5.0', 'name': 'tempest-lib', 'summary': 'OpenStack Functional Testing Library'}
Fetching package metadata: ....
Error: prefix already exists: /home/ubuntu/miniconda/envs/_pipbuild_
Collecting tempest-lib==0.5.0
  Downloading http://localhost/packages/py2/t/tempest-lib/tempest_lib-0.5.0-py2-none-any.whl (90kB)
Collecting httplib2>=0.7.5 (from tempest-lib==0.5.0)
  Downloading http://localhost/packages/source/h/httplib2/httplib2-0.9.1.tar.gz (205kB)
Collecting paramiko>=1.13.0 (from tempest-lib==0.5.0)
  Downloading http://localhost/packages/2.6/p/paramiko/paramiko-1.15.2-py2.py3-none-any.whl (165kB)
Collecting oslo.log>=1.0.0 (from tempest-lib==0.5.0)
  Downloading http://localhost/packages/py2.py3/o/oslo.log/oslo.log-1.1.0-py2.py3-none-any.whl
Collecting jsonschema<3.0.0,>=2.0.0 (from tempest-lib==0.5.0)
  Downloading http://localhost/packages/2.7/j/jsonschema/jsonschema-2.4.0-py2.py3-none-any.whl
Collecting fixtures>=0.3.14 (from tempest-lib==0.5.0)
  Downloading http://localhost/packages/2.7/f/fixtures/fixtures-1.2.0-py2.py3-none-any.whl (59kB)
Collecting pbr!=0.7,<1.0,>=0.6 (from tempest-lib==0.5.0)
  Downloading http://localhost/packages/py2.py3/p/pbr/pbr-0.11.0-py2.py3-none-any.whl (78kB)
Collecting iso8601>=0.1.9 (from tempest-lib==0.5.0)
  Downloading http://localhost/packages/source/i/iso8601/iso8601-0.1.10.tar.gz
Collecting six>=1.9.0 (from tempest-lib==0.5.0)
  Downloading http://localhost/packages/3.3/s/six/six-1.9.0-py2.py3-none-any.whl
Collecting Babel>=1.3 (from tempest-lib==0.5.0)
  Downloading http://localhost/packages/source/B/Babel/Babel-1.3.tar.gz (3.4MB)
Collecting ecdsa>=0.11 (from paramiko>=1.13.0->tempest-lib==0.5.0)
  Downloading http://localhost/packages/2.7/e/ecdsa/ecdsa-0.13-py2.py3-none-any.whl (86kB)
Collecting pycrypto!=2.4,>=2.1 (from paramiko>=1.13.0->tempest-lib==0.5.0)
  Downloading http://localhost/packages/source/p/pycrypto/pycrypto-2.6.1.tar.gz (446kB)
Collecting oslo.serialization>=1.4.0 (from oslo.log>=1.0.0->tempest-lib==0.5.0)
  Downloading http://localhost/packages/py2.py3/o/oslo.serialization/oslo.serialization-1.5.0-py2.py3-none-any.whl
Collecting oslo.i18n>=1.5.0 (from oslo.log>=1.0.0->tempest-lib==0.5.0)
  Downloading http://localhost/packages/py2.py3/o/oslo.i18n/oslo.i18n-1.6.0-py2.py3-none-any.whl
Collecting oslo.context>=0.2.0 (from oslo.log>=1.0.0->tempest-lib==0.5.0)
  Downloading http://localhost/packages/py2.py3/o/oslo.context/oslo.context-0.3.0-py2.py3-none-any.whl
Collecting oslo.config>=1.9.3 (from oslo.log>=1.0.0->tempest-lib==0.5.0)
  Downloading http://localhost/packages/py2.py3/o/oslo.config/oslo.config-1.11.0-py2.py3-none-any.whl (67kB)
Collecting oslo.utils>=1.4.0 (from oslo.log>=1.0.0->tempest-lib==0.5.0)
  Downloading http://localhost/packages/py2.py3/o/oslo.utils/oslo.utils-1.5.0-py2.py3-none-any.whl (56kB)
Collecting testtools>=0.9.22 (from fixtures>=0.3.14->tempest-lib==0.5.0)
  Downloading http://localhost/packages/2.7/t/testtools/testtools-1.8.0-py2.py3-none-any.whl (160kB)
Requirement already satisfied (use --upgrade to upgrade): pip in /home/ubuntu/miniconda/envs/_pipbuild_/lib/python2.7/site-packages (from pbr!=0.7,<1.0,>=0.6->tempest-lib==0.5.0)
Collecting pytz>=0a (from Babel>=1.3->tempest-lib==0.5.0)
  Downloading http://localhost/packages/py2.py3/p/pytz/pytz-2015.4-py2.py3-none-any.whl (475kB)
Collecting msgpack-python>=0.4.0 (from oslo.serialization>=1.4.0->oslo.log>=1.0.0->tempest-lib==0.5.0)
  Downloading http://localhost/packages/source/m/msgpack-python/msgpack-python-0.4.6.tar.gz (116kB)
Collecting argparse (from oslo.config>=1.9.3->oslo.log>=1.0.0->tempest-lib==0.5.0)
  Downloading http://localhost/packages/2.7/a/argparse/argparse-1.3.0-py2.py3-none-any.whl
Collecting netaddr>=0.7.12 (from oslo.config>=1.9.3->oslo.log>=1.0.0->tempest-lib==0.5.0)
  Downloading http://localhost/packages/any/n/netaddr/netaddr-0.7.14-py2.py3-none-any.whl (1.5MB)
Collecting stevedore>=1.3.0 (from oslo.config>=1.9.3->oslo.log>=1.0.0->tempest-lib==0.5.0)
  Downloading http://localhost/packages/py2.py3/s/stevedore/stevedore-1.4.0-py2.py3-none-any.whl
Collecting netifaces>=0.10.4 (from oslo.utils>=1.4.0->oslo.log>=1.0.0->tempest-lib==0.5.0)
  Downloading http://localhost/packages/source/n/netifaces/netifaces-0.10.4.tar.gz
Collecting traceback2 (from testtools>=0.9.22->fixtures>=0.3.14->tempest-lib==0.5.0)
  Downloading http://localhost/packages/3.4/t/traceback2/traceback2-1.4.0-py2.py3-none-any.whl
Collecting extras (from testtools>=0.9.22->fixtures>=0.3.14->tempest-lib==0.5.0)
  Downloading http://localhost/packages/source/e/extras/extras-0.0.3.tar.gz
Collecting unittest2>=1.0.0 (from testtools>=0.9.22->fixtures>=0.3.14->tempest-lib==0.5.0)
  Downloading http://localhost/packages/3.4/u/unittest2/unittest2-1.0.1-py2.py3-none-any.whl (95kB)
Collecting python-mimeparse (from testtools>=0.9.22->fixtures>=0.3.14->tempest-lib==0.5.0)
  Downloading http://localhost/packages/source/p/python-mimeparse/python-mimeparse-0.1.4.tar.gz
Collecting linecache2 (from traceback2->testtools>=0.9.22->fixtures>=0.3.14->tempest-lib==0.5.0)
  Downloading http://localhost/packages/3.5/l/linecache2/linecache2-1.0.0-py2.py3-none-any.whl
Installing collected packages: httplib2, ecdsa, pycrypto, paramiko, msgpack-python, pbr, iso8601, six, pytz, Babel, oslo.i18n, netifaces, netaddr, oslo.utils, oslo.serialization, oslo.context, argparse, stevedore, oslo.config, oslo.log, jsonschema, linecache2, traceback2, extras, unittest2, python-mimeparse, testtools, fixtures, tempest-lib
  Running setup.py install for httplib2
  Running setup.py install for pycrypto
  Running setup.py install for msgpack-python
  Running setup.py install for iso8601
  Running setup.py install for Babel
  Running setup.py install for netifaces
  Running setup.py install for extras
  Running setup.py install for python-mimeparse
Successfully installed Babel-1.3 argparse-1.3.0 ecdsa-0.13 extras-0.0.3 fixtures-1.2.0 httplib2-0.9.1 iso8601-0.1.10 jsonschema-2.4.0 linecache2-1.0.0 msgpack-python-0.4.6 netaddr-0.7.14 netifaces-0.10.4 oslo.config-1.11.0 oslo.context-0.3.0 oslo.i18n-1.6.0 oslo.log-1.1.0 oslo.serialization-1.5.0 oslo.utils-1.5.0 paramiko-1.15.2 pbr-0.11.0 pycrypto-2.6.1 python-mimeparse-0.1.4 pytz-2015.4 six-1.9.0 stevedore-1.4.0 tempest-lib-0.5.0 testtools-1.8.0 traceback2-1.4.0 unittest2-1.0.1
Fetching package metadata: ....

Package plan for package removal in environment /home/ubuntu/miniconda/envs/_pipbuild_:

The following packages will be REMOVED:

    openssl:    1.0.1k-1    
    pip:        7.0.3-py27_0
    python:     2.7.10-0    
    readline:   6.2-2       
    setuptools: 17.0-py27_0 
    sqlite:     3.8.4.1-1   
    system:     5.8-2       
    tk:         8.5.18-0    
    zlib:       1.2.8-0     

Unlinking packages ...
[                    ]|                                                  |   0%[openssl             ]|                                                  |   0%[pip                 ]|#####                                             |  11%[python              ]|###########                                       |  22%[readline            ]|################                                  |  33%[setuptools          ]|######################                            |  44%[sqlite              ]|###########################                       |  55%[system              ]|#################################                 |  66%[tk                  ]|######################################            |  77%[zlib                ]|############################################      |  88%[      COMPLETE      ]|##################################################| 100%
Removing old build directory
Removing old work directory
BUILD START: httplib2-0.9.1-py27_0
Fetching package metadata: ......
Solving package specifications: .+ pip install httplib2
Collecting httplib2
  Downloading http://localhost/packages/source/h/httplib2/httplib2-0.9.1.tar.gz (205kB)
Installing collected packages: httplib2
  Running setup.py install for httplib2
Successfully installed httplib2-0.9.1

The following NEW packages will be INSTALLED:

    openssl:    1.0.1k-1    
    pip:        7.0.3-py27_0
    python:     2.7.10-0    
    readline:   6.2-2       
    setuptools: 17.0-py27_0 
    sqlite:     3.8.4.1-1   
    system:     5.8-2       
    tk:         8.5.18-0    
    zlib:       1.2.8-0     

Linking packages ...
[                    ]|                                                  |   0%[openssl             ]|                                                  |   0%[readline            ]|#####                                             |  11%[sqlite              ]|###########                                       |  22%[system              ]|################                                  |  33%[tk                  ]|######################                            |  44%[zlib                ]|###########################                       |  55%[python              ]|#################################                 |  66%[setuptools          ]|######################################            |  77%[pip                 ]|############################################      |  88%[      COMPLETE      ]|##################################################| 100%
Removing old work directory
Copying /home/ubuntu/pypi-conda-builds/httplib2 to /home/ubuntu/miniconda/conda-bld/work
Package: httplib2-0.9.1-py27_0
source tree in: /home/ubuntu/miniconda/conda-bld/work
number of files: 12
Fixing permissions
Fixing permissions
BUILD END: httplib2-0.9.1-py27_0
# If you want to upload this package to binstar.org later, type:
#
# $ binstar upload /home/ubuntu/miniconda/conda-bld/linux-64/httplib2-0.9.1-py27_0.tar.bz2
#
# To have conda build upload to binstar automatically, use
# $ conda config --set binstar_upload yes

An unexpected error has occurred, please consider sending the
following traceback to the conda GitHub issue tracker at:

    https://github.com/conda/conda-build/issues

Include the output of the command 'conda info' in your report.


Creating standard recipe for tempest-lib-0.5.0
Error: directory already exists: ./tempest-lib

conda create -n _pipbuild_ --yes python pip
/home/ubuntu/miniconda/envs/_pipbuild_/bin/pip install tempest-lib==0.5.0
Getting dependencies...
package = tempest-lib
   dependencies = ['httplib2', 'paramiko', 'oslo.log', 'jsonschema', 'fixtures', 'pbr', 'iso8601', 'six', 'babel']
Creating standard recipe for httplib2
Converting recipe in /home/ubuntu/pypi-conda-builds/httplib2
package = httplib2
   dependencies = []
Building conda package for httplib2
Creating standard recipe for oslo.log
Converting recipe in /home/ubuntu/pypi-conda-builds/oslo.log
Traceback (most recent call last):
  File "/home/ubuntu/miniconda/bin/conda-pipbuild", line 6, in <module>
    exec(compile(open(__file__).read(), __file__, 'exec'))
  File "/home/ubuntu/conda-build/bin/conda-pipbuild", line 5, in <module>
    sys.exit(main())
  File "/home/ubuntu/conda-build/conda_build/main_pipbuild.py", line 75, in main
    args_func(args, p)
  File "/home/ubuntu/conda-build/conda_build/main_build.py", line 346, in args_func
    args.func(args, p)
  File "/home/ubuntu/conda-build/conda_build/main_pipbuild.py", line 361, in execute
    build_package(package, version)
  File "/home/ubuntu/conda-build/conda_build/main_pipbuild.py", line 315, in build_package
    build_package(depend)
  File "/home/ubuntu/conda-build/conda_build/main_pipbuild.py", line 303, in build_package
    dependencies = convert_recipe(directory, package)
  File "/home/ubuntu/conda-build/conda_build/main_pipbuild.py", line 198, in convert_recipe
    d['homeurl'] = meta['about']['home']
KeyError: 'home'
