Package search: {'_pypi_ordering': False, 'version': '0.5.3dev', 'name': 'Tempita', 'summary': 'A very small text templating language'}
Fetching package metadata: ....
Error: prefix already exists: /home/ubuntu/miniconda/envs/_pipbuild_
Collecting Tempita==0.5.3dev
  Downloading http://localhost/packages/source/T/Tempita/Tempita-0.5.3dev.tar.gz
Installing collected packages: Tempita
  Running setup.py install for Tempita
Successfully installed Tempita-0.5.3.dev0
Fetching package metadata: ....

Package plan for package removal in environment /home/ubuntu/miniconda/envs/_pipbuild_:

The following packages will be REMOVED:

    openssl:    1.0.1k-1    
    pip:        7.0.3-py27_0
    python:     2.7.10-0    
    readline:   6.2-2       
    setuptools: 17.0-py27_0 
    sqlite:     3.8.4.1-1   
    system:     5.8-2       
    tk:         8.5.18-0    
    zlib:       1.2.8-0     

Unlinking packages ...
[                    ]|                                                  |   0%[openssl             ]|                                                  |   0%[pip                 ]|#####                                             |  11%[python              ]|###########                                       |  22%[readline            ]|################                                  |  33%[setuptools          ]|######################                            |  44%[sqlite              ]|###########################                       |  55%[system              ]|#################################                 |  66%[tk                  ]|######################################            |  77%[zlib                ]|############################################      |  88%[      COMPLETE      ]|##################################################| 100%
    LOCKERROR: It looks like conda is already doing something.
    The lock /home/ubuntu/miniconda/conda-bld/.conda_lock-8999 was found. Wait for it to finish before continuing.
    If you are sure that conda is not running, remove it and try again.
    You can also use: $ conda clean --lock
Sleeping for 1 seconds
Removing old build directory
Removing old work directory
Error: package/name must be lowercase, got: u'Tempita'
Creating standard recipe for tempita-0.5.3dev
    LOCKERROR: It looks like conda is already doing something.
    The lock /home/ubuntu/miniconda/conda-bld/.conda_lock-2943 was found. Wait for it to finish before continuing.
    If you are sure that conda is not running, remove it and try again.
    You can also use: $ conda clean --lock
Sleeping for 1 seconds
    LOCKERROR: It looks like conda is already doing something.
    The lock /home/ubuntu/miniconda/conda-bld/.conda_lock-2943 was found. Wait for it to finish before continuing.
    If you are sure that conda is not running, remove it and try again.
    You can also use: $ conda clean --lock
Sleeping for 2 seconds
    LOCKERROR: It looks like conda is already doing something.
    The lock /home/ubuntu/miniconda/conda-bld/.conda_lock-2943 was found. Wait for it to finish before continuing.
    If you are sure that conda is not running, remove it and try again.
    You can also use: $ conda clean --lock
Sleeping for 4 seconds
    LOCKERROR: It looks like conda is already doing something.
    The lock /home/ubuntu/miniconda/conda-bld/.conda_lock-2943 was found. Wait for it to finish before continuing.
    If you are sure that conda is not running, remove it and try again.
    You can also use: $ conda clean --lock
Sleeping for 8 seconds
    LOCKERROR: It looks like conda is already doing something.
    The lock /home/ubuntu/miniconda/conda-bld/.conda_lock-2943 was found. Wait for it to finish before continuing.
    If you are sure that conda is not running, remove it and try again.
    You can also use: $ conda clean --lock
Sleeping for 16 seconds
    LOCKERROR: It looks like conda is already doing something.
    The lock /home/ubuntu/miniconda/conda-bld/.conda_lock-2943 was found. Wait for it to finish before continuing.
    If you are sure that conda is not running, remove it and try again.
    You can also use: $ conda clean --lock
Sleeping for 32 seconds
    LOCKERROR: It looks like conda is already doing something.
    The lock /home/ubuntu/miniconda/conda-bld/.conda_lock-2943 was found. Wait for it to finish before continuing.
    If you are sure that conda is not running, remove it and try again.
    You can also use: $ conda clean --lock
Sleeping for 64 seconds
    LOCKERROR: It looks like conda is already doing something.
    The lock /home/ubuntu/miniconda/conda-bld/.conda_lock-2943 was found. Wait for it to finish before continuing.
    If you are sure that conda is not running, remove it and try again.
    You can also use: $ conda clean --lock
Sleeping for 128 seconds
    LOCKERROR: It looks like conda is already doing something.
    The lock /home/ubuntu/miniconda/conda-bld/.conda_lock-2943 was found. Wait for it to finish before continuing.
    If you are sure that conda is not running, remove it and try again.
    You can also use: $ conda clean --lock
Sleeping for 256 seconds
    LOCKERROR: It looks like conda is already doing something.
    The lock /home/ubuntu/miniconda/conda-bld/.conda_lock-2943 was found. Wait for it to finish before continuing.
    If you are sure that conda is not running, remove it and try again.
    You can also use: $ conda clean --lock
Sleeping for 512 seconds
Exceeded max retries, giving upError:     LOCKERROR: It looks like conda is already doing something.
    The lock /home/ubuntu/miniconda/conda-bld/.conda_lock-2943 was found. Wait for it to finish before continuing.
    If you are sure that conda is not running, remove it and try again.
    You can also use: $ conda clean --lock


conda create -n _pipbuild_ --yes python pip
/home/ubuntu/miniconda/envs/_pipbuild_/bin/pip install Tempita==0.5.3dev
Getting dependencies...
package = Tempita
   dependencies = []
Building conda package for tempita
