Warning, the following versions were found for tempest-lib
0.5.0
0.4.0
0.3.0
0.2.1
0.2.0
0.1.0
0.0.4
0.0.3
0.0.2
0.0.1
Using 0.5.0
Use --version to specify a different version.
Using url https://pypi.python.org/packages/source/t/tempest-lib/tempest-lib-0.5.0.tar.gz (73 KB) for tempest-lib.
Downloading tempest-lib (use --no-download to skip this step)
Using cached download
Unpacking tempest-lib...
done
working in /tmp/tmpjYxHgwconda_skeleton_tempest-lib-0.5.0.tar.gz
Fetching package metadata: ......
Solving package specifications: .patching file core.py
Hunk #1 succeeded at 168 with fuzz 2 (offset 2 lines).

Applying patch: '/tmp/tmpjYxHgwconda_skeleton_tempest-lib-0.5.0.tar.gz/pypi-distutils.patch'
Writing recipe for tempest-lib
Done
