Warning, the following versions were found for termcolor
1.1.0
1.0.1
1.0.0
0.2
0.1.2
0.1.1
0.1
Using 1.1.0
Use --version to specify a different version.
Using url https://pypi.python.org/packages/source/t/termcolor/termcolor-1.1.0.tar.gz (4 KB) for termcolor.
Downloading termcolor (use --no-download to skip this step)
Using cached download
Unpacking termcolor...
done
working in /tmp/tmpLPTcRPconda_skeleton_termcolor-1.1.0.tar.gz
Fetching package metadata: ......
Solving package specifications: .patching file core.py
Hunk #1 succeeded at 168 with fuzz 2 (offset 2 lines).

Applying patch: '/tmp/tmpLPTcRPconda_skeleton_termcolor-1.1.0.tar.gz/pypi-distutils.patch'
Writing recipe for termcolor
Done
