Warning, the following versions were found for texttable
0.8.3
0.8.2
0.8.1
0.8.0
0.7.0
Using 0.8.3
Use --version to specify a different version.
Using url https://pypi.python.org/packages/source/t/texttable/texttable-0.8.3.tar.gz (8 KB) for texttable.
Downloading texttable (use --no-download to skip this step)
Using cached download
Unpacking texttable...
done
working in /tmp/tmp97UTZoconda_skeleton_texttable-0.8.3.tar.gz
Fetching package metadata: ......
Solving package specifications: .patching file core.py
Hunk #1 succeeded at 168 with fuzz 2 (offset 2 lines).

Applying patch: '/tmp/tmp97UTZoconda_skeleton_texttable-0.8.3.tar.gz/pypi-distutils.patch'
Writing recipe for texttable
Done
