Warning, the following versions were found for Theano
0.7.0
0.7.0rc2
0.7.0rc1
0.6.0
0.6.0rc5
0.6.0rc3
0.6.0rc2
0.6.0rc1
0.5.0
0.5.0rc2
0.5.0rc1
0.4.1
0.4.1rc2
0.4.1rc1
0.4.0
0.4.0rc4
0.4.0rc3
0.4.0rc2
0.4.0rc1
0.3.1
0.3.1rc2
0.3.1rc1
0.3.0
0.3.0rc4
Using 0.7.0
Use --version to specify a different version.
Using url https://pypi.python.org/packages/source/T/Theano/Theano-0.7.0.tar.gz (1.9 MB) for Theano.
Downloading Theano (use --no-download to skip this step)
Unpacking Theano...
done
working in /tmp/tmpq0tCXkconda_skeleton_Theano-0.7.0.tar.gz
Fetching package metadata: ......
Solving package specifications: .patching file core.py
Hunk #1 succeeded at 168 with fuzz 2 (offset 2 lines).

Applying patch: '/tmp/tmpq0tCXkconda_skeleton_Theano-0.7.0.tar.gz/pypi-distutils.patch'
Warning, the following versions were found for scipy
0.15.1
0.15.0
0.14.1
0.14.1rc1
0.14.1rc1.dev-205726a
0.14.1rc1.dev-52fb336
0.14.0
0.13.3
0.13.2
0.13.1
0.13.0
0.12.1
0.12.0
0.11.0
0.10.1
0.10.0
0.9.0
0.8.0
0.7.2
0.7.0
0.6.0
0.5.2
0.4.4
Using 0.15.1
Use --version to specify a different version.
Using url https://pypi.python.org/packages/source/s/scipy/scipy-0.15.1.tar.gz (10.9 MB) for scipy.
Downloading scipy (use --no-download to skip this step)
Using cached download
Unpacking scipy...
done
working in /tmp/tmpxiDj55conda_skeleton_scipy-0.15.1.tar.gz
Solving package specifications: .patching file core.py
Hunk #1 succeeded at 168 with fuzz 2 (offset 2 lines).
Traceback (most recent call last):
  File "setup.py", line 249, in <module>
    setup_package()
  File "setup.py", line 246, in setup_package
    setup(**metadata)
  File "/home/ubuntu/miniconda/envs/_build/lib/python2.7/site-packages/numpy/distutils/core.py", line 130, in setup
    if dist.help or not _command_line_ok():
AttributeError: 'NoneType' object has no attribute 'help'

Applying patch: '/tmp/tmpxiDj55conda_skeleton_scipy-0.15.1.tar.gz/pypi-distutils.patch'
$PYTHONPATH = /tmp/tmpxiDj55conda_skeleton_scipy-0.15.1.tar.gz/scipy-0.15.1
Error: command failed: /home/ubuntu/miniconda/envs/_build/bin/python setup.py install
