Warning, the following versions were found for thefuck
1.46
1.45
1.44
1.43
1.42
1.41
1.40
1.39
1.38
1.37
1.36
1.35
1.34
1.33
1.32
1.31
1.30
1.29
1.28
1.27
1.26
1.23
1.22
1.21
1.20
1.19
1.18
1.17
1.16
1.15
1.14
1.13
1.12
1.11
1.9
1.8
1.7
1.6
1.5
1.4
1.3
1.2
1.1
1
1.0
1dev
Using 1.46
Use --version to specify a different version.
Using url https://pypi.python.org/packages/source/t/thefuck/thefuck-1.46.tar.gz (24 KB) for thefuck.
Downloading thefuck (use --no-download to skip this step)
Unpacking thefuck...
done
working in /tmp/tmpfFmVXqconda_skeleton_thefuck-1.46.tar.gz
Fetching package metadata: ......
Solving package specifications: .patching file core.py
Hunk #1 succeeded at 168 with fuzz 2 (offset 2 lines).
Traceback (most recent call last):
  File "setup.py", line 1, in <module>
    from setuptools import setup, find_packages
ImportError: No module named setuptools

Applying patch: '/tmp/tmpfFmVXqconda_skeleton_thefuck-1.46.tar.gz/pypi-distutils.patch'
$PYTHONPATH = /tmp/tmpfFmVXqconda_skeleton_thefuck-1.46.tar.gz/thefuck-1.46
Error: command failed: /home/ubuntu/miniconda/envs/_build/bin/python setup.py install
