Warning, the following versions were found for tiddlywebplugins.tiddlyspace
1.2.26
1.2.25
1.2.24
1.2.23
1.2.22
1.2.21
1.2.20
1.2.19
1.2.18
1.2.17
1.2.16
1.2.15
1.2.14
1.2.13
1.2.12
1.2.11
1.2.10
1.2.9
1.2.8
1.2.7
1.2.6
1.2.5
1.2.4
1.2.3
1.2.2
1.2.1
1.2.0
1.1.40
1.1.39
1.1.38
1.1.37
1.1.36
1.1.35
1.1.34
1.1.33
1.1.32
1.1.31
1.1.30
1.1.29
1.1.28
1.1.27
1.1.26
1.1.25
1.1.24
1.1.23
1.1.22
1.1.21
1.1.20
1.1.19
1.1.18
1.1.17
1.1.16
1.1.15
1.1.14
1.1.13
1.1.12
1.1.11
1.1.10
1.1.9
1.1.8
1.1.7
1.1.6
1.1.5
1.1.4
1.1.3
1.1.2
1.1.1
1.1.0
1.0.99
1.0.98
1.0.97
1.0.96
1.0.95
1.0.94
1.0.93
1.0.92
1.0.91
1.0.90
1.0.89
1.0.88
1.0.87
1.0.86
1.0.85
1.0.84
1.0.83
1.0.82
1.0.81
1.0.80
1.0.79
1.0.78
1.0.77
1.0.76
1.0.75
1.0.74
1.0.73
1.0.72
1.0.71
1.0.70
1.0.69
1.0.68
1.0.67
1.0.66
1.0.65
1.0.64
1.0.63
1.0.62
1.0.61
1.0.60
1.0.59
1.0.58
1.0.57
1.0.56
1.0.55
1.0.54
1.0.53
1.0.52
1.0.51
1.0.50
1.0.49
1.0.48
1.0.47
1.0.46
1.0.45
1.0.44
1.0.43
1.0.42
1.0.41
1.0.40
1.0.39
1.0.38
1.0.37
1.0.36
1.0.35
1.0.34
1.0.33
1.0.32
1.0.31
1.0.30
1.0.29
1.0.28
1.0.27
1.0.26
1.0.25
1.0.24
1.0.23
1.0.22
1.0.21
1.0.20
1.0.19
1.0.18
1.0.17
1.0.16
1.0.15
1.0.14
1.0.13
1.0.12
1.0.11
1.0.10
1.0.9
1.0.8
1.0.7
1.0.6
1.0.5
1.0.4
1.0.3
1.0.2
1.0.1
1.0.0
0.9.99
0.9.98
0.9.97
0.9.96
0.9.95
0.9.94
0.9.93
0.9.92
0.9.91
0.9.90
0.9.89
0.9.88
0.9.87
0.9.86
0.9.85
0.9.84
0.9.83
0.9.82
0.9.81
0.9.80
0.9.79
0.9.78
0.9.77
0.9.76
0.9.75
0.9.74
0.9.73
0.9.72
0.9.71
0.9.70
0.9.61
0.9.60
0.9.59
0.9.58
0.9.57
0.9.56
0.9.55
0.9.54
0.9.53
0.9.52
0.9.51
0.9.50
0.9.49
0.9.48
0.9.47
0.9.46
0.9.45
0.9.44
0.9.43
0.9.42
0.9.41
0.9.40
0.9.39
0.9.38
0.9.37
0.9.36
0.9.35
0.9.34
0.9.33
0.9.32
0.9.31
0.9.30
0.9.29
0.9.28
0.9.27
0.9.26
0.9.25
0.9.24
0.9.23
0.9.22
0.9.21
0.9.20
0.9.19
0.9.18
0.9.17
0.9.16
0.9.14
0.9.13
0.9.12
0.9.11
0.9.10
0.9.9
0.9.8
0.9.7
0.9.6
0.9.5
0.9.4
0.9.3
0.9.2
0.9.1
0.9.0
Using 1.2.26
Use --version to specify a different version.
Using url https://pypi.python.org/packages/source/t/tiddlywebplugins.tiddlyspace/tiddlywebplugins.tiddlyspace-1.2.26.tar.gz (820 KB) for tiddlywebplugins.tiddlyspace.
Downloading tiddlywebplugins.tiddlyspace (use --no-download to skip this step)
Using cached download
Unpacking tiddlywebplugins.tiddlyspace...
done
working in /tmp/tmpR_kh9Aconda_skeleton_tiddlywebplugins.tiddlyspace-1.2.26.tar.gz
Fetching package metadata: ......
Solving package specifications: .patching file core.py
Hunk #1 succeeded at 168 with fuzz 2 (offset 2 lines).
Traceback (most recent call last):
  File "setup.py", line 10, in <module>
    from setuptools import setup, find_packages
ImportError: No module named setuptools

Applying patch: '/tmp/tmpR_kh9Aconda_skeleton_tiddlywebplugins.tiddlyspace-1.2.26.tar.gz/pypi-distutils.patch'
$PYTHONPATH = /tmp/tmpR_kh9Aconda_skeleton_tiddlywebplugins.tiddlyspace-1.2.26.tar.gz/tiddlywebplugins.tiddlyspace-1.2.26
Error: command failed: /home/ubuntu/miniconda/envs/_build/bin/python setup.py install
