Warning, the following versions were found for timeout-decorator
0.3.2
0.3.1
0.3.0
0.2.1
0.2.0
0.1.0
Using 0.3.2
Use --version to specify a different version.
Using url https://pypi.python.org/packages/source/t/timeout-decorator/timeout-decorator-0.3.2.tar.gz (4 KB) for timeout-decorator.
Downloading timeout-decorator (use --no-download to skip this step)
Using cached download
Unpacking timeout-decorator...
done
working in /tmp/tmpjV7Odfconda_skeleton_timeout-decorator-0.3.2.tar.gz
Fetching package metadata: ......
Solving package specifications: .patching file core.py
Hunk #1 succeeded at 168 with fuzz 2 (offset 2 lines).

The following NEW packages will be INSTALLED:

    numpy:  1.9.2-py27_0
    pyyaml: 3.11-py27_0 

Linking packages ...
[                    ]|                                                  |   0%[numpy               ]|                                                  |   0%[pyyaml              ]|#########################                         |  50%[      COMPLETE      ]|##################################################| 100%
Applying patch: '/tmp/tmpjV7Odfconda_skeleton_timeout-decorator-0.3.2.tar.gz/pypi-distutils.patch'
Writing recipe for timeout-decorator
Done
