Removing old build directory
Removing old work directory
BUILD START: timeout-decorator-0.3.2-py_0
Fetching package metadata: ......
Solving package specifications: .+ pip install timeout-decorator
Collecting timeout-decorator
  Downloading http://localhost/packages/source/t/timeout-decorator/timeout-decorator-0.3.2.tar.gz
setuptools must be installed to install from a source distribution

The following NEW packages will be INSTALLED:

    openssl:    1.0.1k-1     
    pip:        7.0.3-py27_0 
    python:     2.7.10-0     
    readline:   6.2-2        
    setuptools: 17.1.1-py27_0
    sqlite:     3.8.4.1-1    
    system:     5.8-2        
    tk:         8.5.18-0     
    zlib:       1.2.8-0      

Linking packages ...
[                    ]|                                                  |   0%[openssl             ]|                                                  |   0%[readline            ]|#####                                             |  11%[sqlite              ]|###########                                       |  22%[system              ]|################                                  |  33%[tk                  ]|######################                            |  44%[zlib                ]|###########################                       |  55%[python              ]|#################################                 |  66%[setuptools          ]|######################################            |  77%[pip                 ]|############################################      |  88%[      COMPLETE      ]|##################################################| 100%
Removing old work directory
Copying /home/ubuntu/pypi-conda-builds/timeout-decorator to /home/ubuntu/miniconda/conda-bld/work
Package: timeout-decorator-0.3.2-py_0
source tree in: /home/ubuntu/miniconda/conda-bld/work
Command failed: /bin/bash -x -e /home/ubuntu/pypi-conda-builds/timeout-decorator/build.sh
Package search: {'_pypi_ordering': False, 'version': '0.3.2', 'name': 'timeout-decorator', 'summary': 'Timeout decorator'}
Creating standard recipe for timeout-decorator-0.3.2
Converting recipe in /home/ubuntu/pypi-conda-builds/timeout-decorator
package = timeout-decorator
   dependencies = []
Building conda package for timeout-decorator
