Warning, the following versions were found for tl.eggdeps
0.4
0.3.2
0.3.1
0.3
0.2.2
0.2.1
0.2
0.1
Using 0.4
Use --version to specify a different version.
Using url https://pypi.python.org/packages/source/t/tl.eggdeps/tl.eggdeps-0.4.tar.gz (25 KB) for tl.eggdeps.
Downloading tl.eggdeps (use --no-download to skip this step)
Using cached download
Unpacking tl.eggdeps...
done
working in /tmp/tmpOd9EvTconda_skeleton_tl.eggdeps-0.4.tar.gz
Fetching package metadata: ......
Solving package specifications: .patching file core.py
Hunk #1 succeeded at 168 with fuzz 2 (offset 2 lines).
Traceback (most recent call last):
  File "setup.py", line 11, in <module>
    from setuptools import setup, find_packages
ImportError: No module named setuptools

Applying patch: '/tmp/tmpOd9EvTconda_skeleton_tl.eggdeps-0.4.tar.gz/pypi-distutils.patch'
$PYTHONPATH = /tmp/tmpOd9EvTconda_skeleton_tl.eggdeps-0.4.tar.gz/tl.eggdeps-0.4
Error: command failed: /home/ubuntu/miniconda/envs/_build/bin/python setup.py install
