Warning, the following versions were found for tlslite
0.4.8
0.4.7
0.4.6
0.4.5
0.4.4
0.4.3
0.4.2
0.4.1
0.4.0
0.3.8
Using 0.4.8
Use --version to specify a different version.
Using url https://pypi.python.org/packages/source/t/tlslite/tlslite-0.4.8.tar.gz (550 KB) for tlslite.
Downloading tlslite (use --no-download to skip this step)
Using cached download
Unpacking tlslite...
done
working in /tmp/tmp6Jzh6Aconda_skeleton_tlslite-0.4.8.tar.gz
Fetching package metadata: ......
Solving package specifications: .patching file core.py
Hunk #1 succeeded at 168 with fuzz 2 (offset 2 lines).

The following NEW packages will be INSTALLED:

    numpy:  1.9.2-py27_0
    pyyaml: 3.11-py27_0 

Linking packages ...
[                    ]|                                                  |   0%[numpy               ]|                                                  |   0%[pyyaml              ]|#########################                         |  50%[      COMPLETE      ]|##################################################| 100%
Applying patch: '/tmp/tmp6Jzh6Aconda_skeleton_tlslite-0.4.8.tar.gz/pypi-distutils.patch'
Writing recipe for tlslite
Done
