Warning, the following versions were found for tooz
0.15.0
0.14.0
0.13.2
0.13.1
0.13.0
0.12.1
0.12
0.11
0.10
0.9
0.8
0.7
0.6
0.5
0.4
0.3
0.2
0.1
Using 0.15.0
Use --version to specify a different version.
Using url https://pypi.python.org/packages/source/t/tooz/tooz-0.15.0.tar.gz (49 KB) for tooz.
Downloading tooz (use --no-download to skip this step)
Using cached download
Unpacking tooz...
done
working in /tmp/tmp97Zp1cconda_skeleton_tooz-0.15.0.tar.gz
Fetching package metadata: ......
Solving package specifications: .patching file core.py
Hunk #1 succeeded at 168 with fuzz 2 (offset 2 lines).
Traceback (most recent call last):
  File "setup.py", line 18, in <module>
    import setuptools
ImportError: No module named setuptools

Applying patch: '/tmp/tmp97Zp1cconda_skeleton_tooz-0.15.0.tar.gz/pypi-distutils.patch'
$PYTHONPATH = /tmp/tmp97Zp1cconda_skeleton_tooz-0.15.0.tar.gz/tooz-0.15.0
Error: command failed: /home/ubuntu/miniconda/envs/_build/bin/python setup.py install
