Warning, the following versions were found for tox
2.0.2
2.0.1
2.0.0
1.9.2
1.9.1
1.9.0
1.8.1
1.8.0
1.7.2
1.7.1
1.7.0
1.6.1
1.6.0
1.5.0
1.4.3
1.4.2
1.4.1
1.4
1.3
1.2
1.1
1.0
0.9
0.8
0.7
0.6
0.5
Using 2.0.2
Use --version to specify a different version.
Using url https://pypi.python.org/packages/source/t/tox/tox-2.0.2.tar.gz (100 KB) for tox.
Downloading tox (use --no-download to skip this step)
Using cached download
Unpacking tox...
done
working in /tmp/tmpZR8Jqgconda_skeleton_tox-2.0.2.tar.gz
Fetching package metadata: ......
Solving package specifications: .patching file core.py
Hunk #1 succeeded at 168 with fuzz 2 (offset 2 lines).
Traceback (most recent call last):
  File "setup.py", line 2, in <module>
    import setuptools
ImportError: No module named setuptools

Applying patch: '/tmp/tmpZR8Jqgconda_skeleton_tox-2.0.2.tar.gz/pypi-distutils.patch'
$PYTHONPATH = /tmp/tmpZR8Jqgconda_skeleton_tox-2.0.2.tar.gz/tox-2.0.2
Error: command failed: /home/ubuntu/miniconda/envs/_build/bin/python setup.py install
