Package search: {'_pypi_ordering': False, 'version': '2.0.2', 'name': 'tox', 'summary': 'virtualenv-based automation of test activities'}
Fetching package metadata: ....
Creating standard recipe for tox-2.0.2
Converting recipe in /home/ubuntu/pypi-conda-builds/tox
Traceback (most recent call last):
  File "/home/ubuntu/miniconda/bin/conda-pipbuild", line 6, in <module>
    exec(compile(open(__file__).read(), __file__, 'exec'))
  File "/home/ubuntu/conda-build/bin/conda-pipbuild", line 5, in <module>
    sys.exit(main())
  File "/home/ubuntu/conda-build/conda_build/main_pipbuild.py", line 75, in main
    args_func(args, p)
  File "/home/ubuntu/conda-build/conda_build/main_build.py", line 346, in args_func
    args.func(args, p)
  File "/home/ubuntu/conda-build/conda_build/main_pipbuild.py", line 361, in execute
    build_package(package, version)
  File "/home/ubuntu/conda-build/conda_build/main_pipbuild.py", line 303, in build_package
    dependencies = convert_recipe(directory, package)
  File "/home/ubuntu/conda-build/conda_build/main_pipbuild.py", line 180, in convert_recipe
    meta = yaml.load(fid)
  File "/home/ubuntu/miniconda/lib/python2.7/site-packages/yaml/__init__.py", line 71, in load
    return loader.get_single_data()
  File "/home/ubuntu/miniconda/lib/python2.7/site-packages/yaml/constructor.py", line 37, in get_single_data
    node = self.get_single_node()
  File "/home/ubuntu/miniconda/lib/python2.7/site-packages/yaml/composer.py", line 36, in get_single_node
    document = self.compose_document()
  File "/home/ubuntu/miniconda/lib/python2.7/site-packages/yaml/composer.py", line 55, in compose_document
    node = self.compose_node(None, None)
  File "/home/ubuntu/miniconda/lib/python2.7/site-packages/yaml/composer.py", line 84, in compose_node
    node = self.compose_mapping_node(anchor)
  File "/home/ubuntu/miniconda/lib/python2.7/site-packages/yaml/composer.py", line 133, in compose_mapping_node
    item_value = self.compose_node(node, item_key)
  File "/home/ubuntu/miniconda/lib/python2.7/site-packages/yaml/composer.py", line 84, in compose_node
    node = self.compose_mapping_node(anchor)
  File "/home/ubuntu/miniconda/lib/python2.7/site-packages/yaml/composer.py", line 133, in compose_mapping_node
    item_value = self.compose_node(node, item_key)
  File "/home/ubuntu/miniconda/lib/python2.7/site-packages/yaml/composer.py", line 82, in compose_node
    node = self.compose_sequence_node(anchor)
  File "/home/ubuntu/miniconda/lib/python2.7/site-packages/yaml/composer.py", line 110, in compose_sequence_node
    while not self.check_event(SequenceEndEvent):
  File "/home/ubuntu/miniconda/lib/python2.7/site-packages/yaml/parser.py", line 98, in check_event
    self.current_event = self.state()
  File "/home/ubuntu/miniconda/lib/python2.7/site-packages/yaml/parser.py", line 382, in parse_block_sequence_entry
    if self.check_token(BlockEntryToken):
  File "/home/ubuntu/miniconda/lib/python2.7/site-packages/yaml/scanner.py", line 115, in check_token
    while self.need_more_tokens():
  File "/home/ubuntu/miniconda/lib/python2.7/site-packages/yaml/scanner.py", line 149, in need_more_tokens
    self.stale_possible_simple_keys()
  File "/home/ubuntu/miniconda/lib/python2.7/site-packages/yaml/scanner.py", line 289, in stale_possible_simple_keys
    "could not found expected ':'", self.get_mark())
yaml.scanner.ScannerError: while scanning a simple key
  in "/home/ubuntu/pypi-conda-builds/tox/meta.yaml", line 24, column 1
could not found expected ':'
  in "/home/ubuntu/pypi-conda-builds/tox/meta.yaml", line 26, column 3
