Warning, the following versions were found for translationstring
1.3
1.2
1.1
1.0
0.4
0.3
0.2
0.1
Using 1.3
Use --version to specify a different version.
Using url https://pypi.python.org/packages/source/t/translationstring/translationstring-1.3.tar.gz (29 KB) for translationstring.
Downloading translationstring (use --no-download to skip this step)
Using cached download
Unpacking translationstring...
done
working in /tmp/tmpDWrahJconda_skeleton_translationstring-1.3.tar.gz
Fetching package metadata: ......
Solving package specifications: .patching file core.py
Hunk #1 succeeded at 168 with fuzz 2 (offset 2 lines).

Applying patch: '/tmp/tmpDWrahJconda_skeleton_translationstring-1.3.tar.gz/pypi-distutils.patch'
Writing recipe for translationstring
Done
