Warning, the following versions were found for transaction
1.4.4
1.4.3
1.4.1
1.4.0
1.4.0b1
1.3.0
1.2.0
1.1.1
1.1.0
1.0.1
1.0.0
1.0a1
Using 1.4.4
Use --version to specify a different version.
Using url https://pypi.python.org/packages/source/t/transaction/transaction-1.4.4.tar.gz (59 KB) for transaction.
Downloading transaction (use --no-download to skip this step)
Using cached download
Unpacking transaction...
done
working in /tmp/tmpES_Zh_conda_skeleton_transaction-1.4.4.tar.gz
Fetching package metadata: ......
Solving package specifications: .patching file core.py
Hunk #1 succeeded at 168 with fuzz 2 (offset 2 lines).
Traceback (most recent call last):
  File "setup.py", line 17, in <module>
    from setuptools import setup, find_packages
ImportError: No module named setuptools

Applying patch: '/tmp/tmpES_Zh_conda_skeleton_transaction-1.4.4.tar.gz/pypi-distutils.patch'
$PYTHONPATH = /tmp/tmpES_Zh_conda_skeleton_transaction-1.4.4.tar.gz/transaction-1.4.4
Error: command failed: /home/ubuntu/miniconda/envs/_build/bin/python setup.py install
