Warning, the following versions were found for treq
15.0.0
0.2.1
0.2.0
0.1.0
Using 15.0.0
Use --version to specify a different version.
Using url https://pypi.python.org/packages/source/t/treq/treq-15.0.0.tar.gz (31 KB) for treq.
Downloading treq (use --no-download to skip this step)
Using cached download
Unpacking treq...
done
working in /tmp/tmp5BkkUBconda_skeleton_treq-15.0.0.tar.gz
Fetching package metadata: ......
Solving package specifications: .patching file core.py
Hunk #1 succeeded at 168 with fuzz 2 (offset 2 lines).
Traceback (most recent call last):
  File "setup.py", line 1, in <module>
    from setuptools import find_packages, setup
ImportError: No module named setuptools

Applying patch: '/tmp/tmp5BkkUBconda_skeleton_treq-15.0.0.tar.gz/pypi-distutils.patch'
$PYTHONPATH = /tmp/tmp5BkkUBconda_skeleton_treq-15.0.0.tar.gz/treq-15.0.0
Error: command failed: /home/ubuntu/miniconda/envs/_build/bin/python setup.py install
