Removing old build directory
Removing old work directory
BUILD START: trisdb-py-0.1.2-py27_0
Fetching package metadata: ......
Solving package specifications: .+ /home/ubuntu/miniconda/envs/_build/bin/python setup.py install
/home/ubuntu/miniconda/envs/_build/lib/python2.7/distutils/dist.py:267: UserWarning: Unknown distribution option: 'install_requires'
  warnings.warn(msg)
running install
running build
running build_py
creating build
creating build/lib
copying trisdb.py -> build/lib
copying message_pb2.py -> build/lib
running install_lib
copying build/lib/message_pb2.py -> /home/ubuntu/miniconda/envs/_build/lib/python2.7/site-packages
copying build/lib/trisdb.py -> /home/ubuntu/miniconda/envs/_build/lib/python2.7/site-packages
byte-compiling /home/ubuntu/miniconda/envs/_build/lib/python2.7/site-packages/message_pb2.py to message_pb2.pyc
byte-compiling /home/ubuntu/miniconda/envs/_build/lib/python2.7/site-packages/trisdb.py to trisdb.pyc
running install_egg_info
Writing /home/ubuntu/miniconda/envs/_build/lib/python2.7/site-packages/trisdb_py-0.1.2-py2.7.egg-info

The following NEW packages will be INSTALLED:

    openssl:    1.0.1k-1      
    pip:        7.0.3-py27_0  
    protobuf:   3.0.0a3-py27_0
    python:     2.7.10-0      
    readline:   6.2-2         
    setuptools: 17.0-py27_0   
    sqlite:     3.8.4.1-1     
    system:     5.8-2         
    tk:         8.5.18-0      
    zlib:       1.2.8-0       

Linking packages ...
[                    ]|                                                  |   0%[openssl             ]|                                                  |   0%[readline            ]|#####                                             |  10%[sqlite              ]|##########                                        |  20%[system              ]|###############                                   |  30%[tk                  ]|####################                              |  40%[zlib                ]|#########################                         |  50%[python              ]|##############################                    |  60%[setuptools          ]|###################################               |  70%[pip                 ]|########################################          |  80%[protobuf            ]|#############################################     |  90%[      COMPLETE      ]|##################################################| 100%
Removing old work directory
Source cache directory is: /home/ubuntu/miniconda/conda-bld/src_cache
Found source in cache: trisdb-py-0.1.2.tar.gz
Extracting download
Package: trisdb-py-0.1.2-py27_0
source tree in: /home/ubuntu/miniconda/conda-bld/work/trisdb-py-0.1.2
number of files: 5
Fixing permissions
Fixing permissions
BUILD END: trisdb-py-0.1.2-py27_0
Nothing to test for: trisdb-py-0.1.2-py27_0
# If you want to upload this package to binstar.org later, type:
#
# $ binstar upload /home/ubuntu/miniconda/conda-bld/linux-64/trisdb-py-0.1.2-py27_0.tar.bz2
#
# To have conda build upload to binstar automatically, use
# $ conda config --set binstar_upload yes

