Package search: {'_pypi_ordering': False, 'version': '0.1.2', 'name': 'trisdb-py', 'summary': 'The Python interface to TrisDb'}
Fetching package metadata: ....
Removing old build directory
Removing old work directory
BUILD START: trisdb-py-0.1.2-py27_0
Fetching package metadata: ......
Solving package specifications: .................
Warning: 2 possible package resolutions (only showing differing packages):
	[u'protobuf-3.0.0a3-py_0.tar.bz2'],
	[u'protobuf-3.0.0a3-py27_0.tar.bz2'],
+ pip install trisdb-py
Collecting trisdb-py
  Downloading http://localhost/packages/source/t/trisdb-py/trisdb-py-0.1.2.tar.gz
Requirement already satisfied (use --upgrade to upgrade): protobuf in /home/ubuntu/miniconda/envs/_build/lib/python2.7/site-packages/protobuf-3.0.0a3-py2.7.egg (from trisdb-py)
Requirement already satisfied (use --upgrade to upgrade): setuptools in /home/ubuntu/miniconda/envs/_build/lib/python2.7/site-packages/setuptools-17.0-py2.7.egg (from protobuf->trisdb-py)
Installing collected packages: trisdb-py
  Running setup.py install for trisdb-py
Successfully installed trisdb-py-0.1.2

The following NEW packages will be INSTALLED:

    openssl:    1.0.1k-1    
    pip:        7.0.3-py27_0
    protobuf:   3.0.0a3-py_0
    python:     2.7.10-0    
    readline:   6.2-2       
    setuptools: 17.0-py27_0 
    sqlite:     3.8.4.1-1   
    system:     5.8-2       
    tk:         8.5.18-0    
    zlib:       1.2.8-0     

Linking packages ...
[                    ]|                                                  |   0%[openssl             ]|                                                  |   0%[readline            ]|#####                                             |  10%[sqlite              ]|##########                                        |  20%[system              ]|###############                                   |  30%[tk                  ]|####################                              |  40%[zlib                ]|#########################                         |  50%[python              ]|##############################                    |  60%[setuptools          ]|###################################               |  70%[pip                 ]|########################################          |  80%[protobuf            ]|#############################################     |  90%[      COMPLETE      ]|##################################################| 100%
Removing old work directory
Copying /home/ubuntu/pypi-conda-builds/trisdb-py to /home/ubuntu/miniconda/conda-bld/work
Package: trisdb-py-0.1.2-py27_0
source tree in: /home/ubuntu/miniconda/conda-bld/work
number of files: 10
Fixing permissions
Fixing permissions
BUILD END: trisdb-py-0.1.2-py27_0
# If you want to upload this package to binstar.org later, type:
#
# $ binstar upload /home/ubuntu/miniconda/conda-bld/linux-64/trisdb-py-0.1.2-py27_0.tar.bz2
#
# To have conda build upload to binstar automatically, use
# $ conda config --set binstar_upload yes

Creating standard recipe for trisdb-py-0.1.2
Converting recipe in /home/ubuntu/pypi-conda-builds/trisdb-py
package = trisdb-py
   dependencies = [u'protobuf']
Building conda package for trisdb-py
