Removing old build directory
Removing old work directory
BUILD START: trollius-1.0.4-py_0
Fetching package metadata: ......
Solving package specifications: .+ pip install trollius
Collecting trollius
  Downloading http://localhost/packages/2.7/t/trollius/trollius-1.0.4-py27-none-any.whl (107kB)
Collecting futures (from trollius)
  Downloading http://localhost/packages/py2/f/futures/futures-3.0.2-py2-none-any.whl
Installing collected packages: futures, trollius
Successfully installed futures-3.0.2 trollius-1.0.4

The following NEW packages will be INSTALLED:

    openssl:    1.0.1k-1     
    pip:        7.0.3-py27_0 
    python:     2.7.10-0     
    readline:   6.2-2        
    setuptools: 17.1.1-py27_0
    sqlite:     3.8.4.1-1    
    system:     5.8-2        
    tk:         8.5.18-0     
    zlib:       1.2.8-0      

Linking packages ...
[                    ]|                                                  |   0%[openssl             ]|                                                  |   0%[readline            ]|#####                                             |  11%[sqlite              ]|###########                                       |  22%[system              ]|################                                  |  33%[tk                  ]|######################                            |  44%[zlib                ]|###########################                       |  55%[python              ]|#################################                 |  66%[setuptools          ]|######################################            |  77%[pip                 ]|############################################      |  88%[      COMPLETE      ]|##################################################| 100%
Removing old work directory
Copying /home/ubuntu/pypi-conda-builds/trollius to /home/ubuntu/miniconda/conda-bld/work
Package: trollius-1.0.4-py_0
source tree in: /home/ubuntu/miniconda/conda-bld/work
number of files: 83
Fixing permissions
Fixing permissions
BUILD END: trollius-1.0.4-py_0
# If you want to upload this package to binstar.org later, type:
#
# $ binstar upload /home/ubuntu/miniconda/conda-bld/noarch/trollius-1.0.4-py_0.tar.bz2
#
# To have conda build upload to binstar automatically, use
# $ conda config --set binstar_upload yes

Package search: {'_pypi_ordering': False, 'version': '1.0.4', 'name': 'trollius', 'summary': 'Port of the Tulip project (asyncio module, PEP 3156) on Python 2'}
Creating standard recipe for trollius-1.0.4
Converting recipe in /home/ubuntu/pypi-conda-builds/trollius
package = trollius
   dependencies = []
Building conda package for trollius
