Warning, the following versions were found for trollius
1.0.4
1.0.3
1.0.2
1.0.1
1.0
0.4
0.3
0.2
0.1.6
0.1.5
0.1.4
0.1.3
0.1.2
0.1.1
0.1
Using 1.0.4
Use --version to specify a different version.
Using url https://pypi.python.org/packages/source/t/trollius/trollius-1.0.4.tar.gz (253 KB) for trollius.
Downloading trollius (use --no-download to skip this step)
Using cached download
Unpacking trollius...
done
working in /tmp/tmpGDW6CIconda_skeleton_trollius-1.0.4.tar.gz
Fetching package metadata: ......
Solving package specifications: .patching file core.py
Hunk #1 succeeded at 168 with fuzz 2 (offset 2 lines).

Applying patch: '/tmp/tmpGDW6CIconda_skeleton_trollius-1.0.4.tar.gz/pypi-distutils.patch'
Writing recipe for trollius
Done
