Warning, the following versions were found for tweepy
3.3.0
3.2.0
3.1.0
3.0
2.3.0
2.3
2.2
2.1
2.0
1.13
1.12
1.11
1.10
1.9
1.8
1.7.1
1.6
1.5
1.4
1.3
1.2
1.1
Using 3.3.0
Use --version to specify a different version.
Using url https://pypi.python.org/packages/source/t/tweepy/tweepy-3.3.0.tar.gz (23 KB) for tweepy.
Downloading tweepy (use --no-download to skip this step)
Using cached download
Unpacking tweepy...
done
working in /tmp/tmpqLjQ1Fconda_skeleton_tweepy-3.3.0.tar.gz
Fetching package metadata: ......
Solving package specifications: .patching file core.py
Hunk #1 succeeded at 168 with fuzz 2 (offset 2 lines).

The following NEW packages will be INSTALLED:

    numpy:  1.9.2-py27_0
    pyyaml: 3.11-py27_0 

Linking packages ...
[                    ]|                                                  |   0%[numpy               ]|                                                  |   0%[pyyaml              ]|#########################                         |  50%[      COMPLETE      ]|##################################################| 100%
Applying patch: '/tmp/tmpqLjQ1Fconda_skeleton_tweepy-3.3.0.tar.gz/pypi-distutils.patch'
Warning, the following versions were found for requests-oauthlib
0.5.0
0.4.2
0.4.1
0.4.0
0.3.3
0.3.2
0.3.1
0.3.0
0.2.0
Using 0.5.0
Use --version to specify a different version.
Using url https://pypi.python.org/packages/source/r/requests-oauthlib/requests-oauthlib-0.5.0.tar.gz (53 KB) for requests-oauthlib.
Downloading requests-oauthlib (use --no-download to skip this step)
Using cached download
Unpacking requests-oauthlib...
done
working in /tmp/tmpHOVS8Qconda_skeleton_requests-oauthlib-0.5.0.tar.gz
Solving package specifications: .patching file core.py
Hunk #1 succeeded at 168 with fuzz 2 (offset 2 lines).

Applying patch: '/tmp/tmpHOVS8Qconda_skeleton_requests-oauthlib-0.5.0.tar.gz/pypi-distutils.patch'
Error: Could not find any versions of package oauthlib[rsa]
