Removing old build directory
Removing old work directory
BUILD START: twiceredis-1.0.0-py27_0
Fetching package metadata: ......
Solving package specifications: .+ /home/ubuntu/miniconda/envs/_build/bin/python setup.py install
['twiceredis']
running install
running bdist_egg
running egg_info
writing requirements to twiceredis.egg-info/requires.txt
writing twiceredis.egg-info/PKG-INFO
writing top-level names to twiceredis.egg-info/top_level.txt
writing dependency_links to twiceredis.egg-info/dependency_links.txt
reading manifest file 'twiceredis.egg-info/SOURCES.txt'
reading manifest template 'MANIFEST.in'
writing manifest file 'twiceredis.egg-info/SOURCES.txt'
installing library code to build/bdist.linux-x86_64/egg
running install_lib
running build_py
creating build
creating build/lib
creating build/lib/twiceredis
copying twiceredis/client.py -> build/lib/twiceredis
copying twiceredis/__init__.py -> build/lib/twiceredis
creating build/bdist.linux-x86_64
creating build/bdist.linux-x86_64/egg
creating build/bdist.linux-x86_64/egg/twiceredis
copying build/lib/twiceredis/client.py -> build/bdist.linux-x86_64/egg/twiceredis
copying build/lib/twiceredis/__init__.py -> build/bdist.linux-x86_64/egg/twiceredis
byte-compiling build/bdist.linux-x86_64/egg/twiceredis/client.py to client.pyc
byte-compiling build/bdist.linux-x86_64/egg/twiceredis/__init__.py to __init__.pyc
creating build/bdist.linux-x86_64/egg/EGG-INFO
copying twiceredis.egg-info/PKG-INFO -> build/bdist.linux-x86_64/egg/EGG-INFO
copying twiceredis.egg-info/SOURCES.txt -> build/bdist.linux-x86_64/egg/EGG-INFO
copying twiceredis.egg-info/dependency_links.txt -> build/bdist.linux-x86_64/egg/EGG-INFO
copying twiceredis.egg-info/requires.txt -> build/bdist.linux-x86_64/egg/EGG-INFO
copying twiceredis.egg-info/top_level.txt -> build/bdist.linux-x86_64/egg/EGG-INFO
zip_safe flag not set; analyzing archive contents...
creating dist
creating 'dist/twiceredis-1.0.0-py2.7.egg' and adding 'build/bdist.linux-x86_64/egg' to it
removing 'build/bdist.linux-x86_64/egg' (and everything under it)
Processing twiceredis-1.0.0-py2.7.egg
Copying twiceredis-1.0.0-py2.7.egg to /home/ubuntu/miniconda/envs/_build/lib/python2.7/site-packages
Adding twiceredis 1.0.0 to easy-install.pth file

Installed /home/ubuntu/miniconda/envs/_build/lib/python2.7/site-packages/twiceredis-1.0.0-py2.7.egg
Processing dependencies for twiceredis==1.0.0
Searching for redis
Traceback (most recent call last):
  File "setup.py", line 38, in <module>
    url='https://github.com/tr3buchet/twiceredis')
  File "/home/ubuntu/miniconda/envs/_build/lib/python2.7/distutils/core.py", line 151, in setup
    dist.run_commands()
  File "/home/ubuntu/miniconda/envs/_build/lib/python2.7/distutils/dist.py", line 953, in run_commands
    self.run_command(cmd)
  File "/home/ubuntu/miniconda/envs/_build/lib/python2.7/distutils/dist.py", line 972, in run_command
    cmd_obj.run()
  File "/home/ubuntu/miniconda/envs/_build/lib/python2.7/site-packages/setuptools-17.0-py2.7.egg/setuptools/command/install.py", line 67, in run
  File "/home/ubuntu/miniconda/envs/_build/lib/python2.7/site-packages/setuptools-17.0-py2.7.egg/setuptools/command/install.py", line 117, in do_egg_install
  File "/home/ubuntu/miniconda/envs/_build/lib/python2.7/site-packages/setuptools-17.0-py2.7.egg/setuptools/command/easy_install.py", line 380, in run
  File "/home/ubuntu/miniconda/envs/_build/lib/python2.7/site-packages/setuptools-17.0-py2.7.egg/setuptools/command/easy_install.py", line 610, in easy_install
  File "/home/ubuntu/miniconda/envs/_build/lib/python2.7/site-packages/setuptools-17.0-py2.7.egg/setuptools/command/easy_install.py", line 661, in install_item
  File "/home/ubuntu/miniconda/envs/_build/lib/python2.7/site-packages/setuptools-17.0-py2.7.egg/setuptools/command/easy_install.py", line 709, in process_distribution
  File "/home/ubuntu/miniconda/envs/_build/lib/python2.7/site-packages/setuptools-17.0-py2.7.egg/pkg_resources/__init__.py", line 830, in resolve
  File "/home/ubuntu/miniconda/envs/_build/lib/python2.7/site-packages/setuptools-17.0-py2.7.egg/pkg_resources/__init__.py", line 1075, in best_match
  File "/home/ubuntu/miniconda/envs/_build/lib/python2.7/site-packages/setuptools-17.0-py2.7.egg/pkg_resources/__init__.py", line 1087, in obtain
  File "/home/ubuntu/miniconda/envs/_build/lib/python2.7/site-packages/setuptools-17.0-py2.7.egg/setuptools/command/easy_install.py", line 617, in easy_install
  File "/home/ubuntu/miniconda/envs/_build/lib/python2.7/site-packages/setuptools-17.0-py2.7.egg/setuptools/package_index.py", line 594, in fetch_distribution
  File "/home/ubuntu/miniconda/envs/_build/lib/python2.7/site-packages/setuptools-17.0-py2.7.egg/setuptools/package_index.py", line 431, in find_packages
  File "/home/ubuntu/miniconda/envs/_build/lib/python2.7/site-packages/setuptools-17.0-py2.7.egg/setuptools/package_index.py", line 765, in scan_url
  File "/home/ubuntu/miniconda/envs/_build/lib/python2.7/site-packages/setuptools-17.0-py2.7.egg/setuptools/package_index.py", line 283, in process_url
RuntimeError: Setuptools downloading is disabled in conda build. Be sure to add all dependencies in the meta.yaml  url=https://pypi.python.org/simple/redis/r

The following NEW packages will be INSTALLED:

    openssl:    1.0.1k-1    
    pip:        7.0.1-py27_0
    python:     2.7.10-0    
    readline:   6.2-2       
    redis:      2.6.9-0     
    setuptools: 17.0-py27_0 
    sqlite:     3.8.4.1-1   
    system:     5.8-2       
    tk:         8.5.18-0    
    zlib:       1.2.8-0     

Linking packages ...
[                    ]|                                                  |   0%[openssl             ]|                                                  |   0%[readline            ]|#####                                             |  10%[redis               ]|##########                                        |  20%[sqlite              ]|###############                                   |  30%[system              ]|####################                              |  40%[tk                  ]|#########################                         |  50%[zlib                ]|##############################                    |  60%[python              ]|###################################               |  70%[setuptools          ]|########################################          |  80%[pip                 ]|#############################################     |  90%[      COMPLETE      ]|##################################################| 100%
Removing old work directory
Source cache directory is: /home/ubuntu/miniconda/conda-bld/src_cache
Found source in cache: twiceredis-1.0.0.tar.gz
Extracting download
Package: twiceredis-1.0.0-py27_0
source tree in: /home/ubuntu/miniconda/conda-bld/work/twiceredis-1.0.0
Command failed: /bin/bash -x -e /home/ubuntu/pypi-conda-builds/recipes/twiceredis/build.sh
