Warning, the following versions were found for twilio
4.4.0
4.3.0
4.2.0
4.1.0
4.0.0
3.8.0
3.7.3
3.7.2
3.7.1
3.7.0
3.6.15
3.6.14
3.6.13
3.6.12
3.6.11
3.6.10
3.6.9
3.6.8
3.6.7
3.6.6
3.6.5
3.6.4
3.6.3
3.6.2
3.6.1
3.6.0
3.5.4
3.5.4-rc1
3.5.3
3.5.2
3.5.1
3.5.0
3.4.5
3.4.4
3.4.3
3.4.2
3.4.1
3.4.0
3.3.11
3.3.10
3.3.9
3.3.7
3.3.6
3.3.5
3.3.3
3.3.2
3.3.1
3.3.0
3.2.3
3.2.2
3.2.1
3.2.0
3.1.0
3.0.2
3.0.1
3.0.0
2.0.10
2.0.9
2.0.6
2.0.1
Using 4.4.0
Use --version to specify a different version.
Using url https://pypi.python.org/packages/source/t/twilio/twilio-4.4.0.tar.gz (177 KB) for twilio.
Downloading twilio (use --no-download to skip this step)
Using cached download
Unpacking twilio...
done
working in /tmp/tmp6x2z1Bconda_skeleton_twilio-4.4.0.tar.gz
Fetching package metadata: ......
Solving package specifications: .patching file core.py
Hunk #1 succeeded at 168 with fuzz 2 (offset 2 lines).

Applying patch: '/tmp/tmp6x2z1Bconda_skeleton_twilio-4.4.0.tar.gz/pypi-distutils.patch'
Writing recipe for twilio
Done
