Package search: {'_pypi_ordering': False, 'version': '15.2.1', 'name': 'Twisted', 'summary': 'Twisted is an event-driven networking engine for Python.'}
Fetching package metadata: ....
Removing old build directory
Removing old work directory
BUILD START: twisted-15.2.1-py27_0
Fetching package metadata: ......
Solving package specifications: .+ pip install Twisted
Collecting Twisted
  Downloading http://localhost/packages/source/T/Twisted/Twisted-15.1.0.tar.bz2 (4.5MB)
Requirement already satisfied (use --upgrade to upgrade): zope.interface>=3.6.0 in /home/ubuntu/miniconda/envs/_build/lib/python2.7/site-packages (from Twisted)
Installing collected packages: Twisted
  Running setup.py install for Twisted
Successfully installed Twisted-15.1.0

The following NEW packages will be INSTALLED:

    openssl:        1.0.1k-1    
    pip:            7.0.3-py27_0
    python:         2.7.10-0    
    readline:       6.2-2       
    setuptools:     17.0-py27_0 
    sqlite:         3.8.4.1-1   
    system:         5.8-2       
    tk:             8.5.18-0    
    zlib:           1.2.8-0     
    zope.interface: 4.1.2-py27_0

Linking packages ...
[                    ]|                                                  |   0%[openssl             ]|                                                  |   0%[readline            ]|#####                                             |  10%[sqlite              ]|##########                                        |  20%[system              ]|###############                                   |  30%[tk                  ]|####################                              |  40%[zlib                ]|#########################                         |  50%[python              ]|##############################                    |  60%[setuptools          ]|###################################               |  70%[zope.interface      ]|########################################          |  80%[pip                 ]|#############################################     |  90%[      COMPLETE      ]|##################################################| 100%
Removing old work directory
Copying /home/ubuntu/pypi-conda-builds/twisted to /home/ubuntu/miniconda/conda-bld/work
Package: twisted-15.2.1-py27_0
source tree in: /home/ubuntu/miniconda/conda-bld/work
number of files: 1752
Fixing permissions
patchelf: file: /home/ubuntu/miniconda/envs/_build/lib/python2.7/site-packages/twisted/python/sendmsg.so
    setting rpath to: $ORIGIN/../../../..
patchelf: file: /home/ubuntu/miniconda/envs/_build/lib/python2.7/site-packages/twisted/runner/portmap.so
    setting rpath to: $ORIGIN/../../../..
patchelf: file: /home/ubuntu/miniconda/envs/_build/lib/python2.7/site-packages/twisted/test/raiser.so
    setting rpath to: $ORIGIN/../../../..
Ignored hard-coded path in lib/python2.7/site-packages/twisted/python/sendmsg.so
Ignored hard-coded path in lib/python2.7/site-packages/twisted/runner/portmap.so
Ignored hard-coded path in lib/python2.7/site-packages/twisted/test/raiser.so
Detected hard-coded path in text file bin/cftp
Detected hard-coded path in text file bin/ckeygen
Detected hard-coded path in text file bin/conch
Detected hard-coded path in text file bin/lore
Detected hard-coded path in text file bin/mailmail
Detected hard-coded path in text file bin/manhole
Detected hard-coded path in text file bin/pyhtmlizer
Detected hard-coded path in text file bin/tap2deb
Detected hard-coded path in text file bin/tap2rpm
Detected hard-coded path in text file bin/tapconvert
Detected hard-coded path in text file bin/tkconch
Detected hard-coded path in text file bin/trial
Detected hard-coded path in text file bin/twistd
Fixing permissions
BUILD END: twisted-15.2.1-py27_0
# If you want to upload this package to binstar.org later, type:
#
# $ binstar upload /home/ubuntu/miniconda/conda-bld/linux-64/twisted-15.2.1-py27_0.tar.bz2
#
# To have conda build upload to binstar automatically, use
# $ conda config --set binstar_upload yes

Creating standard recipe for twisted-15.2.1
Converting recipe in /home/ubuntu/pypi-conda-builds/twisted
package = Twisted
   dependencies = [u'zope.interface >=3.6.0']
Building conda package for twisted
