Warning, the following versions were found for twitter.common.threading
0.3.3
0.3.2
0.3.1
0.3.0
0.1.0
Using 0.3.3
Use --version to specify a different version.
Using url https://pypi.python.org/packages/source/t/twitter.common.threading/twitter.common.threading-0.3.3.tar.gz (2 KB) for twitter.common.threading.
Downloading twitter.common.threading (use --no-download to skip this step)
Using cached download
Unpacking twitter.common.threading...
done
working in /tmp/tmpERKgmEconda_skeleton_twitter.common.threading-0.3.3.tar.gz
Fetching package metadata: ......
Solving package specifications: .patching file core.py
Hunk #1 succeeded at 168 with fuzz 2 (offset 2 lines).
Traceback (most recent call last):
  File "setup.py", line 5, in <module>
    from setuptools import setup
ImportError: No module named setuptools

Applying patch: '/tmp/tmpERKgmEconda_skeleton_twitter.common.threading-0.3.3.tar.gz/pypi-distutils.patch'
$PYTHONPATH = /tmp/tmpERKgmEconda_skeleton_twitter.common.threading-0.3.3.tar.gz/twitter.common.threading-0.3.3
Error: command failed: /home/ubuntu/miniconda/envs/_build/bin/python setup.py install
