Warning, the following versions were found for twitter.common.util
0.3.3
0.3.2
0.3.1
0.3.0
0.1.3
0.1.2
0.1.1
0.1.0
Using 0.3.3
Use --version to specify a different version.
Using url https://pypi.python.org/packages/source/t/twitter.common.util/twitter.common.util-0.3.3.tar.gz (4 KB) for twitter.common.util.
Downloading twitter.common.util (use --no-download to skip this step)
Using cached download
Unpacking twitter.common.util...
done
working in /tmp/tmpHa48EDconda_skeleton_twitter.common.util-0.3.3.tar.gz
Fetching package metadata: ......
Solving package specifications: .patching file core.py
Hunk #1 succeeded at 168 with fuzz 2 (offset 2 lines).

Applying patch: '/tmp/tmpHa48EDconda_skeleton_twitter.common.util-0.3.3.tar.gz/pypi-distutils.patch'
Warning, the following versions were found for twitter.common.contextutil
0.3.3
0.3.2
0.3.1
0.3.0
0.1.3
0.1.2
0.1.1
0.1.0
Using 0.3.3
Use --version to specify a different version.
Using url https://pypi.python.org/packages/source/t/twitter.common.contextutil/twitter.common.contextutil-0.3.3.tar.gz (3 KB) for twitter.common.contextutil.
Downloading twitter.common.contextutil (use --no-download to skip this step)
Using cached download
Unpacking twitter.common.contextutil...
done
working in /tmp/tmpwabolhconda_skeleton_twitter.common.contextutil-0.3.3.tar.gz
Solving package specifications: .patching file core.py
Hunk #1 succeeded at 168 with fuzz 2 (offset 2 lines).

Applying patch: '/tmp/tmpwabolhconda_skeleton_twitter.common.contextutil-0.3.3.tar.gz/pypi-distutils.patch'
Warning, the following versions were found for twitter.common.dirutil
0.3.3
0.3.2
0.3.1
0.3.0
0.1.3
0.1.2
0.1.1
0.1.0
Using 0.3.3
Use --version to specify a different version.
Using url https://pypi.python.org/packages/source/t/twitter.common.dirutil/twitter.common.dirutil-0.3.3.tar.gz (9 KB) for twitter.common.dirutil.
Downloading twitter.common.dirutil (use --no-download to skip this step)
Using cached download
Unpacking twitter.common.dirutil...
done
working in /tmp/tmpQn1Oc7conda_skeleton_twitter.common.dirutil-0.3.3.tar.gz
Solving package specifications: .patching file core.py
Hunk #1 succeeded at 168 with fuzz 2 (offset 2 lines).

Applying patch: '/tmp/tmpQn1Oc7conda_skeleton_twitter.common.dirutil-0.3.3.tar.gz/pypi-distutils.patch'
Writing recipe for twitter.common.util
Writing recipe for twitter.common.contextutil
Writing recipe for twitter.common.dirutil
Done
