Warning, the following versions were found for twitter.common.collections
0.3.3
0.3.2
0.3.1
0.3.0
0.1.3
0.1.2
0.1.1
0.1.0
Using 0.3.3
Use --version to specify a different version.
Using url https://pypi.python.org/packages/source/t/twitter.common.collections/twitter.common.collections-0.3.3.tar.gz (7 KB) for twitter.common.collections.
Downloading twitter.common.collections (use --no-download to skip this step)
Using cached download
Unpacking twitter.common.collections...
done
working in /tmp/tmpo7UWWCconda_skeleton_twitter.common.collections-0.3.3.tar.gz
Fetching package metadata: ......
Solving package specifications: .patching file core.py
Hunk #1 succeeded at 168 with fuzz 2 (offset 2 lines).

Applying patch: '/tmp/tmpo7UWWCconda_skeleton_twitter.common.collections-0.3.3.tar.gz/pypi-distutils.patch'
Warning, the following versions were found for twitter.common.lang
0.3.3
0.3.2
0.3.1
0.3.0
0.1.3
0.1.2
0.1.1
0.1.0
Using 0.3.3
Use --version to specify a different version.
Using url https://pypi.python.org/packages/source/t/twitter.common.lang/twitter.common.lang-0.3.3.tar.gz (3 KB) for twitter.common.lang.
Downloading twitter.common.lang (use --no-download to skip this step)
Using cached download
Unpacking twitter.common.lang...
done
working in /tmp/tmpRyOQraconda_skeleton_twitter.common.lang-0.3.3.tar.gz
Solving package specifications: .patching file core.py
Hunk #1 succeeded at 168 with fuzz 2 (offset 2 lines).

Applying patch: '/tmp/tmpRyOQraconda_skeleton_twitter.common.lang-0.3.3.tar.gz/pypi-distutils.patch'
Writing recipe for twitter.common.collections
Writing recipe for twitter.common.lang
Done
