Warning, the following versions were found for tzlocal
1.2
1.1.3
1.1.2
1.1.1
1.1
1.0
0.3
0.2
0.1
Using 1.2
Use --version to specify a different version.
Using url https://pypi.python.org/packages/source/t/tzlocal/tzlocal-1.2.tar.gz (16 KB) for tzlocal.
Downloading tzlocal (use --no-download to skip this step)
Unpacking tzlocal...
done
working in /tmp/tmpkmqBjTconda_skeleton_tzlocal-1.2.tar.gz
Fetching package metadata: ......
Solving package specifications: .patching file core.py
Hunk #1 succeeded at 168 with fuzz 2 (offset 2 lines).
Traceback (most recent call last):
  File "setup.py", line 1, in <module>
    from setuptools import setup, find_packages
ImportError: No module named setuptools

The following NEW packages will be INSTALLED:

    numpy:  1.9.2-py27_0
    pyyaml: 3.11-py27_0 

Linking packages ...
[                    ]|                                                  |   0%[numpy               ]|                                                  |   0%[pyyaml              ]|#########################                         |  50%[      COMPLETE      ]|##################################################| 100%
Applying patch: '/tmp/tmpkmqBjTconda_skeleton_tzlocal-1.2.tar.gz/pypi-distutils.patch'
$PYTHONPATH = /tmp/tmpkmqBjTconda_skeleton_tzlocal-1.2.tar.gz/tzlocal-1.2
Error: command failed: /home/ubuntu/miniconda/envs/_build/bin/python setup.py install
