Warning, the following versions were found for ucloudclient
0.2.0
0.1.9
0.1.8
0.1.6
0.1.5
0.1.4
0.1.3
0.1.2
0.1.1
0.1
Using 0.2.0
Use --version to specify a different version.
Using url https://pypi.python.org/packages/source/u/ucloudclient/ucloudclient-0.2.0.tar.gz (21 KB) for ucloudclient.
Downloading ucloudclient (use --no-download to skip this step)
Using cached download
Unpacking ucloudclient...
done
working in /tmp/tmp4eDfwZconda_skeleton_ucloudclient-0.2.0.tar.gz
Fetching package metadata: ......
Solving package specifications: .patching file core.py
Hunk #1 succeeded at 168 with fuzz 2 (offset 2 lines).

Applying patch: '/tmp/tmp4eDfwZconda_skeleton_ucloudclient-0.2.0.tar.gz/pypi-distutils.patch'
Writing recipe for ucloudclient
Done
