unidecode not found, trying Unidecode
0
Warning, the following versions were found for Unidecode
0.04.17
0.04.16
0.04.14
0.04.13
0.04.12
0.04.11
0.04.10
0.04.9
0.04.8
0.04.7
0.04.6
0.04.1
Using 0.04.17
Use --version to specify a different version.
Using url https://pypi.python.org/packages/source/U/Unidecode/Unidecode-0.04.17.tar.gz (196 KB) for Unidecode.
Downloading Unidecode (use --no-download to skip this step)
Using cached download
Unpacking Unidecode...
done
working in /tmp/tmpI5k4ntconda_skeleton_Unidecode-0.04.17.tar.gz
Fetching package metadata: ......
Solving package specifications: .patching file core.py
Hunk #1 succeeded at 168 with fuzz 2 (offset 2 lines).

The following NEW packages will be INSTALLED:

    numpy:  1.9.2-py27_0
    pyyaml: 3.11-py27_0 
    yaml:   0.1.4-0     

Linking packages ...
[                    ]|                                                  |   0%[yaml                ]|                                                  |   0%[numpy               ]|################                                  |  33%[pyyaml              ]|#################################                 |  66%[      COMPLETE      ]|##################################################| 100%
Applying patch: '/tmp/tmpI5k4ntconda_skeleton_Unidecode-0.04.17.tar.gz/pypi-distutils.patch'
Writing recipe for unidecode
Done
