Warning, the following versions were found for Unipath
1.1
1.0
0.2.1
Using 1.1
Use --version to specify a different version.
Using url https://pypi.python.org/packages/source/U/Unipath/Unipath-1.1.tar.gz (30 KB) for Unipath.
Downloading Unipath (use --no-download to skip this step)
Using cached download
Unpacking Unipath...
done
working in /tmp/tmpXjQbzhconda_skeleton_Unipath-1.1.tar.gz
Fetching package metadata: ......
Solving package specifications: .patching file core.py
Hunk #1 succeeded at 168 with fuzz 2 (offset 2 lines).
Traceback (most recent call last):
  File "setup.py", line 1, in <module>
    from setuptools import setup, find_packages
ImportError: No module named setuptools

Applying patch: '/tmp/tmpXjQbzhconda_skeleton_Unipath-1.1.tar.gz/pypi-distutils.patch'
$PYTHONPATH = /tmp/tmpXjQbzhconda_skeleton_Unipath-1.1.tar.gz/Unipath-1.1
Error: command failed: /home/ubuntu/miniconda/envs/_build/bin/python setup.py install
