Warning, the following versions were found for urllib3
1.10.4
1.10.3
1.10.2
1.10.1
1.10
1.9.1
1.9
1.8.3
1.8.2
1.8
1.7.1
1.7
1.6
1.5
1.4
1.3
1.2.2
1.2.1
1.2
1.1
1.0.2
1.0.1
1.0
0.4.1
0.4.0
0.3.1
0.3
0.2
Using 1.10.4
Use --version to specify a different version.
Using url https://pypi.python.org/packages/source/u/urllib3/urllib3-1.10.4.tar.gz (135 KB) for urllib3.
Downloading urllib3 (use --no-download to skip this step)
Using cached download
Unpacking urllib3...
done
working in /tmp/tmpuoGqpuconda_skeleton_urllib3-1.10.4.tar.gz
Fetching package metadata: ......
Solving package specifications: .patching file core.py
Hunk #1 succeeded at 168 with fuzz 2 (offset 2 lines).

Applying patch: '/tmp/tmpuoGqpuconda_skeleton_urllib3-1.10.4.tar.gz/pypi-distutils.patch'
Writing recipe for urllib3
Done
