Removing old build directory
Removing old work directory
BUILD START: urllib3-1.10.4-py_0
Fetching package metadata: ......
Solving package specifications: .+ pip install urllib3
Collecting urllib3
  Downloading http://localhost/packages/py2/u/urllib3/urllib3-1.10.4-py2-none-any.whl (79kB)
Installing collected packages: urllib3
Successfully installed urllib3-1.10.4

The following NEW packages will be INSTALLED:

    openssl:    1.0.1k-1     
    pip:        7.0.3-py27_0 
    python:     2.7.10-0     
    readline:   6.2-2        
    setuptools: 17.1.1-py27_0
    sqlite:     3.8.4.1-1    
    system:     5.8-2        
    tk:         8.5.18-0     
    zlib:       1.2.8-0      

Linking packages ...
[                    ]|                                                  |   0%[openssl             ]|                                                  |   0%[readline            ]|#####                                             |  11%[sqlite              ]|###########                                       |  22%[system              ]|################                                  |  33%[tk                  ]|######################                            |  44%[zlib                ]|###########################                       |  55%[python              ]|#################################                 |  66%[setuptools          ]|######################################            |  77%[pip                 ]|############################################      |  88%[      COMPLETE      ]|##################################################| 100%
Removing old work directory
Copying /home/ubuntu/pypi-conda-builds/urllib3 to /home/ubuntu/miniconda/conda-bld/work
Package: urllib3-1.10.4-py_0
source tree in: /home/ubuntu/miniconda/conda-bld/work
number of files: 58
Fixing permissions
Fixing permissions
BUILD END: urllib3-1.10.4-py_0
# If you want to upload this package to binstar.org later, type:
#
# $ binstar upload /home/ubuntu/miniconda/conda-bld/noarch/urllib3-1.10.4-py_0.tar.bz2
#
# To have conda build upload to binstar automatically, use
# $ conda config --set binstar_upload yes

Package search: {'_pypi_ordering': False, 'version': '1.10.4', 'name': 'urllib3', 'summary': 'HTTP library with thread-safe connection pooling, file post, and more.'}
Creating standard recipe for urllib3-1.10.4
Converting recipe in /home/ubuntu/pypi-conda-builds/urllib3
package = urllib3
   dependencies = []
Building conda package for urllib3
