Removing old build directory
Removing old work directory
BUILD START: uwsgi-2.0.10-py27_0
Fetching package metadata: ......
Solving package specifications: .+ /home/ubuntu/miniconda/envs/_build/bin/python setup.py install
running install
using profile: buildconf/default.ini
detected include path: ['/usr/lib/gcc/x86_64-linux-gnu/4.8/include', '/usr/local/include', '/usr/lib/gcc/x86_64-linux-gnu/4.8/include-fixed', '/usr/include/x86_64-linux-gnu', '/usr/include']
Patching "bin_name" to properly install_scripts dir
detected CPU cores: 1
configured CFLAGS: -O2 -I. -Wall -Werror -D_LARGEFILE_SOURCE -D_FILE_OFFSET_BITS=64 -fno-strict-aliasing -Wextra -Wno-unused-parameter -Wno-missing-field-initializers -Wno-format -Wno-format-security -DUWSGI_HAS_IFADDRS -DUWSGI_LOCK_USE_MUTEX -DUWSGI_EVENT_USE_EPOLL -DUWSGI_EVENT_TIMER_USE_TIMERFD -DUWSGI_EVENT_FILEMONITOR_USE_INOTIFY -DUWSGI_VERSION="\"2.0.10\"" -DUWSGI_VERSION_BASE="2" -DUWSGI_VERSION_MAJOR="0" -DUWSGI_VERSION_MINOR="10" -DUWSGI_VERSION_REVISION="0" -DUWSGI_VERSION_CUSTOM="\"\"" -DUWSGI_YAML -I/home/ubuntu/miniconda/include/libxml2 -DUWSGI_XML -DUWSGI_XML_LIBXML2 -DUWSGI_PLUGIN_DIR="\".\"" -DUWSGI_DECLARE_EMBEDDED_PLUGINS="UDEP(python);UDEP(gevent);UDEP(ping);UDEP(cache);UDEP(nagios);UDEP(rrdtool);UDEP(carbon);UDEP(rpc);UDEP(corerouter);UDEP(fastrouter);UDEP(http);UDEP(ugreen);UDEP(signal);UDEP(syslog);UDEP(rsyslog);UDEP(logsocket);UDEP(router_uwsgi);UDEP(router_redirect);UDEP(router_basicauth);UDEP(zergpool);UDEP(redislog);UDEP(mongodblog);UDEP(router_rewrite);UDEP(router_http);UDEP(logfile);UDEP(router_cache);UDEP(rawrouter);UDEP(router_static);UDEP(sslrouter);UDEP(spooler);UDEP(cheaper_busyness);UDEP(symcall);UDEP(transformation_tofile);UDEP(transformation_gzip);UDEP(transformation_chunked);UDEP(transformation_offload);UDEP(router_memcached);UDEP(router_redis);UDEP(router_hash);UDEP(router_expires);UDEP(router_metrics);UDEP(transformation_template);UDEP(stats_pusher_socket);" -DUWSGI_LOAD_EMBEDDED_PLUGINS="ULEP(python);ULEP(gevent);ULEP(ping);ULEP(cache);ULEP(nagios);ULEP(rrdtool);ULEP(carbon);ULEP(rpc);ULEP(corerouter);ULEP(fastrouter);ULEP(http);ULEP(ugreen);ULEP(signal);ULEP(syslog);ULEP(rsyslog);ULEP(logsocket);ULEP(router_uwsgi);ULEP(router_redirect);ULEP(router_basicauth);ULEP(zergpool);ULEP(redislog);ULEP(mongodblog);ULEP(router_rewrite);ULEP(router_http);ULEP(logfile);ULEP(router_cache);ULEP(rawrouter);ULEP(router_static);ULEP(sslrouter);ULEP(spooler);ULEP(cheaper_busyness);ULEP(symcall);ULEP(transformation_tofile);ULEP(transformation_gzip);ULEP(transformation_chunked);ULEP(transformation_offload);ULEP(router_memcached);ULEP(router_redis);ULEP(router_hash);ULEP(router_expires);ULEP(router_metrics);ULEP(transformation_template);ULEP(stats_pusher_socket);"
*** uWSGI compiling server core ***
[gcc -pthread] core/utils.o
[gcc -pthread] core/protocol.o
[gcc -pthread] core/socket.o
[gcc -pthread] core/logging.o
[gcc -pthread] core/master.o
[gcc -pthread] core/master_utils.o
[gcc -pthread] core/emperor.o
[gcc -pthread] core/notify.o
[gcc -pthread] core/mule.o
[gcc -pthread] core/subscription.o
[gcc -pthread] core/stats.o
[gcc -pthread] core/sendfile.o
[gcc -pthread] core/async.o
[gcc -pthread] core/master_checks.o
[gcc -pthread] core/fifo.o
[gcc -pthread] core/offload.o
[gcc -pthread] core/io.o
[gcc -pthread] core/static.o
[gcc -pthread] core/websockets.o
[gcc -pthread] core/spooler.o
[gcc -pthread] core/snmp.o
[gcc -pthread] core/exceptions.o
[gcc -pthread] core/config.o
[gcc -pthread] core/setup_utils.o
[gcc -pthread] core/clock.o
[gcc -pthread] core/init.o
[gcc -pthread] core/buffer.o
[gcc -pthread] core/reader.o
[gcc -pthread] core/writer.o
[gcc -pthread] core/alarm.o
[gcc -pthread] core/cron.o
[gcc -pthread] core/hooks.o
[gcc -pthread] core/plugins.o
[gcc -pthread] core/lock.o
[gcc -pthread] core/cache.o
[gcc -pthread] core/daemons.o
[gcc -pthread] core/errors.o
[gcc -pthread] core/hash.o
[gcc -pthread] core/master_events.o
[gcc -pthread] core/chunked.o
[gcc -pthread] core/queue.o
[gcc -pthread] core/event.o
[gcc -pthread] core/signal.o
[gcc -pthread] core/strings.o
[gcc -pthread] core/progress.o
[gcc -pthread] core/timebomb.o
[gcc -pthread] core/ini.o
[gcc -pthread] core/fsmon.o
[gcc -pthread] core/mount.o
[gcc -pthread] core/metrics.o
[gcc -pthread] core/plugins_builder.o
[gcc -pthread] core/sharedarea.o
[gcc -pthread] core/rpc.o
[gcc -pthread] core/gateway.o
[gcc -pthread] core/loop.o
[gcc -pthread] core/cookie.o
[gcc -pthread] core/querystring.o
[gcc -pthread] core/rb_timers.o
[gcc -pthread] core/transformations.o
[gcc -pthread] core/uwsgi.o
[gcc -pthread] proto/base.o
[gcc -pthread] proto/uwsgi.o
[gcc -pthread] proto/http.o
[gcc -pthread] proto/fastcgi.o
[gcc -pthread] proto/scgi.o
[gcc -pthread] proto/puwsgi.o
[gcc -pthread] lib/linux_ns.o
[gcc -pthread] core/yaml.o
[gcc -pthread] core/xmlconf.o
[gcc -pthread] core/dot_h.o
[gcc -pthread] core/config_py.o
*** uWSGI compiling embedded plugins ***
[gcc -pthread] plugins/python/python_plugin.o
[gcc -pthread] plugins/python/pyutils.o
[gcc -pthread] plugins/python/pyloader.o
[gcc -pthread] plugins/python/wsgi_handlers.o
[gcc -pthread] plugins/python/wsgi_headers.o
[gcc -pthread] plugins/python/wsgi_subhandler.o
[gcc -pthread] plugins/python/web3_subhandler.o
[gcc -pthread] plugins/python/pump_subhandler.o
[gcc -pthread] plugins/python/gil.o
[gcc -pthread] plugins/python/uwsgi_pymodule.o
[gcc -pthread] plugins/python/profiler.o
[gcc -pthread] plugins/python/symimporter.o
[gcc -pthread] plugins/python/tracebacker.o
[gcc -pthread] plugins/python/raw.o
[gcc -pthread] plugins/gevent/gevent.o
[gcc -pthread] plugins/gevent/hooks.o
[gcc -pthread] plugins/ping/ping_plugin.o
[gcc -pthread] plugins/cache/cache.o
[gcc -pthread] plugins/nagios/nagios.o
[gcc -pthread] plugins/rrdtool/rrdtool.o
[gcc -pthread] plugins/carbon/carbon.o
[gcc -pthread] plugins/rpc/rpc_plugin.o
[gcc -pthread] plugins/corerouter/cr_common.o
[gcc -pthread] plugins/corerouter/cr_map.o
[gcc -pthread] plugins/corerouter/corerouter.o
[gcc -pthread] plugins/fastrouter/fastrouter.o
[gcc -pthread] plugins/http/http.o
[gcc -pthread] plugins/http/keepalive.o
[gcc -pthread] plugins/http/https.o
[gcc -pthread] plugins/http/spdy3.o
[gcc -pthread] plugins/ugreen/ugreen.o
[gcc -pthread] plugins/signal/signal_plugin.o
[gcc -pthread] plugins/syslog/syslog_plugin.o
[gcc -pthread] plugins/rsyslog/rsyslog_plugin.o
[gcc -pthread] plugins/logsocket/logsocket_plugin.o
[gcc -pthread] plugins/router_uwsgi/router_uwsgi.o
[gcc -pthread] plugins/router_redirect/router_redirect.o
[gcc -pthread] plugins/router_basicauth/router_basicauth.o
[gcc -pthread] plugins/zergpool/zergpool.o
[gcc -pthread] plugins/redislog/redislog_plugin.o
[gcc -pthread] plugins/mongodblog/mongodblog_plugin.o
[gcc -pthread] plugins/router_rewrite/router_rewrite.o
[gcc -pthread] plugins/router_http/router_http.o
[gcc -pthread] plugins/logfile/logfile.o
[gcc -pthread] plugins/router_cache/router_cache.o
[gcc -pthread] plugins/rawrouter/rawrouter.o
[gcc -pthread] plugins/router_static/router_static.o
[gcc -pthread] plugins/sslrouter/sslrouter.o
[gcc -pthread] plugins/spooler/spooler_plugin.o
[gcc -pthread] plugins/cheaper_busyness/cheaper_busyness.o
[gcc -pthread] plugins/symcall/symcall_plugin.o
[gcc -pthread] plugins/transformation_tofile/tofile.o
[gcc -pthread] plugins/transformation_gzip/gzip.o
[gcc -pthread] plugins/transformation_chunked/chunked.o
[gcc -pthread] plugins/transformation_offload/offload.o
[gcc -pthread] plugins/router_memcached/router_memcached.o
[gcc -pthread] plugins/router_redis/router_redis.o
[gcc -pthread] plugins/router_hash/router_hash.o
[gcc -pthread] plugins/router_expires/expires.o
[gcc -pthread] plugins/router_metrics/plugin.o
[gcc -pthread] plugins/transformation_template/tt.o
[gcc -pthread] plugins/stats_pusher_socket/plugin.o
*** uWSGI linking ***
gcc -pthread -o /home/ubuntu/miniconda/envs/_build/bin/uwsgi -L/home/ubuntu/miniconda/envs/_build/lib core/utils.o core/protocol.o core/socket.o core/logging.o core/master.o core/master_utils.o core/emperor.o core/notify.o core/mule.o core/subscription.o core/stats.o core/sendfile.o core/async.o core/master_checks.o core/fifo.o core/offload.o core/io.o core/static.o core/websockets.o core/spooler.o core/snmp.o core/exceptions.o core/config.o core/setup_utils.o core/clock.o core/init.o core/buffer.o core/reader.o core/writer.o core/alarm.o core/cron.o core/hooks.o core/plugins.o core/lock.o core/cache.o core/daemons.o core/errors.o core/hash.o core/master_events.o core/chunked.o core/queue.o core/event.o core/signal.o core/strings.o core/progress.o core/timebomb.o core/ini.o core/fsmon.o core/mount.o core/metrics.o core/plugins_builder.o core/sharedarea.o core/rpc.o core/gateway.o core/loop.o core/cookie.o core/querystring.o core/rb_timers.o core/transformations.o core/uwsgi.o proto/base.o proto/uwsgi.o proto/http.o proto/fastcgi.o proto/scgi.o proto/puwsgi.o lib/linux_ns.o core/yaml.o core/xmlconf.o core/dot_h.o core/config_py.o plugins/python/python_plugin.o plugins/python/pyutils.o plugins/python/pyloader.o plugins/python/wsgi_handlers.o plugins/python/wsgi_headers.o plugins/python/wsgi_subhandler.o plugins/python/web3_subhandler.o plugins/python/pump_subhandler.o plugins/python/gil.o plugins/python/uwsgi_pymodule.o plugins/python/profiler.o plugins/python/symimporter.o plugins/python/tracebacker.o plugins/python/raw.o plugins/gevent/gevent.o plugins/gevent/hooks.o plugins/ping/ping_plugin.o plugins/cache/cache.o plugins/nagios/nagios.o plugins/rrdtool/rrdtool.o plugins/carbon/carbon.o plugins/rpc/rpc_plugin.o plugins/corerouter/cr_common.o plugins/corerouter/cr_map.o plugins/corerouter/corerouter.o plugins/fastrouter/fastrouter.o plugins/http/http.o plugins/http/keepalive.o plugins/http/https.o plugins/http/spdy3.o plugins/ugreen/ugreen.o plugins/signal/signal_plugin.o plugins/syslog/syslog_plugin.o plugins/rsyslog/rsyslog_plugin.o plugins/logsocket/logsocket_plugin.o plugins/router_uwsgi/router_uwsgi.o plugins/router_redirect/router_redirect.o plugins/router_basicauth/router_basicauth.o plugins/zergpool/zergpool.o plugins/redislog/redislog_plugin.o plugins/mongodblog/mongodblog_plugin.o plugins/router_rewrite/router_rewrite.o plugins/router_http/router_http.o plugins/logfile/logfile.o plugins/router_cache/router_cache.o plugins/rawrouter/rawrouter.o plugins/router_static/router_static.o plugins/sslrouter/sslrouter.o plugins/spooler/spooler_plugin.o plugins/cheaper_busyness/cheaper_busyness.o plugins/symcall/symcall_plugin.o plugins/transformation_tofile/tofile.o plugins/transformation_gzip/gzip.o plugins/transformation_chunked/chunked.o plugins/transformation_offload/offload.o plugins/router_memcached/router_memcached.o plugins/router_redis/router_redis.o plugins/router_hash/router_hash.o plugins/router_expires/expires.o plugins/router_metrics/plugin.o plugins/transformation_template/tt.o plugins/stats_pusher_socket/plugin.o -lpthread -lm -rdynamic -ldl -L/home/ubuntu/miniconda/lib -lxml2 -lz -lm -ldl -lpthread -ldl -lutil -lm -lpython2.7 -lcrypt
################# uWSGI configuration #################

pcre = False
kernel = Linux
malloc = libc
execinfo = False
ifaddrs = True
ssl = False
zlib = False
locking = pthread_mutex
plugin_dir = .
timer = timerfd
yaml = embedded
json = False
filemonitor = inotify
routing = False
debug = False
capabilities = False
xml = libxml2
event = epoll

############## end of uWSGI configuration #############
total build time: 49 seconds
*** uWSGI is ready, launch it with /home/ubuntu/miniconda/envs/_build/bin/uwsgi ***
running build
running build_py
creating build
creating build/lib
copying uwsgidecorators.py -> build/lib
running install_lib
copying build/lib/uwsgidecorators.py -> /home/ubuntu/miniconda/envs/_build/lib/python2.7/site-packages
byte-compiling /home/ubuntu/miniconda/envs/_build/lib/python2.7/site-packages/uwsgidecorators.py to uwsgidecorators.pyc
running install_egg_info
running egg_info
creating uWSGI.egg-info
writing uWSGI.egg-info/PKG-INFO
writing top-level names to uWSGI.egg-info/top_level.txt
writing dependency_links to uWSGI.egg-info/dependency_links.txt
writing manifest file 'uWSGI.egg-info/SOURCES.txt'
reading manifest file 'uWSGI.egg-info/SOURCES.txt'
writing manifest file 'uWSGI.egg-info/SOURCES.txt'
Copying uWSGI.egg-info to /home/ubuntu/miniconda/envs/_build/lib/python2.7/site-packages/uWSGI-2.0.10-py2.7.egg-info
running install_scripts

The following NEW packages will be INSTALLED:

    openssl:    1.0.1k-1    
    pip:        7.0.3-py27_0
    python:     2.7.10-0    
    readline:   6.2-2       
    setuptools: 17.0-py27_0 
    sqlite:     3.8.4.1-1   
    system:     5.8-2       
    tk:         8.5.18-0    
    zlib:       1.2.8-0     

Linking packages ...
[                    ]|                                                  |   0%[openssl             ]|                                                  |   0%[readline            ]|#####                                             |  11%[sqlite              ]|###########                                       |  22%[system              ]|################                                  |  33%[tk                  ]|######################                            |  44%[zlib                ]|###########################                       |  55%[python              ]|#################################                 |  66%[setuptools          ]|######################################            |  77%[pip                 ]|############################################      |  88%[      COMPLETE      ]|##################################################| 100%
Removing old work directory
Source cache directory is: /home/ubuntu/miniconda/conda-bld/src_cache
Found source in cache: uwsgi-2.0.10.tar.gz
Extracting download
Package: uwsgi-2.0.10-py27_0
source tree in: /home/ubuntu/miniconda/conda-bld/work/uwsgi-2.0.10
number of files: 7
Fixing permissions
patchelf: file: /home/ubuntu/miniconda/envs/_build/bin/uwsgi
    setting rpath to: $ORIGIN/../lib
Fixing permissions
BUILD END: uwsgi-2.0.10-py27_0
Nothing to test for: uwsgi-2.0.10-py27_0
# If you want to upload this package to binstar.org later, type:
#
# $ binstar upload /home/ubuntu/miniconda/conda-bld/linux-64/uwsgi-2.0.10-py27_0.tar.bz2
#
# To have conda build upload to binstar automatically, use
# $ conda config --set binstar_upload yes

