uwsgi not found, trying uWSGI
0
Warning, the following versions were found for uWSGI
2.0.10
2.0.9
2.0.8
2.0.7
2.0.6
2.0.5.1
2.0.5
2.0.4
2.0.3
2.0.2
2.0.1
2.0
1.9.21.1
1.9.21
1.9.20
1.9.19
1.9.18.2
1.9.18.1
1.9.18
1.9.17.1
1.9.17
1.9.16
1.9.15
1.9.14
1.9.13
1.9.12
1.9.11
1.9.10
1.9.9
1.9.8
1.9.7
1.9.6
1.9.5
1.9.4
1.9.3
1.9.2
1.9.1
1.9
1.4.10
1.4.9
1.4.8
1.4.7
1.4.6
1.4.5
1.4.4
1.4.3
1.4.2
1.4.1
1.4
1.3
1.2.6
1.2.5
1.2.4
1.2.3
1.2
1.1.2
1.1.1
1.1
1.0.4
0.9.6.8
Using 2.0.10
Use --version to specify a different version.
Using url https://pypi.python.org/packages/source/u/uWSGI/uwsgi-2.0.10.tar.gz (762 KB) for uWSGI.
Downloading uWSGI (use --no-download to skip this step)
Using cached download
Unpacking uWSGI...
done
working in /tmp/tmp7oDjloconda_skeleton_uwsgi-2.0.10.tar.gz
Fetching package metadata: ......
Solving package specifications: .patching file core.py
Hunk #1 succeeded at 168 with fuzz 2 (offset 2 lines).

The following NEW packages will be INSTALLED:

    numpy:      1.9.2-py27_0
    openssl:    1.0.1k-1    
    pip:        7.0.3-py27_0
    python:     2.7.10-0    
    pyyaml:     3.11-py27_0 
    readline:   6.2-2       
    setuptools: 17.0-py27_0 
    sqlite:     3.8.4.1-1   
    system:     5.8-2       
    tk:         8.5.18-0    
    yaml:       0.1.4-0     
    zlib:       1.2.8-0     

Linking packages ...
[                    ]|                                                  |   0%[openssl             ]|                                                  |   0%[readline            ]|####                                              |   8%[sqlite              ]|########                                          |  16%[system              ]|############                                      |  25%[tk                  ]|################                                  |  33%[yaml                ]|####################                              |  41%[zlib                ]|#########################                         |  50%[numpy               ]|#############################                     |  58%[python              ]|#################################                 |  66%[pyyaml              ]|#####################################             |  75%[setuptools          ]|#########################################         |  83%[pip                 ]|#############################################     |  91%[      COMPLETE      ]|##################################################| 100%
Applying patch: '/tmp/tmp7oDjloconda_skeleton_uwsgi-2.0.10.tar.gz/pypi-distutils.patch'
Writing recipe for uwsgi
Done
