Warning, the following versions were found for vcrpy
1.5.2
1.5.1
1.5.0
1.4.2
1.4.1
1.4.0
1.3.0
1.2.0
1.1.4
1.1.3
1.1.2
1.1.1
1.1.0
1.0.3
1.0.2
1.0.1
1.0.0
0.7.0
0.6.0
0.5.0
0.4.0
0.3.5
0.3.4
0.3.3
0.3.2
0.3.1
0.3.0
0.2.1
0.2.0
0.1.0
0.0.4
0.0.3
0.0.2
0.0.1
Using 1.5.2
Use --version to specify a different version.
Using url https://pypi.python.org/packages/source/v/vcrpy/vcrpy-1.5.2.tar.gz (104 KB) for vcrpy.
Downloading vcrpy (use --no-download to skip this step)
Using cached download
Unpacking vcrpy...
done
working in /tmp/tmpY08ea8conda_skeleton_vcrpy-1.5.2.tar.gz
Fetching package metadata: ......
Solving package specifications: .patching file core.py
Hunk #1 succeeded at 168 with fuzz 2 (offset 2 lines).

The following NEW packages will be INSTALLED:

    numpy:      1.9.2-py27_0
    openssl:    1.0.1k-1    
    pip:        7.0.3-py27_0
    python:     2.7.10-0    
    pyyaml:     3.11-py27_0 
    readline:   6.2-2       
    setuptools: 17.0-py27_0 
    sqlite:     3.8.4.1-1   
    system:     5.8-2       
    tk:         8.5.18-0    
    zlib:       1.2.8-0     

Linking packages ...
[                    ]|                                                  |   0%[openssl             ]|                                                  |   0%[readline            ]|####                                              |   9%[sqlite              ]|#########                                         |  18%[system              ]|#############                                     |  27%[tk                  ]|##################                                |  36%[zlib                ]|######################                            |  45%[numpy               ]|###########################                       |  54%[python              ]|###############################                   |  63%[pyyaml              ]|####################################              |  72%[setuptools          ]|########################################          |  81%[pip                 ]|#############################################     |  90%[      COMPLETE      ]|##################################################| 100%
Applying patch: '/tmp/tmpY08ea8conda_skeleton_vcrpy-1.5.2.tar.gz/pypi-distutils.patch'
Using url https://pypi.python.org/packages/source/b/backport_collections/backport_collections-0.1.tar.gz (37 KB) for backport_collections.
Downloading backport_collections (use --no-download to skip this step)
Using cached download
Unpacking backport_collections...
done
working in /tmp/tmpiSA4agconda_skeleton_backport_collections-0.1.tar.gz
Solving package specifications: .patching file core.py
Hunk #1 succeeded at 168 with fuzz 2 (offset 2 lines).

Applying patch: '/tmp/tmpiSA4agconda_skeleton_backport_collections-0.1.tar.gz/pypi-distutils.patch'
Warning, the following versions were found for contextlib2
0.4.0
0.3.1
0.3
0.2
0.1
Using 0.4.0
Use --version to specify a different version.
Using url https://pypi.python.org/packages/source/c/contextlib2/contextlib2-0.4.0.tar.gz (18 KB) for contextlib2.
Downloading contextlib2 (use --no-download to skip this step)
Using cached download
Unpacking contextlib2...
done
working in /tmp/tmp134XbMconda_skeleton_contextlib2-0.4.0.tar.gz
Solving package specifications: .patching file core.py
Hunk #1 succeeded at 168 with fuzz 2 (offset 2 lines).

Applying patch: '/tmp/tmp134XbMconda_skeleton_contextlib2-0.4.0.tar.gz/pypi-distutils.patch'
Writing recipe for backport_collections
Writing recipe for contextlib2
Writing recipe for vcrpy
Done
