Using url https://pypi.python.org/packages/source/v/venusian/venusian-1.0.tar.gz (45 KB) for venusian.
Downloading venusian (use --no-download to skip this step)
Using cached download
Unpacking venusian...
done
working in /tmp/tmpEfwyFYconda_skeleton_venusian-1.0.tar.gz
Fetching package metadata: ......
Solving package specifications: .patching file core.py
Hunk #1 succeeded at 168 with fuzz 2 (offset 2 lines).

The following NEW packages will be INSTALLED:

    numpy:      1.9.2-py27_0
    openssl:    1.0.1k-1    
    pip:        6.1.1-py27_0
    python:     2.7.9-3     
    pyyaml:     3.11-py27_0 
    readline:   6.2-2       
    setuptools: 16.0-py27_0 
    sqlite:     3.8.4.1-1   
    system:     5.8-2       
    tk:         8.5.18-0    
    yaml:       0.1.4-0     
    zlib:       1.2.8-0     

Linking packages ...
[                    ]|                                                  |   0%[openssl             ]|                                                  |   0%[readline            ]|####                                              |   8%[sqlite              ]|########                                          |  16%[system              ]|############                                      |  25%[tk                  ]|################                                  |  33%[yaml                ]|####################                              |  41%[zlib                ]|#########################                         |  50%[numpy               ]|#############################                     |  58%[python              ]|#################################                 |  66%[pyyaml              ]|#####################################             |  75%[setuptools          ]|#########################################         |  83%[pip                 ]|#############################################     |  91%[      COMPLETE      ]|##################################################| 100%
Applying patch: '/tmp/tmpEfwyFYconda_skeleton_venusian-1.0.tar.gz/pypi-distutils.patch'
Using url https://pypi.python.org/packages/source/n/nose-exclude/nose-exclude-0.2.0.tar.gz (6 KB) for nose-exclude.
Downloading nose-exclude (use --no-download to skip this step)
nose-exclude-0   0% |                              | ETA:  --:--:--   0.00  B/snose-exclude-0 100% |###############################| ETA:  0:00:00  14.72 MB/snose-exclude-0 100% |###############################| Time: 0:00:00   8.63 MB/s
Unpacking nose-exclude...
done
working in /tmp/tmpZqZbrOconda_skeleton_nose-exclude-0.2.0.tar.gz
Solving package specifications: .patching file core.py
Hunk #1 succeeded at 168 with fuzz 2 (offset 2 lines).

Applying patch: '/tmp/tmpZqZbrOconda_skeleton_nose-exclude-0.2.0.tar.gz/pypi-distutils.patch'
Writing recipe for nose-exclude
Writing recipe for venusian
Done
