Warning, the following versions were found for versiontools
1.9.1
1.8.3
1.8.2
1.8.1
1.8
1.7
1.6
1.5
1.4
1.3.2
1.3.1
1.3
1.2
1.1
1.0.4
1.0.3
1.0.2
1.0.1
1.0
Using 1.9.1
Use --version to specify a different version.
Using url https://pypi.python.org/packages/source/v/versiontools/versiontools-1.9.1.tar.gz (19 KB) for versiontools.
Downloading versiontools (use --no-download to skip this step)
Using cached download
Unpacking versiontools...
done
working in /tmp/tmpWFvnqNconda_skeleton_versiontools-1.9.1.tar.gz
Fetching package metadata: ......
Solving package specifications: .patching file core.py
Hunk #1 succeeded at 168 with fuzz 2 (offset 2 lines).

Applying patch: '/tmp/tmpWFvnqNconda_skeleton_versiontools-1.9.1.tar.gz/pypi-distutils.patch'
Writing recipe for versiontools
Done
