Warning, the following versions were found for virtualenv-clone
0.2.5
0.2.4
0.2.3
0.2.2
0.2.1
0.2.0
0.1.2
Using 0.2.5
Use --version to specify a different version.
Using url https://pypi.python.org/packages/source/v/virtualenv-clone/virtualenv-clone-0.2.5.tar.gz (5 KB) for virtualenv-clone.
Downloading virtualenv-clone (use --no-download to skip this step)
Using cached download
Unpacking virtualenv-clone...
done
working in /tmp/tmpf4FN1Mconda_skeleton_virtualenv-clone-0.2.5.tar.gz
Fetching package metadata: ......
Solving package specifications: .patching file core.py
Hunk #1 succeeded at 168 with fuzz 2 (offset 2 lines).

Applying patch: '/tmp/tmpf4FN1Mconda_skeleton_virtualenv-clone-0.2.5.tar.gz/pypi-distutils.patch'
Writing recipe for virtualenv-clone
Done
