Warning, the following versions were found for virtualenvwrapper
4.6.0
4.5.1
4.5.0
4.4.1.post1
4.4.1
4.4.0
4.3.2
4.3.1
4.3
4.2
4.1.1
4.1
4.0
3.7.1
3.7
3.6.1
3.6
3.5
3.4
3.3
3.2
3.1
3.0.1
3.0
2.11.1
2.11
2.10.1
2.10
2.9
2.8
2.7.1
2.7
2.6.3
2.6.2
2.6.1
2.6
2.5.3
2.5.2
2.5.1
2.5
2.4
2.3
2.2.1
2.2
2.1.1
2.1
2.0.2
2.0.1
2.0
1.27
1.26
1.25
1.24.2
1.24
1.23
1.22
1.21
1.20
1.18.1
1.18
1.17.1
1.17
1.16
1.15
1.14
1.12
1.11
1.10
1.9
1.8.1
1.8
1.7
1.6.1
1.6
1.5
1.4
1.3.2
1.3.1
1.3
1.2
1.1
Using 4.6.0
Use --version to specify a different version.
Using url https://pypi.python.org/packages/source/v/virtualenvwrapper/virtualenvwrapper-4.6.0.tar.gz (87 KB) for virtualenvwrapper.
Downloading virtualenvwrapper (use --no-download to skip this step)
Using cached download
Unpacking virtualenvwrapper...
done
working in /tmp/tmpTdjsa_conda_skeleton_virtualenvwrapper-4.6.0.tar.gz
Fetching package metadata: ......
Solving package specifications: .patching file core.py
Hunk #1 succeeded at 168 with fuzz 2 (offset 2 lines).
Traceback (most recent call last):
  File "setup.py", line 3, in <module>
    from setuptools import setup
ImportError: No module named setuptools

Applying patch: '/tmp/tmpTdjsa_conda_skeleton_virtualenvwrapper-4.6.0.tar.gz/pypi-distutils.patch'
$PYTHONPATH = /tmp/tmpTdjsa_conda_skeleton_virtualenvwrapper-4.6.0.tar.gz/virtualenvwrapper-4.6.0
Error: command failed: /home/ubuntu/miniconda/envs/_build/bin/python setup.py install
