Warning, the following versions were found for voluptuous
0.8.7
0.8.6
0.8.5
0.8.4
0.8.3
0.8.2
0.8.1
0.8.0
0.7.2
0.7.1
0.7.0
0.6.1
0.6
0.5
0.4
0.3.3
0.3.2
0.3.1
0.3
0.2
0.1
Using 0.8.7
Use --version to specify a different version.
Using url https://pypi.python.org/packages/source/v/voluptuous/voluptuous-0.8.7.tar.gz (24 KB) for voluptuous.
Downloading voluptuous (use --no-download to skip this step)
Using cached download
Unpacking voluptuous...
done
working in /tmp/tmpEhUIxcconda_skeleton_voluptuous-0.8.7.tar.gz
Fetching package metadata: ......
Solving package specifications: .patching file core.py
Hunk #1 succeeded at 168 with fuzz 2 (offset 2 lines).
WARNING: Could not locate pandoc, using Markdown long_description.

Applying patch: '/tmp/tmpEhUIxcconda_skeleton_voluptuous-0.8.7.tar.gz/pypi-distutils.patch'
Writing recipe for voluptuous
Done
