Warning, the following versions were found for w3lib
1.11.0
1.10.0
1.9.0
1.8.1
1.8.0
1.7.1
1.7.0
1.6
1.5
1.4
1.3
1.2
1.1
1.0
Using 1.11.0
Use --version to specify a different version.
Using url https://pypi.python.org/packages/source/w/w3lib/w3lib-1.11.0.tar.gz (12 KB) for w3lib.
Downloading w3lib (use --no-download to skip this step)
Using cached download
Unpacking w3lib...
done
working in /tmp/tmpeaZdYXconda_skeleton_w3lib-1.11.0.tar.gz
Fetching package metadata: ......
Solving package specifications: .patching file core.py
Hunk #1 succeeded at 168 with fuzz 2 (offset 2 lines).

The following NEW packages will be INSTALLED:

    numpy:  1.9.2-py27_0
    pyyaml: 3.11-py27_0 

Linking packages ...
[                    ]|                                                  |   0%[numpy               ]|                                                  |   0%[pyyaml              ]|#########################                         |  50%[      COMPLETE      ]|##################################################| 100%
Applying patch: '/tmp/tmpeaZdYXconda_skeleton_w3lib-1.11.0.tar.gz/pypi-distutils.patch'
Writing recipe for w3lib
Done
