Warning, the following versions were found for waitress
0.8.9
0.8.8
0.8.7
0.8.6
0.8.5
0.8.4
0.8.3
0.8.2
0.8.1
0.8
0.7
0.6.1
0.6
0.5
0.4
0.3
0.2
0.1
Using 0.8.9
Use --version to specify a different version.
Using url https://pypi.python.org/packages/source/w/waitress/waitress-0.8.9.tar.gz (118 KB) for waitress.
Downloading waitress (use --no-download to skip this step)
Using cached download
Unpacking waitress...
done
working in /tmp/tmp2MZHWiconda_skeleton_waitress-0.8.9.tar.gz
Fetching package metadata: ......
Solving package specifications: .patching file core.py
Hunk #1 succeeded at 168 with fuzz 2 (offset 2 lines).

Applying patch: '/tmp/tmp2MZHWiconda_skeleton_waitress-0.8.9.tar.gz/pypi-distutils.patch'
Writing recipe for waitress
Done
