wand not found, trying Wand
0
Warning, the following versions were found for Wand
0.4.0
0.3.9
0.3.8
0.3.7
0.3.6
0.3.5
0.3.4
0.3.3
0.3.2
0.3.1
0.3.0
0.2.4
0.2.3
0.2.2
0.2.1
0.2.0
0.1.10
0.1.9
0.1.8
0.1.7
0.1.6
0.1.5
0.1.4
0.1.3
0.1.2
0.1.1
0.1.0
Using 0.4.0
Use --version to specify a different version.
Using url https://pypi.python.org/packages/source/W/Wand/Wand-0.4.0.tar.gz (54 KB) for Wand.
Downloading Wand (use --no-download to skip this step)
Using cached download
Unpacking Wand...
done
working in /tmp/tmpOBcrnkconda_skeleton_Wand-0.4.0.tar.gz
Fetching package metadata: ......
Solving package specifications: .patching file core.py
Hunk #1 succeeded at 168 with fuzz 2 (offset 2 lines).

The following NEW packages will be INSTALLED:

    numpy:  1.9.2-py27_0
    pyyaml: 3.11-py27_0 
    yaml:   0.1.4-0     

Linking packages ...
[                    ]|                                                  |   0%[yaml                ]|                                                  |   0%[numpy               ]|################                                  |  33%[pyyaml              ]|#################################                 |  66%[      COMPLETE      ]|##################################################| 100%
Applying patch: '/tmp/tmpOBcrnkconda_skeleton_Wand-0.4.0.tar.gz/pypi-distutils.patch'
Writing recipe for wand
Done
