Warning, the following versions were found for watchdog
0.8.3
0.8.2
0.8.1
0.8.0
0.7.1
0.7.0
0.6.1
0.6.0
0.5.4
0.5.3
0.5.2
0.5.1
0.5.0
0.3.6
0.3.4
Using 0.8.3
Use --version to specify a different version.
Using url https://pypi.python.org/packages/source/w/watchdog/watchdog-0.8.3.tar.gz (81 KB) for watchdog.
Downloading watchdog (use --no-download to skip this step)
Using cached download
Unpacking watchdog...
done
working in /tmp/tmpoDvWNRconda_skeleton_watchdog-0.8.3.tar.gz
Fetching package metadata: ......
Solving package specifications: .patching file core.py
Hunk #1 succeeded at 168 with fuzz 2 (offset 2 lines).

Applying patch: '/tmp/tmpoDvWNRconda_skeleton_watchdog-0.8.3.tar.gz/pypi-distutils.patch'
Writing recipe for watchdog
Done
