Warning, the following versions were found for web.py
0.37
0.36
0.35
0.34
0.33
0.32
0.31
0.30
0.23
0.22
0.3
0.2
Using 0.37
Use --version to specify a different version.
Using url https://pypi.python.org/packages/source/w/web.py/web.py-0.37.tar.gz (88 KB) for web.py.
Downloading web.py (use --no-download to skip this step)
Using cached download
Unpacking web.py...
done
working in /tmp/tmprQsiF0conda_skeleton_web.py-0.37.tar.gz
Fetching package metadata: ......
Solving package specifications: .patching file core.py
Hunk #1 succeeded at 168 with fuzz 2 (offset 2 lines).

The following NEW packages will be INSTALLED:

    numpy:      1.9.2-py27_0
    openssl:    1.0.1k-1    
    pip:        7.0.3-py27_0
    python:     2.7.10-0    
    pyyaml:     3.11-py27_0 
    readline:   6.2-2       
    setuptools: 17.0-py27_0 
    sqlite:     3.8.4.1-1   
    system:     5.8-2       
    tk:         8.5.18-0    
    zlib:       1.2.8-0     

Linking packages ...
[                    ]|                                                  |   0%[openssl             ]|                                                  |   0%[readline            ]|####                                              |   9%[sqlite              ]|#########                                         |  18%[system              ]|#############                                     |  27%[tk                  ]|##################                                |  36%[zlib                ]|######################                            |  45%[numpy               ]|###########################                       |  54%[python              ]|###############################                   |  63%[pyyaml              ]|####################################              |  72%[setuptools          ]|########################################          |  81%[pip                 ]|#############################################     |  90%[      COMPLETE      ]|##################################################| 100%
Applying patch: '/tmp/tmprQsiF0conda_skeleton_web.py-0.37.tar.gz/pypi-distutils.patch'
Writing recipe for web.py
Done
