Warning, the following versions were found for webassets
0.10.1
0.10
0.9
0.8
0.7.1
0.7
0.6
0.5
0.4
Using 0.10.1
Use --version to specify a different version.
Using url https://pypi.python.org/packages/source/w/webassets/webassets-0.10.1.tar.gz (164 KB) for webassets.
Downloading webassets (use --no-download to skip this step)
Using cached download
Unpacking webassets...
done
working in /tmp/tmppxDAhNconda_skeleton_webassets-0.10.1.tar.gz
Fetching package metadata: ......
Solving package specifications: .patching file core.py
Hunk #1 succeeded at 168 with fuzz 2 (offset 2 lines).
Traceback (most recent call last):
  File "setup.py", line 3, in <module>
    from setuptools import setup, find_packages
ImportError: No module named setuptools

Applying patch: '/tmp/tmppxDAhNconda_skeleton_webassets-0.10.1.tar.gz/pypi-distutils.patch'
$PYTHONPATH = /tmp/tmppxDAhNconda_skeleton_webassets-0.10.1.tar.gz/webassets-0.10.1
Error: command failed: /home/ubuntu/miniconda/envs/_build/bin/python setup.py install
