webob not found, trying WebOb
0
Warning, the following versions were found for WebOb
1.4.1
1.4
1.3.1
1.3
1.2.3
1.2.2
1.2.1
Using 1.4.1
Use --version to specify a different version.
Using url https://pypi.python.org/packages/source/W/WebOb/WebOb-1.4.1.tar.gz (656 KB) for WebOb.
Downloading WebOb (use --no-download to skip this step)
Using cached download
Unpacking WebOb...
done
working in /tmp/tmpfdrsC0conda_skeleton_WebOb-1.4.1.tar.gz
Fetching package metadata: ......
Solving package specifications: .patching file core.py
Hunk #1 succeeded at 168 with fuzz 2 (offset 2 lines).

Applying patch: '/tmp/tmpfdrsC0conda_skeleton_WebOb-1.4.1.tar.gz/pypi-distutils.patch'
Writing recipe for webob
Done
