Warning, the following versions were found for websockify
0.6.1
0.5.1
Using 0.6.1
Use --version to specify a different version.
Using url https://pypi.python.org/packages/source/w/websockify/websockify-0.6.1.zip (231 KB) for websockify.
Downloading websockify (use --no-download to skip this step)
Using cached download
Unpacking websockify...
done
working in /tmp/tmp0bBYylconda_skeleton_websockify-0.6.1.zip
Fetching package metadata: ......
Solving package specifications: .patching file core.py
Hunk #1 succeeded at 168 with fuzz 2 (offset 2 lines).

Applying patch: '/tmp/tmp0bBYylconda_skeleton_websockify-0.6.1.zip/pypi-distutils.patch'
Using url https://pypi.python.org/packages/source/n/numpy/numpy-1.9.2.tar.gz (3.8 MB) for numpy.
Downloading numpy (use --no-download to skip this step)
Using cached download
Unpacking numpy...
done
working in /tmp/tmpnKThlGconda_skeleton_numpy-1.9.2.tar.gz
Solving package specifications: .patching file core.py
Hunk #1 succeeded at 168 with fuzz 2 (offset 2 lines).
Running from numpy source directory.
Traceback (most recent call last):
  File "setup.py", line 251, in <module>
    setup_package()
  File "setup.py", line 243, in setup_package
    setup(**metadata)
  File "/tmp/tmpnKThlGconda_skeleton_numpy-1.9.2.tar.gz/numpy-1.9.2/numpy/distutils/core.py", line 130, in setup
    if dist.help or not _command_line_ok():
AttributeError: 'NoneType' object has no attribute 'help'

Applying patch: '/tmp/tmpnKThlGconda_skeleton_numpy-1.9.2.tar.gz/pypi-distutils.patch'
$PYTHONPATH = /tmp/tmpnKThlGconda_skeleton_numpy-1.9.2.tar.gz/numpy-1.9.2
Error: command failed: /home/ubuntu/miniconda/envs/_build/bin/python setup.py install
