Package search: {'_pypi_ordering': False, 'version': '0.5.1', 'name': 'websockify', 'summary': 'Websockify.'}
Fetching package metadata: ....
Removing old build directory
Removing old work directory
BUILD START: websockify-0.6.1-np19py27_0
Fetching package metadata: ......
Solving package specifications: .+ pip install websockify
You are using pip version 7.0.1, however version 7.0.3 is available.
You should consider upgrading via the 'pip install --upgrade pip' command.
Collecting websockify
  Downloading http://localhost/packages/source/w/websockify/websockify-0.6.1.zip (236kB)
Requirement already satisfied (use --upgrade to upgrade): numpy in /home/ubuntu/miniconda/envs/_build/lib/python2.7/site-packages (from websockify)
Installing collected packages: websockify
  Running setup.py install for websockify
Successfully installed websockify-0.6.1

The following NEW packages will be INSTALLED:

    numpy:      1.9.2-py27_0
    openssl:    1.0.1k-1    
    pip:        7.0.1-py27_0
    python:     2.7.10-0    
    readline:   6.2-2       
    setuptools: 17.0-py27_0 
    sqlite:     3.8.4.1-1   
    system:     5.8-2       
    tk:         8.5.18-0    
    zlib:       1.2.8-0     

Linking packages ...
[                    ]|                                                  |   0%[openssl             ]|                                                  |   0%[readline            ]|#####                                             |  10%[sqlite              ]|##########                                        |  20%[system              ]|###############                                   |  30%[tk                  ]|####################                              |  40%[zlib                ]|#########################                         |  50%[numpy               ]|##############################                    |  60%[python              ]|###################################               |  70%[setuptools          ]|########################################          |  80%[pip                 ]|#############################################     |  90%[      COMPLETE      ]|##################################################| 100%
Removing old work directory
Copying /home/ubuntu/pypi-conda-builds/websockify to /home/ubuntu/miniconda/conda-bld/work
Package: websockify-0.6.1-np19py27_0
source tree in: /home/ubuntu/miniconda/conda-bld/work
number of files: 21
Fixing permissions
Detected hard-coded path in text file bin/websockify
Fixing permissions
BUILD END: websockify-0.6.1-np19py27_0
# If you want to upload this package to binstar.org later, type:
#
# $ binstar upload /home/ubuntu/miniconda/conda-bld/linux-64/websockify-0.6.1-np19py27_0.tar.bz2
#
# To have conda build upload to binstar automatically, use
# $ conda config --set binstar_upload yes

Creating standard recipe for websockify-0.6.1
Converting recipe in /home/ubuntu/pypi-conda-builds/websockify
package = websockify
   dependencies = [u'numpy']
Building conda package for websockify
