Warning, the following versions were found for websocket-client
0.32.0
0.31.0
0.30.0
0.29.0
0.28.0
0.27.0
0.26.0
0.25.0
0.24.0
0.23.0
0.22.0
0.21.0
0.20.0
0.19.0
0.18.0
0.17.0
0.16.0
0.16.0a
0.15.0
0.14.1
0.14.0
0.13.0
0.12.0
0.11.0
0.10.0
0.9.0
0.8.0
0.7.0
0.6.0
0.5.1
0.5.0
0.5.0a
0.4.1
0.4
0.3
Using 0.32.0
Use --version to specify a different version.
Using url https://pypi.python.org/packages/source/w/websocket-client/websocket_client-0.32.0.tar.gz (188 KB) for websocket-client.
Downloading websocket-client (use --no-download to skip this step)
Using cached download
Unpacking websocket-client...
done
working in /tmp/tmpfbO7f_conda_skeleton_websocket_client-0.32.0.tar.gz
Fetching package metadata: ......
Solving package specifications: .patching file core.py
Hunk #1 succeeded at 168 with fuzz 2 (offset 2 lines).

Applying patch: '/tmp/tmpfbO7f_conda_skeleton_websocket_client-0.32.0.tar.gz/pypi-distutils.patch'
Writing recipe for websocket-client
Done
