Warning, the following versions were found for wheel
0.24.0
0.23.0
0.22.0
0.21.0
0.19.0
0.18.0
0.17.0
0.16.0
0.15.0
0.14.0
0.13.0
0.12.0
0.11.0
0.10.3
0.10.2
0.10.1
0.10.0
0.9.7
0.9.6
0.9.5
0.9.4
0.9.3
0.9.2
0.9.1
0.9
0.8
0.7
0.6
0.5
0.4.2
0.4.1
0.4
0.3
0.2
0.1
Using 0.24.0
Use --version to specify a different version.
Using url https://pypi.python.org/packages/source/w/wheel/wheel-0.24.0.tar.gz (49 KB) for wheel.
Downloading wheel (use --no-download to skip this step)
Using cached download
Unpacking wheel...
done
working in /tmp/tmpFVSO6Wconda_skeleton_wheel-0.24.0.tar.gz
Fetching package metadata: ......
Solving package specifications: .patching file core.py
Hunk #1 succeeded at 168 with fuzz 2 (offset 2 lines).

Applying patch: '/tmp/tmpFVSO6Wconda_skeleton_wheel-0.24.0.tar.gz/pypi-distutils.patch'
Writing recipe for wheel
Done
