Warning, the following versions were found for wheezy.core
0.1.140
0.1.139
0.1.138
0.1.136
0.1.135
0.1.134
0.1.131
0.1.129
0.1.125
0.1.119
0.1.117
0.1.114
0.1.109
0.1.106
0.1.104
0.1.103
0.1.101
0.1.98
0.1.97
0.1.95
0.1.94
0.1.93
0.1.91
0.1.87
0.1.86
0.1.84
0.1.83
0.1.82
0.1.81
0.1.80
0.1.77
0.1.74
0.1.72
0.1.70
Using 0.1.140
Use --version to specify a different version.
Using url https://pypi.python.org/packages/source/w/wheezy.core/wheezy.core-0.1.140.tar.gz (20 KB) for wheezy.core.
Downloading wheezy.core (use --no-download to skip this step)
Using cached download
Unpacking wheezy.core...
done
working in /tmp/tmp8utMvkconda_skeleton_wheezy.core-0.1.140.tar.gz
Fetching package metadata: ......
Solving package specifications: .patching file core.py
Hunk #1 succeeded at 168 with fuzz 2 (offset 2 lines).

The following NEW packages will be INSTALLED:

    numpy:      1.9.2-py27_0
    openssl:    1.0.1k-1    
    pip:        7.0.3-py27_0
    python:     2.7.10-0    
    pyyaml:     3.11-py27_0 
    readline:   6.2-2       
    setuptools: 17.0-py27_0 
    sqlite:     3.8.4.1-1   
    system:     5.8-2       
    tk:         8.5.18-0    
    zlib:       1.2.8-0     

Linking packages ...
[                    ]|                                                  |   0%[openssl             ]|                                                  |   0%[readline            ]|####                                              |   9%[sqlite              ]|#########                                         |  18%[system              ]|#############                                     |  27%[tk                  ]|##################                                |  36%[zlib                ]|######################                            |  45%[numpy               ]|###########################                       |  54%[python              ]|###############################                   |  63%[pyyaml              ]|####################################              |  72%[setuptools          ]|########################################          |  81%[pip                 ]|#############################################     |  90%[      COMPLETE      ]|##################################################| 100%
Applying patch: '/tmp/tmp8utMvkconda_skeleton_wheezy.core-0.1.140.tar.gz/pypi-distutils.patch'
Warning, the following versions were found for pytest-pep8
1.0.6
1.0.5
1.0.4
1.0.3
1.0.2
1.0.1
1.0
0.9.1
0.9
0.8
0.7
0.6
0.5
Using 1.0.6
Use --version to specify a different version.
Using url https://pypi.python.org/packages/source/p/pytest-pep8/pytest-pep8-1.0.6.tar.gz (7 KB) for pytest-pep8.
Downloading pytest-pep8 (use --no-download to skip this step)
Using cached download
Unpacking pytest-pep8...
done
working in /tmp/tmp7jOLWiconda_skeleton_pytest-pep8-1.0.6.tar.gz
Solving package specifications: .patching file core.py
Hunk #1 succeeded at 168 with fuzz 2 (offset 2 lines).

Applying patch: '/tmp/tmp7jOLWiconda_skeleton_pytest-pep8-1.0.6.tar.gz/pypi-distutils.patch'
Warning, the following versions were found for pytest-cache
1.0
0.9
Using 1.0
Use --version to specify a different version.
Using url https://pypi.python.org/packages/source/p/pytest-cache/pytest-cache-1.0.tar.gz (16 KB) for pytest-cache.
Downloading pytest-cache (use --no-download to skip this step)
Using cached download
Unpacking pytest-cache...
done
working in /tmp/tmpSQF9hcconda_skeleton_pytest-cache-1.0.tar.gz
Solving package specifications: .patching file core.py
Hunk #1 succeeded at 168 with fuzz 2 (offset 2 lines).

Applying patch: '/tmp/tmpSQF9hcconda_skeleton_pytest-cache-1.0.tar.gz/pypi-distutils.patch'
Warning, the following versions were found for wsgiref
0.1.2
0.1.1
0.1
Using 0.1.2
Use --version to specify a different version.
Using url https://pypi.python.org/packages/source/w/wsgiref/wsgiref-0.1.2.zip (36 KB) for wsgiref.
Downloading wsgiref (use --no-download to skip this step)
Using cached download
Unpacking wsgiref...
done
working in /tmp/tmpum8w0Iconda_skeleton_wsgiref-0.1.2.zip
Solving package specifications: .patching file core.py
Hunk #1 succeeded at 168 with fuzz 2 (offset 2 lines).

Applying patch: '/tmp/tmpum8w0Iconda_skeleton_wsgiref-0.1.2.zip/pypi-distutils.patch'
Using url https://pypi.python.org/packages/source/u/uuid/uuid-1.30.tar.gz (6 KB) for uuid.
Downloading uuid (use --no-download to skip this step)
Using cached download
Unpacking uuid...
done
working in /tmp/tmpD5XdnTconda_skeleton_uuid-1.30.tar.gz
Solving package specifications: .patching file core.py
Hunk #1 succeeded at 168 with fuzz 2 (offset 2 lines).

Applying patch: '/tmp/tmpD5XdnTconda_skeleton_uuid-1.30.tar.gz/pypi-distutils.patch'
Writing recipe for pytest-cache
Writing recipe for pytest-pep8
Writing recipe for wheezy.core
Writing recipe for uuid
Writing recipe for wsgiref
Done
