Removing old build directory
Removing old work directory
BUILD START: whisper-0.9.13-py27_0
Fetching package metadata: ......
Solving package specifications: .+ /home/ubuntu/miniconda/envs/_build/bin/python setup.py install
running install
running build
running build_py
creating build
creating build/lib
copying whisper.py -> build/lib
running build_scripts
creating build/scripts-2.7
copying and adjusting bin/whisper-update.py -> build/scripts-2.7
copying and adjusting bin/whisper-merge.py -> build/scripts-2.7
copying and adjusting bin/whisper-create.py -> build/scripts-2.7
copying and adjusting bin/whisper-set-aggregation-method.py -> build/scripts-2.7
copying and adjusting bin/rrd2whisper.py -> build/scripts-2.7
copying and adjusting bin/whisper-info.py -> build/scripts-2.7
copying and adjusting bin/whisper-dump.py -> build/scripts-2.7
copying and adjusting bin/whisper-fill.py -> build/scripts-2.7
copying and adjusting bin/whisper-resize.py -> build/scripts-2.7
copying and adjusting bin/whisper-fetch.py -> build/scripts-2.7
changing mode of build/scripts-2.7/whisper-update.py from 664 to 775
changing mode of build/scripts-2.7/whisper-merge.py from 664 to 775
changing mode of build/scripts-2.7/whisper-create.py from 664 to 775
changing mode of build/scripts-2.7/whisper-set-aggregation-method.py from 664 to 775
changing mode of build/scripts-2.7/rrd2whisper.py from 664 to 775
changing mode of build/scripts-2.7/whisper-info.py from 664 to 775
changing mode of build/scripts-2.7/whisper-dump.py from 664 to 775
changing mode of build/scripts-2.7/whisper-fill.py from 664 to 775
changing mode of build/scripts-2.7/whisper-resize.py from 664 to 775
changing mode of build/scripts-2.7/whisper-fetch.py from 664 to 775
running install_lib
copying build/lib/whisper.py -> /home/ubuntu/miniconda/envs/_build/lib/python2.7/site-packages
byte-compiling /home/ubuntu/miniconda/envs/_build/lib/python2.7/site-packages/whisper.py to whisper.pyc
running install_scripts
copying build/scripts-2.7/whisper-update.py -> /home/ubuntu/miniconda/envs/_build/bin
copying build/scripts-2.7/whisper-merge.py -> /home/ubuntu/miniconda/envs/_build/bin
copying build/scripts-2.7/whisper-create.py -> /home/ubuntu/miniconda/envs/_build/bin
copying build/scripts-2.7/whisper-set-aggregation-method.py -> /home/ubuntu/miniconda/envs/_build/bin
copying build/scripts-2.7/rrd2whisper.py -> /home/ubuntu/miniconda/envs/_build/bin
copying build/scripts-2.7/whisper-info.py -> /home/ubuntu/miniconda/envs/_build/bin
copying build/scripts-2.7/whisper-dump.py -> /home/ubuntu/miniconda/envs/_build/bin
copying build/scripts-2.7/whisper-fill.py -> /home/ubuntu/miniconda/envs/_build/bin
copying build/scripts-2.7/whisper-resize.py -> /home/ubuntu/miniconda/envs/_build/bin
copying build/scripts-2.7/whisper-fetch.py -> /home/ubuntu/miniconda/envs/_build/bin
changing mode of /home/ubuntu/miniconda/envs/_build/bin/whisper-update.py to 775
changing mode of /home/ubuntu/miniconda/envs/_build/bin/whisper-merge.py to 775
changing mode of /home/ubuntu/miniconda/envs/_build/bin/whisper-create.py to 775
changing mode of /home/ubuntu/miniconda/envs/_build/bin/whisper-set-aggregation-method.py to 775
changing mode of /home/ubuntu/miniconda/envs/_build/bin/rrd2whisper.py to 775
changing mode of /home/ubuntu/miniconda/envs/_build/bin/whisper-info.py to 775
changing mode of /home/ubuntu/miniconda/envs/_build/bin/whisper-dump.py to 775
changing mode of /home/ubuntu/miniconda/envs/_build/bin/whisper-fill.py to 775
changing mode of /home/ubuntu/miniconda/envs/_build/bin/whisper-resize.py to 775
changing mode of /home/ubuntu/miniconda/envs/_build/bin/whisper-fetch.py to 775
running install_egg_info
Writing /home/ubuntu/miniconda/envs/_build/lib/python2.7/site-packages/whisper-0.9.13-py2.7.egg-info

The following NEW packages will be INSTALLED:

    openssl:    1.0.1k-1     
    pip:        7.0.3-py27_0 
    python:     2.7.10-0     
    readline:   6.2-2        
    setuptools: 17.1.1-py27_0
    sqlite:     3.8.4.1-1    
    system:     5.8-2        
    tk:         8.5.18-0     
    zlib:       1.2.8-0      

Linking packages ...
[                    ]|                                                  |   0%[openssl             ]|                                                  |   0%[readline            ]|#####                                             |  11%[sqlite              ]|###########                                       |  22%[system              ]|################                                  |  33%[tk                  ]|######################                            |  44%[zlib                ]|###########################                       |  55%[python              ]|#################################                 |  66%[setuptools          ]|######################################            |  77%[pip                 ]|############################################      |  88%[      COMPLETE      ]|##################################################| 100%
Removing old work directory
Source cache directory is: /home/ubuntu/miniconda/conda-bld/src_cache
Found source in cache: whisper-0.9.13.tar.gz
Extracting download
Package: whisper-0.9.13-py27_0
source tree in: /home/ubuntu/miniconda/conda-bld/work/whisper-0.9.13
number of files: 13
Fixing permissions
Detected hard-coded path in text file bin/rrd2whisper.py
Detected hard-coded path in text file bin/whisper-create.py
Detected hard-coded path in text file bin/whisper-dump.py
Detected hard-coded path in text file bin/whisper-fetch.py
Detected hard-coded path in text file bin/whisper-fill.py
Detected hard-coded path in text file bin/whisper-info.py
Detected hard-coded path in text file bin/whisper-merge.py
Detected hard-coded path in text file bin/whisper-resize.py
Detected hard-coded path in text file bin/whisper-set-aggregation-method.py
Detected hard-coded path in text file bin/whisper-update.py
Fixing permissions
BUILD END: whisper-0.9.13-py27_0
Nothing to test for: whisper-0.9.13-py27_0
# If you want to upload this package to binstar.org later, type:
#
# $ binstar upload /home/ubuntu/miniconda/conda-bld/linux-64/whisper-0.9.13-py27_0.tar.bz2
#
# To have conda build upload to binstar automatically, use
# $ conda config --set binstar_upload yes

