Warning, the following versions were found for whisper
0.9.13
0.9.12
0.9.11
0.9.10
0.9.9
0.9.8
0.9.7
0.9.6
0.9.5
Using 0.9.13
Use --version to specify a different version.
Using url https://pypi.python.org/packages/source/w/whisper/whisper-0.9.13.tar.gz (14 KB) for whisper.
Downloading whisper (use --no-download to skip this step)
Using cached download
Unpacking whisper...
done
working in /tmp/tmpN1xhIBconda_skeleton_whisper-0.9.13.tar.gz
Fetching package metadata: ......
Solving package specifications: .patching file core.py
Hunk #1 succeeded at 168 with fuzz 2 (offset 2 lines).

Applying patch: '/tmp/tmpN1xhIBconda_skeleton_whisper-0.9.13.tar.gz/pypi-distutils.patch'
Writing recipe for whisper
Done
