Warning, the following versions were found for whitenoise
1.0.6
1.0.5
1.0.4
1.0.3
1.0.2
1.0.1
1.0
0.13
0.12
0.11
0.10
0.9
Using 1.0.6
Use --version to specify a different version.
Using url https://pypi.python.org/packages/source/w/whitenoise/whitenoise-1.0.6.tar.gz (23 KB) for whitenoise.
Downloading whitenoise (use --no-download to skip this step)
Using cached download
Unpacking whitenoise...
done
working in /tmp/tmp9LREbtconda_skeleton_whitenoise-1.0.6.tar.gz
Fetching package metadata: ......
Solving package specifications: .patching file core.py
Hunk #1 succeeded at 168 with fuzz 2 (offset 2 lines).
Traceback (most recent call last):
  File "setup.py", line 3, in <module>
    from setuptools import setup, find_packages
ImportError: No module named setuptools

Applying patch: '/tmp/tmp9LREbtconda_skeleton_whitenoise-1.0.6.tar.gz/pypi-distutils.patch'
$PYTHONPATH = /tmp/tmp9LREbtconda_skeleton_whitenoise-1.0.6.tar.gz/whitenoise-1.0.6
Error: command failed: /home/ubuntu/miniconda/envs/_build/bin/python setup.py install
