whoosh not found, trying Whoosh
0
Warning, the following versions were found for Whoosh
2.7.0
2.6.0
2.5.7
2.5.6
2.5.5
2.5.4
2.5.3
2.5.2
2.5.1
2.5.0
2.4.1
2.4.0
2.3.2
2.3.0
2.2.2
2.2.1
2.2.0
2.1.0
2.0.0
1.8.4
1.8.3
1.8.2
1.8.1
1.8.0
1.7.8
1.7.7
1.7.6
1.7.5
1.7.4
1.7.3
1.7.2
1.7.1
1.7.0
1.6.2
1.6.1
1.6.0
1.5.9
1.5.8
1.5.7
1.5.6
1.5.5
1.5.4
1.5.3
1.5.2
1.4.1
1.4.0
1.3.5
1.3.4
1.3.3
1.3.2
1.3.1
1.3.0
1.2.6
1.2.5
1.2.4
1.2.3
1.2.2
1.2.1
1.2.0
1.1.1
1.1.0
1.0.0
1.0.0b21
1.0.0b20
1.0.0b19
1.0.0b18
1.0.0b17
1.0.0b16
1.0.0b15
1.0.0b14
1.0.0b12
1.0.0b11
1.0.0b10
1.0.0b9
1.0.0b8
1.0.0b7
1.0.0b6
1.0.0b5
1.0.0b4
1.0.0b2
1.0.0b1
0.3.18
0.3.17
0.3.16
0.3.15
0.3.14
0.3.12
0.3.11
0.3.10
0.3.9
0.3.8
0.3.7
0.3.6
0.3.5
0.3.4
0.3.3
0.3.2
0.3.0
0.3.0b24
0.3.0b23
0.3.0b22
0.3.0b21
0.3.0b20
0.2.8
0.2.7
0.2.6
0.2.5
0.2.4
0.2.3
0.2.2
0.2.1
0.2.0
0.1.24
0.1.23
0.1.22
0.1.21
0.1.20
0.1.19
0.1.18
0.1.17
0.1.16
0.1.15
0.1.14
0.1.13
0.1.12
0.1.11
0.1.10
0.1.9
0.1.8
0.1.7
0.1.6
0.1.5
0.1.4
0.1.3
0.1.2
0.1.1
0.1
Using 2.7.0
Use --version to specify a different version.
Using url https://pypi.python.org/packages/source/W/Whoosh/Whoosh-2.7.0.tar.gz (928 KB) for Whoosh.
Downloading Whoosh (use --no-download to skip this step)
Using cached download
Unpacking Whoosh...
done
working in /tmp/tmpDfqwhmconda_skeleton_Whoosh-2.7.0.tar.gz
Fetching package metadata: ......
Solving package specifications: .patching file core.py
Hunk #1 succeeded at 168 with fuzz 2 (offset 2 lines).

The following NEW packages will be INSTALLED:

    numpy:  1.9.2-py27_0
    pyyaml: 3.11-py27_0 
    yaml:   0.1.4-0     

Linking packages ...
[                    ]|                                                  |   0%[yaml                ]|                                                  |   0%[numpy               ]|################                                  |  33%[pyyaml              ]|#################################                 |  66%[      COMPLETE      ]|##################################################| 100%
Applying patch: '/tmp/tmpDfqwhmconda_skeleton_Whoosh-2.7.0.tar.gz/pypi-distutils.patch'
Writing recipe for whoosh
Done
