Warning, the following versions were found for wrapt
1.10.4
1.10.3
1.10.2
1.10.1
1.10.0
1.9.0
1.8.0
1.7.0
1.6.0
1.5.1
1.5.0
1.4.2
1.4.1
1.4.0
1.3.1
1.3.0
1.2.1
1.2.0
1.1.4
1.1.3
1.1.2
1.1.1
1.1.0
1.0.0
0.0.0
Using 1.10.4
Use --version to specify a different version.
Using url https://pypi.python.org/packages/source/w/wrapt/wrapt-1.10.4.tar.gz (24 KB) for wrapt.
Downloading wrapt (use --no-download to skip this step)
Using cached download
Unpacking wrapt...
done
working in /tmp/tmpHNBeWqconda_skeleton_wrapt-1.10.4.tar.gz
Fetching package metadata: ......
Solving package specifications: .patching file core.py
Hunk #1 succeeded at 168 with fuzz 2 (offset 2 lines).

The following NEW packages will be INSTALLED:

    numpy:  1.9.2-py27_0
    pyyaml: 3.11-py27_0 

Linking packages ...
[                    ]|                                                  |   0%[numpy               ]|                                                  |   0%[pyyaml              ]|#########################                         |  50%[      COMPLETE      ]|##################################################| 100%
Applying patch: '/tmp/tmpHNBeWqconda_skeleton_wrapt-1.10.4.tar.gz/pypi-distutils.patch'
Writing recipe for wrapt
Done
