There was an error importing jinja2.
Please run `conda install jinja2` to enable jinja template support
Removing old build directory
Removing old work directory
BUILD START: wsme-0.6.4-py27_0
Fetching package metadata: ......
Solving package specifications: .There was an error importing jinja2.
Please run `conda install jinja2` to enable jinja template support
+ /home/ubuntu/miniconda/envs/_build/bin/python setup.py install
Traceback (most recent call last):
  File "setup.py", line 26, in <module>
    pbr=True
  File "/home/ubuntu/miniconda/envs/_build/lib/python2.7/distutils/core.py", line 111, in setup
    _setup_distribution = dist = klass(attrs)
  File "/home/ubuntu/miniconda/envs/_build/lib/python2.7/site-packages/setuptools-16.0-py2.7.egg/setuptools/dist.py", line 268, in __init__
  File "/home/ubuntu/miniconda/envs/_build/lib/python2.7/site-packages/setuptools-16.0-py2.7.egg/setuptools/dist.py", line 313, in fetch_build_eggs
  File "/home/ubuntu/miniconda/envs/_build/lib/python2.7/site-packages/setuptools-16.0-py2.7.egg/pkg_resources/__init__.py", line 830, in resolve
  File "/home/ubuntu/miniconda/envs/_build/lib/python2.7/site-packages/setuptools-16.0-py2.7.egg/pkg_resources/__init__.py", line 1075, in best_match
  File "/home/ubuntu/miniconda/envs/_build/lib/python2.7/site-packages/setuptools-16.0-py2.7.egg/pkg_resources/__init__.py", line 1087, in obtain
  File "/home/ubuntu/miniconda/envs/_build/lib/python2.7/site-packages/setuptools-16.0-py2.7.egg/setuptools/dist.py", line 380, in fetch_build_egg
  File "/home/ubuntu/miniconda/envs/_build/lib/python2.7/site-packages/setuptools-16.0-py2.7.egg/setuptools/command/easy_install.py", line 617, in easy_install
  File "/home/ubuntu/miniconda/envs/_build/lib/python2.7/site-packages/setuptools-16.0-py2.7.egg/setuptools/package_index.py", line 594, in fetch_distribution
  File "/home/ubuntu/miniconda/envs/_build/lib/python2.7/site-packages/setuptools-16.0-py2.7.egg/setuptools/package_index.py", line 431, in find_packages
  File "/home/ubuntu/miniconda/envs/_build/lib/python2.7/site-packages/setuptools-16.0-py2.7.egg/setuptools/package_index.py", line 765, in scan_url
  File "/home/ubuntu/miniconda/envs/_build/lib/python2.7/site-packages/setuptools-16.0-py2.7.egg/setuptools/package_index.py", line 283, in process_url
RuntimeError: Setuptools downloading is disabled in conda build. Be sure to add all dependencies in the meta.yaml  url=https://pypi.python.org/simple/pbr/r

The following NEW packages will be INSTALLED:

    ipaddr:        2.1.11-py27_0
    openssl:       1.0.1k-1     
    pip:           6.1.1-py27_0 
    python:        2.7.9-3      
    readline:      6.2-2        
    setuptools:    16.0-py27_0  
    simplegeneric: 0.8.1-py27_0 
    six:           1.9.0-py27_0 
    sqlite:        3.8.4.1-1    
    system:        5.8-2        
    tk:            8.5.18-0     
    webob:         1.4.1-py27_0 
    zlib:          1.2.8-0      

Linking packages ...
[                    ]|                                                  |   0%[openssl             ]|                                                  |   0%[readline            ]|###                                               |   7%[sqlite              ]|#######                                           |  15%[system              ]|###########                                       |  23%[tk                  ]|###############                                   |  30%[zlib                ]|###################                               |  38%[ipaddr              ]|#######################                           |  46%[python              ]|##########################                        |  53%[setuptools          ]|##############################                    |  61%[simplegeneric       ]|##################################                |  69%[six                 ]|######################################            |  76%[webob               ]|##########################################        |  84%[pip                 ]|##############################################    |  92%[      COMPLETE      ]|##################################################| 100%
Removing old work directory
Source cache directory is: /home/ubuntu/miniconda/conda-bld/src_cache
Found source in cache: WSME-0.6.4.tar.gz
Extracting download
Package: wsme-0.6.4-py27_0
source tree in: /home/ubuntu/miniconda/conda-bld/work/WSME-0.6.4
Command failed: /bin/bash -x -e /home/ubuntu/pypi-conda-builds/recipes/wsme/build.sh
