Package search: {'_pypi_ordering': False, 'version': '2.0.2', 'name': 'WTForms', 'summary': 'A flexible forms validation and rendering library for python web development.'}
Fetching package metadata: ....
Removing old build directory
Removing old work directory
BUILD START: wtforms-2.0.2-py27_0
Fetching package metadata: ......
Solving package specifications: .+ pip install WTForms
Collecting WTForms
  Downloading http://localhost/packages/2.7/W/WTForms/WTForms-2.0.2-py27-none-any.whl (128kB)
Installing collected packages: WTForms
Successfully installed WTForms-2.0.2

The following NEW packages will be INSTALLED:

    openssl:    1.0.1k-1    
    pip:        7.0.3-py27_0
    python:     2.7.10-0    
    readline:   6.2-2       
    setuptools: 17.0-py27_0 
    sqlite:     3.8.4.1-1   
    system:     5.8-2       
    tk:         8.5.18-0    
    zlib:       1.2.8-0     

Linking packages ...
[                    ]|                                                  |   0%[openssl             ]|                                                  |   0%[readline            ]|#####                                             |  11%[sqlite              ]|###########                                       |  22%[system              ]|################                                  |  33%[tk                  ]|######################                            |  44%[zlib                ]|###########################                       |  55%[python              ]|#################################                 |  66%[setuptools          ]|######################################            |  77%[pip                 ]|############################################      |  88%[      COMPLETE      ]|##################################################| 100%
Removing old work directory
Copying /home/ubuntu/pypi-conda-builds/wtforms to /home/ubuntu/miniconda/conda-bld/work
Package: wtforms-2.0.2-py27_0
source tree in: /home/ubuntu/miniconda/conda-bld/work
number of files: 127
Fixing permissions
Fixing permissions
BUILD END: wtforms-2.0.2-py27_0
# If you want to upload this package to binstar.org later, type:
#
# $ binstar upload /home/ubuntu/miniconda/conda-bld/linux-64/wtforms-2.0.2-py27_0.tar.bz2
#
# To have conda build upload to binstar automatically, use
# $ conda config --set binstar_upload yes

Creating standard recipe for wtforms-2.0.2
Converting recipe in /home/ubuntu/pypi-conda-builds/wtforms
package = WTForms
   dependencies = []
Building conda package for wtforms
