wtforms not found, trying WTForms
0
Warning, the following versions were found for WTForms
2.0.2
2.0.1
2.0
1.0.5
1.0.4
1.0.3
1.0.2
1.0.1
1.0
0.6.3
0.6.2
0.6.1
0.6
0.5
0.4
Using 2.0.2
Use --version to specify a different version.
Using url https://pypi.python.org/packages/source/W/WTForms/WTForms-2.0.2.zip (439 KB) for WTForms.
Downloading WTForms (use --no-download to skip this step)
Using cached download
Unpacking WTForms...
done
working in /tmp/tmp6P8xCfconda_skeleton_WTForms-2.0.2.zip
Fetching package metadata: ......
Solving package specifications: .patching file core.py
Hunk #1 succeeded at 168 with fuzz 2 (offset 2 lines).

The following NEW packages will be INSTALLED:

    numpy:  1.9.2-py27_0
    pyyaml: 3.11-py27_0 
    yaml:   0.1.4-0     

Linking packages ...
[                    ]|                                                  |   0%[yaml                ]|                                                  |   0%[numpy               ]|################                                  |  33%[pyyaml              ]|#################################                 |  66%[      COMPLETE      ]|##################################################| 100%
Applying patch: '/tmp/tmp6P8xCfconda_skeleton_WTForms-2.0.2.zip/pypi-distutils.patch'
Writing recipe for wtforms
Done
