Warning, the following versions were found for WTForms-Components
0.9.7
0.9.6
0.9.5
0.9.4
0.9.3
0.9.2
0.9.1
0.9.0
0.8.3
0.8.2
0.8.1
0.8.0
0.7.1
0.7.0
0.6.6
0.6.5
0.6.4
0.6.3
0.6.2
0.6.1
0.6.0
0.5.5
0.5.4
0.5.3
0.5.2
0.5.1
0.5.0
0.4.6
0.4.5
0.4.4
0.4.3
0.4.2
0.4.1
0.4
0.3
0.2
0.1
Using 0.9.7
Use --version to specify a different version.
Using url https://pypi.python.org/packages/source/W/WTForms-Components/WTForms-Components-0.9.7.tar.gz (27 KB) for WTForms-Components.
Downloading WTForms-Components (use --no-download to skip this step)
Using cached download
Unpacking WTForms-Components...
done
working in /tmp/tmpL_4XnNconda_skeleton_WTForms-Components-0.9.7.tar.gz
Fetching package metadata: ......
Solving package specifications: .patching file core.py
Hunk #1 succeeded at 168 with fuzz 2 (offset 2 lines).
Traceback (most recent call last):
  File "setup.py", line 8, in <module>
    from setuptools import setup
ImportError: No module named setuptools

Applying patch: '/tmp/tmpL_4XnNconda_skeleton_WTForms-Components-0.9.7.tar.gz/pypi-distutils.patch'
$PYTHONPATH = /tmp/tmpL_4XnNconda_skeleton_WTForms-Components-0.9.7.tar.gz/WTForms-Components-0.9.7
Error: command failed: /home/ubuntu/miniconda/envs/_build/bin/python setup.py install
