Warning, the following versions were found for xattr
0.7.5
0.7.4
0.7.3
0.7.2
0.7.1
0.7.0
0.6.4
0.6.3
0.6.2
0.6.1
0.6
0.4
0.3
0.2
Using 0.7.5
Use --version to specify a different version.
Using url https://pypi.python.org/packages/source/x/xattr/xattr-0.7.5.tar.gz (21 KB) for xattr.
Downloading xattr (use --no-download to skip this step)
Using cached download
Unpacking xattr...
done
working in /tmp/tmpt1rbnSconda_skeleton_xattr-0.7.5.tar.gz
Fetching package metadata: ......
Solving package specifications: .patching file core.py
Hunk #1 succeeded at 168 with fuzz 2 (offset 2 lines).

Applying patch: '/tmp/tmpt1rbnSconda_skeleton_xattr-0.7.5.tar.gz/pypi-distutils.patch'
Writing recipe for xattr
Done
