Removing old build directory
Removing old work directory
BUILD START: xattr-0.7.5-py_0
Fetching package metadata: ......
Solving package specifications: .+ /home/ubuntu/miniconda/envs/_build/bin/python setup.py install
running install
running build_ext
building '_cffi__x282d9483x6ee6f75' extension
creating /home/ubuntu/miniconda/conda-bld/work/xattr-0.7.5/xattr/__pycache__/xattr
creating /home/ubuntu/miniconda/conda-bld/work/xattr-0.7.5/xattr/__pycache__/xattr/__pycache__
gcc -pthread -fno-strict-aliasing -g -O2 -DNDEBUG -g -fwrapv -O3 -Wall -Wstrict-prototypes -fPIC -I/home/ubuntu/miniconda/envs/_build/include/python2.7 -c xattr/__pycache__/_cffi__x282d9483x6ee6f75.c -o /home/ubuntu/miniconda/conda-bld/work/xattr-0.7.5/xattr/__pycache__/xattr/__pycache__/_cffi__x282d9483x6ee6f75.o
xattr/__pycache__/_cffi__x282d9483x6ee6f75.c: In function ‘xattr_fsetxattr’:
xattr/__pycache__/_cffi__x282d9483x6ee6f75.c:707:9: warning: variable ‘nofollow’ set but not used [-Wunused-but-set-variable]
         return -1;
         ^
gcc -pthread -shared -L/home/ubuntu/miniconda/envs/_build/lib -Wl,-rpath=/home/ubuntu/miniconda/envs/_build/lib,--no-as-needed /home/ubuntu/miniconda/conda-bld/work/xattr-0.7.5/xattr/__pycache__/xattr/__pycache__/_cffi__x282d9483x6ee6f75.o -L/home/ubuntu/miniconda/envs/_build/lib -lpython2.7 -o /home/ubuntu/miniconda/conda-bld/work/xattr-0.7.5/xattr/__pycache__/_cffi__x282d9483x6ee6f75.so
running bdist_egg
running egg_info
writing requirements to xattr.egg-info/requires.txt
writing xattr.egg-info/PKG-INFO
writing top-level names to xattr.egg-info/top_level.txt
writing dependency_links to xattr.egg-info/dependency_links.txt
writing entry points to xattr.egg-info/entry_points.txt
reading manifest file 'xattr.egg-info/SOURCES.txt'
writing manifest file 'xattr.egg-info/SOURCES.txt'
installing library code to build/bdist.linux-x86_64/egg
running install_lib
running build_py
creating build
creating build/lib.linux-x86_64-2.7
creating build/lib.linux-x86_64-2.7/xattr
copying xattr/lib.py -> build/lib.linux-x86_64-2.7/xattr
copying xattr/__init__.py -> build/lib.linux-x86_64-2.7/xattr
copying xattr/tool.py -> build/lib.linux-x86_64-2.7/xattr
running build_ext
building '_cffi__x282d9483x6ee6f75' extension
creating build/temp.linux-x86_64-2.7
creating build/temp.linux-x86_64-2.7/xattr
creating build/temp.linux-x86_64-2.7/xattr/__pycache__
gcc -pthread -fno-strict-aliasing -g -O2 -DNDEBUG -g -fwrapv -O3 -Wall -Wstrict-prototypes -fPIC -I/home/ubuntu/miniconda/envs/_build/include/python2.7 -c xattr/__pycache__/_cffi__x282d9483x6ee6f75.c -o build/temp.linux-x86_64-2.7/xattr/__pycache__/_cffi__x282d9483x6ee6f75.o
xattr/__pycache__/_cffi__x282d9483x6ee6f75.c: In function ‘xattr_fsetxattr’:
xattr/__pycache__/_cffi__x282d9483x6ee6f75.c:707:9: warning: variable ‘nofollow’ set but not used [-Wunused-but-set-variable]
         return -1;
         ^
gcc -pthread -shared -L/home/ubuntu/miniconda/envs/_build/lib -Wl,-rpath=/home/ubuntu/miniconda/envs/_build/lib,--no-as-needed build/temp.linux-x86_64-2.7/xattr/__pycache__/_cffi__x282d9483x6ee6f75.o -L/home/ubuntu/miniconda/envs/_build/lib -lpython2.7 -o build/lib.linux-x86_64-2.7/xattr/_cffi__x282d9483x6ee6f75.so
creating build/bdist.linux-x86_64
creating build/bdist.linux-x86_64/egg
creating build/bdist.linux-x86_64/egg/xattr
copying build/lib.linux-x86_64-2.7/xattr/_cffi__x282d9483x6ee6f75.so -> build/bdist.linux-x86_64/egg/xattr
copying build/lib.linux-x86_64-2.7/xattr/lib.py -> build/bdist.linux-x86_64/egg/xattr
copying build/lib.linux-x86_64-2.7/xattr/__init__.py -> build/bdist.linux-x86_64/egg/xattr
copying build/lib.linux-x86_64-2.7/xattr/tool.py -> build/bdist.linux-x86_64/egg/xattr
byte-compiling build/bdist.linux-x86_64/egg/xattr/lib.py to lib.pyc
byte-compiling build/bdist.linux-x86_64/egg/xattr/__init__.py to __init__.pyc
byte-compiling build/bdist.linux-x86_64/egg/xattr/tool.py to tool.pyc
creating stub loader for xattr/_cffi__x282d9483x6ee6f75.so
byte-compiling build/bdist.linux-x86_64/egg/xattr/_cffi__x282d9483x6ee6f75.py to _cffi__x282d9483x6ee6f75.pyc
creating build/bdist.linux-x86_64/egg/EGG-INFO
copying xattr.egg-info/PKG-INFO -> build/bdist.linux-x86_64/egg/EGG-INFO
copying xattr.egg-info/SOURCES.txt -> build/bdist.linux-x86_64/egg/EGG-INFO
copying xattr.egg-info/dependency_links.txt -> build/bdist.linux-x86_64/egg/EGG-INFO
copying xattr.egg-info/entry_points.txt -> build/bdist.linux-x86_64/egg/EGG-INFO
copying xattr.egg-info/not-zip-safe -> build/bdist.linux-x86_64/egg/EGG-INFO
copying xattr.egg-info/requires.txt -> build/bdist.linux-x86_64/egg/EGG-INFO
copying xattr.egg-info/top_level.txt -> build/bdist.linux-x86_64/egg/EGG-INFO
writing build/bdist.linux-x86_64/egg/EGG-INFO/native_libs.txt
creating dist
creating 'dist/xattr-0.7.5-py2.7-linux-x86_64.egg' and adding 'build/bdist.linux-x86_64/egg' to it
removing 'build/bdist.linux-x86_64/egg' (and everything under it)
Processing xattr-0.7.5-py2.7-linux-x86_64.egg
creating /home/ubuntu/miniconda/envs/_build/lib/python2.7/site-packages/xattr-0.7.5-py2.7-linux-x86_64.egg
Extracting xattr-0.7.5-py2.7-linux-x86_64.egg to /home/ubuntu/miniconda/envs/_build/lib/python2.7/site-packages
Adding xattr 0.7.5 to easy-install.pth file
Installing xattr script to /home/ubuntu/miniconda/envs/_build/bin

Installed /home/ubuntu/miniconda/envs/_build/lib/python2.7/site-packages/xattr-0.7.5-py2.7-linux-x86_64.egg
Processing dependencies for xattr==0.7.5
Searching for cffi==1.1.0
Best match: cffi 1.1.0
Adding cffi 1.1.0 to easy-install.pth file

Using /home/ubuntu/miniconda/envs/_build/lib/python2.7/site-packages
Searching for pycparser==2.13
Best match: pycparser 2.13
Adding pycparser 2.13 to easy-install.pth file

Using /home/ubuntu/miniconda/envs/_build/lib/python2.7/site-packages
Finished processing dependencies for xattr==0.7.5

The following NEW packages will be INSTALLED:

    cffi:       1.1.0-py27_0
    libffi:     3.0.13-0    
    openssl:    1.0.1k-1    
    pip:        7.0.3-py27_0
    pycparser:  2.13-py27_0 
    python:     2.7.10-0    
    readline:   6.2-2       
    setuptools: 17.0-py27_0 
    sqlite:     3.8.4.1-1   
    system:     5.8-2       
    tk:         8.5.18-0    
    zlib:       1.2.8-0     

Linking packages ...
[                    ]|                                                  |   0%[libffi              ]|                                                  |   0%[openssl             ]|####                                              |   8%[readline            ]|########                                          |  16%[sqlite              ]|############                                      |  25%[system              ]|################                                  |  33%[tk                  ]|####################                              |  41%[zlib                ]|#########################                         |  50%[pycparser           ]|#############################                     |  58%[cffi                ]|#################################                 |  66%[python              ]|#####################################             |  75%[setuptools          ]|#########################################         |  83%[pip                 ]|#############################################     |  91%[      COMPLETE      ]|##################################################| 100%
Removing old work directory
Source cache directory is: /home/ubuntu/miniconda/conda-bld/src_cache
Found source in cache: xattr-0.7.5.tar.gz
Extracting download
Package: xattr-0.7.5-py_0
source tree in: /home/ubuntu/miniconda/conda-bld/work/xattr-0.7.5
found egg dir: /home/ubuntu/miniconda/envs/_build/lib/python2.7/site-packages/xattr-0.7.5-py2.7-linux-x86_64.egg
number of files: 9
Fixing permissions
patchelf: file: /home/ubuntu/miniconda/envs/_build/lib/python2.7/site-packages/xattr/_cffi__x282d9483x6ee6f75.so
    setting rpath to: $ORIGIN/../../..
[noarch_python] Error: Shared object file found: lib/python2.7/site-packages/xattr/_cffi__x282d9483x6ee6f75.so
