Package search: {'_pypi_ordering': False, 'version': '0.7.5', 'name': 'xattr', 'summary': 'Python wrapper for extended filesystem attributes'}
Fetching package metadata: ....
Removing old build directory
Removing old work directory
BUILD START: xattr-0.7.5-py27_0
Fetching package metadata: ......
Solving package specifications: .+ pip install xattr
Collecting xattr
  Downloading http://localhost/packages/source/x/xattr/xattr-0.7.5.tar.gz
Requirement already satisfied (use --upgrade to upgrade): cffi>=0.4 in /home/ubuntu/miniconda/envs/_build/lib/python2.7/site-packages (from xattr)
Requirement already satisfied (use --upgrade to upgrade): pycparser in /home/ubuntu/miniconda/envs/_build/lib/python2.7/site-packages (from cffi>=0.4->xattr)
Installing collected packages: xattr
  Running setup.py install for xattr
Successfully installed xattr-0.7.5

The following NEW packages will be INSTALLED:

    cffi:       1.1.0-py27_0
    libffi:     3.0.13-0    
    openssl:    1.0.1k-1    
    pip:        7.0.3-py27_0
    pycparser:  2.13-py27_0 
    python:     2.7.10-0    
    readline:   6.2-2       
    setuptools: 17.0-py27_0 
    sqlite:     3.8.4.1-1   
    system:     5.8-2       
    tk:         8.5.18-0    
    zlib:       1.2.8-0     

Linking packages ...
[                    ]|                                                  |   0%[libffi              ]|                                                  |   0%[openssl             ]|####                                              |   8%[readline            ]|########                                          |  16%[sqlite              ]|############                                      |  25%[system              ]|################                                  |  33%[tk                  ]|####################                              |  41%[zlib                ]|#########################                         |  50%[pycparser           ]|#############################                     |  58%[cffi                ]|#################################                 |  66%[python              ]|#####################################             |  75%[setuptools          ]|#########################################         |  83%[pip                 ]|#############################################     |  91%[      COMPLETE      ]|##################################################| 100%
Removing old work directory
Copying /home/ubuntu/pypi-conda-builds/xattr to /home/ubuntu/miniconda/conda-bld/work
Package: xattr-0.7.5-py27_0
source tree in: /home/ubuntu/miniconda/conda-bld/work
number of files: 16
Fixing permissions
patchelf: file: /home/ubuntu/miniconda/envs/_build/lib/python2.7/site-packages/xattr/_cffi__x282d9483x6ee6f75.so
    setting rpath to: $ORIGIN/../../..
Ignored hard-coded path in lib/python2.7/site-packages/xattr/_cffi__x282d9483x6ee6f75.so
Detected hard-coded path in text file bin/xattr
Fixing permissions
BUILD END: xattr-0.7.5-py27_0
# If you want to upload this package to binstar.org later, type:
#
# $ binstar upload /home/ubuntu/miniconda/conda-bld/linux-64/xattr-0.7.5-py27_0.tar.bz2
#
# To have conda build upload to binstar automatically, use
# $ conda config --set binstar_upload yes

Creating standard recipe for xattr-0.7.5
Converting recipe in /home/ubuntu/pypi-conda-builds/xattr
package = xattr
   dependencies = [u'cffi >=0.4']
Building conda package for xattr
