Warning, the following versions were found for xhtml2pdf
0.0.6
0.0.5
0.0.4
0.0.3
0.0.2
0.0.1
0.0.0
Using 0.0.6
Use --version to specify a different version.
Using url https://pypi.python.org/packages/source/x/xhtml2pdf/xhtml2pdf-0.0.6.tar.gz (98 KB) for xhtml2pdf.
Downloading xhtml2pdf (use --no-download to skip this step)
Using cached download
Unpacking xhtml2pdf...
done
working in /tmp/tmpVi4kPFconda_skeleton_xhtml2pdf-0.0.6.tar.gz
Fetching package metadata: ......
Solving package specifications: .patching file core.py
Hunk #1 succeeded at 168 with fuzz 2 (offset 2 lines).
Traceback (most recent call last):
  File "setup.py", line 22, in <module>
    from ez_setup import use_setuptools
ImportError: No module named ez_setup

Applying patch: '/tmp/tmpVi4kPFconda_skeleton_xhtml2pdf-0.0.6.tar.gz/pypi-distutils.patch'
$PYTHONPATH = /tmp/tmpVi4kPFconda_skeleton_xhtml2pdf-0.0.6.tar.gz/xhtml2pdf-0.0.6
Error: command failed: /home/ubuntu/miniconda/envs/_build/bin/python setup.py install
