Warning, the following versions were found for xmltodict
0.9.2
0.9.1
0.9.0
0.8.7
0.8.6
0.8.5
0.8.4
0.8.3
0.8.2
0.8.1
0.7.0
0.6.0
0.5.1
0.5.0
0.4.6
0.4.4
0.4.3
0.4.2
0.4.1
0.4
0.3
0.2
Using 0.9.2
Use --version to specify a different version.
Using url https://pypi.python.org/packages/source/x/xmltodict/xmltodict-0.9.2.tar.gz (37 KB) for xmltodict.
Downloading xmltodict (use --no-download to skip this step)
Using cached download
Unpacking xmltodict...
done
working in /tmp/tmpjBbGdCconda_skeleton_xmltodict-0.9.2.tar.gz
Fetching package metadata: ......
Solving package specifications: .patching file core.py
Hunk #1 succeeded at 168 with fuzz 2 (offset 2 lines).

Applying patch: '/tmp/tmpjBbGdCconda_skeleton_xmltodict-0.9.2.tar.gz/pypi-distutils.patch'
Writing recipe for xmltodict
Done
