Removing old build directory
Removing old work directory
BUILD START: xmltodict-0.9.2-py27_0
Fetching package metadata: ......
Solving package specifications: .+ /home/ubuntu/miniconda/envs/_build/bin/python setup.py install
running install
running bdist_egg
running egg_info
writing xmltodict.egg-info/PKG-INFO
writing top-level names to xmltodict.egg-info/top_level.txt
writing dependency_links to xmltodict.egg-info/dependency_links.txt
reading manifest file 'xmltodict.egg-info/SOURCES.txt'
reading manifest template 'MANIFEST.in'
writing manifest file 'xmltodict.egg-info/SOURCES.txt'
installing library code to build/bdist.linux-x86_64/egg
running install_lib
running build_py
creating build
creating build/lib
copying xmltodict.py -> build/lib
creating build/bdist.linux-x86_64
creating build/bdist.linux-x86_64/egg
copying build/lib/xmltodict.py -> build/bdist.linux-x86_64/egg
byte-compiling build/bdist.linux-x86_64/egg/xmltodict.py to xmltodict.pyc
creating build/bdist.linux-x86_64/egg/EGG-INFO
copying xmltodict.egg-info/PKG-INFO -> build/bdist.linux-x86_64/egg/EGG-INFO
copying xmltodict.egg-info/SOURCES.txt -> build/bdist.linux-x86_64/egg/EGG-INFO
copying xmltodict.egg-info/dependency_links.txt -> build/bdist.linux-x86_64/egg/EGG-INFO
copying xmltodict.egg-info/top_level.txt -> build/bdist.linux-x86_64/egg/EGG-INFO
zip_safe flag not set; analyzing archive contents...
creating dist
creating 'dist/xmltodict-0.9.2-py2.7.egg' and adding 'build/bdist.linux-x86_64/egg' to it
removing 'build/bdist.linux-x86_64/egg' (and everything under it)
Processing xmltodict-0.9.2-py2.7.egg
Copying xmltodict-0.9.2-py2.7.egg to /home/ubuntu/miniconda/envs/_build/lib/python2.7/site-packages
Adding xmltodict 0.9.2 to easy-install.pth file

Installed /home/ubuntu/miniconda/envs/_build/lib/python2.7/site-packages/xmltodict-0.9.2-py2.7.egg
Processing dependencies for xmltodict==0.9.2
Finished processing dependencies for xmltodict==0.9.2

The following NEW packages will be INSTALLED:

    openssl:    1.0.1k-1    
    pip:        7.0.1-py27_0
    python:     2.7.10-0    
    readline:   6.2-2       
    setuptools: 17.0-py27_0 
    sqlite:     3.8.4.1-1   
    system:     5.8-2       
    tk:         8.5.18-0    
    zlib:       1.2.8-0     

Linking packages ...
[                    ]|                                                  |   0%[openssl             ]|                                                  |   0%[readline            ]|#####                                             |  11%[sqlite              ]|###########                                       |  22%[system              ]|################                                  |  33%[tk                  ]|######################                            |  44%[zlib                ]|###########################                       |  55%[python              ]|#################################                 |  66%[setuptools          ]|######################################            |  77%[pip                 ]|############################################      |  88%[      COMPLETE      ]|##################################################| 100%
Removing old work directory
Source cache directory is: /home/ubuntu/miniconda/conda-bld/src_cache
Found source in cache: xmltodict-0.9.2.tar.gz
Extracting download
Package: xmltodict-0.9.2-py27_0
source tree in: /home/ubuntu/miniconda/conda-bld/work/xmltodict-0.9.2
found egg: /home/ubuntu/miniconda/envs/_build/lib/python2.7/site-packages/xmltodict-0.9.2-py2.7.egg
number of files: 2
Fixing permissions
Fixing permissions
BUILD END: xmltodict-0.9.2-py27_0
Nothing to test for: xmltodict-0.9.2-py27_0
# If you want to upload this package to binstar.org later, type:
#
# $ binstar upload /home/ubuntu/miniconda/conda-bld/linux-64/xmltodict-0.9.2-py27_0.tar.bz2
#
# To have conda build upload to binstar automatically, use
# $ conda config --set binstar_upload yes

