xstatic-bootstrap-scss not found, trying XStatic-Bootstrap-SCSS
0
Warning, the following versions were found for XStatic-Bootstrap-SCSS
3.2.0.0
3.1.1.1
2.0.1.1
Using 3.2.0.0
Use --version to specify a different version.
Using url https://pypi.python.org/packages/source/X/XStatic-Bootstrap-SCSS/XStatic-Bootstrap-SCSS-3.2.0.0.tar.gz (161 KB) for XStatic-Bootstrap-SCSS.
Downloading XStatic-Bootstrap-SCSS (use --no-download to skip this step)
Using cached download
Unpacking XStatic-Bootstrap-SCSS...
done
working in /tmp/tmph86fvDconda_skeleton_XStatic-Bootstrap-SCSS-3.2.0.0.tar.gz
Fetching package metadata: ......
Solving package specifications: .patching file core.py
Hunk #1 succeeded at 168 with fuzz 2 (offset 2 lines).

The following NEW packages will be INSTALLED:

    numpy:  1.9.2-py27_0
    pyyaml: 3.11-py27_0 
    yaml:   0.1.4-0     

Linking packages ...
[                    ]|                                                  |   0%[yaml                ]|                                                  |   0%[numpy               ]|################                                  |  33%[pyyaml              ]|#################################                 |  66%[      COMPLETE      ]|##################################################| 100%
Applying patch: '/tmp/tmph86fvDconda_skeleton_XStatic-Bootstrap-SCSS-3.2.0.0.tar.gz/pypi-distutils.patch'
Writing recipe for xstatic-bootstrap-scss
Done
