xstatic-jquery.quicksearch not found, trying XStatic-JQuery.quicksearch
0
Using url https://pypi.python.org/packages/source/X/XStatic-JQuery.quicksearch/XStatic-JQuery.quicksearch-2.0.3.1.tar.gz (7 KB) for XStatic-JQuery.quicksearch.
Downloading XStatic-JQuery.quicksearch (use --no-download to skip this step)
Using cached download
Unpacking XStatic-JQuery.quicksearch...
done
working in /tmp/tmpHp0LOtconda_skeleton_XStatic-JQuery.quicksearch-2.0.3.1.tar.gz
Fetching package metadata: ......
Solving package specifications: .patching file core.py
Hunk #1 succeeded at 168 with fuzz 2 (offset 2 lines).

The following NEW packages will be INSTALLED:

    numpy:      1.9.2-py27_0
    openssl:    1.0.1k-1    
    pip:        7.0.3-py27_0
    python:     2.7.10-0    
    pyyaml:     3.11-py27_0 
    readline:   6.2-2       
    setuptools: 17.0-py27_0 
    sqlite:     3.8.4.1-1   
    system:     5.8-2       
    tk:         8.5.18-0    
    yaml:       0.1.4-0     
    zlib:       1.2.8-0     

Linking packages ...
[                    ]|                                                  |   0%[openssl             ]|                                                  |   0%[readline            ]|####                                              |   8%[sqlite              ]|########                                          |  16%[system              ]|############                                      |  25%[tk                  ]|################                                  |  33%[yaml                ]|####################                              |  41%[zlib                ]|#########################                         |  50%[numpy               ]|#############################                     |  58%[python              ]|#################################                 |  66%[pyyaml              ]|#####################################             |  75%[setuptools          ]|#########################################         |  83%[pip                 ]|#############################################     |  91%[      COMPLETE      ]|##################################################| 100%
Applying patch: '/tmp/tmpHp0LOtconda_skeleton_XStatic-JQuery.quicksearch-2.0.3.1.tar.gz/pypi-distutils.patch'
Writing recipe for xstatic-jquery.quicksearch
Done
