Package search: {'_pypi_ordering': False, 'version': '1.3.1.0', 'name': 'XStatic-Bootstrap-Datepicker', 'summary': 'Bootstrap-Datepicker 1.3.1 (XStatic packaging standard)'}
Fetching package metadata: ....
Removing old build directory
Removing old work directory
BUILD START: xstatic-bootstrap-datepicker-1.3.1.0-py27_0
Fetching package metadata: ......
Solving package specifications: .+ pip install XStatic-Bootstrap-Datepicker
Collecting XStatic-Bootstrap-Datepicker
  Downloading http://localhost/packages/source/X/XStatic-Bootstrap-Datepicker/XStatic-Bootstrap-Datepicker-1.3.1.0.tar.gz
Installing collected packages: XStatic-Bootstrap-Datepicker
  Running setup.py install for XStatic-Bootstrap-Datepicker
Successfully installed XStatic-Bootstrap-Datepicker-1.3.1.0

The following NEW packages will be INSTALLED:

    openssl:    1.0.1k-1    
    pip:        7.0.3-py27_0
    python:     2.7.10-0    
    readline:   6.2-2       
    setuptools: 17.0-py27_0 
    sqlite:     3.8.4.1-1   
    system:     5.8-2       
    tk:         8.5.18-0    
    zlib:       1.2.8-0     

Linking packages ...
[                    ]|                                                  |   0%[openssl             ]|                                                  |   0%[readline            ]|#####                                             |  11%[sqlite              ]|###########                                       |  22%[system              ]|################                                  |  33%[tk                  ]|######################                            |  44%[zlib                ]|###########################                       |  55%[python              ]|#################################                 |  66%[setuptools          ]|######################################            |  77%[pip                 ]|############################################      |  88%[      COMPLETE      ]|##################################################| 100%
Removing old work directory
Copying /home/ubuntu/pypi-conda-builds/xstatic-bootstrap-datepicker to /home/ubuntu/miniconda/conda-bld/work
Package: xstatic-bootstrap-datepicker-1.3.1.0-py27_0
source tree in: /home/ubuntu/miniconda/conda-bld/work
number of files: 64
Fixing permissions
Fixing permissions
BUILD END: xstatic-bootstrap-datepicker-1.3.1.0-py27_0
# If you want to upload this package to binstar.org later, type:
#
# $ binstar upload /home/ubuntu/miniconda/conda-bld/linux-64/xstatic-bootstrap-datepicker-1.3.1.0-py27_0.tar.bz2
#
# To have conda build upload to binstar automatically, use
# $ conda config --set binstar_upload yes

Creating standard recipe for xstatic-bootstrap-datepicker-1.3.1.0
Converting recipe in /home/ubuntu/pypi-conda-builds/xstatic-bootstrap-datepicker
package = XStatic-Bootstrap-Datepicker
   dependencies = []
Building conda package for xstatic-bootstrap-datepicker
