xstatic-jasmine not found, trying XStatic-Jasmine
0
Using url https://pypi.python.org/packages/source/X/XStatic-Jasmine/XStatic-Jasmine-2.1.2.0.tar.gz (35 KB) for XStatic-Jasmine.
Downloading XStatic-Jasmine (use --no-download to skip this step)
Using cached download
Unpacking XStatic-Jasmine...
done
working in /tmp/tmpnLkGQ5conda_skeleton_XStatic-Jasmine-2.1.2.0.tar.gz
Fetching package metadata: ......
Solving package specifications: .patching file core.py
Hunk #1 succeeded at 168 with fuzz 2 (offset 2 lines).

The following NEW packages will be INSTALLED:

    numpy:  1.9.2-py27_0
    pyyaml: 3.11-py27_0 
    yaml:   0.1.4-0     

Linking packages ...
[                    ]|                                                  |   0%[yaml                ]|                                                  |   0%[numpy               ]|################                                  |  33%[pyyaml              ]|#################################                 |  66%[      COMPLETE      ]|##################################################| 100%
Applying patch: '/tmp/tmpnLkGQ5conda_skeleton_XStatic-Jasmine-2.1.2.0.tar.gz/pypi-distutils.patch'
Writing recipe for xstatic-jasmine
Done
