Warning, the following versions were found for yelp_cheetah
0.10.0
0.9.0
0.8.0
0.7.0
0.6.0
0.5.0
0.4.1
0.4.0
0.3.5
0.3.4
0.3.3
0.3.2
0.3.1
0.3.0
0.2.1
0.2.0
0.1.4
0.1.3
0.1.2
0.1.1.1
0.1.1
0.1.0
0.0.1
0.0.0
0.6.0alpha-search-list-last-1
Using 0.10.0
Use --version to specify a different version.
Using url https://pypi.python.org/packages/source/y/yelp_cheetah/yelp_cheetah-0.10.0.tar.gz (31 KB) for yelp_cheetah.
Downloading yelp_cheetah (use --no-download to skip this step)
Using cached download
Unpacking yelp_cheetah...
done
working in /tmp/tmp5pEjwAconda_skeleton_yelp_cheetah-0.10.0.tar.gz
Fetching package metadata: ......
Solving package specifications: .patching file core.py
Hunk #1 succeeded at 168 with fuzz 2 (offset 2 lines).
Traceback (most recent call last):
  File "setup.py", line 1, in <module>
    from setuptools import Extension
ImportError: No module named setuptools

Applying patch: '/tmp/tmp5pEjwAconda_skeleton_yelp_cheetah-0.10.0.tar.gz/pypi-distutils.patch'
$PYTHONPATH = /tmp/tmp5pEjwAconda_skeleton_yelp_cheetah-0.10.0.tar.gz/yelp_cheetah-0.10.0
Error: command failed: /home/ubuntu/miniconda/envs/_build/bin/python setup.py install
