Warning, the following versions were found for youtube_dl
2015.05.20
2015.05.15
2015.05.10
2015.05.04
2015.05.03
2015.04.26
2015.04.17
2015.04.09
2015.04.03
2015.03.28
2015.03.24
2015.03.18
2015.03.15
2015.03.09
2015.03.03.1
2015.03.03
2015.02.28
2015.02.26.2
2015.02.26.1
2015.02.26
2015.02.24.2
2015.02.24.1
2015.02.24
2015.02.23.1
2015.02.23
2015.02.21
2015.02.20
2015.02.19.3
2015.02.19.2
2015.02.19.1
2015.02.19
2015.02.18.1
2015.02.18
2015.02.17.2
2015.02.17
2015.02.16.1
2015.02.16
2015.02.11
2015.02.10.5
2015.02.10.4
2015.02.10.3
2015.02.10.2
2015.02.10.1
2015.02.10
2015.02.09.3
2015.02.09.2
2015.02.09.1
2015.02.09
2015.02.06
2015.02.04
2015.02.03.1
2015.02.03
2015.02.02.5
2015.02.02.4
2015.02.02.2
2015.02.02
2015.01.30.2
2015.01.30.1
2015.01.25
2015.01.23.4
2015.01.23.3
2015.01.23.2
2015.01.23.1
2015.01.23
2015.01.22
2015.01.16
2015.01.15.1
2015.01.15
2015.01.11
2015.01.10.2
2015.01.10.1
2015.01.10
2015.01.09.2
2015.01.09.1
2015.01.09
2015.01.08
2015.01.07.2
2015.01.07
2015.01.05.1
2015.01.05
2015.01.04
2015.01.03
2015.01.02
2015.01.01
2014.12.16.2
2014.12.16.1
2014.12.16
2014.12.15
2014.12.14
2014.12.13.1
2014.12.13
2014.12.12.7
2014.12.12.5
2014.12.12.4
2014.12.12.3
2014.12.12.2
2014.12.12.1
2014.12.10.3
2014.12.10.2
2014.12.10.1
2014.12.10
2014.12.06.1
2014.12.06
2014.12.04.2
2014.12.04.1
2014.12.04
2014.12.03
2014.12.01
2014.11.27
2014.11.26.4
2014.11.26.3
2014.11.26.1
2014.11.26
2014.11.25.1
2014.11.25
2014.11.23.1
2014.11.23
2014.11.21.1
2014.11.21
2014.11.20
2014.11.16
2014.11.15.1
2014.11.15
2014.11.14
2014.11.13.3
2014.11.13.2
2014.11.13.1
2014.11.13
2014.11.12.1
2014.11.12
2014.11.09
2014.11.04
2014.11.02.1
2014.10.30
2014.10.29
2014.10.27
2014.10.26.2
2014.10.26.1
2014.10.26
2014.10.25
2014.10.24
2014.10.23
2014.10.18
2014.10.15
2014.10.13
2014.10.12
2014.10.05.2
2014.10.05
2014.10.02
2014.09.29.2
2014.09.29.1
2014.09.25
2014.09.24.1
2014.09.24
2014.09.22
2014.09.19
2014.09.18
2014.09.16.1
2014.09.16
2014.09.15.1
2014.09.15
2014.09.14.3
2014.09.12
2014.09.10.1
2014.09.10
2014.09.06
2014.09.04.3
2014.09.04.1
2014.09.04
2014.09.01.2
2014.09.01.1
2014.09.01
2014.08.29
2014.08.28.2
2014.08.28.1
2014.08.28
2014.08.27.1
2014.08.27
2014.08.26
2014.08.25.3
2014.08.25.2
2014.08.25
2014.08.24.6
2014.08.24.5
2014.08.24.4
2014.08.24.3
2014.08.24.2
2014.08.24.1
2014.08.24
2014.08.23
2014.08.22.3
2014.08.22.2
2014.08.22.1
2014.08.21.3
2014.08.21.2
2014.08.21.1
2014.08.10
2014.08.05
2014.08.02.1
2014.08.02
2014.07.30
2014.07.25.1
2014.07.25
2014.07.24
2014.07.23.2
2014.07.23.1
2014.07.22
2014.07.21
2014.07.20.2
2014.07.20
2014.07.15
2014.07.11.3
2014.07.11.2
2014.07.11.1
2014.07.11
2014.07.10
2014.06.26
2014.06.25
2014.06.24.1
2014.06.19
2014.06.16
2014.06.09
2014.06.07
2014.06.04
2014.06.02
2014.05.31.4
2014.05.19
2014.05.16.1
2014.05.16
2014.05.13
2014.05.12
2014.05.05
2014.04.30.1
2014.04.30
2014.04.21.6
2014.04.21.5
2014.04.21.4
2014.04.21.3
2014.04.21.2
2014.04.21.1
2014.04.21
2014.04.19
2014.04.13
2014.04.11.2
2014.04.11.1
2014.04.07.4
2014.04.07.3
2014.04.07.2
2014.04.07.1
2014.04.07
2014.04.04.7
2014.04.04.6
2014.04.04.5
2014.04.04.4
2014.04.04.3
2014.04.04.2
2014.04.04.1
2014.04.04
2014.04.03.3
2014.04.03.2
2014.04.03.1
2014.04.03
2014.04.02
2014.04.01.3
2014.04.01.2
2014.04.01.1
2014.04.01
2014.03.30.1
2014.03.30
2014.03.29
2014.03.28
2014.03.27.1
2014.03.27
2014.03.25.1
2014.03.25
2014.03.24.5
2014.03.24.4
2014.03.24.3
2014.03.24.2
2014.03.24.1
2014.03.23
2014.03.21.5
2014.03.21.3
2014.03.21.2
2014.03.21.1
2014.03.21
2014.03.20
2014.03.18.1
2014.03.17
2014.03.12
2014.03.11
2014.03.10
2014.03.07.1
2014.03.07
2014.03.06
2014.03.04.2
2014.03.04.1
2014.03.04
2014.03.03
2014.02.28
2014.02.27.1
2014.02.26
2014.02.25.1
2014.02.25
2014.02.24
2014.02.22.1
2014.02.22
2014.02.21.1
2014.02.21
2014.02.20
2014.02.19.1
2014.02.19
2014.02.17
2014.02.13
2014.02.10
2014.02.08.2
2014.02.08.1
2014.02.08
2014.02.06.3
2014.02.06.2
2014.02.06.1
2014.02.06
2014.02.05
2014.02.04.1
2014.02.04
2014.02.03.1
2014.02.03
2014.01.30.2
2014.01.30.1
2014.01.30
2014.01.29
2014.01.28.1
2014.01.27.2
2014.01.27.1
2014.01.27
2014.01.23.4
2014.01.23.3
2014.01.23.2
2014.01.23.1
2014.01.23
2014.01.22.5
2014.01.22.4
2014.01.22.3
2014.01.22.2
2014.01.22.1
2014.01.22
2014.01.21.1
2014.01.21
2014.01.20
2014.01.17.2
2014.01.08
2014.01.07.5
2014.01.07.3
2014.01.07.1
2014.01.07
2014.01.06.1
2014.01.06
2014.01.05.6
2014.01.05.5
2014.01.05.4
2014.01.05.3
2014.01.05.1
2014.01.03
2013.12.26
2013.12.23.4
2013.12.23.3
2013.12.23.2
2013.12.23.1
2013.12.23
2013.12.20
2013.12.17.2
2013.12.17.1
2013.12.17
2013.12.16.7
2013.12.16.6
2013.12.16.4
2013.12.16.3
2013.12.16.2
2013.12.16.1
2013.12.16
2013.12.11.2
2013.12.11.1
2013.12.11
2013.12.10
2013.12.09.4
2013.12.09.2
2013.12.09.1
2013.12.09
2013.12.08.1
2013.12.08
2013.12.04
2013.12.03
2013.12.02
2013.11.29
2013.11.28.1
2013.11.28
2013.11.26
2013.11.25.3
2013.11.25.2
2013.11.25.1
2013.11.25
2013.11.24.1
2013.11.24
2013.11.22.2
2013.11.22.1
2013.11.22
2013.11.21
2013.11.20
2013.11.19
2013.11.18.1
2013.11.18
2013.11.17
2013.11.15
2013.11.13
2013.11.11
2013.11.07
2013.11.06.1
2013.11.06
2013.11.03
2013.11.02
2013.10.30
2013.10.29
2013.10.28
2013.10.23.2
2013.10.23.1
2013.10.23
2013.10.22
2013.10.18.2
2013.10.18.1
2013.10.18
2013.10.17
2013.10.15
2013.10.09
2013.10.07
2013.10.06
2013.10.04
2013.10.01.1
2013.10.01
2013.09.29
2013.09.24.2
2013.09.24.1
2013.09.24
2013.09.20.1
2013.09.20
2013.09.17
2013.09.16
2013.09.10
2013.09.07
2013.09.06.1
2013.09.06
2013.09.05
2013.09.04
2013.08.30
2013.08.29
2013.08.28.1
2013.08.28
2013.08.27
2013.08.23
2013.08.22
2013.08.17
2013.08.15
2013.08.14
2013.08.09
2013.08.08.1
2013.08.08
2013.08.02
2013.07.31
2013.07.25.2
2013.07.25.1
2013.07.25
2013.07.24.2
2013.07.23.1
2013.07.23
2013.07.19
2013.07.18
2013.07.17.1
2013.07.17
2013.07.12
2013.07.11
2013.07.10
2013.07.08.1
2013.07.08
2013.07.07.01
2013.07.05
2013.07.04
2013.07.02
2013.06.34.4
2013.06.34.3
2013.06.34.2
2013.06.34.1
2013.06.34
2013.06.33
2013.06.32
2013.06.31
2013.06.30
2013.06.29
2013.06.28
2013.06.27
2013.06.26
2013.06.25
2013.06.23
2013.06.21
2013.05.23
2013.05.14
2013.05.10
2013.05.07
2013.05.05
2013.05.04
2013.05.01
2013.04.31
2013.04.30
2013.04.28
2013.04.27
2013.04.22
2013.04.21
2013.04.11
2013.04.03
2013.03.29
2013.03.24.2
2013.03.24
2013.02.25
2013.02.22
2013.02.19
2013.02.18
2013.02.02
2013.02.01
2013.01.17.1
2013.01.17
2013.01.13
2012.02.22
Using 2015.05.20
Use --version to specify a different version.
Using url https://pypi.python.org/packages/source/y/youtube_dl/youtube_dl-2015.05.20.tar.gz (664 KB) for youtube_dl.
Downloading youtube_dl (use --no-download to skip this step)
Using cached download
Unpacking youtube_dl...
done
working in /tmp/tmp9TOqigconda_skeleton_youtube_dl-2015.05.20.tar.gz
Fetching package metadata: ......
Solving package specifications: .patching file core.py
Hunk #1 succeeded at 168 with fuzz 2 (offset 2 lines).

Applying patch: '/tmp/tmp9TOqigconda_skeleton_youtube_dl-2015.05.20.tar.gz/pypi-distutils.patch'
Writing recipe for youtube_dl
Done
