Package search: {'_pypi_ordering': False, 'version': '1.7.1', 'name': 'zc.buildout', 'summary': 'System for managing development buildouts'}
Fetching package metadata: ....
Removing old build directory
Removing old work directory
BUILD START: zc.buildout-2.3.1-py27_0
Fetching package metadata: ......
Solving package specifications: .+ pip install zc.buildout
You are using pip version 7.0.1, however version 7.0.3 is available.
You should consider upgrading via the 'pip install --upgrade pip' command.
Collecting zc.buildout
  Downloading http://localhost/packages/source/z/zc.buildout/zc.buildout-2.3.1.tar.gz (292kB)
Requirement already satisfied (use --upgrade to upgrade): setuptools>=8.0 in /home/ubuntu/miniconda/envs/_build/lib/python2.7/site-packages/setuptools-17.0-py2.7.egg (from zc.buildout)
Installing collected packages: zc.buildout
  Running setup.py install for zc.buildout
Successfully installed zc.buildout-2.3.1

The following NEW packages will be INSTALLED:

    openssl:    1.0.1k-1    
    pip:        7.0.1-py27_0
    python:     2.7.10-0    
    readline:   6.2-2       
    setuptools: 17.0-py27_0 
    sqlite:     3.8.4.1-1   
    system:     5.8-2       
    tk:         8.5.18-0    
    zlib:       1.2.8-0     

Linking packages ...
[                    ]|                                                  |   0%[openssl             ]|                                                  |   0%[readline            ]|#####                                             |  11%[sqlite              ]|###########                                       |  22%[system              ]|################                                  |  33%[tk                  ]|######################                            |  44%[zlib                ]|###########################                       |  55%[python              ]|#################################                 |  66%[setuptools          ]|######################################            |  77%[pip                 ]|############################################      |  88%[      COMPLETE      ]|##################################################| 100%
Removing old work directory
Copying /home/ubuntu/pypi-conda-builds/zc.buildout to /home/ubuntu/miniconda/conda-bld/work
Package: zc.buildout-2.3.1-py27_0
source tree in: /home/ubuntu/miniconda/conda-bld/work
number of files: 48
Fixing permissions
Detected hard-coded path in text file bin/buildout
Fixing permissions
BUILD END: zc.buildout-2.3.1-py27_0
# If you want to upload this package to binstar.org later, type:
#
# $ binstar upload /home/ubuntu/miniconda/conda-bld/linux-64/zc.buildout-2.3.1-py27_0.tar.bz2
#
# To have conda build upload to binstar automatically, use
# $ conda config --set binstar_upload yes

Creating standard recipe for zc.buildout-2.3.1
Converting recipe in /home/ubuntu/pypi-conda-builds/zc.buildout
package = zc.buildout
   dependencies = [u'setuptools >=8.0']
Building conda package for zc.buildout
