Warning, the following versions were found for zc.recipe.egg
2.0.1
2.0.0
2.0.0a3
2.0.0a2
2.0.0a1
1.3.2
1.3.1
1.3.0
1.2.3b2
1.2.3b1
1.2.2
1.2.1
1.2.0
1.1.0
1.1.0b1
1.0.0
1.0.0b6
1.0.0b5
1.0.0b4
1.0.0b3
1.0.0b2
1.0.0b1
1.0.0a3
1.0.0a2
1.0.0a1
Using 2.0.1
Use --version to specify a different version.
Using url https://pypi.python.org/packages/source/z/zc.recipe.egg/zc.recipe.egg-2.0.1.tar.gz (33 KB) for zc.recipe.egg.
Downloading zc.recipe.egg (use --no-download to skip this step)
Using cached download
Unpacking zc.recipe.egg...
done
working in /tmp/tmpsxlwDWconda_skeleton_zc.recipe.egg-2.0.1.tar.gz
Fetching package metadata: ......
Solving package specifications: .patching file core.py
Hunk #1 succeeded at 168 with fuzz 2 (offset 2 lines).
Traceback (most recent call last):
  File "setup.py", line 20, in <module>
    from setuptools import setup, find_packages
ImportError: No module named setuptools

The following NEW packages will be INSTALLED:

    numpy:  1.9.2-py27_0
    pyyaml: 3.11-py27_0 

Linking packages ...
[                    ]|                                                  |   0%[numpy               ]|                                                  |   0%[pyyaml              ]|#########################                         |  50%[      COMPLETE      ]|##################################################| 100%
Applying patch: '/tmp/tmpsxlwDWconda_skeleton_zc.recipe.egg-2.0.1.tar.gz/pypi-distutils.patch'
$PYTHONPATH = /tmp/tmpsxlwDWconda_skeleton_zc.recipe.egg-2.0.1.tar.gz/zc.recipe.egg-2.0.1
Error: command failed: /home/ubuntu/miniconda/envs/_build/bin/python setup.py install
