Warning, the following versions were found for zk_shell
1.0.08
1.0.7
1.0.06
1.0.05
1.0.04
1.0.03
1.0.02
1.0.01
1.0.0
0.99.05
0.99.04
0.99.03
0.99.02
0.99.01
0.99.0
0.98.1
0.98.0
0.97.7
0.97.5
0.97.4
0.97.3
0.97.2
0.97.1
0.97.0
0.95.4
0.95.3
0.95.2
0.95.1
0.95.0
0.94.6
0.94.5
0.94.4
0.94.3
0.94.2
0.94.1
0.94.0
0.93.3
0.93.2
0.93.1
0.93.0
0.92.8
0.92.7
0.92.6
0.92.5
0.92.4
0.92.3
0.92.2
0.92.1
0.92
0.9.11
0.9.10
0.9.9
0.9.8
0.9.7
0.9.6
0.9.5
0.9.4
0.9.3
0.9.2
0.9.1
0.9
0.8
0.7
0.6
0.5
0.4
0.3
0.2
0.1
Using 1.0.08
Use --version to specify a different version.
Using url https://pypi.python.org/packages/source/z/zk_shell/zk_shell-1.0.08.tar.gz (52 KB) for zk_shell.
Downloading zk_shell (use --no-download to skip this step)
Unpacking zk_shell...
done
working in /tmp/tmpnHGaJ1conda_skeleton_zk_shell-1.0.08.tar.gz
Fetching package metadata: ......
Solving package specifications: .patching file core.py
Hunk #1 succeeded at 168 with fuzz 2 (offset 2 lines).
Traceback (most recent call last):
  File "setup.py", line 2, in <module>
    from setuptools import find_packages, setup
ImportError: No module named setuptools

Applying patch: '/tmp/tmpnHGaJ1conda_skeleton_zk_shell-1.0.08.tar.gz/pypi-distutils.patch'
$PYTHONPATH = /tmp/tmpnHGaJ1conda_skeleton_zk_shell-1.0.08.tar.gz/zk_shell-1.0.08
Error: command failed: /home/ubuntu/miniconda/envs/_build/bin/python setup.py install
