Warning, the following versions were found for zope.security
4.0.3
4.0.2
4.0.1
4.0.0
4.0.0b1
4.0.0a5
4.0.0a4
4.0.0a3
4.0.0a2
4.0.0a1
3.9.0
3.8.5
3.8.4
3.8.3
3.8.2
3.8.1
3.8.0
3.7.4
3.7.3
3.7.2
3.7.1
3.7.0
3.6.3
3.6.2
3.6.1
3.6.0
3.5.2
3.5.1
3.5.0
3.4.3
3.4.2
3.4.1
3.4.0
3.4.0b5
Using 4.0.3
Use --version to specify a different version.
Using url https://pypi.python.org/packages/source/z/zope.security/zope.security-4.0.3.tar.gz (849 KB) for zope.security.
Downloading zope.security (use --no-download to skip this step)
Unpacking zope.security...
done
working in /tmp/tmpglYNe2conda_skeleton_zope.security-4.0.3.tar.gz
Fetching package metadata: ......
Solving package specifications: .patching file core.py
Hunk #1 succeeded at 168 with fuzz 2 (offset 2 lines).
Traceback (most recent call last):
  File "setup.py", line 24, in <module>
    from setuptools import Extension
ImportError: No module named setuptools

Applying patch: '/tmp/tmpglYNe2conda_skeleton_zope.security-4.0.3.tar.gz/pypi-distutils.patch'
$PYTHONPATH = /tmp/tmpglYNe2conda_skeleton_zope.security-4.0.3.tar.gz/zope.security-4.0.3
Error: command failed: /home/ubuntu/miniconda/envs/_build/bin/python setup.py install
