Warning, the following versions were found for zope.event
4.0.3
4.0.2
4.0.1
4.0.0
3.5.2
3.5.1
3.5.0-1
3.5.0
3.4.1
3.4.0
3.3.0
1.0
Using 4.0.3
Use --version to specify a different version.
Using url https://pypi.python.org/packages/source/z/zope.event/zope.event-4.0.3.tar.gz (382 KB) for zope.event.
Downloading zope.event (use --no-download to skip this step)
Using cached download
Unpacking zope.event...
done
working in /tmp/tmpUal95yconda_skeleton_zope.event-4.0.3.tar.gz
Fetching package metadata: ......
Solving package specifications: .patching file core.py
Hunk #1 succeeded at 168 with fuzz 2 (offset 2 lines).
Traceback (most recent call last):
  File "setup.py", line 23, in <module>
    from setuptools import setup, find_packages
ImportError: No module named setuptools

Applying patch: '/tmp/tmpUal95yconda_skeleton_zope.event-4.0.3.tar.gz/pypi-distutils.patch'
$PYTHONPATH = /tmp/tmpUal95yconda_skeleton_zope.event-4.0.3.tar.gz/zope.event-4.0.3
Error: command failed: /home/ubuntu/miniconda/envs/_build/bin/python setup.py install
